<?xml version="1.0" encoding="UTF-8"?>
<testsuites name="Admin - Logout" time="77.066" tests="1" failures="0" errors="0">
   <testsuite name="Admin - Logout" tests="1" failures="0" errors="0" time="77.066" timestamp="2020-06-17 13:58:21" hostname="rizkajuliant20 - DESKTOP-NHES7H6" id="Test Suites/Rizka/Admin/Admin - Custom/Admin - Logout">
      <properties>
         <property name="deviceName" value=""/>
         <property name="devicePlatform" value=""/>
         <property name="logFolder" value="D:\\MY WORLD\\WORKS (TUGAS)\\LearningManagementWeb\\Reports\\20200617_135807\\Rizka\\Admin\\Admin - Custom\\Admin - Logout\\20200617_135807"/>
         <property name="logFiles" value="D:\\MY WORLD\\WORKS (TUGAS)\\LearningManagementWeb\\Reports\\20200617_135807\\Rizka\\Admin\\Admin - Custom\\Admin - Logout\\20200617_135807\\execution0.log"/>
         <property name="attachments" value=""/>
         <property name="hostName" value="rizkajuliant20 - DESKTOP-NHES7H6"/>
         <property name="os" value="Windows 10 64bit"/>
         <property name="katalonVersion" value="7.2.1.1"/>
         <property name="browser" value="Chrome 83.0.4103.97"/>
         <property name="hostAddress" value="192.168.1.64"/>
         <property name="sessionId" value="a4d85c4e56a880ac9aa4e7d7ceb761d3"/>
         <property name="seleniumVersion" value="3.141.59"/>
         <property name="proxyInformation" value="ProxyInformation{proxyOption=NO_PROXY, proxyServerType=HTTP, password=, proxyServerAddress=, proxyServerPort=0, executionList=}"/>
         <property name="platform" value="Windows 10"/>
      </properties>
      <testcase name="Test Cases/Rizka/Admin/Custom/Admin - Logout" time="74.643" classname="Test Cases/Rizka/Admin/Custom/Admin - Logout" status="PASSED">
         <system-out><![CDATA[2020-06-17 13:58:22 - [TEST_CASE][PASSED] - Test Cases/Rizka/Admin/Custom/Admin - Logout: Test Cases/Rizka/Admin/Custom/Admin - Logout

2020-06-17 13:58:23 - [TEST_STEP][PASSED] - openBrowser("https://appsrv1.deltadatamandiri.com/ACC_LMS_WEB/#/admNLmn"): Browser is opened with url: 'https://appsrv1.deltadatamandiri.com/ACC_LMS_WEB/#/admNLmn'

2020-06-17 13:58:25 - [MESSAGE][INFO] - Starting 'Chrome' driver

2020-06-17 13:58:25 - [MESSAGE][INFO] - Action delay is set to 0 seconds

2020-06-17 13:58:55 - [MESSAGE][PASSED] - Browser is opened with url: 'https://appsrv1.deltadatamandiri.com/ACC_LMS_WEB/#/admNLmn'

2020-06-17 13:58:55 - [TEST_STEP][PASSED] - delay(5): Delayed 5 second(s)

2020-06-17 13:59:00 - [MESSAGE][PASSED] - Delayed 5 second(s)

2020-06-17 13:59:00 - [TEST_STEP][PASSED] - click(findTestObject("Rizka/Admin/Admin - Login/btnLogin")): Object: 'Object Repository/Rizka/Admin/Admin - Login/btnLogin' is clicked on

2020-06-17 13:59:01 - [MESSAGE][PASSED] - Object: 'Object Repository/Rizka/Admin/Admin - Login/btnLogin' is clicked on

2020-06-17 13:59:01 - [TEST_STEP][PASSED] - setText(findTestObject("Rizka/Admin/Admin - Login/txtUsername"), "11666"): Text '11666' is set on object 'Object Repository/Rizka/Admin/Admin - Login/txtUsername'

2020-06-17 13:59:03 - [MESSAGE][PASSED] - Text '11666' is set on object 'Object Repository/Rizka/Admin/Admin - Login/txtUsername'

2020-06-17 13:59:03 - [TEST_STEP][PASSED] - setText(findTestObject("Rizka/Admin/Admin - Login/txtPassword"), "Password3"): Text 'Password3' is set on object 'Object Repository/Rizka/Admin/Admin - Login/txtPassword'

2020-06-17 13:59:04 - [MESSAGE][PASSED] - Text 'Password3' is set on object 'Object Repository/Rizka/Admin/Admin - Login/txtPassword'

2020-06-17 13:59:04 - [TEST_STEP][PASSED] - click(findTestObject("Rizka/Admin/Admin - Login/btnEyePass")): Object: 'Object Repository/Rizka/Admin/Admin - Login/btnEyePass' is clicked on

2020-06-17 13:59:04 - [MESSAGE][PASSED] - Object: 'Object Repository/Rizka/Admin/Admin - Login/btnEyePass' is clicked on

2020-06-17 13:59:04 - [TEST_STEP][PASSED] - click(findTestObject("Rizka/Admin/Admin - Login/checkboxRememberMe")): Object: 'Object Repository/Rizka/Admin/Admin - Login/checkboxRememberMe' is clicked on

2020-06-17 13:59:05 - [MESSAGE][PASSED] - Object: 'Object Repository/Rizka/Admin/Admin - Login/checkboxRememberMe' is clicked on

2020-06-17 13:59:05 - [TEST_STEP][PASSED] - click(findTestObject("Rizka/Admin/Admin - Login/btnLogin2")): Object: 'Object Repository/Rizka/Admin/Admin - Login/btnLogin2' is clicked on

2020-06-17 13:59:06 - [MESSAGE][PASSED] - Object: 'Object Repository/Rizka/Admin/Admin - Login/btnLogin2' is clicked on

2020-06-17 13:59:06 - [TEST_STEP][PASSED] - delay(10): Delayed 10 second(s)

2020-06-17 13:59:16 - [MESSAGE][PASSED] - Delayed 10 second(s)

2020-06-17 13:59:16 - [TEST_STEP][PASSED] - click(findTestObject("Rizka/Admin/Admin - Logout/userImage")): Object: 'Object Repository/Rizka/Admin/Admin - Logout/userImage' is clicked on

2020-06-17 13:59:16 - [MESSAGE][PASSED] - Object: 'Object Repository/Rizka/Admin/Admin - Logout/userImage' is clicked on

2020-06-17 13:59:16 - [TEST_STEP][PASSED] - click(findTestObject("Rizka/Admin/Admin - Logout/btnLogout")): Object: 'Object Repository/Rizka/Admin/Admin - Logout/btnLogout' is clicked on

2020-06-17 13:59:17 - [MESSAGE][PASSED] - Object: 'Object Repository/Rizka/Admin/Admin - Logout/btnLogout' is clicked on

2020-06-17 13:59:17 - [TEST_STEP][PASSED] - delay(5): Delayed 5 second(s)

2020-06-17 13:59:22 - [MESSAGE][PASSED] - Delayed 5 second(s)

2020-06-17 13:59:22 - [TEST_STEP][PASSED] - if (condition == "passed"): Object 'Object Repository/Rizka/Admin/Admin - Logout/btnLogin' is visible

2020-06-17 13:59:22 - [TEST_STEP][PASSED] - verifyElementVisible(findTestObject("Rizka/Admin/Admin - Logout/btnLogin")): Object 'Object Repository/Rizka/Admin/Admin - Logout/btnLogin' is visible

2020-06-17 13:59:37 - [MESSAGE][PASSED] - Object 'Object Repository/Rizka/Admin/Admin - Logout/btnLogin' is visible]]></system-out>
         <system-err><![CDATA[]]></system-err>
      </testcase>
      <system-out><![CDATA[2020-06-17 13:58:21 - [TEST_SUITE][PASSED] - Admin - Logout: Test Cases/Rizka/Admin/Custom/Admin - Logout]]></system-out>
      <system-err><![CDATA[]]></system-err>
   </testsuite>
</testsuites>
