<?xml version="1.0" encoding="UTF-8"?>
<testsuites name="User-Login" time="422.156" tests="6" failures="0" errors="0">
   <testsuite name="User-Login" tests="6" failures="0" errors="0" time="422.156" timestamp="2020-05-13 15:28:10" hostname="Denna Leksanti - 192.168.152.1" id="Test Suites/Denna/User-Login">
      <properties>
         <property name="deviceName" value=""/>
         <property name="devicePlatform" value=""/>
         <property name="logFolder" value="C:\\Users\\Hari Sapto\\git\\LearningManagementWeb\\Reports\\20200513_152724\\Denna\\User-Login\\20200513_152724"/>
         <property name="logFiles" value="C:\\Users\\Hari Sapto\\git\\LearningManagementWeb\\Reports\\20200513_152724\\Denna\\User-Login\\20200513_152724\\execution0.log"/>
         <property name="attachments" value=""/>
         <property name="hostName" value="Denna Leksanti - 192.168.152.1"/>
         <property name="os" value="Windows 10 64bit"/>
         <property name="katalonVersion" value="7.0.8.1"/>
         <property name="browser" value="Firefox 61.0"/>
         <property name="hostAddress" value="192.168.152.1"/>
         <property name="sessionId" value="e989a914-343c-4a0b-9e20-7d870905d731"/>
         <property name="seleniumVersion" value="3.141.59"/>
         <property name="proxyInformation" value="ProxyInformation{proxyOption=NO_PROXY, proxyServerType=HTTP, password=, proxyServerAddress=, proxyServerPort=0}"/>
         <property name="platform" value="Windows 10"/>
      </properties>
      <testcase name="Test Cases/Denna/User - Login" time="72.314" classname="Test Cases/Denna/User - Login" status="PASSED">
         <system-out><![CDATA[2020-05-13 15:28:12 - [TEST_CASE][PASSED] - Test Cases/Denna/User - Login: Test Cases/Denna/User - Login

2020-05-13 15:28:13 - [TEST_STEP][PASSED] - openBrowser(""): Browser is opened with url: ''

2020-05-13 15:28:15 - [MESSAGE][INFO] - Starting 'Firefox' driver

2020-05-13 15:28:17 - [MESSAGE][INFO] - Action delay is set to 0 seconds

2020-05-13 15:29:01 - [MESSAGE][PASSED] - Browser is opened with url: ''

2020-05-13 15:29:01 - [TEST_STEP][PASSED] - navigateToUrl("https://appsrv1.deltadatamandiri.com/ACC_LMS_WEB/#/Main"): Navigate to 'https://appsrv1.deltadatamandiri.com/ACC_LMS_WEB/#/Main' successfully

2020-05-13 15:29:15 - [MESSAGE][PASSED] - Navigate to 'https://appsrv1.deltadatamandiri.com/ACC_LMS_WEB/#/Main' successfully

2020-05-13 15:29:15 - [TEST_STEP][PASSED] - maximizeWindow(): Current window maximized

2020-05-13 15:29:15 - [MESSAGE][PASSED] - Current window maximized

2020-05-13 15:29:15 - [TEST_STEP][PASSED] - click(findTestObject("Denna/User-Login/button login")): Object: 'Object Repository/Denna/User-Login/button login' is clicked on

2020-05-13 15:29:19 - [MESSAGE][PASSED] - Object: 'Object Repository/Denna/User-Login/button login' is clicked on

2020-05-13 15:29:19 - [TEST_STEP][PASSED] - setText(findTestObject("Denna/User-Login/input NPK username"), NPK_Username): Text '' is set on object 'Object Repository/Denna/User-Login/input NPK username'

2020-05-13 15:29:20 - [MESSAGE][PASSED] - Text '' is set on object 'Object Repository/Denna/User-Login/input NPK username'

2020-05-13 15:29:20 - [TEST_STEP][PASSED] - setText(findTestObject("Denna/User-Login/inputPassword"), Password): Text '' is set on object 'Object Repository/Denna/User-Login/inputPassword'

2020-05-13 15:29:20 - [MESSAGE][PASSED] - Text '' is set on object 'Object Repository/Denna/User-Login/inputPassword'

2020-05-13 15:29:20 - [TEST_STEP][PASSED] - click(findTestObject("Denna/User-Login/button login 1 masuk")): Object: 'Object Repository/Denna/User-Login/button login 1 masuk' is clicked on

2020-05-13 15:29:21 - [MESSAGE][PASSED] - Object: 'Object Repository/Denna/User-Login/button login 1 masuk' is clicked on

2020-05-13 15:29:21 - [TEST_STEP][PASSED] - switch (Kondisi): null

2020-05-13 15:29:21 - [TEST_STEP][PASSED] - case "fail":: null

2020-05-13 15:29:21 - [TEST_STEP][PASSED] - if (Keterangan == "npkPasswordEmpty"): Object 'Object Repository/Denna/User-Login/button login 1 masuk' is visible

2020-05-13 15:29:21 - [TEST_STEP][PASSED] - verifyElementVisible(findTestObject("Denna/User-Login/button login 1 masuk")): Object 'Object Repository/Denna/User-Login/button login 1 masuk' is visible

2020-05-13 15:29:21 - [MESSAGE][PASSED] - Object 'Object Repository/Denna/User-Login/button login 1 masuk' is visible

2020-05-13 15:29:21 - [TEST_STEP][PASSED] - break: null

2020-05-13 15:29:21 - [TEST_STEP][PASSED] - closeBrowser(): Browser is closed

2020-05-13 15:29:24 - [MESSAGE][PASSED] - Browser is closed]]></system-out>
         <system-err><![CDATA[]]></system-err>
      </testcase>
      <testcase name="Test Cases/Denna/User - Login" time="77.579" classname="Test Cases/Denna/User - Login" status="PASSED">
         <system-out><![CDATA[2020-05-13 15:29:25 - [TEST_CASE][PASSED] - Test Cases/Denna/User - Login: Test Cases/Denna/User - Login

2020-05-13 15:29:25 - [TEST_STEP][PASSED] - openBrowser(""): Browser is opened with url: ''

2020-05-13 15:29:25 - [MESSAGE][INFO] - Starting 'Firefox' driver

2020-05-13 15:29:43 - [MESSAGE][PASSED] - Browser is opened with url: ''

2020-05-13 15:29:43 - [TEST_STEP][PASSED] - navigateToUrl("https://appsrv1.deltadatamandiri.com/ACC_LMS_WEB/#/Main"): Navigate to 'https://appsrv1.deltadatamandiri.com/ACC_LMS_WEB/#/Main' successfully

2020-05-13 15:30:01 - [MESSAGE][PASSED] - Navigate to 'https://appsrv1.deltadatamandiri.com/ACC_LMS_WEB/#/Main' successfully

2020-05-13 15:30:01 - [TEST_STEP][PASSED] - maximizeWindow(): Current window maximized

2020-05-13 15:30:01 - [MESSAGE][PASSED] - Current window maximized

2020-05-13 15:30:01 - [TEST_STEP][PASSED] - click(findTestObject("Denna/User-Login/button login")): Object: 'Object Repository/Denna/User-Login/button login' is clicked on

2020-05-13 15:30:38 - [MESSAGE][PASSED] - Object: 'Object Repository/Denna/User-Login/button login' is clicked on

2020-05-13 15:30:38 - [TEST_STEP][PASSED] - setText(findTestObject("Denna/User-Login/input NPK username"), NPK_Username): Text '' is set on object 'Object Repository/Denna/User-Login/input NPK username'

2020-05-13 15:30:39 - [MESSAGE][PASSED] - Text '' is set on object 'Object Repository/Denna/User-Login/input NPK username'

2020-05-13 15:30:39 - [TEST_STEP][PASSED] - setText(findTestObject("Denna/User-Login/inputPassword"), Password): Text 'Password2' is set on object 'Object Repository/Denna/User-Login/inputPassword'

2020-05-13 15:30:39 - [MESSAGE][PASSED] - Text 'Password2' is set on object 'Object Repository/Denna/User-Login/inputPassword'

2020-05-13 15:30:39 - [TEST_STEP][PASSED] - click(findTestObject("Denna/User-Login/button login 1 masuk")): Object: 'Object Repository/Denna/User-Login/button login 1 masuk' is clicked on

2020-05-13 15:30:40 - [MESSAGE][PASSED] - Object: 'Object Repository/Denna/User-Login/button login 1 masuk' is clicked on

2020-05-13 15:30:40 - [TEST_STEP][PASSED] - switch (Kondisi): null

2020-05-13 15:30:40 - [TEST_STEP][PASSED] - case "fail":: null

2020-05-13 15:30:40 - [TEST_STEP][PASSED] - if (Keterangan == "npkPasswordEmpty"): null

2020-05-13 15:30:40 - [TEST_STEP][PASSED] - else if (Keterangan == "npkEmpty"): Object 'Object Repository/Denna/User-Login/button login 1 masuk' is visible

2020-05-13 15:30:40 - [TEST_STEP][PASSED] - verifyElementVisible(findTestObject("Denna/User-Login/button login 1 masuk")): Object 'Object Repository/Denna/User-Login/button login 1 masuk' is visible

2020-05-13 15:30:40 - [MESSAGE][PASSED] - Object 'Object Repository/Denna/User-Login/button login 1 masuk' is visible

2020-05-13 15:30:40 - [TEST_STEP][PASSED] - break: null

2020-05-13 15:30:40 - [TEST_STEP][PASSED] - closeBrowser(): Browser is closed

2020-05-13 15:30:42 - [MESSAGE][PASSED] - Browser is closed]]></system-out>
         <system-err><![CDATA[]]></system-err>
      </testcase>
      <testcase name="Test Cases/Denna/User - Login" time="83.384" classname="Test Cases/Denna/User - Login" status="PASSED">
         <system-out><![CDATA[2020-05-13 15:30:42 - [TEST_CASE][PASSED] - Test Cases/Denna/User - Login: Test Cases/Denna/User - Login

2020-05-13 15:30:42 - [TEST_STEP][PASSED] - openBrowser(""): Browser is opened with url: ''

2020-05-13 15:30:42 - [MESSAGE][INFO] - Starting 'Firefox' driver

2020-05-13 15:30:52 - [MESSAGE][PASSED] - Browser is opened with url: ''

2020-05-13 15:30:52 - [TEST_STEP][PASSED] - navigateToUrl("https://appsrv1.deltadatamandiri.com/ACC_LMS_WEB/#/Main"): Navigate to 'https://appsrv1.deltadatamandiri.com/ACC_LMS_WEB/#/Main' successfully

2020-05-13 15:31:16 - [MESSAGE][PASSED] - Navigate to 'https://appsrv1.deltadatamandiri.com/ACC_LMS_WEB/#/Main' successfully

2020-05-13 15:31:16 - [TEST_STEP][PASSED] - maximizeWindow(): Current window maximized

2020-05-13 15:31:16 - [MESSAGE][PASSED] - Current window maximized

2020-05-13 15:31:16 - [TEST_STEP][PASSED] - click(findTestObject("Denna/User-Login/button login")): Object: 'Object Repository/Denna/User-Login/button login' is clicked on

2020-05-13 15:32:02 - [MESSAGE][PASSED] - Object: 'Object Repository/Denna/User-Login/button login' is clicked on

2020-05-13 15:32:02 - [TEST_STEP][PASSED] - setText(findTestObject("Denna/User-Login/input NPK username"), NPK_Username): Text '14426' is set on object 'Object Repository/Denna/User-Login/input NPK username'

2020-05-13 15:32:02 - [MESSAGE][PASSED] - Text '14426' is set on object 'Object Repository/Denna/User-Login/input NPK username'

2020-05-13 15:32:02 - [TEST_STEP][PASSED] - setText(findTestObject("Denna/User-Login/inputPassword"), Password): Text '' is set on object 'Object Repository/Denna/User-Login/inputPassword'

2020-05-13 15:32:03 - [MESSAGE][PASSED] - Text '' is set on object 'Object Repository/Denna/User-Login/inputPassword'

2020-05-13 15:32:03 - [TEST_STEP][PASSED] - click(findTestObject("Denna/User-Login/button login 1 masuk")): Object: 'Object Repository/Denna/User-Login/button login 1 masuk' is clicked on

2020-05-13 15:32:03 - [MESSAGE][PASSED] - Object: 'Object Repository/Denna/User-Login/button login 1 masuk' is clicked on

2020-05-13 15:32:03 - [TEST_STEP][PASSED] - switch (Kondisi): null

2020-05-13 15:32:03 - [TEST_STEP][PASSED] - case "fail":: null

2020-05-13 15:32:03 - [TEST_STEP][PASSED] - if (Keterangan == "npkPasswordEmpty"): null

2020-05-13 15:32:03 - [TEST_STEP][PASSED] - else if (Keterangan == "npkEmpty"): null

2020-05-13 15:32:03 - [TEST_STEP][PASSED] - else if (Keterangan == "PasswordEmpty"): Object 'Object Repository/Denna/User-Login/button login 1 masuk' is visible

2020-05-13 15:32:03 - [TEST_STEP][PASSED] - verifyElementVisible(findTestObject("Denna/User-Login/button login 1 masuk")): Object 'Object Repository/Denna/User-Login/button login 1 masuk' is visible

2020-05-13 15:32:04 - [MESSAGE][PASSED] - Object 'Object Repository/Denna/User-Login/button login 1 masuk' is visible

2020-05-13 15:32:04 - [TEST_STEP][PASSED] - break: null

2020-05-13 15:32:04 - [TEST_STEP][PASSED] - closeBrowser(): Browser is closed

2020-05-13 15:32:06 - [MESSAGE][PASSED] - Browser is closed]]></system-out>
         <system-err><![CDATA[]]></system-err>
      </testcase>
      <testcase name="Test Cases/Denna/User - Login" time="67.827" classname="Test Cases/Denna/User - Login" status="PASSED">
         <system-out><![CDATA[2020-05-13 15:32:06 - [TEST_CASE][PASSED] - Test Cases/Denna/User - Login: Test Cases/Denna/User - Login

2020-05-13 15:32:06 - [TEST_STEP][PASSED] - openBrowser(""): Browser is opened with url: ''

2020-05-13 15:32:06 - [MESSAGE][INFO] - Starting 'Firefox' driver

2020-05-13 15:32:12 - [MESSAGE][PASSED] - Browser is opened with url: ''

2020-05-13 15:32:12 - [TEST_STEP][PASSED] - navigateToUrl("https://appsrv1.deltadatamandiri.com/ACC_LMS_WEB/#/Main"): Navigate to 'https://appsrv1.deltadatamandiri.com/ACC_LMS_WEB/#/Main' successfully

2020-05-13 15:32:30 - [MESSAGE][PASSED] - Navigate to 'https://appsrv1.deltadatamandiri.com/ACC_LMS_WEB/#/Main' successfully

2020-05-13 15:32:30 - [TEST_STEP][PASSED] - maximizeWindow(): Current window maximized

2020-05-13 15:32:30 - [MESSAGE][PASSED] - Current window maximized

2020-05-13 15:32:30 - [TEST_STEP][PASSED] - click(findTestObject("Denna/User-Login/button login")): Object: 'Object Repository/Denna/User-Login/button login' is clicked on

2020-05-13 15:33:08 - [MESSAGE][PASSED] - Object: 'Object Repository/Denna/User-Login/button login' is clicked on

2020-05-13 15:33:08 - [TEST_STEP][PASSED] - setText(findTestObject("Denna/User-Login/input NPK username"), NPK_Username): Text '55555' is set on object 'Object Repository/Denna/User-Login/input NPK username'

2020-05-13 15:33:08 - [MESSAGE][PASSED] - Text '55555' is set on object 'Object Repository/Denna/User-Login/input NPK username'

2020-05-13 15:33:08 - [TEST_STEP][PASSED] - setText(findTestObject("Denna/User-Login/inputPassword"), Password): Text 'Password2' is set on object 'Object Repository/Denna/User-Login/inputPassword'

2020-05-13 15:33:09 - [MESSAGE][PASSED] - Text 'Password2' is set on object 'Object Repository/Denna/User-Login/inputPassword'

2020-05-13 15:33:09 - [TEST_STEP][PASSED] - click(findTestObject("Denna/User-Login/button login 1 masuk")): Object: 'Object Repository/Denna/User-Login/button login 1 masuk' is clicked on

2020-05-13 15:33:10 - [MESSAGE][PASSED] - Object: 'Object Repository/Denna/User-Login/button login 1 masuk' is clicked on

2020-05-13 15:33:10 - [TEST_STEP][PASSED] - switch (Kondisi): null

2020-05-13 15:33:10 - [TEST_STEP][PASSED] - case "fail":: null

2020-05-13 15:33:10 - [TEST_STEP][PASSED] - if (Keterangan == "npkPasswordEmpty"): null

2020-05-13 15:33:10 - [TEST_STEP][PASSED] - else if (Keterangan == "npkEmpty"): null

2020-05-13 15:33:10 - [TEST_STEP][PASSED] - else if (Keterangan == "PasswordEmpty"): null

2020-05-13 15:33:10 - [TEST_STEP][PASSED] - else if (Keterangan == "wrongPassword"): null

2020-05-13 15:33:10 - [TEST_STEP][PASSED] - else if (Keterangan == "wrongNpk"): Object 'Object Repository/Denna/User-Login/label Email address does not existPassword is wrong' is visible

2020-05-13 15:33:10 - [TEST_STEP][PASSED] - verifyElementVisible(findTestObject("Denna/User-Login/label Email address does not existPassword is wrong")): Object 'Object Repository/Denna/User-Login/label Email address does not existPassword is wrong' is visible

2020-05-13 15:33:12 - [MESSAGE][PASSED] - Object 'Object Repository/Denna/User-Login/label Email address does not existPassword is wrong' is visible

2020-05-13 15:33:12 - [TEST_STEP][PASSED] - break: null

2020-05-13 15:33:12 - [TEST_STEP][PASSED] - closeBrowser(): Browser is closed

2020-05-13 15:33:13 - [MESSAGE][PASSED] - Browser is closed]]></system-out>
         <system-err><![CDATA[]]></system-err>
      </testcase>
      <testcase name="Test Cases/Denna/User - Login" time="63.777" classname="Test Cases/Denna/User - Login" status="PASSED">
         <system-out><![CDATA[2020-05-13 15:33:13 - [TEST_CASE][PASSED] - Test Cases/Denna/User - Login: Test Cases/Denna/User - Login

2020-05-13 15:33:13 - [TEST_STEP][PASSED] - openBrowser(""): Browser is opened with url: ''

2020-05-13 15:33:13 - [MESSAGE][INFO] - Starting 'Firefox' driver

2020-05-13 15:33:24 - [MESSAGE][PASSED] - Browser is opened with url: ''

2020-05-13 15:33:24 - [TEST_STEP][PASSED] - navigateToUrl("https://appsrv1.deltadatamandiri.com/ACC_LMS_WEB/#/Main"): Navigate to 'https://appsrv1.deltadatamandiri.com/ACC_LMS_WEB/#/Main' successfully

2020-05-13 15:33:39 - [MESSAGE][PASSED] - Navigate to 'https://appsrv1.deltadatamandiri.com/ACC_LMS_WEB/#/Main' successfully

2020-05-13 15:33:39 - [TEST_STEP][PASSED] - maximizeWindow(): Current window maximized

2020-05-13 15:33:39 - [MESSAGE][PASSED] - Current window maximized

2020-05-13 15:33:39 - [TEST_STEP][PASSED] - click(findTestObject("Denna/User-Login/button login")): Object: 'Object Repository/Denna/User-Login/button login' is clicked on

2020-05-13 15:34:09 - [MESSAGE][PASSED] - Object: 'Object Repository/Denna/User-Login/button login' is clicked on

2020-05-13 15:34:09 - [TEST_STEP][PASSED] - setText(findTestObject("Denna/User-Login/input NPK username"), NPK_Username): Text '14426' is set on object 'Object Repository/Denna/User-Login/input NPK username'

2020-05-13 15:34:09 - [MESSAGE][PASSED] - Text '14426' is set on object 'Object Repository/Denna/User-Login/input NPK username'

2020-05-13 15:34:09 - [TEST_STEP][PASSED] - setText(findTestObject("Denna/User-Login/inputPassword"), Password): Text 'Password' is set on object 'Object Repository/Denna/User-Login/inputPassword'

2020-05-13 15:34:10 - [MESSAGE][PASSED] - Text 'Password' is set on object 'Object Repository/Denna/User-Login/inputPassword'

2020-05-13 15:34:10 - [TEST_STEP][PASSED] - click(findTestObject("Denna/User-Login/button login 1 masuk")): Object: 'Object Repository/Denna/User-Login/button login 1 masuk' is clicked on

2020-05-13 15:34:11 - [MESSAGE][PASSED] - Object: 'Object Repository/Denna/User-Login/button login 1 masuk' is clicked on

2020-05-13 15:34:11 - [TEST_STEP][PASSED] - switch (Kondisi): null

2020-05-13 15:34:11 - [TEST_STEP][PASSED] - case "fail":: null

2020-05-13 15:34:11 - [TEST_STEP][PASSED] - if (Keterangan == "npkPasswordEmpty"): null

2020-05-13 15:34:11 - [TEST_STEP][PASSED] - else if (Keterangan == "npkEmpty"): null

2020-05-13 15:34:11 - [TEST_STEP][PASSED] - else if (Keterangan == "PasswordEmpty"): null

2020-05-13 15:34:11 - [TEST_STEP][PASSED] - else if (Keterangan == "wrongPassword"): Object 'Object Repository/Denna/User-Login/label Email address does not existPassword is wrong' is visible

2020-05-13 15:34:11 - [TEST_STEP][PASSED] - verifyElementVisible(findTestObject("Denna/User-Login/label Email address does not existPassword is wrong")): Object 'Object Repository/Denna/User-Login/label Email address does not existPassword is wrong' is visible

2020-05-13 15:34:12 - [MESSAGE][PASSED] - Object 'Object Repository/Denna/User-Login/label Email address does not existPassword is wrong' is visible

2020-05-13 15:34:12 - [TEST_STEP][PASSED] - break: null

2020-05-13 15:34:12 - [TEST_STEP][PASSED] - closeBrowser(): Browser is closed

2020-05-13 15:34:17 - [MESSAGE][PASSED] - Browser is closed]]></system-out>
         <system-err><![CDATA[]]></system-err>
      </testcase>
      <testcase name="Test Cases/Denna/User - Login" time="54.258" classname="Test Cases/Denna/User - Login" status="PASSED">
         <system-out><![CDATA[2020-05-13 15:34:17 - [TEST_CASE][PASSED] - Test Cases/Denna/User - Login: Test Cases/Denna/User - Login

2020-05-13 15:34:17 - [TEST_STEP][PASSED] - openBrowser(""): Browser is opened with url: ''

2020-05-13 15:34:17 - [MESSAGE][INFO] - Starting 'Firefox' driver

2020-05-13 15:34:26 - [MESSAGE][PASSED] - Browser is opened with url: ''

2020-05-13 15:34:26 - [TEST_STEP][PASSED] - navigateToUrl("https://appsrv1.deltadatamandiri.com/ACC_LMS_WEB/#/Main"): Navigate to 'https://appsrv1.deltadatamandiri.com/ACC_LMS_WEB/#/Main' successfully

2020-05-13 15:34:45 - [MESSAGE][PASSED] - Navigate to 'https://appsrv1.deltadatamandiri.com/ACC_LMS_WEB/#/Main' successfully

2020-05-13 15:34:45 - [TEST_STEP][PASSED] - maximizeWindow(): Current window maximized

2020-05-13 15:34:45 - [MESSAGE][PASSED] - Current window maximized

2020-05-13 15:34:45 - [TEST_STEP][PASSED] - click(findTestObject("Denna/User-Login/button login")): Object: 'Object Repository/Denna/User-Login/button login' is clicked on

2020-05-13 15:34:57 - [MESSAGE][PASSED] - Object: 'Object Repository/Denna/User-Login/button login' is clicked on

2020-05-13 15:34:57 - [TEST_STEP][PASSED] - setText(findTestObject("Denna/User-Login/input NPK username"), NPK_Username): Text '14426' is set on object 'Object Repository/Denna/User-Login/input NPK username'

2020-05-13 15:34:57 - [MESSAGE][PASSED] - Text '14426' is set on object 'Object Repository/Denna/User-Login/input NPK username'

2020-05-13 15:34:57 - [TEST_STEP][PASSED] - setText(findTestObject("Denna/User-Login/inputPassword"), Password): Text 'Password2' is set on object 'Object Repository/Denna/User-Login/inputPassword'

2020-05-13 15:34:58 - [MESSAGE][PASSED] - Text 'Password2' is set on object 'Object Repository/Denna/User-Login/inputPassword'

2020-05-13 15:34:58 - [TEST_STEP][PASSED] - click(findTestObject("Denna/User-Login/button login 1 masuk")): Object: 'Object Repository/Denna/User-Login/button login 1 masuk' is clicked on

2020-05-13 15:34:58 - [MESSAGE][PASSED] - Object: 'Object Repository/Denna/User-Login/button login 1 masuk' is clicked on

2020-05-13 15:34:58 - [TEST_STEP][PASSED] - switch (Kondisi): null

2020-05-13 15:34:58 - [TEST_STEP][PASSED] - case "pass":: null

2020-05-13 15:34:58 - [TEST_STEP][PASSED] - verifyElementVisible(findTestObject("Denna/User-Login/button_My Learning IconMy Learning")): Object 'Object Repository/Denna/User-Login/button_My Learning IconMy Learning' is visible

2020-05-13 15:35:09 - [MESSAGE][PASSED] - Object 'Object Repository/Denna/User-Login/button_My Learning IconMy Learning' is visible

2020-05-13 15:35:09 - [TEST_STEP][PASSED] - break: null

2020-05-13 15:35:09 - [TEST_STEP][PASSED] - closeBrowser(): Browser is closed

2020-05-13 15:35:12 - [MESSAGE][PASSED] - Browser is closed]]></system-out>
         <system-err><![CDATA[]]></system-err>
      </testcase>
      <system-out><![CDATA[2020-05-13 15:28:10 - [TEST_SUITE][PASSED] - User-Login: Test Cases/Denna/User - Login]]></system-out>
      <system-err><![CDATA[]]></system-err>
   </testsuite>
</testsuites>
