<?xml version="1.0" encoding="UTF-8"?>
<testsuites name="User-Forgot Password" time="114.319" tests="2" failures="0" errors="0">
   <testsuite name="User-Forgot Password" tests="2" failures="0" errors="0" time="114.319" timestamp="2020-05-14 15:55:34" hostname="Denna Leksanti - 192.168.152.1" id="Test Suites/Denna/User-Forgot Password">
      <properties>
         <property name="deviceName" value=""/>
         <property name="devicePlatform" value=""/>
         <property name="logFolder" value="C:\\Users\\Hari Sapto\\git\\LearningManagementWeb\\Reports\\20200514_155522\\Denna\\User-Forgot Password\\20200514_155522"/>
         <property name="logFiles" value="C:\\Users\\Hari Sapto\\git\\LearningManagementWeb\\Reports\\20200514_155522\\Denna\\User-Forgot Password\\20200514_155522\\execution0.log"/>
         <property name="attachments" value=""/>
         <property name="hostName" value="Denna Leksanti - 192.168.152.1"/>
         <property name="os" value="Windows 10 64bit"/>
         <property name="katalonVersion" value="7.0.8.1"/>
         <property name="browser" value="Chrome 81.0.4044.138"/>
         <property name="hostAddress" value="192.168.152.1"/>
         <property name="sessionId" value="a3fb3748b3574855b06f2f1e2f4218e8"/>
         <property name="seleniumVersion" value="3.141.59"/>
         <property name="proxyInformation" value="ProxyInformation{proxyOption=NO_PROXY, proxyServerType=HTTP, password=, proxyServerAddress=, proxyServerPort=0}"/>
         <property name="platform" value="Windows 10"/>
      </properties>
      <testcase name="Test Cases/Denna/User - Forgot Password" time="56.186" classname="Test Cases/Denna/User - Forgot Password" status="PASSED">
         <system-out><![CDATA[2020-05-14 15:55:35 - [TEST_CASE][PASSED] - Test Cases/Denna/User - Forgot Password: Test Cases/Denna/User - Forgot Password

2020-05-14 15:55:36 - [TEST_STEP][PASSED] - openBrowser(""): Browser is opened with url: ''

2020-05-14 15:55:36 - [MESSAGE][INFO] - Starting 'Chrome' driver

2020-05-14 15:55:36 - [MESSAGE][INFO] - Action delay is set to 0 seconds

2020-05-14 15:55:50 - [MESSAGE][PASSED] - Browser is opened with url: ''

2020-05-14 15:55:50 - [TEST_STEP][PASSED] - navigateToUrl("https://appsrv1.deltadatamandiri.com/ACC_LMS_WEB/#/Main"): Navigate to 'https://appsrv1.deltadatamandiri.com/ACC_LMS_WEB/#/Main' successfully

2020-05-14 15:56:11 - [MESSAGE][PASSED] - Navigate to 'https://appsrv1.deltadatamandiri.com/ACC_LMS_WEB/#/Main' successfully

2020-05-14 15:56:11 - [TEST_STEP][PASSED] - click(findTestObject("Denna/User - Forgot Password/button login")): Object: 'Object Repository/Denna/User - Forgot Password/button login' is clicked on

2020-05-14 15:56:20 - [MESSAGE][PASSED] - Object: 'Object Repository/Denna/User - Forgot Password/button login' is clicked on

2020-05-14 15:56:20 - [TEST_STEP][PASSED] - click(findTestObject("Object Repository/Denna/User - Forgot Password/button Forgot Password")): Object: 'Object Repository/Denna/User - Forgot Password/button Forgot Password' is clicked on

2020-05-14 15:56:23 - [MESSAGE][PASSED] - Object: 'Object Repository/Denna/User - Forgot Password/button Forgot Password' is clicked on

2020-05-14 15:56:23 - [TEST_STEP][PASSED] - setText(findTestObject("Denna/User - Forgot Password/input NPK npkUser"), NPK): Text '' is set on object 'Object Repository/Denna/User - Forgot Password/input NPK npkUser'

2020-05-14 15:56:23 - [MESSAGE][PASSED] - Text '' is set on object 'Object Repository/Denna/User - Forgot Password/input NPK npkUser'

2020-05-14 15:56:23 - [TEST_STEP][PASSED] - click(findTestObject("Object Repository/Denna/User - Forgot Password/button Kirim OTP")): Object: 'Object Repository/Denna/User - Forgot Password/button Kirim OTP' is clicked on

2020-05-14 15:56:24 - [MESSAGE][PASSED] - Object: 'Object Repository/Denna/User - Forgot Password/button Kirim OTP' is clicked on

2020-05-14 15:56:24 - [TEST_STEP][PASSED] - switch (Kondisi): null

2020-05-14 15:56:24 - [TEST_STEP][PASSED] - case "fail1":: null

2020-05-14 15:56:24 - [TEST_STEP][PASSED] - if (Keterangan == "emptyNPK"): Object 'Object Repository/Denna/User - Forgot Password/label Masukkan NPK anda kami akan mengirim kode OTP ke nomor anda' is visible

2020-05-14 15:56:24 - [TEST_STEP][PASSED] - verifyElementVisible(findTestObject("Denna/User - Forgot Password/label Masukkan NPK anda kami akan mengirim kode OTP ke nomor anda")): Object 'Object Repository/Denna/User - Forgot Password/label Masukkan NPK anda kami akan mengirim kode OTP ke nomor anda' is visible

2020-05-14 15:56:26 - [MESSAGE][PASSED] - Object 'Object Repository/Denna/User - Forgot Password/label Masukkan NPK anda kami akan mengirim kode OTP ke nomor anda' is visible

2020-05-14 15:56:26 - [TEST_STEP][PASSED] - break: null

2020-05-14 15:56:26 - [TEST_STEP][PASSED] - closeBrowser(): Browser is closed

2020-05-14 15:56:31 - [MESSAGE][PASSED] - Browser is closed]]></system-out>
         <system-err><![CDATA[]]></system-err>
      </testcase>
      <testcase name="Test Cases/Denna/User - Forgot Password" time="55.821" classname="Test Cases/Denna/User - Forgot Password" status="PASSED">
         <system-out><![CDATA[2020-05-14 15:56:31 - [TEST_CASE][PASSED] - Test Cases/Denna/User - Forgot Password: Test Cases/Denna/User - Forgot Password

2020-05-14 15:56:32 - [TEST_STEP][PASSED] - openBrowser(""): Browser is opened with url: ''

2020-05-14 15:56:32 - [MESSAGE][INFO] - Starting 'Chrome' driver

2020-05-14 15:56:43 - [MESSAGE][PASSED] - Browser is opened with url: ''

2020-05-14 15:56:43 - [TEST_STEP][PASSED] - navigateToUrl("https://appsrv1.deltadatamandiri.com/ACC_LMS_WEB/#/Main"): Navigate to 'https://appsrv1.deltadatamandiri.com/ACC_LMS_WEB/#/Main' successfully

2020-05-14 15:57:06 - [MESSAGE][PASSED] - Navigate to 'https://appsrv1.deltadatamandiri.com/ACC_LMS_WEB/#/Main' successfully

2020-05-14 15:57:06 - [TEST_STEP][PASSED] - click(findTestObject("Denna/User - Forgot Password/button login")): Object: 'Object Repository/Denna/User - Forgot Password/button login' is clicked on

2020-05-14 15:57:16 - [MESSAGE][PASSED] - Object: 'Object Repository/Denna/User - Forgot Password/button login' is clicked on

2020-05-14 15:57:16 - [TEST_STEP][PASSED] - click(findTestObject("Object Repository/Denna/User - Forgot Password/button Forgot Password")): Object: 'Object Repository/Denna/User - Forgot Password/button Forgot Password' is clicked on

2020-05-14 15:57:21 - [MESSAGE][PASSED] - Object: 'Object Repository/Denna/User - Forgot Password/button Forgot Password' is clicked on

2020-05-14 15:57:21 - [TEST_STEP][PASSED] - setText(findTestObject("Denna/User - Forgot Password/input NPK npkUser"), NPK): Text '1a2b3c' is set on object 'Object Repository/Denna/User - Forgot Password/input NPK npkUser'

2020-05-14 15:57:22 - [MESSAGE][PASSED] - Text '1a2b3c' is set on object 'Object Repository/Denna/User - Forgot Password/input NPK npkUser'

2020-05-14 15:57:22 - [TEST_STEP][PASSED] - click(findTestObject("Object Repository/Denna/User - Forgot Password/button Kirim OTP")): Object: 'Object Repository/Denna/User - Forgot Password/button Kirim OTP' is clicked on

2020-05-14 15:57:23 - [MESSAGE][PASSED] - Object: 'Object Repository/Denna/User - Forgot Password/button Kirim OTP' is clicked on

2020-05-14 15:57:23 - [TEST_STEP][PASSED] - switch (Kondisi): null

2020-05-14 15:57:23 - [TEST_STEP][PASSED] - case "fail1":: null

2020-05-14 15:57:23 - [TEST_STEP][PASSED] - if (Keterangan == "emptyNPK"): null

2020-05-14 15:57:23 - [TEST_STEP][PASSED] - else if (Keterangan == "wrongNPK"): Object 'Object Repository/Denna/User - Forgot Password/label Masukan anda salah' is visible

2020-05-14 15:57:23 - [TEST_STEP][PASSED] - verifyElementVisible(findTestObject("Denna/User - Forgot Password/label Masukan anda salah")): Object 'Object Repository/Denna/User - Forgot Password/label Masukan anda salah' is visible

2020-05-14 15:57:23 - [MESSAGE][PASSED] - Object 'Object Repository/Denna/User - Forgot Password/label Masukan anda salah' is visible

2020-05-14 15:57:23 - [TEST_STEP][PASSED] - break: null

2020-05-14 15:57:23 - [TEST_STEP][PASSED] - closeBrowser(): Browser is closed

2020-05-14 15:57:27 - [MESSAGE][PASSED] - Browser is closed]]></system-out>
         <system-err><![CDATA[]]></system-err>
      </testcase>
      <system-out><![CDATA[2020-05-14 15:55:34 - [TEST_SUITE][PASSED] - User-Forgot Password: Test Cases/Denna/User - Forgot Password]]></system-out>
      <system-err><![CDATA[]]></system-err>
   </testsuite>
</testsuites>
