<?xml version="1.0" encoding="UTF-8"?>
<testsuites name="User - Pengaturan Email" time="152.417" tests="1" failures="0" errors="0">
   <testsuite name="User - Pengaturan Email" tests="1" failures="0" errors="0" time="152.417" timestamp="2020-05-19 15:32:41" hostname="Denna Leksanti - 192.168.152.1" id="Test Suites/Denna/User - Pengaturan Email">
      <properties>
         <property name="deviceName" value=""/>
         <property name="devicePlatform" value=""/>
         <property name="logFolder" value="C:\\Users\\Hari Sapto\\git\\LearningManagementWeb\\Reports\\20200519_153230\\Denna\\User - Pengaturan Email\\20200519_153230"/>
         <property name="logFiles" value="C:\\Users\\Hari Sapto\\git\\LearningManagementWeb\\Reports\\20200519_153230\\Denna\\User - Pengaturan Email\\20200519_153230\\execution0.log"/>
         <property name="attachments" value=""/>
         <property name="hostName" value="Denna Leksanti - 192.168.152.1"/>
         <property name="os" value="Windows 10 64bit"/>
         <property name="katalonVersion" value="7.0.8.1"/>
         <property name="browser" value="Chrome 81.0.4044.138"/>
         <property name="hostAddress" value="192.168.152.1"/>
         <property name="sessionId" value="07996e25b16493ae730c96ba0da1c24c"/>
         <property name="seleniumVersion" value="3.141.59"/>
         <property name="proxyInformation" value="ProxyInformation{proxyOption=NO_PROXY, proxyServerType=HTTP, password=, proxyServerAddress=, proxyServerPort=0}"/>
         <property name="platform" value="Windows 10"/>
      </properties>
      <testcase name="Test Cases/Denna/User - Pengaturan Email" time="150.61" classname="Test Cases/Denna/User - Pengaturan Email" status="PASSED">
         <system-out><![CDATA[2020-05-19 15:32:42 - [TEST_CASE][PASSED] - Test Cases/Denna/User - Pengaturan Email: Test Cases/Denna/User - Pengaturan Email

2020-05-19 15:32:43 - [TEST_STEP][PASSED] - callTestCase(findTestCase("Denna/Login(User)"), [:], STOP_ON_FAILURE): Call Test Case 'Test Cases/Denna/Login(User)' successfully

2020-05-19 15:32:43 - [TEST_CASE][PASSED] - Test Cases/Denna/Login(User): Test Cases/Denna/Login(User)

2020-05-19 15:32:44 - [TEST_STEP][PASSED] - openBrowser(""): Browser is opened with url: ''

2020-05-19 15:32:44 - [MESSAGE][INFO] - Starting 'Chrome' driver

2020-05-19 15:32:44 - [MESSAGE][INFO] - Action delay is set to 0 seconds

2020-05-19 15:33:25 - [MESSAGE][PASSED] - Browser is opened with url: ''

2020-05-19 15:33:25 - [TEST_STEP][PASSED] - navigateToUrl("https://appsrv1.deltadatamandiri.com/ACC_LMS_WEB/#/Main"): Navigate to 'https://appsrv1.deltadatamandiri.com/ACC_LMS_WEB/#/Main' successfully

2020-05-19 15:33:40 - [MESSAGE][PASSED] - Navigate to 'https://appsrv1.deltadatamandiri.com/ACC_LMS_WEB/#/Main' successfully

2020-05-19 15:33:40 - [TEST_STEP][PASSED] - maximizeWindow(): Current window maximized

2020-05-19 15:33:44 - [MESSAGE][PASSED] - Current window maximized

2020-05-19 15:33:44 - [TEST_STEP][PASSED] - click(findTestObject("Denna/User-Login/button login")): Object: 'Object Repository/Denna/User-Login/button login' is clicked on

2020-05-19 15:33:58 - [MESSAGE][PASSED] - Object: 'Object Repository/Denna/User-Login/button login' is clicked on

2020-05-19 15:33:58 - [TEST_STEP][PASSED] - setText(findTestObject("Denna/User-Login/input NPK username"), "14426"): Text '14426' is set on object 'Object Repository/Denna/User-Login/input NPK username'

2020-05-19 15:34:01 - [MESSAGE][PASSED] - Text '14426' is set on object 'Object Repository/Denna/User-Login/input NPK username'

2020-05-19 15:34:01 - [TEST_STEP][PASSED] - setText(findTestObject("Denna/User-Login/inputPassword"), "Password2"): Text 'Password2' is set on object 'Object Repository/Denna/User-Login/inputPassword'

2020-05-19 15:34:02 - [MESSAGE][PASSED] - Text 'Password2' is set on object 'Object Repository/Denna/User-Login/inputPassword'

2020-05-19 15:34:02 - [TEST_STEP][PASSED] - click(findTestObject("Denna/User-Login/button login 1 masuk")): Object: 'Object Repository/Denna/User-Login/button login 1 masuk' is clicked on

2020-05-19 15:34:03 - [MESSAGE][PASSED] - Object: 'Object Repository/Denna/User-Login/button login 1 masuk' is clicked on

2020-05-19 15:34:03 - [TEST_STEP][PASSED] - verifyElementVisible(findTestObject("Denna/User-Login/button_My Learning IconMy Learning")): Object 'Object Repository/Denna/User-Login/button_My Learning IconMy Learning' is visible

2020-05-19 15:34:33 - [MESSAGE][PASSED] - Object 'Object Repository/Denna/User-Login/button_My Learning IconMy Learning' is visible

2020-05-19 15:34:34 - [MESSAGE][PASSED] - Call Test Case 'Test Cases/Denna/Login(User)' successfully

2020-05-19 15:34:34 - [TEST_STEP][PASSED] - click(findTestObject("Object Repository/Denna/User - Pengaturan Email/button Profile")): Object: 'Object Repository/Denna/User - Pengaturan Email/button Profile' is clicked on

2020-05-19 15:34:36 - [MESSAGE][PASSED] - Object: 'Object Repository/Denna/User - Pengaturan Email/button Profile' is clicked on

2020-05-19 15:34:36 - [TEST_STEP][PASSED] - click(findTestObject("Object Repository/Denna/User - Pengaturan Email/button Pengaturan Email")): Object: 'Object Repository/Denna/User - Pengaturan Email/button Pengaturan Email' is clicked on

2020-05-19 15:34:38 - [MESSAGE][PASSED] - Object: 'Object Repository/Denna/User - Pengaturan Email/button Pengaturan Email' is clicked on

2020-05-19 15:34:38 - [TEST_STEP][PASSED] - click(findTestObject("Object Repository/Denna/User - Pengaturan Email/button Edit")): Object: 'Object Repository/Denna/User - Pengaturan Email/button Edit' is clicked on

2020-05-19 15:34:43 - [MESSAGE][PASSED] - Object: 'Object Repository/Denna/User - Pengaturan Email/button Edit' is clicked on

2020-05-19 15:34:43 - [TEST_STEP][PASSED] - setText(findTestObject("Object Repository/Denna/User - Pengaturan Email/input Alamat email yang lain_secondEmail"), email): Text 'dennaleksanti@gmail.com' is set on object 'Object Repository/Denna/User - Pengaturan Email/input Alamat email yang lain_secondEmail'

2020-05-19 15:34:46 - [MESSAGE][PASSED] - Text 'dennaleksanti@gmail.com' is set on object 'Object Repository/Denna/User - Pengaturan Email/input Alamat email yang lain_secondEmail'

2020-05-19 15:34:46 - [TEST_STEP][PASSED] - if (keterangan == "cancel"): Object: 'Object Repository/Denna/User - Pengaturan Email/button Cancel Email' is clicked on

2020-05-19 15:34:46 - [TEST_STEP][PASSED] - click(findTestObject("Denna/User - Pengaturan Email/button Cancel Email")): Object: 'Object Repository/Denna/User - Pengaturan Email/button Cancel Email' is clicked on

2020-05-19 15:34:50 - [MESSAGE][PASSED] - Object: 'Object Repository/Denna/User - Pengaturan Email/button Cancel Email' is clicked on

2020-05-19 15:34:50 - [TEST_STEP][PASSED] - delay(5): Delayed 5 second(s)

2020-05-19 15:34:55 - [MESSAGE][PASSED] - Delayed 5 second(s)

2020-05-19 15:34:55 - [TEST_STEP][PASSED] - switch (kondisi): null

2020-05-19 15:34:55 - [TEST_STEP][PASSED] - case "fail":: null

2020-05-19 15:34:55 - [TEST_STEP][PASSED] - if (keterangan == "emptyEmail"): null

2020-05-19 15:34:55 - [TEST_STEP][PASSED] - else if (keterangan == "invalidEmail"): null

2020-05-19 15:34:55 - [TEST_STEP][PASSED] - else if (keterangan == "cancel"): Actual object 'dennaleksanti@gmail.com' and expected object 'dennaleksanti@gmail.com' are equal

2020-05-19 15:34:55 - [TEST_STEP][PASSED] - emailValue = getAttribute(findTestObject("Denna/User - Pengaturan Email/input Alamat email yang lain_secondEmail - Copy"), "value"): Attribute 'value' of object 'Object Repository/Denna/User - Pengaturan Email/input Alamat email yang lain_secondEmail - Copy' is: 'dennaleksanti@gmail.com'

2020-05-19 15:34:57 - [MESSAGE][PASSED] - Attribute 'value' of object 'Object Repository/Denna/User - Pengaturan Email/input Alamat email yang lain_secondEmail - Copy' is: 'dennaleksanti@gmail.com'

2020-05-19 15:34:57 - [TEST_STEP][PASSED] - verifyEqual(emailValue, email): Actual object 'dennaleksanti@gmail.com' and expected object 'dennaleksanti@gmail.com' are equal

2020-05-19 15:34:57 - [MESSAGE][PASSED] - Actual object 'dennaleksanti@gmail.com' and expected object 'dennaleksanti@gmail.com' are equal

2020-05-19 15:34:57 - [TEST_STEP][PASSED] - break: null

2020-05-19 15:34:57 - [TEST_STEP][PASSED] - closeBrowser(): Browser is closed

2020-05-19 15:35:13 - [MESSAGE][PASSED] - Browser is closed]]></system-out>
         <system-err><![CDATA[]]></system-err>
      </testcase>
      <system-out><![CDATA[2020-05-19 15:32:41 - [TEST_SUITE][PASSED] - User - Pengaturan Email: Test Cases/Denna/User - Pengaturan Email]]></system-out>
      <system-err><![CDATA[]]></system-err>
   </testsuite>
</testsuites>
