<?xml version="1.0" encoding="UTF-8"?>
<testsuites name="User-Forgot Password" time="78.682" tests="4" failures="0" errors="0">
   <testsuite name="User-Forgot Password" tests="4" failures="0" errors="0" time="78.682" timestamp="2020-05-26 16:48:11" hostname="Denna Leksanti - 192.168.152.1" id="Test Suites/Denna/User-Forgot Password">
      <properties>
         <property name="deviceName" value=""/>
         <property name="devicePlatform" value=""/>
         <property name="logFolder" value="C:\\Users\\Hari Sapto\\git\\LearningManagementWeb\\Reports\\20200526_164805\\Denna\\User-Forgot Password\\20200526_164805"/>
         <property name="logFiles" value="C:\\Users\\Hari Sapto\\git\\LearningManagementWeb\\Reports\\20200526_164805\\Denna\\User-Forgot Password\\20200526_164805\\execution0.log"/>
         <property name="attachments" value=""/>
         <property name="hostName" value="Denna Leksanti - 192.168.152.1"/>
         <property name="os" value="Windows 10 64bit"/>
         <property name="katalonVersion" value="7.0.8.1"/>
         <property name="browser" value="Chrome 81.0.4044.138"/>
         <property name="hostAddress" value="192.168.152.1"/>
         <property name="sessionId" value="e905ae7c3433e1915230caf9c6ccc180"/>
         <property name="seleniumVersion" value="3.141.59"/>
         <property name="proxyInformation" value="ProxyInformation{proxyOption=NO_PROXY, proxyServerType=HTTP, password=, proxyServerAddress=, proxyServerPort=0}"/>
         <property name="platform" value="Windows 10"/>
      </properties>
      <testcase name="Test Cases/Denna/User - Forgot Password" time="21.031" classname="Test Cases/Denna/User - Forgot Password" status="PASSED">
         <system-out><![CDATA[2020-05-26 16:48:11 - [TEST_CASE][PASSED] - Test Cases/Denna/User - Forgot Password: Test Cases/Denna/User - Forgot Password

2020-05-26 16:48:12 - [TEST_STEP][PASSED] - openBrowser(""): Browser is opened with url: ''

2020-05-26 16:48:13 - [MESSAGE][INFO] - Starting 'Chrome' driver

2020-05-26 16:48:13 - [MESSAGE][INFO] - Action delay is set to 0 seconds

2020-05-26 16:48:18 - [MESSAGE][PASSED] - Browser is opened with url: ''

2020-05-26 16:48:18 - [TEST_STEP][PASSED] - navigateToUrl("https://appsrv1.deltadatamandiri.com/ACC_LMS_WEB/#/Main"): Navigate to 'https://appsrv1.deltadatamandiri.com/ACC_LMS_WEB/#/Main' successfully

2020-05-26 16:48:25 - [MESSAGE][PASSED] - Navigate to 'https://appsrv1.deltadatamandiri.com/ACC_LMS_WEB/#/Main' successfully

2020-05-26 16:48:25 - [TEST_STEP][PASSED] - maximizeWindow(): Current window maximized

2020-05-26 16:48:27 - [MESSAGE][PASSED] - Current window maximized

2020-05-26 16:48:27 - [TEST_STEP][PASSED] - click(findTestObject("Denna/User - Forgot Password/button login")): Object: 'Object Repository/Denna/User - Forgot Password/button login' is clicked on

2020-05-26 16:48:29 - [MESSAGE][PASSED] - Object: 'Object Repository/Denna/User - Forgot Password/button login' is clicked on

2020-05-26 16:48:29 - [TEST_STEP][PASSED] - click(findTestObject("Object Repository/Denna/User - Forgot Password/button Forgot Password")): Object: 'Object Repository/Denna/User - Forgot Password/button Forgot Password' is clicked on

2020-05-26 16:48:31 - [MESSAGE][PASSED] - Object: 'Object Repository/Denna/User - Forgot Password/button Forgot Password' is clicked on

2020-05-26 16:48:31 - [TEST_STEP][PASSED] - setText(findTestObject("Denna/User - Forgot Password/input NPK npkUser"), NPK): Text '' is set on object 'Object Repository/Denna/User - Forgot Password/input NPK npkUser'

2020-05-26 16:48:31 - [MESSAGE][PASSED] - Text '' is set on object 'Object Repository/Denna/User - Forgot Password/input NPK npkUser'

2020-05-26 16:48:31 - [TEST_STEP][PASSED] - click(findTestObject("Object Repository/Denna/User - Forgot Password/button Kirim OTP")): Object: 'Object Repository/Denna/User - Forgot Password/button Kirim OTP' is clicked on

2020-05-26 16:48:31 - [MESSAGE][PASSED] - Object: 'Object Repository/Denna/User - Forgot Password/button Kirim OTP' is clicked on

2020-05-26 16:48:31 - [TEST_STEP][PASSED] - switch (Kondisi): null

2020-05-26 16:48:31 - [TEST_STEP][PASSED] - case "fail1":: null

2020-05-26 16:48:31 - [TEST_STEP][PASSED] - if (Keterangan == "emptyNPK"): Object 'Object Repository/Denna/User - Forgot Password/label Masukkan NPK anda kami akan mengirim kode OTP ke nomor anda' is visible

2020-05-26 16:48:31 - [TEST_STEP][PASSED] - verifyElementVisible(findTestObject("Denna/User - Forgot Password/label Masukkan NPK anda kami akan mengirim kode OTP ke nomor anda")): Object 'Object Repository/Denna/User - Forgot Password/label Masukkan NPK anda kami akan mengirim kode OTP ke nomor anda' is visible

2020-05-26 16:48:32 - [MESSAGE][PASSED] - Object 'Object Repository/Denna/User - Forgot Password/label Masukkan NPK anda kami akan mengirim kode OTP ke nomor anda' is visible

2020-05-26 16:48:32 - [TEST_STEP][PASSED] - break: null

2020-05-26 16:48:32 - [TEST_STEP][PASSED] - closeBrowser(): Browser is closed

2020-05-26 16:48:33 - [MESSAGE][PASSED] - Browser is closed]]></system-out>
         <system-err><![CDATA[]]></system-err>
      </testcase>
      <testcase name="Test Cases/Denna/User - Forgot Password" time="17.059" classname="Test Cases/Denna/User - Forgot Password" status="PASSED">
         <system-out><![CDATA[2020-05-26 16:48:33 - [TEST_CASE][PASSED] - Test Cases/Denna/User - Forgot Password: Test Cases/Denna/User - Forgot Password

2020-05-26 16:48:33 - [TEST_STEP][PASSED] - openBrowser(""): Browser is opened with url: ''

2020-05-26 16:48:33 - [MESSAGE][INFO] - Starting 'Chrome' driver

2020-05-26 16:48:36 - [MESSAGE][PASSED] - Browser is opened with url: ''

2020-05-26 16:48:36 - [TEST_STEP][PASSED] - navigateToUrl("https://appsrv1.deltadatamandiri.com/ACC_LMS_WEB/#/Main"): Navigate to 'https://appsrv1.deltadatamandiri.com/ACC_LMS_WEB/#/Main' successfully

2020-05-26 16:48:42 - [MESSAGE][PASSED] - Navigate to 'https://appsrv1.deltadatamandiri.com/ACC_LMS_WEB/#/Main' successfully

2020-05-26 16:48:42 - [TEST_STEP][PASSED] - maximizeWindow(): Current window maximized

2020-05-26 16:48:44 - [MESSAGE][PASSED] - Current window maximized

2020-05-26 16:48:44 - [TEST_STEP][PASSED] - click(findTestObject("Denna/User - Forgot Password/button login")): Object: 'Object Repository/Denna/User - Forgot Password/button login' is clicked on

2020-05-26 16:48:46 - [MESSAGE][PASSED] - Object: 'Object Repository/Denna/User - Forgot Password/button login' is clicked on

2020-05-26 16:48:46 - [TEST_STEP][PASSED] - click(findTestObject("Object Repository/Denna/User - Forgot Password/button Forgot Password")): Object: 'Object Repository/Denna/User - Forgot Password/button Forgot Password' is clicked on

2020-05-26 16:48:48 - [MESSAGE][PASSED] - Object: 'Object Repository/Denna/User - Forgot Password/button Forgot Password' is clicked on

2020-05-26 16:48:48 - [TEST_STEP][PASSED] - setText(findTestObject("Denna/User - Forgot Password/input NPK npkUser"), NPK): Text '1a2b3c' is set on object 'Object Repository/Denna/User - Forgot Password/input NPK npkUser'

2020-05-26 16:48:48 - [MESSAGE][PASSED] - Text '1a2b3c' is set on object 'Object Repository/Denna/User - Forgot Password/input NPK npkUser'

2020-05-26 16:48:48 - [TEST_STEP][PASSED] - click(findTestObject("Object Repository/Denna/User - Forgot Password/button Kirim OTP")): Object: 'Object Repository/Denna/User - Forgot Password/button Kirim OTP' is clicked on

2020-05-26 16:48:48 - [MESSAGE][PASSED] - Object: 'Object Repository/Denna/User - Forgot Password/button Kirim OTP' is clicked on

2020-05-26 16:48:48 - [TEST_STEP][PASSED] - switch (Kondisi): null

2020-05-26 16:48:48 - [TEST_STEP][PASSED] - case "fail1":: null

2020-05-26 16:48:48 - [TEST_STEP][PASSED] - if (Keterangan == "emptyNPK"): null

2020-05-26 16:48:48 - [TEST_STEP][PASSED] - else if (Keterangan == "wrongNPK"): Object 'Object Repository/Denna/User - Forgot Password/label Masukan anda salah' is visible

2020-05-26 16:48:48 - [TEST_STEP][PASSED] - verifyElementVisible(findTestObject("Denna/User - Forgot Password/label Masukan anda salah")): Object 'Object Repository/Denna/User - Forgot Password/label Masukan anda salah' is visible

2020-05-26 16:48:49 - [MESSAGE][PASSED] - Object 'Object Repository/Denna/User - Forgot Password/label Masukan anda salah' is visible

2020-05-26 16:48:49 - [TEST_STEP][PASSED] - break: null

2020-05-26 16:48:49 - [TEST_STEP][PASSED] - closeBrowser(): Browser is closed

2020-05-26 16:48:50 - [MESSAGE][PASSED] - Browser is closed]]></system-out>
         <system-err><![CDATA[]]></system-err>
      </testcase>
      <testcase name="Test Cases/Denna/User - Forgot Password" time="21.119" classname="Test Cases/Denna/User - Forgot Password" status="PASSED">
         <system-out><![CDATA[2020-05-26 16:48:50 - [TEST_CASE][PASSED] - Test Cases/Denna/User - Forgot Password: Test Cases/Denna/User - Forgot Password

2020-05-26 16:48:50 - [TEST_STEP][PASSED] - openBrowser(""): Browser is opened with url: ''

2020-05-26 16:48:50 - [MESSAGE][INFO] - Starting 'Chrome' driver

2020-05-26 16:48:53 - [MESSAGE][PASSED] - Browser is opened with url: ''

2020-05-26 16:48:53 - [TEST_STEP][PASSED] - navigateToUrl("https://appsrv1.deltadatamandiri.com/ACC_LMS_WEB/#/Main"): Navigate to 'https://appsrv1.deltadatamandiri.com/ACC_LMS_WEB/#/Main' successfully

2020-05-26 16:49:00 - [MESSAGE][PASSED] - Navigate to 'https://appsrv1.deltadatamandiri.com/ACC_LMS_WEB/#/Main' successfully

2020-05-26 16:49:00 - [TEST_STEP][PASSED] - maximizeWindow(): Current window maximized

2020-05-26 16:49:02 - [MESSAGE][PASSED] - Current window maximized

2020-05-26 16:49:02 - [TEST_STEP][PASSED] - click(findTestObject("Denna/User - Forgot Password/button login")): Object: 'Object Repository/Denna/User - Forgot Password/button login' is clicked on

2020-05-26 16:49:04 - [MESSAGE][PASSED] - Object: 'Object Repository/Denna/User - Forgot Password/button login' is clicked on

2020-05-26 16:49:04 - [TEST_STEP][PASSED] - click(findTestObject("Object Repository/Denna/User - Forgot Password/button Forgot Password")): Object: 'Object Repository/Denna/User - Forgot Password/button Forgot Password' is clicked on

2020-05-26 16:49:06 - [MESSAGE][PASSED] - Object: 'Object Repository/Denna/User - Forgot Password/button Forgot Password' is clicked on

2020-05-26 16:49:06 - [TEST_STEP][PASSED] - setText(findTestObject("Denna/User - Forgot Password/input NPK npkUser"), NPK): Text '14426' is set on object 'Object Repository/Denna/User - Forgot Password/input NPK npkUser'

2020-05-26 16:49:06 - [MESSAGE][PASSED] - Text '14426' is set on object 'Object Repository/Denna/User - Forgot Password/input NPK npkUser'

2020-05-26 16:49:06 - [TEST_STEP][PASSED] - click(findTestObject("Object Repository/Denna/User - Forgot Password/button Kirim OTP")): Object: 'Object Repository/Denna/User - Forgot Password/button Kirim OTP' is clicked on

2020-05-26 16:49:06 - [MESSAGE][PASSED] - Object: 'Object Repository/Denna/User - Forgot Password/button Kirim OTP' is clicked on

2020-05-26 16:49:06 - [TEST_STEP][PASSED] - switch (Kondisi): null

2020-05-26 16:49:06 - [TEST_STEP][PASSED] - case "fail":: null

2020-05-26 16:49:06 - [TEST_STEP][PASSED] - setText(findTestObject("Denna/User - Forgot Password/input Icon newPassword"), newPassword): Text '' is set on object 'Object Repository/Denna/User - Forgot Password/input Icon newPassword'

2020-05-26 16:49:09 - [MESSAGE][PASSED] - Text '' is set on object 'Object Repository/Denna/User - Forgot Password/input Icon newPassword'

2020-05-26 16:49:09 - [TEST_STEP][PASSED] - setText(findTestObject("Denna/User - Forgot Password/input Icon newPasswordConfirm"), newPasswordConfirm): Text '' is set on object 'Object Repository/Denna/User - Forgot Password/input Icon newPasswordConfirm'

2020-05-26 16:49:09 - [MESSAGE][PASSED] - Text '' is set on object 'Object Repository/Denna/User - Forgot Password/input Icon newPasswordConfirm'

2020-05-26 16:49:09 - [TEST_STEP][PASSED] - click(findTestObject("Object Repository/Denna/User - Forgot Password/button RESET PASSWORD")): Object: 'Object Repository/Denna/User - Forgot Password/button RESET PASSWORD' is clicked on

2020-05-26 16:49:10 - [MESSAGE][PASSED] - Object: 'Object Repository/Denna/User - Forgot Password/button RESET PASSWORD' is clicked on

2020-05-26 16:49:10 - [TEST_STEP][PASSED] - if (Keterangan == "emptyAllPassword"): Object 'Object Repository/Denna/User - Forgot Password/label password must be at least 6 characters and contain uppercase lowercase letters and numbers' is visible

2020-05-26 16:49:10 - [TEST_STEP][PASSED] - verifyElementVisible(findTestObject("Denna/User - Forgot Password/label password must be at least 6 characters and contain uppercase lowercase letters and numbers")): Object 'Object Repository/Denna/User - Forgot Password/label password must be at least 6 characters and contain uppercase lowercase letters and numbers' is visible

2020-05-26 16:49:10 - [MESSAGE][PASSED] - Object 'Object Repository/Denna/User - Forgot Password/label password must be at least 6 characters and contain uppercase lowercase letters and numbers' is visible

2020-05-26 16:49:10 - [TEST_STEP][PASSED] - break: null

2020-05-26 16:49:10 - [TEST_STEP][PASSED] - closeBrowser(): Browser is closed

2020-05-26 16:49:11 - [MESSAGE][PASSED] - Browser is closed]]></system-out>
         <system-err><![CDATA[]]></system-err>
      </testcase>
      <testcase name="Test Cases/Denna/User - Forgot Password" time="18.994" classname="Test Cases/Denna/User - Forgot Password" status="PASSED">
         <system-out><![CDATA[2020-05-26 16:49:11 - [TEST_CASE][PASSED] - Test Cases/Denna/User - Forgot Password: Test Cases/Denna/User - Forgot Password

2020-05-26 16:49:11 - [TEST_STEP][PASSED] - openBrowser(""): Browser is opened with url: ''

2020-05-26 16:49:11 - [MESSAGE][INFO] - Starting 'Chrome' driver

2020-05-26 16:49:14 - [MESSAGE][PASSED] - Browser is opened with url: ''

2020-05-26 16:49:14 - [TEST_STEP][PASSED] - navigateToUrl("https://appsrv1.deltadatamandiri.com/ACC_LMS_WEB/#/Main"): Navigate to 'https://appsrv1.deltadatamandiri.com/ACC_LMS_WEB/#/Main' successfully

2020-05-26 16:49:20 - [MESSAGE][PASSED] - Navigate to 'https://appsrv1.deltadatamandiri.com/ACC_LMS_WEB/#/Main' successfully

2020-05-26 16:49:20 - [TEST_STEP][PASSED] - maximizeWindow(): Current window maximized

2020-05-26 16:49:22 - [MESSAGE][PASSED] - Current window maximized

2020-05-26 16:49:22 - [TEST_STEP][PASSED] - click(findTestObject("Denna/User - Forgot Password/button login")): Object: 'Object Repository/Denna/User - Forgot Password/button login' is clicked on

2020-05-26 16:49:24 - [MESSAGE][PASSED] - Object: 'Object Repository/Denna/User - Forgot Password/button login' is clicked on

2020-05-26 16:49:24 - [TEST_STEP][PASSED] - click(findTestObject("Object Repository/Denna/User - Forgot Password/button Forgot Password")): Object: 'Object Repository/Denna/User - Forgot Password/button Forgot Password' is clicked on

2020-05-26 16:49:25 - [MESSAGE][PASSED] - Object: 'Object Repository/Denna/User - Forgot Password/button Forgot Password' is clicked on

2020-05-26 16:49:25 - [TEST_STEP][PASSED] - setText(findTestObject("Denna/User - Forgot Password/input NPK npkUser"), NPK): Text '14426' is set on object 'Object Repository/Denna/User - Forgot Password/input NPK npkUser'

2020-05-26 16:49:26 - [MESSAGE][PASSED] - Text '14426' is set on object 'Object Repository/Denna/User - Forgot Password/input NPK npkUser'

2020-05-26 16:49:26 - [TEST_STEP][PASSED] - click(findTestObject("Object Repository/Denna/User - Forgot Password/button Kirim OTP")): Object: 'Object Repository/Denna/User - Forgot Password/button Kirim OTP' is clicked on

2020-05-26 16:49:26 - [MESSAGE][PASSED] - Object: 'Object Repository/Denna/User - Forgot Password/button Kirim OTP' is clicked on

2020-05-26 16:49:26 - [TEST_STEP][PASSED] - switch (Kondisi): null

2020-05-26 16:49:26 - [TEST_STEP][PASSED] - case "fail":: null

2020-05-26 16:49:26 - [TEST_STEP][PASSED] - setText(findTestObject("Denna/User - Forgot Password/input Icon newPassword"), newPassword): Text 'Password2' is set on object 'Object Repository/Denna/User - Forgot Password/input Icon newPassword'

2020-05-26 16:49:28 - [MESSAGE][PASSED] - Text 'Password2' is set on object 'Object Repository/Denna/User - Forgot Password/input Icon newPassword'

2020-05-26 16:49:28 - [TEST_STEP][PASSED] - setText(findTestObject("Denna/User - Forgot Password/input Icon newPasswordConfirm"), newPasswordConfirm): Text '' is set on object 'Object Repository/Denna/User - Forgot Password/input Icon newPasswordConfirm'

2020-05-26 16:49:28 - [MESSAGE][PASSED] - Text '' is set on object 'Object Repository/Denna/User - Forgot Password/input Icon newPasswordConfirm'

2020-05-26 16:49:28 - [TEST_STEP][PASSED] - click(findTestObject("Object Repository/Denna/User - Forgot Password/button RESET PASSWORD")): Object: 'Object Repository/Denna/User - Forgot Password/button RESET PASSWORD' is clicked on

2020-05-26 16:49:29 - [MESSAGE][PASSED] - Object: 'Object Repository/Denna/User - Forgot Password/button RESET PASSWORD' is clicked on

2020-05-26 16:49:29 - [TEST_STEP][PASSED] - if (Keterangan == "emptyAllPassword"): null

2020-05-26 16:49:29 - [TEST_STEP][PASSED] - else if (Keterangan == "emptyPasswordConfirm"): Object 'Object Repository/Denna/User - Forgot Password/label Password tidak sama' is visible

2020-05-26 16:49:29 - [TEST_STEP][PASSED] - verifyElementVisible(findTestObject("Denna/User - Forgot Password/label Password tidak sama")): Object 'Object Repository/Denna/User - Forgot Password/label Password tidak sama' is visible

2020-05-26 16:49:29 - [MESSAGE][PASSED] - Object 'Object Repository/Denna/User - Forgot Password/label Password tidak sama' is visible

2020-05-26 16:49:29 - [TEST_STEP][PASSED] - break: null

2020-05-26 16:49:29 - [TEST_STEP][PASSED] - closeBrowser(): Browser is closed

2020-05-26 16:49:30 - [MESSAGE][PASSED] - Browser is closed]]></system-out>
         <system-err><![CDATA[]]></system-err>
      </testcase>
      <system-out><![CDATA[2020-05-26 16:48:11 - [TEST_SUITE][PASSED] - User-Forgot Password: Test Cases/Denna/User - Forgot Password]]></system-out>
      <system-err><![CDATA[]]></system-err>
   </testsuite>
</testsuites>
