<?xml version="1.0" encoding="UTF-8"?>
<testsuites name="User - Pengaturan Email" time="356.396" tests="4" failures="0" errors="0">
   <testsuite name="User - Pengaturan Email" tests="4" failures="0" errors="0" time="356.396" timestamp="2020-05-19 15:36:06" hostname="Denna Leksanti - 192.168.152.1" id="Test Suites/Denna/User - Pengaturan Email">
      <properties>
         <property name="deviceName" value=""/>
         <property name="devicePlatform" value=""/>
         <property name="logFolder" value="C:\\Users\\Hari Sapto\\git\\LearningManagementWeb\\Reports\\20200519_153559\\Denna\\User - Pengaturan Email\\20200519_153559"/>
         <property name="logFiles" value="C:\\Users\\Hari Sapto\\git\\LearningManagementWeb\\Reports\\20200519_153559\\Denna\\User - Pengaturan Email\\20200519_153559\\execution0.log"/>
         <property name="attachments" value=""/>
         <property name="hostName" value="Denna Leksanti - 192.168.152.1"/>
         <property name="os" value="Windows 10 64bit"/>
         <property name="katalonVersion" value="7.0.8.1"/>
         <property name="browser" value="Chrome 81.0.4044.138"/>
         <property name="hostAddress" value="192.168.152.1"/>
         <property name="sessionId" value="706e4eff792724a807b0edf0ccef7f19"/>
         <property name="seleniumVersion" value="3.141.59"/>
         <property name="proxyInformation" value="ProxyInformation{proxyOption=NO_PROXY, proxyServerType=HTTP, password=, proxyServerAddress=, proxyServerPort=0}"/>
         <property name="platform" value="Windows 10"/>
      </properties>
      <testcase name="Test Cases/Denna/User - Pengaturan Email" time="96.769" classname="Test Cases/Denna/User - Pengaturan Email" status="PASSED">
         <system-out><![CDATA[2020-05-19 15:36:07 - [TEST_CASE][PASSED] - Test Cases/Denna/User - Pengaturan Email: Test Cases/Denna/User - Pengaturan Email

2020-05-19 15:36:08 - [TEST_STEP][PASSED] - callTestCase(findTestCase("Denna/Login(User)"), [:], STOP_ON_FAILURE): Call Test Case 'Test Cases/Denna/Login(User)' successfully

2020-05-19 15:36:08 - [TEST_CASE][PASSED] - Test Cases/Denna/Login(User): Test Cases/Denna/Login(User)

2020-05-19 15:36:08 - [TEST_STEP][PASSED] - openBrowser(""): Browser is opened with url: ''

2020-05-19 15:36:09 - [MESSAGE][INFO] - Starting 'Chrome' driver

2020-05-19 15:36:09 - [MESSAGE][INFO] - Action delay is set to 0 seconds

2020-05-19 15:36:31 - [MESSAGE][PASSED] - Browser is opened with url: ''

2020-05-19 15:36:31 - [TEST_STEP][PASSED] - navigateToUrl("https://appsrv1.deltadatamandiri.com/ACC_LMS_WEB/#/Main"): Navigate to 'https://appsrv1.deltadatamandiri.com/ACC_LMS_WEB/#/Main' successfully

2020-05-19 15:36:41 - [MESSAGE][PASSED] - Navigate to 'https://appsrv1.deltadatamandiri.com/ACC_LMS_WEB/#/Main' successfully

2020-05-19 15:36:41 - [TEST_STEP][PASSED] - maximizeWindow(): Current window maximized

2020-05-19 15:36:43 - [MESSAGE][PASSED] - Current window maximized

2020-05-19 15:36:43 - [TEST_STEP][PASSED] - click(findTestObject("Denna/User-Login/button login")): Object: 'Object Repository/Denna/User-Login/button login' is clicked on

2020-05-19 15:36:48 - [MESSAGE][PASSED] - Object: 'Object Repository/Denna/User-Login/button login' is clicked on

2020-05-19 15:36:48 - [TEST_STEP][PASSED] - setText(findTestObject("Denna/User-Login/input NPK username"), "14426"): Text '14426' is set on object 'Object Repository/Denna/User-Login/input NPK username'

2020-05-19 15:36:50 - [MESSAGE][PASSED] - Text '14426' is set on object 'Object Repository/Denna/User-Login/input NPK username'

2020-05-19 15:36:50 - [TEST_STEP][PASSED] - setText(findTestObject("Denna/User-Login/inputPassword"), "Password2"): Text 'Password2' is set on object 'Object Repository/Denna/User-Login/inputPassword'

2020-05-19 15:36:51 - [MESSAGE][PASSED] - Text 'Password2' is set on object 'Object Repository/Denna/User-Login/inputPassword'

2020-05-19 15:36:51 - [TEST_STEP][PASSED] - click(findTestObject("Denna/User-Login/button login 1 masuk")): Object: 'Object Repository/Denna/User-Login/button login 1 masuk' is clicked on

2020-05-19 15:36:55 - [MESSAGE][PASSED] - Object: 'Object Repository/Denna/User-Login/button login 1 masuk' is clicked on

2020-05-19 15:36:55 - [TEST_STEP][PASSED] - verifyElementVisible(findTestObject("Denna/User-Login/button_My Learning IconMy Learning")): Object 'Object Repository/Denna/User-Login/button_My Learning IconMy Learning' is visible

2020-05-19 15:37:14 - [MESSAGE][PASSED] - Object 'Object Repository/Denna/User-Login/button_My Learning IconMy Learning' is visible

2020-05-19 15:37:14 - [MESSAGE][PASSED] - Call Test Case 'Test Cases/Denna/Login(User)' successfully

2020-05-19 15:37:14 - [TEST_STEP][PASSED] - click(findTestObject("Object Repository/Denna/User - Pengaturan Email/button Profile")): Object: 'Object Repository/Denna/User - Pengaturan Email/button Profile' is clicked on

2020-05-19 15:37:15 - [MESSAGE][PASSED] - Object: 'Object Repository/Denna/User - Pengaturan Email/button Profile' is clicked on

2020-05-19 15:37:15 - [TEST_STEP][PASSED] - click(findTestObject("Object Repository/Denna/User - Pengaturan Email/button Pengaturan Email")): Object: 'Object Repository/Denna/User - Pengaturan Email/button Pengaturan Email' is clicked on

2020-05-19 15:37:17 - [MESSAGE][PASSED] - Object: 'Object Repository/Denna/User - Pengaturan Email/button Pengaturan Email' is clicked on

2020-05-19 15:37:17 - [TEST_STEP][PASSED] - click(findTestObject("Object Repository/Denna/User - Pengaturan Email/button Edit")): Object: 'Object Repository/Denna/User - Pengaturan Email/button Edit' is clicked on

2020-05-19 15:37:22 - [MESSAGE][PASSED] - Object: 'Object Repository/Denna/User - Pengaturan Email/button Edit' is clicked on

2020-05-19 15:37:22 - [TEST_STEP][PASSED] - setText(findTestObject("Object Repository/Denna/User - Pengaturan Email/input Alamat email yang lain_secondEmail"), email): Text '' is set on object 'Object Repository/Denna/User - Pengaturan Email/input Alamat email yang lain_secondEmail'

2020-05-19 15:37:23 - [MESSAGE][PASSED] - Text '' is set on object 'Object Repository/Denna/User - Pengaturan Email/input Alamat email yang lain_secondEmail'

2020-05-19 15:37:23 - [TEST_STEP][PASSED] - if (keterangan == "cancel"): null

2020-05-19 15:37:23 - [TEST_STEP][PASSED] - else: Object: 'Object Repository/Denna/User - Pengaturan Email/button Update Email' is clicked on

2020-05-19 15:37:23 - [TEST_STEP][PASSED] - click(findTestObject("Denna/User - Pengaturan Email/button Update Email")): Object: 'Object Repository/Denna/User - Pengaturan Email/button Update Email' is clicked on

2020-05-19 15:37:23 - [MESSAGE][PASSED] - Object: 'Object Repository/Denna/User - Pengaturan Email/button Update Email' is clicked on

2020-05-19 15:37:23 - [TEST_STEP][PASSED] - delay(5): Delayed 5 second(s)

2020-05-19 15:37:28 - [MESSAGE][PASSED] - Delayed 5 second(s)

2020-05-19 15:37:28 - [TEST_STEP][PASSED] - switch (kondisi): null

2020-05-19 15:37:28 - [TEST_STEP][PASSED] - case "fail":: null

2020-05-19 15:37:28 - [TEST_STEP][PASSED] - if (keterangan == "emptyEmail"): Object 'Object Repository/Denna/User - Pengaturan Email/label_Harap diisi' is visible

2020-05-19 15:37:28 - [TEST_STEP][PASSED] - verifyElementVisible(findTestObject("Denna/User - Pengaturan Email/label_Harap diisi")): Object 'Object Repository/Denna/User - Pengaturan Email/label_Harap diisi' is visible

2020-05-19 15:37:29 - [MESSAGE][PASSED] - Object 'Object Repository/Denna/User - Pengaturan Email/label_Harap diisi' is visible

2020-05-19 15:37:29 - [TEST_STEP][PASSED] - break: null

2020-05-19 15:37:29 - [TEST_STEP][PASSED] - closeBrowser(): Browser is closed

2020-05-19 15:37:44 - [MESSAGE][PASSED] - Browser is closed]]></system-out>
         <system-err><![CDATA[]]></system-err>
      </testcase>
      <testcase name="Test Cases/Denna/User - Pengaturan Email" time="101.247" classname="Test Cases/Denna/User - Pengaturan Email" status="PASSED">
         <system-out><![CDATA[2020-05-19 15:37:44 - [TEST_CASE][PASSED] - Test Cases/Denna/User - Pengaturan Email: Test Cases/Denna/User - Pengaturan Email

2020-05-19 15:37:44 - [TEST_STEP][PASSED] - callTestCase(findTestCase("Denna/Login(User)"), [:], STOP_ON_FAILURE): Call Test Case 'Test Cases/Denna/Login(User)' successfully

2020-05-19 15:37:44 - [TEST_CASE][PASSED] - Test Cases/Denna/Login(User): Test Cases/Denna/Login(User)

2020-05-19 15:37:44 - [TEST_STEP][PASSED] - openBrowser(""): Browser is opened with url: ''

2020-05-19 15:37:44 - [MESSAGE][INFO] - Starting 'Chrome' driver

2020-05-19 15:37:56 - [MESSAGE][PASSED] - Browser is opened with url: ''

2020-05-19 15:37:56 - [TEST_STEP][PASSED] - navigateToUrl("https://appsrv1.deltadatamandiri.com/ACC_LMS_WEB/#/Main"): Navigate to 'https://appsrv1.deltadatamandiri.com/ACC_LMS_WEB/#/Main' successfully

2020-05-19 15:38:10 - [MESSAGE][PASSED] - Navigate to 'https://appsrv1.deltadatamandiri.com/ACC_LMS_WEB/#/Main' successfully

2020-05-19 15:38:10 - [TEST_STEP][PASSED] - maximizeWindow(): Current window maximized

2020-05-19 15:38:12 - [MESSAGE][PASSED] - Current window maximized

2020-05-19 15:38:12 - [TEST_STEP][PASSED] - click(findTestObject("Denna/User-Login/button login")): Object: 'Object Repository/Denna/User-Login/button login' is clicked on

2020-05-19 15:38:29 - [MESSAGE][PASSED] - Object: 'Object Repository/Denna/User-Login/button login' is clicked on

2020-05-19 15:38:29 - [TEST_STEP][PASSED] - setText(findTestObject("Denna/User-Login/input NPK username"), "14426"): Text '14426' is set on object 'Object Repository/Denna/User-Login/input NPK username'

2020-05-19 15:38:30 - [MESSAGE][PASSED] - Text '14426' is set on object 'Object Repository/Denna/User-Login/input NPK username'

2020-05-19 15:38:30 - [TEST_STEP][PASSED] - setText(findTestObject("Denna/User-Login/inputPassword"), "Password2"): Text 'Password2' is set on object 'Object Repository/Denna/User-Login/inputPassword'

2020-05-19 15:38:31 - [MESSAGE][PASSED] - Text 'Password2' is set on object 'Object Repository/Denna/User-Login/inputPassword'

2020-05-19 15:38:31 - [TEST_STEP][PASSED] - click(findTestObject("Denna/User-Login/button login 1 masuk")): Object: 'Object Repository/Denna/User-Login/button login 1 masuk' is clicked on

2020-05-19 15:38:31 - [MESSAGE][PASSED] - Object: 'Object Repository/Denna/User-Login/button login 1 masuk' is clicked on

2020-05-19 15:38:31 - [TEST_STEP][PASSED] - verifyElementVisible(findTestObject("Denna/User-Login/button_My Learning IconMy Learning")): Object 'Object Repository/Denna/User-Login/button_My Learning IconMy Learning' is visible

2020-05-19 15:38:49 - [MESSAGE][PASSED] - Object 'Object Repository/Denna/User-Login/button_My Learning IconMy Learning' is visible

2020-05-19 15:38:49 - [MESSAGE][PASSED] - Call Test Case 'Test Cases/Denna/Login(User)' successfully

2020-05-19 15:38:49 - [TEST_STEP][PASSED] - click(findTestObject("Object Repository/Denna/User - Pengaturan Email/button Profile")): Object: 'Object Repository/Denna/User - Pengaturan Email/button Profile' is clicked on

2020-05-19 15:38:50 - [MESSAGE][PASSED] - Object: 'Object Repository/Denna/User - Pengaturan Email/button Profile' is clicked on

2020-05-19 15:38:50 - [TEST_STEP][PASSED] - click(findTestObject("Object Repository/Denna/User - Pengaturan Email/button Pengaturan Email")): Object: 'Object Repository/Denna/User - Pengaturan Email/button Pengaturan Email' is clicked on

2020-05-19 15:38:52 - [MESSAGE][PASSED] - Object: 'Object Repository/Denna/User - Pengaturan Email/button Pengaturan Email' is clicked on

2020-05-19 15:38:52 - [TEST_STEP][PASSED] - click(findTestObject("Object Repository/Denna/User - Pengaturan Email/button Edit")): Object: 'Object Repository/Denna/User - Pengaturan Email/button Edit' is clicked on

2020-05-19 15:38:57 - [MESSAGE][PASSED] - Object: 'Object Repository/Denna/User - Pengaturan Email/button Edit' is clicked on

2020-05-19 15:38:57 - [TEST_STEP][PASSED] - setText(findTestObject("Object Repository/Denna/User - Pengaturan Email/input Alamat email yang lain_secondEmail"), email): Text 'yoke' is set on object 'Object Repository/Denna/User - Pengaturan Email/input Alamat email yang lain_secondEmail'

2020-05-19 15:38:59 - [MESSAGE][PASSED] - Text 'yoke' is set on object 'Object Repository/Denna/User - Pengaturan Email/input Alamat email yang lain_secondEmail'

2020-05-19 15:38:59 - [TEST_STEP][PASSED] - if (keterangan == "cancel"): null

2020-05-19 15:38:59 - [TEST_STEP][PASSED] - else: Object: 'Object Repository/Denna/User - Pengaturan Email/button Update Email' is clicked on

2020-05-19 15:38:59 - [TEST_STEP][PASSED] - click(findTestObject("Denna/User - Pengaturan Email/button Update Email")): Object: 'Object Repository/Denna/User - Pengaturan Email/button Update Email' is clicked on

2020-05-19 15:38:59 - [MESSAGE][PASSED] - Object: 'Object Repository/Denna/User - Pengaturan Email/button Update Email' is clicked on

2020-05-19 15:38:59 - [TEST_STEP][PASSED] - delay(5): Delayed 5 second(s)

2020-05-19 15:39:04 - [MESSAGE][PASSED] - Delayed 5 second(s)

2020-05-19 15:39:04 - [TEST_STEP][PASSED] - switch (kondisi): null

2020-05-19 15:39:04 - [TEST_STEP][PASSED] - case "fail":: null

2020-05-19 15:39:04 - [TEST_STEP][PASSED] - if (keterangan == "emptyEmail"): null

2020-05-19 15:39:04 - [TEST_STEP][PASSED] - else if (keterangan == "invalidEmail"): Object 'Object Repository/Denna/User - Pengaturan Email/label_Invalid email' is visible

2020-05-19 15:39:04 - [TEST_STEP][PASSED] - verifyElementVisible(findTestObject("Denna/User - Pengaturan Email/label_Invalid email")): Object 'Object Repository/Denna/User - Pengaturan Email/label_Invalid email' is visible

2020-05-19 15:39:05 - [MESSAGE][PASSED] - Object 'Object Repository/Denna/User - Pengaturan Email/label_Invalid email' is visible

2020-05-19 15:39:05 - [TEST_STEP][PASSED] - break: null

2020-05-19 15:39:05 - [TEST_STEP][PASSED] - closeBrowser(): Browser is closed

2020-05-19 15:39:25 - [MESSAGE][PASSED] - Browser is closed]]></system-out>
         <system-err><![CDATA[]]></system-err>
      </testcase>
      <testcase name="Test Cases/Denna/User - Pengaturan Email" time="82.959" classname="Test Cases/Denna/User - Pengaturan Email" status="PASSED">
         <system-out><![CDATA[2020-05-19 15:39:25 - [TEST_CASE][PASSED] - Test Cases/Denna/User - Pengaturan Email: Test Cases/Denna/User - Pengaturan Email

2020-05-19 15:39:25 - [TEST_STEP][PASSED] - callTestCase(findTestCase("Denna/Login(User)"), [:], STOP_ON_FAILURE): Call Test Case 'Test Cases/Denna/Login(User)' successfully

2020-05-19 15:39:25 - [TEST_CASE][PASSED] - Test Cases/Denna/Login(User): Test Cases/Denna/Login(User)

2020-05-19 15:39:25 - [TEST_STEP][PASSED] - openBrowser(""): Browser is opened with url: ''

2020-05-19 15:39:25 - [MESSAGE][INFO] - Starting 'Chrome' driver

2020-05-19 15:39:35 - [MESSAGE][PASSED] - Browser is opened with url: ''

2020-05-19 15:39:35 - [TEST_STEP][PASSED] - navigateToUrl("https://appsrv1.deltadatamandiri.com/ACC_LMS_WEB/#/Main"): Navigate to 'https://appsrv1.deltadatamandiri.com/ACC_LMS_WEB/#/Main' successfully

2020-05-19 15:39:46 - [MESSAGE][PASSED] - Navigate to 'https://appsrv1.deltadatamandiri.com/ACC_LMS_WEB/#/Main' successfully

2020-05-19 15:39:46 - [TEST_STEP][PASSED] - maximizeWindow(): Current window maximized

2020-05-19 15:39:49 - [MESSAGE][PASSED] - Current window maximized

2020-05-19 15:39:49 - [TEST_STEP][PASSED] - click(findTestObject("Denna/User-Login/button login")): Object: 'Object Repository/Denna/User-Login/button login' is clicked on

2020-05-19 15:40:07 - [MESSAGE][PASSED] - Object: 'Object Repository/Denna/User-Login/button login' is clicked on

2020-05-19 15:40:07 - [TEST_STEP][PASSED] - setText(findTestObject("Denna/User-Login/input NPK username"), "14426"): Text '14426' is set on object 'Object Repository/Denna/User-Login/input NPK username'

2020-05-19 15:40:08 - [MESSAGE][PASSED] - Text '14426' is set on object 'Object Repository/Denna/User-Login/input NPK username'

2020-05-19 15:40:08 - [TEST_STEP][PASSED] - setText(findTestObject("Denna/User-Login/inputPassword"), "Password2"): Text 'Password2' is set on object 'Object Repository/Denna/User-Login/inputPassword'

2020-05-19 15:40:08 - [MESSAGE][PASSED] - Text 'Password2' is set on object 'Object Repository/Denna/User-Login/inputPassword'

2020-05-19 15:40:08 - [TEST_STEP][PASSED] - click(findTestObject("Denna/User-Login/button login 1 masuk")): Object: 'Object Repository/Denna/User-Login/button login 1 masuk' is clicked on

2020-05-19 15:40:08 - [MESSAGE][PASSED] - Object: 'Object Repository/Denna/User-Login/button login 1 masuk' is clicked on

2020-05-19 15:40:08 - [TEST_STEP][PASSED] - verifyElementVisible(findTestObject("Denna/User-Login/button_My Learning IconMy Learning")): Object 'Object Repository/Denna/User-Login/button_My Learning IconMy Learning' is visible

2020-05-19 15:40:22 - [MESSAGE][PASSED] - Object 'Object Repository/Denna/User-Login/button_My Learning IconMy Learning' is visible

2020-05-19 15:40:22 - [MESSAGE][PASSED] - Call Test Case 'Test Cases/Denna/Login(User)' successfully

2020-05-19 15:40:22 - [TEST_STEP][PASSED] - click(findTestObject("Object Repository/Denna/User - Pengaturan Email/button Profile")): Object: 'Object Repository/Denna/User - Pengaturan Email/button Profile' is clicked on

2020-05-19 15:40:29 - [MESSAGE][PASSED] - Object: 'Object Repository/Denna/User - Pengaturan Email/button Profile' is clicked on

2020-05-19 15:40:29 - [TEST_STEP][PASSED] - click(findTestObject("Object Repository/Denna/User - Pengaturan Email/button Pengaturan Email")): Object: 'Object Repository/Denna/User - Pengaturan Email/button Pengaturan Email' is clicked on

2020-05-19 15:40:31 - [MESSAGE][PASSED] - Object: 'Object Repository/Denna/User - Pengaturan Email/button Pengaturan Email' is clicked on

2020-05-19 15:40:31 - [TEST_STEP][PASSED] - click(findTestObject("Object Repository/Denna/User - Pengaturan Email/button Edit")): Object: 'Object Repository/Denna/User - Pengaturan Email/button Edit' is clicked on

2020-05-19 15:40:35 - [MESSAGE][PASSED] - Object: 'Object Repository/Denna/User - Pengaturan Email/button Edit' is clicked on

2020-05-19 15:40:35 - [TEST_STEP][PASSED] - setText(findTestObject("Object Repository/Denna/User - Pengaturan Email/input Alamat email yang lain_secondEmail"), email): Text 'dennaleksanti@gmail.com' is set on object 'Object Repository/Denna/User - Pengaturan Email/input Alamat email yang lain_secondEmail'

2020-05-19 15:40:36 - [MESSAGE][PASSED] - Text 'dennaleksanti@gmail.com' is set on object 'Object Repository/Denna/User - Pengaturan Email/input Alamat email yang lain_secondEmail'

2020-05-19 15:40:36 - [TEST_STEP][PASSED] - if (keterangan == "cancel"): Object: 'Object Repository/Denna/User - Pengaturan Email/button Cancel Email' is clicked on

2020-05-19 15:40:36 - [TEST_STEP][PASSED] - click(findTestObject("Denna/User - Pengaturan Email/button Cancel Email")): Object: 'Object Repository/Denna/User - Pengaturan Email/button Cancel Email' is clicked on

2020-05-19 15:40:37 - [MESSAGE][PASSED] - Object: 'Object Repository/Denna/User - Pengaturan Email/button Cancel Email' is clicked on

2020-05-19 15:40:37 - [TEST_STEP][PASSED] - delay(5): Delayed 5 second(s)

2020-05-19 15:40:42 - [MESSAGE][PASSED] - Delayed 5 second(s)

2020-05-19 15:40:42 - [TEST_STEP][PASSED] - switch (kondisi): null

2020-05-19 15:40:42 - [TEST_STEP][PASSED] - case "fail":: null

2020-05-19 15:40:42 - [TEST_STEP][PASSED] - if (keterangan == "emptyEmail"): null

2020-05-19 15:40:42 - [TEST_STEP][PASSED] - else if (keterangan == "invalidEmail"): null

2020-05-19 15:40:42 - [TEST_STEP][PASSED] - else if (keterangan == "cancel"): Actual object 'dennaleksanti@gmail.com' and expected object 'dennaleksanti@gmail.com' are equal

2020-05-19 15:40:42 - [TEST_STEP][PASSED] - emailValue = getAttribute(findTestObject("Denna/User - Pengaturan Email/input Alamat email yang lain_secondEmail - Copy"), "value"): Attribute 'value' of object 'Object Repository/Denna/User - Pengaturan Email/input Alamat email yang lain_secondEmail - Copy' is: 'dennaleksanti@gmail.com'

2020-05-19 15:40:43 - [MESSAGE][PASSED] - Attribute 'value' of object 'Object Repository/Denna/User - Pengaturan Email/input Alamat email yang lain_secondEmail - Copy' is: 'dennaleksanti@gmail.com'

2020-05-19 15:40:43 - [TEST_STEP][PASSED] - verifyEqual(emailValue, email): Actual object 'dennaleksanti@gmail.com' and expected object 'dennaleksanti@gmail.com' are equal

2020-05-19 15:40:44 - [MESSAGE][PASSED] - Actual object 'dennaleksanti@gmail.com' and expected object 'dennaleksanti@gmail.com' are equal

2020-05-19 15:40:44 - [TEST_STEP][PASSED] - break: null

2020-05-19 15:40:44 - [TEST_STEP][PASSED] - closeBrowser(): Browser is closed

2020-05-19 15:40:48 - [MESSAGE][PASSED] - Browser is closed]]></system-out>
         <system-err><![CDATA[]]></system-err>
      </testcase>
      <testcase name="Test Cases/Denna/User - Pengaturan Email" time="73.149" classname="Test Cases/Denna/User - Pengaturan Email" status="PASSED">
         <system-out><![CDATA[2020-05-19 15:40:48 - [TEST_CASE][PASSED] - Test Cases/Denna/User - Pengaturan Email: Test Cases/Denna/User - Pengaturan Email

2020-05-19 15:40:48 - [TEST_STEP][PASSED] - callTestCase(findTestCase("Denna/Login(User)"), [:], STOP_ON_FAILURE): Call Test Case 'Test Cases/Denna/Login(User)' successfully

2020-05-19 15:40:48 - [TEST_CASE][PASSED] - Test Cases/Denna/Login(User): Test Cases/Denna/Login(User)

2020-05-19 15:40:49 - [TEST_STEP][PASSED] - openBrowser(""): Browser is opened with url: ''

2020-05-19 15:40:49 - [MESSAGE][INFO] - Starting 'Chrome' driver

2020-05-19 15:40:58 - [MESSAGE][PASSED] - Browser is opened with url: ''

2020-05-19 15:40:58 - [TEST_STEP][PASSED] - navigateToUrl("https://appsrv1.deltadatamandiri.com/ACC_LMS_WEB/#/Main"): Navigate to 'https://appsrv1.deltadatamandiri.com/ACC_LMS_WEB/#/Main' successfully

2020-05-19 15:41:13 - [MESSAGE][PASSED] - Navigate to 'https://appsrv1.deltadatamandiri.com/ACC_LMS_WEB/#/Main' successfully

2020-05-19 15:41:13 - [TEST_STEP][PASSED] - maximizeWindow(): Current window maximized

2020-05-19 15:41:16 - [MESSAGE][PASSED] - Current window maximized

2020-05-19 15:41:16 - [TEST_STEP][PASSED] - click(findTestObject("Denna/User-Login/button login")): Object: 'Object Repository/Denna/User-Login/button login' is clicked on

2020-05-19 15:41:24 - [MESSAGE][PASSED] - Object: 'Object Repository/Denna/User-Login/button login' is clicked on

2020-05-19 15:41:24 - [TEST_STEP][PASSED] - setText(findTestObject("Denna/User-Login/input NPK username"), "14426"): Text '14426' is set on object 'Object Repository/Denna/User-Login/input NPK username'

2020-05-19 15:41:26 - [MESSAGE][PASSED] - Text '14426' is set on object 'Object Repository/Denna/User-Login/input NPK username'

2020-05-19 15:41:26 - [TEST_STEP][PASSED] - setText(findTestObject("Denna/User-Login/inputPassword"), "Password2"): Text 'Password2' is set on object 'Object Repository/Denna/User-Login/inputPassword'

2020-05-19 15:41:26 - [MESSAGE][PASSED] - Text 'Password2' is set on object 'Object Repository/Denna/User-Login/inputPassword'

2020-05-19 15:41:26 - [TEST_STEP][PASSED] - click(findTestObject("Denna/User-Login/button login 1 masuk")): Object: 'Object Repository/Denna/User-Login/button login 1 masuk' is clicked on

2020-05-19 15:41:27 - [MESSAGE][PASSED] - Object: 'Object Repository/Denna/User-Login/button login 1 masuk' is clicked on

2020-05-19 15:41:27 - [TEST_STEP][PASSED] - verifyElementVisible(findTestObject("Denna/User-Login/button_My Learning IconMy Learning")): Object 'Object Repository/Denna/User-Login/button_My Learning IconMy Learning' is visible

2020-05-19 15:41:43 - [MESSAGE][PASSED] - Object 'Object Repository/Denna/User-Login/button_My Learning IconMy Learning' is visible

2020-05-19 15:41:43 - [MESSAGE][PASSED] - Call Test Case 'Test Cases/Denna/Login(User)' successfully

2020-05-19 15:41:43 - [TEST_STEP][PASSED] - click(findTestObject("Object Repository/Denna/User - Pengaturan Email/button Profile")): Object: 'Object Repository/Denna/User - Pengaturan Email/button Profile' is clicked on

2020-05-19 15:41:44 - [MESSAGE][PASSED] - Object: 'Object Repository/Denna/User - Pengaturan Email/button Profile' is clicked on

2020-05-19 15:41:44 - [TEST_STEP][PASSED] - click(findTestObject("Object Repository/Denna/User - Pengaturan Email/button Pengaturan Email")): Object: 'Object Repository/Denna/User - Pengaturan Email/button Pengaturan Email' is clicked on

2020-05-19 15:41:46 - [MESSAGE][PASSED] - Object: 'Object Repository/Denna/User - Pengaturan Email/button Pengaturan Email' is clicked on

2020-05-19 15:41:46 - [TEST_STEP][PASSED] - click(findTestObject("Object Repository/Denna/User - Pengaturan Email/button Edit")): Object: 'Object Repository/Denna/User - Pengaturan Email/button Edit' is clicked on

2020-05-19 15:41:51 - [MESSAGE][PASSED] - Object: 'Object Repository/Denna/User - Pengaturan Email/button Edit' is clicked on

2020-05-19 15:41:51 - [TEST_STEP][PASSED] - setText(findTestObject("Object Repository/Denna/User - Pengaturan Email/input Alamat email yang lain_secondEmail"), email): Text 'yokebethdenna@gmail.com' is set on object 'Object Repository/Denna/User - Pengaturan Email/input Alamat email yang lain_secondEmail'

2020-05-19 15:41:53 - [MESSAGE][PASSED] - Text 'yokebethdenna@gmail.com' is set on object 'Object Repository/Denna/User - Pengaturan Email/input Alamat email yang lain_secondEmail'

2020-05-19 15:41:53 - [TEST_STEP][PASSED] - if (keterangan == "cancel"): null

2020-05-19 15:41:53 - [TEST_STEP][PASSED] - else: Object: 'Object Repository/Denna/User - Pengaturan Email/button Update Email' is clicked on

2020-05-19 15:41:53 - [TEST_STEP][PASSED] - click(findTestObject("Denna/User - Pengaturan Email/button Update Email")): Object: 'Object Repository/Denna/User - Pengaturan Email/button Update Email' is clicked on

2020-05-19 15:41:53 - [MESSAGE][PASSED] - Object: 'Object Repository/Denna/User - Pengaturan Email/button Update Email' is clicked on

2020-05-19 15:41:53 - [TEST_STEP][PASSED] - delay(5): Delayed 5 second(s)

2020-05-19 15:41:58 - [MESSAGE][PASSED] - Delayed 5 second(s)

2020-05-19 15:41:58 - [TEST_STEP][PASSED] - switch (kondisi): null

2020-05-19 15:41:58 - [TEST_STEP][PASSED] - case "pass":: null

2020-05-19 15:41:58 - [TEST_STEP][PASSED] - emailValue = getAttribute(findTestObject("Denna/User - Pengaturan Email/input Alamat email yang lain_secondEmail - Copy"), "value"): Attribute 'value' of object 'Object Repository/Denna/User - Pengaturan Email/input Alamat email yang lain_secondEmail - Copy' is: 'yokebethdenna@gmail.com'

2020-05-19 15:41:58 - [MESSAGE][PASSED] - Attribute 'value' of object 'Object Repository/Denna/User - Pengaturan Email/input Alamat email yang lain_secondEmail - Copy' is: 'yokebethdenna@gmail.com'

2020-05-19 15:41:58 - [TEST_STEP][PASSED] - verifyEqual(emailValue, email): Actual object 'yokebethdenna@gmail.com' and expected object 'yokebethdenna@gmail.com' are equal

2020-05-19 15:41:58 - [MESSAGE][PASSED] - Actual object 'yokebethdenna@gmail.com' and expected object 'yokebethdenna@gmail.com' are equal

2020-05-19 15:41:58 - [TEST_STEP][PASSED] - break: null

2020-05-19 15:41:58 - [TEST_STEP][PASSED] - closeBrowser(): Browser is closed

2020-05-19 15:42:01 - [MESSAGE][PASSED] - Browser is closed]]></system-out>
         <system-err><![CDATA[]]></system-err>
      </testcase>
      <system-out><![CDATA[2020-05-19 15:36:06 - [TEST_SUITE][PASSED] - User - Pengaturan Email: Test Cases/Denna/User - Pengaturan Email]]></system-out>
      <system-err><![CDATA[]]></system-err>
   </testsuite>
</testsuites>
