<?xml version="1.0" encoding="UTF-8"?>
<testsuites name="User-Forgot Password" time="205.909" tests="4" failures="0" errors="0">
   <testsuite name="User-Forgot Password" tests="4" failures="0" errors="0" time="205.909" timestamp="2020-05-14 16:49:06" hostname="Denna Leksanti - 192.168.152.1" id="Test Suites/Denna/User-Forgot Password">
      <properties>
         <property name="deviceName" value=""/>
         <property name="devicePlatform" value=""/>
         <property name="logFolder" value="C:\\Users\\Hari Sapto\\git\\LearningManagementWeb\\Reports\\20200514_164842\\Denna\\User-Forgot Password\\20200514_164842"/>
         <property name="logFiles" value="C:\\Users\\Hari Sapto\\git\\LearningManagementWeb\\Reports\\20200514_164842\\Denna\\User-Forgot Password\\20200514_164842\\execution0.log"/>
         <property name="attachments" value=""/>
         <property name="hostName" value="Denna Leksanti - 192.168.152.1"/>
         <property name="os" value="Windows 10 64bit"/>
         <property name="katalonVersion" value="7.0.8.1"/>
         <property name="browser" value="Chrome 81.0.4044.138"/>
         <property name="hostAddress" value="192.168.152.1"/>
         <property name="sessionId" value="542f26da8bf4b095252f8f5369a2b342"/>
         <property name="seleniumVersion" value="3.141.59"/>
         <property name="proxyInformation" value="ProxyInformation{proxyOption=NO_PROXY, proxyServerType=HTTP, password=, proxyServerAddress=, proxyServerPort=0}"/>
         <property name="platform" value="Windows 10"/>
      </properties>
      <testcase name="Test Cases/Denna/User - Forgot Password" time="98.186" classname="Test Cases/Denna/User - Forgot Password" status="PASSED">
         <system-out><![CDATA[2020-05-14 16:49:08 - [TEST_CASE][PASSED] - Test Cases/Denna/User - Forgot Password: Test Cases/Denna/User - Forgot Password

2020-05-14 16:49:10 - [TEST_STEP][PASSED] - openBrowser(""): Browser is opened with url: ''

2020-05-14 16:49:10 - [MESSAGE][INFO] - Starting 'Chrome' driver

2020-05-14 16:49:10 - [MESSAGE][INFO] - Action delay is set to 0 seconds

2020-05-14 16:49:37 - [MESSAGE][PASSED] - Browser is opened with url: ''

2020-05-14 16:49:37 - [TEST_STEP][PASSED] - navigateToUrl("https://appsrv1.deltadatamandiri.com/ACC_LMS_WEB/#/Main"): Navigate to 'https://appsrv1.deltadatamandiri.com/ACC_LMS_WEB/#/Main' successfully

2020-05-14 16:50:01 - [MESSAGE][PASSED] - Navigate to 'https://appsrv1.deltadatamandiri.com/ACC_LMS_WEB/#/Main' successfully

2020-05-14 16:50:01 - [TEST_STEP][PASSED] - maximizeWindow(): Current window maximized

2020-05-14 16:50:04 - [MESSAGE][PASSED] - Current window maximized

2020-05-14 16:50:04 - [TEST_STEP][PASSED] - click(findTestObject("Denna/User - Forgot Password/button login")): Object: 'Object Repository/Denna/User - Forgot Password/button login' is clicked on

2020-05-14 16:50:10 - [MESSAGE][PASSED] - Object: 'Object Repository/Denna/User - Forgot Password/button login' is clicked on

2020-05-14 16:50:10 - [TEST_STEP][PASSED] - click(findTestObject("Object Repository/Denna/User - Forgot Password/button Forgot Password")): Object: 'Object Repository/Denna/User - Forgot Password/button Forgot Password' is clicked on

2020-05-14 16:50:27 - [MESSAGE][PASSED] - Object: 'Object Repository/Denna/User - Forgot Password/button Forgot Password' is clicked on

2020-05-14 16:50:27 - [TEST_STEP][PASSED] - setText(findTestObject("Denna/User - Forgot Password/input NPK npkUser"), NPK): Text '14426' is set on object 'Object Repository/Denna/User - Forgot Password/input NPK npkUser'

2020-05-14 16:50:35 - [MESSAGE][PASSED] - Text '14426' is set on object 'Object Repository/Denna/User - Forgot Password/input NPK npkUser'

2020-05-14 16:50:35 - [TEST_STEP][PASSED] - click(findTestObject("Object Repository/Denna/User - Forgot Password/button Kirim OTP")): Object: 'Object Repository/Denna/User - Forgot Password/button Kirim OTP' is clicked on

2020-05-14 16:50:36 - [MESSAGE][PASSED] - Object: 'Object Repository/Denna/User - Forgot Password/button Kirim OTP' is clicked on

2020-05-14 16:50:36 - [TEST_STEP][PASSED] - switch (Kondisi): null

2020-05-14 16:50:36 - [TEST_STEP][PASSED] - case "fail":: null

2020-05-14 16:50:36 - [TEST_STEP][PASSED] - setText(findTestObject("Denna/User - Forgot Password/input Icon newPassword"), newPassword): Text '' is set on object 'Object Repository/Denna/User - Forgot Password/input Icon newPassword'

2020-05-14 16:50:40 - [MESSAGE][PASSED] - Text '' is set on object 'Object Repository/Denna/User - Forgot Password/input Icon newPassword'

2020-05-14 16:50:40 - [TEST_STEP][PASSED] - setText(findTestObject("Denna/User - Forgot Password/input Icon newPasswordConfirm"), newPasswordConfirm): Text 'Password2' is set on object 'Object Repository/Denna/User - Forgot Password/input Icon newPasswordConfirm'

2020-05-14 16:50:40 - [MESSAGE][PASSED] - Text 'Password2' is set on object 'Object Repository/Denna/User - Forgot Password/input Icon newPasswordConfirm'

2020-05-14 16:50:40 - [TEST_STEP][PASSED] - click(findTestObject("Object Repository/Denna/User - Forgot Password/button RESET PASSWORD")): Object: 'Object Repository/Denna/User - Forgot Password/button RESET PASSWORD' is clicked on

2020-05-14 16:50:41 - [MESSAGE][PASSED] - Object: 'Object Repository/Denna/User - Forgot Password/button RESET PASSWORD' is clicked on

2020-05-14 16:50:41 - [TEST_STEP][PASSED] - if (Keterangan == "emptyAllPassword"): null

2020-05-14 16:50:41 - [TEST_STEP][PASSED] - else if (Keterangan == "emptyPasswordConfirm"): null

2020-05-14 16:50:41 - [TEST_STEP][PASSED] - else if (Keterangan == "emptyNewPassword"): Object 'Object Repository/Denna/User - Forgot Password/label password must be at least 6 characters and contain uppercase lowercase letters and numbers' is visible

2020-05-14 16:50:41 - [TEST_STEP][PASSED] - verifyElementVisible(findTestObject("Denna/User - Forgot Password/label password must be at least 6 characters and contain uppercase lowercase letters and numbers")): Object 'Object Repository/Denna/User - Forgot Password/label password must be at least 6 characters and contain uppercase lowercase letters and numbers' is visible

2020-05-14 16:50:41 - [MESSAGE][PASSED] - Object 'Object Repository/Denna/User - Forgot Password/label password must be at least 6 characters and contain uppercase lowercase letters and numbers' is visible

2020-05-14 16:50:41 - [TEST_STEP][PASSED] - break: null

2020-05-14 16:50:41 - [TEST_STEP][PASSED] - closeBrowser(): Browser is closed

2020-05-14 16:50:46 - [MESSAGE][PASSED] - Browser is closed]]></system-out>
         <system-err><![CDATA[]]></system-err>
      </testcase>
      <testcase name="Test Cases/Denna/User - Forgot Password" time="43.235" classname="Test Cases/Denna/User - Forgot Password" status="PASSED">
         <system-out><![CDATA[2020-05-14 16:50:46 - [TEST_CASE][PASSED] - Test Cases/Denna/User - Forgot Password: Test Cases/Denna/User - Forgot Password

2020-05-14 16:50:46 - [TEST_STEP][PASSED] - openBrowser(""): Browser is opened with url: ''

2020-05-14 16:50:46 - [MESSAGE][INFO] - Starting 'Chrome' driver

2020-05-14 16:50:59 - [MESSAGE][PASSED] - Browser is opened with url: ''

2020-05-14 16:50:59 - [TEST_STEP][PASSED] - navigateToUrl("https://appsrv1.deltadatamandiri.com/ACC_LMS_WEB/#/Main"): Navigate to 'https://appsrv1.deltadatamandiri.com/ACC_LMS_WEB/#/Main' successfully

2020-05-14 16:51:10 - [MESSAGE][PASSED] - Navigate to 'https://appsrv1.deltadatamandiri.com/ACC_LMS_WEB/#/Main' successfully

2020-05-14 16:51:10 - [TEST_STEP][PASSED] - maximizeWindow(): Current window maximized

2020-05-14 16:51:12 - [MESSAGE][PASSED] - Current window maximized

2020-05-14 16:51:12 - [TEST_STEP][PASSED] - click(findTestObject("Denna/User - Forgot Password/button login")): Object: 'Object Repository/Denna/User - Forgot Password/button login' is clicked on

2020-05-14 16:51:18 - [MESSAGE][PASSED] - Object: 'Object Repository/Denna/User - Forgot Password/button login' is clicked on

2020-05-14 16:51:18 - [TEST_STEP][PASSED] - click(findTestObject("Object Repository/Denna/User - Forgot Password/button Forgot Password")): Object: 'Object Repository/Denna/User - Forgot Password/button Forgot Password' is clicked on

2020-05-14 16:51:21 - [MESSAGE][PASSED] - Object: 'Object Repository/Denna/User - Forgot Password/button Forgot Password' is clicked on

2020-05-14 16:51:21 - [TEST_STEP][PASSED] - setText(findTestObject("Denna/User - Forgot Password/input NPK npkUser"), NPK): Text '14426' is set on object 'Object Repository/Denna/User - Forgot Password/input NPK npkUser'

2020-05-14 16:51:22 - [MESSAGE][PASSED] - Text '14426' is set on object 'Object Repository/Denna/User - Forgot Password/input NPK npkUser'

2020-05-14 16:51:22 - [TEST_STEP][PASSED] - click(findTestObject("Object Repository/Denna/User - Forgot Password/button Kirim OTP")): Object: 'Object Repository/Denna/User - Forgot Password/button Kirim OTP' is clicked on

2020-05-14 16:51:22 - [MESSAGE][PASSED] - Object: 'Object Repository/Denna/User - Forgot Password/button Kirim OTP' is clicked on

2020-05-14 16:51:22 - [TEST_STEP][PASSED] - switch (Kondisi): null

2020-05-14 16:51:22 - [TEST_STEP][PASSED] - case "fail":: null

2020-05-14 16:51:22 - [TEST_STEP][PASSED] - setText(findTestObject("Denna/User - Forgot Password/input Icon newPassword"), newPassword): Text 'Password2' is set on object 'Object Repository/Denna/User - Forgot Password/input Icon newPassword'

2020-05-14 16:51:27 - [MESSAGE][PASSED] - Text 'Password2' is set on object 'Object Repository/Denna/User - Forgot Password/input Icon newPassword'

2020-05-14 16:51:27 - [TEST_STEP][PASSED] - setText(findTestObject("Denna/User - Forgot Password/input Icon newPasswordConfirm"), newPasswordConfirm): Text 'Password9' is set on object 'Object Repository/Denna/User - Forgot Password/input Icon newPasswordConfirm'

2020-05-14 16:51:27 - [MESSAGE][PASSED] - Text 'Password9' is set on object 'Object Repository/Denna/User - Forgot Password/input Icon newPasswordConfirm'

2020-05-14 16:51:27 - [TEST_STEP][PASSED] - click(findTestObject("Object Repository/Denna/User - Forgot Password/button RESET PASSWORD")): Object: 'Object Repository/Denna/User - Forgot Password/button RESET PASSWORD' is clicked on

2020-05-14 16:51:28 - [MESSAGE][PASSED] - Object: 'Object Repository/Denna/User - Forgot Password/button RESET PASSWORD' is clicked on

2020-05-14 16:51:28 - [TEST_STEP][PASSED] - if (Keterangan == "emptyAllPassword"): null

2020-05-14 16:51:28 - [TEST_STEP][PASSED] - else if (Keterangan == "emptyPasswordConfirm"): null

2020-05-14 16:51:28 - [TEST_STEP][PASSED] - else if (Keterangan == "emptyNewPassword"): null

2020-05-14 16:51:28 - [TEST_STEP][PASSED] - else if (Keterangan == "PasswordNotMatch"): Object 'Object Repository/Denna/User - Forgot Password/label Password tidak sama' is visible

2020-05-14 16:51:28 - [TEST_STEP][PASSED] - verifyElementVisible(findTestObject("Denna/User - Forgot Password/label Password tidak sama")): Object 'Object Repository/Denna/User - Forgot Password/label Password tidak sama' is visible

2020-05-14 16:51:28 - [MESSAGE][PASSED] - Object 'Object Repository/Denna/User - Forgot Password/label Password tidak sama' is visible

2020-05-14 16:51:28 - [TEST_STEP][PASSED] - break: null

2020-05-14 16:51:28 - [TEST_STEP][PASSED] - closeBrowser(): Browser is closed

2020-05-14 16:51:29 - [MESSAGE][PASSED] - Browser is closed]]></system-out>
         <system-err><![CDATA[]]></system-err>
      </testcase>
      <testcase name="Test Cases/Denna/User - Forgot Password" time="32.538" classname="Test Cases/Denna/User - Forgot Password" status="PASSED">
         <system-out><![CDATA[2020-05-14 16:51:29 - [TEST_CASE][PASSED] - Test Cases/Denna/User - Forgot Password: Test Cases/Denna/User - Forgot Password

2020-05-14 16:51:29 - [TEST_STEP][PASSED] - openBrowser(""): Browser is opened with url: ''

2020-05-14 16:51:29 - [MESSAGE][INFO] - Starting 'Chrome' driver

2020-05-14 16:51:35 - [MESSAGE][PASSED] - Browser is opened with url: ''

2020-05-14 16:51:35 - [TEST_STEP][PASSED] - navigateToUrl("https://appsrv1.deltadatamandiri.com/ACC_LMS_WEB/#/Main"): Navigate to 'https://appsrv1.deltadatamandiri.com/ACC_LMS_WEB/#/Main' successfully

2020-05-14 16:51:49 - [MESSAGE][PASSED] - Navigate to 'https://appsrv1.deltadatamandiri.com/ACC_LMS_WEB/#/Main' successfully

2020-05-14 16:51:49 - [TEST_STEP][PASSED] - maximizeWindow(): Current window maximized

2020-05-14 16:51:51 - [MESSAGE][PASSED] - Current window maximized

2020-05-14 16:51:51 - [TEST_STEP][PASSED] - click(findTestObject("Denna/User - Forgot Password/button login")): Object: 'Object Repository/Denna/User - Forgot Password/button login' is clicked on

2020-05-14 16:51:53 - [MESSAGE][PASSED] - Object: 'Object Repository/Denna/User - Forgot Password/button login' is clicked on

2020-05-14 16:51:53 - [TEST_STEP][PASSED] - click(findTestObject("Object Repository/Denna/User - Forgot Password/button Forgot Password")): Object: 'Object Repository/Denna/User - Forgot Password/button Forgot Password' is clicked on

2020-05-14 16:51:55 - [MESSAGE][PASSED] - Object: 'Object Repository/Denna/User - Forgot Password/button Forgot Password' is clicked on

2020-05-14 16:51:55 - [TEST_STEP][PASSED] - setText(findTestObject("Denna/User - Forgot Password/input NPK npkUser"), NPK): Text '14426' is set on object 'Object Repository/Denna/User - Forgot Password/input NPK npkUser'

2020-05-14 16:51:55 - [MESSAGE][PASSED] - Text '14426' is set on object 'Object Repository/Denna/User - Forgot Password/input NPK npkUser'

2020-05-14 16:51:55 - [TEST_STEP][PASSED] - click(findTestObject("Object Repository/Denna/User - Forgot Password/button Kirim OTP")): Object: 'Object Repository/Denna/User - Forgot Password/button Kirim OTP' is clicked on

2020-05-14 16:51:56 - [MESSAGE][PASSED] - Object: 'Object Repository/Denna/User - Forgot Password/button Kirim OTP' is clicked on

2020-05-14 16:51:56 - [TEST_STEP][PASSED] - switch (Kondisi): null

2020-05-14 16:51:56 - [TEST_STEP][PASSED] - case "fail":: null

2020-05-14 16:51:56 - [TEST_STEP][PASSED] - setText(findTestObject("Denna/User - Forgot Password/input Icon newPassword"), newPassword): Text 'password' is set on object 'Object Repository/Denna/User - Forgot Password/input Icon newPassword'

2020-05-14 16:52:00 - [MESSAGE][PASSED] - Text 'password' is set on object 'Object Repository/Denna/User - Forgot Password/input Icon newPassword'

2020-05-14 16:52:00 - [TEST_STEP][PASSED] - setText(findTestObject("Denna/User - Forgot Password/input Icon newPasswordConfirm"), newPasswordConfirm): Text 'password' is set on object 'Object Repository/Denna/User - Forgot Password/input Icon newPasswordConfirm'

2020-05-14 16:52:00 - [MESSAGE][PASSED] - Text 'password' is set on object 'Object Repository/Denna/User - Forgot Password/input Icon newPasswordConfirm'

2020-05-14 16:52:00 - [TEST_STEP][PASSED] - click(findTestObject("Object Repository/Denna/User - Forgot Password/button RESET PASSWORD")): Object: 'Object Repository/Denna/User - Forgot Password/button RESET PASSWORD' is clicked on

2020-05-14 16:52:00 - [MESSAGE][PASSED] - Object: 'Object Repository/Denna/User - Forgot Password/button RESET PASSWORD' is clicked on

2020-05-14 16:52:00 - [TEST_STEP][PASSED] - if (Keterangan == "emptyAllPassword"): null

2020-05-14 16:52:00 - [TEST_STEP][PASSED] - else if (Keterangan == "emptyPasswordConfirm"): null

2020-05-14 16:52:00 - [TEST_STEP][PASSED] - else if (Keterangan == "emptyNewPassword"): null

2020-05-14 16:52:00 - [TEST_STEP][PASSED] - else if (Keterangan == "PasswordNotMatch"): null

2020-05-14 16:52:00 - [TEST_STEP][PASSED] - else if (Keterangan == "PasswordInvalid"): Object 'Object Repository/Denna/User - Forgot Password/label password must be at least 6 characters and contain uppercase lowercase letters and numbers' is visible

2020-05-14 16:52:00 - [TEST_STEP][PASSED] - verifyElementVisible(findTestObject("Denna/User - Forgot Password/label password must be at least 6 characters and contain uppercase lowercase letters and numbers")): Object 'Object Repository/Denna/User - Forgot Password/label password must be at least 6 characters and contain uppercase lowercase letters and numbers' is visible

2020-05-14 16:52:01 - [MESSAGE][PASSED] - Object 'Object Repository/Denna/User - Forgot Password/label password must be at least 6 characters and contain uppercase lowercase letters and numbers' is visible

2020-05-14 16:52:01 - [TEST_STEP][PASSED] - break: null

2020-05-14 16:52:01 - [TEST_STEP][PASSED] - closeBrowser(): Browser is closed

2020-05-14 16:52:02 - [MESSAGE][PASSED] - Browser is closed]]></system-out>
         <system-err><![CDATA[]]></system-err>
      </testcase>
      <testcase name="Test Cases/Denna/User - Forgot Password" time="29.632" classname="Test Cases/Denna/User - Forgot Password" status="PASSED">
         <system-out><![CDATA[2020-05-14 16:52:02 - [TEST_CASE][PASSED] - Test Cases/Denna/User - Forgot Password: Test Cases/Denna/User - Forgot Password

2020-05-14 16:52:02 - [TEST_STEP][PASSED] - openBrowser(""): Browser is opened with url: ''

2020-05-14 16:52:02 - [MESSAGE][INFO] - Starting 'Chrome' driver

2020-05-14 16:52:07 - [MESSAGE][PASSED] - Browser is opened with url: ''

2020-05-14 16:52:07 - [TEST_STEP][PASSED] - navigateToUrl("https://appsrv1.deltadatamandiri.com/ACC_LMS_WEB/#/Main"): Navigate to 'https://appsrv1.deltadatamandiri.com/ACC_LMS_WEB/#/Main' successfully

2020-05-14 16:52:17 - [MESSAGE][PASSED] - Navigate to 'https://appsrv1.deltadatamandiri.com/ACC_LMS_WEB/#/Main' successfully

2020-05-14 16:52:17 - [TEST_STEP][PASSED] - maximizeWindow(): Current window maximized

2020-05-14 16:52:19 - [MESSAGE][PASSED] - Current window maximized

2020-05-14 16:52:19 - [TEST_STEP][PASSED] - click(findTestObject("Denna/User - Forgot Password/button login")): Object: 'Object Repository/Denna/User - Forgot Password/button login' is clicked on

2020-05-14 16:52:21 - [MESSAGE][PASSED] - Object: 'Object Repository/Denna/User - Forgot Password/button login' is clicked on

2020-05-14 16:52:21 - [TEST_STEP][PASSED] - click(findTestObject("Object Repository/Denna/User - Forgot Password/button Forgot Password")): Object: 'Object Repository/Denna/User - Forgot Password/button Forgot Password' is clicked on

2020-05-14 16:52:23 - [MESSAGE][PASSED] - Object: 'Object Repository/Denna/User - Forgot Password/button Forgot Password' is clicked on

2020-05-14 16:52:23 - [TEST_STEP][PASSED] - setText(findTestObject("Denna/User - Forgot Password/input NPK npkUser"), NPK): Text '14426' is set on object 'Object Repository/Denna/User - Forgot Password/input NPK npkUser'

2020-05-14 16:52:23 - [MESSAGE][PASSED] - Text '14426' is set on object 'Object Repository/Denna/User - Forgot Password/input NPK npkUser'

2020-05-14 16:52:23 - [TEST_STEP][PASSED] - click(findTestObject("Object Repository/Denna/User - Forgot Password/button Kirim OTP")): Object: 'Object Repository/Denna/User - Forgot Password/button Kirim OTP' is clicked on

2020-05-14 16:52:24 - [MESSAGE][PASSED] - Object: 'Object Repository/Denna/User - Forgot Password/button Kirim OTP' is clicked on

2020-05-14 16:52:24 - [TEST_STEP][PASSED] - switch (Kondisi): null

2020-05-14 16:52:24 - [TEST_STEP][PASSED] - case "fail":: null

2020-05-14 16:52:24 - [TEST_STEP][PASSED] - setText(findTestObject("Denna/User - Forgot Password/input Icon newPassword"), newPassword): Text 'Password1' is set on object 'Object Repository/Denna/User - Forgot Password/input Icon newPassword'

2020-05-14 16:52:27 - [MESSAGE][PASSED] - Text 'Password1' is set on object 'Object Repository/Denna/User - Forgot Password/input Icon newPassword'

2020-05-14 16:52:27 - [TEST_STEP][PASSED] - setText(findTestObject("Denna/User - Forgot Password/input Icon newPasswordConfirm"), newPasswordConfirm): Text 'Password1' is set on object 'Object Repository/Denna/User - Forgot Password/input Icon newPasswordConfirm'

2020-05-14 16:52:28 - [MESSAGE][PASSED] - Text 'Password1' is set on object 'Object Repository/Denna/User - Forgot Password/input Icon newPasswordConfirm'

2020-05-14 16:52:28 - [TEST_STEP][PASSED] - click(findTestObject("Object Repository/Denna/User - Forgot Password/button RESET PASSWORD")): Object: 'Object Repository/Denna/User - Forgot Password/button RESET PASSWORD' is clicked on

2020-05-14 16:52:28 - [MESSAGE][PASSED] - Object: 'Object Repository/Denna/User - Forgot Password/button RESET PASSWORD' is clicked on

2020-05-14 16:52:28 - [TEST_STEP][PASSED] - if (Keterangan == "emptyAllPassword"): null

2020-05-14 16:52:28 - [TEST_STEP][PASSED] - else if (Keterangan == "emptyPasswordConfirm"): null

2020-05-14 16:52:28 - [TEST_STEP][PASSED] - else if (Keterangan == "emptyNewPassword"): null

2020-05-14 16:52:28 - [TEST_STEP][PASSED] - else if (Keterangan == "PasswordNotMatch"): null

2020-05-14 16:52:28 - [TEST_STEP][PASSED] - else if (Keterangan == "PasswordInvalid"): null

2020-05-14 16:52:28 - [TEST_STEP][PASSED] - else if (Keterangan == "PasswordInvalidDefault"): Object 'Object Repository/Denna/User - Forgot Password/label Password tidak boleh sama dengan default' is visible

2020-05-14 16:52:28 - [TEST_STEP][PASSED] - verifyElementVisible(findTestObject("Denna/User - Forgot Password/label Password tidak boleh sama dengan default")): Object 'Object Repository/Denna/User - Forgot Password/label Password tidak boleh sama dengan default' is visible

2020-05-14 16:52:29 - [MESSAGE][PASSED] - Object 'Object Repository/Denna/User - Forgot Password/label Password tidak boleh sama dengan default' is visible

2020-05-14 16:52:29 - [TEST_STEP][PASSED] - break: null

2020-05-14 16:52:29 - [TEST_STEP][PASSED] - closeBrowser(): Browser is closed

2020-05-14 16:52:32 - [MESSAGE][PASSED] - Browser is closed]]></system-out>
         <system-err><![CDATA[]]></system-err>
      </testcase>
      <system-out><![CDATA[2020-05-14 16:49:06 - [TEST_SUITE][PASSED] - User-Forgot Password: Test Cases/Denna/User - Forgot Password]]></system-out>
      <system-err><![CDATA[]]></system-err>
   </testsuite>
</testsuites>
