<?xml version="1.0" encoding="UTF-8"?>
<testsuites name="Admin - Manage Modules" time="214.298" tests="1" failures="0" errors="0">
   <testsuite name="Admin - Manage Modules" tests="1" failures="0" errors="0" time="214.298" timestamp="2020-06-18 16:20:23" hostname="rizkajuliant20 - DESKTOP-NHES7H6" id="Test Suites/Rizka/Admin/Admin - Manage Modules">
      <properties>
         <property name="deviceName" value=""/>
         <property name="devicePlatform" value=""/>
         <property name="logFolder" value="D:\\MY WORLD\\WORKS (TUGAS)\\LearningManagementWeb\\Reports\\20200618_162009\\Rizka\\Admin\\Admin - Manage Modules\\20200618_162009"/>
         <property name="logFiles" value="D:\\MY WORLD\\WORKS (TUGAS)\\LearningManagementWeb\\Reports\\20200618_162009\\Rizka\\Admin\\Admin - Manage Modules\\20200618_162009\\execution0.log"/>
         <property name="attachments" value=""/>
         <property name="hostName" value="rizkajuliant20 - DESKTOP-NHES7H6"/>
         <property name="os" value="Windows 10 64bit"/>
         <property name="katalonVersion" value="7.2.1.1"/>
         <property name="browser" value="Chrome 83.0.4103.97"/>
         <property name="hostAddress" value="192.168.1.116"/>
         <property name="sessionId" value="7f6ab9ebb77c7250146890c83a201f08"/>
         <property name="seleniumVersion" value="3.141.59"/>
         <property name="proxyInformation" value="ProxyInformation{proxyOption=NO_PROXY, proxyServerType=HTTP, password=, proxyServerAddress=, proxyServerPort=0, executionList=}"/>
         <property name="platform" value="Windows 10"/>
      </properties>
      <testcase name="Test Cases/Rizka/Admin/Manage Modules/Admin - Manage Modules - Next Page" time="147.31" classname="Test Cases/Rizka/Admin/Manage Modules/Admin - Manage Modules - Next Page" status="PASSED">
         <system-out><![CDATA[2020-06-18 16:20:23 - [TEST_CASE][PASSED] - Test Cases/Rizka/Admin/Manage Modules/Admin - Manage Modules - Next Page: Test Cases/Rizka/Admin/Manage Modules/Admin - Manage Modules - Next Page

2020-06-18 16:20:24 - [TEST_STEP][PASSED] - callTestCase(findTestCase("Rizka/Admin/AdminMainLogin"), [:], STOP_ON_FAILURE): Call Test Case 'Test Cases/Rizka/Admin/AdminMainLogin' successfully

2020-06-18 16:20:25 - [TEST_CASE][PASSED] - Test Cases/Rizka/Admin/AdminMainLogin: Test Cases/Rizka/Admin/AdminMainLogin

2020-06-18 16:20:25 - [TEST_STEP][PASSED] - openBrowser("https://appsrv1.deltadatamandiri.com/ACC_LMS_WEB/#/admNLmn"): Browser is opened with url: 'https://appsrv1.deltadatamandiri.com/ACC_LMS_WEB/#/admNLmn'

2020-06-18 16:20:25 - [MESSAGE][INFO] - Starting 'Chrome' driver

2020-06-18 16:20:26 - [MESSAGE][INFO] - Action delay is set to 0 seconds

2020-06-18 16:21:47 - [MESSAGE][PASSED] - Browser is opened with url: 'https://appsrv1.deltadatamandiri.com/ACC_LMS_WEB/#/admNLmn'

2020-06-18 16:21:47 - [TEST_STEP][PASSED] - maximizeWindow(): Current window maximized

2020-06-18 16:21:49 - [MESSAGE][PASSED] - Current window maximized

2020-06-18 16:21:49 - [TEST_STEP][PASSED] - delay(15): Delayed 15 second(s)

2020-06-18 16:22:04 - [MESSAGE][PASSED] - Delayed 15 second(s)

2020-06-18 16:22:04 - [TEST_STEP][PASSED] - click(findTestObject("Rizka/Admin/Admin - Login/btnLogin")): Object: 'Object Repository/Rizka/Admin/Admin - Login/btnLogin' is clicked on

2020-06-18 16:22:07 - [MESSAGE][PASSED] - Object: 'Object Repository/Rizka/Admin/Admin - Login/btnLogin' is clicked on

2020-06-18 16:22:07 - [TEST_STEP][PASSED] - setText(findTestObject("Rizka/Admin/Admin - Login/txtUsername"), "11666"): Text '11666' is set on object 'Object Repository/Rizka/Admin/Admin - Login/txtUsername'

2020-06-18 16:22:09 - [MESSAGE][PASSED] - Text '11666' is set on object 'Object Repository/Rizka/Admin/Admin - Login/txtUsername'

2020-06-18 16:22:09 - [TEST_STEP][PASSED] - setText(findTestObject("Rizka/Admin/Admin - Login/txtPassword"), "Password3"): Text 'Password3' is set on object 'Object Repository/Rizka/Admin/Admin - Login/txtPassword'

2020-06-18 16:22:10 - [MESSAGE][PASSED] - Text 'Password3' is set on object 'Object Repository/Rizka/Admin/Admin - Login/txtPassword'

2020-06-18 16:22:10 - [TEST_STEP][PASSED] - click(findTestObject("Rizka/Admin/Admin - Login/btnEyePass")): Object: 'Object Repository/Rizka/Admin/Admin - Login/btnEyePass' is clicked on

2020-06-18 16:22:11 - [MESSAGE][PASSED] - Object: 'Object Repository/Rizka/Admin/Admin - Login/btnEyePass' is clicked on

2020-06-18 16:22:11 - [TEST_STEP][PASSED] - click(findTestObject("Rizka/Admin/Admin - Login/checkboxRememberMe")): Object: 'Object Repository/Rizka/Admin/Admin - Login/checkboxRememberMe' is clicked on

2020-06-18 16:22:13 - [MESSAGE][PASSED] - Object: 'Object Repository/Rizka/Admin/Admin - Login/checkboxRememberMe' is clicked on

2020-06-18 16:22:13 - [TEST_STEP][PASSED] - click(findTestObject("Rizka/Admin/Admin - Login/btnLogin2")): Object: 'Object Repository/Rizka/Admin/Admin - Login/btnLogin2' is clicked on

2020-06-18 16:22:14 - [MESSAGE][PASSED] - Object: 'Object Repository/Rizka/Admin/Admin - Login/btnLogin2' is clicked on

2020-06-18 16:22:14 - [TEST_STEP][PASSED] - delay(15): Delayed 15 second(s)

2020-06-18 16:22:29 - [MESSAGE][PASSED] - Delayed 15 second(s)

2020-06-18 16:22:29 - [MESSAGE][PASSED] - Call Test Case 'Test Cases/Rizka/Admin/AdminMainLogin' successfully

2020-06-18 16:22:29 - [TEST_STEP][PASSED] - click(findTestObject("Rizka/Admin/Admin - Manage Modules - Next Page/btnModuleManagement_v2")): Object: 'Object Repository/Rizka/Admin/Admin - Manage Modules - Next Page/btnModuleManagement_v2' is clicked on

2020-06-18 16:22:30 - [MESSAGE][PASSED] - Object: 'Object Repository/Rizka/Admin/Admin - Manage Modules - Next Page/btnModuleManagement_v2' is clicked on

2020-06-18 16:22:30 - [TEST_STEP][PASSED] - delay(3): Delayed 3 second(s)

2020-06-18 16:22:33 - [MESSAGE][PASSED] - Delayed 3 second(s)

2020-06-18 16:22:33 - [TEST_STEP][PASSED] - click(findTestObject("Rizka/Admin/Admin - Manage Modules - Next Page/btnManageModule_v2")): Object: 'Object Repository/Rizka/Admin/Admin - Manage Modules - Next Page/btnManageModule_v2' is clicked on

2020-06-18 16:22:33 - [MESSAGE][PASSED] - Object: 'Object Repository/Rizka/Admin/Admin - Manage Modules - Next Page/btnManageModule_v2' is clicked on

2020-06-18 16:22:33 - [TEST_STEP][PASSED] - delay(3): Delayed 3 second(s)

2020-06-18 16:22:36 - [MESSAGE][PASSED] - Delayed 3 second(s)

2020-06-18 16:22:36 - [TEST_STEP][PASSED] - scrollToElement(findTestObject("Rizka/Admin/Admin - Manage Modules - Next Page/btnBefore_v2"), 0): Scroll to object 'Object Repository/Rizka/Admin/Admin - Manage Modules - Next Page/btnBefore_v2' successfully

2020-06-18 16:22:37 - [MESSAGE][WARNING] - Timeout '0' is invalid. Using default page load timeout: '30'

2020-06-18 16:22:43 - [MESSAGE][PASSED] - Scroll to object 'Object Repository/Rizka/Admin/Admin - Manage Modules - Next Page/btnBefore_v2' successfully

2020-06-18 16:22:43 - [TEST_STEP][PASSED] - delay(3): Delayed 3 second(s)

2020-06-18 16:22:46 - [MESSAGE][PASSED] - Delayed 3 second(s)

2020-06-18 16:22:46 - [TEST_STEP][PASSED] - click(findTestObject("Rizka/Admin/Admin - Manage Modules - Next Page/btnPage2_v2")): Object: 'Object Repository/Rizka/Admin/Admin - Manage Modules - Next Page/btnPage2_v2' is clicked on

2020-06-18 16:22:48 - [MESSAGE][PASSED] - Object: 'Object Repository/Rizka/Admin/Admin - Manage Modules - Next Page/btnPage2_v2' is clicked on

2020-06-18 16:22:48 - [TEST_STEP][PASSED] - verifyElementClickable(findTestObject("Rizka/Admin/Admin - Manage Modules - Next Page/btnBefore_v2")): Object 'Object Repository/Rizka/Admin/Admin - Manage Modules - Next Page/btnBefore_v2' is clickable

2020-06-18 16:22:51 - [MESSAGE][PASSED] - Object 'Object Repository/Rizka/Admin/Admin - Manage Modules - Next Page/btnBefore_v2' is clickable]]></system-out>
         <system-err><![CDATA[]]></system-err>
      </testcase>
      <system-out><![CDATA[2020-06-18 16:20:23 - [TEST_SUITE][PASSED] - Admin - Manage Modules: Test Cases/Rizka/Admin/Manage Modules/Admin - Manage Modules - Next Page]]></system-out>
      <system-err><![CDATA[]]></system-err>
   </testsuite>
</testsuites>
