<?xml version="1.0" encoding="UTF-8"?>
<testsuites name="Admin_Manage FAQ - Delete" time="170.768" tests="2" failures="0" errors="0">
   <testsuite name="Admin_Manage FAQ - Delete" tests="2" failures="0" errors="0" time="170.768" timestamp="2020-05-27 06:12:55" hostname="asus - LAPTOP-FC1SHEB6" id="Test Suites/Alda/Admin_Manage FAQ - Delete">
      <properties>
         <property name="deviceName" value=""/>
         <property name="devicePlatform" value=""/>
         <property name="logFolder" value="C:\\Users\\asus\\git\\LMS27Mei\\Reports\\20200527_061245\\Alda\\Admin_Manage FAQ - Delete\\20200527_061245"/>
         <property name="logFiles" value="C:\\Users\\asus\\git\\LMS27Mei\\Reports\\20200527_061245\\Alda\\Admin_Manage FAQ - Delete\\20200527_061245\\execution0.log"/>
         <property name="attachments" value=""/>
         <property name="hostName" value="asus - LAPTOP-FC1SHEB6"/>
         <property name="os" value="Windows 10 64bit"/>
         <property name="katalonVersion" value="7.0.7.1"/>
         <property name="browser" value="Chrome 83.0.4103.61"/>
         <property name="hostAddress" value="192.168.100.15"/>
         <property name="sessionId" value="5bf494c9e0977909cab6524c1e799cb2"/>
         <property name="seleniumVersion" value="3.141.59"/>
         <property name="proxyInformation" value="ProxyInformation{proxyOption=NO_PROXY, proxyServerType=HTTP, password=, proxyServerAddress=, proxyServerPort=0}"/>
         <property name="platform" value="Windows 10"/>
      </properties>
      <testcase name="Test Cases/Alda/Admin - Manage FAQ/Delete" time="87.329" classname="Test Cases/Alda/Admin - Manage FAQ/Delete" status="PASSED">
         <system-out><![CDATA[2020-05-27 06:12:55 - [TEST_CASE][PASSED] - Test Cases/Alda/Admin - Manage FAQ/Delete: Test Cases/Alda/Admin - Manage FAQ/Delete

2020-05-27 06:12:55 - [TEST_STEP][PASSED] - callTestCase(findTestCase("Alda/Admin - Manage FAQ/Search"), ["var_search":var_search, "expected_output":""], STOP_ON_FAILURE): Call Test Case 'Test Cases/Alda/Admin - Manage FAQ/Search' successfully

2020-05-27 06:12:56 - [TEST_CASE][PASSED] - Test Cases/Alda/Admin - Manage FAQ/Search: Test Cases/Alda/Admin - Manage FAQ/Search

2020-05-27 06:12:56 - [TEST_STEP][PASSED] - callTestCase(findTestCase("Rizka/Admin/Custom/Admin - Login"), ["username":"11666", "password":"Password3", "rememberMe":"yes", "condition":"passed"], STOP_ON_FAILURE): Call Test Case 'Test Cases/Rizka/Admin/Custom/Admin - Login' successfully

2020-05-27 06:12:56 - [TEST_CASE][PASSED] - Test Cases/Rizka/Admin/Custom/Admin - Login: Test Cases/Rizka/Admin/Custom/Admin - Login

2020-05-27 06:12:56 - [TEST_STEP][PASSED] - openBrowser(""): Browser is opened with url: ''

2020-05-27 06:12:56 - [MESSAGE][INFO] - Starting 'Chrome' driver

2020-05-27 06:12:56 - [MESSAGE][INFO] - Action delay is set to 0 seconds

2020-05-27 06:13:00 - [MESSAGE][PASSED] - Browser is opened with url: ''

2020-05-27 06:13:00 - [TEST_STEP][PASSED] - navigateToUrl("https://appsrv1.deltadatamandiri.com/ACC_LMS_WEB/#/admNLmn"): Navigate to 'https://appsrv1.deltadatamandiri.com/ACC_LMS_WEB/#/admNLmn' successfully

2020-05-27 06:13:20 - [MESSAGE][PASSED] - Navigate to 'https://appsrv1.deltadatamandiri.com/ACC_LMS_WEB/#/admNLmn' successfully

2020-05-27 06:13:20 - [TEST_STEP][PASSED] - maximizeWindow(): Current window maximized

2020-05-27 06:13:21 - [MESSAGE][PASSED] - Current window maximized

2020-05-27 06:13:21 - [TEST_STEP][PASSED] - delay(30): Delayed 30 second(s)

2020-05-27 06:13:51 - [MESSAGE][PASSED] - Delayed 30 second(s)

2020-05-27 06:13:51 - [TEST_STEP][PASSED] - click(findTestObject("Rizka/Admin/Admin - Login/btnLogin")): Object: 'Object Repository/Rizka/Admin/Admin - Login/btnLogin' is clicked on

2020-05-27 06:13:52 - [MESSAGE][PASSED] - Object: 'Object Repository/Rizka/Admin/Admin - Login/btnLogin' is clicked on

2020-05-27 06:13:52 - [TEST_STEP][PASSED] - setText(findTestObject("Rizka/Admin/Admin - Login/txtUsername"), username): Text '11666' is set on object 'Object Repository/Rizka/Admin/Admin - Login/txtUsername'

2020-05-27 06:13:52 - [MESSAGE][PASSED] - Text '11666' is set on object 'Object Repository/Rizka/Admin/Admin - Login/txtUsername'

2020-05-27 06:13:52 - [TEST_STEP][PASSED] - setText(findTestObject("Rizka/Admin/Admin - Login/txtPassword"), password): Text 'Password3' is set on object 'Object Repository/Rizka/Admin/Admin - Login/txtPassword'

2020-05-27 06:13:53 - [MESSAGE][PASSED] - Text 'Password3' is set on object 'Object Repository/Rizka/Admin/Admin - Login/txtPassword'

2020-05-27 06:13:53 - [TEST_STEP][PASSED] - click(findTestObject("Rizka/Admin/Admin - Login/btnEyePass")): Object: 'Object Repository/Rizka/Admin/Admin - Login/btnEyePass' is clicked on

2020-05-27 06:13:53 - [MESSAGE][PASSED] - Object: 'Object Repository/Rizka/Admin/Admin - Login/btnEyePass' is clicked on

2020-05-27 06:13:53 - [TEST_STEP][PASSED] - if (rememberMe == "yes"): Object: 'Object Repository/Rizka/Admin/Admin - Login/checkboxRememberMe' is clicked on

2020-05-27 06:13:53 - [TEST_STEP][PASSED] - click(findTestObject("Rizka/Admin/Admin - Login/checkboxRememberMe")): Object: 'Object Repository/Rizka/Admin/Admin - Login/checkboxRememberMe' is clicked on

2020-05-27 06:13:54 - [MESSAGE][PASSED] - Object: 'Object Repository/Rizka/Admin/Admin - Login/checkboxRememberMe' is clicked on

2020-05-27 06:13:54 - [TEST_STEP][PASSED] - click(findTestObject("Rizka/Admin/Admin - Login/btnLogin2")): Object: 'Object Repository/Rizka/Admin/Admin - Login/btnLogin2' is clicked on

2020-05-27 06:13:54 - [MESSAGE][PASSED] - Object: 'Object Repository/Rizka/Admin/Admin - Login/btnLogin2' is clicked on

2020-05-27 06:13:54 - [TEST_STEP][PASSED] - delay(10): Delayed 10 second(s)

2020-05-27 06:14:04 - [MESSAGE][PASSED] - Delayed 10 second(s)

2020-05-27 06:14:04 - [TEST_STEP][PASSED] - if (condition == "passed"): Object 'Object Repository/Rizka/Admin/Admin - Login/span_Dashboard' is visible

2020-05-27 06:14:04 - [TEST_STEP][PASSED] - verifyElementVisible(findTestObject("Rizka/Admin/Admin - Login/span_Dashboard")): Object 'Object Repository/Rizka/Admin/Admin - Login/span_Dashboard' is visible

2020-05-27 06:14:08 - [MESSAGE][PASSED] - Object 'Object Repository/Rizka/Admin/Admin - Login/span_Dashboard' is visible

2020-05-27 06:14:08 - [MESSAGE][PASSED] - Call Test Case 'Test Cases/Rizka/Admin/Custom/Admin - Login' successfully

2020-05-27 06:14:08 - [TEST_STEP][PASSED] - click(findTestObject("Alda/Admin - Manage FAQ/Page_Dashboard Admin/span_manage_faq")): Object: 'Object Repository/Alda/Admin - Manage FAQ/Page_Dashboard Admin/span_manage_faq' is clicked on

2020-05-27 06:14:09 - [MESSAGE][PASSED] - Object: 'Object Repository/Alda/Admin - Manage FAQ/Page_Dashboard Admin/span_manage_faq' is clicked on

2020-05-27 06:14:09 - [TEST_STEP][PASSED] - click(findTestObject("Alda/Admin - Manage FAQ/Page_Manage Faq/input_search")): Object: 'Object Repository/Alda/Admin - Manage FAQ/Page_Manage Faq/input_search' is clicked on

2020-05-27 06:14:11 - [MESSAGE][PASSED] - Object: 'Object Repository/Alda/Admin - Manage FAQ/Page_Manage Faq/input_search' is clicked on

2020-05-27 06:14:11 - [TEST_STEP][PASSED] - setText(findTestObject("Alda/Admin - Manage FAQ/Page_Manage Faq/input_search"), var_search): Text 'question2' is set on object 'Object Repository/Alda/Admin - Manage FAQ/Page_Manage Faq/input_search'

2020-05-27 06:14:18 - [MESSAGE][PASSED] - Text 'question2' is set on object 'Object Repository/Alda/Admin - Manage FAQ/Page_Manage Faq/input_search'

2020-05-27 06:14:18 - [TEST_STEP][PASSED] - sendKeys(findTestObject("Alda/Admin - Manage FAQ/Page_Manage Faq/input_search"), Keys.chord(ENTER)): Keys 'ENTER + ' sent to object: 'Object Repository/Alda/Admin - Manage FAQ/Page_Manage Faq/input_search'

2020-05-27 06:14:19 - [MESSAGE][PASSED] - Keys 'ENTER + ' sent to object: 'Object Repository/Alda/Admin - Manage FAQ/Page_Manage Faq/input_search'

2020-05-27 06:14:19 - [TEST_STEP][PASSED] - if (expected_output == "found"): null

2020-05-27 06:14:19 - [MESSAGE][PASSED] - Call Test Case 'Test Cases/Alda/Admin - Manage FAQ/Search' successfully

2020-05-27 06:14:19 - [TEST_STEP][PASSED] - click(findTestObject("Object Repository/Alda/Admin - Manage FAQ/Page_Manage Faq/btn_delete (1)")): Object: 'Object Repository/Alda/Admin - Manage FAQ/Page_Manage Faq/btn_delete (1)' is clicked on

2020-05-27 06:14:21 - [MESSAGE][PASSED] - Object: 'Object Repository/Alda/Admin - Manage FAQ/Page_Manage Faq/btn_delete (1)' is clicked on

2020-05-27 06:14:21 - [TEST_STEP][PASSED] - if (expected_output == "delete"): null

2020-05-27 06:14:21 - [TEST_STEP][PASSED] - else if (expected_output == "cancel"): Object 'Object Repository/Alda/Admin - Manage FAQ/Page_Manage Faq/label_search_visible' is visible

2020-05-27 06:14:21 - [TEST_STEP][PASSED] - click(findTestObject("Alda/Admin - Manage FAQ/Page_Manage Faq/btn_no_delete")): Object: 'Object Repository/Alda/Admin - Manage FAQ/Page_Manage Faq/btn_no_delete' is clicked on

2020-05-27 06:14:22 - [MESSAGE][PASSED] - Object: 'Object Repository/Alda/Admin - Manage FAQ/Page_Manage Faq/btn_no_delete' is clicked on

2020-05-27 06:14:22 - [TEST_STEP][PASSED] - verifyElementVisible(findTestObject("Alda/Admin - Manage FAQ/Page_Manage Faq/label_search_visible", ["text":var_search])): Object 'Object Repository/Alda/Admin - Manage FAQ/Page_Manage Faq/label_search_visible' is visible

2020-05-27 06:14:22 - [MESSAGE][PASSED] - Object 'Object Repository/Alda/Admin - Manage FAQ/Page_Manage Faq/label_search_visible' is visible]]></system-out>
         <system-err><![CDATA[]]></system-err>
      </testcase>
      <testcase name="Test Cases/Alda/Admin - Manage FAQ/Delete" time="82.394" classname="Test Cases/Alda/Admin - Manage FAQ/Delete" status="PASSED">
         <system-out><![CDATA[2020-05-27 06:14:22 - [TEST_CASE][PASSED] - Test Cases/Alda/Admin - Manage FAQ/Delete: Test Cases/Alda/Admin - Manage FAQ/Delete

2020-05-27 06:14:22 - [TEST_STEP][PASSED] - callTestCase(findTestCase("Alda/Admin - Manage FAQ/Search"), ["var_search":var_search, "expected_output":""], STOP_ON_FAILURE): Call Test Case 'Test Cases/Alda/Admin - Manage FAQ/Search' successfully

2020-05-27 06:14:22 - [TEST_CASE][PASSED] - Test Cases/Alda/Admin - Manage FAQ/Search: Test Cases/Alda/Admin - Manage FAQ/Search

2020-05-27 06:14:22 - [TEST_STEP][PASSED] - callTestCase(findTestCase("Rizka/Admin/Custom/Admin - Login"), ["username":"11666", "password":"Password3", "rememberMe":"yes", "condition":"passed"], STOP_ON_FAILURE): Call Test Case 'Test Cases/Rizka/Admin/Custom/Admin - Login' successfully

2020-05-27 06:14:23 - [TEST_CASE][PASSED] - Test Cases/Rizka/Admin/Custom/Admin - Login: Test Cases/Rizka/Admin/Custom/Admin - Login

2020-05-27 06:14:23 - [TEST_STEP][PASSED] - openBrowser(""): Browser is opened with url: ''

2020-05-27 06:14:23 - [MESSAGE][WARNING] - A browser is already opened. Closing browser and opening a new one

2020-05-27 06:14:23 - [MESSAGE][INFO] - Starting 'Chrome' driver

2020-05-27 06:14:27 - [MESSAGE][PASSED] - Browser is opened with url: ''

2020-05-27 06:14:27 - [TEST_STEP][PASSED] - navigateToUrl("https://appsrv1.deltadatamandiri.com/ACC_LMS_WEB/#/admNLmn"): Navigate to 'https://appsrv1.deltadatamandiri.com/ACC_LMS_WEB/#/admNLmn' successfully

2020-05-27 06:14:40 - [MESSAGE][PASSED] - Navigate to 'https://appsrv1.deltadatamandiri.com/ACC_LMS_WEB/#/admNLmn' successfully

2020-05-27 06:14:40 - [TEST_STEP][PASSED] - maximizeWindow(): Current window maximized

2020-05-27 06:14:41 - [MESSAGE][PASSED] - Current window maximized

2020-05-27 06:14:41 - [TEST_STEP][PASSED] - delay(30): Delayed 30 second(s)

2020-05-27 06:15:11 - [MESSAGE][PASSED] - Delayed 30 second(s)

2020-05-27 06:15:11 - [TEST_STEP][PASSED] - click(findTestObject("Rizka/Admin/Admin - Login/btnLogin")): Object: 'Object Repository/Rizka/Admin/Admin - Login/btnLogin' is clicked on

2020-05-27 06:15:11 - [MESSAGE][PASSED] - Object: 'Object Repository/Rizka/Admin/Admin - Login/btnLogin' is clicked on

2020-05-27 06:15:11 - [TEST_STEP][PASSED] - setText(findTestObject("Rizka/Admin/Admin - Login/txtUsername"), username): Text '11666' is set on object 'Object Repository/Rizka/Admin/Admin - Login/txtUsername'

2020-05-27 06:15:12 - [MESSAGE][PASSED] - Text '11666' is set on object 'Object Repository/Rizka/Admin/Admin - Login/txtUsername'

2020-05-27 06:15:12 - [TEST_STEP][PASSED] - setText(findTestObject("Rizka/Admin/Admin - Login/txtPassword"), password): Text 'Password3' is set on object 'Object Repository/Rizka/Admin/Admin - Login/txtPassword'

2020-05-27 06:15:12 - [MESSAGE][PASSED] - Text 'Password3' is set on object 'Object Repository/Rizka/Admin/Admin - Login/txtPassword'

2020-05-27 06:15:12 - [TEST_STEP][PASSED] - click(findTestObject("Rizka/Admin/Admin - Login/btnEyePass")): Object: 'Object Repository/Rizka/Admin/Admin - Login/btnEyePass' is clicked on

2020-05-27 06:15:13 - [MESSAGE][PASSED] - Object: 'Object Repository/Rizka/Admin/Admin - Login/btnEyePass' is clicked on

2020-05-27 06:15:13 - [TEST_STEP][PASSED] - if (rememberMe == "yes"): Object: 'Object Repository/Rizka/Admin/Admin - Login/checkboxRememberMe' is clicked on

2020-05-27 06:15:13 - [TEST_STEP][PASSED] - click(findTestObject("Rizka/Admin/Admin - Login/checkboxRememberMe")): Object: 'Object Repository/Rizka/Admin/Admin - Login/checkboxRememberMe' is clicked on

2020-05-27 06:15:13 - [MESSAGE][PASSED] - Object: 'Object Repository/Rizka/Admin/Admin - Login/checkboxRememberMe' is clicked on

2020-05-27 06:15:13 - [TEST_STEP][PASSED] - click(findTestObject("Rizka/Admin/Admin - Login/btnLogin2")): Object: 'Object Repository/Rizka/Admin/Admin - Login/btnLogin2' is clicked on

2020-05-27 06:15:14 - [MESSAGE][PASSED] - Object: 'Object Repository/Rizka/Admin/Admin - Login/btnLogin2' is clicked on

2020-05-27 06:15:14 - [TEST_STEP][PASSED] - delay(10): Delayed 10 second(s)

2020-05-27 06:15:24 - [MESSAGE][PASSED] - Delayed 10 second(s)

2020-05-27 06:15:24 - [TEST_STEP][PASSED] - if (condition == "passed"): Object 'Object Repository/Rizka/Admin/Admin - Login/span_Dashboard' is visible

2020-05-27 06:15:24 - [TEST_STEP][PASSED] - verifyElementVisible(findTestObject("Rizka/Admin/Admin - Login/span_Dashboard")): Object 'Object Repository/Rizka/Admin/Admin - Login/span_Dashboard' is visible

2020-05-27 06:15:26 - [MESSAGE][PASSED] - Object 'Object Repository/Rizka/Admin/Admin - Login/span_Dashboard' is visible

2020-05-27 06:15:26 - [MESSAGE][PASSED] - Call Test Case 'Test Cases/Rizka/Admin/Custom/Admin - Login' successfully

2020-05-27 06:15:26 - [TEST_STEP][PASSED] - click(findTestObject("Alda/Admin - Manage FAQ/Page_Dashboard Admin/span_manage_faq")): Object: 'Object Repository/Alda/Admin - Manage FAQ/Page_Dashboard Admin/span_manage_faq' is clicked on

2020-05-27 06:15:27 - [MESSAGE][PASSED] - Object: 'Object Repository/Alda/Admin - Manage FAQ/Page_Dashboard Admin/span_manage_faq' is clicked on

2020-05-27 06:15:27 - [TEST_STEP][PASSED] - click(findTestObject("Alda/Admin - Manage FAQ/Page_Manage Faq/input_search")): Object: 'Object Repository/Alda/Admin - Manage FAQ/Page_Manage Faq/input_search' is clicked on

2020-05-27 06:15:28 - [MESSAGE][PASSED] - Object: 'Object Repository/Alda/Admin - Manage FAQ/Page_Manage Faq/input_search' is clicked on

2020-05-27 06:15:28 - [TEST_STEP][PASSED] - setText(findTestObject("Alda/Admin - Manage FAQ/Page_Manage Faq/input_search"), var_search): Text 'question2' is set on object 'Object Repository/Alda/Admin - Manage FAQ/Page_Manage Faq/input_search'

2020-05-27 06:15:37 - [MESSAGE][PASSED] - Text 'question2' is set on object 'Object Repository/Alda/Admin - Manage FAQ/Page_Manage Faq/input_search'

2020-05-27 06:15:37 - [TEST_STEP][PASSED] - sendKeys(findTestObject("Alda/Admin - Manage FAQ/Page_Manage Faq/input_search"), Keys.chord(ENTER)): Keys 'ENTER + ' sent to object: 'Object Repository/Alda/Admin - Manage FAQ/Page_Manage Faq/input_search'

2020-05-27 06:15:37 - [MESSAGE][PASSED] - Keys 'ENTER + ' sent to object: 'Object Repository/Alda/Admin - Manage FAQ/Page_Manage Faq/input_search'

2020-05-27 06:15:37 - [TEST_STEP][PASSED] - if (expected_output == "found"): null

2020-05-27 06:15:37 - [MESSAGE][PASSED] - Call Test Case 'Test Cases/Alda/Admin - Manage FAQ/Search' successfully

2020-05-27 06:15:37 - [TEST_STEP][PASSED] - click(findTestObject("Object Repository/Alda/Admin - Manage FAQ/Page_Manage Faq/btn_delete (1)")): Object: 'Object Repository/Alda/Admin - Manage FAQ/Page_Manage Faq/btn_delete (1)' is clicked on

2020-05-27 06:15:40 - [MESSAGE][PASSED] - Object: 'Object Repository/Alda/Admin - Manage FAQ/Page_Manage Faq/btn_delete (1)' is clicked on

2020-05-27 06:15:40 - [TEST_STEP][PASSED] - if (expected_output == "delete"): Object 'Object Repository/Alda/Admin - Manage FAQ/Page_Manage Faq/label_searching_not_found' is visible

2020-05-27 06:15:40 - [TEST_STEP][PASSED] - click(findTestObject("Alda/Admin - Manage FAQ/Page_Manage Faq/btn_yes_delete")): Object: 'Object Repository/Alda/Admin - Manage FAQ/Page_Manage Faq/btn_yes_delete' is clicked on

2020-05-27 06:15:40 - [MESSAGE][PASSED] - Object: 'Object Repository/Alda/Admin - Manage FAQ/Page_Manage Faq/btn_yes_delete' is clicked on

2020-05-27 06:15:40 - [TEST_STEP][PASSED] - verifyElementVisible(findTestObject("Alda/Admin - Manage FAQ/Page_Manage Faq/label_searching_not_found")): Object 'Object Repository/Alda/Admin - Manage FAQ/Page_Manage Faq/label_searching_not_found' is visible

2020-05-27 06:15:45 - [MESSAGE][PASSED] - Object 'Object Repository/Alda/Admin - Manage FAQ/Page_Manage Faq/label_searching_not_found' is visible]]></system-out>
         <system-err><![CDATA[]]></system-err>
      </testcase>
      <system-out><![CDATA[2020-05-27 06:12:55 - [TEST_SUITE][PASSED] - Admin_Manage FAQ - Delete: Test Cases/Alda/Admin - Manage FAQ/Delete]]></system-out>
      <system-err><![CDATA[]]></system-err>
   </testsuite>
</testsuites>
