<?xml version="1.0" encoding="UTF-8"?>
<testsuites name="Admin - Manage Test - Quiz" time="246.474" tests="2" failures="0" errors="0">
   <testsuite name="Admin - Manage Test - Quiz" tests="2" failures="0" errors="0" time="246.474" timestamp="2020-05-18 16:05:44" hostname="rizkajuliant20 - DESKTOP-NHES7H6" id="Test Suites/Rizka/Admin - Manage Test - Quiz">
      <properties>
         <property name="deviceName" value=""/>
         <property name="devicePlatform" value=""/>
         <property name="logFolder" value="D:\\MY WORLD\\WORKS (TUGAS)\\LearningManagementWeb\\Reports\\20200518_160529\\Rizka\\Admin - Manage Test - Quiz\\20200518_160529"/>
         <property name="logFiles" value="D:\\MY WORLD\\WORKS (TUGAS)\\LearningManagementWeb\\Reports\\20200518_160529\\Rizka\\Admin - Manage Test - Quiz\\20200518_160529\\execution0.log"/>
         <property name="attachments" value=""/>
         <property name="hostName" value="rizkajuliant20 - DESKTOP-NHES7H6"/>
         <property name="os" value="Windows 10 64bit"/>
         <property name="katalonVersion" value="7.2.1.1"/>
         <property name="browser" value="Chrome 81.0.4044.138"/>
         <property name="hostAddress" value="192.168.100.39"/>
         <property name="sessionId" value="770fcc9e16efa9c689601c388db6cb45"/>
         <property name="seleniumVersion" value="3.141.59"/>
         <property name="proxyInformation" value="ProxyInformation{proxyOption=NO_PROXY, proxyServerType=HTTP, password=, proxyServerAddress=, proxyServerPort=0, executionList=}"/>
         <property name="platform" value="Windows 10"/>
      </properties>
      <testcase name="Test Cases/Rizka/Admin - Manage Test - Quiz - Delete" time="124.801" classname="Test Cases/Rizka/Admin - Manage Test - Quiz - Delete" status="PASSED">
         <system-out><![CDATA[2020-05-18 16:05:45 - [TEST_CASE][PASSED] - Test Cases/Rizka/Admin - Manage Test - Quiz - Delete: Test Cases/Rizka/Admin - Manage Test - Quiz - Delete

2020-05-18 16:05:47 - [TEST_STEP][PASSED] - openBrowser(""): Browser is opened with url: ''

2020-05-18 16:05:47 - [MESSAGE][INFO] - Starting 'Chrome' driver

2020-05-18 16:05:48 - [MESSAGE][INFO] - Action delay is set to 0 seconds

2020-05-18 16:05:59 - [MESSAGE][PASSED] - Browser is opened with url: ''

2020-05-18 16:05:59 - [TEST_STEP][PASSED] - navigateToUrl("https://appsrv1.deltadatamandiri.com/ACC_LMS_WEB/#/admNLmn"): Navigate to 'https://appsrv1.deltadatamandiri.com/ACC_LMS_WEB/#/admNLmn' successfully

2020-05-18 16:06:41 - [MESSAGE][PASSED] - Navigate to 'https://appsrv1.deltadatamandiri.com/ACC_LMS_WEB/#/admNLmn' successfully

2020-05-18 16:06:41 - [TEST_STEP][PASSED] - delay(5): Delayed 5 second(s)

2020-05-18 16:06:46 - [MESSAGE][PASSED] - Delayed 5 second(s)

2020-05-18 16:06:46 - [TEST_STEP][PASSED] - click(findTestObject("Rizka/Admin - Login/btnLogin")): Object: 'Object Repository/Rizka/Admin - Login/btnLogin' is clicked on

2020-05-18 16:06:50 - [MESSAGE][ERROR] - javascript error: Failed to execute 'elementsFromPoint' on 'Document': The provided double value is non-finite.
  (Session info: chrome=81.0.4044.138)
Build info: version: '3.141.59', revision: 'e82be7d358', time: '2018-11-14T08:25:53'
System info: host: 'DESKTOP-NHES7H6', ip: '192.168.100.39', os.name: 'Windows 10', os.arch: 'amd64', os.version: '10.0', java.version: '1.8.0_181'
Driver info: com.kms.katalon.selenium.driver.CChromeDriver
Capabilities {acceptInsecureCerts: false, browserName: chrome, browserVersion: 81.0.4044.138, chrome: {chromedriverVersion: 81.0.4044.138 (8c6c7ba89cc9..., userDataDir: C:\Users\ASUS\AppData\Local...}, goog:chromeOptions: {debuggerAddress: localhost:59675}, javascriptEnabled: true, networkConnectionEnabled: false, pageLoadStrategy: normal, platform: WINDOWS, platformName: WINDOWS, proxy: Proxy(), setWindowRect: true, strictFileInteractability: false, timeouts: {implicit: 0, pageLoad: 300000, script: 30000}, unhandledPromptBehavior: dismiss and notify, webauthn:virtualAuthenticators: true}
Session ID: 940745302e3f437839642a885e170e0b

2020-05-18 16:06:50 - [MESSAGE][PASSED] - Object: 'Object Repository/Rizka/Admin - Login/btnLogin' is clicked on

2020-05-18 16:06:50 - [TEST_STEP][PASSED] - setText(findTestObject("Rizka/Admin - Login/txtUsername"), "11666"): Text '11666' is set on object 'Object Repository/Rizka/Admin - Login/txtUsername'

2020-05-18 16:06:51 - [MESSAGE][PASSED] - Text '11666' is set on object 'Object Repository/Rizka/Admin - Login/txtUsername'

2020-05-18 16:06:51 - [TEST_STEP][PASSED] - setText(findTestObject("Rizka/Admin - Login/txtPassword"), "Password3"): Text 'Password3' is set on object 'Object Repository/Rizka/Admin - Login/txtPassword'

2020-05-18 16:06:52 - [MESSAGE][PASSED] - Text 'Password3' is set on object 'Object Repository/Rizka/Admin - Login/txtPassword'

2020-05-18 16:06:52 - [TEST_STEP][PASSED] - click(findTestObject("Rizka/Admin - Login/btnEyePass")): Object: 'Object Repository/Rizka/Admin - Login/btnEyePass' is clicked on

2020-05-18 16:06:52 - [MESSAGE][PASSED] - Object: 'Object Repository/Rizka/Admin - Login/btnEyePass' is clicked on

2020-05-18 16:06:52 - [TEST_STEP][PASSED] - click(findTestObject("Rizka/Admin - Login/checkboxRememberMe")): Object: 'Object Repository/Rizka/Admin - Login/checkboxRememberMe' is clicked on

2020-05-18 16:06:53 - [MESSAGE][PASSED] - Object: 'Object Repository/Rizka/Admin - Login/checkboxRememberMe' is clicked on

2020-05-18 16:06:53 - [TEST_STEP][PASSED] - click(findTestObject("Rizka/Admin - Login/btnLogin2")): Object: 'Object Repository/Rizka/Admin - Login/btnLogin2' is clicked on

2020-05-18 16:06:53 - [MESSAGE][PASSED] - Object: 'Object Repository/Rizka/Admin - Login/btnLogin2' is clicked on

2020-05-18 16:06:53 - [TEST_STEP][PASSED] - delay(20): Delayed 20 second(s)

2020-05-18 16:07:13 - [MESSAGE][PASSED] - Delayed 20 second(s)

2020-05-18 16:07:13 - [TEST_STEP][PASSED] - click(findTestObject("Object Repository/Rizka/Admin - Manage Test - Quiz - Edit/button_Manage Test")): Object: 'Object Repository/Rizka/Admin - Manage Test - Quiz - Edit/button_Manage Test' is clicked on

2020-05-18 16:07:14 - [MESSAGE][PASSED] - Object: 'Object Repository/Rizka/Admin - Manage Test - Quiz - Edit/button_Manage Test' is clicked on

2020-05-18 16:07:14 - [TEST_STEP][PASSED] - delay(10): Delayed 10 second(s)

2020-05-18 16:07:24 - [MESSAGE][PASSED] - Delayed 10 second(s)

2020-05-18 16:07:24 - [TEST_STEP][PASSED] - click(findTestObject("Rizka/Admin - Manage Test - Quiz - Edit/btnQuiz")): Object: 'Object Repository/Rizka/Admin - Manage Test - Quiz - Edit/btnQuiz' is clicked on

2020-05-18 16:07:24 - [MESSAGE][PASSED] - Object: 'Object Repository/Rizka/Admin - Manage Test - Quiz - Edit/btnQuiz' is clicked on

2020-05-18 16:07:24 - [TEST_STEP][PASSED] - click(findTestObject("Rizka/Admin - Manage Test - Quiz - Edit/btnManageTest")): Object: 'Object Repository/Rizka/Admin - Manage Test - Quiz - Edit/btnManageTest' is clicked on

2020-05-18 16:07:28 - [MESSAGE][PASSED] - Object: 'Object Repository/Rizka/Admin - Manage Test - Quiz - Edit/btnManageTest' is clicked on

2020-05-18 16:07:28 - [TEST_STEP][PASSED] - if (condition == "passed"): null

2020-05-18 16:07:28 - [TEST_STEP][PASSED] - else: Object 'Object Repository/Rizka/Admin - Manage Test - Quiz - Delete/label_Pengalihan kontrak dari nasabah lama ke nasabah baru yang akan melanjutkan pembayaran secara kredit disebut' is present

2020-05-18 16:07:28 - [TEST_STEP][PASSED] - verifyElementPresent(findTestObject("Rizka/Admin - Manage Test - Quiz - Delete/label_Pengalihan kontrak dari nasabah lama ke nasabah baru yang akan melanjutkan pembayaran secara kredit disebut"), 0): Object 'Object Repository/Rizka/Admin - Manage Test - Quiz - Delete/label_Pengalihan kontrak dari nasabah lama ke nasabah baru yang akan melanjutkan pembayaran secara kredit disebut' is present

2020-05-18 16:07:28 - [MESSAGE][WARNING] - Timeout '0' is invalid. Using default page load timeout: '30'

2020-05-18 16:07:44 - [MESSAGE][PASSED] - Object 'Object Repository/Rizka/Admin - Manage Test - Quiz - Delete/label_Pengalihan kontrak dari nasabah lama ke nasabah baru yang akan melanjutkan pembayaran secara kredit disebut' is present

2020-05-18 16:07:44 - [TEST_STEP][PASSED] - click(findTestObject("Rizka/Admin - Manage Test - Quiz - Delete/i_NEOP Teller Cash  PDC dan FAB_app-icon wi wi-more-vert fa-2x")): Object: 'Object Repository/Rizka/Admin - Manage Test - Quiz - Delete/i_NEOP Teller Cash  PDC dan FAB_app-icon wi wi-more-vert fa-2x' is clicked on

2020-05-18 16:07:45 - [MESSAGE][PASSED] - Object: 'Object Repository/Rizka/Admin - Manage Test - Quiz - Delete/i_NEOP Teller Cash  PDC dan FAB_app-icon wi wi-more-vert fa-2x' is clicked on

2020-05-18 16:07:45 - [TEST_STEP][PASSED] - click(findTestObject("Rizka/Admin - Manage Test - Quiz - Edit/btnDelete")): Object: 'Object Repository/Rizka/Admin - Manage Test - Quiz - Edit/btnDelete' is clicked on

2020-05-18 16:07:46 - [MESSAGE][PASSED] - Object: 'Object Repository/Rizka/Admin - Manage Test - Quiz - Edit/btnDelete' is clicked on

2020-05-18 16:07:46 - [TEST_STEP][PASSED] - delay(3): Delayed 3 second(s)

2020-05-18 16:07:49 - [MESSAGE][PASSED] - Delayed 3 second(s)

2020-05-18 16:07:49 - [TEST_STEP][PASSED] - click(findTestObject("Rizka/Admin - Manage Test - Quiz - Delete/span_CANCEL")): Object: 'Object Repository/Rizka/Admin - Manage Test - Quiz - Delete/span_CANCEL' is clicked on

2020-05-18 16:07:49 - [MESSAGE][PASSED] - Object: 'Object Repository/Rizka/Admin - Manage Test - Quiz - Delete/span_CANCEL' is clicked on

2020-05-18 16:07:49 - [TEST_STEP][PASSED] - verifyElementPresent(findTestObject("Rizka/Admin - Manage Test - Quiz - Delete/label_Pengalihan kontrak dari nasabah lama ke nasabah baru yang akan melanjutkan pembayaran secara kredit disebut"), 0): Object 'Object Repository/Rizka/Admin - Manage Test - Quiz - Delete/label_Pengalihan kontrak dari nasabah lama ke nasabah baru yang akan melanjutkan pembayaran secara kredit disebut' is present

2020-05-18 16:07:49 - [MESSAGE][WARNING] - Timeout '0' is invalid. Using default page load timeout: '30'

2020-05-18 16:07:50 - [MESSAGE][PASSED] - Object 'Object Repository/Rizka/Admin - Manage Test - Quiz - Delete/label_Pengalihan kontrak dari nasabah lama ke nasabah baru yang akan melanjutkan pembayaran secara kredit disebut' is present]]></system-out>
         <system-err><![CDATA[]]></system-err>
      </testcase>
      <testcase name="Test Cases/Rizka/Admin - Manage Test - Quiz - Delete" time="119.177" classname="Test Cases/Rizka/Admin - Manage Test - Quiz - Delete" status="PASSED">
         <system-out><![CDATA[2020-05-18 16:07:50 - [TEST_CASE][PASSED] - Test Cases/Rizka/Admin - Manage Test - Quiz - Delete: Test Cases/Rizka/Admin - Manage Test - Quiz - Delete

2020-05-18 16:07:50 - [TEST_STEP][PASSED] - openBrowser(""): Browser is opened with url: ''

2020-05-18 16:07:50 - [MESSAGE][WARNING] - A browser is already opened. Closing browser and opening a new one

2020-05-18 16:07:51 - [MESSAGE][INFO] - Starting 'Chrome' driver

2020-05-18 16:07:54 - [MESSAGE][PASSED] - Browser is opened with url: ''

2020-05-18 16:07:54 - [TEST_STEP][PASSED] - navigateToUrl("https://appsrv1.deltadatamandiri.com/ACC_LMS_WEB/#/admNLmn"): Navigate to 'https://appsrv1.deltadatamandiri.com/ACC_LMS_WEB/#/admNLmn' successfully

2020-05-18 16:08:33 - [MESSAGE][PASSED] - Navigate to 'https://appsrv1.deltadatamandiri.com/ACC_LMS_WEB/#/admNLmn' successfully

2020-05-18 16:08:33 - [TEST_STEP][PASSED] - delay(5): Delayed 5 second(s)

2020-05-18 16:08:38 - [MESSAGE][PASSED] - Delayed 5 second(s)

2020-05-18 16:08:38 - [TEST_STEP][PASSED] - click(findTestObject("Rizka/Admin - Login/btnLogin")): Object: 'Object Repository/Rizka/Admin - Login/btnLogin' is clicked on

2020-05-18 16:08:39 - [MESSAGE][ERROR] - javascript error: Failed to execute 'elementsFromPoint' on 'Document': The provided double value is non-finite.
  (Session info: chrome=81.0.4044.138)
Build info: version: '3.141.59', revision: 'e82be7d358', time: '2018-11-14T08:25:53'
System info: host: 'DESKTOP-NHES7H6', ip: '192.168.100.39', os.name: 'Windows 10', os.arch: 'amd64', os.version: '10.0', java.version: '1.8.0_181'
Driver info: com.kms.katalon.selenium.driver.CChromeDriver
Capabilities {acceptInsecureCerts: false, browserName: chrome, browserVersion: 81.0.4044.138, chrome: {chromedriverVersion: 81.0.4044.138 (8c6c7ba89cc9..., userDataDir: C:\Users\ASUS\AppData\Local...}, goog:chromeOptions: {debuggerAddress: localhost:59753}, javascriptEnabled: true, networkConnectionEnabled: false, pageLoadStrategy: normal, platform: WINDOWS, platformName: WINDOWS, proxy: Proxy(), setWindowRect: true, strictFileInteractability: false, timeouts: {implicit: 0, pageLoad: 300000, script: 30000}, unhandledPromptBehavior: dismiss and notify, webauthn:virtualAuthenticators: true}
Session ID: 770fcc9e16efa9c689601c388db6cb45

2020-05-18 16:08:40 - [MESSAGE][PASSED] - Object: 'Object Repository/Rizka/Admin - Login/btnLogin' is clicked on

2020-05-18 16:08:40 - [TEST_STEP][PASSED] - setText(findTestObject("Rizka/Admin - Login/txtUsername"), "11666"): Text '11666' is set on object 'Object Repository/Rizka/Admin - Login/txtUsername'

2020-05-18 16:08:41 - [MESSAGE][PASSED] - Text '11666' is set on object 'Object Repository/Rizka/Admin - Login/txtUsername'

2020-05-18 16:08:41 - [TEST_STEP][PASSED] - setText(findTestObject("Rizka/Admin - Login/txtPassword"), "Password3"): Text 'Password3' is set on object 'Object Repository/Rizka/Admin - Login/txtPassword'

2020-05-18 16:08:42 - [MESSAGE][PASSED] - Text 'Password3' is set on object 'Object Repository/Rizka/Admin - Login/txtPassword'

2020-05-18 16:08:42 - [TEST_STEP][PASSED] - click(findTestObject("Rizka/Admin - Login/btnEyePass")): Object: 'Object Repository/Rizka/Admin - Login/btnEyePass' is clicked on

2020-05-18 16:08:43 - [MESSAGE][PASSED] - Object: 'Object Repository/Rizka/Admin - Login/btnEyePass' is clicked on

2020-05-18 16:08:43 - [TEST_STEP][PASSED] - click(findTestObject("Rizka/Admin - Login/checkboxRememberMe")): Object: 'Object Repository/Rizka/Admin - Login/checkboxRememberMe' is clicked on

2020-05-18 16:08:43 - [MESSAGE][PASSED] - Object: 'Object Repository/Rizka/Admin - Login/checkboxRememberMe' is clicked on

2020-05-18 16:08:43 - [TEST_STEP][PASSED] - click(findTestObject("Rizka/Admin - Login/btnLogin2")): Object: 'Object Repository/Rizka/Admin - Login/btnLogin2' is clicked on

2020-05-18 16:08:44 - [MESSAGE][PASSED] - Object: 'Object Repository/Rizka/Admin - Login/btnLogin2' is clicked on

2020-05-18 16:08:44 - [TEST_STEP][PASSED] - delay(20): Delayed 20 second(s)

2020-05-18 16:09:04 - [MESSAGE][PASSED] - Delayed 20 second(s)

2020-05-18 16:09:04 - [TEST_STEP][PASSED] - click(findTestObject("Object Repository/Rizka/Admin - Manage Test - Quiz - Edit/button_Manage Test")): Object: 'Object Repository/Rizka/Admin - Manage Test - Quiz - Edit/button_Manage Test' is clicked on

2020-05-18 16:09:04 - [MESSAGE][PASSED] - Object: 'Object Repository/Rizka/Admin - Manage Test - Quiz - Edit/button_Manage Test' is clicked on

2020-05-18 16:09:04 - [TEST_STEP][PASSED] - delay(10): Delayed 10 second(s)

2020-05-18 16:09:14 - [MESSAGE][PASSED] - Delayed 10 second(s)

2020-05-18 16:09:14 - [TEST_STEP][PASSED] - click(findTestObject("Rizka/Admin - Manage Test - Quiz - Edit/btnQuiz")): Object: 'Object Repository/Rizka/Admin - Manage Test - Quiz - Edit/btnQuiz' is clicked on

2020-05-18 16:09:15 - [MESSAGE][PASSED] - Object: 'Object Repository/Rizka/Admin - Manage Test - Quiz - Edit/btnQuiz' is clicked on

2020-05-18 16:09:15 - [TEST_STEP][PASSED] - click(findTestObject("Rizka/Admin - Manage Test - Quiz - Edit/btnManageTest")): Object: 'Object Repository/Rizka/Admin - Manage Test - Quiz - Edit/btnManageTest' is clicked on

2020-05-18 16:09:19 - [MESSAGE][PASSED] - Object: 'Object Repository/Rizka/Admin - Manage Test - Quiz - Edit/btnManageTest' is clicked on

2020-05-18 16:09:19 - [TEST_STEP][PASSED] - if (condition == "passed"): Web element with id: 'Object Repository/Rizka/Admin - Manage Test - Quiz - Delete/label_160708926_1' located by 'By.xpath: id("ng-app")/app-root[1]/app-page-outlet[1]/app-page-managequiz[1]/div[@class="app-page container left-panel-collapsed-container slide-in-left-panel-container left-panel-container-md-10 left-panel-container-sm-10 left-panel-container-xs-2"]/main[@class="app-content clearfix"]/div[@class="row app-content-row clearfix"]/div[@class="app-page-content app-content-column col-md-10 col-sm-10"]/div[@class="app-grid-layout clearfix"]/div[@class="app-grid-row clearfix"]/div[@class="app-grid-column col-sm-12"]/div[@class="app-container"]/app-partial-quizlistcms[1]/section[@class="app-partial clearfix"]/div[@class="app-container"]/div[@class="app-livelist app-panel media-list Classic"]/ul[@class="app-livelist-container clearfix media-list"]/li[@class="app-list-item col-xs-12 col-sm-12 col-md-12 col-lg-12 list-group-item"]/div[@class="app-container containerRowTest"]/div[@class="app-grid-layout clearfix"]/div[@class="app-grid-row clearfix"]/div[@class="app-grid-column col-sm-6"]/label[@class="app-label txtRowSoal"][count(. | //*[(text() = '160708926_1' or . = '160708926_1')]) = count(//*[(text() = '160708926_1' or . = '160708926_1')])]' is not present after '30' second(s)

2020-05-18 16:09:19 - [TEST_STEP][PASSED] - verifyElementPresent(findTestObject("Rizka/Admin - Manage Test - Quiz - Delete/label_160708926_1"), 0): Object 'Object Repository/Rizka/Admin - Manage Test - Quiz - Delete/label_160708926_1' is present

2020-05-18 16:09:19 - [MESSAGE][WARNING] - Timeout '0' is invalid. Using default page load timeout: '30'

2020-05-18 16:09:31 - [MESSAGE][PASSED] - Object 'Object Repository/Rizka/Admin - Manage Test - Quiz - Delete/label_160708926_1' is present

2020-05-18 16:09:31 - [TEST_STEP][PASSED] - click(findTestObject("Rizka/Admin - Manage Test - Quiz - Delete/i_AS_app-icon wi wi-more-vert fa-2x")): Object: 'Object Repository/Rizka/Admin - Manage Test - Quiz - Delete/i_AS_app-icon wi wi-more-vert fa-2x' is clicked on

2020-05-18 16:09:31 - [MESSAGE][PASSED] - Object: 'Object Repository/Rizka/Admin - Manage Test - Quiz - Delete/i_AS_app-icon wi wi-more-vert fa-2x' is clicked on

2020-05-18 16:09:31 - [TEST_STEP][PASSED] - click(findTestObject("Rizka/Admin - Manage Test - Quiz - Edit/btnDelete")): Object: 'Object Repository/Rizka/Admin - Manage Test - Quiz - Edit/btnDelete' is clicked on

2020-05-18 16:09:32 - [MESSAGE][PASSED] - Object: 'Object Repository/Rizka/Admin - Manage Test - Quiz - Edit/btnDelete' is clicked on

2020-05-18 16:09:32 - [TEST_STEP][PASSED] - delay(3): Delayed 3 second(s)

2020-05-18 16:09:35 - [MESSAGE][PASSED] - Delayed 3 second(s)

2020-05-18 16:09:35 - [TEST_STEP][PASSED] - click(findTestObject("Rizka/Admin - Manage Test - Quiz - Delete/span_YES")): Object: 'Object Repository/Rizka/Admin - Manage Test - Quiz - Delete/span_YES' is clicked on

2020-05-18 16:09:36 - [MESSAGE][PASSED] - Object: 'Object Repository/Rizka/Admin - Manage Test - Quiz - Delete/span_YES' is clicked on

2020-05-18 16:09:36 - [TEST_STEP][PASSED] - delay(5): Delayed 5 second(s)

2020-05-18 16:09:41 - [MESSAGE][PASSED] - Delayed 5 second(s)

2020-05-18 16:09:41 - [TEST_STEP][PASSED] - verifyElementNotPresent(findTestObject("Rizka/Admin - Manage Test - Quiz - Delete/label_160708926_1"), 0): Web element with id: 'Object Repository/Rizka/Admin - Manage Test - Quiz - Delete/label_160708926_1' located by 'By.xpath: id("ng-app")/app-root[1]/app-page-outlet[1]/app-page-managequiz[1]/div[@class="app-page container left-panel-collapsed-container slide-in-left-panel-container left-panel-container-md-10 left-panel-container-sm-10 left-panel-container-xs-2"]/main[@class="app-content clearfix"]/div[@class="row app-content-row clearfix"]/div[@class="app-page-content app-content-column col-md-10 col-sm-10"]/div[@class="app-grid-layout clearfix"]/div[@class="app-grid-row clearfix"]/div[@class="app-grid-column col-sm-12"]/div[@class="app-container"]/app-partial-quizlistcms[1]/section[@class="app-partial clearfix"]/div[@class="app-container"]/div[@class="app-livelist app-panel media-list Classic"]/ul[@class="app-livelist-container clearfix media-list"]/li[@class="app-list-item col-xs-12 col-sm-12 col-md-12 col-lg-12 list-group-item"]/div[@class="app-container containerRowTest"]/div[@class="app-grid-layout clearfix"]/div[@class="app-grid-row clearfix"]/div[@class="app-grid-column col-sm-6"]/label[@class="app-label txtRowSoal"][count(. | //*[(text() = '160708926_1' or . = '160708926_1')]) = count(//*[(text() = '160708926_1' or . = '160708926_1')])]' is not present after '30' second(s)

2020-05-18 16:09:41 - [MESSAGE][WARNING] - Timeout '0' is invalid. Using default page load timeout: '30'

2020-05-18 16:09:49 - [MESSAGE][PASSED] - Web element with id: 'Object Repository/Rizka/Admin - Manage Test - Quiz - Delete/label_160708926_1' located by 'By.xpath: id("ng-app")/app-root[1]/app-page-outlet[1]/app-page-managequiz[1]/div[@class="app-page container left-panel-collapsed-container slide-in-left-panel-container left-panel-container-md-10 left-panel-container-sm-10 left-panel-container-xs-2"]/main[@class="app-content clearfix"]/div[@class="row app-content-row clearfix"]/div[@class="app-page-content app-content-column col-md-10 col-sm-10"]/div[@class="app-grid-layout clearfix"]/div[@class="app-grid-row clearfix"]/div[@class="app-grid-column col-sm-12"]/div[@class="app-container"]/app-partial-quizlistcms[1]/section[@class="app-partial clearfix"]/div[@class="app-container"]/div[@class="app-livelist app-panel media-list Classic"]/ul[@class="app-livelist-container clearfix media-list"]/li[@class="app-list-item col-xs-12 col-sm-12 col-md-12 col-lg-12 list-group-item"]/div[@class="app-container containerRowTest"]/div[@class="app-grid-layout clearfix"]/div[@class="app-grid-row clearfix"]/div[@class="app-grid-column col-sm-6"]/label[@class="app-label txtRowSoal"][count(. | //*[(text() = '160708926_1' or . = '160708926_1')]) = count(//*[(text() = '160708926_1' or . = '160708926_1')])]' is not present after '30' second(s)]]></system-out>
         <system-err><![CDATA[]]></system-err>
      </testcase>
      <system-out><![CDATA[2020-05-18 16:05:44 - [TEST_SUITE][PASSED] - Admin - Manage Test - Quiz: Test Cases/Rizka/Admin - Manage Test - Quiz - Delete]]></system-out>
      <system-err><![CDATA[]]></system-err>
   </testsuite>
</testsuites>
