<?xml version="1.0" encoding="UTF-8"?>
<testsuites name="Admin_Manage FAQ - Edit" time="153.986" tests="1" failures="0" errors="0">
   <testsuite name="Admin_Manage FAQ - Edit" tests="1" failures="0" errors="0" time="153.986" timestamp="2020-06-17 21:37:13" hostname="ASUS - LAPTOP-D0TPACJ1" id="Test Suites/Alda/Admin_Manage FAQ - Edit">
      <properties>
         <property name="deviceName" value=""/>
         <property name="devicePlatform" value=""/>
         <property name="logFolder" value="C:\\Users\\ASUS\\git\\LearningManagementWebs\\Reports\\20200617_213657\\Alda\\Admin_Manage FAQ - Edit\\20200617_213657"/>
         <property name="logFiles" value="C:\\Users\\ASUS\\git\\LearningManagementWebs\\Reports\\20200617_213657\\Alda\\Admin_Manage FAQ - Edit\\20200617_213657\\execution0.log"/>
         <property name="attachments" value=""/>
         <property name="hostName" value="ASUS - LAPTOP-D0TPACJ1"/>
         <property name="os" value="Windows 10 64bit"/>
         <property name="katalonVersion" value="7.0.10.1"/>
         <property name="browser" value="Chrome 83.0.4103.106"/>
         <property name="hostAddress" value="192.168.100.227"/>
         <property name="sessionId" value="d5abe1947ece72524418ad66af7caf4d"/>
         <property name="seleniumVersion" value="3.141.59"/>
         <property name="proxyInformation" value="ProxyInformation{proxyOption=NO_PROXY, proxyServerType=HTTP, password=, proxyServerAddress=, proxyServerPort=0}"/>
         <property name="platform" value="Windows 10"/>
      </properties>
      <testcase name="Test Cases/Alda/Admin - Manage FAQ/Edit" time="151.9" classname="Test Cases/Alda/Admin - Manage FAQ/Edit" status="PASSED">
         <system-out><![CDATA[2020-06-17 21:37:15 - [TEST_CASE][PASSED] - Test Cases/Alda/Admin - Manage FAQ/Edit: Test Cases/Alda/Admin - Manage FAQ/Edit

2020-06-17 21:37:16 - [TEST_STEP][PASSED] - callTestCase(findTestCase("Christi/Admin/admin login"), ["username":"11666", "password":"Password3"], STOP_ON_FAILURE): Call Test Case 'Test Cases/Christi/Admin/admin login' successfully

2020-06-17 21:37:17 - [TEST_CASE][PASSED] - Test Cases/Christi/Admin/admin login: Test Cases/Christi/Admin/admin login

2020-06-17 21:37:18 - [TEST_STEP][PASSED] - openBrowser(""): Browser is opened with url: ''

2020-06-17 21:37:18 - [MESSAGE][INFO] - Starting 'Chrome' driver

2020-06-17 21:37:18 - [MESSAGE][INFO] - Action delay is set to 0 seconds

2020-06-17 21:37:26 - [MESSAGE][PASSED] - Browser is opened with url: ''

2020-06-17 21:37:26 - [TEST_STEP][PASSED] - navigateToUrl("https://appsrv1.deltadatamandiri.com/ACC_LMS_WEB/#/admNLmn"): Navigate to 'https://appsrv1.deltadatamandiri.com/ACC_LMS_WEB/#/admNLmn' successfully

2020-06-17 21:38:26 - [MESSAGE][PASSED] - Navigate to 'https://appsrv1.deltadatamandiri.com/ACC_LMS_WEB/#/admNLmn' successfully

2020-06-17 21:38:26 - [TEST_STEP][PASSED] - click(findTestObject("Christi/Page_Main/button_login")): Object: 'Object Repository/Christi/Page_Main/button_login' is clicked on

2020-06-17 21:38:43 - [MESSAGE][PASSED] - Object: 'Object Repository/Christi/Page_Main/button_login' is clicked on

2020-06-17 21:38:43 - [TEST_STEP][PASSED] - delay(3): Delayed 3 second(s)

2020-06-17 21:38:46 - [MESSAGE][PASSED] - Delayed 3 second(s)

2020-06-17 21:38:46 - [TEST_STEP][PASSED] - setText(findTestObject("Object Repository/Christi/Page_Main/input_NPK_username"), username): Text '11666' is set on object 'Object Repository/Christi/Page_Main/input_NPK_username'

2020-06-17 21:38:47 - [MESSAGE][PASSED] - Text '11666' is set on object 'Object Repository/Christi/Page_Main/input_NPK_username'

2020-06-17 21:38:47 - [TEST_STEP][PASSED] - setText(findTestObject("Object Repository/Christi/Page_Main/input_Password_password"), password): Text 'Password3' is set on object 'Object Repository/Christi/Page_Main/input_Password_password'

2020-06-17 21:38:48 - [MESSAGE][PASSED] - Text 'Password3' is set on object 'Object Repository/Christi/Page_Main/input_Password_password'

2020-06-17 21:38:48 - [TEST_STEP][PASSED] - delay(5): Delayed 5 second(s)

2020-06-17 21:38:53 - [MESSAGE][PASSED] - Delayed 5 second(s)

2020-06-17 21:38:53 - [TEST_STEP][PASSED] - click(findTestObject("Rizka/Admin/Admin - Login/btnLogin2")): Object: 'Object Repository/Rizka/Admin/Admin - Login/btnLogin2' is clicked on

2020-06-17 21:38:53 - [MESSAGE][PASSED] - Object: 'Object Repository/Rizka/Admin/Admin - Login/btnLogin2' is clicked on

2020-06-17 21:38:53 - [TEST_STEP][PASSED] - delay(5): Delayed 5 second(s)

2020-06-17 21:38:58 - [MESSAGE][PASSED] - Delayed 5 second(s)

2020-06-17 21:38:58 - [MESSAGE][PASSED] - Call Test Case 'Test Cases/Christi/Admin/admin login' successfully

2020-06-17 21:38:58 - [TEST_STEP][PASSED] - delay(5): Delayed 5 second(s)

2020-06-17 21:39:03 - [MESSAGE][PASSED] - Delayed 5 second(s)

2020-06-17 21:39:03 - [TEST_STEP][PASSED] - click(findTestObject("Christi/Page_Dashboard Admin/span_Manage FAQ")): Object: 'Object Repository/Christi/Page_Dashboard Admin/span_Manage FAQ' is clicked on

2020-06-17 21:39:08 - [MESSAGE][PASSED] - Object: 'Object Repository/Christi/Page_Dashboard Admin/span_Manage FAQ' is clicked on

2020-06-17 21:39:08 - [TEST_STEP][PASSED] - click(findTestObject("Alda/Admin - Manage FAQ/Page_Manage Faq/input_search")): Object: 'Object Repository/Alda/Admin - Manage FAQ/Page_Manage Faq/input_search' is clicked on

2020-06-17 21:39:12 - [MESSAGE][PASSED] - Object: 'Object Repository/Alda/Admin - Manage FAQ/Page_Manage Faq/input_search' is clicked on

2020-06-17 21:39:12 - [TEST_STEP][PASSED] - setText(findTestObject("Alda/Admin - Manage FAQ/Page_Manage Faq/input_search"), var_search): Text 'Ini pertanyaan' is set on object 'Object Repository/Alda/Admin - Manage FAQ/Page_Manage Faq/input_search'

2020-06-17 21:39:14 - [MESSAGE][PASSED] - Text 'Ini pertanyaan' is set on object 'Object Repository/Alda/Admin - Manage FAQ/Page_Manage Faq/input_search'

2020-06-17 21:39:14 - [TEST_STEP][PASSED] - click(findTestObject("Christi/Page_Manage Faq/button_Clear button_app-search-button wi wi-search"), STOP_ON_FAILURE): Object: 'Object Repository/Christi/Page_Manage Faq/button_Clear button_app-search-button wi wi-search' is clicked on

2020-06-17 21:39:15 - [MESSAGE][PASSED] - Object: 'Object Repository/Christi/Page_Manage Faq/button_Clear button_app-search-button wi wi-search' is clicked on

2020-06-17 21:39:15 - [TEST_STEP][PASSED] - if (expected_search == "found"): Object 'Object Repository/Alda/Admin - Manage FAQ/Page_Manage Faq/btn_save_edit' is present

2020-06-17 21:39:15 - [TEST_STEP][PASSED] - verifyElementVisible(findTestObject("Alda/Admin - Manage FAQ/Page_Manage Faq/label_search_visible", ["text":var_search])): Object 'Object Repository/Alda/Admin - Manage FAQ/Page_Manage Faq/label_search_visible' is visible

2020-06-17 21:39:17 - [MESSAGE][PASSED] - Object 'Object Repository/Alda/Admin - Manage FAQ/Page_Manage Faq/label_search_visible' is visible

2020-06-17 21:39:17 - [TEST_STEP][PASSED] - delay(5): Delayed 5 second(s)

2020-06-17 21:39:22 - [MESSAGE][PASSED] - Delayed 5 second(s)

2020-06-17 21:39:22 - [TEST_STEP][PASSED] - click(findTestObject("Alda/Admin - Manage FAQ/Page_Manage Faq/btn_edit")): Object: 'Object Repository/Alda/Admin - Manage FAQ/Page_Manage Faq/btn_edit' is clicked on

2020-06-17 21:39:23 - [MESSAGE][PASSED] - Object: 'Object Repository/Alda/Admin - Manage FAQ/Page_Manage Faq/btn_edit' is clicked on

2020-06-17 21:39:23 - [TEST_STEP][PASSED] - verifyElementVisible(findTestObject("Object Repository/Alda/Admin - Manage FAQ/Page_Manage Faq/header_edit_page")): Object 'Object Repository/Alda/Admin - Manage FAQ/Page_Manage Faq/header_edit_page' is visible

2020-06-17 21:39:29 - [MESSAGE][PASSED] - Object 'Object Repository/Alda/Admin - Manage FAQ/Page_Manage Faq/header_edit_page' is visible

2020-06-17 21:39:29 - [TEST_STEP][PASSED] - switch (opsi_edit.toString()): null

2020-06-17 21:39:29 - [TEST_STEP][PASSED] - case "all":: null

2020-06-17 21:39:29 - [TEST_STEP][PASSED] - clearText(findTestObject("Alda/Admin - Manage FAQ/Page_Manage Faq/edit_question"), STOP_ON_FAILURE): Text of object 'Object Repository/Alda/Admin - Manage FAQ/Page_Manage Faq/edit_question' is cleared

2020-06-17 21:39:29 - [MESSAGE][PASSED] - Text of object 'Object Repository/Alda/Admin - Manage FAQ/Page_Manage Faq/edit_question' is cleared

2020-06-17 21:39:29 - [TEST_STEP][PASSED] - if (var_question_new != ""): null

2020-06-17 21:39:29 - [TEST_STEP][PASSED] - clearText(findTestObject("Alda/Admin - Manage FAQ/Page_Manage Faq/edit_answer"), STOP_ON_FAILURE): Text of object 'Object Repository/Alda/Admin - Manage FAQ/Page_Manage Faq/edit_answer' is cleared

2020-06-17 21:39:30 - [MESSAGE][PASSED] - Text of object 'Object Repository/Alda/Admin - Manage FAQ/Page_Manage Faq/edit_answer' is cleared

2020-06-17 21:39:30 - [TEST_STEP][PASSED] - if (var_answer_new != ""): Text 'answer5' is set on object 'Object Repository/Alda/Admin - Manage FAQ/Page_Manage Faq/edit_answer'

2020-06-17 21:39:30 - [TEST_STEP][PASSED] - setText(findTestObject("Alda/Admin - Manage FAQ/Page_Manage Faq/edit_answer"), var_answer_new): Text 'answer5' is set on object 'Object Repository/Alda/Admin - Manage FAQ/Page_Manage Faq/edit_answer'

2020-06-17 21:39:31 - [MESSAGE][PASSED] - Text 'answer5' is set on object 'Object Repository/Alda/Admin - Manage FAQ/Page_Manage Faq/edit_answer'

2020-06-17 21:39:31 - [TEST_STEP][PASSED] - uploadFile(findTestObject("Alda/Admin - Manage FAQ/Page_Manage Faq/edit_gambar"), var_gambar_new): File 'C:\Users\ASUS\git\LearningManagementWebs\konten lms\01. What Business Are we in.pdf' sent to object: 'Object Repository/Alda/Admin - Manage FAQ/Page_Manage Faq/edit_gambar'

2020-06-17 21:39:31 - [MESSAGE][PASSED] - File 'C:\Users\ASUS\git\LearningManagementWebs\konten lms\01. What Business Are we in.pdf' sent to object: 'Object Repository/Alda/Admin - Manage FAQ/Page_Manage Faq/edit_gambar'

2020-06-17 21:39:31 - [TEST_STEP][PASSED] - if (var_gambar_new != ""): Object 'Object Repository/Alda/Page_Manage Faq/div_ERROR' is present

2020-06-17 21:39:31 - [TEST_STEP][PASSED] - if (expected_image == "file to big"): null

2020-06-17 21:39:31 - [TEST_STEP][PASSED] - else if (expected_image == "wrong file extension"): Object 'Object Repository/Alda/Page_Manage Faq/div_ERROR' is present

2020-06-17 21:39:31 - [TEST_STEP][PASSED] - verifyElementPresent(findTestObject("Alda/Page_Manage Faq/div_ERROR"), 0): Object 'Object Repository/Alda/Page_Manage Faq/div_ERROR' is present

2020-06-17 21:39:32 - [MESSAGE][WARNING] - Timeout '0' is invalid. Using default page load timeout: '30'

2020-06-17 21:39:32 - [MESSAGE][PASSED] - Object 'Object Repository/Alda/Page_Manage Faq/div_ERROR' is present

2020-06-17 21:39:32 - [TEST_STEP][PASSED] - if (var_tag_new != ""): null

2020-06-17 21:39:32 - [TEST_STEP][PASSED] - break: null

2020-06-17 21:39:32 - [TEST_STEP][PASSED] - if (expected_output == "pass"): null

2020-06-17 21:39:32 - [TEST_STEP][PASSED] - else if (expected_output == "fail"): Object 'Object Repository/Alda/Admin - Manage FAQ/Page_Manage Faq/btn_save_edit' is present

2020-06-17 21:39:32 - [TEST_STEP][PASSED] - click(findTestObject("Object Repository/Alda/Admin - Manage FAQ/Page_Manage Faq/btn_save_edit")): Object: 'Object Repository/Alda/Admin - Manage FAQ/Page_Manage Faq/btn_save_edit' is clicked on

2020-06-17 21:39:33 - [MESSAGE][PASSED] - Object: 'Object Repository/Alda/Admin - Manage FAQ/Page_Manage Faq/btn_save_edit' is clicked on

2020-06-17 21:39:33 - [TEST_STEP][PASSED] - verifyElementPresent(findTestObject("Alda/Admin - Manage FAQ/Page_Manage Faq/btn_save_edit"), 0): Object 'Object Repository/Alda/Admin - Manage FAQ/Page_Manage Faq/btn_save_edit' is present

2020-06-17 21:39:33 - [MESSAGE][WARNING] - Timeout '0' is invalid. Using default page load timeout: '30'

2020-06-17 21:39:46 - [MESSAGE][PASSED] - Object 'Object Repository/Alda/Admin - Manage FAQ/Page_Manage Faq/btn_save_edit' is present

2020-06-17 21:39:46 - [TEST_STEP][PASSED] - closeBrowser(): Browser is closed

2020-06-17 21:39:47 - [MESSAGE][PASSED] - Browser is closed]]></system-out>
         <system-err><![CDATA[]]></system-err>
      </testcase>
      <system-out><![CDATA[2020-06-17 21:37:13 - [TEST_SUITE][PASSED] - Admin_Manage FAQ - Edit: Test Cases/Alda/Admin - Manage FAQ/Edit]]></system-out>
      <system-err><![CDATA[]]></system-err>
   </testsuite>
</testsuites>
