<?xml version="1.0" encoding="UTF-8"?>
<testsuites name="Admin - Manage Modules" time="72.449" tests="1" failures="0" errors="0">
   <testsuite name="Admin - Manage Modules" tests="1" failures="0" errors="0" time="72.449" timestamp="2020-05-19 15:12:42" hostname="rizkajuliant20 - DESKTOP-NHES7H6" id="Test Suites/Rizka/Admin - Manage Modules">
      <properties>
         <property name="deviceName" value=""/>
         <property name="devicePlatform" value=""/>
         <property name="logFolder" value="D:\\MY WORLD\\WORKS (TUGAS)\\LearningManagementWeb\\Reports\\20200519_151231\\Rizka\\Admin - Manage Modules\\20200519_151231"/>
         <property name="logFiles" value="D:\\MY WORLD\\WORKS (TUGAS)\\LearningManagementWeb\\Reports\\20200519_151231\\Rizka\\Admin - Manage Modules\\20200519_151231\\execution0.log"/>
         <property name="attachments" value=""/>
         <property name="hostName" value="rizkajuliant20 - DESKTOP-NHES7H6"/>
         <property name="os" value="Windows 10 64bit"/>
         <property name="katalonVersion" value="7.2.1.1"/>
         <property name="browser" value="Chrome 81.0.4044.138"/>
         <property name="hostAddress" value="192.168.1.116"/>
         <property name="sessionId" value="88cb71d6f8cd5a979e8e14977d47b3c8"/>
         <property name="seleniumVersion" value="3.141.59"/>
         <property name="proxyInformation" value="ProxyInformation{proxyOption=NO_PROXY, proxyServerType=HTTP, password=, proxyServerAddress=, proxyServerPort=0, executionList=}"/>
         <property name="platform" value="Windows 10"/>
      </properties>
      <testcase name="Test Cases/Rizka/Admin - Manage Modules" time="70.12" classname="Test Cases/Rizka/Admin - Manage Modules" status="PASSED">
         <system-out><![CDATA[2020-05-19 15:12:43 - [TEST_CASE][PASSED] - Test Cases/Rizka/Admin - Manage Modules: Test Cases/Rizka/Admin - Manage Modules

2020-05-19 15:12:44 - [TEST_STEP][PASSED] - openBrowser(""): Browser is opened with url: ''

2020-05-19 15:12:45 - [MESSAGE][INFO] - Starting 'Chrome' driver

2020-05-19 15:12:45 - [MESSAGE][INFO] - Action delay is set to 0 seconds

2020-05-19 15:12:53 - [MESSAGE][PASSED] - Browser is opened with url: ''

2020-05-19 15:12:53 - [TEST_STEP][PASSED] - navigateToUrl("https://appsrv1.deltadatamandiri.com/ACC_LMS_WEB/#/admNLmn"): Navigate to 'https://appsrv1.deltadatamandiri.com/ACC_LMS_WEB/#/admNLmn' successfully

2020-05-19 15:13:07 - [MESSAGE][PASSED] - Navigate to 'https://appsrv1.deltadatamandiri.com/ACC_LMS_WEB/#/admNLmn' successfully

2020-05-19 15:13:07 - [TEST_STEP][PASSED] - delay(5): Delayed 5 second(s)

2020-05-19 15:13:12 - [MESSAGE][PASSED] - Delayed 5 second(s)

2020-05-19 15:13:12 - [TEST_STEP][PASSED] - click(findTestObject("Rizka/Admin - Login/btnLogin")): Object: 'Object Repository/Rizka/Admin - Login/btnLogin' is clicked on

2020-05-19 15:13:13 - [MESSAGE][PASSED] - Object: 'Object Repository/Rizka/Admin - Login/btnLogin' is clicked on

2020-05-19 15:13:13 - [TEST_STEP][PASSED] - setText(findTestObject("Rizka/Admin - Login/txtUsername"), "11666"): Text '11666' is set on object 'Object Repository/Rizka/Admin - Login/txtUsername'

2020-05-19 15:13:14 - [MESSAGE][PASSED] - Text '11666' is set on object 'Object Repository/Rizka/Admin - Login/txtUsername'

2020-05-19 15:13:14 - [TEST_STEP][PASSED] - setText(findTestObject("Rizka/Admin - Login/txtPassword"), "Password3"): Text 'Password3' is set on object 'Object Repository/Rizka/Admin - Login/txtPassword'

2020-05-19 15:13:14 - [MESSAGE][PASSED] - Text 'Password3' is set on object 'Object Repository/Rizka/Admin - Login/txtPassword'

2020-05-19 15:13:14 - [TEST_STEP][PASSED] - click(findTestObject("Rizka/Admin - Login/btnEyePass")): Object: 'Object Repository/Rizka/Admin - Login/btnEyePass' is clicked on

2020-05-19 15:13:15 - [MESSAGE][PASSED] - Object: 'Object Repository/Rizka/Admin - Login/btnEyePass' is clicked on

2020-05-19 15:13:15 - [TEST_STEP][PASSED] - click(findTestObject("Rizka/Admin - Login/checkboxRememberMe")): Object: 'Object Repository/Rizka/Admin - Login/checkboxRememberMe' is clicked on

2020-05-19 15:13:15 - [MESSAGE][PASSED] - Object: 'Object Repository/Rizka/Admin - Login/checkboxRememberMe' is clicked on

2020-05-19 15:13:15 - [TEST_STEP][PASSED] - click(findTestObject("Rizka/Admin - Login/btnLogin2")): Object: 'Object Repository/Rizka/Admin - Login/btnLogin2' is clicked on

2020-05-19 15:13:16 - [MESSAGE][PASSED] - Object: 'Object Repository/Rizka/Admin - Login/btnLogin2' is clicked on

2020-05-19 15:13:16 - [TEST_STEP][PASSED] - delay(20): Delayed 20 second(s)

2020-05-19 15:13:36 - [MESSAGE][PASSED] - Delayed 20 second(s)

2020-05-19 15:13:36 - [TEST_STEP][PASSED] - click(findTestObject("Rizka/Admin - Manage Modules/btnManageModules")): Object: 'Object Repository/Rizka/Admin - Manage Modules/btnManageModules' is clicked on

2020-05-19 15:13:37 - [MESSAGE][PASSED] - Object: 'Object Repository/Rizka/Admin - Manage Modules/btnManageModules' is clicked on

2020-05-19 15:13:37 - [TEST_STEP][PASSED] - delay(5): Delayed 5 second(s)

2020-05-19 15:13:42 - [MESSAGE][PASSED] - Delayed 5 second(s)

2020-05-19 15:13:42 - [TEST_STEP][PASSED] - setText(findTestObject("Rizka/Admin - Manage Modules/inputSearch"), namaModul): Text 'security testing !@#$%^&*()__+_)' is set on object 'Object Repository/Rizka/Admin - Manage Modules/inputSearch'

2020-05-19 15:13:47 - [MESSAGE][PASSED] - Text 'security testing !@#$%^&*()__+_)' is set on object 'Object Repository/Rizka/Admin - Manage Modules/inputSearch'

2020-05-19 15:13:47 - [TEST_STEP][PASSED] - click(findTestObject("Rizka/Admin - Manage Modules/btnSearch")): Object: 'Object Repository/Rizka/Admin - Manage Modules/btnSearch' is clicked on

2020-05-19 15:13:47 - [MESSAGE][PASSED] - Object: 'Object Repository/Rizka/Admin - Manage Modules/btnSearch' is clicked on

2020-05-19 15:13:47 - [TEST_STEP][PASSED] - delay(5): Delayed 5 second(s)

2020-05-19 15:13:52 - [MESSAGE][PASSED] - Delayed 5 second(s)

2020-05-19 15:13:52 - [TEST_STEP][PASSED] - if (condition == "passed"): Object 'Object Repository/Rizka/Admin - Manage Modules/label_NEOP Teller Cash  PDC dan FAB' is visible

2020-05-19 15:13:52 - [TEST_STEP][PASSED] - verifyElementVisible(findTestObject("Rizka/Admin - Manage Modules/label_NEOP Teller Cash  PDC dan FAB", ["text":namaModul]), STOP_ON_FAILURE): Object 'Object Repository/Rizka/Admin - Manage Modules/label_NEOP Teller Cash  PDC dan FAB' is visible

2020-05-19 15:13:53 - [MESSAGE][PASSED] - Object 'Object Repository/Rizka/Admin - Manage Modules/label_NEOP Teller Cash  PDC dan FAB' is visible]]></system-out>
         <system-err><![CDATA[]]></system-err>
      </testcase>
      <system-out><![CDATA[2020-05-19 15:12:42 - [TEST_SUITE][PASSED] - Admin - Manage Modules: Test Cases/Rizka/Admin - Manage Modules]]></system-out>
      <system-err><![CDATA[]]></system-err>
   </testsuite>
</testsuites>
