<?xml version="1.0" encoding="UTF-8"?>
<testsuites name="Manage Slider" time="529.672" tests="8" failures="1" errors="0">
   <testsuite name="Manage Slider" tests="8" failures="1" errors="0" time="529.672" timestamp="2020-06-04 08:50:12" hostname="ASUS - LAPTOP-D0TPACJ1" id="Test Suites/Christi/Manage Slider">
      <properties>
         <property name="deviceName" value=""/>
         <property name="devicePlatform" value=""/>
         <property name="logFolder" value="C:\\Users\\ASUS\\git\\LearningManagementWeb\\Reports\\20200604_085002\\Christi\\Manage Slider\\20200604_085002"/>
         <property name="logFiles" value="C:\\Users\\ASUS\\git\\LearningManagementWeb\\Reports\\20200604_085002\\Christi\\Manage Slider\\20200604_085002\\execution0.log"/>
         <property name="attachments" value="C:\\Users\\ASUS\\git\\LearningManagementWeb\\Reports\\20200604_085002\\Christi\\Manage Slider\\20200604_085002\\1591235940029.png, C:\\Users\\ASUS\\git\\LearningManagementWeb\\Reports\\20200604_085002\\Christi\\Manage Slider\\20200604_085002\\1591235940523.png"/>
         <property name="hostName" value="ASUS - LAPTOP-D0TPACJ1"/>
         <property name="os" value="Windows 10 64bit"/>
         <property name="katalonVersion" value="7.0.10.1"/>
         <property name="browser" value="Chrome 83.0.4103.61"/>
         <property name="hostAddress" value="192.168.100.227"/>
         <property name="sessionId" value="f20fc3cba51f116b910267ba3519836e"/>
         <property name="seleniumVersion" value="3.141.59"/>
         <property name="proxyInformation" value="ProxyInformation{proxyOption=NO_PROXY, proxyServerType=HTTP, password=, proxyServerAddress=, proxyServerPort=0}"/>
         <property name="platform" value="Windows 10"/>
      </properties>
      <testcase name="Test Cases/Christi/Admin/Manage Slider - new slider" time="62.93" classname="Test Cases/Christi/Admin/Manage Slider - new slider" status="PASSED">
         <system-out><![CDATA[2020-06-04 08:50:13 - [TEST_CASE][PASSED] - Test Cases/Christi/Admin/Manage Slider - new slider: Test Cases/Christi/Admin/Manage Slider - new slider

2020-06-04 08:50:14 - [TEST_STEP][PASSED] - callTestCase(findTestCase("Christi/Admin/admin login"), ["username":"11666", "password":"Password3"], STOP_ON_FAILURE): Call Test Case 'Test Cases/Christi/Admin/admin login' successfully

2020-06-04 08:50:14 - [TEST_CASE][PASSED] - Test Cases/Christi/Admin/admin login: Test Cases/Christi/Admin/admin login

2020-06-04 08:50:15 - [TEST_STEP][PASSED] - openBrowser(""): Browser is opened with url: ''

2020-06-04 08:50:16 - [MESSAGE][INFO] - Starting 'Chrome' driver

2020-06-04 08:50:16 - [MESSAGE][INFO] - Action delay is set to 0 seconds

2020-06-04 08:50:20 - [MESSAGE][PASSED] - Browser is opened with url: ''

2020-06-04 08:50:20 - [TEST_STEP][PASSED] - navigateToUrl("https://appsrv1.deltadatamandiri.com/ACC_LMS_WEB/#/admNLmn"): Navigate to 'https://appsrv1.deltadatamandiri.com/ACC_LMS_WEB/#/admNLmn' successfully

2020-06-04 08:50:29 - [MESSAGE][PASSED] - Navigate to 'https://appsrv1.deltadatamandiri.com/ACC_LMS_WEB/#/admNLmn' successfully

2020-06-04 08:50:29 - [TEST_STEP][PASSED] - click(findTestObject("Christi/Page_Main/button_login")): Object: 'Object Repository/Christi/Page_Main/button_login' is clicked on

2020-06-04 08:50:33 - [MESSAGE][ERROR] - javascript error: Failed to execute 'elementsFromPoint' on 'Document': The provided double value is non-finite.
  (Session info: chrome=83.0.4103.61)
Build info: version: '3.141.59', revision: 'e82be7d358', time: '2018-11-14T08:25:53'
System info: host: 'LAPTOP-D0TPACJ1', ip: '192.168.100.227', os.name: 'Windows 10', os.arch: 'amd64', os.version: '10.0', java.version: '1.8.0_181'
Driver info: com.kms.katalon.selenium.driver.CChromeDriver
Capabilities {acceptInsecureCerts: false, browserName: chrome, browserVersion: 83.0.4103.61, chrome: {chromedriverVersion: 83.0.4103.39 (ccbf011cb2d2b..., userDataDir: C:\Users\ASUS\AppData\Local...}, goog:chromeOptions: {debuggerAddress: localhost:50954}, javascriptEnabled: true, networkConnectionEnabled: false, pageLoadStrategy: normal, platform: WINDOWS, platformName: WINDOWS, proxy: Proxy(), setWindowRect: true, strictFileInteractability: false, timeouts: {implicit: 0, pageLoad: 300000, script: 30000}, unhandledPromptBehavior: dismiss and notify, webauthn:virtualAuthenticators: true}
Session ID: 0ba728e5a3d72ceede1aa3a8fcd85aa8

2020-06-04 08:50:34 - [MESSAGE][PASSED] - Object: 'Object Repository/Christi/Page_Main/button_login' is clicked on

2020-06-04 08:50:34 - [TEST_STEP][PASSED] - delay(3): Delayed 3 second(s)

2020-06-04 08:50:37 - [MESSAGE][PASSED] - Delayed 3 second(s)

2020-06-04 08:50:37 - [TEST_STEP][PASSED] - setText(findTestObject("Object Repository/Christi/Page_Main/input_NPK_username"), username): Text '11666' is set on object 'Object Repository/Christi/Page_Main/input_NPK_username'

2020-06-04 08:50:38 - [MESSAGE][PASSED] - Text '11666' is set on object 'Object Repository/Christi/Page_Main/input_NPK_username'

2020-06-04 08:50:38 - [TEST_STEP][PASSED] - setText(findTestObject("Object Repository/Christi/Page_Main/input_Password_password"), password): Text 'Password3' is set on object 'Object Repository/Christi/Page_Main/input_Password_password'

2020-06-04 08:50:38 - [MESSAGE][PASSED] - Text 'Password3' is set on object 'Object Repository/Christi/Page_Main/input_Password_password'

2020-06-04 08:50:38 - [TEST_STEP][PASSED] - delay(5): Delayed 5 second(s)

2020-06-04 08:50:43 - [MESSAGE][PASSED] - Delayed 5 second(s)

2020-06-04 08:50:43 - [TEST_STEP][PASSED] - click(findTestObject("Rizka/Admin/Admin - Login/btnLogin2")): Object: 'Object Repository/Rizka/Admin/Admin - Login/btnLogin2' is clicked on

2020-06-04 08:50:44 - [MESSAGE][PASSED] - Object: 'Object Repository/Rizka/Admin/Admin - Login/btnLogin2' is clicked on

2020-06-04 08:50:44 - [TEST_STEP][PASSED] - delay(5): Delayed 5 second(s)

2020-06-04 08:50:49 - [MESSAGE][PASSED] - Delayed 5 second(s)

2020-06-04 08:50:49 - [MESSAGE][PASSED] - Call Test Case 'Test Cases/Christi/Admin/admin login' successfully

2020-06-04 08:50:49 - [TEST_STEP][PASSED] - delay(3): Delayed 3 second(s)

2020-06-04 08:50:52 - [MESSAGE][PASSED] - Delayed 3 second(s)

2020-06-04 08:50:52 - [TEST_STEP][PASSED] - click(findTestObject("Object Repository/Christi/Page_Dashboard Admin/span_Manage Slider")): Object: 'Object Repository/Christi/Page_Dashboard Admin/span_Manage Slider' is clicked on

2020-06-04 08:50:53 - [MESSAGE][PASSED] - Object: 'Object Repository/Christi/Page_Dashboard Admin/span_Manage Slider' is clicked on

2020-06-04 08:50:53 - [TEST_STEP][PASSED] - delay(3): Delayed 3 second(s)

2020-06-04 08:50:56 - [MESSAGE][PASSED] - Delayed 3 second(s)

2020-06-04 08:50:56 - [TEST_STEP][PASSED] - click(findTestObject("Object Repository/Christi/Page_Manage Sliders/button_New Slider")): Object: 'Object Repository/Christi/Page_Manage Sliders/button_New Slider' is clicked on

2020-06-04 08:50:56 - [MESSAGE][PASSED] - Object: 'Object Repository/Christi/Page_Manage Sliders/button_New Slider' is clicked on

2020-06-04 08:50:56 - [TEST_STEP][PASSED] - delay(3): Delayed 3 second(s)

2020-06-04 08:50:59 - [MESSAGE][PASSED] - Delayed 3 second(s)

2020-06-04 08:50:59 - [TEST_STEP][PASSED] - verifyElementPresent(findTestObject("Object Repository/Christi/Page_Manage Sliders/label_Add Slider"), 0): Object 'Object Repository/Christi/Page_Manage Sliders/label_Add Slider' is present

2020-06-04 08:50:59 - [MESSAGE][WARNING] - Timeout '0' is invalid. Using default page load timeout: '30'

2020-06-04 08:51:00 - [MESSAGE][PASSED] - Object 'Object Repository/Christi/Page_Manage Sliders/label_Add Slider' is present

2020-06-04 08:51:00 - [TEST_STEP][PASSED] - setText(findTestObject("Object Repository/Christi/Page_Manage Sliders/input_nama_slider"), nama_slider): Text '123456789000123456789123456789000123456789' is set on object 'Object Repository/Christi/Page_Manage Sliders/input_nama_slider'

2020-06-04 08:51:00 - [MESSAGE][PASSED] - Text '123456789000123456789123456789000123456789' is set on object 'Object Repository/Christi/Page_Manage Sliders/input_nama_slider'

2020-06-04 08:51:00 - [TEST_STEP][PASSED] - delay(3): Delayed 3 second(s)

2020-06-04 08:51:03 - [MESSAGE][PASSED] - Delayed 3 second(s)

2020-06-04 08:51:03 - [TEST_STEP][PASSED] - setText(findTestObject("Object Repository/Christi/Page_Manage Sliders/input_Section Link_txtSliderLink"), url): Text 'https://appsrv1.deltadatamandiri.com/ACC_LMS_WEB/#/onlineLearningDetail?modulID=6' is set on object 'Object Repository/Christi/Page_Manage Sliders/input_Section Link_txtSliderLink'

2020-06-04 08:51:05 - [MESSAGE][PASSED] - Text 'https://appsrv1.deltadatamandiri.com/ACC_LMS_WEB/#/onlineLearningDetail?modulID=6' is set on object 'Object Repository/Christi/Page_Manage Sliders/input_Section Link_txtSliderLink'

2020-06-04 08:51:05 - [TEST_STEP][PASSED] - delay(3): Delayed 3 second(s)

2020-06-04 08:51:08 - [MESSAGE][PASSED] - Delayed 3 second(s)

2020-06-04 08:51:08 - [TEST_STEP][PASSED] - if (expected == "pass"): null

2020-06-04 08:51:08 - [TEST_STEP][PASSED] - else if (expected == "fail"): Object 'Object Repository/Christi/Page_Manage Sliders/label_Add Slider' is present

2020-06-04 08:51:08 - [TEST_STEP][PASSED] - if (upload == "yes"): null

2020-06-04 08:51:08 - [TEST_STEP][PASSED] - click(findTestObject("Christi/Page_Manage Sliders/span_Confirm")): Object: 'Object Repository/Christi/Page_Manage Sliders/span_Confirm' is clicked on

2020-06-04 08:51:08 - [MESSAGE][PASSED] - Object: 'Object Repository/Christi/Page_Manage Sliders/span_Confirm' is clicked on

2020-06-04 08:51:08 - [TEST_STEP][PASSED] - delay(3): Delayed 3 second(s)

2020-06-04 08:51:11 - [MESSAGE][PASSED] - Delayed 3 second(s)

2020-06-04 08:51:11 - [TEST_STEP][PASSED] - verifyElementPresent(findTestObject("Christi/Page_Manage Sliders/label_Add Slider"), 0): Object 'Object Repository/Christi/Page_Manage Sliders/label_Add Slider' is present

2020-06-04 08:51:11 - [MESSAGE][WARNING] - Timeout '0' is invalid. Using default page load timeout: '30'

2020-06-04 08:51:11 - [MESSAGE][PASSED] - Object 'Object Repository/Christi/Page_Manage Sliders/label_Add Slider' is present

2020-06-04 08:51:11 - [TEST_STEP][PASSED] - delay(3): Delayed 3 second(s)

2020-06-04 08:51:14 - [MESSAGE][PASSED] - Delayed 3 second(s)

2020-06-04 08:51:14 - [TEST_STEP][PASSED] - closeBrowser(): Browser is closed

2020-06-04 08:51:16 - [MESSAGE][PASSED] - Browser is closed]]></system-out>
         <system-err><![CDATA[]]></system-err>
      </testcase>
      <testcase name="Test Cases/Christi/Admin/Manage Slider - new slider" time="59.555" classname="Test Cases/Christi/Admin/Manage Slider - new slider" status="PASSED">
         <system-out><![CDATA[2020-06-04 08:51:16 - [TEST_CASE][PASSED] - Test Cases/Christi/Admin/Manage Slider - new slider: Test Cases/Christi/Admin/Manage Slider - new slider

2020-06-04 08:51:16 - [TEST_STEP][PASSED] - callTestCase(findTestCase("Christi/Admin/admin login"), ["username":"11666", "password":"Password3"], STOP_ON_FAILURE): Call Test Case 'Test Cases/Christi/Admin/admin login' successfully

2020-06-04 08:51:16 - [TEST_CASE][PASSED] - Test Cases/Christi/Admin/admin login: Test Cases/Christi/Admin/admin login

2020-06-04 08:51:16 - [TEST_STEP][PASSED] - openBrowser(""): Browser is opened with url: ''

2020-06-04 08:51:16 - [MESSAGE][INFO] - Starting 'Chrome' driver

2020-06-04 08:51:19 - [MESSAGE][PASSED] - Browser is opened with url: ''

2020-06-04 08:51:19 - [TEST_STEP][PASSED] - navigateToUrl("https://appsrv1.deltadatamandiri.com/ACC_LMS_WEB/#/admNLmn"): Navigate to 'https://appsrv1.deltadatamandiri.com/ACC_LMS_WEB/#/admNLmn' successfully

2020-06-04 08:51:29 - [MESSAGE][PASSED] - Navigate to 'https://appsrv1.deltadatamandiri.com/ACC_LMS_WEB/#/admNLmn' successfully

2020-06-04 08:51:29 - [TEST_STEP][PASSED] - click(findTestObject("Christi/Page_Main/button_login")): Object: 'Object Repository/Christi/Page_Main/button_login' is clicked on

2020-06-04 08:51:32 - [MESSAGE][ERROR] - javascript error: Failed to execute 'elementsFromPoint' on 'Document': The provided double value is non-finite.
  (Session info: chrome=83.0.4103.61)
Build info: version: '3.141.59', revision: 'e82be7d358', time: '2018-11-14T08:25:53'
System info: host: 'LAPTOP-D0TPACJ1', ip: '192.168.100.227', os.name: 'Windows 10', os.arch: 'amd64', os.version: '10.0', java.version: '1.8.0_181'
Driver info: com.kms.katalon.selenium.driver.CChromeDriver
Capabilities {acceptInsecureCerts: false, browserName: chrome, browserVersion: 83.0.4103.61, chrome: {chromedriverVersion: 83.0.4103.39 (ccbf011cb2d2b..., userDataDir: C:\Users\ASUS\AppData\Local...}, goog:chromeOptions: {debuggerAddress: localhost:51016}, javascriptEnabled: true, networkConnectionEnabled: false, pageLoadStrategy: normal, platform: WINDOWS, platformName: WINDOWS, proxy: Proxy(), setWindowRect: true, strictFileInteractability: false, timeouts: {implicit: 0, pageLoad: 300000, script: 30000}, unhandledPromptBehavior: dismiss and notify, webauthn:virtualAuthenticators: true}
Session ID: 3ae2dbd8a1d6d99aaf83b5a77e2eeeb4

2020-06-04 08:51:34 - [MESSAGE][PASSED] - Object: 'Object Repository/Christi/Page_Main/button_login' is clicked on

2020-06-04 08:51:34 - [TEST_STEP][PASSED] - delay(3): Delayed 3 second(s)

2020-06-04 08:51:37 - [MESSAGE][PASSED] - Delayed 3 second(s)

2020-06-04 08:51:37 - [TEST_STEP][PASSED] - setText(findTestObject("Object Repository/Christi/Page_Main/input_NPK_username"), username): Text '11666' is set on object 'Object Repository/Christi/Page_Main/input_NPK_username'

2020-06-04 08:51:37 - [MESSAGE][PASSED] - Text '11666' is set on object 'Object Repository/Christi/Page_Main/input_NPK_username'

2020-06-04 08:51:37 - [TEST_STEP][PASSED] - setText(findTestObject("Object Repository/Christi/Page_Main/input_Password_password"), password): Text 'Password3' is set on object 'Object Repository/Christi/Page_Main/input_Password_password'

2020-06-04 08:51:38 - [MESSAGE][PASSED] - Text 'Password3' is set on object 'Object Repository/Christi/Page_Main/input_Password_password'

2020-06-04 08:51:38 - [TEST_STEP][PASSED] - delay(5): Delayed 5 second(s)

2020-06-04 08:51:43 - [MESSAGE][PASSED] - Delayed 5 second(s)

2020-06-04 08:51:43 - [TEST_STEP][PASSED] - click(findTestObject("Rizka/Admin/Admin - Login/btnLogin2")): Object: 'Object Repository/Rizka/Admin/Admin - Login/btnLogin2' is clicked on

2020-06-04 08:51:43 - [MESSAGE][PASSED] - Object: 'Object Repository/Rizka/Admin/Admin - Login/btnLogin2' is clicked on

2020-06-04 08:51:43 - [TEST_STEP][PASSED] - delay(5): Delayed 5 second(s)

2020-06-04 08:51:48 - [MESSAGE][PASSED] - Delayed 5 second(s)

2020-06-04 08:51:48 - [MESSAGE][PASSED] - Call Test Case 'Test Cases/Christi/Admin/admin login' successfully

2020-06-04 08:51:48 - [TEST_STEP][PASSED] - delay(3): Delayed 3 second(s)

2020-06-04 08:51:51 - [MESSAGE][PASSED] - Delayed 3 second(s)

2020-06-04 08:51:51 - [TEST_STEP][PASSED] - click(findTestObject("Object Repository/Christi/Page_Dashboard Admin/span_Manage Slider")): Object: 'Object Repository/Christi/Page_Dashboard Admin/span_Manage Slider' is clicked on

2020-06-04 08:51:52 - [MESSAGE][PASSED] - Object: 'Object Repository/Christi/Page_Dashboard Admin/span_Manage Slider' is clicked on

2020-06-04 08:51:52 - [TEST_STEP][PASSED] - delay(3): Delayed 3 second(s)

2020-06-04 08:51:55 - [MESSAGE][PASSED] - Delayed 3 second(s)

2020-06-04 08:51:55 - [TEST_STEP][PASSED] - click(findTestObject("Object Repository/Christi/Page_Manage Sliders/button_New Slider")): Object: 'Object Repository/Christi/Page_Manage Sliders/button_New Slider' is clicked on

2020-06-04 08:51:57 - [MESSAGE][PASSED] - Object: 'Object Repository/Christi/Page_Manage Sliders/button_New Slider' is clicked on

2020-06-04 08:51:57 - [TEST_STEP][PASSED] - delay(3): Delayed 3 second(s)

2020-06-04 08:52:00 - [MESSAGE][PASSED] - Delayed 3 second(s)

2020-06-04 08:52:00 - [TEST_STEP][PASSED] - verifyElementPresent(findTestObject("Object Repository/Christi/Page_Manage Sliders/label_Add Slider"), 0): Object 'Object Repository/Christi/Page_Manage Sliders/label_Add Slider' is present

2020-06-04 08:52:00 - [MESSAGE][WARNING] - Timeout '0' is invalid. Using default page load timeout: '30'

2020-06-04 08:52:00 - [MESSAGE][PASSED] - Object 'Object Repository/Christi/Page_Manage Sliders/label_Add Slider' is present

2020-06-04 08:52:00 - [TEST_STEP][PASSED] - setText(findTestObject("Object Repository/Christi/Page_Manage Sliders/input_nama_slider"), nama_slider): Text 'Slider Service' is set on object 'Object Repository/Christi/Page_Manage Sliders/input_nama_slider'

2020-06-04 08:52:00 - [MESSAGE][PASSED] - Text 'Slider Service' is set on object 'Object Repository/Christi/Page_Manage Sliders/input_nama_slider'

2020-06-04 08:52:00 - [TEST_STEP][PASSED] - delay(3): Delayed 3 second(s)

2020-06-04 08:52:03 - [MESSAGE][PASSED] - Delayed 3 second(s)

2020-06-04 08:52:03 - [TEST_STEP][PASSED] - setText(findTestObject("Object Repository/Christi/Page_Manage Sliders/input_Section Link_txtSliderLink"), url): Text '123456789000123456789123456789000123456789' is set on object 'Object Repository/Christi/Page_Manage Sliders/input_Section Link_txtSliderLink'

2020-06-04 08:52:05 - [MESSAGE][PASSED] - Text '123456789000123456789123456789000123456789' is set on object 'Object Repository/Christi/Page_Manage Sliders/input_Section Link_txtSliderLink'

2020-06-04 08:52:05 - [TEST_STEP][PASSED] - delay(3): Delayed 3 second(s)

2020-06-04 08:52:08 - [MESSAGE][PASSED] - Delayed 3 second(s)

2020-06-04 08:52:08 - [TEST_STEP][PASSED] - if (expected == "pass"): null

2020-06-04 08:52:08 - [TEST_STEP][PASSED] - else if (expected == "fail"): Object 'Object Repository/Christi/Page_Manage Sliders/label_Add Slider' is present

2020-06-04 08:52:08 - [TEST_STEP][PASSED] - if (upload == "yes"): null

2020-06-04 08:52:08 - [TEST_STEP][PASSED] - click(findTestObject("Christi/Page_Manage Sliders/span_Confirm")): Object: 'Object Repository/Christi/Page_Manage Sliders/span_Confirm' is clicked on

2020-06-04 08:52:08 - [MESSAGE][PASSED] - Object: 'Object Repository/Christi/Page_Manage Sliders/span_Confirm' is clicked on

2020-06-04 08:52:08 - [TEST_STEP][PASSED] - delay(3): Delayed 3 second(s)

2020-06-04 08:52:11 - [MESSAGE][PASSED] - Delayed 3 second(s)

2020-06-04 08:52:11 - [TEST_STEP][PASSED] - verifyElementPresent(findTestObject("Christi/Page_Manage Sliders/label_Add Slider"), 0): Object 'Object Repository/Christi/Page_Manage Sliders/label_Add Slider' is present

2020-06-04 08:52:11 - [MESSAGE][WARNING] - Timeout '0' is invalid. Using default page load timeout: '30'

2020-06-04 08:52:11 - [MESSAGE][PASSED] - Object 'Object Repository/Christi/Page_Manage Sliders/label_Add Slider' is present

2020-06-04 08:52:11 - [TEST_STEP][PASSED] - delay(3): Delayed 3 second(s)

2020-06-04 08:52:14 - [MESSAGE][PASSED] - Delayed 3 second(s)

2020-06-04 08:52:14 - [TEST_STEP][PASSED] - closeBrowser(): Browser is closed

2020-06-04 08:52:15 - [MESSAGE][PASSED] - Browser is closed]]></system-out>
         <system-err><![CDATA[]]></system-err>
      </testcase>
      <testcase name="Test Cases/Christi/Admin/Manage Slider - new slider" time="58.793" classname="Test Cases/Christi/Admin/Manage Slider - new slider" status="PASSED">
         <system-out><![CDATA[2020-06-04 08:52:16 - [TEST_CASE][PASSED] - Test Cases/Christi/Admin/Manage Slider - new slider: Test Cases/Christi/Admin/Manage Slider - new slider

2020-06-04 08:52:16 - [TEST_STEP][PASSED] - callTestCase(findTestCase("Christi/Admin/admin login"), ["username":"11666", "password":"Password3"], STOP_ON_FAILURE): Call Test Case 'Test Cases/Christi/Admin/admin login' successfully

2020-06-04 08:52:16 - [TEST_CASE][PASSED] - Test Cases/Christi/Admin/admin login: Test Cases/Christi/Admin/admin login

2020-06-04 08:52:16 - [TEST_STEP][PASSED] - openBrowser(""): Browser is opened with url: ''

2020-06-04 08:52:16 - [MESSAGE][INFO] - Starting 'Chrome' driver

2020-06-04 08:52:19 - [MESSAGE][PASSED] - Browser is opened with url: ''

2020-06-04 08:52:19 - [TEST_STEP][PASSED] - navigateToUrl("https://appsrv1.deltadatamandiri.com/ACC_LMS_WEB/#/admNLmn"): Navigate to 'https://appsrv1.deltadatamandiri.com/ACC_LMS_WEB/#/admNLmn' successfully

2020-06-04 08:52:27 - [MESSAGE][PASSED] - Navigate to 'https://appsrv1.deltadatamandiri.com/ACC_LMS_WEB/#/admNLmn' successfully

2020-06-04 08:52:27 - [TEST_STEP][PASSED] - click(findTestObject("Christi/Page_Main/button_login")): Object: 'Object Repository/Christi/Page_Main/button_login' is clicked on

2020-06-04 08:52:31 - [MESSAGE][ERROR] - javascript error: Failed to execute 'elementsFromPoint' on 'Document': The provided double value is non-finite.
  (Session info: chrome=83.0.4103.61)
Build info: version: '3.141.59', revision: 'e82be7d358', time: '2018-11-14T08:25:53'
System info: host: 'LAPTOP-D0TPACJ1', ip: '192.168.100.227', os.name: 'Windows 10', os.arch: 'amd64', os.version: '10.0', java.version: '1.8.0_181'
Driver info: com.kms.katalon.selenium.driver.CChromeDriver
Capabilities {acceptInsecureCerts: false, browserName: chrome, browserVersion: 83.0.4103.61, chrome: {chromedriverVersion: 83.0.4103.39 (ccbf011cb2d2b..., userDataDir: C:\Users\ASUS\AppData\Local...}, goog:chromeOptions: {debuggerAddress: localhost:51079}, javascriptEnabled: true, networkConnectionEnabled: false, pageLoadStrategy: normal, platform: WINDOWS, platformName: WINDOWS, proxy: Proxy(), setWindowRect: true, strictFileInteractability: false, timeouts: {implicit: 0, pageLoad: 300000, script: 30000}, unhandledPromptBehavior: dismiss and notify, webauthn:virtualAuthenticators: true}
Session ID: c1790d2787c741de53c4e9f9968a9acf

2020-06-04 08:52:32 - [MESSAGE][PASSED] - Object: 'Object Repository/Christi/Page_Main/button_login' is clicked on

2020-06-04 08:52:32 - [TEST_STEP][PASSED] - delay(3): Delayed 3 second(s)

2020-06-04 08:52:35 - [MESSAGE][PASSED] - Delayed 3 second(s)

2020-06-04 08:52:35 - [TEST_STEP][PASSED] - setText(findTestObject("Object Repository/Christi/Page_Main/input_NPK_username"), username): Text '11666' is set on object 'Object Repository/Christi/Page_Main/input_NPK_username'

2020-06-04 08:52:35 - [MESSAGE][PASSED] - Text '11666' is set on object 'Object Repository/Christi/Page_Main/input_NPK_username'

2020-06-04 08:52:35 - [TEST_STEP][PASSED] - setText(findTestObject("Object Repository/Christi/Page_Main/input_Password_password"), password): Text 'Password3' is set on object 'Object Repository/Christi/Page_Main/input_Password_password'

2020-06-04 08:52:36 - [MESSAGE][PASSED] - Text 'Password3' is set on object 'Object Repository/Christi/Page_Main/input_Password_password'

2020-06-04 08:52:36 - [TEST_STEP][PASSED] - delay(5): Delayed 5 second(s)

2020-06-04 08:52:41 - [MESSAGE][PASSED] - Delayed 5 second(s)

2020-06-04 08:52:41 - [TEST_STEP][PASSED] - click(findTestObject("Rizka/Admin/Admin - Login/btnLogin2")): Object: 'Object Repository/Rizka/Admin/Admin - Login/btnLogin2' is clicked on

2020-06-04 08:52:41 - [MESSAGE][PASSED] - Object: 'Object Repository/Rizka/Admin/Admin - Login/btnLogin2' is clicked on

2020-06-04 08:52:41 - [TEST_STEP][PASSED] - delay(5): Delayed 5 second(s)

2020-06-04 08:52:46 - [MESSAGE][PASSED] - Delayed 5 second(s)

2020-06-04 08:52:46 - [MESSAGE][PASSED] - Call Test Case 'Test Cases/Christi/Admin/admin login' successfully

2020-06-04 08:52:46 - [TEST_STEP][PASSED] - delay(3): Delayed 3 second(s)

2020-06-04 08:52:49 - [MESSAGE][PASSED] - Delayed 3 second(s)

2020-06-04 08:52:49 - [TEST_STEP][PASSED] - click(findTestObject("Object Repository/Christi/Page_Dashboard Admin/span_Manage Slider")): Object: 'Object Repository/Christi/Page_Dashboard Admin/span_Manage Slider' is clicked on

2020-06-04 08:52:50 - [MESSAGE][PASSED] - Object: 'Object Repository/Christi/Page_Dashboard Admin/span_Manage Slider' is clicked on

2020-06-04 08:52:50 - [TEST_STEP][PASSED] - delay(3): Delayed 3 second(s)

2020-06-04 08:52:53 - [MESSAGE][PASSED] - Delayed 3 second(s)

2020-06-04 08:52:53 - [TEST_STEP][PASSED] - click(findTestObject("Object Repository/Christi/Page_Manage Sliders/button_New Slider")): Object: 'Object Repository/Christi/Page_Manage Sliders/button_New Slider' is clicked on

2020-06-04 08:52:55 - [MESSAGE][PASSED] - Object: 'Object Repository/Christi/Page_Manage Sliders/button_New Slider' is clicked on

2020-06-04 08:52:55 - [TEST_STEP][PASSED] - delay(3): Delayed 3 second(s)

2020-06-04 08:52:58 - [MESSAGE][PASSED] - Delayed 3 second(s)

2020-06-04 08:52:58 - [TEST_STEP][PASSED] - verifyElementPresent(findTestObject("Object Repository/Christi/Page_Manage Sliders/label_Add Slider"), 0): Object 'Object Repository/Christi/Page_Manage Sliders/label_Add Slider' is present

2020-06-04 08:52:58 - [MESSAGE][WARNING] - Timeout '0' is invalid. Using default page load timeout: '30'

2020-06-04 08:52:58 - [MESSAGE][PASSED] - Object 'Object Repository/Christi/Page_Manage Sliders/label_Add Slider' is present

2020-06-04 08:52:58 - [TEST_STEP][PASSED] - setText(findTestObject("Object Repository/Christi/Page_Manage Sliders/input_nama_slider"), nama_slider): Text 'Slider Service' is set on object 'Object Repository/Christi/Page_Manage Sliders/input_nama_slider'

2020-06-04 08:52:58 - [MESSAGE][PASSED] - Text 'Slider Service' is set on object 'Object Repository/Christi/Page_Manage Sliders/input_nama_slider'

2020-06-04 08:52:58 - [TEST_STEP][PASSED] - delay(3): Delayed 3 second(s)

2020-06-04 08:53:01 - [MESSAGE][PASSED] - Delayed 3 second(s)

2020-06-04 08:53:01 - [TEST_STEP][PASSED] - setText(findTestObject("Object Repository/Christi/Page_Manage Sliders/input_Section Link_txtSliderLink"), url): Text 'https://appsrv1.deltadatamandiri.com/ACC_LMS_WEB/#/onlineLearningDetail?modulID=6' is set on object 'Object Repository/Christi/Page_Manage Sliders/input_Section Link_txtSliderLink'

2020-06-04 08:53:03 - [MESSAGE][PASSED] - Text 'https://appsrv1.deltadatamandiri.com/ACC_LMS_WEB/#/onlineLearningDetail?modulID=6' is set on object 'Object Repository/Christi/Page_Manage Sliders/input_Section Link_txtSliderLink'

2020-06-04 08:53:03 - [TEST_STEP][PASSED] - delay(3): Delayed 3 second(s)

2020-06-04 08:53:06 - [MESSAGE][PASSED] - Delayed 3 second(s)

2020-06-04 08:53:06 - [TEST_STEP][PASSED] - if (expected == "pass"): null

2020-06-04 08:53:06 - [TEST_STEP][PASSED] - else if (expected == "fail"): Object 'Object Repository/Christi/Page_Manage Sliders/label_Add Slider' is present

2020-06-04 08:53:06 - [TEST_STEP][PASSED] - if (upload == "yes"): Object 'Object Repository/Christi/Page_Manage Sliders_Alert/div_File size exceeded limit Max upload size is 1MB' is present

2020-06-04 08:53:06 - [TEST_STEP][PASSED] - uploadFile(findTestObject("Christi/Page_Manage Sliders/input_Icon_files"), img_slider): File 'C:\Users\ASUS\git\LearningManagementWeb\konten lms\Aristotles.jpg' sent to object: 'Object Repository/Christi/Page_Manage Sliders/input_Icon_files'

2020-06-04 08:53:06 - [MESSAGE][PASSED] - File 'C:\Users\ASUS\git\LearningManagementWeb\konten lms\Aristotles.jpg' sent to object: 'Object Repository/Christi/Page_Manage Sliders/input_Icon_files'

2020-06-04 08:53:06 - [TEST_STEP][PASSED] - if (max_image_size == "yes"): Object 'Object Repository/Christi/Page_Manage Sliders_Alert/div_File size exceeded limit Max upload size is 1MB' is present

2020-06-04 08:53:06 - [TEST_STEP][PASSED] - verifyElementPresent(findTestObject("Christi/Page_Manage Sliders_Alert/div_File size exceeded limit Max upload size is 1MB"), 1): Object 'Object Repository/Christi/Page_Manage Sliders_Alert/div_File size exceeded limit Max upload size is 1MB' is present

2020-06-04 08:53:06 - [MESSAGE][PASSED] - Object 'Object Repository/Christi/Page_Manage Sliders_Alert/div_File size exceeded limit Max upload size is 1MB' is present

2020-06-04 08:53:06 - [TEST_STEP][PASSED] - click(findTestObject("Christi/Page_Manage Sliders/span_Confirm")): Object: 'Object Repository/Christi/Page_Manage Sliders/span_Confirm' is clicked on

2020-06-04 08:53:07 - [MESSAGE][PASSED] - Object: 'Object Repository/Christi/Page_Manage Sliders/span_Confirm' is clicked on

2020-06-04 08:53:07 - [TEST_STEP][PASSED] - delay(3): Delayed 3 second(s)

2020-06-04 08:53:10 - [MESSAGE][PASSED] - Delayed 3 second(s)

2020-06-04 08:53:10 - [TEST_STEP][PASSED] - verifyElementPresent(findTestObject("Christi/Page_Manage Sliders/label_Add Slider"), 0): Object 'Object Repository/Christi/Page_Manage Sliders/label_Add Slider' is present

2020-06-04 08:53:10 - [MESSAGE][WARNING] - Timeout '0' is invalid. Using default page load timeout: '30'

2020-06-04 08:53:10 - [MESSAGE][PASSED] - Object 'Object Repository/Christi/Page_Manage Sliders/label_Add Slider' is present

2020-06-04 08:53:10 - [TEST_STEP][PASSED] - delay(3): Delayed 3 second(s)

2020-06-04 08:53:13 - [MESSAGE][PASSED] - Delayed 3 second(s)

2020-06-04 08:53:13 - [TEST_STEP][PASSED] - closeBrowser(): Browser is closed

2020-06-04 08:53:14 - [MESSAGE][PASSED] - Browser is closed]]></system-out>
         <system-err><![CDATA[]]></system-err>
      </testcase>
      <testcase name="Test Cases/Christi/Admin/Manage Slider - new slider" time="60.882" classname="Test Cases/Christi/Admin/Manage Slider - new slider" status="PASSED">
         <system-out><![CDATA[2020-06-04 08:53:14 - [TEST_CASE][PASSED] - Test Cases/Christi/Admin/Manage Slider - new slider: Test Cases/Christi/Admin/Manage Slider - new slider

2020-06-04 08:53:15 - [TEST_STEP][PASSED] - callTestCase(findTestCase("Christi/Admin/admin login"), ["username":"11666", "password":"Password3"], STOP_ON_FAILURE): Call Test Case 'Test Cases/Christi/Admin/admin login' successfully

2020-06-04 08:53:15 - [TEST_CASE][PASSED] - Test Cases/Christi/Admin/admin login: Test Cases/Christi/Admin/admin login

2020-06-04 08:53:15 - [TEST_STEP][PASSED] - openBrowser(""): Browser is opened with url: ''

2020-06-04 08:53:15 - [MESSAGE][INFO] - Starting 'Chrome' driver

2020-06-04 08:53:17 - [MESSAGE][PASSED] - Browser is opened with url: ''

2020-06-04 08:53:17 - [TEST_STEP][PASSED] - navigateToUrl("https://appsrv1.deltadatamandiri.com/ACC_LMS_WEB/#/admNLmn"): Navigate to 'https://appsrv1.deltadatamandiri.com/ACC_LMS_WEB/#/admNLmn' successfully

2020-06-04 08:53:26 - [MESSAGE][PASSED] - Navigate to 'https://appsrv1.deltadatamandiri.com/ACC_LMS_WEB/#/admNLmn' successfully

2020-06-04 08:53:26 - [TEST_STEP][PASSED] - click(findTestObject("Christi/Page_Main/button_login")): Object: 'Object Repository/Christi/Page_Main/button_login' is clicked on

2020-06-04 08:53:30 - [MESSAGE][ERROR] - javascript error: Failed to execute 'elementsFromPoint' on 'Document': The provided double value is non-finite.
  (Session info: chrome=83.0.4103.61)
Build info: version: '3.141.59', revision: 'e82be7d358', time: '2018-11-14T08:25:53'
System info: host: 'LAPTOP-D0TPACJ1', ip: '192.168.100.227', os.name: 'Windows 10', os.arch: 'amd64', os.version: '10.0', java.version: '1.8.0_181'
Driver info: com.kms.katalon.selenium.driver.CChromeDriver
Capabilities {acceptInsecureCerts: false, browserName: chrome, browserVersion: 83.0.4103.61, chrome: {chromedriverVersion: 83.0.4103.39 (ccbf011cb2d2b..., userDataDir: C:\Users\ASUS\AppData\Local...}, goog:chromeOptions: {debuggerAddress: localhost:51133}, javascriptEnabled: true, networkConnectionEnabled: false, pageLoadStrategy: normal, platform: WINDOWS, platformName: WINDOWS, proxy: Proxy(), setWindowRect: true, strictFileInteractability: false, timeouts: {implicit: 0, pageLoad: 300000, script: 30000}, unhandledPromptBehavior: dismiss and notify, webauthn:virtualAuthenticators: true}
Session ID: 1b7cc9951af39dcd0a24cda8b424dc76

2020-06-04 08:53:31 - [MESSAGE][PASSED] - Object: 'Object Repository/Christi/Page_Main/button_login' is clicked on

2020-06-04 08:53:31 - [TEST_STEP][PASSED] - delay(3): Delayed 3 second(s)

2020-06-04 08:53:34 - [MESSAGE][PASSED] - Delayed 3 second(s)

2020-06-04 08:53:34 - [TEST_STEP][PASSED] - setText(findTestObject("Object Repository/Christi/Page_Main/input_NPK_username"), username): Text '11666' is set on object 'Object Repository/Christi/Page_Main/input_NPK_username'

2020-06-04 08:53:34 - [MESSAGE][PASSED] - Text '11666' is set on object 'Object Repository/Christi/Page_Main/input_NPK_username'

2020-06-04 08:53:34 - [TEST_STEP][PASSED] - setText(findTestObject("Object Repository/Christi/Page_Main/input_Password_password"), password): Text 'Password3' is set on object 'Object Repository/Christi/Page_Main/input_Password_password'

2020-06-04 08:53:35 - [MESSAGE][PASSED] - Text 'Password3' is set on object 'Object Repository/Christi/Page_Main/input_Password_password'

2020-06-04 08:53:35 - [TEST_STEP][PASSED] - delay(5): Delayed 5 second(s)

2020-06-04 08:53:40 - [MESSAGE][PASSED] - Delayed 5 second(s)

2020-06-04 08:53:40 - [TEST_STEP][PASSED] - click(findTestObject("Rizka/Admin/Admin - Login/btnLogin2")): Object: 'Object Repository/Rizka/Admin/Admin - Login/btnLogin2' is clicked on

2020-06-04 08:53:40 - [MESSAGE][PASSED] - Object: 'Object Repository/Rizka/Admin/Admin - Login/btnLogin2' is clicked on

2020-06-04 08:53:40 - [TEST_STEP][PASSED] - delay(5): Delayed 5 second(s)

2020-06-04 08:53:45 - [MESSAGE][PASSED] - Delayed 5 second(s)

2020-06-04 08:53:45 - [MESSAGE][PASSED] - Call Test Case 'Test Cases/Christi/Admin/admin login' successfully

2020-06-04 08:53:45 - [TEST_STEP][PASSED] - delay(3): Delayed 3 second(s)

2020-06-04 08:53:48 - [MESSAGE][PASSED] - Delayed 3 second(s)

2020-06-04 08:53:48 - [TEST_STEP][PASSED] - click(findTestObject("Object Repository/Christi/Page_Dashboard Admin/span_Manage Slider")): Object: 'Object Repository/Christi/Page_Dashboard Admin/span_Manage Slider' is clicked on

2020-06-04 08:53:51 - [MESSAGE][PASSED] - Object: 'Object Repository/Christi/Page_Dashboard Admin/span_Manage Slider' is clicked on

2020-06-04 08:53:51 - [TEST_STEP][PASSED] - delay(3): Delayed 3 second(s)

2020-06-04 08:53:54 - [MESSAGE][PASSED] - Delayed 3 second(s)

2020-06-04 08:53:54 - [TEST_STEP][PASSED] - click(findTestObject("Object Repository/Christi/Page_Manage Sliders/button_New Slider")): Object: 'Object Repository/Christi/Page_Manage Sliders/button_New Slider' is clicked on

2020-06-04 08:53:56 - [MESSAGE][PASSED] - Object: 'Object Repository/Christi/Page_Manage Sliders/button_New Slider' is clicked on

2020-06-04 08:53:56 - [TEST_STEP][PASSED] - delay(3): Delayed 3 second(s)

2020-06-04 08:53:59 - [MESSAGE][PASSED] - Delayed 3 second(s)

2020-06-04 08:53:59 - [TEST_STEP][PASSED] - verifyElementPresent(findTestObject("Object Repository/Christi/Page_Manage Sliders/label_Add Slider"), 0): Object 'Object Repository/Christi/Page_Manage Sliders/label_Add Slider' is present

2020-06-04 08:53:59 - [MESSAGE][WARNING] - Timeout '0' is invalid. Using default page load timeout: '30'

2020-06-04 08:53:59 - [MESSAGE][PASSED] - Object 'Object Repository/Christi/Page_Manage Sliders/label_Add Slider' is present

2020-06-04 08:53:59 - [TEST_STEP][PASSED] - setText(findTestObject("Object Repository/Christi/Page_Manage Sliders/input_nama_slider"), nama_slider): Text 'Slider Service' is set on object 'Object Repository/Christi/Page_Manage Sliders/input_nama_slider'

2020-06-04 08:54:00 - [MESSAGE][PASSED] - Text 'Slider Service' is set on object 'Object Repository/Christi/Page_Manage Sliders/input_nama_slider'

2020-06-04 08:54:00 - [TEST_STEP][PASSED] - delay(3): Delayed 3 second(s)

2020-06-04 08:54:03 - [MESSAGE][PASSED] - Delayed 3 second(s)

2020-06-04 08:54:03 - [TEST_STEP][PASSED] - setText(findTestObject("Object Repository/Christi/Page_Manage Sliders/input_Section Link_txtSliderLink"), url): Text 'https://appsrv1.deltadatamandiri.com/ACC_LMS_WEB/#/onlineLearningDetail?modulID=6' is set on object 'Object Repository/Christi/Page_Manage Sliders/input_Section Link_txtSliderLink'

2020-06-04 08:54:04 - [MESSAGE][PASSED] - Text 'https://appsrv1.deltadatamandiri.com/ACC_LMS_WEB/#/onlineLearningDetail?modulID=6' is set on object 'Object Repository/Christi/Page_Manage Sliders/input_Section Link_txtSliderLink'

2020-06-04 08:54:04 - [TEST_STEP][PASSED] - delay(3): Delayed 3 second(s)

2020-06-04 08:54:07 - [MESSAGE][PASSED] - Delayed 3 second(s)

2020-06-04 08:54:07 - [TEST_STEP][PASSED] - if (expected == "pass"): null

2020-06-04 08:54:07 - [TEST_STEP][PASSED] - else if (expected == "fail"): Object 'Object Repository/Christi/Page_Manage Sliders/label_Add Slider' is present

2020-06-04 08:54:07 - [TEST_STEP][PASSED] - if (upload == "yes"): Object 'Object Repository/Christi/Page_Manage Sliders_Alert/div_Expected file extension is jpegjpgpngtiff' is present

2020-06-04 08:54:07 - [TEST_STEP][PASSED] - uploadFile(findTestObject("Christi/Page_Manage Sliders/input_Icon_files"), img_slider): File 'C:\Users\ASUS\git\LearningManagementWeb\konten lms\01. What Business Are we in.pdf' sent to object: 'Object Repository/Christi/Page_Manage Sliders/input_Icon_files'

2020-06-04 08:54:07 - [MESSAGE][PASSED] - File 'C:\Users\ASUS\git\LearningManagementWeb\konten lms\01. What Business Are we in.pdf' sent to object: 'Object Repository/Christi/Page_Manage Sliders/input_Icon_files'

2020-06-04 08:54:07 - [TEST_STEP][PASSED] - if (max_image_size == "yes"): null

2020-06-04 08:54:07 - [TEST_STEP][PASSED] - else if (img_file_invalid == "yes"): Object 'Object Repository/Christi/Page_Manage Sliders_Alert/div_Expected file extension is jpegjpgpngtiff' is present

2020-06-04 08:54:07 - [TEST_STEP][PASSED] - verifyElementPresent(findTestObject("Christi/Page_Manage Sliders_Alert/div_Expected file extension is jpegjpgpngtiff"), 1): Object 'Object Repository/Christi/Page_Manage Sliders_Alert/div_Expected file extension is jpegjpgpngtiff' is present

2020-06-04 08:54:08 - [MESSAGE][PASSED] - Object 'Object Repository/Christi/Page_Manage Sliders_Alert/div_Expected file extension is jpegjpgpngtiff' is present

2020-06-04 08:54:08 - [TEST_STEP][PASSED] - click(findTestObject("Christi/Page_Manage Sliders/span_Confirm")): Object: 'Object Repository/Christi/Page_Manage Sliders/span_Confirm' is clicked on

2020-06-04 08:54:08 - [MESSAGE][PASSED] - Object: 'Object Repository/Christi/Page_Manage Sliders/span_Confirm' is clicked on

2020-06-04 08:54:08 - [TEST_STEP][PASSED] - delay(3): Delayed 3 second(s)

2020-06-04 08:54:11 - [MESSAGE][PASSED] - Delayed 3 second(s)

2020-06-04 08:54:11 - [TEST_STEP][PASSED] - verifyElementPresent(findTestObject("Christi/Page_Manage Sliders/label_Add Slider"), 0): Object 'Object Repository/Christi/Page_Manage Sliders/label_Add Slider' is present

2020-06-04 08:54:11 - [MESSAGE][WARNING] - Timeout '0' is invalid. Using default page load timeout: '30'

2020-06-04 08:54:12 - [MESSAGE][PASSED] - Object 'Object Repository/Christi/Page_Manage Sliders/label_Add Slider' is present

2020-06-04 08:54:12 - [TEST_STEP][PASSED] - delay(3): Delayed 3 second(s)

2020-06-04 08:54:15 - [MESSAGE][PASSED] - Delayed 3 second(s)

2020-06-04 08:54:15 - [TEST_STEP][PASSED] - closeBrowser(): Browser is closed

2020-06-04 08:54:15 - [MESSAGE][PASSED] - Browser is closed]]></system-out>
         <system-err><![CDATA[]]></system-err>
      </testcase>
      <testcase name="Test Cases/Christi/Admin/Manage Slider - new slider" time="60.901" classname="Test Cases/Christi/Admin/Manage Slider - new slider" status="PASSED">
         <system-out><![CDATA[2020-06-04 08:54:16 - [TEST_CASE][PASSED] - Test Cases/Christi/Admin/Manage Slider - new slider: Test Cases/Christi/Admin/Manage Slider - new slider

2020-06-04 08:54:16 - [TEST_STEP][PASSED] - callTestCase(findTestCase("Christi/Admin/admin login"), ["username":"11666", "password":"Password3"], STOP_ON_FAILURE): Call Test Case 'Test Cases/Christi/Admin/admin login' successfully

2020-06-04 08:54:16 - [TEST_CASE][PASSED] - Test Cases/Christi/Admin/admin login: Test Cases/Christi/Admin/admin login

2020-06-04 08:54:16 - [TEST_STEP][PASSED] - openBrowser(""): Browser is opened with url: ''

2020-06-04 08:54:16 - [MESSAGE][INFO] - Starting 'Chrome' driver

2020-06-04 08:54:19 - [MESSAGE][PASSED] - Browser is opened with url: ''

2020-06-04 08:54:19 - [TEST_STEP][PASSED] - navigateToUrl("https://appsrv1.deltadatamandiri.com/ACC_LMS_WEB/#/admNLmn"): Navigate to 'https://appsrv1.deltadatamandiri.com/ACC_LMS_WEB/#/admNLmn' successfully

2020-06-04 08:54:28 - [MESSAGE][PASSED] - Navigate to 'https://appsrv1.deltadatamandiri.com/ACC_LMS_WEB/#/admNLmn' successfully

2020-06-04 08:54:28 - [TEST_STEP][PASSED] - click(findTestObject("Christi/Page_Main/button_login")): Object: 'Object Repository/Christi/Page_Main/button_login' is clicked on

2020-06-04 08:54:31 - [MESSAGE][ERROR] - javascript error: Failed to execute 'elementsFromPoint' on 'Document': The provided double value is non-finite.
  (Session info: chrome=83.0.4103.61)
Build info: version: '3.141.59', revision: 'e82be7d358', time: '2018-11-14T08:25:53'
System info: host: 'LAPTOP-D0TPACJ1', ip: '192.168.100.227', os.name: 'Windows 10', os.arch: 'amd64', os.version: '10.0', java.version: '1.8.0_181'
Driver info: com.kms.katalon.selenium.driver.CChromeDriver
Capabilities {acceptInsecureCerts: false, browserName: chrome, browserVersion: 83.0.4103.61, chrome: {chromedriverVersion: 83.0.4103.39 (ccbf011cb2d2b..., userDataDir: C:\Users\ASUS\AppData\Local...}, goog:chromeOptions: {debuggerAddress: localhost:51189}, javascriptEnabled: true, networkConnectionEnabled: false, pageLoadStrategy: normal, platform: WINDOWS, platformName: WINDOWS, proxy: Proxy(), setWindowRect: true, strictFileInteractability: false, timeouts: {implicit: 0, pageLoad: 300000, script: 30000}, unhandledPromptBehavior: dismiss and notify, webauthn:virtualAuthenticators: true}
Session ID: 6dc231a323fa1163fdf86375eaaacfa8

2020-06-04 08:54:32 - [MESSAGE][PASSED] - Object: 'Object Repository/Christi/Page_Main/button_login' is clicked on

2020-06-04 08:54:32 - [TEST_STEP][PASSED] - delay(3): Delayed 3 second(s)

2020-06-04 08:54:35 - [MESSAGE][PASSED] - Delayed 3 second(s)

2020-06-04 08:54:35 - [TEST_STEP][PASSED] - setText(findTestObject("Object Repository/Christi/Page_Main/input_NPK_username"), username): Text '11666' is set on object 'Object Repository/Christi/Page_Main/input_NPK_username'

2020-06-04 08:54:35 - [MESSAGE][PASSED] - Text '11666' is set on object 'Object Repository/Christi/Page_Main/input_NPK_username'

2020-06-04 08:54:35 - [TEST_STEP][PASSED] - setText(findTestObject("Object Repository/Christi/Page_Main/input_Password_password"), password): Text 'Password3' is set on object 'Object Repository/Christi/Page_Main/input_Password_password'

2020-06-04 08:54:36 - [MESSAGE][PASSED] - Text 'Password3' is set on object 'Object Repository/Christi/Page_Main/input_Password_password'

2020-06-04 08:54:36 - [TEST_STEP][PASSED] - delay(5): Delayed 5 second(s)

2020-06-04 08:54:41 - [MESSAGE][PASSED] - Delayed 5 second(s)

2020-06-04 08:54:41 - [TEST_STEP][PASSED] - click(findTestObject("Rizka/Admin/Admin - Login/btnLogin2")): Object: 'Object Repository/Rizka/Admin/Admin - Login/btnLogin2' is clicked on

2020-06-04 08:54:41 - [MESSAGE][PASSED] - Object: 'Object Repository/Rizka/Admin/Admin - Login/btnLogin2' is clicked on

2020-06-04 08:54:41 - [TEST_STEP][PASSED] - delay(5): Delayed 5 second(s)

2020-06-04 08:54:46 - [MESSAGE][PASSED] - Delayed 5 second(s)

2020-06-04 08:54:46 - [MESSAGE][PASSED] - Call Test Case 'Test Cases/Christi/Admin/admin login' successfully

2020-06-04 08:54:46 - [TEST_STEP][PASSED] - delay(3): Delayed 3 second(s)

2020-06-04 08:54:49 - [MESSAGE][PASSED] - Delayed 3 second(s)

2020-06-04 08:54:49 - [TEST_STEP][PASSED] - click(findTestObject("Object Repository/Christi/Page_Dashboard Admin/span_Manage Slider")): Object: 'Object Repository/Christi/Page_Dashboard Admin/span_Manage Slider' is clicked on

2020-06-04 08:54:50 - [MESSAGE][PASSED] - Object: 'Object Repository/Christi/Page_Dashboard Admin/span_Manage Slider' is clicked on

2020-06-04 08:54:50 - [TEST_STEP][PASSED] - delay(3): Delayed 3 second(s)

2020-06-04 08:54:53 - [MESSAGE][PASSED] - Delayed 3 second(s)

2020-06-04 08:54:53 - [TEST_STEP][PASSED] - click(findTestObject("Object Repository/Christi/Page_Manage Sliders/button_New Slider")): Object: 'Object Repository/Christi/Page_Manage Sliders/button_New Slider' is clicked on

2020-06-04 08:54:55 - [MESSAGE][PASSED] - Object: 'Object Repository/Christi/Page_Manage Sliders/button_New Slider' is clicked on

2020-06-04 08:54:55 - [TEST_STEP][PASSED] - delay(3): Delayed 3 second(s)

2020-06-04 08:54:58 - [MESSAGE][PASSED] - Delayed 3 second(s)

2020-06-04 08:54:58 - [TEST_STEP][PASSED] - verifyElementPresent(findTestObject("Object Repository/Christi/Page_Manage Sliders/label_Add Slider"), 0): Object 'Object Repository/Christi/Page_Manage Sliders/label_Add Slider' is present

2020-06-04 08:54:58 - [MESSAGE][WARNING] - Timeout '0' is invalid. Using default page load timeout: '30'

2020-06-04 08:54:58 - [MESSAGE][PASSED] - Object 'Object Repository/Christi/Page_Manage Sliders/label_Add Slider' is present

2020-06-04 08:54:58 - [TEST_STEP][PASSED] - setText(findTestObject("Object Repository/Christi/Page_Manage Sliders/input_nama_slider"), nama_slider): Text '' is set on object 'Object Repository/Christi/Page_Manage Sliders/input_nama_slider'

2020-06-04 08:54:59 - [MESSAGE][PASSED] - Text '' is set on object 'Object Repository/Christi/Page_Manage Sliders/input_nama_slider'

2020-06-04 08:54:59 - [TEST_STEP][PASSED] - delay(3): Delayed 3 second(s)

2020-06-04 08:55:02 - [MESSAGE][PASSED] - Delayed 3 second(s)

2020-06-04 08:55:02 - [TEST_STEP][PASSED] - setText(findTestObject("Object Repository/Christi/Page_Manage Sliders/input_Section Link_txtSliderLink"), url): Text 'https://appsrv1.deltadatamandiri.com/ACC_LMS_WEB/#/onlineLearningDetail?modulID=6' is set on object 'Object Repository/Christi/Page_Manage Sliders/input_Section Link_txtSliderLink'

2020-06-04 08:55:03 - [MESSAGE][PASSED] - Text 'https://appsrv1.deltadatamandiri.com/ACC_LMS_WEB/#/onlineLearningDetail?modulID=6' is set on object 'Object Repository/Christi/Page_Manage Sliders/input_Section Link_txtSliderLink'

2020-06-04 08:55:03 - [TEST_STEP][PASSED] - delay(3): Delayed 3 second(s)

2020-06-04 08:55:06 - [MESSAGE][PASSED] - Delayed 3 second(s)

2020-06-04 08:55:06 - [TEST_STEP][PASSED] - if (expected == "pass"): null

2020-06-04 08:55:06 - [TEST_STEP][PASSED] - else if (expected == "fail"): Object 'Object Repository/Christi/Page_Manage Sliders/label_Add Slider' is present

2020-06-04 08:55:06 - [TEST_STEP][PASSED] - if (upload == "yes"): null

2020-06-04 08:55:06 - [TEST_STEP][PASSED] - uploadFile(findTestObject("Christi/Page_Manage Sliders/input_Icon_files"), img_slider): File 'C:\Users\ASUS\git\LearningManagementWeb\konten lms\WhatsApp Image 2020-02-20 at 08.37.35 (1).jpeg' sent to object: 'Object Repository/Christi/Page_Manage Sliders/input_Icon_files'

2020-06-04 08:55:07 - [MESSAGE][PASSED] - File 'C:\Users\ASUS\git\LearningManagementWeb\konten lms\WhatsApp Image 2020-02-20 at 08.37.35 (1).jpeg' sent to object: 'Object Repository/Christi/Page_Manage Sliders/input_Icon_files'

2020-06-04 08:55:07 - [TEST_STEP][PASSED] - if (max_image_size == "yes"): null

2020-06-04 08:55:07 - [TEST_STEP][PASSED] - click(findTestObject("Christi/Page_Manage Sliders/span_Confirm")): Object: 'Object Repository/Christi/Page_Manage Sliders/span_Confirm' is clicked on

2020-06-04 08:55:09 - [MESSAGE][PASSED] - Object: 'Object Repository/Christi/Page_Manage Sliders/span_Confirm' is clicked on

2020-06-04 08:55:09 - [TEST_STEP][PASSED] - delay(3): Delayed 3 second(s)

2020-06-04 08:55:12 - [MESSAGE][PASSED] - Delayed 3 second(s)

2020-06-04 08:55:12 - [TEST_STEP][PASSED] - verifyElementPresent(findTestObject("Christi/Page_Manage Sliders/label_Add Slider"), 0): Object 'Object Repository/Christi/Page_Manage Sliders/label_Add Slider' is present

2020-06-04 08:55:12 - [MESSAGE][WARNING] - Timeout '0' is invalid. Using default page load timeout: '30'

2020-06-04 08:55:13 - [MESSAGE][PASSED] - Object 'Object Repository/Christi/Page_Manage Sliders/label_Add Slider' is present

2020-06-04 08:55:13 - [TEST_STEP][PASSED] - delay(3): Delayed 3 second(s)

2020-06-04 08:55:16 - [MESSAGE][PASSED] - Delayed 3 second(s)

2020-06-04 08:55:16 - [TEST_STEP][PASSED] - closeBrowser(): Browser is closed

2020-06-04 08:55:16 - [MESSAGE][PASSED] - Browser is closed]]></system-out>
         <system-err><![CDATA[]]></system-err>
      </testcase>
      <testcase name="Test Cases/Christi/Admin/Manage Slider - new slider" time="59.175" classname="Test Cases/Christi/Admin/Manage Slider - new slider" status="PASSED">
         <system-out><![CDATA[2020-06-04 08:55:17 - [TEST_CASE][PASSED] - Test Cases/Christi/Admin/Manage Slider - new slider: Test Cases/Christi/Admin/Manage Slider - new slider

2020-06-04 08:55:17 - [TEST_STEP][PASSED] - callTestCase(findTestCase("Christi/Admin/admin login"), ["username":"11666", "password":"Password3"], STOP_ON_FAILURE): Call Test Case 'Test Cases/Christi/Admin/admin login' successfully

2020-06-04 08:55:17 - [TEST_CASE][PASSED] - Test Cases/Christi/Admin/admin login: Test Cases/Christi/Admin/admin login

2020-06-04 08:55:17 - [TEST_STEP][PASSED] - openBrowser(""): Browser is opened with url: ''

2020-06-04 08:55:17 - [MESSAGE][INFO] - Starting 'Chrome' driver

2020-06-04 08:55:19 - [MESSAGE][PASSED] - Browser is opened with url: ''

2020-06-04 08:55:19 - [TEST_STEP][PASSED] - navigateToUrl("https://appsrv1.deltadatamandiri.com/ACC_LMS_WEB/#/admNLmn"): Navigate to 'https://appsrv1.deltadatamandiri.com/ACC_LMS_WEB/#/admNLmn' successfully

2020-06-04 08:55:27 - [MESSAGE][PASSED] - Navigate to 'https://appsrv1.deltadatamandiri.com/ACC_LMS_WEB/#/admNLmn' successfully

2020-06-04 08:55:27 - [TEST_STEP][PASSED] - click(findTestObject("Christi/Page_Main/button_login")): Object: 'Object Repository/Christi/Page_Main/button_login' is clicked on

2020-06-04 08:55:32 - [MESSAGE][PASSED] - Object: 'Object Repository/Christi/Page_Main/button_login' is clicked on

2020-06-04 08:55:32 - [TEST_STEP][PASSED] - delay(3): Delayed 3 second(s)

2020-06-04 08:55:35 - [MESSAGE][PASSED] - Delayed 3 second(s)

2020-06-04 08:55:35 - [TEST_STEP][PASSED] - setText(findTestObject("Object Repository/Christi/Page_Main/input_NPK_username"), username): Text '11666' is set on object 'Object Repository/Christi/Page_Main/input_NPK_username'

2020-06-04 08:55:36 - [MESSAGE][PASSED] - Text '11666' is set on object 'Object Repository/Christi/Page_Main/input_NPK_username'

2020-06-04 08:55:36 - [TEST_STEP][PASSED] - setText(findTestObject("Object Repository/Christi/Page_Main/input_Password_password"), password): Text 'Password3' is set on object 'Object Repository/Christi/Page_Main/input_Password_password'

2020-06-04 08:55:36 - [MESSAGE][PASSED] - Text 'Password3' is set on object 'Object Repository/Christi/Page_Main/input_Password_password'

2020-06-04 08:55:36 - [TEST_STEP][PASSED] - delay(5): Delayed 5 second(s)

2020-06-04 08:55:41 - [MESSAGE][PASSED] - Delayed 5 second(s)

2020-06-04 08:55:41 - [TEST_STEP][PASSED] - click(findTestObject("Rizka/Admin/Admin - Login/btnLogin2")): Object: 'Object Repository/Rizka/Admin/Admin - Login/btnLogin2' is clicked on

2020-06-04 08:55:42 - [MESSAGE][PASSED] - Object: 'Object Repository/Rizka/Admin/Admin - Login/btnLogin2' is clicked on

2020-06-04 08:55:42 - [TEST_STEP][PASSED] - delay(5): Delayed 5 second(s)

2020-06-04 08:55:47 - [MESSAGE][PASSED] - Delayed 5 second(s)

2020-06-04 08:55:47 - [MESSAGE][PASSED] - Call Test Case 'Test Cases/Christi/Admin/admin login' successfully

2020-06-04 08:55:47 - [TEST_STEP][PASSED] - delay(3): Delayed 3 second(s)

2020-06-04 08:55:50 - [MESSAGE][PASSED] - Delayed 3 second(s)

2020-06-04 08:55:50 - [TEST_STEP][PASSED] - click(findTestObject("Object Repository/Christi/Page_Dashboard Admin/span_Manage Slider")): Object: 'Object Repository/Christi/Page_Dashboard Admin/span_Manage Slider' is clicked on

2020-06-04 08:55:51 - [MESSAGE][PASSED] - Object: 'Object Repository/Christi/Page_Dashboard Admin/span_Manage Slider' is clicked on

2020-06-04 08:55:51 - [TEST_STEP][PASSED] - delay(3): Delayed 3 second(s)

2020-06-04 08:55:54 - [MESSAGE][PASSED] - Delayed 3 second(s)

2020-06-04 08:55:54 - [TEST_STEP][PASSED] - click(findTestObject("Object Repository/Christi/Page_Manage Sliders/button_New Slider")): Object: 'Object Repository/Christi/Page_Manage Sliders/button_New Slider' is clicked on

2020-06-04 08:55:55 - [MESSAGE][PASSED] - Object: 'Object Repository/Christi/Page_Manage Sliders/button_New Slider' is clicked on

2020-06-04 08:55:55 - [TEST_STEP][PASSED] - delay(3): Delayed 3 second(s)

2020-06-04 08:55:58 - [MESSAGE][PASSED] - Delayed 3 second(s)

2020-06-04 08:55:58 - [TEST_STEP][PASSED] - verifyElementPresent(findTestObject("Object Repository/Christi/Page_Manage Sliders/label_Add Slider"), 0): Object 'Object Repository/Christi/Page_Manage Sliders/label_Add Slider' is present

2020-06-04 08:55:58 - [MESSAGE][WARNING] - Timeout '0' is invalid. Using default page load timeout: '30'

2020-06-04 08:55:58 - [MESSAGE][PASSED] - Object 'Object Repository/Christi/Page_Manage Sliders/label_Add Slider' is present

2020-06-04 08:55:58 - [TEST_STEP][PASSED] - setText(findTestObject("Object Repository/Christi/Page_Manage Sliders/input_nama_slider"), nama_slider): Text 'Slider Service' is set on object 'Object Repository/Christi/Page_Manage Sliders/input_nama_slider'

2020-06-04 08:55:59 - [MESSAGE][PASSED] - Text 'Slider Service' is set on object 'Object Repository/Christi/Page_Manage Sliders/input_nama_slider'

2020-06-04 08:55:59 - [TEST_STEP][PASSED] - delay(3): Delayed 3 second(s)

2020-06-04 08:56:02 - [MESSAGE][PASSED] - Delayed 3 second(s)

2020-06-04 08:56:02 - [TEST_STEP][PASSED] - setText(findTestObject("Object Repository/Christi/Page_Manage Sliders/input_Section Link_txtSliderLink"), url): Text '' is set on object 'Object Repository/Christi/Page_Manage Sliders/input_Section Link_txtSliderLink'

2020-06-04 08:56:02 - [MESSAGE][PASSED] - Text '' is set on object 'Object Repository/Christi/Page_Manage Sliders/input_Section Link_txtSliderLink'

2020-06-04 08:56:02 - [TEST_STEP][PASSED] - delay(3): Delayed 3 second(s)

2020-06-04 08:56:05 - [MESSAGE][PASSED] - Delayed 3 second(s)

2020-06-04 08:56:05 - [TEST_STEP][PASSED] - if (expected == "pass"): null

2020-06-04 08:56:05 - [TEST_STEP][PASSED] - else if (expected == "fail"): Object 'Object Repository/Christi/Page_Manage Sliders/label_Add Slider' is present

2020-06-04 08:56:05 - [TEST_STEP][PASSED] - if (upload == "yes"): null

2020-06-04 08:56:05 - [TEST_STEP][PASSED] - uploadFile(findTestObject("Christi/Page_Manage Sliders/input_Icon_files"), img_slider): File 'C:\Users\ASUS\git\LearningManagementWeb\konten lms\WhatsApp Image 2020-02-20 at 08.37.35 (1).jpeg' sent to object: 'Object Repository/Christi/Page_Manage Sliders/input_Icon_files'

2020-06-04 08:56:06 - [MESSAGE][PASSED] - File 'C:\Users\ASUS\git\LearningManagementWeb\konten lms\WhatsApp Image 2020-02-20 at 08.37.35 (1).jpeg' sent to object: 'Object Repository/Christi/Page_Manage Sliders/input_Icon_files'

2020-06-04 08:56:06 - [TEST_STEP][PASSED] - if (max_image_size == "yes"): null

2020-06-04 08:56:06 - [TEST_STEP][PASSED] - click(findTestObject("Christi/Page_Manage Sliders/span_Confirm")): Object: 'Object Repository/Christi/Page_Manage Sliders/span_Confirm' is clicked on

2020-06-04 08:56:09 - [MESSAGE][PASSED] - Object: 'Object Repository/Christi/Page_Manage Sliders/span_Confirm' is clicked on

2020-06-04 08:56:09 - [TEST_STEP][PASSED] - delay(3): Delayed 3 second(s)

2020-06-04 08:56:12 - [MESSAGE][PASSED] - Delayed 3 second(s)

2020-06-04 08:56:12 - [TEST_STEP][PASSED] - verifyElementPresent(findTestObject("Christi/Page_Manage Sliders/label_Add Slider"), 0): Object 'Object Repository/Christi/Page_Manage Sliders/label_Add Slider' is present

2020-06-04 08:56:12 - [MESSAGE][WARNING] - Timeout '0' is invalid. Using default page load timeout: '30'

2020-06-04 08:56:12 - [MESSAGE][PASSED] - Object 'Object Repository/Christi/Page_Manage Sliders/label_Add Slider' is present

2020-06-04 08:56:12 - [TEST_STEP][PASSED] - delay(3): Delayed 3 second(s)

2020-06-04 08:56:15 - [MESSAGE][PASSED] - Delayed 3 second(s)

2020-06-04 08:56:15 - [TEST_STEP][PASSED] - closeBrowser(): Browser is closed

2020-06-04 08:56:16 - [MESSAGE][PASSED] - Browser is closed]]></system-out>
         <system-err><![CDATA[]]></system-err>
      </testcase>
      <testcase name="Test Cases/Christi/Admin/Manage Slider - new slider" time="59.838" classname="Test Cases/Christi/Admin/Manage Slider - new slider" status="PASSED">
         <system-out><![CDATA[2020-06-04 08:56:16 - [TEST_CASE][PASSED] - Test Cases/Christi/Admin/Manage Slider - new slider: Test Cases/Christi/Admin/Manage Slider - new slider

2020-06-04 08:56:16 - [TEST_STEP][PASSED] - callTestCase(findTestCase("Christi/Admin/admin login"), ["username":"11666", "password":"Password3"], STOP_ON_FAILURE): Call Test Case 'Test Cases/Christi/Admin/admin login' successfully

2020-06-04 08:56:16 - [TEST_CASE][PASSED] - Test Cases/Christi/Admin/admin login: Test Cases/Christi/Admin/admin login

2020-06-04 08:56:16 - [TEST_STEP][PASSED] - openBrowser(""): Browser is opened with url: ''

2020-06-04 08:56:16 - [MESSAGE][INFO] - Starting 'Chrome' driver

2020-06-04 08:56:19 - [MESSAGE][PASSED] - Browser is opened with url: ''

2020-06-04 08:56:19 - [TEST_STEP][PASSED] - navigateToUrl("https://appsrv1.deltadatamandiri.com/ACC_LMS_WEB/#/admNLmn"): Navigate to 'https://appsrv1.deltadatamandiri.com/ACC_LMS_WEB/#/admNLmn' successfully

2020-06-04 08:56:28 - [MESSAGE][PASSED] - Navigate to 'https://appsrv1.deltadatamandiri.com/ACC_LMS_WEB/#/admNLmn' successfully

2020-06-04 08:56:28 - [TEST_STEP][PASSED] - click(findTestObject("Christi/Page_Main/button_login")): Object: 'Object Repository/Christi/Page_Main/button_login' is clicked on

2020-06-04 08:56:32 - [MESSAGE][ERROR] - javascript error: Failed to execute 'elementsFromPoint' on 'Document': The provided double value is non-finite.
  (Session info: chrome=83.0.4103.61)
Build info: version: '3.141.59', revision: 'e82be7d358', time: '2018-11-14T08:25:53'
System info: host: 'LAPTOP-D0TPACJ1', ip: '192.168.100.227', os.name: 'Windows 10', os.arch: 'amd64', os.version: '10.0', java.version: '1.8.0_181'
Driver info: com.kms.katalon.selenium.driver.CChromeDriver
Capabilities {acceptInsecureCerts: false, browserName: chrome, browserVersion: 83.0.4103.61, chrome: {chromedriverVersion: 83.0.4103.39 (ccbf011cb2d2b..., userDataDir: C:\Users\ASUS\AppData\Local...}, goog:chromeOptions: {debuggerAddress: localhost:51306}, javascriptEnabled: true, networkConnectionEnabled: false, pageLoadStrategy: normal, platform: WINDOWS, platformName: WINDOWS, proxy: Proxy(), setWindowRect: true, strictFileInteractability: false, timeouts: {implicit: 0, pageLoad: 300000, script: 30000}, unhandledPromptBehavior: dismiss and notify, webauthn:virtualAuthenticators: true}
Session ID: 5b757e912428815260f11b36dee609e1

2020-06-04 08:56:33 - [MESSAGE][PASSED] - Object: 'Object Repository/Christi/Page_Main/button_login' is clicked on

2020-06-04 08:56:33 - [TEST_STEP][PASSED] - delay(3): Delayed 3 second(s)

2020-06-04 08:56:36 - [MESSAGE][PASSED] - Delayed 3 second(s)

2020-06-04 08:56:36 - [TEST_STEP][PASSED] - setText(findTestObject("Object Repository/Christi/Page_Main/input_NPK_username"), username): Text '11666' is set on object 'Object Repository/Christi/Page_Main/input_NPK_username'

2020-06-04 08:56:37 - [MESSAGE][PASSED] - Text '11666' is set on object 'Object Repository/Christi/Page_Main/input_NPK_username'

2020-06-04 08:56:37 - [TEST_STEP][PASSED] - setText(findTestObject("Object Repository/Christi/Page_Main/input_Password_password"), password): Text 'Password3' is set on object 'Object Repository/Christi/Page_Main/input_Password_password'

2020-06-04 08:56:37 - [MESSAGE][PASSED] - Text 'Password3' is set on object 'Object Repository/Christi/Page_Main/input_Password_password'

2020-06-04 08:56:37 - [TEST_STEP][PASSED] - delay(5): Delayed 5 second(s)

2020-06-04 08:56:42 - [MESSAGE][PASSED] - Delayed 5 second(s)

2020-06-04 08:56:42 - [TEST_STEP][PASSED] - click(findTestObject("Rizka/Admin/Admin - Login/btnLogin2")): Object: 'Object Repository/Rizka/Admin/Admin - Login/btnLogin2' is clicked on

2020-06-04 08:56:43 - [MESSAGE][PASSED] - Object: 'Object Repository/Rizka/Admin/Admin - Login/btnLogin2' is clicked on

2020-06-04 08:56:43 - [TEST_STEP][PASSED] - delay(5): Delayed 5 second(s)

2020-06-04 08:56:48 - [MESSAGE][PASSED] - Delayed 5 second(s)

2020-06-04 08:56:48 - [MESSAGE][PASSED] - Call Test Case 'Test Cases/Christi/Admin/admin login' successfully

2020-06-04 08:56:48 - [TEST_STEP][PASSED] - delay(3): Delayed 3 second(s)

2020-06-04 08:56:51 - [MESSAGE][PASSED] - Delayed 3 second(s)

2020-06-04 08:56:51 - [TEST_STEP][PASSED] - click(findTestObject("Object Repository/Christi/Page_Dashboard Admin/span_Manage Slider")): Object: 'Object Repository/Christi/Page_Dashboard Admin/span_Manage Slider' is clicked on

2020-06-04 08:56:52 - [MESSAGE][PASSED] - Object: 'Object Repository/Christi/Page_Dashboard Admin/span_Manage Slider' is clicked on

2020-06-04 08:56:52 - [TEST_STEP][PASSED] - delay(3): Delayed 3 second(s)

2020-06-04 08:56:55 - [MESSAGE][PASSED] - Delayed 3 second(s)

2020-06-04 08:56:55 - [TEST_STEP][PASSED] - click(findTestObject("Object Repository/Christi/Page_Manage Sliders/button_New Slider")): Object: 'Object Repository/Christi/Page_Manage Sliders/button_New Slider' is clicked on

2020-06-04 08:56:57 - [MESSAGE][PASSED] - Object: 'Object Repository/Christi/Page_Manage Sliders/button_New Slider' is clicked on

2020-06-04 08:56:57 - [TEST_STEP][PASSED] - delay(3): Delayed 3 second(s)

2020-06-04 08:57:00 - [MESSAGE][PASSED] - Delayed 3 second(s)

2020-06-04 08:57:00 - [TEST_STEP][PASSED] - verifyElementPresent(findTestObject("Object Repository/Christi/Page_Manage Sliders/label_Add Slider"), 0): Object 'Object Repository/Christi/Page_Manage Sliders/label_Add Slider' is present

2020-06-04 08:57:00 - [MESSAGE][WARNING] - Timeout '0' is invalid. Using default page load timeout: '30'

2020-06-04 08:57:00 - [MESSAGE][PASSED] - Object 'Object Repository/Christi/Page_Manage Sliders/label_Add Slider' is present

2020-06-04 08:57:00 - [TEST_STEP][PASSED] - setText(findTestObject("Object Repository/Christi/Page_Manage Sliders/input_nama_slider"), nama_slider): Text 'Slider Service' is set on object 'Object Repository/Christi/Page_Manage Sliders/input_nama_slider'

2020-06-04 08:57:01 - [MESSAGE][PASSED] - Text 'Slider Service' is set on object 'Object Repository/Christi/Page_Manage Sliders/input_nama_slider'

2020-06-04 08:57:01 - [TEST_STEP][PASSED] - delay(3): Delayed 3 second(s)

2020-06-04 08:57:04 - [MESSAGE][PASSED] - Delayed 3 second(s)

2020-06-04 08:57:04 - [TEST_STEP][PASSED] - setText(findTestObject("Object Repository/Christi/Page_Manage Sliders/input_Section Link_txtSliderLink"), url): Text 'https://appsrv1.deltadatamandiri.com/ACC_LMS_WEB/#/onlineLearningDetail?modulID=6' is set on object 'Object Repository/Christi/Page_Manage Sliders/input_Section Link_txtSliderLink'

2020-06-04 08:57:05 - [MESSAGE][PASSED] - Text 'https://appsrv1.deltadatamandiri.com/ACC_LMS_WEB/#/onlineLearningDetail?modulID=6' is set on object 'Object Repository/Christi/Page_Manage Sliders/input_Section Link_txtSliderLink'

2020-06-04 08:57:05 - [TEST_STEP][PASSED] - delay(3): Delayed 3 second(s)

2020-06-04 08:57:08 - [MESSAGE][PASSED] - Delayed 3 second(s)

2020-06-04 08:57:08 - [TEST_STEP][PASSED] - if (expected == "pass"): null

2020-06-04 08:57:08 - [TEST_STEP][PASSED] - else if (expected == "fail"): Object 'Object Repository/Christi/Page_Manage Sliders/label_Add Slider' is present

2020-06-04 08:57:08 - [TEST_STEP][PASSED] - if (upload == "yes"): null

2020-06-04 08:57:08 - [TEST_STEP][PASSED] - click(findTestObject("Christi/Page_Manage Sliders/span_Confirm")): Object: 'Object Repository/Christi/Page_Manage Sliders/span_Confirm' is clicked on

2020-06-04 08:57:09 - [MESSAGE][PASSED] - Object: 'Object Repository/Christi/Page_Manage Sliders/span_Confirm' is clicked on

2020-06-04 08:57:09 - [TEST_STEP][PASSED] - delay(3): Delayed 3 second(s)

2020-06-04 08:57:12 - [MESSAGE][PASSED] - Delayed 3 second(s)

2020-06-04 08:57:12 - [TEST_STEP][PASSED] - verifyElementPresent(findTestObject("Christi/Page_Manage Sliders/label_Add Slider"), 0): Object 'Object Repository/Christi/Page_Manage Sliders/label_Add Slider' is present

2020-06-04 08:57:12 - [MESSAGE][WARNING] - Timeout '0' is invalid. Using default page load timeout: '30'

2020-06-04 08:57:12 - [MESSAGE][PASSED] - Object 'Object Repository/Christi/Page_Manage Sliders/label_Add Slider' is present

2020-06-04 08:57:12 - [TEST_STEP][PASSED] - delay(3): Delayed 3 second(s)

2020-06-04 08:57:15 - [MESSAGE][PASSED] - Delayed 3 second(s)

2020-06-04 08:57:15 - [TEST_STEP][PASSED] - closeBrowser(): Browser is closed

2020-06-04 08:57:16 - [MESSAGE][PASSED] - Browser is closed]]></system-out>
         <system-err><![CDATA[]]></system-err>
      </testcase>
      <testcase name="Test Cases/Christi/Admin/Manage Slider - new slider" time="104.501" classname="Test Cases/Christi/Admin/Manage Slider - new slider" status="FAILED">
         <failure type="FAILED" message="Test Cases/Christi/Admin/Manage Slider - new slider FAILED.
Reason:
com.kms.katalon.core.exception.StepFailedException: Unable to verify object 'Object Repository/Christi/Page_Manage Sliders/label_Slider' is present
	at com.kms.katalon.core.webui.keyword.internal.WebUIKeywordMain.stepFailed(WebUIKeywordMain.groovy:64)
	at com.kms.katalon.core.webui.keyword.internal.WebUIKeywordMain.runKeyword(WebUIKeywordMain.groovy:26)
	at com.kms.katalon.core.webui.keyword.builtin.VerifyElementPresentKeyword.verifyElementPresent(VerifyElementPresentKeyword.groovy:92)
	at com.kms.katalon.core.webui.keyword.builtin.VerifyElementPresentKeyword.execute(VerifyElementPresentKeyword.groovy:68)
	at com.kms.katalon.core.keyword.internal.KeywordExecutor.executeKeywordForPlatform(KeywordExecutor.groovy:60)
	at com.kms.katalon.core.webui.keyword.WebUiBuiltInKeywords.verifyElementPresent(WebUiBuiltInKeywords.groovy:1434)
	at com.kms.katalon.core.webui.keyword.WebUiBuiltInKeywords$verifyElementPresent$3.call(Unknown Source)
	at Manage Slider - new slider.run(Manage Slider - new slider:59)
	at com.kms.katalon.core.main.ScriptEngine.run(ScriptEngine.java:194)
	at com.kms.katalon.core.main.ScriptEngine.runScriptAsRawText(ScriptEngine.java:119)
	at com.kms.katalon.core.main.TestCaseExecutor.runScript(TestCaseExecutor.java:337)
	at com.kms.katalon.core.main.TestCaseExecutor.doExecute(TestCaseExecutor.java:328)
	at com.kms.katalon.core.main.TestCaseExecutor.processExecutionPhase(TestCaseExecutor.java:307)
	at com.kms.katalon.core.main.TestCaseExecutor.accessMainPhase(TestCaseExecutor.java:299)
	at com.kms.katalon.core.main.TestCaseExecutor.execute(TestCaseExecutor.java:233)
	at com.kms.katalon.core.main.TestSuiteExecutor.accessTestCaseMainPhase(TestSuiteExecutor.java:169)
	at com.kms.katalon.core.main.TestSuiteExecutor.accessTestSuiteMainPhase(TestSuiteExecutor.java:142)
	at com.kms.katalon.core.main.TestSuiteExecutor.execute(TestSuiteExecutor.java:91)
	at com.kms.katalon.core.main.TestCaseMain.startTestSuite(TestCaseMain.java:157)
	at com.kms.katalon.core.main.TestCaseMain$startTestSuite$0.call(Unknown Source)
	at TempTestSuite1591235402592.run(TempTestSuite1591235402592.groovy:36)
Caused by: com.kms.katalon.core.exception.StepFailedException: com.kms.katalon.core.webui.exception.WebElementNotFoundException: Web element with id: 'Object Repository/Christi/Page_Manage Sliders/label_Slider' located by 'By.xpath: //label[(text() = '${text}' or . = '${text}')]' not found
	at com.kms.katalon.core.webui.keyword.internal.WebUIKeywordMain.stepFailed(WebUIKeywordMain.groovy:64)
	at com.kms.katalon.core.webui.keyword.builtin.VerifyElementPresentKeyword$_verifyElementPresent_closure1.doCall(VerifyElementPresentKeyword.groovy:85)
	at com.kms.katalon.core.webui.keyword.builtin.VerifyElementPresentKeyword$_verifyElementPresent_closure1.call(VerifyElementPresentKeyword.groovy)
	at com.kms.katalon.core.webui.keyword.internal.WebUIKeywordMain.runKeyword(WebUIKeywordMain.groovy:20)
	... 19 more
"/>
         <system-out><![CDATA[2020-06-04 08:57:16 - [TEST_CASE][FAILED] - Test Cases/Christi/Admin/Manage Slider - new slider: Test Cases/Christi/Admin/Manage Slider - new slider FAILED.
Reason:
com.kms.katalon.core.exception.StepFailedException: Unable to verify object 'Object Repository/Christi/Page_Manage Sliders/label_Slider' is present
	at com.kms.katalon.core.webui.keyword.internal.WebUIKeywordMain.stepFailed(WebUIKeywordMain.groovy:64)
	at com.kms.katalon.core.webui.keyword.internal.WebUIKeywordMain.runKeyword(WebUIKeywordMain.groovy:26)
	at com.kms.katalon.core.webui.keyword.builtin.VerifyElementPresentKeyword.verifyElementPresent(VerifyElementPresentKeyword.groovy:92)
	at com.kms.katalon.core.webui.keyword.builtin.VerifyElementPresentKeyword.execute(VerifyElementPresentKeyword.groovy:68)
	at com.kms.katalon.core.keyword.internal.KeywordExecutor.executeKeywordForPlatform(KeywordExecutor.groovy:60)
	at com.kms.katalon.core.webui.keyword.WebUiBuiltInKeywords.verifyElementPresent(WebUiBuiltInKeywords.groovy:1434)
	at com.kms.katalon.core.webui.keyword.WebUiBuiltInKeywords$verifyElementPresent$3.call(Unknown Source)
	at Manage Slider - new slider.run(Manage Slider - new slider:59)
	at com.kms.katalon.core.main.ScriptEngine.run(ScriptEngine.java:194)
	at com.kms.katalon.core.main.ScriptEngine.runScriptAsRawText(ScriptEngine.java:119)
	at com.kms.katalon.core.main.TestCaseExecutor.runScript(TestCaseExecutor.java:337)
	at com.kms.katalon.core.main.TestCaseExecutor.doExecute(TestCaseExecutor.java:328)
	at com.kms.katalon.core.main.TestCaseExecutor.processExecutionPhase(TestCaseExecutor.java:307)
	at com.kms.katalon.core.main.TestCaseExecutor.accessMainPhase(TestCaseExecutor.java:299)
	at com.kms.katalon.core.main.TestCaseExecutor.execute(TestCaseExecutor.java:233)
	at com.kms.katalon.core.main.TestSuiteExecutor.accessTestCaseMainPhase(TestSuiteExecutor.java:169)
	at com.kms.katalon.core.main.TestSuiteExecutor.accessTestSuiteMainPhase(TestSuiteExecutor.java:142)
	at com.kms.katalon.core.main.TestSuiteExecutor.execute(TestSuiteExecutor.java:91)
	at com.kms.katalon.core.main.TestCaseMain.startTestSuite(TestCaseMain.java:157)
	at com.kms.katalon.core.main.TestCaseMain$startTestSuite$0.call(Unknown Source)
	at TempTestSuite1591235402592.run(TempTestSuite1591235402592.groovy:36)
Caused by: com.kms.katalon.core.exception.StepFailedException: com.kms.katalon.core.webui.exception.WebElementNotFoundException: Web element with id: 'Object Repository/Christi/Page_Manage Sliders/label_Slider' located by 'By.xpath: //label[(text() = '${text}' or . = '${text}')]' not found
	at com.kms.katalon.core.webui.keyword.internal.WebUIKeywordMain.stepFailed(WebUIKeywordMain.groovy:64)
	at com.kms.katalon.core.webui.keyword.builtin.VerifyElementPresentKeyword$_verifyElementPresent_closure1.doCall(VerifyElementPresentKeyword.groovy:85)
	at com.kms.katalon.core.webui.keyword.builtin.VerifyElementPresentKeyword$_verifyElementPresent_closure1.call(VerifyElementPresentKeyword.groovy)
	at com.kms.katalon.core.webui.keyword.internal.WebUIKeywordMain.runKeyword(WebUIKeywordMain.groovy:20)
	... 19 more


2020-06-04 08:57:16 - [TEST_STEP][PASSED] - callTestCase(findTestCase("Christi/Admin/admin login"), ["username":"11666", "password":"Password3"], STOP_ON_FAILURE): Call Test Case 'Test Cases/Christi/Admin/admin login' successfully

2020-06-04 08:57:16 - [TEST_CASE][PASSED] - Test Cases/Christi/Admin/admin login: Test Cases/Christi/Admin/admin login

2020-06-04 08:57:16 - [TEST_STEP][PASSED] - openBrowser(""): Browser is opened with url: ''

2020-06-04 08:57:16 - [MESSAGE][INFO] - Starting 'Chrome' driver

2020-06-04 08:57:18 - [MESSAGE][PASSED] - Browser is opened with url: ''

2020-06-04 08:57:18 - [TEST_STEP][PASSED] - navigateToUrl("https://appsrv1.deltadatamandiri.com/ACC_LMS_WEB/#/admNLmn"): Navigate to 'https://appsrv1.deltadatamandiri.com/ACC_LMS_WEB/#/admNLmn' successfully

2020-06-04 08:57:26 - [MESSAGE][PASSED] - Navigate to 'https://appsrv1.deltadatamandiri.com/ACC_LMS_WEB/#/admNLmn' successfully

2020-06-04 08:57:26 - [TEST_STEP][PASSED] - click(findTestObject("Christi/Page_Main/button_login")): Object: 'Object Repository/Christi/Page_Main/button_login' is clicked on

2020-06-04 08:57:30 - [MESSAGE][ERROR] - javascript error: Failed to execute 'elementsFromPoint' on 'Document': The provided double value is non-finite.
  (Session info: chrome=83.0.4103.61)
Build info: version: '3.141.59', revision: 'e82be7d358', time: '2018-11-14T08:25:53'
System info: host: 'LAPTOP-D0TPACJ1', ip: '192.168.100.227', os.name: 'Windows 10', os.arch: 'amd64', os.version: '10.0', java.version: '1.8.0_181'
Driver info: com.kms.katalon.selenium.driver.CChromeDriver
Capabilities {acceptInsecureCerts: false, browserName: chrome, browserVersion: 83.0.4103.61, chrome: {chromedriverVersion: 83.0.4103.39 (ccbf011cb2d2b..., userDataDir: C:\Users\ASUS\AppData\Local...}, goog:chromeOptions: {debuggerAddress: localhost:51366}, javascriptEnabled: true, networkConnectionEnabled: false, pageLoadStrategy: normal, platform: WINDOWS, platformName: WINDOWS, proxy: Proxy(), setWindowRect: true, strictFileInteractability: false, timeouts: {implicit: 0, pageLoad: 300000, script: 30000}, unhandledPromptBehavior: dismiss and notify, webauthn:virtualAuthenticators: true}
Session ID: f20fc3cba51f116b910267ba3519836e

2020-06-04 08:57:31 - [MESSAGE][PASSED] - Object: 'Object Repository/Christi/Page_Main/button_login' is clicked on

2020-06-04 08:57:31 - [TEST_STEP][PASSED] - delay(3): Delayed 3 second(s)

2020-06-04 08:57:34 - [MESSAGE][PASSED] - Delayed 3 second(s)

2020-06-04 08:57:34 - [TEST_STEP][PASSED] - setText(findTestObject("Object Repository/Christi/Page_Main/input_NPK_username"), username): Text '11666' is set on object 'Object Repository/Christi/Page_Main/input_NPK_username'

2020-06-04 08:57:34 - [MESSAGE][PASSED] - Text '11666' is set on object 'Object Repository/Christi/Page_Main/input_NPK_username'

2020-06-04 08:57:34 - [TEST_STEP][PASSED] - setText(findTestObject("Object Repository/Christi/Page_Main/input_Password_password"), password): Text 'Password3' is set on object 'Object Repository/Christi/Page_Main/input_Password_password'

2020-06-04 08:57:35 - [MESSAGE][PASSED] - Text 'Password3' is set on object 'Object Repository/Christi/Page_Main/input_Password_password'

2020-06-04 08:57:35 - [TEST_STEP][PASSED] - delay(5): Delayed 5 second(s)

2020-06-04 08:57:40 - [MESSAGE][PASSED] - Delayed 5 second(s)

2020-06-04 08:57:40 - [TEST_STEP][PASSED] - click(findTestObject("Rizka/Admin/Admin - Login/btnLogin2")): Object: 'Object Repository/Rizka/Admin/Admin - Login/btnLogin2' is clicked on

2020-06-04 08:57:40 - [MESSAGE][PASSED] - Object: 'Object Repository/Rizka/Admin/Admin - Login/btnLogin2' is clicked on

2020-06-04 08:57:40 - [TEST_STEP][PASSED] - delay(5): Delayed 5 second(s)

2020-06-04 08:57:45 - [MESSAGE][PASSED] - Delayed 5 second(s)

2020-06-04 08:57:45 - [MESSAGE][PASSED] - Call Test Case 'Test Cases/Christi/Admin/admin login' successfully

2020-06-04 08:57:45 - [TEST_STEP][PASSED] - delay(3): Delayed 3 second(s)

2020-06-04 08:57:48 - [MESSAGE][PASSED] - Delayed 3 second(s)

2020-06-04 08:57:48 - [TEST_STEP][PASSED] - click(findTestObject("Object Repository/Christi/Page_Dashboard Admin/span_Manage Slider")): Object: 'Object Repository/Christi/Page_Dashboard Admin/span_Manage Slider' is clicked on

2020-06-04 08:57:49 - [MESSAGE][PASSED] - Object: 'Object Repository/Christi/Page_Dashboard Admin/span_Manage Slider' is clicked on

2020-06-04 08:57:49 - [TEST_STEP][PASSED] - delay(3): Delayed 3 second(s)

2020-06-04 08:57:52 - [MESSAGE][PASSED] - Delayed 3 second(s)

2020-06-04 08:57:52 - [TEST_STEP][PASSED] - click(findTestObject("Object Repository/Christi/Page_Manage Sliders/button_New Slider")): Object: 'Object Repository/Christi/Page_Manage Sliders/button_New Slider' is clicked on

2020-06-04 08:57:54 - [MESSAGE][PASSED] - Object: 'Object Repository/Christi/Page_Manage Sliders/button_New Slider' is clicked on

2020-06-04 08:57:54 - [TEST_STEP][PASSED] - delay(3): Delayed 3 second(s)

2020-06-04 08:57:57 - [MESSAGE][PASSED] - Delayed 3 second(s)

2020-06-04 08:57:57 - [TEST_STEP][PASSED] - verifyElementPresent(findTestObject("Object Repository/Christi/Page_Manage Sliders/label_Add Slider"), 0): Object 'Object Repository/Christi/Page_Manage Sliders/label_Add Slider' is present

2020-06-04 08:57:57 - [MESSAGE][WARNING] - Timeout '0' is invalid. Using default page load timeout: '30'

2020-06-04 08:57:57 - [MESSAGE][PASSED] - Object 'Object Repository/Christi/Page_Manage Sliders/label_Add Slider' is present

2020-06-04 08:57:57 - [TEST_STEP][PASSED] - setText(findTestObject("Object Repository/Christi/Page_Manage Sliders/input_nama_slider"), nama_slider): Text 'Slider Service' is set on object 'Object Repository/Christi/Page_Manage Sliders/input_nama_slider'

2020-06-04 08:57:58 - [MESSAGE][PASSED] - Text 'Slider Service' is set on object 'Object Repository/Christi/Page_Manage Sliders/input_nama_slider'

2020-06-04 08:57:58 - [TEST_STEP][PASSED] - delay(3): Delayed 3 second(s)

2020-06-04 08:58:01 - [MESSAGE][PASSED] - Delayed 3 second(s)

2020-06-04 08:58:01 - [TEST_STEP][PASSED] - setText(findTestObject("Object Repository/Christi/Page_Manage Sliders/input_Section Link_txtSliderLink"), url): Text 'https://appsrv1.deltadatamandiri.com/ACC_LMS_WEB/#/onlineLearningDetail?modulID=6' is set on object 'Object Repository/Christi/Page_Manage Sliders/input_Section Link_txtSliderLink'

2020-06-04 08:58:02 - [MESSAGE][PASSED] - Text 'https://appsrv1.deltadatamandiri.com/ACC_LMS_WEB/#/onlineLearningDetail?modulID=6' is set on object 'Object Repository/Christi/Page_Manage Sliders/input_Section Link_txtSliderLink'

2020-06-04 08:58:02 - [TEST_STEP][PASSED] - delay(3): Delayed 3 second(s)

2020-06-04 08:58:05 - [MESSAGE][PASSED] - Delayed 3 second(s)

2020-06-04 08:58:05 - [TEST_STEP][FAILED] - if (expected == "pass"): Unable to verify object 'Object Repository/Christi/Page_Manage Sliders/label_Slider' is present (Root cause: com.kms.katalon.core.exception.StepFailedException: Unable to verify object 'Object Repository/Christi/Page_Manage Sliders/label_Slider' is present
	at com.kms.katalon.core.webui.keyword.internal.WebUIKeywordMain.stepFailed(WebUIKeywordMain.groovy:64)
	at com.kms.katalon.core.webui.keyword.internal.WebUIKeywordMain.runKeyword(WebUIKeywordMain.groovy:26)
	at com.kms.katalon.core.webui.keyword.builtin.VerifyElementPresentKeyword.verifyElementPresent(VerifyElementPresentKeyword.groovy:92)
	at com.kms.katalon.core.webui.keyword.builtin.VerifyElementPresentKeyword.execute(VerifyElementPresentKeyword.groovy:68)
	at com.kms.katalon.core.keyword.internal.KeywordExecutor.executeKeywordForPlatform(KeywordExecutor.groovy:60)
	at com.kms.katalon.core.webui.keyword.WebUiBuiltInKeywords.verifyElementPresent(WebUiBuiltInKeywords.groovy:1434)
	at com.kms.katalon.core.webui.keyword.WebUiBuiltInKeywords$verifyElementPresent$3.call(Unknown Source)
	at Manage Slider - new slider.run(Manage Slider - new slider:59)
	at com.kms.katalon.core.main.ScriptEngine.run(ScriptEngine.java:194)
	at com.kms.katalon.core.main.ScriptEngine.runScriptAsRawText(ScriptEngine.java:119)
	at com.kms.katalon.core.main.TestCaseExecutor.runScript(TestCaseExecutor.java:337)
	at com.kms.katalon.core.main.TestCaseExecutor.doExecute(TestCaseExecutor.java:328)
	at com.kms.katalon.core.main.TestCaseExecutor.processExecutionPhase(TestCaseExecutor.java:307)
	at com.kms.katalon.core.main.TestCaseExecutor.accessMainPhase(TestCaseExecutor.java:299)
	at com.kms.katalon.core.main.TestCaseExecutor.execute(TestCaseExecutor.java:233)
	at com.kms.katalon.core.main.TestSuiteExecutor.accessTestCaseMainPhase(TestSuiteExecutor.java:169)
	at com.kms.katalon.core.main.TestSuiteExecutor.accessTestSuiteMainPhase(TestSuiteExecutor.java:142)
	at com.kms.katalon.core.main.TestSuiteExecutor.execute(TestSuiteExecutor.java:91)
	at com.kms.katalon.core.main.TestCaseMain.startTestSuite(TestCaseMain.java:157)
	at com.kms.katalon.core.main.TestCaseMain$startTestSuite$0.call(Unknown Source)
	at TempTestSuite1591235402592.run(TempTestSuite1591235402592.groovy:36)
Caused by: com.kms.katalon.core.exception.StepFailedException: com.kms.katalon.core.webui.exception.WebElementNotFoundException: Web element with id: 'Object Repository/Christi/Page_Manage Sliders/label_Slider' located by 'By.xpath: //label[(text() = '${text}' or . = '${text}')]' not found
	at com.kms.katalon.core.webui.keyword.internal.WebUIKeywordMain.stepFailed(WebUIKeywordMain.groovy:64)
	at com.kms.katalon.core.webui.keyword.builtin.VerifyElementPresentKeyword$_verifyElementPresent_closure1.doCall(VerifyElementPresentKeyword.groovy:85)
	at com.kms.katalon.core.webui.keyword.builtin.VerifyElementPresentKeyword$_verifyElementPresent_closure1.call(VerifyElementPresentKeyword.groovy)
	at com.kms.katalon.core.webui.keyword.internal.WebUIKeywordMain.runKeyword(WebUIKeywordMain.groovy:20)
	... 19 more
)

2020-06-04 08:58:05 - [TEST_STEP][PASSED] - if (upload == "yes"): Object 'Object Repository/Christi/Page_Manage Sliders/div_File uploaded successfully' is present

2020-06-04 08:58:05 - [TEST_STEP][PASSED] - uploadFile(findTestObject("Object Repository/Christi/Page_Manage Sliders/input_Icon_files"), img_slider): File 'C:\Users\ASUS\git\LearningManagementWeb\konten lms\WhatsApp Image 2020-02-20 at 08.37.35 (1).jpeg' sent to object: 'Object Repository/Christi/Page_Manage Sliders/input_Icon_files'

2020-06-04 08:58:05 - [MESSAGE][PASSED] - File 'C:\Users\ASUS\git\LearningManagementWeb\konten lms\WhatsApp Image 2020-02-20 at 08.37.35 (1).jpeg' sent to object: 'Object Repository/Christi/Page_Manage Sliders/input_Icon_files'

2020-06-04 08:58:05 - [TEST_STEP][PASSED] - verifyElementPresent(findTestObject("Object Repository/Christi/Page_Manage Sliders/div_File uploaded successfully"), 0): Object 'Object Repository/Christi/Page_Manage Sliders/div_File uploaded successfully' is present

2020-06-04 08:58:05 - [MESSAGE][WARNING] - Timeout '0' is invalid. Using default page load timeout: '30'

2020-06-04 08:58:07 - [MESSAGE][PASSED] - Object 'Object Repository/Christi/Page_Manage Sliders/div_File uploaded successfully' is present

2020-06-04 08:58:07 - [TEST_STEP][PASSED] - delay(3): Delayed 3 second(s)

2020-06-04 08:58:10 - [MESSAGE][PASSED] - Delayed 3 second(s)

2020-06-04 08:58:10 - [TEST_STEP][PASSED] - verifyElementClickable(findTestObject("Object Repository/Christi/Page_Manage Sliders/span_Confirm")): Object 'Object Repository/Christi/Page_Manage Sliders/span_Confirm' is clickable

2020-06-04 08:58:11 - [MESSAGE][PASSED] - Object 'Object Repository/Christi/Page_Manage Sliders/span_Confirm' is clickable

2020-06-04 08:58:11 - [TEST_STEP][PASSED] - click(findTestObject("Object Repository/Christi/Page_Manage Sliders/span_Confirm")): Object: 'Object Repository/Christi/Page_Manage Sliders/span_Confirm' is clicked on

2020-06-04 08:58:11 - [MESSAGE][PASSED] - Object: 'Object Repository/Christi/Page_Manage Sliders/span_Confirm' is clicked on

2020-06-04 08:58:11 - [TEST_STEP][PASSED] - delay(3): Delayed 3 second(s)

2020-06-04 08:58:14 - [MESSAGE][PASSED] - Delayed 3 second(s)

2020-06-04 08:58:14 - [TEST_STEP][PASSED] - verifyElementPresent(findTestObject("Object Repository/Christi/Page_Manage Sliders/button_New Slider"), 0): Object 'Object Repository/Christi/Page_Manage Sliders/button_New Slider' is present

2020-06-04 08:58:14 - [MESSAGE][WARNING] - Timeout '0' is invalid. Using default page load timeout: '30'

2020-06-04 08:58:14 - [MESSAGE][PASSED] - Object 'Object Repository/Christi/Page_Manage Sliders/button_New Slider' is present

2020-06-04 08:58:14 - [TEST_STEP][FAILED] - verifyElementPresent(findTestObject("Object Repository/Christi/Page_Manage Sliders/label_Slider"), 0): Unable to verify object 'Object Repository/Christi/Page_Manage Sliders/label_Slider' is present (Root cause: com.kms.katalon.core.exception.StepFailedException: Unable to verify object 'Object Repository/Christi/Page_Manage Sliders/label_Slider' is present
	at com.kms.katalon.core.webui.keyword.internal.WebUIKeywordMain.stepFailed(WebUIKeywordMain.groovy:64)
	at com.kms.katalon.core.webui.keyword.internal.WebUIKeywordMain.runKeyword(WebUIKeywordMain.groovy:26)
	at com.kms.katalon.core.webui.keyword.builtin.VerifyElementPresentKeyword.verifyElementPresent(VerifyElementPresentKeyword.groovy:92)
	at com.kms.katalon.core.webui.keyword.builtin.VerifyElementPresentKeyword.execute(VerifyElementPresentKeyword.groovy:68)
	at com.kms.katalon.core.keyword.internal.KeywordExecutor.executeKeywordForPlatform(KeywordExecutor.groovy:60)
	at com.kms.katalon.core.webui.keyword.WebUiBuiltInKeywords.verifyElementPresent(WebUiBuiltInKeywords.groovy:1434)
	at com.kms.katalon.core.webui.keyword.WebUiBuiltInKeywords$verifyElementPresent$3.call(Unknown Source)
	at Manage Slider - new slider.run(Manage Slider - new slider:59)
	at com.kms.katalon.core.main.ScriptEngine.run(ScriptEngine.java:194)
	at com.kms.katalon.core.main.ScriptEngine.runScriptAsRawText(ScriptEngine.java:119)
	at com.kms.katalon.core.main.TestCaseExecutor.runScript(TestCaseExecutor.java:337)
	at com.kms.katalon.core.main.TestCaseExecutor.doExecute(TestCaseExecutor.java:328)
	at com.kms.katalon.core.main.TestCaseExecutor.processExecutionPhase(TestCaseExecutor.java:307)
	at com.kms.katalon.core.main.TestCaseExecutor.accessMainPhase(TestCaseExecutor.java:299)
	at com.kms.katalon.core.main.TestCaseExecutor.execute(TestCaseExecutor.java:233)
	at com.kms.katalon.core.main.TestSuiteExecutor.accessTestCaseMainPhase(TestSuiteExecutor.java:169)
	at com.kms.katalon.core.main.TestSuiteExecutor.accessTestSuiteMainPhase(TestSuiteExecutor.java:142)
	at com.kms.katalon.core.main.TestSuiteExecutor.execute(TestSuiteExecutor.java:91)
	at com.kms.katalon.core.main.TestCaseMain.startTestSuite(TestCaseMain.java:157)
	at com.kms.katalon.core.main.TestCaseMain$startTestSuite$0.call(Unknown Source)
	at TempTestSuite1591235402592.run(TempTestSuite1591235402592.groovy:36)
Caused by: com.kms.katalon.core.exception.StepFailedException: com.kms.katalon.core.webui.exception.WebElementNotFoundException: Web element with id: 'Object Repository/Christi/Page_Manage Sliders/label_Slider' located by 'By.xpath: //label[(text() = '${text}' or . = '${text}')]' not found
	at com.kms.katalon.core.webui.keyword.internal.WebUIKeywordMain.stepFailed(WebUIKeywordMain.groovy:64)
	at com.kms.katalon.core.webui.keyword.builtin.VerifyElementPresentKeyword$_verifyElementPresent_closure1.doCall(VerifyElementPresentKeyword.groovy:85)
	at com.kms.katalon.core.webui.keyword.builtin.VerifyElementPresentKeyword$_verifyElementPresent_closure1.call(VerifyElementPresentKeyword.groovy)
	at com.kms.katalon.core.webui.keyword.internal.WebUIKeywordMain.runKeyword(WebUIKeywordMain.groovy:20)
	... 19 more
)

2020-06-04 08:58:15 - [MESSAGE][WARNING] - Timeout '0' is invalid. Using default page load timeout: '30'

2020-06-04 08:59:00 - [MESSAGE][INFO] - Unable to find the element located by 'By.xpath: //label[(text() = '${text}' or . = '${text}')]'. Please recheck the objects properties to make sure the desired element is located. 

2020-06-04 08:59:00 - [MESSAGE][FAILED] - com.kms.katalon.core.webui.exception.WebElementNotFoundException: Web element with id: 'Object Repository/Christi/Page_Manage Sliders/label_Slider' located by 'By.xpath: //label[(text() = '${text}' or . = '${text}')]' not found (Root cause: com.kms.katalon.core.exception.StepFailedException: com.kms.katalon.core.webui.exception.WebElementNotFoundException: Web element with id: 'Object Repository/Christi/Page_Manage Sliders/label_Slider' located by 'By.xpath: //label[(text() = '${text}' or . = '${text}')]' not found
	at com.kms.katalon.core.webui.keyword.internal.WebUIKeywordMain.stepFailed(WebUIKeywordMain.groovy:64)
	at com.kms.katalon.core.webui.keyword.builtin.VerifyElementPresentKeyword$_verifyElementPresent_closure1.doCall(VerifyElementPresentKeyword.groovy:85)
	at com.kms.katalon.core.webui.keyword.builtin.VerifyElementPresentKeyword$_verifyElementPresent_closure1.call(VerifyElementPresentKeyword.groovy)
	at com.kms.katalon.core.webui.keyword.internal.WebUIKeywordMain.runKeyword(WebUIKeywordMain.groovy:20)
	at com.kms.katalon.core.webui.keyword.builtin.VerifyElementPresentKeyword.verifyElementPresent(VerifyElementPresentKeyword.groovy:92)
	at com.kms.katalon.core.webui.keyword.builtin.VerifyElementPresentKeyword.execute(VerifyElementPresentKeyword.groovy:68)
	at com.kms.katalon.core.keyword.internal.KeywordExecutor.executeKeywordForPlatform(KeywordExecutor.groovy:60)
	at com.kms.katalon.core.webui.keyword.WebUiBuiltInKeywords.verifyElementPresent(WebUiBuiltInKeywords.groovy:1434)
	at com.kms.katalon.core.webui.keyword.WebUiBuiltInKeywords$verifyElementPresent$3.call(Unknown Source)
	at Manage Slider - new slider.run(Manage Slider - new slider:59)
	at com.kms.katalon.core.main.ScriptEngine.run(ScriptEngine.java:194)
	at com.kms.katalon.core.main.ScriptEngine.runScriptAsRawText(ScriptEngine.java:119)
	at com.kms.katalon.core.main.TestCaseExecutor.runScript(TestCaseExecutor.java:337)
	at com.kms.katalon.core.main.TestCaseExecutor.doExecute(TestCaseExecutor.java:328)
	at com.kms.katalon.core.main.TestCaseExecutor.processExecutionPhase(TestCaseExecutor.java:307)
	at com.kms.katalon.core.main.TestCaseExecutor.accessMainPhase(TestCaseExecutor.java:299)
	at com.kms.katalon.core.main.TestCaseExecutor.execute(TestCaseExecutor.java:233)
	at com.kms.katalon.core.main.TestSuiteExecutor.accessTestCaseMainPhase(TestSuiteExecutor.java:169)
	at com.kms.katalon.core.main.TestSuiteExecutor.accessTestSuiteMainPhase(TestSuiteExecutor.java:142)
	at com.kms.katalon.core.main.TestSuiteExecutor.execute(TestSuiteExecutor.java:91)
	at com.kms.katalon.core.main.TestCaseMain.startTestSuite(TestCaseMain.java:157)
	at com.kms.katalon.core.main.TestCaseMain$startTestSuite$0.call(Unknown Source)
	at TempTestSuite1591235402592.run(TempTestSuite1591235402592.groovy:36)
)
[[ATTACHMENT|C:\\Users\\ASUS\\git\\LearningManagementWeb\\Reports\\20200604_085002\\Christi\\Manage Slider\\20200604_085002\\1591235940029.png]]

2020-06-04 08:59:00 - [MESSAGE][FAILED] - Unable to verify object 'Object Repository/Christi/Page_Manage Sliders/label_Slider' is present (Root cause: com.kms.katalon.core.exception.StepFailedException: Unable to verify object 'Object Repository/Christi/Page_Manage Sliders/label_Slider' is present
	at com.kms.katalon.core.webui.keyword.internal.WebUIKeywordMain.stepFailed(WebUIKeywordMain.groovy:64)
	at com.kms.katalon.core.webui.keyword.internal.WebUIKeywordMain.runKeyword(WebUIKeywordMain.groovy:26)
	at com.kms.katalon.core.webui.keyword.builtin.VerifyElementPresentKeyword.verifyElementPresent(VerifyElementPresentKeyword.groovy:92)
	at com.kms.katalon.core.webui.keyword.builtin.VerifyElementPresentKeyword.execute(VerifyElementPresentKeyword.groovy:68)
	at com.kms.katalon.core.keyword.internal.KeywordExecutor.executeKeywordForPlatform(KeywordExecutor.groovy:60)
	at com.kms.katalon.core.webui.keyword.WebUiBuiltInKeywords.verifyElementPresent(WebUiBuiltInKeywords.groovy:1434)
	at com.kms.katalon.core.webui.keyword.WebUiBuiltInKeywords$verifyElementPresent$3.call(Unknown Source)
	at Manage Slider - new slider.run(Manage Slider - new slider:59)
	at com.kms.katalon.core.main.ScriptEngine.run(ScriptEngine.java:194)
	at com.kms.katalon.core.main.ScriptEngine.runScriptAsRawText(ScriptEngine.java:119)
	at com.kms.katalon.core.main.TestCaseExecutor.runScript(TestCaseExecutor.java:337)
	at com.kms.katalon.core.main.TestCaseExecutor.doExecute(TestCaseExecutor.java:328)
	at com.kms.katalon.core.main.TestCaseExecutor.processExecutionPhase(TestCaseExecutor.java:307)
	at com.kms.katalon.core.main.TestCaseExecutor.accessMainPhase(TestCaseExecutor.java:299)
	at com.kms.katalon.core.main.TestCaseExecutor.execute(TestCaseExecutor.java:233)
	at com.kms.katalon.core.main.TestSuiteExecutor.accessTestCaseMainPhase(TestSuiteExecutor.java:169)
	at com.kms.katalon.core.main.TestSuiteExecutor.accessTestSuiteMainPhase(TestSuiteExecutor.java:142)
	at com.kms.katalon.core.main.TestSuiteExecutor.execute(TestSuiteExecutor.java:91)
	at com.kms.katalon.core.main.TestCaseMain.startTestSuite(TestCaseMain.java:157)
	at com.kms.katalon.core.main.TestCaseMain$startTestSuite$0.call(Unknown Source)
	at TempTestSuite1591235402592.run(TempTestSuite1591235402592.groovy:36)
Caused by: com.kms.katalon.core.exception.StepFailedException: com.kms.katalon.core.webui.exception.WebElementNotFoundException: Web element with id: 'Object Repository/Christi/Page_Manage Sliders/label_Slider' located by 'By.xpath: //label[(text() = '${text}' or . = '${text}')]' not found
	at com.kms.katalon.core.webui.keyword.internal.WebUIKeywordMain.stepFailed(WebUIKeywordMain.groovy:64)
	at com.kms.katalon.core.webui.keyword.builtin.VerifyElementPresentKeyword$_verifyElementPresent_closure1.doCall(VerifyElementPresentKeyword.groovy:85)
	at com.kms.katalon.core.webui.keyword.builtin.VerifyElementPresentKeyword$_verifyElementPresent_closure1.call(VerifyElementPresentKeyword.groovy)
	at com.kms.katalon.core.webui.keyword.internal.WebUIKeywordMain.runKeyword(WebUIKeywordMain.groovy:20)
	... 19 more
)
[[ATTACHMENT|C:\\Users\\ASUS\\git\\LearningManagementWeb\\Reports\\20200604_085002\\Christi\\Manage Slider\\20200604_085002\\1591235940523.png]]]]></system-out>
         <system-err><![CDATA[2020-06-04 08:57:16 - [TEST_CASE][FAILED] - Test Cases/Christi/Admin/Manage Slider - new slider: Test Cases/Christi/Admin/Manage Slider - new slider FAILED.
Reason:
com.kms.katalon.core.exception.StepFailedException: Unable to verify object 'Object Repository/Christi/Page_Manage Sliders/label_Slider' is present
	at com.kms.katalon.core.webui.keyword.internal.WebUIKeywordMain.stepFailed(WebUIKeywordMain.groovy:64)
	at com.kms.katalon.core.webui.keyword.internal.WebUIKeywordMain.runKeyword(WebUIKeywordMain.groovy:26)
	at com.kms.katalon.core.webui.keyword.builtin.VerifyElementPresentKeyword.verifyElementPresent(VerifyElementPresentKeyword.groovy:92)
	at com.kms.katalon.core.webui.keyword.builtin.VerifyElementPresentKeyword.execute(VerifyElementPresentKeyword.groovy:68)
	at com.kms.katalon.core.keyword.internal.KeywordExecutor.executeKeywordForPlatform(KeywordExecutor.groovy:60)
	at com.kms.katalon.core.webui.keyword.WebUiBuiltInKeywords.verifyElementPresent(WebUiBuiltInKeywords.groovy:1434)
	at com.kms.katalon.core.webui.keyword.WebUiBuiltInKeywords$verifyElementPresent$3.call(Unknown Source)
	at Manage Slider - new slider.run(Manage Slider - new slider:59)
	at com.kms.katalon.core.main.ScriptEngine.run(ScriptEngine.java:194)
	at com.kms.katalon.core.main.ScriptEngine.runScriptAsRawText(ScriptEngine.java:119)
	at com.kms.katalon.core.main.TestCaseExecutor.runScript(TestCaseExecutor.java:337)
	at com.kms.katalon.core.main.TestCaseExecutor.doExecute(TestCaseExecutor.java:328)
	at com.kms.katalon.core.main.TestCaseExecutor.processExecutionPhase(TestCaseExecutor.java:307)
	at com.kms.katalon.core.main.TestCaseExecutor.accessMainPhase(TestCaseExecutor.java:299)
	at com.kms.katalon.core.main.TestCaseExecutor.execute(TestCaseExecutor.java:233)
	at com.kms.katalon.core.main.TestSuiteExecutor.accessTestCaseMainPhase(TestSuiteExecutor.java:169)
	at com.kms.katalon.core.main.TestSuiteExecutor.accessTestSuiteMainPhase(TestSuiteExecutor.java:142)
	at com.kms.katalon.core.main.TestSuiteExecutor.execute(TestSuiteExecutor.java:91)
	at com.kms.katalon.core.main.TestCaseMain.startTestSuite(TestCaseMain.java:157)
	at com.kms.katalon.core.main.TestCaseMain$startTestSuite$0.call(Unknown Source)
	at TempTestSuite1591235402592.run(TempTestSuite1591235402592.groovy:36)
Caused by: com.kms.katalon.core.exception.StepFailedException: com.kms.katalon.core.webui.exception.WebElementNotFoundException: Web element with id: 'Object Repository/Christi/Page_Manage Sliders/label_Slider' located by 'By.xpath: //label[(text() = '${text}' or . = '${text}')]' not found
	at com.kms.katalon.core.webui.keyword.internal.WebUIKeywordMain.stepFailed(WebUIKeywordMain.groovy:64)
	at com.kms.katalon.core.webui.keyword.builtin.VerifyElementPresentKeyword$_verifyElementPresent_closure1.doCall(VerifyElementPresentKeyword.groovy:85)
	at com.kms.katalon.core.webui.keyword.builtin.VerifyElementPresentKeyword$_verifyElementPresent_closure1.call(VerifyElementPresentKeyword.groovy)
	at com.kms.katalon.core.webui.keyword.internal.WebUIKeywordMain.runKeyword(WebUIKeywordMain.groovy:20)
	... 19 more]]></system-err>
      </testcase>
      <system-out><![CDATA[2020-06-04 08:50:12 - [TEST_SUITE][FAILED] - Manage Slider: Test Cases/Christi/Admin/Manage Slider - new slider FAILED.
Reason:
com.kms.katalon.core.exception.StepFailedException: Unable to verify object 'Object Repository/Christi/Page_Manage Sliders/label_Slider' is present
	at com.kms.katalon.core.webui.keyword.internal.WebUIKeywordMain.stepFailed(WebUIKeywordMain.groovy:64)
	at com.kms.katalon.core.webui.keyword.internal.WebUIKeywordMain.runKeyword(WebUIKeywordMain.groovy:26)
	at com.kms.katalon.core.webui.keyword.builtin.VerifyElementPresentKeyword.verifyElementPresent(VerifyElementPresentKeyword.groovy:92)
	at com.kms.katalon.core.webui.keyword.builtin.VerifyElementPresentKeyword.execute(VerifyElementPresentKeyword.groovy:68)
	at com.kms.katalon.core.keyword.internal.KeywordExecutor.executeKeywordForPlatform(KeywordExecutor.groovy:60)
	at com.kms.katalon.core.webui.keyword.WebUiBuiltInKeywords.verifyElementPresent(WebUiBuiltInKeywords.groovy:1434)
	at com.kms.katalon.core.webui.keyword.WebUiBuiltInKeywords$verifyElementPresent$3.call(Unknown Source)
	at Manage Slider - new slider.run(Manage Slider - new slider:59)
	at com.kms.katalon.core.main.ScriptEngine.run(ScriptEngine.java:194)
	at com.kms.katalon.core.main.ScriptEngine.runScriptAsRawText(ScriptEngine.java:119)
	at com.kms.katalon.core.main.TestCaseExecutor.runScript(TestCaseExecutor.java:337)
	at com.kms.katalon.core.main.TestCaseExecutor.doExecute(TestCaseExecutor.java:328)
	at com.kms.katalon.core.main.TestCaseExecutor.processExecutionPhase(TestCaseExecutor.java:307)
	at com.kms.katalon.core.main.TestCaseExecutor.accessMainPhase(TestCaseExecutor.java:299)
	at com.kms.katalon.core.main.TestCaseExecutor.execute(TestCaseExecutor.java:233)
	at com.kms.katalon.core.main.TestSuiteExecutor.accessTestCaseMainPhase(TestSuiteExecutor.java:169)
	at com.kms.katalon.core.main.TestSuiteExecutor.accessTestSuiteMainPhase(TestSuiteExecutor.java:142)
	at com.kms.katalon.core.main.TestSuiteExecutor.execute(TestSuiteExecutor.java:91)
	at com.kms.katalon.core.main.TestCaseMain.startTestSuite(TestCaseMain.java:157)
	at com.kms.katalon.core.main.TestCaseMain$startTestSuite$0.call(Unknown Source)
	at TempTestSuite1591235402592.run(TempTestSuite1591235402592.groovy:36)
Caused by: com.kms.katalon.core.exception.StepFailedException: com.kms.katalon.core.webui.exception.WebElementNotFoundException: Web element with id: 'Object Repository/Christi/Page_Manage Sliders/label_Slider' located by 'By.xpath: //label[(text() = '${text}' or . = '${text}')]' not found
	at com.kms.katalon.core.webui.keyword.internal.WebUIKeywordMain.stepFailed(WebUIKeywordMain.groovy:64)
	at com.kms.katalon.core.webui.keyword.builtin.VerifyElementPresentKeyword$_verifyElementPresent_closure1.doCall(VerifyElementPresentKeyword.groovy:85)
	at com.kms.katalon.core.webui.keyword.builtin.VerifyElementPresentKeyword$_verifyElementPresent_closure1.call(VerifyElementPresentKeyword.groovy)
	at com.kms.katalon.core.webui.keyword.internal.WebUIKeywordMain.runKeyword(WebUIKeywordMain.groovy:20)
	... 19 more]]></system-out>
      <system-err><![CDATA[2020-06-04 08:50:12 - [TEST_SUITE][FAILED] - Manage Slider: Test Cases/Christi/Admin/Manage Slider - new slider FAILED.
Reason:
com.kms.katalon.core.exception.StepFailedException: Unable to verify object 'Object Repository/Christi/Page_Manage Sliders/label_Slider' is present
	at com.kms.katalon.core.webui.keyword.internal.WebUIKeywordMain.stepFailed(WebUIKeywordMain.groovy:64)
	at com.kms.katalon.core.webui.keyword.internal.WebUIKeywordMain.runKeyword(WebUIKeywordMain.groovy:26)
	at com.kms.katalon.core.webui.keyword.builtin.VerifyElementPresentKeyword.verifyElementPresent(VerifyElementPresentKeyword.groovy:92)
	at com.kms.katalon.core.webui.keyword.builtin.VerifyElementPresentKeyword.execute(VerifyElementPresentKeyword.groovy:68)
	at com.kms.katalon.core.keyword.internal.KeywordExecutor.executeKeywordForPlatform(KeywordExecutor.groovy:60)
	at com.kms.katalon.core.webui.keyword.WebUiBuiltInKeywords.verifyElementPresent(WebUiBuiltInKeywords.groovy:1434)
	at com.kms.katalon.core.webui.keyword.WebUiBuiltInKeywords$verifyElementPresent$3.call(Unknown Source)
	at Manage Slider - new slider.run(Manage Slider - new slider:59)
	at com.kms.katalon.core.main.ScriptEngine.run(ScriptEngine.java:194)
	at com.kms.katalon.core.main.ScriptEngine.runScriptAsRawText(ScriptEngine.java:119)
	at com.kms.katalon.core.main.TestCaseExecutor.runScript(TestCaseExecutor.java:337)
	at com.kms.katalon.core.main.TestCaseExecutor.doExecute(TestCaseExecutor.java:328)
	at com.kms.katalon.core.main.TestCaseExecutor.processExecutionPhase(TestCaseExecutor.java:307)
	at com.kms.katalon.core.main.TestCaseExecutor.accessMainPhase(TestCaseExecutor.java:299)
	at com.kms.katalon.core.main.TestCaseExecutor.execute(TestCaseExecutor.java:233)
	at com.kms.katalon.core.main.TestSuiteExecutor.accessTestCaseMainPhase(TestSuiteExecutor.java:169)
	at com.kms.katalon.core.main.TestSuiteExecutor.accessTestSuiteMainPhase(TestSuiteExecutor.java:142)
	at com.kms.katalon.core.main.TestSuiteExecutor.execute(TestSuiteExecutor.java:91)
	at com.kms.katalon.core.main.TestCaseMain.startTestSuite(TestCaseMain.java:157)
	at com.kms.katalon.core.main.TestCaseMain$startTestSuite$0.call(Unknown Source)
	at TempTestSuite1591235402592.run(TempTestSuite1591235402592.groovy:36)
Caused by: com.kms.katalon.core.exception.StepFailedException: com.kms.katalon.core.webui.exception.WebElementNotFoundException: Web element with id: 'Object Repository/Christi/Page_Manage Sliders/label_Slider' located by 'By.xpath: //label[(text() = '${text}' or . = '${text}')]' not found
	at com.kms.katalon.core.webui.keyword.internal.WebUIKeywordMain.stepFailed(WebUIKeywordMain.groovy:64)
	at com.kms.katalon.core.webui.keyword.builtin.VerifyElementPresentKeyword$_verifyElementPresent_closure1.doCall(VerifyElementPresentKeyword.groovy:85)
	at com.kms.katalon.core.webui.keyword.builtin.VerifyElementPresentKeyword$_verifyElementPresent_closure1.call(VerifyElementPresentKeyword.groovy)
	at com.kms.katalon.core.webui.keyword.internal.WebUIKeywordMain.runKeyword(WebUIKeywordMain.groovy:20)
	... 19 more]]></system-err>
   </testsuite>
</testsuites>
