<?xml version="1.0" encoding="UTF-8"?>
<testsuites name="Manage Slider" time="90.99" tests="2" failures="0" errors="0">
   <testsuite name="Manage Slider" tests="2" failures="0" errors="0" time="90.99" timestamp="2020-06-04 09:55:41" hostname="ASUS - LAPTOP-D0TPACJ1" id="Test Suites/Christi/Manage Slider">
      <properties>
         <property name="deviceName" value=""/>
         <property name="devicePlatform" value=""/>
         <property name="logFolder" value="C:\\Users\\ASUS\\git\\LearningManagementWeb\\Reports\\20200604_095533\\Christi\\Manage Slider\\20200604_095533"/>
         <property name="logFiles" value="C:\\Users\\ASUS\\git\\LearningManagementWeb\\Reports\\20200604_095533\\Christi\\Manage Slider\\20200604_095533\\execution0.log"/>
         <property name="attachments" value=""/>
         <property name="hostName" value="ASUS - LAPTOP-D0TPACJ1"/>
         <property name="os" value="Windows 10 64bit"/>
         <property name="katalonVersion" value="7.0.10.1"/>
         <property name="browser" value="Chrome 83.0.4103.61"/>
         <property name="hostAddress" value="192.168.100.227"/>
         <property name="sessionId" value="d1dd0bb4c3968fda48b33b889055110a"/>
         <property name="seleniumVersion" value="3.141.59"/>
         <property name="proxyInformation" value="ProxyInformation{proxyOption=NO_PROXY, proxyServerType=HTTP, password=, proxyServerAddress=, proxyServerPort=0}"/>
         <property name="platform" value="Windows 10"/>
      </properties>
      <testcase name="Test Cases/Christi/Admin/Manage Slider - Delete" time="49.975" classname="Test Cases/Christi/Admin/Manage Slider - Delete" status="PASSED">
         <system-out><![CDATA[2020-06-04 09:55:41 - [TEST_CASE][PASSED] - Test Cases/Christi/Admin/Manage Slider - Delete: Test Cases/Christi/Admin/Manage Slider - Delete

2020-06-04 09:55:42 - [TEST_STEP][PASSED] - callTestCase(findTestCase("Christi/Admin/admin login"), ["username":"11666", "password":"Password3"], STOP_ON_FAILURE): Call Test Case 'Test Cases/Christi/Admin/admin login' successfully

2020-06-04 09:55:42 - [TEST_CASE][PASSED] - Test Cases/Christi/Admin/admin login: Test Cases/Christi/Admin/admin login

2020-06-04 09:55:43 - [TEST_STEP][PASSED] - openBrowser(""): Browser is opened with url: ''

2020-06-04 09:55:43 - [MESSAGE][INFO] - Starting 'Chrome' driver

2020-06-04 09:55:43 - [MESSAGE][INFO] - Action delay is set to 0 seconds

2020-06-04 09:55:47 - [MESSAGE][PASSED] - Browser is opened with url: ''

2020-06-04 09:55:47 - [TEST_STEP][PASSED] - navigateToUrl("https://appsrv1.deltadatamandiri.com/ACC_LMS_WEB/#/admNLmn"): Navigate to 'https://appsrv1.deltadatamandiri.com/ACC_LMS_WEB/#/admNLmn' successfully

2020-06-04 09:55:54 - [MESSAGE][PASSED] - Navigate to 'https://appsrv1.deltadatamandiri.com/ACC_LMS_WEB/#/admNLmn' successfully

2020-06-04 09:55:54 - [TEST_STEP][PASSED] - click(findTestObject("Christi/Page_Main/button_login")): Object: 'Object Repository/Christi/Page_Main/button_login' is clicked on

2020-06-04 09:55:58 - [MESSAGE][ERROR] - javascript error: Failed to execute 'elementsFromPoint' on 'Document': The provided double value is non-finite.
  (Session info: chrome=83.0.4103.61)
Build info: version: '3.141.59', revision: 'e82be7d358', time: '2018-11-14T08:25:53'
System info: host: 'LAPTOP-D0TPACJ1', ip: '192.168.100.227', os.name: 'Windows 10', os.arch: 'amd64', os.version: '10.0', java.version: '1.8.0_181'
Driver info: com.kms.katalon.selenium.driver.CChromeDriver
Capabilities {acceptInsecureCerts: false, browserName: chrome, browserVersion: 83.0.4103.61, chrome: {chromedriverVersion: 83.0.4103.39 (ccbf011cb2d2b..., userDataDir: C:\Users\ASUS\AppData\Local...}, goog:chromeOptions: {debuggerAddress: localhost:52459}, javascriptEnabled: true, networkConnectionEnabled: false, pageLoadStrategy: normal, platform: WINDOWS, platformName: WINDOWS, proxy: Proxy(), setWindowRect: true, strictFileInteractability: false, timeouts: {implicit: 0, pageLoad: 300000, script: 30000}, unhandledPromptBehavior: dismiss and notify, webauthn:virtualAuthenticators: true}
Session ID: 5f670ed308e192ecd2a5f9de0a1c662a

2020-06-04 09:55:59 - [MESSAGE][PASSED] - Object: 'Object Repository/Christi/Page_Main/button_login' is clicked on

2020-06-04 09:55:59 - [TEST_STEP][PASSED] - delay(3): Delayed 3 second(s)

2020-06-04 09:56:02 - [MESSAGE][PASSED] - Delayed 3 second(s)

2020-06-04 09:56:02 - [TEST_STEP][PASSED] - setText(findTestObject("Object Repository/Christi/Page_Main/input_NPK_username"), username): Text '11666' is set on object 'Object Repository/Christi/Page_Main/input_NPK_username'

2020-06-04 09:56:03 - [MESSAGE][PASSED] - Text '11666' is set on object 'Object Repository/Christi/Page_Main/input_NPK_username'

2020-06-04 09:56:03 - [TEST_STEP][PASSED] - setText(findTestObject("Object Repository/Christi/Page_Main/input_Password_password"), password): Text 'Password3' is set on object 'Object Repository/Christi/Page_Main/input_Password_password'

2020-06-04 09:56:03 - [MESSAGE][PASSED] - Text 'Password3' is set on object 'Object Repository/Christi/Page_Main/input_Password_password'

2020-06-04 09:56:03 - [TEST_STEP][PASSED] - delay(5): Delayed 5 second(s)

2020-06-04 09:56:08 - [MESSAGE][PASSED] - Delayed 5 second(s)

2020-06-04 09:56:08 - [TEST_STEP][PASSED] - click(findTestObject("Rizka/Admin/Admin - Login/btnLogin2")): Object: 'Object Repository/Rizka/Admin/Admin - Login/btnLogin2' is clicked on

2020-06-04 09:56:09 - [MESSAGE][PASSED] - Object: 'Object Repository/Rizka/Admin/Admin - Login/btnLogin2' is clicked on

2020-06-04 09:56:09 - [TEST_STEP][PASSED] - delay(5): Delayed 5 second(s)

2020-06-04 09:56:14 - [MESSAGE][PASSED] - Delayed 5 second(s)

2020-06-04 09:56:14 - [MESSAGE][PASSED] - Call Test Case 'Test Cases/Christi/Admin/admin login' successfully

2020-06-04 09:56:14 - [TEST_STEP][PASSED] - delay(3): Delayed 3 second(s)

2020-06-04 09:56:17 - [MESSAGE][PASSED] - Delayed 3 second(s)

2020-06-04 09:56:17 - [TEST_STEP][PASSED] - click(findTestObject("Object Repository/Christi/Page_Dashboard Admin/span_Manage Slider")): Object: 'Object Repository/Christi/Page_Dashboard Admin/span_Manage Slider' is clicked on

2020-06-04 09:56:17 - [MESSAGE][PASSED] - Object: 'Object Repository/Christi/Page_Dashboard Admin/span_Manage Slider' is clicked on

2020-06-04 09:56:17 - [TEST_STEP][PASSED] - delay(3): Delayed 3 second(s)

2020-06-04 09:56:20 - [MESSAGE][PASSED] - Delayed 3 second(s)

2020-06-04 09:56:20 - [TEST_STEP][PASSED] - if (expected == "pass"): Object: 'Object Repository/Christi/Page_Manage Sliders/button_YA' is clicked on

2020-06-04 09:56:20 - [TEST_STEP][PASSED] - verifyElementPresent(findTestObject("Christi/Page_Manage Sliders/label_Slider", ["text":nama_slider]), 0): Object 'Object Repository/Christi/Page_Manage Sliders/label_Slider' is present

2020-06-04 09:56:20 - [MESSAGE][WARNING] - Timeout '0' is invalid. Using default page load timeout: '30'

2020-06-04 09:56:21 - [MESSAGE][PASSED] - Object 'Object Repository/Christi/Page_Manage Sliders/label_Slider' is present

2020-06-04 09:56:21 - [TEST_STEP][PASSED] - delay(3): Delayed 3 second(s)

2020-06-04 09:56:24 - [MESSAGE][PASSED] - Delayed 3 second(s)

2020-06-04 09:56:24 - [TEST_STEP][PASSED] - click(findTestObject("Object Repository/Christi/Page_Manage Sliders/span_Delete")): Object: 'Object Repository/Christi/Page_Manage Sliders/span_Delete' is clicked on

2020-06-04 09:56:24 - [MESSAGE][PASSED] - Object: 'Object Repository/Christi/Page_Manage Sliders/span_Delete' is clicked on

2020-06-04 09:56:24 - [TEST_STEP][PASSED] - delay(3): Delayed 3 second(s)

2020-06-04 09:56:27 - [MESSAGE][PASSED] - Delayed 3 second(s)

2020-06-04 09:56:27 - [TEST_STEP][PASSED] - click(findTestObject("Object Repository/Christi/Page_Manage Sliders/button_YA")): Object: 'Object Repository/Christi/Page_Manage Sliders/button_YA' is clicked on

2020-06-04 09:56:28 - [MESSAGE][PASSED] - Object: 'Object Repository/Christi/Page_Manage Sliders/button_YA' is clicked on

2020-06-04 09:56:28 - [TEST_STEP][PASSED] - delay(3): Delayed 3 second(s)

2020-06-04 09:56:31 - [MESSAGE][PASSED] - Delayed 3 second(s)

2020-06-04 09:56:31 - [TEST_STEP][PASSED] - closeBrowser(STOP_ON_FAILURE): Browser is closed

2020-06-04 09:56:31 - [MESSAGE][PASSED] - Browser is closed]]></system-out>
         <system-err><![CDATA[]]></system-err>
      </testcase>
      <testcase name="Test Cases/Christi/Admin/Manage Slider - Delete" time="40.313" classname="Test Cases/Christi/Admin/Manage Slider - Delete" status="PASSED">
         <system-out><![CDATA[2020-06-04 09:56:31 - [TEST_CASE][PASSED] - Test Cases/Christi/Admin/Manage Slider - Delete: Test Cases/Christi/Admin/Manage Slider - Delete

2020-06-04 09:56:31 - [TEST_STEP][PASSED] - callTestCase(findTestCase("Christi/Admin/admin login"), ["username":"11666", "password":"Password3"], STOP_ON_FAILURE): Call Test Case 'Test Cases/Christi/Admin/admin login' successfully

2020-06-04 09:56:31 - [TEST_CASE][PASSED] - Test Cases/Christi/Admin/admin login: Test Cases/Christi/Admin/admin login

2020-06-04 09:56:32 - [TEST_STEP][PASSED] - openBrowser(""): Browser is opened with url: ''

2020-06-04 09:56:32 - [MESSAGE][INFO] - Starting 'Chrome' driver

2020-06-04 09:56:34 - [MESSAGE][PASSED] - Browser is opened with url: ''

2020-06-04 09:56:34 - [TEST_STEP][PASSED] - navigateToUrl("https://appsrv1.deltadatamandiri.com/ACC_LMS_WEB/#/admNLmn"): Navigate to 'https://appsrv1.deltadatamandiri.com/ACC_LMS_WEB/#/admNLmn' successfully

2020-06-04 09:56:41 - [MESSAGE][PASSED] - Navigate to 'https://appsrv1.deltadatamandiri.com/ACC_LMS_WEB/#/admNLmn' successfully

2020-06-04 09:56:41 - [TEST_STEP][PASSED] - click(findTestObject("Christi/Page_Main/button_login")): Object: 'Object Repository/Christi/Page_Main/button_login' is clicked on

2020-06-04 09:56:45 - [MESSAGE][ERROR] - javascript error: Failed to execute 'elementsFromPoint' on 'Document': The provided double value is non-finite.
  (Session info: chrome=83.0.4103.61)
Build info: version: '3.141.59', revision: 'e82be7d358', time: '2018-11-14T08:25:53'
System info: host: 'LAPTOP-D0TPACJ1', ip: '192.168.100.227', os.name: 'Windows 10', os.arch: 'amd64', os.version: '10.0', java.version: '1.8.0_181'
Driver info: com.kms.katalon.selenium.driver.CChromeDriver
Capabilities {acceptInsecureCerts: false, browserName: chrome, browserVersion: 83.0.4103.61, chrome: {chromedriverVersion: 83.0.4103.39 (ccbf011cb2d2b..., userDataDir: C:\Users\ASUS\AppData\Local...}, goog:chromeOptions: {debuggerAddress: localhost:52513}, javascriptEnabled: true, networkConnectionEnabled: false, pageLoadStrategy: normal, platform: WINDOWS, platformName: WINDOWS, proxy: Proxy(), setWindowRect: true, strictFileInteractability: false, timeouts: {implicit: 0, pageLoad: 300000, script: 30000}, unhandledPromptBehavior: dismiss and notify, webauthn:virtualAuthenticators: true}
Session ID: d1dd0bb4c3968fda48b33b889055110a

2020-06-04 09:56:46 - [MESSAGE][PASSED] - Object: 'Object Repository/Christi/Page_Main/button_login' is clicked on

2020-06-04 09:56:46 - [TEST_STEP][PASSED] - delay(3): Delayed 3 second(s)

2020-06-04 09:56:49 - [MESSAGE][PASSED] - Delayed 3 second(s)

2020-06-04 09:56:49 - [TEST_STEP][PASSED] - setText(findTestObject("Object Repository/Christi/Page_Main/input_NPK_username"), username): Text '11666' is set on object 'Object Repository/Christi/Page_Main/input_NPK_username'

2020-06-04 09:56:50 - [MESSAGE][PASSED] - Text '11666' is set on object 'Object Repository/Christi/Page_Main/input_NPK_username'

2020-06-04 09:56:50 - [TEST_STEP][PASSED] - setText(findTestObject("Object Repository/Christi/Page_Main/input_Password_password"), password): Text 'Password3' is set on object 'Object Repository/Christi/Page_Main/input_Password_password'

2020-06-04 09:56:50 - [MESSAGE][PASSED] - Text 'Password3' is set on object 'Object Repository/Christi/Page_Main/input_Password_password'

2020-06-04 09:56:50 - [TEST_STEP][PASSED] - delay(5): Delayed 5 second(s)

2020-06-04 09:56:55 - [MESSAGE][PASSED] - Delayed 5 second(s)

2020-06-04 09:56:55 - [TEST_STEP][PASSED] - click(findTestObject("Rizka/Admin/Admin - Login/btnLogin2")): Object: 'Object Repository/Rizka/Admin/Admin - Login/btnLogin2' is clicked on

2020-06-04 09:56:55 - [MESSAGE][PASSED] - Object: 'Object Repository/Rizka/Admin/Admin - Login/btnLogin2' is clicked on

2020-06-04 09:56:55 - [TEST_STEP][PASSED] - delay(5): Delayed 5 second(s)

2020-06-04 09:57:00 - [MESSAGE][PASSED] - Delayed 5 second(s)

2020-06-04 09:57:01 - [MESSAGE][PASSED] - Call Test Case 'Test Cases/Christi/Admin/admin login' successfully

2020-06-04 09:57:01 - [TEST_STEP][PASSED] - delay(3): Delayed 3 second(s)

2020-06-04 09:57:04 - [MESSAGE][PASSED] - Delayed 3 second(s)

2020-06-04 09:57:04 - [TEST_STEP][PASSED] - click(findTestObject("Object Repository/Christi/Page_Dashboard Admin/span_Manage Slider")): Object: 'Object Repository/Christi/Page_Dashboard Admin/span_Manage Slider' is clicked on

2020-06-04 09:57:04 - [MESSAGE][PASSED] - Object: 'Object Repository/Christi/Page_Dashboard Admin/span_Manage Slider' is clicked on

2020-06-04 09:57:04 - [TEST_STEP][PASSED] - delay(3): Delayed 3 second(s)

2020-06-04 09:57:07 - [MESSAGE][PASSED] - Delayed 3 second(s)

2020-06-04 09:57:07 - [TEST_STEP][PASSED] - if (expected == "pass"): null

2020-06-04 09:57:07 - [TEST_STEP][PASSED] - else if (expected == "fail"): Web element with id: 'Object Repository/Christi/Page_Manage Sliders/label_Slider' located by 'By.xpath: //label[(text() = 'xxxxxx' or . = 'xxxxxx')]' is not present after '30' second(s)

2020-06-04 09:57:07 - [TEST_STEP][PASSED] - verifyElementNotPresent(findTestObject("Christi/Page_Manage Sliders/label_Slider", ["text":nama_slider]), 0): Web element with id: 'Object Repository/Christi/Page_Manage Sliders/label_Slider' located by 'By.xpath: //label[(text() = 'xxxxxx' or . = 'xxxxxx')]' is not present after '30' second(s)

2020-06-04 09:57:08 - [MESSAGE][WARNING] - Timeout '0' is invalid. Using default page load timeout: '30'

2020-06-04 09:57:08 - [MESSAGE][PASSED] - Web element with id: 'Object Repository/Christi/Page_Manage Sliders/label_Slider' located by 'By.xpath: //label[(text() = 'xxxxxx' or . = 'xxxxxx')]' is not present after '30' second(s)

2020-06-04 09:57:08 - [TEST_STEP][PASSED] - delay(3): Delayed 3 second(s)

2020-06-04 09:57:11 - [MESSAGE][PASSED] - Delayed 3 second(s)

2020-06-04 09:57:11 - [TEST_STEP][PASSED] - closeBrowser(STOP_ON_FAILURE): Browser is closed

2020-06-04 09:57:12 - [MESSAGE][PASSED] - Browser is closed]]></system-out>
         <system-err><![CDATA[]]></system-err>
      </testcase>
      <system-out><![CDATA[2020-06-04 09:55:41 - [TEST_SUITE][PASSED] - Manage Slider: Test Cases/Christi/Admin/Manage Slider - Delete]]></system-out>
      <system-err><![CDATA[]]></system-err>
   </testsuite>
</testsuites>
