<?xml version="1.0" encoding="UTF-8"?>
<testsuites name="Admin - Manage Test - Quiz" time="465.113" tests="3" failures="0" errors="0">
   <testsuite name="Admin - Manage Test - Quiz" tests="3" failures="0" errors="0" time="465.113" timestamp="2020-05-26 14:53:36" hostname="rizkajuliant20 - DESKTOP-NHES7H6" id="Test Suites/Rizka/Admin/Admin - Manage Test - Quiz">
      <properties>
         <property name="deviceName" value=""/>
         <property name="devicePlatform" value=""/>
         <property name="logFolder" value="D:\\MY WORLD\\WORKS (TUGAS)\\LearningManagementWeb\\Reports\\20200526_145322\\Rizka\\Admin\\Admin - Manage Test - Quiz\\20200526_145322"/>
         <property name="logFiles" value="D:\\MY WORLD\\WORKS (TUGAS)\\LearningManagementWeb\\Reports\\20200526_145322\\Rizka\\Admin\\Admin - Manage Test - Quiz\\20200526_145322\\execution0.log"/>
         <property name="attachments" value=""/>
         <property name="hostName" value="rizkajuliant20 - DESKTOP-NHES7H6"/>
         <property name="os" value="Windows 10 64bit"/>
         <property name="katalonVersion" value="7.2.1.1"/>
         <property name="browser" value="Chrome 81.0.4044.138"/>
         <property name="hostAddress" value="192.168.43.107"/>
         <property name="sessionId" value="312c193104ef56323bada3d392865f7e"/>
         <property name="seleniumVersion" value="3.141.59"/>
         <property name="proxyInformation" value="ProxyInformation{proxyOption=NO_PROXY, proxyServerType=HTTP, password=, proxyServerAddress=, proxyServerPort=0, executionList=}"/>
         <property name="platform" value="Windows 10"/>
      </properties>
      <testcase name="Test Cases/Rizka/Admin/Manage Test/Admin - Manage Test - Quiz - New Question" time="161.452" classname="Test Cases/Rizka/Admin/Manage Test/Admin - Manage Test - Quiz - New Question" status="PASSED">
         <system-out><![CDATA[2020-05-26 14:53:38 - [TEST_CASE][PASSED] - Test Cases/Rizka/Admin/Manage Test/Admin - Manage Test - Quiz - New Question: Test Cases/Rizka/Admin/Manage Test/Admin - Manage Test - Quiz - New Question

2020-05-26 14:53:39 - [TEST_STEP][PASSED] - openBrowser(""): Browser is opened with url: ''

2020-05-26 14:53:40 - [MESSAGE][INFO] - Starting 'Chrome' driver

2020-05-26 14:53:40 - [MESSAGE][INFO] - Action delay is set to 0 seconds

2020-05-26 14:53:48 - [MESSAGE][PASSED] - Browser is opened with url: ''

2020-05-26 14:53:48 - [TEST_STEP][PASSED] - navigateToUrl("https://appsrv1.deltadatamandiri.com/ACC_LMS_WEB/#/admNLmn"): Navigate to 'https://appsrv1.deltadatamandiri.com/ACC_LMS_WEB/#/admNLmn' successfully

2020-05-26 14:54:01 - [MESSAGE][PASSED] - Navigate to 'https://appsrv1.deltadatamandiri.com/ACC_LMS_WEB/#/admNLmn' successfully

2020-05-26 14:54:01 - [TEST_STEP][PASSED] - delay(5): Delayed 5 second(s)

2020-05-26 14:54:06 - [MESSAGE][PASSED] - Delayed 5 second(s)

2020-05-26 14:54:06 - [TEST_STEP][PASSED] - click(findTestObject("Rizka/Admin/Admin - Login/btnLogin")): Object: 'Object Repository/Rizka/Admin/Admin - Login/btnLogin' is clicked on

2020-05-26 14:54:06 - [MESSAGE][PASSED] - Object: 'Object Repository/Rizka/Admin/Admin - Login/btnLogin' is clicked on

2020-05-26 14:54:06 - [TEST_STEP][PASSED] - setText(findTestObject("Rizka/Admin/Admin - Login/txtUsername"), "11666"): Text '11666' is set on object 'Object Repository/Rizka/Admin/Admin - Login/txtUsername'

2020-05-26 14:54:07 - [MESSAGE][PASSED] - Text '11666' is set on object 'Object Repository/Rizka/Admin/Admin - Login/txtUsername'

2020-05-26 14:54:07 - [TEST_STEP][PASSED] - setText(findTestObject("Rizka/Admin/Admin - Login/txtPassword"), "Password3"): Text 'Password3' is set on object 'Object Repository/Rizka/Admin/Admin - Login/txtPassword'

2020-05-26 14:54:08 - [MESSAGE][PASSED] - Text 'Password3' is set on object 'Object Repository/Rizka/Admin/Admin - Login/txtPassword'

2020-05-26 14:54:08 - [TEST_STEP][PASSED] - click(findTestObject("Rizka/Admin/Admin - Login/btnEyePass")): Object: 'Object Repository/Rizka/Admin/Admin - Login/btnEyePass' is clicked on

2020-05-26 14:54:08 - [MESSAGE][PASSED] - Object: 'Object Repository/Rizka/Admin/Admin - Login/btnEyePass' is clicked on

2020-05-26 14:54:08 - [TEST_STEP][PASSED] - click(findTestObject("Rizka/Admin/Admin - Login/checkboxRememberMe")): Object: 'Object Repository/Rizka/Admin/Admin - Login/checkboxRememberMe' is clicked on

2020-05-26 14:54:09 - [MESSAGE][PASSED] - Object: 'Object Repository/Rizka/Admin/Admin - Login/checkboxRememberMe' is clicked on

2020-05-26 14:54:09 - [TEST_STEP][PASSED] - click(findTestObject("Rizka/Admin/Admin - Login/btnLogin2")): Object: 'Object Repository/Rizka/Admin/Admin - Login/btnLogin2' is clicked on

2020-05-26 14:54:09 - [MESSAGE][PASSED] - Object: 'Object Repository/Rizka/Admin/Admin - Login/btnLogin2' is clicked on

2020-05-26 14:54:09 - [TEST_STEP][PASSED] - delay(20): Delayed 20 second(s)

2020-05-26 14:54:29 - [MESSAGE][PASSED] - Delayed 20 second(s)

2020-05-26 14:54:29 - [TEST_STEP][PASSED] - click(findTestObject("Rizka/Admin/Admin - Manage Test - Quiz - New Question/btnManageTest")): Object: 'Object Repository/Rizka/Admin/Admin - Manage Test - Quiz - New Question/btnManageTest' is clicked on

2020-05-26 14:54:30 - [MESSAGE][PASSED] - Object: 'Object Repository/Rizka/Admin/Admin - Manage Test - Quiz - New Question/btnManageTest' is clicked on

2020-05-26 14:54:30 - [TEST_STEP][PASSED] - delay(10): Delayed 10 second(s)

2020-05-26 14:54:40 - [MESSAGE][PASSED] - Delayed 10 second(s)

2020-05-26 14:54:40 - [TEST_STEP][PASSED] - click(findTestObject("Rizka/Admin/Admin - Manage Test - Quiz - New Question/btnQuiz")): Object: 'Object Repository/Rizka/Admin/Admin - Manage Test - Quiz - New Question/btnQuiz' is clicked on

2020-05-26 14:54:40 - [MESSAGE][PASSED] - Object: 'Object Repository/Rizka/Admin/Admin - Manage Test - Quiz - New Question/btnQuiz' is clicked on

2020-05-26 14:54:40 - [TEST_STEP][PASSED] - delay(10): Delayed 10 second(s)

2020-05-26 14:54:51 - [MESSAGE][PASSED] - Delayed 10 second(s)

2020-05-26 14:54:51 - [TEST_STEP][PASSED] - click(findTestObject("Rizka/Admin/Admin - Manage Test - Quiz - New Question/btnNewQuestion")): Object: 'Object Repository/Rizka/Admin/Admin - Manage Test - Quiz - New Question/btnNewQuestion' is clicked on

2020-05-26 14:55:05 - [MESSAGE][PASSED] - Object: 'Object Repository/Rizka/Admin/Admin - Manage Test - Quiz - New Question/btnNewQuestion' is clicked on

2020-05-26 14:55:05 - [TEST_STEP][PASSED] - delay(10): Delayed 10 second(s)

2020-05-26 14:55:15 - [MESSAGE][PASSED] - Delayed 10 second(s)

2020-05-26 14:55:15 - [TEST_STEP][PASSED] - selectOptionByLabel(findTestObject("Rizka/Admin/Admin - Manage Test - Quiz - New Question/fieldTipeSoal"), tipeSoal, false): All options with label 'Pilihan Ganda' are selected in object 'Object Repository/Rizka/Admin/Admin - Manage Test - Quiz - New Question/fieldTipeSoal' 

2020-05-26 14:55:16 - [MESSAGE][PASSED] - All options with label 'Pilihan Ganda' are selected in object 'Object Repository/Rizka/Admin/Admin - Manage Test - Quiz - New Question/fieldTipeSoal' 

2020-05-26 14:55:16 - [TEST_STEP][PASSED] - selectOptionByLabel(findTestObject("Rizka/Admin/Admin - Manage Test - Quiz - New Question/fieldJobFunction"), jobFunction, false): All options with label 'SALES' are selected in object 'Object Repository/Rizka/Admin/Admin - Manage Test - Quiz - New Question/fieldJobFunction' 

2020-05-26 14:55:23 - [MESSAGE][PASSED] - All options with label 'SALES' are selected in object 'Object Repository/Rizka/Admin/Admin - Manage Test - Quiz - New Question/fieldJobFunction' 

2020-05-26 14:55:23 - [TEST_STEP][PASSED] - delay(5): Delayed 5 second(s)

2020-05-26 14:55:28 - [MESSAGE][PASSED] - Delayed 5 second(s)

2020-05-26 14:55:28 - [TEST_STEP][PASSED] - selectOptionByLabel(findTestObject("Rizka/Admin/Admin - Manage Test - Quiz - New Question/fieldJobPosition"), jobPosition, false): All options with label 'SALES HEAD' are selected in object 'Object Repository/Rizka/Admin/Admin - Manage Test - Quiz - New Question/fieldJobPosition' 

2020-05-26 14:55:29 - [MESSAGE][PASSED] - All options with label 'SALES HEAD' are selected in object 'Object Repository/Rizka/Admin/Admin - Manage Test - Quiz - New Question/fieldJobPosition' 

2020-05-26 14:55:29 - [TEST_STEP][PASSED] - selectOptionByLabel(findTestObject("Rizka/Admin/Admin - Manage Test - Quiz - New Question/fieldModul"), module, false): All options with label 'NEOP Sales' are selected in object 'Object Repository/Rizka/Admin/Admin - Manage Test - Quiz - New Question/fieldModul' 

2020-05-26 14:55:30 - [MESSAGE][PASSED] - All options with label 'NEOP Sales' are selected in object 'Object Repository/Rizka/Admin/Admin - Manage Test - Quiz - New Question/fieldModul' 

2020-05-26 14:55:30 - [TEST_STEP][PASSED] - selectOptionByLabel(findTestObject("Rizka/Admin/Admin - Manage Test - Quiz - New Question/fieldSubModul"), subModule, false): All options with label '(Asuransi) Apa saja yang dijual?' are selected in object 'Object Repository/Rizka/Admin/Admin - Manage Test - Quiz - New Question/fieldSubModul' 

2020-05-26 14:55:33 - [MESSAGE][PASSED] - All options with label '(Asuransi) Apa saja yang dijual?' are selected in object 'Object Repository/Rizka/Admin/Admin - Manage Test - Quiz - New Question/fieldSubModul' 

2020-05-26 14:55:33 - [TEST_STEP][PASSED] - setText(findTestObject("Rizka/Admin/Admin - Manage Test - Quiz - New Question/fieldTechnicalCompetence"), technicalCompetence, STOP_ON_FAILURE): Text '' is set on object 'Object Repository/Rizka/Admin/Admin - Manage Test - Quiz - New Question/fieldTechnicalCompetence'

2020-05-26 14:55:36 - [MESSAGE][PASSED] - Text '' is set on object 'Object Repository/Rizka/Admin/Admin - Manage Test - Quiz - New Question/fieldTechnicalCompetence'

2020-05-26 14:55:36 - [TEST_STEP][PASSED] - setText(findTestObject("Rizka/Admin/Admin - Manage Test - Quiz - New Question/fieldLevelCompetence"), levelCompetence, STOP_ON_FAILURE): Text '' is set on object 'Object Repository/Rizka/Admin/Admin - Manage Test - Quiz - New Question/fieldLevelCompetence'

2020-05-26 14:55:36 - [MESSAGE][PASSED] - Text '' is set on object 'Object Repository/Rizka/Admin/Admin - Manage Test - Quiz - New Question/fieldLevelCompetence'

2020-05-26 14:55:36 - [TEST_STEP][PASSED] - setText(findTestObject("Rizka/Admin/Admin - Manage Test - Quiz - New Question/fieldQuestion"), soalQuestion): Text 'New Question (1)' is set on object 'Object Repository/Rizka/Admin/Admin - Manage Test - Quiz - New Question/fieldQuestion'

2020-05-26 14:55:37 - [MESSAGE][PASSED] - Text 'New Question (1)' is set on object 'Object Repository/Rizka/Admin/Admin - Manage Test - Quiz - New Question/fieldQuestion'

2020-05-26 14:55:37 - [TEST_STEP][PASSED] - if (tipeSoal == "Pilihan Ganda"): All options with label 'A' are selected in object 'Object Repository/Rizka/Admin/Admin - Manage Test - Quiz - New Question/fieldJawabanPilgan' 

2020-05-26 14:55:37 - [TEST_STEP][PASSED] - setText(findTestObject("Rizka/Admin/Admin - Manage Test - Quiz - New Question/fieldAnswerA"), jawabanA): Text 'Mobil' is set on object 'Object Repository/Rizka/Admin/Admin - Manage Test - Quiz - New Question/fieldAnswerA'

2020-05-26 14:55:38 - [MESSAGE][PASSED] - Text 'Mobil' is set on object 'Object Repository/Rizka/Admin/Admin - Manage Test - Quiz - New Question/fieldAnswerA'

2020-05-26 14:55:38 - [TEST_STEP][PASSED] - setText(findTestObject("Rizka/Admin/Admin - Manage Test - Quiz - New Question/fieldAnswerB"), jawabanB): Text 'Motor' is set on object 'Object Repository/Rizka/Admin/Admin - Manage Test - Quiz - New Question/fieldAnswerB'

2020-05-26 14:55:39 - [MESSAGE][PASSED] - Text 'Motor' is set on object 'Object Repository/Rizka/Admin/Admin - Manage Test - Quiz - New Question/fieldAnswerB'

2020-05-26 14:55:39 - [TEST_STEP][PASSED] - setText(findTestObject("Rizka/Admin/Admin - Manage Test - Quiz - New Question/fieldAnswerC"), jawabanC): Text 'Truk' is set on object 'Object Repository/Rizka/Admin/Admin - Manage Test - Quiz - New Question/fieldAnswerC'

2020-05-26 14:55:39 - [MESSAGE][PASSED] - Text 'Truk' is set on object 'Object Repository/Rizka/Admin/Admin - Manage Test - Quiz - New Question/fieldAnswerC'

2020-05-26 14:55:39 - [TEST_STEP][PASSED] - setText(findTestObject("Rizka/Admin/Admin - Manage Test - Quiz - New Question/fieldAnswerD"), jawabanD): Text 'Kelapa Sawit' is set on object 'Object Repository/Rizka/Admin/Admin - Manage Test - Quiz - New Question/fieldAnswerD'

2020-05-26 14:55:40 - [MESSAGE][PASSED] - Text 'Kelapa Sawit' is set on object 'Object Repository/Rizka/Admin/Admin - Manage Test - Quiz - New Question/fieldAnswerD'

2020-05-26 14:55:40 - [TEST_STEP][PASSED] - selectOptionByLabel(findTestObject("Rizka/Admin/Admin - Manage Test - Quiz - New Question/fieldJawabanPilgan"), kunciJawabanPilgan, false): All options with label 'A' are selected in object 'Object Repository/Rizka/Admin/Admin - Manage Test - Quiz - New Question/fieldJawabanPilgan' 

2020-05-26 14:55:41 - [MESSAGE][PASSED] - All options with label 'A' are selected in object 'Object Repository/Rizka/Admin/Admin - Manage Test - Quiz - New Question/fieldJawabanPilgan' 

2020-05-26 14:55:41 - [TEST_STEP][PASSED] - click(findTestObject("Rizka/Admin/Admin - Manage Test - Quiz - New Question/btnSubmit")): Object: 'Object Repository/Rizka/Admin/Admin - Manage Test - Quiz - New Question/btnSubmit' is clicked on

2020-05-26 14:55:42 - [MESSAGE][PASSED] - Object: 'Object Repository/Rizka/Admin/Admin - Manage Test - Quiz - New Question/btnSubmit' is clicked on

2020-05-26 14:55:42 - [TEST_STEP][PASSED] - delay(10): Delayed 10 second(s)

2020-05-26 14:55:52 - [MESSAGE][PASSED] - Delayed 10 second(s)

2020-05-26 14:55:52 - [TEST_STEP][PASSED] - setText(findTestObject("Rizka/Admin/Admin - Manage Test - Quiz - Search/fieldSearch"), soalQuestion): Text 'New Question (1)' is set on object 'Object Repository/Rizka/Admin/Admin - Manage Test - Quiz - Search/fieldSearch'

2020-05-26 14:56:13 - [MESSAGE][PASSED] - Text 'New Question (1)' is set on object 'Object Repository/Rizka/Admin/Admin - Manage Test - Quiz - Search/fieldSearch'

2020-05-26 14:56:13 - [TEST_STEP][PASSED] - click(findTestObject("Rizka/Admin/Admin - Manage Test - Quiz - Search/btnSearch")): Object: 'Object Repository/Rizka/Admin/Admin - Manage Test - Quiz - Search/btnSearch' is clicked on

2020-05-26 14:56:14 - [MESSAGE][PASSED] - Object: 'Object Repository/Rizka/Admin/Admin - Manage Test - Quiz - Search/btnSearch' is clicked on

2020-05-26 14:56:14 - [TEST_STEP][PASSED] - delay(5): Delayed 5 second(s)

2020-05-26 14:56:19 - [MESSAGE][PASSED] - Delayed 5 second(s)

2020-05-26 14:56:19 - [TEST_STEP][PASSED] - if (condition == "passed"): Object 'Object Repository/Rizka/Admin/Admin - Manage Test - Quiz - New Question/label_Berikut adalah jenis dealer  dihandle oleh Sales officer new car adalah sebagai berikut kecuali' is visible

2020-05-26 14:56:19 - [TEST_STEP][PASSED] - verifyElementVisible(findTestObject("Rizka/Admin/Admin - Manage Test - Quiz - New Question/label_Berikut adalah jenis dealer  dihandle oleh Sales officer new car adalah sebagai berikut kecuali", ["text":soalQuestion]), STOP_ON_FAILURE): Object 'Object Repository/Rizka/Admin/Admin - Manage Test - Quiz - New Question/label_Berikut adalah jenis dealer  dihandle oleh Sales officer new car adalah sebagai berikut kecuali' is visible

2020-05-26 14:56:19 - [MESSAGE][PASSED] - Object 'Object Repository/Rizka/Admin/Admin - Manage Test - Quiz - New Question/label_Berikut adalah jenis dealer  dihandle oleh Sales officer new car adalah sebagai berikut kecuali' is visible]]></system-out>
         <system-err><![CDATA[]]></system-err>
      </testcase>
      <testcase name="Test Cases/Rizka/Admin/Manage Test/Admin - Manage Test - Quiz - New Question" time="152.119" classname="Test Cases/Rizka/Admin/Manage Test/Admin - Manage Test - Quiz - New Question" status="PASSED">
         <system-out><![CDATA[2020-05-26 14:56:20 - [TEST_CASE][PASSED] - Test Cases/Rizka/Admin/Manage Test/Admin - Manage Test - Quiz - New Question: Test Cases/Rizka/Admin/Manage Test/Admin - Manage Test - Quiz - New Question

2020-05-26 14:56:20 - [TEST_STEP][PASSED] - openBrowser(""): Browser is opened with url: ''

2020-05-26 14:56:20 - [MESSAGE][WARNING] - A browser is already opened. Closing browser and opening a new one

2020-05-26 14:56:21 - [MESSAGE][INFO] - Starting 'Chrome' driver

2020-05-26 14:56:24 - [MESSAGE][PASSED] - Browser is opened with url: ''

2020-05-26 14:56:24 - [TEST_STEP][PASSED] - navigateToUrl("https://appsrv1.deltadatamandiri.com/ACC_LMS_WEB/#/admNLmn"): Navigate to 'https://appsrv1.deltadatamandiri.com/ACC_LMS_WEB/#/admNLmn' successfully

2020-05-26 14:56:34 - [MESSAGE][PASSED] - Navigate to 'https://appsrv1.deltadatamandiri.com/ACC_LMS_WEB/#/admNLmn' successfully

2020-05-26 14:56:34 - [TEST_STEP][PASSED] - delay(5): Delayed 5 second(s)

2020-05-26 14:56:39 - [MESSAGE][PASSED] - Delayed 5 second(s)

2020-05-26 14:56:39 - [TEST_STEP][PASSED] - click(findTestObject("Rizka/Admin/Admin - Login/btnLogin")): Object: 'Object Repository/Rizka/Admin/Admin - Login/btnLogin' is clicked on

2020-05-26 14:56:39 - [MESSAGE][PASSED] - Object: 'Object Repository/Rizka/Admin/Admin - Login/btnLogin' is clicked on

2020-05-26 14:56:39 - [TEST_STEP][PASSED] - setText(findTestObject("Rizka/Admin/Admin - Login/txtUsername"), "11666"): Text '11666' is set on object 'Object Repository/Rizka/Admin/Admin - Login/txtUsername'

2020-05-26 14:56:40 - [MESSAGE][PASSED] - Text '11666' is set on object 'Object Repository/Rizka/Admin/Admin - Login/txtUsername'

2020-05-26 14:56:40 - [TEST_STEP][PASSED] - setText(findTestObject("Rizka/Admin/Admin - Login/txtPassword"), "Password3"): Text 'Password3' is set on object 'Object Repository/Rizka/Admin/Admin - Login/txtPassword'

2020-05-26 14:56:41 - [MESSAGE][PASSED] - Text 'Password3' is set on object 'Object Repository/Rizka/Admin/Admin - Login/txtPassword'

2020-05-26 14:56:41 - [TEST_STEP][PASSED] - click(findTestObject("Rizka/Admin/Admin - Login/btnEyePass")): Object: 'Object Repository/Rizka/Admin/Admin - Login/btnEyePass' is clicked on

2020-05-26 14:56:41 - [MESSAGE][PASSED] - Object: 'Object Repository/Rizka/Admin/Admin - Login/btnEyePass' is clicked on

2020-05-26 14:56:41 - [TEST_STEP][PASSED] - click(findTestObject("Rizka/Admin/Admin - Login/checkboxRememberMe")): Object: 'Object Repository/Rizka/Admin/Admin - Login/checkboxRememberMe' is clicked on

2020-05-26 14:56:42 - [MESSAGE][PASSED] - Object: 'Object Repository/Rizka/Admin/Admin - Login/checkboxRememberMe' is clicked on

2020-05-26 14:56:42 - [TEST_STEP][PASSED] - click(findTestObject("Rizka/Admin/Admin - Login/btnLogin2")): Object: 'Object Repository/Rizka/Admin/Admin - Login/btnLogin2' is clicked on

2020-05-26 14:56:43 - [MESSAGE][PASSED] - Object: 'Object Repository/Rizka/Admin/Admin - Login/btnLogin2' is clicked on

2020-05-26 14:56:43 - [TEST_STEP][PASSED] - delay(20): Delayed 20 second(s)

2020-05-26 14:57:03 - [MESSAGE][PASSED] - Delayed 20 second(s)

2020-05-26 14:57:03 - [TEST_STEP][PASSED] - click(findTestObject("Rizka/Admin/Admin - Manage Test - Quiz - New Question/btnManageTest")): Object: 'Object Repository/Rizka/Admin/Admin - Manage Test - Quiz - New Question/btnManageTest' is clicked on

2020-05-26 14:57:03 - [MESSAGE][PASSED] - Object: 'Object Repository/Rizka/Admin/Admin - Manage Test - Quiz - New Question/btnManageTest' is clicked on

2020-05-26 14:57:03 - [TEST_STEP][PASSED] - delay(10): Delayed 10 second(s)

2020-05-26 14:57:13 - [MESSAGE][PASSED] - Delayed 10 second(s)

2020-05-26 14:57:13 - [TEST_STEP][PASSED] - click(findTestObject("Rizka/Admin/Admin - Manage Test - Quiz - New Question/btnQuiz")): Object: 'Object Repository/Rizka/Admin/Admin - Manage Test - Quiz - New Question/btnQuiz' is clicked on

2020-05-26 14:57:14 - [MESSAGE][PASSED] - Object: 'Object Repository/Rizka/Admin/Admin - Manage Test - Quiz - New Question/btnQuiz' is clicked on

2020-05-26 14:57:14 - [TEST_STEP][PASSED] - delay(10): Delayed 10 second(s)

2020-05-26 14:57:24 - [MESSAGE][PASSED] - Delayed 10 second(s)

2020-05-26 14:57:24 - [TEST_STEP][PASSED] - click(findTestObject("Rizka/Admin/Admin - Manage Test - Quiz - New Question/btnNewQuestion")): Object: 'Object Repository/Rizka/Admin/Admin - Manage Test - Quiz - New Question/btnNewQuestion' is clicked on

2020-05-26 14:57:40 - [MESSAGE][PASSED] - Object: 'Object Repository/Rizka/Admin/Admin - Manage Test - Quiz - New Question/btnNewQuestion' is clicked on

2020-05-26 14:57:40 - [TEST_STEP][PASSED] - delay(10): Delayed 10 second(s)

2020-05-26 14:57:50 - [MESSAGE][PASSED] - Delayed 10 second(s)

2020-05-26 14:57:50 - [TEST_STEP][PASSED] - selectOptionByLabel(findTestObject("Rizka/Admin/Admin - Manage Test - Quiz - New Question/fieldTipeSoal"), tipeSoal, false): All options with label 'Benar / Salah' are selected in object 'Object Repository/Rizka/Admin/Admin - Manage Test - Quiz - New Question/fieldTipeSoal' 

2020-05-26 14:57:51 - [MESSAGE][PASSED] - All options with label 'Benar / Salah' are selected in object 'Object Repository/Rizka/Admin/Admin - Manage Test - Quiz - New Question/fieldTipeSoal' 

2020-05-26 14:57:51 - [TEST_STEP][PASSED] - selectOptionByLabel(findTestObject("Rizka/Admin/Admin - Manage Test - Quiz - New Question/fieldJobFunction"), jobFunction, false): All options with label 'SALES' are selected in object 'Object Repository/Rizka/Admin/Admin - Manage Test - Quiz - New Question/fieldJobFunction' 

2020-05-26 14:57:58 - [MESSAGE][PASSED] - All options with label 'SALES' are selected in object 'Object Repository/Rizka/Admin/Admin - Manage Test - Quiz - New Question/fieldJobFunction' 

2020-05-26 14:57:58 - [TEST_STEP][PASSED] - delay(5): Delayed 5 second(s)

2020-05-26 14:58:03 - [MESSAGE][PASSED] - Delayed 5 second(s)

2020-05-26 14:58:03 - [TEST_STEP][PASSED] - selectOptionByLabel(findTestObject("Rizka/Admin/Admin - Manage Test - Quiz - New Question/fieldJobPosition"), jobPosition, false): All options with label 'SALES MANAGER' are selected in object 'Object Repository/Rizka/Admin/Admin - Manage Test - Quiz - New Question/fieldJobPosition' 

2020-05-26 14:58:04 - [MESSAGE][PASSED] - All options with label 'SALES MANAGER' are selected in object 'Object Repository/Rizka/Admin/Admin - Manage Test - Quiz - New Question/fieldJobPosition' 

2020-05-26 14:58:04 - [TEST_STEP][PASSED] - selectOptionByLabel(findTestObject("Rizka/Admin/Admin - Manage Test - Quiz - New Question/fieldModul"), module, false): All options with label 'NEOP RCCA' are selected in object 'Object Repository/Rizka/Admin/Admin - Manage Test - Quiz - New Question/fieldModul' 

2020-05-26 14:58:05 - [MESSAGE][PASSED] - All options with label 'NEOP RCCA' are selected in object 'Object Repository/Rizka/Admin/Admin - Manage Test - Quiz - New Question/fieldModul' 

2020-05-26 14:58:05 - [TEST_STEP][PASSED] - selectOptionByLabel(findTestObject("Rizka/Admin/Admin - Manage Test - Quiz - New Question/fieldSubModul"), subModule, false): All options with label 'Post-Test' are selected in object 'Object Repository/Rizka/Admin/Admin - Manage Test - Quiz - New Question/fieldSubModul' 

2020-05-26 14:58:08 - [MESSAGE][PASSED] - All options with label 'Post-Test' are selected in object 'Object Repository/Rizka/Admin/Admin - Manage Test - Quiz - New Question/fieldSubModul' 

2020-05-26 14:58:08 - [TEST_STEP][PASSED] - setText(findTestObject("Rizka/Admin/Admin - Manage Test - Quiz - New Question/fieldTechnicalCompetence"), technicalCompetence, STOP_ON_FAILURE): Text 'Coba ya' is set on object 'Object Repository/Rizka/Admin/Admin - Manage Test - Quiz - New Question/fieldTechnicalCompetence'

2020-05-26 14:58:11 - [MESSAGE][PASSED] - Text 'Coba ya' is set on object 'Object Repository/Rizka/Admin/Admin - Manage Test - Quiz - New Question/fieldTechnicalCompetence'

2020-05-26 14:58:11 - [TEST_STEP][PASSED] - setText(findTestObject("Rizka/Admin/Admin - Manage Test - Quiz - New Question/fieldLevelCompetence"), levelCompetence, STOP_ON_FAILURE): Text '' is set on object 'Object Repository/Rizka/Admin/Admin - Manage Test - Quiz - New Question/fieldLevelCompetence'

2020-05-26 14:58:11 - [MESSAGE][PASSED] - Text '' is set on object 'Object Repository/Rizka/Admin/Admin - Manage Test - Quiz - New Question/fieldLevelCompetence'

2020-05-26 14:58:11 - [TEST_STEP][PASSED] - setText(findTestObject("Rizka/Admin/Admin - Manage Test - Quiz - New Question/fieldQuestion"), soalQuestion): Text 'New Question (2)' is set on object 'Object Repository/Rizka/Admin/Admin - Manage Test - Quiz - New Question/fieldQuestion'

2020-05-26 14:58:12 - [MESSAGE][PASSED] - Text 'New Question (2)' is set on object 'Object Repository/Rizka/Admin/Admin - Manage Test - Quiz - New Question/fieldQuestion'

2020-05-26 14:58:12 - [TEST_STEP][PASSED] - if (tipeSoal == "Pilihan Ganda"): null

2020-05-26 14:58:12 - [TEST_STEP][PASSED] - else if (tipeSoal == "Benar / Salah"): All options with label 'Benar' are selected in object 'Object Repository/Rizka/Admin/Admin - Manage Test - Quiz - New Question/fieldBenarSalah' 

2020-05-26 14:58:12 - [TEST_STEP][PASSED] - selectOptionByLabel(findTestObject("Rizka/Admin/Admin - Manage Test - Quiz - New Question/fieldBenarSalah"), kunciJawaban, false): All options with label 'Benar' are selected in object 'Object Repository/Rizka/Admin/Admin - Manage Test - Quiz - New Question/fieldBenarSalah' 

2020-05-26 14:58:13 - [MESSAGE][PASSED] - All options with label 'Benar' are selected in object 'Object Repository/Rizka/Admin/Admin - Manage Test - Quiz - New Question/fieldBenarSalah' 

2020-05-26 14:58:13 - [TEST_STEP][PASSED] - click(findTestObject("Rizka/Admin/Admin - Manage Test - Quiz - New Question/btnSubmit")): Object: 'Object Repository/Rizka/Admin/Admin - Manage Test - Quiz - New Question/btnSubmit' is clicked on

2020-05-26 14:58:14 - [MESSAGE][PASSED] - Object: 'Object Repository/Rizka/Admin/Admin - Manage Test - Quiz - New Question/btnSubmit' is clicked on

2020-05-26 14:58:14 - [TEST_STEP][PASSED] - delay(10): Delayed 10 second(s)

2020-05-26 14:58:24 - [MESSAGE][PASSED] - Delayed 10 second(s)

2020-05-26 14:58:24 - [TEST_STEP][PASSED] - setText(findTestObject("Rizka/Admin/Admin - Manage Test - Quiz - Search/fieldSearch"), soalQuestion): Text 'New Question (2)' is set on object 'Object Repository/Rizka/Admin/Admin - Manage Test - Quiz - Search/fieldSearch'

2020-05-26 14:58:46 - [MESSAGE][PASSED] - Text 'New Question (2)' is set on object 'Object Repository/Rizka/Admin/Admin - Manage Test - Quiz - Search/fieldSearch'

2020-05-26 14:58:46 - [TEST_STEP][PASSED] - click(findTestObject("Rizka/Admin/Admin - Manage Test - Quiz - Search/btnSearch")): Object: 'Object Repository/Rizka/Admin/Admin - Manage Test - Quiz - Search/btnSearch' is clicked on

2020-05-26 14:58:46 - [MESSAGE][PASSED] - Object: 'Object Repository/Rizka/Admin/Admin - Manage Test - Quiz - Search/btnSearch' is clicked on

2020-05-26 14:58:46 - [TEST_STEP][PASSED] - delay(5): Delayed 5 second(s)

2020-05-26 14:58:51 - [MESSAGE][PASSED] - Delayed 5 second(s)

2020-05-26 14:58:51 - [TEST_STEP][PASSED] - if (condition == "passed"): Object 'Object Repository/Rizka/Admin/Admin - Manage Test - Quiz - New Question/label_Berikut adalah jenis dealer  dihandle oleh Sales officer new car adalah sebagai berikut kecuali' is visible

2020-05-26 14:58:51 - [TEST_STEP][PASSED] - verifyElementVisible(findTestObject("Rizka/Admin/Admin - Manage Test - Quiz - New Question/label_Berikut adalah jenis dealer  dihandle oleh Sales officer new car adalah sebagai berikut kecuali", ["text":soalQuestion]), STOP_ON_FAILURE): Object 'Object Repository/Rizka/Admin/Admin - Manage Test - Quiz - New Question/label_Berikut adalah jenis dealer  dihandle oleh Sales officer new car adalah sebagai berikut kecuali' is visible

2020-05-26 14:58:52 - [MESSAGE][PASSED] - Object 'Object Repository/Rizka/Admin/Admin - Manage Test - Quiz - New Question/label_Berikut adalah jenis dealer  dihandle oleh Sales officer new car adalah sebagai berikut kecuali' is visible]]></system-out>
         <system-err><![CDATA[]]></system-err>
      </testcase>
      <testcase name="Test Cases/Rizka/Admin/Manage Test/Admin - Manage Test - Quiz - New Question" time="147.536" classname="Test Cases/Rizka/Admin/Manage Test/Admin - Manage Test - Quiz - New Question" status="PASSED">
         <system-out><![CDATA[2020-05-26 14:58:52 - [TEST_CASE][PASSED] - Test Cases/Rizka/Admin/Manage Test/Admin - Manage Test - Quiz - New Question: Test Cases/Rizka/Admin/Manage Test/Admin - Manage Test - Quiz - New Question

2020-05-26 14:58:52 - [TEST_STEP][PASSED] - openBrowser(""): Browser is opened with url: ''

2020-05-26 14:58:52 - [MESSAGE][WARNING] - A browser is already opened. Closing browser and opening a new one

2020-05-26 14:58:53 - [MESSAGE][INFO] - Starting 'Chrome' driver

2020-05-26 14:58:57 - [MESSAGE][PASSED] - Browser is opened with url: ''

2020-05-26 14:58:57 - [TEST_STEP][PASSED] - navigateToUrl("https://appsrv1.deltadatamandiri.com/ACC_LMS_WEB/#/admNLmn"): Navigate to 'https://appsrv1.deltadatamandiri.com/ACC_LMS_WEB/#/admNLmn' successfully

2020-05-26 14:59:06 - [MESSAGE][PASSED] - Navigate to 'https://appsrv1.deltadatamandiri.com/ACC_LMS_WEB/#/admNLmn' successfully

2020-05-26 14:59:06 - [TEST_STEP][PASSED] - delay(5): Delayed 5 second(s)

2020-05-26 14:59:11 - [MESSAGE][PASSED] - Delayed 5 second(s)

2020-05-26 14:59:11 - [TEST_STEP][PASSED] - click(findTestObject("Rizka/Admin/Admin - Login/btnLogin")): Object: 'Object Repository/Rizka/Admin/Admin - Login/btnLogin' is clicked on

2020-05-26 14:59:11 - [MESSAGE][PASSED] - Object: 'Object Repository/Rizka/Admin/Admin - Login/btnLogin' is clicked on

2020-05-26 14:59:11 - [TEST_STEP][PASSED] - setText(findTestObject("Rizka/Admin/Admin - Login/txtUsername"), "11666"): Text '11666' is set on object 'Object Repository/Rizka/Admin/Admin - Login/txtUsername'

2020-05-26 14:59:12 - [MESSAGE][PASSED] - Text '11666' is set on object 'Object Repository/Rizka/Admin/Admin - Login/txtUsername'

2020-05-26 14:59:12 - [TEST_STEP][PASSED] - setText(findTestObject("Rizka/Admin/Admin - Login/txtPassword"), "Password3"): Text 'Password3' is set on object 'Object Repository/Rizka/Admin/Admin - Login/txtPassword'

2020-05-26 14:59:13 - [MESSAGE][PASSED] - Text 'Password3' is set on object 'Object Repository/Rizka/Admin/Admin - Login/txtPassword'

2020-05-26 14:59:13 - [TEST_STEP][PASSED] - click(findTestObject("Rizka/Admin/Admin - Login/btnEyePass")): Object: 'Object Repository/Rizka/Admin/Admin - Login/btnEyePass' is clicked on

2020-05-26 14:59:13 - [MESSAGE][PASSED] - Object: 'Object Repository/Rizka/Admin/Admin - Login/btnEyePass' is clicked on

2020-05-26 14:59:13 - [TEST_STEP][PASSED] - click(findTestObject("Rizka/Admin/Admin - Login/checkboxRememberMe")): Object: 'Object Repository/Rizka/Admin/Admin - Login/checkboxRememberMe' is clicked on

2020-05-26 14:59:14 - [MESSAGE][PASSED] - Object: 'Object Repository/Rizka/Admin/Admin - Login/checkboxRememberMe' is clicked on

2020-05-26 14:59:14 - [TEST_STEP][PASSED] - click(findTestObject("Rizka/Admin/Admin - Login/btnLogin2")): Object: 'Object Repository/Rizka/Admin/Admin - Login/btnLogin2' is clicked on

2020-05-26 14:59:14 - [MESSAGE][PASSED] - Object: 'Object Repository/Rizka/Admin/Admin - Login/btnLogin2' is clicked on

2020-05-26 14:59:14 - [TEST_STEP][PASSED] - delay(20): Delayed 20 second(s)

2020-05-26 14:59:34 - [MESSAGE][PASSED] - Delayed 20 second(s)

2020-05-26 14:59:34 - [TEST_STEP][PASSED] - click(findTestObject("Rizka/Admin/Admin - Manage Test - Quiz - New Question/btnManageTest")): Object: 'Object Repository/Rizka/Admin/Admin - Manage Test - Quiz - New Question/btnManageTest' is clicked on

2020-05-26 14:59:35 - [MESSAGE][PASSED] - Object: 'Object Repository/Rizka/Admin/Admin - Manage Test - Quiz - New Question/btnManageTest' is clicked on

2020-05-26 14:59:35 - [TEST_STEP][PASSED] - delay(10): Delayed 10 second(s)

2020-05-26 14:59:45 - [MESSAGE][PASSED] - Delayed 10 second(s)

2020-05-26 14:59:45 - [TEST_STEP][PASSED] - click(findTestObject("Rizka/Admin/Admin - Manage Test - Quiz - New Question/btnQuiz")): Object: 'Object Repository/Rizka/Admin/Admin - Manage Test - Quiz - New Question/btnQuiz' is clicked on

2020-05-26 14:59:45 - [MESSAGE][PASSED] - Object: 'Object Repository/Rizka/Admin/Admin - Manage Test - Quiz - New Question/btnQuiz' is clicked on

2020-05-26 14:59:45 - [TEST_STEP][PASSED] - delay(10): Delayed 10 second(s)

2020-05-26 14:59:55 - [MESSAGE][PASSED] - Delayed 10 second(s)

2020-05-26 14:59:55 - [TEST_STEP][PASSED] - click(findTestObject("Rizka/Admin/Admin - Manage Test - Quiz - New Question/btnNewQuestion")): Object: 'Object Repository/Rizka/Admin/Admin - Manage Test - Quiz - New Question/btnNewQuestion' is clicked on

2020-05-26 15:00:11 - [MESSAGE][PASSED] - Object: 'Object Repository/Rizka/Admin/Admin - Manage Test - Quiz - New Question/btnNewQuestion' is clicked on

2020-05-26 15:00:11 - [TEST_STEP][PASSED] - delay(10): Delayed 10 second(s)

2020-05-26 15:00:21 - [MESSAGE][PASSED] - Delayed 10 second(s)

2020-05-26 15:00:21 - [TEST_STEP][PASSED] - selectOptionByLabel(findTestObject("Rizka/Admin/Admin - Manage Test - Quiz - New Question/fieldTipeSoal"), tipeSoal, false): All options with label 'Benar / Salah' are selected in object 'Object Repository/Rizka/Admin/Admin - Manage Test - Quiz - New Question/fieldTipeSoal' 

2020-05-26 15:00:22 - [MESSAGE][PASSED] - All options with label 'Benar / Salah' are selected in object 'Object Repository/Rizka/Admin/Admin - Manage Test - Quiz - New Question/fieldTipeSoal' 

2020-05-26 15:00:22 - [TEST_STEP][PASSED] - selectOptionByLabel(findTestObject("Rizka/Admin/Admin - Manage Test - Quiz - New Question/fieldJobFunction"), jobFunction, false): All options with label 'SALES' are selected in object 'Object Repository/Rizka/Admin/Admin - Manage Test - Quiz - New Question/fieldJobFunction' 

2020-05-26 15:00:29 - [MESSAGE][PASSED] - All options with label 'SALES' are selected in object 'Object Repository/Rizka/Admin/Admin - Manage Test - Quiz - New Question/fieldJobFunction' 

2020-05-26 15:00:29 - [TEST_STEP][PASSED] - delay(5): Delayed 5 second(s)

2020-05-26 15:00:34 - [MESSAGE][PASSED] - Delayed 5 second(s)

2020-05-26 15:00:34 - [TEST_STEP][PASSED] - selectOptionByLabel(findTestObject("Rizka/Admin/Admin - Manage Test - Quiz - New Question/fieldJobPosition"), jobPosition, false): All options with label 'SALES MANAGER' are selected in object 'Object Repository/Rizka/Admin/Admin - Manage Test - Quiz - New Question/fieldJobPosition' 

2020-05-26 15:00:35 - [MESSAGE][PASSED] - All options with label 'SALES MANAGER' are selected in object 'Object Repository/Rizka/Admin/Admin - Manage Test - Quiz - New Question/fieldJobPosition' 

2020-05-26 15:00:35 - [TEST_STEP][PASSED] - selectOptionByLabel(findTestObject("Rizka/Admin/Admin - Manage Test - Quiz - New Question/fieldModul"), module, false): All options with label 'NEOP RCCA' are selected in object 'Object Repository/Rizka/Admin/Admin - Manage Test - Quiz - New Question/fieldModul' 

2020-05-26 15:00:36 - [MESSAGE][PASSED] - All options with label 'NEOP RCCA' are selected in object 'Object Repository/Rizka/Admin/Admin - Manage Test - Quiz - New Question/fieldModul' 

2020-05-26 15:00:36 - [TEST_STEP][PASSED] - selectOptionByLabel(findTestObject("Rizka/Admin/Admin - Manage Test - Quiz - New Question/fieldSubModul"), subModule, false): All options with label 'Post-Test' are selected in object 'Object Repository/Rizka/Admin/Admin - Manage Test - Quiz - New Question/fieldSubModul' 

2020-05-26 15:00:39 - [MESSAGE][PASSED] - All options with label 'Post-Test' are selected in object 'Object Repository/Rizka/Admin/Admin - Manage Test - Quiz - New Question/fieldSubModul' 

2020-05-26 15:00:39 - [TEST_STEP][PASSED] - setText(findTestObject("Rizka/Admin/Admin - Manage Test - Quiz - New Question/fieldTechnicalCompetence"), technicalCompetence, STOP_ON_FAILURE): Text 'Coba ya' is set on object 'Object Repository/Rizka/Admin/Admin - Manage Test - Quiz - New Question/fieldTechnicalCompetence'

2020-05-26 15:00:39 - [MESSAGE][PASSED] - Text 'Coba ya' is set on object 'Object Repository/Rizka/Admin/Admin - Manage Test - Quiz - New Question/fieldTechnicalCompetence'

2020-05-26 15:00:39 - [TEST_STEP][PASSED] - setText(findTestObject("Rizka/Admin/Admin - Manage Test - Quiz - New Question/fieldLevelCompetence"), levelCompetence, STOP_ON_FAILURE): Text '12' is set on object 'Object Repository/Rizka/Admin/Admin - Manage Test - Quiz - New Question/fieldLevelCompetence'

2020-05-26 15:00:41 - [MESSAGE][PASSED] - Text '12' is set on object 'Object Repository/Rizka/Admin/Admin - Manage Test - Quiz - New Question/fieldLevelCompetence'

2020-05-26 15:00:41 - [TEST_STEP][PASSED] - setText(findTestObject("Rizka/Admin/Admin - Manage Test - Quiz - New Question/fieldQuestion"), soalQuestion): Text 'New Question (3)' is set on object 'Object Repository/Rizka/Admin/Admin - Manage Test - Quiz - New Question/fieldQuestion'

2020-05-26 15:00:42 - [MESSAGE][PASSED] - Text 'New Question (3)' is set on object 'Object Repository/Rizka/Admin/Admin - Manage Test - Quiz - New Question/fieldQuestion'

2020-05-26 15:00:42 - [TEST_STEP][PASSED] - if (tipeSoal == "Pilihan Ganda"): null

2020-05-26 15:00:42 - [TEST_STEP][PASSED] - else if (tipeSoal == "Benar / Salah"): All options with label 'Salah' are selected in object 'Object Repository/Rizka/Admin/Admin - Manage Test - Quiz - New Question/fieldBenarSalah' 

2020-05-26 15:00:42 - [TEST_STEP][PASSED] - selectOptionByLabel(findTestObject("Rizka/Admin/Admin - Manage Test - Quiz - New Question/fieldBenarSalah"), kunciJawaban, false): All options with label 'Salah' are selected in object 'Object Repository/Rizka/Admin/Admin - Manage Test - Quiz - New Question/fieldBenarSalah' 

2020-05-26 15:00:43 - [MESSAGE][PASSED] - All options with label 'Salah' are selected in object 'Object Repository/Rizka/Admin/Admin - Manage Test - Quiz - New Question/fieldBenarSalah' 

2020-05-26 15:00:43 - [TEST_STEP][PASSED] - click(findTestObject("Rizka/Admin/Admin - Manage Test - Quiz - New Question/btnSubmit")): Object: 'Object Repository/Rizka/Admin/Admin - Manage Test - Quiz - New Question/btnSubmit' is clicked on

2020-05-26 15:00:44 - [MESSAGE][PASSED] - Object: 'Object Repository/Rizka/Admin/Admin - Manage Test - Quiz - New Question/btnSubmit' is clicked on

2020-05-26 15:00:44 - [TEST_STEP][PASSED] - delay(10): Delayed 10 second(s)

2020-05-26 15:00:54 - [MESSAGE][PASSED] - Delayed 10 second(s)

2020-05-26 15:00:54 - [TEST_STEP][PASSED] - setText(findTestObject("Rizka/Admin/Admin - Manage Test - Quiz - Search/fieldSearch"), soalQuestion): Text 'New Question (3)' is set on object 'Object Repository/Rizka/Admin/Admin - Manage Test - Quiz - Search/fieldSearch'

2020-05-26 15:01:13 - [MESSAGE][PASSED] - Text 'New Question (3)' is set on object 'Object Repository/Rizka/Admin/Admin - Manage Test - Quiz - Search/fieldSearch'

2020-05-26 15:01:13 - [TEST_STEP][PASSED] - click(findTestObject("Rizka/Admin/Admin - Manage Test - Quiz - Search/btnSearch")): Object: 'Object Repository/Rizka/Admin/Admin - Manage Test - Quiz - Search/btnSearch' is clicked on

2020-05-26 15:01:14 - [MESSAGE][PASSED] - Object: 'Object Repository/Rizka/Admin/Admin - Manage Test - Quiz - Search/btnSearch' is clicked on

2020-05-26 15:01:14 - [TEST_STEP][PASSED] - delay(5): Delayed 5 second(s)

2020-05-26 15:01:19 - [MESSAGE][PASSED] - Delayed 5 second(s)

2020-05-26 15:01:19 - [TEST_STEP][PASSED] - if (condition == "passed"): Object 'Object Repository/Rizka/Admin/Admin - Manage Test - Quiz - New Question/label_Berikut adalah jenis dealer  dihandle oleh Sales officer new car adalah sebagai berikut kecuali' is visible

2020-05-26 15:01:19 - [TEST_STEP][PASSED] - verifyElementVisible(findTestObject("Rizka/Admin/Admin - Manage Test - Quiz - New Question/label_Berikut adalah jenis dealer  dihandle oleh Sales officer new car adalah sebagai berikut kecuali", ["text":soalQuestion]), STOP_ON_FAILURE): Object 'Object Repository/Rizka/Admin/Admin - Manage Test - Quiz - New Question/label_Berikut adalah jenis dealer  dihandle oleh Sales officer new car adalah sebagai berikut kecuali' is visible

2020-05-26 15:01:20 - [MESSAGE][PASSED] - Object 'Object Repository/Rizka/Admin/Admin - Manage Test - Quiz - New Question/label_Berikut adalah jenis dealer  dihandle oleh Sales officer new car adalah sebagai berikut kecuali' is visible]]></system-out>
         <system-err><![CDATA[]]></system-err>
      </testcase>
      <system-out><![CDATA[2020-05-26 14:53:36 - [TEST_SUITE][PASSED] - Admin - Manage Test - Quiz: Test Cases/Rizka/Admin/Manage Test/Admin - Manage Test - Quiz - New Question]]></system-out>
      <system-err><![CDATA[]]></system-err>
   </testsuite>
</testsuites>
