<?xml version="1.0" encoding="UTF-8"?>
<testsuites name="Manage Slider" time="113.594" tests="1" failures="0" errors="0">
   <testsuite name="Manage Slider" tests="1" failures="0" errors="0" time="113.594" timestamp="2020-05-26 15:30:10" hostname="ASUS - LAPTOP-D0TPACJ1" id="Test Suites/Christi/Manage Slider">
      <properties>
         <property name="deviceName" value=""/>
         <property name="devicePlatform" value=""/>
         <property name="logFolder" value="C:\\Users\\ASUS\\git\\LearningManagementWeb\\Reports\\20200526_153005\\Christi\\Manage Slider\\20200526_153005"/>
         <property name="logFiles" value="C:\\Users\\ASUS\\git\\LearningManagementWeb\\Reports\\20200526_153005\\Christi\\Manage Slider\\20200526_153005\\execution0.log"/>
         <property name="attachments" value=""/>
         <property name="hostName" value="ASUS - LAPTOP-D0TPACJ1"/>
         <property name="os" value="Windows 10 64bit"/>
         <property name="katalonVersion" value="7.0.10.1"/>
         <property name="browser" value="Chrome 81.0.4044.138"/>
         <property name="hostAddress" value="192.168.100.227"/>
         <property name="sessionId" value="f66450e89287e02b2594c298f4ed6496"/>
         <property name="seleniumVersion" value="3.141.59"/>
         <property name="proxyInformation" value="ProxyInformation{proxyOption=NO_PROXY, proxyServerType=HTTP, password=, proxyServerAddress=, proxyServerPort=0}"/>
         <property name="platform" value="Windows 10"/>
      </properties>
      <testcase name="Test Cases/Christi/Admin/Manage Slider - new slider" time="112.346" classname="Test Cases/Christi/Admin/Manage Slider - new slider" status="PASSED">
         <system-out><![CDATA[2020-05-26 15:30:11 - [TEST_CASE][PASSED] - Test Cases/Christi/Admin/Manage Slider - new slider: Test Cases/Christi/Admin/Manage Slider - new slider

2020-05-26 15:30:12 - [TEST_STEP][PASSED] - callTestCase(findTestCase("Christi/Admin/admin login"), ["username":"11666", "password":"Password3"], STOP_ON_FAILURE): Call Test Case 'Test Cases/Christi/Admin/admin login' successfully

2020-05-26 15:30:12 - [TEST_CASE][PASSED] - Test Cases/Christi/Admin/admin login: Test Cases/Christi/Admin/admin login

2020-05-26 15:30:12 - [TEST_STEP][PASSED] - openBrowser(""): Browser is opened with url: ''

2020-05-26 15:30:13 - [MESSAGE][INFO] - Starting 'Chrome' driver

2020-05-26 15:30:13 - [MESSAGE][INFO] - Action delay is set to 0 seconds

2020-05-26 15:30:20 - [MESSAGE][PASSED] - Browser is opened with url: ''

2020-05-26 15:30:20 - [TEST_STEP][PASSED] - maximizeWindow(): Current window maximized

2020-05-26 15:30:22 - [MESSAGE][PASSED] - Current window maximized

2020-05-26 15:30:22 - [TEST_STEP][PASSED] - navigateToUrl("https://appsrv1.deltadatamandiri.com/ACC_LMS_WEB/#/admNLmn"): Navigate to 'https://appsrv1.deltadatamandiri.com/ACC_LMS_WEB/#/admNLmn' successfully

2020-05-26 15:30:34 - [MESSAGE][PASSED] - Navigate to 'https://appsrv1.deltadatamandiri.com/ACC_LMS_WEB/#/admNLmn' successfully

2020-05-26 15:30:34 - [TEST_STEP][PASSED] - click(findTestObject("Christi/Page_Main/button_login")): Object: 'Object Repository/Christi/Page_Main/button_login' is clicked on

2020-05-26 15:30:39 - [MESSAGE][PASSED] - Object: 'Object Repository/Christi/Page_Main/button_login' is clicked on

2020-05-26 15:30:39 - [TEST_STEP][PASSED] - delay(3): Delayed 3 second(s)

2020-05-26 15:30:42 - [MESSAGE][PASSED] - Delayed 3 second(s)

2020-05-26 15:30:42 - [TEST_STEP][PASSED] - setText(findTestObject("Object Repository/Christi/Page_Main/input_NPK_username"), username): Text '11666' is set on object 'Object Repository/Christi/Page_Main/input_NPK_username'

2020-05-26 15:30:43 - [MESSAGE][PASSED] - Text '11666' is set on object 'Object Repository/Christi/Page_Main/input_NPK_username'

2020-05-26 15:30:43 - [TEST_STEP][PASSED] - setText(findTestObject("Object Repository/Christi/Page_Main/input_Password_password"), password): Text 'Password3' is set on object 'Object Repository/Christi/Page_Main/input_Password_password'

2020-05-26 15:30:44 - [MESSAGE][PASSED] - Text 'Password3' is set on object 'Object Repository/Christi/Page_Main/input_Password_password'

2020-05-26 15:30:44 - [TEST_STEP][PASSED] - delay(5): Delayed 5 second(s)

2020-05-26 15:30:49 - [MESSAGE][PASSED] - Delayed 5 second(s)

2020-05-26 15:30:49 - [TEST_STEP][PASSED] - click(findTestObject("Rizka/Admin/Admin - Login/btnLogin2")): Object: 'Object Repository/Rizka/Admin/Admin - Login/btnLogin2' is clicked on

2020-05-26 15:30:49 - [MESSAGE][PASSED] - Object: 'Object Repository/Rizka/Admin/Admin - Login/btnLogin2' is clicked on

2020-05-26 15:30:49 - [TEST_STEP][PASSED] - delay(5): Delayed 5 second(s)

2020-05-26 15:30:54 - [MESSAGE][PASSED] - Delayed 5 second(s)

2020-05-26 15:30:54 - [MESSAGE][PASSED] - Call Test Case 'Test Cases/Christi/Admin/admin login' successfully

2020-05-26 15:30:54 - [TEST_STEP][PASSED] - delay(3): Delayed 3 second(s)

2020-05-26 15:30:58 - [MESSAGE][PASSED] - Delayed 3 second(s)

2020-05-26 15:30:58 - [TEST_STEP][PASSED] - click(findTestObject("Object Repository/Christi/Page_Dashboard Admin/span_Manage Slider")): Object: 'Object Repository/Christi/Page_Dashboard Admin/span_Manage Slider' is clicked on

2020-05-26 15:31:03 - [MESSAGE][PASSED] - Object: 'Object Repository/Christi/Page_Dashboard Admin/span_Manage Slider' is clicked on

2020-05-26 15:31:03 - [TEST_STEP][PASSED] - delay(3): Delayed 3 second(s)

2020-05-26 15:31:06 - [MESSAGE][PASSED] - Delayed 3 second(s)

2020-05-26 15:31:06 - [TEST_STEP][PASSED] - click(findTestObject("Christi/Page_Manage Sliders/button_New Slider")): Object: 'Object Repository/Christi/Page_Manage Sliders/button_New Slider' is clicked on

2020-05-26 15:31:13 - [MESSAGE][PASSED] - Object: 'Object Repository/Christi/Page_Manage Sliders/button_New Slider' is clicked on

2020-05-26 15:31:13 - [TEST_STEP][PASSED] - delay(3): Delayed 3 second(s)

2020-05-26 15:31:16 - [MESSAGE][PASSED] - Delayed 3 second(s)

2020-05-26 15:31:16 - [TEST_STEP][PASSED] - setText(findTestObject("Object Repository/Christi/Page_Manage Sliders/input_Slider name maximum 25 character_txtS_4aaddd"), nama_slider): Text 'Slider Service' is set on object 'Object Repository/Christi/Page_Manage Sliders/input_Slider name maximum 25 character_txtS_4aaddd'

2020-05-26 15:31:17 - [MESSAGE][PASSED] - Text 'Slider Service' is set on object 'Object Repository/Christi/Page_Manage Sliders/input_Slider name maximum 25 character_txtS_4aaddd'

2020-05-26 15:31:17 - [TEST_STEP][PASSED] - delay(3): Delayed 3 second(s)

2020-05-26 15:31:20 - [MESSAGE][PASSED] - Delayed 3 second(s)

2020-05-26 15:31:20 - [TEST_STEP][PASSED] - setText(findTestObject("Object Repository/Christi/Page_Manage Sliders/input_Section Link_txtSliderLink"), url): Text 'https://appsrv1.deltadatamandiri.com/ACC_LMS_WEB/#/onlineLearningDetail?modulID=6' is set on object 'Object Repository/Christi/Page_Manage Sliders/input_Section Link_txtSliderLink'

2020-05-26 15:31:21 - [MESSAGE][PASSED] - Text 'https://appsrv1.deltadatamandiri.com/ACC_LMS_WEB/#/onlineLearningDetail?modulID=6' is set on object 'Object Repository/Christi/Page_Manage Sliders/input_Section Link_txtSliderLink'

2020-05-26 15:31:21 - [TEST_STEP][PASSED] - delay(3): Delayed 3 second(s)

2020-05-26 15:31:24 - [MESSAGE][PASSED] - Delayed 3 second(s)

2020-05-26 15:31:24 - [TEST_STEP][PASSED] - if (expected == "pass"): Object 'Object Repository/Christi/Page_Manage Sliders/label_Slider' is present

2020-05-26 15:31:24 - [TEST_STEP][PASSED] - if (upload == "yes"): Object 'Object Repository/Christi/Page_Manage Sliders/div_File uploaded successfully' is present

2020-05-26 15:31:24 - [TEST_STEP][PASSED] - uploadFile(findTestObject("Christi/Page_Manage Sliders/input_Icon_files"), img_slider): File 'C:\Users\ASUS\git\LearningManagementWeb\konten lms\WhatsApp Image 2020-02-20 at 08.37.35 (1).jpeg' sent to object: 'Object Repository/Christi/Page_Manage Sliders/input_Icon_files'

2020-05-26 15:31:24 - [MESSAGE][PASSED] - File 'C:\Users\ASUS\git\LearningManagementWeb\konten lms\WhatsApp Image 2020-02-20 at 08.37.35 (1).jpeg' sent to object: 'Object Repository/Christi/Page_Manage Sliders/input_Icon_files'

2020-05-26 15:31:24 - [TEST_STEP][PASSED] - verifyElementPresent(findTestObject("Christi/Page_Manage Sliders/div_File uploaded successfully"), 0): Object 'Object Repository/Christi/Page_Manage Sliders/div_File uploaded successfully' is present

2020-05-26 15:31:24 - [MESSAGE][WARNING] - Timeout '0' is invalid. Using default page load timeout: '30'

2020-05-26 15:31:27 - [MESSAGE][PASSED] - Object 'Object Repository/Christi/Page_Manage Sliders/div_File uploaded successfully' is present

2020-05-26 15:31:27 - [TEST_STEP][PASSED] - delay(3): Delayed 3 second(s)

2020-05-26 15:31:30 - [MESSAGE][PASSED] - Delayed 3 second(s)

2020-05-26 15:31:30 - [TEST_STEP][PASSED] - click(findTestObject("Christi/Page_Manage Sliders_Edit/button_Confirm")): Object: 'Object Repository/Christi/Page_Manage Sliders_Edit/button_Confirm' is clicked on

2020-05-26 15:31:30 - [MESSAGE][PASSED] - Object: 'Object Repository/Christi/Page_Manage Sliders_Edit/button_Confirm' is clicked on

2020-05-26 15:31:30 - [TEST_STEP][PASSED] - delay(3): Delayed 3 second(s)

2020-05-26 15:31:33 - [MESSAGE][PASSED] - Delayed 3 second(s)

2020-05-26 15:31:33 - [TEST_STEP][PASSED] - verifyElementPresent(findTestObject("Christi/Page_Manage Sliders/button_New Slider"), 0): Object 'Object Repository/Christi/Page_Manage Sliders/button_New Slider' is present

2020-05-26 15:31:33 - [MESSAGE][WARNING] - Timeout '0' is invalid. Using default page load timeout: '30'

2020-05-26 15:31:33 - [MESSAGE][PASSED] - Object 'Object Repository/Christi/Page_Manage Sliders/button_New Slider' is present

2020-05-26 15:31:33 - [TEST_STEP][PASSED] - verifyElementPresent(findTestObject("Christi/Page_Manage Sliders/label_Slider", ["text":nama_slider]), 0): Object 'Object Repository/Christi/Page_Manage Sliders/label_Slider' is present

2020-05-26 15:31:34 - [MESSAGE][WARNING] - Timeout '0' is invalid. Using default page load timeout: '30'

2020-05-26 15:31:59 - [MESSAGE][PASSED] - Object 'Object Repository/Christi/Page_Manage Sliders/label_Slider' is present

2020-05-26 15:31:59 - [TEST_STEP][PASSED] - delay(3): Delayed 3 second(s)

2020-05-26 15:32:02 - [MESSAGE][PASSED] - Delayed 3 second(s)

2020-05-26 15:32:02 - [TEST_STEP][PASSED] - closeBrowser(): Browser is closed

2020-05-26 15:32:03 - [MESSAGE][PASSED] - Browser is closed]]></system-out>
         <system-err><![CDATA[]]></system-err>
      </testcase>
      <system-out><![CDATA[2020-05-26 15:30:10 - [TEST_SUITE][PASSED] - Manage Slider: Test Cases/Christi/Admin/Manage Slider - new slider]]></system-out>
      <system-err><![CDATA[]]></system-err>
   </testsuite>
</testsuites>
