<?xml version="1.0" encoding="UTF-8"?>
<testsuites name="Admin - Manage Test - Quiz" time="239.27" tests="2" failures="0" errors="0">
   <testsuite name="Admin - Manage Test - Quiz" tests="2" failures="0" errors="0" time="239.27" timestamp="2020-06-22 13:20:44" hostname="rizkajuliant20 - DESKTOP-NHES7H6" id="Test Suites/Rizka/Admin/Admin - Manage Test - Quiz">
      <properties>
         <property name="deviceName" value=""/>
         <property name="devicePlatform" value=""/>
         <property name="logFolder" value="D:\\MY WORLD\\WORKS (TUGAS)\\LearningManagementWeb\\Reports\\20200622_132032\\Rizka\\Admin\\Admin - Manage Test - Quiz\\20200622_132032"/>
         <property name="logFiles" value="D:\\MY WORLD\\WORKS (TUGAS)\\LearningManagementWeb\\Reports\\20200622_132032\\Rizka\\Admin\\Admin - Manage Test - Quiz\\20200622_132032\\execution0.log"/>
         <property name="attachments" value=""/>
         <property name="hostName" value="rizkajuliant20 - DESKTOP-NHES7H6"/>
         <property name="os" value="Windows 10 64bit"/>
         <property name="katalonVersion" value="7.2.1.1"/>
         <property name="browser" value="Chrome 83.0.4103.106"/>
         <property name="hostAddress" value="192.168.1.116"/>
         <property name="sessionId" value="d276d77b5680acba5a1931ac5799821b"/>
         <property name="seleniumVersion" value="3.141.59"/>
         <property name="proxyInformation" value="ProxyInformation{proxyOption=NO_PROXY, proxyServerType=HTTP, password=, proxyServerAddress=, proxyServerPort=0, executionList=}"/>
         <property name="platform" value="Windows 10"/>
      </properties>
      <testcase name="Test Cases/Rizka/Admin/Manage Test/Admin - Manage Test - Quiz - Delete" time="127.895" classname="Test Cases/Rizka/Admin/Manage Test/Admin - Manage Test - Quiz - Delete" status="PASSED">
         <system-out><![CDATA[2020-06-22 13:20:45 - [TEST_CASE][PASSED] - Test Cases/Rizka/Admin/Manage Test/Admin - Manage Test - Quiz - Delete: Test Cases/Rizka/Admin/Manage Test/Admin - Manage Test - Quiz - Delete

2020-06-22 13:20:46 - [TEST_STEP][PASSED] - callTestCase(findTestCase("Rizka/Admin/AdminMainLogin"), [:], STOP_ON_FAILURE): Call Test Case 'Test Cases/Rizka/Admin/AdminMainLogin' successfully

2020-06-22 13:20:46 - [TEST_CASE][PASSED] - Test Cases/Rizka/Admin/AdminMainLogin: Test Cases/Rizka/Admin/AdminMainLogin

2020-06-22 13:20:47 - [TEST_STEP][PASSED] - openBrowser("https://appsrv1.deltadatamandiri.com/ACC_LMS_WEB/#/admNLmn"): Browser is opened with url: 'https://appsrv1.deltadatamandiri.com/ACC_LMS_WEB/#/admNLmn'

2020-06-22 13:20:48 - [MESSAGE][INFO] - Starting 'Chrome' driver

2020-06-22 13:20:48 - [MESSAGE][INFO] - Action delay is set to 0 seconds

2020-06-22 13:21:30 - [MESSAGE][PASSED] - Browser is opened with url: 'https://appsrv1.deltadatamandiri.com/ACC_LMS_WEB/#/admNLmn'

2020-06-22 13:21:30 - [TEST_STEP][PASSED] - maximizeWindow(): Current window maximized

2020-06-22 13:21:32 - [MESSAGE][PASSED] - Current window maximized

2020-06-22 13:21:32 - [TEST_STEP][PASSED] - delay(15): Delayed 15 second(s)

2020-06-22 13:21:47 - [MESSAGE][PASSED] - Delayed 15 second(s)

2020-06-22 13:21:47 - [TEST_STEP][PASSED] - click(findTestObject("Rizka/Admin/Admin - Login/btnLogin")): Object: 'Object Repository/Rizka/Admin/Admin - Login/btnLogin' is clicked on

2020-06-22 13:21:48 - [MESSAGE][PASSED] - Object: 'Object Repository/Rizka/Admin/Admin - Login/btnLogin' is clicked on

2020-06-22 13:21:48 - [TEST_STEP][PASSED] - setText(findTestObject("Rizka/Admin/Admin - Login/txtUsername"), "11666"): Text '11666' is set on object 'Object Repository/Rizka/Admin/Admin - Login/txtUsername'

2020-06-22 13:21:48 - [MESSAGE][PASSED] - Text '11666' is set on object 'Object Repository/Rizka/Admin/Admin - Login/txtUsername'

2020-06-22 13:21:48 - [TEST_STEP][PASSED] - setText(findTestObject("Rizka/Admin/Admin - Login/txtPassword"), "Password3"): Text 'Password3' is set on object 'Object Repository/Rizka/Admin/Admin - Login/txtPassword'

2020-06-22 13:21:49 - [MESSAGE][PASSED] - Text 'Password3' is set on object 'Object Repository/Rizka/Admin/Admin - Login/txtPassword'

2020-06-22 13:21:49 - [TEST_STEP][PASSED] - click(findTestObject("Rizka/Admin/Admin - Login/btnEyePass")): Object: 'Object Repository/Rizka/Admin/Admin - Login/btnEyePass' is clicked on

2020-06-22 13:21:50 - [MESSAGE][PASSED] - Object: 'Object Repository/Rizka/Admin/Admin - Login/btnEyePass' is clicked on

2020-06-22 13:21:50 - [TEST_STEP][PASSED] - click(findTestObject("Rizka/Admin/Admin - Login/checkboxRememberMe")): Object: 'Object Repository/Rizka/Admin/Admin - Login/checkboxRememberMe' is clicked on

2020-06-22 13:21:50 - [MESSAGE][PASSED] - Object: 'Object Repository/Rizka/Admin/Admin - Login/checkboxRememberMe' is clicked on

2020-06-22 13:21:50 - [TEST_STEP][PASSED] - click(findTestObject("Rizka/Admin/Admin - Login/btnLogin2")): Object: 'Object Repository/Rizka/Admin/Admin - Login/btnLogin2' is clicked on

2020-06-22 13:21:51 - [MESSAGE][PASSED] - Object: 'Object Repository/Rizka/Admin/Admin - Login/btnLogin2' is clicked on

2020-06-22 13:21:51 - [TEST_STEP][PASSED] - delay(15): Delayed 15 second(s)

2020-06-22 13:22:06 - [MESSAGE][PASSED] - Delayed 15 second(s)

2020-06-22 13:22:06 - [MESSAGE][PASSED] - Call Test Case 'Test Cases/Rizka/Admin/AdminMainLogin' successfully

2020-06-22 13:22:06 - [TEST_STEP][PASSED] - click(findTestObject("Rizka/Admin/Admin - Manage Test - Quiz - Delete/btnTestManagement_v2")): Object: 'Object Repository/Rizka/Admin/Admin - Manage Test - Quiz - Delete/btnTestManagement_v2' is clicked on

2020-06-22 13:22:07 - [MESSAGE][PASSED] - Object: 'Object Repository/Rizka/Admin/Admin - Manage Test - Quiz - Delete/btnTestManagement_v2' is clicked on

2020-06-22 13:22:07 - [TEST_STEP][PASSED] - delay(7): Delayed 7 second(s)

2020-06-22 13:22:14 - [MESSAGE][PASSED] - Delayed 7 second(s)

2020-06-22 13:22:14 - [TEST_STEP][PASSED] - click(findTestObject("Rizka/Admin/Admin - Manage Test - Quiz - Delete/btnQuiz_v2")): Object: 'Object Repository/Rizka/Admin/Admin - Manage Test - Quiz - Delete/btnQuiz_v2' is clicked on

2020-06-22 13:22:14 - [MESSAGE][PASSED] - Object: 'Object Repository/Rizka/Admin/Admin - Manage Test - Quiz - Delete/btnQuiz_v2' is clicked on

2020-06-22 13:22:14 - [TEST_STEP][PASSED] - delay(7): Delayed 7 second(s)

2020-06-22 13:22:21 - [MESSAGE][PASSED] - Delayed 7 second(s)

2020-06-22 13:22:21 - [TEST_STEP][PASSED] - setText(findTestObject("Rizka/Admin/Admin - Manage Test - Quiz - Delete/fieldSearch_v2"), namaSoal): Text 'COBA 1' is set on object 'Object Repository/Rizka/Admin/Admin - Manage Test - Quiz - Delete/fieldSearch_v2'

2020-06-22 13:22:31 - [MESSAGE][PASSED] - Text 'COBA 1' is set on object 'Object Repository/Rizka/Admin/Admin - Manage Test - Quiz - Delete/fieldSearch_v2'

2020-06-22 13:22:31 - [TEST_STEP][PASSED] - sendKeys(findTestObject("Rizka/Admin/Admin - Manage Test - Quiz - Delete/fieldSearch_v2"), Keys.chord(ENTER)): Keys 'ENTER + ' sent to object: 'Object Repository/Rizka/Admin/Admin - Manage Test - Quiz - Delete/fieldSearch_v2'

2020-06-22 13:22:31 - [MESSAGE][PASSED] - Keys 'ENTER + ' sent to object: 'Object Repository/Rizka/Admin/Admin - Manage Test - Quiz - Delete/fieldSearch_v2'

2020-06-22 13:22:32 - [TEST_STEP][PASSED] - delay(5): Delayed 5 second(s)

2020-06-22 13:22:37 - [MESSAGE][PASSED] - Delayed 5 second(s)

2020-06-22 13:22:37 - [TEST_STEP][PASSED] - click(findTestObject("Rizka/Admin/Admin - Manage Test - Quiz - Delete/btnSettings_v2")): Object: 'Object Repository/Rizka/Admin/Admin - Manage Test - Quiz - Delete/btnSettings_v2' is clicked on

2020-06-22 13:22:37 - [MESSAGE][PASSED] - Object: 'Object Repository/Rizka/Admin/Admin - Manage Test - Quiz - Delete/btnSettings_v2' is clicked on

2020-06-22 13:22:37 - [TEST_STEP][PASSED] - click(findTestObject("Rizka/Admin/Admin - Manage Test - Quiz - Delete/btnDelete_v2")): Object: 'Object Repository/Rizka/Admin/Admin - Manage Test - Quiz - Delete/btnDelete_v2' is clicked on

2020-06-22 13:22:38 - [MESSAGE][PASSED] - Object: 'Object Repository/Rizka/Admin/Admin - Manage Test - Quiz - Delete/btnDelete_v2' is clicked on

2020-06-22 13:22:38 - [TEST_STEP][PASSED] - if (condition == "passed"): null

2020-06-22 13:22:38 - [TEST_STEP][PASSED] - else: Object 'Object Repository/Rizka/Admin/Admin - Manage Test - Quiz - Delete/alertNoDataFound_v2' is NOT visible

2020-06-22 13:22:38 - [TEST_STEP][PASSED] - click(findTestObject("Rizka/Admin/Admin - Manage Test - Quiz - Delete/btnCancel_v2")): Object: 'Object Repository/Rizka/Admin/Admin - Manage Test - Quiz - Delete/btnCancel_v2' is clicked on

2020-06-22 13:22:39 - [MESSAGE][PASSED] - Object: 'Object Repository/Rizka/Admin/Admin - Manage Test - Quiz - Delete/btnCancel_v2' is clicked on

2020-06-22 13:22:39 - [TEST_STEP][PASSED] - delay(7): Delayed 7 second(s)

2020-06-22 13:22:46 - [MESSAGE][PASSED] - Delayed 7 second(s)

2020-06-22 13:22:46 - [TEST_STEP][PASSED] - setText(findTestObject("Rizka/Admin/Admin - Manage Test - Quiz - Delete/fieldSearch_v2"), namaSoal): Text 'COBA 1' is set on object 'Object Repository/Rizka/Admin/Admin - Manage Test - Quiz - Delete/fieldSearch_v2'

2020-06-22 13:22:47 - [MESSAGE][PASSED] - Text 'COBA 1' is set on object 'Object Repository/Rizka/Admin/Admin - Manage Test - Quiz - Delete/fieldSearch_v2'

2020-06-22 13:22:47 - [TEST_STEP][PASSED] - sendKeys(findTestObject("Rizka/Admin/Admin - Manage Test - Quiz - Delete/fieldSearch_v2"), Keys.chord(ENTER)): Keys 'ENTER + ' sent to object: 'Object Repository/Rizka/Admin/Admin - Manage Test - Quiz - Delete/fieldSearch_v2'

2020-06-22 13:22:47 - [MESSAGE][PASSED] - Keys 'ENTER + ' sent to object: 'Object Repository/Rizka/Admin/Admin - Manage Test - Quiz - Delete/fieldSearch_v2'

2020-06-22 13:22:47 - [TEST_STEP][PASSED] - delay(5): Delayed 5 second(s)

2020-06-22 13:22:52 - [MESSAGE][PASSED] - Delayed 5 second(s)

2020-06-22 13:22:52 - [TEST_STEP][PASSED] - verifyElementNotVisible(findTestObject("Rizka/Admin/Admin - Manage Test - Quiz - Delete/alertNoDataFound_v2")): Object 'Object Repository/Rizka/Admin/Admin - Manage Test - Quiz - Delete/alertNoDataFound_v2' is NOT visible

2020-06-22 13:22:53 - [MESSAGE][PASSED] - Object 'Object Repository/Rizka/Admin/Admin - Manage Test - Quiz - Delete/alertNoDataFound_v2' is NOT visible]]></system-out>
         <system-err><![CDATA[]]></system-err>
      </testcase>
      <testcase name="Test Cases/Rizka/Admin/Manage Test/Admin - Manage Test - Quiz - Delete" time="108.724" classname="Test Cases/Rizka/Admin/Manage Test/Admin - Manage Test - Quiz - Delete" status="PASSED">
         <system-out><![CDATA[2020-06-22 13:22:53 - [TEST_CASE][PASSED] - Test Cases/Rizka/Admin/Manage Test/Admin - Manage Test - Quiz - Delete: Test Cases/Rizka/Admin/Manage Test/Admin - Manage Test - Quiz - Delete

2020-06-22 13:22:53 - [TEST_STEP][PASSED] - callTestCase(findTestCase("Rizka/Admin/AdminMainLogin"), [:], STOP_ON_FAILURE): Call Test Case 'Test Cases/Rizka/Admin/AdminMainLogin' successfully

2020-06-22 13:22:53 - [TEST_CASE][PASSED] - Test Cases/Rizka/Admin/AdminMainLogin: Test Cases/Rizka/Admin/AdminMainLogin

2020-06-22 13:22:53 - [TEST_STEP][PASSED] - openBrowser("https://appsrv1.deltadatamandiri.com/ACC_LMS_WEB/#/admNLmn"): Browser is opened with url: 'https://appsrv1.deltadatamandiri.com/ACC_LMS_WEB/#/admNLmn'

2020-06-22 13:22:53 - [MESSAGE][WARNING] - A browser is already opened. Closing browser and opening a new one

2020-06-22 13:22:54 - [MESSAGE][INFO] - Starting 'Chrome' driver

2020-06-22 13:23:20 - [MESSAGE][PASSED] - Browser is opened with url: 'https://appsrv1.deltadatamandiri.com/ACC_LMS_WEB/#/admNLmn'

2020-06-22 13:23:20 - [TEST_STEP][PASSED] - maximizeWindow(): Current window maximized

2020-06-22 13:23:21 - [MESSAGE][PASSED] - Current window maximized

2020-06-22 13:23:21 - [TEST_STEP][PASSED] - delay(15): Delayed 15 second(s)

2020-06-22 13:23:36 - [MESSAGE][PASSED] - Delayed 15 second(s)

2020-06-22 13:23:36 - [TEST_STEP][PASSED] - click(findTestObject("Rizka/Admin/Admin - Login/btnLogin")): Object: 'Object Repository/Rizka/Admin/Admin - Login/btnLogin' is clicked on

2020-06-22 13:23:37 - [MESSAGE][PASSED] - Object: 'Object Repository/Rizka/Admin/Admin - Login/btnLogin' is clicked on

2020-06-22 13:23:37 - [TEST_STEP][PASSED] - setText(findTestObject("Rizka/Admin/Admin - Login/txtUsername"), "11666"): Text '11666' is set on object 'Object Repository/Rizka/Admin/Admin - Login/txtUsername'

2020-06-22 13:23:38 - [MESSAGE][PASSED] - Text '11666' is set on object 'Object Repository/Rizka/Admin/Admin - Login/txtUsername'

2020-06-22 13:23:38 - [TEST_STEP][PASSED] - setText(findTestObject("Rizka/Admin/Admin - Login/txtPassword"), "Password3"): Text 'Password3' is set on object 'Object Repository/Rizka/Admin/Admin - Login/txtPassword'

2020-06-22 13:23:39 - [MESSAGE][PASSED] - Text 'Password3' is set on object 'Object Repository/Rizka/Admin/Admin - Login/txtPassword'

2020-06-22 13:23:39 - [TEST_STEP][PASSED] - click(findTestObject("Rizka/Admin/Admin - Login/btnEyePass")): Object: 'Object Repository/Rizka/Admin/Admin - Login/btnEyePass' is clicked on

2020-06-22 13:23:39 - [MESSAGE][PASSED] - Object: 'Object Repository/Rizka/Admin/Admin - Login/btnEyePass' is clicked on

2020-06-22 13:23:39 - [TEST_STEP][PASSED] - click(findTestObject("Rizka/Admin/Admin - Login/checkboxRememberMe")): Object: 'Object Repository/Rizka/Admin/Admin - Login/checkboxRememberMe' is clicked on

2020-06-22 13:23:40 - [MESSAGE][PASSED] - Object: 'Object Repository/Rizka/Admin/Admin - Login/checkboxRememberMe' is clicked on

2020-06-22 13:23:40 - [TEST_STEP][PASSED] - click(findTestObject("Rizka/Admin/Admin - Login/btnLogin2")): Object: 'Object Repository/Rizka/Admin/Admin - Login/btnLogin2' is clicked on

2020-06-22 13:23:40 - [MESSAGE][PASSED] - Object: 'Object Repository/Rizka/Admin/Admin - Login/btnLogin2' is clicked on

2020-06-22 13:23:40 - [TEST_STEP][PASSED] - delay(15): Delayed 15 second(s)

2020-06-22 13:23:55 - [MESSAGE][PASSED] - Delayed 15 second(s)

2020-06-22 13:23:55 - [MESSAGE][PASSED] - Call Test Case 'Test Cases/Rizka/Admin/AdminMainLogin' successfully

2020-06-22 13:23:55 - [TEST_STEP][PASSED] - click(findTestObject("Rizka/Admin/Admin - Manage Test - Quiz - Delete/btnTestManagement_v2")): Object: 'Object Repository/Rizka/Admin/Admin - Manage Test - Quiz - Delete/btnTestManagement_v2' is clicked on

2020-06-22 13:23:56 - [MESSAGE][PASSED] - Object: 'Object Repository/Rizka/Admin/Admin - Manage Test - Quiz - Delete/btnTestManagement_v2' is clicked on

2020-06-22 13:23:56 - [TEST_STEP][PASSED] - delay(7): Delayed 7 second(s)

2020-06-22 13:24:03 - [MESSAGE][PASSED] - Delayed 7 second(s)

2020-06-22 13:24:03 - [TEST_STEP][PASSED] - click(findTestObject("Rizka/Admin/Admin - Manage Test - Quiz - Delete/btnQuiz_v2")): Object: 'Object Repository/Rizka/Admin/Admin - Manage Test - Quiz - Delete/btnQuiz_v2' is clicked on

2020-06-22 13:24:03 - [MESSAGE][PASSED] - Object: 'Object Repository/Rizka/Admin/Admin - Manage Test - Quiz - Delete/btnQuiz_v2' is clicked on

2020-06-22 13:24:03 - [TEST_STEP][PASSED] - delay(7): Delayed 7 second(s)

2020-06-22 13:24:10 - [MESSAGE][PASSED] - Delayed 7 second(s)

2020-06-22 13:24:10 - [TEST_STEP][PASSED] - setText(findTestObject("Rizka/Admin/Admin - Manage Test - Quiz - Delete/fieldSearch_v2"), namaSoal): Text '160708926' is set on object 'Object Repository/Rizka/Admin/Admin - Manage Test - Quiz - Delete/fieldSearch_v2'

2020-06-22 13:24:20 - [MESSAGE][PASSED] - Text '160708926' is set on object 'Object Repository/Rizka/Admin/Admin - Manage Test - Quiz - Delete/fieldSearch_v2'

2020-06-22 13:24:20 - [TEST_STEP][PASSED] - sendKeys(findTestObject("Rizka/Admin/Admin - Manage Test - Quiz - Delete/fieldSearch_v2"), Keys.chord(ENTER)): Keys 'ENTER + ' sent to object: 'Object Repository/Rizka/Admin/Admin - Manage Test - Quiz - Delete/fieldSearch_v2'

2020-06-22 13:24:21 - [MESSAGE][PASSED] - Keys 'ENTER + ' sent to object: 'Object Repository/Rizka/Admin/Admin - Manage Test - Quiz - Delete/fieldSearch_v2'

2020-06-22 13:24:21 - [TEST_STEP][PASSED] - delay(5): Delayed 5 second(s)

2020-06-22 13:24:26 - [MESSAGE][PASSED] - Delayed 5 second(s)

2020-06-22 13:24:26 - [TEST_STEP][PASSED] - click(findTestObject("Rizka/Admin/Admin - Manage Test - Quiz - Delete/btnSettings_v2")): Object: 'Object Repository/Rizka/Admin/Admin - Manage Test - Quiz - Delete/btnSettings_v2' is clicked on

2020-06-22 13:24:27 - [MESSAGE][PASSED] - Object: 'Object Repository/Rizka/Admin/Admin - Manage Test - Quiz - Delete/btnSettings_v2' is clicked on

2020-06-22 13:24:27 - [TEST_STEP][PASSED] - click(findTestObject("Rizka/Admin/Admin - Manage Test - Quiz - Delete/btnDelete_v2")): Object: 'Object Repository/Rizka/Admin/Admin - Manage Test - Quiz - Delete/btnDelete_v2' is clicked on

2020-06-22 13:24:27 - [MESSAGE][PASSED] - Object: 'Object Repository/Rizka/Admin/Admin - Manage Test - Quiz - Delete/btnDelete_v2' is clicked on

2020-06-22 13:24:27 - [TEST_STEP][PASSED] - if (condition == "passed"): Object 'Object Repository/Rizka/Admin/Admin - Manage Test - Quiz - Delete/alertNoDataFound_v2' is visible

2020-06-22 13:24:27 - [TEST_STEP][PASSED] - click(findTestObject("Rizka/Admin/Admin - Manage Test - Quiz - Delete/btnYes_v2")): Object: 'Object Repository/Rizka/Admin/Admin - Manage Test - Quiz - Delete/btnYes_v2' is clicked on

2020-06-22 13:24:28 - [MESSAGE][PASSED] - Object: 'Object Repository/Rizka/Admin/Admin - Manage Test - Quiz - Delete/btnYes_v2' is clicked on

2020-06-22 13:24:28 - [TEST_STEP][PASSED] - delay(7): Delayed 7 second(s)

2020-06-22 13:24:35 - [MESSAGE][PASSED] - Delayed 7 second(s)

2020-06-22 13:24:35 - [TEST_STEP][PASSED] - setText(findTestObject("Rizka/Admin/Admin - Manage Test - Quiz - Delete/fieldSearch_v2"), namaSoal): Text '160708926' is set on object 'Object Repository/Rizka/Admin/Admin - Manage Test - Quiz - Delete/fieldSearch_v2'

2020-06-22 13:24:36 - [MESSAGE][PASSED] - Text '160708926' is set on object 'Object Repository/Rizka/Admin/Admin - Manage Test - Quiz - Delete/fieldSearch_v2'

2020-06-22 13:24:36 - [TEST_STEP][PASSED] - sendKeys(findTestObject("Rizka/Admin/Admin - Manage Test - Quiz - Delete/fieldSearch_v2"), Keys.chord(ENTER)): Keys 'ENTER + ' sent to object: 'Object Repository/Rizka/Admin/Admin - Manage Test - Quiz - Delete/fieldSearch_v2'

2020-06-22 13:24:36 - [MESSAGE][PASSED] - Keys 'ENTER + ' sent to object: 'Object Repository/Rizka/Admin/Admin - Manage Test - Quiz - Delete/fieldSearch_v2'

2020-06-22 13:24:36 - [TEST_STEP][PASSED] - delay(5): Delayed 5 second(s)

2020-06-22 13:24:41 - [MESSAGE][PASSED] - Delayed 5 second(s)

2020-06-22 13:24:41 - [TEST_STEP][PASSED] - verifyElementVisible(findTestObject("Rizka/Admin/Admin - Manage Test - Quiz - Delete/alertNoDataFound_v2")): Object 'Object Repository/Rizka/Admin/Admin - Manage Test - Quiz - Delete/alertNoDataFound_v2' is visible

2020-06-22 13:24:42 - [MESSAGE][PASSED] - Object 'Object Repository/Rizka/Admin/Admin - Manage Test - Quiz - Delete/alertNoDataFound_v2' is visible]]></system-out>
         <system-err><![CDATA[]]></system-err>
      </testcase>
      <system-out><![CDATA[2020-06-22 13:20:44 - [TEST_SUITE][PASSED] - Admin - Manage Test - Quiz: Test Cases/Rizka/Admin/Manage Test/Admin - Manage Test - Quiz - Delete]]></system-out>
      <system-err><![CDATA[]]></system-err>
   </testsuite>
</testsuites>
