<?xml version="1.0" encoding="UTF-8"?>
<testsuites name="User - Ganti Password" time="180.19" tests="3" failures="0" errors="0">
   <testsuite name="User - Ganti Password" tests="3" failures="0" errors="0" time="180.19" timestamp="2020-05-22 17:50:38" hostname="Denna Leksanti - 192.168.152.1" id="Test Suites/Denna/User - Ganti Password">
      <properties>
         <property name="deviceName" value=""/>
         <property name="devicePlatform" value=""/>
         <property name="logFolder" value="C:\\Users\\Hari Sapto\\git\\LearningManagementWeb\\Reports\\20200522_175026\\Denna\\User - Ganti Password\\20200522_175026"/>
         <property name="logFiles" value="C:\\Users\\Hari Sapto\\git\\LearningManagementWeb\\Reports\\20200522_175026\\Denna\\User - Ganti Password\\20200522_175026\\execution0.log"/>
         <property name="attachments" value=""/>
         <property name="hostName" value="Denna Leksanti - 192.168.152.1"/>
         <property name="os" value="Windows 10 64bit"/>
         <property name="katalonVersion" value="7.0.8.1"/>
         <property name="browser" value="Chrome 81.0.4044.138"/>
         <property name="hostAddress" value="192.168.152.1"/>
         <property name="sessionId" value="3eb72727824b299e6472dc6dd9fc27ee"/>
         <property name="seleniumVersion" value="3.141.59"/>
         <property name="proxyInformation" value="ProxyInformation{proxyOption=NO_PROXY, proxyServerType=HTTP, password=, proxyServerAddress=, proxyServerPort=0}"/>
         <property name="platform" value="Windows 10"/>
      </properties>
      <testcase name="Test Cases/Denna/User - Ganti Password" time="57.46" classname="Test Cases/Denna/User - Ganti Password" status="PASSED">
         <system-out><![CDATA[2020-05-22 17:50:38 - [TEST_CASE][PASSED] - Test Cases/Denna/User - Ganti Password: Test Cases/Denna/User - Ganti Password

2020-05-22 17:50:39 - [TEST_STEP][PASSED] - callTestCase(findTestCase("Denna/Login(User)"), [:], STOP_ON_FAILURE): Call Test Case 'Test Cases/Denna/Login(User)' successfully

2020-05-22 17:50:39 - [TEST_CASE][PASSED] - Test Cases/Denna/Login(User): Test Cases/Denna/Login(User)

2020-05-22 17:50:39 - [TEST_STEP][PASSED] - openBrowser(""): Browser is opened with url: ''

2020-05-22 17:50:40 - [MESSAGE][INFO] - Starting 'Chrome' driver

2020-05-22 17:50:40 - [MESSAGE][INFO] - Action delay is set to 0 seconds

2020-05-22 17:50:51 - [MESSAGE][PASSED] - Browser is opened with url: ''

2020-05-22 17:50:51 - [TEST_STEP][PASSED] - navigateToUrl("https://appsrv1.deltadatamandiri.com/ACC_LMS_WEB/#/Main"): Navigate to 'https://appsrv1.deltadatamandiri.com/ACC_LMS_WEB/#/Main' successfully

2020-05-22 17:50:57 - [MESSAGE][PASSED] - Navigate to 'https://appsrv1.deltadatamandiri.com/ACC_LMS_WEB/#/Main' successfully

2020-05-22 17:50:57 - [TEST_STEP][PASSED] - maximizeWindow(): Current window maximized

2020-05-22 17:50:59 - [MESSAGE][PASSED] - Current window maximized

2020-05-22 17:50:59 - [TEST_STEP][PASSED] - click(findTestObject("Denna/User-Login/button login")): Object: 'Object Repository/Denna/User-Login/button login' is clicked on

2020-05-22 17:51:01 - [MESSAGE][PASSED] - Object: 'Object Repository/Denna/User-Login/button login' is clicked on

2020-05-22 17:51:01 - [TEST_STEP][PASSED] - setText(findTestObject("Denna/User-Login/input NPK username"), "14426"): Text '14426' is set on object 'Object Repository/Denna/User-Login/input NPK username'

2020-05-22 17:51:01 - [MESSAGE][PASSED] - Text '14426' is set on object 'Object Repository/Denna/User-Login/input NPK username'

2020-05-22 17:51:01 - [TEST_STEP][PASSED] - setText(findTestObject("Denna/User-Login/inputPassword"), "Password2"): Text 'Password2' is set on object 'Object Repository/Denna/User-Login/inputPassword'

2020-05-22 17:51:02 - [MESSAGE][PASSED] - Text 'Password2' is set on object 'Object Repository/Denna/User-Login/inputPassword'

2020-05-22 17:51:02 - [TEST_STEP][PASSED] - click(findTestObject("Denna/User-Login/button login 1 masuk")): Object: 'Object Repository/Denna/User-Login/button login 1 masuk' is clicked on

2020-05-22 17:51:02 - [MESSAGE][PASSED] - Object: 'Object Repository/Denna/User-Login/button login 1 masuk' is clicked on

2020-05-22 17:51:02 - [TEST_STEP][PASSED] - verifyElementVisible(findTestObject("Denna/User-Login/button_My Learning IconMy Learning")): Object 'Object Repository/Denna/User-Login/button_My Learning IconMy Learning' is visible

2020-05-22 17:51:19 - [MESSAGE][PASSED] - Object 'Object Repository/Denna/User-Login/button_My Learning IconMy Learning' is visible

2020-05-22 17:51:19 - [MESSAGE][PASSED] - Call Test Case 'Test Cases/Denna/Login(User)' successfully

2020-05-22 17:51:19 - [TEST_STEP][PASSED] - click(findTestObject("Object Repository/Denna/User - Ganti Password/profile")): Object: 'Object Repository/Denna/User - Ganti Password/profile' is clicked on

2020-05-22 17:51:20 - [MESSAGE][PASSED] - Object: 'Object Repository/Denna/User - Ganti Password/profile' is clicked on

2020-05-22 17:51:20 - [TEST_STEP][PASSED] - click(findTestObject("Object Repository/Denna/User - Ganti Password/button Ganti Password")): Object: 'Object Repository/Denna/User - Ganti Password/button Ganti Password' is clicked on

2020-05-22 17:51:22 - [MESSAGE][PASSED] - Object: 'Object Repository/Denna/User - Ganti Password/button Ganti Password' is clicked on

2020-05-22 17:51:22 - [TEST_STEP][PASSED] - setText(findTestObject("Object Repository/Denna/User - Ganti Password/input Current Password"), currentPassword): Text 'Password2' is set on object 'Object Repository/Denna/User - Ganti Password/input Current Password'

2020-05-22 17:51:27 - [MESSAGE][PASSED] - Text 'Password2' is set on object 'Object Repository/Denna/User - Ganti Password/input Current Password'

2020-05-22 17:51:27 - [TEST_STEP][PASSED] - setText(findTestObject("Object Repository/Denna/User - Ganti Password/input newPassword"), newPassword): Text 'Password3' is set on object 'Object Repository/Denna/User - Ganti Password/input newPassword'

2020-05-22 17:51:27 - [MESSAGE][PASSED] - Text 'Password3' is set on object 'Object Repository/Denna/User - Ganti Password/input newPassword'

2020-05-22 17:51:27 - [TEST_STEP][PASSED] - setText(findTestObject("Object Repository/Denna/User - Ganti Password/input confirmNewPassword"), confirmPassword): Text 'Password3' is set on object 'Object Repository/Denna/User - Ganti Password/input confirmNewPassword'

2020-05-22 17:51:28 - [MESSAGE][PASSED] - Text 'Password3' is set on object 'Object Repository/Denna/User - Ganti Password/input confirmNewPassword'

2020-05-22 17:51:28 - [TEST_STEP][PASSED] - click(findTestObject("Object Repository/Denna/User - Ganti Password/button Submit new Password")): Object: 'Object Repository/Denna/User - Ganti Password/button Submit new Password' is clicked on

2020-05-22 17:51:28 - [MESSAGE][PASSED] - Object: 'Object Repository/Denna/User - Ganti Password/button Submit new Password' is clicked on

2020-05-22 17:51:28 - [TEST_STEP][PASSED] - switch (kondisi): null

2020-05-22 17:51:28 - [TEST_STEP][PASSED] - case "fail":: null

2020-05-22 17:51:28 - [TEST_STEP][PASSED] - if (keterangan == "emptyAll"): null

2020-05-22 17:51:28 - [TEST_STEP][PASSED] - else if (keterangan == "emptyCurrentPassword"): null

2020-05-22 17:51:28 - [TEST_STEP][PASSED] - else if (keterangan == "emptyNewPassword"): null

2020-05-22 17:51:28 - [TEST_STEP][PASSED] - else if (keterangan == "emptyConfirmPassword"): null

2020-05-22 17:51:28 - [TEST_STEP][PASSED] - else if (keterangan == "invalidCurrentPassword"): null

2020-05-22 17:51:28 - [TEST_STEP][PASSED] - else if (keterangan == "invalidNewPassword"): null

2020-05-22 17:51:28 - [TEST_STEP][PASSED] - else if (keterangan == "notMatch"): null

2020-05-22 17:51:28 - [TEST_STEP][PASSED] - else if (keterangan == "cancel"): Object: 'Object Repository/Denna/User - Ganti Password/button Batal' is clicked on

2020-05-22 17:51:28 - [TEST_STEP][PASSED] - delay(3): Delayed 3 second(s)

2020-05-22 17:51:31 - [MESSAGE][PASSED] - Delayed 3 second(s)

2020-05-22 17:51:31 - [TEST_STEP][PASSED] - click(findTestObject("Denna/User - Ganti Password/button Batal")): Object: 'Object Repository/Denna/User - Ganti Password/button Batal' is clicked on

2020-05-22 17:51:32 - [MESSAGE][PASSED] - Object: 'Object Repository/Denna/User - Ganti Password/button Batal' is clicked on

2020-05-22 17:51:32 - [TEST_STEP][PASSED] - break: null

2020-05-22 17:51:32 - [TEST_STEP][PASSED] - closeBrowser(): Browser is closed

2020-05-22 17:51:36 - [MESSAGE][PASSED] - Browser is closed]]></system-out>
         <system-err><![CDATA[]]></system-err>
      </testcase>
      <testcase name="Test Cases/Denna/User - Ganti Password" time="59.486" classname="Test Cases/Denna/User - Ganti Password" status="PASSED">
         <system-out><![CDATA[2020-05-22 17:51:36 - [TEST_CASE][PASSED] - Test Cases/Denna/User - Ganti Password: Test Cases/Denna/User - Ganti Password

2020-05-22 17:51:36 - [TEST_STEP][PASSED] - callTestCase(findTestCase("Denna/Login(User)"), [:], STOP_ON_FAILURE): Call Test Case 'Test Cases/Denna/Login(User)' successfully

2020-05-22 17:51:36 - [TEST_CASE][PASSED] - Test Cases/Denna/Login(User): Test Cases/Denna/Login(User)

2020-05-22 17:51:36 - [TEST_STEP][PASSED] - openBrowser(""): Browser is opened with url: ''

2020-05-22 17:51:36 - [MESSAGE][INFO] - Starting 'Chrome' driver

2020-05-22 17:51:48 - [MESSAGE][PASSED] - Browser is opened with url: ''

2020-05-22 17:51:48 - [TEST_STEP][PASSED] - navigateToUrl("https://appsrv1.deltadatamandiri.com/ACC_LMS_WEB/#/Main"): Navigate to 'https://appsrv1.deltadatamandiri.com/ACC_LMS_WEB/#/Main' successfully

2020-05-22 17:51:54 - [MESSAGE][PASSED] - Navigate to 'https://appsrv1.deltadatamandiri.com/ACC_LMS_WEB/#/Main' successfully

2020-05-22 17:51:54 - [TEST_STEP][PASSED] - maximizeWindow(): Current window maximized

2020-05-22 17:51:57 - [MESSAGE][PASSED] - Current window maximized

2020-05-22 17:51:57 - [TEST_STEP][PASSED] - click(findTestObject("Denna/User-Login/button login")): Object: 'Object Repository/Denna/User-Login/button login' is clicked on

2020-05-22 17:51:59 - [MESSAGE][PASSED] - Object: 'Object Repository/Denna/User-Login/button login' is clicked on

2020-05-22 17:51:59 - [TEST_STEP][PASSED] - setText(findTestObject("Denna/User-Login/input NPK username"), "14426"): Text '14426' is set on object 'Object Repository/Denna/User-Login/input NPK username'

2020-05-22 17:52:00 - [MESSAGE][PASSED] - Text '14426' is set on object 'Object Repository/Denna/User-Login/input NPK username'

2020-05-22 17:52:00 - [TEST_STEP][PASSED] - setText(findTestObject("Denna/User-Login/inputPassword"), "Password2"): Text 'Password2' is set on object 'Object Repository/Denna/User-Login/inputPassword'

2020-05-22 17:52:00 - [MESSAGE][PASSED] - Text 'Password2' is set on object 'Object Repository/Denna/User-Login/inputPassword'

2020-05-22 17:52:00 - [TEST_STEP][PASSED] - click(findTestObject("Denna/User-Login/button login 1 masuk")): Object: 'Object Repository/Denna/User-Login/button login 1 masuk' is clicked on

2020-05-22 17:52:00 - [MESSAGE][PASSED] - Object: 'Object Repository/Denna/User-Login/button login 1 masuk' is clicked on

2020-05-22 17:52:00 - [TEST_STEP][PASSED] - verifyElementVisible(findTestObject("Denna/User-Login/button_My Learning IconMy Learning")): Object 'Object Repository/Denna/User-Login/button_My Learning IconMy Learning' is visible

2020-05-22 17:52:17 - [MESSAGE][PASSED] - Object 'Object Repository/Denna/User-Login/button_My Learning IconMy Learning' is visible

2020-05-22 17:52:17 - [MESSAGE][PASSED] - Call Test Case 'Test Cases/Denna/Login(User)' successfully

2020-05-22 17:52:17 - [TEST_STEP][PASSED] - click(findTestObject("Object Repository/Denna/User - Ganti Password/profile")): Object: 'Object Repository/Denna/User - Ganti Password/profile' is clicked on

2020-05-22 17:52:18 - [MESSAGE][PASSED] - Object: 'Object Repository/Denna/User - Ganti Password/profile' is clicked on

2020-05-22 17:52:18 - [TEST_STEP][PASSED] - click(findTestObject("Object Repository/Denna/User - Ganti Password/button Ganti Password")): Object: 'Object Repository/Denna/User - Ganti Password/button Ganti Password' is clicked on

2020-05-22 17:52:20 - [MESSAGE][PASSED] - Object: 'Object Repository/Denna/User - Ganti Password/button Ganti Password' is clicked on

2020-05-22 17:52:20 - [TEST_STEP][PASSED] - setText(findTestObject("Object Repository/Denna/User - Ganti Password/input Current Password"), currentPassword): Text 'Password2' is set on object 'Object Repository/Denna/User - Ganti Password/input Current Password'

2020-05-22 17:52:24 - [MESSAGE][PASSED] - Text 'Password2' is set on object 'Object Repository/Denna/User - Ganti Password/input Current Password'

2020-05-22 17:52:24 - [TEST_STEP][PASSED] - setText(findTestObject("Object Repository/Denna/User - Ganti Password/input newPassword"), newPassword): Text 'Password3' is set on object 'Object Repository/Denna/User - Ganti Password/input newPassword'

2020-05-22 17:52:25 - [MESSAGE][PASSED] - Text 'Password3' is set on object 'Object Repository/Denna/User - Ganti Password/input newPassword'

2020-05-22 17:52:25 - [TEST_STEP][PASSED] - setText(findTestObject("Object Repository/Denna/User - Ganti Password/input confirmNewPassword"), confirmPassword): Text 'Password3' is set on object 'Object Repository/Denna/User - Ganti Password/input confirmNewPassword'

2020-05-22 17:52:25 - [MESSAGE][PASSED] - Text 'Password3' is set on object 'Object Repository/Denna/User - Ganti Password/input confirmNewPassword'

2020-05-22 17:52:25 - [TEST_STEP][PASSED] - click(findTestObject("Object Repository/Denna/User - Ganti Password/button Submit new Password")): Object: 'Object Repository/Denna/User - Ganti Password/button Submit new Password' is clicked on

2020-05-22 17:52:25 - [MESSAGE][PASSED] - Object: 'Object Repository/Denna/User - Ganti Password/button Submit new Password' is clicked on

2020-05-22 17:52:25 - [TEST_STEP][PASSED] - switch (kondisi): null

2020-05-22 17:52:25 - [TEST_STEP][PASSED] - case "fail":: null

2020-05-22 17:52:25 - [TEST_STEP][PASSED] - if (keterangan == "emptyAll"): null

2020-05-22 17:52:25 - [TEST_STEP][PASSED] - else if (keterangan == "emptyCurrentPassword"): null

2020-05-22 17:52:25 - [TEST_STEP][PASSED] - else if (keterangan == "emptyNewPassword"): null

2020-05-22 17:52:25 - [TEST_STEP][PASSED] - else if (keterangan == "emptyConfirmPassword"): null

2020-05-22 17:52:25 - [TEST_STEP][PASSED] - else if (keterangan == "invalidCurrentPassword"): null

2020-05-22 17:52:25 - [TEST_STEP][PASSED] - else if (keterangan == "invalidNewPassword"): null

2020-05-22 17:52:25 - [TEST_STEP][PASSED] - else if (keterangan == "notMatch"): null

2020-05-22 17:52:25 - [TEST_STEP][PASSED] - else if (keterangan == "cancel"): null

2020-05-22 17:52:25 - [TEST_STEP][PASSED] - else if (keterangan == "wrongOTP"): Object 'Object Repository/Denna/User - Ganti Password/label_Account Confirmation' is visible

2020-05-22 17:52:25 - [TEST_STEP][PASSED] - setText(findTestObject("Object Repository/Denna/User - Ganti Password/input_Kode OTP_text1"), otp1): Text '9' is set on object 'Object Repository/Denna/User - Ganti Password/input_Kode OTP_text1'

2020-05-22 17:52:30 - [MESSAGE][PASSED] - Text '9' is set on object 'Object Repository/Denna/User - Ganti Password/input_Kode OTP_text1'

2020-05-22 17:52:30 - [TEST_STEP][PASSED] - setText(findTestObject("Object Repository/Denna/User - Ganti Password/input_Kode OTP_text2"), otp2): Text '6' is set on object 'Object Repository/Denna/User - Ganti Password/input_Kode OTP_text2'

2020-05-22 17:52:30 - [MESSAGE][PASSED] - Text '6' is set on object 'Object Repository/Denna/User - Ganti Password/input_Kode OTP_text2'

2020-05-22 17:52:30 - [TEST_STEP][PASSED] - setText(findTestObject("Object Repository/Denna/User - Ganti Password/input_Kode OTP_text3"), otp3): Text '8' is set on object 'Object Repository/Denna/User - Ganti Password/input_Kode OTP_text3'

2020-05-22 17:52:31 - [MESSAGE][PASSED] - Text '8' is set on object 'Object Repository/Denna/User - Ganti Password/input_Kode OTP_text3'

2020-05-22 17:52:31 - [TEST_STEP][PASSED] - setText(findTestObject("Object Repository/Denna/User - Ganti Password/input_Kode OTP_text4"), otp4): Text '5' is set on object 'Object Repository/Denna/User - Ganti Password/input_Kode OTP_text4'

2020-05-22 17:52:31 - [MESSAGE][PASSED] - Text '5' is set on object 'Object Repository/Denna/User - Ganti Password/input_Kode OTP_text4'

2020-05-22 17:52:31 - [TEST_STEP][PASSED] - setText(findTestObject("Object Repository/Denna/User - Ganti Password/input_Kode OTP_text5"), otp5): Text '2' is set on object 'Object Repository/Denna/User - Ganti Password/input_Kode OTP_text5'

2020-05-22 17:52:32 - [MESSAGE][PASSED] - Text '2' is set on object 'Object Repository/Denna/User - Ganti Password/input_Kode OTP_text5'

2020-05-22 17:52:32 - [TEST_STEP][PASSED] - setText(findTestObject("Object Repository/Denna/User - Ganti Password/input_Kode OTP_text6"), otp6): Text '6' is set on object 'Object Repository/Denna/User - Ganti Password/input_Kode OTP_text6'

2020-05-22 17:52:33 - [MESSAGE][PASSED] - Text '6' is set on object 'Object Repository/Denna/User - Ganti Password/input_Kode OTP_text6'

2020-05-22 17:52:33 - [TEST_STEP][PASSED] - click(findTestObject("Object Repository/Denna/User - Ganti Password/button Konfirmasi")): Object: 'Object Repository/Denna/User - Ganti Password/button Konfirmasi' is clicked on

2020-05-22 17:52:33 - [MESSAGE][PASSED] - Object: 'Object Repository/Denna/User - Ganti Password/button Konfirmasi' is clicked on

2020-05-22 17:52:33 - [TEST_STEP][PASSED] - verifyElementVisible(findTestObject("Denna/User - Ganti Password/label_Account Confirmation")): Object 'Object Repository/Denna/User - Ganti Password/label_Account Confirmation' is visible

2020-05-22 17:52:34 - [MESSAGE][PASSED] - Object 'Object Repository/Denna/User - Ganti Password/label_Account Confirmation' is visible

2020-05-22 17:52:34 - [TEST_STEP][PASSED] - break: null

2020-05-22 17:52:34 - [TEST_STEP][PASSED] - closeBrowser(): Browser is closed

2020-05-22 17:52:35 - [MESSAGE][PASSED] - Browser is closed]]></system-out>
         <system-err><![CDATA[]]></system-err>
      </testcase>
      <testcase name="Test Cases/Denna/User - Ganti Password" time="61.469" classname="Test Cases/Denna/User - Ganti Password" status="PASSED">
         <system-out><![CDATA[2020-05-22 17:52:35 - [TEST_CASE][PASSED] - Test Cases/Denna/User - Ganti Password: Test Cases/Denna/User - Ganti Password

2020-05-22 17:52:35 - [TEST_STEP][PASSED] - callTestCase(findTestCase("Denna/Login(User)"), [:], STOP_ON_FAILURE): Call Test Case 'Test Cases/Denna/Login(User)' successfully

2020-05-22 17:52:35 - [TEST_CASE][PASSED] - Test Cases/Denna/Login(User): Test Cases/Denna/Login(User)

2020-05-22 17:52:35 - [TEST_STEP][PASSED] - openBrowser(""): Browser is opened with url: ''

2020-05-22 17:52:35 - [MESSAGE][INFO] - Starting 'Chrome' driver

2020-05-22 17:52:47 - [MESSAGE][PASSED] - Browser is opened with url: ''

2020-05-22 17:52:47 - [TEST_STEP][PASSED] - navigateToUrl("https://appsrv1.deltadatamandiri.com/ACC_LMS_WEB/#/Main"): Navigate to 'https://appsrv1.deltadatamandiri.com/ACC_LMS_WEB/#/Main' successfully

2020-05-22 17:52:54 - [MESSAGE][PASSED] - Navigate to 'https://appsrv1.deltadatamandiri.com/ACC_LMS_WEB/#/Main' successfully

2020-05-22 17:52:54 - [TEST_STEP][PASSED] - maximizeWindow(): Current window maximized

2020-05-22 17:52:56 - [MESSAGE][PASSED] - Current window maximized

2020-05-22 17:52:56 - [TEST_STEP][PASSED] - click(findTestObject("Denna/User-Login/button login")): Object: 'Object Repository/Denna/User-Login/button login' is clicked on

2020-05-22 17:52:57 - [MESSAGE][ERROR] - javascript error: Failed to execute 'elementsFromPoint' on 'Document': The provided double value is non-finite.
  (Session info: chrome=81.0.4044.138)
Build info: version: '3.141.59', revision: 'e82be7d358', time: '2018-11-14T08:25:53'
System info: host: 'DESKTOP-ETRGFK2', ip: '192.168.152.1', os.name: 'Windows 10', os.arch: 'amd64', os.version: '10.0', java.version: '1.8.0_181'
Driver info: com.kms.katalon.selenium.driver.CChromeDriver
Capabilities {acceptInsecureCerts: false, browserName: chrome, browserVersion: 81.0.4044.138, chrome: {chromedriverVersion: 81.0.4044.138 (8c6c7ba89cc9..., userDataDir: C:\Users\HARISA~1\AppData\L...}, goog:chromeOptions: {debuggerAddress: localhost:10309}, javascriptEnabled: true, networkConnectionEnabled: false, pageLoadStrategy: normal, platform: WINDOWS, platformName: WINDOWS, proxy: Proxy(), setWindowRect: true, strictFileInteractability: false, timeouts: {implicit: 0, pageLoad: 300000, script: 30000}, unhandledPromptBehavior: dismiss and notify, webauthn:virtualAuthenticators: true}
Session ID: 3eb72727824b299e6472dc6dd9fc27ee

2020-05-22 17:52:58 - [MESSAGE][PASSED] - Object: 'Object Repository/Denna/User-Login/button login' is clicked on

2020-05-22 17:52:58 - [TEST_STEP][PASSED] - setText(findTestObject("Denna/User-Login/input NPK username"), "14426"): Text '14426' is set on object 'Object Repository/Denna/User-Login/input NPK username'

2020-05-22 17:52:59 - [MESSAGE][PASSED] - Text '14426' is set on object 'Object Repository/Denna/User-Login/input NPK username'

2020-05-22 17:52:59 - [TEST_STEP][PASSED] - setText(findTestObject("Denna/User-Login/inputPassword"), "Password2"): Text 'Password2' is set on object 'Object Repository/Denna/User-Login/inputPassword'

2020-05-22 17:52:59 - [MESSAGE][PASSED] - Text 'Password2' is set on object 'Object Repository/Denna/User-Login/inputPassword'

2020-05-22 17:52:59 - [TEST_STEP][PASSED] - click(findTestObject("Denna/User-Login/button login 1 masuk")): Object: 'Object Repository/Denna/User-Login/button login 1 masuk' is clicked on

2020-05-22 17:53:00 - [MESSAGE][PASSED] - Object: 'Object Repository/Denna/User-Login/button login 1 masuk' is clicked on

2020-05-22 17:53:00 - [TEST_STEP][PASSED] - verifyElementVisible(findTestObject("Denna/User-Login/button_My Learning IconMy Learning")): Object 'Object Repository/Denna/User-Login/button_My Learning IconMy Learning' is visible

2020-05-22 17:53:16 - [MESSAGE][PASSED] - Object 'Object Repository/Denna/User-Login/button_My Learning IconMy Learning' is visible

2020-05-22 17:53:16 - [MESSAGE][PASSED] - Call Test Case 'Test Cases/Denna/Login(User)' successfully

2020-05-22 17:53:16 - [TEST_STEP][PASSED] - click(findTestObject("Object Repository/Denna/User - Ganti Password/profile")): Object: 'Object Repository/Denna/User - Ganti Password/profile' is clicked on

2020-05-22 17:53:16 - [MESSAGE][PASSED] - Object: 'Object Repository/Denna/User - Ganti Password/profile' is clicked on

2020-05-22 17:53:16 - [TEST_STEP][PASSED] - click(findTestObject("Object Repository/Denna/User - Ganti Password/button Ganti Password")): Object: 'Object Repository/Denna/User - Ganti Password/button Ganti Password' is clicked on

2020-05-22 17:53:18 - [MESSAGE][PASSED] - Object: 'Object Repository/Denna/User - Ganti Password/button Ganti Password' is clicked on

2020-05-22 17:53:18 - [TEST_STEP][PASSED] - setText(findTestObject("Object Repository/Denna/User - Ganti Password/input Current Password"), currentPassword): Text 'Password2' is set on object 'Object Repository/Denna/User - Ganti Password/input Current Password'

2020-05-22 17:53:22 - [MESSAGE][PASSED] - Text 'Password2' is set on object 'Object Repository/Denna/User - Ganti Password/input Current Password'

2020-05-22 17:53:22 - [TEST_STEP][PASSED] - setText(findTestObject("Object Repository/Denna/User - Ganti Password/input newPassword"), newPassword): Text 'Password3' is set on object 'Object Repository/Denna/User - Ganti Password/input newPassword'

2020-05-22 17:53:23 - [MESSAGE][PASSED] - Text 'Password3' is set on object 'Object Repository/Denna/User - Ganti Password/input newPassword'

2020-05-22 17:53:23 - [TEST_STEP][PASSED] - setText(findTestObject("Object Repository/Denna/User - Ganti Password/input confirmNewPassword"), confirmPassword): Text 'Password3' is set on object 'Object Repository/Denna/User - Ganti Password/input confirmNewPassword'

2020-05-22 17:53:23 - [MESSAGE][PASSED] - Text 'Password3' is set on object 'Object Repository/Denna/User - Ganti Password/input confirmNewPassword'

2020-05-22 17:53:23 - [TEST_STEP][PASSED] - click(findTestObject("Object Repository/Denna/User - Ganti Password/button Submit new Password")): Object: 'Object Repository/Denna/User - Ganti Password/button Submit new Password' is clicked on

2020-05-22 17:53:23 - [MESSAGE][PASSED] - Object: 'Object Repository/Denna/User - Ganti Password/button Submit new Password' is clicked on

2020-05-22 17:53:23 - [TEST_STEP][PASSED] - switch (kondisi): null

2020-05-22 17:53:23 - [TEST_STEP][PASSED] - case "pass":: null

2020-05-22 17:53:23 - [TEST_STEP][PASSED] - setText(findTestObject("Object Repository/Denna/User - Ganti Password/input_Kode OTP_text1"), otp1): Text '2' is set on object 'Object Repository/Denna/User - Ganti Password/input_Kode OTP_text1'

2020-05-22 17:53:28 - [MESSAGE][PASSED] - Text '2' is set on object 'Object Repository/Denna/User - Ganti Password/input_Kode OTP_text1'

2020-05-22 17:53:28 - [TEST_STEP][PASSED] - setText(findTestObject("Object Repository/Denna/User - Ganti Password/input_Kode OTP_text2"), otp2): Text '4' is set on object 'Object Repository/Denna/User - Ganti Password/input_Kode OTP_text2'

2020-05-22 17:53:29 - [MESSAGE][PASSED] - Text '4' is set on object 'Object Repository/Denna/User - Ganti Password/input_Kode OTP_text2'

2020-05-22 17:53:29 - [TEST_STEP][PASSED] - setText(findTestObject("Object Repository/Denna/User - Ganti Password/input_Kode OTP_text3"), otp3): Text '9' is set on object 'Object Repository/Denna/User - Ganti Password/input_Kode OTP_text3'

2020-05-22 17:53:29 - [MESSAGE][PASSED] - Text '9' is set on object 'Object Repository/Denna/User - Ganti Password/input_Kode OTP_text3'

2020-05-22 17:53:29 - [TEST_STEP][PASSED] - setText(findTestObject("Object Repository/Denna/User - Ganti Password/input_Kode OTP_text4"), otp4): Text '9' is set on object 'Object Repository/Denna/User - Ganti Password/input_Kode OTP_text4'

2020-05-22 17:53:30 - [MESSAGE][PASSED] - Text '9' is set on object 'Object Repository/Denna/User - Ganti Password/input_Kode OTP_text4'

2020-05-22 17:53:30 - [TEST_STEP][PASSED] - setText(findTestObject("Object Repository/Denna/User - Ganti Password/input_Kode OTP_text5"), otp5): Text '2' is set on object 'Object Repository/Denna/User - Ganti Password/input_Kode OTP_text5'

2020-05-22 17:53:31 - [MESSAGE][PASSED] - Text '2' is set on object 'Object Repository/Denna/User - Ganti Password/input_Kode OTP_text5'

2020-05-22 17:53:31 - [TEST_STEP][PASSED] - setText(findTestObject("Object Repository/Denna/User - Ganti Password/input_Kode OTP_text6"), otp6): Text '1' is set on object 'Object Repository/Denna/User - Ganti Password/input_Kode OTP_text6'

2020-05-22 17:53:31 - [MESSAGE][PASSED] - Text '1' is set on object 'Object Repository/Denna/User - Ganti Password/input_Kode OTP_text6'

2020-05-22 17:53:31 - [TEST_STEP][PASSED] - click(findTestObject("Object Repository/Denna/User - Ganti Password/button Konfirmasi")): Object: 'Object Repository/Denna/User - Ganti Password/button Konfirmasi' is clicked on

2020-05-22 17:53:31 - [MESSAGE][PASSED] - Object: 'Object Repository/Denna/User - Ganti Password/button Konfirmasi' is clicked on

2020-05-22 17:53:31 - [TEST_STEP][NOT_RUN] - delay(3): NOT_RUN: delay(3)

2020-05-22 17:53:31 - [MESSAGE][NOT_RUN] - NOT_RUN: delay(3)

2020-05-22 17:53:31 - [TEST_STEP][PASSED] - verifyElementVisible(findTestObject("Denna/User - Ganti Password/label Password telah di Update")): Object 'Object Repository/Denna/User - Ganti Password/label Password telah di Update' is visible

2020-05-22 17:53:35 - [MESSAGE][PASSED] - Object 'Object Repository/Denna/User - Ganti Password/label Password telah di Update' is visible

2020-05-22 17:53:35 - [TEST_STEP][PASSED] - break: null

2020-05-22 17:53:35 - [TEST_STEP][PASSED] - closeBrowser(): Browser is closed

2020-05-22 17:53:37 - [MESSAGE][PASSED] - Browser is closed]]></system-out>
         <system-err><![CDATA[]]></system-err>
      </testcase>
      <system-out><![CDATA[2020-05-22 17:50:38 - [TEST_SUITE][PASSED] - User - Ganti Password: Test Cases/Denna/User - Ganti Password]]></system-out>
      <system-err><![CDATA[]]></system-err>
   </testsuite>
</testsuites>
