<?xml version="1.0" encoding="UTF-8"?>
<testsuites name="Manage Pretest" time="96.89" tests="1" failures="0" errors="0">
   <testsuite name="Manage Pretest" tests="1" failures="0" errors="0" time="96.89" timestamp="2020-06-17 15:52:30" hostname="ASUS - LAPTOP-D0TPACJ1" id="Test Suites/Christi/Manage Pretest">
      <properties>
         <property name="deviceName" value=""/>
         <property name="devicePlatform" value=""/>
         <property name="logFolder" value="C:\\Users\\ASUS\\git\\LearningManagementWebs\\Reports\\20200617_155220\\Christi\\Manage Pretest\\20200617_155220"/>
         <property name="logFiles" value="C:\\Users\\ASUS\\git\\LearningManagementWebs\\Reports\\20200617_155220\\Christi\\Manage Pretest\\20200617_155220\\execution0.log"/>
         <property name="attachments" value=""/>
         <property name="hostName" value="ASUS - LAPTOP-D0TPACJ1"/>
         <property name="os" value="Windows 10 64bit"/>
         <property name="katalonVersion" value="7.0.10.1"/>
         <property name="browser" value="Chrome 83.0.4103.106"/>
         <property name="hostAddress" value="192.168.100.227"/>
         <property name="sessionId" value="21f8597eb346824c097f6be258aa5fb3"/>
         <property name="seleniumVersion" value="3.141.59"/>
         <property name="proxyInformation" value="ProxyInformation{proxyOption=NO_PROXY, proxyServerType=HTTP, password=, proxyServerAddress=, proxyServerPort=0}"/>
         <property name="platform" value="Windows 10"/>
      </properties>
      <testcase name="Test Cases/Christi/Admin/Pretest PostTest - Download CSV" time="95.89" classname="Test Cases/Christi/Admin/Pretest PostTest - Download CSV" status="PASSED">
         <system-out><![CDATA[2020-06-17 15:52:31 - [TEST_CASE][PASSED] - Test Cases/Christi/Admin/Pretest PostTest - Download CSV: Test Cases/Christi/Admin/Pretest PostTest - Download CSV

2020-06-17 15:52:32 - [TEST_STEP][PASSED] - callTestCase(findTestCase("Christi/Admin/admin login"), ["username":"11666", "password":"Password3"], STOP_ON_FAILURE): Call Test Case 'Test Cases/Christi/Admin/admin login' successfully

2020-06-17 15:52:33 - [TEST_CASE][PASSED] - Test Cases/Christi/Admin/admin login: Test Cases/Christi/Admin/admin login

2020-06-17 15:52:33 - [TEST_STEP][PASSED] - openBrowser(""): Browser is opened with url: ''

2020-06-17 15:52:34 - [MESSAGE][INFO] - Starting 'Chrome' driver

2020-06-17 15:52:34 - [MESSAGE][INFO] - Action delay is set to 0 seconds

2020-06-17 15:52:40 - [MESSAGE][PASSED] - Browser is opened with url: ''

2020-06-17 15:52:40 - [TEST_STEP][PASSED] - navigateToUrl("https://appsrv1.deltadatamandiri.com/ACC_LMS_WEB/#/admNLmn"): Navigate to 'https://appsrv1.deltadatamandiri.com/ACC_LMS_WEB/#/admNLmn' successfully

2020-06-17 15:52:54 - [MESSAGE][PASSED] - Navigate to 'https://appsrv1.deltadatamandiri.com/ACC_LMS_WEB/#/admNLmn' successfully

2020-06-17 15:52:54 - [TEST_STEP][PASSED] - click(findTestObject("Christi/Page_Main/button_login")): Object: 'Object Repository/Christi/Page_Main/button_login' is clicked on

2020-06-17 15:52:59 - [MESSAGE][ERROR] - javascript error: Failed to execute 'elementsFromPoint' on 'Document': The provided double value is non-finite.
  (Session info: chrome=83.0.4103.106)
Build info: version: '3.141.59', revision: 'e82be7d358', time: '2018-11-14T08:25:53'
System info: host: 'LAPTOP-D0TPACJ1', ip: '192.168.100.227', os.name: 'Windows 10', os.arch: 'amd64', os.version: '10.0', java.version: '1.8.0_181'
Driver info: com.kms.katalon.selenium.driver.CChromeDriver
Capabilities {acceptInsecureCerts: false, browserName: chrome, browserVersion: 83.0.4103.106, chrome: {chromedriverVersion: 83.0.4103.39 (ccbf011cb2d2b..., userDataDir: C:\Users\ASUS\AppData\Local...}, goog:chromeOptions: {debuggerAddress: localhost:57138}, javascriptEnabled: true, networkConnectionEnabled: false, pageLoadStrategy: normal, platform: WINDOWS, platformName: WINDOWS, proxy: Proxy(), setWindowRect: true, strictFileInteractability: false, timeouts: {implicit: 0, pageLoad: 300000, script: 30000}, unhandledPromptBehavior: dismiss and notify, webauthn:virtualAuthenticators: true}
Session ID: 21f8597eb346824c097f6be258aa5fb3

2020-06-17 15:53:00 - [MESSAGE][PASSED] - Object: 'Object Repository/Christi/Page_Main/button_login' is clicked on

2020-06-17 15:53:00 - [TEST_STEP][PASSED] - delay(3): Delayed 3 second(s)

2020-06-17 15:53:03 - [MESSAGE][PASSED] - Delayed 3 second(s)

2020-06-17 15:53:03 - [TEST_STEP][PASSED] - setText(findTestObject("Object Repository/Christi/Page_Main/input_NPK_username"), username): Text '11666' is set on object 'Object Repository/Christi/Page_Main/input_NPK_username'

2020-06-17 15:53:04 - [MESSAGE][PASSED] - Text '11666' is set on object 'Object Repository/Christi/Page_Main/input_NPK_username'

2020-06-17 15:53:04 - [TEST_STEP][PASSED] - setText(findTestObject("Object Repository/Christi/Page_Main/input_Password_password"), password): Text 'Password3' is set on object 'Object Repository/Christi/Page_Main/input_Password_password'

2020-06-17 15:53:04 - [MESSAGE][PASSED] - Text 'Password3' is set on object 'Object Repository/Christi/Page_Main/input_Password_password'

2020-06-17 15:53:04 - [TEST_STEP][PASSED] - delay(5): Delayed 5 second(s)

2020-06-17 15:53:09 - [MESSAGE][PASSED] - Delayed 5 second(s)

2020-06-17 15:53:09 - [TEST_STEP][PASSED] - click(findTestObject("Rizka/Admin/Admin - Login/btnLogin2")): Object: 'Object Repository/Rizka/Admin/Admin - Login/btnLogin2' is clicked on

2020-06-17 15:53:10 - [MESSAGE][PASSED] - Object: 'Object Repository/Rizka/Admin/Admin - Login/btnLogin2' is clicked on

2020-06-17 15:53:10 - [TEST_STEP][PASSED] - delay(5): Delayed 5 second(s)

2020-06-17 15:53:15 - [MESSAGE][PASSED] - Delayed 5 second(s)

2020-06-17 15:53:15 - [MESSAGE][PASSED] - Call Test Case 'Test Cases/Christi/Admin/admin login' successfully

2020-06-17 15:53:15 - [TEST_STEP][PASSED] - delay(3): Delayed 3 second(s)

2020-06-17 15:53:18 - [MESSAGE][PASSED] - Delayed 3 second(s)

2020-06-17 15:53:18 - [TEST_STEP][PASSED] - verifyElementPresent(findTestObject("Christi/Page_Dashboard Admin/button_Test Management"), 0): Object 'Object Repository/Christi/Page_Dashboard Admin/button_Test Management' is present

2020-06-17 15:53:18 - [MESSAGE][WARNING] - Timeout '0' is invalid. Using default page load timeout: '30'

2020-06-17 15:53:18 - [MESSAGE][PASSED] - Object 'Object Repository/Christi/Page_Dashboard Admin/button_Test Management' is present

2020-06-17 15:53:18 - [TEST_STEP][PASSED] - click(findTestObject("Christi/Page_Dashboard Admin/button_Test Management")): Object: 'Object Repository/Christi/Page_Dashboard Admin/button_Test Management' is clicked on

2020-06-17 15:53:19 - [MESSAGE][PASSED] - Object: 'Object Repository/Christi/Page_Dashboard Admin/button_Test Management' is clicked on

2020-06-17 15:53:19 - [TEST_STEP][PASSED] - click(findTestObject("Christi/Page_Dashboard Admin/a_Pre-Test  Post-Test")): Object: 'Object Repository/Christi/Page_Dashboard Admin/a_Pre-Test  Post-Test' is clicked on

2020-06-17 15:53:19 - [MESSAGE][PASSED] - Object: 'Object Repository/Christi/Page_Dashboard Admin/a_Pre-Test  Post-Test' is clicked on

2020-06-17 15:53:19 - [TEST_STEP][PASSED] - delay(3): Delayed 3 second(s)

2020-06-17 15:53:22 - [MESSAGE][PASSED] - Delayed 3 second(s)

2020-06-17 15:53:22 - [TEST_STEP][PASSED] - click(findTestObject("Christi/Page_Manage Test/button_Download CSV IconDownload CSV")): Object: 'Object Repository/Christi/Page_Manage Test/button_Download CSV IconDownload CSV' is clicked on

2020-06-17 15:53:32 - [MESSAGE][PASSED] - Object: 'Object Repository/Christi/Page_Manage Test/button_Download CSV IconDownload CSV' is clicked on

2020-06-17 15:53:32 - [TEST_STEP][PASSED] - verifyElementPresent(findTestObject("Christi/Page_Manage Quiz/span_Exporting to CSV"), 0): Object 'Object Repository/Christi/Page_Manage Quiz/span_Exporting to CSV' is present

2020-06-17 15:53:32 - [MESSAGE][WARNING] - Timeout '0' is invalid. Using default page load timeout: '30'

2020-06-17 15:54:02 - [MESSAGE][PASSED] - Object 'Object Repository/Christi/Page_Manage Quiz/span_Exporting to CSV' is present

2020-06-17 15:54:02 - [TEST_STEP][PASSED] - delay(3): Delayed 3 second(s)

2020-06-17 15:54:05 - [MESSAGE][PASSED] - Delayed 3 second(s)

2020-06-17 15:54:05 - [TEST_STEP][PASSED] - closeBrowser(): Browser is closed

2020-06-17 15:54:07 - [MESSAGE][PASSED] - Browser is closed]]></system-out>
         <system-err><![CDATA[]]></system-err>
      </testcase>
      <system-out><![CDATA[2020-06-17 15:52:30 - [TEST_SUITE][PASSED] - Manage Pretest: Test Cases/Christi/Admin/Pretest PostTest - Download CSV]]></system-out>
      <system-err><![CDATA[]]></system-err>
   </testsuite>
</testsuites>
