<?xml version="1.0" encoding="UTF-8"?>
<testsuites name="Admin_Pretest Postest - Search" time="1040.496" tests="10" failures="0" errors="0">
   <testsuite name="Admin_Pretest Postest - Search" tests="10" failures="0" errors="0" time="1040.496" timestamp="2020-05-27 04:46:15" hostname="asus - LAPTOP-FC1SHEB6" id="Test Suites/Alda/Admin_Pretest Postest - Search">
      <properties>
         <property name="deviceName" value=""/>
         <property name="devicePlatform" value=""/>
         <property name="logFolder" value="C:\\Users\\asus\\git\\LMS27Mei\\Reports\\20200527_044606\\Alda\\Admin_Pretest Postest - Search\\20200527_044606"/>
         <property name="logFiles" value="C:\\Users\\asus\\git\\LMS27Mei\\Reports\\20200527_044606\\Alda\\Admin_Pretest Postest - Search\\20200527_044606\\execution0.log"/>
         <property name="attachments" value=""/>
         <property name="hostName" value="asus - LAPTOP-FC1SHEB6"/>
         <property name="os" value="Windows 10 64bit"/>
         <property name="katalonVersion" value="7.0.7.1"/>
         <property name="browser" value="Chrome 83.0.4103.61"/>
         <property name="hostAddress" value="192.168.100.15"/>
         <property name="sessionId" value="e9dbd7dc3eacf1603b24c7b6513e00b5"/>
         <property name="seleniumVersion" value="3.141.59"/>
         <property name="proxyInformation" value="ProxyInformation{proxyOption=NO_PROXY, proxyServerType=HTTP, password=, proxyServerAddress=, proxyServerPort=0}"/>
         <property name="platform" value="Windows 10"/>
      </properties>
      <testcase name="Test Cases/Alda/Admin - Manage Test - Pretest Posttest/Search" time="102.063" classname="Test Cases/Alda/Admin - Manage Test - Pretest Posttest/Search" status="PASSED">
         <system-out><![CDATA[2020-05-27 04:46:16 - [TEST_CASE][PASSED] - Test Cases/Alda/Admin - Manage Test - Pretest Posttest/Search: Test Cases/Alda/Admin - Manage Test - Pretest Posttest/Search

2020-05-27 04:46:16 - [TEST_STEP][PASSED] - callTestCase(findTestCase("Rizka/Admin/Custom/Admin - Login"), ["username":"11666", "password":"Password3", "rememberMe":"yes", "condition":"passed"], STOP_ON_FAILURE): Call Test Case 'Test Cases/Rizka/Admin/Custom/Admin - Login' successfully

2020-05-27 04:46:16 - [TEST_CASE][PASSED] - Test Cases/Rizka/Admin/Custom/Admin - Login: Test Cases/Rizka/Admin/Custom/Admin - Login

2020-05-27 04:46:17 - [TEST_STEP][PASSED] - openBrowser(""): Browser is opened with url: ''

2020-05-27 04:46:17 - [MESSAGE][INFO] - Starting 'Chrome' driver

2020-05-27 04:46:17 - [MESSAGE][INFO] - Action delay is set to 0 seconds

2020-05-27 04:46:20 - [MESSAGE][PASSED] - Browser is opened with url: ''

2020-05-27 04:46:20 - [TEST_STEP][PASSED] - navigateToUrl("https://appsrv1.deltadatamandiri.com/ACC_LMS_WEB/#/admNLmn"): Navigate to 'https://appsrv1.deltadatamandiri.com/ACC_LMS_WEB/#/admNLmn' successfully

2020-05-27 04:46:43 - [MESSAGE][PASSED] - Navigate to 'https://appsrv1.deltadatamandiri.com/ACC_LMS_WEB/#/admNLmn' successfully

2020-05-27 04:46:43 - [TEST_STEP][PASSED] - maximizeWindow(): Current window maximized

2020-05-27 04:46:45 - [MESSAGE][PASSED] - Current window maximized

2020-05-27 04:46:45 - [TEST_STEP][PASSED] - delay(30): Delayed 30 second(s)

2020-05-27 04:47:15 - [MESSAGE][PASSED] - Delayed 30 second(s)

2020-05-27 04:47:15 - [TEST_STEP][PASSED] - click(findTestObject("Rizka/Admin/Admin - Login/btnLogin")): Object: 'Object Repository/Rizka/Admin/Admin - Login/btnLogin' is clicked on

2020-05-27 04:47:15 - [MESSAGE][PASSED] - Object: 'Object Repository/Rizka/Admin/Admin - Login/btnLogin' is clicked on

2020-05-27 04:47:15 - [TEST_STEP][PASSED] - setText(findTestObject("Rizka/Admin/Admin - Login/txtUsername"), username): Text '11666' is set on object 'Object Repository/Rizka/Admin/Admin - Login/txtUsername'

2020-05-27 04:47:16 - [MESSAGE][PASSED] - Text '11666' is set on object 'Object Repository/Rizka/Admin/Admin - Login/txtUsername'

2020-05-27 04:47:16 - [TEST_STEP][PASSED] - setText(findTestObject("Rizka/Admin/Admin - Login/txtPassword"), password): Text 'Password3' is set on object 'Object Repository/Rizka/Admin/Admin - Login/txtPassword'

2020-05-27 04:47:16 - [MESSAGE][PASSED] - Text 'Password3' is set on object 'Object Repository/Rizka/Admin/Admin - Login/txtPassword'

2020-05-27 04:47:16 - [TEST_STEP][PASSED] - click(findTestObject("Rizka/Admin/Admin - Login/btnEyePass")): Object: 'Object Repository/Rizka/Admin/Admin - Login/btnEyePass' is clicked on

2020-05-27 04:47:16 - [MESSAGE][PASSED] - Object: 'Object Repository/Rizka/Admin/Admin - Login/btnEyePass' is clicked on

2020-05-27 04:47:16 - [TEST_STEP][PASSED] - if (rememberMe == "yes"): Object: 'Object Repository/Rizka/Admin/Admin - Login/checkboxRememberMe' is clicked on

2020-05-27 04:47:16 - [TEST_STEP][PASSED] - click(findTestObject("Rizka/Admin/Admin - Login/checkboxRememberMe")): Object: 'Object Repository/Rizka/Admin/Admin - Login/checkboxRememberMe' is clicked on

2020-05-27 04:47:17 - [MESSAGE][PASSED] - Object: 'Object Repository/Rizka/Admin/Admin - Login/checkboxRememberMe' is clicked on

2020-05-27 04:47:17 - [TEST_STEP][PASSED] - click(findTestObject("Rizka/Admin/Admin - Login/btnLogin2")): Object: 'Object Repository/Rizka/Admin/Admin - Login/btnLogin2' is clicked on

2020-05-27 04:47:17 - [MESSAGE][PASSED] - Object: 'Object Repository/Rizka/Admin/Admin - Login/btnLogin2' is clicked on

2020-05-27 04:47:17 - [TEST_STEP][PASSED] - delay(10): Delayed 10 second(s)

2020-05-27 04:47:27 - [MESSAGE][PASSED] - Delayed 10 second(s)

2020-05-27 04:47:27 - [TEST_STEP][PASSED] - if (condition == "passed"): Object 'Object Repository/Rizka/Admin/Admin - Login/span_Dashboard' is visible

2020-05-27 04:47:27 - [TEST_STEP][PASSED] - verifyElementVisible(findTestObject("Rizka/Admin/Admin - Login/span_Dashboard")): Object 'Object Repository/Rizka/Admin/Admin - Login/span_Dashboard' is visible

2020-05-27 04:47:30 - [MESSAGE][PASSED] - Object 'Object Repository/Rizka/Admin/Admin - Login/span_Dashboard' is visible

2020-05-27 04:47:30 - [MESSAGE][PASSED] - Call Test Case 'Test Cases/Rizka/Admin/Custom/Admin - Login' successfully

2020-05-27 04:47:30 - [TEST_STEP][PASSED] - delay(3): Delayed 3 second(s)

2020-05-27 04:47:33 - [MESSAGE][PASSED] - Delayed 3 second(s)

2020-05-27 04:47:33 - [TEST_STEP][PASSED] - click(findTestObject("Alda/Admin - Manage Test/Page_Dashboard Admin/span_manage_test")): Object: 'Object Repository/Alda/Admin - Manage Test/Page_Dashboard Admin/span_manage_test' is clicked on

2020-05-27 04:47:34 - [MESSAGE][PASSED] - Object: 'Object Repository/Alda/Admin - Manage Test/Page_Dashboard Admin/span_manage_test' is clicked on

2020-05-27 04:47:34 - [TEST_STEP][PASSED] - click(findTestObject("Alda/Admin - Manage Test/Page_Dashboard Admin/span_pretest_posttest")): Object: 'Object Repository/Alda/Admin - Manage Test/Page_Dashboard Admin/span_pretest_posttest' is clicked on

2020-05-27 04:47:34 - [MESSAGE][PASSED] - Object: 'Object Repository/Alda/Admin - Manage Test/Page_Dashboard Admin/span_pretest_posttest' is clicked on

2020-05-27 04:47:34 - [TEST_STEP][PASSED] - click(findTestObject("Alda/Admin - Manage Test/Page_Manage Test/click_search")): Object: 'Object Repository/Alda/Admin - Manage Test/Page_Manage Test/click_search' is clicked on

2020-05-27 04:47:36 - [MESSAGE][PASSED] - Object: 'Object Repository/Alda/Admin - Manage Test/Page_Manage Test/click_search' is clicked on

2020-05-27 04:47:36 - [TEST_STEP][PASSED] - setText(findTestObject("Alda/Admin - Manage Test/Page_Manage Test/input_search"), var_search): Text '1686' is set on object 'Object Repository/Alda/Admin - Manage Test/Page_Manage Test/input_search'

2020-05-27 04:47:51 - [MESSAGE][PASSED] - Text '1686' is set on object 'Object Repository/Alda/Admin - Manage Test/Page_Manage Test/input_search'

2020-05-27 04:47:51 - [TEST_STEP][PASSED] - sendKeys(findTestObject("Alda/Admin - Manage Test/Page_Manage Test/click_search"), Keys.chord(ENTER)): Keys 'ENTER + ' sent to object: 'Object Repository/Alda/Admin - Manage Test/Page_Manage Test/click_search'

2020-05-27 04:47:51 - [MESSAGE][PASSED] - Keys 'ENTER + ' sent to object: 'Object Repository/Alda/Admin - Manage Test/Page_Manage Test/click_search'

2020-05-27 04:47:51 - [TEST_STEP][PASSED] - delay(3): Delayed 3 second(s)

2020-05-27 04:47:54 - [MESSAGE][PASSED] - Delayed 3 second(s)

2020-05-27 04:47:54 - [TEST_STEP][PASSED] - if (expected_output == "found"): Object 'Object Repository/Alda/Admin - Manage Test/Page_Manage Test/tap_row' is visible

2020-05-27 04:47:54 - [TEST_STEP][PASSED] - verifyElementVisible(findTestObject("Alda/Admin - Manage Test/Page_Manage Test/tap_row", ["text":var_search])): Object 'Object Repository/Alda/Admin - Manage Test/Page_Manage Test/tap_row' is visible

2020-05-27 04:47:55 - [MESSAGE][PASSED] - Object 'Object Repository/Alda/Admin - Manage Test/Page_Manage Test/tap_row' is visible

2020-05-27 04:47:55 - [TEST_STEP][PASSED] - delay(3): Delayed 3 second(s)

2020-05-27 04:47:58 - [MESSAGE][PASSED] - Delayed 3 second(s)]]></system-out>
         <system-err><![CDATA[]]></system-err>
      </testcase>
      <testcase name="Test Cases/Alda/Admin - Manage Test - Pretest Posttest/Search" time="108.602" classname="Test Cases/Alda/Admin - Manage Test - Pretest Posttest/Search" status="PASSED">
         <system-out><![CDATA[2020-05-27 04:47:58 - [TEST_CASE][PASSED] - Test Cases/Alda/Admin - Manage Test - Pretest Posttest/Search: Test Cases/Alda/Admin - Manage Test - Pretest Posttest/Search

2020-05-27 04:47:58 - [TEST_STEP][PASSED] - callTestCase(findTestCase("Rizka/Admin/Custom/Admin - Login"), ["username":"11666", "password":"Password3", "rememberMe":"yes", "condition":"passed"], STOP_ON_FAILURE): Call Test Case 'Test Cases/Rizka/Admin/Custom/Admin - Login' successfully

2020-05-27 04:47:58 - [TEST_CASE][PASSED] - Test Cases/Rizka/Admin/Custom/Admin - Login: Test Cases/Rizka/Admin/Custom/Admin - Login

2020-05-27 04:47:58 - [TEST_STEP][PASSED] - openBrowser(""): Browser is opened with url: ''

2020-05-27 04:47:58 - [MESSAGE][WARNING] - A browser is already opened. Closing browser and opening a new one

2020-05-27 04:47:59 - [MESSAGE][INFO] - Starting 'Chrome' driver

2020-05-27 04:48:01 - [MESSAGE][PASSED] - Browser is opened with url: ''

2020-05-27 04:48:01 - [TEST_STEP][PASSED] - navigateToUrl("https://appsrv1.deltadatamandiri.com/ACC_LMS_WEB/#/admNLmn"): Navigate to 'https://appsrv1.deltadatamandiri.com/ACC_LMS_WEB/#/admNLmn' successfully

2020-05-27 04:48:17 - [MESSAGE][PASSED] - Navigate to 'https://appsrv1.deltadatamandiri.com/ACC_LMS_WEB/#/admNLmn' successfully

2020-05-27 04:48:17 - [TEST_STEP][PASSED] - maximizeWindow(): Current window maximized

2020-05-27 04:48:18 - [MESSAGE][PASSED] - Current window maximized

2020-05-27 04:48:18 - [TEST_STEP][PASSED] - delay(30): Delayed 30 second(s)

2020-05-27 04:48:48 - [MESSAGE][PASSED] - Delayed 30 second(s)

2020-05-27 04:48:48 - [TEST_STEP][PASSED] - click(findTestObject("Rizka/Admin/Admin - Login/btnLogin")): Object: 'Object Repository/Rizka/Admin/Admin - Login/btnLogin' is clicked on

2020-05-27 04:48:48 - [MESSAGE][PASSED] - Object: 'Object Repository/Rizka/Admin/Admin - Login/btnLogin' is clicked on

2020-05-27 04:48:48 - [TEST_STEP][PASSED] - setText(findTestObject("Rizka/Admin/Admin - Login/txtUsername"), username): Text '11666' is set on object 'Object Repository/Rizka/Admin/Admin - Login/txtUsername'

2020-05-27 04:48:49 - [MESSAGE][PASSED] - Text '11666' is set on object 'Object Repository/Rizka/Admin/Admin - Login/txtUsername'

2020-05-27 04:48:49 - [TEST_STEP][PASSED] - setText(findTestObject("Rizka/Admin/Admin - Login/txtPassword"), password): Text 'Password3' is set on object 'Object Repository/Rizka/Admin/Admin - Login/txtPassword'

2020-05-27 04:48:49 - [MESSAGE][PASSED] - Text 'Password3' is set on object 'Object Repository/Rizka/Admin/Admin - Login/txtPassword'

2020-05-27 04:48:49 - [TEST_STEP][PASSED] - click(findTestObject("Rizka/Admin/Admin - Login/btnEyePass")): Object: 'Object Repository/Rizka/Admin/Admin - Login/btnEyePass' is clicked on

2020-05-27 04:48:50 - [MESSAGE][PASSED] - Object: 'Object Repository/Rizka/Admin/Admin - Login/btnEyePass' is clicked on

2020-05-27 04:48:50 - [TEST_STEP][PASSED] - if (rememberMe == "yes"): Object: 'Object Repository/Rizka/Admin/Admin - Login/checkboxRememberMe' is clicked on

2020-05-27 04:48:50 - [TEST_STEP][PASSED] - click(findTestObject("Rizka/Admin/Admin - Login/checkboxRememberMe")): Object: 'Object Repository/Rizka/Admin/Admin - Login/checkboxRememberMe' is clicked on

2020-05-27 04:48:50 - [MESSAGE][PASSED] - Object: 'Object Repository/Rizka/Admin/Admin - Login/checkboxRememberMe' is clicked on

2020-05-27 04:48:50 - [TEST_STEP][PASSED] - click(findTestObject("Rizka/Admin/Admin - Login/btnLogin2")): Object: 'Object Repository/Rizka/Admin/Admin - Login/btnLogin2' is clicked on

2020-05-27 04:48:50 - [MESSAGE][PASSED] - Object: 'Object Repository/Rizka/Admin/Admin - Login/btnLogin2' is clicked on

2020-05-27 04:48:50 - [TEST_STEP][PASSED] - delay(10): Delayed 10 second(s)

2020-05-27 04:49:00 - [MESSAGE][PASSED] - Delayed 10 second(s)

2020-05-27 04:49:00 - [TEST_STEP][PASSED] - if (condition == "passed"): Object 'Object Repository/Rizka/Admin/Admin - Login/span_Dashboard' is visible

2020-05-27 04:49:00 - [TEST_STEP][PASSED] - verifyElementVisible(findTestObject("Rizka/Admin/Admin - Login/span_Dashboard")): Object 'Object Repository/Rizka/Admin/Admin - Login/span_Dashboard' is visible

2020-05-27 04:49:06 - [MESSAGE][PASSED] - Object 'Object Repository/Rizka/Admin/Admin - Login/span_Dashboard' is visible

2020-05-27 04:49:06 - [MESSAGE][PASSED] - Call Test Case 'Test Cases/Rizka/Admin/Custom/Admin - Login' successfully

2020-05-27 04:49:06 - [TEST_STEP][PASSED] - delay(3): Delayed 3 second(s)

2020-05-27 04:49:09 - [MESSAGE][PASSED] - Delayed 3 second(s)

2020-05-27 04:49:09 - [TEST_STEP][PASSED] - click(findTestObject("Alda/Admin - Manage Test/Page_Dashboard Admin/span_manage_test")): Object: 'Object Repository/Alda/Admin - Manage Test/Page_Dashboard Admin/span_manage_test' is clicked on

2020-05-27 04:49:10 - [MESSAGE][PASSED] - Object: 'Object Repository/Alda/Admin - Manage Test/Page_Dashboard Admin/span_manage_test' is clicked on

2020-05-27 04:49:10 - [TEST_STEP][PASSED] - click(findTestObject("Alda/Admin - Manage Test/Page_Dashboard Admin/span_pretest_posttest")): Object: 'Object Repository/Alda/Admin - Manage Test/Page_Dashboard Admin/span_pretest_posttest' is clicked on

2020-05-27 04:49:10 - [MESSAGE][PASSED] - Object: 'Object Repository/Alda/Admin - Manage Test/Page_Dashboard Admin/span_pretest_posttest' is clicked on

2020-05-27 04:49:10 - [TEST_STEP][PASSED] - click(findTestObject("Alda/Admin - Manage Test/Page_Manage Test/click_search")): Object: 'Object Repository/Alda/Admin - Manage Test/Page_Manage Test/click_search' is clicked on

2020-05-27 04:49:12 - [MESSAGE][PASSED] - Object: 'Object Repository/Alda/Admin - Manage Test/Page_Manage Test/click_search' is clicked on

2020-05-27 04:49:12 - [TEST_STEP][PASSED] - setText(findTestObject("Alda/Admin - Manage Test/Page_Manage Test/input_search"), var_search): Text 'pilihanganda' is set on object 'Object Repository/Alda/Admin - Manage Test/Page_Manage Test/input_search'

2020-05-27 04:49:28 - [MESSAGE][PASSED] - Text 'pilihanganda' is set on object 'Object Repository/Alda/Admin - Manage Test/Page_Manage Test/input_search'

2020-05-27 04:49:28 - [TEST_STEP][PASSED] - sendKeys(findTestObject("Alda/Admin - Manage Test/Page_Manage Test/click_search"), Keys.chord(ENTER)): Keys 'ENTER + ' sent to object: 'Object Repository/Alda/Admin - Manage Test/Page_Manage Test/click_search'

2020-05-27 04:49:29 - [MESSAGE][PASSED] - Keys 'ENTER + ' sent to object: 'Object Repository/Alda/Admin - Manage Test/Page_Manage Test/click_search'

2020-05-27 04:49:29 - [TEST_STEP][PASSED] - delay(3): Delayed 3 second(s)

2020-05-27 04:49:32 - [MESSAGE][PASSED] - Delayed 3 second(s)

2020-05-27 04:49:32 - [TEST_STEP][PASSED] - if (expected_output == "found"): Object 'Object Repository/Alda/Admin - Manage Test/Page_Manage Test/tap_row' is visible

2020-05-27 04:49:32 - [TEST_STEP][PASSED] - verifyElementVisible(findTestObject("Alda/Admin - Manage Test/Page_Manage Test/tap_row", ["text":var_search])): Object 'Object Repository/Alda/Admin - Manage Test/Page_Manage Test/tap_row' is visible

2020-05-27 04:49:43 - [MESSAGE][PASSED] - Object 'Object Repository/Alda/Admin - Manage Test/Page_Manage Test/tap_row' is visible

2020-05-27 04:49:43 - [TEST_STEP][PASSED] - delay(3): Delayed 3 second(s)

2020-05-27 04:49:46 - [MESSAGE][PASSED] - Delayed 3 second(s)]]></system-out>
         <system-err><![CDATA[]]></system-err>
      </testcase>
      <testcase name="Test Cases/Alda/Admin - Manage Test - Pretest Posttest/Search" time="112.84" classname="Test Cases/Alda/Admin - Manage Test - Pretest Posttest/Search" status="PASSED">
         <system-out><![CDATA[2020-05-27 04:49:46 - [TEST_CASE][PASSED] - Test Cases/Alda/Admin - Manage Test - Pretest Posttest/Search: Test Cases/Alda/Admin - Manage Test - Pretest Posttest/Search

2020-05-27 04:49:46 - [TEST_STEP][PASSED] - callTestCase(findTestCase("Rizka/Admin/Custom/Admin - Login"), ["username":"11666", "password":"Password3", "rememberMe":"yes", "condition":"passed"], STOP_ON_FAILURE): Call Test Case 'Test Cases/Rizka/Admin/Custom/Admin - Login' successfully

2020-05-27 04:49:47 - [TEST_CASE][PASSED] - Test Cases/Rizka/Admin/Custom/Admin - Login: Test Cases/Rizka/Admin/Custom/Admin - Login

2020-05-27 04:49:47 - [TEST_STEP][PASSED] - openBrowser(""): Browser is opened with url: ''

2020-05-27 04:49:47 - [MESSAGE][WARNING] - A browser is already opened. Closing browser and opening a new one

2020-05-27 04:49:47 - [MESSAGE][INFO] - Starting 'Chrome' driver

2020-05-27 04:49:50 - [MESSAGE][PASSED] - Browser is opened with url: ''

2020-05-27 04:49:50 - [TEST_STEP][PASSED] - navigateToUrl("https://appsrv1.deltadatamandiri.com/ACC_LMS_WEB/#/admNLmn"): Navigate to 'https://appsrv1.deltadatamandiri.com/ACC_LMS_WEB/#/admNLmn' successfully

2020-05-27 04:50:11 - [MESSAGE][PASSED] - Navigate to 'https://appsrv1.deltadatamandiri.com/ACC_LMS_WEB/#/admNLmn' successfully

2020-05-27 04:50:11 - [TEST_STEP][PASSED] - maximizeWindow(): Current window maximized

2020-05-27 04:50:12 - [MESSAGE][PASSED] - Current window maximized

2020-05-27 04:50:12 - [TEST_STEP][PASSED] - delay(30): Delayed 30 second(s)

2020-05-27 04:50:42 - [MESSAGE][PASSED] - Delayed 30 second(s)

2020-05-27 04:50:42 - [TEST_STEP][PASSED] - click(findTestObject("Rizka/Admin/Admin - Login/btnLogin")): Object: 'Object Repository/Rizka/Admin/Admin - Login/btnLogin' is clicked on

2020-05-27 04:50:42 - [MESSAGE][PASSED] - Object: 'Object Repository/Rizka/Admin/Admin - Login/btnLogin' is clicked on

2020-05-27 04:50:42 - [TEST_STEP][PASSED] - setText(findTestObject("Rizka/Admin/Admin - Login/txtUsername"), username): Text '11666' is set on object 'Object Repository/Rizka/Admin/Admin - Login/txtUsername'

2020-05-27 04:50:43 - [MESSAGE][PASSED] - Text '11666' is set on object 'Object Repository/Rizka/Admin/Admin - Login/txtUsername'

2020-05-27 04:50:43 - [TEST_STEP][PASSED] - setText(findTestObject("Rizka/Admin/Admin - Login/txtPassword"), password): Text 'Password3' is set on object 'Object Repository/Rizka/Admin/Admin - Login/txtPassword'

2020-05-27 04:50:43 - [MESSAGE][PASSED] - Text 'Password3' is set on object 'Object Repository/Rizka/Admin/Admin - Login/txtPassword'

2020-05-27 04:50:43 - [TEST_STEP][PASSED] - click(findTestObject("Rizka/Admin/Admin - Login/btnEyePass")): Object: 'Object Repository/Rizka/Admin/Admin - Login/btnEyePass' is clicked on

2020-05-27 04:50:44 - [MESSAGE][PASSED] - Object: 'Object Repository/Rizka/Admin/Admin - Login/btnEyePass' is clicked on

2020-05-27 04:50:44 - [TEST_STEP][PASSED] - if (rememberMe == "yes"): Object: 'Object Repository/Rizka/Admin/Admin - Login/checkboxRememberMe' is clicked on

2020-05-27 04:50:44 - [TEST_STEP][PASSED] - click(findTestObject("Rizka/Admin/Admin - Login/checkboxRememberMe")): Object: 'Object Repository/Rizka/Admin/Admin - Login/checkboxRememberMe' is clicked on

2020-05-27 04:50:44 - [MESSAGE][PASSED] - Object: 'Object Repository/Rizka/Admin/Admin - Login/checkboxRememberMe' is clicked on

2020-05-27 04:50:44 - [TEST_STEP][PASSED] - click(findTestObject("Rizka/Admin/Admin - Login/btnLogin2")): Object: 'Object Repository/Rizka/Admin/Admin - Login/btnLogin2' is clicked on

2020-05-27 04:50:44 - [MESSAGE][PASSED] - Object: 'Object Repository/Rizka/Admin/Admin - Login/btnLogin2' is clicked on

2020-05-27 04:50:44 - [TEST_STEP][PASSED] - delay(10): Delayed 10 second(s)

2020-05-27 04:50:54 - [MESSAGE][PASSED] - Delayed 10 second(s)

2020-05-27 04:50:54 - [TEST_STEP][PASSED] - if (condition == "passed"): Object 'Object Repository/Rizka/Admin/Admin - Login/span_Dashboard' is visible

2020-05-27 04:50:54 - [TEST_STEP][PASSED] - verifyElementVisible(findTestObject("Rizka/Admin/Admin - Login/span_Dashboard")): Object 'Object Repository/Rizka/Admin/Admin - Login/span_Dashboard' is visible

2020-05-27 04:50:58 - [MESSAGE][PASSED] - Object 'Object Repository/Rizka/Admin/Admin - Login/span_Dashboard' is visible

2020-05-27 04:50:58 - [MESSAGE][PASSED] - Call Test Case 'Test Cases/Rizka/Admin/Custom/Admin - Login' successfully

2020-05-27 04:50:58 - [TEST_STEP][PASSED] - delay(3): Delayed 3 second(s)

2020-05-27 04:51:01 - [MESSAGE][PASSED] - Delayed 3 second(s)

2020-05-27 04:51:01 - [TEST_STEP][PASSED] - click(findTestObject("Alda/Admin - Manage Test/Page_Dashboard Admin/span_manage_test")): Object: 'Object Repository/Alda/Admin - Manage Test/Page_Dashboard Admin/span_manage_test' is clicked on

2020-05-27 04:51:01 - [MESSAGE][PASSED] - Object: 'Object Repository/Alda/Admin - Manage Test/Page_Dashboard Admin/span_manage_test' is clicked on

2020-05-27 04:51:01 - [TEST_STEP][PASSED] - click(findTestObject("Alda/Admin - Manage Test/Page_Dashboard Admin/span_pretest_posttest")): Object: 'Object Repository/Alda/Admin - Manage Test/Page_Dashboard Admin/span_pretest_posttest' is clicked on

2020-05-27 04:51:02 - [MESSAGE][PASSED] - Object: 'Object Repository/Alda/Admin - Manage Test/Page_Dashboard Admin/span_pretest_posttest' is clicked on

2020-05-27 04:51:02 - [TEST_STEP][PASSED] - click(findTestObject("Alda/Admin - Manage Test/Page_Manage Test/click_search")): Object: 'Object Repository/Alda/Admin - Manage Test/Page_Manage Test/click_search' is clicked on

2020-05-27 04:51:04 - [MESSAGE][PASSED] - Object: 'Object Repository/Alda/Admin - Manage Test/Page_Manage Test/click_search' is clicked on

2020-05-27 04:51:04 - [TEST_STEP][PASSED] - setText(findTestObject("Alda/Admin - Manage Test/Page_Manage Test/input_search"), var_search): Text 'pretest' is set on object 'Object Repository/Alda/Admin - Manage Test/Page_Manage Test/input_search'

2020-05-27 04:51:20 - [MESSAGE][PASSED] - Text 'pretest' is set on object 'Object Repository/Alda/Admin - Manage Test/Page_Manage Test/input_search'

2020-05-27 04:51:20 - [TEST_STEP][PASSED] - sendKeys(findTestObject("Alda/Admin - Manage Test/Page_Manage Test/click_search"), Keys.chord(ENTER)): Keys 'ENTER + ' sent to object: 'Object Repository/Alda/Admin - Manage Test/Page_Manage Test/click_search'

2020-05-27 04:51:20 - [MESSAGE][PASSED] - Keys 'ENTER + ' sent to object: 'Object Repository/Alda/Admin - Manage Test/Page_Manage Test/click_search'

2020-05-27 04:51:20 - [TEST_STEP][PASSED] - delay(3): Delayed 3 second(s)

2020-05-27 04:51:23 - [MESSAGE][PASSED] - Delayed 3 second(s)

2020-05-27 04:51:23 - [TEST_STEP][PASSED] - if (expected_output == "found"): Object 'Object Repository/Alda/Admin - Manage Test/Page_Manage Test/tap_row' is visible

2020-05-27 04:51:23 - [TEST_STEP][PASSED] - verifyElementVisible(findTestObject("Alda/Admin - Manage Test/Page_Manage Test/tap_row", ["text":var_search])): Object 'Object Repository/Alda/Admin - Manage Test/Page_Manage Test/tap_row' is visible

2020-05-27 04:51:36 - [MESSAGE][PASSED] - Object 'Object Repository/Alda/Admin - Manage Test/Page_Manage Test/tap_row' is visible

2020-05-27 04:51:36 - [TEST_STEP][PASSED] - delay(3): Delayed 3 second(s)

2020-05-27 04:51:39 - [MESSAGE][PASSED] - Delayed 3 second(s)]]></system-out>
         <system-err><![CDATA[]]></system-err>
      </testcase>
      <testcase name="Test Cases/Alda/Admin - Manage Test - Pretest Posttest/Search" time="107.629" classname="Test Cases/Alda/Admin - Manage Test - Pretest Posttest/Search" status="PASSED">
         <system-out><![CDATA[2020-05-27 04:51:39 - [TEST_CASE][PASSED] - Test Cases/Alda/Admin - Manage Test - Pretest Posttest/Search: Test Cases/Alda/Admin - Manage Test - Pretest Posttest/Search

2020-05-27 04:51:39 - [TEST_STEP][PASSED] - callTestCase(findTestCase("Rizka/Admin/Custom/Admin - Login"), ["username":"11666", "password":"Password3", "rememberMe":"yes", "condition":"passed"], STOP_ON_FAILURE): Call Test Case 'Test Cases/Rizka/Admin/Custom/Admin - Login' successfully

2020-05-27 04:51:39 - [TEST_CASE][PASSED] - Test Cases/Rizka/Admin/Custom/Admin - Login: Test Cases/Rizka/Admin/Custom/Admin - Login

2020-05-27 04:51:39 - [TEST_STEP][PASSED] - openBrowser(""): Browser is opened with url: ''

2020-05-27 04:51:39 - [MESSAGE][WARNING] - A browser is already opened. Closing browser and opening a new one

2020-05-27 04:51:40 - [MESSAGE][INFO] - Starting 'Chrome' driver

2020-05-27 04:51:42 - [MESSAGE][PASSED] - Browser is opened with url: ''

2020-05-27 04:51:42 - [TEST_STEP][PASSED] - navigateToUrl("https://appsrv1.deltadatamandiri.com/ACC_LMS_WEB/#/admNLmn"): Navigate to 'https://appsrv1.deltadatamandiri.com/ACC_LMS_WEB/#/admNLmn' successfully

2020-05-27 04:52:01 - [MESSAGE][PASSED] - Navigate to 'https://appsrv1.deltadatamandiri.com/ACC_LMS_WEB/#/admNLmn' successfully

2020-05-27 04:52:01 - [TEST_STEP][PASSED] - maximizeWindow(): Current window maximized

2020-05-27 04:52:02 - [MESSAGE][PASSED] - Current window maximized

2020-05-27 04:52:02 - [TEST_STEP][PASSED] - delay(30): Delayed 30 second(s)

2020-05-27 04:52:32 - [MESSAGE][PASSED] - Delayed 30 second(s)

2020-05-27 04:52:32 - [TEST_STEP][PASSED] - click(findTestObject("Rizka/Admin/Admin - Login/btnLogin")): Object: 'Object Repository/Rizka/Admin/Admin - Login/btnLogin' is clicked on

2020-05-27 04:52:33 - [MESSAGE][PASSED] - Object: 'Object Repository/Rizka/Admin/Admin - Login/btnLogin' is clicked on

2020-05-27 04:52:33 - [TEST_STEP][PASSED] - setText(findTestObject("Rizka/Admin/Admin - Login/txtUsername"), username): Text '11666' is set on object 'Object Repository/Rizka/Admin/Admin - Login/txtUsername'

2020-05-27 04:52:33 - [MESSAGE][PASSED] - Text '11666' is set on object 'Object Repository/Rizka/Admin/Admin - Login/txtUsername'

2020-05-27 04:52:33 - [TEST_STEP][PASSED] - setText(findTestObject("Rizka/Admin/Admin - Login/txtPassword"), password): Text 'Password3' is set on object 'Object Repository/Rizka/Admin/Admin - Login/txtPassword'

2020-05-27 04:52:34 - [MESSAGE][PASSED] - Text 'Password3' is set on object 'Object Repository/Rizka/Admin/Admin - Login/txtPassword'

2020-05-27 04:52:34 - [TEST_STEP][PASSED] - click(findTestObject("Rizka/Admin/Admin - Login/btnEyePass")): Object: 'Object Repository/Rizka/Admin/Admin - Login/btnEyePass' is clicked on

2020-05-27 04:52:34 - [MESSAGE][PASSED] - Object: 'Object Repository/Rizka/Admin/Admin - Login/btnEyePass' is clicked on

2020-05-27 04:52:34 - [TEST_STEP][PASSED] - if (rememberMe == "yes"): Object: 'Object Repository/Rizka/Admin/Admin - Login/checkboxRememberMe' is clicked on

2020-05-27 04:52:34 - [TEST_STEP][PASSED] - click(findTestObject("Rizka/Admin/Admin - Login/checkboxRememberMe")): Object: 'Object Repository/Rizka/Admin/Admin - Login/checkboxRememberMe' is clicked on

2020-05-27 04:52:34 - [MESSAGE][PASSED] - Object: 'Object Repository/Rizka/Admin/Admin - Login/checkboxRememberMe' is clicked on

2020-05-27 04:52:34 - [TEST_STEP][PASSED] - click(findTestObject("Rizka/Admin/Admin - Login/btnLogin2")): Object: 'Object Repository/Rizka/Admin/Admin - Login/btnLogin2' is clicked on

2020-05-27 04:52:35 - [MESSAGE][PASSED] - Object: 'Object Repository/Rizka/Admin/Admin - Login/btnLogin2' is clicked on

2020-05-27 04:52:35 - [TEST_STEP][PASSED] - delay(10): Delayed 10 second(s)

2020-05-27 04:52:45 - [MESSAGE][PASSED] - Delayed 10 second(s)

2020-05-27 04:52:45 - [TEST_STEP][PASSED] - if (condition == "passed"): Object 'Object Repository/Rizka/Admin/Admin - Login/span_Dashboard' is visible

2020-05-27 04:52:45 - [TEST_STEP][PASSED] - verifyElementVisible(findTestObject("Rizka/Admin/Admin - Login/span_Dashboard")): Object 'Object Repository/Rizka/Admin/Admin - Login/span_Dashboard' is visible

2020-05-27 04:52:47 - [MESSAGE][PASSED] - Object 'Object Repository/Rizka/Admin/Admin - Login/span_Dashboard' is visible

2020-05-27 04:52:47 - [MESSAGE][PASSED] - Call Test Case 'Test Cases/Rizka/Admin/Custom/Admin - Login' successfully

2020-05-27 04:52:47 - [TEST_STEP][PASSED] - delay(3): Delayed 3 second(s)

2020-05-27 04:52:50 - [MESSAGE][PASSED] - Delayed 3 second(s)

2020-05-27 04:52:50 - [TEST_STEP][PASSED] - click(findTestObject("Alda/Admin - Manage Test/Page_Dashboard Admin/span_manage_test")): Object: 'Object Repository/Alda/Admin - Manage Test/Page_Dashboard Admin/span_manage_test' is clicked on

2020-05-27 04:52:50 - [MESSAGE][PASSED] - Object: 'Object Repository/Alda/Admin - Manage Test/Page_Dashboard Admin/span_manage_test' is clicked on

2020-05-27 04:52:50 - [TEST_STEP][PASSED] - click(findTestObject("Alda/Admin - Manage Test/Page_Dashboard Admin/span_pretest_posttest")): Object: 'Object Repository/Alda/Admin - Manage Test/Page_Dashboard Admin/span_pretest_posttest' is clicked on

2020-05-27 04:52:51 - [MESSAGE][PASSED] - Object: 'Object Repository/Alda/Admin - Manage Test/Page_Dashboard Admin/span_pretest_posttest' is clicked on

2020-05-27 04:52:51 - [TEST_STEP][PASSED] - click(findTestObject("Alda/Admin - Manage Test/Page_Manage Test/click_search")): Object: 'Object Repository/Alda/Admin - Manage Test/Page_Manage Test/click_search' is clicked on

2020-05-27 04:52:52 - [MESSAGE][PASSED] - Object: 'Object Repository/Alda/Admin - Manage Test/Page_Manage Test/click_search' is clicked on

2020-05-27 04:52:52 - [TEST_STEP][PASSED] - setText(findTestObject("Alda/Admin - Manage Test/Page_Manage Test/input_search"), var_search): Text 'posttest' is set on object 'Object Repository/Alda/Admin - Manage Test/Page_Manage Test/input_search'

2020-05-27 04:53:08 - [MESSAGE][PASSED] - Text 'posttest' is set on object 'Object Repository/Alda/Admin - Manage Test/Page_Manage Test/input_search'

2020-05-27 04:53:08 - [TEST_STEP][PASSED] - sendKeys(findTestObject("Alda/Admin - Manage Test/Page_Manage Test/click_search"), Keys.chord(ENTER)): Keys 'ENTER + ' sent to object: 'Object Repository/Alda/Admin - Manage Test/Page_Manage Test/click_search'

2020-05-27 04:53:08 - [MESSAGE][PASSED] - Keys 'ENTER + ' sent to object: 'Object Repository/Alda/Admin - Manage Test/Page_Manage Test/click_search'

2020-05-27 04:53:08 - [TEST_STEP][PASSED] - delay(3): Delayed 3 second(s)

2020-05-27 04:53:11 - [MESSAGE][PASSED] - Delayed 3 second(s)

2020-05-27 04:53:11 - [TEST_STEP][PASSED] - if (expected_output == "found"): Object 'Object Repository/Alda/Admin - Manage Test/Page_Manage Test/tap_row' is visible

2020-05-27 04:53:11 - [TEST_STEP][PASSED] - verifyElementVisible(findTestObject("Alda/Admin - Manage Test/Page_Manage Test/tap_row", ["text":var_search])): Object 'Object Repository/Alda/Admin - Manage Test/Page_Manage Test/tap_row' is visible

2020-05-27 04:53:24 - [MESSAGE][PASSED] - Object 'Object Repository/Alda/Admin - Manage Test/Page_Manage Test/tap_row' is visible

2020-05-27 04:53:24 - [TEST_STEP][PASSED] - delay(3): Delayed 3 second(s)

2020-05-27 04:53:27 - [MESSAGE][PASSED] - Delayed 3 second(s)]]></system-out>
         <system-err><![CDATA[]]></system-err>
      </testcase>
      <testcase name="Test Cases/Alda/Admin - Manage Test - Pretest Posttest/Search" time="115.235" classname="Test Cases/Alda/Admin - Manage Test - Pretest Posttest/Search" status="PASSED">
         <system-out><![CDATA[2020-05-27 04:53:27 - [TEST_CASE][PASSED] - Test Cases/Alda/Admin - Manage Test - Pretest Posttest/Search: Test Cases/Alda/Admin - Manage Test - Pretest Posttest/Search

2020-05-27 04:53:27 - [TEST_STEP][PASSED] - callTestCase(findTestCase("Rizka/Admin/Custom/Admin - Login"), ["username":"11666", "password":"Password3", "rememberMe":"yes", "condition":"passed"], STOP_ON_FAILURE): Call Test Case 'Test Cases/Rizka/Admin/Custom/Admin - Login' successfully

2020-05-27 04:53:27 - [TEST_CASE][PASSED] - Test Cases/Rizka/Admin/Custom/Admin - Login: Test Cases/Rizka/Admin/Custom/Admin - Login

2020-05-27 04:53:27 - [TEST_STEP][PASSED] - openBrowser(""): Browser is opened with url: ''

2020-05-27 04:53:27 - [MESSAGE][WARNING] - A browser is already opened. Closing browser and opening a new one

2020-05-27 04:53:28 - [MESSAGE][INFO] - Starting 'Chrome' driver

2020-05-27 04:53:30 - [MESSAGE][PASSED] - Browser is opened with url: ''

2020-05-27 04:53:30 - [TEST_STEP][PASSED] - navigateToUrl("https://appsrv1.deltadatamandiri.com/ACC_LMS_WEB/#/admNLmn"): Navigate to 'https://appsrv1.deltadatamandiri.com/ACC_LMS_WEB/#/admNLmn' successfully

2020-05-27 04:54:05 - [MESSAGE][PASSED] - Navigate to 'https://appsrv1.deltadatamandiri.com/ACC_LMS_WEB/#/admNLmn' successfully

2020-05-27 04:54:05 - [TEST_STEP][PASSED] - maximizeWindow(): Current window maximized

2020-05-27 04:54:06 - [MESSAGE][PASSED] - Current window maximized

2020-05-27 04:54:06 - [TEST_STEP][PASSED] - delay(30): Delayed 30 second(s)

2020-05-27 04:54:36 - [MESSAGE][PASSED] - Delayed 30 second(s)

2020-05-27 04:54:36 - [TEST_STEP][PASSED] - click(findTestObject("Rizka/Admin/Admin - Login/btnLogin")): Object: 'Object Repository/Rizka/Admin/Admin - Login/btnLogin' is clicked on

2020-05-27 04:54:37 - [MESSAGE][PASSED] - Object: 'Object Repository/Rizka/Admin/Admin - Login/btnLogin' is clicked on

2020-05-27 04:54:37 - [TEST_STEP][PASSED] - setText(findTestObject("Rizka/Admin/Admin - Login/txtUsername"), username): Text '11666' is set on object 'Object Repository/Rizka/Admin/Admin - Login/txtUsername'

2020-05-27 04:54:37 - [MESSAGE][PASSED] - Text '11666' is set on object 'Object Repository/Rizka/Admin/Admin - Login/txtUsername'

2020-05-27 04:54:37 - [TEST_STEP][PASSED] - setText(findTestObject("Rizka/Admin/Admin - Login/txtPassword"), password): Text 'Password3' is set on object 'Object Repository/Rizka/Admin/Admin - Login/txtPassword'

2020-05-27 04:54:38 - [MESSAGE][PASSED] - Text 'Password3' is set on object 'Object Repository/Rizka/Admin/Admin - Login/txtPassword'

2020-05-27 04:54:38 - [TEST_STEP][PASSED] - click(findTestObject("Rizka/Admin/Admin - Login/btnEyePass")): Object: 'Object Repository/Rizka/Admin/Admin - Login/btnEyePass' is clicked on

2020-05-27 04:54:38 - [MESSAGE][PASSED] - Object: 'Object Repository/Rizka/Admin/Admin - Login/btnEyePass' is clicked on

2020-05-27 04:54:38 - [TEST_STEP][PASSED] - if (rememberMe == "yes"): Object: 'Object Repository/Rizka/Admin/Admin - Login/checkboxRememberMe' is clicked on

2020-05-27 04:54:38 - [TEST_STEP][PASSED] - click(findTestObject("Rizka/Admin/Admin - Login/checkboxRememberMe")): Object: 'Object Repository/Rizka/Admin/Admin - Login/checkboxRememberMe' is clicked on

2020-05-27 04:54:38 - [MESSAGE][PASSED] - Object: 'Object Repository/Rizka/Admin/Admin - Login/checkboxRememberMe' is clicked on

2020-05-27 04:54:38 - [TEST_STEP][PASSED] - click(findTestObject("Rizka/Admin/Admin - Login/btnLogin2")): Object: 'Object Repository/Rizka/Admin/Admin - Login/btnLogin2' is clicked on

2020-05-27 04:54:39 - [MESSAGE][PASSED] - Object: 'Object Repository/Rizka/Admin/Admin - Login/btnLogin2' is clicked on

2020-05-27 04:54:39 - [TEST_STEP][PASSED] - delay(10): Delayed 10 second(s)

2020-05-27 04:54:49 - [MESSAGE][PASSED] - Delayed 10 second(s)

2020-05-27 04:54:49 - [TEST_STEP][PASSED] - if (condition == "passed"): Object 'Object Repository/Rizka/Admin/Admin - Login/span_Dashboard' is visible

2020-05-27 04:54:49 - [TEST_STEP][PASSED] - verifyElementVisible(findTestObject("Rizka/Admin/Admin - Login/span_Dashboard")): Object 'Object Repository/Rizka/Admin/Admin - Login/span_Dashboard' is visible

2020-05-27 04:54:52 - [MESSAGE][PASSED] - Object 'Object Repository/Rizka/Admin/Admin - Login/span_Dashboard' is visible

2020-05-27 04:54:52 - [MESSAGE][PASSED] - Call Test Case 'Test Cases/Rizka/Admin/Custom/Admin - Login' successfully

2020-05-27 04:54:52 - [TEST_STEP][PASSED] - delay(3): Delayed 3 second(s)

2020-05-27 04:54:55 - [MESSAGE][PASSED] - Delayed 3 second(s)

2020-05-27 04:54:55 - [TEST_STEP][PASSED] - click(findTestObject("Alda/Admin - Manage Test/Page_Dashboard Admin/span_manage_test")): Object: 'Object Repository/Alda/Admin - Manage Test/Page_Dashboard Admin/span_manage_test' is clicked on

2020-05-27 04:54:55 - [MESSAGE][PASSED] - Object: 'Object Repository/Alda/Admin - Manage Test/Page_Dashboard Admin/span_manage_test' is clicked on

2020-05-27 04:54:55 - [TEST_STEP][PASSED] - click(findTestObject("Alda/Admin - Manage Test/Page_Dashboard Admin/span_pretest_posttest")): Object: 'Object Repository/Alda/Admin - Manage Test/Page_Dashboard Admin/span_pretest_posttest' is clicked on

2020-05-27 04:54:56 - [MESSAGE][PASSED] - Object: 'Object Repository/Alda/Admin - Manage Test/Page_Dashboard Admin/span_pretest_posttest' is clicked on

2020-05-27 04:54:56 - [TEST_STEP][PASSED] - click(findTestObject("Alda/Admin - Manage Test/Page_Manage Test/click_search")): Object: 'Object Repository/Alda/Admin - Manage Test/Page_Manage Test/click_search' is clicked on

2020-05-27 04:54:57 - [MESSAGE][PASSED] - Object: 'Object Repository/Alda/Admin - Manage Test/Page_Manage Test/click_search' is clicked on

2020-05-27 04:54:57 - [TEST_STEP][PASSED] - setText(findTestObject("Alda/Admin - Manage Test/Page_Manage Test/input_search"), var_search): Text 'SALES' is set on object 'Object Repository/Alda/Admin - Manage Test/Page_Manage Test/input_search'

2020-05-27 04:55:13 - [MESSAGE][PASSED] - Text 'SALES' is set on object 'Object Repository/Alda/Admin - Manage Test/Page_Manage Test/input_search'

2020-05-27 04:55:13 - [TEST_STEP][PASSED] - sendKeys(findTestObject("Alda/Admin - Manage Test/Page_Manage Test/click_search"), Keys.chord(ENTER)): Keys 'ENTER + ' sent to object: 'Object Repository/Alda/Admin - Manage Test/Page_Manage Test/click_search'

2020-05-27 04:55:13 - [MESSAGE][PASSED] - Keys 'ENTER + ' sent to object: 'Object Repository/Alda/Admin - Manage Test/Page_Manage Test/click_search'

2020-05-27 04:55:13 - [TEST_STEP][PASSED] - delay(3): Delayed 3 second(s)

2020-05-27 04:55:16 - [MESSAGE][PASSED] - Delayed 3 second(s)

2020-05-27 04:55:16 - [TEST_STEP][PASSED] - if (expected_output == "found"): Object 'Object Repository/Alda/Admin - Manage Test/Page_Manage Test/tap_row' is visible

2020-05-27 04:55:16 - [TEST_STEP][PASSED] - verifyElementVisible(findTestObject("Alda/Admin - Manage Test/Page_Manage Test/tap_row", ["text":var_search])): Object 'Object Repository/Alda/Admin - Manage Test/Page_Manage Test/tap_row' is visible

2020-05-27 04:55:19 - [MESSAGE][PASSED] - Object 'Object Repository/Alda/Admin - Manage Test/Page_Manage Test/tap_row' is visible

2020-05-27 04:55:19 - [TEST_STEP][PASSED] - delay(3): Delayed 3 second(s)

2020-05-27 04:55:22 - [MESSAGE][PASSED] - Delayed 3 second(s)]]></system-out>
         <system-err><![CDATA[]]></system-err>
      </testcase>
      <testcase name="Test Cases/Alda/Admin - Manage Test - Pretest Posttest/Search" time="106.229" classname="Test Cases/Alda/Admin - Manage Test - Pretest Posttest/Search" status="PASSED">
         <system-out><![CDATA[2020-05-27 04:55:22 - [TEST_CASE][PASSED] - Test Cases/Alda/Admin - Manage Test - Pretest Posttest/Search: Test Cases/Alda/Admin - Manage Test - Pretest Posttest/Search

2020-05-27 04:55:22 - [TEST_STEP][PASSED] - callTestCase(findTestCase("Rizka/Admin/Custom/Admin - Login"), ["username":"11666", "password":"Password3", "rememberMe":"yes", "condition":"passed"], STOP_ON_FAILURE): Call Test Case 'Test Cases/Rizka/Admin/Custom/Admin - Login' successfully

2020-05-27 04:55:22 - [TEST_CASE][PASSED] - Test Cases/Rizka/Admin/Custom/Admin - Login: Test Cases/Rizka/Admin/Custom/Admin - Login

2020-05-27 04:55:22 - [TEST_STEP][PASSED] - openBrowser(""): Browser is opened with url: ''

2020-05-27 04:55:22 - [MESSAGE][WARNING] - A browser is already opened. Closing browser and opening a new one

2020-05-27 04:55:23 - [MESSAGE][INFO] - Starting 'Chrome' driver

2020-05-27 04:55:26 - [MESSAGE][PASSED] - Browser is opened with url: ''

2020-05-27 04:55:26 - [TEST_STEP][PASSED] - navigateToUrl("https://appsrv1.deltadatamandiri.com/ACC_LMS_WEB/#/admNLmn"): Navigate to 'https://appsrv1.deltadatamandiri.com/ACC_LMS_WEB/#/admNLmn' successfully

2020-05-27 04:55:44 - [MESSAGE][PASSED] - Navigate to 'https://appsrv1.deltadatamandiri.com/ACC_LMS_WEB/#/admNLmn' successfully

2020-05-27 04:55:44 - [TEST_STEP][PASSED] - maximizeWindow(): Current window maximized

2020-05-27 04:55:46 - [MESSAGE][PASSED] - Current window maximized

2020-05-27 04:55:46 - [TEST_STEP][PASSED] - delay(30): Delayed 30 second(s)

2020-05-27 04:56:16 - [MESSAGE][PASSED] - Delayed 30 second(s)

2020-05-27 04:56:16 - [TEST_STEP][PASSED] - click(findTestObject("Rizka/Admin/Admin - Login/btnLogin")): Object: 'Object Repository/Rizka/Admin/Admin - Login/btnLogin' is clicked on

2020-05-27 04:56:16 - [MESSAGE][PASSED] - Object: 'Object Repository/Rizka/Admin/Admin - Login/btnLogin' is clicked on

2020-05-27 04:56:16 - [TEST_STEP][PASSED] - setText(findTestObject("Rizka/Admin/Admin - Login/txtUsername"), username): Text '11666' is set on object 'Object Repository/Rizka/Admin/Admin - Login/txtUsername'

2020-05-27 04:56:16 - [MESSAGE][PASSED] - Text '11666' is set on object 'Object Repository/Rizka/Admin/Admin - Login/txtUsername'

2020-05-27 04:56:16 - [TEST_STEP][PASSED] - setText(findTestObject("Rizka/Admin/Admin - Login/txtPassword"), password): Text 'Password3' is set on object 'Object Repository/Rizka/Admin/Admin - Login/txtPassword'

2020-05-27 04:56:17 - [MESSAGE][PASSED] - Text 'Password3' is set on object 'Object Repository/Rizka/Admin/Admin - Login/txtPassword'

2020-05-27 04:56:17 - [TEST_STEP][PASSED] - click(findTestObject("Rizka/Admin/Admin - Login/btnEyePass")): Object: 'Object Repository/Rizka/Admin/Admin - Login/btnEyePass' is clicked on

2020-05-27 04:56:17 - [MESSAGE][PASSED] - Object: 'Object Repository/Rizka/Admin/Admin - Login/btnEyePass' is clicked on

2020-05-27 04:56:17 - [TEST_STEP][PASSED] - if (rememberMe == "yes"): Object: 'Object Repository/Rizka/Admin/Admin - Login/checkboxRememberMe' is clicked on

2020-05-27 04:56:17 - [TEST_STEP][PASSED] - click(findTestObject("Rizka/Admin/Admin - Login/checkboxRememberMe")): Object: 'Object Repository/Rizka/Admin/Admin - Login/checkboxRememberMe' is clicked on

2020-05-27 04:56:17 - [MESSAGE][PASSED] - Object: 'Object Repository/Rizka/Admin/Admin - Login/checkboxRememberMe' is clicked on

2020-05-27 04:56:17 - [TEST_STEP][PASSED] - click(findTestObject("Rizka/Admin/Admin - Login/btnLogin2")): Object: 'Object Repository/Rizka/Admin/Admin - Login/btnLogin2' is clicked on

2020-05-27 04:56:18 - [MESSAGE][PASSED] - Object: 'Object Repository/Rizka/Admin/Admin - Login/btnLogin2' is clicked on

2020-05-27 04:56:18 - [TEST_STEP][PASSED] - delay(10): Delayed 10 second(s)

2020-05-27 04:56:28 - [MESSAGE][PASSED] - Delayed 10 second(s)

2020-05-27 04:56:28 - [TEST_STEP][PASSED] - if (condition == "passed"): Object 'Object Repository/Rizka/Admin/Admin - Login/span_Dashboard' is visible

2020-05-27 04:56:28 - [TEST_STEP][PASSED] - verifyElementVisible(findTestObject("Rizka/Admin/Admin - Login/span_Dashboard")): Object 'Object Repository/Rizka/Admin/Admin - Login/span_Dashboard' is visible

2020-05-27 04:56:30 - [MESSAGE][PASSED] - Object 'Object Repository/Rizka/Admin/Admin - Login/span_Dashboard' is visible

2020-05-27 04:56:30 - [MESSAGE][PASSED] - Call Test Case 'Test Cases/Rizka/Admin/Custom/Admin - Login' successfully

2020-05-27 04:56:30 - [TEST_STEP][PASSED] - delay(3): Delayed 3 second(s)

2020-05-27 04:56:33 - [MESSAGE][PASSED] - Delayed 3 second(s)

2020-05-27 04:56:33 - [TEST_STEP][PASSED] - click(findTestObject("Alda/Admin - Manage Test/Page_Dashboard Admin/span_manage_test")): Object: 'Object Repository/Alda/Admin - Manage Test/Page_Dashboard Admin/span_manage_test' is clicked on

2020-05-27 04:56:33 - [MESSAGE][PASSED] - Object: 'Object Repository/Alda/Admin - Manage Test/Page_Dashboard Admin/span_manage_test' is clicked on

2020-05-27 04:56:33 - [TEST_STEP][PASSED] - click(findTestObject("Alda/Admin - Manage Test/Page_Dashboard Admin/span_pretest_posttest")): Object: 'Object Repository/Alda/Admin - Manage Test/Page_Dashboard Admin/span_pretest_posttest' is clicked on

2020-05-27 04:56:34 - [MESSAGE][PASSED] - Object: 'Object Repository/Alda/Admin - Manage Test/Page_Dashboard Admin/span_pretest_posttest' is clicked on

2020-05-27 04:56:34 - [TEST_STEP][PASSED] - click(findTestObject("Alda/Admin - Manage Test/Page_Manage Test/click_search")): Object: 'Object Repository/Alda/Admin - Manage Test/Page_Manage Test/click_search' is clicked on

2020-05-27 04:56:35 - [MESSAGE][PASSED] - Object: 'Object Repository/Alda/Admin - Manage Test/Page_Manage Test/click_search' is clicked on

2020-05-27 04:56:35 - [TEST_STEP][PASSED] - setText(findTestObject("Alda/Admin - Manage Test/Page_Manage Test/input_search"), var_search): Text 'GENERAL' is set on object 'Object Repository/Alda/Admin - Manage Test/Page_Manage Test/input_search'

2020-05-27 04:56:51 - [MESSAGE][PASSED] - Text 'GENERAL' is set on object 'Object Repository/Alda/Admin - Manage Test/Page_Manage Test/input_search'

2020-05-27 04:56:51 - [TEST_STEP][PASSED] - sendKeys(findTestObject("Alda/Admin - Manage Test/Page_Manage Test/click_search"), Keys.chord(ENTER)): Keys 'ENTER + ' sent to object: 'Object Repository/Alda/Admin - Manage Test/Page_Manage Test/click_search'

2020-05-27 04:56:51 - [MESSAGE][PASSED] - Keys 'ENTER + ' sent to object: 'Object Repository/Alda/Admin - Manage Test/Page_Manage Test/click_search'

2020-05-27 04:56:51 - [TEST_STEP][PASSED] - delay(3): Delayed 3 second(s)

2020-05-27 04:56:54 - [MESSAGE][PASSED] - Delayed 3 second(s)

2020-05-27 04:56:54 - [TEST_STEP][PASSED] - if (expected_output == "found"): Object 'Object Repository/Alda/Admin - Manage Test/Page_Manage Test/tap_row' is visible

2020-05-27 04:56:54 - [TEST_STEP][PASSED] - verifyElementVisible(findTestObject("Alda/Admin - Manage Test/Page_Manage Test/tap_row", ["text":var_search])): Object 'Object Repository/Alda/Admin - Manage Test/Page_Manage Test/tap_row' is visible

2020-05-27 04:57:05 - [MESSAGE][PASSED] - Object 'Object Repository/Alda/Admin - Manage Test/Page_Manage Test/tap_row' is visible

2020-05-27 04:57:05 - [TEST_STEP][PASSED] - delay(3): Delayed 3 second(s)

2020-05-27 04:57:08 - [MESSAGE][PASSED] - Delayed 3 second(s)]]></system-out>
         <system-err><![CDATA[]]></system-err>
      </testcase>
      <testcase name="Test Cases/Alda/Admin - Manage Test - Pretest Posttest/Search" time="106.765" classname="Test Cases/Alda/Admin - Manage Test - Pretest Posttest/Search" status="PASSED">
         <system-out><![CDATA[2020-05-27 04:57:08 - [TEST_CASE][PASSED] - Test Cases/Alda/Admin - Manage Test - Pretest Posttest/Search: Test Cases/Alda/Admin - Manage Test - Pretest Posttest/Search

2020-05-27 04:57:08 - [TEST_STEP][PASSED] - callTestCase(findTestCase("Rizka/Admin/Custom/Admin - Login"), ["username":"11666", "password":"Password3", "rememberMe":"yes", "condition":"passed"], STOP_ON_FAILURE): Call Test Case 'Test Cases/Rizka/Admin/Custom/Admin - Login' successfully

2020-05-27 04:57:09 - [TEST_CASE][PASSED] - Test Cases/Rizka/Admin/Custom/Admin - Login: Test Cases/Rizka/Admin/Custom/Admin - Login

2020-05-27 04:57:09 - [TEST_STEP][PASSED] - openBrowser(""): Browser is opened with url: ''

2020-05-27 04:57:09 - [MESSAGE][WARNING] - A browser is already opened. Closing browser and opening a new one

2020-05-27 04:57:09 - [MESSAGE][INFO] - Starting 'Chrome' driver

2020-05-27 04:57:13 - [MESSAGE][PASSED] - Browser is opened with url: ''

2020-05-27 04:57:13 - [TEST_STEP][PASSED] - navigateToUrl("https://appsrv1.deltadatamandiri.com/ACC_LMS_WEB/#/admNLmn"): Navigate to 'https://appsrv1.deltadatamandiri.com/ACC_LMS_WEB/#/admNLmn' successfully

2020-05-27 04:57:33 - [MESSAGE][PASSED] - Navigate to 'https://appsrv1.deltadatamandiri.com/ACC_LMS_WEB/#/admNLmn' successfully

2020-05-27 04:57:33 - [TEST_STEP][PASSED] - maximizeWindow(): Current window maximized

2020-05-27 04:57:34 - [MESSAGE][PASSED] - Current window maximized

2020-05-27 04:57:34 - [TEST_STEP][PASSED] - delay(30): Delayed 30 second(s)

2020-05-27 04:58:04 - [MESSAGE][PASSED] - Delayed 30 second(s)

2020-05-27 04:58:04 - [TEST_STEP][PASSED] - click(findTestObject("Rizka/Admin/Admin - Login/btnLogin")): Object: 'Object Repository/Rizka/Admin/Admin - Login/btnLogin' is clicked on

2020-05-27 04:58:05 - [MESSAGE][PASSED] - Object: 'Object Repository/Rizka/Admin/Admin - Login/btnLogin' is clicked on

2020-05-27 04:58:05 - [TEST_STEP][PASSED] - setText(findTestObject("Rizka/Admin/Admin - Login/txtUsername"), username): Text '11666' is set on object 'Object Repository/Rizka/Admin/Admin - Login/txtUsername'

2020-05-27 04:58:05 - [MESSAGE][PASSED] - Text '11666' is set on object 'Object Repository/Rizka/Admin/Admin - Login/txtUsername'

2020-05-27 04:58:05 - [TEST_STEP][PASSED] - setText(findTestObject("Rizka/Admin/Admin - Login/txtPassword"), password): Text 'Password3' is set on object 'Object Repository/Rizka/Admin/Admin - Login/txtPassword'

2020-05-27 04:58:06 - [MESSAGE][PASSED] - Text 'Password3' is set on object 'Object Repository/Rizka/Admin/Admin - Login/txtPassword'

2020-05-27 04:58:06 - [TEST_STEP][PASSED] - click(findTestObject("Rizka/Admin/Admin - Login/btnEyePass")): Object: 'Object Repository/Rizka/Admin/Admin - Login/btnEyePass' is clicked on

2020-05-27 04:58:06 - [MESSAGE][PASSED] - Object: 'Object Repository/Rizka/Admin/Admin - Login/btnEyePass' is clicked on

2020-05-27 04:58:06 - [TEST_STEP][PASSED] - if (rememberMe == "yes"): Object: 'Object Repository/Rizka/Admin/Admin - Login/checkboxRememberMe' is clicked on

2020-05-27 04:58:06 - [TEST_STEP][PASSED] - click(findTestObject("Rizka/Admin/Admin - Login/checkboxRememberMe")): Object: 'Object Repository/Rizka/Admin/Admin - Login/checkboxRememberMe' is clicked on

2020-05-27 04:58:07 - [MESSAGE][PASSED] - Object: 'Object Repository/Rizka/Admin/Admin - Login/checkboxRememberMe' is clicked on

2020-05-27 04:58:07 - [TEST_STEP][PASSED] - click(findTestObject("Rizka/Admin/Admin - Login/btnLogin2")): Object: 'Object Repository/Rizka/Admin/Admin - Login/btnLogin2' is clicked on

2020-05-27 04:58:07 - [MESSAGE][PASSED] - Object: 'Object Repository/Rizka/Admin/Admin - Login/btnLogin2' is clicked on

2020-05-27 04:58:07 - [TEST_STEP][PASSED] - delay(10): Delayed 10 second(s)

2020-05-27 04:58:17 - [MESSAGE][PASSED] - Delayed 10 second(s)

2020-05-27 04:58:17 - [TEST_STEP][PASSED] - if (condition == "passed"): Object 'Object Repository/Rizka/Admin/Admin - Login/span_Dashboard' is visible

2020-05-27 04:58:17 - [TEST_STEP][PASSED] - verifyElementVisible(findTestObject("Rizka/Admin/Admin - Login/span_Dashboard")): Object 'Object Repository/Rizka/Admin/Admin - Login/span_Dashboard' is visible

2020-05-27 04:58:25 - [MESSAGE][PASSED] - Object 'Object Repository/Rizka/Admin/Admin - Login/span_Dashboard' is visible

2020-05-27 04:58:25 - [MESSAGE][PASSED] - Call Test Case 'Test Cases/Rizka/Admin/Custom/Admin - Login' successfully

2020-05-27 04:58:25 - [TEST_STEP][PASSED] - delay(3): Delayed 3 second(s)

2020-05-27 04:58:28 - [MESSAGE][PASSED] - Delayed 3 second(s)

2020-05-27 04:58:28 - [TEST_STEP][PASSED] - click(findTestObject("Alda/Admin - Manage Test/Page_Dashboard Admin/span_manage_test")): Object: 'Object Repository/Alda/Admin - Manage Test/Page_Dashboard Admin/span_manage_test' is clicked on

2020-05-27 04:58:29 - [MESSAGE][PASSED] - Object: 'Object Repository/Alda/Admin - Manage Test/Page_Dashboard Admin/span_manage_test' is clicked on

2020-05-27 04:58:29 - [TEST_STEP][PASSED] - click(findTestObject("Alda/Admin - Manage Test/Page_Dashboard Admin/span_pretest_posttest")): Object: 'Object Repository/Alda/Admin - Manage Test/Page_Dashboard Admin/span_pretest_posttest' is clicked on

2020-05-27 04:58:29 - [MESSAGE][PASSED] - Object: 'Object Repository/Alda/Admin - Manage Test/Page_Dashboard Admin/span_pretest_posttest' is clicked on

2020-05-27 04:58:29 - [TEST_STEP][PASSED] - click(findTestObject("Alda/Admin - Manage Test/Page_Manage Test/click_search")): Object: 'Object Repository/Alda/Admin - Manage Test/Page_Manage Test/click_search' is clicked on

2020-05-27 04:58:31 - [MESSAGE][PASSED] - Object: 'Object Repository/Alda/Admin - Manage Test/Page_Manage Test/click_search' is clicked on

2020-05-27 04:58:31 - [TEST_STEP][PASSED] - setText(findTestObject("Alda/Admin - Manage Test/Page_Manage Test/input_search"), var_search): Text 'NEOP CSO' is set on object 'Object Repository/Alda/Admin - Manage Test/Page_Manage Test/input_search'

2020-05-27 04:58:47 - [MESSAGE][PASSED] - Text 'NEOP CSO' is set on object 'Object Repository/Alda/Admin - Manage Test/Page_Manage Test/input_search'

2020-05-27 04:58:47 - [TEST_STEP][PASSED] - sendKeys(findTestObject("Alda/Admin - Manage Test/Page_Manage Test/click_search"), Keys.chord(ENTER)): Keys 'ENTER + ' sent to object: 'Object Repository/Alda/Admin - Manage Test/Page_Manage Test/click_search'

2020-05-27 04:58:48 - [MESSAGE][PASSED] - Keys 'ENTER + ' sent to object: 'Object Repository/Alda/Admin - Manage Test/Page_Manage Test/click_search'

2020-05-27 04:58:48 - [TEST_STEP][PASSED] - delay(3): Delayed 3 second(s)

2020-05-27 04:58:51 - [MESSAGE][PASSED] - Delayed 3 second(s)

2020-05-27 04:58:51 - [TEST_STEP][PASSED] - if (expected_output == "found"): Object 'Object Repository/Alda/Admin - Manage Test/Page_Manage Test/tap_row' is visible

2020-05-27 04:58:51 - [TEST_STEP][PASSED] - verifyElementVisible(findTestObject("Alda/Admin - Manage Test/Page_Manage Test/tap_row", ["text":var_search])): Object 'Object Repository/Alda/Admin - Manage Test/Page_Manage Test/tap_row' is visible

2020-05-27 04:58:52 - [MESSAGE][PASSED] - Object 'Object Repository/Alda/Admin - Manage Test/Page_Manage Test/tap_row' is visible

2020-05-27 04:58:52 - [TEST_STEP][PASSED] - delay(3): Delayed 3 second(s)

2020-05-27 04:58:55 - [MESSAGE][PASSED] - Delayed 3 second(s)]]></system-out>
         <system-err><![CDATA[]]></system-err>
      </testcase>
      <testcase name="Test Cases/Alda/Admin - Manage Test - Pretest Posttest/Search" time="93.155" classname="Test Cases/Alda/Admin - Manage Test - Pretest Posttest/Search" status="PASSED">
         <system-out><![CDATA[2020-05-27 04:58:55 - [TEST_CASE][PASSED] - Test Cases/Alda/Admin - Manage Test - Pretest Posttest/Search: Test Cases/Alda/Admin - Manage Test - Pretest Posttest/Search

2020-05-27 04:58:55 - [TEST_STEP][PASSED] - callTestCase(findTestCase("Rizka/Admin/Custom/Admin - Login"), ["username":"11666", "password":"Password3", "rememberMe":"yes", "condition":"passed"], STOP_ON_FAILURE): Call Test Case 'Test Cases/Rizka/Admin/Custom/Admin - Login' successfully

2020-05-27 04:58:55 - [TEST_CASE][PASSED] - Test Cases/Rizka/Admin/Custom/Admin - Login: Test Cases/Rizka/Admin/Custom/Admin - Login

2020-05-27 04:58:55 - [TEST_STEP][PASSED] - openBrowser(""): Browser is opened with url: ''

2020-05-27 04:58:55 - [MESSAGE][WARNING] - A browser is already opened. Closing browser and opening a new one

2020-05-27 04:58:56 - [MESSAGE][INFO] - Starting 'Chrome' driver

2020-05-27 04:58:59 - [MESSAGE][PASSED] - Browser is opened with url: ''

2020-05-27 04:58:59 - [TEST_STEP][PASSED] - navigateToUrl("https://appsrv1.deltadatamandiri.com/ACC_LMS_WEB/#/admNLmn"): Navigate to 'https://appsrv1.deltadatamandiri.com/ACC_LMS_WEB/#/admNLmn' successfully

2020-05-27 04:59:16 - [MESSAGE][PASSED] - Navigate to 'https://appsrv1.deltadatamandiri.com/ACC_LMS_WEB/#/admNLmn' successfully

2020-05-27 04:59:16 - [TEST_STEP][PASSED] - maximizeWindow(): Current window maximized

2020-05-27 04:59:17 - [MESSAGE][PASSED] - Current window maximized

2020-05-27 04:59:17 - [TEST_STEP][PASSED] - delay(30): Delayed 30 second(s)

2020-05-27 04:59:47 - [MESSAGE][PASSED] - Delayed 30 second(s)

2020-05-27 04:59:47 - [TEST_STEP][PASSED] - click(findTestObject("Rizka/Admin/Admin - Login/btnLogin")): Object: 'Object Repository/Rizka/Admin/Admin - Login/btnLogin' is clicked on

2020-05-27 04:59:47 - [MESSAGE][PASSED] - Object: 'Object Repository/Rizka/Admin/Admin - Login/btnLogin' is clicked on

2020-05-27 04:59:47 - [TEST_STEP][PASSED] - setText(findTestObject("Rizka/Admin/Admin - Login/txtUsername"), username): Text '11666' is set on object 'Object Repository/Rizka/Admin/Admin - Login/txtUsername'

2020-05-27 04:59:48 - [MESSAGE][PASSED] - Text '11666' is set on object 'Object Repository/Rizka/Admin/Admin - Login/txtUsername'

2020-05-27 04:59:48 - [TEST_STEP][PASSED] - setText(findTestObject("Rizka/Admin/Admin - Login/txtPassword"), password): Text 'Password3' is set on object 'Object Repository/Rizka/Admin/Admin - Login/txtPassword'

2020-05-27 04:59:48 - [MESSAGE][PASSED] - Text 'Password3' is set on object 'Object Repository/Rizka/Admin/Admin - Login/txtPassword'

2020-05-27 04:59:48 - [TEST_STEP][PASSED] - click(findTestObject("Rizka/Admin/Admin - Login/btnEyePass")): Object: 'Object Repository/Rizka/Admin/Admin - Login/btnEyePass' is clicked on

2020-05-27 04:59:48 - [MESSAGE][PASSED] - Object: 'Object Repository/Rizka/Admin/Admin - Login/btnEyePass' is clicked on

2020-05-27 04:59:48 - [TEST_STEP][PASSED] - if (rememberMe == "yes"): Object: 'Object Repository/Rizka/Admin/Admin - Login/checkboxRememberMe' is clicked on

2020-05-27 04:59:48 - [TEST_STEP][PASSED] - click(findTestObject("Rizka/Admin/Admin - Login/checkboxRememberMe")): Object: 'Object Repository/Rizka/Admin/Admin - Login/checkboxRememberMe' is clicked on

2020-05-27 04:59:49 - [MESSAGE][PASSED] - Object: 'Object Repository/Rizka/Admin/Admin - Login/checkboxRememberMe' is clicked on

2020-05-27 04:59:49 - [TEST_STEP][PASSED] - click(findTestObject("Rizka/Admin/Admin - Login/btnLogin2")): Object: 'Object Repository/Rizka/Admin/Admin - Login/btnLogin2' is clicked on

2020-05-27 04:59:49 - [MESSAGE][PASSED] - Object: 'Object Repository/Rizka/Admin/Admin - Login/btnLogin2' is clicked on

2020-05-27 04:59:49 - [TEST_STEP][PASSED] - delay(10): Delayed 10 second(s)

2020-05-27 04:59:59 - [MESSAGE][PASSED] - Delayed 10 second(s)

2020-05-27 04:59:59 - [TEST_STEP][PASSED] - if (condition == "passed"): Object 'Object Repository/Rizka/Admin/Admin - Login/span_Dashboard' is visible

2020-05-27 04:59:59 - [TEST_STEP][PASSED] - verifyElementVisible(findTestObject("Rizka/Admin/Admin - Login/span_Dashboard")): Object 'Object Repository/Rizka/Admin/Admin - Login/span_Dashboard' is visible

2020-05-27 05:00:01 - [MESSAGE][PASSED] - Object 'Object Repository/Rizka/Admin/Admin - Login/span_Dashboard' is visible

2020-05-27 05:00:01 - [MESSAGE][PASSED] - Call Test Case 'Test Cases/Rizka/Admin/Custom/Admin - Login' successfully

2020-05-27 05:00:01 - [TEST_STEP][PASSED] - delay(3): Delayed 3 second(s)

2020-05-27 05:00:04 - [MESSAGE][PASSED] - Delayed 3 second(s)

2020-05-27 05:00:04 - [TEST_STEP][PASSED] - click(findTestObject("Alda/Admin - Manage Test/Page_Dashboard Admin/span_manage_test")): Object: 'Object Repository/Alda/Admin - Manage Test/Page_Dashboard Admin/span_manage_test' is clicked on

2020-05-27 05:00:04 - [MESSAGE][PASSED] - Object: 'Object Repository/Alda/Admin - Manage Test/Page_Dashboard Admin/span_manage_test' is clicked on

2020-05-27 05:00:04 - [TEST_STEP][PASSED] - click(findTestObject("Alda/Admin - Manage Test/Page_Dashboard Admin/span_pretest_posttest")): Object: 'Object Repository/Alda/Admin - Manage Test/Page_Dashboard Admin/span_pretest_posttest' is clicked on

2020-05-27 05:00:05 - [MESSAGE][PASSED] - Object: 'Object Repository/Alda/Admin - Manage Test/Page_Dashboard Admin/span_pretest_posttest' is clicked on

2020-05-27 05:00:05 - [TEST_STEP][PASSED] - click(findTestObject("Alda/Admin - Manage Test/Page_Manage Test/click_search")): Object: 'Object Repository/Alda/Admin - Manage Test/Page_Manage Test/click_search' is clicked on

2020-05-27 05:00:06 - [MESSAGE][PASSED] - Object: 'Object Repository/Alda/Admin - Manage Test/Page_Manage Test/click_search' is clicked on

2020-05-27 05:00:06 - [TEST_STEP][PASSED] - setText(findTestObject("Alda/Admin - Manage Test/Page_Manage Test/input_search"), var_search): Text 'Coba Pilihan Ganda' is set on object 'Object Repository/Alda/Admin - Manage Test/Page_Manage Test/input_search'

2020-05-27 05:00:22 - [MESSAGE][PASSED] - Text 'Coba Pilihan Ganda' is set on object 'Object Repository/Alda/Admin - Manage Test/Page_Manage Test/input_search'

2020-05-27 05:00:22 - [TEST_STEP][PASSED] - sendKeys(findTestObject("Alda/Admin - Manage Test/Page_Manage Test/click_search"), Keys.chord(ENTER)): Keys 'ENTER + ' sent to object: 'Object Repository/Alda/Admin - Manage Test/Page_Manage Test/click_search'

2020-05-27 05:00:22 - [MESSAGE][PASSED] - Keys 'ENTER + ' sent to object: 'Object Repository/Alda/Admin - Manage Test/Page_Manage Test/click_search'

2020-05-27 05:00:22 - [TEST_STEP][PASSED] - delay(3): Delayed 3 second(s)

2020-05-27 05:00:25 - [MESSAGE][PASSED] - Delayed 3 second(s)

2020-05-27 05:00:25 - [TEST_STEP][PASSED] - if (expected_output == "found"): Object 'Object Repository/Alda/Admin - Manage Test/Page_Manage Test/tap_row' is visible

2020-05-27 05:00:25 - [TEST_STEP][PASSED] - verifyElementVisible(findTestObject("Alda/Admin - Manage Test/Page_Manage Test/tap_row", ["text":var_search])): Object 'Object Repository/Alda/Admin - Manage Test/Page_Manage Test/tap_row' is visible

2020-05-27 05:00:25 - [MESSAGE][PASSED] - Object 'Object Repository/Alda/Admin - Manage Test/Page_Manage Test/tap_row' is visible

2020-05-27 05:00:25 - [TEST_STEP][PASSED] - delay(3): Delayed 3 second(s)

2020-05-27 05:00:28 - [MESSAGE][PASSED] - Delayed 3 second(s)]]></system-out>
         <system-err><![CDATA[]]></system-err>
      </testcase>
      <testcase name="Test Cases/Alda/Admin - Manage Test - Pretest Posttest/Search" time="91.666" classname="Test Cases/Alda/Admin - Manage Test - Pretest Posttest/Search" status="PASSED">
         <system-out><![CDATA[2020-05-27 05:00:28 - [TEST_CASE][PASSED] - Test Cases/Alda/Admin - Manage Test - Pretest Posttest/Search: Test Cases/Alda/Admin - Manage Test - Pretest Posttest/Search

2020-05-27 05:00:28 - [TEST_STEP][PASSED] - callTestCase(findTestCase("Rizka/Admin/Custom/Admin - Login"), ["username":"11666", "password":"Password3", "rememberMe":"yes", "condition":"passed"], STOP_ON_FAILURE): Call Test Case 'Test Cases/Rizka/Admin/Custom/Admin - Login' successfully

2020-05-27 05:00:28 - [TEST_CASE][PASSED] - Test Cases/Rizka/Admin/Custom/Admin - Login: Test Cases/Rizka/Admin/Custom/Admin - Login

2020-05-27 05:00:28 - [TEST_STEP][PASSED] - openBrowser(""): Browser is opened with url: ''

2020-05-27 05:00:28 - [MESSAGE][WARNING] - A browser is already opened. Closing browser and opening a new one

2020-05-27 05:00:29 - [MESSAGE][INFO] - Starting 'Chrome' driver

2020-05-27 05:00:32 - [MESSAGE][PASSED] - Browser is opened with url: ''

2020-05-27 05:00:32 - [TEST_STEP][PASSED] - navigateToUrl("https://appsrv1.deltadatamandiri.com/ACC_LMS_WEB/#/admNLmn"): Navigate to 'https://appsrv1.deltadatamandiri.com/ACC_LMS_WEB/#/admNLmn' successfully

2020-05-27 05:00:46 - [MESSAGE][PASSED] - Navigate to 'https://appsrv1.deltadatamandiri.com/ACC_LMS_WEB/#/admNLmn' successfully

2020-05-27 05:00:46 - [TEST_STEP][PASSED] - maximizeWindow(): Current window maximized

2020-05-27 05:00:47 - [MESSAGE][PASSED] - Current window maximized

2020-05-27 05:00:47 - [TEST_STEP][PASSED] - delay(30): Delayed 30 second(s)

2020-05-27 05:01:17 - [MESSAGE][PASSED] - Delayed 30 second(s)

2020-05-27 05:01:17 - [TEST_STEP][PASSED] - click(findTestObject("Rizka/Admin/Admin - Login/btnLogin")): Object: 'Object Repository/Rizka/Admin/Admin - Login/btnLogin' is clicked on

2020-05-27 05:01:18 - [MESSAGE][PASSED] - Object: 'Object Repository/Rizka/Admin/Admin - Login/btnLogin' is clicked on

2020-05-27 05:01:18 - [TEST_STEP][PASSED] - setText(findTestObject("Rizka/Admin/Admin - Login/txtUsername"), username): Text '11666' is set on object 'Object Repository/Rizka/Admin/Admin - Login/txtUsername'

2020-05-27 05:01:18 - [MESSAGE][PASSED] - Text '11666' is set on object 'Object Repository/Rizka/Admin/Admin - Login/txtUsername'

2020-05-27 05:01:18 - [TEST_STEP][PASSED] - setText(findTestObject("Rizka/Admin/Admin - Login/txtPassword"), password): Text 'Password3' is set on object 'Object Repository/Rizka/Admin/Admin - Login/txtPassword'

2020-05-27 05:01:19 - [MESSAGE][PASSED] - Text 'Password3' is set on object 'Object Repository/Rizka/Admin/Admin - Login/txtPassword'

2020-05-27 05:01:19 - [TEST_STEP][PASSED] - click(findTestObject("Rizka/Admin/Admin - Login/btnEyePass")): Object: 'Object Repository/Rizka/Admin/Admin - Login/btnEyePass' is clicked on

2020-05-27 05:01:19 - [MESSAGE][PASSED] - Object: 'Object Repository/Rizka/Admin/Admin - Login/btnEyePass' is clicked on

2020-05-27 05:01:19 - [TEST_STEP][PASSED] - if (rememberMe == "yes"): Object: 'Object Repository/Rizka/Admin/Admin - Login/checkboxRememberMe' is clicked on

2020-05-27 05:01:19 - [TEST_STEP][PASSED] - click(findTestObject("Rizka/Admin/Admin - Login/checkboxRememberMe")): Object: 'Object Repository/Rizka/Admin/Admin - Login/checkboxRememberMe' is clicked on

2020-05-27 05:01:19 - [MESSAGE][PASSED] - Object: 'Object Repository/Rizka/Admin/Admin - Login/checkboxRememberMe' is clicked on

2020-05-27 05:01:19 - [TEST_STEP][PASSED] - click(findTestObject("Rizka/Admin/Admin - Login/btnLogin2")): Object: 'Object Repository/Rizka/Admin/Admin - Login/btnLogin2' is clicked on

2020-05-27 05:01:20 - [MESSAGE][PASSED] - Object: 'Object Repository/Rizka/Admin/Admin - Login/btnLogin2' is clicked on

2020-05-27 05:01:20 - [TEST_STEP][PASSED] - delay(10): Delayed 10 second(s)

2020-05-27 05:01:30 - [MESSAGE][PASSED] - Delayed 10 second(s)

2020-05-27 05:01:30 - [TEST_STEP][PASSED] - if (condition == "passed"): Object 'Object Repository/Rizka/Admin/Admin - Login/span_Dashboard' is visible

2020-05-27 05:01:30 - [TEST_STEP][PASSED] - verifyElementVisible(findTestObject("Rizka/Admin/Admin - Login/span_Dashboard")): Object 'Object Repository/Rizka/Admin/Admin - Login/span_Dashboard' is visible

2020-05-27 05:01:33 - [MESSAGE][PASSED] - Object 'Object Repository/Rizka/Admin/Admin - Login/span_Dashboard' is visible

2020-05-27 05:01:33 - [MESSAGE][PASSED] - Call Test Case 'Test Cases/Rizka/Admin/Custom/Admin - Login' successfully

2020-05-27 05:01:33 - [TEST_STEP][PASSED] - delay(3): Delayed 3 second(s)

2020-05-27 05:01:36 - [MESSAGE][PASSED] - Delayed 3 second(s)

2020-05-27 05:01:36 - [TEST_STEP][PASSED] - click(findTestObject("Alda/Admin - Manage Test/Page_Dashboard Admin/span_manage_test")): Object: 'Object Repository/Alda/Admin - Manage Test/Page_Dashboard Admin/span_manage_test' is clicked on

2020-05-27 05:01:36 - [MESSAGE][PASSED] - Object: 'Object Repository/Alda/Admin - Manage Test/Page_Dashboard Admin/span_manage_test' is clicked on

2020-05-27 05:01:36 - [TEST_STEP][PASSED] - click(findTestObject("Alda/Admin - Manage Test/Page_Dashboard Admin/span_pretest_posttest")): Object: 'Object Repository/Alda/Admin - Manage Test/Page_Dashboard Admin/span_pretest_posttest' is clicked on

2020-05-27 05:01:37 - [MESSAGE][PASSED] - Object: 'Object Repository/Alda/Admin - Manage Test/Page_Dashboard Admin/span_pretest_posttest' is clicked on

2020-05-27 05:01:37 - [TEST_STEP][PASSED] - click(findTestObject("Alda/Admin - Manage Test/Page_Manage Test/click_search")): Object: 'Object Repository/Alda/Admin - Manage Test/Page_Manage Test/click_search' is clicked on

2020-05-27 05:01:38 - [MESSAGE][PASSED] - Object: 'Object Repository/Alda/Admin - Manage Test/Page_Manage Test/click_search' is clicked on

2020-05-27 05:01:38 - [TEST_STEP][PASSED] - setText(findTestObject("Alda/Admin - Manage Test/Page_Manage Test/input_search"), var_search): Text '2000' is set on object 'Object Repository/Alda/Admin - Manage Test/Page_Manage Test/input_search'

2020-05-27 05:01:53 - [MESSAGE][PASSED] - Text '2000' is set on object 'Object Repository/Alda/Admin - Manage Test/Page_Manage Test/input_search'

2020-05-27 05:01:53 - [TEST_STEP][PASSED] - sendKeys(findTestObject("Alda/Admin - Manage Test/Page_Manage Test/click_search"), Keys.chord(ENTER)): Keys 'ENTER + ' sent to object: 'Object Repository/Alda/Admin - Manage Test/Page_Manage Test/click_search'

2020-05-27 05:01:54 - [MESSAGE][PASSED] - Keys 'ENTER + ' sent to object: 'Object Repository/Alda/Admin - Manage Test/Page_Manage Test/click_search'

2020-05-27 05:01:54 - [TEST_STEP][PASSED] - delay(3): Delayed 3 second(s)

2020-05-27 05:01:57 - [MESSAGE][PASSED] - Delayed 3 second(s)

2020-05-27 05:01:57 - [TEST_STEP][PASSED] - if (expected_output == "found"): null

2020-05-27 05:01:57 - [TEST_STEP][PASSED] - else if (expected_output == "not found"): Object: 'Object Repository/Alda/Admin - Manage Test/Page_Manage Test/alert_no_data_found' is clicked on

2020-05-27 05:01:57 - [TEST_STEP][PASSED] - click(findTestObject("Alda/Admin - Manage Test/Page_Manage Test/alert_no_data_found")): Object: 'Object Repository/Alda/Admin - Manage Test/Page_Manage Test/alert_no_data_found' is clicked on

2020-05-27 05:01:57 - [MESSAGE][PASSED] - Object: 'Object Repository/Alda/Admin - Manage Test/Page_Manage Test/alert_no_data_found' is clicked on

2020-05-27 05:01:57 - [TEST_STEP][PASSED] - delay(3): Delayed 3 second(s)

2020-05-27 05:02:00 - [MESSAGE][PASSED] - Delayed 3 second(s)]]></system-out>
         <system-err><![CDATA[]]></system-err>
      </testcase>
      <testcase name="Test Cases/Alda/Admin - Manage Test - Pretest Posttest/Search" time="94.901" classname="Test Cases/Alda/Admin - Manage Test - Pretest Posttest/Search" status="PASSED">
         <system-out><![CDATA[2020-05-27 05:02:00 - [TEST_CASE][PASSED] - Test Cases/Alda/Admin - Manage Test - Pretest Posttest/Search: Test Cases/Alda/Admin - Manage Test - Pretest Posttest/Search

2020-05-27 05:02:00 - [TEST_STEP][PASSED] - callTestCase(findTestCase("Rizka/Admin/Custom/Admin - Login"), ["username":"11666", "password":"Password3", "rememberMe":"yes", "condition":"passed"], STOP_ON_FAILURE): Call Test Case 'Test Cases/Rizka/Admin/Custom/Admin - Login' successfully

2020-05-27 05:02:00 - [TEST_CASE][PASSED] - Test Cases/Rizka/Admin/Custom/Admin - Login: Test Cases/Rizka/Admin/Custom/Admin - Login

2020-05-27 05:02:00 - [TEST_STEP][PASSED] - openBrowser(""): Browser is opened with url: ''

2020-05-27 05:02:00 - [MESSAGE][WARNING] - A browser is already opened. Closing browser and opening a new one

2020-05-27 05:02:01 - [MESSAGE][INFO] - Starting 'Chrome' driver

2020-05-27 05:02:04 - [MESSAGE][PASSED] - Browser is opened with url: ''

2020-05-27 05:02:04 - [TEST_STEP][PASSED] - navigateToUrl("https://appsrv1.deltadatamandiri.com/ACC_LMS_WEB/#/admNLmn"): Navigate to 'https://appsrv1.deltadatamandiri.com/ACC_LMS_WEB/#/admNLmn' successfully

2020-05-27 05:02:20 - [MESSAGE][PASSED] - Navigate to 'https://appsrv1.deltadatamandiri.com/ACC_LMS_WEB/#/admNLmn' successfully

2020-05-27 05:02:20 - [TEST_STEP][PASSED] - maximizeWindow(): Current window maximized

2020-05-27 05:02:21 - [MESSAGE][PASSED] - Current window maximized

2020-05-27 05:02:21 - [TEST_STEP][PASSED] - delay(30): Delayed 30 second(s)

2020-05-27 05:02:51 - [MESSAGE][PASSED] - Delayed 30 second(s)

2020-05-27 05:02:51 - [TEST_STEP][PASSED] - click(findTestObject("Rizka/Admin/Admin - Login/btnLogin")): Object: 'Object Repository/Rizka/Admin/Admin - Login/btnLogin' is clicked on

2020-05-27 05:02:52 - [MESSAGE][PASSED] - Object: 'Object Repository/Rizka/Admin/Admin - Login/btnLogin' is clicked on

2020-05-27 05:02:52 - [TEST_STEP][PASSED] - setText(findTestObject("Rizka/Admin/Admin - Login/txtUsername"), username): Text '11666' is set on object 'Object Repository/Rizka/Admin/Admin - Login/txtUsername'

2020-05-27 05:02:52 - [MESSAGE][PASSED] - Text '11666' is set on object 'Object Repository/Rizka/Admin/Admin - Login/txtUsername'

2020-05-27 05:02:52 - [TEST_STEP][PASSED] - setText(findTestObject("Rizka/Admin/Admin - Login/txtPassword"), password): Text 'Password3' is set on object 'Object Repository/Rizka/Admin/Admin - Login/txtPassword'

2020-05-27 05:02:53 - [MESSAGE][PASSED] - Text 'Password3' is set on object 'Object Repository/Rizka/Admin/Admin - Login/txtPassword'

2020-05-27 05:02:53 - [TEST_STEP][PASSED] - click(findTestObject("Rizka/Admin/Admin - Login/btnEyePass")): Object: 'Object Repository/Rizka/Admin/Admin - Login/btnEyePass' is clicked on

2020-05-27 05:02:53 - [MESSAGE][PASSED] - Object: 'Object Repository/Rizka/Admin/Admin - Login/btnEyePass' is clicked on

2020-05-27 05:02:53 - [TEST_STEP][PASSED] - if (rememberMe == "yes"): Object: 'Object Repository/Rizka/Admin/Admin - Login/checkboxRememberMe' is clicked on

2020-05-27 05:02:53 - [TEST_STEP][PASSED] - click(findTestObject("Rizka/Admin/Admin - Login/checkboxRememberMe")): Object: 'Object Repository/Rizka/Admin/Admin - Login/checkboxRememberMe' is clicked on

2020-05-27 05:02:53 - [MESSAGE][PASSED] - Object: 'Object Repository/Rizka/Admin/Admin - Login/checkboxRememberMe' is clicked on

2020-05-27 05:02:53 - [TEST_STEP][PASSED] - click(findTestObject("Rizka/Admin/Admin - Login/btnLogin2")): Object: 'Object Repository/Rizka/Admin/Admin - Login/btnLogin2' is clicked on

2020-05-27 05:02:53 - [MESSAGE][PASSED] - Object: 'Object Repository/Rizka/Admin/Admin - Login/btnLogin2' is clicked on

2020-05-27 05:02:54 - [TEST_STEP][PASSED] - delay(10): Delayed 10 second(s)

2020-05-27 05:03:04 - [MESSAGE][PASSED] - Delayed 10 second(s)

2020-05-27 05:03:04 - [TEST_STEP][PASSED] - if (condition == "passed"): Object 'Object Repository/Rizka/Admin/Admin - Login/span_Dashboard' is visible

2020-05-27 05:03:04 - [TEST_STEP][PASSED] - verifyElementVisible(findTestObject("Rizka/Admin/Admin - Login/span_Dashboard")): Object 'Object Repository/Rizka/Admin/Admin - Login/span_Dashboard' is visible

2020-05-27 05:03:07 - [MESSAGE][PASSED] - Object 'Object Repository/Rizka/Admin/Admin - Login/span_Dashboard' is visible

2020-05-27 05:03:07 - [MESSAGE][PASSED] - Call Test Case 'Test Cases/Rizka/Admin/Custom/Admin - Login' successfully

2020-05-27 05:03:07 - [TEST_STEP][PASSED] - delay(3): Delayed 3 second(s)

2020-05-27 05:03:10 - [MESSAGE][PASSED] - Delayed 3 second(s)

2020-05-27 05:03:10 - [TEST_STEP][PASSED] - click(findTestObject("Alda/Admin - Manage Test/Page_Dashboard Admin/span_manage_test")): Object: 'Object Repository/Alda/Admin - Manage Test/Page_Dashboard Admin/span_manage_test' is clicked on

2020-05-27 05:03:10 - [MESSAGE][PASSED] - Object: 'Object Repository/Alda/Admin - Manage Test/Page_Dashboard Admin/span_manage_test' is clicked on

2020-05-27 05:03:10 - [TEST_STEP][PASSED] - click(findTestObject("Alda/Admin - Manage Test/Page_Dashboard Admin/span_pretest_posttest")): Object: 'Object Repository/Alda/Admin - Manage Test/Page_Dashboard Admin/span_pretest_posttest' is clicked on

2020-05-27 05:03:10 - [MESSAGE][PASSED] - Object: 'Object Repository/Alda/Admin - Manage Test/Page_Dashboard Admin/span_pretest_posttest' is clicked on

2020-05-27 05:03:10 - [TEST_STEP][PASSED] - click(findTestObject("Alda/Admin - Manage Test/Page_Manage Test/click_search")): Object: 'Object Repository/Alda/Admin - Manage Test/Page_Manage Test/click_search' is clicked on

2020-05-27 05:03:12 - [MESSAGE][PASSED] - Object: 'Object Repository/Alda/Admin - Manage Test/Page_Manage Test/click_search' is clicked on

2020-05-27 05:03:12 - [TEST_STEP][PASSED] - setText(findTestObject("Alda/Admin - Manage Test/Page_Manage Test/input_search"), var_search): Text 'vasdgasdtqweh' is set on object 'Object Repository/Alda/Admin - Manage Test/Page_Manage Test/input_search'

2020-05-27 05:03:28 - [MESSAGE][PASSED] - Text 'vasdgasdtqweh' is set on object 'Object Repository/Alda/Admin - Manage Test/Page_Manage Test/input_search'

2020-05-27 05:03:28 - [TEST_STEP][PASSED] - sendKeys(findTestObject("Alda/Admin - Manage Test/Page_Manage Test/click_search"), Keys.chord(ENTER)): Keys 'ENTER + ' sent to object: 'Object Repository/Alda/Admin - Manage Test/Page_Manage Test/click_search'

2020-05-27 05:03:29 - [MESSAGE][PASSED] - Keys 'ENTER + ' sent to object: 'Object Repository/Alda/Admin - Manage Test/Page_Manage Test/click_search'

2020-05-27 05:03:29 - [TEST_STEP][PASSED] - delay(3): Delayed 3 second(s)

2020-05-27 05:03:32 - [MESSAGE][PASSED] - Delayed 3 second(s)

2020-05-27 05:03:32 - [TEST_STEP][PASSED] - if (expected_output == "found"): null

2020-05-27 05:03:32 - [TEST_STEP][PASSED] - else if (expected_output == "not found"): Object: 'Object Repository/Alda/Admin - Manage Test/Page_Manage Test/alert_no_data_found' is clicked on

2020-05-27 05:03:32 - [TEST_STEP][PASSED] - click(findTestObject("Alda/Admin - Manage Test/Page_Manage Test/alert_no_data_found")): Object: 'Object Repository/Alda/Admin - Manage Test/Page_Manage Test/alert_no_data_found' is clicked on

2020-05-27 05:03:32 - [MESSAGE][PASSED] - Object: 'Object Repository/Alda/Admin - Manage Test/Page_Manage Test/alert_no_data_found' is clicked on

2020-05-27 05:03:32 - [TEST_STEP][PASSED] - delay(3): Delayed 3 second(s)

2020-05-27 05:03:35 - [MESSAGE][PASSED] - Delayed 3 second(s)]]></system-out>
         <system-err><![CDATA[]]></system-err>
      </testcase>
      <system-out><![CDATA[2020-05-27 04:46:15 - [TEST_SUITE][PASSED] - Admin_Pretest Postest - Search: Test Cases/Alda/Admin - Manage Test - Pretest Posttest/Search]]></system-out>
      <system-err><![CDATA[]]></system-err>
   </testsuite>
</testsuites>
