<?xml version="1.0" encoding="UTF-8"?>
<testsuites name="User-Forgot Password" time="28.163" tests="1" failures="0" errors="0">
   <testsuite name="User-Forgot Password" tests="1" failures="0" errors="0" time="28.163" timestamp="2020-05-14 16:13:51" hostname="Denna Leksanti - 192.168.152.1" id="Test Suites/Denna/User-Forgot Password">
      <properties>
         <property name="deviceName" value=""/>
         <property name="devicePlatform" value=""/>
         <property name="logFolder" value="C:\\Users\\Hari Sapto\\git\\LearningManagementWeb\\Reports\\20200514_161341\\Denna\\User-Forgot Password\\20200514_161341"/>
         <property name="logFiles" value="C:\\Users\\Hari Sapto\\git\\LearningManagementWeb\\Reports\\20200514_161341\\Denna\\User-Forgot Password\\20200514_161341\\execution0.log"/>
         <property name="attachments" value=""/>
         <property name="hostName" value="Denna Leksanti - 192.168.152.1"/>
         <property name="os" value="Windows 10 64bit"/>
         <property name="katalonVersion" value="7.0.8.1"/>
         <property name="browser" value="Chrome 81.0.4044.138"/>
         <property name="hostAddress" value="192.168.152.1"/>
         <property name="sessionId" value="e0d4595a6b3b8d9bbce977814a57331a"/>
         <property name="seleniumVersion" value="3.141.59"/>
         <property name="proxyInformation" value="ProxyInformation{proxyOption=NO_PROXY, proxyServerType=HTTP, password=, proxyServerAddress=, proxyServerPort=0}"/>
         <property name="platform" value="Windows 10"/>
      </properties>
      <testcase name="Test Cases/Denna/User - Forgot Password" time="27.334" classname="Test Cases/Denna/User - Forgot Password" status="PASSED">
         <system-out><![CDATA[2020-05-14 16:13:52 - [TEST_CASE][PASSED] - Test Cases/Denna/User - Forgot Password: Test Cases/Denna/User - Forgot Password

2020-05-14 16:13:53 - [TEST_STEP][PASSED] - openBrowser(""): Browser is opened with url: ''

2020-05-14 16:13:53 - [MESSAGE][INFO] - Starting 'Chrome' driver

2020-05-14 16:13:53 - [MESSAGE][INFO] - Action delay is set to 0 seconds

2020-05-14 16:14:01 - [MESSAGE][PASSED] - Browser is opened with url: ''

2020-05-14 16:14:01 - [TEST_STEP][PASSED] - navigateToUrl("https://appsrv1.deltadatamandiri.com/ACC_LMS_WEB/#/Main"): Navigate to 'https://appsrv1.deltadatamandiri.com/ACC_LMS_WEB/#/Main' successfully

2020-05-14 16:14:09 - [MESSAGE][PASSED] - Navigate to 'https://appsrv1.deltadatamandiri.com/ACC_LMS_WEB/#/Main' successfully

2020-05-14 16:14:09 - [TEST_STEP][PASSED] - click(findTestObject("Denna/User - Forgot Password/button login")): Object: 'Object Repository/Denna/User - Forgot Password/button login' is clicked on

2020-05-14 16:14:13 - [MESSAGE][PASSED] - Object: 'Object Repository/Denna/User - Forgot Password/button login' is clicked on

2020-05-14 16:14:13 - [TEST_STEP][PASSED] - click(findTestObject("Object Repository/Denna/User - Forgot Password/button Forgot Password")): Object: 'Object Repository/Denna/User - Forgot Password/button Forgot Password' is clicked on

2020-05-14 16:14:15 - [MESSAGE][PASSED] - Object: 'Object Repository/Denna/User - Forgot Password/button Forgot Password' is clicked on

2020-05-14 16:14:15 - [TEST_STEP][PASSED] - setText(findTestObject("Denna/User - Forgot Password/input NPK npkUser"), NPK): Text '55555' is set on object 'Object Repository/Denna/User - Forgot Password/input NPK npkUser'

2020-05-14 16:14:15 - [MESSAGE][PASSED] - Text '55555' is set on object 'Object Repository/Denna/User - Forgot Password/input NPK npkUser'

2020-05-14 16:14:15 - [TEST_STEP][PASSED] - click(findTestObject("Object Repository/Denna/User - Forgot Password/button Kirim OTP")): Object: 'Object Repository/Denna/User - Forgot Password/button Kirim OTP' is clicked on

2020-05-14 16:14:16 - [MESSAGE][PASSED] - Object: 'Object Repository/Denna/User - Forgot Password/button Kirim OTP' is clicked on

2020-05-14 16:14:16 - [TEST_STEP][PASSED] - switch (Kondisi): null

2020-05-14 16:14:16 - [TEST_STEP][PASSED] - case "fail1":: null

2020-05-14 16:14:16 - [TEST_STEP][PASSED] - if (Keterangan == "emptyNPK"): null

2020-05-14 16:14:16 - [TEST_STEP][PASSED] - break: null

2020-05-14 16:14:16 - [TEST_STEP][PASSED] - closeBrowser(): Browser is closed

2020-05-14 16:14:19 - [MESSAGE][PASSED] - Browser is closed]]></system-out>
         <system-err><![CDATA[]]></system-err>
      </testcase>
      <system-out><![CDATA[2020-05-14 16:13:51 - [TEST_SUITE][PASSED] - User-Forgot Password: Test Cases/Denna/User - Forgot Password]]></system-out>
      <system-err><![CDATA[]]></system-err>
   </testsuite>
</testsuites>
