<?xml version="1.0" encoding="UTF-8"?>
<testsuites name="Online Learning" time="255.342" tests="3" failures="0" errors="0">
   <testsuite name="Online Learning" tests="3" failures="0" errors="0" time="255.342" timestamp="2020-05-14 12:19:16" hostname="ASUS - LAPTOP-D0TPACJ1" id="Test Suites/Christi/Online Learning">
      <properties>
         <property name="deviceName" value=""/>
         <property name="devicePlatform" value=""/>
         <property name="logFolder" value="C:\\Users\\ASUS\\git\\LearningManagementWeb\\Reports\\20200514_121907\\Christi\\Online Learning\\20200514_121907"/>
         <property name="logFiles" value="C:\\Users\\ASUS\\git\\LearningManagementWeb\\Reports\\20200514_121907\\Christi\\Online Learning\\20200514_121907\\execution0.log"/>
         <property name="attachments" value=""/>
         <property name="hostName" value="ASUS - LAPTOP-D0TPACJ1"/>
         <property name="os" value="Windows 10 64bit"/>
         <property name="katalonVersion" value="7.0.10.1"/>
         <property name="browser" value="Chrome 81.0.4044.138"/>
         <property name="hostAddress" value="192.168.100.227"/>
         <property name="sessionId" value="2e79ada0daa50fb87b7c114a863f4ce7"/>
         <property name="seleniumVersion" value="3.141.59"/>
         <property name="proxyInformation" value="ProxyInformation{proxyOption=NO_PROXY, proxyServerType=HTTP, password=, proxyServerAddress=, proxyServerPort=0}"/>
         <property name="platform" value="Windows 10"/>
      </properties>
      <testcase name="Test Cases/Christi/User/Online Learning - Lihat Modul" time="78.712" classname="Test Cases/Christi/User/Online Learning - Lihat Modul" status="PASSED">
         <system-out><![CDATA[2020-05-14 12:19:17 - [TEST_CASE][PASSED] - Test Cases/Christi/User/Online Learning - Lihat Modul: Test Cases/Christi/User/Online Learning - Lihat Modul

2020-05-14 12:19:18 - [TEST_STEP][PASSED] - callTestCase(findTestCase("Christi/User/user login"), ["username":"14426", "password":"Password2"], STOP_ON_FAILURE): Call Test Case 'Test Cases/Christi/User/user login' successfully

2020-05-14 12:19:19 - [TEST_CASE][PASSED] - Test Cases/Christi/User/user login: Test Cases/Christi/User/user login

2020-05-14 12:19:19 - [TEST_STEP][PASSED] - openBrowser(""): Browser is opened with url: ''

2020-05-14 12:19:20 - [MESSAGE][INFO] - Starting 'Chrome' driver

2020-05-14 12:19:20 - [MESSAGE][INFO] - Action delay is set to 0 seconds

2020-05-14 12:19:24 - [MESSAGE][PASSED] - Browser is opened with url: ''

2020-05-14 12:19:24 - [TEST_STEP][PASSED] - maximizeWindow(): Current window maximized

2020-05-14 12:19:25 - [MESSAGE][PASSED] - Current window maximized

2020-05-14 12:19:25 - [TEST_STEP][PASSED] - navigateToUrl("https://appsrv1.deltadatamandiri.com/ACC_LMS_WEB/#/Main"): Navigate to 'https://appsrv1.deltadatamandiri.com/ACC_LMS_WEB/#/Main' successfully

2020-05-14 12:19:36 - [MESSAGE][PASSED] - Navigate to 'https://appsrv1.deltadatamandiri.com/ACC_LMS_WEB/#/Main' successfully

2020-05-14 12:19:36 - [TEST_STEP][PASSED] - click(findTestObject("Object Repository/Christi/Page_Main/span_login")): Object: 'Object Repository/Christi/Page_Main/span_login' is clicked on

2020-05-14 12:19:41 - [MESSAGE][ERROR] - javascript error: Failed to execute 'elementsFromPoint' on 'Document': The provided double value is non-finite.
  (Session info: chrome=81.0.4044.138)
Build info: version: '3.141.59', revision: 'e82be7d358', time: '2018-11-14T08:25:53'
System info: host: 'LAPTOP-D0TPACJ1', ip: '192.168.100.227', os.name: 'Windows 10', os.arch: 'amd64', os.version: '10.0', java.version: '1.8.0_181'
Driver info: com.kms.katalon.selenium.driver.CChromeDriver
Capabilities {acceptInsecureCerts: false, browserName: chrome, browserVersion: 81.0.4044.138, chrome: {chromedriverVersion: 80.0.3987.106 (f68069574609..., userDataDir: C:\Users\ASUS\AppData\Local...}, goog:chromeOptions: {debuggerAddress: localhost:57505}, javascriptEnabled: true, networkConnectionEnabled: false, pageLoadStrategy: normal, platform: WINDOWS, platformName: WINDOWS, proxy: Proxy(), setWindowRect: true, strictFileInteractability: false, timeouts: {implicit: 0, pageLoad: 300000, script: 30000}, unhandledPromptBehavior: dismiss and notify}
Session ID: e6441db23c237049530778f04aaf7209

2020-05-14 12:19:42 - [MESSAGE][PASSED] - Object: 'Object Repository/Christi/Page_Main/span_login' is clicked on

2020-05-14 12:19:42 - [TEST_STEP][PASSED] - delay(3): Delayed 3 second(s)

2020-05-14 12:19:45 - [MESSAGE][PASSED] - Delayed 3 second(s)

2020-05-14 12:19:45 - [TEST_STEP][PASSED] - setText(findTestObject("Object Repository/Christi/Page_Main/input_NPK_username"), username): Text '14426' is set on object 'Object Repository/Christi/Page_Main/input_NPK_username'

2020-05-14 12:19:45 - [MESSAGE][PASSED] - Text '14426' is set on object 'Object Repository/Christi/Page_Main/input_NPK_username'

2020-05-14 12:19:45 - [TEST_STEP][PASSED] - setText(findTestObject("Object Repository/Christi/Page_Main/input_Password_password"), password): Text 'Password2' is set on object 'Object Repository/Christi/Page_Main/input_Password_password'

2020-05-14 12:19:46 - [MESSAGE][PASSED] - Text 'Password2' is set on object 'Object Repository/Christi/Page_Main/input_Password_password'

2020-05-14 12:19:46 - [TEST_STEP][PASSED] - click(findTestObject("Object Repository/Christi/Page_Main/span_Remember me")): Object: 'Object Repository/Christi/Page_Main/span_Remember me' is clicked on

2020-05-14 12:19:46 - [MESSAGE][PASSED] - Object: 'Object Repository/Christi/Page_Main/span_Remember me' is clicked on

2020-05-14 12:19:46 - [TEST_STEP][PASSED] - click(findTestObject("Object Repository/Christi/Page_Main/span_login_1")): Object: 'Object Repository/Christi/Page_Main/span_login_1' is clicked on

2020-05-14 12:19:47 - [MESSAGE][PASSED] - Object: 'Object Repository/Christi/Page_Main/span_login_1' is clicked on

2020-05-14 12:19:47 - [TEST_STEP][PASSED] - delay(5): Delayed 5 second(s)

2020-05-14 12:19:52 - [MESSAGE][PASSED] - Delayed 5 second(s)

2020-05-14 12:19:52 - [MESSAGE][PASSED] - Call Test Case 'Test Cases/Christi/User/user login' successfully

2020-05-14 12:19:52 - [TEST_STEP][PASSED] - click(findTestObject("Christi/Page_Homepage/i_My Learning Icon_app-icon wi wi-menu fa-lg")): Object: 'Object Repository/Christi/Page_Homepage/i_My Learning Icon_app-icon wi wi-menu fa-lg' is clicked on

2020-05-14 12:20:07 - [MESSAGE][PASSED] - Object: 'Object Repository/Christi/Page_Homepage/i_My Learning Icon_app-icon wi wi-menu fa-lg' is clicked on

2020-05-14 12:20:07 - [TEST_STEP][PASSED] - click(findTestObject("Christi/Page_Homepage/span_Online Learning"), STOP_ON_FAILURE): Object: 'Object Repository/Christi/Page_Homepage/span_Online Learning' is clicked on

2020-05-14 12:20:07 - [MESSAGE][PASSED] - Object: 'Object Repository/Christi/Page_Homepage/span_Online Learning' is clicked on

2020-05-14 12:20:07 - [TEST_STEP][PASSED] - delay(3): Delayed 3 second(s)

2020-05-14 12:20:10 - [MESSAGE][PASSED] - Delayed 3 second(s)

2020-05-14 12:20:10 - [TEST_STEP][PASSED] - setText(findTestObject("Christi/Page_Job Functions/input_Back button_searchModul"), module_name): Text 'zzzzzzzzzz' is set on object 'Object Repository/Christi/Page_Job Functions/input_Back button_searchModul'

2020-05-14 12:20:23 - [MESSAGE][PASSED] - Text 'zzzzzzzzzz' is set on object 'Object Repository/Christi/Page_Job Functions/input_Back button_searchModul'

2020-05-14 12:20:23 - [TEST_STEP][PASSED] - click(findTestObject("Object Repository/Christi/Page_Job Functions/button_Clear button_app-search-button wi wi-search")): Object: 'Object Repository/Christi/Page_Job Functions/button_Clear button_app-search-button wi wi-search' is clicked on

2020-05-14 12:20:23 - [MESSAGE][PASSED] - Object: 'Object Repository/Christi/Page_Job Functions/button_Clear button_app-search-button wi wi-search' is clicked on

2020-05-14 12:20:23 - [TEST_STEP][PASSED] - delay(3): Delayed 3 second(s)

2020-05-14 12:20:26 - [MESSAGE][PASSED] - Delayed 3 second(s)

2020-05-14 12:20:26 - [TEST_STEP][PASSED] - if (found == "yes"): null

2020-05-14 12:20:26 - [TEST_STEP][PASSED] - else if (found == "no"): Object 'Object Repository/Christi/Page_Online Learning Search Result/label_tidak ditemukan' is present

2020-05-14 12:20:26 - [TEST_STEP][PASSED] - verifyElementPresent(findTestObject("Object Repository/Christi/Page_Online Learning Search Result/label_tidak ditemukan"), 0): Object 'Object Repository/Christi/Page_Online Learning Search Result/label_tidak ditemukan' is present

2020-05-14 12:20:26 - [MESSAGE][WARNING] - Timeout '0' is invalid. Using default page load timeout: '30'

2020-05-14 12:20:32 - [MESSAGE][PASSED] - Object 'Object Repository/Christi/Page_Online Learning Search Result/label_tidak ditemukan' is present

2020-05-14 12:20:32 - [TEST_STEP][PASSED] - delay(3): Delayed 3 second(s)

2020-05-14 12:20:35 - [MESSAGE][PASSED] - Delayed 3 second(s)

2020-05-14 12:20:35 - [TEST_STEP][PASSED] - closeBrowser(): Browser is closed

2020-05-14 12:20:36 - [MESSAGE][PASSED] - Browser is closed]]></system-out>
         <system-err><![CDATA[]]></system-err>
      </testcase>
      <testcase name="Test Cases/Christi/User/Online Learning - Lihat Modul" time="90.219" classname="Test Cases/Christi/User/Online Learning - Lihat Modul" status="PASSED">
         <system-out><![CDATA[2020-05-14 12:20:36 - [TEST_CASE][PASSED] - Test Cases/Christi/User/Online Learning - Lihat Modul: Test Cases/Christi/User/Online Learning - Lihat Modul

2020-05-14 12:20:36 - [TEST_STEP][PASSED] - callTestCase(findTestCase("Christi/User/user login"), ["username":"14426", "password":"Password2"], STOP_ON_FAILURE): Call Test Case 'Test Cases/Christi/User/user login' successfully

2020-05-14 12:20:36 - [TEST_CASE][PASSED] - Test Cases/Christi/User/user login: Test Cases/Christi/User/user login

2020-05-14 12:20:36 - [TEST_STEP][PASSED] - openBrowser(""): Browser is opened with url: ''

2020-05-14 12:20:36 - [MESSAGE][INFO] - Starting 'Chrome' driver

2020-05-14 12:20:39 - [MESSAGE][PASSED] - Browser is opened with url: ''

2020-05-14 12:20:39 - [TEST_STEP][PASSED] - maximizeWindow(): Current window maximized

2020-05-14 12:20:41 - [MESSAGE][PASSED] - Current window maximized

2020-05-14 12:20:41 - [TEST_STEP][PASSED] - navigateToUrl("https://appsrv1.deltadatamandiri.com/ACC_LMS_WEB/#/Main"): Navigate to 'https://appsrv1.deltadatamandiri.com/ACC_LMS_WEB/#/Main' successfully

2020-05-14 12:20:56 - [MESSAGE][PASSED] - Navigate to 'https://appsrv1.deltadatamandiri.com/ACC_LMS_WEB/#/Main' successfully

2020-05-14 12:20:56 - [TEST_STEP][PASSED] - click(findTestObject("Object Repository/Christi/Page_Main/span_login")): Object: 'Object Repository/Christi/Page_Main/span_login' is clicked on

2020-05-14 12:21:00 - [MESSAGE][ERROR] - javascript error: Failed to execute 'elementsFromPoint' on 'Document': The provided double value is non-finite.
  (Session info: chrome=81.0.4044.138)
Build info: version: '3.141.59', revision: 'e82be7d358', time: '2018-11-14T08:25:53'
System info: host: 'LAPTOP-D0TPACJ1', ip: '192.168.100.227', os.name: 'Windows 10', os.arch: 'amd64', os.version: '10.0', java.version: '1.8.0_181'
Driver info: com.kms.katalon.selenium.driver.CChromeDriver
Capabilities {acceptInsecureCerts: false, browserName: chrome, browserVersion: 81.0.4044.138, chrome: {chromedriverVersion: 80.0.3987.106 (f68069574609..., userDataDir: C:\Users\ASUS\AppData\Local...}, goog:chromeOptions: {debuggerAddress: localhost:57584}, javascriptEnabled: true, networkConnectionEnabled: false, pageLoadStrategy: normal, platform: WINDOWS, platformName: WINDOWS, proxy: Proxy(), setWindowRect: true, strictFileInteractability: false, timeouts: {implicit: 0, pageLoad: 300000, script: 30000}, unhandledPromptBehavior: dismiss and notify}
Session ID: 0da8d441fca9335e2a2000c9e4981d74

2020-05-14 12:21:01 - [MESSAGE][PASSED] - Object: 'Object Repository/Christi/Page_Main/span_login' is clicked on

2020-05-14 12:21:01 - [TEST_STEP][PASSED] - delay(3): Delayed 3 second(s)

2020-05-14 12:21:04 - [MESSAGE][PASSED] - Delayed 3 second(s)

2020-05-14 12:21:04 - [TEST_STEP][PASSED] - setText(findTestObject("Object Repository/Christi/Page_Main/input_NPK_username"), username): Text '14426' is set on object 'Object Repository/Christi/Page_Main/input_NPK_username'

2020-05-14 12:21:05 - [MESSAGE][PASSED] - Text '14426' is set on object 'Object Repository/Christi/Page_Main/input_NPK_username'

2020-05-14 12:21:05 - [TEST_STEP][PASSED] - setText(findTestObject("Object Repository/Christi/Page_Main/input_Password_password"), password): Text 'Password2' is set on object 'Object Repository/Christi/Page_Main/input_Password_password'

2020-05-14 12:21:05 - [MESSAGE][PASSED] - Text 'Password2' is set on object 'Object Repository/Christi/Page_Main/input_Password_password'

2020-05-14 12:21:05 - [TEST_STEP][PASSED] - click(findTestObject("Object Repository/Christi/Page_Main/span_Remember me")): Object: 'Object Repository/Christi/Page_Main/span_Remember me' is clicked on

2020-05-14 12:21:06 - [MESSAGE][PASSED] - Object: 'Object Repository/Christi/Page_Main/span_Remember me' is clicked on

2020-05-14 12:21:06 - [TEST_STEP][PASSED] - click(findTestObject("Object Repository/Christi/Page_Main/span_login_1")): Object: 'Object Repository/Christi/Page_Main/span_login_1' is clicked on

2020-05-14 12:21:06 - [MESSAGE][PASSED] - Object: 'Object Repository/Christi/Page_Main/span_login_1' is clicked on

2020-05-14 12:21:06 - [TEST_STEP][PASSED] - delay(5): Delayed 5 second(s)

2020-05-14 12:21:11 - [MESSAGE][PASSED] - Delayed 5 second(s)

2020-05-14 12:21:11 - [MESSAGE][PASSED] - Call Test Case 'Test Cases/Christi/User/user login' successfully

2020-05-14 12:21:11 - [TEST_STEP][PASSED] - click(findTestObject("Christi/Page_Homepage/i_My Learning Icon_app-icon wi wi-menu fa-lg")): Object: 'Object Repository/Christi/Page_Homepage/i_My Learning Icon_app-icon wi wi-menu fa-lg' is clicked on

2020-05-14 12:21:22 - [MESSAGE][PASSED] - Object: 'Object Repository/Christi/Page_Homepage/i_My Learning Icon_app-icon wi wi-menu fa-lg' is clicked on

2020-05-14 12:21:22 - [TEST_STEP][PASSED] - click(findTestObject("Christi/Page_Homepage/span_Online Learning"), STOP_ON_FAILURE): Object: 'Object Repository/Christi/Page_Homepage/span_Online Learning' is clicked on

2020-05-14 12:21:23 - [MESSAGE][PASSED] - Object: 'Object Repository/Christi/Page_Homepage/span_Online Learning' is clicked on

2020-05-14 12:21:23 - [TEST_STEP][PASSED] - delay(3): Delayed 3 second(s)

2020-05-14 12:21:26 - [MESSAGE][PASSED] - Delayed 3 second(s)

2020-05-14 12:21:26 - [TEST_STEP][PASSED] - setText(findTestObject("Christi/Page_Job Functions/input_Back button_searchModul"), module_name): Text 'WELCOMING KIT' is set on object 'Object Repository/Christi/Page_Job Functions/input_Back button_searchModul'

2020-05-14 12:21:38 - [MESSAGE][PASSED] - Text 'WELCOMING KIT' is set on object 'Object Repository/Christi/Page_Job Functions/input_Back button_searchModul'

2020-05-14 12:21:38 - [TEST_STEP][PASSED] - click(findTestObject("Object Repository/Christi/Page_Job Functions/button_Clear button_app-search-button wi wi-search")): Object: 'Object Repository/Christi/Page_Job Functions/button_Clear button_app-search-button wi wi-search' is clicked on

2020-05-14 12:21:38 - [MESSAGE][PASSED] - Object: 'Object Repository/Christi/Page_Job Functions/button_Clear button_app-search-button wi wi-search' is clicked on

2020-05-14 12:21:38 - [TEST_STEP][PASSED] - delay(3): Delayed 3 second(s)

2020-05-14 12:21:41 - [MESSAGE][PASSED] - Delayed 3 second(s)

2020-05-14 12:21:41 - [TEST_STEP][PASSED] - if (found == "yes"): null

2020-05-14 12:21:41 - [TEST_STEP][PASSED] - verifyElementPresent(findTestObject("Christi/Page_Online Learning Search Result/label_Ditemukan modul dengan kata kunci"), 0): Object 'Object Repository/Christi/Page_Online Learning Search Result/label_Ditemukan modul dengan kata kunci' is present

2020-05-14 12:21:41 - [MESSAGE][WARNING] - Timeout '0' is invalid. Using default page load timeout: '30'

2020-05-14 12:21:47 - [MESSAGE][PASSED] - Object 'Object Repository/Christi/Page_Online Learning Search Result/label_Ditemukan modul dengan kata kunci' is present

2020-05-14 12:21:47 - [TEST_STEP][PASSED] - delay(3): Delayed 3 second(s)

2020-05-14 12:21:50 - [MESSAGE][PASSED] - Delayed 3 second(s)

2020-05-14 12:21:50 - [TEST_STEP][PASSED] - click(findTestObject("Christi/Page_Online Learning Search Result/span_Lihat Modul")): Object: 'Object Repository/Christi/Page_Online Learning Search Result/span_Lihat Modul' is clicked on

2020-05-14 12:21:51 - [MESSAGE][PASSED] - Object: 'Object Repository/Christi/Page_Online Learning Search Result/span_Lihat Modul' is clicked on

2020-05-14 12:21:51 - [TEST_STEP][PASSED] - delay(3): Delayed 3 second(s)

2020-05-14 12:21:54 - [MESSAGE][PASSED] - Delayed 3 second(s)

2020-05-14 12:21:54 - [TEST_STEP][PASSED] - verifyElementPresent(findTestObject("Christi/Page_Online Learning Detail/label_active_module", ["text":module_name]), 0): Object 'Object Repository/Christi/Page_Online Learning Detail/label_active_module' is present

2020-05-14 12:21:54 - [MESSAGE][WARNING] - Timeout '0' is invalid. Using default page load timeout: '30'

2020-05-14 12:22:03 - [MESSAGE][PASSED] - Object 'Object Repository/Christi/Page_Online Learning Detail/label_active_module' is present

2020-05-14 12:22:03 - [TEST_STEP][PASSED] - if (status == "new"): null

2020-05-14 12:22:03 - [TEST_STEP][PASSED] - delay(3): Delayed 3 second(s)

2020-05-14 12:22:06 - [MESSAGE][PASSED] - Delayed 3 second(s)

2020-05-14 12:22:06 - [TEST_STEP][PASSED] - closeBrowser(): Browser is closed

2020-05-14 12:22:06 - [MESSAGE][PASSED] - Browser is closed]]></system-out>
         <system-err><![CDATA[]]></system-err>
      </testcase>
      <testcase name="Test Cases/Christi/User/Online Learning - Lihat Modul" time="85.297" classname="Test Cases/Christi/User/Online Learning - Lihat Modul" status="PASSED">
         <system-out><![CDATA[2020-05-14 12:22:06 - [TEST_CASE][PASSED] - Test Cases/Christi/User/Online Learning - Lihat Modul: Test Cases/Christi/User/Online Learning - Lihat Modul

2020-05-14 12:22:06 - [TEST_STEP][PASSED] - callTestCase(findTestCase("Christi/User/user login"), ["username":"14426", "password":"Password2"], STOP_ON_FAILURE): Call Test Case 'Test Cases/Christi/User/user login' successfully

2020-05-14 12:22:06 - [TEST_CASE][PASSED] - Test Cases/Christi/User/user login: Test Cases/Christi/User/user login

2020-05-14 12:22:06 - [TEST_STEP][PASSED] - openBrowser(""): Browser is opened with url: ''

2020-05-14 12:22:06 - [MESSAGE][INFO] - Starting 'Chrome' driver

2020-05-14 12:22:09 - [MESSAGE][PASSED] - Browser is opened with url: ''

2020-05-14 12:22:09 - [TEST_STEP][PASSED] - maximizeWindow(): Current window maximized

2020-05-14 12:22:10 - [MESSAGE][PASSED] - Current window maximized

2020-05-14 12:22:10 - [TEST_STEP][PASSED] - navigateToUrl("https://appsrv1.deltadatamandiri.com/ACC_LMS_WEB/#/Main"): Navigate to 'https://appsrv1.deltadatamandiri.com/ACC_LMS_WEB/#/Main' successfully

2020-05-14 12:22:20 - [MESSAGE][PASSED] - Navigate to 'https://appsrv1.deltadatamandiri.com/ACC_LMS_WEB/#/Main' successfully

2020-05-14 12:22:20 - [TEST_STEP][PASSED] - click(findTestObject("Object Repository/Christi/Page_Main/span_login")): Object: 'Object Repository/Christi/Page_Main/span_login' is clicked on

2020-05-14 12:22:23 - [MESSAGE][ERROR] - javascript error: Failed to execute 'elementsFromPoint' on 'Document': The provided double value is non-finite.
  (Session info: chrome=81.0.4044.138)
Build info: version: '3.141.59', revision: 'e82be7d358', time: '2018-11-14T08:25:53'
System info: host: 'LAPTOP-D0TPACJ1', ip: '192.168.100.227', os.name: 'Windows 10', os.arch: 'amd64', os.version: '10.0', java.version: '1.8.0_181'
Driver info: com.kms.katalon.selenium.driver.CChromeDriver
Capabilities {acceptInsecureCerts: false, browserName: chrome, browserVersion: 81.0.4044.138, chrome: {chromedriverVersion: 80.0.3987.106 (f68069574609..., userDataDir: C:\Users\ASUS\AppData\Local...}, goog:chromeOptions: {debuggerAddress: localhost:57673}, javascriptEnabled: true, networkConnectionEnabled: false, pageLoadStrategy: normal, platform: WINDOWS, platformName: WINDOWS, proxy: Proxy(), setWindowRect: true, strictFileInteractability: false, timeouts: {implicit: 0, pageLoad: 300000, script: 30000}, unhandledPromptBehavior: dismiss and notify}
Session ID: 2e79ada0daa50fb87b7c114a863f4ce7

2020-05-14 12:22:24 - [MESSAGE][PASSED] - Object: 'Object Repository/Christi/Page_Main/span_login' is clicked on

2020-05-14 12:22:24 - [TEST_STEP][PASSED] - delay(3): Delayed 3 second(s)

2020-05-14 12:22:27 - [MESSAGE][PASSED] - Delayed 3 second(s)

2020-05-14 12:22:27 - [TEST_STEP][PASSED] - setText(findTestObject("Object Repository/Christi/Page_Main/input_NPK_username"), username): Text '14426' is set on object 'Object Repository/Christi/Page_Main/input_NPK_username'

2020-05-14 12:22:28 - [MESSAGE][PASSED] - Text '14426' is set on object 'Object Repository/Christi/Page_Main/input_NPK_username'

2020-05-14 12:22:28 - [TEST_STEP][PASSED] - setText(findTestObject("Object Repository/Christi/Page_Main/input_Password_password"), password): Text 'Password2' is set on object 'Object Repository/Christi/Page_Main/input_Password_password'

2020-05-14 12:22:28 - [MESSAGE][PASSED] - Text 'Password2' is set on object 'Object Repository/Christi/Page_Main/input_Password_password'

2020-05-14 12:22:28 - [TEST_STEP][PASSED] - click(findTestObject("Object Repository/Christi/Page_Main/span_Remember me")): Object: 'Object Repository/Christi/Page_Main/span_Remember me' is clicked on

2020-05-14 12:22:29 - [MESSAGE][PASSED] - Object: 'Object Repository/Christi/Page_Main/span_Remember me' is clicked on

2020-05-14 12:22:29 - [TEST_STEP][PASSED] - click(findTestObject("Object Repository/Christi/Page_Main/span_login_1")): Object: 'Object Repository/Christi/Page_Main/span_login_1' is clicked on

2020-05-14 12:22:29 - [MESSAGE][PASSED] - Object: 'Object Repository/Christi/Page_Main/span_login_1' is clicked on

2020-05-14 12:22:29 - [TEST_STEP][PASSED] - delay(5): Delayed 5 second(s)

2020-05-14 12:22:34 - [MESSAGE][PASSED] - Delayed 5 second(s)

2020-05-14 12:22:34 - [MESSAGE][PASSED] - Call Test Case 'Test Cases/Christi/User/user login' successfully

2020-05-14 12:22:34 - [TEST_STEP][PASSED] - click(findTestObject("Christi/Page_Homepage/i_My Learning Icon_app-icon wi wi-menu fa-lg")): Object: 'Object Repository/Christi/Page_Homepage/i_My Learning Icon_app-icon wi wi-menu fa-lg' is clicked on

2020-05-14 12:22:48 - [MESSAGE][PASSED] - Object: 'Object Repository/Christi/Page_Homepage/i_My Learning Icon_app-icon wi wi-menu fa-lg' is clicked on

2020-05-14 12:22:48 - [TEST_STEP][PASSED] - click(findTestObject("Christi/Page_Homepage/span_Online Learning"), STOP_ON_FAILURE): Object: 'Object Repository/Christi/Page_Homepage/span_Online Learning' is clicked on

2020-05-14 12:22:49 - [MESSAGE][PASSED] - Object: 'Object Repository/Christi/Page_Homepage/span_Online Learning' is clicked on

2020-05-14 12:22:49 - [TEST_STEP][PASSED] - delay(3): Delayed 3 second(s)

2020-05-14 12:22:52 - [MESSAGE][PASSED] - Delayed 3 second(s)

2020-05-14 12:22:52 - [TEST_STEP][PASSED] - setText(findTestObject("Christi/Page_Job Functions/input_Back button_searchModul"), module_name): Text 'NEOP AAV' is set on object 'Object Repository/Christi/Page_Job Functions/input_Back button_searchModul'

2020-05-14 12:23:03 - [MESSAGE][PASSED] - Text 'NEOP AAV' is set on object 'Object Repository/Christi/Page_Job Functions/input_Back button_searchModul'

2020-05-14 12:23:03 - [TEST_STEP][PASSED] - click(findTestObject("Object Repository/Christi/Page_Job Functions/button_Clear button_app-search-button wi wi-search")): Object: 'Object Repository/Christi/Page_Job Functions/button_Clear button_app-search-button wi wi-search' is clicked on

2020-05-14 12:23:03 - [MESSAGE][PASSED] - Object: 'Object Repository/Christi/Page_Job Functions/button_Clear button_app-search-button wi wi-search' is clicked on

2020-05-14 12:23:03 - [TEST_STEP][PASSED] - delay(3): Delayed 3 second(s)

2020-05-14 12:23:06 - [MESSAGE][PASSED] - Delayed 3 second(s)

2020-05-14 12:23:06 - [TEST_STEP][PASSED] - if (found == "yes"): Object 'Object Repository/Christi/Page_Online Learning Detail/button_Mulai Modul' is present

2020-05-14 12:23:06 - [TEST_STEP][PASSED] - verifyElementPresent(findTestObject("Christi/Page_Online Learning Search Result/label_Ditemukan modul dengan kata kunci"), 0): Object 'Object Repository/Christi/Page_Online Learning Search Result/label_Ditemukan modul dengan kata kunci' is present

2020-05-14 12:23:06 - [MESSAGE][WARNING] - Timeout '0' is invalid. Using default page load timeout: '30'

2020-05-14 12:23:12 - [MESSAGE][PASSED] - Object 'Object Repository/Christi/Page_Online Learning Search Result/label_Ditemukan modul dengan kata kunci' is present

2020-05-14 12:23:12 - [TEST_STEP][PASSED] - delay(3): Delayed 3 second(s)

2020-05-14 12:23:15 - [MESSAGE][PASSED] - Delayed 3 second(s)

2020-05-14 12:23:15 - [TEST_STEP][PASSED] - click(findTestObject("Christi/Page_Online Learning Search Result/span_Lihat Modul")): Object: 'Object Repository/Christi/Page_Online Learning Search Result/span_Lihat Modul' is clicked on

2020-05-14 12:23:15 - [MESSAGE][PASSED] - Object: 'Object Repository/Christi/Page_Online Learning Search Result/span_Lihat Modul' is clicked on

2020-05-14 12:23:15 - [TEST_STEP][PASSED] - delay(3): Delayed 3 second(s)

2020-05-14 12:23:18 - [MESSAGE][PASSED] - Delayed 3 second(s)

2020-05-14 12:23:18 - [TEST_STEP][PASSED] - verifyElementPresent(findTestObject("Christi/Page_Online Learning Detail/label_active_module", ["text":module_name]), 0): Object 'Object Repository/Christi/Page_Online Learning Detail/label_active_module' is present

2020-05-14 12:23:19 - [MESSAGE][WARNING] - Timeout '0' is invalid. Using default page load timeout: '30'

2020-05-14 12:23:27 - [MESSAGE][PASSED] - Object 'Object Repository/Christi/Page_Online Learning Detail/label_active_module' is present

2020-05-14 12:23:27 - [TEST_STEP][PASSED] - if (status == "new"): Object 'Object Repository/Christi/Page_Online Learning Detail/button_Mulai Modul' is present

2020-05-14 12:23:27 - [TEST_STEP][PASSED] - verifyElementPresent(findTestObject("Christi/Page_Online Learning Detail/button_Mulai Modul"), 0): Object 'Object Repository/Christi/Page_Online Learning Detail/button_Mulai Modul' is present

2020-05-14 12:23:27 - [MESSAGE][WARNING] - Timeout '0' is invalid. Using default page load timeout: '30'

2020-05-14 12:23:28 - [MESSAGE][PASSED] - Object 'Object Repository/Christi/Page_Online Learning Detail/button_Mulai Modul' is present

2020-05-14 12:23:28 - [TEST_STEP][PASSED] - delay(3): Delayed 3 second(s)

2020-05-14 12:23:31 - [MESSAGE][PASSED] - Delayed 3 second(s)

2020-05-14 12:23:31 - [TEST_STEP][PASSED] - closeBrowser(): Browser is closed

2020-05-14 12:23:32 - [MESSAGE][PASSED] - Browser is closed]]></system-out>
         <system-err><![CDATA[]]></system-err>
      </testcase>
      <system-out><![CDATA[2020-05-14 12:19:16 - [TEST_SUITE][PASSED] - Online Learning: Test Cases/Christi/User/Online Learning - Lihat Modul]]></system-out>
      <system-err><![CDATA[]]></system-err>
   </testsuite>
</testsuites>
