<?xml version="1.0" encoding="UTF-8"?>
<testsuites name="Admin - Manage Test - Pretest and Posttest - Edit (with verify)" time="84.192" tests="1" failures="0" errors="0">
   <testsuite name="Admin - Manage Test - Pretest and Posttest - Edit (with verify)" tests="1" failures="0" errors="0" time="84.192" timestamp="2020-05-30 15:24:02" hostname="Denna Leksanti - 192.168.152.1" id="Test Suites/Denna/Admin - Manage Test - Pretest and Posttest - Edit (with verify)">
      <properties>
         <property name="deviceName" value=""/>
         <property name="devicePlatform" value=""/>
         <property name="logFolder" value="C:\\Users\\Hari Sapto\\git\\LearningManagementWeb\\Reports\\20200530_152354\\Denna\\Admin - Manage Test - Pretest and Posttest - Edit (with verify)\\20200530_152354"/>
         <property name="logFiles" value="C:\\Users\\Hari Sapto\\git\\LearningManagementWeb\\Reports\\20200530_152354\\Denna\\Admin - Manage Test - Pretest and Posttest - Edit (with verify)\\20200530_152354\\execution0.log"/>
         <property name="attachments" value=""/>
         <property name="hostName" value="Denna Leksanti - 192.168.152.1"/>
         <property name="os" value="Windows 10 64bit"/>
         <property name="katalonVersion" value="7.0.8.1"/>
         <property name="browser" value="Chrome 83.0.4103.61"/>
         <property name="hostAddress" value="192.168.152.1"/>
         <property name="sessionId" value="7e69b2041b8b2c4720a2447d78507a75"/>
         <property name="seleniumVersion" value="3.141.59"/>
         <property name="proxyInformation" value="ProxyInformation{proxyOption=NO_PROXY, proxyServerType=HTTP, password=, proxyServerAddress=, proxyServerPort=0}"/>
         <property name="platform" value="Windows 10"/>
      </properties>
      <testcase name="Test Cases/Denna/Admin - Manage Test - Pretest and Posttest - Edit2" time="83.782" classname="Test Cases/Denna/Admin - Manage Test - Pretest and Posttest - Edit2" status="PASSED">
         <system-out><![CDATA[2020-05-30 15:24:03 - [TEST_CASE][PASSED] - Test Cases/Denna/Admin - Manage Test - Pretest and Posttest - Edit2: Test Cases/Denna/Admin - Manage Test - Pretest and Posttest - Edit2

2020-05-30 15:24:03 - [TEST_STEP][PASSED] - callTestCase(findTestCase("Denna/Login(Admin)"), [:], STOP_ON_FAILURE): Call Test Case 'Test Cases/Denna/Login(Admin)' successfully

2020-05-30 15:24:03 - [TEST_CASE][PASSED] - Test Cases/Denna/Login(Admin): Test Cases/Denna/Login(Admin)

2020-05-30 15:24:04 - [TEST_STEP][PASSED] - openBrowser("https://appsrv1.deltadatamandiri.com/ACC_LMS_WEB/#/admNLmn"): Browser is opened with url: 'https://appsrv1.deltadatamandiri.com/ACC_LMS_WEB/#/admNLmn'

2020-05-30 15:24:04 - [MESSAGE][INFO] - Starting 'Chrome' driver

2020-05-30 15:24:04 - [MESSAGE][INFO] - Action delay is set to 0 seconds

2020-05-30 15:24:15 - [MESSAGE][PASSED] - Browser is opened with url: 'https://appsrv1.deltadatamandiri.com/ACC_LMS_WEB/#/admNLmn'

2020-05-30 15:24:15 - [TEST_STEP][PASSED] - maximizeWindow(): Current window maximized

2020-05-30 15:24:18 - [MESSAGE][PASSED] - Current window maximized

2020-05-30 15:24:18 - [TEST_STEP][PASSED] - click(findTestObject("Object Repository/Denna/Admin - Login/button login")): Object: 'Object Repository/Denna/Admin - Login/button login' is clicked on

2020-05-30 15:24:18 - [MESSAGE][PASSED] - Object: 'Object Repository/Denna/Admin - Login/button login' is clicked on

2020-05-30 15:24:18 - [TEST_STEP][PASSED] - setText(findTestObject("Object Repository/Denna/Admin - Login/input_NPK_username"), "11666"): Text '11666' is set on object 'Object Repository/Denna/Admin - Login/input_NPK_username'

2020-05-30 15:24:19 - [MESSAGE][PASSED] - Text '11666' is set on object 'Object Repository/Denna/Admin - Login/input_NPK_username'

2020-05-30 15:24:19 - [TEST_STEP][PASSED] - setText(findTestObject("Object Repository/Denna/Admin - Login/input_Password_password"), "Password3"): Text 'Password3' is set on object 'Object Repository/Denna/Admin - Login/input_Password_password'

2020-05-30 15:24:19 - [MESSAGE][PASSED] - Text 'Password3' is set on object 'Object Repository/Denna/Admin - Login/input_Password_password'

2020-05-30 15:24:19 - [TEST_STEP][PASSED] - click(findTestObject("Denna/Admin - Login/button login1")): Object: 'Object Repository/Denna/Admin - Login/button login1' is clicked on

2020-05-30 15:24:20 - [MESSAGE][PASSED] - Object: 'Object Repository/Denna/Admin - Login/button login1' is clicked on

2020-05-30 15:24:20 - [MESSAGE][PASSED] - Call Test Case 'Test Cases/Denna/Login(Admin)' successfully

2020-05-30 15:24:20 - [TEST_STEP][PASSED] - click(findTestObject("Object Repository/Denna/Admin - Manage Test - Pretest and Posttest - Edit2/button Manage Test")): Object: 'Object Repository/Denna/Admin - Manage Test - Pretest and Posttest - Edit2/button Manage Test' is clicked on

2020-05-30 15:24:57 - [MESSAGE][PASSED] - Object: 'Object Repository/Denna/Admin - Manage Test - Pretest and Posttest - Edit2/button Manage Test' is clicked on

2020-05-30 15:24:57 - [TEST_STEP][PASSED] - click(findTestObject("Object Repository/Denna/Admin - Manage Test - Pretest and Posttest - Edit2/button Pre-Test  Post-Test")): Object: 'Object Repository/Denna/Admin - Manage Test - Pretest and Posttest - Edit2/button Pre-Test  Post-Test' is clicked on

2020-05-30 15:24:58 - [MESSAGE][PASSED] - Object: 'Object Repository/Denna/Admin - Manage Test - Pretest and Posttest - Edit2/button Pre-Test  Post-Test' is clicked on

2020-05-30 15:24:58 - [TEST_STEP][PASSED] - delay(2): Delayed 2 second(s)

2020-05-30 15:25:00 - [MESSAGE][PASSED] - Delayed 2 second(s)

2020-05-30 15:25:00 - [TEST_STEP][PASSED] - click(findTestObject("Object Repository/Denna/Admin - Manage Test - Pretest and Posttest - Edit2/button EditOrDelete")): Object: 'Object Repository/Denna/Admin - Manage Test - Pretest and Posttest - Edit2/button EditOrDelete' is clicked on

2020-05-30 15:25:14 - [MESSAGE][PASSED] - Object: 'Object Repository/Denna/Admin - Manage Test - Pretest and Posttest - Edit2/button EditOrDelete' is clicked on

2020-05-30 15:25:14 - [TEST_STEP][PASSED] - click(findTestObject("Denna/Admin - Manage Test - Pretest and Posttest - Edit2/button Edit")): Object: 'Object Repository/Denna/Admin - Manage Test - Pretest and Posttest - Edit2/button Edit' is clicked on

2020-05-30 15:25:15 - [MESSAGE][PASSED] - Object: 'Object Repository/Denna/Admin - Manage Test - Pretest and Posttest - Edit2/button Edit' is clicked on

2020-05-30 15:25:15 - [TEST_STEP][NOT_RUN] - delay(4): NOT_RUN: delay(4)

2020-05-30 15:25:15 - [MESSAGE][NOT_RUN] - NOT_RUN: delay(4)

2020-05-30 15:25:15 - [TEST_STEP][NOT_RUN] - selectOptionByLabel(findTestObject("Object Repository/Denna/Admin - Manage Test - Pretest and Posttest - Edit2/select category"), category, true): NOT_RUN: selectOptionByLabel(findTestObject("Object Repository/Denna/Admin - Manage Test - Pretest and Posttest - Edit2/select category"), category, true)

2020-05-30 15:25:15 - [MESSAGE][NOT_RUN] - NOT_RUN: selectOptionByLabel(findTestObject("Object Repository/Denna/Admin - Manage Test - Pretest and Posttest - Edit2/select category"), category, true)

2020-05-30 15:25:15 - [TEST_STEP][NOT_RUN] - selectOptionByLabel(findTestObject("Object Repository/Denna/Admin - Manage Test - Pretest and Posttest - Edit2/select tipe soal"), tipeSoal, true): NOT_RUN: selectOptionByLabel(findTestObject("Object Repository/Denna/Admin - Manage Test - Pretest and Posttest - Edit2/select tipe soal"), tipeSoal, true)

2020-05-30 15:25:15 - [MESSAGE][NOT_RUN] - NOT_RUN: selectOptionByLabel(findTestObject("Object Repository/Denna/Admin - Manage Test - Pretest and Posttest - Edit2/select tipe soal"), tipeSoal, true)

2020-05-30 15:25:15 - [TEST_STEP][NOT_RUN] - selectOptionByLabel(findTestObject("Object Repository/Denna/Admin - Manage Test - Pretest and Posttest - Edit2/select job Function"), jobFunction, true): NOT_RUN: selectOptionByLabel(findTestObject("Object Repository/Denna/Admin - Manage Test - Pretest and Posttest - Edit2/select job Function"), jobFunction, true)

2020-05-30 15:25:15 - [MESSAGE][NOT_RUN] - NOT_RUN: selectOptionByLabel(findTestObject("Object Repository/Denna/Admin - Manage Test - Pretest and Posttest - Edit2/select job Function"), jobFunction, true)

2020-05-30 15:25:15 - [TEST_STEP][NOT_RUN] - selectOptionByLabel(findTestObject("Object Repository/Denna/Admin - Manage Test - Pretest and Posttest - Edit2/select job Position"), jobPosition, true): NOT_RUN: selectOptionByLabel(findTestObject("Object Repository/Denna/Admin - Manage Test - Pretest and Posttest - Edit2/select job Position"), jobPosition, true)

2020-05-30 15:25:15 - [MESSAGE][NOT_RUN] - NOT_RUN: selectOptionByLabel(findTestObject("Object Repository/Denna/Admin - Manage Test - Pretest and Posttest - Edit2/select job Position"), jobPosition, true)

2020-05-30 15:25:15 - [TEST_STEP][NOT_RUN] - selectOptionByLabel(findTestObject("Object Repository/Denna/Admin - Manage Test - Pretest and Posttest - Edit2/select module"), module, true): NOT_RUN: selectOptionByLabel(findTestObject("Object Repository/Denna/Admin - Manage Test - Pretest and Posttest - Edit2/select module"), module, true)

2020-05-30 15:25:15 - [MESSAGE][NOT_RUN] - NOT_RUN: selectOptionByLabel(findTestObject("Object Repository/Denna/Admin - Manage Test - Pretest and Posttest - Edit2/select module"), module, true)

2020-05-30 15:25:15 - [TEST_STEP][NOT_RUN] - setText(findTestObject("Object Repository/Denna/Admin - Manage Test - Pretest and Posttest - Edit2/input Technical Competence"), technicalCompentence): NOT_RUN: setText(findTestObject("Object Repository/Denna/Admin - Manage Test - Pretest and Posttest - Edit2/input Technical Competence"), technicalCompentence)

2020-05-30 15:25:15 - [MESSAGE][NOT_RUN] - NOT_RUN: setText(findTestObject("Object Repository/Denna/Admin - Manage Test - Pretest and Posttest - Edit2/input Technical Competence"), technicalCompentence)

2020-05-30 15:25:15 - [TEST_STEP][NOT_RUN] - setText(findTestObject("Object Repository/Denna/Admin - Manage Test - Pretest and Posttest - Edit2/input Level Competence"), levelCompetence): NOT_RUN: setText(findTestObject("Object Repository/Denna/Admin - Manage Test - Pretest and Posttest - Edit2/input Level Competence"), levelCompetence)

2020-05-30 15:25:15 - [MESSAGE][NOT_RUN] - NOT_RUN: setText(findTestObject("Object Repository/Denna/Admin - Manage Test - Pretest and Posttest - Edit2/input Level Competence"), levelCompetence)

2020-05-30 15:25:15 - [TEST_STEP][NOT_RUN] - setText(findTestObject("Object Repository/Denna/Admin - Manage Test - Pretest and Posttest - Edit2/textarea Soal"), soal): NOT_RUN: setText(findTestObject("Object Repository/Denna/Admin - Manage Test - Pretest and Posttest - Edit2/textarea Soal"), soal)

2020-05-30 15:25:15 - [MESSAGE][NOT_RUN] - NOT_RUN: setText(findTestObject("Object Repository/Denna/Admin - Manage Test - Pretest and Posttest - Edit2/textarea Soal"), soal)

2020-05-30 15:25:15 - [TEST_STEP][NOT_RUN] - if (tipeSoal == "Pilihan Ganda"): NOT_RUN: if (tipeSoal == "Pilihan Ganda")

2020-05-30 15:25:15 - [MESSAGE][NOT_RUN] - NOT_RUN: if (tipeSoal == "Pilihan Ganda")

2020-05-30 15:25:15 - [TEST_STEP][NOT_RUN] - click(findTestObject("Object Repository/Denna/Admin - Manage Test - Pretest and Posttest - Edit2/button Submit")): NOT_RUN: click(findTestObject("Object Repository/Denna/Admin - Manage Test - Pretest and Posttest - Edit2/button Submit"))

2020-05-30 15:25:15 - [MESSAGE][NOT_RUN] - NOT_RUN: click(findTestObject("Object Repository/Denna/Admin - Manage Test - Pretest and Posttest - Edit2/button Submit"))

2020-05-30 15:25:15 - [TEST_STEP][NOT_RUN] - verifyElementVisible(findTestObject("Denna/Admin - Manage Test - Pretest and Posttest - Edit2/label Edit Test Success")): NOT_RUN: verifyElementVisible(findTestObject("Denna/Admin - Manage Test - Pretest and Posttest - Edit2/label Edit Test Success"))

2020-05-30 15:25:15 - [MESSAGE][NOT_RUN] - NOT_RUN: verifyElementVisible(findTestObject("Denna/Admin - Manage Test - Pretest and Posttest - Edit2/label Edit Test Success"))

2020-05-30 15:25:15 - [TEST_STEP][NOT_RUN] - delay(2): NOT_RUN: delay(2)

2020-05-30 15:25:15 - [MESSAGE][NOT_RUN] - NOT_RUN: delay(2)

2020-05-30 15:25:15 - [TEST_STEP][NOT_RUN] - click(findTestObject("Object Repository/Denna/Admin - Manage Test - Pretest and Posttest - Edit2/button EditOrDelete")): NOT_RUN: click(findTestObject("Object Repository/Denna/Admin - Manage Test - Pretest and Posttest - Edit2/button EditOrDelete"))

2020-05-30 15:25:15 - [MESSAGE][NOT_RUN] - NOT_RUN: click(findTestObject("Object Repository/Denna/Admin - Manage Test - Pretest and Posttest - Edit2/button EditOrDelete"))

2020-05-30 15:25:15 - [TEST_STEP][PASSED] - delay(3): Delayed 3 second(s)

2020-05-30 15:25:18 - [MESSAGE][PASSED] - Delayed 3 second(s)

2020-05-30 15:25:18 - [TEST_STEP][PASSED] - verifyOptionPresentByLabel(findTestObject("Denna/Admin - Manage Test - Pretest and Posttest - Edit2/select category verif"), category, false, 0): 1 option(s) with label 'Pre-Test' is/are present in object 'Object Repository/Denna/Admin - Manage Test - Pretest and Posttest - Edit2/select category verif' 

2020-05-30 15:25:18 - [MESSAGE][WARNING] - Timeout '0' is invalid. Using default page load timeout: '30'

2020-05-30 15:25:22 - [MESSAGE][PASSED] - 1 option(s) with label 'Pre-Test' is/are present in object 'Object Repository/Denna/Admin - Manage Test - Pretest and Posttest - Edit2/select category verif' 

2020-05-30 15:25:22 - [TEST_STEP][PASSED] - verifyOptionPresentByLabel(findTestObject("Denna/Admin - Manage Test - Pretest and Posttest - Edit2/select tipe soal verif"), tipeSoal, false, 0): 1 option(s) with label 'Uraian' is/are present in object 'Object Repository/Denna/Admin - Manage Test - Pretest and Posttest - Edit2/select tipe soal verif' 

2020-05-30 15:25:22 - [MESSAGE][WARNING] - Timeout '0' is invalid. Using default page load timeout: '30'

2020-05-30 15:25:22 - [MESSAGE][PASSED] - 1 option(s) with label 'Uraian' is/are present in object 'Object Repository/Denna/Admin - Manage Test - Pretest and Posttest - Edit2/select tipe soal verif' 

2020-05-30 15:25:22 - [TEST_STEP][PASSED] - verifyOptionPresentByLabel(findTestObject("Denna/Admin - Manage Test - Pretest and Posttest - Edit2/select job Function verif"), jobFunction, false, 0): 1 option(s) with label 'SALES' is/are present in object 'Object Repository/Denna/Admin - Manage Test - Pretest and Posttest - Edit2/select job Function verif' 

2020-05-30 15:25:22 - [MESSAGE][WARNING] - Timeout '0' is invalid. Using default page load timeout: '30'

2020-05-30 15:25:23 - [MESSAGE][PASSED] - 1 option(s) with label 'SALES' is/are present in object 'Object Repository/Denna/Admin - Manage Test - Pretest and Posttest - Edit2/select job Function verif' 

2020-05-30 15:25:23 - [TEST_STEP][PASSED] - verifyOptionPresentByLabel(findTestObject("Denna/Admin - Manage Test - Pretest and Posttest - Edit2/select job position verif"), jobPosition, false, 0): 1 option(s) with label 'SALES HEAD' is/are present in object 'Object Repository/Denna/Admin - Manage Test - Pretest and Posttest - Edit2/select job position verif' 

2020-05-30 15:25:23 - [MESSAGE][WARNING] - Timeout '0' is invalid. Using default page load timeout: '30'

2020-05-30 15:25:24 - [MESSAGE][PASSED] - 1 option(s) with label 'SALES HEAD' is/are present in object 'Object Repository/Denna/Admin - Manage Test - Pretest and Posttest - Edit2/select job position verif' 

2020-05-30 15:25:24 - [TEST_STEP][PASSED] - verifyOptionPresentByLabel(findTestObject("Denna/Admin - Manage Test - Pretest and Posttest - Edit2/select module verif"), module, false, 0): 1 option(s) with label '' is/are present in object 'Object Repository/Denna/Admin - Manage Test - Pretest and Posttest - Edit2/select module verif' 

2020-05-30 15:25:24 - [MESSAGE][WARNING] - Timeout '0' is invalid. Using default page load timeout: '30'

2020-05-30 15:25:24 - [MESSAGE][PASSED] - 1 option(s) with label '' is/are present in object 'Object Repository/Denna/Admin - Manage Test - Pretest and Posttest - Edit2/select module verif' 

2020-05-30 15:25:25 - [TEST_STEP][PASSED] - technical = getAttribute(findTestObject("Denna/Admin - Manage Test - Pretest and Posttest - Edit2/input Technical Competence verif"), "value"): Attribute 'value' of object 'Object Repository/Denna/Admin - Manage Test - Pretest and Posttest - Edit2/input Technical Competence verif' is: ''

2020-05-30 15:25:25 - [MESSAGE][PASSED] - Attribute 'value' of object 'Object Repository/Denna/Admin - Manage Test - Pretest and Posttest - Edit2/input Technical Competence verif' is: ''

2020-05-30 15:25:25 - [TEST_STEP][PASSED] - level = getAttribute(findTestObject("Denna/Admin - Manage Test - Pretest and Posttest - Edit2/input Level Competence verif"), "value"): Attribute 'value' of object 'Object Repository/Denna/Admin - Manage Test - Pretest and Posttest - Edit2/input Level Competence verif' is: ''

2020-05-30 15:25:25 - [MESSAGE][PASSED] - Attribute 'value' of object 'Object Repository/Denna/Admin - Manage Test - Pretest and Posttest - Edit2/input Level Competence verif' is: ''

2020-05-30 15:25:25 - [TEST_STEP][PASSED] - soal = getAttribute(findTestObject("Denna/Admin - Manage Test - Pretest and Posttest - Edit2/textarea Soal verif"), "value"): Attribute 'value' of object 'Object Repository/Denna/Admin - Manage Test - Pretest and Posttest - Edit2/textarea Soal verif' is: ''

2020-05-30 15:25:25 - [MESSAGE][PASSED] - Attribute 'value' of object 'Object Repository/Denna/Admin - Manage Test - Pretest and Posttest - Edit2/textarea Soal verif' is: ''

2020-05-30 15:25:25 - [TEST_STEP][PASSED] - uraian = getAttribute(findTestObject("Denna/Admin - Manage Test - Pretest and Posttest - Edit2/textarea Kunci Jawaban Uraian verif"), "value"): Attribute 'value' of object 'Object Repository/Denna/Admin - Manage Test - Pretest and Posttest - Edit2/textarea Kunci Jawaban Uraian verif' is: ''

2020-05-30 15:25:26 - [MESSAGE][PASSED] - Attribute 'value' of object 'Object Repository/Denna/Admin - Manage Test - Pretest and Posttest - Edit2/textarea Kunci Jawaban Uraian verif' is: ''

2020-05-30 15:25:26 - [TEST_STEP][PASSED] - closeBrowser(): Browser is closed

2020-05-30 15:25:26 - [MESSAGE][PASSED] - Browser is closed]]></system-out>
         <system-err><![CDATA[]]></system-err>
      </testcase>
      <system-out><![CDATA[2020-05-30 15:24:02 - [TEST_SUITE][PASSED] - Admin - Manage Test - Pretest and Posttest - Edit (with verify): Test Cases/Denna/Admin - Manage Test - Pretest and Posttest - Edit2]]></system-out>
      <system-err><![CDATA[]]></system-err>
   </testsuite>
</testsuites>
