<?xml version="1.0" encoding="UTF-8"?>
<testsuites name="User - Minta Dukungan" time="194.255" tests="2" failures="1" errors="0">
   <testsuite name="User - Minta Dukungan" tests="2" failures="1" errors="0" time="194.255" timestamp="2020-06-15 11:50:00" hostname="rizkajuliant20 - DESKTOP-NHES7H6" id="Test Suites/Denna/User - Minta Dukungan">
      <properties>
         <property name="deviceName" value=""/>
         <property name="devicePlatform" value=""/>
         <property name="logFolder" value="D:\\MY WORLD\\WORKS (TUGAS)\\LearningManagementWeb\\Reports\\20200615_114947\\Denna\\User - Minta Dukungan\\20200615_114948"/>
         <property name="logFiles" value="D:\\MY WORLD\\WORKS (TUGAS)\\LearningManagementWeb\\Reports\\20200615_114947\\Denna\\User - Minta Dukungan\\20200615_114948\\execution0.log"/>
         <property name="attachments" value="D:\\MY WORLD\\WORKS (TUGAS)\\LearningManagementWeb\\Reports\\20200615_114947\\Denna\\User - Minta Dukungan\\20200615_114948\\1592196791033.png, D:\\MY WORLD\\WORKS (TUGAS)\\LearningManagementWeb\\Reports\\20200615_114947\\Denna\\User - Minta Dukungan\\20200615_114948\\1592196791900.png"/>
         <property name="hostName" value="rizkajuliant20 - DESKTOP-NHES7H6"/>
         <property name="os" value="Windows 10 64bit"/>
         <property name="katalonVersion" value="7.2.1.1"/>
         <property name="browser" value="Chrome 83.0.4103.97"/>
         <property name="hostAddress" value="192.168.1.116"/>
         <property name="sessionId" value="dcfb0d498eaf1205ef20d2b452dc5673"/>
         <property name="seleniumVersion" value="3.141.59"/>
         <property name="proxyInformation" value="ProxyInformation{proxyOption=NO_PROXY, proxyServerType=HTTP, password=, proxyServerAddress=, proxyServerPort=0, executionList=}"/>
         <property name="platform" value="Windows 10"/>
      </properties>
      <testcase name="Test Cases/Denna/User - Minta Dukungan" time="75.888" classname="Test Cases/Denna/User - Minta Dukungan" status="PASSED">
         <system-out><![CDATA[2020-06-15 11:50:01 - [TEST_CASE][PASSED] - Test Cases/Denna/User - Minta Dukungan: Test Cases/Denna/User - Minta Dukungan

2020-06-15 11:50:02 - [TEST_STEP][PASSED] - callTestCase(findTestCase("Denna/Login(User)"), [:], STOP_ON_FAILURE): Call Test Case 'Test Cases/Denna/Login(User)' successfully

2020-06-15 11:50:03 - [TEST_CASE][PASSED] - Test Cases/Denna/Login(User): Test Cases/Denna/Login(User)

2020-06-15 11:50:04 - [TEST_STEP][PASSED] - openBrowser("https://appsrv1.deltadatamandiri.com/ACC_LMS_WEB/#/Main?redirectTo=onlineLearning"): Browser is opened with url: 'https://appsrv1.deltadatamandiri.com/ACC_LMS_WEB/#/Main?redirectTo=onlineLearning'

2020-06-15 11:50:05 - [MESSAGE][INFO] - Starting 'Chrome' driver

2020-06-15 11:50:05 - [MESSAGE][INFO] - Action delay is set to 0 seconds

2020-06-15 11:50:30 - [MESSAGE][PASSED] - Browser is opened with url: 'https://appsrv1.deltadatamandiri.com/ACC_LMS_WEB/#/Main?redirectTo=onlineLearning'

2020-06-15 11:50:30 - [TEST_STEP][PASSED] - maximizeWindow(): Current window maximized

2020-06-15 11:50:31 - [MESSAGE][PASSED] - Current window maximized

2020-06-15 11:50:31 - [TEST_STEP][PASSED] - delay(15): Delayed 15 second(s)

2020-06-15 11:50:46 - [MESSAGE][PASSED] - Delayed 15 second(s)

2020-06-15 11:50:46 - [TEST_STEP][PASSED] - click(findTestObject("Denna/User-Login/button login")): Object: 'Object Repository/Denna/User-Login/button login' is clicked on

2020-06-15 11:50:47 - [MESSAGE][PASSED] - Object: 'Object Repository/Denna/User-Login/button login' is clicked on

2020-06-15 11:50:47 - [TEST_STEP][PASSED] - setText(findTestObject("Denna/User-Login/input NPK username"), "06677"): Text '06677' is set on object 'Object Repository/Denna/User-Login/input NPK username'

2020-06-15 11:50:48 - [MESSAGE][PASSED] - Text '06677' is set on object 'Object Repository/Denna/User-Login/input NPK username'

2020-06-15 11:50:48 - [TEST_STEP][PASSED] - setText(findTestObject("Denna/User-Login/inputPassword"), "#@ccPerfect2o19#"): Text '#@ccPerfect2o19#' is set on object 'Object Repository/Denna/User-Login/inputPassword'

2020-06-15 11:50:49 - [MESSAGE][PASSED] - Text '#@ccPerfect2o19#' is set on object 'Object Repository/Denna/User-Login/inputPassword'

2020-06-15 11:50:49 - [TEST_STEP][PASSED] - click(findTestObject("Denna/User-Login/button login 1 masuk")): Object: 'Object Repository/Denna/User-Login/button login 1 masuk' is clicked on

2020-06-15 11:50:50 - [MESSAGE][PASSED] - Object: 'Object Repository/Denna/User-Login/button login 1 masuk' is clicked on

2020-06-15 11:50:50 - [TEST_STEP][PASSED] - verifyElementVisible(findTestObject("Denna/User-Login/button_My Learning IconMy Learning")): Object 'Object Repository/Denna/User-Login/button_My Learning IconMy Learning' is visible

2020-06-15 11:50:56 - [MESSAGE][PASSED] - Object 'Object Repository/Denna/User-Login/button_My Learning IconMy Learning' is visible

2020-06-15 11:50:56 - [MESSAGE][PASSED] - Call Test Case 'Test Cases/Denna/Login(User)' successfully

2020-06-15 11:50:56 - [TEST_STEP][PASSED] - click(findTestObject("Object Repository/Denna/User - Minta Dukungan/profile")): Object: 'Object Repository/Denna/User - Minta Dukungan/profile' is clicked on

2020-06-15 11:51:09 - [MESSAGE][PASSED] - Object: 'Object Repository/Denna/User - Minta Dukungan/profile' is clicked on

2020-06-15 11:51:09 - [TEST_STEP][PASSED] - click(findTestObject("Denna/User - Minta Dukungan/btnMintaDukungan_v2")): Object: 'Object Repository/Denna/User - Minta Dukungan/btnMintaDukungan_v2' is clicked on

2020-06-15 11:51:11 - [MESSAGE][PASSED] - Object: 'Object Repository/Denna/User - Minta Dukungan/btnMintaDukungan_v2' is clicked on

2020-06-15 11:51:11 - [TEST_STEP][PASSED] - setText(findTestObject("Denna/User - Minta Dukungan/fieldMasukan_v2"), issue): Text '' is set on object 'Object Repository/Denna/User - Minta Dukungan/fieldMasukan_v2'

2020-06-15 11:51:15 - [MESSAGE][PASSED] - Text '' is set on object 'Object Repository/Denna/User - Minta Dukungan/fieldMasukan_v2'

2020-06-15 11:51:15 - [TEST_STEP][PASSED] - click(findTestObject("Denna/User - Minta Dukungan/btnKirim_v2")): Object: 'Object Repository/Denna/User - Minta Dukungan/btnKirim_v2' is clicked on

2020-06-15 11:51:15 - [MESSAGE][PASSED] - Object: 'Object Repository/Denna/User - Minta Dukungan/btnKirim_v2' is clicked on

2020-06-15 11:51:15 - [TEST_STEP][PASSED] - if (keterangan == "emptyIssue"): Object 'Object Repository/Denna/User - Minta Dukungan/alertIsEmpty_v2' is visible

2020-06-15 11:51:15 - [TEST_STEP][PASSED] - verifyElementVisible(findTestObject("Denna/User - Minta Dukungan/alertIsEmpty_v2")): Object 'Object Repository/Denna/User - Minta Dukungan/alertIsEmpty_v2' is visible

2020-06-15 11:51:16 - [MESSAGE][PASSED] - Object 'Object Repository/Denna/User - Minta Dukungan/alertIsEmpty_v2' is visible

2020-06-15 11:51:16 - [TEST_STEP][PASSED] - closeBrowser(): Browser is closed

2020-06-15 11:51:17 - [MESSAGE][PASSED] - Browser is closed]]></system-out>
         <system-err><![CDATA[]]></system-err>
      </testcase>
      <testcase name="Test Cases/Denna/User - Minta Dukungan" time="114.946" classname="Test Cases/Denna/User - Minta Dukungan" status="FAILED">
         <failure type="FAILED" message="Test Cases/Denna/User - Minta Dukungan FAILED.
Reason:
com.kms.katalon.core.exception.StepFailedException: Unable to verify object 'Object Repository/Denna/User - Minta Dukungan/label Permintaan Dukungan Telah Dikirim' is NOT visible
	at com.kms.katalon.core.webui.keyword.internal.WebUIKeywordMain.stepFailed(WebUIKeywordMain.groovy:64)
	at com.kms.katalon.core.webui.keyword.internal.WebUIKeywordMain.runKeyword(WebUIKeywordMain.groovy:26)
	at com.kms.katalon.core.webui.keyword.builtin.VerifyElementNotVisibleKeyword.verifyElementNotVisible(VerifyElementNotVisibleKeyword.groovy:97)
	at com.kms.katalon.core.webui.keyword.builtin.VerifyElementNotVisibleKeyword.execute(VerifyElementNotVisibleKeyword.groovy:67)
	at com.kms.katalon.core.keyword.internal.KeywordExecutor.executeKeywordForPlatform(KeywordExecutor.groovy:72)
	at com.kms.katalon.core.webui.keyword.WebUiBuiltInKeywords.verifyElementNotVisible(WebUiBuiltInKeywords.groovy:387)
	at com.kms.katalon.core.webui.keyword.WebUiBuiltInKeywords$verifyElementNotVisible$5.call(Unknown Source)
	at User - Minta Dukungan.run(User - Minta Dukungan:32)
	at com.kms.katalon.core.main.ScriptEngine.run(ScriptEngine.java:194)
	at com.kms.katalon.core.main.ScriptEngine.runScriptAsRawText(ScriptEngine.java:119)
	at com.kms.katalon.core.main.TestCaseExecutor.runScript(TestCaseExecutor.java:337)
	at com.kms.katalon.core.main.TestCaseExecutor.doExecute(TestCaseExecutor.java:328)
	at com.kms.katalon.core.main.TestCaseExecutor.processExecutionPhase(TestCaseExecutor.java:307)
	at com.kms.katalon.core.main.TestCaseExecutor.accessMainPhase(TestCaseExecutor.java:299)
	at com.kms.katalon.core.main.TestCaseExecutor.execute(TestCaseExecutor.java:233)
	at com.kms.katalon.core.main.TestSuiteExecutor.accessTestCaseMainPhase(TestSuiteExecutor.java:169)
	at com.kms.katalon.core.main.TestSuiteExecutor.accessTestSuiteMainPhase(TestSuiteExecutor.java:142)
	at com.kms.katalon.core.main.TestSuiteExecutor.execute(TestSuiteExecutor.java:91)
	at com.kms.katalon.core.main.TestCaseMain.startTestSuite(TestCaseMain.java:157)
	at com.kms.katalon.core.main.TestCaseMain$startTestSuite$0.call(Unknown Source)
	at TempTestSuite1592196588089.run(TempTestSuite1592196588089.groovy:36)
Caused by: com.kms.katalon.core.exception.StepFailedException: Web element with id: 'Object Repository/Denna/User - Minta Dukungan/label Permintaan Dukungan Telah Dikirim' located by 'By.xpath: id(&quot;toast-container&quot;)/div[@class=&quot;toast-success toast&quot;]/div[@class=&quot;toast-message&quot;][count(. | //div[@class = 'toast-message' and (text() = 'Permintaan Dukungan Telah Dikirim' or . = 'Permintaan Dukungan Telah Dikirim')]) = count(//div[@class = 'toast-message' and (text() = 'Permintaan Dukungan Telah Dikirim' or . = 'Permintaan Dukungan Telah Dikirim')])]' not found
	at com.kms.katalon.core.webui.keyword.internal.WebUIKeywordMain.stepFailed(WebUIKeywordMain.groovy:64)
	at com.kms.katalon.core.webui.keyword.builtin.VerifyElementNotVisibleKeyword$_verifyElementNotVisible_closure1.doCall(VerifyElementNotVisibleKeyword.groovy:89)
	at com.kms.katalon.core.webui.keyword.builtin.VerifyElementNotVisibleKeyword$_verifyElementNotVisible_closure1.call(VerifyElementNotVisibleKeyword.groovy)
	at com.kms.katalon.core.webui.keyword.internal.WebUIKeywordMain.runKeyword(WebUIKeywordMain.groovy:20)
	... 19 more
"/>
         <system-out><![CDATA[2020-06-15 11:51:17 - [TEST_CASE][FAILED] - Test Cases/Denna/User - Minta Dukungan: Test Cases/Denna/User - Minta Dukungan FAILED.
Reason:
com.kms.katalon.core.exception.StepFailedException: Unable to verify object 'Object Repository/Denna/User - Minta Dukungan/label Permintaan Dukungan Telah Dikirim' is NOT visible
	at com.kms.katalon.core.webui.keyword.internal.WebUIKeywordMain.stepFailed(WebUIKeywordMain.groovy:64)
	at com.kms.katalon.core.webui.keyword.internal.WebUIKeywordMain.runKeyword(WebUIKeywordMain.groovy:26)
	at com.kms.katalon.core.webui.keyword.builtin.VerifyElementNotVisibleKeyword.verifyElementNotVisible(VerifyElementNotVisibleKeyword.groovy:97)
	at com.kms.katalon.core.webui.keyword.builtin.VerifyElementNotVisibleKeyword.execute(VerifyElementNotVisibleKeyword.groovy:67)
	at com.kms.katalon.core.keyword.internal.KeywordExecutor.executeKeywordForPlatform(KeywordExecutor.groovy:72)
	at com.kms.katalon.core.webui.keyword.WebUiBuiltInKeywords.verifyElementNotVisible(WebUiBuiltInKeywords.groovy:387)
	at com.kms.katalon.core.webui.keyword.WebUiBuiltInKeywords$verifyElementNotVisible$5.call(Unknown Source)
	at User - Minta Dukungan.run(User - Minta Dukungan:32)
	at com.kms.katalon.core.main.ScriptEngine.run(ScriptEngine.java:194)
	at com.kms.katalon.core.main.ScriptEngine.runScriptAsRawText(ScriptEngine.java:119)
	at com.kms.katalon.core.main.TestCaseExecutor.runScript(TestCaseExecutor.java:337)
	at com.kms.katalon.core.main.TestCaseExecutor.doExecute(TestCaseExecutor.java:328)
	at com.kms.katalon.core.main.TestCaseExecutor.processExecutionPhase(TestCaseExecutor.java:307)
	at com.kms.katalon.core.main.TestCaseExecutor.accessMainPhase(TestCaseExecutor.java:299)
	at com.kms.katalon.core.main.TestCaseExecutor.execute(TestCaseExecutor.java:233)
	at com.kms.katalon.core.main.TestSuiteExecutor.accessTestCaseMainPhase(TestSuiteExecutor.java:169)
	at com.kms.katalon.core.main.TestSuiteExecutor.accessTestSuiteMainPhase(TestSuiteExecutor.java:142)
	at com.kms.katalon.core.main.TestSuiteExecutor.execute(TestSuiteExecutor.java:91)
	at com.kms.katalon.core.main.TestCaseMain.startTestSuite(TestCaseMain.java:157)
	at com.kms.katalon.core.main.TestCaseMain$startTestSuite$0.call(Unknown Source)
	at TempTestSuite1592196588089.run(TempTestSuite1592196588089.groovy:36)
Caused by: com.kms.katalon.core.exception.StepFailedException: Web element with id: 'Object Repository/Denna/User - Minta Dukungan/label Permintaan Dukungan Telah Dikirim' located by 'By.xpath: id("toast-container")/div[@class="toast-success toast"]/div[@class="toast-message"][count(. | //div[@class = 'toast-message' and (text() = 'Permintaan Dukungan Telah Dikirim' or . = 'Permintaan Dukungan Telah Dikirim')]) = count(//div[@class = 'toast-message' and (text() = 'Permintaan Dukungan Telah Dikirim' or . = 'Permintaan Dukungan Telah Dikirim')])]' not found
	at com.kms.katalon.core.webui.keyword.internal.WebUIKeywordMain.stepFailed(WebUIKeywordMain.groovy:64)
	at com.kms.katalon.core.webui.keyword.builtin.VerifyElementNotVisibleKeyword$_verifyElementNotVisible_closure1.doCall(VerifyElementNotVisibleKeyword.groovy:89)
	at com.kms.katalon.core.webui.keyword.builtin.VerifyElementNotVisibleKeyword$_verifyElementNotVisible_closure1.call(VerifyElementNotVisibleKeyword.groovy)
	at com.kms.katalon.core.webui.keyword.internal.WebUIKeywordMain.runKeyword(WebUIKeywordMain.groovy:20)
	... 19 more


2020-06-15 11:51:17 - [TEST_STEP][PASSED] - callTestCase(findTestCase("Denna/Login(User)"), [:], STOP_ON_FAILURE): Call Test Case 'Test Cases/Denna/Login(User)' successfully

2020-06-15 11:51:17 - [TEST_CASE][PASSED] - Test Cases/Denna/Login(User): Test Cases/Denna/Login(User)

2020-06-15 11:51:17 - [TEST_STEP][PASSED] - openBrowser("https://appsrv1.deltadatamandiri.com/ACC_LMS_WEB/#/Main?redirectTo=onlineLearning"): Browser is opened with url: 'https://appsrv1.deltadatamandiri.com/ACC_LMS_WEB/#/Main?redirectTo=onlineLearning'

2020-06-15 11:51:17 - [MESSAGE][INFO] - Starting 'Chrome' driver

2020-06-15 11:51:40 - [MESSAGE][PASSED] - Browser is opened with url: 'https://appsrv1.deltadatamandiri.com/ACC_LMS_WEB/#/Main?redirectTo=onlineLearning'

2020-06-15 11:51:40 - [TEST_STEP][PASSED] - maximizeWindow(): Current window maximized

2020-06-15 11:51:42 - [MESSAGE][PASSED] - Current window maximized

2020-06-15 11:51:42 - [TEST_STEP][PASSED] - delay(15): Delayed 15 second(s)

2020-06-15 11:51:57 - [MESSAGE][PASSED] - Delayed 15 second(s)

2020-06-15 11:51:57 - [TEST_STEP][PASSED] - click(findTestObject("Denna/User-Login/button login")): Object: 'Object Repository/Denna/User-Login/button login' is clicked on

2020-06-15 11:51:57 - [MESSAGE][PASSED] - Object: 'Object Repository/Denna/User-Login/button login' is clicked on

2020-06-15 11:51:57 - [TEST_STEP][PASSED] - setText(findTestObject("Denna/User-Login/input NPK username"), "06677"): Text '06677' is set on object 'Object Repository/Denna/User-Login/input NPK username'

2020-06-15 11:51:58 - [MESSAGE][PASSED] - Text '06677' is set on object 'Object Repository/Denna/User-Login/input NPK username'

2020-06-15 11:51:58 - [TEST_STEP][PASSED] - setText(findTestObject("Denna/User-Login/inputPassword"), "#@ccPerfect2o19#"): Text '#@ccPerfect2o19#' is set on object 'Object Repository/Denna/User-Login/inputPassword'

2020-06-15 11:51:59 - [MESSAGE][PASSED] - Text '#@ccPerfect2o19#' is set on object 'Object Repository/Denna/User-Login/inputPassword'

2020-06-15 11:51:59 - [TEST_STEP][PASSED] - click(findTestObject("Denna/User-Login/button login 1 masuk")): Object: 'Object Repository/Denna/User-Login/button login 1 masuk' is clicked on

2020-06-15 11:52:00 - [MESSAGE][PASSED] - Object: 'Object Repository/Denna/User-Login/button login 1 masuk' is clicked on

2020-06-15 11:52:00 - [TEST_STEP][PASSED] - verifyElementVisible(findTestObject("Denna/User-Login/button_My Learning IconMy Learning")): Object 'Object Repository/Denna/User-Login/button_My Learning IconMy Learning' is visible

2020-06-15 11:52:10 - [MESSAGE][PASSED] - Object 'Object Repository/Denna/User-Login/button_My Learning IconMy Learning' is visible

2020-06-15 11:52:10 - [MESSAGE][PASSED] - Call Test Case 'Test Cases/Denna/Login(User)' successfully

2020-06-15 11:52:10 - [TEST_STEP][PASSED] - click(findTestObject("Object Repository/Denna/User - Minta Dukungan/profile")): Object: 'Object Repository/Denna/User - Minta Dukungan/profile' is clicked on

2020-06-15 11:52:21 - [MESSAGE][PASSED] - Object: 'Object Repository/Denna/User - Minta Dukungan/profile' is clicked on

2020-06-15 11:52:21 - [TEST_STEP][PASSED] - click(findTestObject("Denna/User - Minta Dukungan/btnMintaDukungan_v2")): Object: 'Object Repository/Denna/User - Minta Dukungan/btnMintaDukungan_v2' is clicked on

2020-06-15 11:52:24 - [MESSAGE][PASSED] - Object: 'Object Repository/Denna/User - Minta Dukungan/btnMintaDukungan_v2' is clicked on

2020-06-15 11:52:24 - [TEST_STEP][PASSED] - setText(findTestObject("Denna/User - Minta Dukungan/fieldMasukan_v2"), issue): Text 'issue testing' is set on object 'Object Repository/Denna/User - Minta Dukungan/fieldMasukan_v2'

2020-06-15 11:52:28 - [MESSAGE][PASSED] - Text 'issue testing' is set on object 'Object Repository/Denna/User - Minta Dukungan/fieldMasukan_v2'

2020-06-15 11:52:28 - [TEST_STEP][PASSED] - click(findTestObject("Denna/User - Minta Dukungan/btnKirim_v2")): Object: 'Object Repository/Denna/User - Minta Dukungan/btnKirim_v2' is clicked on

2020-06-15 11:52:29 - [MESSAGE][PASSED] - Object: 'Object Repository/Denna/User - Minta Dukungan/btnKirim_v2' is clicked on

2020-06-15 11:52:29 - [TEST_STEP][PASSED] - if (keterangan == "emptyIssue"): null

2020-06-15 11:52:29 - [TEST_STEP][FAILED] - else: Unable to verify object 'Object Repository/Denna/User - Minta Dukungan/label Permintaan Dukungan Telah Dikirim' is NOT visible (Root cause: com.kms.katalon.core.exception.StepFailedException: Unable to verify object 'Object Repository/Denna/User - Minta Dukungan/label Permintaan Dukungan Telah Dikirim' is NOT visible
	at com.kms.katalon.core.webui.keyword.internal.WebUIKeywordMain.stepFailed(WebUIKeywordMain.groovy:64)
	at com.kms.katalon.core.webui.keyword.internal.WebUIKeywordMain.runKeyword(WebUIKeywordMain.groovy:26)
	at com.kms.katalon.core.webui.keyword.builtin.VerifyElementNotVisibleKeyword.verifyElementNotVisible(VerifyElementNotVisibleKeyword.groovy:97)
	at com.kms.katalon.core.webui.keyword.builtin.VerifyElementNotVisibleKeyword.execute(VerifyElementNotVisibleKeyword.groovy:67)
	at com.kms.katalon.core.keyword.internal.KeywordExecutor.executeKeywordForPlatform(KeywordExecutor.groovy:72)
	at com.kms.katalon.core.webui.keyword.WebUiBuiltInKeywords.verifyElementNotVisible(WebUiBuiltInKeywords.groovy:387)
	at com.kms.katalon.core.webui.keyword.WebUiBuiltInKeywords$verifyElementNotVisible$5.call(Unknown Source)
	at User - Minta Dukungan.run(User - Minta Dukungan:32)
	at com.kms.katalon.core.main.ScriptEngine.run(ScriptEngine.java:194)
	at com.kms.katalon.core.main.ScriptEngine.runScriptAsRawText(ScriptEngine.java:119)
	at com.kms.katalon.core.main.TestCaseExecutor.runScript(TestCaseExecutor.java:337)
	at com.kms.katalon.core.main.TestCaseExecutor.doExecute(TestCaseExecutor.java:328)
	at com.kms.katalon.core.main.TestCaseExecutor.processExecutionPhase(TestCaseExecutor.java:307)
	at com.kms.katalon.core.main.TestCaseExecutor.accessMainPhase(TestCaseExecutor.java:299)
	at com.kms.katalon.core.main.TestCaseExecutor.execute(TestCaseExecutor.java:233)
	at com.kms.katalon.core.main.TestSuiteExecutor.accessTestCaseMainPhase(TestSuiteExecutor.java:169)
	at com.kms.katalon.core.main.TestSuiteExecutor.accessTestSuiteMainPhase(TestSuiteExecutor.java:142)
	at com.kms.katalon.core.main.TestSuiteExecutor.execute(TestSuiteExecutor.java:91)
	at com.kms.katalon.core.main.TestCaseMain.startTestSuite(TestCaseMain.java:157)
	at com.kms.katalon.core.main.TestCaseMain$startTestSuite$0.call(Unknown Source)
	at TempTestSuite1592196588089.run(TempTestSuite1592196588089.groovy:36)
Caused by: com.kms.katalon.core.exception.StepFailedException: Web element with id: 'Object Repository/Denna/User - Minta Dukungan/label Permintaan Dukungan Telah Dikirim' located by 'By.xpath: id("toast-container")/div[@class="toast-success toast"]/div[@class="toast-message"][count(. | //div[@class = 'toast-message' and (text() = 'Permintaan Dukungan Telah Dikirim' or . = 'Permintaan Dukungan Telah Dikirim')]) = count(//div[@class = 'toast-message' and (text() = 'Permintaan Dukungan Telah Dikirim' or . = 'Permintaan Dukungan Telah Dikirim')])]' not found
	at com.kms.katalon.core.webui.keyword.internal.WebUIKeywordMain.stepFailed(WebUIKeywordMain.groovy:64)
	at com.kms.katalon.core.webui.keyword.builtin.VerifyElementNotVisibleKeyword$_verifyElementNotVisible_closure1.doCall(VerifyElementNotVisibleKeyword.groovy:89)
	at com.kms.katalon.core.webui.keyword.builtin.VerifyElementNotVisibleKeyword$_verifyElementNotVisible_closure1.call(VerifyElementNotVisibleKeyword.groovy)
	at com.kms.katalon.core.webui.keyword.internal.WebUIKeywordMain.runKeyword(WebUIKeywordMain.groovy:20)
	... 19 more
)

2020-06-15 11:52:29 - [TEST_STEP][FAILED] - verifyElementNotVisible(findTestObject("Denna/User - Minta Dukungan/label Permintaan Dukungan Telah Dikirim"), STOP_ON_FAILURE): Unable to verify object 'Object Repository/Denna/User - Minta Dukungan/label Permintaan Dukungan Telah Dikirim' is NOT visible (Root cause: com.kms.katalon.core.exception.StepFailedException: Unable to verify object 'Object Repository/Denna/User - Minta Dukungan/label Permintaan Dukungan Telah Dikirim' is NOT visible
	at com.kms.katalon.core.webui.keyword.internal.WebUIKeywordMain.stepFailed(WebUIKeywordMain.groovy:64)
	at com.kms.katalon.core.webui.keyword.internal.WebUIKeywordMain.runKeyword(WebUIKeywordMain.groovy:26)
	at com.kms.katalon.core.webui.keyword.builtin.VerifyElementNotVisibleKeyword.verifyElementNotVisible(VerifyElementNotVisibleKeyword.groovy:97)
	at com.kms.katalon.core.webui.keyword.builtin.VerifyElementNotVisibleKeyword.execute(VerifyElementNotVisibleKeyword.groovy:67)
	at com.kms.katalon.core.keyword.internal.KeywordExecutor.executeKeywordForPlatform(KeywordExecutor.groovy:72)
	at com.kms.katalon.core.webui.keyword.WebUiBuiltInKeywords.verifyElementNotVisible(WebUiBuiltInKeywords.groovy:387)
	at com.kms.katalon.core.webui.keyword.WebUiBuiltInKeywords$verifyElementNotVisible$5.call(Unknown Source)
	at User - Minta Dukungan.run(User - Minta Dukungan:32)
	at com.kms.katalon.core.main.ScriptEngine.run(ScriptEngine.java:194)
	at com.kms.katalon.core.main.ScriptEngine.runScriptAsRawText(ScriptEngine.java:119)
	at com.kms.katalon.core.main.TestCaseExecutor.runScript(TestCaseExecutor.java:337)
	at com.kms.katalon.core.main.TestCaseExecutor.doExecute(TestCaseExecutor.java:328)
	at com.kms.katalon.core.main.TestCaseExecutor.processExecutionPhase(TestCaseExecutor.java:307)
	at com.kms.katalon.core.main.TestCaseExecutor.accessMainPhase(TestCaseExecutor.java:299)
	at com.kms.katalon.core.main.TestCaseExecutor.execute(TestCaseExecutor.java:233)
	at com.kms.katalon.core.main.TestSuiteExecutor.accessTestCaseMainPhase(TestSuiteExecutor.java:169)
	at com.kms.katalon.core.main.TestSuiteExecutor.accessTestSuiteMainPhase(TestSuiteExecutor.java:142)
	at com.kms.katalon.core.main.TestSuiteExecutor.execute(TestSuiteExecutor.java:91)
	at com.kms.katalon.core.main.TestCaseMain.startTestSuite(TestCaseMain.java:157)
	at com.kms.katalon.core.main.TestCaseMain$startTestSuite$0.call(Unknown Source)
	at TempTestSuite1592196588089.run(TempTestSuite1592196588089.groovy:36)
Caused by: com.kms.katalon.core.exception.StepFailedException: Web element with id: 'Object Repository/Denna/User - Minta Dukungan/label Permintaan Dukungan Telah Dikirim' located by 'By.xpath: id("toast-container")/div[@class="toast-success toast"]/div[@class="toast-message"][count(. | //div[@class = 'toast-message' and (text() = 'Permintaan Dukungan Telah Dikirim' or . = 'Permintaan Dukungan Telah Dikirim')]) = count(//div[@class = 'toast-message' and (text() = 'Permintaan Dukungan Telah Dikirim' or . = 'Permintaan Dukungan Telah Dikirim')])]' not found
	at com.kms.katalon.core.webui.keyword.internal.WebUIKeywordMain.stepFailed(WebUIKeywordMain.groovy:64)
	at com.kms.katalon.core.webui.keyword.builtin.VerifyElementNotVisibleKeyword$_verifyElementNotVisible_closure1.doCall(VerifyElementNotVisibleKeyword.groovy:89)
	at com.kms.katalon.core.webui.keyword.builtin.VerifyElementNotVisibleKeyword$_verifyElementNotVisible_closure1.call(VerifyElementNotVisibleKeyword.groovy)
	at com.kms.katalon.core.webui.keyword.internal.WebUIKeywordMain.runKeyword(WebUIKeywordMain.groovy:20)
	... 19 more
)

2020-06-15 11:53:11 - [MESSAGE][INFO] - Unable to find the element located by 'By.xpath: id("toast-container")/div[@class="toast-success toast"]/div[@class="toast-message"][count(. | //div[@class = 'toast-message' and (text() = 'Permintaan Dukungan Telah Dikirim' or . = 'Permintaan Dukungan Telah Dikirim')]) = count(//div[@class = 'toast-message' and (text() = 'Permintaan Dukungan Telah Dikirim' or . = 'Permintaan Dukungan Telah Dikirim')])]'. Please recheck the objects properties to make sure the desired element is located. 

2020-06-15 11:53:11 - [MESSAGE][FAILED] - Web element with id: 'Object Repository/Denna/User - Minta Dukungan/label Permintaan Dukungan Telah Dikirim' located by 'By.xpath: id("toast-container")/div[@class="toast-success toast"]/div[@class="toast-message"][count(. | //div[@class = 'toast-message' and (text() = 'Permintaan Dukungan Telah Dikirim' or . = 'Permintaan Dukungan Telah Dikirim')]) = count(//div[@class = 'toast-message' and (text() = 'Permintaan Dukungan Telah Dikirim' or . = 'Permintaan Dukungan Telah Dikirim')])]' not found (Root cause: com.kms.katalon.core.exception.StepFailedException: Web element with id: 'Object Repository/Denna/User - Minta Dukungan/label Permintaan Dukungan Telah Dikirim' located by 'By.xpath: id("toast-container")/div[@class="toast-success toast"]/div[@class="toast-message"][count(. | //div[@class = 'toast-message' and (text() = 'Permintaan Dukungan Telah Dikirim' or . = 'Permintaan Dukungan Telah Dikirim')]) = count(//div[@class = 'toast-message' and (text() = 'Permintaan Dukungan Telah Dikirim' or . = 'Permintaan Dukungan Telah Dikirim')])]' not found
	at com.kms.katalon.core.webui.keyword.internal.WebUIKeywordMain.stepFailed(WebUIKeywordMain.groovy:64)
	at com.kms.katalon.core.webui.keyword.builtin.VerifyElementNotVisibleKeyword$_verifyElementNotVisible_closure1.doCall(VerifyElementNotVisibleKeyword.groovy:89)
	at com.kms.katalon.core.webui.keyword.builtin.VerifyElementNotVisibleKeyword$_verifyElementNotVisible_closure1.call(VerifyElementNotVisibleKeyword.groovy)
	at com.kms.katalon.core.webui.keyword.internal.WebUIKeywordMain.runKeyword(WebUIKeywordMain.groovy:20)
	at com.kms.katalon.core.webui.keyword.builtin.VerifyElementNotVisibleKeyword.verifyElementNotVisible(VerifyElementNotVisibleKeyword.groovy:97)
	at com.kms.katalon.core.webui.keyword.builtin.VerifyElementNotVisibleKeyword.execute(VerifyElementNotVisibleKeyword.groovy:67)
	at com.kms.katalon.core.keyword.internal.KeywordExecutor.executeKeywordForPlatform(KeywordExecutor.groovy:72)
	at com.kms.katalon.core.webui.keyword.WebUiBuiltInKeywords.verifyElementNotVisible(WebUiBuiltInKeywords.groovy:387)
	at com.kms.katalon.core.webui.keyword.WebUiBuiltInKeywords$verifyElementNotVisible$5.call(Unknown Source)
	at User - Minta Dukungan.run(User - Minta Dukungan:32)
	at com.kms.katalon.core.main.ScriptEngine.run(ScriptEngine.java:194)
	at com.kms.katalon.core.main.ScriptEngine.runScriptAsRawText(ScriptEngine.java:119)
	at com.kms.katalon.core.main.TestCaseExecutor.runScript(TestCaseExecutor.java:337)
	at com.kms.katalon.core.main.TestCaseExecutor.doExecute(TestCaseExecutor.java:328)
	at com.kms.katalon.core.main.TestCaseExecutor.processExecutionPhase(TestCaseExecutor.java:307)
	at com.kms.katalon.core.main.TestCaseExecutor.accessMainPhase(TestCaseExecutor.java:299)
	at com.kms.katalon.core.main.TestCaseExecutor.execute(TestCaseExecutor.java:233)
	at com.kms.katalon.core.main.TestSuiteExecutor.accessTestCaseMainPhase(TestSuiteExecutor.java:169)
	at com.kms.katalon.core.main.TestSuiteExecutor.accessTestSuiteMainPhase(TestSuiteExecutor.java:142)
	at com.kms.katalon.core.main.TestSuiteExecutor.execute(TestSuiteExecutor.java:91)
	at com.kms.katalon.core.main.TestCaseMain.startTestSuite(TestCaseMain.java:157)
	at com.kms.katalon.core.main.TestCaseMain$startTestSuite$0.call(Unknown Source)
	at TempTestSuite1592196588089.run(TempTestSuite1592196588089.groovy:36)
)
[[ATTACHMENT|D:\\MY WORLD\\WORKS (TUGAS)\\LearningManagementWeb\\Reports\\20200615_114947\\Denna\\User - Minta Dukungan\\20200615_114948\\1592196791033.png]]

2020-06-15 11:53:12 - [MESSAGE][FAILED] - Unable to verify object 'Object Repository/Denna/User - Minta Dukungan/label Permintaan Dukungan Telah Dikirim' is NOT visible (Root cause: com.kms.katalon.core.exception.StepFailedException: Unable to verify object 'Object Repository/Denna/User - Minta Dukungan/label Permintaan Dukungan Telah Dikirim' is NOT visible
	at com.kms.katalon.core.webui.keyword.internal.WebUIKeywordMain.stepFailed(WebUIKeywordMain.groovy:64)
	at com.kms.katalon.core.webui.keyword.internal.WebUIKeywordMain.runKeyword(WebUIKeywordMain.groovy:26)
	at com.kms.katalon.core.webui.keyword.builtin.VerifyElementNotVisibleKeyword.verifyElementNotVisible(VerifyElementNotVisibleKeyword.groovy:97)
	at com.kms.katalon.core.webui.keyword.builtin.VerifyElementNotVisibleKeyword.execute(VerifyElementNotVisibleKeyword.groovy:67)
	at com.kms.katalon.core.keyword.internal.KeywordExecutor.executeKeywordForPlatform(KeywordExecutor.groovy:72)
	at com.kms.katalon.core.webui.keyword.WebUiBuiltInKeywords.verifyElementNotVisible(WebUiBuiltInKeywords.groovy:387)
	at com.kms.katalon.core.webui.keyword.WebUiBuiltInKeywords$verifyElementNotVisible$5.call(Unknown Source)
	at User - Minta Dukungan.run(User - Minta Dukungan:32)
	at com.kms.katalon.core.main.ScriptEngine.run(ScriptEngine.java:194)
	at com.kms.katalon.core.main.ScriptEngine.runScriptAsRawText(ScriptEngine.java:119)
	at com.kms.katalon.core.main.TestCaseExecutor.runScript(TestCaseExecutor.java:337)
	at com.kms.katalon.core.main.TestCaseExecutor.doExecute(TestCaseExecutor.java:328)
	at com.kms.katalon.core.main.TestCaseExecutor.processExecutionPhase(TestCaseExecutor.java:307)
	at com.kms.katalon.core.main.TestCaseExecutor.accessMainPhase(TestCaseExecutor.java:299)
	at com.kms.katalon.core.main.TestCaseExecutor.execute(TestCaseExecutor.java:233)
	at com.kms.katalon.core.main.TestSuiteExecutor.accessTestCaseMainPhase(TestSuiteExecutor.java:169)
	at com.kms.katalon.core.main.TestSuiteExecutor.accessTestSuiteMainPhase(TestSuiteExecutor.java:142)
	at com.kms.katalon.core.main.TestSuiteExecutor.execute(TestSuiteExecutor.java:91)
	at com.kms.katalon.core.main.TestCaseMain.startTestSuite(TestCaseMain.java:157)
	at com.kms.katalon.core.main.TestCaseMain$startTestSuite$0.call(Unknown Source)
	at TempTestSuite1592196588089.run(TempTestSuite1592196588089.groovy:36)
Caused by: com.kms.katalon.core.exception.StepFailedException: Web element with id: 'Object Repository/Denna/User - Minta Dukungan/label Permintaan Dukungan Telah Dikirim' located by 'By.xpath: id("toast-container")/div[@class="toast-success toast"]/div[@class="toast-message"][count(. | //div[@class = 'toast-message' and (text() = 'Permintaan Dukungan Telah Dikirim' or . = 'Permintaan Dukungan Telah Dikirim')]) = count(//div[@class = 'toast-message' and (text() = 'Permintaan Dukungan Telah Dikirim' or . = 'Permintaan Dukungan Telah Dikirim')])]' not found
	at com.kms.katalon.core.webui.keyword.internal.WebUIKeywordMain.stepFailed(WebUIKeywordMain.groovy:64)
	at com.kms.katalon.core.webui.keyword.builtin.VerifyElementNotVisibleKeyword$_verifyElementNotVisible_closure1.doCall(VerifyElementNotVisibleKeyword.groovy:89)
	at com.kms.katalon.core.webui.keyword.builtin.VerifyElementNotVisibleKeyword$_verifyElementNotVisible_closure1.call(VerifyElementNotVisibleKeyword.groovy)
	at com.kms.katalon.core.webui.keyword.internal.WebUIKeywordMain.runKeyword(WebUIKeywordMain.groovy:20)
	... 19 more
)
[[ATTACHMENT|D:\\MY WORLD\\WORKS (TUGAS)\\LearningManagementWeb\\Reports\\20200615_114947\\Denna\\User - Minta Dukungan\\20200615_114948\\1592196791900.png]]]]></system-out>
         <system-err><![CDATA[2020-06-15 11:51:17 - [TEST_CASE][FAILED] - Test Cases/Denna/User - Minta Dukungan: Test Cases/Denna/User - Minta Dukungan FAILED.
Reason:
com.kms.katalon.core.exception.StepFailedException: Unable to verify object 'Object Repository/Denna/User - Minta Dukungan/label Permintaan Dukungan Telah Dikirim' is NOT visible
	at com.kms.katalon.core.webui.keyword.internal.WebUIKeywordMain.stepFailed(WebUIKeywordMain.groovy:64)
	at com.kms.katalon.core.webui.keyword.internal.WebUIKeywordMain.runKeyword(WebUIKeywordMain.groovy:26)
	at com.kms.katalon.core.webui.keyword.builtin.VerifyElementNotVisibleKeyword.verifyElementNotVisible(VerifyElementNotVisibleKeyword.groovy:97)
	at com.kms.katalon.core.webui.keyword.builtin.VerifyElementNotVisibleKeyword.execute(VerifyElementNotVisibleKeyword.groovy:67)
	at com.kms.katalon.core.keyword.internal.KeywordExecutor.executeKeywordForPlatform(KeywordExecutor.groovy:72)
	at com.kms.katalon.core.webui.keyword.WebUiBuiltInKeywords.verifyElementNotVisible(WebUiBuiltInKeywords.groovy:387)
	at com.kms.katalon.core.webui.keyword.WebUiBuiltInKeywords$verifyElementNotVisible$5.call(Unknown Source)
	at User - Minta Dukungan.run(User - Minta Dukungan:32)
	at com.kms.katalon.core.main.ScriptEngine.run(ScriptEngine.java:194)
	at com.kms.katalon.core.main.ScriptEngine.runScriptAsRawText(ScriptEngine.java:119)
	at com.kms.katalon.core.main.TestCaseExecutor.runScript(TestCaseExecutor.java:337)
	at com.kms.katalon.core.main.TestCaseExecutor.doExecute(TestCaseExecutor.java:328)
	at com.kms.katalon.core.main.TestCaseExecutor.processExecutionPhase(TestCaseExecutor.java:307)
	at com.kms.katalon.core.main.TestCaseExecutor.accessMainPhase(TestCaseExecutor.java:299)
	at com.kms.katalon.core.main.TestCaseExecutor.execute(TestCaseExecutor.java:233)
	at com.kms.katalon.core.main.TestSuiteExecutor.accessTestCaseMainPhase(TestSuiteExecutor.java:169)
	at com.kms.katalon.core.main.TestSuiteExecutor.accessTestSuiteMainPhase(TestSuiteExecutor.java:142)
	at com.kms.katalon.core.main.TestSuiteExecutor.execute(TestSuiteExecutor.java:91)
	at com.kms.katalon.core.main.TestCaseMain.startTestSuite(TestCaseMain.java:157)
	at com.kms.katalon.core.main.TestCaseMain$startTestSuite$0.call(Unknown Source)
	at TempTestSuite1592196588089.run(TempTestSuite1592196588089.groovy:36)
Caused by: com.kms.katalon.core.exception.StepFailedException: Web element with id: 'Object Repository/Denna/User - Minta Dukungan/label Permintaan Dukungan Telah Dikirim' located by 'By.xpath: id("toast-container")/div[@class="toast-success toast"]/div[@class="toast-message"][count(. | //div[@class = 'toast-message' and (text() = 'Permintaan Dukungan Telah Dikirim' or . = 'Permintaan Dukungan Telah Dikirim')]) = count(//div[@class = 'toast-message' and (text() = 'Permintaan Dukungan Telah Dikirim' or . = 'Permintaan Dukungan Telah Dikirim')])]' not found
	at com.kms.katalon.core.webui.keyword.internal.WebUIKeywordMain.stepFailed(WebUIKeywordMain.groovy:64)
	at com.kms.katalon.core.webui.keyword.builtin.VerifyElementNotVisibleKeyword$_verifyElementNotVisible_closure1.doCall(VerifyElementNotVisibleKeyword.groovy:89)
	at com.kms.katalon.core.webui.keyword.builtin.VerifyElementNotVisibleKeyword$_verifyElementNotVisible_closure1.call(VerifyElementNotVisibleKeyword.groovy)
	at com.kms.katalon.core.webui.keyword.internal.WebUIKeywordMain.runKeyword(WebUIKeywordMain.groovy:20)
	... 19 more]]></system-err>
      </testcase>
      <system-out><![CDATA[2020-06-15 11:50:00 - [TEST_SUITE][FAILED] - User - Minta Dukungan: Test Cases/Denna/User - Minta Dukungan FAILED.
Reason:
com.kms.katalon.core.exception.StepFailedException: Unable to verify object 'Object Repository/Denna/User - Minta Dukungan/label Permintaan Dukungan Telah Dikirim' is NOT visible
	at com.kms.katalon.core.webui.keyword.internal.WebUIKeywordMain.stepFailed(WebUIKeywordMain.groovy:64)
	at com.kms.katalon.core.webui.keyword.internal.WebUIKeywordMain.runKeyword(WebUIKeywordMain.groovy:26)
	at com.kms.katalon.core.webui.keyword.builtin.VerifyElementNotVisibleKeyword.verifyElementNotVisible(VerifyElementNotVisibleKeyword.groovy:97)
	at com.kms.katalon.core.webui.keyword.builtin.VerifyElementNotVisibleKeyword.execute(VerifyElementNotVisibleKeyword.groovy:67)
	at com.kms.katalon.core.keyword.internal.KeywordExecutor.executeKeywordForPlatform(KeywordExecutor.groovy:72)
	at com.kms.katalon.core.webui.keyword.WebUiBuiltInKeywords.verifyElementNotVisible(WebUiBuiltInKeywords.groovy:387)
	at com.kms.katalon.core.webui.keyword.WebUiBuiltInKeywords$verifyElementNotVisible$5.call(Unknown Source)
	at User - Minta Dukungan.run(User - Minta Dukungan:32)
	at com.kms.katalon.core.main.ScriptEngine.run(ScriptEngine.java:194)
	at com.kms.katalon.core.main.ScriptEngine.runScriptAsRawText(ScriptEngine.java:119)
	at com.kms.katalon.core.main.TestCaseExecutor.runScript(TestCaseExecutor.java:337)
	at com.kms.katalon.core.main.TestCaseExecutor.doExecute(TestCaseExecutor.java:328)
	at com.kms.katalon.core.main.TestCaseExecutor.processExecutionPhase(TestCaseExecutor.java:307)
	at com.kms.katalon.core.main.TestCaseExecutor.accessMainPhase(TestCaseExecutor.java:299)
	at com.kms.katalon.core.main.TestCaseExecutor.execute(TestCaseExecutor.java:233)
	at com.kms.katalon.core.main.TestSuiteExecutor.accessTestCaseMainPhase(TestSuiteExecutor.java:169)
	at com.kms.katalon.core.main.TestSuiteExecutor.accessTestSuiteMainPhase(TestSuiteExecutor.java:142)
	at com.kms.katalon.core.main.TestSuiteExecutor.execute(TestSuiteExecutor.java:91)
	at com.kms.katalon.core.main.TestCaseMain.startTestSuite(TestCaseMain.java:157)
	at com.kms.katalon.core.main.TestCaseMain$startTestSuite$0.call(Unknown Source)
	at TempTestSuite1592196588089.run(TempTestSuite1592196588089.groovy:36)
Caused by: com.kms.katalon.core.exception.StepFailedException: Web element with id: 'Object Repository/Denna/User - Minta Dukungan/label Permintaan Dukungan Telah Dikirim' located by 'By.xpath: id("toast-container")/div[@class="toast-success toast"]/div[@class="toast-message"][count(. | //div[@class = 'toast-message' and (text() = 'Permintaan Dukungan Telah Dikirim' or . = 'Permintaan Dukungan Telah Dikirim')]) = count(//div[@class = 'toast-message' and (text() = 'Permintaan Dukungan Telah Dikirim' or . = 'Permintaan Dukungan Telah Dikirim')])]' not found
	at com.kms.katalon.core.webui.keyword.internal.WebUIKeywordMain.stepFailed(WebUIKeywordMain.groovy:64)
	at com.kms.katalon.core.webui.keyword.builtin.VerifyElementNotVisibleKeyword$_verifyElementNotVisible_closure1.doCall(VerifyElementNotVisibleKeyword.groovy:89)
	at com.kms.katalon.core.webui.keyword.builtin.VerifyElementNotVisibleKeyword$_verifyElementNotVisible_closure1.call(VerifyElementNotVisibleKeyword.groovy)
	at com.kms.katalon.core.webui.keyword.internal.WebUIKeywordMain.runKeyword(WebUIKeywordMain.groovy:20)
	... 19 more]]></system-out>
      <system-err><![CDATA[2020-06-15 11:50:00 - [TEST_SUITE][FAILED] - User - Minta Dukungan: Test Cases/Denna/User - Minta Dukungan FAILED.
Reason:
com.kms.katalon.core.exception.StepFailedException: Unable to verify object 'Object Repository/Denna/User - Minta Dukungan/label Permintaan Dukungan Telah Dikirim' is NOT visible
	at com.kms.katalon.core.webui.keyword.internal.WebUIKeywordMain.stepFailed(WebUIKeywordMain.groovy:64)
	at com.kms.katalon.core.webui.keyword.internal.WebUIKeywordMain.runKeyword(WebUIKeywordMain.groovy:26)
	at com.kms.katalon.core.webui.keyword.builtin.VerifyElementNotVisibleKeyword.verifyElementNotVisible(VerifyElementNotVisibleKeyword.groovy:97)
	at com.kms.katalon.core.webui.keyword.builtin.VerifyElementNotVisibleKeyword.execute(VerifyElementNotVisibleKeyword.groovy:67)
	at com.kms.katalon.core.keyword.internal.KeywordExecutor.executeKeywordForPlatform(KeywordExecutor.groovy:72)
	at com.kms.katalon.core.webui.keyword.WebUiBuiltInKeywords.verifyElementNotVisible(WebUiBuiltInKeywords.groovy:387)
	at com.kms.katalon.core.webui.keyword.WebUiBuiltInKeywords$verifyElementNotVisible$5.call(Unknown Source)
	at User - Minta Dukungan.run(User - Minta Dukungan:32)
	at com.kms.katalon.core.main.ScriptEngine.run(ScriptEngine.java:194)
	at com.kms.katalon.core.main.ScriptEngine.runScriptAsRawText(ScriptEngine.java:119)
	at com.kms.katalon.core.main.TestCaseExecutor.runScript(TestCaseExecutor.java:337)
	at com.kms.katalon.core.main.TestCaseExecutor.doExecute(TestCaseExecutor.java:328)
	at com.kms.katalon.core.main.TestCaseExecutor.processExecutionPhase(TestCaseExecutor.java:307)
	at com.kms.katalon.core.main.TestCaseExecutor.accessMainPhase(TestCaseExecutor.java:299)
	at com.kms.katalon.core.main.TestCaseExecutor.execute(TestCaseExecutor.java:233)
	at com.kms.katalon.core.main.TestSuiteExecutor.accessTestCaseMainPhase(TestSuiteExecutor.java:169)
	at com.kms.katalon.core.main.TestSuiteExecutor.accessTestSuiteMainPhase(TestSuiteExecutor.java:142)
	at com.kms.katalon.core.main.TestSuiteExecutor.execute(TestSuiteExecutor.java:91)
	at com.kms.katalon.core.main.TestCaseMain.startTestSuite(TestCaseMain.java:157)
	at com.kms.katalon.core.main.TestCaseMain$startTestSuite$0.call(Unknown Source)
	at TempTestSuite1592196588089.run(TempTestSuite1592196588089.groovy:36)
Caused by: com.kms.katalon.core.exception.StepFailedException: Web element with id: 'Object Repository/Denna/User - Minta Dukungan/label Permintaan Dukungan Telah Dikirim' located by 'By.xpath: id("toast-container")/div[@class="toast-success toast"]/div[@class="toast-message"][count(. | //div[@class = 'toast-message' and (text() = 'Permintaan Dukungan Telah Dikirim' or . = 'Permintaan Dukungan Telah Dikirim')]) = count(//div[@class = 'toast-message' and (text() = 'Permintaan Dukungan Telah Dikirim' or . = 'Permintaan Dukungan Telah Dikirim')])]' not found
	at com.kms.katalon.core.webui.keyword.internal.WebUIKeywordMain.stepFailed(WebUIKeywordMain.groovy:64)
	at com.kms.katalon.core.webui.keyword.builtin.VerifyElementNotVisibleKeyword$_verifyElementNotVisible_closure1.doCall(VerifyElementNotVisibleKeyword.groovy:89)
	at com.kms.katalon.core.webui.keyword.builtin.VerifyElementNotVisibleKeyword$_verifyElementNotVisible_closure1.call(VerifyElementNotVisibleKeyword.groovy)
	at com.kms.katalon.core.webui.keyword.internal.WebUIKeywordMain.runKeyword(WebUIKeywordMain.groovy:20)
	... 19 more]]></system-err>
   </testsuite>
</testsuites>
