<?xml version="1.0" encoding="UTF-8"?>
<testsuites name="Online Learning" time="121.225" tests="1" failures="0" errors="0">
   <testsuite name="Online Learning" tests="1" failures="0" errors="0" time="121.225" timestamp="2020-05-15 13:39:25" hostname="ASUS - LAPTOP-D0TPACJ1" id="Test Suites/Christi/Online Learning">
      <properties>
         <property name="deviceName" value=""/>
         <property name="devicePlatform" value=""/>
         <property name="logFolder" value="C:\\Users\\ASUS\\git\\LearningManagementWeb\\Reports\\20200515_133919\\Christi\\Online Learning\\20200515_133919"/>
         <property name="logFiles" value="C:\\Users\\ASUS\\git\\LearningManagementWeb\\Reports\\20200515_133919\\Christi\\Online Learning\\20200515_133919\\execution0.log"/>
         <property name="attachments" value=""/>
         <property name="hostName" value="ASUS - LAPTOP-D0TPACJ1"/>
         <property name="os" value="Windows 10 64bit"/>
         <property name="katalonVersion" value="7.0.10.1"/>
         <property name="browser" value="Chrome 81.0.4044.138"/>
         <property name="hostAddress" value="192.168.100.227"/>
         <property name="sessionId" value="52b89744aeda86864f1a88ed53a40633"/>
         <property name="seleniumVersion" value="3.141.59"/>
         <property name="proxyInformation" value="ProxyInformation{proxyOption=NO_PROXY, proxyServerType=HTTP, password=, proxyServerAddress=, proxyServerPort=0}"/>
         <property name="platform" value="Windows 10"/>
      </properties>
      <testcase name="Test Cases/Christi/User/Online Learning - Materi Belajar" time="119.489" classname="Test Cases/Christi/User/Online Learning - Materi Belajar" status="PASSED">
         <system-out><![CDATA[2020-05-15 13:39:27 - [TEST_CASE][PASSED] - Test Cases/Christi/User/Online Learning - Materi Belajar: Test Cases/Christi/User/Online Learning - Materi Belajar

2020-05-15 13:39:28 - [TEST_STEP][PASSED] - callTestCase(findTestCase("Christi/User/user login"), ["username":"14426", "password":"Password2"], STOP_ON_FAILURE): Call Test Case 'Test Cases/Christi/User/user login' successfully

2020-05-15 13:39:28 - [TEST_CASE][PASSED] - Test Cases/Christi/User/user login: Test Cases/Christi/User/user login

2020-05-15 13:39:29 - [TEST_STEP][PASSED] - openBrowser(""): Browser is opened with url: ''

2020-05-15 13:39:30 - [MESSAGE][INFO] - Starting 'Chrome' driver

2020-05-15 13:39:30 - [MESSAGE][INFO] - Action delay is set to 0 seconds

2020-05-15 13:39:37 - [MESSAGE][PASSED] - Browser is opened with url: ''

2020-05-15 13:39:37 - [TEST_STEP][PASSED] - maximizeWindow(): Current window maximized

2020-05-15 13:39:38 - [MESSAGE][PASSED] - Current window maximized

2020-05-15 13:39:38 - [TEST_STEP][PASSED] - navigateToUrl("https://appsrv1.deltadatamandiri.com/ACC_LMS_WEB/#/Main"): Navigate to 'https://appsrv1.deltadatamandiri.com/ACC_LMS_WEB/#/Main' successfully

2020-05-15 13:39:56 - [MESSAGE][PASSED] - Navigate to 'https://appsrv1.deltadatamandiri.com/ACC_LMS_WEB/#/Main' successfully

2020-05-15 13:39:56 - [TEST_STEP][PASSED] - click(findTestObject("Object Repository/Christi/Page_Main/span_login")): Object: 'Object Repository/Christi/Page_Main/span_login' is clicked on

2020-05-15 13:40:00 - [MESSAGE][ERROR] - javascript error: Failed to execute 'elementsFromPoint' on 'Document': The provided double value is non-finite.
  (Session info: chrome=81.0.4044.138)
Build info: version: '3.141.59', revision: 'e82be7d358', time: '2018-11-14T08:25:53'
System info: host: 'LAPTOP-D0TPACJ1', ip: '192.168.100.227', os.name: 'Windows 10', os.arch: 'amd64', os.version: '10.0', java.version: '1.8.0_181'
Driver info: com.kms.katalon.selenium.driver.CChromeDriver
Capabilities {acceptInsecureCerts: false, browserName: chrome, browserVersion: 81.0.4044.138, chrome: {chromedriverVersion: 80.0.3987.106 (f68069574609..., userDataDir: C:\Users\ASUS\AppData\Local...}, goog:chromeOptions: {debuggerAddress: localhost:64318}, javascriptEnabled: true, networkConnectionEnabled: false, pageLoadStrategy: normal, platform: WINDOWS, platformName: WINDOWS, proxy: Proxy(), setWindowRect: true, strictFileInteractability: false, timeouts: {implicit: 0, pageLoad: 300000, script: 30000}, unhandledPromptBehavior: dismiss and notify}
Session ID: 52b89744aeda86864f1a88ed53a40633

2020-05-15 13:40:01 - [MESSAGE][PASSED] - Object: 'Object Repository/Christi/Page_Main/span_login' is clicked on

2020-05-15 13:40:01 - [TEST_STEP][PASSED] - delay(3): Delayed 3 second(s)

2020-05-15 13:40:04 - [MESSAGE][PASSED] - Delayed 3 second(s)

2020-05-15 13:40:04 - [TEST_STEP][PASSED] - setText(findTestObject("Object Repository/Christi/Page_Main/input_NPK_username"), username): Text '14426' is set on object 'Object Repository/Christi/Page_Main/input_NPK_username'

2020-05-15 13:40:05 - [MESSAGE][PASSED] - Text '14426' is set on object 'Object Repository/Christi/Page_Main/input_NPK_username'

2020-05-15 13:40:05 - [TEST_STEP][PASSED] - setText(findTestObject("Object Repository/Christi/Page_Main/input_Password_password"), password): Text 'Password2' is set on object 'Object Repository/Christi/Page_Main/input_Password_password'

2020-05-15 13:40:05 - [MESSAGE][PASSED] - Text 'Password2' is set on object 'Object Repository/Christi/Page_Main/input_Password_password'

2020-05-15 13:40:05 - [TEST_STEP][PASSED] - click(findTestObject("Object Repository/Christi/Page_Main/span_Remember me")): Object: 'Object Repository/Christi/Page_Main/span_Remember me' is clicked on

2020-05-15 13:40:06 - [MESSAGE][PASSED] - Object: 'Object Repository/Christi/Page_Main/span_Remember me' is clicked on

2020-05-15 13:40:06 - [TEST_STEP][PASSED] - click(findTestObject("Object Repository/Christi/Page_Main/span_login_1")): Object: 'Object Repository/Christi/Page_Main/span_login_1' is clicked on

2020-05-15 13:40:06 - [MESSAGE][PASSED] - Object: 'Object Repository/Christi/Page_Main/span_login_1' is clicked on

2020-05-15 13:40:06 - [TEST_STEP][PASSED] - delay(5): Delayed 5 second(s)

2020-05-15 13:40:11 - [MESSAGE][PASSED] - Delayed 5 second(s)

2020-05-15 13:40:11 - [MESSAGE][PASSED] - Call Test Case 'Test Cases/Christi/User/user login' successfully

2020-05-15 13:40:11 - [TEST_STEP][PASSED] - click(findTestObject("Christi/Page_Homepage/i_My Learning Icon_app-icon wi wi-menu fa-lg")): Object: 'Object Repository/Christi/Page_Homepage/i_My Learning Icon_app-icon wi wi-menu fa-lg' is clicked on

2020-05-15 13:40:29 - [MESSAGE][PASSED] - Object: 'Object Repository/Christi/Page_Homepage/i_My Learning Icon_app-icon wi wi-menu fa-lg' is clicked on

2020-05-15 13:40:29 - [TEST_STEP][PASSED] - click(findTestObject("Christi/Page_Homepage/span_Online Learning"), STOP_ON_FAILURE): Object: 'Object Repository/Christi/Page_Homepage/span_Online Learning' is clicked on

2020-05-15 13:40:30 - [MESSAGE][PASSED] - Object: 'Object Repository/Christi/Page_Homepage/span_Online Learning' is clicked on

2020-05-15 13:40:30 - [TEST_STEP][PASSED] - delay(3): Delayed 3 second(s)

2020-05-15 13:40:33 - [MESSAGE][PASSED] - Delayed 3 second(s)

2020-05-15 13:40:33 - [TEST_STEP][PASSED] - setText(findTestObject("Christi/Page_Job Functions/input_Back button_searchModul"), nama_modul): Text 'NEOP ARRO' is set on object 'Object Repository/Christi/Page_Job Functions/input_Back button_searchModul'

2020-05-15 13:40:45 - [MESSAGE][PASSED] - Text 'NEOP ARRO' is set on object 'Object Repository/Christi/Page_Job Functions/input_Back button_searchModul'

2020-05-15 13:40:45 - [TEST_STEP][PASSED] - click(findTestObject("Object Repository/Christi/Page_Job Functions/button_Clear button_app-search-button wi wi-search")): Object: 'Object Repository/Christi/Page_Job Functions/button_Clear button_app-search-button wi wi-search' is clicked on

2020-05-15 13:40:46 - [MESSAGE][PASSED] - Object: 'Object Repository/Christi/Page_Job Functions/button_Clear button_app-search-button wi wi-search' is clicked on

2020-05-15 13:40:46 - [TEST_STEP][PASSED] - delay(3): Delayed 3 second(s)

2020-05-15 13:40:49 - [MESSAGE][PASSED] - Delayed 3 second(s)

2020-05-15 13:40:49 - [TEST_STEP][PASSED] - if (found == "yes"): Object 'Object Repository/Christi/Page_Online Learning Detail/label_Pre-Test_oranye' is present

2020-05-15 13:40:49 - [TEST_STEP][PASSED] - verifyElementPresent(findTestObject("Christi/Page_Online Learning Search Result/label_Ditemukan modul dengan kata kunci"), 0): Object 'Object Repository/Christi/Page_Online Learning Search Result/label_Ditemukan modul dengan kata kunci' is present

2020-05-15 13:40:49 - [MESSAGE][WARNING] - Timeout '0' is invalid. Using default page load timeout: '30'

2020-05-15 13:40:56 - [MESSAGE][PASSED] - Object 'Object Repository/Christi/Page_Online Learning Search Result/label_Ditemukan modul dengan kata kunci' is present

2020-05-15 13:40:56 - [TEST_STEP][PASSED] - delay(3): Delayed 3 second(s)

2020-05-15 13:40:59 - [MESSAGE][PASSED] - Delayed 3 second(s)

2020-05-15 13:40:59 - [TEST_STEP][PASSED] - click(findTestObject("Christi/Page_Online Learning Search Result/span_Lihat Modul")): Object: 'Object Repository/Christi/Page_Online Learning Search Result/span_Lihat Modul' is clicked on

2020-05-15 13:40:59 - [MESSAGE][PASSED] - Object: 'Object Repository/Christi/Page_Online Learning Search Result/span_Lihat Modul' is clicked on

2020-05-15 13:40:59 - [TEST_STEP][PASSED] - delay(3): Delayed 3 second(s)

2020-05-15 13:41:02 - [MESSAGE][PASSED] - Delayed 3 second(s)

2020-05-15 13:41:02 - [TEST_STEP][PASSED] - if (status == "new"): Object: 'Object Repository/Christi/Page_Online Learning Detail/button_Mulai Modul' is clicked on

2020-05-15 13:41:02 - [TEST_STEP][PASSED] - click(findTestObject("Christi/Page_Online Learning Detail/button_Mulai Modul"), STOP_ON_FAILURE): Object: 'Object Repository/Christi/Page_Online Learning Detail/button_Mulai Modul' is clicked on

2020-05-15 13:41:11 - [MESSAGE][PASSED] - Object: 'Object Repository/Christi/Page_Online Learning Detail/button_Mulai Modul' is clicked on

2020-05-15 13:41:11 - [TEST_STEP][PASSED] - delay(3): Delayed 3 second(s)

2020-05-15 13:41:14 - [MESSAGE][PASSED] - Delayed 3 second(s)

2020-05-15 13:41:14 - [TEST_STEP][PASSED] - click(findTestObject("Christi/Page_Online Learning Detail/label_menu_Pre-Test", ["text":nama_materi])): Object: 'Object Repository/Christi/Page_Online Learning Detail/label_menu_Pre-Test' is clicked on

2020-05-15 13:41:17 - [MESSAGE][PASSED] - Object: 'Object Repository/Christi/Page_Online Learning Detail/label_menu_Pre-Test' is clicked on

2020-05-15 13:41:17 - [TEST_STEP][PASSED] - delay(3): Delayed 3 second(s)

2020-05-15 13:41:20 - [MESSAGE][PASSED] - Delayed 3 second(s)

2020-05-15 13:41:20 - [TEST_STEP][PASSED] - click(findTestObject("Christi/Page_Online Learning Detail/li_submenu_Pre-Test", ["text":sub_materi])): Object: 'Object Repository/Christi/Page_Online Learning Detail/li_submenu_Pre-Test' is clicked on

2020-05-15 13:41:22 - [MESSAGE][PASSED] - Object: 'Object Repository/Christi/Page_Online Learning Detail/li_submenu_Pre-Test' is clicked on

2020-05-15 13:41:22 - [TEST_STEP][PASSED] - if (expected == "pass"): Object 'Object Repository/Christi/Page_Online Learning Detail/label_Pre-Test_oranye' is present

2020-05-15 13:41:22 - [TEST_STEP][PASSED] - verifyElementPresent(findTestObject("Christi/Page_Online Learning Detail/label_Pre-Test_oranye", ["text":sub_materi]), 0): Object 'Object Repository/Christi/Page_Online Learning Detail/label_Pre-Test_oranye' is present

2020-05-15 13:41:22 - [MESSAGE][WARNING] - Timeout '0' is invalid. Using default page load timeout: '30'

2020-05-15 13:41:25 - [MESSAGE][PASSED] - Object 'Object Repository/Christi/Page_Online Learning Detail/label_Pre-Test_oranye' is present

2020-05-15 13:41:25 - [TEST_STEP][PASSED] - closeBrowser(): Browser is closed

2020-05-15 13:41:26 - [MESSAGE][PASSED] - Browser is closed]]></system-out>
         <system-err><![CDATA[]]></system-err>
      </testcase>
      <system-out><![CDATA[2020-05-15 13:39:25 - [TEST_SUITE][PASSED] - Online Learning: Test Cases/Christi/User/Online Learning - Materi Belajar]]></system-out>
      <system-err><![CDATA[]]></system-err>
   </testsuite>
</testsuites>
