<?xml version="1.0" encoding="UTF-8"?>
<testsuites name="Admin - Manage Test - Quiz" time="283.439" tests="2" failures="0" errors="0">
   <testsuite name="Admin - Manage Test - Quiz" tests="2" failures="0" errors="0" time="283.439" timestamp="2020-05-26 02:53:02" hostname="rizkajuliant20 - DESKTOP-NHES7H6" id="Test Suites/Rizka/Admin - Manage Test - Quiz">
      <properties>
         <property name="deviceName" value=""/>
         <property name="devicePlatform" value=""/>
         <property name="logFolder" value="D:\\MY WORLD\\WORKS (TUGAS)\\LearningManagementWeb\\Reports\\20200526_025244\\Rizka\\Admin - Manage Test - Quiz\\20200526_025244"/>
         <property name="logFiles" value="D:\\MY WORLD\\WORKS (TUGAS)\\LearningManagementWeb\\Reports\\20200526_025244\\Rizka\\Admin - Manage Test - Quiz\\20200526_025244\\execution0.log"/>
         <property name="attachments" value=""/>
         <property name="hostName" value="rizkajuliant20 - DESKTOP-NHES7H6"/>
         <property name="os" value="Windows 10 64bit"/>
         <property name="katalonVersion" value="7.2.1.1"/>
         <property name="browser" value="Chrome 81.0.4044.138"/>
         <property name="hostAddress" value="192.168.1.116"/>
         <property name="sessionId" value="14984c1119015ed3f2189b34906af4f6"/>
         <property name="seleniumVersion" value="3.141.59"/>
         <property name="proxyInformation" value="ProxyInformation{proxyOption=NO_PROXY, proxyServerType=HTTP, password=, proxyServerAddress=, proxyServerPort=0, executionList=}"/>
         <property name="platform" value="Windows 10"/>
      </properties>
      <testcase name="Test Cases/Rizka/Admin - Manage Test - Quiz - Search" time="147.792" classname="Test Cases/Rizka/Admin - Manage Test - Quiz - Search" status="PASSED">
         <system-out><![CDATA[2020-05-26 02:53:03 - [TEST_CASE][PASSED] - Test Cases/Rizka/Admin - Manage Test - Quiz - Search: Test Cases/Rizka/Admin - Manage Test - Quiz - Search

2020-05-26 02:53:04 - [TEST_STEP][PASSED] - openBrowser(""): Browser is opened with url: ''

2020-05-26 02:53:05 - [MESSAGE][INFO] - Starting 'Chrome' driver

2020-05-26 02:53:05 - [MESSAGE][INFO] - Action delay is set to 0 seconds

2020-05-26 02:53:16 - [MESSAGE][PASSED] - Browser is opened with url: ''

2020-05-26 02:53:16 - [TEST_STEP][PASSED] - navigateToUrl("https://appsrv1.deltadatamandiri.com/ACC_LMS_WEB/#/admNLmn"): Navigate to 'https://appsrv1.deltadatamandiri.com/ACC_LMS_WEB/#/admNLmn' successfully

2020-05-26 02:53:58 - [MESSAGE][PASSED] - Navigate to 'https://appsrv1.deltadatamandiri.com/ACC_LMS_WEB/#/admNLmn' successfully

2020-05-26 02:53:58 - [TEST_STEP][PASSED] - maximizeWindow(): Current window maximized

2020-05-26 02:54:00 - [MESSAGE][PASSED] - Current window maximized

2020-05-26 02:54:00 - [TEST_STEP][PASSED] - delay(5): Delayed 5 second(s)

2020-05-26 02:54:05 - [MESSAGE][PASSED] - Delayed 5 second(s)

2020-05-26 02:54:05 - [TEST_STEP][PASSED] - click(findTestObject("Rizka/Admin - Login/btnLogin")): Object: 'Object Repository/Rizka/Admin - Login/btnLogin' is clicked on

2020-05-26 02:54:08 - [MESSAGE][PASSED] - Object: 'Object Repository/Rizka/Admin - Login/btnLogin' is clicked on

2020-05-26 02:54:08 - [TEST_STEP][PASSED] - setText(findTestObject("Rizka/Admin - Login/txtUsername"), "11666"): Text '11666' is set on object 'Object Repository/Rizka/Admin - Login/txtUsername'

2020-05-26 02:54:09 - [MESSAGE][PASSED] - Text '11666' is set on object 'Object Repository/Rizka/Admin - Login/txtUsername'

2020-05-26 02:54:09 - [TEST_STEP][PASSED] - setText(findTestObject("Rizka/Admin - Login/txtPassword"), "Password3"): Text 'Password3' is set on object 'Object Repository/Rizka/Admin - Login/txtPassword'

2020-05-26 02:54:10 - [MESSAGE][PASSED] - Text 'Password3' is set on object 'Object Repository/Rizka/Admin - Login/txtPassword'

2020-05-26 02:54:10 - [TEST_STEP][PASSED] - click(findTestObject("Rizka/Admin - Login/btnEyePass")): Object: 'Object Repository/Rizka/Admin - Login/btnEyePass' is clicked on

2020-05-26 02:54:10 - [MESSAGE][PASSED] - Object: 'Object Repository/Rizka/Admin - Login/btnEyePass' is clicked on

2020-05-26 02:54:10 - [TEST_STEP][PASSED] - click(findTestObject("Rizka/Admin - Login/checkboxRememberMe")): Object: 'Object Repository/Rizka/Admin - Login/checkboxRememberMe' is clicked on

2020-05-26 02:54:11 - [MESSAGE][PASSED] - Object: 'Object Repository/Rizka/Admin - Login/checkboxRememberMe' is clicked on

2020-05-26 02:54:11 - [TEST_STEP][PASSED] - click(findTestObject("Rizka/Admin - Login/btnLogin2")): Object: 'Object Repository/Rizka/Admin - Login/btnLogin2' is clicked on

2020-05-26 02:54:12 - [MESSAGE][PASSED] - Object: 'Object Repository/Rizka/Admin - Login/btnLogin2' is clicked on

2020-05-26 02:54:12 - [TEST_STEP][PASSED] - delay(20): Delayed 20 second(s)

2020-05-26 02:54:32 - [MESSAGE][PASSED] - Delayed 20 second(s)

2020-05-26 02:54:32 - [TEST_STEP][PASSED] - click(findTestObject("Rizka/Admin - Manage Test - Quiz - Next Page/btnManageTest")): Object: 'Object Repository/Rizka/Admin - Manage Test - Quiz - Next Page/btnManageTest' is clicked on

2020-05-26 02:54:32 - [MESSAGE][PASSED] - Object: 'Object Repository/Rizka/Admin - Manage Test - Quiz - Next Page/btnManageTest' is clicked on

2020-05-26 02:54:32 - [TEST_STEP][PASSED] - delay(10): Delayed 10 second(s)

2020-05-26 02:54:42 - [MESSAGE][PASSED] - Delayed 10 second(s)

2020-05-26 02:54:42 - [TEST_STEP][PASSED] - click(findTestObject("Rizka/Admin - Manage Test - Quiz - Next Page/btnQuiz")): Object: 'Object Repository/Rizka/Admin - Manage Test - Quiz - Next Page/btnQuiz' is clicked on

2020-05-26 02:54:43 - [MESSAGE][PASSED] - Object: 'Object Repository/Rizka/Admin - Manage Test - Quiz - Next Page/btnQuiz' is clicked on

2020-05-26 02:54:43 - [TEST_STEP][PASSED] - delay(5): Delayed 5 second(s)

2020-05-26 02:54:48 - [MESSAGE][PASSED] - Delayed 5 second(s)

2020-05-26 02:54:48 - [TEST_STEP][PASSED] - setText(findTestObject("Rizka/Admin - Manage Test - Quiz - Search/fieldSearch"), judulQuiz): Text 'Salah satu lini Bisnis Astra adalah ...' is set on object 'Object Repository/Rizka/Admin - Manage Test - Quiz - Search/fieldSearch'

2020-05-26 02:55:23 - [MESSAGE][PASSED] - Text 'Salah satu lini Bisnis Astra adalah ...' is set on object 'Object Repository/Rizka/Admin - Manage Test - Quiz - Search/fieldSearch'

2020-05-26 02:55:23 - [TEST_STEP][PASSED] - click(findTestObject("Rizka/Admin - Manage Test - Quiz - Search/fieldSearch")): Object: 'Object Repository/Rizka/Admin - Manage Test - Quiz - Search/fieldSearch' is clicked on

2020-05-26 02:55:24 - [MESSAGE][PASSED] - Object: 'Object Repository/Rizka/Admin - Manage Test - Quiz - Search/fieldSearch' is clicked on

2020-05-26 02:55:24 - [TEST_STEP][NOT_RUN] - sendKeys(findTestObject("Rizka/Admin - Manage Test - Quiz - Search/fieldSearch"), Keys.chord(ENTER, "")): NOT_RUN: sendKeys(findTestObject("Rizka/Admin - Manage Test - Quiz - Search/fieldSearch"), Keys.chord(ENTER, ""))

2020-05-26 02:55:24 - [MESSAGE][NOT_RUN] - NOT_RUN: sendKeys(findTestObject("Rizka/Admin - Manage Test - Quiz - Search/fieldSearch"), Keys.chord(ENTER, ""))

2020-05-26 02:55:24 - [TEST_STEP][PASSED] - click(findTestObject("Rizka/Admin - Manage Test - Quiz - Search/btnSearch")): Object: 'Object Repository/Rizka/Admin - Manage Test - Quiz - Search/btnSearch' is clicked on

2020-05-26 02:55:25 - [MESSAGE][PASSED] - Object: 'Object Repository/Rizka/Admin - Manage Test - Quiz - Search/btnSearch' is clicked on

2020-05-26 02:55:25 - [TEST_STEP][PASSED] - delay(5): Delayed 5 second(s)

2020-05-26 02:55:30 - [MESSAGE][PASSED] - Delayed 5 second(s)

2020-05-26 02:55:30 - [TEST_STEP][PASSED] - if (condition == "passed"): Object 'Object Repository/Rizka/Admin - Manage Test - Quiz - Search/label_1' is visible

2020-05-26 02:55:30 - [TEST_STEP][PASSED] - verifyElementVisible(findTestObject("Rizka/Admin - Manage Test - Quiz - Search/label_1", ["text":judulQuiz]), STOP_ON_FAILURE): Object 'Object Repository/Rizka/Admin - Manage Test - Quiz - Search/label_1' is visible

2020-05-26 02:55:30 - [MESSAGE][PASSED] - Object 'Object Repository/Rizka/Admin - Manage Test - Quiz - Search/label_1' is visible]]></system-out>
         <system-err><![CDATA[]]></system-err>
      </testcase>
      <testcase name="Test Cases/Rizka/Admin - Manage Test - Quiz - Search" time="133.371" classname="Test Cases/Rizka/Admin - Manage Test - Quiz - Search" status="PASSED">
         <system-out><![CDATA[2020-05-26 02:55:31 - [TEST_CASE][PASSED] - Test Cases/Rizka/Admin - Manage Test - Quiz - Search: Test Cases/Rizka/Admin - Manage Test - Quiz - Search

2020-05-26 02:55:31 - [TEST_STEP][PASSED] - openBrowser(""): Browser is opened with url: ''

2020-05-26 02:55:31 - [MESSAGE][WARNING] - A browser is already opened. Closing browser and opening a new one

2020-05-26 02:55:32 - [MESSAGE][INFO] - Starting 'Chrome' driver

2020-05-26 02:55:36 - [MESSAGE][PASSED] - Browser is opened with url: ''

2020-05-26 02:55:36 - [TEST_STEP][PASSED] - navigateToUrl("https://appsrv1.deltadatamandiri.com/ACC_LMS_WEB/#/admNLmn"): Navigate to 'https://appsrv1.deltadatamandiri.com/ACC_LMS_WEB/#/admNLmn' successfully

2020-05-26 02:56:16 - [MESSAGE][PASSED] - Navigate to 'https://appsrv1.deltadatamandiri.com/ACC_LMS_WEB/#/admNLmn' successfully

2020-05-26 02:56:16 - [TEST_STEP][PASSED] - maximizeWindow(): Current window maximized

2020-05-26 02:56:17 - [MESSAGE][PASSED] - Current window maximized

2020-05-26 02:56:17 - [TEST_STEP][PASSED] - delay(5): Delayed 5 second(s)

2020-05-26 02:56:22 - [MESSAGE][PASSED] - Delayed 5 second(s)

2020-05-26 02:56:22 - [TEST_STEP][PASSED] - click(findTestObject("Rizka/Admin - Login/btnLogin")): Object: 'Object Repository/Rizka/Admin - Login/btnLogin' is clicked on

2020-05-26 02:56:24 - [MESSAGE][PASSED] - Object: 'Object Repository/Rizka/Admin - Login/btnLogin' is clicked on

2020-05-26 02:56:24 - [TEST_STEP][PASSED] - setText(findTestObject("Rizka/Admin - Login/txtUsername"), "11666"): Text '11666' is set on object 'Object Repository/Rizka/Admin - Login/txtUsername'

2020-05-26 02:56:25 - [MESSAGE][PASSED] - Text '11666' is set on object 'Object Repository/Rizka/Admin - Login/txtUsername'

2020-05-26 02:56:25 - [TEST_STEP][PASSED] - setText(findTestObject("Rizka/Admin - Login/txtPassword"), "Password3"): Text 'Password3' is set on object 'Object Repository/Rizka/Admin - Login/txtPassword'

2020-05-26 02:56:26 - [MESSAGE][PASSED] - Text 'Password3' is set on object 'Object Repository/Rizka/Admin - Login/txtPassword'

2020-05-26 02:56:26 - [TEST_STEP][PASSED] - click(findTestObject("Rizka/Admin - Login/btnEyePass")): Object: 'Object Repository/Rizka/Admin - Login/btnEyePass' is clicked on

2020-05-26 02:56:28 - [MESSAGE][PASSED] - Object: 'Object Repository/Rizka/Admin - Login/btnEyePass' is clicked on

2020-05-26 02:56:28 - [TEST_STEP][PASSED] - click(findTestObject("Rizka/Admin - Login/checkboxRememberMe")): Object: 'Object Repository/Rizka/Admin - Login/checkboxRememberMe' is clicked on

2020-05-26 02:56:28 - [MESSAGE][PASSED] - Object: 'Object Repository/Rizka/Admin - Login/checkboxRememberMe' is clicked on

2020-05-26 02:56:28 - [TEST_STEP][PASSED] - click(findTestObject("Rizka/Admin - Login/btnLogin2")): Object: 'Object Repository/Rizka/Admin - Login/btnLogin2' is clicked on

2020-05-26 02:56:29 - [MESSAGE][PASSED] - Object: 'Object Repository/Rizka/Admin - Login/btnLogin2' is clicked on

2020-05-26 02:56:29 - [TEST_STEP][PASSED] - delay(20): Delayed 20 second(s)

2020-05-26 02:56:49 - [MESSAGE][PASSED] - Delayed 20 second(s)

2020-05-26 02:56:49 - [TEST_STEP][PASSED] - click(findTestObject("Rizka/Admin - Manage Test - Quiz - Next Page/btnManageTest")): Object: 'Object Repository/Rizka/Admin - Manage Test - Quiz - Next Page/btnManageTest' is clicked on

2020-05-26 02:56:49 - [MESSAGE][PASSED] - Object: 'Object Repository/Rizka/Admin - Manage Test - Quiz - Next Page/btnManageTest' is clicked on

2020-05-26 02:56:49 - [TEST_STEP][PASSED] - delay(10): Delayed 10 second(s)

2020-05-26 02:56:59 - [MESSAGE][PASSED] - Delayed 10 second(s)

2020-05-26 02:56:59 - [TEST_STEP][PASSED] - click(findTestObject("Rizka/Admin - Manage Test - Quiz - Next Page/btnQuiz")): Object: 'Object Repository/Rizka/Admin - Manage Test - Quiz - Next Page/btnQuiz' is clicked on

2020-05-26 02:57:00 - [MESSAGE][PASSED] - Object: 'Object Repository/Rizka/Admin - Manage Test - Quiz - Next Page/btnQuiz' is clicked on

2020-05-26 02:57:00 - [TEST_STEP][PASSED] - delay(5): Delayed 5 second(s)

2020-05-26 02:57:05 - [MESSAGE][PASSED] - Delayed 5 second(s)

2020-05-26 02:57:05 - [TEST_STEP][PASSED] - setText(findTestObject("Rizka/Admin - Manage Test - Quiz - Search/fieldSearch"), judulQuiz): Text 'ABC lima dasar' is set on object 'Object Repository/Rizka/Admin - Manage Test - Quiz - Search/fieldSearch'

2020-05-26 02:57:37 - [MESSAGE][PASSED] - Text 'ABC lima dasar' is set on object 'Object Repository/Rizka/Admin - Manage Test - Quiz - Search/fieldSearch'

2020-05-26 02:57:37 - [TEST_STEP][PASSED] - click(findTestObject("Rizka/Admin - Manage Test - Quiz - Search/fieldSearch")): Object: 'Object Repository/Rizka/Admin - Manage Test - Quiz - Search/fieldSearch' is clicked on

2020-05-26 02:57:38 - [MESSAGE][PASSED] - Object: 'Object Repository/Rizka/Admin - Manage Test - Quiz - Search/fieldSearch' is clicked on

2020-05-26 02:57:38 - [TEST_STEP][NOT_RUN] - sendKeys(findTestObject("Rizka/Admin - Manage Test - Quiz - Search/fieldSearch"), Keys.chord(ENTER, "")): NOT_RUN: sendKeys(findTestObject("Rizka/Admin - Manage Test - Quiz - Search/fieldSearch"), Keys.chord(ENTER, ""))

2020-05-26 02:57:38 - [MESSAGE][NOT_RUN] - NOT_RUN: sendKeys(findTestObject("Rizka/Admin - Manage Test - Quiz - Search/fieldSearch"), Keys.chord(ENTER, ""))

2020-05-26 02:57:38 - [TEST_STEP][PASSED] - click(findTestObject("Rizka/Admin - Manage Test - Quiz - Search/btnSearch")): Object: 'Object Repository/Rizka/Admin - Manage Test - Quiz - Search/btnSearch' is clicked on

2020-05-26 02:57:39 - [MESSAGE][PASSED] - Object: 'Object Repository/Rizka/Admin - Manage Test - Quiz - Search/btnSearch' is clicked on

2020-05-26 02:57:39 - [TEST_STEP][PASSED] - delay(5): Delayed 5 second(s)

2020-05-26 02:57:44 - [MESSAGE][PASSED] - Delayed 5 second(s)

2020-05-26 02:57:44 - [TEST_STEP][PASSED] - if (condition == "passed"): null

2020-05-26 02:57:44 - [TEST_STEP][PASSED] - else: Object 'Object Repository/Rizka/Admin - Manage Test - Quiz - Search/alertNoDataFound' is present

2020-05-26 02:57:44 - [TEST_STEP][PASSED] - verifyElementPresent(findTestObject("Rizka/Admin - Manage Test - Quiz - Search/alertNoDataFound"), 0): Object 'Object Repository/Rizka/Admin - Manage Test - Quiz - Search/alertNoDataFound' is present

2020-05-26 02:57:44 - [MESSAGE][WARNING] - Timeout '0' is invalid. Using default page load timeout: '30'

2020-05-26 02:57:44 - [MESSAGE][PASSED] - Object 'Object Repository/Rizka/Admin - Manage Test - Quiz - Search/alertNoDataFound' is present]]></system-out>
         <system-err><![CDATA[]]></system-err>
      </testcase>
      <system-out><![CDATA[2020-05-26 02:53:02 - [TEST_SUITE][PASSED] - Admin - Manage Test - Quiz: Test Cases/Rizka/Admin - Manage Test - Quiz - Search]]></system-out>
      <system-err><![CDATA[]]></system-err>
   </testsuite>
</testsuites>
