<?xml version="1.0" encoding="UTF-8"?>
<testsuites name="Admin - Manage Test - Pretest and Posttest - Edit (with verify)" time="1136.518" tests="13" failures="6" errors="0">
   <testsuite name="Admin - Manage Test - Pretest and Posttest - Edit (with verify)" tests="13" failures="6" errors="0" time="1136.518" timestamp="2020-06-15 12:31:56" hostname="rizkajuliant20 - DESKTOP-NHES7H6" id="Test Suites/Denna/Admin - Manage Test - Pretest and Posttest - Edit (with verify)">
      <properties>
         <property name="deviceName" value=""/>
         <property name="devicePlatform" value=""/>
         <property name="logFolder" value="D:\\MY WORLD\\WORKS (TUGAS)\\LearningManagementWeb\\Reports\\20200615_123146\\Denna\\Admin - Manage Test - Pretest and Posttest - Edit (with verify)\\20200615_123146"/>
         <property name="logFiles" value="D:\\MY WORLD\\WORKS (TUGAS)\\LearningManagementWeb\\Reports\\20200615_123146\\Denna\\Admin - Manage Test - Pretest and Posttest - Edit (with verify)\\20200615_123146\\execution0.log"/>
         <property name="attachments" value="D:\\MY WORLD\\WORKS (TUGAS)\\LearningManagementWeb\\Reports\\20200615_123146\\Denna\\Admin - Manage Test - Pretest and Posttest - Edit (with verify)\\20200615_123146\\1592199230643.png, D:\\MY WORLD\\WORKS (TUGAS)\\LearningManagementWeb\\Reports\\20200615_123146\\Denna\\Admin - Manage Test - Pretest and Posttest - Edit (with verify)\\20200615_123146\\1592199231029.png, D:\\MY WORLD\\WORKS (TUGAS)\\LearningManagementWeb\\Reports\\20200615_123146\\Denna\\Admin - Manage Test - Pretest and Posttest - Edit (with verify)\\20200615_123146\\1592199343358.png, D:\\MY WORLD\\WORKS (TUGAS)\\LearningManagementWeb\\Reports\\20200615_123146\\Denna\\Admin - Manage Test - Pretest and Posttest - Edit (with verify)\\20200615_123146\\1592199343727.png, D:\\MY WORLD\\WORKS (TUGAS)\\LearningManagementWeb\\Reports\\20200615_123146\\Denna\\Admin - Manage Test - Pretest and Posttest - Edit (with verify)\\20200615_123146\\1592199404363.png, D:\\MY WORLD\\WORKS (TUGAS)\\LearningManagementWeb\\Reports\\20200615_123146\\Denna\\Admin - Manage Test - Pretest and Posttest - Edit (with verify)\\20200615_123146\\1592199755851.png, D:\\MY WORLD\\WORKS (TUGAS)\\LearningManagementWeb\\Reports\\20200615_123146\\Denna\\Admin - Manage Test - Pretest and Posttest - Edit (with verify)\\20200615_123146\\1592200020501.png, D:\\MY WORLD\\WORKS (TUGAS)\\LearningManagementWeb\\Reports\\20200615_123146\\Denna\\Admin - Manage Test - Pretest and Posttest - Edit (with verify)\\20200615_123146\\1592200250554.png"/>
         <property name="hostName" value="rizkajuliant20 - DESKTOP-NHES7H6"/>
         <property name="os" value="Windows 10 64bit"/>
         <property name="katalonVersion" value="7.2.1.1"/>
         <property name="browser" value="Chrome 83.0.4103.97"/>
         <property name="hostAddress" value="192.168.1.116"/>
         <property name="sessionId" value="cba6f6b977ff81e37973f2d9aed8a663"/>
         <property name="seleniumVersion" value="3.141.59"/>
         <property name="proxyInformation" value="ProxyInformation{proxyOption=NO_PROXY, proxyServerType=HTTP, password=, proxyServerAddress=, proxyServerPort=0, executionList=}"/>
         <property name="platform" value="Windows 10"/>
      </properties>
      <testcase name="Test Cases/Denna/Admin - Manage Test - Pretest and Posttest - Edit2" time="113.331" classname="Test Cases/Denna/Admin - Manage Test - Pretest and Posttest - Edit2" status="FAILED">
         <failure type="FAILED" message="Test Cases/Denna/Admin - Manage Test - Pretest and Posttest - Edit2 FAILED.
Reason:
com.kms.katalon.core.exception.StepFailedException: Unable to verify option is present by label 'SALES HEAD' in object 'Object Repository/Denna/Admin - Manage Test - Pretest and Posttest - Edit new/select job position verif' 
	at com.kms.katalon.core.webui.keyword.internal.WebUIKeywordMain.stepFailed(WebUIKeywordMain.groovy:64)
	at com.kms.katalon.core.webui.keyword.internal.WebUIKeywordMain.runKeyword(WebUIKeywordMain.groovy:26)
	at com.kms.katalon.core.webui.keyword.builtin.VerifyOptionPresentByLabelKeyword.verifyOptionPresentByLabel(VerifyOptionPresentByLabelKeyword.groovy:102)
	at com.kms.katalon.core.webui.keyword.builtin.VerifyOptionPresentByLabelKeyword.execute(VerifyOptionPresentByLabelKeyword.groovy:70)
	at com.kms.katalon.core.keyword.internal.KeywordExecutor.executeKeywordForPlatform(KeywordExecutor.groovy:72)
	at com.kms.katalon.core.webui.keyword.WebUiBuiltInKeywords.verifyOptionPresentByLabel(WebUiBuiltInKeywords.groovy:1988)
	at com.kms.katalon.core.webui.keyword.WebUiBuiltInKeywords$verifyOptionPresentByLabel$5.call(Unknown Source)
	at Admin - Manage Test - Pretest and Posttest - Edit2.run(Admin - Manage Test - Pretest and Posttest - Edit2:103)
	at com.kms.katalon.core.main.ScriptEngine.run(ScriptEngine.java:194)
	at com.kms.katalon.core.main.ScriptEngine.runScriptAsRawText(ScriptEngine.java:119)
	at com.kms.katalon.core.main.TestCaseExecutor.runScript(TestCaseExecutor.java:337)
	at com.kms.katalon.core.main.TestCaseExecutor.doExecute(TestCaseExecutor.java:328)
	at com.kms.katalon.core.main.TestCaseExecutor.processExecutionPhase(TestCaseExecutor.java:307)
	at com.kms.katalon.core.main.TestCaseExecutor.accessMainPhase(TestCaseExecutor.java:299)
	at com.kms.katalon.core.main.TestCaseExecutor.execute(TestCaseExecutor.java:233)
	at com.kms.katalon.core.main.TestSuiteExecutor.accessTestCaseMainPhase(TestSuiteExecutor.java:169)
	at com.kms.katalon.core.main.TestSuiteExecutor.accessTestSuiteMainPhase(TestSuiteExecutor.java:142)
	at com.kms.katalon.core.main.TestSuiteExecutor.execute(TestSuiteExecutor.java:91)
	at com.kms.katalon.core.main.TestCaseMain.startTestSuite(TestCaseMain.java:157)
	at com.kms.katalon.core.main.TestCaseMain$startTestSuite$0.call(Unknown Source)
	at TempTestSuite1592199106572.run(TempTestSuite1592199106572.groovy:36)
Caused by: com.kms.katalon.core.exception.StepFailedException: There is no option with label 'SALES HEAD' present in object 'Object Repository/Denna/Admin - Manage Test - Pretest and Posttest - Edit new/select job position verif' 
	at com.kms.katalon.core.webui.keyword.internal.WebUIKeywordMain.stepFailed(WebUIKeywordMain.groovy:64)
	at com.kms.katalon.core.webui.keyword.builtin.VerifyOptionPresentByLabelKeyword$_verifyOptionPresentByLabel_closure1.doCall(VerifyOptionPresentByLabelKeyword.groovy:91)
	at com.kms.katalon.core.webui.keyword.builtin.VerifyOptionPresentByLabelKeyword$_verifyOptionPresentByLabel_closure1.call(VerifyOptionPresentByLabelKeyword.groovy)
	at com.kms.katalon.core.webui.keyword.internal.WebUIKeywordMain.runKeyword(WebUIKeywordMain.groovy:20)
	... 19 more
"/>
         <system-out><![CDATA[2020-06-15 12:31:58 - [TEST_CASE][FAILED] - Test Cases/Denna/Admin - Manage Test - Pretest and Posttest - Edit2: Test Cases/Denna/Admin - Manage Test - Pretest and Posttest - Edit2 FAILED.
Reason:
com.kms.katalon.core.exception.StepFailedException: Unable to verify option is present by label 'SALES HEAD' in object 'Object Repository/Denna/Admin - Manage Test - Pretest and Posttest - Edit new/select job position verif' 
	at com.kms.katalon.core.webui.keyword.internal.WebUIKeywordMain.stepFailed(WebUIKeywordMain.groovy:64)
	at com.kms.katalon.core.webui.keyword.internal.WebUIKeywordMain.runKeyword(WebUIKeywordMain.groovy:26)
	at com.kms.katalon.core.webui.keyword.builtin.VerifyOptionPresentByLabelKeyword.verifyOptionPresentByLabel(VerifyOptionPresentByLabelKeyword.groovy:102)
	at com.kms.katalon.core.webui.keyword.builtin.VerifyOptionPresentByLabelKeyword.execute(VerifyOptionPresentByLabelKeyword.groovy:70)
	at com.kms.katalon.core.keyword.internal.KeywordExecutor.executeKeywordForPlatform(KeywordExecutor.groovy:72)
	at com.kms.katalon.core.webui.keyword.WebUiBuiltInKeywords.verifyOptionPresentByLabel(WebUiBuiltInKeywords.groovy:1988)
	at com.kms.katalon.core.webui.keyword.WebUiBuiltInKeywords$verifyOptionPresentByLabel$5.call(Unknown Source)
	at Admin - Manage Test - Pretest and Posttest - Edit2.run(Admin - Manage Test - Pretest and Posttest - Edit2:103)
	at com.kms.katalon.core.main.ScriptEngine.run(ScriptEngine.java:194)
	at com.kms.katalon.core.main.ScriptEngine.runScriptAsRawText(ScriptEngine.java:119)
	at com.kms.katalon.core.main.TestCaseExecutor.runScript(TestCaseExecutor.java:337)
	at com.kms.katalon.core.main.TestCaseExecutor.doExecute(TestCaseExecutor.java:328)
	at com.kms.katalon.core.main.TestCaseExecutor.processExecutionPhase(TestCaseExecutor.java:307)
	at com.kms.katalon.core.main.TestCaseExecutor.accessMainPhase(TestCaseExecutor.java:299)
	at com.kms.katalon.core.main.TestCaseExecutor.execute(TestCaseExecutor.java:233)
	at com.kms.katalon.core.main.TestSuiteExecutor.accessTestCaseMainPhase(TestSuiteExecutor.java:169)
	at com.kms.katalon.core.main.TestSuiteExecutor.accessTestSuiteMainPhase(TestSuiteExecutor.java:142)
	at com.kms.katalon.core.main.TestSuiteExecutor.execute(TestSuiteExecutor.java:91)
	at com.kms.katalon.core.main.TestCaseMain.startTestSuite(TestCaseMain.java:157)
	at com.kms.katalon.core.main.TestCaseMain$startTestSuite$0.call(Unknown Source)
	at TempTestSuite1592199106572.run(TempTestSuite1592199106572.groovy:36)
Caused by: com.kms.katalon.core.exception.StepFailedException: There is no option with label 'SALES HEAD' present in object 'Object Repository/Denna/Admin - Manage Test - Pretest and Posttest - Edit new/select job position verif' 
	at com.kms.katalon.core.webui.keyword.internal.WebUIKeywordMain.stepFailed(WebUIKeywordMain.groovy:64)
	at com.kms.katalon.core.webui.keyword.builtin.VerifyOptionPresentByLabelKeyword$_verifyOptionPresentByLabel_closure1.doCall(VerifyOptionPresentByLabelKeyword.groovy:91)
	at com.kms.katalon.core.webui.keyword.builtin.VerifyOptionPresentByLabelKeyword$_verifyOptionPresentByLabel_closure1.call(VerifyOptionPresentByLabelKeyword.groovy)
	at com.kms.katalon.core.webui.keyword.internal.WebUIKeywordMain.runKeyword(WebUIKeywordMain.groovy:20)
	... 19 more


2020-06-15 12:31:59 - [TEST_STEP][PASSED] - callTestCase(findTestCase("Denna/Login(Admin)"), [:], STOP_ON_FAILURE): Call Test Case 'Test Cases/Denna/Login(Admin)' successfully

2020-06-15 12:32:00 - [TEST_CASE][PASSED] - Test Cases/Denna/Login(Admin): Test Cases/Denna/Login(Admin)

2020-06-15 12:32:00 - [TEST_STEP][PASSED] - openBrowser("https://appsrv1.deltadatamandiri.com/ACC_LMS_WEB/#/admNLmn"): Browser is opened with url: 'https://appsrv1.deltadatamandiri.com/ACC_LMS_WEB/#/admNLmn'

2020-06-15 12:32:01 - [MESSAGE][INFO] - Starting 'Chrome' driver

2020-06-15 12:32:01 - [MESSAGE][INFO] - Action delay is set to 0 seconds

2020-06-15 12:32:27 - [MESSAGE][PASSED] - Browser is opened with url: 'https://appsrv1.deltadatamandiri.com/ACC_LMS_WEB/#/admNLmn'

2020-06-15 12:32:27 - [TEST_STEP][PASSED] - maximizeWindow(): Current window maximized

2020-06-15 12:32:28 - [MESSAGE][PASSED] - Current window maximized

2020-06-15 12:32:28 - [TEST_STEP][PASSED] - click(findTestObject("Object Repository/Denna/Admin - Login/button login")): Object: 'Object Repository/Denna/Admin - Login/button login' is clicked on

2020-06-15 12:32:31 - [MESSAGE][PASSED] - Object: 'Object Repository/Denna/Admin - Login/button login' is clicked on

2020-06-15 12:32:31 - [TEST_STEP][PASSED] - setText(findTestObject("Object Repository/Denna/Admin - Login/input_NPK_username"), "11666"): Text '11666' is set on object 'Object Repository/Denna/Admin - Login/input_NPK_username'

2020-06-15 12:32:33 - [MESSAGE][PASSED] - Text '11666' is set on object 'Object Repository/Denna/Admin - Login/input_NPK_username'

2020-06-15 12:32:33 - [TEST_STEP][PASSED] - setText(findTestObject("Object Repository/Denna/Admin - Login/input_Password_password"), "Password3"): Text 'Password3' is set on object 'Object Repository/Denna/Admin - Login/input_Password_password'

2020-06-15 12:32:34 - [MESSAGE][PASSED] - Text 'Password3' is set on object 'Object Repository/Denna/Admin - Login/input_Password_password'

2020-06-15 12:32:34 - [TEST_STEP][PASSED] - click(findTestObject("Denna/Admin - Login/button login1")): Object: 'Object Repository/Denna/Admin - Login/button login1' is clicked on

2020-06-15 12:32:34 - [MESSAGE][PASSED] - Object: 'Object Repository/Denna/Admin - Login/button login1' is clicked on

2020-06-15 12:32:34 - [MESSAGE][PASSED] - Call Test Case 'Test Cases/Denna/Login(Admin)' successfully

2020-06-15 12:32:34 - [TEST_STEP][PASSED] - click(findTestObject("Denna/Admin - Manage Test - Pretest and Posttest - Edit new/button_Test Management")): Object: 'Object Repository/Denna/Admin - Manage Test - Pretest and Posttest - Edit new/button_Test Management' is clicked on

2020-06-15 12:32:41 - [MESSAGE][PASSED] - Object: 'Object Repository/Denna/Admin - Manage Test - Pretest and Posttest - Edit new/button_Test Management' is clicked on

2020-06-15 12:32:41 - [TEST_STEP][PASSED] - click(findTestObject("Denna/Admin - Manage Test - Pretest and Posttest - Edit new/span_Pre-Test  Post-Test")): Object: 'Object Repository/Denna/Admin - Manage Test - Pretest and Posttest - Edit new/span_Pre-Test  Post-Test' is clicked on

2020-06-15 12:32:41 - [MESSAGE][PASSED] - Object: 'Object Repository/Denna/Admin - Manage Test - Pretest and Posttest - Edit new/span_Pre-Test  Post-Test' is clicked on

2020-06-15 12:32:41 - [TEST_STEP][PASSED] - delay(2): Delayed 2 second(s)

2020-06-15 12:32:43 - [MESSAGE][PASSED] - Delayed 2 second(s)

2020-06-15 12:32:43 - [TEST_STEP][PASSED] - click(findTestObject("Object Repository/Denna/Admin - Manage Test - Pretest and Posttest - Edit2/button EditOrDelete")): Object: 'Object Repository/Denna/Admin - Manage Test - Pretest and Posttest - Edit2/button EditOrDelete' is clicked on

2020-06-15 12:32:58 - [MESSAGE][PASSED] - Object: 'Object Repository/Denna/Admin - Manage Test - Pretest and Posttest - Edit2/button EditOrDelete' is clicked on

2020-06-15 12:32:58 - [TEST_STEP][PASSED] - click(findTestObject("Denna/Admin - Manage Test - Pretest and Posttest - Edit2/button Edit")): Object: 'Object Repository/Denna/Admin - Manage Test - Pretest and Posttest - Edit2/button Edit' is clicked on

2020-06-15 12:32:59 - [MESSAGE][PASSED] - Object: 'Object Repository/Denna/Admin - Manage Test - Pretest and Posttest - Edit2/button Edit' is clicked on

2020-06-15 12:32:59 - [TEST_STEP][PASSED] - delay(4): Delayed 4 second(s)

2020-06-15 12:33:03 - [MESSAGE][PASSED] - Delayed 4 second(s)

2020-06-15 12:33:03 - [TEST_STEP][PASSED] - selectOptionByLabel(findTestObject("Denna/Admin - Manage Test - Pretest and Posttest - Edit new/select category"), category, true): All options with label 'Pre-Test' are selected in object 'Object Repository/Denna/Admin - Manage Test - Pretest and Posttest - Edit new/select category'  using regular expression

2020-06-15 12:33:08 - [MESSAGE][PASSED] - All options with label 'Pre-Test' are selected in object 'Object Repository/Denna/Admin - Manage Test - Pretest and Posttest - Edit new/select category'  using regular expression

2020-06-15 12:33:08 - [TEST_STEP][PASSED] - selectOptionByLabel(findTestObject("Denna/Admin - Manage Test - Pretest and Posttest - Edit new/select tipe soal"), tipeSoal, true): All options with label 'Uraian' are selected in object 'Object Repository/Denna/Admin - Manage Test - Pretest and Posttest - Edit new/select tipe soal'  using regular expression

2020-06-15 12:33:09 - [MESSAGE][PASSED] - All options with label 'Uraian' are selected in object 'Object Repository/Denna/Admin - Manage Test - Pretest and Posttest - Edit new/select tipe soal'  using regular expression

2020-06-15 12:33:09 - [TEST_STEP][PASSED] - selectOptionByLabel(findTestObject("Denna/Admin - Manage Test - Pretest and Posttest - Edit new/select job function"), jobFunction, true): All options with label 'SALES' are selected in object 'Object Repository/Denna/Admin - Manage Test - Pretest and Posttest - Edit new/select job function'  using regular expression

2020-06-15 12:33:11 - [MESSAGE][PASSED] - All options with label 'SALES' are selected in object 'Object Repository/Denna/Admin - Manage Test - Pretest and Posttest - Edit new/select job function'  using regular expression

2020-06-15 12:33:11 - [TEST_STEP][PASSED] - selectOptionByLabel(findTestObject("Denna/Admin - Manage Test - Pretest and Posttest - Edit new/select job position"), jobPosition, true): All options with label 'SALES HEAD' are selected in object 'Object Repository/Denna/Admin - Manage Test - Pretest and Posttest - Edit new/select job position'  using regular expression

2020-06-15 12:33:14 - [MESSAGE][PASSED] - All options with label 'SALES HEAD' are selected in object 'Object Repository/Denna/Admin - Manage Test - Pretest and Posttest - Edit new/select job position'  using regular expression

2020-06-15 12:33:14 - [TEST_STEP][PASSED] - selectOptionByLabel(findTestObject("Denna/Admin - Manage Test - Pretest and Posttest - Edit new/select module"), module, true): All options with label 'NEOP ARHO' are selected in object 'Object Repository/Denna/Admin - Manage Test - Pretest and Posttest - Edit new/select module'  using regular expression

2020-06-15 12:33:16 - [MESSAGE][PASSED] - All options with label 'NEOP ARHO' are selected in object 'Object Repository/Denna/Admin - Manage Test - Pretest and Posttest - Edit new/select module'  using regular expression

2020-06-15 12:33:16 - [TEST_STEP][PASSED] - setText(findTestObject("Denna/Admin - Manage Test - Pretest and Posttest - Edit new/input Technical Competence"), technicalCompentence): Text 'technical' is set on object 'Object Repository/Denna/Admin - Manage Test - Pretest and Posttest - Edit new/input Technical Competence'

2020-06-15 12:33:16 - [MESSAGE][PASSED] - Text 'technical' is set on object 'Object Repository/Denna/Admin - Manage Test - Pretest and Posttest - Edit new/input Technical Competence'

2020-06-15 12:33:16 - [TEST_STEP][PASSED] - setText(findTestObject("Denna/Admin - Manage Test - Pretest and Posttest - Edit new/input Level Competence"), levelCompetence): Text 'level' is set on object 'Object Repository/Denna/Admin - Manage Test - Pretest and Posttest - Edit new/input Level Competence'

2020-06-15 12:33:17 - [MESSAGE][PASSED] - Text 'level' is set on object 'Object Repository/Denna/Admin - Manage Test - Pretest and Posttest - Edit new/input Level Competence'

2020-06-15 12:33:17 - [TEST_STEP][PASSED] - setText(findTestObject("Denna/Admin - Manage Test - Pretest and Posttest - Edit new/textarea Soal"), soal): Text 'ini soal' is set on object 'Object Repository/Denna/Admin - Manage Test - Pretest and Posttest - Edit new/textarea Soal'

2020-06-15 12:33:18 - [MESSAGE][PASSED] - Text 'ini soal' is set on object 'Object Repository/Denna/Admin - Manage Test - Pretest and Posttest - Edit new/textarea Soal'

2020-06-15 12:33:18 - [TEST_STEP][PASSED] - if (tipeSoal == "Pilihan Ganda"): null

2020-06-15 12:33:18 - [TEST_STEP][PASSED] - else if (tipeSoal == "Uraian"): Text 'ini jawaban' is set on object 'Object Repository/Denna/Admin - Manage Test - Pretest and Posttest - Edit new/textarea Kunci Jawaban Uraian'

2020-06-15 12:33:18 - [TEST_STEP][PASSED] - setText(findTestObject("Denna/Admin - Manage Test - Pretest and Posttest - Edit new/textarea Kunci Jawaban Uraian"), jawabanUraian): Text 'ini jawaban' is set on object 'Object Repository/Denna/Admin - Manage Test - Pretest and Posttest - Edit new/textarea Kunci Jawaban Uraian'

2020-06-15 12:33:18 - [MESSAGE][PASSED] - Text 'ini jawaban' is set on object 'Object Repository/Denna/Admin - Manage Test - Pretest and Posttest - Edit new/textarea Kunci Jawaban Uraian'

2020-06-15 12:33:18 - [TEST_STEP][PASSED] - click(findTestObject("Denna/Admin - Manage Test - Pretest and Posttest - Edit new/button Submit")): Object: 'Object Repository/Denna/Admin - Manage Test - Pretest and Posttest - Edit new/button Submit' is clicked on

2020-06-15 12:33:19 - [MESSAGE][PASSED] - Object: 'Object Repository/Denna/Admin - Manage Test - Pretest and Posttest - Edit new/button Submit' is clicked on

2020-06-15 12:33:19 - [TEST_STEP][FAILED] - switch (kondisi): Unable to verify option is present by label 'SALES HEAD' in object 'Object Repository/Denna/Admin - Manage Test - Pretest and Posttest - Edit new/select job position verif'  (Root cause: com.kms.katalon.core.exception.StepFailedException: Unable to verify option is present by label 'SALES HEAD' in object 'Object Repository/Denna/Admin - Manage Test - Pretest and Posttest - Edit new/select job position verif' 
	at com.kms.katalon.core.webui.keyword.internal.WebUIKeywordMain.stepFailed(WebUIKeywordMain.groovy:64)
	at com.kms.katalon.core.webui.keyword.internal.WebUIKeywordMain.runKeyword(WebUIKeywordMain.groovy:26)
	at com.kms.katalon.core.webui.keyword.builtin.VerifyOptionPresentByLabelKeyword.verifyOptionPresentByLabel(VerifyOptionPresentByLabelKeyword.groovy:102)
	at com.kms.katalon.core.webui.keyword.builtin.VerifyOptionPresentByLabelKeyword.execute(VerifyOptionPresentByLabelKeyword.groovy:70)
	at com.kms.katalon.core.keyword.internal.KeywordExecutor.executeKeywordForPlatform(KeywordExecutor.groovy:72)
	at com.kms.katalon.core.webui.keyword.WebUiBuiltInKeywords.verifyOptionPresentByLabel(WebUiBuiltInKeywords.groovy:1988)
	at com.kms.katalon.core.webui.keyword.WebUiBuiltInKeywords$verifyOptionPresentByLabel$5.call(Unknown Source)
	at Admin - Manage Test - Pretest and Posttest - Edit2.run(Admin - Manage Test - Pretest and Posttest - Edit2:103)
	at com.kms.katalon.core.main.ScriptEngine.run(ScriptEngine.java:194)
	at com.kms.katalon.core.main.ScriptEngine.runScriptAsRawText(ScriptEngine.java:119)
	at com.kms.katalon.core.main.TestCaseExecutor.runScript(TestCaseExecutor.java:337)
	at com.kms.katalon.core.main.TestCaseExecutor.doExecute(TestCaseExecutor.java:328)
	at com.kms.katalon.core.main.TestCaseExecutor.processExecutionPhase(TestCaseExecutor.java:307)
	at com.kms.katalon.core.main.TestCaseExecutor.accessMainPhase(TestCaseExecutor.java:299)
	at com.kms.katalon.core.main.TestCaseExecutor.execute(TestCaseExecutor.java:233)
	at com.kms.katalon.core.main.TestSuiteExecutor.accessTestCaseMainPhase(TestSuiteExecutor.java:169)
	at com.kms.katalon.core.main.TestSuiteExecutor.accessTestSuiteMainPhase(TestSuiteExecutor.java:142)
	at com.kms.katalon.core.main.TestSuiteExecutor.execute(TestSuiteExecutor.java:91)
	at com.kms.katalon.core.main.TestCaseMain.startTestSuite(TestCaseMain.java:157)
	at com.kms.katalon.core.main.TestCaseMain$startTestSuite$0.call(Unknown Source)
	at TempTestSuite1592199106572.run(TempTestSuite1592199106572.groovy:36)
Caused by: com.kms.katalon.core.exception.StepFailedException: There is no option with label 'SALES HEAD' present in object 'Object Repository/Denna/Admin - Manage Test - Pretest and Posttest - Edit new/select job position verif' 
	at com.kms.katalon.core.webui.keyword.internal.WebUIKeywordMain.stepFailed(WebUIKeywordMain.groovy:64)
	at com.kms.katalon.core.webui.keyword.builtin.VerifyOptionPresentByLabelKeyword$_verifyOptionPresentByLabel_closure1.doCall(VerifyOptionPresentByLabelKeyword.groovy:91)
	at com.kms.katalon.core.webui.keyword.builtin.VerifyOptionPresentByLabelKeyword$_verifyOptionPresentByLabel_closure1.call(VerifyOptionPresentByLabelKeyword.groovy)
	at com.kms.katalon.core.webui.keyword.internal.WebUIKeywordMain.runKeyword(WebUIKeywordMain.groovy:20)
	... 19 more
)

2020-06-15 12:33:19 - [TEST_STEP][FAILED] - case "pass":: Unable to verify option is present by label 'SALES HEAD' in object 'Object Repository/Denna/Admin - Manage Test - Pretest and Posttest - Edit new/select job position verif'  (Root cause: com.kms.katalon.core.exception.StepFailedException: Unable to verify option is present by label 'SALES HEAD' in object 'Object Repository/Denna/Admin - Manage Test - Pretest and Posttest - Edit new/select job position verif' 
	at com.kms.katalon.core.webui.keyword.internal.WebUIKeywordMain.stepFailed(WebUIKeywordMain.groovy:64)
	at com.kms.katalon.core.webui.keyword.internal.WebUIKeywordMain.runKeyword(WebUIKeywordMain.groovy:26)
	at com.kms.katalon.core.webui.keyword.builtin.VerifyOptionPresentByLabelKeyword.verifyOptionPresentByLabel(VerifyOptionPresentByLabelKeyword.groovy:102)
	at com.kms.katalon.core.webui.keyword.builtin.VerifyOptionPresentByLabelKeyword.execute(VerifyOptionPresentByLabelKeyword.groovy:70)
	at com.kms.katalon.core.keyword.internal.KeywordExecutor.executeKeywordForPlatform(KeywordExecutor.groovy:72)
	at com.kms.katalon.core.webui.keyword.WebUiBuiltInKeywords.verifyOptionPresentByLabel(WebUiBuiltInKeywords.groovy:1988)
	at com.kms.katalon.core.webui.keyword.WebUiBuiltInKeywords$verifyOptionPresentByLabel$5.call(Unknown Source)
	at Admin - Manage Test - Pretest and Posttest - Edit2.run(Admin - Manage Test - Pretest and Posttest - Edit2:103)
	at com.kms.katalon.core.main.ScriptEngine.run(ScriptEngine.java:194)
	at com.kms.katalon.core.main.ScriptEngine.runScriptAsRawText(ScriptEngine.java:119)
	at com.kms.katalon.core.main.TestCaseExecutor.runScript(TestCaseExecutor.java:337)
	at com.kms.katalon.core.main.TestCaseExecutor.doExecute(TestCaseExecutor.java:328)
	at com.kms.katalon.core.main.TestCaseExecutor.processExecutionPhase(TestCaseExecutor.java:307)
	at com.kms.katalon.core.main.TestCaseExecutor.accessMainPhase(TestCaseExecutor.java:299)
	at com.kms.katalon.core.main.TestCaseExecutor.execute(TestCaseExecutor.java:233)
	at com.kms.katalon.core.main.TestSuiteExecutor.accessTestCaseMainPhase(TestSuiteExecutor.java:169)
	at com.kms.katalon.core.main.TestSuiteExecutor.accessTestSuiteMainPhase(TestSuiteExecutor.java:142)
	at com.kms.katalon.core.main.TestSuiteExecutor.execute(TestSuiteExecutor.java:91)
	at com.kms.katalon.core.main.TestCaseMain.startTestSuite(TestCaseMain.java:157)
	at com.kms.katalon.core.main.TestCaseMain$startTestSuite$0.call(Unknown Source)
	at TempTestSuite1592199106572.run(TempTestSuite1592199106572.groovy:36)
Caused by: com.kms.katalon.core.exception.StepFailedException: There is no option with label 'SALES HEAD' present in object 'Object Repository/Denna/Admin - Manage Test - Pretest and Posttest - Edit new/select job position verif' 
	at com.kms.katalon.core.webui.keyword.internal.WebUIKeywordMain.stepFailed(WebUIKeywordMain.groovy:64)
	at com.kms.katalon.core.webui.keyword.builtin.VerifyOptionPresentByLabelKeyword$_verifyOptionPresentByLabel_closure1.doCall(VerifyOptionPresentByLabelKeyword.groovy:91)
	at com.kms.katalon.core.webui.keyword.builtin.VerifyOptionPresentByLabelKeyword$_verifyOptionPresentByLabel_closure1.call(VerifyOptionPresentByLabelKeyword.groovy)
	at com.kms.katalon.core.webui.keyword.internal.WebUIKeywordMain.runKeyword(WebUIKeywordMain.groovy:20)
	... 19 more
)

2020-06-15 12:33:19 - [TEST_STEP][PASSED] - verifyElementVisible(findTestObject("Denna/Admin - Manage Test - Pretest and Posttest - Edit new/label Edit Test Success")): Object 'Object Repository/Denna/Admin - Manage Test - Pretest and Posttest - Edit new/label Edit Test Success' is visible

2020-06-15 12:33:26 - [MESSAGE][PASSED] - Object 'Object Repository/Denna/Admin - Manage Test - Pretest and Posttest - Edit new/label Edit Test Success' is visible

2020-06-15 12:33:26 - [TEST_STEP][PASSED] - delay(2): Delayed 2 second(s)

2020-06-15 12:33:28 - [MESSAGE][PASSED] - Delayed 2 second(s)

2020-06-15 12:33:28 - [TEST_STEP][PASSED] - click(findTestObject("Object Repository/Denna/Admin - Manage Test - Pretest and Posttest - Edit2/button EditOrDelete")): Object: 'Object Repository/Denna/Admin - Manage Test - Pretest and Posttest - Edit2/button EditOrDelete' is clicked on

2020-06-15 12:33:39 - [MESSAGE][PASSED] - Object: 'Object Repository/Denna/Admin - Manage Test - Pretest and Posttest - Edit2/button EditOrDelete' is clicked on

2020-06-15 12:33:39 - [TEST_STEP][PASSED] - click(findTestObject("Denna/Admin - Manage Test - Pretest and Posttest - Edit2/button Edit")): Object: 'Object Repository/Denna/Admin - Manage Test - Pretest and Posttest - Edit2/button Edit' is clicked on

2020-06-15 12:33:40 - [MESSAGE][PASSED] - Object: 'Object Repository/Denna/Admin - Manage Test - Pretest and Posttest - Edit2/button Edit' is clicked on

2020-06-15 12:33:40 - [TEST_STEP][PASSED] - delay(3): Delayed 3 second(s)

2020-06-15 12:33:43 - [MESSAGE][PASSED] - Delayed 3 second(s)

2020-06-15 12:33:43 - [TEST_STEP][PASSED] - verifyOptionPresentByLabel(findTestObject("Denna/Admin - Manage Test - Pretest and Posttest - Edit new/select category verif"), category, false, 0): 1 option(s) with label 'Pre-Test' is/are present in object 'Object Repository/Denna/Admin - Manage Test - Pretest and Posttest - Edit new/select category verif' 

2020-06-15 12:33:43 - [MESSAGE][WARNING] - Timeout '0' is invalid. Using default page load timeout: '30'

2020-06-15 12:33:48 - [MESSAGE][PASSED] - 1 option(s) with label 'Pre-Test' is/are present in object 'Object Repository/Denna/Admin - Manage Test - Pretest and Posttest - Edit new/select category verif' 

2020-06-15 12:33:48 - [TEST_STEP][PASSED] - verifyOptionPresentByLabel(findTestObject("Denna/Admin - Manage Test - Pretest and Posttest - Edit new/select tipe soal verif"), tipeSoal, false, 0): 1 option(s) with label 'Uraian' is/are present in object 'Object Repository/Denna/Admin - Manage Test - Pretest and Posttest - Edit new/select tipe soal verif' 

2020-06-15 12:33:48 - [MESSAGE][WARNING] - Timeout '0' is invalid. Using default page load timeout: '30'

2020-06-15 12:33:48 - [MESSAGE][PASSED] - 1 option(s) with label 'Uraian' is/are present in object 'Object Repository/Denna/Admin - Manage Test - Pretest and Posttest - Edit new/select tipe soal verif' 

2020-06-15 12:33:48 - [TEST_STEP][PASSED] - verifyOptionPresentByLabel(findTestObject("Denna/Admin - Manage Test - Pretest and Posttest - Edit new/select job function verif"), jobFunction, false, 0): 1 option(s) with label 'SALES' is/are present in object 'Object Repository/Denna/Admin - Manage Test - Pretest and Posttest - Edit new/select job function verif' 

2020-06-15 12:33:49 - [MESSAGE][WARNING] - Timeout '0' is invalid. Using default page load timeout: '30'

2020-06-15 12:33:49 - [MESSAGE][PASSED] - 1 option(s) with label 'SALES' is/are present in object 'Object Repository/Denna/Admin - Manage Test - Pretest and Posttest - Edit new/select job function verif' 

2020-06-15 12:33:49 - [TEST_STEP][FAILED] - verifyOptionPresentByLabel(findTestObject("Denna/Admin - Manage Test - Pretest and Posttest - Edit new/select job position verif"), jobPosition, false, 0): Unable to verify option is present by label 'SALES HEAD' in object 'Object Repository/Denna/Admin - Manage Test - Pretest and Posttest - Edit new/select job position verif'  (Root cause: com.kms.katalon.core.exception.StepFailedException: Unable to verify option is present by label 'SALES HEAD' in object 'Object Repository/Denna/Admin - Manage Test - Pretest and Posttest - Edit new/select job position verif' 
	at com.kms.katalon.core.webui.keyword.internal.WebUIKeywordMain.stepFailed(WebUIKeywordMain.groovy:64)
	at com.kms.katalon.core.webui.keyword.internal.WebUIKeywordMain.runKeyword(WebUIKeywordMain.groovy:26)
	at com.kms.katalon.core.webui.keyword.builtin.VerifyOptionPresentByLabelKeyword.verifyOptionPresentByLabel(VerifyOptionPresentByLabelKeyword.groovy:102)
	at com.kms.katalon.core.webui.keyword.builtin.VerifyOptionPresentByLabelKeyword.execute(VerifyOptionPresentByLabelKeyword.groovy:70)
	at com.kms.katalon.core.keyword.internal.KeywordExecutor.executeKeywordForPlatform(KeywordExecutor.groovy:72)
	at com.kms.katalon.core.webui.keyword.WebUiBuiltInKeywords.verifyOptionPresentByLabel(WebUiBuiltInKeywords.groovy:1988)
	at com.kms.katalon.core.webui.keyword.WebUiBuiltInKeywords$verifyOptionPresentByLabel$5.call(Unknown Source)
	at Admin - Manage Test - Pretest and Posttest - Edit2.run(Admin - Manage Test - Pretest and Posttest - Edit2:103)
	at com.kms.katalon.core.main.ScriptEngine.run(ScriptEngine.java:194)
	at com.kms.katalon.core.main.ScriptEngine.runScriptAsRawText(ScriptEngine.java:119)
	at com.kms.katalon.core.main.TestCaseExecutor.runScript(TestCaseExecutor.java:337)
	at com.kms.katalon.core.main.TestCaseExecutor.doExecute(TestCaseExecutor.java:328)
	at com.kms.katalon.core.main.TestCaseExecutor.processExecutionPhase(TestCaseExecutor.java:307)
	at com.kms.katalon.core.main.TestCaseExecutor.accessMainPhase(TestCaseExecutor.java:299)
	at com.kms.katalon.core.main.TestCaseExecutor.execute(TestCaseExecutor.java:233)
	at com.kms.katalon.core.main.TestSuiteExecutor.accessTestCaseMainPhase(TestSuiteExecutor.java:169)
	at com.kms.katalon.core.main.TestSuiteExecutor.accessTestSuiteMainPhase(TestSuiteExecutor.java:142)
	at com.kms.katalon.core.main.TestSuiteExecutor.execute(TestSuiteExecutor.java:91)
	at com.kms.katalon.core.main.TestCaseMain.startTestSuite(TestCaseMain.java:157)
	at com.kms.katalon.core.main.TestCaseMain$startTestSuite$0.call(Unknown Source)
	at TempTestSuite1592199106572.run(TempTestSuite1592199106572.groovy:36)
Caused by: com.kms.katalon.core.exception.StepFailedException: There is no option with label 'SALES HEAD' present in object 'Object Repository/Denna/Admin - Manage Test - Pretest and Posttest - Edit new/select job position verif' 
	at com.kms.katalon.core.webui.keyword.internal.WebUIKeywordMain.stepFailed(WebUIKeywordMain.groovy:64)
	at com.kms.katalon.core.webui.keyword.builtin.VerifyOptionPresentByLabelKeyword$_verifyOptionPresentByLabel_closure1.doCall(VerifyOptionPresentByLabelKeyword.groovy:91)
	at com.kms.katalon.core.webui.keyword.builtin.VerifyOptionPresentByLabelKeyword$_verifyOptionPresentByLabel_closure1.call(VerifyOptionPresentByLabelKeyword.groovy)
	at com.kms.katalon.core.webui.keyword.internal.WebUIKeywordMain.runKeyword(WebUIKeywordMain.groovy:20)
	... 19 more
)

2020-06-15 12:33:49 - [MESSAGE][WARNING] - Timeout '0' is invalid. Using default page load timeout: '30'

2020-06-15 12:33:51 - [MESSAGE][FAILED] - There is no option with label 'SALES HEAD' present in object 'Object Repository/Denna/Admin - Manage Test - Pretest and Posttest - Edit new/select job position verif'  (Root cause: com.kms.katalon.core.exception.StepFailedException: There is no option with label 'SALES HEAD' present in object 'Object Repository/Denna/Admin - Manage Test - Pretest and Posttest - Edit new/select job position verif' 
	at com.kms.katalon.core.webui.keyword.internal.WebUIKeywordMain.stepFailed(WebUIKeywordMain.groovy:64)
	at com.kms.katalon.core.webui.keyword.builtin.VerifyOptionPresentByLabelKeyword$_verifyOptionPresentByLabel_closure1.doCall(VerifyOptionPresentByLabelKeyword.groovy:91)
	at com.kms.katalon.core.webui.keyword.builtin.VerifyOptionPresentByLabelKeyword$_verifyOptionPresentByLabel_closure1.call(VerifyOptionPresentByLabelKeyword.groovy)
	at com.kms.katalon.core.webui.keyword.internal.WebUIKeywordMain.runKeyword(WebUIKeywordMain.groovy:20)
	at com.kms.katalon.core.webui.keyword.builtin.VerifyOptionPresentByLabelKeyword.verifyOptionPresentByLabel(VerifyOptionPresentByLabelKeyword.groovy:102)
	at com.kms.katalon.core.webui.keyword.builtin.VerifyOptionPresentByLabelKeyword.execute(VerifyOptionPresentByLabelKeyword.groovy:70)
	at com.kms.katalon.core.keyword.internal.KeywordExecutor.executeKeywordForPlatform(KeywordExecutor.groovy:72)
	at com.kms.katalon.core.webui.keyword.WebUiBuiltInKeywords.verifyOptionPresentByLabel(WebUiBuiltInKeywords.groovy:1988)
	at com.kms.katalon.core.webui.keyword.WebUiBuiltInKeywords$verifyOptionPresentByLabel$5.call(Unknown Source)
	at Admin - Manage Test - Pretest and Posttest - Edit2.run(Admin - Manage Test - Pretest and Posttest - Edit2:103)
	at com.kms.katalon.core.main.ScriptEngine.run(ScriptEngine.java:194)
	at com.kms.katalon.core.main.ScriptEngine.runScriptAsRawText(ScriptEngine.java:119)
	at com.kms.katalon.core.main.TestCaseExecutor.runScript(TestCaseExecutor.java:337)
	at com.kms.katalon.core.main.TestCaseExecutor.doExecute(TestCaseExecutor.java:328)
	at com.kms.katalon.core.main.TestCaseExecutor.processExecutionPhase(TestCaseExecutor.java:307)
	at com.kms.katalon.core.main.TestCaseExecutor.accessMainPhase(TestCaseExecutor.java:299)
	at com.kms.katalon.core.main.TestCaseExecutor.execute(TestCaseExecutor.java:233)
	at com.kms.katalon.core.main.TestSuiteExecutor.accessTestCaseMainPhase(TestSuiteExecutor.java:169)
	at com.kms.katalon.core.main.TestSuiteExecutor.accessTestSuiteMainPhase(TestSuiteExecutor.java:142)
	at com.kms.katalon.core.main.TestSuiteExecutor.execute(TestSuiteExecutor.java:91)
	at com.kms.katalon.core.main.TestCaseMain.startTestSuite(TestCaseMain.java:157)
	at com.kms.katalon.core.main.TestCaseMain$startTestSuite$0.call(Unknown Source)
	at TempTestSuite1592199106572.run(TempTestSuite1592199106572.groovy:36)
)
[[ATTACHMENT|D:\\MY WORLD\\WORKS (TUGAS)\\LearningManagementWeb\\Reports\\20200615_123146\\Denna\\Admin - Manage Test - Pretest and Posttest - Edit (with verify)\\20200615_123146\\1592199230643.png]]

2020-06-15 12:33:51 - [MESSAGE][FAILED] - Unable to verify option is present by label 'SALES HEAD' in object 'Object Repository/Denna/Admin - Manage Test - Pretest and Posttest - Edit new/select job position verif'  (Root cause: com.kms.katalon.core.exception.StepFailedException: Unable to verify option is present by label 'SALES HEAD' in object 'Object Repository/Denna/Admin - Manage Test - Pretest and Posttest - Edit new/select job position verif' 
	at com.kms.katalon.core.webui.keyword.internal.WebUIKeywordMain.stepFailed(WebUIKeywordMain.groovy:64)
	at com.kms.katalon.core.webui.keyword.internal.WebUIKeywordMain.runKeyword(WebUIKeywordMain.groovy:26)
	at com.kms.katalon.core.webui.keyword.builtin.VerifyOptionPresentByLabelKeyword.verifyOptionPresentByLabel(VerifyOptionPresentByLabelKeyword.groovy:102)
	at com.kms.katalon.core.webui.keyword.builtin.VerifyOptionPresentByLabelKeyword.execute(VerifyOptionPresentByLabelKeyword.groovy:70)
	at com.kms.katalon.core.keyword.internal.KeywordExecutor.executeKeywordForPlatform(KeywordExecutor.groovy:72)
	at com.kms.katalon.core.webui.keyword.WebUiBuiltInKeywords.verifyOptionPresentByLabel(WebUiBuiltInKeywords.groovy:1988)
	at com.kms.katalon.core.webui.keyword.WebUiBuiltInKeywords$verifyOptionPresentByLabel$5.call(Unknown Source)
	at Admin - Manage Test - Pretest and Posttest - Edit2.run(Admin - Manage Test - Pretest and Posttest - Edit2:103)
	at com.kms.katalon.core.main.ScriptEngine.run(ScriptEngine.java:194)
	at com.kms.katalon.core.main.ScriptEngine.runScriptAsRawText(ScriptEngine.java:119)
	at com.kms.katalon.core.main.TestCaseExecutor.runScript(TestCaseExecutor.java:337)
	at com.kms.katalon.core.main.TestCaseExecutor.doExecute(TestCaseExecutor.java:328)
	at com.kms.katalon.core.main.TestCaseExecutor.processExecutionPhase(TestCaseExecutor.java:307)
	at com.kms.katalon.core.main.TestCaseExecutor.accessMainPhase(TestCaseExecutor.java:299)
	at com.kms.katalon.core.main.TestCaseExecutor.execute(TestCaseExecutor.java:233)
	at com.kms.katalon.core.main.TestSuiteExecutor.accessTestCaseMainPhase(TestSuiteExecutor.java:169)
	at com.kms.katalon.core.main.TestSuiteExecutor.accessTestSuiteMainPhase(TestSuiteExecutor.java:142)
	at com.kms.katalon.core.main.TestSuiteExecutor.execute(TestSuiteExecutor.java:91)
	at com.kms.katalon.core.main.TestCaseMain.startTestSuite(TestCaseMain.java:157)
	at com.kms.katalon.core.main.TestCaseMain$startTestSuite$0.call(Unknown Source)
	at TempTestSuite1592199106572.run(TempTestSuite1592199106572.groovy:36)
Caused by: com.kms.katalon.core.exception.StepFailedException: There is no option with label 'SALES HEAD' present in object 'Object Repository/Denna/Admin - Manage Test - Pretest and Posttest - Edit new/select job position verif' 
	at com.kms.katalon.core.webui.keyword.internal.WebUIKeywordMain.stepFailed(WebUIKeywordMain.groovy:64)
	at com.kms.katalon.core.webui.keyword.builtin.VerifyOptionPresentByLabelKeyword$_verifyOptionPresentByLabel_closure1.doCall(VerifyOptionPresentByLabelKeyword.groovy:91)
	at com.kms.katalon.core.webui.keyword.builtin.VerifyOptionPresentByLabelKeyword$_verifyOptionPresentByLabel_closure1.call(VerifyOptionPresentByLabelKeyword.groovy)
	at com.kms.katalon.core.webui.keyword.internal.WebUIKeywordMain.runKeyword(WebUIKeywordMain.groovy:20)
	... 19 more
)
[[ATTACHMENT|D:\\MY WORLD\\WORKS (TUGAS)\\LearningManagementWeb\\Reports\\20200615_123146\\Denna\\Admin - Manage Test - Pretest and Posttest - Edit (with verify)\\20200615_123146\\1592199231029.png]]]]></system-out>
         <system-err><![CDATA[2020-06-15 12:31:58 - [TEST_CASE][FAILED] - Test Cases/Denna/Admin - Manage Test - Pretest and Posttest - Edit2: Test Cases/Denna/Admin - Manage Test - Pretest and Posttest - Edit2 FAILED.
Reason:
com.kms.katalon.core.exception.StepFailedException: Unable to verify option is present by label 'SALES HEAD' in object 'Object Repository/Denna/Admin - Manage Test - Pretest and Posttest - Edit new/select job position verif' 
	at com.kms.katalon.core.webui.keyword.internal.WebUIKeywordMain.stepFailed(WebUIKeywordMain.groovy:64)
	at com.kms.katalon.core.webui.keyword.internal.WebUIKeywordMain.runKeyword(WebUIKeywordMain.groovy:26)
	at com.kms.katalon.core.webui.keyword.builtin.VerifyOptionPresentByLabelKeyword.verifyOptionPresentByLabel(VerifyOptionPresentByLabelKeyword.groovy:102)
	at com.kms.katalon.core.webui.keyword.builtin.VerifyOptionPresentByLabelKeyword.execute(VerifyOptionPresentByLabelKeyword.groovy:70)
	at com.kms.katalon.core.keyword.internal.KeywordExecutor.executeKeywordForPlatform(KeywordExecutor.groovy:72)
	at com.kms.katalon.core.webui.keyword.WebUiBuiltInKeywords.verifyOptionPresentByLabel(WebUiBuiltInKeywords.groovy:1988)
	at com.kms.katalon.core.webui.keyword.WebUiBuiltInKeywords$verifyOptionPresentByLabel$5.call(Unknown Source)
	at Admin - Manage Test - Pretest and Posttest - Edit2.run(Admin - Manage Test - Pretest and Posttest - Edit2:103)
	at com.kms.katalon.core.main.ScriptEngine.run(ScriptEngine.java:194)
	at com.kms.katalon.core.main.ScriptEngine.runScriptAsRawText(ScriptEngine.java:119)
	at com.kms.katalon.core.main.TestCaseExecutor.runScript(TestCaseExecutor.java:337)
	at com.kms.katalon.core.main.TestCaseExecutor.doExecute(TestCaseExecutor.java:328)
	at com.kms.katalon.core.main.TestCaseExecutor.processExecutionPhase(TestCaseExecutor.java:307)
	at com.kms.katalon.core.main.TestCaseExecutor.accessMainPhase(TestCaseExecutor.java:299)
	at com.kms.katalon.core.main.TestCaseExecutor.execute(TestCaseExecutor.java:233)
	at com.kms.katalon.core.main.TestSuiteExecutor.accessTestCaseMainPhase(TestSuiteExecutor.java:169)
	at com.kms.katalon.core.main.TestSuiteExecutor.accessTestSuiteMainPhase(TestSuiteExecutor.java:142)
	at com.kms.katalon.core.main.TestSuiteExecutor.execute(TestSuiteExecutor.java:91)
	at com.kms.katalon.core.main.TestCaseMain.startTestSuite(TestCaseMain.java:157)
	at com.kms.katalon.core.main.TestCaseMain$startTestSuite$0.call(Unknown Source)
	at TempTestSuite1592199106572.run(TempTestSuite1592199106572.groovy:36)
Caused by: com.kms.katalon.core.exception.StepFailedException: There is no option with label 'SALES HEAD' present in object 'Object Repository/Denna/Admin - Manage Test - Pretest and Posttest - Edit new/select job position verif' 
	at com.kms.katalon.core.webui.keyword.internal.WebUIKeywordMain.stepFailed(WebUIKeywordMain.groovy:64)
	at com.kms.katalon.core.webui.keyword.builtin.VerifyOptionPresentByLabelKeyword$_verifyOptionPresentByLabel_closure1.doCall(VerifyOptionPresentByLabelKeyword.groovy:91)
	at com.kms.katalon.core.webui.keyword.builtin.VerifyOptionPresentByLabelKeyword$_verifyOptionPresentByLabel_closure1.call(VerifyOptionPresentByLabelKeyword.groovy)
	at com.kms.katalon.core.webui.keyword.internal.WebUIKeywordMain.runKeyword(WebUIKeywordMain.groovy:20)
	... 19 more]]></system-err>
      </testcase>
      <testcase name="Test Cases/Denna/Admin - Manage Test - Pretest and Posttest - Edit2" time="112.296" classname="Test Cases/Denna/Admin - Manage Test - Pretest and Posttest - Edit2" status="FAILED">
         <failure type="FAILED" message="Test Cases/Denna/Admin - Manage Test - Pretest and Posttest - Edit2 FAILED.
Reason:
com.kms.katalon.core.exception.StepFailedException: Unable to verify option is present by label 'GENERAL' in object 'Object Repository/Denna/Admin - Manage Test - Pretest and Posttest - Edit new/select job position verif' 
	at com.kms.katalon.core.webui.keyword.internal.WebUIKeywordMain.stepFailed(WebUIKeywordMain.groovy:64)
	at com.kms.katalon.core.webui.keyword.internal.WebUIKeywordMain.runKeyword(WebUIKeywordMain.groovy:26)
	at com.kms.katalon.core.webui.keyword.builtin.VerifyOptionPresentByLabelKeyword.verifyOptionPresentByLabel(VerifyOptionPresentByLabelKeyword.groovy:102)
	at com.kms.katalon.core.webui.keyword.builtin.VerifyOptionPresentByLabelKeyword.execute(VerifyOptionPresentByLabelKeyword.groovy:70)
	at com.kms.katalon.core.keyword.internal.KeywordExecutor.executeKeywordForPlatform(KeywordExecutor.groovy:72)
	at com.kms.katalon.core.webui.keyword.WebUiBuiltInKeywords.verifyOptionPresentByLabel(WebUiBuiltInKeywords.groovy:1988)
	at com.kms.katalon.core.webui.keyword.WebUiBuiltInKeywords$verifyOptionPresentByLabel$5.call(Unknown Source)
	at Admin - Manage Test - Pretest and Posttest - Edit2.run(Admin - Manage Test - Pretest and Posttest - Edit2:103)
	at com.kms.katalon.core.main.ScriptEngine.run(ScriptEngine.java:194)
	at com.kms.katalon.core.main.ScriptEngine.runScriptAsRawText(ScriptEngine.java:119)
	at com.kms.katalon.core.main.TestCaseExecutor.runScript(TestCaseExecutor.java:337)
	at com.kms.katalon.core.main.TestCaseExecutor.doExecute(TestCaseExecutor.java:328)
	at com.kms.katalon.core.main.TestCaseExecutor.processExecutionPhase(TestCaseExecutor.java:307)
	at com.kms.katalon.core.main.TestCaseExecutor.accessMainPhase(TestCaseExecutor.java:299)
	at com.kms.katalon.core.main.TestCaseExecutor.execute(TestCaseExecutor.java:233)
	at com.kms.katalon.core.main.TestSuiteExecutor.accessTestCaseMainPhase(TestSuiteExecutor.java:169)
	at com.kms.katalon.core.main.TestSuiteExecutor.accessTestSuiteMainPhase(TestSuiteExecutor.java:142)
	at com.kms.katalon.core.main.TestSuiteExecutor.execute(TestSuiteExecutor.java:91)
	at com.kms.katalon.core.main.TestCaseMain.startTestSuite(TestCaseMain.java:157)
	at com.kms.katalon.core.main.TestCaseMain$startTestSuite$0.call(Unknown Source)
	at TempTestSuite1592199106572.run(TempTestSuite1592199106572.groovy:36)
Caused by: com.kms.katalon.core.exception.StepFailedException: There is no option with label 'GENERAL' present in object 'Object Repository/Denna/Admin - Manage Test - Pretest and Posttest - Edit new/select job position verif' 
	at com.kms.katalon.core.webui.keyword.internal.WebUIKeywordMain.stepFailed(WebUIKeywordMain.groovy:64)
	at com.kms.katalon.core.webui.keyword.builtin.VerifyOptionPresentByLabelKeyword$_verifyOptionPresentByLabel_closure1.doCall(VerifyOptionPresentByLabelKeyword.groovy:91)
	at com.kms.katalon.core.webui.keyword.builtin.VerifyOptionPresentByLabelKeyword$_verifyOptionPresentByLabel_closure1.call(VerifyOptionPresentByLabelKeyword.groovy)
	at com.kms.katalon.core.webui.keyword.internal.WebUIKeywordMain.runKeyword(WebUIKeywordMain.groovy:20)
	... 19 more
"/>
         <system-out><![CDATA[2020-06-15 12:33:51 - [TEST_CASE][FAILED] - Test Cases/Denna/Admin - Manage Test - Pretest and Posttest - Edit2: Test Cases/Denna/Admin - Manage Test - Pretest and Posttest - Edit2 FAILED.
Reason:
com.kms.katalon.core.exception.StepFailedException: Unable to verify option is present by label 'GENERAL' in object 'Object Repository/Denna/Admin - Manage Test - Pretest and Posttest - Edit new/select job position verif' 
	at com.kms.katalon.core.webui.keyword.internal.WebUIKeywordMain.stepFailed(WebUIKeywordMain.groovy:64)
	at com.kms.katalon.core.webui.keyword.internal.WebUIKeywordMain.runKeyword(WebUIKeywordMain.groovy:26)
	at com.kms.katalon.core.webui.keyword.builtin.VerifyOptionPresentByLabelKeyword.verifyOptionPresentByLabel(VerifyOptionPresentByLabelKeyword.groovy:102)
	at com.kms.katalon.core.webui.keyword.builtin.VerifyOptionPresentByLabelKeyword.execute(VerifyOptionPresentByLabelKeyword.groovy:70)
	at com.kms.katalon.core.keyword.internal.KeywordExecutor.executeKeywordForPlatform(KeywordExecutor.groovy:72)
	at com.kms.katalon.core.webui.keyword.WebUiBuiltInKeywords.verifyOptionPresentByLabel(WebUiBuiltInKeywords.groovy:1988)
	at com.kms.katalon.core.webui.keyword.WebUiBuiltInKeywords$verifyOptionPresentByLabel$5.call(Unknown Source)
	at Admin - Manage Test - Pretest and Posttest - Edit2.run(Admin - Manage Test - Pretest and Posttest - Edit2:103)
	at com.kms.katalon.core.main.ScriptEngine.run(ScriptEngine.java:194)
	at com.kms.katalon.core.main.ScriptEngine.runScriptAsRawText(ScriptEngine.java:119)
	at com.kms.katalon.core.main.TestCaseExecutor.runScript(TestCaseExecutor.java:337)
	at com.kms.katalon.core.main.TestCaseExecutor.doExecute(TestCaseExecutor.java:328)
	at com.kms.katalon.core.main.TestCaseExecutor.processExecutionPhase(TestCaseExecutor.java:307)
	at com.kms.katalon.core.main.TestCaseExecutor.accessMainPhase(TestCaseExecutor.java:299)
	at com.kms.katalon.core.main.TestCaseExecutor.execute(TestCaseExecutor.java:233)
	at com.kms.katalon.core.main.TestSuiteExecutor.accessTestCaseMainPhase(TestSuiteExecutor.java:169)
	at com.kms.katalon.core.main.TestSuiteExecutor.accessTestSuiteMainPhase(TestSuiteExecutor.java:142)
	at com.kms.katalon.core.main.TestSuiteExecutor.execute(TestSuiteExecutor.java:91)
	at com.kms.katalon.core.main.TestCaseMain.startTestSuite(TestCaseMain.java:157)
	at com.kms.katalon.core.main.TestCaseMain$startTestSuite$0.call(Unknown Source)
	at TempTestSuite1592199106572.run(TempTestSuite1592199106572.groovy:36)
Caused by: com.kms.katalon.core.exception.StepFailedException: There is no option with label 'GENERAL' present in object 'Object Repository/Denna/Admin - Manage Test - Pretest and Posttest - Edit new/select job position verif' 
	at com.kms.katalon.core.webui.keyword.internal.WebUIKeywordMain.stepFailed(WebUIKeywordMain.groovy:64)
	at com.kms.katalon.core.webui.keyword.builtin.VerifyOptionPresentByLabelKeyword$_verifyOptionPresentByLabel_closure1.doCall(VerifyOptionPresentByLabelKeyword.groovy:91)
	at com.kms.katalon.core.webui.keyword.builtin.VerifyOptionPresentByLabelKeyword$_verifyOptionPresentByLabel_closure1.call(VerifyOptionPresentByLabelKeyword.groovy)
	at com.kms.katalon.core.webui.keyword.internal.WebUIKeywordMain.runKeyword(WebUIKeywordMain.groovy:20)
	... 19 more


2020-06-15 12:33:52 - [TEST_STEP][PASSED] - callTestCase(findTestCase("Denna/Login(Admin)"), [:], STOP_ON_FAILURE): Call Test Case 'Test Cases/Denna/Login(Admin)' successfully

2020-06-15 12:33:52 - [TEST_CASE][PASSED] - Test Cases/Denna/Login(Admin): Test Cases/Denna/Login(Admin)

2020-06-15 12:33:52 - [TEST_STEP][PASSED] - openBrowser("https://appsrv1.deltadatamandiri.com/ACC_LMS_WEB/#/admNLmn"): Browser is opened with url: 'https://appsrv1.deltadatamandiri.com/ACC_LMS_WEB/#/admNLmn'

2020-06-15 12:33:52 - [MESSAGE][WARNING] - A browser is already opened. Closing browser and opening a new one

2020-06-15 12:33:53 - [MESSAGE][INFO] - Starting 'Chrome' driver

2020-06-15 12:34:14 - [MESSAGE][PASSED] - Browser is opened with url: 'https://appsrv1.deltadatamandiri.com/ACC_LMS_WEB/#/admNLmn'

2020-06-15 12:34:14 - [TEST_STEP][PASSED] - maximizeWindow(): Current window maximized

2020-06-15 12:34:16 - [MESSAGE][PASSED] - Current window maximized

2020-06-15 12:34:16 - [TEST_STEP][PASSED] - click(findTestObject("Object Repository/Denna/Admin - Login/button login")): Object: 'Object Repository/Denna/Admin - Login/button login' is clicked on

2020-06-15 12:34:19 - [MESSAGE][PASSED] - Object: 'Object Repository/Denna/Admin - Login/button login' is clicked on

2020-06-15 12:34:19 - [TEST_STEP][PASSED] - setText(findTestObject("Object Repository/Denna/Admin - Login/input_NPK_username"), "11666"): Text '11666' is set on object 'Object Repository/Denna/Admin - Login/input_NPK_username'

2020-06-15 12:34:20 - [MESSAGE][PASSED] - Text '11666' is set on object 'Object Repository/Denna/Admin - Login/input_NPK_username'

2020-06-15 12:34:20 - [TEST_STEP][PASSED] - setText(findTestObject("Object Repository/Denna/Admin - Login/input_Password_password"), "Password3"): Text 'Password3' is set on object 'Object Repository/Denna/Admin - Login/input_Password_password'

2020-06-15 12:34:20 - [MESSAGE][PASSED] - Text 'Password3' is set on object 'Object Repository/Denna/Admin - Login/input_Password_password'

2020-06-15 12:34:20 - [TEST_STEP][PASSED] - click(findTestObject("Denna/Admin - Login/button login1")): Object: 'Object Repository/Denna/Admin - Login/button login1' is clicked on

2020-06-15 12:34:21 - [MESSAGE][PASSED] - Object: 'Object Repository/Denna/Admin - Login/button login1' is clicked on

2020-06-15 12:34:21 - [MESSAGE][PASSED] - Call Test Case 'Test Cases/Denna/Login(Admin)' successfully

2020-06-15 12:34:21 - [TEST_STEP][PASSED] - click(findTestObject("Denna/Admin - Manage Test - Pretest and Posttest - Edit new/button_Test Management")): Object: 'Object Repository/Denna/Admin - Manage Test - Pretest and Posttest - Edit new/button_Test Management' is clicked on

2020-06-15 12:34:28 - [MESSAGE][PASSED] - Object: 'Object Repository/Denna/Admin - Manage Test - Pretest and Posttest - Edit new/button_Test Management' is clicked on

2020-06-15 12:34:28 - [TEST_STEP][PASSED] - click(findTestObject("Denna/Admin - Manage Test - Pretest and Posttest - Edit new/span_Pre-Test  Post-Test")): Object: 'Object Repository/Denna/Admin - Manage Test - Pretest and Posttest - Edit new/span_Pre-Test  Post-Test' is clicked on

2020-06-15 12:34:28 - [MESSAGE][PASSED] - Object: 'Object Repository/Denna/Admin - Manage Test - Pretest and Posttest - Edit new/span_Pre-Test  Post-Test' is clicked on

2020-06-15 12:34:28 - [TEST_STEP][PASSED] - delay(2): Delayed 2 second(s)

2020-06-15 12:34:30 - [MESSAGE][PASSED] - Delayed 2 second(s)

2020-06-15 12:34:30 - [TEST_STEP][PASSED] - click(findTestObject("Object Repository/Denna/Admin - Manage Test - Pretest and Posttest - Edit2/button EditOrDelete")): Object: 'Object Repository/Denna/Admin - Manage Test - Pretest and Posttest - Edit2/button EditOrDelete' is clicked on

2020-06-15 12:34:45 - [MESSAGE][PASSED] - Object: 'Object Repository/Denna/Admin - Manage Test - Pretest and Posttest - Edit2/button EditOrDelete' is clicked on

2020-06-15 12:34:45 - [TEST_STEP][PASSED] - click(findTestObject("Denna/Admin - Manage Test - Pretest and Posttest - Edit2/button Edit")): Object: 'Object Repository/Denna/Admin - Manage Test - Pretest and Posttest - Edit2/button Edit' is clicked on

2020-06-15 12:34:46 - [MESSAGE][PASSED] - Object: 'Object Repository/Denna/Admin - Manage Test - Pretest and Posttest - Edit2/button Edit' is clicked on

2020-06-15 12:34:46 - [TEST_STEP][PASSED] - delay(4): Delayed 4 second(s)

2020-06-15 12:34:50 - [MESSAGE][PASSED] - Delayed 4 second(s)

2020-06-15 12:34:50 - [TEST_STEP][PASSED] - selectOptionByLabel(findTestObject("Denna/Admin - Manage Test - Pretest and Posttest - Edit new/select category"), category, true): All options with label 'Post-Test' are selected in object 'Object Repository/Denna/Admin - Manage Test - Pretest and Posttest - Edit new/select category'  using regular expression

2020-06-15 12:34:55 - [MESSAGE][PASSED] - All options with label 'Post-Test' are selected in object 'Object Repository/Denna/Admin - Manage Test - Pretest and Posttest - Edit new/select category'  using regular expression

2020-06-15 12:34:55 - [TEST_STEP][PASSED] - selectOptionByLabel(findTestObject("Denna/Admin - Manage Test - Pretest and Posttest - Edit new/select tipe soal"), tipeSoal, true): All options with label 'Pilihan Ganda' are selected in object 'Object Repository/Denna/Admin - Manage Test - Pretest and Posttest - Edit new/select tipe soal'  using regular expression

2020-06-15 12:34:58 - [MESSAGE][PASSED] - All options with label 'Pilihan Ganda' are selected in object 'Object Repository/Denna/Admin - Manage Test - Pretest and Posttest - Edit new/select tipe soal'  using regular expression

2020-06-15 12:34:58 - [TEST_STEP][PASSED] - selectOptionByLabel(findTestObject("Denna/Admin - Manage Test - Pretest and Posttest - Edit new/select job function"), jobFunction, true): All options with label 'GENERAL' are selected in object 'Object Repository/Denna/Admin - Manage Test - Pretest and Posttest - Edit new/select job function'  using regular expression

2020-06-15 12:35:01 - [MESSAGE][PASSED] - All options with label 'GENERAL' are selected in object 'Object Repository/Denna/Admin - Manage Test - Pretest and Posttest - Edit new/select job function'  using regular expression

2020-06-15 12:35:01 - [TEST_STEP][PASSED] - selectOptionByLabel(findTestObject("Denna/Admin - Manage Test - Pretest and Posttest - Edit new/select job position"), jobPosition, true): All options with label 'GENERAL' are selected in object 'Object Repository/Denna/Admin - Manage Test - Pretest and Posttest - Edit new/select job position'  using regular expression

2020-06-15 12:35:05 - [MESSAGE][PASSED] - All options with label 'GENERAL' are selected in object 'Object Repository/Denna/Admin - Manage Test - Pretest and Posttest - Edit new/select job position'  using regular expression

2020-06-15 12:35:05 - [TEST_STEP][PASSED] - selectOptionByLabel(findTestObject("Denna/Admin - Manage Test - Pretest and Posttest - Edit new/select module"), module, true): All options with label 'NEOP ARHO' are selected in object 'Object Repository/Denna/Admin - Manage Test - Pretest and Posttest - Edit new/select module'  using regular expression

2020-06-15 12:35:06 - [MESSAGE][PASSED] - All options with label 'NEOP ARHO' are selected in object 'Object Repository/Denna/Admin - Manage Test - Pretest and Posttest - Edit new/select module'  using regular expression

2020-06-15 12:35:06 - [TEST_STEP][PASSED] - setText(findTestObject("Denna/Admin - Manage Test - Pretest and Posttest - Edit new/input Technical Competence"), technicalCompentence): Text 'technical' is set on object 'Object Repository/Denna/Admin - Manage Test - Pretest and Posttest - Edit new/input Technical Competence'

2020-06-15 12:35:07 - [MESSAGE][PASSED] - Text 'technical' is set on object 'Object Repository/Denna/Admin - Manage Test - Pretest and Posttest - Edit new/input Technical Competence'

2020-06-15 12:35:07 - [TEST_STEP][PASSED] - setText(findTestObject("Denna/Admin - Manage Test - Pretest and Posttest - Edit new/input Level Competence"), levelCompetence): Text 'level' is set on object 'Object Repository/Denna/Admin - Manage Test - Pretest and Posttest - Edit new/input Level Competence'

2020-06-15 12:35:07 - [MESSAGE][PASSED] - Text 'level' is set on object 'Object Repository/Denna/Admin - Manage Test - Pretest and Posttest - Edit new/input Level Competence'

2020-06-15 12:35:07 - [TEST_STEP][PASSED] - setText(findTestObject("Denna/Admin - Manage Test - Pretest and Posttest - Edit new/textarea Soal"), soal): Text 'ini soal' is set on object 'Object Repository/Denna/Admin - Manage Test - Pretest and Posttest - Edit new/textarea Soal'

2020-06-15 12:35:08 - [MESSAGE][PASSED] - Text 'ini soal' is set on object 'Object Repository/Denna/Admin - Manage Test - Pretest and Posttest - Edit new/textarea Soal'

2020-06-15 12:35:08 - [TEST_STEP][PASSED] - if (tipeSoal == "Pilihan Ganda"): All options with label 'D' are selected in object 'Object Repository/Denna/Admin - Manage Test - Pretest and Posttest - Edit new/select ABCD' 

2020-06-15 12:35:08 - [TEST_STEP][PASSED] - setText(findTestObject("Denna/Admin - Manage Test - Pretest and Posttest - Edit new/input Jawaban A"), jawabanA): Text 'A' is set on object 'Object Repository/Denna/Admin - Manage Test - Pretest and Posttest - Edit new/input Jawaban A'

2020-06-15 12:35:09 - [MESSAGE][PASSED] - Text 'A' is set on object 'Object Repository/Denna/Admin - Manage Test - Pretest and Posttest - Edit new/input Jawaban A'

2020-06-15 12:35:09 - [TEST_STEP][PASSED] - setText(findTestObject("Denna/Admin - Manage Test - Pretest and Posttest - Edit new/input Jawaban B"), jawabanB): Text 'B' is set on object 'Object Repository/Denna/Admin - Manage Test - Pretest and Posttest - Edit new/input Jawaban B'

2020-06-15 12:35:09 - [MESSAGE][PASSED] - Text 'B' is set on object 'Object Repository/Denna/Admin - Manage Test - Pretest and Posttest - Edit new/input Jawaban B'

2020-06-15 12:35:09 - [TEST_STEP][PASSED] - setText(findTestObject("Denna/Admin - Manage Test - Pretest and Posttest - Edit new/input Jawaban C"), jawabanC): Text 'C' is set on object 'Object Repository/Denna/Admin - Manage Test - Pretest and Posttest - Edit new/input Jawaban C'

2020-06-15 12:35:10 - [MESSAGE][PASSED] - Text 'C' is set on object 'Object Repository/Denna/Admin - Manage Test - Pretest and Posttest - Edit new/input Jawaban C'

2020-06-15 12:35:10 - [TEST_STEP][PASSED] - setText(findTestObject("Denna/Admin - Manage Test - Pretest and Posttest - Edit new/input Jawaban D"), jawabanD): Text 'D' is set on object 'Object Repository/Denna/Admin - Manage Test - Pretest and Posttest - Edit new/input Jawaban D'

2020-06-15 12:35:10 - [MESSAGE][PASSED] - Text 'D' is set on object 'Object Repository/Denna/Admin - Manage Test - Pretest and Posttest - Edit new/input Jawaban D'

2020-06-15 12:35:10 - [TEST_STEP][PASSED] - selectOptionByLabel(findTestObject("Denna/Admin - Manage Test - Pretest and Posttest - Edit new/select ABCD"), jawabanABCD, false): All options with label 'D' are selected in object 'Object Repository/Denna/Admin - Manage Test - Pretest and Posttest - Edit new/select ABCD' 

2020-06-15 12:35:11 - [MESSAGE][PASSED] - All options with label 'D' are selected in object 'Object Repository/Denna/Admin - Manage Test - Pretest and Posttest - Edit new/select ABCD' 

2020-06-15 12:35:11 - [TEST_STEP][PASSED] - click(findTestObject("Denna/Admin - Manage Test - Pretest and Posttest - Edit new/button Submit")): Object: 'Object Repository/Denna/Admin - Manage Test - Pretest and Posttest - Edit new/button Submit' is clicked on

2020-06-15 12:35:11 - [MESSAGE][PASSED] - Object: 'Object Repository/Denna/Admin - Manage Test - Pretest and Posttest - Edit new/button Submit' is clicked on

2020-06-15 12:35:11 - [TEST_STEP][FAILED] - switch (kondisi): Unable to verify option is present by label 'GENERAL' in object 'Object Repository/Denna/Admin - Manage Test - Pretest and Posttest - Edit new/select job position verif'  (Root cause: com.kms.katalon.core.exception.StepFailedException: Unable to verify option is present by label 'GENERAL' in object 'Object Repository/Denna/Admin - Manage Test - Pretest and Posttest - Edit new/select job position verif' 
	at com.kms.katalon.core.webui.keyword.internal.WebUIKeywordMain.stepFailed(WebUIKeywordMain.groovy:64)
	at com.kms.katalon.core.webui.keyword.internal.WebUIKeywordMain.runKeyword(WebUIKeywordMain.groovy:26)
	at com.kms.katalon.core.webui.keyword.builtin.VerifyOptionPresentByLabelKeyword.verifyOptionPresentByLabel(VerifyOptionPresentByLabelKeyword.groovy:102)
	at com.kms.katalon.core.webui.keyword.builtin.VerifyOptionPresentByLabelKeyword.execute(VerifyOptionPresentByLabelKeyword.groovy:70)
	at com.kms.katalon.core.keyword.internal.KeywordExecutor.executeKeywordForPlatform(KeywordExecutor.groovy:72)
	at com.kms.katalon.core.webui.keyword.WebUiBuiltInKeywords.verifyOptionPresentByLabel(WebUiBuiltInKeywords.groovy:1988)
	at com.kms.katalon.core.webui.keyword.WebUiBuiltInKeywords$verifyOptionPresentByLabel$5.call(Unknown Source)
	at Admin - Manage Test - Pretest and Posttest - Edit2.run(Admin - Manage Test - Pretest and Posttest - Edit2:103)
	at com.kms.katalon.core.main.ScriptEngine.run(ScriptEngine.java:194)
	at com.kms.katalon.core.main.ScriptEngine.runScriptAsRawText(ScriptEngine.java:119)
	at com.kms.katalon.core.main.TestCaseExecutor.runScript(TestCaseExecutor.java:337)
	at com.kms.katalon.core.main.TestCaseExecutor.doExecute(TestCaseExecutor.java:328)
	at com.kms.katalon.core.main.TestCaseExecutor.processExecutionPhase(TestCaseExecutor.java:307)
	at com.kms.katalon.core.main.TestCaseExecutor.accessMainPhase(TestCaseExecutor.java:299)
	at com.kms.katalon.core.main.TestCaseExecutor.execute(TestCaseExecutor.java:233)
	at com.kms.katalon.core.main.TestSuiteExecutor.accessTestCaseMainPhase(TestSuiteExecutor.java:169)
	at com.kms.katalon.core.main.TestSuiteExecutor.accessTestSuiteMainPhase(TestSuiteExecutor.java:142)
	at com.kms.katalon.core.main.TestSuiteExecutor.execute(TestSuiteExecutor.java:91)
	at com.kms.katalon.core.main.TestCaseMain.startTestSuite(TestCaseMain.java:157)
	at com.kms.katalon.core.main.TestCaseMain$startTestSuite$0.call(Unknown Source)
	at TempTestSuite1592199106572.run(TempTestSuite1592199106572.groovy:36)
Caused by: com.kms.katalon.core.exception.StepFailedException: There is no option with label 'GENERAL' present in object 'Object Repository/Denna/Admin - Manage Test - Pretest and Posttest - Edit new/select job position verif' 
	at com.kms.katalon.core.webui.keyword.internal.WebUIKeywordMain.stepFailed(WebUIKeywordMain.groovy:64)
	at com.kms.katalon.core.webui.keyword.builtin.VerifyOptionPresentByLabelKeyword$_verifyOptionPresentByLabel_closure1.doCall(VerifyOptionPresentByLabelKeyword.groovy:91)
	at com.kms.katalon.core.webui.keyword.builtin.VerifyOptionPresentByLabelKeyword$_verifyOptionPresentByLabel_closure1.call(VerifyOptionPresentByLabelKeyword.groovy)
	at com.kms.katalon.core.webui.keyword.internal.WebUIKeywordMain.runKeyword(WebUIKeywordMain.groovy:20)
	... 19 more
)

2020-06-15 12:35:11 - [TEST_STEP][FAILED] - case "pass":: Unable to verify option is present by label 'GENERAL' in object 'Object Repository/Denna/Admin - Manage Test - Pretest and Posttest - Edit new/select job position verif'  (Root cause: com.kms.katalon.core.exception.StepFailedException: Unable to verify option is present by label 'GENERAL' in object 'Object Repository/Denna/Admin - Manage Test - Pretest and Posttest - Edit new/select job position verif' 
	at com.kms.katalon.core.webui.keyword.internal.WebUIKeywordMain.stepFailed(WebUIKeywordMain.groovy:64)
	at com.kms.katalon.core.webui.keyword.internal.WebUIKeywordMain.runKeyword(WebUIKeywordMain.groovy:26)
	at com.kms.katalon.core.webui.keyword.builtin.VerifyOptionPresentByLabelKeyword.verifyOptionPresentByLabel(VerifyOptionPresentByLabelKeyword.groovy:102)
	at com.kms.katalon.core.webui.keyword.builtin.VerifyOptionPresentByLabelKeyword.execute(VerifyOptionPresentByLabelKeyword.groovy:70)
	at com.kms.katalon.core.keyword.internal.KeywordExecutor.executeKeywordForPlatform(KeywordExecutor.groovy:72)
	at com.kms.katalon.core.webui.keyword.WebUiBuiltInKeywords.verifyOptionPresentByLabel(WebUiBuiltInKeywords.groovy:1988)
	at com.kms.katalon.core.webui.keyword.WebUiBuiltInKeywords$verifyOptionPresentByLabel$5.call(Unknown Source)
	at Admin - Manage Test - Pretest and Posttest - Edit2.run(Admin - Manage Test - Pretest and Posttest - Edit2:103)
	at com.kms.katalon.core.main.ScriptEngine.run(ScriptEngine.java:194)
	at com.kms.katalon.core.main.ScriptEngine.runScriptAsRawText(ScriptEngine.java:119)
	at com.kms.katalon.core.main.TestCaseExecutor.runScript(TestCaseExecutor.java:337)
	at com.kms.katalon.core.main.TestCaseExecutor.doExecute(TestCaseExecutor.java:328)
	at com.kms.katalon.core.main.TestCaseExecutor.processExecutionPhase(TestCaseExecutor.java:307)
	at com.kms.katalon.core.main.TestCaseExecutor.accessMainPhase(TestCaseExecutor.java:299)
	at com.kms.katalon.core.main.TestCaseExecutor.execute(TestCaseExecutor.java:233)
	at com.kms.katalon.core.main.TestSuiteExecutor.accessTestCaseMainPhase(TestSuiteExecutor.java:169)
	at com.kms.katalon.core.main.TestSuiteExecutor.accessTestSuiteMainPhase(TestSuiteExecutor.java:142)
	at com.kms.katalon.core.main.TestSuiteExecutor.execute(TestSuiteExecutor.java:91)
	at com.kms.katalon.core.main.TestCaseMain.startTestSuite(TestCaseMain.java:157)
	at com.kms.katalon.core.main.TestCaseMain$startTestSuite$0.call(Unknown Source)
	at TempTestSuite1592199106572.run(TempTestSuite1592199106572.groovy:36)
Caused by: com.kms.katalon.core.exception.StepFailedException: There is no option with label 'GENERAL' present in object 'Object Repository/Denna/Admin - Manage Test - Pretest and Posttest - Edit new/select job position verif' 
	at com.kms.katalon.core.webui.keyword.internal.WebUIKeywordMain.stepFailed(WebUIKeywordMain.groovy:64)
	at com.kms.katalon.core.webui.keyword.builtin.VerifyOptionPresentByLabelKeyword$_verifyOptionPresentByLabel_closure1.doCall(VerifyOptionPresentByLabelKeyword.groovy:91)
	at com.kms.katalon.core.webui.keyword.builtin.VerifyOptionPresentByLabelKeyword$_verifyOptionPresentByLabel_closure1.call(VerifyOptionPresentByLabelKeyword.groovy)
	at com.kms.katalon.core.webui.keyword.internal.WebUIKeywordMain.runKeyword(WebUIKeywordMain.groovy:20)
	... 19 more
)

2020-06-15 12:35:11 - [TEST_STEP][PASSED] - verifyElementVisible(findTestObject("Denna/Admin - Manage Test - Pretest and Posttest - Edit new/label Edit Test Success")): Object 'Object Repository/Denna/Admin - Manage Test - Pretest and Posttest - Edit new/label Edit Test Success' is visible

2020-06-15 12:35:19 - [MESSAGE][PASSED] - Object 'Object Repository/Denna/Admin - Manage Test - Pretest and Posttest - Edit new/label Edit Test Success' is visible

2020-06-15 12:35:19 - [TEST_STEP][PASSED] - delay(2): Delayed 2 second(s)

2020-06-15 12:35:21 - [MESSAGE][PASSED] - Delayed 2 second(s)

2020-06-15 12:35:21 - [TEST_STEP][PASSED] - click(findTestObject("Object Repository/Denna/Admin - Manage Test - Pretest and Posttest - Edit2/button EditOrDelete")): Object: 'Object Repository/Denna/Admin - Manage Test - Pretest and Posttest - Edit2/button EditOrDelete' is clicked on

2020-06-15 12:35:32 - [MESSAGE][PASSED] - Object: 'Object Repository/Denna/Admin - Manage Test - Pretest and Posttest - Edit2/button EditOrDelete' is clicked on

2020-06-15 12:35:32 - [TEST_STEP][PASSED] - click(findTestObject("Denna/Admin - Manage Test - Pretest and Posttest - Edit2/button Edit")): Object: 'Object Repository/Denna/Admin - Manage Test - Pretest and Posttest - Edit2/button Edit' is clicked on

2020-06-15 12:35:33 - [MESSAGE][PASSED] - Object: 'Object Repository/Denna/Admin - Manage Test - Pretest and Posttest - Edit2/button Edit' is clicked on

2020-06-15 12:35:33 - [TEST_STEP][PASSED] - delay(3): Delayed 3 second(s)

2020-06-15 12:35:36 - [MESSAGE][PASSED] - Delayed 3 second(s)

2020-06-15 12:35:36 - [TEST_STEP][PASSED] - verifyOptionPresentByLabel(findTestObject("Denna/Admin - Manage Test - Pretest and Posttest - Edit new/select category verif"), category, false, 0): 1 option(s) with label 'Post-Test' is/are present in object 'Object Repository/Denna/Admin - Manage Test - Pretest and Posttest - Edit new/select category verif' 

2020-06-15 12:35:36 - [MESSAGE][WARNING] - Timeout '0' is invalid. Using default page load timeout: '30'

2020-06-15 12:35:41 - [MESSAGE][PASSED] - 1 option(s) with label 'Post-Test' is/are present in object 'Object Repository/Denna/Admin - Manage Test - Pretest and Posttest - Edit new/select category verif' 

2020-06-15 12:35:41 - [TEST_STEP][PASSED] - verifyOptionPresentByLabel(findTestObject("Denna/Admin - Manage Test - Pretest and Posttest - Edit new/select tipe soal verif"), tipeSoal, false, 0): 1 option(s) with label 'Pilihan Ganda' is/are present in object 'Object Repository/Denna/Admin - Manage Test - Pretest and Posttest - Edit new/select tipe soal verif' 

2020-06-15 12:35:41 - [MESSAGE][WARNING] - Timeout '0' is invalid. Using default page load timeout: '30'

2020-06-15 12:35:41 - [MESSAGE][PASSED] - 1 option(s) with label 'Pilihan Ganda' is/are present in object 'Object Repository/Denna/Admin - Manage Test - Pretest and Posttest - Edit new/select tipe soal verif' 

2020-06-15 12:35:41 - [TEST_STEP][PASSED] - verifyOptionPresentByLabel(findTestObject("Denna/Admin - Manage Test - Pretest and Posttest - Edit new/select job function verif"), jobFunction, false, 0): 1 option(s) with label 'GENERAL' is/are present in object 'Object Repository/Denna/Admin - Manage Test - Pretest and Posttest - Edit new/select job function verif' 

2020-06-15 12:35:41 - [MESSAGE][WARNING] - Timeout '0' is invalid. Using default page load timeout: '30'

2020-06-15 12:35:42 - [MESSAGE][PASSED] - 1 option(s) with label 'GENERAL' is/are present in object 'Object Repository/Denna/Admin - Manage Test - Pretest and Posttest - Edit new/select job function verif' 

2020-06-15 12:35:42 - [TEST_STEP][FAILED] - verifyOptionPresentByLabel(findTestObject("Denna/Admin - Manage Test - Pretest and Posttest - Edit new/select job position verif"), jobPosition, false, 0): Unable to verify option is present by label 'GENERAL' in object 'Object Repository/Denna/Admin - Manage Test - Pretest and Posttest - Edit new/select job position verif'  (Root cause: com.kms.katalon.core.exception.StepFailedException: Unable to verify option is present by label 'GENERAL' in object 'Object Repository/Denna/Admin - Manage Test - Pretest and Posttest - Edit new/select job position verif' 
	at com.kms.katalon.core.webui.keyword.internal.WebUIKeywordMain.stepFailed(WebUIKeywordMain.groovy:64)
	at com.kms.katalon.core.webui.keyword.internal.WebUIKeywordMain.runKeyword(WebUIKeywordMain.groovy:26)
	at com.kms.katalon.core.webui.keyword.builtin.VerifyOptionPresentByLabelKeyword.verifyOptionPresentByLabel(VerifyOptionPresentByLabelKeyword.groovy:102)
	at com.kms.katalon.core.webui.keyword.builtin.VerifyOptionPresentByLabelKeyword.execute(VerifyOptionPresentByLabelKeyword.groovy:70)
	at com.kms.katalon.core.keyword.internal.KeywordExecutor.executeKeywordForPlatform(KeywordExecutor.groovy:72)
	at com.kms.katalon.core.webui.keyword.WebUiBuiltInKeywords.verifyOptionPresentByLabel(WebUiBuiltInKeywords.groovy:1988)
	at com.kms.katalon.core.webui.keyword.WebUiBuiltInKeywords$verifyOptionPresentByLabel$5.call(Unknown Source)
	at Admin - Manage Test - Pretest and Posttest - Edit2.run(Admin - Manage Test - Pretest and Posttest - Edit2:103)
	at com.kms.katalon.core.main.ScriptEngine.run(ScriptEngine.java:194)
	at com.kms.katalon.core.main.ScriptEngine.runScriptAsRawText(ScriptEngine.java:119)
	at com.kms.katalon.core.main.TestCaseExecutor.runScript(TestCaseExecutor.java:337)
	at com.kms.katalon.core.main.TestCaseExecutor.doExecute(TestCaseExecutor.java:328)
	at com.kms.katalon.core.main.TestCaseExecutor.processExecutionPhase(TestCaseExecutor.java:307)
	at com.kms.katalon.core.main.TestCaseExecutor.accessMainPhase(TestCaseExecutor.java:299)
	at com.kms.katalon.core.main.TestCaseExecutor.execute(TestCaseExecutor.java:233)
	at com.kms.katalon.core.main.TestSuiteExecutor.accessTestCaseMainPhase(TestSuiteExecutor.java:169)
	at com.kms.katalon.core.main.TestSuiteExecutor.accessTestSuiteMainPhase(TestSuiteExecutor.java:142)
	at com.kms.katalon.core.main.TestSuiteExecutor.execute(TestSuiteExecutor.java:91)
	at com.kms.katalon.core.main.TestCaseMain.startTestSuite(TestCaseMain.java:157)
	at com.kms.katalon.core.main.TestCaseMain$startTestSuite$0.call(Unknown Source)
	at TempTestSuite1592199106572.run(TempTestSuite1592199106572.groovy:36)
Caused by: com.kms.katalon.core.exception.StepFailedException: There is no option with label 'GENERAL' present in object 'Object Repository/Denna/Admin - Manage Test - Pretest and Posttest - Edit new/select job position verif' 
	at com.kms.katalon.core.webui.keyword.internal.WebUIKeywordMain.stepFailed(WebUIKeywordMain.groovy:64)
	at com.kms.katalon.core.webui.keyword.builtin.VerifyOptionPresentByLabelKeyword$_verifyOptionPresentByLabel_closure1.doCall(VerifyOptionPresentByLabelKeyword.groovy:91)
	at com.kms.katalon.core.webui.keyword.builtin.VerifyOptionPresentByLabelKeyword$_verifyOptionPresentByLabel_closure1.call(VerifyOptionPresentByLabelKeyword.groovy)
	at com.kms.katalon.core.webui.keyword.internal.WebUIKeywordMain.runKeyword(WebUIKeywordMain.groovy:20)
	... 19 more
)

2020-06-15 12:35:42 - [MESSAGE][WARNING] - Timeout '0' is invalid. Using default page load timeout: '30'

2020-06-15 12:35:43 - [MESSAGE][FAILED] - There is no option with label 'GENERAL' present in object 'Object Repository/Denna/Admin - Manage Test - Pretest and Posttest - Edit new/select job position verif'  (Root cause: com.kms.katalon.core.exception.StepFailedException: There is no option with label 'GENERAL' present in object 'Object Repository/Denna/Admin - Manage Test - Pretest and Posttest - Edit new/select job position verif' 
	at com.kms.katalon.core.webui.keyword.internal.WebUIKeywordMain.stepFailed(WebUIKeywordMain.groovy:64)
	at com.kms.katalon.core.webui.keyword.builtin.VerifyOptionPresentByLabelKeyword$_verifyOptionPresentByLabel_closure1.doCall(VerifyOptionPresentByLabelKeyword.groovy:91)
	at com.kms.katalon.core.webui.keyword.builtin.VerifyOptionPresentByLabelKeyword$_verifyOptionPresentByLabel_closure1.call(VerifyOptionPresentByLabelKeyword.groovy)
	at com.kms.katalon.core.webui.keyword.internal.WebUIKeywordMain.runKeyword(WebUIKeywordMain.groovy:20)
	at com.kms.katalon.core.webui.keyword.builtin.VerifyOptionPresentByLabelKeyword.verifyOptionPresentByLabel(VerifyOptionPresentByLabelKeyword.groovy:102)
	at com.kms.katalon.core.webui.keyword.builtin.VerifyOptionPresentByLabelKeyword.execute(VerifyOptionPresentByLabelKeyword.groovy:70)
	at com.kms.katalon.core.keyword.internal.KeywordExecutor.executeKeywordForPlatform(KeywordExecutor.groovy:72)
	at com.kms.katalon.core.webui.keyword.WebUiBuiltInKeywords.verifyOptionPresentByLabel(WebUiBuiltInKeywords.groovy:1988)
	at com.kms.katalon.core.webui.keyword.WebUiBuiltInKeywords$verifyOptionPresentByLabel$5.call(Unknown Source)
	at Admin - Manage Test - Pretest and Posttest - Edit2.run(Admin - Manage Test - Pretest and Posttest - Edit2:103)
	at com.kms.katalon.core.main.ScriptEngine.run(ScriptEngine.java:194)
	at com.kms.katalon.core.main.ScriptEngine.runScriptAsRawText(ScriptEngine.java:119)
	at com.kms.katalon.core.main.TestCaseExecutor.runScript(TestCaseExecutor.java:337)
	at com.kms.katalon.core.main.TestCaseExecutor.doExecute(TestCaseExecutor.java:328)
	at com.kms.katalon.core.main.TestCaseExecutor.processExecutionPhase(TestCaseExecutor.java:307)
	at com.kms.katalon.core.main.TestCaseExecutor.accessMainPhase(TestCaseExecutor.java:299)
	at com.kms.katalon.core.main.TestCaseExecutor.execute(TestCaseExecutor.java:233)
	at com.kms.katalon.core.main.TestSuiteExecutor.accessTestCaseMainPhase(TestSuiteExecutor.java:169)
	at com.kms.katalon.core.main.TestSuiteExecutor.accessTestSuiteMainPhase(TestSuiteExecutor.java:142)
	at com.kms.katalon.core.main.TestSuiteExecutor.execute(TestSuiteExecutor.java:91)
	at com.kms.katalon.core.main.TestCaseMain.startTestSuite(TestCaseMain.java:157)
	at com.kms.katalon.core.main.TestCaseMain$startTestSuite$0.call(Unknown Source)
	at TempTestSuite1592199106572.run(TempTestSuite1592199106572.groovy:36)
)
[[ATTACHMENT|D:\\MY WORLD\\WORKS (TUGAS)\\LearningManagementWeb\\Reports\\20200615_123146\\Denna\\Admin - Manage Test - Pretest and Posttest - Edit (with verify)\\20200615_123146\\1592199343358.png]]

2020-06-15 12:35:44 - [MESSAGE][FAILED] - Unable to verify option is present by label 'GENERAL' in object 'Object Repository/Denna/Admin - Manage Test - Pretest and Posttest - Edit new/select job position verif'  (Root cause: com.kms.katalon.core.exception.StepFailedException: Unable to verify option is present by label 'GENERAL' in object 'Object Repository/Denna/Admin - Manage Test - Pretest and Posttest - Edit new/select job position verif' 
	at com.kms.katalon.core.webui.keyword.internal.WebUIKeywordMain.stepFailed(WebUIKeywordMain.groovy:64)
	at com.kms.katalon.core.webui.keyword.internal.WebUIKeywordMain.runKeyword(WebUIKeywordMain.groovy:26)
	at com.kms.katalon.core.webui.keyword.builtin.VerifyOptionPresentByLabelKeyword.verifyOptionPresentByLabel(VerifyOptionPresentByLabelKeyword.groovy:102)
	at com.kms.katalon.core.webui.keyword.builtin.VerifyOptionPresentByLabelKeyword.execute(VerifyOptionPresentByLabelKeyword.groovy:70)
	at com.kms.katalon.core.keyword.internal.KeywordExecutor.executeKeywordForPlatform(KeywordExecutor.groovy:72)
	at com.kms.katalon.core.webui.keyword.WebUiBuiltInKeywords.verifyOptionPresentByLabel(WebUiBuiltInKeywords.groovy:1988)
	at com.kms.katalon.core.webui.keyword.WebUiBuiltInKeywords$verifyOptionPresentByLabel$5.call(Unknown Source)
	at Admin - Manage Test - Pretest and Posttest - Edit2.run(Admin - Manage Test - Pretest and Posttest - Edit2:103)
	at com.kms.katalon.core.main.ScriptEngine.run(ScriptEngine.java:194)
	at com.kms.katalon.core.main.ScriptEngine.runScriptAsRawText(ScriptEngine.java:119)
	at com.kms.katalon.core.main.TestCaseExecutor.runScript(TestCaseExecutor.java:337)
	at com.kms.katalon.core.main.TestCaseExecutor.doExecute(TestCaseExecutor.java:328)
	at com.kms.katalon.core.main.TestCaseExecutor.processExecutionPhase(TestCaseExecutor.java:307)
	at com.kms.katalon.core.main.TestCaseExecutor.accessMainPhase(TestCaseExecutor.java:299)
	at com.kms.katalon.core.main.TestCaseExecutor.execute(TestCaseExecutor.java:233)
	at com.kms.katalon.core.main.TestSuiteExecutor.accessTestCaseMainPhase(TestSuiteExecutor.java:169)
	at com.kms.katalon.core.main.TestSuiteExecutor.accessTestSuiteMainPhase(TestSuiteExecutor.java:142)
	at com.kms.katalon.core.main.TestSuiteExecutor.execute(TestSuiteExecutor.java:91)
	at com.kms.katalon.core.main.TestCaseMain.startTestSuite(TestCaseMain.java:157)
	at com.kms.katalon.core.main.TestCaseMain$startTestSuite$0.call(Unknown Source)
	at TempTestSuite1592199106572.run(TempTestSuite1592199106572.groovy:36)
Caused by: com.kms.katalon.core.exception.StepFailedException: There is no option with label 'GENERAL' present in object 'Object Repository/Denna/Admin - Manage Test - Pretest and Posttest - Edit new/select job position verif' 
	at com.kms.katalon.core.webui.keyword.internal.WebUIKeywordMain.stepFailed(WebUIKeywordMain.groovy:64)
	at com.kms.katalon.core.webui.keyword.builtin.VerifyOptionPresentByLabelKeyword$_verifyOptionPresentByLabel_closure1.doCall(VerifyOptionPresentByLabelKeyword.groovy:91)
	at com.kms.katalon.core.webui.keyword.builtin.VerifyOptionPresentByLabelKeyword$_verifyOptionPresentByLabel_closure1.call(VerifyOptionPresentByLabelKeyword.groovy)
	at com.kms.katalon.core.webui.keyword.internal.WebUIKeywordMain.runKeyword(WebUIKeywordMain.groovy:20)
	... 19 more
)
[[ATTACHMENT|D:\\MY WORLD\\WORKS (TUGAS)\\LearningManagementWeb\\Reports\\20200615_123146\\Denna\\Admin - Manage Test - Pretest and Posttest - Edit (with verify)\\20200615_123146\\1592199343727.png]]]]></system-out>
         <system-err><![CDATA[2020-06-15 12:33:51 - [TEST_CASE][FAILED] - Test Cases/Denna/Admin - Manage Test - Pretest and Posttest - Edit2: Test Cases/Denna/Admin - Manage Test - Pretest and Posttest - Edit2 FAILED.
Reason:
com.kms.katalon.core.exception.StepFailedException: Unable to verify option is present by label 'GENERAL' in object 'Object Repository/Denna/Admin - Manage Test - Pretest and Posttest - Edit new/select job position verif' 
	at com.kms.katalon.core.webui.keyword.internal.WebUIKeywordMain.stepFailed(WebUIKeywordMain.groovy:64)
	at com.kms.katalon.core.webui.keyword.internal.WebUIKeywordMain.runKeyword(WebUIKeywordMain.groovy:26)
	at com.kms.katalon.core.webui.keyword.builtin.VerifyOptionPresentByLabelKeyword.verifyOptionPresentByLabel(VerifyOptionPresentByLabelKeyword.groovy:102)
	at com.kms.katalon.core.webui.keyword.builtin.VerifyOptionPresentByLabelKeyword.execute(VerifyOptionPresentByLabelKeyword.groovy:70)
	at com.kms.katalon.core.keyword.internal.KeywordExecutor.executeKeywordForPlatform(KeywordExecutor.groovy:72)
	at com.kms.katalon.core.webui.keyword.WebUiBuiltInKeywords.verifyOptionPresentByLabel(WebUiBuiltInKeywords.groovy:1988)
	at com.kms.katalon.core.webui.keyword.WebUiBuiltInKeywords$verifyOptionPresentByLabel$5.call(Unknown Source)
	at Admin - Manage Test - Pretest and Posttest - Edit2.run(Admin - Manage Test - Pretest and Posttest - Edit2:103)
	at com.kms.katalon.core.main.ScriptEngine.run(ScriptEngine.java:194)
	at com.kms.katalon.core.main.ScriptEngine.runScriptAsRawText(ScriptEngine.java:119)
	at com.kms.katalon.core.main.TestCaseExecutor.runScript(TestCaseExecutor.java:337)
	at com.kms.katalon.core.main.TestCaseExecutor.doExecute(TestCaseExecutor.java:328)
	at com.kms.katalon.core.main.TestCaseExecutor.processExecutionPhase(TestCaseExecutor.java:307)
	at com.kms.katalon.core.main.TestCaseExecutor.accessMainPhase(TestCaseExecutor.java:299)
	at com.kms.katalon.core.main.TestCaseExecutor.execute(TestCaseExecutor.java:233)
	at com.kms.katalon.core.main.TestSuiteExecutor.accessTestCaseMainPhase(TestSuiteExecutor.java:169)
	at com.kms.katalon.core.main.TestSuiteExecutor.accessTestSuiteMainPhase(TestSuiteExecutor.java:142)
	at com.kms.katalon.core.main.TestSuiteExecutor.execute(TestSuiteExecutor.java:91)
	at com.kms.katalon.core.main.TestCaseMain.startTestSuite(TestCaseMain.java:157)
	at com.kms.katalon.core.main.TestCaseMain$startTestSuite$0.call(Unknown Source)
	at TempTestSuite1592199106572.run(TempTestSuite1592199106572.groovy:36)
Caused by: com.kms.katalon.core.exception.StepFailedException: There is no option with label 'GENERAL' present in object 'Object Repository/Denna/Admin - Manage Test - Pretest and Posttest - Edit new/select job position verif' 
	at com.kms.katalon.core.webui.keyword.internal.WebUIKeywordMain.stepFailed(WebUIKeywordMain.groovy:64)
	at com.kms.katalon.core.webui.keyword.builtin.VerifyOptionPresentByLabelKeyword$_verifyOptionPresentByLabel_closure1.doCall(VerifyOptionPresentByLabelKeyword.groovy:91)
	at com.kms.katalon.core.webui.keyword.builtin.VerifyOptionPresentByLabelKeyword$_verifyOptionPresentByLabel_closure1.call(VerifyOptionPresentByLabelKeyword.groovy)
	at com.kms.katalon.core.webui.keyword.internal.WebUIKeywordMain.runKeyword(WebUIKeywordMain.groovy:20)
	... 19 more]]></system-err>
      </testcase>
      <testcase name="Test Cases/Denna/Admin - Manage Test - Pretest and Posttest - Edit2" time="60.504" classname="Test Cases/Denna/Admin - Manage Test - Pretest and Posttest - Edit2" status="FAILED">
         <failure type="FAILED" message="Test Cases/Denna/Admin - Manage Test - Pretest and Posttest - Edit2 FAILED.
Reason:
com.kms.katalon.core.exception.StepFailedException: Unable to select option by label 'Benar/Salah' of object 'Object Repository/Denna/Admin - Manage Test - Pretest and Posttest - Edit new/select tipe soal'  using regular expression
	at com.kms.katalon.core.webui.keyword.internal.WebUIKeywordMain.stepFailed(WebUIKeywordMain.groovy:64)
	at com.kms.katalon.core.webui.keyword.internal.WebUIKeywordMain.runKeyword(WebUIKeywordMain.groovy:26)
	at com.kms.katalon.core.webui.keyword.builtin.SelectOptionByLabelKeyword.selectOptionByLabel(SelectOptionByLabelKeyword.groovy:98)
	at com.kms.katalon.core.webui.keyword.builtin.SelectOptionByLabelKeyword.execute(SelectOptionByLabelKeyword.groovy:71)
	at com.kms.katalon.core.keyword.internal.KeywordExecutor.executeKeywordForPlatform(KeywordExecutor.groovy:72)
	at com.kms.katalon.core.webui.keyword.WebUiBuiltInKeywords.selectOptionByLabel(WebUiBuiltInKeywords.groovy:1200)
	at com.kms.katalon.core.webui.keyword.WebUiBuiltInKeywords$selectOptionByLabel$3.call(Unknown Source)
	at Admin - Manage Test - Pretest and Posttest - Edit2.run(Admin - Manage Test - Pretest and Posttest - Edit2:36)
	at com.kms.katalon.core.main.ScriptEngine.run(ScriptEngine.java:194)
	at com.kms.katalon.core.main.ScriptEngine.runScriptAsRawText(ScriptEngine.java:119)
	at com.kms.katalon.core.main.TestCaseExecutor.runScript(TestCaseExecutor.java:337)
	at com.kms.katalon.core.main.TestCaseExecutor.doExecute(TestCaseExecutor.java:328)
	at com.kms.katalon.core.main.TestCaseExecutor.processExecutionPhase(TestCaseExecutor.java:307)
	at com.kms.katalon.core.main.TestCaseExecutor.accessMainPhase(TestCaseExecutor.java:299)
	at com.kms.katalon.core.main.TestCaseExecutor.execute(TestCaseExecutor.java:233)
	at com.kms.katalon.core.main.TestSuiteExecutor.accessTestCaseMainPhase(TestSuiteExecutor.java:169)
	at com.kms.katalon.core.main.TestSuiteExecutor.accessTestSuiteMainPhase(TestSuiteExecutor.java:142)
	at com.kms.katalon.core.main.TestSuiteExecutor.execute(TestSuiteExecutor.java:91)
	at com.kms.katalon.core.main.TestCaseMain.startTestSuite(TestCaseMain.java:157)
	at com.kms.katalon.core.main.TestCaseMain$startTestSuite$0.call(Unknown Source)
	at TempTestSuite1592199106572.run(TempTestSuite1592199106572.groovy:36)
Caused by: com.kms.katalon.core.exception.StepFailedException: No option matched.
	at com.kms.katalon.core.keyword.internal.KeywordMain.stepFailed(KeywordMain.groovy:50)
	at com.kms.katalon.core.keyword.internal.KeywordMain.stepFailed(KeywordMain.groovy)
	at com.kms.katalon.core.keyword.internal.KeywordMain.stepFailed(KeywordMain.groovy:23)
	at com.kms.katalon.core.webui.keyword.builtin.SelectOptionByLabelKeyword$_selectOptionByLabel_closure1.doCall(SelectOptionByLabelKeyword.groovy:91)
	at com.kms.katalon.core.webui.keyword.builtin.SelectOptionByLabelKeyword$_selectOptionByLabel_closure1.call(SelectOptionByLabelKeyword.groovy)
	at com.kms.katalon.core.webui.keyword.internal.WebUIKeywordMain.runKeyword(WebUIKeywordMain.groovy:20)
	... 19 more
"/>
         <system-out><![CDATA[2020-06-15 12:35:44 - [TEST_CASE][FAILED] - Test Cases/Denna/Admin - Manage Test - Pretest and Posttest - Edit2: Test Cases/Denna/Admin - Manage Test - Pretest and Posttest - Edit2 FAILED.
Reason:
com.kms.katalon.core.exception.StepFailedException: Unable to select option by label 'Benar/Salah' of object 'Object Repository/Denna/Admin - Manage Test - Pretest and Posttest - Edit new/select tipe soal'  using regular expression
	at com.kms.katalon.core.webui.keyword.internal.WebUIKeywordMain.stepFailed(WebUIKeywordMain.groovy:64)
	at com.kms.katalon.core.webui.keyword.internal.WebUIKeywordMain.runKeyword(WebUIKeywordMain.groovy:26)
	at com.kms.katalon.core.webui.keyword.builtin.SelectOptionByLabelKeyword.selectOptionByLabel(SelectOptionByLabelKeyword.groovy:98)
	at com.kms.katalon.core.webui.keyword.builtin.SelectOptionByLabelKeyword.execute(SelectOptionByLabelKeyword.groovy:71)
	at com.kms.katalon.core.keyword.internal.KeywordExecutor.executeKeywordForPlatform(KeywordExecutor.groovy:72)
	at com.kms.katalon.core.webui.keyword.WebUiBuiltInKeywords.selectOptionByLabel(WebUiBuiltInKeywords.groovy:1200)
	at com.kms.katalon.core.webui.keyword.WebUiBuiltInKeywords$selectOptionByLabel$3.call(Unknown Source)
	at Admin - Manage Test - Pretest and Posttest - Edit2.run(Admin - Manage Test - Pretest and Posttest - Edit2:36)
	at com.kms.katalon.core.main.ScriptEngine.run(ScriptEngine.java:194)
	at com.kms.katalon.core.main.ScriptEngine.runScriptAsRawText(ScriptEngine.java:119)
	at com.kms.katalon.core.main.TestCaseExecutor.runScript(TestCaseExecutor.java:337)
	at com.kms.katalon.core.main.TestCaseExecutor.doExecute(TestCaseExecutor.java:328)
	at com.kms.katalon.core.main.TestCaseExecutor.processExecutionPhase(TestCaseExecutor.java:307)
	at com.kms.katalon.core.main.TestCaseExecutor.accessMainPhase(TestCaseExecutor.java:299)
	at com.kms.katalon.core.main.TestCaseExecutor.execute(TestCaseExecutor.java:233)
	at com.kms.katalon.core.main.TestSuiteExecutor.accessTestCaseMainPhase(TestSuiteExecutor.java:169)
	at com.kms.katalon.core.main.TestSuiteExecutor.accessTestSuiteMainPhase(TestSuiteExecutor.java:142)
	at com.kms.katalon.core.main.TestSuiteExecutor.execute(TestSuiteExecutor.java:91)
	at com.kms.katalon.core.main.TestCaseMain.startTestSuite(TestCaseMain.java:157)
	at com.kms.katalon.core.main.TestCaseMain$startTestSuite$0.call(Unknown Source)
	at TempTestSuite1592199106572.run(TempTestSuite1592199106572.groovy:36)
Caused by: com.kms.katalon.core.exception.StepFailedException: No option matched.
	at com.kms.katalon.core.keyword.internal.KeywordMain.stepFailed(KeywordMain.groovy:50)
	at com.kms.katalon.core.keyword.internal.KeywordMain.stepFailed(KeywordMain.groovy)
	at com.kms.katalon.core.keyword.internal.KeywordMain.stepFailed(KeywordMain.groovy:23)
	at com.kms.katalon.core.webui.keyword.builtin.SelectOptionByLabelKeyword$_selectOptionByLabel_closure1.doCall(SelectOptionByLabelKeyword.groovy:91)
	at com.kms.katalon.core.webui.keyword.builtin.SelectOptionByLabelKeyword$_selectOptionByLabel_closure1.call(SelectOptionByLabelKeyword.groovy)
	at com.kms.katalon.core.webui.keyword.internal.WebUIKeywordMain.runKeyword(WebUIKeywordMain.groovy:20)
	... 19 more


2020-06-15 12:35:44 - [TEST_STEP][PASSED] - callTestCase(findTestCase("Denna/Login(Admin)"), [:], STOP_ON_FAILURE): Call Test Case 'Test Cases/Denna/Login(Admin)' successfully

2020-06-15 12:35:44 - [TEST_CASE][PASSED] - Test Cases/Denna/Login(Admin): Test Cases/Denna/Login(Admin)

2020-06-15 12:35:44 - [TEST_STEP][PASSED] - openBrowser("https://appsrv1.deltadatamandiri.com/ACC_LMS_WEB/#/admNLmn"): Browser is opened with url: 'https://appsrv1.deltadatamandiri.com/ACC_LMS_WEB/#/admNLmn'

2020-06-15 12:35:44 - [MESSAGE][WARNING] - A browser is already opened. Closing browser and opening a new one

2020-06-15 12:35:45 - [MESSAGE][INFO] - Starting 'Chrome' driver

2020-06-15 12:36:01 - [MESSAGE][PASSED] - Browser is opened with url: 'https://appsrv1.deltadatamandiri.com/ACC_LMS_WEB/#/admNLmn'

2020-06-15 12:36:01 - [TEST_STEP][PASSED] - maximizeWindow(): Current window maximized

2020-06-15 12:36:03 - [MESSAGE][PASSED] - Current window maximized

2020-06-15 12:36:03 - [TEST_STEP][PASSED] - click(findTestObject("Object Repository/Denna/Admin - Login/button login")): Object: 'Object Repository/Denna/Admin - Login/button login' is clicked on

2020-06-15 12:36:06 - [MESSAGE][ERROR] - javascript error: Failed to execute 'elementsFromPoint' on 'Document': The provided double value is non-finite.
  (Session info: chrome=83.0.4103.97)
Build info: version: '3.141.59', revision: 'e82be7d358', time: '2018-11-14T08:25:53'
System info: host: 'DESKTOP-NHES7H6', ip: '192.168.1.116', os.name: 'Windows 10', os.arch: 'amd64', os.version: '10.0', java.version: '1.8.0_181'
Driver info: com.kms.katalon.selenium.driver.CChromeDriver
Capabilities {acceptInsecureCerts: false, browserName: chrome, browserVersion: 83.0.4103.97, chrome: {chromedriverVersion: 83.0.4103.39 (ccbf011cb2d2b..., userDataDir: C:\Users\ASUS\AppData\Local...}, goog:chromeOptions: {debuggerAddress: localhost:58116}, javascriptEnabled: true, networkConnectionEnabled: false, pageLoadStrategy: normal, platform: WINDOWS, platformName: WINDOWS, proxy: Proxy(), setWindowRect: true, strictFileInteractability: false, timeouts: {implicit: 0, pageLoad: 300000, script: 30000}, unhandledPromptBehavior: dismiss and notify, webauthn:virtualAuthenticators: true}
Session ID: 3fe6e229b6044139980be8cfb6921373

2020-06-15 12:36:07 - [MESSAGE][PASSED] - Object: 'Object Repository/Denna/Admin - Login/button login' is clicked on

2020-06-15 12:36:07 - [TEST_STEP][PASSED] - setText(findTestObject("Object Repository/Denna/Admin - Login/input_NPK_username"), "11666"): Text '11666' is set on object 'Object Repository/Denna/Admin - Login/input_NPK_username'

2020-06-15 12:36:08 - [MESSAGE][PASSED] - Text '11666' is set on object 'Object Repository/Denna/Admin - Login/input_NPK_username'

2020-06-15 12:36:08 - [TEST_STEP][PASSED] - setText(findTestObject("Object Repository/Denna/Admin - Login/input_Password_password"), "Password3"): Text 'Password3' is set on object 'Object Repository/Denna/Admin - Login/input_Password_password'

2020-06-15 12:36:09 - [MESSAGE][PASSED] - Text 'Password3' is set on object 'Object Repository/Denna/Admin - Login/input_Password_password'

2020-06-15 12:36:09 - [TEST_STEP][PASSED] - click(findTestObject("Denna/Admin - Login/button login1")): Object: 'Object Repository/Denna/Admin - Login/button login1' is clicked on

2020-06-15 12:36:09 - [MESSAGE][PASSED] - Object: 'Object Repository/Denna/Admin - Login/button login1' is clicked on

2020-06-15 12:36:09 - [MESSAGE][PASSED] - Call Test Case 'Test Cases/Denna/Login(Admin)' successfully

2020-06-15 12:36:09 - [TEST_STEP][PASSED] - click(findTestObject("Denna/Admin - Manage Test - Pretest and Posttest - Edit new/button_Test Management")): Object: 'Object Repository/Denna/Admin - Manage Test - Pretest and Posttest - Edit new/button_Test Management' is clicked on

2020-06-15 12:36:16 - [MESSAGE][PASSED] - Object: 'Object Repository/Denna/Admin - Manage Test - Pretest and Posttest - Edit new/button_Test Management' is clicked on

2020-06-15 12:36:16 - [TEST_STEP][PASSED] - click(findTestObject("Denna/Admin - Manage Test - Pretest and Posttest - Edit new/span_Pre-Test  Post-Test")): Object: 'Object Repository/Denna/Admin - Manage Test - Pretest and Posttest - Edit new/span_Pre-Test  Post-Test' is clicked on

2020-06-15 12:36:16 - [MESSAGE][PASSED] - Object: 'Object Repository/Denna/Admin - Manage Test - Pretest and Posttest - Edit new/span_Pre-Test  Post-Test' is clicked on

2020-06-15 12:36:16 - [TEST_STEP][PASSED] - delay(2): Delayed 2 second(s)

2020-06-15 12:36:18 - [MESSAGE][PASSED] - Delayed 2 second(s)

2020-06-15 12:36:18 - [TEST_STEP][PASSED] - click(findTestObject("Object Repository/Denna/Admin - Manage Test - Pretest and Posttest - Edit2/button EditOrDelete")): Object: 'Object Repository/Denna/Admin - Manage Test - Pretest and Posttest - Edit2/button EditOrDelete' is clicked on

2020-06-15 12:36:32 - [MESSAGE][PASSED] - Object: 'Object Repository/Denna/Admin - Manage Test - Pretest and Posttest - Edit2/button EditOrDelete' is clicked on

2020-06-15 12:36:32 - [TEST_STEP][PASSED] - click(findTestObject("Denna/Admin - Manage Test - Pretest and Posttest - Edit2/button Edit")): Object: 'Object Repository/Denna/Admin - Manage Test - Pretest and Posttest - Edit2/button Edit' is clicked on

2020-06-15 12:36:33 - [MESSAGE][PASSED] - Object: 'Object Repository/Denna/Admin - Manage Test - Pretest and Posttest - Edit2/button Edit' is clicked on

2020-06-15 12:36:33 - [TEST_STEP][PASSED] - delay(4): Delayed 4 second(s)

2020-06-15 12:36:37 - [MESSAGE][PASSED] - Delayed 4 second(s)

2020-06-15 12:36:37 - [TEST_STEP][PASSED] - selectOptionByLabel(findTestObject("Denna/Admin - Manage Test - Pretest and Posttest - Edit new/select category"), category, true): All options with label 'Post-Test' are selected in object 'Object Repository/Denna/Admin - Manage Test - Pretest and Posttest - Edit new/select category'  using regular expression

2020-06-15 12:36:43 - [MESSAGE][PASSED] - All options with label 'Post-Test' are selected in object 'Object Repository/Denna/Admin - Manage Test - Pretest and Posttest - Edit new/select category'  using regular expression

2020-06-15 12:36:43 - [TEST_STEP][FAILED] - selectOptionByLabel(findTestObject("Denna/Admin - Manage Test - Pretest and Posttest - Edit new/select tipe soal"), tipeSoal, true): Unable to select option by label 'Benar/Salah' of object 'Object Repository/Denna/Admin - Manage Test - Pretest and Posttest - Edit new/select tipe soal'  using regular expression (Root cause: com.kms.katalon.core.exception.StepFailedException: Unable to select option by label 'Benar/Salah' of object 'Object Repository/Denna/Admin - Manage Test - Pretest and Posttest - Edit new/select tipe soal'  using regular expression
	at com.kms.katalon.core.webui.keyword.internal.WebUIKeywordMain.stepFailed(WebUIKeywordMain.groovy:64)
	at com.kms.katalon.core.webui.keyword.internal.WebUIKeywordMain.runKeyword(WebUIKeywordMain.groovy:26)
	at com.kms.katalon.core.webui.keyword.builtin.SelectOptionByLabelKeyword.selectOptionByLabel(SelectOptionByLabelKeyword.groovy:98)
	at com.kms.katalon.core.webui.keyword.builtin.SelectOptionByLabelKeyword.execute(SelectOptionByLabelKeyword.groovy:71)
	at com.kms.katalon.core.keyword.internal.KeywordExecutor.executeKeywordForPlatform(KeywordExecutor.groovy:72)
	at com.kms.katalon.core.webui.keyword.WebUiBuiltInKeywords.selectOptionByLabel(WebUiBuiltInKeywords.groovy:1200)
	at com.kms.katalon.core.webui.keyword.WebUiBuiltInKeywords$selectOptionByLabel$3.call(Unknown Source)
	at Admin - Manage Test - Pretest and Posttest - Edit2.run(Admin - Manage Test - Pretest and Posttest - Edit2:36)
	at com.kms.katalon.core.main.ScriptEngine.run(ScriptEngine.java:194)
	at com.kms.katalon.core.main.ScriptEngine.runScriptAsRawText(ScriptEngine.java:119)
	at com.kms.katalon.core.main.TestCaseExecutor.runScript(TestCaseExecutor.java:337)
	at com.kms.katalon.core.main.TestCaseExecutor.doExecute(TestCaseExecutor.java:328)
	at com.kms.katalon.core.main.TestCaseExecutor.processExecutionPhase(TestCaseExecutor.java:307)
	at com.kms.katalon.core.main.TestCaseExecutor.accessMainPhase(TestCaseExecutor.java:299)
	at com.kms.katalon.core.main.TestCaseExecutor.execute(TestCaseExecutor.java:233)
	at com.kms.katalon.core.main.TestSuiteExecutor.accessTestCaseMainPhase(TestSuiteExecutor.java:169)
	at com.kms.katalon.core.main.TestSuiteExecutor.accessTestSuiteMainPhase(TestSuiteExecutor.java:142)
	at com.kms.katalon.core.main.TestSuiteExecutor.execute(TestSuiteExecutor.java:91)
	at com.kms.katalon.core.main.TestCaseMain.startTestSuite(TestCaseMain.java:157)
	at com.kms.katalon.core.main.TestCaseMain$startTestSuite$0.call(Unknown Source)
	at TempTestSuite1592199106572.run(TempTestSuite1592199106572.groovy:36)
Caused by: com.kms.katalon.core.exception.StepFailedException: No option matched.
	at com.kms.katalon.core.keyword.internal.KeywordMain.stepFailed(KeywordMain.groovy:50)
	at com.kms.katalon.core.keyword.internal.KeywordMain.stepFailed(KeywordMain.groovy)
	at com.kms.katalon.core.keyword.internal.KeywordMain.stepFailed(KeywordMain.groovy:23)
	at com.kms.katalon.core.webui.keyword.builtin.SelectOptionByLabelKeyword$_selectOptionByLabel_closure1.doCall(SelectOptionByLabelKeyword.groovy:91)
	at com.kms.katalon.core.webui.keyword.builtin.SelectOptionByLabelKeyword$_selectOptionByLabel_closure1.call(SelectOptionByLabelKeyword.groovy)
	at com.kms.katalon.core.webui.keyword.internal.WebUIKeywordMain.runKeyword(WebUIKeywordMain.groovy:20)
	at com.kms.katalon.core.webui.keyword.builtin.SelectOptionByLabelKeyword.selectOptionByLabel(SelectOptionByLabelKeyword.groovy:98)
	at com.kms.katalon.core.webui.keyword.builtin.SelectOptionByLabelKeyword.execute(SelectOptionByLabelKeyword.groovy:71)
	at com.kms.katalon.core.keyword.internal.KeywordExecutor.executeKeywordForPlatform(KeywordExecutor.groovy:72)
	at com.kms.katalon.core.webui.keyword.WebUiBuiltInKeywords.selectOptionByLabel(WebUiBuiltInKeywords.groovy:1200)
	at com.kms.katalon.core.webui.keyword.WebUiBuiltInKeywords$selectOptionByLabel$3.call(Unknown Source)
	at Script1590816477294.run(Script1590816477294.groovy:36)
	... 13 more
)

2020-06-15 12:36:44 - [MESSAGE][FAILED] - No option matched.

2020-06-15 12:36:44 - [MESSAGE][FAILED] - Unable to select option by label 'Benar/Salah' of object 'Object Repository/Denna/Admin - Manage Test - Pretest and Posttest - Edit new/select tipe soal'  using regular expression (Root cause: com.kms.katalon.core.exception.StepFailedException: Unable to select option by label 'Benar/Salah' of object 'Object Repository/Denna/Admin - Manage Test - Pretest and Posttest - Edit new/select tipe soal'  using regular expression
	at com.kms.katalon.core.webui.keyword.internal.WebUIKeywordMain.stepFailed(WebUIKeywordMain.groovy:64)
	at com.kms.katalon.core.webui.keyword.internal.WebUIKeywordMain.runKeyword(WebUIKeywordMain.groovy:26)
	at com.kms.katalon.core.webui.keyword.builtin.SelectOptionByLabelKeyword.selectOptionByLabel(SelectOptionByLabelKeyword.groovy:98)
	at com.kms.katalon.core.webui.keyword.builtin.SelectOptionByLabelKeyword.execute(SelectOptionByLabelKeyword.groovy:71)
	at com.kms.katalon.core.keyword.internal.KeywordExecutor.executeKeywordForPlatform(KeywordExecutor.groovy:72)
	at com.kms.katalon.core.webui.keyword.WebUiBuiltInKeywords.selectOptionByLabel(WebUiBuiltInKeywords.groovy:1200)
	at com.kms.katalon.core.webui.keyword.WebUiBuiltInKeywords$selectOptionByLabel$3.call(Unknown Source)
	at Admin - Manage Test - Pretest and Posttest - Edit2.run(Admin - Manage Test - Pretest and Posttest - Edit2:36)
	at com.kms.katalon.core.main.ScriptEngine.run(ScriptEngine.java:194)
	at com.kms.katalon.core.main.ScriptEngine.runScriptAsRawText(ScriptEngine.java:119)
	at com.kms.katalon.core.main.TestCaseExecutor.runScript(TestCaseExecutor.java:337)
	at com.kms.katalon.core.main.TestCaseExecutor.doExecute(TestCaseExecutor.java:328)
	at com.kms.katalon.core.main.TestCaseExecutor.processExecutionPhase(TestCaseExecutor.java:307)
	at com.kms.katalon.core.main.TestCaseExecutor.accessMainPhase(TestCaseExecutor.java:299)
	at com.kms.katalon.core.main.TestCaseExecutor.execute(TestCaseExecutor.java:233)
	at com.kms.katalon.core.main.TestSuiteExecutor.accessTestCaseMainPhase(TestSuiteExecutor.java:169)
	at com.kms.katalon.core.main.TestSuiteExecutor.accessTestSuiteMainPhase(TestSuiteExecutor.java:142)
	at com.kms.katalon.core.main.TestSuiteExecutor.execute(TestSuiteExecutor.java:91)
	at com.kms.katalon.core.main.TestCaseMain.startTestSuite(TestCaseMain.java:157)
	at com.kms.katalon.core.main.TestCaseMain$startTestSuite$0.call(Unknown Source)
	at TempTestSuite1592199106572.run(TempTestSuite1592199106572.groovy:36)
Caused by: com.kms.katalon.core.exception.StepFailedException: No option matched.
	at com.kms.katalon.core.keyword.internal.KeywordMain.stepFailed(KeywordMain.groovy:50)
	at com.kms.katalon.core.keyword.internal.KeywordMain.stepFailed(KeywordMain.groovy)
	at com.kms.katalon.core.keyword.internal.KeywordMain.stepFailed(KeywordMain.groovy:23)
	at com.kms.katalon.core.webui.keyword.builtin.SelectOptionByLabelKeyword$_selectOptionByLabel_closure1.doCall(SelectOptionByLabelKeyword.groovy:91)
	at com.kms.katalon.core.webui.keyword.builtin.SelectOptionByLabelKeyword$_selectOptionByLabel_closure1.call(SelectOptionByLabelKeyword.groovy)
	at com.kms.katalon.core.webui.keyword.internal.WebUIKeywordMain.runKeyword(WebUIKeywordMain.groovy:20)
	at com.kms.katalon.core.webui.keyword.builtin.SelectOptionByLabelKeyword.selectOptionByLabel(SelectOptionByLabelKeyword.groovy:98)
	at com.kms.katalon.core.webui.keyword.builtin.SelectOptionByLabelKeyword.execute(SelectOptionByLabelKeyword.groovy:71)
	at com.kms.katalon.core.keyword.internal.KeywordExecutor.executeKeywordForPlatform(KeywordExecutor.groovy:72)
	at com.kms.katalon.core.webui.keyword.WebUiBuiltInKeywords.selectOptionByLabel(WebUiBuiltInKeywords.groovy:1200)
	at com.kms.katalon.core.webui.keyword.WebUiBuiltInKeywords$selectOptionByLabel$3.call(Unknown Source)
	at Script1590816477294.run(Script1590816477294.groovy:36)
	... 13 more
)
[[ATTACHMENT|D:\\MY WORLD\\WORKS (TUGAS)\\LearningManagementWeb\\Reports\\20200615_123146\\Denna\\Admin - Manage Test - Pretest and Posttest - Edit (with verify)\\20200615_123146\\1592199404363.png]]]]></system-out>
         <system-err><![CDATA[2020-06-15 12:35:44 - [TEST_CASE][FAILED] - Test Cases/Denna/Admin - Manage Test - Pretest and Posttest - Edit2: Test Cases/Denna/Admin - Manage Test - Pretest and Posttest - Edit2 FAILED.
Reason:
com.kms.katalon.core.exception.StepFailedException: Unable to select option by label 'Benar/Salah' of object 'Object Repository/Denna/Admin - Manage Test - Pretest and Posttest - Edit new/select tipe soal'  using regular expression
	at com.kms.katalon.core.webui.keyword.internal.WebUIKeywordMain.stepFailed(WebUIKeywordMain.groovy:64)
	at com.kms.katalon.core.webui.keyword.internal.WebUIKeywordMain.runKeyword(WebUIKeywordMain.groovy:26)
	at com.kms.katalon.core.webui.keyword.builtin.SelectOptionByLabelKeyword.selectOptionByLabel(SelectOptionByLabelKeyword.groovy:98)
	at com.kms.katalon.core.webui.keyword.builtin.SelectOptionByLabelKeyword.execute(SelectOptionByLabelKeyword.groovy:71)
	at com.kms.katalon.core.keyword.internal.KeywordExecutor.executeKeywordForPlatform(KeywordExecutor.groovy:72)
	at com.kms.katalon.core.webui.keyword.WebUiBuiltInKeywords.selectOptionByLabel(WebUiBuiltInKeywords.groovy:1200)
	at com.kms.katalon.core.webui.keyword.WebUiBuiltInKeywords$selectOptionByLabel$3.call(Unknown Source)
	at Admin - Manage Test - Pretest and Posttest - Edit2.run(Admin - Manage Test - Pretest and Posttest - Edit2:36)
	at com.kms.katalon.core.main.ScriptEngine.run(ScriptEngine.java:194)
	at com.kms.katalon.core.main.ScriptEngine.runScriptAsRawText(ScriptEngine.java:119)
	at com.kms.katalon.core.main.TestCaseExecutor.runScript(TestCaseExecutor.java:337)
	at com.kms.katalon.core.main.TestCaseExecutor.doExecute(TestCaseExecutor.java:328)
	at com.kms.katalon.core.main.TestCaseExecutor.processExecutionPhase(TestCaseExecutor.java:307)
	at com.kms.katalon.core.main.TestCaseExecutor.accessMainPhase(TestCaseExecutor.java:299)
	at com.kms.katalon.core.main.TestCaseExecutor.execute(TestCaseExecutor.java:233)
	at com.kms.katalon.core.main.TestSuiteExecutor.accessTestCaseMainPhase(TestSuiteExecutor.java:169)
	at com.kms.katalon.core.main.TestSuiteExecutor.accessTestSuiteMainPhase(TestSuiteExecutor.java:142)
	at com.kms.katalon.core.main.TestSuiteExecutor.execute(TestSuiteExecutor.java:91)
	at com.kms.katalon.core.main.TestCaseMain.startTestSuite(TestCaseMain.java:157)
	at com.kms.katalon.core.main.TestCaseMain$startTestSuite$0.call(Unknown Source)
	at TempTestSuite1592199106572.run(TempTestSuite1592199106572.groovy:36)
Caused by: com.kms.katalon.core.exception.StepFailedException: No option matched.
	at com.kms.katalon.core.keyword.internal.KeywordMain.stepFailed(KeywordMain.groovy:50)
	at com.kms.katalon.core.keyword.internal.KeywordMain.stepFailed(KeywordMain.groovy)
	at com.kms.katalon.core.keyword.internal.KeywordMain.stepFailed(KeywordMain.groovy:23)
	at com.kms.katalon.core.webui.keyword.builtin.SelectOptionByLabelKeyword$_selectOptionByLabel_closure1.doCall(SelectOptionByLabelKeyword.groovy:91)
	at com.kms.katalon.core.webui.keyword.builtin.SelectOptionByLabelKeyword$_selectOptionByLabel_closure1.call(SelectOptionByLabelKeyword.groovy)
	at com.kms.katalon.core.webui.keyword.internal.WebUIKeywordMain.runKeyword(WebUIKeywordMain.groovy:20)
	... 19 more]]></system-err>
      </testcase>
      <testcase name="Test Cases/Denna/Admin - Manage Test - Pretest and Posttest - Edit2" time="88.85" classname="Test Cases/Denna/Admin - Manage Test - Pretest and Posttest - Edit2" status="PASSED">
         <system-out><![CDATA[2020-06-15 12:36:44 - [TEST_CASE][PASSED] - Test Cases/Denna/Admin - Manage Test - Pretest and Posttest - Edit2: Test Cases/Denna/Admin - Manage Test - Pretest and Posttest - Edit2

2020-06-15 12:36:45 - [TEST_STEP][PASSED] - callTestCase(findTestCase("Denna/Login(Admin)"), [:], STOP_ON_FAILURE): Call Test Case 'Test Cases/Denna/Login(Admin)' successfully

2020-06-15 12:36:45 - [TEST_CASE][PASSED] - Test Cases/Denna/Login(Admin): Test Cases/Denna/Login(Admin)

2020-06-15 12:36:45 - [TEST_STEP][PASSED] - openBrowser("https://appsrv1.deltadatamandiri.com/ACC_LMS_WEB/#/admNLmn"): Browser is opened with url: 'https://appsrv1.deltadatamandiri.com/ACC_LMS_WEB/#/admNLmn'

2020-06-15 12:36:45 - [MESSAGE][WARNING] - A browser is already opened. Closing browser and opening a new one

2020-06-15 12:36:46 - [MESSAGE][INFO] - Starting 'Chrome' driver

2020-06-15 12:37:01 - [MESSAGE][PASSED] - Browser is opened with url: 'https://appsrv1.deltadatamandiri.com/ACC_LMS_WEB/#/admNLmn'

2020-06-15 12:37:01 - [TEST_STEP][PASSED] - maximizeWindow(): Current window maximized

2020-06-15 12:37:03 - [MESSAGE][PASSED] - Current window maximized

2020-06-15 12:37:03 - [TEST_STEP][PASSED] - click(findTestObject("Object Repository/Denna/Admin - Login/button login")): Object: 'Object Repository/Denna/Admin - Login/button login' is clicked on

2020-06-15 12:37:06 - [MESSAGE][PASSED] - Object: 'Object Repository/Denna/Admin - Login/button login' is clicked on

2020-06-15 12:37:06 - [TEST_STEP][PASSED] - setText(findTestObject("Object Repository/Denna/Admin - Login/input_NPK_username"), "11666"): Text '11666' is set on object 'Object Repository/Denna/Admin - Login/input_NPK_username'

2020-06-15 12:37:08 - [MESSAGE][PASSED] - Text '11666' is set on object 'Object Repository/Denna/Admin - Login/input_NPK_username'

2020-06-15 12:37:08 - [TEST_STEP][PASSED] - setText(findTestObject("Object Repository/Denna/Admin - Login/input_Password_password"), "Password3"): Text 'Password3' is set on object 'Object Repository/Denna/Admin - Login/input_Password_password'

2020-06-15 12:37:08 - [MESSAGE][PASSED] - Text 'Password3' is set on object 'Object Repository/Denna/Admin - Login/input_Password_password'

2020-06-15 12:37:08 - [TEST_STEP][PASSED] - click(findTestObject("Denna/Admin - Login/button login1")): Object: 'Object Repository/Denna/Admin - Login/button login1' is clicked on

2020-06-15 12:37:09 - [MESSAGE][PASSED] - Object: 'Object Repository/Denna/Admin - Login/button login1' is clicked on

2020-06-15 12:37:09 - [MESSAGE][PASSED] - Call Test Case 'Test Cases/Denna/Login(Admin)' successfully

2020-06-15 12:37:09 - [TEST_STEP][PASSED] - click(findTestObject("Denna/Admin - Manage Test - Pretest and Posttest - Edit new/button_Test Management")): Object: 'Object Repository/Denna/Admin - Manage Test - Pretest and Posttest - Edit new/button_Test Management' is clicked on

2020-06-15 12:37:16 - [MESSAGE][PASSED] - Object: 'Object Repository/Denna/Admin - Manage Test - Pretest and Posttest - Edit new/button_Test Management' is clicked on

2020-06-15 12:37:16 - [TEST_STEP][PASSED] - click(findTestObject("Denna/Admin - Manage Test - Pretest and Posttest - Edit new/span_Pre-Test  Post-Test")): Object: 'Object Repository/Denna/Admin - Manage Test - Pretest and Posttest - Edit new/span_Pre-Test  Post-Test' is clicked on

2020-06-15 12:37:17 - [MESSAGE][PASSED] - Object: 'Object Repository/Denna/Admin - Manage Test - Pretest and Posttest - Edit new/span_Pre-Test  Post-Test' is clicked on

2020-06-15 12:37:17 - [TEST_STEP][PASSED] - delay(2): Delayed 2 second(s)

2020-06-15 12:37:19 - [MESSAGE][PASSED] - Delayed 2 second(s)

2020-06-15 12:37:19 - [TEST_STEP][PASSED] - click(findTestObject("Object Repository/Denna/Admin - Manage Test - Pretest and Posttest - Edit2/button EditOrDelete")): Object: 'Object Repository/Denna/Admin - Manage Test - Pretest and Posttest - Edit2/button EditOrDelete' is clicked on

2020-06-15 12:37:31 - [MESSAGE][PASSED] - Object: 'Object Repository/Denna/Admin - Manage Test - Pretest and Posttest - Edit2/button EditOrDelete' is clicked on

2020-06-15 12:37:31 - [TEST_STEP][PASSED] - click(findTestObject("Denna/Admin - Manage Test - Pretest and Posttest - Edit2/button Edit")): Object: 'Object Repository/Denna/Admin - Manage Test - Pretest and Posttest - Edit2/button Edit' is clicked on

2020-06-15 12:37:32 - [MESSAGE][PASSED] - Object: 'Object Repository/Denna/Admin - Manage Test - Pretest and Posttest - Edit2/button Edit' is clicked on

2020-06-15 12:37:32 - [TEST_STEP][PASSED] - delay(4): Delayed 4 second(s)

2020-06-15 12:37:36 - [MESSAGE][PASSED] - Delayed 4 second(s)

2020-06-15 12:37:36 - [TEST_STEP][PASSED] - selectOptionByLabel(findTestObject("Denna/Admin - Manage Test - Pretest and Posttest - Edit new/select category"), category, true): All options with label 'Pre-Test' are selected in object 'Object Repository/Denna/Admin - Manage Test - Pretest and Posttest - Edit new/select category'  using regular expression

2020-06-15 12:37:41 - [MESSAGE][PASSED] - All options with label 'Pre-Test' are selected in object 'Object Repository/Denna/Admin - Manage Test - Pretest and Posttest - Edit new/select category'  using regular expression

2020-06-15 12:37:41 - [TEST_STEP][PASSED] - selectOptionByLabel(findTestObject("Denna/Admin - Manage Test - Pretest and Posttest - Edit new/select tipe soal"), tipeSoal, true): All options with label 'Uraian' are selected in object 'Object Repository/Denna/Admin - Manage Test - Pretest and Posttest - Edit new/select tipe soal'  using regular expression

2020-06-15 12:37:46 - [MESSAGE][PASSED] - All options with label 'Uraian' are selected in object 'Object Repository/Denna/Admin - Manage Test - Pretest and Posttest - Edit new/select tipe soal'  using regular expression

2020-06-15 12:37:46 - [TEST_STEP][PASSED] - selectOptionByLabel(findTestObject("Denna/Admin - Manage Test - Pretest and Posttest - Edit new/select job function"), jobFunction, true): All options with label 'SALES' are selected in object 'Object Repository/Denna/Admin - Manage Test - Pretest and Posttest - Edit new/select job function'  using regular expression

2020-06-15 12:37:49 - [MESSAGE][PASSED] - All options with label 'SALES' are selected in object 'Object Repository/Denna/Admin - Manage Test - Pretest and Posttest - Edit new/select job function'  using regular expression

2020-06-15 12:37:49 - [TEST_STEP][PASSED] - selectOptionByLabel(findTestObject("Denna/Admin - Manage Test - Pretest and Posttest - Edit new/select job position"), jobPosition, true): All options with label '' are selected in object 'Object Repository/Denna/Admin - Manage Test - Pretest and Posttest - Edit new/select job position'  using regular expression

2020-06-15 12:37:52 - [MESSAGE][PASSED] - All options with label '' are selected in object 'Object Repository/Denna/Admin - Manage Test - Pretest and Posttest - Edit new/select job position'  using regular expression

2020-06-15 12:37:52 - [TEST_STEP][PASSED] - selectOptionByLabel(findTestObject("Denna/Admin - Manage Test - Pretest and Posttest - Edit new/select module"), module, true): All options with label 'NEOP ARHO' are selected in object 'Object Repository/Denna/Admin - Manage Test - Pretest and Posttest - Edit new/select module'  using regular expression

2020-06-15 12:37:54 - [MESSAGE][PASSED] - All options with label 'NEOP ARHO' are selected in object 'Object Repository/Denna/Admin - Manage Test - Pretest and Posttest - Edit new/select module'  using regular expression

2020-06-15 12:37:54 - [TEST_STEP][PASSED] - setText(findTestObject("Denna/Admin - Manage Test - Pretest and Posttest - Edit new/input Technical Competence"), technicalCompentence): Text '' is set on object 'Object Repository/Denna/Admin - Manage Test - Pretest and Posttest - Edit new/input Technical Competence'

2020-06-15 12:37:54 - [MESSAGE][PASSED] - Text '' is set on object 'Object Repository/Denna/Admin - Manage Test - Pretest and Posttest - Edit new/input Technical Competence'

2020-06-15 12:37:54 - [TEST_STEP][PASSED] - setText(findTestObject("Denna/Admin - Manage Test - Pretest and Posttest - Edit new/input Level Competence"), levelCompetence): Text '' is set on object 'Object Repository/Denna/Admin - Manage Test - Pretest and Posttest - Edit new/input Level Competence'

2020-06-15 12:37:55 - [MESSAGE][PASSED] - Text '' is set on object 'Object Repository/Denna/Admin - Manage Test - Pretest and Posttest - Edit new/input Level Competence'

2020-06-15 12:37:55 - [TEST_STEP][PASSED] - setText(findTestObject("Denna/Admin - Manage Test - Pretest and Posttest - Edit new/textarea Soal"), soal): Text '' is set on object 'Object Repository/Denna/Admin - Manage Test - Pretest and Posttest - Edit new/textarea Soal'

2020-06-15 12:37:55 - [MESSAGE][PASSED] - Text '' is set on object 'Object Repository/Denna/Admin - Manage Test - Pretest and Posttest - Edit new/textarea Soal'

2020-06-15 12:37:55 - [TEST_STEP][PASSED] - if (tipeSoal == "Pilihan Ganda"): null

2020-06-15 12:37:55 - [TEST_STEP][PASSED] - else if (tipeSoal == "Uraian"): Text '' is set on object 'Object Repository/Denna/Admin - Manage Test - Pretest and Posttest - Edit new/textarea Kunci Jawaban Uraian'

2020-06-15 12:37:55 - [TEST_STEP][PASSED] - setText(findTestObject("Denna/Admin - Manage Test - Pretest and Posttest - Edit new/textarea Kunci Jawaban Uraian"), jawabanUraian): Text '' is set on object 'Object Repository/Denna/Admin - Manage Test - Pretest and Posttest - Edit new/textarea Kunci Jawaban Uraian'

2020-06-15 12:37:56 - [MESSAGE][PASSED] - Text '' is set on object 'Object Repository/Denna/Admin - Manage Test - Pretest and Posttest - Edit new/textarea Kunci Jawaban Uraian'

2020-06-15 12:37:56 - [TEST_STEP][PASSED] - click(findTestObject("Denna/Admin - Manage Test - Pretest and Posttest - Edit new/button Submit")): Object: 'Object Repository/Denna/Admin - Manage Test - Pretest and Posttest - Edit new/button Submit' is clicked on

2020-06-15 12:37:56 - [MESSAGE][PASSED] - Object: 'Object Repository/Denna/Admin - Manage Test - Pretest and Posttest - Edit new/button Submit' is clicked on

2020-06-15 12:37:56 - [TEST_STEP][PASSED] - switch (kondisi): null

2020-06-15 12:37:56 - [TEST_STEP][PASSED] - case "fail":: null

2020-06-15 12:37:56 - [TEST_STEP][PASSED] - delay(8): Delayed 8 second(s)

2020-06-15 12:38:04 - [MESSAGE][PASSED] - Delayed 8 second(s)

2020-06-15 12:38:04 - [TEST_STEP][PASSED] - verifyElementVisible(findTestObject("Denna/Admin - Manage Test - Pretest and Posttest - Edit new/button Submit")): Object 'Object Repository/Denna/Admin - Manage Test - Pretest and Posttest - Edit new/button Submit' is visible

2020-06-15 12:38:12 - [MESSAGE][PASSED] - Object 'Object Repository/Denna/Admin - Manage Test - Pretest and Posttest - Edit new/button Submit' is visible

2020-06-15 12:38:12 - [TEST_STEP][PASSED] - break: null

2020-06-15 12:38:12 - [TEST_STEP][PASSED] - closeBrowser(): Browser is closed

2020-06-15 12:38:13 - [MESSAGE][PASSED] - Browser is closed]]></system-out>
         <system-err><![CDATA[]]></system-err>
      </testcase>
      <testcase name="Test Cases/Denna/Admin - Manage Test - Pretest and Posttest - Edit2" time="100.11" classname="Test Cases/Denna/Admin - Manage Test - Pretest and Posttest - Edit2" status="PASSED">
         <system-out><![CDATA[2020-06-15 12:38:13 - [TEST_CASE][PASSED] - Test Cases/Denna/Admin - Manage Test - Pretest and Posttest - Edit2: Test Cases/Denna/Admin - Manage Test - Pretest and Posttest - Edit2

2020-06-15 12:38:14 - [TEST_STEP][PASSED] - callTestCase(findTestCase("Denna/Login(Admin)"), [:], STOP_ON_FAILURE): Call Test Case 'Test Cases/Denna/Login(Admin)' successfully

2020-06-15 12:38:14 - [TEST_CASE][PASSED] - Test Cases/Denna/Login(Admin): Test Cases/Denna/Login(Admin)

2020-06-15 12:38:14 - [TEST_STEP][PASSED] - openBrowser("https://appsrv1.deltadatamandiri.com/ACC_LMS_WEB/#/admNLmn"): Browser is opened with url: 'https://appsrv1.deltadatamandiri.com/ACC_LMS_WEB/#/admNLmn'

2020-06-15 12:38:14 - [MESSAGE][INFO] - Starting 'Chrome' driver

2020-06-15 12:38:38 - [MESSAGE][PASSED] - Browser is opened with url: 'https://appsrv1.deltadatamandiri.com/ACC_LMS_WEB/#/admNLmn'

2020-06-15 12:38:38 - [TEST_STEP][PASSED] - maximizeWindow(): Current window maximized

2020-06-15 12:38:39 - [MESSAGE][PASSED] - Current window maximized

2020-06-15 12:38:39 - [TEST_STEP][PASSED] - click(findTestObject("Object Repository/Denna/Admin - Login/button login")): Object: 'Object Repository/Denna/Admin - Login/button login' is clicked on

2020-06-15 12:38:43 - [MESSAGE][ERROR] - javascript error: Failed to execute 'elementsFromPoint' on 'Document': The provided double value is non-finite.
  (Session info: chrome=83.0.4103.97)
Build info: version: '3.141.59', revision: 'e82be7d358', time: '2018-11-14T08:25:53'
System info: host: 'DESKTOP-NHES7H6', ip: '192.168.1.116', os.name: 'Windows 10', os.arch: 'amd64', os.version: '10.0', java.version: '1.8.0_181'
Driver info: com.kms.katalon.selenium.driver.CChromeDriver
Capabilities {acceptInsecureCerts: false, browserName: chrome, browserVersion: 83.0.4103.97, chrome: {chromedriverVersion: 83.0.4103.39 (ccbf011cb2d2b..., userDataDir: C:\Users\ASUS\AppData\Local...}, goog:chromeOptions: {debuggerAddress: localhost:58223}, javascriptEnabled: true, networkConnectionEnabled: false, pageLoadStrategy: normal, platform: WINDOWS, platformName: WINDOWS, proxy: Proxy(), setWindowRect: true, strictFileInteractability: false, timeouts: {implicit: 0, pageLoad: 300000, script: 30000}, unhandledPromptBehavior: dismiss and notify, webauthn:virtualAuthenticators: true}
Session ID: a41bdc7aa44cd90539494425381d4d7b

2020-06-15 12:38:44 - [MESSAGE][PASSED] - Object: 'Object Repository/Denna/Admin - Login/button login' is clicked on

2020-06-15 12:38:44 - [TEST_STEP][PASSED] - setText(findTestObject("Object Repository/Denna/Admin - Login/input_NPK_username"), "11666"): Text '11666' is set on object 'Object Repository/Denna/Admin - Login/input_NPK_username'

2020-06-15 12:38:44 - [MESSAGE][PASSED] - Text '11666' is set on object 'Object Repository/Denna/Admin - Login/input_NPK_username'

2020-06-15 12:38:44 - [TEST_STEP][PASSED] - setText(findTestObject("Object Repository/Denna/Admin - Login/input_Password_password"), "Password3"): Text 'Password3' is set on object 'Object Repository/Denna/Admin - Login/input_Password_password'

2020-06-15 12:38:45 - [MESSAGE][PASSED] - Text 'Password3' is set on object 'Object Repository/Denna/Admin - Login/input_Password_password'

2020-06-15 12:38:45 - [TEST_STEP][PASSED] - click(findTestObject("Denna/Admin - Login/button login1")): Object: 'Object Repository/Denna/Admin - Login/button login1' is clicked on

2020-06-15 12:38:46 - [MESSAGE][PASSED] - Object: 'Object Repository/Denna/Admin - Login/button login1' is clicked on

2020-06-15 12:38:46 - [MESSAGE][PASSED] - Call Test Case 'Test Cases/Denna/Login(Admin)' successfully

2020-06-15 12:38:46 - [TEST_STEP][PASSED] - click(findTestObject("Denna/Admin - Manage Test - Pretest and Posttest - Edit new/button_Test Management")): Object: 'Object Repository/Denna/Admin - Manage Test - Pretest and Posttest - Edit new/button_Test Management' is clicked on

2020-06-15 12:38:52 - [MESSAGE][PASSED] - Object: 'Object Repository/Denna/Admin - Manage Test - Pretest and Posttest - Edit new/button_Test Management' is clicked on

2020-06-15 12:38:52 - [TEST_STEP][PASSED] - click(findTestObject("Denna/Admin - Manage Test - Pretest and Posttest - Edit new/span_Pre-Test  Post-Test")): Object: 'Object Repository/Denna/Admin - Manage Test - Pretest and Posttest - Edit new/span_Pre-Test  Post-Test' is clicked on

2020-06-15 12:38:53 - [MESSAGE][PASSED] - Object: 'Object Repository/Denna/Admin - Manage Test - Pretest and Posttest - Edit new/span_Pre-Test  Post-Test' is clicked on

2020-06-15 12:38:53 - [TEST_STEP][PASSED] - delay(2): Delayed 2 second(s)

2020-06-15 12:38:55 - [MESSAGE][PASSED] - Delayed 2 second(s)

2020-06-15 12:38:55 - [TEST_STEP][PASSED] - click(findTestObject("Object Repository/Denna/Admin - Manage Test - Pretest and Posttest - Edit2/button EditOrDelete")): Object: 'Object Repository/Denna/Admin - Manage Test - Pretest and Posttest - Edit2/button EditOrDelete' is clicked on

2020-06-15 12:39:10 - [MESSAGE][PASSED] - Object: 'Object Repository/Denna/Admin - Manage Test - Pretest and Posttest - Edit2/button EditOrDelete' is clicked on

2020-06-15 12:39:10 - [TEST_STEP][PASSED] - click(findTestObject("Denna/Admin - Manage Test - Pretest and Posttest - Edit2/button Edit")): Object: 'Object Repository/Denna/Admin - Manage Test - Pretest and Posttest - Edit2/button Edit' is clicked on

2020-06-15 12:39:11 - [MESSAGE][PASSED] - Object: 'Object Repository/Denna/Admin - Manage Test - Pretest and Posttest - Edit2/button Edit' is clicked on

2020-06-15 12:39:11 - [TEST_STEP][PASSED] - delay(4): Delayed 4 second(s)

2020-06-15 12:39:15 - [MESSAGE][PASSED] - Delayed 4 second(s)

2020-06-15 12:39:15 - [TEST_STEP][PASSED] - selectOptionByLabel(findTestObject("Denna/Admin - Manage Test - Pretest and Posttest - Edit new/select category"), category, true): All options with label 'Pre-Test' are selected in object 'Object Repository/Denna/Admin - Manage Test - Pretest and Posttest - Edit new/select category'  using regular expression

2020-06-15 12:39:20 - [MESSAGE][PASSED] - All options with label 'Pre-Test' are selected in object 'Object Repository/Denna/Admin - Manage Test - Pretest and Posttest - Edit new/select category'  using regular expression

2020-06-15 12:39:20 - [TEST_STEP][PASSED] - selectOptionByLabel(findTestObject("Denna/Admin - Manage Test - Pretest and Posttest - Edit new/select tipe soal"), tipeSoal, true): All options with label 'Uraian' are selected in object 'Object Repository/Denna/Admin - Manage Test - Pretest and Posttest - Edit new/select tipe soal'  using regular expression

2020-06-15 12:39:21 - [MESSAGE][PASSED] - All options with label 'Uraian' are selected in object 'Object Repository/Denna/Admin - Manage Test - Pretest and Posttest - Edit new/select tipe soal'  using regular expression

2020-06-15 12:39:21 - [TEST_STEP][PASSED] - selectOptionByLabel(findTestObject("Denna/Admin - Manage Test - Pretest and Posttest - Edit new/select job function"), jobFunction, true): All options with label 'SALES' are selected in object 'Object Repository/Denna/Admin - Manage Test - Pretest and Posttest - Edit new/select job function'  using regular expression

2020-06-15 12:39:22 - [MESSAGE][PASSED] - All options with label 'SALES' are selected in object 'Object Repository/Denna/Admin - Manage Test - Pretest and Posttest - Edit new/select job function'  using regular expression

2020-06-15 12:39:22 - [TEST_STEP][PASSED] - selectOptionByLabel(findTestObject("Denna/Admin - Manage Test - Pretest and Posttest - Edit new/select job position"), jobPosition, true): All options with label 'SALES HEAD' are selected in object 'Object Repository/Denna/Admin - Manage Test - Pretest and Posttest - Edit new/select job position'  using regular expression

2020-06-15 12:39:25 - [MESSAGE][PASSED] - All options with label 'SALES HEAD' are selected in object 'Object Repository/Denna/Admin - Manage Test - Pretest and Posttest - Edit new/select job position'  using regular expression

2020-06-15 12:39:25 - [TEST_STEP][PASSED] - selectOptionByLabel(findTestObject("Denna/Admin - Manage Test - Pretest and Posttest - Edit new/select module"), module, true): All options with label 'NEOP ARHO' are selected in object 'Object Repository/Denna/Admin - Manage Test - Pretest and Posttest - Edit new/select module'  using regular expression

2020-06-15 12:39:27 - [MESSAGE][PASSED] - All options with label 'NEOP ARHO' are selected in object 'Object Repository/Denna/Admin - Manage Test - Pretest and Posttest - Edit new/select module'  using regular expression

2020-06-15 12:39:27 - [TEST_STEP][PASSED] - setText(findTestObject("Denna/Admin - Manage Test - Pretest and Posttest - Edit new/input Technical Competence"), technicalCompentence): Text 'technical' is set on object 'Object Repository/Denna/Admin - Manage Test - Pretest and Posttest - Edit new/input Technical Competence'

2020-06-15 12:39:28 - [MESSAGE][PASSED] - Text 'technical' is set on object 'Object Repository/Denna/Admin - Manage Test - Pretest and Posttest - Edit new/input Technical Competence'

2020-06-15 12:39:28 - [TEST_STEP][PASSED] - setText(findTestObject("Denna/Admin - Manage Test - Pretest and Posttest - Edit new/input Level Competence"), levelCompetence): Text 'level' is set on object 'Object Repository/Denna/Admin - Manage Test - Pretest and Posttest - Edit new/input Level Competence'

2020-06-15 12:39:28 - [MESSAGE][PASSED] - Text 'level' is set on object 'Object Repository/Denna/Admin - Manage Test - Pretest and Posttest - Edit new/input Level Competence'

2020-06-15 12:39:28 - [TEST_STEP][PASSED] - setText(findTestObject("Denna/Admin - Manage Test - Pretest and Posttest - Edit new/textarea Soal"), soal): Text '' is set on object 'Object Repository/Denna/Admin - Manage Test - Pretest and Posttest - Edit new/textarea Soal'

2020-06-15 12:39:29 - [MESSAGE][PASSED] - Text '' is set on object 'Object Repository/Denna/Admin - Manage Test - Pretest and Posttest - Edit new/textarea Soal'

2020-06-15 12:39:29 - [TEST_STEP][PASSED] - if (tipeSoal == "Pilihan Ganda"): null

2020-06-15 12:39:29 - [TEST_STEP][PASSED] - else if (tipeSoal == "Uraian"): Text '' is set on object 'Object Repository/Denna/Admin - Manage Test - Pretest and Posttest - Edit new/textarea Kunci Jawaban Uraian'

2020-06-15 12:39:29 - [TEST_STEP][PASSED] - setText(findTestObject("Denna/Admin - Manage Test - Pretest and Posttest - Edit new/textarea Kunci Jawaban Uraian"), jawabanUraian): Text '' is set on object 'Object Repository/Denna/Admin - Manage Test - Pretest and Posttest - Edit new/textarea Kunci Jawaban Uraian'

2020-06-15 12:39:29 - [MESSAGE][PASSED] - Text '' is set on object 'Object Repository/Denna/Admin - Manage Test - Pretest and Posttest - Edit new/textarea Kunci Jawaban Uraian'

2020-06-15 12:39:29 - [TEST_STEP][PASSED] - click(findTestObject("Denna/Admin - Manage Test - Pretest and Posttest - Edit new/button Submit")): Object: 'Object Repository/Denna/Admin - Manage Test - Pretest and Posttest - Edit new/button Submit' is clicked on

2020-06-15 12:39:30 - [MESSAGE][PASSED] - Object: 'Object Repository/Denna/Admin - Manage Test - Pretest and Posttest - Edit new/button Submit' is clicked on

2020-06-15 12:39:30 - [TEST_STEP][PASSED] - switch (kondisi): null

2020-06-15 12:39:30 - [TEST_STEP][PASSED] - case "fail":: null

2020-06-15 12:39:30 - [TEST_STEP][PASSED] - delay(8): Delayed 8 second(s)

2020-06-15 12:39:38 - [MESSAGE][PASSED] - Delayed 8 second(s)

2020-06-15 12:39:38 - [TEST_STEP][PASSED] - verifyElementVisible(findTestObject("Denna/Admin - Manage Test - Pretest and Posttest - Edit new/button Submit")): Object 'Object Repository/Denna/Admin - Manage Test - Pretest and Posttest - Edit new/button Submit' is visible

2020-06-15 12:39:53 - [MESSAGE][PASSED] - Object 'Object Repository/Denna/Admin - Manage Test - Pretest and Posttest - Edit new/button Submit' is visible

2020-06-15 12:39:53 - [TEST_STEP][PASSED] - break: null

2020-06-15 12:39:53 - [TEST_STEP][PASSED] - closeBrowser(): Browser is closed

2020-06-15 12:39:53 - [MESSAGE][PASSED] - Browser is closed]]></system-out>
         <system-err><![CDATA[]]></system-err>
      </testcase>
      <testcase name="Test Cases/Denna/Admin - Manage Test - Pretest and Posttest - Edit2" time="92.529" classname="Test Cases/Denna/Admin - Manage Test - Pretest and Posttest - Edit2" status="PASSED">
         <system-out><![CDATA[2020-06-15 12:39:54 - [TEST_CASE][PASSED] - Test Cases/Denna/Admin - Manage Test - Pretest and Posttest - Edit2: Test Cases/Denna/Admin - Manage Test - Pretest and Posttest - Edit2

2020-06-15 12:39:54 - [TEST_STEP][PASSED] - callTestCase(findTestCase("Denna/Login(Admin)"), [:], STOP_ON_FAILURE): Call Test Case 'Test Cases/Denna/Login(Admin)' successfully

2020-06-15 12:39:54 - [TEST_CASE][PASSED] - Test Cases/Denna/Login(Admin): Test Cases/Denna/Login(Admin)

2020-06-15 12:39:54 - [TEST_STEP][PASSED] - openBrowser("https://appsrv1.deltadatamandiri.com/ACC_LMS_WEB/#/admNLmn"): Browser is opened with url: 'https://appsrv1.deltadatamandiri.com/ACC_LMS_WEB/#/admNLmn'

2020-06-15 12:39:54 - [MESSAGE][INFO] - Starting 'Chrome' driver

2020-06-15 12:40:14 - [MESSAGE][PASSED] - Browser is opened with url: 'https://appsrv1.deltadatamandiri.com/ACC_LMS_WEB/#/admNLmn'

2020-06-15 12:40:14 - [TEST_STEP][PASSED] - maximizeWindow(): Current window maximized

2020-06-15 12:40:15 - [MESSAGE][PASSED] - Current window maximized

2020-06-15 12:40:15 - [TEST_STEP][PASSED] - click(findTestObject("Object Repository/Denna/Admin - Login/button login")): Object: 'Object Repository/Denna/Admin - Login/button login' is clicked on

2020-06-15 12:40:20 - [MESSAGE][ERROR] - javascript error: Failed to execute 'elementsFromPoint' on 'Document': The provided double value is non-finite.
  (Session info: chrome=83.0.4103.97)
Build info: version: '3.141.59', revision: 'e82be7d358', time: '2018-11-14T08:25:53'
System info: host: 'DESKTOP-NHES7H6', ip: '192.168.1.116', os.name: 'Windows 10', os.arch: 'amd64', os.version: '10.0', java.version: '1.8.0_181'
Driver info: com.kms.katalon.selenium.driver.CChromeDriver
Capabilities {acceptInsecureCerts: false, browserName: chrome, browserVersion: 83.0.4103.97, chrome: {chromedriverVersion: 83.0.4103.39 (ccbf011cb2d2b..., userDataDir: C:\Users\ASUS\AppData\Local...}, goog:chromeOptions: {debuggerAddress: localhost:58291}, javascriptEnabled: true, networkConnectionEnabled: false, pageLoadStrategy: normal, platform: WINDOWS, platformName: WINDOWS, proxy: Proxy(), setWindowRect: true, strictFileInteractability: false, timeouts: {implicit: 0, pageLoad: 300000, script: 30000}, unhandledPromptBehavior: dismiss and notify, webauthn:virtualAuthenticators: true}
Session ID: 85a38e858997f831c811235c97d93ffe

2020-06-15 12:40:21 - [MESSAGE][PASSED] - Object: 'Object Repository/Denna/Admin - Login/button login' is clicked on

2020-06-15 12:40:21 - [TEST_STEP][PASSED] - setText(findTestObject("Object Repository/Denna/Admin - Login/input_NPK_username"), "11666"): Text '11666' is set on object 'Object Repository/Denna/Admin - Login/input_NPK_username'

2020-06-15 12:40:22 - [MESSAGE][PASSED] - Text '11666' is set on object 'Object Repository/Denna/Admin - Login/input_NPK_username'

2020-06-15 12:40:22 - [TEST_STEP][PASSED] - setText(findTestObject("Object Repository/Denna/Admin - Login/input_Password_password"), "Password3"): Text 'Password3' is set on object 'Object Repository/Denna/Admin - Login/input_Password_password'

2020-06-15 12:40:22 - [MESSAGE][PASSED] - Text 'Password3' is set on object 'Object Repository/Denna/Admin - Login/input_Password_password'

2020-06-15 12:40:22 - [TEST_STEP][PASSED] - click(findTestObject("Denna/Admin - Login/button login1")): Object: 'Object Repository/Denna/Admin - Login/button login1' is clicked on

2020-06-15 12:40:23 - [MESSAGE][PASSED] - Object: 'Object Repository/Denna/Admin - Login/button login1' is clicked on

2020-06-15 12:40:23 - [MESSAGE][PASSED] - Call Test Case 'Test Cases/Denna/Login(Admin)' successfully

2020-06-15 12:40:23 - [TEST_STEP][PASSED] - click(findTestObject("Denna/Admin - Manage Test - Pretest and Posttest - Edit new/button_Test Management")): Object: 'Object Repository/Denna/Admin - Manage Test - Pretest and Posttest - Edit new/button_Test Management' is clicked on

2020-06-15 12:40:34 - [MESSAGE][PASSED] - Object: 'Object Repository/Denna/Admin - Manage Test - Pretest and Posttest - Edit new/button_Test Management' is clicked on

2020-06-15 12:40:34 - [TEST_STEP][PASSED] - click(findTestObject("Denna/Admin - Manage Test - Pretest and Posttest - Edit new/span_Pre-Test  Post-Test")): Object: 'Object Repository/Denna/Admin - Manage Test - Pretest and Posttest - Edit new/span_Pre-Test  Post-Test' is clicked on

2020-06-15 12:40:35 - [MESSAGE][PASSED] - Object: 'Object Repository/Denna/Admin - Manage Test - Pretest and Posttest - Edit new/span_Pre-Test  Post-Test' is clicked on

2020-06-15 12:40:35 - [TEST_STEP][PASSED] - delay(2): Delayed 2 second(s)

2020-06-15 12:40:37 - [MESSAGE][PASSED] - Delayed 2 second(s)

2020-06-15 12:40:37 - [TEST_STEP][PASSED] - click(findTestObject("Object Repository/Denna/Admin - Manage Test - Pretest and Posttest - Edit2/button EditOrDelete")): Object: 'Object Repository/Denna/Admin - Manage Test - Pretest and Posttest - Edit2/button EditOrDelete' is clicked on

2020-06-15 12:40:51 - [MESSAGE][PASSED] - Object: 'Object Repository/Denna/Admin - Manage Test - Pretest and Posttest - Edit2/button EditOrDelete' is clicked on

2020-06-15 12:40:51 - [TEST_STEP][PASSED] - click(findTestObject("Denna/Admin - Manage Test - Pretest and Posttest - Edit2/button Edit")): Object: 'Object Repository/Denna/Admin - Manage Test - Pretest and Posttest - Edit2/button Edit' is clicked on

2020-06-15 12:40:52 - [MESSAGE][PASSED] - Object: 'Object Repository/Denna/Admin - Manage Test - Pretest and Posttest - Edit2/button Edit' is clicked on

2020-06-15 12:40:52 - [TEST_STEP][PASSED] - delay(4): Delayed 4 second(s)

2020-06-15 12:40:56 - [MESSAGE][PASSED] - Delayed 4 second(s)

2020-06-15 12:40:56 - [TEST_STEP][PASSED] - selectOptionByLabel(findTestObject("Denna/Admin - Manage Test - Pretest and Posttest - Edit new/select category"), category, true): All options with label 'Pre-Test' are selected in object 'Object Repository/Denna/Admin - Manage Test - Pretest and Posttest - Edit new/select category'  using regular expression

2020-06-15 12:41:01 - [MESSAGE][PASSED] - All options with label 'Pre-Test' are selected in object 'Object Repository/Denna/Admin - Manage Test - Pretest and Posttest - Edit new/select category'  using regular expression

2020-06-15 12:41:01 - [TEST_STEP][PASSED] - selectOptionByLabel(findTestObject("Denna/Admin - Manage Test - Pretest and Posttest - Edit new/select tipe soal"), tipeSoal, true): All options with label 'Pilihan Ganda' are selected in object 'Object Repository/Denna/Admin - Manage Test - Pretest and Posttest - Edit new/select tipe soal'  using regular expression

2020-06-15 12:41:02 - [MESSAGE][PASSED] - All options with label 'Pilihan Ganda' are selected in object 'Object Repository/Denna/Admin - Manage Test - Pretest and Posttest - Edit new/select tipe soal'  using regular expression

2020-06-15 12:41:02 - [TEST_STEP][PASSED] - selectOptionByLabel(findTestObject("Denna/Admin - Manage Test - Pretest and Posttest - Edit new/select job function"), jobFunction, true): All options with label 'SALES' are selected in object 'Object Repository/Denna/Admin - Manage Test - Pretest and Posttest - Edit new/select job function'  using regular expression

2020-06-15 12:41:06 - [MESSAGE][PASSED] - All options with label 'SALES' are selected in object 'Object Repository/Denna/Admin - Manage Test - Pretest and Posttest - Edit new/select job function'  using regular expression

2020-06-15 12:41:06 - [TEST_STEP][PASSED] - selectOptionByLabel(findTestObject("Denna/Admin - Manage Test - Pretest and Posttest - Edit new/select job position"), jobPosition, true): All options with label 'SALES HEAD' are selected in object 'Object Repository/Denna/Admin - Manage Test - Pretest and Posttest - Edit new/select job position'  using regular expression

2020-06-15 12:41:10 - [MESSAGE][PASSED] - All options with label 'SALES HEAD' are selected in object 'Object Repository/Denna/Admin - Manage Test - Pretest and Posttest - Edit new/select job position'  using regular expression

2020-06-15 12:41:10 - [TEST_STEP][PASSED] - selectOptionByLabel(findTestObject("Denna/Admin - Manage Test - Pretest and Posttest - Edit new/select module"), module, true): All options with label 'NEOP ARHO' are selected in object 'Object Repository/Denna/Admin - Manage Test - Pretest and Posttest - Edit new/select module'  using regular expression

2020-06-15 12:41:12 - [MESSAGE][PASSED] - All options with label 'NEOP ARHO' are selected in object 'Object Repository/Denna/Admin - Manage Test - Pretest and Posttest - Edit new/select module'  using regular expression

2020-06-15 12:41:12 - [TEST_STEP][PASSED] - setText(findTestObject("Denna/Admin - Manage Test - Pretest and Posttest - Edit new/input Technical Competence"), technicalCompentence): Text 'technical' is set on object 'Object Repository/Denna/Admin - Manage Test - Pretest and Posttest - Edit new/input Technical Competence'

2020-06-15 12:41:12 - [MESSAGE][PASSED] - Text 'technical' is set on object 'Object Repository/Denna/Admin - Manage Test - Pretest and Posttest - Edit new/input Technical Competence'

2020-06-15 12:41:12 - [TEST_STEP][PASSED] - setText(findTestObject("Denna/Admin - Manage Test - Pretest and Posttest - Edit new/input Level Competence"), levelCompetence): Text 'level' is set on object 'Object Repository/Denna/Admin - Manage Test - Pretest and Posttest - Edit new/input Level Competence'

2020-06-15 12:41:13 - [MESSAGE][PASSED] - Text 'level' is set on object 'Object Repository/Denna/Admin - Manage Test - Pretest and Posttest - Edit new/input Level Competence'

2020-06-15 12:41:13 - [TEST_STEP][PASSED] - setText(findTestObject("Denna/Admin - Manage Test - Pretest and Posttest - Edit new/textarea Soal"), soal): Text '' is set on object 'Object Repository/Denna/Admin - Manage Test - Pretest and Posttest - Edit new/textarea Soal'

2020-06-15 12:41:13 - [MESSAGE][PASSED] - Text '' is set on object 'Object Repository/Denna/Admin - Manage Test - Pretest and Posttest - Edit new/textarea Soal'

2020-06-15 12:41:13 - [TEST_STEP][PASSED] - if (tipeSoal == "Pilihan Ganda"): All options with label '' are selected in object 'Object Repository/Denna/Admin - Manage Test - Pretest and Posttest - Edit new/select ABCD' 

2020-06-15 12:41:13 - [TEST_STEP][PASSED] - setText(findTestObject("Denna/Admin - Manage Test - Pretest and Posttest - Edit new/input Jawaban A"), jawabanA): Text '' is set on object 'Object Repository/Denna/Admin - Manage Test - Pretest and Posttest - Edit new/input Jawaban A'

2020-06-15 12:41:14 - [MESSAGE][PASSED] - Text '' is set on object 'Object Repository/Denna/Admin - Manage Test - Pretest and Posttest - Edit new/input Jawaban A'

2020-06-15 12:41:14 - [TEST_STEP][PASSED] - setText(findTestObject("Denna/Admin - Manage Test - Pretest and Posttest - Edit new/input Jawaban B"), jawabanB): Text '' is set on object 'Object Repository/Denna/Admin - Manage Test - Pretest and Posttest - Edit new/input Jawaban B'

2020-06-15 12:41:14 - [MESSAGE][PASSED] - Text '' is set on object 'Object Repository/Denna/Admin - Manage Test - Pretest and Posttest - Edit new/input Jawaban B'

2020-06-15 12:41:14 - [TEST_STEP][PASSED] - setText(findTestObject("Denna/Admin - Manage Test - Pretest and Posttest - Edit new/input Jawaban C"), jawabanC): Text '' is set on object 'Object Repository/Denna/Admin - Manage Test - Pretest and Posttest - Edit new/input Jawaban C'

2020-06-15 12:41:15 - [MESSAGE][PASSED] - Text '' is set on object 'Object Repository/Denna/Admin - Manage Test - Pretest and Posttest - Edit new/input Jawaban C'

2020-06-15 12:41:15 - [TEST_STEP][PASSED] - setText(findTestObject("Denna/Admin - Manage Test - Pretest and Posttest - Edit new/input Jawaban D"), jawabanD): Text '' is set on object 'Object Repository/Denna/Admin - Manage Test - Pretest and Posttest - Edit new/input Jawaban D'

2020-06-15 12:41:15 - [MESSAGE][PASSED] - Text '' is set on object 'Object Repository/Denna/Admin - Manage Test - Pretest and Posttest - Edit new/input Jawaban D'

2020-06-15 12:41:15 - [TEST_STEP][PASSED] - selectOptionByLabel(findTestObject("Denna/Admin - Manage Test - Pretest and Posttest - Edit new/select ABCD"), jawabanABCD, false): All options with label '' are selected in object 'Object Repository/Denna/Admin - Manage Test - Pretest and Posttest - Edit new/select ABCD' 

2020-06-15 12:41:16 - [MESSAGE][PASSED] - All options with label '' are selected in object 'Object Repository/Denna/Admin - Manage Test - Pretest and Posttest - Edit new/select ABCD' 

2020-06-15 12:41:16 - [TEST_STEP][PASSED] - click(findTestObject("Denna/Admin - Manage Test - Pretest and Posttest - Edit new/button Submit")): Object: 'Object Repository/Denna/Admin - Manage Test - Pretest and Posttest - Edit new/button Submit' is clicked on

2020-06-15 12:41:16 - [MESSAGE][PASSED] - Object: 'Object Repository/Denna/Admin - Manage Test - Pretest and Posttest - Edit new/button Submit' is clicked on

2020-06-15 12:41:16 - [TEST_STEP][PASSED] - switch (kondisi): null

2020-06-15 12:41:16 - [TEST_STEP][PASSED] - case "fail":: null

2020-06-15 12:41:16 - [TEST_STEP][PASSED] - delay(8): Delayed 8 second(s)

2020-06-15 12:41:24 - [MESSAGE][PASSED] - Delayed 8 second(s)

2020-06-15 12:41:24 - [TEST_STEP][PASSED] - verifyElementVisible(findTestObject("Denna/Admin - Manage Test - Pretest and Posttest - Edit new/button Submit")): Object 'Object Repository/Denna/Admin - Manage Test - Pretest and Posttest - Edit new/button Submit' is visible

2020-06-15 12:41:25 - [MESSAGE][PASSED] - Object 'Object Repository/Denna/Admin - Manage Test - Pretest and Posttest - Edit new/button Submit' is visible

2020-06-15 12:41:25 - [TEST_STEP][PASSED] - break: null

2020-06-15 12:41:25 - [TEST_STEP][PASSED] - closeBrowser(): Browser is closed

2020-06-15 12:41:26 - [MESSAGE][PASSED] - Browser is closed]]></system-out>
         <system-err><![CDATA[]]></system-err>
      </testcase>
      <testcase name="Test Cases/Denna/Admin - Manage Test - Pretest and Posttest - Edit2" time="69.439" classname="Test Cases/Denna/Admin - Manage Test - Pretest and Posttest - Edit2" status="FAILED">
         <failure type="FAILED" message="Test Cases/Denna/Admin - Manage Test - Pretest and Posttest - Edit2 FAILED.
Reason:
com.kms.katalon.core.exception.StepFailedException: Unable to select option by label 'Benar/Salah' of object 'Object Repository/Denna/Admin - Manage Test - Pretest and Posttest - Edit new/select tipe soal'  using regular expression
	at com.kms.katalon.core.webui.keyword.internal.WebUIKeywordMain.stepFailed(WebUIKeywordMain.groovy:64)
	at com.kms.katalon.core.webui.keyword.internal.WebUIKeywordMain.runKeyword(WebUIKeywordMain.groovy:26)
	at com.kms.katalon.core.webui.keyword.builtin.SelectOptionByLabelKeyword.selectOptionByLabel(SelectOptionByLabelKeyword.groovy:98)
	at com.kms.katalon.core.webui.keyword.builtin.SelectOptionByLabelKeyword.execute(SelectOptionByLabelKeyword.groovy:71)
	at com.kms.katalon.core.keyword.internal.KeywordExecutor.executeKeywordForPlatform(KeywordExecutor.groovy:72)
	at com.kms.katalon.core.webui.keyword.WebUiBuiltInKeywords.selectOptionByLabel(WebUiBuiltInKeywords.groovy:1200)
	at com.kms.katalon.core.webui.keyword.WebUiBuiltInKeywords$selectOptionByLabel$3.call(Unknown Source)
	at Admin - Manage Test - Pretest and Posttest - Edit2.run(Admin - Manage Test - Pretest and Posttest - Edit2:36)
	at com.kms.katalon.core.main.ScriptEngine.run(ScriptEngine.java:194)
	at com.kms.katalon.core.main.ScriptEngine.runScriptAsRawText(ScriptEngine.java:119)
	at com.kms.katalon.core.main.TestCaseExecutor.runScript(TestCaseExecutor.java:337)
	at com.kms.katalon.core.main.TestCaseExecutor.doExecute(TestCaseExecutor.java:328)
	at com.kms.katalon.core.main.TestCaseExecutor.processExecutionPhase(TestCaseExecutor.java:307)
	at com.kms.katalon.core.main.TestCaseExecutor.accessMainPhase(TestCaseExecutor.java:299)
	at com.kms.katalon.core.main.TestCaseExecutor.execute(TestCaseExecutor.java:233)
	at com.kms.katalon.core.main.TestSuiteExecutor.accessTestCaseMainPhase(TestSuiteExecutor.java:169)
	at com.kms.katalon.core.main.TestSuiteExecutor.accessTestSuiteMainPhase(TestSuiteExecutor.java:142)
	at com.kms.katalon.core.main.TestSuiteExecutor.execute(TestSuiteExecutor.java:91)
	at com.kms.katalon.core.main.TestCaseMain.startTestSuite(TestCaseMain.java:157)
	at com.kms.katalon.core.main.TestCaseMain$startTestSuite$0.call(Unknown Source)
	at TempTestSuite1592199106572.run(TempTestSuite1592199106572.groovy:36)
Caused by: com.kms.katalon.core.exception.StepFailedException: No option matched.
	at com.kms.katalon.core.keyword.internal.KeywordMain.stepFailed(KeywordMain.groovy:50)
	at com.kms.katalon.core.keyword.internal.KeywordMain.stepFailed(KeywordMain.groovy)
	at com.kms.katalon.core.keyword.internal.KeywordMain.stepFailed(KeywordMain.groovy:23)
	at com.kms.katalon.core.webui.keyword.builtin.SelectOptionByLabelKeyword$_selectOptionByLabel_closure1.doCall(SelectOptionByLabelKeyword.groovy:91)
	at com.kms.katalon.core.webui.keyword.builtin.SelectOptionByLabelKeyword$_selectOptionByLabel_closure1.call(SelectOptionByLabelKeyword.groovy)
	at com.kms.katalon.core.webui.keyword.internal.WebUIKeywordMain.runKeyword(WebUIKeywordMain.groovy:20)
	... 19 more
"/>
         <system-out><![CDATA[2020-06-15 12:41:26 - [TEST_CASE][FAILED] - Test Cases/Denna/Admin - Manage Test - Pretest and Posttest - Edit2: Test Cases/Denna/Admin - Manage Test - Pretest and Posttest - Edit2 FAILED.
Reason:
com.kms.katalon.core.exception.StepFailedException: Unable to select option by label 'Benar/Salah' of object 'Object Repository/Denna/Admin - Manage Test - Pretest and Posttest - Edit new/select tipe soal'  using regular expression
	at com.kms.katalon.core.webui.keyword.internal.WebUIKeywordMain.stepFailed(WebUIKeywordMain.groovy:64)
	at com.kms.katalon.core.webui.keyword.internal.WebUIKeywordMain.runKeyword(WebUIKeywordMain.groovy:26)
	at com.kms.katalon.core.webui.keyword.builtin.SelectOptionByLabelKeyword.selectOptionByLabel(SelectOptionByLabelKeyword.groovy:98)
	at com.kms.katalon.core.webui.keyword.builtin.SelectOptionByLabelKeyword.execute(SelectOptionByLabelKeyword.groovy:71)
	at com.kms.katalon.core.keyword.internal.KeywordExecutor.executeKeywordForPlatform(KeywordExecutor.groovy:72)
	at com.kms.katalon.core.webui.keyword.WebUiBuiltInKeywords.selectOptionByLabel(WebUiBuiltInKeywords.groovy:1200)
	at com.kms.katalon.core.webui.keyword.WebUiBuiltInKeywords$selectOptionByLabel$3.call(Unknown Source)
	at Admin - Manage Test - Pretest and Posttest - Edit2.run(Admin - Manage Test - Pretest and Posttest - Edit2:36)
	at com.kms.katalon.core.main.ScriptEngine.run(ScriptEngine.java:194)
	at com.kms.katalon.core.main.ScriptEngine.runScriptAsRawText(ScriptEngine.java:119)
	at com.kms.katalon.core.main.TestCaseExecutor.runScript(TestCaseExecutor.java:337)
	at com.kms.katalon.core.main.TestCaseExecutor.doExecute(TestCaseExecutor.java:328)
	at com.kms.katalon.core.main.TestCaseExecutor.processExecutionPhase(TestCaseExecutor.java:307)
	at com.kms.katalon.core.main.TestCaseExecutor.accessMainPhase(TestCaseExecutor.java:299)
	at com.kms.katalon.core.main.TestCaseExecutor.execute(TestCaseExecutor.java:233)
	at com.kms.katalon.core.main.TestSuiteExecutor.accessTestCaseMainPhase(TestSuiteExecutor.java:169)
	at com.kms.katalon.core.main.TestSuiteExecutor.accessTestSuiteMainPhase(TestSuiteExecutor.java:142)
	at com.kms.katalon.core.main.TestSuiteExecutor.execute(TestSuiteExecutor.java:91)
	at com.kms.katalon.core.main.TestCaseMain.startTestSuite(TestCaseMain.java:157)
	at com.kms.katalon.core.main.TestCaseMain$startTestSuite$0.call(Unknown Source)
	at TempTestSuite1592199106572.run(TempTestSuite1592199106572.groovy:36)
Caused by: com.kms.katalon.core.exception.StepFailedException: No option matched.
	at com.kms.katalon.core.keyword.internal.KeywordMain.stepFailed(KeywordMain.groovy:50)
	at com.kms.katalon.core.keyword.internal.KeywordMain.stepFailed(KeywordMain.groovy)
	at com.kms.katalon.core.keyword.internal.KeywordMain.stepFailed(KeywordMain.groovy:23)
	at com.kms.katalon.core.webui.keyword.builtin.SelectOptionByLabelKeyword$_selectOptionByLabel_closure1.doCall(SelectOptionByLabelKeyword.groovy:91)
	at com.kms.katalon.core.webui.keyword.builtin.SelectOptionByLabelKeyword$_selectOptionByLabel_closure1.call(SelectOptionByLabelKeyword.groovy)
	at com.kms.katalon.core.webui.keyword.internal.WebUIKeywordMain.runKeyword(WebUIKeywordMain.groovy:20)
	... 19 more


2020-06-15 12:41:26 - [TEST_STEP][PASSED] - callTestCase(findTestCase("Denna/Login(Admin)"), [:], STOP_ON_FAILURE): Call Test Case 'Test Cases/Denna/Login(Admin)' successfully

2020-06-15 12:41:27 - [TEST_CASE][PASSED] - Test Cases/Denna/Login(Admin): Test Cases/Denna/Login(Admin)

2020-06-15 12:41:27 - [TEST_STEP][PASSED] - openBrowser("https://appsrv1.deltadatamandiri.com/ACC_LMS_WEB/#/admNLmn"): Browser is opened with url: 'https://appsrv1.deltadatamandiri.com/ACC_LMS_WEB/#/admNLmn'

2020-06-15 12:41:27 - [MESSAGE][INFO] - Starting 'Chrome' driver

2020-06-15 12:41:53 - [MESSAGE][PASSED] - Browser is opened with url: 'https://appsrv1.deltadatamandiri.com/ACC_LMS_WEB/#/admNLmn'

2020-06-15 12:41:53 - [TEST_STEP][PASSED] - maximizeWindow(): Current window maximized

2020-06-15 12:41:54 - [MESSAGE][PASSED] - Current window maximized

2020-06-15 12:41:54 - [TEST_STEP][PASSED] - click(findTestObject("Object Repository/Denna/Admin - Login/button login")): Object: 'Object Repository/Denna/Admin - Login/button login' is clicked on

2020-06-15 12:41:58 - [MESSAGE][ERROR] - javascript error: Failed to execute 'elementsFromPoint' on 'Document': The provided double value is non-finite.
  (Session info: chrome=83.0.4103.97)
Build info: version: '3.141.59', revision: 'e82be7d358', time: '2018-11-14T08:25:53'
System info: host: 'DESKTOP-NHES7H6', ip: '192.168.1.116', os.name: 'Windows 10', os.arch: 'amd64', os.version: '10.0', java.version: '1.8.0_181'
Driver info: com.kms.katalon.selenium.driver.CChromeDriver
Capabilities {acceptInsecureCerts: false, browserName: chrome, browserVersion: 83.0.4103.97, chrome: {chromedriverVersion: 83.0.4103.39 (ccbf011cb2d2b..., userDataDir: C:\Users\ASUS\AppData\Local...}, goog:chromeOptions: {debuggerAddress: localhost:58356}, javascriptEnabled: true, networkConnectionEnabled: false, pageLoadStrategy: normal, platform: WINDOWS, platformName: WINDOWS, proxy: Proxy(), setWindowRect: true, strictFileInteractability: false, timeouts: {implicit: 0, pageLoad: 300000, script: 30000}, unhandledPromptBehavior: dismiss and notify, webauthn:virtualAuthenticators: true}
Session ID: 85df3d680bb06a5fac40bbcf589020a4

2020-06-15 12:41:59 - [MESSAGE][PASSED] - Object: 'Object Repository/Denna/Admin - Login/button login' is clicked on

2020-06-15 12:41:59 - [TEST_STEP][PASSED] - setText(findTestObject("Object Repository/Denna/Admin - Login/input_NPK_username"), "11666"): Text '11666' is set on object 'Object Repository/Denna/Admin - Login/input_NPK_username'

2020-06-15 12:42:00 - [MESSAGE][PASSED] - Text '11666' is set on object 'Object Repository/Denna/Admin - Login/input_NPK_username'

2020-06-15 12:42:00 - [TEST_STEP][PASSED] - setText(findTestObject("Object Repository/Denna/Admin - Login/input_Password_password"), "Password3"): Text 'Password3' is set on object 'Object Repository/Denna/Admin - Login/input_Password_password'

2020-06-15 12:42:01 - [MESSAGE][PASSED] - Text 'Password3' is set on object 'Object Repository/Denna/Admin - Login/input_Password_password'

2020-06-15 12:42:01 - [TEST_STEP][PASSED] - click(findTestObject("Denna/Admin - Login/button login1")): Object: 'Object Repository/Denna/Admin - Login/button login1' is clicked on

2020-06-15 12:42:01 - [MESSAGE][PASSED] - Object: 'Object Repository/Denna/Admin - Login/button login1' is clicked on

2020-06-15 12:42:01 - [MESSAGE][PASSED] - Call Test Case 'Test Cases/Denna/Login(Admin)' successfully

2020-06-15 12:42:01 - [TEST_STEP][PASSED] - click(findTestObject("Denna/Admin - Manage Test - Pretest and Posttest - Edit new/button_Test Management")): Object: 'Object Repository/Denna/Admin - Manage Test - Pretest and Posttest - Edit new/button_Test Management' is clicked on

2020-06-15 12:42:10 - [MESSAGE][PASSED] - Object: 'Object Repository/Denna/Admin - Manage Test - Pretest and Posttest - Edit new/button_Test Management' is clicked on

2020-06-15 12:42:10 - [TEST_STEP][PASSED] - click(findTestObject("Denna/Admin - Manage Test - Pretest and Posttest - Edit new/span_Pre-Test  Post-Test")): Object: 'Object Repository/Denna/Admin - Manage Test - Pretest and Posttest - Edit new/span_Pre-Test  Post-Test' is clicked on

2020-06-15 12:42:10 - [MESSAGE][PASSED] - Object: 'Object Repository/Denna/Admin - Manage Test - Pretest and Posttest - Edit new/span_Pre-Test  Post-Test' is clicked on

2020-06-15 12:42:10 - [TEST_STEP][PASSED] - delay(2): Delayed 2 second(s)

2020-06-15 12:42:12 - [MESSAGE][PASSED] - Delayed 2 second(s)

2020-06-15 12:42:12 - [TEST_STEP][PASSED] - click(findTestObject("Object Repository/Denna/Admin - Manage Test - Pretest and Posttest - Edit2/button EditOrDelete")): Object: 'Object Repository/Denna/Admin - Manage Test - Pretest and Posttest - Edit2/button EditOrDelete' is clicked on

2020-06-15 12:42:25 - [MESSAGE][PASSED] - Object: 'Object Repository/Denna/Admin - Manage Test - Pretest and Posttest - Edit2/button EditOrDelete' is clicked on

2020-06-15 12:42:25 - [TEST_STEP][PASSED] - click(findTestObject("Denna/Admin - Manage Test - Pretest and Posttest - Edit2/button Edit")): Object: 'Object Repository/Denna/Admin - Manage Test - Pretest and Posttest - Edit2/button Edit' is clicked on

2020-06-15 12:42:26 - [MESSAGE][PASSED] - Object: 'Object Repository/Denna/Admin - Manage Test - Pretest and Posttest - Edit2/button Edit' is clicked on

2020-06-15 12:42:26 - [TEST_STEP][PASSED] - delay(4): Delayed 4 second(s)

2020-06-15 12:42:30 - [MESSAGE][PASSED] - Delayed 4 second(s)

2020-06-15 12:42:30 - [TEST_STEP][PASSED] - selectOptionByLabel(findTestObject("Denna/Admin - Manage Test - Pretest and Posttest - Edit new/select category"), category, true): All options with label 'Pre-Test' are selected in object 'Object Repository/Denna/Admin - Manage Test - Pretest and Posttest - Edit new/select category'  using regular expression

2020-06-15 12:42:35 - [MESSAGE][PASSED] - All options with label 'Pre-Test' are selected in object 'Object Repository/Denna/Admin - Manage Test - Pretest and Posttest - Edit new/select category'  using regular expression

2020-06-15 12:42:35 - [TEST_STEP][FAILED] - selectOptionByLabel(findTestObject("Denna/Admin - Manage Test - Pretest and Posttest - Edit new/select tipe soal"), tipeSoal, true): Unable to select option by label 'Benar/Salah' of object 'Object Repository/Denna/Admin - Manage Test - Pretest and Posttest - Edit new/select tipe soal'  using regular expression (Root cause: com.kms.katalon.core.exception.StepFailedException: Unable to select option by label 'Benar/Salah' of object 'Object Repository/Denna/Admin - Manage Test - Pretest and Posttest - Edit new/select tipe soal'  using regular expression
	at com.kms.katalon.core.webui.keyword.internal.WebUIKeywordMain.stepFailed(WebUIKeywordMain.groovy:64)
	at com.kms.katalon.core.webui.keyword.internal.WebUIKeywordMain.runKeyword(WebUIKeywordMain.groovy:26)
	at com.kms.katalon.core.webui.keyword.builtin.SelectOptionByLabelKeyword.selectOptionByLabel(SelectOptionByLabelKeyword.groovy:98)
	at com.kms.katalon.core.webui.keyword.builtin.SelectOptionByLabelKeyword.execute(SelectOptionByLabelKeyword.groovy:71)
	at com.kms.katalon.core.keyword.internal.KeywordExecutor.executeKeywordForPlatform(KeywordExecutor.groovy:72)
	at com.kms.katalon.core.webui.keyword.WebUiBuiltInKeywords.selectOptionByLabel(WebUiBuiltInKeywords.groovy:1200)
	at com.kms.katalon.core.webui.keyword.WebUiBuiltInKeywords$selectOptionByLabel$3.call(Unknown Source)
	at Admin - Manage Test - Pretest and Posttest - Edit2.run(Admin - Manage Test - Pretest and Posttest - Edit2:36)
	at com.kms.katalon.core.main.ScriptEngine.run(ScriptEngine.java:194)
	at com.kms.katalon.core.main.ScriptEngine.runScriptAsRawText(ScriptEngine.java:119)
	at com.kms.katalon.core.main.TestCaseExecutor.runScript(TestCaseExecutor.java:337)
	at com.kms.katalon.core.main.TestCaseExecutor.doExecute(TestCaseExecutor.java:328)
	at com.kms.katalon.core.main.TestCaseExecutor.processExecutionPhase(TestCaseExecutor.java:307)
	at com.kms.katalon.core.main.TestCaseExecutor.accessMainPhase(TestCaseExecutor.java:299)
	at com.kms.katalon.core.main.TestCaseExecutor.execute(TestCaseExecutor.java:233)
	at com.kms.katalon.core.main.TestSuiteExecutor.accessTestCaseMainPhase(TestSuiteExecutor.java:169)
	at com.kms.katalon.core.main.TestSuiteExecutor.accessTestSuiteMainPhase(TestSuiteExecutor.java:142)
	at com.kms.katalon.core.main.TestSuiteExecutor.execute(TestSuiteExecutor.java:91)
	at com.kms.katalon.core.main.TestCaseMain.startTestSuite(TestCaseMain.java:157)
	at com.kms.katalon.core.main.TestCaseMain$startTestSuite$0.call(Unknown Source)
	at TempTestSuite1592199106572.run(TempTestSuite1592199106572.groovy:36)
Caused by: com.kms.katalon.core.exception.StepFailedException: No option matched.
	at com.kms.katalon.core.keyword.internal.KeywordMain.stepFailed(KeywordMain.groovy:50)
	at com.kms.katalon.core.keyword.internal.KeywordMain.stepFailed(KeywordMain.groovy)
	at com.kms.katalon.core.keyword.internal.KeywordMain.stepFailed(KeywordMain.groovy:23)
	at com.kms.katalon.core.webui.keyword.builtin.SelectOptionByLabelKeyword$_selectOptionByLabel_closure1.doCall(SelectOptionByLabelKeyword.groovy:91)
	at com.kms.katalon.core.webui.keyword.builtin.SelectOptionByLabelKeyword$_selectOptionByLabel_closure1.call(SelectOptionByLabelKeyword.groovy)
	at com.kms.katalon.core.webui.keyword.internal.WebUIKeywordMain.runKeyword(WebUIKeywordMain.groovy:20)
	at com.kms.katalon.core.webui.keyword.builtin.SelectOptionByLabelKeyword.selectOptionByLabel(SelectOptionByLabelKeyword.groovy:98)
	at com.kms.katalon.core.webui.keyword.builtin.SelectOptionByLabelKeyword.execute(SelectOptionByLabelKeyword.groovy:71)
	at com.kms.katalon.core.keyword.internal.KeywordExecutor.executeKeywordForPlatform(KeywordExecutor.groovy:72)
	at com.kms.katalon.core.webui.keyword.WebUiBuiltInKeywords.selectOptionByLabel(WebUiBuiltInKeywords.groovy:1200)
	at com.kms.katalon.core.webui.keyword.WebUiBuiltInKeywords$selectOptionByLabel$3.call(Unknown Source)
	at Script1590816477294.run(Script1590816477294.groovy:36)
	... 13 more
)

2020-06-15 12:42:35 - [MESSAGE][FAILED] - No option matched.

2020-06-15 12:42:36 - [MESSAGE][FAILED] - Unable to select option by label 'Benar/Salah' of object 'Object Repository/Denna/Admin - Manage Test - Pretest and Posttest - Edit new/select tipe soal'  using regular expression (Root cause: com.kms.katalon.core.exception.StepFailedException: Unable to select option by label 'Benar/Salah' of object 'Object Repository/Denna/Admin - Manage Test - Pretest and Posttest - Edit new/select tipe soal'  using regular expression
	at com.kms.katalon.core.webui.keyword.internal.WebUIKeywordMain.stepFailed(WebUIKeywordMain.groovy:64)
	at com.kms.katalon.core.webui.keyword.internal.WebUIKeywordMain.runKeyword(WebUIKeywordMain.groovy:26)
	at com.kms.katalon.core.webui.keyword.builtin.SelectOptionByLabelKeyword.selectOptionByLabel(SelectOptionByLabelKeyword.groovy:98)
	at com.kms.katalon.core.webui.keyword.builtin.SelectOptionByLabelKeyword.execute(SelectOptionByLabelKeyword.groovy:71)
	at com.kms.katalon.core.keyword.internal.KeywordExecutor.executeKeywordForPlatform(KeywordExecutor.groovy:72)
	at com.kms.katalon.core.webui.keyword.WebUiBuiltInKeywords.selectOptionByLabel(WebUiBuiltInKeywords.groovy:1200)
	at com.kms.katalon.core.webui.keyword.WebUiBuiltInKeywords$selectOptionByLabel$3.call(Unknown Source)
	at Admin - Manage Test - Pretest and Posttest - Edit2.run(Admin - Manage Test - Pretest and Posttest - Edit2:36)
	at com.kms.katalon.core.main.ScriptEngine.run(ScriptEngine.java:194)
	at com.kms.katalon.core.main.ScriptEngine.runScriptAsRawText(ScriptEngine.java:119)
	at com.kms.katalon.core.main.TestCaseExecutor.runScript(TestCaseExecutor.java:337)
	at com.kms.katalon.core.main.TestCaseExecutor.doExecute(TestCaseExecutor.java:328)
	at com.kms.katalon.core.main.TestCaseExecutor.processExecutionPhase(TestCaseExecutor.java:307)
	at com.kms.katalon.core.main.TestCaseExecutor.accessMainPhase(TestCaseExecutor.java:299)
	at com.kms.katalon.core.main.TestCaseExecutor.execute(TestCaseExecutor.java:233)
	at com.kms.katalon.core.main.TestSuiteExecutor.accessTestCaseMainPhase(TestSuiteExecutor.java:169)
	at com.kms.katalon.core.main.TestSuiteExecutor.accessTestSuiteMainPhase(TestSuiteExecutor.java:142)
	at com.kms.katalon.core.main.TestSuiteExecutor.execute(TestSuiteExecutor.java:91)
	at com.kms.katalon.core.main.TestCaseMain.startTestSuite(TestCaseMain.java:157)
	at com.kms.katalon.core.main.TestCaseMain$startTestSuite$0.call(Unknown Source)
	at TempTestSuite1592199106572.run(TempTestSuite1592199106572.groovy:36)
Caused by: com.kms.katalon.core.exception.StepFailedException: No option matched.
	at com.kms.katalon.core.keyword.internal.KeywordMain.stepFailed(KeywordMain.groovy:50)
	at com.kms.katalon.core.keyword.internal.KeywordMain.stepFailed(KeywordMain.groovy)
	at com.kms.katalon.core.keyword.internal.KeywordMain.stepFailed(KeywordMain.groovy:23)
	at com.kms.katalon.core.webui.keyword.builtin.SelectOptionByLabelKeyword$_selectOptionByLabel_closure1.doCall(SelectOptionByLabelKeyword.groovy:91)
	at com.kms.katalon.core.webui.keyword.builtin.SelectOptionByLabelKeyword$_selectOptionByLabel_closure1.call(SelectOptionByLabelKeyword.groovy)
	at com.kms.katalon.core.webui.keyword.internal.WebUIKeywordMain.runKeyword(WebUIKeywordMain.groovy:20)
	at com.kms.katalon.core.webui.keyword.builtin.SelectOptionByLabelKeyword.selectOptionByLabel(SelectOptionByLabelKeyword.groovy:98)
	at com.kms.katalon.core.webui.keyword.builtin.SelectOptionByLabelKeyword.execute(SelectOptionByLabelKeyword.groovy:71)
	at com.kms.katalon.core.keyword.internal.KeywordExecutor.executeKeywordForPlatform(KeywordExecutor.groovy:72)
	at com.kms.katalon.core.webui.keyword.WebUiBuiltInKeywords.selectOptionByLabel(WebUiBuiltInKeywords.groovy:1200)
	at com.kms.katalon.core.webui.keyword.WebUiBuiltInKeywords$selectOptionByLabel$3.call(Unknown Source)
	at Script1590816477294.run(Script1590816477294.groovy:36)
	... 13 more
)
[[ATTACHMENT|D:\\MY WORLD\\WORKS (TUGAS)\\LearningManagementWeb\\Reports\\20200615_123146\\Denna\\Admin - Manage Test - Pretest and Posttest - Edit (with verify)\\20200615_123146\\1592199755851.png]]]]></system-out>
         <system-err><![CDATA[2020-06-15 12:41:26 - [TEST_CASE][FAILED] - Test Cases/Denna/Admin - Manage Test - Pretest and Posttest - Edit2: Test Cases/Denna/Admin - Manage Test - Pretest and Posttest - Edit2 FAILED.
Reason:
com.kms.katalon.core.exception.StepFailedException: Unable to select option by label 'Benar/Salah' of object 'Object Repository/Denna/Admin - Manage Test - Pretest and Posttest - Edit new/select tipe soal'  using regular expression
	at com.kms.katalon.core.webui.keyword.internal.WebUIKeywordMain.stepFailed(WebUIKeywordMain.groovy:64)
	at com.kms.katalon.core.webui.keyword.internal.WebUIKeywordMain.runKeyword(WebUIKeywordMain.groovy:26)
	at com.kms.katalon.core.webui.keyword.builtin.SelectOptionByLabelKeyword.selectOptionByLabel(SelectOptionByLabelKeyword.groovy:98)
	at com.kms.katalon.core.webui.keyword.builtin.SelectOptionByLabelKeyword.execute(SelectOptionByLabelKeyword.groovy:71)
	at com.kms.katalon.core.keyword.internal.KeywordExecutor.executeKeywordForPlatform(KeywordExecutor.groovy:72)
	at com.kms.katalon.core.webui.keyword.WebUiBuiltInKeywords.selectOptionByLabel(WebUiBuiltInKeywords.groovy:1200)
	at com.kms.katalon.core.webui.keyword.WebUiBuiltInKeywords$selectOptionByLabel$3.call(Unknown Source)
	at Admin - Manage Test - Pretest and Posttest - Edit2.run(Admin - Manage Test - Pretest and Posttest - Edit2:36)
	at com.kms.katalon.core.main.ScriptEngine.run(ScriptEngine.java:194)
	at com.kms.katalon.core.main.ScriptEngine.runScriptAsRawText(ScriptEngine.java:119)
	at com.kms.katalon.core.main.TestCaseExecutor.runScript(TestCaseExecutor.java:337)
	at com.kms.katalon.core.main.TestCaseExecutor.doExecute(TestCaseExecutor.java:328)
	at com.kms.katalon.core.main.TestCaseExecutor.processExecutionPhase(TestCaseExecutor.java:307)
	at com.kms.katalon.core.main.TestCaseExecutor.accessMainPhase(TestCaseExecutor.java:299)
	at com.kms.katalon.core.main.TestCaseExecutor.execute(TestCaseExecutor.java:233)
	at com.kms.katalon.core.main.TestSuiteExecutor.accessTestCaseMainPhase(TestSuiteExecutor.java:169)
	at com.kms.katalon.core.main.TestSuiteExecutor.accessTestSuiteMainPhase(TestSuiteExecutor.java:142)
	at com.kms.katalon.core.main.TestSuiteExecutor.execute(TestSuiteExecutor.java:91)
	at com.kms.katalon.core.main.TestCaseMain.startTestSuite(TestCaseMain.java:157)
	at com.kms.katalon.core.main.TestCaseMain$startTestSuite$0.call(Unknown Source)
	at TempTestSuite1592199106572.run(TempTestSuite1592199106572.groovy:36)
Caused by: com.kms.katalon.core.exception.StepFailedException: No option matched.
	at com.kms.katalon.core.keyword.internal.KeywordMain.stepFailed(KeywordMain.groovy:50)
	at com.kms.katalon.core.keyword.internal.KeywordMain.stepFailed(KeywordMain.groovy)
	at com.kms.katalon.core.keyword.internal.KeywordMain.stepFailed(KeywordMain.groovy:23)
	at com.kms.katalon.core.webui.keyword.builtin.SelectOptionByLabelKeyword$_selectOptionByLabel_closure1.doCall(SelectOptionByLabelKeyword.groovy:91)
	at com.kms.katalon.core.webui.keyword.builtin.SelectOptionByLabelKeyword$_selectOptionByLabel_closure1.call(SelectOptionByLabelKeyword.groovy)
	at com.kms.katalon.core.webui.keyword.internal.WebUIKeywordMain.runKeyword(WebUIKeywordMain.groovy:20)
	... 19 more]]></system-err>
      </testcase>
      <testcase name="Test Cases/Denna/Admin - Manage Test - Pretest and Posttest - Edit2" time="99.748" classname="Test Cases/Denna/Admin - Manage Test - Pretest and Posttest - Edit2" status="PASSED">
         <system-out><![CDATA[2020-06-15 12:42:36 - [TEST_CASE][PASSED] - Test Cases/Denna/Admin - Manage Test - Pretest and Posttest - Edit2: Test Cases/Denna/Admin - Manage Test - Pretest and Posttest - Edit2

2020-06-15 12:42:36 - [TEST_STEP][PASSED] - callTestCase(findTestCase("Denna/Login(Admin)"), [:], STOP_ON_FAILURE): Call Test Case 'Test Cases/Denna/Login(Admin)' successfully

2020-06-15 12:42:36 - [TEST_CASE][PASSED] - Test Cases/Denna/Login(Admin): Test Cases/Denna/Login(Admin)

2020-06-15 12:42:36 - [TEST_STEP][PASSED] - openBrowser("https://appsrv1.deltadatamandiri.com/ACC_LMS_WEB/#/admNLmn"): Browser is opened with url: 'https://appsrv1.deltadatamandiri.com/ACC_LMS_WEB/#/admNLmn'

2020-06-15 12:42:36 - [MESSAGE][WARNING] - A browser is already opened. Closing browser and opening a new one

2020-06-15 12:42:38 - [MESSAGE][INFO] - Starting 'Chrome' driver

2020-06-15 12:42:59 - [MESSAGE][PASSED] - Browser is opened with url: 'https://appsrv1.deltadatamandiri.com/ACC_LMS_WEB/#/admNLmn'

2020-06-15 12:42:59 - [TEST_STEP][PASSED] - maximizeWindow(): Current window maximized

2020-06-15 12:43:00 - [MESSAGE][PASSED] - Current window maximized

2020-06-15 12:43:00 - [TEST_STEP][PASSED] - click(findTestObject("Object Repository/Denna/Admin - Login/button login")): Object: 'Object Repository/Denna/Admin - Login/button login' is clicked on

2020-06-15 12:43:02 - [MESSAGE][ERROR] - javascript error: Failed to execute 'elementsFromPoint' on 'Document': The provided double value is non-finite.
  (Session info: chrome=83.0.4103.97)
Build info: version: '3.141.59', revision: 'e82be7d358', time: '2018-11-14T08:25:53'
System info: host: 'DESKTOP-NHES7H6', ip: '192.168.1.116', os.name: 'Windows 10', os.arch: 'amd64', os.version: '10.0', java.version: '1.8.0_181'
Driver info: com.kms.katalon.selenium.driver.CChromeDriver
Capabilities {acceptInsecureCerts: false, browserName: chrome, browserVersion: 83.0.4103.97, chrome: {chromedriverVersion: 83.0.4103.39 (ccbf011cb2d2b..., userDataDir: C:\Users\ASUS\AppData\Local...}, goog:chromeOptions: {debuggerAddress: localhost:58415}, javascriptEnabled: true, networkConnectionEnabled: false, pageLoadStrategy: normal, platform: WINDOWS, platformName: WINDOWS, proxy: Proxy(), setWindowRect: true, strictFileInteractability: false, timeouts: {implicit: 0, pageLoad: 300000, script: 30000}, unhandledPromptBehavior: dismiss and notify, webauthn:virtualAuthenticators: true}
Session ID: b1c303dff489978097b5a0ec24c68611

2020-06-15 12:43:03 - [MESSAGE][PASSED] - Object: 'Object Repository/Denna/Admin - Login/button login' is clicked on

2020-06-15 12:43:03 - [TEST_STEP][PASSED] - setText(findTestObject("Object Repository/Denna/Admin - Login/input_NPK_username"), "11666"): Text '11666' is set on object 'Object Repository/Denna/Admin - Login/input_NPK_username'

2020-06-15 12:43:04 - [MESSAGE][PASSED] - Text '11666' is set on object 'Object Repository/Denna/Admin - Login/input_NPK_username'

2020-06-15 12:43:04 - [TEST_STEP][PASSED] - setText(findTestObject("Object Repository/Denna/Admin - Login/input_Password_password"), "Password3"): Text 'Password3' is set on object 'Object Repository/Denna/Admin - Login/input_Password_password'

2020-06-15 12:43:05 - [MESSAGE][PASSED] - Text 'Password3' is set on object 'Object Repository/Denna/Admin - Login/input_Password_password'

2020-06-15 12:43:05 - [TEST_STEP][PASSED] - click(findTestObject("Denna/Admin - Login/button login1")): Object: 'Object Repository/Denna/Admin - Login/button login1' is clicked on

2020-06-15 12:43:05 - [MESSAGE][PASSED] - Object: 'Object Repository/Denna/Admin - Login/button login1' is clicked on

2020-06-15 12:43:05 - [MESSAGE][PASSED] - Call Test Case 'Test Cases/Denna/Login(Admin)' successfully

2020-06-15 12:43:05 - [TEST_STEP][PASSED] - click(findTestObject("Denna/Admin - Manage Test - Pretest and Posttest - Edit new/button_Test Management")): Object: 'Object Repository/Denna/Admin - Manage Test - Pretest and Posttest - Edit new/button_Test Management' is clicked on

2020-06-15 12:43:13 - [MESSAGE][PASSED] - Object: 'Object Repository/Denna/Admin - Manage Test - Pretest and Posttest - Edit new/button_Test Management' is clicked on

2020-06-15 12:43:13 - [TEST_STEP][PASSED] - click(findTestObject("Denna/Admin - Manage Test - Pretest and Posttest - Edit new/span_Pre-Test  Post-Test")): Object: 'Object Repository/Denna/Admin - Manage Test - Pretest and Posttest - Edit new/span_Pre-Test  Post-Test' is clicked on

2020-06-15 12:43:13 - [MESSAGE][PASSED] - Object: 'Object Repository/Denna/Admin - Manage Test - Pretest and Posttest - Edit new/span_Pre-Test  Post-Test' is clicked on

2020-06-15 12:43:13 - [TEST_STEP][PASSED] - delay(2): Delayed 2 second(s)

2020-06-15 12:43:15 - [MESSAGE][PASSED] - Delayed 2 second(s)

2020-06-15 12:43:15 - [TEST_STEP][PASSED] - click(findTestObject("Object Repository/Denna/Admin - Manage Test - Pretest and Posttest - Edit2/button EditOrDelete")): Object: 'Object Repository/Denna/Admin - Manage Test - Pretest and Posttest - Edit2/button EditOrDelete' is clicked on

2020-06-15 12:43:32 - [MESSAGE][PASSED] - Object: 'Object Repository/Denna/Admin - Manage Test - Pretest and Posttest - Edit2/button EditOrDelete' is clicked on

2020-06-15 12:43:32 - [TEST_STEP][PASSED] - click(findTestObject("Denna/Admin - Manage Test - Pretest and Posttest - Edit2/button Edit")): Object: 'Object Repository/Denna/Admin - Manage Test - Pretest and Posttest - Edit2/button Edit' is clicked on

2020-06-15 12:43:33 - [MESSAGE][PASSED] - Object: 'Object Repository/Denna/Admin - Manage Test - Pretest and Posttest - Edit2/button Edit' is clicked on

2020-06-15 12:43:33 - [TEST_STEP][PASSED] - delay(4): Delayed 4 second(s)

2020-06-15 12:43:37 - [MESSAGE][PASSED] - Delayed 4 second(s)

2020-06-15 12:43:37 - [TEST_STEP][PASSED] - selectOptionByLabel(findTestObject("Denna/Admin - Manage Test - Pretest and Posttest - Edit new/select category"), category, true): All options with label 'Pre-Test' are selected in object 'Object Repository/Denna/Admin - Manage Test - Pretest and Posttest - Edit new/select category'  using regular expression

2020-06-15 12:43:42 - [MESSAGE][PASSED] - All options with label 'Pre-Test' are selected in object 'Object Repository/Denna/Admin - Manage Test - Pretest and Posttest - Edit new/select category'  using regular expression

2020-06-15 12:43:42 - [TEST_STEP][PASSED] - selectOptionByLabel(findTestObject("Denna/Admin - Manage Test - Pretest and Posttest - Edit new/select tipe soal"), tipeSoal, true): All options with label 'Uraian' are selected in object 'Object Repository/Denna/Admin - Manage Test - Pretest and Posttest - Edit new/select tipe soal'  using regular expression

2020-06-15 12:43:43 - [MESSAGE][PASSED] - All options with label 'Uraian' are selected in object 'Object Repository/Denna/Admin - Manage Test - Pretest and Posttest - Edit new/select tipe soal'  using regular expression

2020-06-15 12:43:43 - [TEST_STEP][PASSED] - selectOptionByLabel(findTestObject("Denna/Admin - Manage Test - Pretest and Posttest - Edit new/select job function"), jobFunction, true): All options with label 'SALES' are selected in object 'Object Repository/Denna/Admin - Manage Test - Pretest and Posttest - Edit new/select job function'  using regular expression

2020-06-15 12:43:44 - [MESSAGE][PASSED] - All options with label 'SALES' are selected in object 'Object Repository/Denna/Admin - Manage Test - Pretest and Posttest - Edit new/select job function'  using regular expression

2020-06-15 12:43:44 - [TEST_STEP][PASSED] - selectOptionByLabel(findTestObject("Denna/Admin - Manage Test - Pretest and Posttest - Edit new/select job position"), jobPosition, true): All options with label 'SALES HEAD' are selected in object 'Object Repository/Denna/Admin - Manage Test - Pretest and Posttest - Edit new/select job position'  using regular expression

2020-06-15 12:43:48 - [MESSAGE][PASSED] - All options with label 'SALES HEAD' are selected in object 'Object Repository/Denna/Admin - Manage Test - Pretest and Posttest - Edit new/select job position'  using regular expression

2020-06-15 12:43:48 - [TEST_STEP][PASSED] - selectOptionByLabel(findTestObject("Denna/Admin - Manage Test - Pretest and Posttest - Edit new/select module"), module, true): All options with label 'NEOP ARHO' are selected in object 'Object Repository/Denna/Admin - Manage Test - Pretest and Posttest - Edit new/select module'  using regular expression

2020-06-15 12:43:49 - [MESSAGE][PASSED] - All options with label 'NEOP ARHO' are selected in object 'Object Repository/Denna/Admin - Manage Test - Pretest and Posttest - Edit new/select module'  using regular expression

2020-06-15 12:43:49 - [TEST_STEP][PASSED] - setText(findTestObject("Denna/Admin - Manage Test - Pretest and Posttest - Edit new/input Technical Competence"), technicalCompentence): Text 'technical' is set on object 'Object Repository/Denna/Admin - Manage Test - Pretest and Posttest - Edit new/input Technical Competence'

2020-06-15 12:43:50 - [MESSAGE][PASSED] - Text 'technical' is set on object 'Object Repository/Denna/Admin - Manage Test - Pretest and Posttest - Edit new/input Technical Competence'

2020-06-15 12:43:50 - [TEST_STEP][PASSED] - setText(findTestObject("Denna/Admin - Manage Test - Pretest and Posttest - Edit new/input Level Competence"), levelCompetence): Text 'level' is set on object 'Object Repository/Denna/Admin - Manage Test - Pretest and Posttest - Edit new/input Level Competence'

2020-06-15 12:43:50 - [MESSAGE][PASSED] - Text 'level' is set on object 'Object Repository/Denna/Admin - Manage Test - Pretest and Posttest - Edit new/input Level Competence'

2020-06-15 12:43:50 - [TEST_STEP][PASSED] - setText(findTestObject("Denna/Admin - Manage Test - Pretest and Posttest - Edit new/textarea Soal"), soal): Text '' is set on object 'Object Repository/Denna/Admin - Manage Test - Pretest and Posttest - Edit new/textarea Soal'

2020-06-15 12:43:51 - [MESSAGE][PASSED] - Text '' is set on object 'Object Repository/Denna/Admin - Manage Test - Pretest and Posttest - Edit new/textarea Soal'

2020-06-15 12:43:51 - [TEST_STEP][PASSED] - if (tipeSoal == "Pilihan Ganda"): null

2020-06-15 12:43:51 - [TEST_STEP][PASSED] - else if (tipeSoal == "Uraian"): Text 'ini jawaban' is set on object 'Object Repository/Denna/Admin - Manage Test - Pretest and Posttest - Edit new/textarea Kunci Jawaban Uraian'

2020-06-15 12:43:51 - [TEST_STEP][PASSED] - setText(findTestObject("Denna/Admin - Manage Test - Pretest and Posttest - Edit new/textarea Kunci Jawaban Uraian"), jawabanUraian): Text 'ini jawaban' is set on object 'Object Repository/Denna/Admin - Manage Test - Pretest and Posttest - Edit new/textarea Kunci Jawaban Uraian'

2020-06-15 12:43:51 - [MESSAGE][PASSED] - Text 'ini jawaban' is set on object 'Object Repository/Denna/Admin - Manage Test - Pretest and Posttest - Edit new/textarea Kunci Jawaban Uraian'

2020-06-15 12:43:51 - [TEST_STEP][PASSED] - click(findTestObject("Denna/Admin - Manage Test - Pretest and Posttest - Edit new/button Submit")): Object: 'Object Repository/Denna/Admin - Manage Test - Pretest and Posttest - Edit new/button Submit' is clicked on

2020-06-15 12:43:52 - [MESSAGE][PASSED] - Object: 'Object Repository/Denna/Admin - Manage Test - Pretest and Posttest - Edit new/button Submit' is clicked on

2020-06-15 12:43:52 - [TEST_STEP][PASSED] - switch (kondisi): null

2020-06-15 12:43:52 - [TEST_STEP][PASSED] - case "fail":: null

2020-06-15 12:43:52 - [TEST_STEP][PASSED] - delay(8): Delayed 8 second(s)

2020-06-15 12:44:00 - [MESSAGE][PASSED] - Delayed 8 second(s)

2020-06-15 12:44:00 - [TEST_STEP][PASSED] - verifyElementVisible(findTestObject("Denna/Admin - Manage Test - Pretest and Posttest - Edit new/button Submit")): Object 'Object Repository/Denna/Admin - Manage Test - Pretest and Posttest - Edit new/button Submit' is visible

2020-06-15 12:44:15 - [MESSAGE][PASSED] - Object 'Object Repository/Denna/Admin - Manage Test - Pretest and Posttest - Edit new/button Submit' is visible

2020-06-15 12:44:15 - [TEST_STEP][PASSED] - break: null

2020-06-15 12:44:15 - [TEST_STEP][PASSED] - closeBrowser(): Browser is closed

2020-06-15 12:44:16 - [MESSAGE][PASSED] - Browser is closed]]></system-out>
         <system-err><![CDATA[]]></system-err>
      </testcase>
      <testcase name="Test Cases/Denna/Admin - Manage Test - Pretest and Posttest - Edit2" time="99.297" classname="Test Cases/Denna/Admin - Manage Test - Pretest and Posttest - Edit2" status="PASSED">
         <system-out><![CDATA[2020-06-15 12:44:16 - [TEST_CASE][PASSED] - Test Cases/Denna/Admin - Manage Test - Pretest and Posttest - Edit2: Test Cases/Denna/Admin - Manage Test - Pretest and Posttest - Edit2

2020-06-15 12:44:16 - [TEST_STEP][PASSED] - callTestCase(findTestCase("Denna/Login(Admin)"), [:], STOP_ON_FAILURE): Call Test Case 'Test Cases/Denna/Login(Admin)' successfully

2020-06-15 12:44:16 - [TEST_CASE][PASSED] - Test Cases/Denna/Login(Admin): Test Cases/Denna/Login(Admin)

2020-06-15 12:44:16 - [TEST_STEP][PASSED] - openBrowser("https://appsrv1.deltadatamandiri.com/ACC_LMS_WEB/#/admNLmn"): Browser is opened with url: 'https://appsrv1.deltadatamandiri.com/ACC_LMS_WEB/#/admNLmn'

2020-06-15 12:44:16 - [MESSAGE][INFO] - Starting 'Chrome' driver

2020-06-15 12:44:46 - [MESSAGE][PASSED] - Browser is opened with url: 'https://appsrv1.deltadatamandiri.com/ACC_LMS_WEB/#/admNLmn'

2020-06-15 12:44:46 - [TEST_STEP][PASSED] - maximizeWindow(): Current window maximized

2020-06-15 12:44:47 - [MESSAGE][PASSED] - Current window maximized

2020-06-15 12:44:47 - [TEST_STEP][PASSED] - click(findTestObject("Object Repository/Denna/Admin - Login/button login")): Object: 'Object Repository/Denna/Admin - Login/button login' is clicked on

2020-06-15 12:44:51 - [MESSAGE][ERROR] - javascript error: Failed to execute 'elementsFromPoint' on 'Document': The provided double value is non-finite.
  (Session info: chrome=83.0.4103.97)
Build info: version: '3.141.59', revision: 'e82be7d358', time: '2018-11-14T08:25:53'
System info: host: 'DESKTOP-NHES7H6', ip: '192.168.1.116', os.name: 'Windows 10', os.arch: 'amd64', os.version: '10.0', java.version: '1.8.0_181'
Driver info: com.kms.katalon.selenium.driver.CChromeDriver
Capabilities {acceptInsecureCerts: false, browserName: chrome, browserVersion: 83.0.4103.97, chrome: {chromedriverVersion: 83.0.4103.39 (ccbf011cb2d2b..., userDataDir: C:\Users\ASUS\AppData\Local...}, goog:chromeOptions: {debuggerAddress: localhost:58489}, javascriptEnabled: true, networkConnectionEnabled: false, pageLoadStrategy: normal, platform: WINDOWS, platformName: WINDOWS, proxy: Proxy(), setWindowRect: true, strictFileInteractability: false, timeouts: {implicit: 0, pageLoad: 300000, script: 30000}, unhandledPromptBehavior: dismiss and notify, webauthn:virtualAuthenticators: true}
Session ID: 338b3bfef1b4a4bc2ff1a45267ca652e

2020-06-15 12:44:53 - [MESSAGE][PASSED] - Object: 'Object Repository/Denna/Admin - Login/button login' is clicked on

2020-06-15 12:44:53 - [TEST_STEP][PASSED] - setText(findTestObject("Object Repository/Denna/Admin - Login/input_NPK_username"), "11666"): Text '11666' is set on object 'Object Repository/Denna/Admin - Login/input_NPK_username'

2020-06-15 12:44:54 - [MESSAGE][PASSED] - Text '11666' is set on object 'Object Repository/Denna/Admin - Login/input_NPK_username'

2020-06-15 12:44:54 - [TEST_STEP][PASSED] - setText(findTestObject("Object Repository/Denna/Admin - Login/input_Password_password"), "Password3"): Text 'Password3' is set on object 'Object Repository/Denna/Admin - Login/input_Password_password'

2020-06-15 12:44:54 - [MESSAGE][PASSED] - Text 'Password3' is set on object 'Object Repository/Denna/Admin - Login/input_Password_password'

2020-06-15 12:44:54 - [TEST_STEP][PASSED] - click(findTestObject("Denna/Admin - Login/button login1")): Object: 'Object Repository/Denna/Admin - Login/button login1' is clicked on

2020-06-15 12:44:55 - [MESSAGE][PASSED] - Object: 'Object Repository/Denna/Admin - Login/button login1' is clicked on

2020-06-15 12:44:55 - [MESSAGE][PASSED] - Call Test Case 'Test Cases/Denna/Login(Admin)' successfully

2020-06-15 12:44:55 - [TEST_STEP][PASSED] - click(findTestObject("Denna/Admin - Manage Test - Pretest and Posttest - Edit new/button_Test Management")): Object: 'Object Repository/Denna/Admin - Manage Test - Pretest and Posttest - Edit new/button_Test Management' is clicked on

2020-06-15 12:45:03 - [MESSAGE][PASSED] - Object: 'Object Repository/Denna/Admin - Manage Test - Pretest and Posttest - Edit new/button_Test Management' is clicked on

2020-06-15 12:45:03 - [TEST_STEP][PASSED] - click(findTestObject("Denna/Admin - Manage Test - Pretest and Posttest - Edit new/span_Pre-Test  Post-Test")): Object: 'Object Repository/Denna/Admin - Manage Test - Pretest and Posttest - Edit new/span_Pre-Test  Post-Test' is clicked on

2020-06-15 12:45:03 - [MESSAGE][PASSED] - Object: 'Object Repository/Denna/Admin - Manage Test - Pretest and Posttest - Edit new/span_Pre-Test  Post-Test' is clicked on

2020-06-15 12:45:03 - [TEST_STEP][PASSED] - delay(2): Delayed 2 second(s)

2020-06-15 12:45:05 - [MESSAGE][PASSED] - Delayed 2 second(s)

2020-06-15 12:45:05 - [TEST_STEP][PASSED] - click(findTestObject("Object Repository/Denna/Admin - Manage Test - Pretest and Posttest - Edit2/button EditOrDelete")): Object: 'Object Repository/Denna/Admin - Manage Test - Pretest and Posttest - Edit2/button EditOrDelete' is clicked on

2020-06-15 12:45:20 - [MESSAGE][PASSED] - Object: 'Object Repository/Denna/Admin - Manage Test - Pretest and Posttest - Edit2/button EditOrDelete' is clicked on

2020-06-15 12:45:20 - [TEST_STEP][PASSED] - click(findTestObject("Denna/Admin - Manage Test - Pretest and Posttest - Edit2/button Edit")): Object: 'Object Repository/Denna/Admin - Manage Test - Pretest and Posttest - Edit2/button Edit' is clicked on

2020-06-15 12:45:21 - [MESSAGE][PASSED] - Object: 'Object Repository/Denna/Admin - Manage Test - Pretest and Posttest - Edit2/button Edit' is clicked on

2020-06-15 12:45:21 - [TEST_STEP][PASSED] - delay(4): Delayed 4 second(s)

2020-06-15 12:45:25 - [MESSAGE][PASSED] - Delayed 4 second(s)

2020-06-15 12:45:25 - [TEST_STEP][PASSED] - selectOptionByLabel(findTestObject("Denna/Admin - Manage Test - Pretest and Posttest - Edit new/select category"), category, true): All options with label 'Pre-Test' are selected in object 'Object Repository/Denna/Admin - Manage Test - Pretest and Posttest - Edit new/select category'  using regular expression

2020-06-15 12:45:30 - [MESSAGE][PASSED] - All options with label 'Pre-Test' are selected in object 'Object Repository/Denna/Admin - Manage Test - Pretest and Posttest - Edit new/select category'  using regular expression

2020-06-15 12:45:30 - [TEST_STEP][PASSED] - selectOptionByLabel(findTestObject("Denna/Admin - Manage Test - Pretest and Posttest - Edit new/select tipe soal"), tipeSoal, true): All options with label 'Pilihan Ganda' are selected in object 'Object Repository/Denna/Admin - Manage Test - Pretest and Posttest - Edit new/select tipe soal'  using regular expression

2020-06-15 12:45:32 - [MESSAGE][PASSED] - All options with label 'Pilihan Ganda' are selected in object 'Object Repository/Denna/Admin - Manage Test - Pretest and Posttest - Edit new/select tipe soal'  using regular expression

2020-06-15 12:45:32 - [TEST_STEP][PASSED] - selectOptionByLabel(findTestObject("Denna/Admin - Manage Test - Pretest and Posttest - Edit new/select job function"), jobFunction, true): All options with label 'SALES' are selected in object 'Object Repository/Denna/Admin - Manage Test - Pretest and Posttest - Edit new/select job function'  using regular expression

2020-06-15 12:45:35 - [MESSAGE][PASSED] - All options with label 'SALES' are selected in object 'Object Repository/Denna/Admin - Manage Test - Pretest and Posttest - Edit new/select job function'  using regular expression

2020-06-15 12:45:35 - [TEST_STEP][PASSED] - selectOptionByLabel(findTestObject("Denna/Admin - Manage Test - Pretest and Posttest - Edit new/select job position"), jobPosition, true): All options with label 'SALES HEAD' are selected in object 'Object Repository/Denna/Admin - Manage Test - Pretest and Posttest - Edit new/select job position'  using regular expression

2020-06-15 12:45:38 - [MESSAGE][PASSED] - All options with label 'SALES HEAD' are selected in object 'Object Repository/Denna/Admin - Manage Test - Pretest and Posttest - Edit new/select job position'  using regular expression

2020-06-15 12:45:38 - [TEST_STEP][PASSED] - selectOptionByLabel(findTestObject("Denna/Admin - Manage Test - Pretest and Posttest - Edit new/select module"), module, true): All options with label 'NEOP ARHO' are selected in object 'Object Repository/Denna/Admin - Manage Test - Pretest and Posttest - Edit new/select module'  using regular expression

2020-06-15 12:45:40 - [MESSAGE][PASSED] - All options with label 'NEOP ARHO' are selected in object 'Object Repository/Denna/Admin - Manage Test - Pretest and Posttest - Edit new/select module'  using regular expression

2020-06-15 12:45:40 - [TEST_STEP][PASSED] - setText(findTestObject("Denna/Admin - Manage Test - Pretest and Posttest - Edit new/input Technical Competence"), technicalCompentence): Text 'technical' is set on object 'Object Repository/Denna/Admin - Manage Test - Pretest and Posttest - Edit new/input Technical Competence'

2020-06-15 12:45:41 - [MESSAGE][PASSED] - Text 'technical' is set on object 'Object Repository/Denna/Admin - Manage Test - Pretest and Posttest - Edit new/input Technical Competence'

2020-06-15 12:45:41 - [TEST_STEP][PASSED] - setText(findTestObject("Denna/Admin - Manage Test - Pretest and Posttest - Edit new/input Level Competence"), levelCompetence): Text 'level' is set on object 'Object Repository/Denna/Admin - Manage Test - Pretest and Posttest - Edit new/input Level Competence'

2020-06-15 12:45:41 - [MESSAGE][PASSED] - Text 'level' is set on object 'Object Repository/Denna/Admin - Manage Test - Pretest and Posttest - Edit new/input Level Competence'

2020-06-15 12:45:41 - [TEST_STEP][PASSED] - setText(findTestObject("Denna/Admin - Manage Test - Pretest and Posttest - Edit new/textarea Soal"), soal): Text '' is set on object 'Object Repository/Denna/Admin - Manage Test - Pretest and Posttest - Edit new/textarea Soal'

2020-06-15 12:45:42 - [MESSAGE][PASSED] - Text '' is set on object 'Object Repository/Denna/Admin - Manage Test - Pretest and Posttest - Edit new/textarea Soal'

2020-06-15 12:45:42 - [TEST_STEP][PASSED] - if (tipeSoal == "Pilihan Ganda"): All options with label 'A' are selected in object 'Object Repository/Denna/Admin - Manage Test - Pretest and Posttest - Edit new/select ABCD' 

2020-06-15 12:45:42 - [TEST_STEP][PASSED] - setText(findTestObject("Denna/Admin - Manage Test - Pretest and Posttest - Edit new/input Jawaban A"), jawabanA): Text 'A' is set on object 'Object Repository/Denna/Admin - Manage Test - Pretest and Posttest - Edit new/input Jawaban A'

2020-06-15 12:45:42 - [MESSAGE][PASSED] - Text 'A' is set on object 'Object Repository/Denna/Admin - Manage Test - Pretest and Posttest - Edit new/input Jawaban A'

2020-06-15 12:45:42 - [TEST_STEP][PASSED] - setText(findTestObject("Denna/Admin - Manage Test - Pretest and Posttest - Edit new/input Jawaban B"), jawabanB): Text 'B' is set on object 'Object Repository/Denna/Admin - Manage Test - Pretest and Posttest - Edit new/input Jawaban B'

2020-06-15 12:45:43 - [MESSAGE][PASSED] - Text 'B' is set on object 'Object Repository/Denna/Admin - Manage Test - Pretest and Posttest - Edit new/input Jawaban B'

2020-06-15 12:45:43 - [TEST_STEP][PASSED] - setText(findTestObject("Denna/Admin - Manage Test - Pretest and Posttest - Edit new/input Jawaban C"), jawabanC): Text 'C' is set on object 'Object Repository/Denna/Admin - Manage Test - Pretest and Posttest - Edit new/input Jawaban C'

2020-06-15 12:45:43 - [MESSAGE][PASSED] - Text 'C' is set on object 'Object Repository/Denna/Admin - Manage Test - Pretest and Posttest - Edit new/input Jawaban C'

2020-06-15 12:45:43 - [TEST_STEP][PASSED] - setText(findTestObject("Denna/Admin - Manage Test - Pretest and Posttest - Edit new/input Jawaban D"), jawabanD): Text 'D' is set on object 'Object Repository/Denna/Admin - Manage Test - Pretest and Posttest - Edit new/input Jawaban D'

2020-06-15 12:45:44 - [MESSAGE][PASSED] - Text 'D' is set on object 'Object Repository/Denna/Admin - Manage Test - Pretest and Posttest - Edit new/input Jawaban D'

2020-06-15 12:45:44 - [TEST_STEP][PASSED] - selectOptionByLabel(findTestObject("Denna/Admin - Manage Test - Pretest and Posttest - Edit new/select ABCD"), jawabanABCD, false): All options with label 'A' are selected in object 'Object Repository/Denna/Admin - Manage Test - Pretest and Posttest - Edit new/select ABCD' 

2020-06-15 12:45:44 - [MESSAGE][PASSED] - All options with label 'A' are selected in object 'Object Repository/Denna/Admin - Manage Test - Pretest and Posttest - Edit new/select ABCD' 

2020-06-15 12:45:44 - [TEST_STEP][PASSED] - click(findTestObject("Denna/Admin - Manage Test - Pretest and Posttest - Edit new/button Submit")): Object: 'Object Repository/Denna/Admin - Manage Test - Pretest and Posttest - Edit new/button Submit' is clicked on

2020-06-15 12:45:45 - [MESSAGE][PASSED] - Object: 'Object Repository/Denna/Admin - Manage Test - Pretest and Posttest - Edit new/button Submit' is clicked on

2020-06-15 12:45:45 - [TEST_STEP][PASSED] - switch (kondisi): null

2020-06-15 12:45:45 - [TEST_STEP][PASSED] - case "fail":: null

2020-06-15 12:45:45 - [TEST_STEP][PASSED] - delay(8): Delayed 8 second(s)

2020-06-15 12:45:53 - [MESSAGE][PASSED] - Delayed 8 second(s)

2020-06-15 12:45:53 - [TEST_STEP][PASSED] - verifyElementVisible(findTestObject("Denna/Admin - Manage Test - Pretest and Posttest - Edit new/button Submit")): Object 'Object Repository/Denna/Admin - Manage Test - Pretest and Posttest - Edit new/button Submit' is visible

2020-06-15 12:45:54 - [MESSAGE][PASSED] - Object 'Object Repository/Denna/Admin - Manage Test - Pretest and Posttest - Edit new/button Submit' is visible

2020-06-15 12:45:54 - [TEST_STEP][PASSED] - break: null

2020-06-15 12:45:54 - [TEST_STEP][PASSED] - closeBrowser(): Browser is closed

2020-06-15 12:45:55 - [MESSAGE][PASSED] - Browser is closed]]></system-out>
         <system-err><![CDATA[]]></system-err>
      </testcase>
      <testcase name="Test Cases/Denna/Admin - Manage Test - Pretest and Posttest - Edit2" time="64.679" classname="Test Cases/Denna/Admin - Manage Test - Pretest and Posttest - Edit2" status="FAILED">
         <failure type="FAILED" message="Test Cases/Denna/Admin - Manage Test - Pretest and Posttest - Edit2 FAILED.
Reason:
com.kms.katalon.core.exception.StepFailedException: Unable to select option by label 'Benar/Salah' of object 'Object Repository/Denna/Admin - Manage Test - Pretest and Posttest - Edit new/select tipe soal'  using regular expression
	at com.kms.katalon.core.webui.keyword.internal.WebUIKeywordMain.stepFailed(WebUIKeywordMain.groovy:64)
	at com.kms.katalon.core.webui.keyword.internal.WebUIKeywordMain.runKeyword(WebUIKeywordMain.groovy:26)
	at com.kms.katalon.core.webui.keyword.builtin.SelectOptionByLabelKeyword.selectOptionByLabel(SelectOptionByLabelKeyword.groovy:98)
	at com.kms.katalon.core.webui.keyword.builtin.SelectOptionByLabelKeyword.execute(SelectOptionByLabelKeyword.groovy:71)
	at com.kms.katalon.core.keyword.internal.KeywordExecutor.executeKeywordForPlatform(KeywordExecutor.groovy:72)
	at com.kms.katalon.core.webui.keyword.WebUiBuiltInKeywords.selectOptionByLabel(WebUiBuiltInKeywords.groovy:1200)
	at com.kms.katalon.core.webui.keyword.WebUiBuiltInKeywords$selectOptionByLabel$3.call(Unknown Source)
	at Admin - Manage Test - Pretest and Posttest - Edit2.run(Admin - Manage Test - Pretest and Posttest - Edit2:36)
	at com.kms.katalon.core.main.ScriptEngine.run(ScriptEngine.java:194)
	at com.kms.katalon.core.main.ScriptEngine.runScriptAsRawText(ScriptEngine.java:119)
	at com.kms.katalon.core.main.TestCaseExecutor.runScript(TestCaseExecutor.java:337)
	at com.kms.katalon.core.main.TestCaseExecutor.doExecute(TestCaseExecutor.java:328)
	at com.kms.katalon.core.main.TestCaseExecutor.processExecutionPhase(TestCaseExecutor.java:307)
	at com.kms.katalon.core.main.TestCaseExecutor.accessMainPhase(TestCaseExecutor.java:299)
	at com.kms.katalon.core.main.TestCaseExecutor.execute(TestCaseExecutor.java:233)
	at com.kms.katalon.core.main.TestSuiteExecutor.accessTestCaseMainPhase(TestSuiteExecutor.java:169)
	at com.kms.katalon.core.main.TestSuiteExecutor.accessTestSuiteMainPhase(TestSuiteExecutor.java:142)
	at com.kms.katalon.core.main.TestSuiteExecutor.execute(TestSuiteExecutor.java:91)
	at com.kms.katalon.core.main.TestCaseMain.startTestSuite(TestCaseMain.java:157)
	at com.kms.katalon.core.main.TestCaseMain$startTestSuite$0.call(Unknown Source)
	at TempTestSuite1592199106572.run(TempTestSuite1592199106572.groovy:36)
Caused by: com.kms.katalon.core.exception.StepFailedException: No option matched.
	at com.kms.katalon.core.keyword.internal.KeywordMain.stepFailed(KeywordMain.groovy:50)
	at com.kms.katalon.core.keyword.internal.KeywordMain.stepFailed(KeywordMain.groovy)
	at com.kms.katalon.core.keyword.internal.KeywordMain.stepFailed(KeywordMain.groovy:23)
	at com.kms.katalon.core.webui.keyword.builtin.SelectOptionByLabelKeyword$_selectOptionByLabel_closure1.doCall(SelectOptionByLabelKeyword.groovy:91)
	at com.kms.katalon.core.webui.keyword.builtin.SelectOptionByLabelKeyword$_selectOptionByLabel_closure1.call(SelectOptionByLabelKeyword.groovy)
	at com.kms.katalon.core.webui.keyword.internal.WebUIKeywordMain.runKeyword(WebUIKeywordMain.groovy:20)
	... 19 more
"/>
         <system-out><![CDATA[2020-06-15 12:45:56 - [TEST_CASE][FAILED] - Test Cases/Denna/Admin - Manage Test - Pretest and Posttest - Edit2: Test Cases/Denna/Admin - Manage Test - Pretest and Posttest - Edit2 FAILED.
Reason:
com.kms.katalon.core.exception.StepFailedException: Unable to select option by label 'Benar/Salah' of object 'Object Repository/Denna/Admin - Manage Test - Pretest and Posttest - Edit new/select tipe soal'  using regular expression
	at com.kms.katalon.core.webui.keyword.internal.WebUIKeywordMain.stepFailed(WebUIKeywordMain.groovy:64)
	at com.kms.katalon.core.webui.keyword.internal.WebUIKeywordMain.runKeyword(WebUIKeywordMain.groovy:26)
	at com.kms.katalon.core.webui.keyword.builtin.SelectOptionByLabelKeyword.selectOptionByLabel(SelectOptionByLabelKeyword.groovy:98)
	at com.kms.katalon.core.webui.keyword.builtin.SelectOptionByLabelKeyword.execute(SelectOptionByLabelKeyword.groovy:71)
	at com.kms.katalon.core.keyword.internal.KeywordExecutor.executeKeywordForPlatform(KeywordExecutor.groovy:72)
	at com.kms.katalon.core.webui.keyword.WebUiBuiltInKeywords.selectOptionByLabel(WebUiBuiltInKeywords.groovy:1200)
	at com.kms.katalon.core.webui.keyword.WebUiBuiltInKeywords$selectOptionByLabel$3.call(Unknown Source)
	at Admin - Manage Test - Pretest and Posttest - Edit2.run(Admin - Manage Test - Pretest and Posttest - Edit2:36)
	at com.kms.katalon.core.main.ScriptEngine.run(ScriptEngine.java:194)
	at com.kms.katalon.core.main.ScriptEngine.runScriptAsRawText(ScriptEngine.java:119)
	at com.kms.katalon.core.main.TestCaseExecutor.runScript(TestCaseExecutor.java:337)
	at com.kms.katalon.core.main.TestCaseExecutor.doExecute(TestCaseExecutor.java:328)
	at com.kms.katalon.core.main.TestCaseExecutor.processExecutionPhase(TestCaseExecutor.java:307)
	at com.kms.katalon.core.main.TestCaseExecutor.accessMainPhase(TestCaseExecutor.java:299)
	at com.kms.katalon.core.main.TestCaseExecutor.execute(TestCaseExecutor.java:233)
	at com.kms.katalon.core.main.TestSuiteExecutor.accessTestCaseMainPhase(TestSuiteExecutor.java:169)
	at com.kms.katalon.core.main.TestSuiteExecutor.accessTestSuiteMainPhase(TestSuiteExecutor.java:142)
	at com.kms.katalon.core.main.TestSuiteExecutor.execute(TestSuiteExecutor.java:91)
	at com.kms.katalon.core.main.TestCaseMain.startTestSuite(TestCaseMain.java:157)
	at com.kms.katalon.core.main.TestCaseMain$startTestSuite$0.call(Unknown Source)
	at TempTestSuite1592199106572.run(TempTestSuite1592199106572.groovy:36)
Caused by: com.kms.katalon.core.exception.StepFailedException: No option matched.
	at com.kms.katalon.core.keyword.internal.KeywordMain.stepFailed(KeywordMain.groovy:50)
	at com.kms.katalon.core.keyword.internal.KeywordMain.stepFailed(KeywordMain.groovy)
	at com.kms.katalon.core.keyword.internal.KeywordMain.stepFailed(KeywordMain.groovy:23)
	at com.kms.katalon.core.webui.keyword.builtin.SelectOptionByLabelKeyword$_selectOptionByLabel_closure1.doCall(SelectOptionByLabelKeyword.groovy:91)
	at com.kms.katalon.core.webui.keyword.builtin.SelectOptionByLabelKeyword$_selectOptionByLabel_closure1.call(SelectOptionByLabelKeyword.groovy)
	at com.kms.katalon.core.webui.keyword.internal.WebUIKeywordMain.runKeyword(WebUIKeywordMain.groovy:20)
	... 19 more


2020-06-15 12:45:56 - [TEST_STEP][PASSED] - callTestCase(findTestCase("Denna/Login(Admin)"), [:], STOP_ON_FAILURE): Call Test Case 'Test Cases/Denna/Login(Admin)' successfully

2020-06-15 12:45:56 - [TEST_CASE][PASSED] - Test Cases/Denna/Login(Admin): Test Cases/Denna/Login(Admin)

2020-06-15 12:45:56 - [TEST_STEP][PASSED] - openBrowser("https://appsrv1.deltadatamandiri.com/ACC_LMS_WEB/#/admNLmn"): Browser is opened with url: 'https://appsrv1.deltadatamandiri.com/ACC_LMS_WEB/#/admNLmn'

2020-06-15 12:45:56 - [MESSAGE][INFO] - Starting 'Chrome' driver

2020-06-15 12:46:16 - [MESSAGE][PASSED] - Browser is opened with url: 'https://appsrv1.deltadatamandiri.com/ACC_LMS_WEB/#/admNLmn'

2020-06-15 12:46:16 - [TEST_STEP][PASSED] - maximizeWindow(): Current window maximized

2020-06-15 12:46:17 - [MESSAGE][PASSED] - Current window maximized

2020-06-15 12:46:17 - [TEST_STEP][PASSED] - click(findTestObject("Object Repository/Denna/Admin - Login/button login")): Object: 'Object Repository/Denna/Admin - Login/button login' is clicked on

2020-06-15 12:46:21 - [MESSAGE][ERROR] - javascript error: Failed to execute 'elementsFromPoint' on 'Document': The provided double value is non-finite.
  (Session info: chrome=83.0.4103.97)
Build info: version: '3.141.59', revision: 'e82be7d358', time: '2018-11-14T08:25:53'
System info: host: 'DESKTOP-NHES7H6', ip: '192.168.1.116', os.name: 'Windows 10', os.arch: 'amd64', os.version: '10.0', java.version: '1.8.0_181'
Driver info: com.kms.katalon.selenium.driver.CChromeDriver
Capabilities {acceptInsecureCerts: false, browserName: chrome, browserVersion: 83.0.4103.97, chrome: {chromedriverVersion: 83.0.4103.39 (ccbf011cb2d2b..., userDataDir: C:\Users\ASUS\AppData\Local...}, goog:chromeOptions: {debuggerAddress: localhost:58573}, javascriptEnabled: true, networkConnectionEnabled: false, pageLoadStrategy: normal, platform: WINDOWS, platformName: WINDOWS, proxy: Proxy(), setWindowRect: true, strictFileInteractability: false, timeouts: {implicit: 0, pageLoad: 300000, script: 30000}, unhandledPromptBehavior: dismiss and notify, webauthn:virtualAuthenticators: true}
Session ID: b169ce6f1950ed1d7be3b0bf186c0204

2020-06-15 12:46:22 - [MESSAGE][PASSED] - Object: 'Object Repository/Denna/Admin - Login/button login' is clicked on

2020-06-15 12:46:22 - [TEST_STEP][PASSED] - setText(findTestObject("Object Repository/Denna/Admin - Login/input_NPK_username"), "11666"): Text '11666' is set on object 'Object Repository/Denna/Admin - Login/input_NPK_username'

2020-06-15 12:46:23 - [MESSAGE][PASSED] - Text '11666' is set on object 'Object Repository/Denna/Admin - Login/input_NPK_username'

2020-06-15 12:46:23 - [TEST_STEP][PASSED] - setText(findTestObject("Object Repository/Denna/Admin - Login/input_Password_password"), "Password3"): Text 'Password3' is set on object 'Object Repository/Denna/Admin - Login/input_Password_password'

2020-06-15 12:46:24 - [MESSAGE][PASSED] - Text 'Password3' is set on object 'Object Repository/Denna/Admin - Login/input_Password_password'

2020-06-15 12:46:24 - [TEST_STEP][PASSED] - click(findTestObject("Denna/Admin - Login/button login1")): Object: 'Object Repository/Denna/Admin - Login/button login1' is clicked on

2020-06-15 12:46:24 - [MESSAGE][PASSED] - Object: 'Object Repository/Denna/Admin - Login/button login1' is clicked on

2020-06-15 12:46:24 - [MESSAGE][PASSED] - Call Test Case 'Test Cases/Denna/Login(Admin)' successfully

2020-06-15 12:46:24 - [TEST_STEP][PASSED] - click(findTestObject("Denna/Admin - Manage Test - Pretest and Posttest - Edit new/button_Test Management")): Object: 'Object Repository/Denna/Admin - Manage Test - Pretest and Posttest - Edit new/button_Test Management' is clicked on

2020-06-15 12:46:31 - [MESSAGE][PASSED] - Object: 'Object Repository/Denna/Admin - Manage Test - Pretest and Posttest - Edit new/button_Test Management' is clicked on

2020-06-15 12:46:31 - [TEST_STEP][PASSED] - click(findTestObject("Denna/Admin - Manage Test - Pretest and Posttest - Edit new/span_Pre-Test  Post-Test")): Object: 'Object Repository/Denna/Admin - Manage Test - Pretest and Posttest - Edit new/span_Pre-Test  Post-Test' is clicked on

2020-06-15 12:46:32 - [MESSAGE][PASSED] - Object: 'Object Repository/Denna/Admin - Manage Test - Pretest and Posttest - Edit new/span_Pre-Test  Post-Test' is clicked on

2020-06-15 12:46:32 - [TEST_STEP][PASSED] - delay(2): Delayed 2 second(s)

2020-06-15 12:46:34 - [MESSAGE][PASSED] - Delayed 2 second(s)

2020-06-15 12:46:34 - [TEST_STEP][PASSED] - click(findTestObject("Object Repository/Denna/Admin - Manage Test - Pretest and Posttest - Edit2/button EditOrDelete")): Object: 'Object Repository/Denna/Admin - Manage Test - Pretest and Posttest - Edit2/button EditOrDelete' is clicked on

2020-06-15 12:46:49 - [MESSAGE][PASSED] - Object: 'Object Repository/Denna/Admin - Manage Test - Pretest and Posttest - Edit2/button EditOrDelete' is clicked on

2020-06-15 12:46:49 - [TEST_STEP][PASSED] - click(findTestObject("Denna/Admin - Manage Test - Pretest and Posttest - Edit2/button Edit")): Object: 'Object Repository/Denna/Admin - Manage Test - Pretest and Posttest - Edit2/button Edit' is clicked on

2020-06-15 12:46:50 - [MESSAGE][PASSED] - Object: 'Object Repository/Denna/Admin - Manage Test - Pretest and Posttest - Edit2/button Edit' is clicked on

2020-06-15 12:46:50 - [TEST_STEP][PASSED] - delay(4): Delayed 4 second(s)

2020-06-15 12:46:54 - [MESSAGE][PASSED] - Delayed 4 second(s)

2020-06-15 12:46:54 - [TEST_STEP][PASSED] - selectOptionByLabel(findTestObject("Denna/Admin - Manage Test - Pretest and Posttest - Edit new/select category"), category, true): All options with label 'Pre-Test' are selected in object 'Object Repository/Denna/Admin - Manage Test - Pretest and Posttest - Edit new/select category'  using regular expression

2020-06-15 12:46:59 - [MESSAGE][PASSED] - All options with label 'Pre-Test' are selected in object 'Object Repository/Denna/Admin - Manage Test - Pretest and Posttest - Edit new/select category'  using regular expression

2020-06-15 12:46:59 - [TEST_STEP][FAILED] - selectOptionByLabel(findTestObject("Denna/Admin - Manage Test - Pretest and Posttest - Edit new/select tipe soal"), tipeSoal, true): Unable to select option by label 'Benar/Salah' of object 'Object Repository/Denna/Admin - Manage Test - Pretest and Posttest - Edit new/select tipe soal'  using regular expression (Root cause: com.kms.katalon.core.exception.StepFailedException: Unable to select option by label 'Benar/Salah' of object 'Object Repository/Denna/Admin - Manage Test - Pretest and Posttest - Edit new/select tipe soal'  using regular expression
	at com.kms.katalon.core.webui.keyword.internal.WebUIKeywordMain.stepFailed(WebUIKeywordMain.groovy:64)
	at com.kms.katalon.core.webui.keyword.internal.WebUIKeywordMain.runKeyword(WebUIKeywordMain.groovy:26)
	at com.kms.katalon.core.webui.keyword.builtin.SelectOptionByLabelKeyword.selectOptionByLabel(SelectOptionByLabelKeyword.groovy:98)
	at com.kms.katalon.core.webui.keyword.builtin.SelectOptionByLabelKeyword.execute(SelectOptionByLabelKeyword.groovy:71)
	at com.kms.katalon.core.keyword.internal.KeywordExecutor.executeKeywordForPlatform(KeywordExecutor.groovy:72)
	at com.kms.katalon.core.webui.keyword.WebUiBuiltInKeywords.selectOptionByLabel(WebUiBuiltInKeywords.groovy:1200)
	at com.kms.katalon.core.webui.keyword.WebUiBuiltInKeywords$selectOptionByLabel$3.call(Unknown Source)
	at Admin - Manage Test - Pretest and Posttest - Edit2.run(Admin - Manage Test - Pretest and Posttest - Edit2:36)
	at com.kms.katalon.core.main.ScriptEngine.run(ScriptEngine.java:194)
	at com.kms.katalon.core.main.ScriptEngine.runScriptAsRawText(ScriptEngine.java:119)
	at com.kms.katalon.core.main.TestCaseExecutor.runScript(TestCaseExecutor.java:337)
	at com.kms.katalon.core.main.TestCaseExecutor.doExecute(TestCaseExecutor.java:328)
	at com.kms.katalon.core.main.TestCaseExecutor.processExecutionPhase(TestCaseExecutor.java:307)
	at com.kms.katalon.core.main.TestCaseExecutor.accessMainPhase(TestCaseExecutor.java:299)
	at com.kms.katalon.core.main.TestCaseExecutor.execute(TestCaseExecutor.java:233)
	at com.kms.katalon.core.main.TestSuiteExecutor.accessTestCaseMainPhase(TestSuiteExecutor.java:169)
	at com.kms.katalon.core.main.TestSuiteExecutor.accessTestSuiteMainPhase(TestSuiteExecutor.java:142)
	at com.kms.katalon.core.main.TestSuiteExecutor.execute(TestSuiteExecutor.java:91)
	at com.kms.katalon.core.main.TestCaseMain.startTestSuite(TestCaseMain.java:157)
	at com.kms.katalon.core.main.TestCaseMain$startTestSuite$0.call(Unknown Source)
	at TempTestSuite1592199106572.run(TempTestSuite1592199106572.groovy:36)
Caused by: com.kms.katalon.core.exception.StepFailedException: No option matched.
	at com.kms.katalon.core.keyword.internal.KeywordMain.stepFailed(KeywordMain.groovy:50)
	at com.kms.katalon.core.keyword.internal.KeywordMain.stepFailed(KeywordMain.groovy)
	at com.kms.katalon.core.keyword.internal.KeywordMain.stepFailed(KeywordMain.groovy:23)
	at com.kms.katalon.core.webui.keyword.builtin.SelectOptionByLabelKeyword$_selectOptionByLabel_closure1.doCall(SelectOptionByLabelKeyword.groovy:91)
	at com.kms.katalon.core.webui.keyword.builtin.SelectOptionByLabelKeyword$_selectOptionByLabel_closure1.call(SelectOptionByLabelKeyword.groovy)
	at com.kms.katalon.core.webui.keyword.internal.WebUIKeywordMain.runKeyword(WebUIKeywordMain.groovy:20)
	at com.kms.katalon.core.webui.keyword.builtin.SelectOptionByLabelKeyword.selectOptionByLabel(SelectOptionByLabelKeyword.groovy:98)
	at com.kms.katalon.core.webui.keyword.builtin.SelectOptionByLabelKeyword.execute(SelectOptionByLabelKeyword.groovy:71)
	at com.kms.katalon.core.keyword.internal.KeywordExecutor.executeKeywordForPlatform(KeywordExecutor.groovy:72)
	at com.kms.katalon.core.webui.keyword.WebUiBuiltInKeywords.selectOptionByLabel(WebUiBuiltInKeywords.groovy:1200)
	at com.kms.katalon.core.webui.keyword.WebUiBuiltInKeywords$selectOptionByLabel$3.call(Unknown Source)
	at Script1590816477294.run(Script1590816477294.groovy:36)
	... 13 more
)

2020-06-15 12:47:00 - [MESSAGE][FAILED] - No option matched.

2020-06-15 12:47:00 - [MESSAGE][FAILED] - Unable to select option by label 'Benar/Salah' of object 'Object Repository/Denna/Admin - Manage Test - Pretest and Posttest - Edit new/select tipe soal'  using regular expression (Root cause: com.kms.katalon.core.exception.StepFailedException: Unable to select option by label 'Benar/Salah' of object 'Object Repository/Denna/Admin - Manage Test - Pretest and Posttest - Edit new/select tipe soal'  using regular expression
	at com.kms.katalon.core.webui.keyword.internal.WebUIKeywordMain.stepFailed(WebUIKeywordMain.groovy:64)
	at com.kms.katalon.core.webui.keyword.internal.WebUIKeywordMain.runKeyword(WebUIKeywordMain.groovy:26)
	at com.kms.katalon.core.webui.keyword.builtin.SelectOptionByLabelKeyword.selectOptionByLabel(SelectOptionByLabelKeyword.groovy:98)
	at com.kms.katalon.core.webui.keyword.builtin.SelectOptionByLabelKeyword.execute(SelectOptionByLabelKeyword.groovy:71)
	at com.kms.katalon.core.keyword.internal.KeywordExecutor.executeKeywordForPlatform(KeywordExecutor.groovy:72)
	at com.kms.katalon.core.webui.keyword.WebUiBuiltInKeywords.selectOptionByLabel(WebUiBuiltInKeywords.groovy:1200)
	at com.kms.katalon.core.webui.keyword.WebUiBuiltInKeywords$selectOptionByLabel$3.call(Unknown Source)
	at Admin - Manage Test - Pretest and Posttest - Edit2.run(Admin - Manage Test - Pretest and Posttest - Edit2:36)
	at com.kms.katalon.core.main.ScriptEngine.run(ScriptEngine.java:194)
	at com.kms.katalon.core.main.ScriptEngine.runScriptAsRawText(ScriptEngine.java:119)
	at com.kms.katalon.core.main.TestCaseExecutor.runScript(TestCaseExecutor.java:337)
	at com.kms.katalon.core.main.TestCaseExecutor.doExecute(TestCaseExecutor.java:328)
	at com.kms.katalon.core.main.TestCaseExecutor.processExecutionPhase(TestCaseExecutor.java:307)
	at com.kms.katalon.core.main.TestCaseExecutor.accessMainPhase(TestCaseExecutor.java:299)
	at com.kms.katalon.core.main.TestCaseExecutor.execute(TestCaseExecutor.java:233)
	at com.kms.katalon.core.main.TestSuiteExecutor.accessTestCaseMainPhase(TestSuiteExecutor.java:169)
	at com.kms.katalon.core.main.TestSuiteExecutor.accessTestSuiteMainPhase(TestSuiteExecutor.java:142)
	at com.kms.katalon.core.main.TestSuiteExecutor.execute(TestSuiteExecutor.java:91)
	at com.kms.katalon.core.main.TestCaseMain.startTestSuite(TestCaseMain.java:157)
	at com.kms.katalon.core.main.TestCaseMain$startTestSuite$0.call(Unknown Source)
	at TempTestSuite1592199106572.run(TempTestSuite1592199106572.groovy:36)
Caused by: com.kms.katalon.core.exception.StepFailedException: No option matched.
	at com.kms.katalon.core.keyword.internal.KeywordMain.stepFailed(KeywordMain.groovy:50)
	at com.kms.katalon.core.keyword.internal.KeywordMain.stepFailed(KeywordMain.groovy)
	at com.kms.katalon.core.keyword.internal.KeywordMain.stepFailed(KeywordMain.groovy:23)
	at com.kms.katalon.core.webui.keyword.builtin.SelectOptionByLabelKeyword$_selectOptionByLabel_closure1.doCall(SelectOptionByLabelKeyword.groovy:91)
	at com.kms.katalon.core.webui.keyword.builtin.SelectOptionByLabelKeyword$_selectOptionByLabel_closure1.call(SelectOptionByLabelKeyword.groovy)
	at com.kms.katalon.core.webui.keyword.internal.WebUIKeywordMain.runKeyword(WebUIKeywordMain.groovy:20)
	at com.kms.katalon.core.webui.keyword.builtin.SelectOptionByLabelKeyword.selectOptionByLabel(SelectOptionByLabelKeyword.groovy:98)
	at com.kms.katalon.core.webui.keyword.builtin.SelectOptionByLabelKeyword.execute(SelectOptionByLabelKeyword.groovy:71)
	at com.kms.katalon.core.keyword.internal.KeywordExecutor.executeKeywordForPlatform(KeywordExecutor.groovy:72)
	at com.kms.katalon.core.webui.keyword.WebUiBuiltInKeywords.selectOptionByLabel(WebUiBuiltInKeywords.groovy:1200)
	at com.kms.katalon.core.webui.keyword.WebUiBuiltInKeywords$selectOptionByLabel$3.call(Unknown Source)
	at Script1590816477294.run(Script1590816477294.groovy:36)
	... 13 more
)
[[ATTACHMENT|D:\\MY WORLD\\WORKS (TUGAS)\\LearningManagementWeb\\Reports\\20200615_123146\\Denna\\Admin - Manage Test - Pretest and Posttest - Edit (with verify)\\20200615_123146\\1592200020501.png]]]]></system-out>
         <system-err><![CDATA[2020-06-15 12:45:56 - [TEST_CASE][FAILED] - Test Cases/Denna/Admin - Manage Test - Pretest and Posttest - Edit2: Test Cases/Denna/Admin - Manage Test - Pretest and Posttest - Edit2 FAILED.
Reason:
com.kms.katalon.core.exception.StepFailedException: Unable to select option by label 'Benar/Salah' of object 'Object Repository/Denna/Admin - Manage Test - Pretest and Posttest - Edit new/select tipe soal'  using regular expression
	at com.kms.katalon.core.webui.keyword.internal.WebUIKeywordMain.stepFailed(WebUIKeywordMain.groovy:64)
	at com.kms.katalon.core.webui.keyword.internal.WebUIKeywordMain.runKeyword(WebUIKeywordMain.groovy:26)
	at com.kms.katalon.core.webui.keyword.builtin.SelectOptionByLabelKeyword.selectOptionByLabel(SelectOptionByLabelKeyword.groovy:98)
	at com.kms.katalon.core.webui.keyword.builtin.SelectOptionByLabelKeyword.execute(SelectOptionByLabelKeyword.groovy:71)
	at com.kms.katalon.core.keyword.internal.KeywordExecutor.executeKeywordForPlatform(KeywordExecutor.groovy:72)
	at com.kms.katalon.core.webui.keyword.WebUiBuiltInKeywords.selectOptionByLabel(WebUiBuiltInKeywords.groovy:1200)
	at com.kms.katalon.core.webui.keyword.WebUiBuiltInKeywords$selectOptionByLabel$3.call(Unknown Source)
	at Admin - Manage Test - Pretest and Posttest - Edit2.run(Admin - Manage Test - Pretest and Posttest - Edit2:36)
	at com.kms.katalon.core.main.ScriptEngine.run(ScriptEngine.java:194)
	at com.kms.katalon.core.main.ScriptEngine.runScriptAsRawText(ScriptEngine.java:119)
	at com.kms.katalon.core.main.TestCaseExecutor.runScript(TestCaseExecutor.java:337)
	at com.kms.katalon.core.main.TestCaseExecutor.doExecute(TestCaseExecutor.java:328)
	at com.kms.katalon.core.main.TestCaseExecutor.processExecutionPhase(TestCaseExecutor.java:307)
	at com.kms.katalon.core.main.TestCaseExecutor.accessMainPhase(TestCaseExecutor.java:299)
	at com.kms.katalon.core.main.TestCaseExecutor.execute(TestCaseExecutor.java:233)
	at com.kms.katalon.core.main.TestSuiteExecutor.accessTestCaseMainPhase(TestSuiteExecutor.java:169)
	at com.kms.katalon.core.main.TestSuiteExecutor.accessTestSuiteMainPhase(TestSuiteExecutor.java:142)
	at com.kms.katalon.core.main.TestSuiteExecutor.execute(TestSuiteExecutor.java:91)
	at com.kms.katalon.core.main.TestCaseMain.startTestSuite(TestCaseMain.java:157)
	at com.kms.katalon.core.main.TestCaseMain$startTestSuite$0.call(Unknown Source)
	at TempTestSuite1592199106572.run(TempTestSuite1592199106572.groovy:36)
Caused by: com.kms.katalon.core.exception.StepFailedException: No option matched.
	at com.kms.katalon.core.keyword.internal.KeywordMain.stepFailed(KeywordMain.groovy:50)
	at com.kms.katalon.core.keyword.internal.KeywordMain.stepFailed(KeywordMain.groovy)
	at com.kms.katalon.core.keyword.internal.KeywordMain.stepFailed(KeywordMain.groovy:23)
	at com.kms.katalon.core.webui.keyword.builtin.SelectOptionByLabelKeyword$_selectOptionByLabel_closure1.doCall(SelectOptionByLabelKeyword.groovy:91)
	at com.kms.katalon.core.webui.keyword.builtin.SelectOptionByLabelKeyword$_selectOptionByLabel_closure1.call(SelectOptionByLabelKeyword.groovy)
	at com.kms.katalon.core.webui.keyword.internal.WebUIKeywordMain.runKeyword(WebUIKeywordMain.groovy:20)
	... 19 more]]></system-err>
      </testcase>
      <testcase name="Test Cases/Denna/Admin - Manage Test - Pretest and Posttest - Edit2" time="93.721" classname="Test Cases/Denna/Admin - Manage Test - Pretest and Posttest - Edit2" status="PASSED">
         <system-out><![CDATA[2020-06-15 12:47:01 - [TEST_CASE][PASSED] - Test Cases/Denna/Admin - Manage Test - Pretest and Posttest - Edit2: Test Cases/Denna/Admin - Manage Test - Pretest and Posttest - Edit2

2020-06-15 12:47:01 - [TEST_STEP][PASSED] - callTestCase(findTestCase("Denna/Login(Admin)"), [:], STOP_ON_FAILURE): Call Test Case 'Test Cases/Denna/Login(Admin)' successfully

2020-06-15 12:47:01 - [TEST_CASE][PASSED] - Test Cases/Denna/Login(Admin): Test Cases/Denna/Login(Admin)

2020-06-15 12:47:01 - [TEST_STEP][PASSED] - openBrowser("https://appsrv1.deltadatamandiri.com/ACC_LMS_WEB/#/admNLmn"): Browser is opened with url: 'https://appsrv1.deltadatamandiri.com/ACC_LMS_WEB/#/admNLmn'

2020-06-15 12:47:01 - [MESSAGE][WARNING] - A browser is already opened. Closing browser and opening a new one

2020-06-15 12:47:02 - [MESSAGE][INFO] - Starting 'Chrome' driver

2020-06-15 12:47:22 - [MESSAGE][PASSED] - Browser is opened with url: 'https://appsrv1.deltadatamandiri.com/ACC_LMS_WEB/#/admNLmn'

2020-06-15 12:47:22 - [TEST_STEP][PASSED] - maximizeWindow(): Current window maximized

2020-06-15 12:47:23 - [MESSAGE][PASSED] - Current window maximized

2020-06-15 12:47:23 - [TEST_STEP][PASSED] - click(findTestObject("Object Repository/Denna/Admin - Login/button login")): Object: 'Object Repository/Denna/Admin - Login/button login' is clicked on

2020-06-15 12:47:26 - [MESSAGE][ERROR] - javascript error: Failed to execute 'elementsFromPoint' on 'Document': The provided double value is non-finite.
  (Session info: chrome=83.0.4103.97)
Build info: version: '3.141.59', revision: 'e82be7d358', time: '2018-11-14T08:25:53'
System info: host: 'DESKTOP-NHES7H6', ip: '192.168.1.116', os.name: 'Windows 10', os.arch: 'amd64', os.version: '10.0', java.version: '1.8.0_181'
Driver info: com.kms.katalon.selenium.driver.CChromeDriver
Capabilities {acceptInsecureCerts: false, browserName: chrome, browserVersion: 83.0.4103.97, chrome: {chromedriverVersion: 83.0.4103.39 (ccbf011cb2d2b..., userDataDir: C:\Users\ASUS\AppData\Local...}, goog:chromeOptions: {debuggerAddress: localhost:58631}, javascriptEnabled: true, networkConnectionEnabled: false, pageLoadStrategy: normal, platform: WINDOWS, platformName: WINDOWS, proxy: Proxy(), setWindowRect: true, strictFileInteractability: false, timeouts: {implicit: 0, pageLoad: 300000, script: 30000}, unhandledPromptBehavior: dismiss and notify, webauthn:virtualAuthenticators: true}
Session ID: 8ca80861be2b37eec889ddb2894ff1f6

2020-06-15 12:47:27 - [MESSAGE][PASSED] - Object: 'Object Repository/Denna/Admin - Login/button login' is clicked on

2020-06-15 12:47:27 - [TEST_STEP][PASSED] - setText(findTestObject("Object Repository/Denna/Admin - Login/input_NPK_username"), "11666"): Text '11666' is set on object 'Object Repository/Denna/Admin - Login/input_NPK_username'

2020-06-15 12:47:28 - [MESSAGE][PASSED] - Text '11666' is set on object 'Object Repository/Denna/Admin - Login/input_NPK_username'

2020-06-15 12:47:28 - [TEST_STEP][PASSED] - setText(findTestObject("Object Repository/Denna/Admin - Login/input_Password_password"), "Password3"): Text 'Password3' is set on object 'Object Repository/Denna/Admin - Login/input_Password_password'

2020-06-15 12:47:28 - [MESSAGE][PASSED] - Text 'Password3' is set on object 'Object Repository/Denna/Admin - Login/input_Password_password'

2020-06-15 12:47:28 - [TEST_STEP][PASSED] - click(findTestObject("Denna/Admin - Login/button login1")): Object: 'Object Repository/Denna/Admin - Login/button login1' is clicked on

2020-06-15 12:47:29 - [MESSAGE][PASSED] - Object: 'Object Repository/Denna/Admin - Login/button login1' is clicked on

2020-06-15 12:47:29 - [MESSAGE][PASSED] - Call Test Case 'Test Cases/Denna/Login(Admin)' successfully

2020-06-15 12:47:29 - [TEST_STEP][PASSED] - click(findTestObject("Denna/Admin - Manage Test - Pretest and Posttest - Edit new/button_Test Management")): Object: 'Object Repository/Denna/Admin - Manage Test - Pretest and Posttest - Edit new/button_Test Management' is clicked on

2020-06-15 12:47:35 - [MESSAGE][PASSED] - Object: 'Object Repository/Denna/Admin - Manage Test - Pretest and Posttest - Edit new/button_Test Management' is clicked on

2020-06-15 12:47:35 - [TEST_STEP][PASSED] - click(findTestObject("Denna/Admin - Manage Test - Pretest and Posttest - Edit new/span_Pre-Test  Post-Test")): Object: 'Object Repository/Denna/Admin - Manage Test - Pretest and Posttest - Edit new/span_Pre-Test  Post-Test' is clicked on

2020-06-15 12:47:36 - [MESSAGE][PASSED] - Object: 'Object Repository/Denna/Admin - Manage Test - Pretest and Posttest - Edit new/span_Pre-Test  Post-Test' is clicked on

2020-06-15 12:47:36 - [TEST_STEP][PASSED] - delay(2): Delayed 2 second(s)

2020-06-15 12:47:38 - [MESSAGE][PASSED] - Delayed 2 second(s)

2020-06-15 12:47:38 - [TEST_STEP][PASSED] - click(findTestObject("Object Repository/Denna/Admin - Manage Test - Pretest and Posttest - Edit2/button EditOrDelete")): Object: 'Object Repository/Denna/Admin - Manage Test - Pretest and Posttest - Edit2/button EditOrDelete' is clicked on

2020-06-15 12:47:51 - [MESSAGE][PASSED] - Object: 'Object Repository/Denna/Admin - Manage Test - Pretest and Posttest - Edit2/button EditOrDelete' is clicked on

2020-06-15 12:47:51 - [TEST_STEP][PASSED] - click(findTestObject("Denna/Admin - Manage Test - Pretest and Posttest - Edit2/button Edit")): Object: 'Object Repository/Denna/Admin - Manage Test - Pretest and Posttest - Edit2/button Edit' is clicked on

2020-06-15 12:47:52 - [MESSAGE][PASSED] - Object: 'Object Repository/Denna/Admin - Manage Test - Pretest and Posttest - Edit2/button Edit' is clicked on

2020-06-15 12:47:52 - [TEST_STEP][PASSED] - delay(4): Delayed 4 second(s)

2020-06-15 12:47:56 - [MESSAGE][PASSED] - Delayed 4 second(s)

2020-06-15 12:47:56 - [TEST_STEP][PASSED] - selectOptionByLabel(findTestObject("Denna/Admin - Manage Test - Pretest and Posttest - Edit new/select category"), category, true): All options with label 'Pre-Test' are selected in object 'Object Repository/Denna/Admin - Manage Test - Pretest and Posttest - Edit new/select category'  using regular expression

2020-06-15 12:48:01 - [MESSAGE][PASSED] - All options with label 'Pre-Test' are selected in object 'Object Repository/Denna/Admin - Manage Test - Pretest and Posttest - Edit new/select category'  using regular expression

2020-06-15 12:48:01 - [TEST_STEP][PASSED] - selectOptionByLabel(findTestObject("Denna/Admin - Manage Test - Pretest and Posttest - Edit new/select tipe soal"), tipeSoal, true): All options with label 'Uraian' are selected in object 'Object Repository/Denna/Admin - Manage Test - Pretest and Posttest - Edit new/select tipe soal'  using regular expression

2020-06-15 12:48:02 - [MESSAGE][PASSED] - All options with label 'Uraian' are selected in object 'Object Repository/Denna/Admin - Manage Test - Pretest and Posttest - Edit new/select tipe soal'  using regular expression

2020-06-15 12:48:02 - [TEST_STEP][PASSED] - selectOptionByLabel(findTestObject("Denna/Admin - Manage Test - Pretest and Posttest - Edit new/select job function"), jobFunction, true): All options with label 'SALES' are selected in object 'Object Repository/Denna/Admin - Manage Test - Pretest and Posttest - Edit new/select job function'  using regular expression

2020-06-15 12:48:06 - [MESSAGE][PASSED] - All options with label 'SALES' are selected in object 'Object Repository/Denna/Admin - Manage Test - Pretest and Posttest - Edit new/select job function'  using regular expression

2020-06-15 12:48:06 - [TEST_STEP][PASSED] - selectOptionByLabel(findTestObject("Denna/Admin - Manage Test - Pretest and Posttest - Edit new/select job position"), jobPosition, true): All options with label 'SALES HEAD' are selected in object 'Object Repository/Denna/Admin - Manage Test - Pretest and Posttest - Edit new/select job position'  using regular expression

2020-06-15 12:48:09 - [MESSAGE][PASSED] - All options with label 'SALES HEAD' are selected in object 'Object Repository/Denna/Admin - Manage Test - Pretest and Posttest - Edit new/select job position'  using regular expression

2020-06-15 12:48:09 - [TEST_STEP][PASSED] - selectOptionByLabel(findTestObject("Denna/Admin - Manage Test - Pretest and Posttest - Edit new/select module"), module, true): All options with label 'NEOP ARHO' are selected in object 'Object Repository/Denna/Admin - Manage Test - Pretest and Posttest - Edit new/select module'  using regular expression

2020-06-15 12:48:11 - [MESSAGE][PASSED] - All options with label 'NEOP ARHO' are selected in object 'Object Repository/Denna/Admin - Manage Test - Pretest and Posttest - Edit new/select module'  using regular expression

2020-06-15 12:48:11 - [TEST_STEP][PASSED] - setText(findTestObject("Denna/Admin - Manage Test - Pretest and Posttest - Edit new/input Technical Competence"), technicalCompentence): Text 'technical' is set on object 'Object Repository/Denna/Admin - Manage Test - Pretest and Posttest - Edit new/input Technical Competence'

2020-06-15 12:48:11 - [MESSAGE][PASSED] - Text 'technical' is set on object 'Object Repository/Denna/Admin - Manage Test - Pretest and Posttest - Edit new/input Technical Competence'

2020-06-15 12:48:11 - [TEST_STEP][PASSED] - setText(findTestObject("Denna/Admin - Manage Test - Pretest and Posttest - Edit new/input Level Competence"), levelCompetence): Text 'level' is set on object 'Object Repository/Denna/Admin - Manage Test - Pretest and Posttest - Edit new/input Level Competence'

2020-06-15 12:48:12 - [MESSAGE][PASSED] - Text 'level' is set on object 'Object Repository/Denna/Admin - Manage Test - Pretest and Posttest - Edit new/input Level Competence'

2020-06-15 12:48:12 - [TEST_STEP][PASSED] - setText(findTestObject("Denna/Admin - Manage Test - Pretest and Posttest - Edit new/textarea Soal"), soal): Text 'ini soal' is set on object 'Object Repository/Denna/Admin - Manage Test - Pretest and Posttest - Edit new/textarea Soal'

2020-06-15 12:48:12 - [MESSAGE][PASSED] - Text 'ini soal' is set on object 'Object Repository/Denna/Admin - Manage Test - Pretest and Posttest - Edit new/textarea Soal'

2020-06-15 12:48:12 - [TEST_STEP][PASSED] - if (tipeSoal == "Pilihan Ganda"): null

2020-06-15 12:48:12 - [TEST_STEP][PASSED] - else if (tipeSoal == "Uraian"): Text '' is set on object 'Object Repository/Denna/Admin - Manage Test - Pretest and Posttest - Edit new/textarea Kunci Jawaban Uraian'

2020-06-15 12:48:12 - [TEST_STEP][PASSED] - setText(findTestObject("Denna/Admin - Manage Test - Pretest and Posttest - Edit new/textarea Kunci Jawaban Uraian"), jawabanUraian): Text '' is set on object 'Object Repository/Denna/Admin - Manage Test - Pretest and Posttest - Edit new/textarea Kunci Jawaban Uraian'

2020-06-15 12:48:13 - [MESSAGE][PASSED] - Text '' is set on object 'Object Repository/Denna/Admin - Manage Test - Pretest and Posttest - Edit new/textarea Kunci Jawaban Uraian'

2020-06-15 12:48:13 - [TEST_STEP][PASSED] - click(findTestObject("Denna/Admin - Manage Test - Pretest and Posttest - Edit new/button Submit")): Object: 'Object Repository/Denna/Admin - Manage Test - Pretest and Posttest - Edit new/button Submit' is clicked on

2020-06-15 12:48:14 - [MESSAGE][PASSED] - Object: 'Object Repository/Denna/Admin - Manage Test - Pretest and Posttest - Edit new/button Submit' is clicked on

2020-06-15 12:48:14 - [TEST_STEP][PASSED] - switch (kondisi): null

2020-06-15 12:48:14 - [TEST_STEP][PASSED] - case "fail":: null

2020-06-15 12:48:14 - [TEST_STEP][PASSED] - delay(8): Delayed 8 second(s)

2020-06-15 12:48:22 - [MESSAGE][PASSED] - Delayed 8 second(s)

2020-06-15 12:48:22 - [TEST_STEP][PASSED] - verifyElementVisible(findTestObject("Denna/Admin - Manage Test - Pretest and Posttest - Edit new/button Submit")): Object 'Object Repository/Denna/Admin - Manage Test - Pretest and Posttest - Edit new/button Submit' is visible

2020-06-15 12:48:33 - [MESSAGE][PASSED] - Object 'Object Repository/Denna/Admin - Manage Test - Pretest and Posttest - Edit new/button Submit' is visible

2020-06-15 12:48:33 - [TEST_STEP][PASSED] - break: null

2020-06-15 12:48:33 - [TEST_STEP][PASSED] - closeBrowser(): Browser is closed

2020-06-15 12:48:34 - [MESSAGE][PASSED] - Browser is closed]]></system-out>
         <system-err><![CDATA[]]></system-err>
      </testcase>
      <testcase name="Test Cases/Denna/Admin - Manage Test - Pretest and Posttest - Edit2" time="79.718" classname="Test Cases/Denna/Admin - Manage Test - Pretest and Posttest - Edit2" status="PASSED">
         <system-out><![CDATA[2020-06-15 12:48:34 - [TEST_CASE][PASSED] - Test Cases/Denna/Admin - Manage Test - Pretest and Posttest - Edit2: Test Cases/Denna/Admin - Manage Test - Pretest and Posttest - Edit2

2020-06-15 12:48:34 - [TEST_STEP][PASSED] - callTestCase(findTestCase("Denna/Login(Admin)"), [:], STOP_ON_FAILURE): Call Test Case 'Test Cases/Denna/Login(Admin)' successfully

2020-06-15 12:48:35 - [TEST_CASE][PASSED] - Test Cases/Denna/Login(Admin): Test Cases/Denna/Login(Admin)

2020-06-15 12:48:35 - [TEST_STEP][PASSED] - openBrowser("https://appsrv1.deltadatamandiri.com/ACC_LMS_WEB/#/admNLmn"): Browser is opened with url: 'https://appsrv1.deltadatamandiri.com/ACC_LMS_WEB/#/admNLmn'

2020-06-15 12:48:35 - [MESSAGE][INFO] - Starting 'Chrome' driver

2020-06-15 12:48:49 - [MESSAGE][PASSED] - Browser is opened with url: 'https://appsrv1.deltadatamandiri.com/ACC_LMS_WEB/#/admNLmn'

2020-06-15 12:48:49 - [TEST_STEP][PASSED] - maximizeWindow(): Current window maximized

2020-06-15 12:48:51 - [MESSAGE][PASSED] - Current window maximized

2020-06-15 12:48:51 - [TEST_STEP][PASSED] - click(findTestObject("Object Repository/Denna/Admin - Login/button login")): Object: 'Object Repository/Denna/Admin - Login/button login' is clicked on

2020-06-15 12:48:56 - [MESSAGE][PASSED] - Object: 'Object Repository/Denna/Admin - Login/button login' is clicked on

2020-06-15 12:48:56 - [TEST_STEP][PASSED] - setText(findTestObject("Object Repository/Denna/Admin - Login/input_NPK_username"), "11666"): Text '11666' is set on object 'Object Repository/Denna/Admin - Login/input_NPK_username'

2020-06-15 12:48:57 - [MESSAGE][PASSED] - Text '11666' is set on object 'Object Repository/Denna/Admin - Login/input_NPK_username'

2020-06-15 12:48:57 - [TEST_STEP][PASSED] - setText(findTestObject("Object Repository/Denna/Admin - Login/input_Password_password"), "Password3"): Text 'Password3' is set on object 'Object Repository/Denna/Admin - Login/input_Password_password'

2020-06-15 12:48:59 - [MESSAGE][PASSED] - Text 'Password3' is set on object 'Object Repository/Denna/Admin - Login/input_Password_password'

2020-06-15 12:48:59 - [TEST_STEP][PASSED] - click(findTestObject("Denna/Admin - Login/button login1")): Object: 'Object Repository/Denna/Admin - Login/button login1' is clicked on

2020-06-15 12:49:00 - [MESSAGE][PASSED] - Object: 'Object Repository/Denna/Admin - Login/button login1' is clicked on

2020-06-15 12:49:00 - [MESSAGE][PASSED] - Call Test Case 'Test Cases/Denna/Login(Admin)' successfully

2020-06-15 12:49:00 - [TEST_STEP][PASSED] - click(findTestObject("Denna/Admin - Manage Test - Pretest and Posttest - Edit new/button_Test Management")): Object: 'Object Repository/Denna/Admin - Manage Test - Pretest and Posttest - Edit new/button_Test Management' is clicked on

2020-06-15 12:49:06 - [MESSAGE][PASSED] - Object: 'Object Repository/Denna/Admin - Manage Test - Pretest and Posttest - Edit new/button_Test Management' is clicked on

2020-06-15 12:49:06 - [TEST_STEP][PASSED] - click(findTestObject("Denna/Admin - Manage Test - Pretest and Posttest - Edit new/span_Pre-Test  Post-Test")): Object: 'Object Repository/Denna/Admin - Manage Test - Pretest and Posttest - Edit new/span_Pre-Test  Post-Test' is clicked on

2020-06-15 12:49:07 - [MESSAGE][PASSED] - Object: 'Object Repository/Denna/Admin - Manage Test - Pretest and Posttest - Edit new/span_Pre-Test  Post-Test' is clicked on

2020-06-15 12:49:07 - [TEST_STEP][PASSED] - delay(2): Delayed 2 second(s)

2020-06-15 12:49:09 - [MESSAGE][PASSED] - Delayed 2 second(s)

2020-06-15 12:49:09 - [TEST_STEP][PASSED] - click(findTestObject("Object Repository/Denna/Admin - Manage Test - Pretest and Posttest - Edit2/button EditOrDelete")): Object: 'Object Repository/Denna/Admin - Manage Test - Pretest and Posttest - Edit2/button EditOrDelete' is clicked on

2020-06-15 12:49:20 - [MESSAGE][PASSED] - Object: 'Object Repository/Denna/Admin - Manage Test - Pretest and Posttest - Edit2/button EditOrDelete' is clicked on

2020-06-15 12:49:20 - [TEST_STEP][PASSED] - click(findTestObject("Denna/Admin - Manage Test - Pretest and Posttest - Edit2/button Edit")): Object: 'Object Repository/Denna/Admin - Manage Test - Pretest and Posttest - Edit2/button Edit' is clicked on

2020-06-15 12:49:21 - [MESSAGE][PASSED] - Object: 'Object Repository/Denna/Admin - Manage Test - Pretest and Posttest - Edit2/button Edit' is clicked on

2020-06-15 12:49:21 - [TEST_STEP][PASSED] - delay(4): Delayed 4 second(s)

2020-06-15 12:49:25 - [MESSAGE][PASSED] - Delayed 4 second(s)

2020-06-15 12:49:25 - [TEST_STEP][PASSED] - selectOptionByLabel(findTestObject("Denna/Admin - Manage Test - Pretest and Posttest - Edit new/select category"), category, true): All options with label 'Pre-Test' are selected in object 'Object Repository/Denna/Admin - Manage Test - Pretest and Posttest - Edit new/select category'  using regular expression

2020-06-15 12:49:30 - [MESSAGE][PASSED] - All options with label 'Pre-Test' are selected in object 'Object Repository/Denna/Admin - Manage Test - Pretest and Posttest - Edit new/select category'  using regular expression

2020-06-15 12:49:30 - [TEST_STEP][PASSED] - selectOptionByLabel(findTestObject("Denna/Admin - Manage Test - Pretest and Posttest - Edit new/select tipe soal"), tipeSoal, true): All options with label 'Pilihan Ganda' are selected in object 'Object Repository/Denna/Admin - Manage Test - Pretest and Posttest - Edit new/select tipe soal'  using regular expression

2020-06-15 12:49:31 - [MESSAGE][PASSED] - All options with label 'Pilihan Ganda' are selected in object 'Object Repository/Denna/Admin - Manage Test - Pretest and Posttest - Edit new/select tipe soal'  using regular expression

2020-06-15 12:49:31 - [TEST_STEP][PASSED] - selectOptionByLabel(findTestObject("Denna/Admin - Manage Test - Pretest and Posttest - Edit new/select job function"), jobFunction, true): All options with label 'SALES' are selected in object 'Object Repository/Denna/Admin - Manage Test - Pretest and Posttest - Edit new/select job function'  using regular expression

2020-06-15 12:49:35 - [MESSAGE][PASSED] - All options with label 'SALES' are selected in object 'Object Repository/Denna/Admin - Manage Test - Pretest and Posttest - Edit new/select job function'  using regular expression

2020-06-15 12:49:35 - [TEST_STEP][PASSED] - selectOptionByLabel(findTestObject("Denna/Admin - Manage Test - Pretest and Posttest - Edit new/select job position"), jobPosition, true): All options with label 'SALES HEAD' are selected in object 'Object Repository/Denna/Admin - Manage Test - Pretest and Posttest - Edit new/select job position'  using regular expression

2020-06-15 12:49:38 - [MESSAGE][PASSED] - All options with label 'SALES HEAD' are selected in object 'Object Repository/Denna/Admin - Manage Test - Pretest and Posttest - Edit new/select job position'  using regular expression

2020-06-15 12:49:38 - [TEST_STEP][PASSED] - selectOptionByLabel(findTestObject("Denna/Admin - Manage Test - Pretest and Posttest - Edit new/select module"), module, true): All options with label 'NEOP ARHO' are selected in object 'Object Repository/Denna/Admin - Manage Test - Pretest and Posttest - Edit new/select module'  using regular expression

2020-06-15 12:49:40 - [MESSAGE][PASSED] - All options with label 'NEOP ARHO' are selected in object 'Object Repository/Denna/Admin - Manage Test - Pretest and Posttest - Edit new/select module'  using regular expression

2020-06-15 12:49:40 - [TEST_STEP][PASSED] - setText(findTestObject("Denna/Admin - Manage Test - Pretest and Posttest - Edit new/input Technical Competence"), technicalCompentence): Text 'technical' is set on object 'Object Repository/Denna/Admin - Manage Test - Pretest and Posttest - Edit new/input Technical Competence'

2020-06-15 12:49:40 - [MESSAGE][PASSED] - Text 'technical' is set on object 'Object Repository/Denna/Admin - Manage Test - Pretest and Posttest - Edit new/input Technical Competence'

2020-06-15 12:49:40 - [TEST_STEP][PASSED] - setText(findTestObject("Denna/Admin - Manage Test - Pretest and Posttest - Edit new/input Level Competence"), levelCompetence): Text 'level' is set on object 'Object Repository/Denna/Admin - Manage Test - Pretest and Posttest - Edit new/input Level Competence'

2020-06-15 12:49:41 - [MESSAGE][PASSED] - Text 'level' is set on object 'Object Repository/Denna/Admin - Manage Test - Pretest and Posttest - Edit new/input Level Competence'

2020-06-15 12:49:41 - [TEST_STEP][PASSED] - setText(findTestObject("Denna/Admin - Manage Test - Pretest and Posttest - Edit new/textarea Soal"), soal): Text 'ini soal' is set on object 'Object Repository/Denna/Admin - Manage Test - Pretest and Posttest - Edit new/textarea Soal'

2020-06-15 12:49:41 - [MESSAGE][PASSED] - Text 'ini soal' is set on object 'Object Repository/Denna/Admin - Manage Test - Pretest and Posttest - Edit new/textarea Soal'

2020-06-15 12:49:41 - [TEST_STEP][PASSED] - if (tipeSoal == "Pilihan Ganda"): All options with label '' are selected in object 'Object Repository/Denna/Admin - Manage Test - Pretest and Posttest - Edit new/select ABCD' 

2020-06-15 12:49:41 - [TEST_STEP][PASSED] - setText(findTestObject("Denna/Admin - Manage Test - Pretest and Posttest - Edit new/input Jawaban A"), jawabanA): Text '' is set on object 'Object Repository/Denna/Admin - Manage Test - Pretest and Posttest - Edit new/input Jawaban A'

2020-06-15 12:49:42 - [MESSAGE][PASSED] - Text '' is set on object 'Object Repository/Denna/Admin - Manage Test - Pretest and Posttest - Edit new/input Jawaban A'

2020-06-15 12:49:42 - [TEST_STEP][PASSED] - setText(findTestObject("Denna/Admin - Manage Test - Pretest and Posttest - Edit new/input Jawaban B"), jawabanB): Text '' is set on object 'Object Repository/Denna/Admin - Manage Test - Pretest and Posttest - Edit new/input Jawaban B'

2020-06-15 12:49:43 - [MESSAGE][PASSED] - Text '' is set on object 'Object Repository/Denna/Admin - Manage Test - Pretest and Posttest - Edit new/input Jawaban B'

2020-06-15 12:49:43 - [TEST_STEP][PASSED] - setText(findTestObject("Denna/Admin - Manage Test - Pretest and Posttest - Edit new/input Jawaban C"), jawabanC): Text '' is set on object 'Object Repository/Denna/Admin - Manage Test - Pretest and Posttest - Edit new/input Jawaban C'

2020-06-15 12:49:43 - [MESSAGE][PASSED] - Text '' is set on object 'Object Repository/Denna/Admin - Manage Test - Pretest and Posttest - Edit new/input Jawaban C'

2020-06-15 12:49:43 - [TEST_STEP][PASSED] - setText(findTestObject("Denna/Admin - Manage Test - Pretest and Posttest - Edit new/input Jawaban D"), jawabanD): Text '' is set on object 'Object Repository/Denna/Admin - Manage Test - Pretest and Posttest - Edit new/input Jawaban D'

2020-06-15 12:49:44 - [MESSAGE][PASSED] - Text '' is set on object 'Object Repository/Denna/Admin - Manage Test - Pretest and Posttest - Edit new/input Jawaban D'

2020-06-15 12:49:44 - [TEST_STEP][PASSED] - selectOptionByLabel(findTestObject("Denna/Admin - Manage Test - Pretest and Posttest - Edit new/select ABCD"), jawabanABCD, false): All options with label '' are selected in object 'Object Repository/Denna/Admin - Manage Test - Pretest and Posttest - Edit new/select ABCD' 

2020-06-15 12:49:44 - [MESSAGE][PASSED] - All options with label '' are selected in object 'Object Repository/Denna/Admin - Manage Test - Pretest and Posttest - Edit new/select ABCD' 

2020-06-15 12:49:44 - [TEST_STEP][PASSED] - click(findTestObject("Denna/Admin - Manage Test - Pretest and Posttest - Edit new/button Submit")): Object: 'Object Repository/Denna/Admin - Manage Test - Pretest and Posttest - Edit new/button Submit' is clicked on

2020-06-15 12:49:45 - [MESSAGE][PASSED] - Object: 'Object Repository/Denna/Admin - Manage Test - Pretest and Posttest - Edit new/button Submit' is clicked on

2020-06-15 12:49:45 - [TEST_STEP][PASSED] - switch (kondisi): null

2020-06-15 12:49:45 - [TEST_STEP][PASSED] - case "fail":: null

2020-06-15 12:49:45 - [TEST_STEP][PASSED] - delay(8): Delayed 8 second(s)

2020-06-15 12:49:53 - [MESSAGE][PASSED] - Delayed 8 second(s)

2020-06-15 12:49:53 - [TEST_STEP][PASSED] - verifyElementVisible(findTestObject("Denna/Admin - Manage Test - Pretest and Posttest - Edit new/button Submit")): Object 'Object Repository/Denna/Admin - Manage Test - Pretest and Posttest - Edit new/button Submit' is visible

2020-06-15 12:49:53 - [MESSAGE][PASSED] - Object 'Object Repository/Denna/Admin - Manage Test - Pretest and Posttest - Edit new/button Submit' is visible

2020-06-15 12:49:53 - [TEST_STEP][PASSED] - break: null

2020-06-15 12:49:53 - [TEST_STEP][PASSED] - closeBrowser(): Browser is closed

2020-06-15 12:49:54 - [MESSAGE][PASSED] - Browser is closed]]></system-out>
         <system-err><![CDATA[]]></system-err>
      </testcase>
      <testcase name="Test Cases/Denna/Admin - Manage Test - Pretest and Posttest - Edit2" time="56.167" classname="Test Cases/Denna/Admin - Manage Test - Pretest and Posttest - Edit2" status="FAILED">
         <failure type="FAILED" message="Test Cases/Denna/Admin - Manage Test - Pretest and Posttest - Edit2 FAILED.
Reason:
com.kms.katalon.core.exception.StepFailedException: Unable to select option by label 'Benar/Salah' of object 'Object Repository/Denna/Admin - Manage Test - Pretest and Posttest - Edit new/select tipe soal'  using regular expression
	at com.kms.katalon.core.webui.keyword.internal.WebUIKeywordMain.stepFailed(WebUIKeywordMain.groovy:64)
	at com.kms.katalon.core.webui.keyword.internal.WebUIKeywordMain.runKeyword(WebUIKeywordMain.groovy:26)
	at com.kms.katalon.core.webui.keyword.builtin.SelectOptionByLabelKeyword.selectOptionByLabel(SelectOptionByLabelKeyword.groovy:98)
	at com.kms.katalon.core.webui.keyword.builtin.SelectOptionByLabelKeyword.execute(SelectOptionByLabelKeyword.groovy:71)
	at com.kms.katalon.core.keyword.internal.KeywordExecutor.executeKeywordForPlatform(KeywordExecutor.groovy:72)
	at com.kms.katalon.core.webui.keyword.WebUiBuiltInKeywords.selectOptionByLabel(WebUiBuiltInKeywords.groovy:1200)
	at com.kms.katalon.core.webui.keyword.WebUiBuiltInKeywords$selectOptionByLabel$3.call(Unknown Source)
	at Admin - Manage Test - Pretest and Posttest - Edit2.run(Admin - Manage Test - Pretest and Posttest - Edit2:36)
	at com.kms.katalon.core.main.ScriptEngine.run(ScriptEngine.java:194)
	at com.kms.katalon.core.main.ScriptEngine.runScriptAsRawText(ScriptEngine.java:119)
	at com.kms.katalon.core.main.TestCaseExecutor.runScript(TestCaseExecutor.java:337)
	at com.kms.katalon.core.main.TestCaseExecutor.doExecute(TestCaseExecutor.java:328)
	at com.kms.katalon.core.main.TestCaseExecutor.processExecutionPhase(TestCaseExecutor.java:307)
	at com.kms.katalon.core.main.TestCaseExecutor.accessMainPhase(TestCaseExecutor.java:299)
	at com.kms.katalon.core.main.TestCaseExecutor.execute(TestCaseExecutor.java:233)
	at com.kms.katalon.core.main.TestSuiteExecutor.accessTestCaseMainPhase(TestSuiteExecutor.java:169)
	at com.kms.katalon.core.main.TestSuiteExecutor.accessTestSuiteMainPhase(TestSuiteExecutor.java:142)
	at com.kms.katalon.core.main.TestSuiteExecutor.execute(TestSuiteExecutor.java:91)
	at com.kms.katalon.core.main.TestCaseMain.startTestSuite(TestCaseMain.java:157)
	at com.kms.katalon.core.main.TestCaseMain$startTestSuite$0.call(Unknown Source)
	at TempTestSuite1592199106572.run(TempTestSuite1592199106572.groovy:36)
Caused by: com.kms.katalon.core.exception.StepFailedException: No option matched.
	at com.kms.katalon.core.keyword.internal.KeywordMain.stepFailed(KeywordMain.groovy:50)
	at com.kms.katalon.core.keyword.internal.KeywordMain.stepFailed(KeywordMain.groovy)
	at com.kms.katalon.core.keyword.internal.KeywordMain.stepFailed(KeywordMain.groovy:23)
	at com.kms.katalon.core.webui.keyword.builtin.SelectOptionByLabelKeyword$_selectOptionByLabel_closure1.doCall(SelectOptionByLabelKeyword.groovy:91)
	at com.kms.katalon.core.webui.keyword.builtin.SelectOptionByLabelKeyword$_selectOptionByLabel_closure1.call(SelectOptionByLabelKeyword.groovy)
	at com.kms.katalon.core.webui.keyword.internal.WebUIKeywordMain.runKeyword(WebUIKeywordMain.groovy:20)
	... 19 more
"/>
         <system-out><![CDATA[2020-06-15 12:49:54 - [TEST_CASE][FAILED] - Test Cases/Denna/Admin - Manage Test - Pretest and Posttest - Edit2: Test Cases/Denna/Admin - Manage Test - Pretest and Posttest - Edit2 FAILED.
Reason:
com.kms.katalon.core.exception.StepFailedException: Unable to select option by label 'Benar/Salah' of object 'Object Repository/Denna/Admin - Manage Test - Pretest and Posttest - Edit new/select tipe soal'  using regular expression
	at com.kms.katalon.core.webui.keyword.internal.WebUIKeywordMain.stepFailed(WebUIKeywordMain.groovy:64)
	at com.kms.katalon.core.webui.keyword.internal.WebUIKeywordMain.runKeyword(WebUIKeywordMain.groovy:26)
	at com.kms.katalon.core.webui.keyword.builtin.SelectOptionByLabelKeyword.selectOptionByLabel(SelectOptionByLabelKeyword.groovy:98)
	at com.kms.katalon.core.webui.keyword.builtin.SelectOptionByLabelKeyword.execute(SelectOptionByLabelKeyword.groovy:71)
	at com.kms.katalon.core.keyword.internal.KeywordExecutor.executeKeywordForPlatform(KeywordExecutor.groovy:72)
	at com.kms.katalon.core.webui.keyword.WebUiBuiltInKeywords.selectOptionByLabel(WebUiBuiltInKeywords.groovy:1200)
	at com.kms.katalon.core.webui.keyword.WebUiBuiltInKeywords$selectOptionByLabel$3.call(Unknown Source)
	at Admin - Manage Test - Pretest and Posttest - Edit2.run(Admin - Manage Test - Pretest and Posttest - Edit2:36)
	at com.kms.katalon.core.main.ScriptEngine.run(ScriptEngine.java:194)
	at com.kms.katalon.core.main.ScriptEngine.runScriptAsRawText(ScriptEngine.java:119)
	at com.kms.katalon.core.main.TestCaseExecutor.runScript(TestCaseExecutor.java:337)
	at com.kms.katalon.core.main.TestCaseExecutor.doExecute(TestCaseExecutor.java:328)
	at com.kms.katalon.core.main.TestCaseExecutor.processExecutionPhase(TestCaseExecutor.java:307)
	at com.kms.katalon.core.main.TestCaseExecutor.accessMainPhase(TestCaseExecutor.java:299)
	at com.kms.katalon.core.main.TestCaseExecutor.execute(TestCaseExecutor.java:233)
	at com.kms.katalon.core.main.TestSuiteExecutor.accessTestCaseMainPhase(TestSuiteExecutor.java:169)
	at com.kms.katalon.core.main.TestSuiteExecutor.accessTestSuiteMainPhase(TestSuiteExecutor.java:142)
	at com.kms.katalon.core.main.TestSuiteExecutor.execute(TestSuiteExecutor.java:91)
	at com.kms.katalon.core.main.TestCaseMain.startTestSuite(TestCaseMain.java:157)
	at com.kms.katalon.core.main.TestCaseMain$startTestSuite$0.call(Unknown Source)
	at TempTestSuite1592199106572.run(TempTestSuite1592199106572.groovy:36)
Caused by: com.kms.katalon.core.exception.StepFailedException: No option matched.
	at com.kms.katalon.core.keyword.internal.KeywordMain.stepFailed(KeywordMain.groovy:50)
	at com.kms.katalon.core.keyword.internal.KeywordMain.stepFailed(KeywordMain.groovy)
	at com.kms.katalon.core.keyword.internal.KeywordMain.stepFailed(KeywordMain.groovy:23)
	at com.kms.katalon.core.webui.keyword.builtin.SelectOptionByLabelKeyword$_selectOptionByLabel_closure1.doCall(SelectOptionByLabelKeyword.groovy:91)
	at com.kms.katalon.core.webui.keyword.builtin.SelectOptionByLabelKeyword$_selectOptionByLabel_closure1.call(SelectOptionByLabelKeyword.groovy)
	at com.kms.katalon.core.webui.keyword.internal.WebUIKeywordMain.runKeyword(WebUIKeywordMain.groovy:20)
	... 19 more


2020-06-15 12:49:54 - [TEST_STEP][PASSED] - callTestCase(findTestCase("Denna/Login(Admin)"), [:], STOP_ON_FAILURE): Call Test Case 'Test Cases/Denna/Login(Admin)' successfully

2020-06-15 12:49:55 - [TEST_CASE][PASSED] - Test Cases/Denna/Login(Admin): Test Cases/Denna/Login(Admin)

2020-06-15 12:49:55 - [TEST_STEP][PASSED] - openBrowser("https://appsrv1.deltadatamandiri.com/ACC_LMS_WEB/#/admNLmn"): Browser is opened with url: 'https://appsrv1.deltadatamandiri.com/ACC_LMS_WEB/#/admNLmn'

2020-06-15 12:49:55 - [MESSAGE][INFO] - Starting 'Chrome' driver

2020-06-15 12:50:10 - [MESSAGE][PASSED] - Browser is opened with url: 'https://appsrv1.deltadatamandiri.com/ACC_LMS_WEB/#/admNLmn'

2020-06-15 12:50:10 - [TEST_STEP][PASSED] - maximizeWindow(): Current window maximized

2020-06-15 12:50:12 - [MESSAGE][PASSED] - Current window maximized

2020-06-15 12:50:12 - [TEST_STEP][PASSED] - click(findTestObject("Object Repository/Denna/Admin - Login/button login")): Object: 'Object Repository/Denna/Admin - Login/button login' is clicked on

2020-06-15 12:50:15 - [MESSAGE][ERROR] - javascript error: Failed to execute 'elementsFromPoint' on 'Document': The provided double value is non-finite.
  (Session info: chrome=83.0.4103.97)
Build info: version: '3.141.59', revision: 'e82be7d358', time: '2018-11-14T08:25:53'
System info: host: 'DESKTOP-NHES7H6', ip: '192.168.1.116', os.name: 'Windows 10', os.arch: 'amd64', os.version: '10.0', java.version: '1.8.0_181'
Driver info: com.kms.katalon.selenium.driver.CChromeDriver
Capabilities {acceptInsecureCerts: false, browserName: chrome, browserVersion: 83.0.4103.97, chrome: {chromedriverVersion: 83.0.4103.39 (ccbf011cb2d2b..., userDataDir: C:\Users\ASUS\AppData\Local...}, goog:chromeOptions: {debuggerAddress: localhost:58748}, javascriptEnabled: true, networkConnectionEnabled: false, pageLoadStrategy: normal, platform: WINDOWS, platformName: WINDOWS, proxy: Proxy(), setWindowRect: true, strictFileInteractability: false, timeouts: {implicit: 0, pageLoad: 300000, script: 30000}, unhandledPromptBehavior: dismiss and notify, webauthn:virtualAuthenticators: true}
Session ID: cba6f6b977ff81e37973f2d9aed8a663

2020-06-15 12:50:16 - [MESSAGE][PASSED] - Object: 'Object Repository/Denna/Admin - Login/button login' is clicked on

2020-06-15 12:50:16 - [TEST_STEP][PASSED] - setText(findTestObject("Object Repository/Denna/Admin - Login/input_NPK_username"), "11666"): Text '11666' is set on object 'Object Repository/Denna/Admin - Login/input_NPK_username'

2020-06-15 12:50:17 - [MESSAGE][PASSED] - Text '11666' is set on object 'Object Repository/Denna/Admin - Login/input_NPK_username'

2020-06-15 12:50:17 - [TEST_STEP][PASSED] - setText(findTestObject("Object Repository/Denna/Admin - Login/input_Password_password"), "Password3"): Text 'Password3' is set on object 'Object Repository/Denna/Admin - Login/input_Password_password'

2020-06-15 12:50:18 - [MESSAGE][PASSED] - Text 'Password3' is set on object 'Object Repository/Denna/Admin - Login/input_Password_password'

2020-06-15 12:50:18 - [TEST_STEP][PASSED] - click(findTestObject("Denna/Admin - Login/button login1")): Object: 'Object Repository/Denna/Admin - Login/button login1' is clicked on

2020-06-15 12:50:18 - [MESSAGE][PASSED] - Object: 'Object Repository/Denna/Admin - Login/button login1' is clicked on

2020-06-15 12:50:18 - [MESSAGE][PASSED] - Call Test Case 'Test Cases/Denna/Login(Admin)' successfully

2020-06-15 12:50:18 - [TEST_STEP][PASSED] - click(findTestObject("Denna/Admin - Manage Test - Pretest and Posttest - Edit new/button_Test Management")): Object: 'Object Repository/Denna/Admin - Manage Test - Pretest and Posttest - Edit new/button_Test Management' is clicked on

2020-06-15 12:50:25 - [MESSAGE][PASSED] - Object: 'Object Repository/Denna/Admin - Manage Test - Pretest and Posttest - Edit new/button_Test Management' is clicked on

2020-06-15 12:50:25 - [TEST_STEP][PASSED] - click(findTestObject("Denna/Admin - Manage Test - Pretest and Posttest - Edit new/span_Pre-Test  Post-Test")): Object: 'Object Repository/Denna/Admin - Manage Test - Pretest and Posttest - Edit new/span_Pre-Test  Post-Test' is clicked on

2020-06-15 12:50:26 - [MESSAGE][PASSED] - Object: 'Object Repository/Denna/Admin - Manage Test - Pretest and Posttest - Edit new/span_Pre-Test  Post-Test' is clicked on

2020-06-15 12:50:26 - [TEST_STEP][PASSED] - delay(2): Delayed 2 second(s)

2020-06-15 12:50:28 - [MESSAGE][PASSED] - Delayed 2 second(s)

2020-06-15 12:50:28 - [TEST_STEP][PASSED] - click(findTestObject("Object Repository/Denna/Admin - Manage Test - Pretest and Posttest - Edit2/button EditOrDelete")): Object: 'Object Repository/Denna/Admin - Manage Test - Pretest and Posttest - Edit2/button EditOrDelete' is clicked on

2020-06-15 12:50:40 - [MESSAGE][PASSED] - Object: 'Object Repository/Denna/Admin - Manage Test - Pretest and Posttest - Edit2/button EditOrDelete' is clicked on

2020-06-15 12:50:40 - [TEST_STEP][PASSED] - click(findTestObject("Denna/Admin - Manage Test - Pretest and Posttest - Edit2/button Edit")): Object: 'Object Repository/Denna/Admin - Manage Test - Pretest and Posttest - Edit2/button Edit' is clicked on

2020-06-15 12:50:40 - [MESSAGE][PASSED] - Object: 'Object Repository/Denna/Admin - Manage Test - Pretest and Posttest - Edit2/button Edit' is clicked on

2020-06-15 12:50:40 - [TEST_STEP][PASSED] - delay(4): Delayed 4 second(s)

2020-06-15 12:50:44 - [MESSAGE][PASSED] - Delayed 4 second(s)

2020-06-15 12:50:44 - [TEST_STEP][PASSED] - selectOptionByLabel(findTestObject("Denna/Admin - Manage Test - Pretest and Posttest - Edit new/select category"), category, true): All options with label 'Pre-Test' are selected in object 'Object Repository/Denna/Admin - Manage Test - Pretest and Posttest - Edit new/select category'  using regular expression

2020-06-15 12:50:49 - [MESSAGE][PASSED] - All options with label 'Pre-Test' are selected in object 'Object Repository/Denna/Admin - Manage Test - Pretest and Posttest - Edit new/select category'  using regular expression

2020-06-15 12:50:49 - [TEST_STEP][FAILED] - selectOptionByLabel(findTestObject("Denna/Admin - Manage Test - Pretest and Posttest - Edit new/select tipe soal"), tipeSoal, true): Unable to select option by label 'Benar/Salah' of object 'Object Repository/Denna/Admin - Manage Test - Pretest and Posttest - Edit new/select tipe soal'  using regular expression (Root cause: com.kms.katalon.core.exception.StepFailedException: Unable to select option by label 'Benar/Salah' of object 'Object Repository/Denna/Admin - Manage Test - Pretest and Posttest - Edit new/select tipe soal'  using regular expression
	at com.kms.katalon.core.webui.keyword.internal.WebUIKeywordMain.stepFailed(WebUIKeywordMain.groovy:64)
	at com.kms.katalon.core.webui.keyword.internal.WebUIKeywordMain.runKeyword(WebUIKeywordMain.groovy:26)
	at com.kms.katalon.core.webui.keyword.builtin.SelectOptionByLabelKeyword.selectOptionByLabel(SelectOptionByLabelKeyword.groovy:98)
	at com.kms.katalon.core.webui.keyword.builtin.SelectOptionByLabelKeyword.execute(SelectOptionByLabelKeyword.groovy:71)
	at com.kms.katalon.core.keyword.internal.KeywordExecutor.executeKeywordForPlatform(KeywordExecutor.groovy:72)
	at com.kms.katalon.core.webui.keyword.WebUiBuiltInKeywords.selectOptionByLabel(WebUiBuiltInKeywords.groovy:1200)
	at com.kms.katalon.core.webui.keyword.WebUiBuiltInKeywords$selectOptionByLabel$3.call(Unknown Source)
	at Admin - Manage Test - Pretest and Posttest - Edit2.run(Admin - Manage Test - Pretest and Posttest - Edit2:36)
	at com.kms.katalon.core.main.ScriptEngine.run(ScriptEngine.java:194)
	at com.kms.katalon.core.main.ScriptEngine.runScriptAsRawText(ScriptEngine.java:119)
	at com.kms.katalon.core.main.TestCaseExecutor.runScript(TestCaseExecutor.java:337)
	at com.kms.katalon.core.main.TestCaseExecutor.doExecute(TestCaseExecutor.java:328)
	at com.kms.katalon.core.main.TestCaseExecutor.processExecutionPhase(TestCaseExecutor.java:307)
	at com.kms.katalon.core.main.TestCaseExecutor.accessMainPhase(TestCaseExecutor.java:299)
	at com.kms.katalon.core.main.TestCaseExecutor.execute(TestCaseExecutor.java:233)
	at com.kms.katalon.core.main.TestSuiteExecutor.accessTestCaseMainPhase(TestSuiteExecutor.java:169)
	at com.kms.katalon.core.main.TestSuiteExecutor.accessTestSuiteMainPhase(TestSuiteExecutor.java:142)
	at com.kms.katalon.core.main.TestSuiteExecutor.execute(TestSuiteExecutor.java:91)
	at com.kms.katalon.core.main.TestCaseMain.startTestSuite(TestCaseMain.java:157)
	at com.kms.katalon.core.main.TestCaseMain$startTestSuite$0.call(Unknown Source)
	at TempTestSuite1592199106572.run(TempTestSuite1592199106572.groovy:36)
Caused by: com.kms.katalon.core.exception.StepFailedException: No option matched.
	at com.kms.katalon.core.keyword.internal.KeywordMain.stepFailed(KeywordMain.groovy:50)
	at com.kms.katalon.core.keyword.internal.KeywordMain.stepFailed(KeywordMain.groovy)
	at com.kms.katalon.core.keyword.internal.KeywordMain.stepFailed(KeywordMain.groovy:23)
	at com.kms.katalon.core.webui.keyword.builtin.SelectOptionByLabelKeyword$_selectOptionByLabel_closure1.doCall(SelectOptionByLabelKeyword.groovy:91)
	at com.kms.katalon.core.webui.keyword.builtin.SelectOptionByLabelKeyword$_selectOptionByLabel_closure1.call(SelectOptionByLabelKeyword.groovy)
	at com.kms.katalon.core.webui.keyword.internal.WebUIKeywordMain.runKeyword(WebUIKeywordMain.groovy:20)
	at com.kms.katalon.core.webui.keyword.builtin.SelectOptionByLabelKeyword.selectOptionByLabel(SelectOptionByLabelKeyword.groovy:98)
	at com.kms.katalon.core.webui.keyword.builtin.SelectOptionByLabelKeyword.execute(SelectOptionByLabelKeyword.groovy:71)
	at com.kms.katalon.core.keyword.internal.KeywordExecutor.executeKeywordForPlatform(KeywordExecutor.groovy:72)
	at com.kms.katalon.core.webui.keyword.WebUiBuiltInKeywords.selectOptionByLabel(WebUiBuiltInKeywords.groovy:1200)
	at com.kms.katalon.core.webui.keyword.WebUiBuiltInKeywords$selectOptionByLabel$3.call(Unknown Source)
	at Script1590816477294.run(Script1590816477294.groovy:36)
	... 13 more
)

2020-06-15 12:50:50 - [MESSAGE][FAILED] - No option matched.

2020-06-15 12:50:50 - [MESSAGE][FAILED] - Unable to select option by label 'Benar/Salah' of object 'Object Repository/Denna/Admin - Manage Test - Pretest and Posttest - Edit new/select tipe soal'  using regular expression (Root cause: com.kms.katalon.core.exception.StepFailedException: Unable to select option by label 'Benar/Salah' of object 'Object Repository/Denna/Admin - Manage Test - Pretest and Posttest - Edit new/select tipe soal'  using regular expression
	at com.kms.katalon.core.webui.keyword.internal.WebUIKeywordMain.stepFailed(WebUIKeywordMain.groovy:64)
	at com.kms.katalon.core.webui.keyword.internal.WebUIKeywordMain.runKeyword(WebUIKeywordMain.groovy:26)
	at com.kms.katalon.core.webui.keyword.builtin.SelectOptionByLabelKeyword.selectOptionByLabel(SelectOptionByLabelKeyword.groovy:98)
	at com.kms.katalon.core.webui.keyword.builtin.SelectOptionByLabelKeyword.execute(SelectOptionByLabelKeyword.groovy:71)
	at com.kms.katalon.core.keyword.internal.KeywordExecutor.executeKeywordForPlatform(KeywordExecutor.groovy:72)
	at com.kms.katalon.core.webui.keyword.WebUiBuiltInKeywords.selectOptionByLabel(WebUiBuiltInKeywords.groovy:1200)
	at com.kms.katalon.core.webui.keyword.WebUiBuiltInKeywords$selectOptionByLabel$3.call(Unknown Source)
	at Admin - Manage Test - Pretest and Posttest - Edit2.run(Admin - Manage Test - Pretest and Posttest - Edit2:36)
	at com.kms.katalon.core.main.ScriptEngine.run(ScriptEngine.java:194)
	at com.kms.katalon.core.main.ScriptEngine.runScriptAsRawText(ScriptEngine.java:119)
	at com.kms.katalon.core.main.TestCaseExecutor.runScript(TestCaseExecutor.java:337)
	at com.kms.katalon.core.main.TestCaseExecutor.doExecute(TestCaseExecutor.java:328)
	at com.kms.katalon.core.main.TestCaseExecutor.processExecutionPhase(TestCaseExecutor.java:307)
	at com.kms.katalon.core.main.TestCaseExecutor.accessMainPhase(TestCaseExecutor.java:299)
	at com.kms.katalon.core.main.TestCaseExecutor.execute(TestCaseExecutor.java:233)
	at com.kms.katalon.core.main.TestSuiteExecutor.accessTestCaseMainPhase(TestSuiteExecutor.java:169)
	at com.kms.katalon.core.main.TestSuiteExecutor.accessTestSuiteMainPhase(TestSuiteExecutor.java:142)
	at com.kms.katalon.core.main.TestSuiteExecutor.execute(TestSuiteExecutor.java:91)
	at com.kms.katalon.core.main.TestCaseMain.startTestSuite(TestCaseMain.java:157)
	at com.kms.katalon.core.main.TestCaseMain$startTestSuite$0.call(Unknown Source)
	at TempTestSuite1592199106572.run(TempTestSuite1592199106572.groovy:36)
Caused by: com.kms.katalon.core.exception.StepFailedException: No option matched.
	at com.kms.katalon.core.keyword.internal.KeywordMain.stepFailed(KeywordMain.groovy:50)
	at com.kms.katalon.core.keyword.internal.KeywordMain.stepFailed(KeywordMain.groovy)
	at com.kms.katalon.core.keyword.internal.KeywordMain.stepFailed(KeywordMain.groovy:23)
	at com.kms.katalon.core.webui.keyword.builtin.SelectOptionByLabelKeyword$_selectOptionByLabel_closure1.doCall(SelectOptionByLabelKeyword.groovy:91)
	at com.kms.katalon.core.webui.keyword.builtin.SelectOptionByLabelKeyword$_selectOptionByLabel_closure1.call(SelectOptionByLabelKeyword.groovy)
	at com.kms.katalon.core.webui.keyword.internal.WebUIKeywordMain.runKeyword(WebUIKeywordMain.groovy:20)
	at com.kms.katalon.core.webui.keyword.builtin.SelectOptionByLabelKeyword.selectOptionByLabel(SelectOptionByLabelKeyword.groovy:98)
	at com.kms.katalon.core.webui.keyword.builtin.SelectOptionByLabelKeyword.execute(SelectOptionByLabelKeyword.groovy:71)
	at com.kms.katalon.core.keyword.internal.KeywordExecutor.executeKeywordForPlatform(KeywordExecutor.groovy:72)
	at com.kms.katalon.core.webui.keyword.WebUiBuiltInKeywords.selectOptionByLabel(WebUiBuiltInKeywords.groovy:1200)
	at com.kms.katalon.core.webui.keyword.WebUiBuiltInKeywords$selectOptionByLabel$3.call(Unknown Source)
	at Script1590816477294.run(Script1590816477294.groovy:36)
	... 13 more
)
[[ATTACHMENT|D:\\MY WORLD\\WORKS (TUGAS)\\LearningManagementWeb\\Reports\\20200615_123146\\Denna\\Admin - Manage Test - Pretest and Posttest - Edit (with verify)\\20200615_123146\\1592200250554.png]]]]></system-out>
         <system-err><![CDATA[2020-06-15 12:49:54 - [TEST_CASE][FAILED] - Test Cases/Denna/Admin - Manage Test - Pretest and Posttest - Edit2: Test Cases/Denna/Admin - Manage Test - Pretest and Posttest - Edit2 FAILED.
Reason:
com.kms.katalon.core.exception.StepFailedException: Unable to select option by label 'Benar/Salah' of object 'Object Repository/Denna/Admin - Manage Test - Pretest and Posttest - Edit new/select tipe soal'  using regular expression
	at com.kms.katalon.core.webui.keyword.internal.WebUIKeywordMain.stepFailed(WebUIKeywordMain.groovy:64)
	at com.kms.katalon.core.webui.keyword.internal.WebUIKeywordMain.runKeyword(WebUIKeywordMain.groovy:26)
	at com.kms.katalon.core.webui.keyword.builtin.SelectOptionByLabelKeyword.selectOptionByLabel(SelectOptionByLabelKeyword.groovy:98)
	at com.kms.katalon.core.webui.keyword.builtin.SelectOptionByLabelKeyword.execute(SelectOptionByLabelKeyword.groovy:71)
	at com.kms.katalon.core.keyword.internal.KeywordExecutor.executeKeywordForPlatform(KeywordExecutor.groovy:72)
	at com.kms.katalon.core.webui.keyword.WebUiBuiltInKeywords.selectOptionByLabel(WebUiBuiltInKeywords.groovy:1200)
	at com.kms.katalon.core.webui.keyword.WebUiBuiltInKeywords$selectOptionByLabel$3.call(Unknown Source)
	at Admin - Manage Test - Pretest and Posttest - Edit2.run(Admin - Manage Test - Pretest and Posttest - Edit2:36)
	at com.kms.katalon.core.main.ScriptEngine.run(ScriptEngine.java:194)
	at com.kms.katalon.core.main.ScriptEngine.runScriptAsRawText(ScriptEngine.java:119)
	at com.kms.katalon.core.main.TestCaseExecutor.runScript(TestCaseExecutor.java:337)
	at com.kms.katalon.core.main.TestCaseExecutor.doExecute(TestCaseExecutor.java:328)
	at com.kms.katalon.core.main.TestCaseExecutor.processExecutionPhase(TestCaseExecutor.java:307)
	at com.kms.katalon.core.main.TestCaseExecutor.accessMainPhase(TestCaseExecutor.java:299)
	at com.kms.katalon.core.main.TestCaseExecutor.execute(TestCaseExecutor.java:233)
	at com.kms.katalon.core.main.TestSuiteExecutor.accessTestCaseMainPhase(TestSuiteExecutor.java:169)
	at com.kms.katalon.core.main.TestSuiteExecutor.accessTestSuiteMainPhase(TestSuiteExecutor.java:142)
	at com.kms.katalon.core.main.TestSuiteExecutor.execute(TestSuiteExecutor.java:91)
	at com.kms.katalon.core.main.TestCaseMain.startTestSuite(TestCaseMain.java:157)
	at com.kms.katalon.core.main.TestCaseMain$startTestSuite$0.call(Unknown Source)
	at TempTestSuite1592199106572.run(TempTestSuite1592199106572.groovy:36)
Caused by: com.kms.katalon.core.exception.StepFailedException: No option matched.
	at com.kms.katalon.core.keyword.internal.KeywordMain.stepFailed(KeywordMain.groovy:50)
	at com.kms.katalon.core.keyword.internal.KeywordMain.stepFailed(KeywordMain.groovy)
	at com.kms.katalon.core.keyword.internal.KeywordMain.stepFailed(KeywordMain.groovy:23)
	at com.kms.katalon.core.webui.keyword.builtin.SelectOptionByLabelKeyword$_selectOptionByLabel_closure1.doCall(SelectOptionByLabelKeyword.groovy:91)
	at com.kms.katalon.core.webui.keyword.builtin.SelectOptionByLabelKeyword$_selectOptionByLabel_closure1.call(SelectOptionByLabelKeyword.groovy)
	at com.kms.katalon.core.webui.keyword.internal.WebUIKeywordMain.runKeyword(WebUIKeywordMain.groovy:20)
	... 19 more]]></system-err>
      </testcase>
      <system-out><![CDATA[2020-06-15 12:31:56 - [TEST_SUITE][FAILED] - Admin - Manage Test - Pretest and Posttest - Edit (with verify): Test Cases/Denna/Admin - Manage Test - Pretest and Posttest - Edit2 FAILED.
Reason:
com.kms.katalon.core.exception.StepFailedException: Unable to verify option is present by label 'SALES HEAD' in object 'Object Repository/Denna/Admin - Manage Test - Pretest and Posttest - Edit new/select job position verif' 
	at com.kms.katalon.core.webui.keyword.internal.WebUIKeywordMain.stepFailed(WebUIKeywordMain.groovy:64)
	at com.kms.katalon.core.webui.keyword.internal.WebUIKeywordMain.runKeyword(WebUIKeywordMain.groovy:26)
	at com.kms.katalon.core.webui.keyword.builtin.VerifyOptionPresentByLabelKeyword.verifyOptionPresentByLabel(VerifyOptionPresentByLabelKeyword.groovy:102)
	at com.kms.katalon.core.webui.keyword.builtin.VerifyOptionPresentByLabelKeyword.execute(VerifyOptionPresentByLabelKeyword.groovy:70)
	at com.kms.katalon.core.keyword.internal.KeywordExecutor.executeKeywordForPlatform(KeywordExecutor.groovy:72)
	at com.kms.katalon.core.webui.keyword.WebUiBuiltInKeywords.verifyOptionPresentByLabel(WebUiBuiltInKeywords.groovy:1988)
	at com.kms.katalon.core.webui.keyword.WebUiBuiltInKeywords$verifyOptionPresentByLabel$5.call(Unknown Source)
	at Admin - Manage Test - Pretest and Posttest - Edit2.run(Admin - Manage Test - Pretest and Posttest - Edit2:103)
	at com.kms.katalon.core.main.ScriptEngine.run(ScriptEngine.java:194)
	at com.kms.katalon.core.main.ScriptEngine.runScriptAsRawText(ScriptEngine.java:119)
	at com.kms.katalon.core.main.TestCaseExecutor.runScript(TestCaseExecutor.java:337)
	at com.kms.katalon.core.main.TestCaseExecutor.doExecute(TestCaseExecutor.java:328)
	at com.kms.katalon.core.main.TestCaseExecutor.processExecutionPhase(TestCaseExecutor.java:307)
	at com.kms.katalon.core.main.TestCaseExecutor.accessMainPhase(TestCaseExecutor.java:299)
	at com.kms.katalon.core.main.TestCaseExecutor.execute(TestCaseExecutor.java:233)
	at com.kms.katalon.core.main.TestSuiteExecutor.accessTestCaseMainPhase(TestSuiteExecutor.java:169)
	at com.kms.katalon.core.main.TestSuiteExecutor.accessTestSuiteMainPhase(TestSuiteExecutor.java:142)
	at com.kms.katalon.core.main.TestSuiteExecutor.execute(TestSuiteExecutor.java:91)
	at com.kms.katalon.core.main.TestCaseMain.startTestSuite(TestCaseMain.java:157)
	at com.kms.katalon.core.main.TestCaseMain$startTestSuite$0.call(Unknown Source)
	at TempTestSuite1592199106572.run(TempTestSuite1592199106572.groovy:36)
Caused by: com.kms.katalon.core.exception.StepFailedException: There is no option with label 'SALES HEAD' present in object 'Object Repository/Denna/Admin - Manage Test - Pretest and Posttest - Edit new/select job position verif' 
	at com.kms.katalon.core.webui.keyword.internal.WebUIKeywordMain.stepFailed(WebUIKeywordMain.groovy:64)
	at com.kms.katalon.core.webui.keyword.builtin.VerifyOptionPresentByLabelKeyword$_verifyOptionPresentByLabel_closure1.doCall(VerifyOptionPresentByLabelKeyword.groovy:91)
	at com.kms.katalon.core.webui.keyword.builtin.VerifyOptionPresentByLabelKeyword$_verifyOptionPresentByLabel_closure1.call(VerifyOptionPresentByLabelKeyword.groovy)
	at com.kms.katalon.core.webui.keyword.internal.WebUIKeywordMain.runKeyword(WebUIKeywordMain.groovy:20)
	... 19 more]]></system-out>
      <system-err><![CDATA[2020-06-15 12:31:56 - [TEST_SUITE][FAILED] - Admin - Manage Test - Pretest and Posttest - Edit (with verify): Test Cases/Denna/Admin - Manage Test - Pretest and Posttest - Edit2 FAILED.
Reason:
com.kms.katalon.core.exception.StepFailedException: Unable to verify option is present by label 'SALES HEAD' in object 'Object Repository/Denna/Admin - Manage Test - Pretest and Posttest - Edit new/select job position verif' 
	at com.kms.katalon.core.webui.keyword.internal.WebUIKeywordMain.stepFailed(WebUIKeywordMain.groovy:64)
	at com.kms.katalon.core.webui.keyword.internal.WebUIKeywordMain.runKeyword(WebUIKeywordMain.groovy:26)
	at com.kms.katalon.core.webui.keyword.builtin.VerifyOptionPresentByLabelKeyword.verifyOptionPresentByLabel(VerifyOptionPresentByLabelKeyword.groovy:102)
	at com.kms.katalon.core.webui.keyword.builtin.VerifyOptionPresentByLabelKeyword.execute(VerifyOptionPresentByLabelKeyword.groovy:70)
	at com.kms.katalon.core.keyword.internal.KeywordExecutor.executeKeywordForPlatform(KeywordExecutor.groovy:72)
	at com.kms.katalon.core.webui.keyword.WebUiBuiltInKeywords.verifyOptionPresentByLabel(WebUiBuiltInKeywords.groovy:1988)
	at com.kms.katalon.core.webui.keyword.WebUiBuiltInKeywords$verifyOptionPresentByLabel$5.call(Unknown Source)
	at Admin - Manage Test - Pretest and Posttest - Edit2.run(Admin - Manage Test - Pretest and Posttest - Edit2:103)
	at com.kms.katalon.core.main.ScriptEngine.run(ScriptEngine.java:194)
	at com.kms.katalon.core.main.ScriptEngine.runScriptAsRawText(ScriptEngine.java:119)
	at com.kms.katalon.core.main.TestCaseExecutor.runScript(TestCaseExecutor.java:337)
	at com.kms.katalon.core.main.TestCaseExecutor.doExecute(TestCaseExecutor.java:328)
	at com.kms.katalon.core.main.TestCaseExecutor.processExecutionPhase(TestCaseExecutor.java:307)
	at com.kms.katalon.core.main.TestCaseExecutor.accessMainPhase(TestCaseExecutor.java:299)
	at com.kms.katalon.core.main.TestCaseExecutor.execute(TestCaseExecutor.java:233)
	at com.kms.katalon.core.main.TestSuiteExecutor.accessTestCaseMainPhase(TestSuiteExecutor.java:169)
	at com.kms.katalon.core.main.TestSuiteExecutor.accessTestSuiteMainPhase(TestSuiteExecutor.java:142)
	at com.kms.katalon.core.main.TestSuiteExecutor.execute(TestSuiteExecutor.java:91)
	at com.kms.katalon.core.main.TestCaseMain.startTestSuite(TestCaseMain.java:157)
	at com.kms.katalon.core.main.TestCaseMain$startTestSuite$0.call(Unknown Source)
	at TempTestSuite1592199106572.run(TempTestSuite1592199106572.groovy:36)
Caused by: com.kms.katalon.core.exception.StepFailedException: There is no option with label 'SALES HEAD' present in object 'Object Repository/Denna/Admin - Manage Test - Pretest and Posttest - Edit new/select job position verif' 
	at com.kms.katalon.core.webui.keyword.internal.WebUIKeywordMain.stepFailed(WebUIKeywordMain.groovy:64)
	at com.kms.katalon.core.webui.keyword.builtin.VerifyOptionPresentByLabelKeyword$_verifyOptionPresentByLabel_closure1.doCall(VerifyOptionPresentByLabelKeyword.groovy:91)
	at com.kms.katalon.core.webui.keyword.builtin.VerifyOptionPresentByLabelKeyword$_verifyOptionPresentByLabel_closure1.call(VerifyOptionPresentByLabelKeyword.groovy)
	at com.kms.katalon.core.webui.keyword.internal.WebUIKeywordMain.runKeyword(WebUIKeywordMain.groovy:20)
	... 19 more]]></system-err>
   </testsuite>
</testsuites>
