<?xml version="1.0" encoding="UTF-8"?>
<testsuites name="Admin - Manage Modules" time="725.585" tests="8" failures="0" errors="0">
   <testsuite name="Admin - Manage Modules" tests="8" failures="0" errors="0" time="725.585" timestamp="2020-06-22 12:11:52" hostname="rizkajuliant20 - DESKTOP-NHES7H6" id="Test Suites/Rizka/Admin/Admin - Manage Modules">
      <properties>
         <property name="deviceName" value=""/>
         <property name="devicePlatform" value=""/>
         <property name="logFolder" value="D:\\MY WORLD\\WORKS (TUGAS)\\LearningManagementWeb\\Reports\\20200622_121141\\Rizka\\Admin\\Admin - Manage Modules\\20200622_121141"/>
         <property name="logFiles" value="D:\\MY WORLD\\WORKS (TUGAS)\\LearningManagementWeb\\Reports\\20200622_121141\\Rizka\\Admin\\Admin - Manage Modules\\20200622_121141\\execution0.log"/>
         <property name="attachments" value=""/>
         <property name="hostName" value="rizkajuliant20 - DESKTOP-NHES7H6"/>
         <property name="os" value="Windows 10 64bit"/>
         <property name="katalonVersion" value="7.2.1.1"/>
         <property name="browser" value="Chrome 83.0.4103.106"/>
         <property name="hostAddress" value="192.168.1.116"/>
         <property name="sessionId" value="3bb145f6a809d397717f2e7a1112f5e6"/>
         <property name="seleniumVersion" value="3.141.59"/>
         <property name="proxyInformation" value="ProxyInformation{proxyOption=NO_PROXY, proxyServerType=HTTP, password=, proxyServerAddress=, proxyServerPort=0, executionList=}"/>
         <property name="platform" value="Windows 10"/>
      </properties>
      <testcase name="Test Cases/Rizka/Admin/Manage Modules/Admin - Manage Modules - Search" time="77.413" classname="Test Cases/Rizka/Admin/Manage Modules/Admin - Manage Modules - Search" status="PASSED">
         <system-out><![CDATA[2020-06-22 12:11:53 - [TEST_CASE][PASSED] - Test Cases/Rizka/Admin/Manage Modules/Admin - Manage Modules - Search: Test Cases/Rizka/Admin/Manage Modules/Admin - Manage Modules - Search

2020-06-22 12:11:54 - [TEST_STEP][PASSED] - callTestCase(findTestCase("Rizka/Admin/AdminMainLogin"), [:], STOP_ON_FAILURE): Call Test Case 'Test Cases/Rizka/Admin/AdminMainLogin' successfully

2020-06-22 12:11:55 - [TEST_CASE][PASSED] - Test Cases/Rizka/Admin/AdminMainLogin: Test Cases/Rizka/Admin/AdminMainLogin

2020-06-22 12:11:55 - [TEST_STEP][PASSED] - openBrowser("https://appsrv1.deltadatamandiri.com/ACC_LMS_WEB/#/admNLmn"): Browser is opened with url: 'https://appsrv1.deltadatamandiri.com/ACC_LMS_WEB/#/admNLmn'

2020-06-22 12:11:56 - [MESSAGE][INFO] - Starting 'Chrome' driver

2020-06-22 12:11:56 - [MESSAGE][INFO] - Action delay is set to 0 seconds

2020-06-22 12:12:24 - [MESSAGE][PASSED] - Browser is opened with url: 'https://appsrv1.deltadatamandiri.com/ACC_LMS_WEB/#/admNLmn'

2020-06-22 12:12:24 - [TEST_STEP][PASSED] - maximizeWindow(): Current window maximized

2020-06-22 12:12:25 - [MESSAGE][PASSED] - Current window maximized

2020-06-22 12:12:25 - [TEST_STEP][PASSED] - delay(15): Delayed 15 second(s)

2020-06-22 12:12:40 - [MESSAGE][PASSED] - Delayed 15 second(s)

2020-06-22 12:12:40 - [TEST_STEP][PASSED] - click(findTestObject("Rizka/Admin/Admin - Login/btnLogin")): Object: 'Object Repository/Rizka/Admin/Admin - Login/btnLogin' is clicked on

2020-06-22 12:12:41 - [MESSAGE][PASSED] - Object: 'Object Repository/Rizka/Admin/Admin - Login/btnLogin' is clicked on

2020-06-22 12:12:41 - [TEST_STEP][PASSED] - setText(findTestObject("Rizka/Admin/Admin - Login/txtUsername"), "11666"): Text '11666' is set on object 'Object Repository/Rizka/Admin/Admin - Login/txtUsername'

2020-06-22 12:12:41 - [MESSAGE][PASSED] - Text '11666' is set on object 'Object Repository/Rizka/Admin/Admin - Login/txtUsername'

2020-06-22 12:12:41 - [TEST_STEP][PASSED] - setText(findTestObject("Rizka/Admin/Admin - Login/txtPassword"), "Password3"): Text 'Password3' is set on object 'Object Repository/Rizka/Admin/Admin - Login/txtPassword'

2020-06-22 12:12:42 - [MESSAGE][PASSED] - Text 'Password3' is set on object 'Object Repository/Rizka/Admin/Admin - Login/txtPassword'

2020-06-22 12:12:42 - [TEST_STEP][PASSED] - click(findTestObject("Rizka/Admin/Admin - Login/btnEyePass")): Object: 'Object Repository/Rizka/Admin/Admin - Login/btnEyePass' is clicked on

2020-06-22 12:12:42 - [MESSAGE][PASSED] - Object: 'Object Repository/Rizka/Admin/Admin - Login/btnEyePass' is clicked on

2020-06-22 12:12:42 - [TEST_STEP][PASSED] - click(findTestObject("Rizka/Admin/Admin - Login/checkboxRememberMe")): Object: 'Object Repository/Rizka/Admin/Admin - Login/checkboxRememberMe' is clicked on

2020-06-22 12:12:43 - [MESSAGE][PASSED] - Object: 'Object Repository/Rizka/Admin/Admin - Login/checkboxRememberMe' is clicked on

2020-06-22 12:12:43 - [TEST_STEP][PASSED] - click(findTestObject("Rizka/Admin/Admin - Login/btnLogin2")): Object: 'Object Repository/Rizka/Admin/Admin - Login/btnLogin2' is clicked on

2020-06-22 12:12:43 - [MESSAGE][PASSED] - Object: 'Object Repository/Rizka/Admin/Admin - Login/btnLogin2' is clicked on

2020-06-22 12:12:43 - [TEST_STEP][PASSED] - delay(15): Delayed 15 second(s)

2020-06-22 12:12:58 - [MESSAGE][PASSED] - Delayed 15 second(s)

2020-06-22 12:12:58 - [MESSAGE][PASSED] - Call Test Case 'Test Cases/Rizka/Admin/AdminMainLogin' successfully

2020-06-22 12:12:58 - [TEST_STEP][PASSED] - click(findTestObject("Rizka/Admin/Admin - Manage Modules - Search/btnModulManagement_v2")): Object: 'Object Repository/Rizka/Admin/Admin - Manage Modules - Search/btnModulManagement_v2' is clicked on

2020-06-22 12:12:59 - [MESSAGE][PASSED] - Object: 'Object Repository/Rizka/Admin/Admin - Manage Modules - Search/btnModulManagement_v2' is clicked on

2020-06-22 12:12:59 - [TEST_STEP][PASSED] - delay(3): Delayed 3 second(s)

2020-06-22 12:13:02 - [MESSAGE][PASSED] - Delayed 3 second(s)

2020-06-22 12:13:02 - [TEST_STEP][PASSED] - click(findTestObject("Rizka/Admin/Admin - Manage Modules - Search/btnManageModul_v3")): Object: 'Object Repository/Rizka/Admin/Admin - Manage Modules - Search/btnManageModul_v3' is clicked on

2020-06-22 12:13:03 - [MESSAGE][PASSED] - Object: 'Object Repository/Rizka/Admin/Admin - Manage Modules - Search/btnManageModul_v3' is clicked on

2020-06-22 12:13:03 - [TEST_STEP][PASSED] - delay(3): Delayed 3 second(s)

2020-06-22 12:13:06 - [MESSAGE][PASSED] - Delayed 3 second(s)

2020-06-22 12:13:06 - [TEST_STEP][PASSED] - selectOptionByLabel(findTestObject("Rizka/Admin/Admin - Manage Modules - Search/dropdownStatus_v2"), status, false): All options with label 'All' are selected in object 'Object Repository/Rizka/Admin/Admin - Manage Modules - Search/dropdownStatus_v2' 

2020-06-22 12:13:10 - [MESSAGE][PASSED] - All options with label 'All' are selected in object 'Object Repository/Rizka/Admin/Admin - Manage Modules - Search/dropdownStatus_v2' 

2020-06-22 12:13:10 - [TEST_STEP][PASSED] - selectOptionByLabel(findTestObject("Rizka/Admin/Admin - Manage Modules - Search/dropdownSearchBy_v2"), searchBy, false): All options with label 'Search by' are selected in object 'Object Repository/Rizka/Admin/Admin - Manage Modules - Search/dropdownSearchBy_v2' 

2020-06-22 12:13:10 - [MESSAGE][PASSED] - All options with label 'Search by' are selected in object 'Object Repository/Rizka/Admin/Admin - Manage Modules - Search/dropdownSearchBy_v2' 

2020-06-22 12:13:10 - [TEST_STEP][PASSED] - if (condition == "passed"): null

2020-06-22 12:13:10 - [TEST_STEP][PASSED] - else: Object 'Object Repository/Rizka/Admin/Admin - Manage Modules - Search/fieldSearch_v2' is NOT clickable

2020-06-22 12:13:10 - [TEST_STEP][PASSED] - if (searchBy == "Search by"): Object 'Object Repository/Rizka/Admin/Admin - Manage Modules - Search/fieldSearch_v2' is NOT clickable

2020-06-22 12:13:10 - [TEST_STEP][PASSED] - verifyElementNotClickable(findTestObject("Rizka/Admin/Admin - Manage Modules - Search/fieldSearch_v2")): Object 'Object Repository/Rizka/Admin/Admin - Manage Modules - Search/fieldSearch_v2' is NOT clickable

2020-06-22 12:13:11 - [MESSAGE][PASSED] - Object 'Object Repository/Rizka/Admin/Admin - Manage Modules - Search/fieldSearch_v2' is NOT clickable]]></system-out>
         <system-err><![CDATA[]]></system-err>
      </testcase>
      <testcase name="Test Cases/Rizka/Admin/Manage Modules/Admin - Manage Modules - Search" time="74.695" classname="Test Cases/Rizka/Admin/Manage Modules/Admin - Manage Modules - Search" status="PASSED">
         <system-out><![CDATA[2020-06-22 12:13:11 - [TEST_CASE][PASSED] - Test Cases/Rizka/Admin/Manage Modules/Admin - Manage Modules - Search: Test Cases/Rizka/Admin/Manage Modules/Admin - Manage Modules - Search

2020-06-22 12:13:11 - [TEST_STEP][PASSED] - callTestCase(findTestCase("Rizka/Admin/AdminMainLogin"), [:], STOP_ON_FAILURE): Call Test Case 'Test Cases/Rizka/Admin/AdminMainLogin' successfully

2020-06-22 12:13:11 - [TEST_CASE][PASSED] - Test Cases/Rizka/Admin/AdminMainLogin: Test Cases/Rizka/Admin/AdminMainLogin

2020-06-22 12:13:11 - [TEST_STEP][PASSED] - openBrowser("https://appsrv1.deltadatamandiri.com/ACC_LMS_WEB/#/admNLmn"): Browser is opened with url: 'https://appsrv1.deltadatamandiri.com/ACC_LMS_WEB/#/admNLmn'

2020-06-22 12:13:11 - [MESSAGE][WARNING] - A browser is already opened. Closing browser and opening a new one

2020-06-22 12:13:12 - [MESSAGE][INFO] - Starting 'Chrome' driver

2020-06-22 12:13:30 - [MESSAGE][PASSED] - Browser is opened with url: 'https://appsrv1.deltadatamandiri.com/ACC_LMS_WEB/#/admNLmn'

2020-06-22 12:13:30 - [TEST_STEP][PASSED] - maximizeWindow(): Current window maximized

2020-06-22 12:13:32 - [MESSAGE][PASSED] - Current window maximized

2020-06-22 12:13:32 - [TEST_STEP][PASSED] - delay(15): Delayed 15 second(s)

2020-06-22 12:13:47 - [MESSAGE][PASSED] - Delayed 15 second(s)

2020-06-22 12:13:47 - [TEST_STEP][PASSED] - click(findTestObject("Rizka/Admin/Admin - Login/btnLogin")): Object: 'Object Repository/Rizka/Admin/Admin - Login/btnLogin' is clicked on

2020-06-22 12:13:47 - [MESSAGE][PASSED] - Object: 'Object Repository/Rizka/Admin/Admin - Login/btnLogin' is clicked on

2020-06-22 12:13:47 - [TEST_STEP][PASSED] - setText(findTestObject("Rizka/Admin/Admin - Login/txtUsername"), "11666"): Text '11666' is set on object 'Object Repository/Rizka/Admin/Admin - Login/txtUsername'

2020-06-22 12:13:48 - [MESSAGE][PASSED] - Text '11666' is set on object 'Object Repository/Rizka/Admin/Admin - Login/txtUsername'

2020-06-22 12:13:48 - [TEST_STEP][PASSED] - setText(findTestObject("Rizka/Admin/Admin - Login/txtPassword"), "Password3"): Text 'Password3' is set on object 'Object Repository/Rizka/Admin/Admin - Login/txtPassword'

2020-06-22 12:13:49 - [MESSAGE][PASSED] - Text 'Password3' is set on object 'Object Repository/Rizka/Admin/Admin - Login/txtPassword'

2020-06-22 12:13:49 - [TEST_STEP][PASSED] - click(findTestObject("Rizka/Admin/Admin - Login/btnEyePass")): Object: 'Object Repository/Rizka/Admin/Admin - Login/btnEyePass' is clicked on

2020-06-22 12:13:49 - [MESSAGE][PASSED] - Object: 'Object Repository/Rizka/Admin/Admin - Login/btnEyePass' is clicked on

2020-06-22 12:13:49 - [TEST_STEP][PASSED] - click(findTestObject("Rizka/Admin/Admin - Login/checkboxRememberMe")): Object: 'Object Repository/Rizka/Admin/Admin - Login/checkboxRememberMe' is clicked on

2020-06-22 12:13:50 - [MESSAGE][PASSED] - Object: 'Object Repository/Rizka/Admin/Admin - Login/checkboxRememberMe' is clicked on

2020-06-22 12:13:50 - [TEST_STEP][PASSED] - click(findTestObject("Rizka/Admin/Admin - Login/btnLogin2")): Object: 'Object Repository/Rizka/Admin/Admin - Login/btnLogin2' is clicked on

2020-06-22 12:13:50 - [MESSAGE][PASSED] - Object: 'Object Repository/Rizka/Admin/Admin - Login/btnLogin2' is clicked on

2020-06-22 12:13:50 - [TEST_STEP][PASSED] - delay(15): Delayed 15 second(s)

2020-06-22 12:14:05 - [MESSAGE][PASSED] - Delayed 15 second(s)

2020-06-22 12:14:05 - [MESSAGE][PASSED] - Call Test Case 'Test Cases/Rizka/Admin/AdminMainLogin' successfully

2020-06-22 12:14:05 - [TEST_STEP][PASSED] - click(findTestObject("Rizka/Admin/Admin - Manage Modules - Search/btnModulManagement_v2")): Object: 'Object Repository/Rizka/Admin/Admin - Manage Modules - Search/btnModulManagement_v2' is clicked on

2020-06-22 12:14:06 - [MESSAGE][PASSED] - Object: 'Object Repository/Rizka/Admin/Admin - Manage Modules - Search/btnModulManagement_v2' is clicked on

2020-06-22 12:14:06 - [TEST_STEP][PASSED] - delay(3): Delayed 3 second(s)

2020-06-22 12:14:09 - [MESSAGE][PASSED] - Delayed 3 second(s)

2020-06-22 12:14:09 - [TEST_STEP][PASSED] - click(findTestObject("Rizka/Admin/Admin - Manage Modules - Search/btnManageModul_v3")): Object: 'Object Repository/Rizka/Admin/Admin - Manage Modules - Search/btnManageModul_v3' is clicked on

2020-06-22 12:14:10 - [MESSAGE][PASSED] - Object: 'Object Repository/Rizka/Admin/Admin - Manage Modules - Search/btnManageModul_v3' is clicked on

2020-06-22 12:14:10 - [TEST_STEP][PASSED] - delay(3): Delayed 3 second(s)

2020-06-22 12:14:13 - [MESSAGE][PASSED] - Delayed 3 second(s)

2020-06-22 12:14:13 - [TEST_STEP][PASSED] - selectOptionByLabel(findTestObject("Rizka/Admin/Admin - Manage Modules - Search/dropdownStatus_v2"), status, false): All options with label 'Active' are selected in object 'Object Repository/Rizka/Admin/Admin - Manage Modules - Search/dropdownStatus_v2' 

2020-06-22 12:14:16 - [MESSAGE][PASSED] - All options with label 'Active' are selected in object 'Object Repository/Rizka/Admin/Admin - Manage Modules - Search/dropdownStatus_v2' 

2020-06-22 12:14:16 - [TEST_STEP][PASSED] - selectOptionByLabel(findTestObject("Rizka/Admin/Admin - Manage Modules - Search/dropdownSearchBy_v2"), searchBy, false): All options with label 'Course Name' are selected in object 'Object Repository/Rizka/Admin/Admin - Manage Modules - Search/dropdownSearchBy_v2' 

2020-06-22 12:14:18 - [MESSAGE][PASSED] - All options with label 'Course Name' are selected in object 'Object Repository/Rizka/Admin/Admin - Manage Modules - Search/dropdownSearchBy_v2' 

2020-06-22 12:14:18 - [TEST_STEP][PASSED] - if (condition == "passed"): Object 'Object Repository/Rizka/Admin/Admin - Manage Modules - Search/labelCourseName_v3' is visible

2020-06-22 12:14:18 - [TEST_STEP][PASSED] - setText(findTestObject("Rizka/Admin/Admin - Manage Modules - Search/fieldSearch_v2"), searchText): Text 'DESKCOLL COORDINATOR' is set on object 'Object Repository/Rizka/Admin/Admin - Manage Modules - Search/fieldSearch_v2'

2020-06-22 12:14:19 - [MESSAGE][PASSED] - Text 'DESKCOLL COORDINATOR' is set on object 'Object Repository/Rizka/Admin/Admin - Manage Modules - Search/fieldSearch_v2'

2020-06-22 12:14:19 - [TEST_STEP][PASSED] - sendKeys(findTestObject("Rizka/Admin/Admin - Manage Modules - Search/fieldSearch_v2"), Keys.chord(ENTER)): Keys 'ENTER + ' sent to object: 'Object Repository/Rizka/Admin/Admin - Manage Modules - Search/fieldSearch_v2'

2020-06-22 12:14:20 - [MESSAGE][PASSED] - Keys 'ENTER + ' sent to object: 'Object Repository/Rizka/Admin/Admin - Manage Modules - Search/fieldSearch_v2'

2020-06-22 12:14:20 - [TEST_STEP][PASSED] - delay(5): Delayed 5 second(s)

2020-06-22 12:14:25 - [MESSAGE][PASSED] - Delayed 5 second(s)

2020-06-22 12:14:25 - [TEST_STEP][PASSED] - if (status != "All"): Object 'Object Repository/Rizka/Admin/Admin - Manage Modules - Search/labelActive_v3' is visible

2020-06-22 12:14:25 - [TEST_STEP][PASSED] - if (status == "Active"): Object 'Object Repository/Rizka/Admin/Admin - Manage Modules - Search/labelActive_v3' is visible

2020-06-22 12:14:25 - [TEST_STEP][PASSED] - verifyElementVisible(findTestObject("Rizka/Admin/Admin - Manage Modules - Search/labelActive_v3")): Object 'Object Repository/Rizka/Admin/Admin - Manage Modules - Search/labelActive_v3' is visible

2020-06-22 12:14:25 - [MESSAGE][PASSED] - Object 'Object Repository/Rizka/Admin/Admin - Manage Modules - Search/labelActive_v3' is visible

2020-06-22 12:14:25 - [TEST_STEP][PASSED] - if (searchBy == "Module"): null

2020-06-22 12:14:25 - [TEST_STEP][PASSED] - else if (searchBy == "Section"): null

2020-06-22 12:14:25 - [TEST_STEP][PASSED] - else if (searchBy == "Course Name"): Object 'Object Repository/Rizka/Admin/Admin - Manage Modules - Search/labelCourseName_v3' is visible

2020-06-22 12:14:25 - [TEST_STEP][PASSED] - verifyElementVisible(findTestObject("Rizka/Admin/Admin - Manage Modules - Search/labelCourseName_v3")): Object 'Object Repository/Rizka/Admin/Admin - Manage Modules - Search/labelCourseName_v3' is visible

2020-06-22 12:14:25 - [MESSAGE][PASSED] - Object 'Object Repository/Rizka/Admin/Admin - Manage Modules - Search/labelCourseName_v3' is visible]]></system-out>
         <system-err><![CDATA[]]></system-err>
      </testcase>
      <testcase name="Test Cases/Rizka/Admin/Manage Modules/Admin - Manage Modules - Search" time="105.236" classname="Test Cases/Rizka/Admin/Manage Modules/Admin - Manage Modules - Search" status="PASSED">
         <system-out><![CDATA[2020-06-22 12:14:26 - [TEST_CASE][PASSED] - Test Cases/Rizka/Admin/Manage Modules/Admin - Manage Modules - Search: Test Cases/Rizka/Admin/Manage Modules/Admin - Manage Modules - Search

2020-06-22 12:14:26 - [TEST_STEP][PASSED] - callTestCase(findTestCase("Rizka/Admin/AdminMainLogin"), [:], STOP_ON_FAILURE): Call Test Case 'Test Cases/Rizka/Admin/AdminMainLogin' successfully

2020-06-22 12:14:26 - [TEST_CASE][PASSED] - Test Cases/Rizka/Admin/AdminMainLogin: Test Cases/Rizka/Admin/AdminMainLogin

2020-06-22 12:14:26 - [TEST_STEP][PASSED] - openBrowser("https://appsrv1.deltadatamandiri.com/ACC_LMS_WEB/#/admNLmn"): Browser is opened with url: 'https://appsrv1.deltadatamandiri.com/ACC_LMS_WEB/#/admNLmn'

2020-06-22 12:14:26 - [MESSAGE][WARNING] - A browser is already opened. Closing browser and opening a new one

2020-06-22 12:14:27 - [MESSAGE][INFO] - Starting 'Chrome' driver

2020-06-22 12:15:14 - [MESSAGE][PASSED] - Browser is opened with url: 'https://appsrv1.deltadatamandiri.com/ACC_LMS_WEB/#/admNLmn'

2020-06-22 12:15:14 - [TEST_STEP][PASSED] - maximizeWindow(): Current window maximized

2020-06-22 12:15:15 - [MESSAGE][PASSED] - Current window maximized

2020-06-22 12:15:16 - [TEST_STEP][PASSED] - delay(15): Delayed 15 second(s)

2020-06-22 12:15:31 - [MESSAGE][PASSED] - Delayed 15 second(s)

2020-06-22 12:15:31 - [TEST_STEP][PASSED] - click(findTestObject("Rizka/Admin/Admin - Login/btnLogin")): Object: 'Object Repository/Rizka/Admin/Admin - Login/btnLogin' is clicked on

2020-06-22 12:15:31 - [MESSAGE][PASSED] - Object: 'Object Repository/Rizka/Admin/Admin - Login/btnLogin' is clicked on

2020-06-22 12:15:31 - [TEST_STEP][PASSED] - setText(findTestObject("Rizka/Admin/Admin - Login/txtUsername"), "11666"): Text '11666' is set on object 'Object Repository/Rizka/Admin/Admin - Login/txtUsername'

2020-06-22 12:15:32 - [MESSAGE][PASSED] - Text '11666' is set on object 'Object Repository/Rizka/Admin/Admin - Login/txtUsername'

2020-06-22 12:15:32 - [TEST_STEP][PASSED] - setText(findTestObject("Rizka/Admin/Admin - Login/txtPassword"), "Password3"): Text 'Password3' is set on object 'Object Repository/Rizka/Admin/Admin - Login/txtPassword'

2020-06-22 12:15:33 - [MESSAGE][PASSED] - Text 'Password3' is set on object 'Object Repository/Rizka/Admin/Admin - Login/txtPassword'

2020-06-22 12:15:33 - [TEST_STEP][PASSED] - click(findTestObject("Rizka/Admin/Admin - Login/btnEyePass")): Object: 'Object Repository/Rizka/Admin/Admin - Login/btnEyePass' is clicked on

2020-06-22 12:15:33 - [MESSAGE][PASSED] - Object: 'Object Repository/Rizka/Admin/Admin - Login/btnEyePass' is clicked on

2020-06-22 12:15:33 - [TEST_STEP][PASSED] - click(findTestObject("Rizka/Admin/Admin - Login/checkboxRememberMe")): Object: 'Object Repository/Rizka/Admin/Admin - Login/checkboxRememberMe' is clicked on

2020-06-22 12:15:33 - [MESSAGE][PASSED] - Object: 'Object Repository/Rizka/Admin/Admin - Login/checkboxRememberMe' is clicked on

2020-06-22 12:15:33 - [TEST_STEP][PASSED] - click(findTestObject("Rizka/Admin/Admin - Login/btnLogin2")): Object: 'Object Repository/Rizka/Admin/Admin - Login/btnLogin2' is clicked on

2020-06-22 12:15:34 - [MESSAGE][PASSED] - Object: 'Object Repository/Rizka/Admin/Admin - Login/btnLogin2' is clicked on

2020-06-22 12:15:34 - [TEST_STEP][PASSED] - delay(15): Delayed 15 second(s)

2020-06-22 12:15:49 - [MESSAGE][PASSED] - Delayed 15 second(s)

2020-06-22 12:15:49 - [MESSAGE][PASSED] - Call Test Case 'Test Cases/Rizka/Admin/AdminMainLogin' successfully

2020-06-22 12:15:49 - [TEST_STEP][PASSED] - click(findTestObject("Rizka/Admin/Admin - Manage Modules - Search/btnModulManagement_v2")): Object: 'Object Repository/Rizka/Admin/Admin - Manage Modules - Search/btnModulManagement_v2' is clicked on

2020-06-22 12:15:50 - [MESSAGE][PASSED] - Object: 'Object Repository/Rizka/Admin/Admin - Manage Modules - Search/btnModulManagement_v2' is clicked on

2020-06-22 12:15:50 - [TEST_STEP][PASSED] - delay(3): Delayed 3 second(s)

2020-06-22 12:15:53 - [MESSAGE][PASSED] - Delayed 3 second(s)

2020-06-22 12:15:53 - [TEST_STEP][PASSED] - click(findTestObject("Rizka/Admin/Admin - Manage Modules - Search/btnManageModul_v3")): Object: 'Object Repository/Rizka/Admin/Admin - Manage Modules - Search/btnManageModul_v3' is clicked on

2020-06-22 12:15:53 - [MESSAGE][PASSED] - Object: 'Object Repository/Rizka/Admin/Admin - Manage Modules - Search/btnManageModul_v3' is clicked on

2020-06-22 12:15:53 - [TEST_STEP][PASSED] - delay(3): Delayed 3 second(s)

2020-06-22 12:15:56 - [MESSAGE][PASSED] - Delayed 3 second(s)

2020-06-22 12:15:56 - [TEST_STEP][PASSED] - selectOptionByLabel(findTestObject("Rizka/Admin/Admin - Manage Modules - Search/dropdownStatus_v2"), status, false): All options with label 'Inactive' are selected in object 'Object Repository/Rizka/Admin/Admin - Manage Modules - Search/dropdownStatus_v2' 

2020-06-22 12:16:01 - [MESSAGE][PASSED] - All options with label 'Inactive' are selected in object 'Object Repository/Rizka/Admin/Admin - Manage Modules - Search/dropdownStatus_v2' 

2020-06-22 12:16:01 - [TEST_STEP][PASSED] - selectOptionByLabel(findTestObject("Rizka/Admin/Admin - Manage Modules - Search/dropdownSearchBy_v2"), searchBy, false): All options with label 'Course Name' are selected in object 'Object Repository/Rizka/Admin/Admin - Manage Modules - Search/dropdownSearchBy_v2' 

2020-06-22 12:16:03 - [MESSAGE][PASSED] - All options with label 'Course Name' are selected in object 'Object Repository/Rizka/Admin/Admin - Manage Modules - Search/dropdownSearchBy_v2' 

2020-06-22 12:16:03 - [TEST_STEP][PASSED] - if (condition == "passed"): Object 'Object Repository/Rizka/Admin/Admin - Manage Modules - Search/labelCourseName_v3' is visible

2020-06-22 12:16:03 - [TEST_STEP][PASSED] - setText(findTestObject("Rizka/Admin/Admin - Manage Modules - Search/fieldSearch_v2"), searchText): Text 'DESKCOLL COORDINATOR' is set on object 'Object Repository/Rizka/Admin/Admin - Manage Modules - Search/fieldSearch_v2'

2020-06-22 12:16:04 - [MESSAGE][PASSED] - Text 'DESKCOLL COORDINATOR' is set on object 'Object Repository/Rizka/Admin/Admin - Manage Modules - Search/fieldSearch_v2'

2020-06-22 12:16:04 - [TEST_STEP][PASSED] - sendKeys(findTestObject("Rizka/Admin/Admin - Manage Modules - Search/fieldSearch_v2"), Keys.chord(ENTER)): Keys 'ENTER + ' sent to object: 'Object Repository/Rizka/Admin/Admin - Manage Modules - Search/fieldSearch_v2'

2020-06-22 12:16:05 - [MESSAGE][PASSED] - Keys 'ENTER + ' sent to object: 'Object Repository/Rizka/Admin/Admin - Manage Modules - Search/fieldSearch_v2'

2020-06-22 12:16:05 - [TEST_STEP][PASSED] - delay(5): Delayed 5 second(s)

2020-06-22 12:16:10 - [MESSAGE][PASSED] - Delayed 5 second(s)

2020-06-22 12:16:10 - [TEST_STEP][PASSED] - if (status != "All"): Object 'Object Repository/Rizka/Admin/Admin - Manage Modules - Search/labelInactive_v3' is visible

2020-06-22 12:16:10 - [TEST_STEP][PASSED] - if (status == "Active"): null

2020-06-22 12:16:10 - [TEST_STEP][PASSED] - else: Object 'Object Repository/Rizka/Admin/Admin - Manage Modules - Search/labelInactive_v3' is visible

2020-06-22 12:16:10 - [TEST_STEP][PASSED] - verifyElementVisible(findTestObject("Rizka/Admin/Admin - Manage Modules - Search/labelInactive_v3")): Object 'Object Repository/Rizka/Admin/Admin - Manage Modules - Search/labelInactive_v3' is visible

2020-06-22 12:16:10 - [MESSAGE][PASSED] - Object 'Object Repository/Rizka/Admin/Admin - Manage Modules - Search/labelInactive_v3' is visible

2020-06-22 12:16:10 - [TEST_STEP][PASSED] - if (searchBy == "Module"): null

2020-06-22 12:16:10 - [TEST_STEP][PASSED] - else if (searchBy == "Section"): null

2020-06-22 12:16:10 - [TEST_STEP][PASSED] - else if (searchBy == "Course Name"): Object 'Object Repository/Rizka/Admin/Admin - Manage Modules - Search/labelCourseName_v3' is visible

2020-06-22 12:16:10 - [TEST_STEP][PASSED] - verifyElementVisible(findTestObject("Rizka/Admin/Admin - Manage Modules - Search/labelCourseName_v3")): Object 'Object Repository/Rizka/Admin/Admin - Manage Modules - Search/labelCourseName_v3' is visible

2020-06-22 12:16:11 - [MESSAGE][PASSED] - Object 'Object Repository/Rizka/Admin/Admin - Manage Modules - Search/labelCourseName_v3' is visible]]></system-out>
         <system-err><![CDATA[]]></system-err>
      </testcase>
      <testcase name="Test Cases/Rizka/Admin/Manage Modules/Admin - Manage Modules - Search" time="73.911" classname="Test Cases/Rizka/Admin/Manage Modules/Admin - Manage Modules - Search" status="PASSED">
         <system-out><![CDATA[2020-06-22 12:16:11 - [TEST_CASE][PASSED] - Test Cases/Rizka/Admin/Manage Modules/Admin - Manage Modules - Search: Test Cases/Rizka/Admin/Manage Modules/Admin - Manage Modules - Search

2020-06-22 12:16:11 - [TEST_STEP][PASSED] - callTestCase(findTestCase("Rizka/Admin/AdminMainLogin"), [:], STOP_ON_FAILURE): Call Test Case 'Test Cases/Rizka/Admin/AdminMainLogin' successfully

2020-06-22 12:16:11 - [TEST_CASE][PASSED] - Test Cases/Rizka/Admin/AdminMainLogin: Test Cases/Rizka/Admin/AdminMainLogin

2020-06-22 12:16:11 - [TEST_STEP][PASSED] - openBrowser("https://appsrv1.deltadatamandiri.com/ACC_LMS_WEB/#/admNLmn"): Browser is opened with url: 'https://appsrv1.deltadatamandiri.com/ACC_LMS_WEB/#/admNLmn'

2020-06-22 12:16:11 - [MESSAGE][WARNING] - A browser is already opened. Closing browser and opening a new one

2020-06-22 12:16:13 - [MESSAGE][INFO] - Starting 'Chrome' driver

2020-06-22 12:16:33 - [MESSAGE][PASSED] - Browser is opened with url: 'https://appsrv1.deltadatamandiri.com/ACC_LMS_WEB/#/admNLmn'

2020-06-22 12:16:33 - [TEST_STEP][PASSED] - maximizeWindow(): Current window maximized

2020-06-22 12:16:34 - [MESSAGE][PASSED] - Current window maximized

2020-06-22 12:16:34 - [TEST_STEP][PASSED] - delay(15): Delayed 15 second(s)

2020-06-22 12:16:49 - [MESSAGE][PASSED] - Delayed 15 second(s)

2020-06-22 12:16:49 - [TEST_STEP][PASSED] - click(findTestObject("Rizka/Admin/Admin - Login/btnLogin")): Object: 'Object Repository/Rizka/Admin/Admin - Login/btnLogin' is clicked on

2020-06-22 12:16:49 - [MESSAGE][PASSED] - Object: 'Object Repository/Rizka/Admin/Admin - Login/btnLogin' is clicked on

2020-06-22 12:16:49 - [TEST_STEP][PASSED] - setText(findTestObject("Rizka/Admin/Admin - Login/txtUsername"), "11666"): Text '11666' is set on object 'Object Repository/Rizka/Admin/Admin - Login/txtUsername'

2020-06-22 12:16:50 - [MESSAGE][PASSED] - Text '11666' is set on object 'Object Repository/Rizka/Admin/Admin - Login/txtUsername'

2020-06-22 12:16:50 - [TEST_STEP][PASSED] - setText(findTestObject("Rizka/Admin/Admin - Login/txtPassword"), "Password3"): Text 'Password3' is set on object 'Object Repository/Rizka/Admin/Admin - Login/txtPassword'

2020-06-22 12:16:51 - [MESSAGE][PASSED] - Text 'Password3' is set on object 'Object Repository/Rizka/Admin/Admin - Login/txtPassword'

2020-06-22 12:16:51 - [TEST_STEP][PASSED] - click(findTestObject("Rizka/Admin/Admin - Login/btnEyePass")): Object: 'Object Repository/Rizka/Admin/Admin - Login/btnEyePass' is clicked on

2020-06-22 12:16:51 - [MESSAGE][PASSED] - Object: 'Object Repository/Rizka/Admin/Admin - Login/btnEyePass' is clicked on

2020-06-22 12:16:51 - [TEST_STEP][PASSED] - click(findTestObject("Rizka/Admin/Admin - Login/checkboxRememberMe")): Object: 'Object Repository/Rizka/Admin/Admin - Login/checkboxRememberMe' is clicked on

2020-06-22 12:16:51 - [MESSAGE][PASSED] - Object: 'Object Repository/Rizka/Admin/Admin - Login/checkboxRememberMe' is clicked on

2020-06-22 12:16:51 - [TEST_STEP][PASSED] - click(findTestObject("Rizka/Admin/Admin - Login/btnLogin2")): Object: 'Object Repository/Rizka/Admin/Admin - Login/btnLogin2' is clicked on

2020-06-22 12:16:52 - [MESSAGE][PASSED] - Object: 'Object Repository/Rizka/Admin/Admin - Login/btnLogin2' is clicked on

2020-06-22 12:16:52 - [TEST_STEP][PASSED] - delay(15): Delayed 15 second(s)

2020-06-22 12:17:07 - [MESSAGE][PASSED] - Delayed 15 second(s)

2020-06-22 12:17:07 - [MESSAGE][PASSED] - Call Test Case 'Test Cases/Rizka/Admin/AdminMainLogin' successfully

2020-06-22 12:17:07 - [TEST_STEP][PASSED] - click(findTestObject("Rizka/Admin/Admin - Manage Modules - Search/btnModulManagement_v2")): Object: 'Object Repository/Rizka/Admin/Admin - Manage Modules - Search/btnModulManagement_v2' is clicked on

2020-06-22 12:17:08 - [MESSAGE][PASSED] - Object: 'Object Repository/Rizka/Admin/Admin - Manage Modules - Search/btnModulManagement_v2' is clicked on

2020-06-22 12:17:08 - [TEST_STEP][PASSED] - delay(3): Delayed 3 second(s)

2020-06-22 12:17:11 - [MESSAGE][PASSED] - Delayed 3 second(s)

2020-06-22 12:17:11 - [TEST_STEP][PASSED] - click(findTestObject("Rizka/Admin/Admin - Manage Modules - Search/btnManageModul_v3")): Object: 'Object Repository/Rizka/Admin/Admin - Manage Modules - Search/btnManageModul_v3' is clicked on

2020-06-22 12:17:11 - [MESSAGE][PASSED] - Object: 'Object Repository/Rizka/Admin/Admin - Manage Modules - Search/btnManageModul_v3' is clicked on

2020-06-22 12:17:11 - [TEST_STEP][PASSED] - delay(3): Delayed 3 second(s)

2020-06-22 12:17:14 - [MESSAGE][PASSED] - Delayed 3 second(s)

2020-06-22 12:17:14 - [TEST_STEP][PASSED] - selectOptionByLabel(findTestObject("Rizka/Admin/Admin - Manage Modules - Search/dropdownStatus_v2"), status, false): All options with label 'All' are selected in object 'Object Repository/Rizka/Admin/Admin - Manage Modules - Search/dropdownStatus_v2' 

2020-06-22 12:17:17 - [MESSAGE][PASSED] - All options with label 'All' are selected in object 'Object Repository/Rizka/Admin/Admin - Manage Modules - Search/dropdownStatus_v2' 

2020-06-22 12:17:17 - [TEST_STEP][PASSED] - selectOptionByLabel(findTestObject("Rizka/Admin/Admin - Manage Modules - Search/dropdownSearchBy_v2"), searchBy, false): All options with label 'Module' are selected in object 'Object Repository/Rizka/Admin/Admin - Manage Modules - Search/dropdownSearchBy_v2' 

2020-06-22 12:17:18 - [MESSAGE][PASSED] - All options with label 'Module' are selected in object 'Object Repository/Rizka/Admin/Admin - Manage Modules - Search/dropdownSearchBy_v2' 

2020-06-22 12:17:18 - [TEST_STEP][PASSED] - if (condition == "passed"): Object 'Object Repository/Rizka/Admin/Admin - Manage Modules - Search/labelModul_v3' is visible

2020-06-22 12:17:18 - [TEST_STEP][PASSED] - setText(findTestObject("Rizka/Admin/Admin - Manage Modules - Search/fieldSearch_v2"), searchText): Text 'Pengetahuan umum' is set on object 'Object Repository/Rizka/Admin/Admin - Manage Modules - Search/fieldSearch_v2'

2020-06-22 12:17:19 - [MESSAGE][PASSED] - Text 'Pengetahuan umum' is set on object 'Object Repository/Rizka/Admin/Admin - Manage Modules - Search/fieldSearch_v2'

2020-06-22 12:17:19 - [TEST_STEP][PASSED] - sendKeys(findTestObject("Rizka/Admin/Admin - Manage Modules - Search/fieldSearch_v2"), Keys.chord(ENTER)): Keys 'ENTER + ' sent to object: 'Object Repository/Rizka/Admin/Admin - Manage Modules - Search/fieldSearch_v2'

2020-06-22 12:17:19 - [MESSAGE][PASSED] - Keys 'ENTER + ' sent to object: 'Object Repository/Rizka/Admin/Admin - Manage Modules - Search/fieldSearch_v2'

2020-06-22 12:17:19 - [TEST_STEP][PASSED] - delay(5): Delayed 5 second(s)

2020-06-22 12:17:24 - [MESSAGE][PASSED] - Delayed 5 second(s)

2020-06-22 12:17:24 - [TEST_STEP][PASSED] - if (status != "All"): null

2020-06-22 12:17:24 - [TEST_STEP][PASSED] - if (searchBy == "Module"): Object 'Object Repository/Rizka/Admin/Admin - Manage Modules - Search/labelModul_v3' is visible

2020-06-22 12:17:24 - [TEST_STEP][PASSED] - verifyElementVisible(findTestObject("Rizka/Admin/Admin - Manage Modules - Search/labelModul_v3")): Object 'Object Repository/Rizka/Admin/Admin - Manage Modules - Search/labelModul_v3' is visible

2020-06-22 12:17:25 - [MESSAGE][PASSED] - Object 'Object Repository/Rizka/Admin/Admin - Manage Modules - Search/labelModul_v3' is visible]]></system-out>
         <system-err><![CDATA[]]></system-err>
      </testcase>
      <testcase name="Test Cases/Rizka/Admin/Manage Modules/Admin - Manage Modules - Search" time="125.837" classname="Test Cases/Rizka/Admin/Manage Modules/Admin - Manage Modules - Search" status="PASSED">
         <system-out><![CDATA[2020-06-22 12:17:25 - [TEST_CASE][PASSED] - Test Cases/Rizka/Admin/Manage Modules/Admin - Manage Modules - Search: Test Cases/Rizka/Admin/Manage Modules/Admin - Manage Modules - Search

2020-06-22 12:17:25 - [TEST_STEP][PASSED] - callTestCase(findTestCase("Rizka/Admin/AdminMainLogin"), [:], STOP_ON_FAILURE): Call Test Case 'Test Cases/Rizka/Admin/AdminMainLogin' successfully

2020-06-22 12:17:25 - [TEST_CASE][PASSED] - Test Cases/Rizka/Admin/AdminMainLogin: Test Cases/Rizka/Admin/AdminMainLogin

2020-06-22 12:17:25 - [TEST_STEP][PASSED] - openBrowser("https://appsrv1.deltadatamandiri.com/ACC_LMS_WEB/#/admNLmn"): Browser is opened with url: 'https://appsrv1.deltadatamandiri.com/ACC_LMS_WEB/#/admNLmn'

2020-06-22 12:17:25 - [MESSAGE][WARNING] - A browser is already opened. Closing browser and opening a new one

2020-06-22 12:17:26 - [MESSAGE][INFO] - Starting 'Chrome' driver

2020-06-22 12:18:01 - [MESSAGE][PASSED] - Browser is opened with url: 'https://appsrv1.deltadatamandiri.com/ACC_LMS_WEB/#/admNLmn'

2020-06-22 12:18:01 - [TEST_STEP][PASSED] - maximizeWindow(): Current window maximized

2020-06-22 12:18:02 - [MESSAGE][PASSED] - Current window maximized

2020-06-22 12:18:02 - [TEST_STEP][PASSED] - delay(15): Delayed 15 second(s)

2020-06-22 12:18:17 - [MESSAGE][PASSED] - Delayed 15 second(s)

2020-06-22 12:18:17 - [TEST_STEP][PASSED] - click(findTestObject("Rizka/Admin/Admin - Login/btnLogin")): Object: 'Object Repository/Rizka/Admin/Admin - Login/btnLogin' is clicked on

2020-06-22 12:18:18 - [MESSAGE][PASSED] - Object: 'Object Repository/Rizka/Admin/Admin - Login/btnLogin' is clicked on

2020-06-22 12:18:18 - [TEST_STEP][PASSED] - setText(findTestObject("Rizka/Admin/Admin - Login/txtUsername"), "11666"): Text '11666' is set on object 'Object Repository/Rizka/Admin/Admin - Login/txtUsername'

2020-06-22 12:18:18 - [MESSAGE][PASSED] - Text '11666' is set on object 'Object Repository/Rizka/Admin/Admin - Login/txtUsername'

2020-06-22 12:18:18 - [TEST_STEP][PASSED] - setText(findTestObject("Rizka/Admin/Admin - Login/txtPassword"), "Password3"): Text 'Password3' is set on object 'Object Repository/Rizka/Admin/Admin - Login/txtPassword'

2020-06-22 12:18:19 - [MESSAGE][PASSED] - Text 'Password3' is set on object 'Object Repository/Rizka/Admin/Admin - Login/txtPassword'

2020-06-22 12:18:19 - [TEST_STEP][PASSED] - click(findTestObject("Rizka/Admin/Admin - Login/btnEyePass")): Object: 'Object Repository/Rizka/Admin/Admin - Login/btnEyePass' is clicked on

2020-06-22 12:18:19 - [MESSAGE][PASSED] - Object: 'Object Repository/Rizka/Admin/Admin - Login/btnEyePass' is clicked on

2020-06-22 12:18:19 - [TEST_STEP][PASSED] - click(findTestObject("Rizka/Admin/Admin - Login/checkboxRememberMe")): Object: 'Object Repository/Rizka/Admin/Admin - Login/checkboxRememberMe' is clicked on

2020-06-22 12:18:20 - [MESSAGE][PASSED] - Object: 'Object Repository/Rizka/Admin/Admin - Login/checkboxRememberMe' is clicked on

2020-06-22 12:18:20 - [TEST_STEP][PASSED] - click(findTestObject("Rizka/Admin/Admin - Login/btnLogin2")): Object: 'Object Repository/Rizka/Admin/Admin - Login/btnLogin2' is clicked on

2020-06-22 12:18:20 - [MESSAGE][PASSED] - Object: 'Object Repository/Rizka/Admin/Admin - Login/btnLogin2' is clicked on

2020-06-22 12:18:20 - [TEST_STEP][PASSED] - delay(15): Delayed 15 second(s)

2020-06-22 12:18:35 - [MESSAGE][PASSED] - Delayed 15 second(s)

2020-06-22 12:18:35 - [MESSAGE][PASSED] - Call Test Case 'Test Cases/Rizka/Admin/AdminMainLogin' successfully

2020-06-22 12:18:35 - [TEST_STEP][PASSED] - click(findTestObject("Rizka/Admin/Admin - Manage Modules - Search/btnModulManagement_v2")): Object: 'Object Repository/Rizka/Admin/Admin - Manage Modules - Search/btnModulManagement_v2' is clicked on

2020-06-22 12:18:36 - [MESSAGE][PASSED] - Object: 'Object Repository/Rizka/Admin/Admin - Manage Modules - Search/btnModulManagement_v2' is clicked on

2020-06-22 12:18:36 - [TEST_STEP][PASSED] - delay(3): Delayed 3 second(s)

2020-06-22 12:18:39 - [MESSAGE][PASSED] - Delayed 3 second(s)

2020-06-22 12:18:39 - [TEST_STEP][PASSED] - click(findTestObject("Rizka/Admin/Admin - Manage Modules - Search/btnManageModul_v3")): Object: 'Object Repository/Rizka/Admin/Admin - Manage Modules - Search/btnManageModul_v3' is clicked on

2020-06-22 12:18:39 - [MESSAGE][PASSED] - Object: 'Object Repository/Rizka/Admin/Admin - Manage Modules - Search/btnManageModul_v3' is clicked on

2020-06-22 12:18:39 - [TEST_STEP][PASSED] - delay(3): Delayed 3 second(s)

2020-06-22 12:18:42 - [MESSAGE][PASSED] - Delayed 3 second(s)

2020-06-22 12:18:42 - [TEST_STEP][PASSED] - selectOptionByLabel(findTestObject("Rizka/Admin/Admin - Manage Modules - Search/dropdownStatus_v2"), status, false): All options with label 'All' are selected in object 'Object Repository/Rizka/Admin/Admin - Manage Modules - Search/dropdownStatus_v2' 

2020-06-22 12:18:50 - [MESSAGE][PASSED] - All options with label 'All' are selected in object 'Object Repository/Rizka/Admin/Admin - Manage Modules - Search/dropdownStatus_v2' 

2020-06-22 12:18:50 - [TEST_STEP][PASSED] - selectOptionByLabel(findTestObject("Rizka/Admin/Admin - Manage Modules - Search/dropdownSearchBy_v2"), searchBy, false): All options with label 'Section' are selected in object 'Object Repository/Rizka/Admin/Admin - Manage Modules - Search/dropdownSearchBy_v2' 

2020-06-22 12:18:51 - [MESSAGE][PASSED] - All options with label 'Section' are selected in object 'Object Repository/Rizka/Admin/Admin - Manage Modules - Search/dropdownSearchBy_v2' 

2020-06-22 12:18:51 - [TEST_STEP][PASSED] - if (condition == "passed"): Object 'Object Repository/Rizka/Admin/Admin - Manage Modules - Search/labelSection_v3' is visible

2020-06-22 12:18:51 - [TEST_STEP][PASSED] - setText(findTestObject("Rizka/Admin/Admin - Manage Modules - Search/fieldSearch_v2"), searchText): Text 'Pengantar Basic Training' is set on object 'Object Repository/Rizka/Admin/Admin - Manage Modules - Search/fieldSearch_v2'

2020-06-22 12:18:52 - [MESSAGE][PASSED] - Text 'Pengantar Basic Training' is set on object 'Object Repository/Rizka/Admin/Admin - Manage Modules - Search/fieldSearch_v2'

2020-06-22 12:18:52 - [TEST_STEP][PASSED] - sendKeys(findTestObject("Rizka/Admin/Admin - Manage Modules - Search/fieldSearch_v2"), Keys.chord(ENTER)): Keys 'ENTER + ' sent to object: 'Object Repository/Rizka/Admin/Admin - Manage Modules - Search/fieldSearch_v2'

2020-06-22 12:18:53 - [MESSAGE][PASSED] - Keys 'ENTER + ' sent to object: 'Object Repository/Rizka/Admin/Admin - Manage Modules - Search/fieldSearch_v2'

2020-06-22 12:18:53 - [TEST_STEP][PASSED] - delay(5): Delayed 5 second(s)

2020-06-22 12:18:58 - [MESSAGE][PASSED] - Delayed 5 second(s)

2020-06-22 12:18:58 - [TEST_STEP][PASSED] - if (status != "All"): null

2020-06-22 12:18:58 - [TEST_STEP][PASSED] - if (searchBy == "Module"): null

2020-06-22 12:18:58 - [TEST_STEP][PASSED] - else if (searchBy == "Section"): Object 'Object Repository/Rizka/Admin/Admin - Manage Modules - Search/labelSection_v3' is visible

2020-06-22 12:18:58 - [TEST_STEP][PASSED] - delay(5): Delayed 5 second(s)

2020-06-22 12:19:03 - [MESSAGE][PASSED] - Delayed 5 second(s)

2020-06-22 12:19:03 - [TEST_STEP][PASSED] - click(findTestObject("Rizka/Admin/Admin - Manage Modules - Search/btnSettings_v2")): Object: 'Object Repository/Rizka/Admin/Admin - Manage Modules - Search/btnSettings_v2' is clicked on

2020-06-22 12:19:03 - [MESSAGE][PASSED] - Object: 'Object Repository/Rizka/Admin/Admin - Manage Modules - Search/btnSettings_v2' is clicked on

2020-06-22 12:19:03 - [TEST_STEP][PASSED] - delay(5): Delayed 5 second(s)

2020-06-22 12:19:08 - [MESSAGE][PASSED] - Delayed 5 second(s)

2020-06-22 12:19:08 - [TEST_STEP][PASSED] - click(findTestObject("Rizka/Admin/Admin - Manage Modules - Search/btnEdit_v2")): Object: 'Object Repository/Rizka/Admin/Admin - Manage Modules - Search/btnEdit_v2' is clicked on

2020-06-22 12:19:09 - [MESSAGE][PASSED] - Object: 'Object Repository/Rizka/Admin/Admin - Manage Modules - Search/btnEdit_v2' is clicked on

2020-06-22 12:19:09 - [TEST_STEP][PASSED] - delay(5): Delayed 5 second(s)

2020-06-22 12:19:14 - [MESSAGE][PASSED] - Delayed 5 second(s)

2020-06-22 12:19:14 - [TEST_STEP][PASSED] - click(findTestObject("Rizka/Admin/Admin - Manage Modules - Search/btnSubmodul_v2")): Object: 'Object Repository/Rizka/Admin/Admin - Manage Modules - Search/btnSubmodul_v2' is clicked on

2020-06-22 12:19:25 - [MESSAGE][PASSED] - Object: 'Object Repository/Rizka/Admin/Admin - Manage Modules - Search/btnSubmodul_v2' is clicked on

2020-06-22 12:19:25 - [TEST_STEP][PASSED] - delay(5): Delayed 5 second(s)

2020-06-22 12:19:30 - [MESSAGE][PASSED] - Delayed 5 second(s)

2020-06-22 12:19:30 - [TEST_STEP][PASSED] - verifyElementVisible(findTestObject("Rizka/Admin/Admin - Manage Modules - Search/labelSection_v3")): Object 'Object Repository/Rizka/Admin/Admin - Manage Modules - Search/labelSection_v3' is visible

2020-06-22 12:19:31 - [MESSAGE][PASSED] - Object 'Object Repository/Rizka/Admin/Admin - Manage Modules - Search/labelSection_v3' is visible]]></system-out>
         <system-err><![CDATA[]]></system-err>
      </testcase>
      <testcase name="Test Cases/Rizka/Admin/Manage Modules/Admin - Manage Modules - Search" time="79.435" classname="Test Cases/Rizka/Admin/Manage Modules/Admin - Manage Modules - Search" status="PASSED">
         <system-out><![CDATA[2020-06-22 12:19:31 - [TEST_CASE][PASSED] - Test Cases/Rizka/Admin/Manage Modules/Admin - Manage Modules - Search: Test Cases/Rizka/Admin/Manage Modules/Admin - Manage Modules - Search

2020-06-22 12:19:31 - [TEST_STEP][PASSED] - callTestCase(findTestCase("Rizka/Admin/AdminMainLogin"), [:], STOP_ON_FAILURE): Call Test Case 'Test Cases/Rizka/Admin/AdminMainLogin' successfully

2020-06-22 12:19:31 - [TEST_CASE][PASSED] - Test Cases/Rizka/Admin/AdminMainLogin: Test Cases/Rizka/Admin/AdminMainLogin

2020-06-22 12:19:31 - [TEST_STEP][PASSED] - openBrowser("https://appsrv1.deltadatamandiri.com/ACC_LMS_WEB/#/admNLmn"): Browser is opened with url: 'https://appsrv1.deltadatamandiri.com/ACC_LMS_WEB/#/admNLmn'

2020-06-22 12:19:31 - [MESSAGE][WARNING] - A browser is already opened. Closing browser and opening a new one

2020-06-22 12:19:32 - [MESSAGE][INFO] - Starting 'Chrome' driver

2020-06-22 12:19:56 - [MESSAGE][PASSED] - Browser is opened with url: 'https://appsrv1.deltadatamandiri.com/ACC_LMS_WEB/#/admNLmn'

2020-06-22 12:19:56 - [TEST_STEP][PASSED] - maximizeWindow(): Current window maximized

2020-06-22 12:19:58 - [MESSAGE][PASSED] - Current window maximized

2020-06-22 12:19:58 - [TEST_STEP][PASSED] - delay(15): Delayed 15 second(s)

2020-06-22 12:20:13 - [MESSAGE][PASSED] - Delayed 15 second(s)

2020-06-22 12:20:13 - [TEST_STEP][PASSED] - click(findTestObject("Rizka/Admin/Admin - Login/btnLogin")): Object: 'Object Repository/Rizka/Admin/Admin - Login/btnLogin' is clicked on

2020-06-22 12:20:13 - [MESSAGE][PASSED] - Object: 'Object Repository/Rizka/Admin/Admin - Login/btnLogin' is clicked on

2020-06-22 12:20:13 - [TEST_STEP][PASSED] - setText(findTestObject("Rizka/Admin/Admin - Login/txtUsername"), "11666"): Text '11666' is set on object 'Object Repository/Rizka/Admin/Admin - Login/txtUsername'

2020-06-22 12:20:14 - [MESSAGE][PASSED] - Text '11666' is set on object 'Object Repository/Rizka/Admin/Admin - Login/txtUsername'

2020-06-22 12:20:14 - [TEST_STEP][PASSED] - setText(findTestObject("Rizka/Admin/Admin - Login/txtPassword"), "Password3"): Text 'Password3' is set on object 'Object Repository/Rizka/Admin/Admin - Login/txtPassword'

2020-06-22 12:20:15 - [MESSAGE][PASSED] - Text 'Password3' is set on object 'Object Repository/Rizka/Admin/Admin - Login/txtPassword'

2020-06-22 12:20:15 - [TEST_STEP][PASSED] - click(findTestObject("Rizka/Admin/Admin - Login/btnEyePass")): Object: 'Object Repository/Rizka/Admin/Admin - Login/btnEyePass' is clicked on

2020-06-22 12:20:15 - [MESSAGE][PASSED] - Object: 'Object Repository/Rizka/Admin/Admin - Login/btnEyePass' is clicked on

2020-06-22 12:20:15 - [TEST_STEP][PASSED] - click(findTestObject("Rizka/Admin/Admin - Login/checkboxRememberMe")): Object: 'Object Repository/Rizka/Admin/Admin - Login/checkboxRememberMe' is clicked on

2020-06-22 12:20:16 - [MESSAGE][PASSED] - Object: 'Object Repository/Rizka/Admin/Admin - Login/checkboxRememberMe' is clicked on

2020-06-22 12:20:16 - [TEST_STEP][PASSED] - click(findTestObject("Rizka/Admin/Admin - Login/btnLogin2")): Object: 'Object Repository/Rizka/Admin/Admin - Login/btnLogin2' is clicked on

2020-06-22 12:20:16 - [MESSAGE][PASSED] - Object: 'Object Repository/Rizka/Admin/Admin - Login/btnLogin2' is clicked on

2020-06-22 12:20:16 - [TEST_STEP][PASSED] - delay(15): Delayed 15 second(s)

2020-06-22 12:20:31 - [MESSAGE][PASSED] - Delayed 15 second(s)

2020-06-22 12:20:31 - [MESSAGE][PASSED] - Call Test Case 'Test Cases/Rizka/Admin/AdminMainLogin' successfully

2020-06-22 12:20:31 - [TEST_STEP][PASSED] - click(findTestObject("Rizka/Admin/Admin - Manage Modules - Search/btnModulManagement_v2")): Object: 'Object Repository/Rizka/Admin/Admin - Manage Modules - Search/btnModulManagement_v2' is clicked on

2020-06-22 12:20:32 - [MESSAGE][PASSED] - Object: 'Object Repository/Rizka/Admin/Admin - Manage Modules - Search/btnModulManagement_v2' is clicked on

2020-06-22 12:20:32 - [TEST_STEP][PASSED] - delay(3): Delayed 3 second(s)

2020-06-22 12:20:35 - [MESSAGE][PASSED] - Delayed 3 second(s)

2020-06-22 12:20:35 - [TEST_STEP][PASSED] - click(findTestObject("Rizka/Admin/Admin - Manage Modules - Search/btnManageModul_v3")): Object: 'Object Repository/Rizka/Admin/Admin - Manage Modules - Search/btnManageModul_v3' is clicked on

2020-06-22 12:20:35 - [MESSAGE][PASSED] - Object: 'Object Repository/Rizka/Admin/Admin - Manage Modules - Search/btnManageModul_v3' is clicked on

2020-06-22 12:20:35 - [TEST_STEP][PASSED] - delay(3): Delayed 3 second(s)

2020-06-22 12:20:38 - [MESSAGE][PASSED] - Delayed 3 second(s)

2020-06-22 12:20:38 - [TEST_STEP][PASSED] - selectOptionByLabel(findTestObject("Rizka/Admin/Admin - Manage Modules - Search/dropdownStatus_v2"), status, false): All options with label 'All' are selected in object 'Object Repository/Rizka/Admin/Admin - Manage Modules - Search/dropdownStatus_v2' 

2020-06-22 12:20:42 - [MESSAGE][PASSED] - All options with label 'All' are selected in object 'Object Repository/Rizka/Admin/Admin - Manage Modules - Search/dropdownStatus_v2' 

2020-06-22 12:20:42 - [TEST_STEP][PASSED] - selectOptionByLabel(findTestObject("Rizka/Admin/Admin - Manage Modules - Search/dropdownSearchBy_v2"), searchBy, false): All options with label 'Course Name' are selected in object 'Object Repository/Rizka/Admin/Admin - Manage Modules - Search/dropdownSearchBy_v2' 

2020-06-22 12:20:43 - [MESSAGE][PASSED] - All options with label 'Course Name' are selected in object 'Object Repository/Rizka/Admin/Admin - Manage Modules - Search/dropdownSearchBy_v2' 

2020-06-22 12:20:43 - [TEST_STEP][PASSED] - if (condition == "passed"): Object 'Object Repository/Rizka/Admin/Admin - Manage Modules - Search/labelCourseName_v3' is visible

2020-06-22 12:20:43 - [TEST_STEP][PASSED] - setText(findTestObject("Rizka/Admin/Admin - Manage Modules - Search/fieldSearch_v2"), searchText): Text 'DESKCOLL COORDINATOR' is set on object 'Object Repository/Rizka/Admin/Admin - Manage Modules - Search/fieldSearch_v2'

2020-06-22 12:20:44 - [MESSAGE][PASSED] - Text 'DESKCOLL COORDINATOR' is set on object 'Object Repository/Rizka/Admin/Admin - Manage Modules - Search/fieldSearch_v2'

2020-06-22 12:20:44 - [TEST_STEP][PASSED] - sendKeys(findTestObject("Rizka/Admin/Admin - Manage Modules - Search/fieldSearch_v2"), Keys.chord(ENTER)): Keys 'ENTER + ' sent to object: 'Object Repository/Rizka/Admin/Admin - Manage Modules - Search/fieldSearch_v2'

2020-06-22 12:20:45 - [MESSAGE][PASSED] - Keys 'ENTER + ' sent to object: 'Object Repository/Rizka/Admin/Admin - Manage Modules - Search/fieldSearch_v2'

2020-06-22 12:20:45 - [TEST_STEP][PASSED] - delay(5): Delayed 5 second(s)

2020-06-22 12:20:50 - [MESSAGE][PASSED] - Delayed 5 second(s)

2020-06-22 12:20:50 - [TEST_STEP][PASSED] - if (status != "All"): null

2020-06-22 12:20:50 - [TEST_STEP][PASSED] - if (searchBy == "Module"): null

2020-06-22 12:20:50 - [TEST_STEP][PASSED] - else if (searchBy == "Section"): null

2020-06-22 12:20:50 - [TEST_STEP][PASSED] - else if (searchBy == "Course Name"): Object 'Object Repository/Rizka/Admin/Admin - Manage Modules - Search/labelCourseName_v3' is visible

2020-06-22 12:20:50 - [TEST_STEP][PASSED] - verifyElementVisible(findTestObject("Rizka/Admin/Admin - Manage Modules - Search/labelCourseName_v3")): Object 'Object Repository/Rizka/Admin/Admin - Manage Modules - Search/labelCourseName_v3' is visible

2020-06-22 12:20:50 - [MESSAGE][PASSED] - Object 'Object Repository/Rizka/Admin/Admin - Manage Modules - Search/labelCourseName_v3' is visible]]></system-out>
         <system-err><![CDATA[]]></system-err>
      </testcase>
      <testcase name="Test Cases/Rizka/Admin/Manage Modules/Admin - Manage Modules - Search" time="80.256" classname="Test Cases/Rizka/Admin/Manage Modules/Admin - Manage Modules - Search" status="PASSED">
         <system-out><![CDATA[2020-06-22 12:20:50 - [TEST_CASE][PASSED] - Test Cases/Rizka/Admin/Manage Modules/Admin - Manage Modules - Search: Test Cases/Rizka/Admin/Manage Modules/Admin - Manage Modules - Search

2020-06-22 12:20:50 - [TEST_STEP][PASSED] - callTestCase(findTestCase("Rizka/Admin/AdminMainLogin"), [:], STOP_ON_FAILURE): Call Test Case 'Test Cases/Rizka/Admin/AdminMainLogin' successfully

2020-06-22 12:20:50 - [TEST_CASE][PASSED] - Test Cases/Rizka/Admin/AdminMainLogin: Test Cases/Rizka/Admin/AdminMainLogin

2020-06-22 12:20:50 - [TEST_STEP][PASSED] - openBrowser("https://appsrv1.deltadatamandiri.com/ACC_LMS_WEB/#/admNLmn"): Browser is opened with url: 'https://appsrv1.deltadatamandiri.com/ACC_LMS_WEB/#/admNLmn'

2020-06-22 12:20:50 - [MESSAGE][WARNING] - A browser is already opened. Closing browser and opening a new one

2020-06-22 12:20:51 - [MESSAGE][INFO] - Starting 'Chrome' driver

2020-06-22 12:21:12 - [MESSAGE][PASSED] - Browser is opened with url: 'https://appsrv1.deltadatamandiri.com/ACC_LMS_WEB/#/admNLmn'

2020-06-22 12:21:12 - [TEST_STEP][PASSED] - maximizeWindow(): Current window maximized

2020-06-22 12:21:13 - [MESSAGE][PASSED] - Current window maximized

2020-06-22 12:21:13 - [TEST_STEP][PASSED] - delay(15): Delayed 15 second(s)

2020-06-22 12:21:28 - [MESSAGE][PASSED] - Delayed 15 second(s)

2020-06-22 12:21:28 - [TEST_STEP][PASSED] - click(findTestObject("Rizka/Admin/Admin - Login/btnLogin")): Object: 'Object Repository/Rizka/Admin/Admin - Login/btnLogin' is clicked on

2020-06-22 12:21:29 - [MESSAGE][PASSED] - Object: 'Object Repository/Rizka/Admin/Admin - Login/btnLogin' is clicked on

2020-06-22 12:21:29 - [TEST_STEP][PASSED] - setText(findTestObject("Rizka/Admin/Admin - Login/txtUsername"), "11666"): Text '11666' is set on object 'Object Repository/Rizka/Admin/Admin - Login/txtUsername'

2020-06-22 12:21:30 - [MESSAGE][PASSED] - Text '11666' is set on object 'Object Repository/Rizka/Admin/Admin - Login/txtUsername'

2020-06-22 12:21:30 - [TEST_STEP][PASSED] - setText(findTestObject("Rizka/Admin/Admin - Login/txtPassword"), "Password3"): Text 'Password3' is set on object 'Object Repository/Rizka/Admin/Admin - Login/txtPassword'

2020-06-22 12:21:30 - [MESSAGE][PASSED] - Text 'Password3' is set on object 'Object Repository/Rizka/Admin/Admin - Login/txtPassword'

2020-06-22 12:21:30 - [TEST_STEP][PASSED] - click(findTestObject("Rizka/Admin/Admin - Login/btnEyePass")): Object: 'Object Repository/Rizka/Admin/Admin - Login/btnEyePass' is clicked on

2020-06-22 12:21:31 - [MESSAGE][PASSED] - Object: 'Object Repository/Rizka/Admin/Admin - Login/btnEyePass' is clicked on

2020-06-22 12:21:31 - [TEST_STEP][PASSED] - click(findTestObject("Rizka/Admin/Admin - Login/checkboxRememberMe")): Object: 'Object Repository/Rizka/Admin/Admin - Login/checkboxRememberMe' is clicked on

2020-06-22 12:21:31 - [MESSAGE][PASSED] - Object: 'Object Repository/Rizka/Admin/Admin - Login/checkboxRememberMe' is clicked on

2020-06-22 12:21:31 - [TEST_STEP][PASSED] - click(findTestObject("Rizka/Admin/Admin - Login/btnLogin2")): Object: 'Object Repository/Rizka/Admin/Admin - Login/btnLogin2' is clicked on

2020-06-22 12:21:32 - [MESSAGE][PASSED] - Object: 'Object Repository/Rizka/Admin/Admin - Login/btnLogin2' is clicked on

2020-06-22 12:21:32 - [TEST_STEP][PASSED] - delay(15): Delayed 15 second(s)

2020-06-22 12:21:47 - [MESSAGE][PASSED] - Delayed 15 second(s)

2020-06-22 12:21:47 - [MESSAGE][PASSED] - Call Test Case 'Test Cases/Rizka/Admin/AdminMainLogin' successfully

2020-06-22 12:21:47 - [TEST_STEP][PASSED] - click(findTestObject("Rizka/Admin/Admin - Manage Modules - Search/btnModulManagement_v2")): Object: 'Object Repository/Rizka/Admin/Admin - Manage Modules - Search/btnModulManagement_v2' is clicked on

2020-06-22 12:21:53 - [MESSAGE][PASSED] - Object: 'Object Repository/Rizka/Admin/Admin - Manage Modules - Search/btnModulManagement_v2' is clicked on

2020-06-22 12:21:53 - [TEST_STEP][PASSED] - delay(3): Delayed 3 second(s)

2020-06-22 12:21:56 - [MESSAGE][PASSED] - Delayed 3 second(s)

2020-06-22 12:21:56 - [TEST_STEP][PASSED] - click(findTestObject("Rizka/Admin/Admin - Manage Modules - Search/btnManageModul_v3")): Object: 'Object Repository/Rizka/Admin/Admin - Manage Modules - Search/btnManageModul_v3' is clicked on

2020-06-22 12:21:57 - [MESSAGE][PASSED] - Object: 'Object Repository/Rizka/Admin/Admin - Manage Modules - Search/btnManageModul_v3' is clicked on

2020-06-22 12:21:57 - [TEST_STEP][PASSED] - delay(3): Delayed 3 second(s)

2020-06-22 12:22:00 - [MESSAGE][PASSED] - Delayed 3 second(s)

2020-06-22 12:22:00 - [TEST_STEP][PASSED] - selectOptionByLabel(findTestObject("Rizka/Admin/Admin - Manage Modules - Search/dropdownStatus_v2"), status, false): All options with label 'All' are selected in object 'Object Repository/Rizka/Admin/Admin - Manage Modules - Search/dropdownStatus_v2' 

2020-06-22 12:22:03 - [MESSAGE][PASSED] - All options with label 'All' are selected in object 'Object Repository/Rizka/Admin/Admin - Manage Modules - Search/dropdownStatus_v2' 

2020-06-22 12:22:03 - [TEST_STEP][PASSED] - selectOptionByLabel(findTestObject("Rizka/Admin/Admin - Manage Modules - Search/dropdownSearchBy_v2"), searchBy, false): All options with label 'Training Name' are selected in object 'Object Repository/Rizka/Admin/Admin - Manage Modules - Search/dropdownSearchBy_v2' 

2020-06-22 12:22:04 - [MESSAGE][PASSED] - All options with label 'Training Name' are selected in object 'Object Repository/Rizka/Admin/Admin - Manage Modules - Search/dropdownSearchBy_v2' 

2020-06-22 12:22:04 - [TEST_STEP][PASSED] - if (condition == "passed"): Object 'Object Repository/Rizka/Admin/Admin - Manage Modules - Search/labelLevel_v3' is visible

2020-06-22 12:22:04 - [TEST_STEP][PASSED] - setText(findTestObject("Rizka/Admin/Admin - Manage Modules - Search/fieldSearch_v2"), searchText): Text 'Chief training' is set on object 'Object Repository/Rizka/Admin/Admin - Manage Modules - Search/fieldSearch_v2'

2020-06-22 12:22:05 - [MESSAGE][PASSED] - Text 'Chief training' is set on object 'Object Repository/Rizka/Admin/Admin - Manage Modules - Search/fieldSearch_v2'

2020-06-22 12:22:05 - [TEST_STEP][PASSED] - sendKeys(findTestObject("Rizka/Admin/Admin - Manage Modules - Search/fieldSearch_v2"), Keys.chord(ENTER)): Keys 'ENTER + ' sent to object: 'Object Repository/Rizka/Admin/Admin - Manage Modules - Search/fieldSearch_v2'

2020-06-22 12:22:05 - [MESSAGE][PASSED] - Keys 'ENTER + ' sent to object: 'Object Repository/Rizka/Admin/Admin - Manage Modules - Search/fieldSearch_v2'

2020-06-22 12:22:05 - [TEST_STEP][PASSED] - delay(5): Delayed 5 second(s)

2020-06-22 12:22:10 - [MESSAGE][PASSED] - Delayed 5 second(s)

2020-06-22 12:22:10 - [TEST_STEP][PASSED] - if (status != "All"): null

2020-06-22 12:22:10 - [TEST_STEP][PASSED] - if (searchBy == "Module"): null

2020-06-22 12:22:10 - [TEST_STEP][PASSED] - else if (searchBy == "Section"): null

2020-06-22 12:22:10 - [TEST_STEP][PASSED] - else if (searchBy == "Course Name"): null

2020-06-22 12:22:10 - [TEST_STEP][PASSED] - else if (searchBy == "Training Name"): Object 'Object Repository/Rizka/Admin/Admin - Manage Modules - Search/labelLevel_v3' is visible

2020-06-22 12:22:10 - [TEST_STEP][PASSED] - verifyElementVisible(findTestObject("Rizka/Admin/Admin - Manage Modules - Search/labelLevel_v3")): Object 'Object Repository/Rizka/Admin/Admin - Manage Modules - Search/labelLevel_v3' is visible

2020-06-22 12:22:10 - [MESSAGE][PASSED] - Object 'Object Repository/Rizka/Admin/Admin - Manage Modules - Search/labelLevel_v3' is visible]]></system-out>
         <system-err><![CDATA[]]></system-err>
      </testcase>
      <testcase name="Test Cases/Rizka/Admin/Manage Modules/Admin - Manage Modules - Search" time="100.708" classname="Test Cases/Rizka/Admin/Manage Modules/Admin - Manage Modules - Search" status="PASSED">
         <system-out><![CDATA[2020-06-22 12:22:10 - [TEST_CASE][PASSED] - Test Cases/Rizka/Admin/Manage Modules/Admin - Manage Modules - Search: Test Cases/Rizka/Admin/Manage Modules/Admin - Manage Modules - Search

2020-06-22 12:22:11 - [TEST_STEP][PASSED] - callTestCase(findTestCase("Rizka/Admin/AdminMainLogin"), [:], STOP_ON_FAILURE): Call Test Case 'Test Cases/Rizka/Admin/AdminMainLogin' successfully

2020-06-22 12:22:11 - [TEST_CASE][PASSED] - Test Cases/Rizka/Admin/AdminMainLogin: Test Cases/Rizka/Admin/AdminMainLogin

2020-06-22 12:22:11 - [TEST_STEP][PASSED] - openBrowser("https://appsrv1.deltadatamandiri.com/ACC_LMS_WEB/#/admNLmn"): Browser is opened with url: 'https://appsrv1.deltadatamandiri.com/ACC_LMS_WEB/#/admNLmn'

2020-06-22 12:22:11 - [MESSAGE][WARNING] - A browser is already opened. Closing browser and opening a new one

2020-06-22 12:22:12 - [MESSAGE][INFO] - Starting 'Chrome' driver

2020-06-22 12:22:46 - [MESSAGE][PASSED] - Browser is opened with url: 'https://appsrv1.deltadatamandiri.com/ACC_LMS_WEB/#/admNLmn'

2020-06-22 12:22:46 - [TEST_STEP][PASSED] - maximizeWindow(): Current window maximized

2020-06-22 12:22:47 - [MESSAGE][PASSED] - Current window maximized

2020-06-22 12:22:47 - [TEST_STEP][PASSED] - delay(15): Delayed 15 second(s)

2020-06-22 12:23:02 - [MESSAGE][PASSED] - Delayed 15 second(s)

2020-06-22 12:23:02 - [TEST_STEP][PASSED] - click(findTestObject("Rizka/Admin/Admin - Login/btnLogin")): Object: 'Object Repository/Rizka/Admin/Admin - Login/btnLogin' is clicked on

2020-06-22 12:23:07 - [MESSAGE][PASSED] - Object: 'Object Repository/Rizka/Admin/Admin - Login/btnLogin' is clicked on

2020-06-22 12:23:07 - [TEST_STEP][PASSED] - setText(findTestObject("Rizka/Admin/Admin - Login/txtUsername"), "11666"): Text '11666' is set on object 'Object Repository/Rizka/Admin/Admin - Login/txtUsername'

2020-06-22 12:23:10 - [MESSAGE][PASSED] - Text '11666' is set on object 'Object Repository/Rizka/Admin/Admin - Login/txtUsername'

2020-06-22 12:23:10 - [TEST_STEP][PASSED] - setText(findTestObject("Rizka/Admin/Admin - Login/txtPassword"), "Password3"): Text 'Password3' is set on object 'Object Repository/Rizka/Admin/Admin - Login/txtPassword'

2020-06-22 12:23:12 - [MESSAGE][PASSED] - Text 'Password3' is set on object 'Object Repository/Rizka/Admin/Admin - Login/txtPassword'

2020-06-22 12:23:12 - [TEST_STEP][PASSED] - click(findTestObject("Rizka/Admin/Admin - Login/btnEyePass")): Object: 'Object Repository/Rizka/Admin/Admin - Login/btnEyePass' is clicked on

2020-06-22 12:23:13 - [MESSAGE][PASSED] - Object: 'Object Repository/Rizka/Admin/Admin - Login/btnEyePass' is clicked on

2020-06-22 12:23:13 - [TEST_STEP][PASSED] - click(findTestObject("Rizka/Admin/Admin - Login/checkboxRememberMe")): Object: 'Object Repository/Rizka/Admin/Admin - Login/checkboxRememberMe' is clicked on

2020-06-22 12:23:14 - [MESSAGE][PASSED] - Object: 'Object Repository/Rizka/Admin/Admin - Login/checkboxRememberMe' is clicked on

2020-06-22 12:23:14 - [TEST_STEP][PASSED] - click(findTestObject("Rizka/Admin/Admin - Login/btnLogin2")): Object: 'Object Repository/Rizka/Admin/Admin - Login/btnLogin2' is clicked on

2020-06-22 12:23:15 - [MESSAGE][PASSED] - Object: 'Object Repository/Rizka/Admin/Admin - Login/btnLogin2' is clicked on

2020-06-22 12:23:15 - [TEST_STEP][PASSED] - delay(15): Delayed 15 second(s)

2020-06-22 12:23:30 - [MESSAGE][PASSED] - Delayed 15 second(s)

2020-06-22 12:23:30 - [MESSAGE][PASSED] - Call Test Case 'Test Cases/Rizka/Admin/AdminMainLogin' successfully

2020-06-22 12:23:30 - [TEST_STEP][PASSED] - click(findTestObject("Rizka/Admin/Admin - Manage Modules - Search/btnModulManagement_v2")): Object: 'Object Repository/Rizka/Admin/Admin - Manage Modules - Search/btnModulManagement_v2' is clicked on

2020-06-22 12:23:32 - [MESSAGE][PASSED] - Object: 'Object Repository/Rizka/Admin/Admin - Manage Modules - Search/btnModulManagement_v2' is clicked on

2020-06-22 12:23:32 - [TEST_STEP][PASSED] - delay(3): Delayed 3 second(s)

2020-06-22 12:23:35 - [MESSAGE][PASSED] - Delayed 3 second(s)

2020-06-22 12:23:35 - [TEST_STEP][PASSED] - click(findTestObject("Rizka/Admin/Admin - Manage Modules - Search/btnManageModul_v3")): Object: 'Object Repository/Rizka/Admin/Admin - Manage Modules - Search/btnManageModul_v3' is clicked on

2020-06-22 12:23:36 - [MESSAGE][PASSED] - Object: 'Object Repository/Rizka/Admin/Admin - Manage Modules - Search/btnManageModul_v3' is clicked on

2020-06-22 12:23:36 - [TEST_STEP][PASSED] - delay(3): Delayed 3 second(s)

2020-06-22 12:23:39 - [MESSAGE][PASSED] - Delayed 3 second(s)

2020-06-22 12:23:39 - [TEST_STEP][PASSED] - selectOptionByLabel(findTestObject("Rizka/Admin/Admin - Manage Modules - Search/dropdownStatus_v2"), status, false): All options with label 'All' are selected in object 'Object Repository/Rizka/Admin/Admin - Manage Modules - Search/dropdownStatus_v2' 

2020-06-22 12:23:45 - [MESSAGE][PASSED] - All options with label 'All' are selected in object 'Object Repository/Rizka/Admin/Admin - Manage Modules - Search/dropdownStatus_v2' 

2020-06-22 12:23:45 - [TEST_STEP][PASSED] - selectOptionByLabel(findTestObject("Rizka/Admin/Admin - Manage Modules - Search/dropdownSearchBy_v2"), searchBy, false): All options with label 'Training Name' are selected in object 'Object Repository/Rizka/Admin/Admin - Manage Modules - Search/dropdownSearchBy_v2' 

2020-06-22 12:23:47 - [MESSAGE][PASSED] - All options with label 'Training Name' are selected in object 'Object Repository/Rizka/Admin/Admin - Manage Modules - Search/dropdownSearchBy_v2' 

2020-06-22 12:23:47 - [TEST_STEP][PASSED] - if (condition == "passed"): null

2020-06-22 12:23:47 - [TEST_STEP][PASSED] - else: Object 'Object Repository/Rizka/Admin/Admin - Manage Modules - Search/alertNoDataFound_v2' is visible

2020-06-22 12:23:47 - [TEST_STEP][PASSED] - if (searchBy == "Search by"): null

2020-06-22 12:23:47 - [TEST_STEP][PASSED] - else: Object 'Object Repository/Rizka/Admin/Admin - Manage Modules - Search/alertNoDataFound_v2' is visible

2020-06-22 12:23:47 - [TEST_STEP][PASSED] - setText(findTestObject("Rizka/Admin/Admin - Manage Modules - Search/fieldSearch_v2"), searchText): Text 'AsalAjaYa...' is set on object 'Object Repository/Rizka/Admin/Admin - Manage Modules - Search/fieldSearch_v2'

2020-06-22 12:23:49 - [MESSAGE][PASSED] - Text 'AsalAjaYa...' is set on object 'Object Repository/Rizka/Admin/Admin - Manage Modules - Search/fieldSearch_v2'

2020-06-22 12:23:49 - [TEST_STEP][PASSED] - sendKeys(findTestObject("Rizka/Admin/Admin - Manage Modules - Search/fieldSearch_v2"), Keys.chord(ENTER)): Keys 'ENTER + ' sent to object: 'Object Repository/Rizka/Admin/Admin - Manage Modules - Search/fieldSearch_v2'

2020-06-22 12:23:50 - [MESSAGE][PASSED] - Keys 'ENTER + ' sent to object: 'Object Repository/Rizka/Admin/Admin - Manage Modules - Search/fieldSearch_v2'

2020-06-22 12:23:50 - [TEST_STEP][PASSED] - verifyElementVisible(findTestObject("Rizka/Admin/Admin - Manage Modules - Search/alertNoDataFound_v2")): Object 'Object Repository/Rizka/Admin/Admin - Manage Modules - Search/alertNoDataFound_v2' is visible

2020-06-22 12:23:51 - [MESSAGE][PASSED] - Object 'Object Repository/Rizka/Admin/Admin - Manage Modules - Search/alertNoDataFound_v2' is visible]]></system-out>
         <system-err><![CDATA[]]></system-err>
      </testcase>
      <system-out><![CDATA[2020-06-22 12:11:52 - [TEST_SUITE][PASSED] - Admin - Manage Modules: Test Cases/Rizka/Admin/Manage Modules/Admin - Manage Modules - Search]]></system-out>
      <system-err><![CDATA[]]></system-err>
   </testsuite>
</testsuites>
