<?xml version="1.0" encoding="UTF-8"?>
<testsuites name="Admin - Manage Modules" time="122.8" tests="1" failures="1" errors="0">
   <testsuite name="Admin - Manage Modules" tests="1" failures="1" errors="0" time="122.8" timestamp="2020-06-18 16:11:21" hostname="rizkajuliant20 - DESKTOP-NHES7H6" id="Test Suites/Rizka/Admin/Admin - Manage Modules">
      <properties>
         <property name="deviceName" value=""/>
         <property name="devicePlatform" value=""/>
         <property name="logFolder" value="D:\\MY WORLD\\WORKS (TUGAS)\\LearningManagementWeb\\Reports\\20200618_161103\\Rizka\\Admin\\Admin - Manage Modules\\20200618_161103"/>
         <property name="logFiles" value="D:\\MY WORLD\\WORKS (TUGAS)\\LearningManagementWeb\\Reports\\20200618_161103\\Rizka\\Admin\\Admin - Manage Modules\\20200618_161103\\execution0.log"/>
         <property name="attachments" value="D:\\MY WORLD\\WORKS (TUGAS)\\LearningManagementWeb\\Reports\\20200618_161103\\Rizka\\Admin\\Admin - Manage Modules\\20200618_161103\\1592471601761.png, D:\\MY WORLD\\WORKS (TUGAS)\\LearningManagementWeb\\Reports\\20200618_161103\\Rizka\\Admin\\Admin - Manage Modules\\20200618_161103\\1592471602175.png"/>
         <property name="hostName" value="rizkajuliant20 - DESKTOP-NHES7H6"/>
         <property name="os" value="Windows 10 64bit"/>
         <property name="katalonVersion" value="7.2.1.1"/>
         <property name="browser" value="Chrome 83.0.4103.97"/>
         <property name="hostAddress" value="192.168.1.116"/>
         <property name="sessionId" value="d3f0f9f4009eb049500cbf0cac4e7592"/>
         <property name="seleniumVersion" value="3.141.59"/>
         <property name="proxyInformation" value="ProxyInformation{proxyOption=NO_PROXY, proxyServerType=HTTP, password=, proxyServerAddress=, proxyServerPort=0, executionList=}"/>
         <property name="platform" value="Windows 10"/>
      </properties>
      <testcase name="Test Cases/Rizka/Admin/Manage Modules/Admin - Manage Modules - Next Page" time="120.643" classname="Test Cases/Rizka/Admin/Manage Modules/Admin - Manage Modules - Next Page" status="FAILED">
         <failure type="FAILED" message="Test Cases/Rizka/Admin/Manage Modules/Admin - Manage Modules - Next Page FAILED.
Reason:
com.kms.katalon.core.exception.StepFailedException: Unable to verify object 'Object Repository/Rizka/Admin/Admin - Manage Modules - Next Page/btnBefore_v2' to be clickable
	at com.kms.katalon.core.webui.keyword.internal.WebUIKeywordMain.stepFailed(WebUIKeywordMain.groovy:64)
	at com.kms.katalon.core.webui.keyword.internal.WebUIKeywordMain.runKeyword(WebUIKeywordMain.groovy:26)
	at com.kms.katalon.core.webui.keyword.builtin.VerifyElementClickableKeyword.verifyElementClickable(VerifyElementClickableKeyword.groovy:96)
	at com.kms.katalon.core.webui.keyword.builtin.VerifyElementClickableKeyword.execute(VerifyElementClickableKeyword.groovy:67)
	at com.kms.katalon.core.keyword.internal.KeywordExecutor.executeKeywordForPlatform(KeywordExecutor.groovy:72)
	at com.kms.katalon.core.webui.keyword.WebUiBuiltInKeywords.verifyElementClickable(WebUiBuiltInKeywords.groovy:562)
	at com.kms.katalon.core.webui.keyword.WebUiBuiltInKeywords$verifyElementClickable$4.call(Unknown Source)
	at Admin - Manage Modules - Next Page.run(Admin - Manage Modules - Next Page:34)
	at com.kms.katalon.core.main.ScriptEngine.run(ScriptEngine.java:194)
	at com.kms.katalon.core.main.ScriptEngine.runScriptAsRawText(ScriptEngine.java:119)
	at com.kms.katalon.core.main.TestCaseExecutor.runScript(TestCaseExecutor.java:337)
	at com.kms.katalon.core.main.TestCaseExecutor.doExecute(TestCaseExecutor.java:328)
	at com.kms.katalon.core.main.TestCaseExecutor.processExecutionPhase(TestCaseExecutor.java:307)
	at com.kms.katalon.core.main.TestCaseExecutor.accessMainPhase(TestCaseExecutor.java:299)
	at com.kms.katalon.core.main.TestCaseExecutor.execute(TestCaseExecutor.java:233)
	at com.kms.katalon.core.main.TestSuiteExecutor.accessTestCaseMainPhase(TestSuiteExecutor.java:169)
	at com.kms.katalon.core.main.TestSuiteExecutor.accessTestSuiteMainPhase(TestSuiteExecutor.java:142)
	at com.kms.katalon.core.main.TestSuiteExecutor.execute(TestSuiteExecutor.java:91)
	at com.kms.katalon.core.main.TestCaseMain.startTestSuite(TestCaseMain.java:157)
	at com.kms.katalon.core.main.TestCaseMain$startTestSuite$0.call(Unknown Source)
	at TempTestSuite1592471463217.run(TempTestSuite1592471463217.groovy:36)
Caused by: com.kms.katalon.core.exception.StepFailedException: Web element with id: 'Object Repository/Rizka/Admin/Admin - Manage Modules - Next Page/btnBefore_v2' located by 'By.xpath: id(&quot;ng-app&quot;)/app-root[1]/app-page-outlet[1]/app-page-managemoduls[1]/div[@class=&quot;app-page container left-panel-collapsed-container slide-in-left-panel-container left-panel-container-md-10 left-panel-container-sm-10 left-panel-container-xs-2&quot;]/main[@class=&quot;app-content clearfix mm&quot;]/div[@class=&quot;row app-content-row clearfix&quot;]/div[@class=&quot;app-page-content app-content-column col-md-10 col-sm-10&quot;]/div[@class=&quot;app-grid-layout clearfix&quot;]/div[@class=&quot;app-grid-row clearfix&quot;]/div[@class=&quot;app-grid-column col-sm-12&quot;]/div[@class=&quot;app-livelist app-panel media-list Basic&quot;]/div[@class=&quot;panel-footer&quot;]/nav[@class=&quot;app-datanavigator clearfix text-left&quot;]/pagination[@class=&quot;pagination basic ng-untouched ng-valid ng-dirty&quot;]/ul[@class=&quot;pagination basic&quot;]/li[@class=&quot;pagination-prev page-item disabled&quot;]/a[@class=&quot;page-link&quot;][count(. | //a[(text() = '.' or . = '.')]) = count(//a[(text() = '.' or . = '.')])]' not found
	at com.kms.katalon.core.webui.keyword.internal.WebUIKeywordMain.stepFailed(WebUIKeywordMain.groovy:64)
	at com.kms.katalon.core.webui.keyword.builtin.VerifyElementClickableKeyword$_verifyElementClickable_closure1.doCall(VerifyElementClickableKeyword.groovy:88)
	at com.kms.katalon.core.webui.keyword.builtin.VerifyElementClickableKeyword$_verifyElementClickable_closure1.call(VerifyElementClickableKeyword.groovy)
	at com.kms.katalon.core.webui.keyword.internal.WebUIKeywordMain.runKeyword(WebUIKeywordMain.groovy:20)
	... 19 more
"/>
         <system-out><![CDATA[2020-06-18 16:11:21 - [TEST_CASE][FAILED] - Test Cases/Rizka/Admin/Manage Modules/Admin - Manage Modules - Next Page: Test Cases/Rizka/Admin/Manage Modules/Admin - Manage Modules - Next Page FAILED.
Reason:
com.kms.katalon.core.exception.StepFailedException: Unable to verify object 'Object Repository/Rizka/Admin/Admin - Manage Modules - Next Page/btnBefore_v2' to be clickable
	at com.kms.katalon.core.webui.keyword.internal.WebUIKeywordMain.stepFailed(WebUIKeywordMain.groovy:64)
	at com.kms.katalon.core.webui.keyword.internal.WebUIKeywordMain.runKeyword(WebUIKeywordMain.groovy:26)
	at com.kms.katalon.core.webui.keyword.builtin.VerifyElementClickableKeyword.verifyElementClickable(VerifyElementClickableKeyword.groovy:96)
	at com.kms.katalon.core.webui.keyword.builtin.VerifyElementClickableKeyword.execute(VerifyElementClickableKeyword.groovy:67)
	at com.kms.katalon.core.keyword.internal.KeywordExecutor.executeKeywordForPlatform(KeywordExecutor.groovy:72)
	at com.kms.katalon.core.webui.keyword.WebUiBuiltInKeywords.verifyElementClickable(WebUiBuiltInKeywords.groovy:562)
	at com.kms.katalon.core.webui.keyword.WebUiBuiltInKeywords$verifyElementClickable$4.call(Unknown Source)
	at Admin - Manage Modules - Next Page.run(Admin - Manage Modules - Next Page:34)
	at com.kms.katalon.core.main.ScriptEngine.run(ScriptEngine.java:194)
	at com.kms.katalon.core.main.ScriptEngine.runScriptAsRawText(ScriptEngine.java:119)
	at com.kms.katalon.core.main.TestCaseExecutor.runScript(TestCaseExecutor.java:337)
	at com.kms.katalon.core.main.TestCaseExecutor.doExecute(TestCaseExecutor.java:328)
	at com.kms.katalon.core.main.TestCaseExecutor.processExecutionPhase(TestCaseExecutor.java:307)
	at com.kms.katalon.core.main.TestCaseExecutor.accessMainPhase(TestCaseExecutor.java:299)
	at com.kms.katalon.core.main.TestCaseExecutor.execute(TestCaseExecutor.java:233)
	at com.kms.katalon.core.main.TestSuiteExecutor.accessTestCaseMainPhase(TestSuiteExecutor.java:169)
	at com.kms.katalon.core.main.TestSuiteExecutor.accessTestSuiteMainPhase(TestSuiteExecutor.java:142)
	at com.kms.katalon.core.main.TestSuiteExecutor.execute(TestSuiteExecutor.java:91)
	at com.kms.katalon.core.main.TestCaseMain.startTestSuite(TestCaseMain.java:157)
	at com.kms.katalon.core.main.TestCaseMain$startTestSuite$0.call(Unknown Source)
	at TempTestSuite1592471463217.run(TempTestSuite1592471463217.groovy:36)
Caused by: com.kms.katalon.core.exception.StepFailedException: Web element with id: 'Object Repository/Rizka/Admin/Admin - Manage Modules - Next Page/btnBefore_v2' located by 'By.xpath: id("ng-app")/app-root[1]/app-page-outlet[1]/app-page-managemoduls[1]/div[@class="app-page container left-panel-collapsed-container slide-in-left-panel-container left-panel-container-md-10 left-panel-container-sm-10 left-panel-container-xs-2"]/main[@class="app-content clearfix mm"]/div[@class="row app-content-row clearfix"]/div[@class="app-page-content app-content-column col-md-10 col-sm-10"]/div[@class="app-grid-layout clearfix"]/div[@class="app-grid-row clearfix"]/div[@class="app-grid-column col-sm-12"]/div[@class="app-livelist app-panel media-list Basic"]/div[@class="panel-footer"]/nav[@class="app-datanavigator clearfix text-left"]/pagination[@class="pagination basic ng-untouched ng-valid ng-dirty"]/ul[@class="pagination basic"]/li[@class="pagination-prev page-item disabled"]/a[@class="page-link"][count(. | //a[(text() = '.' or . = '.')]) = count(//a[(text() = '.' or . = '.')])]' not found
	at com.kms.katalon.core.webui.keyword.internal.WebUIKeywordMain.stepFailed(WebUIKeywordMain.groovy:64)
	at com.kms.katalon.core.webui.keyword.builtin.VerifyElementClickableKeyword$_verifyElementClickable_closure1.doCall(VerifyElementClickableKeyword.groovy:88)
	at com.kms.katalon.core.webui.keyword.builtin.VerifyElementClickableKeyword$_verifyElementClickable_closure1.call(VerifyElementClickableKeyword.groovy)
	at com.kms.katalon.core.webui.keyword.internal.WebUIKeywordMain.runKeyword(WebUIKeywordMain.groovy:20)
	... 19 more


2020-06-18 16:11:22 - [TEST_STEP][PASSED] - callTestCase(findTestCase("Rizka/Admin/AdminMainLogin"), [:], STOP_ON_FAILURE): Call Test Case 'Test Cases/Rizka/Admin/AdminMainLogin' successfully

2020-06-18 16:11:23 - [TEST_CASE][PASSED] - Test Cases/Rizka/Admin/AdminMainLogin: Test Cases/Rizka/Admin/AdminMainLogin

2020-06-18 16:11:23 - [TEST_STEP][PASSED] - openBrowser("https://appsrv1.deltadatamandiri.com/ACC_LMS_WEB/#/admNLmn"): Browser is opened with url: 'https://appsrv1.deltadatamandiri.com/ACC_LMS_WEB/#/admNLmn'

2020-06-18 16:11:24 - [MESSAGE][INFO] - Starting 'Chrome' driver

2020-06-18 16:11:24 - [MESSAGE][INFO] - Action delay is set to 0 seconds

2020-06-18 16:11:48 - [MESSAGE][PASSED] - Browser is opened with url: 'https://appsrv1.deltadatamandiri.com/ACC_LMS_WEB/#/admNLmn'

2020-06-18 16:11:48 - [TEST_STEP][PASSED] - maximizeWindow(): Current window maximized

2020-06-18 16:11:49 - [MESSAGE][PASSED] - Current window maximized

2020-06-18 16:11:49 - [TEST_STEP][PASSED] - delay(15): Delayed 15 second(s)

2020-06-18 16:12:04 - [MESSAGE][PASSED] - Delayed 15 second(s)

2020-06-18 16:12:04 - [TEST_STEP][PASSED] - click(findTestObject("Rizka/Admin/Admin - Login/btnLogin")): Object: 'Object Repository/Rizka/Admin/Admin - Login/btnLogin' is clicked on

2020-06-18 16:12:05 - [MESSAGE][PASSED] - Object: 'Object Repository/Rizka/Admin/Admin - Login/btnLogin' is clicked on

2020-06-18 16:12:05 - [TEST_STEP][PASSED] - setText(findTestObject("Rizka/Admin/Admin - Login/txtUsername"), "11666"): Text '11666' is set on object 'Object Repository/Rizka/Admin/Admin - Login/txtUsername'

2020-06-18 16:12:06 - [MESSAGE][PASSED] - Text '11666' is set on object 'Object Repository/Rizka/Admin/Admin - Login/txtUsername'

2020-06-18 16:12:06 - [TEST_STEP][PASSED] - setText(findTestObject("Rizka/Admin/Admin - Login/txtPassword"), "Password3"): Text 'Password3' is set on object 'Object Repository/Rizka/Admin/Admin - Login/txtPassword'

2020-06-18 16:12:06 - [MESSAGE][PASSED] - Text 'Password3' is set on object 'Object Repository/Rizka/Admin/Admin - Login/txtPassword'

2020-06-18 16:12:06 - [TEST_STEP][PASSED] - click(findTestObject("Rizka/Admin/Admin - Login/btnEyePass")): Object: 'Object Repository/Rizka/Admin/Admin - Login/btnEyePass' is clicked on

2020-06-18 16:12:07 - [MESSAGE][PASSED] - Object: 'Object Repository/Rizka/Admin/Admin - Login/btnEyePass' is clicked on

2020-06-18 16:12:07 - [TEST_STEP][PASSED] - click(findTestObject("Rizka/Admin/Admin - Login/checkboxRememberMe")): Object: 'Object Repository/Rizka/Admin/Admin - Login/checkboxRememberMe' is clicked on

2020-06-18 16:12:07 - [MESSAGE][PASSED] - Object: 'Object Repository/Rizka/Admin/Admin - Login/checkboxRememberMe' is clicked on

2020-06-18 16:12:07 - [TEST_STEP][PASSED] - click(findTestObject("Rizka/Admin/Admin - Login/btnLogin2")): Object: 'Object Repository/Rizka/Admin/Admin - Login/btnLogin2' is clicked on

2020-06-18 16:12:08 - [MESSAGE][PASSED] - Object: 'Object Repository/Rizka/Admin/Admin - Login/btnLogin2' is clicked on

2020-06-18 16:12:08 - [TEST_STEP][PASSED] - delay(15): Delayed 15 second(s)

2020-06-18 16:12:23 - [MESSAGE][PASSED] - Delayed 15 second(s)

2020-06-18 16:12:23 - [MESSAGE][PASSED] - Call Test Case 'Test Cases/Rizka/Admin/AdminMainLogin' successfully

2020-06-18 16:12:23 - [TEST_STEP][PASSED] - click(findTestObject("Rizka/Admin/Admin - Manage Modules - Next Page/btnModuleManagement_v2")): Object: 'Object Repository/Rizka/Admin/Admin - Manage Modules - Next Page/btnModuleManagement_v2' is clicked on

2020-06-18 16:12:23 - [MESSAGE][PASSED] - Object: 'Object Repository/Rizka/Admin/Admin - Manage Modules - Next Page/btnModuleManagement_v2' is clicked on

2020-06-18 16:12:23 - [TEST_STEP][PASSED] - delay(3): Delayed 3 second(s)

2020-06-18 16:12:27 - [MESSAGE][PASSED] - Delayed 3 second(s)

2020-06-18 16:12:27 - [TEST_STEP][PASSED] - click(findTestObject("Rizka/Admin/Admin - Manage Modules - Next Page/btnManageModule_v2")): Object: 'Object Repository/Rizka/Admin/Admin - Manage Modules - Next Page/btnManageModule_v2' is clicked on

2020-06-18 16:12:27 - [MESSAGE][PASSED] - Object: 'Object Repository/Rizka/Admin/Admin - Manage Modules - Next Page/btnManageModule_v2' is clicked on

2020-06-18 16:12:27 - [TEST_STEP][PASSED] - delay(3): Delayed 3 second(s)

2020-06-18 16:12:30 - [MESSAGE][PASSED] - Delayed 3 second(s)

2020-06-18 16:12:30 - [TEST_STEP][PASSED] - scrollToElement(findTestObject("Rizka/Admin/Admin - Manage Modules - Next Page/btnBefore_v2"), 0): Scroll to object 'Object Repository/Rizka/Admin/Admin - Manage Modules - Next Page/btnBefore_v2' successfully

2020-06-18 16:12:30 - [MESSAGE][WARNING] - Timeout '0' is invalid. Using default page load timeout: '30'

2020-06-18 16:12:32 - [MESSAGE][PASSED] - Scroll to object 'Object Repository/Rizka/Admin/Admin - Manage Modules - Next Page/btnBefore_v2' successfully

2020-06-18 16:12:32 - [TEST_STEP][PASSED] - delay(3): Delayed 3 second(s)

2020-06-18 16:12:35 - [MESSAGE][PASSED] - Delayed 3 second(s)

2020-06-18 16:12:35 - [TEST_STEP][PASSED] - click(findTestObject("Rizka/Admin/Admin - Manage Modules - Next Page/btnPage2_v2")): Object: 'Object Repository/Rizka/Admin/Admin - Manage Modules - Next Page/btnPage2_v2' is clicked on

2020-06-18 16:12:36 - [MESSAGE][PASSED] - Object: 'Object Repository/Rizka/Admin/Admin - Manage Modules - Next Page/btnPage2_v2' is clicked on

2020-06-18 16:12:36 - [TEST_STEP][FAILED] - verifyElementClickable(findTestObject("Rizka/Admin/Admin - Manage Modules - Next Page/btnBefore_v2")): Unable to verify object 'Object Repository/Rizka/Admin/Admin - Manage Modules - Next Page/btnBefore_v2' to be clickable (Root cause: com.kms.katalon.core.exception.StepFailedException: Unable to verify object 'Object Repository/Rizka/Admin/Admin - Manage Modules - Next Page/btnBefore_v2' to be clickable
	at com.kms.katalon.core.webui.keyword.internal.WebUIKeywordMain.stepFailed(WebUIKeywordMain.groovy:64)
	at com.kms.katalon.core.webui.keyword.internal.WebUIKeywordMain.runKeyword(WebUIKeywordMain.groovy:26)
	at com.kms.katalon.core.webui.keyword.builtin.VerifyElementClickableKeyword.verifyElementClickable(VerifyElementClickableKeyword.groovy:96)
	at com.kms.katalon.core.webui.keyword.builtin.VerifyElementClickableKeyword.execute(VerifyElementClickableKeyword.groovy:67)
	at com.kms.katalon.core.keyword.internal.KeywordExecutor.executeKeywordForPlatform(KeywordExecutor.groovy:72)
	at com.kms.katalon.core.webui.keyword.WebUiBuiltInKeywords.verifyElementClickable(WebUiBuiltInKeywords.groovy:562)
	at com.kms.katalon.core.webui.keyword.WebUiBuiltInKeywords$verifyElementClickable$4.call(Unknown Source)
	at Admin - Manage Modules - Next Page.run(Admin - Manage Modules - Next Page:34)
	at com.kms.katalon.core.main.ScriptEngine.run(ScriptEngine.java:194)
	at com.kms.katalon.core.main.ScriptEngine.runScriptAsRawText(ScriptEngine.java:119)
	at com.kms.katalon.core.main.TestCaseExecutor.runScript(TestCaseExecutor.java:337)
	at com.kms.katalon.core.main.TestCaseExecutor.doExecute(TestCaseExecutor.java:328)
	at com.kms.katalon.core.main.TestCaseExecutor.processExecutionPhase(TestCaseExecutor.java:307)
	at com.kms.katalon.core.main.TestCaseExecutor.accessMainPhase(TestCaseExecutor.java:299)
	at com.kms.katalon.core.main.TestCaseExecutor.execute(TestCaseExecutor.java:233)
	at com.kms.katalon.core.main.TestSuiteExecutor.accessTestCaseMainPhase(TestSuiteExecutor.java:169)
	at com.kms.katalon.core.main.TestSuiteExecutor.accessTestSuiteMainPhase(TestSuiteExecutor.java:142)
	at com.kms.katalon.core.main.TestSuiteExecutor.execute(TestSuiteExecutor.java:91)
	at com.kms.katalon.core.main.TestCaseMain.startTestSuite(TestCaseMain.java:157)
	at com.kms.katalon.core.main.TestCaseMain$startTestSuite$0.call(Unknown Source)
	at TempTestSuite1592471463217.run(TempTestSuite1592471463217.groovy:36)
Caused by: com.kms.katalon.core.exception.StepFailedException: Web element with id: 'Object Repository/Rizka/Admin/Admin - Manage Modules - Next Page/btnBefore_v2' located by 'By.xpath: id("ng-app")/app-root[1]/app-page-outlet[1]/app-page-managemoduls[1]/div[@class="app-page container left-panel-collapsed-container slide-in-left-panel-container left-panel-container-md-10 left-panel-container-sm-10 left-panel-container-xs-2"]/main[@class="app-content clearfix mm"]/div[@class="row app-content-row clearfix"]/div[@class="app-page-content app-content-column col-md-10 col-sm-10"]/div[@class="app-grid-layout clearfix"]/div[@class="app-grid-row clearfix"]/div[@class="app-grid-column col-sm-12"]/div[@class="app-livelist app-panel media-list Basic"]/div[@class="panel-footer"]/nav[@class="app-datanavigator clearfix text-left"]/pagination[@class="pagination basic ng-untouched ng-valid ng-dirty"]/ul[@class="pagination basic"]/li[@class="pagination-prev page-item disabled"]/a[@class="page-link"][count(. | //a[(text() = '.' or . = '.')]) = count(//a[(text() = '.' or . = '.')])]' not found
	at com.kms.katalon.core.webui.keyword.internal.WebUIKeywordMain.stepFailed(WebUIKeywordMain.groovy:64)
	at com.kms.katalon.core.webui.keyword.builtin.VerifyElementClickableKeyword$_verifyElementClickable_closure1.doCall(VerifyElementClickableKeyword.groovy:88)
	at com.kms.katalon.core.webui.keyword.builtin.VerifyElementClickableKeyword$_verifyElementClickable_closure1.call(VerifyElementClickableKeyword.groovy)
	at com.kms.katalon.core.webui.keyword.internal.WebUIKeywordMain.runKeyword(WebUIKeywordMain.groovy:20)
	... 19 more
)

2020-06-18 16:13:21 - [MESSAGE][INFO] - Unable to find the element located by 'By.xpath: id("ng-app")/app-root[1]/app-page-outlet[1]/app-page-managemoduls[1]/div[@class="app-page container left-panel-collapsed-container slide-in-left-panel-container left-panel-container-md-10 left-panel-container-sm-10 left-panel-container-xs-2"]/main[@class="app-content clearfix mm"]/div[@class="row app-content-row clearfix"]/div[@class="app-page-content app-content-column col-md-10 col-sm-10"]/div[@class="app-grid-layout clearfix"]/div[@class="app-grid-row clearfix"]/div[@class="app-grid-column col-sm-12"]/div[@class="app-livelist app-panel media-list Basic"]/div[@class="panel-footer"]/nav[@class="app-datanavigator clearfix text-left"]/pagination[@class="pagination basic ng-untouched ng-valid ng-dirty"]/ul[@class="pagination basic"]/li[@class="pagination-prev page-item disabled"]/a[@class="page-link"][count(. | //a[(text() = '.' or . = '.')]) = count(//a[(text() = '.' or . = '.')])]'. Please recheck the objects properties to make sure the desired element is located. 

2020-06-18 16:13:22 - [MESSAGE][FAILED] - Web element with id: 'Object Repository/Rizka/Admin/Admin - Manage Modules - Next Page/btnBefore_v2' located by 'By.xpath: id("ng-app")/app-root[1]/app-page-outlet[1]/app-page-managemoduls[1]/div[@class="app-page container left-panel-collapsed-container slide-in-left-panel-container left-panel-container-md-10 left-panel-container-sm-10 left-panel-container-xs-2"]/main[@class="app-content clearfix mm"]/div[@class="row app-content-row clearfix"]/div[@class="app-page-content app-content-column col-md-10 col-sm-10"]/div[@class="app-grid-layout clearfix"]/div[@class="app-grid-row clearfix"]/div[@class="app-grid-column col-sm-12"]/div[@class="app-livelist app-panel media-list Basic"]/div[@class="panel-footer"]/nav[@class="app-datanavigator clearfix text-left"]/pagination[@class="pagination basic ng-untouched ng-valid ng-dirty"]/ul[@class="pagination basic"]/li[@class="pagination-prev page-item disabled"]/a[@class="page-link"][count(. | //a[(text() = '.' or . = '.')]) = count(//a[(text() = '.' or . = '.')])]' not found (Root cause: com.kms.katalon.core.exception.StepFailedException: Web element with id: 'Object Repository/Rizka/Admin/Admin - Manage Modules - Next Page/btnBefore_v2' located by 'By.xpath: id("ng-app")/app-root[1]/app-page-outlet[1]/app-page-managemoduls[1]/div[@class="app-page container left-panel-collapsed-container slide-in-left-panel-container left-panel-container-md-10 left-panel-container-sm-10 left-panel-container-xs-2"]/main[@class="app-content clearfix mm"]/div[@class="row app-content-row clearfix"]/div[@class="app-page-content app-content-column col-md-10 col-sm-10"]/div[@class="app-grid-layout clearfix"]/div[@class="app-grid-row clearfix"]/div[@class="app-grid-column col-sm-12"]/div[@class="app-livelist app-panel media-list Basic"]/div[@class="panel-footer"]/nav[@class="app-datanavigator clearfix text-left"]/pagination[@class="pagination basic ng-untouched ng-valid ng-dirty"]/ul[@class="pagination basic"]/li[@class="pagination-prev page-item disabled"]/a[@class="page-link"][count(. | //a[(text() = '.' or . = '.')]) = count(//a[(text() = '.' or . = '.')])]' not found
	at com.kms.katalon.core.webui.keyword.internal.WebUIKeywordMain.stepFailed(WebUIKeywordMain.groovy:64)
	at com.kms.katalon.core.webui.keyword.builtin.VerifyElementClickableKeyword$_verifyElementClickable_closure1.doCall(VerifyElementClickableKeyword.groovy:88)
	at com.kms.katalon.core.webui.keyword.builtin.VerifyElementClickableKeyword$_verifyElementClickable_closure1.call(VerifyElementClickableKeyword.groovy)
	at com.kms.katalon.core.webui.keyword.internal.WebUIKeywordMain.runKeyword(WebUIKeywordMain.groovy:20)
	at com.kms.katalon.core.webui.keyword.builtin.VerifyElementClickableKeyword.verifyElementClickable(VerifyElementClickableKeyword.groovy:96)
	at com.kms.katalon.core.webui.keyword.builtin.VerifyElementClickableKeyword.execute(VerifyElementClickableKeyword.groovy:67)
	at com.kms.katalon.core.keyword.internal.KeywordExecutor.executeKeywordForPlatform(KeywordExecutor.groovy:72)
	at com.kms.katalon.core.webui.keyword.WebUiBuiltInKeywords.verifyElementClickable(WebUiBuiltInKeywords.groovy:562)
	at com.kms.katalon.core.webui.keyword.WebUiBuiltInKeywords$verifyElementClickable$4.call(Unknown Source)
	at Admin - Manage Modules - Next Page.run(Admin - Manage Modules - Next Page:34)
	at com.kms.katalon.core.main.ScriptEngine.run(ScriptEngine.java:194)
	at com.kms.katalon.core.main.ScriptEngine.runScriptAsRawText(ScriptEngine.java:119)
	at com.kms.katalon.core.main.TestCaseExecutor.runScript(TestCaseExecutor.java:337)
	at com.kms.katalon.core.main.TestCaseExecutor.doExecute(TestCaseExecutor.java:328)
	at com.kms.katalon.core.main.TestCaseExecutor.processExecutionPhase(TestCaseExecutor.java:307)
	at com.kms.katalon.core.main.TestCaseExecutor.accessMainPhase(TestCaseExecutor.java:299)
	at com.kms.katalon.core.main.TestCaseExecutor.execute(TestCaseExecutor.java:233)
	at com.kms.katalon.core.main.TestSuiteExecutor.accessTestCaseMainPhase(TestSuiteExecutor.java:169)
	at com.kms.katalon.core.main.TestSuiteExecutor.accessTestSuiteMainPhase(TestSuiteExecutor.java:142)
	at com.kms.katalon.core.main.TestSuiteExecutor.execute(TestSuiteExecutor.java:91)
	at com.kms.katalon.core.main.TestCaseMain.startTestSuite(TestCaseMain.java:157)
	at com.kms.katalon.core.main.TestCaseMain$startTestSuite$0.call(Unknown Source)
	at TempTestSuite1592471463217.run(TempTestSuite1592471463217.groovy:36)
)
[[ATTACHMENT|D:\\MY WORLD\\WORKS (TUGAS)\\LearningManagementWeb\\Reports\\20200618_161103\\Rizka\\Admin\\Admin - Manage Modules\\20200618_161103\\1592471601761.png]]

2020-06-18 16:13:22 - [MESSAGE][FAILED] - Unable to verify object 'Object Repository/Rizka/Admin/Admin - Manage Modules - Next Page/btnBefore_v2' to be clickable (Root cause: com.kms.katalon.core.exception.StepFailedException: Unable to verify object 'Object Repository/Rizka/Admin/Admin - Manage Modules - Next Page/btnBefore_v2' to be clickable
	at com.kms.katalon.core.webui.keyword.internal.WebUIKeywordMain.stepFailed(WebUIKeywordMain.groovy:64)
	at com.kms.katalon.core.webui.keyword.internal.WebUIKeywordMain.runKeyword(WebUIKeywordMain.groovy:26)
	at com.kms.katalon.core.webui.keyword.builtin.VerifyElementClickableKeyword.verifyElementClickable(VerifyElementClickableKeyword.groovy:96)
	at com.kms.katalon.core.webui.keyword.builtin.VerifyElementClickableKeyword.execute(VerifyElementClickableKeyword.groovy:67)
	at com.kms.katalon.core.keyword.internal.KeywordExecutor.executeKeywordForPlatform(KeywordExecutor.groovy:72)
	at com.kms.katalon.core.webui.keyword.WebUiBuiltInKeywords.verifyElementClickable(WebUiBuiltInKeywords.groovy:562)
	at com.kms.katalon.core.webui.keyword.WebUiBuiltInKeywords$verifyElementClickable$4.call(Unknown Source)
	at Admin - Manage Modules - Next Page.run(Admin - Manage Modules - Next Page:34)
	at com.kms.katalon.core.main.ScriptEngine.run(ScriptEngine.java:194)
	at com.kms.katalon.core.main.ScriptEngine.runScriptAsRawText(ScriptEngine.java:119)
	at com.kms.katalon.core.main.TestCaseExecutor.runScript(TestCaseExecutor.java:337)
	at com.kms.katalon.core.main.TestCaseExecutor.doExecute(TestCaseExecutor.java:328)
	at com.kms.katalon.core.main.TestCaseExecutor.processExecutionPhase(TestCaseExecutor.java:307)
	at com.kms.katalon.core.main.TestCaseExecutor.accessMainPhase(TestCaseExecutor.java:299)
	at com.kms.katalon.core.main.TestCaseExecutor.execute(TestCaseExecutor.java:233)
	at com.kms.katalon.core.main.TestSuiteExecutor.accessTestCaseMainPhase(TestSuiteExecutor.java:169)
	at com.kms.katalon.core.main.TestSuiteExecutor.accessTestSuiteMainPhase(TestSuiteExecutor.java:142)
	at com.kms.katalon.core.main.TestSuiteExecutor.execute(TestSuiteExecutor.java:91)
	at com.kms.katalon.core.main.TestCaseMain.startTestSuite(TestCaseMain.java:157)
	at com.kms.katalon.core.main.TestCaseMain$startTestSuite$0.call(Unknown Source)
	at TempTestSuite1592471463217.run(TempTestSuite1592471463217.groovy:36)
Caused by: com.kms.katalon.core.exception.StepFailedException: Web element with id: 'Object Repository/Rizka/Admin/Admin - Manage Modules - Next Page/btnBefore_v2' located by 'By.xpath: id("ng-app")/app-root[1]/app-page-outlet[1]/app-page-managemoduls[1]/div[@class="app-page container left-panel-collapsed-container slide-in-left-panel-container left-panel-container-md-10 left-panel-container-sm-10 left-panel-container-xs-2"]/main[@class="app-content clearfix mm"]/div[@class="row app-content-row clearfix"]/div[@class="app-page-content app-content-column col-md-10 col-sm-10"]/div[@class="app-grid-layout clearfix"]/div[@class="app-grid-row clearfix"]/div[@class="app-grid-column col-sm-12"]/div[@class="app-livelist app-panel media-list Basic"]/div[@class="panel-footer"]/nav[@class="app-datanavigator clearfix text-left"]/pagination[@class="pagination basic ng-untouched ng-valid ng-dirty"]/ul[@class="pagination basic"]/li[@class="pagination-prev page-item disabled"]/a[@class="page-link"][count(. | //a[(text() = '.' or . = '.')]) = count(//a[(text() = '.' or . = '.')])]' not found
	at com.kms.katalon.core.webui.keyword.internal.WebUIKeywordMain.stepFailed(WebUIKeywordMain.groovy:64)
	at com.kms.katalon.core.webui.keyword.builtin.VerifyElementClickableKeyword$_verifyElementClickable_closure1.doCall(VerifyElementClickableKeyword.groovy:88)
	at com.kms.katalon.core.webui.keyword.builtin.VerifyElementClickableKeyword$_verifyElementClickable_closure1.call(VerifyElementClickableKeyword.groovy)
	at com.kms.katalon.core.webui.keyword.internal.WebUIKeywordMain.runKeyword(WebUIKeywordMain.groovy:20)
	... 19 more
)
[[ATTACHMENT|D:\\MY WORLD\\WORKS (TUGAS)\\LearningManagementWeb\\Reports\\20200618_161103\\Rizka\\Admin\\Admin - Manage Modules\\20200618_161103\\1592471602175.png]]]]></system-out>
         <system-err><![CDATA[2020-06-18 16:11:21 - [TEST_CASE][FAILED] - Test Cases/Rizka/Admin/Manage Modules/Admin - Manage Modules - Next Page: Test Cases/Rizka/Admin/Manage Modules/Admin - Manage Modules - Next Page FAILED.
Reason:
com.kms.katalon.core.exception.StepFailedException: Unable to verify object 'Object Repository/Rizka/Admin/Admin - Manage Modules - Next Page/btnBefore_v2' to be clickable
	at com.kms.katalon.core.webui.keyword.internal.WebUIKeywordMain.stepFailed(WebUIKeywordMain.groovy:64)
	at com.kms.katalon.core.webui.keyword.internal.WebUIKeywordMain.runKeyword(WebUIKeywordMain.groovy:26)
	at com.kms.katalon.core.webui.keyword.builtin.VerifyElementClickableKeyword.verifyElementClickable(VerifyElementClickableKeyword.groovy:96)
	at com.kms.katalon.core.webui.keyword.builtin.VerifyElementClickableKeyword.execute(VerifyElementClickableKeyword.groovy:67)
	at com.kms.katalon.core.keyword.internal.KeywordExecutor.executeKeywordForPlatform(KeywordExecutor.groovy:72)
	at com.kms.katalon.core.webui.keyword.WebUiBuiltInKeywords.verifyElementClickable(WebUiBuiltInKeywords.groovy:562)
	at com.kms.katalon.core.webui.keyword.WebUiBuiltInKeywords$verifyElementClickable$4.call(Unknown Source)
	at Admin - Manage Modules - Next Page.run(Admin - Manage Modules - Next Page:34)
	at com.kms.katalon.core.main.ScriptEngine.run(ScriptEngine.java:194)
	at com.kms.katalon.core.main.ScriptEngine.runScriptAsRawText(ScriptEngine.java:119)
	at com.kms.katalon.core.main.TestCaseExecutor.runScript(TestCaseExecutor.java:337)
	at com.kms.katalon.core.main.TestCaseExecutor.doExecute(TestCaseExecutor.java:328)
	at com.kms.katalon.core.main.TestCaseExecutor.processExecutionPhase(TestCaseExecutor.java:307)
	at com.kms.katalon.core.main.TestCaseExecutor.accessMainPhase(TestCaseExecutor.java:299)
	at com.kms.katalon.core.main.TestCaseExecutor.execute(TestCaseExecutor.java:233)
	at com.kms.katalon.core.main.TestSuiteExecutor.accessTestCaseMainPhase(TestSuiteExecutor.java:169)
	at com.kms.katalon.core.main.TestSuiteExecutor.accessTestSuiteMainPhase(TestSuiteExecutor.java:142)
	at com.kms.katalon.core.main.TestSuiteExecutor.execute(TestSuiteExecutor.java:91)
	at com.kms.katalon.core.main.TestCaseMain.startTestSuite(TestCaseMain.java:157)
	at com.kms.katalon.core.main.TestCaseMain$startTestSuite$0.call(Unknown Source)
	at TempTestSuite1592471463217.run(TempTestSuite1592471463217.groovy:36)
Caused by: com.kms.katalon.core.exception.StepFailedException: Web element with id: 'Object Repository/Rizka/Admin/Admin - Manage Modules - Next Page/btnBefore_v2' located by 'By.xpath: id("ng-app")/app-root[1]/app-page-outlet[1]/app-page-managemoduls[1]/div[@class="app-page container left-panel-collapsed-container slide-in-left-panel-container left-panel-container-md-10 left-panel-container-sm-10 left-panel-container-xs-2"]/main[@class="app-content clearfix mm"]/div[@class="row app-content-row clearfix"]/div[@class="app-page-content app-content-column col-md-10 col-sm-10"]/div[@class="app-grid-layout clearfix"]/div[@class="app-grid-row clearfix"]/div[@class="app-grid-column col-sm-12"]/div[@class="app-livelist app-panel media-list Basic"]/div[@class="panel-footer"]/nav[@class="app-datanavigator clearfix text-left"]/pagination[@class="pagination basic ng-untouched ng-valid ng-dirty"]/ul[@class="pagination basic"]/li[@class="pagination-prev page-item disabled"]/a[@class="page-link"][count(. | //a[(text() = '.' or . = '.')]) = count(//a[(text() = '.' or . = '.')])]' not found
	at com.kms.katalon.core.webui.keyword.internal.WebUIKeywordMain.stepFailed(WebUIKeywordMain.groovy:64)
	at com.kms.katalon.core.webui.keyword.builtin.VerifyElementClickableKeyword$_verifyElementClickable_closure1.doCall(VerifyElementClickableKeyword.groovy:88)
	at com.kms.katalon.core.webui.keyword.builtin.VerifyElementClickableKeyword$_verifyElementClickable_closure1.call(VerifyElementClickableKeyword.groovy)
	at com.kms.katalon.core.webui.keyword.internal.WebUIKeywordMain.runKeyword(WebUIKeywordMain.groovy:20)
	... 19 more]]></system-err>
      </testcase>
      <system-out><![CDATA[2020-06-18 16:11:21 - [TEST_SUITE][FAILED] - Admin - Manage Modules: Test Cases/Rizka/Admin/Manage Modules/Admin - Manage Modules - Next Page FAILED.
Reason:
com.kms.katalon.core.exception.StepFailedException: Unable to verify object 'Object Repository/Rizka/Admin/Admin - Manage Modules - Next Page/btnBefore_v2' to be clickable
	at com.kms.katalon.core.webui.keyword.internal.WebUIKeywordMain.stepFailed(WebUIKeywordMain.groovy:64)
	at com.kms.katalon.core.webui.keyword.internal.WebUIKeywordMain.runKeyword(WebUIKeywordMain.groovy:26)
	at com.kms.katalon.core.webui.keyword.builtin.VerifyElementClickableKeyword.verifyElementClickable(VerifyElementClickableKeyword.groovy:96)
	at com.kms.katalon.core.webui.keyword.builtin.VerifyElementClickableKeyword.execute(VerifyElementClickableKeyword.groovy:67)
	at com.kms.katalon.core.keyword.internal.KeywordExecutor.executeKeywordForPlatform(KeywordExecutor.groovy:72)
	at com.kms.katalon.core.webui.keyword.WebUiBuiltInKeywords.verifyElementClickable(WebUiBuiltInKeywords.groovy:562)
	at com.kms.katalon.core.webui.keyword.WebUiBuiltInKeywords$verifyElementClickable$4.call(Unknown Source)
	at Admin - Manage Modules - Next Page.run(Admin - Manage Modules - Next Page:34)
	at com.kms.katalon.core.main.ScriptEngine.run(ScriptEngine.java:194)
	at com.kms.katalon.core.main.ScriptEngine.runScriptAsRawText(ScriptEngine.java:119)
	at com.kms.katalon.core.main.TestCaseExecutor.runScript(TestCaseExecutor.java:337)
	at com.kms.katalon.core.main.TestCaseExecutor.doExecute(TestCaseExecutor.java:328)
	at com.kms.katalon.core.main.TestCaseExecutor.processExecutionPhase(TestCaseExecutor.java:307)
	at com.kms.katalon.core.main.TestCaseExecutor.accessMainPhase(TestCaseExecutor.java:299)
	at com.kms.katalon.core.main.TestCaseExecutor.execute(TestCaseExecutor.java:233)
	at com.kms.katalon.core.main.TestSuiteExecutor.accessTestCaseMainPhase(TestSuiteExecutor.java:169)
	at com.kms.katalon.core.main.TestSuiteExecutor.accessTestSuiteMainPhase(TestSuiteExecutor.java:142)
	at com.kms.katalon.core.main.TestSuiteExecutor.execute(TestSuiteExecutor.java:91)
	at com.kms.katalon.core.main.TestCaseMain.startTestSuite(TestCaseMain.java:157)
	at com.kms.katalon.core.main.TestCaseMain$startTestSuite$0.call(Unknown Source)
	at TempTestSuite1592471463217.run(TempTestSuite1592471463217.groovy:36)
Caused by: com.kms.katalon.core.exception.StepFailedException: Web element with id: 'Object Repository/Rizka/Admin/Admin - Manage Modules - Next Page/btnBefore_v2' located by 'By.xpath: id("ng-app")/app-root[1]/app-page-outlet[1]/app-page-managemoduls[1]/div[@class="app-page container left-panel-collapsed-container slide-in-left-panel-container left-panel-container-md-10 left-panel-container-sm-10 left-panel-container-xs-2"]/main[@class="app-content clearfix mm"]/div[@class="row app-content-row clearfix"]/div[@class="app-page-content app-content-column col-md-10 col-sm-10"]/div[@class="app-grid-layout clearfix"]/div[@class="app-grid-row clearfix"]/div[@class="app-grid-column col-sm-12"]/div[@class="app-livelist app-panel media-list Basic"]/div[@class="panel-footer"]/nav[@class="app-datanavigator clearfix text-left"]/pagination[@class="pagination basic ng-untouched ng-valid ng-dirty"]/ul[@class="pagination basic"]/li[@class="pagination-prev page-item disabled"]/a[@class="page-link"][count(. | //a[(text() = '.' or . = '.')]) = count(//a[(text() = '.' or . = '.')])]' not found
	at com.kms.katalon.core.webui.keyword.internal.WebUIKeywordMain.stepFailed(WebUIKeywordMain.groovy:64)
	at com.kms.katalon.core.webui.keyword.builtin.VerifyElementClickableKeyword$_verifyElementClickable_closure1.doCall(VerifyElementClickableKeyword.groovy:88)
	at com.kms.katalon.core.webui.keyword.builtin.VerifyElementClickableKeyword$_verifyElementClickable_closure1.call(VerifyElementClickableKeyword.groovy)
	at com.kms.katalon.core.webui.keyword.internal.WebUIKeywordMain.runKeyword(WebUIKeywordMain.groovy:20)
	... 19 more]]></system-out>
      <system-err><![CDATA[2020-06-18 16:11:21 - [TEST_SUITE][FAILED] - Admin - Manage Modules: Test Cases/Rizka/Admin/Manage Modules/Admin - Manage Modules - Next Page FAILED.
Reason:
com.kms.katalon.core.exception.StepFailedException: Unable to verify object 'Object Repository/Rizka/Admin/Admin - Manage Modules - Next Page/btnBefore_v2' to be clickable
	at com.kms.katalon.core.webui.keyword.internal.WebUIKeywordMain.stepFailed(WebUIKeywordMain.groovy:64)
	at com.kms.katalon.core.webui.keyword.internal.WebUIKeywordMain.runKeyword(WebUIKeywordMain.groovy:26)
	at com.kms.katalon.core.webui.keyword.builtin.VerifyElementClickableKeyword.verifyElementClickable(VerifyElementClickableKeyword.groovy:96)
	at com.kms.katalon.core.webui.keyword.builtin.VerifyElementClickableKeyword.execute(VerifyElementClickableKeyword.groovy:67)
	at com.kms.katalon.core.keyword.internal.KeywordExecutor.executeKeywordForPlatform(KeywordExecutor.groovy:72)
	at com.kms.katalon.core.webui.keyword.WebUiBuiltInKeywords.verifyElementClickable(WebUiBuiltInKeywords.groovy:562)
	at com.kms.katalon.core.webui.keyword.WebUiBuiltInKeywords$verifyElementClickable$4.call(Unknown Source)
	at Admin - Manage Modules - Next Page.run(Admin - Manage Modules - Next Page:34)
	at com.kms.katalon.core.main.ScriptEngine.run(ScriptEngine.java:194)
	at com.kms.katalon.core.main.ScriptEngine.runScriptAsRawText(ScriptEngine.java:119)
	at com.kms.katalon.core.main.TestCaseExecutor.runScript(TestCaseExecutor.java:337)
	at com.kms.katalon.core.main.TestCaseExecutor.doExecute(TestCaseExecutor.java:328)
	at com.kms.katalon.core.main.TestCaseExecutor.processExecutionPhase(TestCaseExecutor.java:307)
	at com.kms.katalon.core.main.TestCaseExecutor.accessMainPhase(TestCaseExecutor.java:299)
	at com.kms.katalon.core.main.TestCaseExecutor.execute(TestCaseExecutor.java:233)
	at com.kms.katalon.core.main.TestSuiteExecutor.accessTestCaseMainPhase(TestSuiteExecutor.java:169)
	at com.kms.katalon.core.main.TestSuiteExecutor.accessTestSuiteMainPhase(TestSuiteExecutor.java:142)
	at com.kms.katalon.core.main.TestSuiteExecutor.execute(TestSuiteExecutor.java:91)
	at com.kms.katalon.core.main.TestCaseMain.startTestSuite(TestCaseMain.java:157)
	at com.kms.katalon.core.main.TestCaseMain$startTestSuite$0.call(Unknown Source)
	at TempTestSuite1592471463217.run(TempTestSuite1592471463217.groovy:36)
Caused by: com.kms.katalon.core.exception.StepFailedException: Web element with id: 'Object Repository/Rizka/Admin/Admin - Manage Modules - Next Page/btnBefore_v2' located by 'By.xpath: id("ng-app")/app-root[1]/app-page-outlet[1]/app-page-managemoduls[1]/div[@class="app-page container left-panel-collapsed-container slide-in-left-panel-container left-panel-container-md-10 left-panel-container-sm-10 left-panel-container-xs-2"]/main[@class="app-content clearfix mm"]/div[@class="row app-content-row clearfix"]/div[@class="app-page-content app-content-column col-md-10 col-sm-10"]/div[@class="app-grid-layout clearfix"]/div[@class="app-grid-row clearfix"]/div[@class="app-grid-column col-sm-12"]/div[@class="app-livelist app-panel media-list Basic"]/div[@class="panel-footer"]/nav[@class="app-datanavigator clearfix text-left"]/pagination[@class="pagination basic ng-untouched ng-valid ng-dirty"]/ul[@class="pagination basic"]/li[@class="pagination-prev page-item disabled"]/a[@class="page-link"][count(. | //a[(text() = '.' or . = '.')]) = count(//a[(text() = '.' or . = '.')])]' not found
	at com.kms.katalon.core.webui.keyword.internal.WebUIKeywordMain.stepFailed(WebUIKeywordMain.groovy:64)
	at com.kms.katalon.core.webui.keyword.builtin.VerifyElementClickableKeyword$_verifyElementClickable_closure1.doCall(VerifyElementClickableKeyword.groovy:88)
	at com.kms.katalon.core.webui.keyword.builtin.VerifyElementClickableKeyword$_verifyElementClickable_closure1.call(VerifyElementClickableKeyword.groovy)
	at com.kms.katalon.core.webui.keyword.internal.WebUIKeywordMain.runKeyword(WebUIKeywordMain.groovy:20)
	... 19 more]]></system-err>
   </testsuite>
</testsuites>
