<?xml version="1.0" encoding="UTF-8"?>
<testsuites name="Manage Slider" time="68.129" tests="1" failures="0" errors="0">
   <testsuite name="Manage Slider" tests="1" failures="0" errors="0" time="68.129" timestamp="2020-05-27 11:46:23" hostname="ASUS - LAPTOP-D0TPACJ1" id="Test Suites/Christi/Manage Slider">
      <properties>
         <property name="deviceName" value=""/>
         <property name="devicePlatform" value=""/>
         <property name="logFolder" value="C:\\Users\\ASUS\\git\\LearningManagementWeb\\Reports\\20200527_114613\\Christi\\Manage Slider\\20200527_114613"/>
         <property name="logFiles" value="C:\\Users\\ASUS\\git\\LearningManagementWeb\\Reports\\20200527_114613\\Christi\\Manage Slider\\20200527_114613\\execution0.log"/>
         <property name="attachments" value=""/>
         <property name="hostName" value="ASUS - LAPTOP-D0TPACJ1"/>
         <property name="os" value="Windows 10 64bit"/>
         <property name="katalonVersion" value="7.0.10.1"/>
         <property name="browser" value="Chrome 81.0.4044.138"/>
         <property name="hostAddress" value="192.168.100.227"/>
         <property name="sessionId" value="a0fb3a42b40378c818f1f2c533ec6d0d"/>
         <property name="seleniumVersion" value="3.141.59"/>
         <property name="proxyInformation" value="ProxyInformation{proxyOption=NO_PROXY, proxyServerType=HTTP, password=, proxyServerAddress=, proxyServerPort=0}"/>
         <property name="platform" value="Windows 10"/>
      </properties>
      <testcase name="Test Cases/Christi/Admin/Manage Slider - Edit" time="67.201" classname="Test Cases/Christi/Admin/Manage Slider - Edit" status="PASSED">
         <system-out><![CDATA[2020-05-27 11:46:24 - [TEST_CASE][PASSED] - Test Cases/Christi/Admin/Manage Slider - Edit: Test Cases/Christi/Admin/Manage Slider - Edit

2020-05-27 11:46:25 - [TEST_STEP][PASSED] - callTestCase(findTestCase("Christi/Admin/admin login"), ["username":"11666", "password":"Password3"], STOP_ON_FAILURE): Call Test Case 'Test Cases/Christi/Admin/admin login' successfully

2020-05-27 11:46:25 - [TEST_CASE][PASSED] - Test Cases/Christi/Admin/admin login: Test Cases/Christi/Admin/admin login

2020-05-27 11:46:25 - [TEST_STEP][PASSED] - openBrowser(""): Browser is opened with url: ''

2020-05-27 11:46:26 - [MESSAGE][INFO] - Starting 'Chrome' driver

2020-05-27 11:46:26 - [MESSAGE][INFO] - Action delay is set to 0 seconds

2020-05-27 11:46:31 - [MESSAGE][PASSED] - Browser is opened with url: ''

2020-05-27 11:46:31 - [TEST_STEP][PASSED] - navigateToUrl("https://appsrv1.deltadatamandiri.com/ACC_LMS_WEB/#/admNLmn"): Navigate to 'https://appsrv1.deltadatamandiri.com/ACC_LMS_WEB/#/admNLmn' successfully

2020-05-27 11:46:39 - [MESSAGE][PASSED] - Navigate to 'https://appsrv1.deltadatamandiri.com/ACC_LMS_WEB/#/admNLmn' successfully

2020-05-27 11:46:39 - [TEST_STEP][PASSED] - click(findTestObject("Christi/Page_Main/button_login")): Object: 'Object Repository/Christi/Page_Main/button_login' is clicked on

2020-05-27 11:46:44 - [MESSAGE][PASSED] - Object: 'Object Repository/Christi/Page_Main/button_login' is clicked on

2020-05-27 11:46:44 - [TEST_STEP][PASSED] - delay(3): Delayed 3 second(s)

2020-05-27 11:46:47 - [MESSAGE][PASSED] - Delayed 3 second(s)

2020-05-27 11:46:47 - [TEST_STEP][PASSED] - setText(findTestObject("Object Repository/Christi/Page_Main/input_NPK_username"), username): Text '11666' is set on object 'Object Repository/Christi/Page_Main/input_NPK_username'

2020-05-27 11:46:47 - [MESSAGE][PASSED] - Text '11666' is set on object 'Object Repository/Christi/Page_Main/input_NPK_username'

2020-05-27 11:46:47 - [TEST_STEP][PASSED] - setText(findTestObject("Object Repository/Christi/Page_Main/input_Password_password"), password): Text 'Password3' is set on object 'Object Repository/Christi/Page_Main/input_Password_password'

2020-05-27 11:46:48 - [MESSAGE][PASSED] - Text 'Password3' is set on object 'Object Repository/Christi/Page_Main/input_Password_password'

2020-05-27 11:46:48 - [TEST_STEP][PASSED] - delay(5): Delayed 5 second(s)

2020-05-27 11:46:53 - [MESSAGE][PASSED] - Delayed 5 second(s)

2020-05-27 11:46:53 - [TEST_STEP][PASSED] - click(findTestObject("Rizka/Admin/Admin - Login/btnLogin2")): Object: 'Object Repository/Rizka/Admin/Admin - Login/btnLogin2' is clicked on

2020-05-27 11:46:53 - [MESSAGE][PASSED] - Object: 'Object Repository/Rizka/Admin/Admin - Login/btnLogin2' is clicked on

2020-05-27 11:46:53 - [TEST_STEP][PASSED] - delay(5): Delayed 5 second(s)

2020-05-27 11:46:58 - [MESSAGE][PASSED] - Delayed 5 second(s)

2020-05-27 11:46:58 - [MESSAGE][PASSED] - Call Test Case 'Test Cases/Christi/Admin/admin login' successfully

2020-05-27 11:46:58 - [TEST_STEP][PASSED] - delay(3): Delayed 3 second(s)

2020-05-27 11:47:01 - [MESSAGE][PASSED] - Delayed 3 second(s)

2020-05-27 11:47:01 - [TEST_STEP][PASSED] - click(findTestObject("Object Repository/Christi/Page_Dashboard Admin/span_Manage Slider")): Object: 'Object Repository/Christi/Page_Dashboard Admin/span_Manage Slider' is clicked on

2020-05-27 11:47:07 - [MESSAGE][PASSED] - Object: 'Object Repository/Christi/Page_Dashboard Admin/span_Manage Slider' is clicked on

2020-05-27 11:47:07 - [TEST_STEP][PASSED] - delay(3): Delayed 3 second(s)

2020-05-27 11:47:10 - [MESSAGE][PASSED] - Delayed 3 second(s)

2020-05-27 11:47:10 - [TEST_STEP][PASSED] - if (find_slider == "found"): NOT_RUN: if (expected == "pass")

2020-05-27 11:47:10 - [TEST_STEP][PASSED] - click(findTestObject("Object Repository/Christi/Page_Manage Sliders/span_Edit")): Object: 'Object Repository/Christi/Page_Manage Sliders/span_Edit' is clicked on

2020-05-27 11:47:17 - [MESSAGE][PASSED] - Object: 'Object Repository/Christi/Page_Manage Sliders/span_Edit' is clicked on

2020-05-27 11:47:17 - [TEST_STEP][PASSED] - delay(3): Delayed 3 second(s)

2020-05-27 11:47:20 - [MESSAGE][PASSED] - Delayed 3 second(s)

2020-05-27 11:47:20 - [TEST_STEP][PASSED] - switch (edit.toString()): null

2020-05-27 11:47:20 - [TEST_STEP][PASSED] - case "nama slider":: null

2020-05-27 11:47:20 - [TEST_STEP][PASSED] - if (nama_slider_baru == "erase nama slider"): null

2020-05-27 11:47:20 - [TEST_STEP][PASSED] - else: Text '123456789000123456789123456789' is set on object 'Object Repository/Christi/Page_Manage Sliders/input_Slider name maximum 25 character_txtE_3ccb7f'

2020-05-27 11:47:20 - [TEST_STEP][PASSED] - setText(findTestObject("Object Repository/Christi/Page_Manage Sliders/input_Slider name maximum 25 character_txtE_3ccb7f"), nama_slider_baru): Text '123456789000123456789123456789' is set on object 'Object Repository/Christi/Page_Manage Sliders/input_Slider name maximum 25 character_txtE_3ccb7f'

2020-05-27 11:47:20 - [MESSAGE][PASSED] - Text '123456789000123456789123456789' is set on object 'Object Repository/Christi/Page_Manage Sliders/input_Slider name maximum 25 character_txtE_3ccb7f'

2020-05-27 11:47:20 - [TEST_STEP][PASSED] - delay(3): Delayed 3 second(s)

2020-05-27 11:47:23 - [MESSAGE][PASSED] - Delayed 3 second(s)

2020-05-27 11:47:23 - [TEST_STEP][PASSED] - if (max_character == "yes"): Object 'Object Repository/Christi/Page_Manage Sliders_Alert/label_Slider name maximum 25 character' is present

2020-05-27 11:47:23 - [TEST_STEP][PASSED] - verifyElementPresent(findTestObject("Christi/Page_Manage Sliders_Alert/label_Slider name maximum 25 character"), 0): Object 'Object Repository/Christi/Page_Manage Sliders_Alert/label_Slider name maximum 25 character' is present

2020-05-27 11:47:23 - [MESSAGE][WARNING] - Timeout '0' is invalid. Using default page load timeout: '30'

2020-05-27 11:47:24 - [MESSAGE][PASSED] - Object 'Object Repository/Christi/Page_Manage Sliders_Alert/label_Slider name maximum 25 character' is present

2020-05-27 11:47:24 - [TEST_STEP][PASSED] - break: null

2020-05-27 11:47:24 - [TEST_STEP][PASSED] - delay(3): Delayed 3 second(s)

2020-05-27 11:47:27 - [MESSAGE][PASSED] - Delayed 3 second(s)

2020-05-27 11:47:27 - [TEST_STEP][PASSED] - click(findTestObject("Christi/Page_Manage Sliders_Edit/button_Update Slider")): Object: 'Object Repository/Christi/Page_Manage Sliders_Edit/button_Update Slider' is clicked on

2020-05-27 11:47:27 - [MESSAGE][PASSED] - Object: 'Object Repository/Christi/Page_Manage Sliders_Edit/button_Update Slider' is clicked on

2020-05-27 11:47:27 - [TEST_STEP][NOT_RUN] - if (expected == "pass"): NOT_RUN: if (expected == "pass")

2020-05-27 11:47:27 - [MESSAGE][NOT_RUN] - NOT_RUN: if (expected == "pass")

2020-05-27 11:47:27 - [TEST_STEP][PASSED] - delay(3): Delayed 3 second(s)

2020-05-27 11:47:30 - [MESSAGE][PASSED] - Delayed 3 second(s)

2020-05-27 11:47:30 - [TEST_STEP][PASSED] - closeBrowser(STOP_ON_FAILURE): Browser is closed

2020-05-27 11:47:31 - [MESSAGE][PASSED] - Browser is closed]]></system-out>
         <system-err><![CDATA[]]></system-err>
      </testcase>
      <system-out><![CDATA[2020-05-27 11:46:23 - [TEST_SUITE][PASSED] - Manage Slider: Test Cases/Christi/Admin/Manage Slider - Edit]]></system-out>
      <system-err><![CDATA[]]></system-err>
   </testsuite>
</testsuites>
