<?xml version="1.0" encoding="UTF-8"?>
<testsuites name="Manage Slider" time="1038.427" tests="11" failures="9" errors="0">
   <testsuite name="Manage Slider" tests="11" failures="9" errors="0" time="1038.427" timestamp="2020-06-04 12:34:39" hostname="ASUS - LAPTOP-D0TPACJ1" id="Test Suites/Christi/Manage Slider">
      <properties>
         <property name="deviceName" value=""/>
         <property name="devicePlatform" value=""/>
         <property name="logFolder" value="C:\\Users\\ASUS\\git\\LearningManagementWeb\\Reports\\20200604_123423\\Christi\\Manage Slider\\20200604_123423"/>
         <property name="logFiles" value="C:\\Users\\ASUS\\git\\LearningManagementWeb\\Reports\\20200604_123423\\Christi\\Manage Slider\\20200604_123423\\execution0.log"/>
         <property name="attachments" value="C:\\Users\\ASUS\\git\\LearningManagementWeb\\Reports\\20200604_123423\\Christi\\Manage Slider\\20200604_123423\\1591248983008.png, C:\\Users\\ASUS\\git\\LearningManagementWeb\\Reports\\20200604_123423\\Christi\\Manage Slider\\20200604_123423\\1591248983455.png, C:\\Users\\ASUS\\git\\LearningManagementWeb\\Reports\\20200604_123423\\Christi\\Manage Slider\\20200604_123423\\1591249081754.png, C:\\Users\\ASUS\\git\\LearningManagementWeb\\Reports\\20200604_123423\\Christi\\Manage Slider\\20200604_123423\\1591249082199.png, C:\\Users\\ASUS\\git\\LearningManagementWeb\\Reports\\20200604_123423\\Christi\\Manage Slider\\20200604_123423\\1591249187205.png, C:\\Users\\ASUS\\git\\LearningManagementWeb\\Reports\\20200604_123423\\Christi\\Manage Slider\\20200604_123423\\1591249187624.png, C:\\Users\\ASUS\\git\\LearningManagementWeb\\Reports\\20200604_123423\\Christi\\Manage Slider\\20200604_123423\\1591249286203.png, C:\\Users\\ASUS\\git\\LearningManagementWeb\\Reports\\20200604_123423\\Christi\\Manage Slider\\20200604_123423\\1591249286582.png, C:\\Users\\ASUS\\git\\LearningManagementWeb\\Reports\\20200604_123423\\Christi\\Manage Slider\\20200604_123423\\1591249414727.png, C:\\Users\\ASUS\\git\\LearningManagementWeb\\Reports\\20200604_123423\\Christi\\Manage Slider\\20200604_123423\\1591249415067.png, C:\\Users\\ASUS\\git\\LearningManagementWeb\\Reports\\20200604_123423\\Christi\\Manage Slider\\20200604_123423\\1591249579421.png, C:\\Users\\ASUS\\git\\LearningManagementWeb\\Reports\\20200604_123423\\Christi\\Manage Slider\\20200604_123423\\1591249579814.png, C:\\Users\\ASUS\\git\\LearningManagementWeb\\Reports\\20200604_123423\\Christi\\Manage Slider\\20200604_123423\\1591249683119.png, C:\\Users\\ASUS\\git\\LearningManagementWeb\\Reports\\20200604_123423\\Christi\\Manage Slider\\20200604_123423\\1591249683555.png, C:\\Users\\ASUS\\git\\LearningManagementWeb\\Reports\\20200604_123423\\Christi\\Manage Slider\\20200604_123423\\1591249778309.png, C:\\Users\\ASUS\\git\\LearningManagementWeb\\Reports\\20200604_123423\\Christi\\Manage Slider\\20200604_123423\\1591249778709.png, C:\\Users\\ASUS\\git\\LearningManagementWeb\\Reports\\20200604_123423\\Christi\\Manage Slider\\20200604_123423\\1591249874433.png, C:\\Users\\ASUS\\git\\LearningManagementWeb\\Reports\\20200604_123423\\Christi\\Manage Slider\\20200604_123423\\1591249874833.png"/>
         <property name="hostName" value="ASUS - LAPTOP-D0TPACJ1"/>
         <property name="os" value="Windows 10 64bit"/>
         <property name="katalonVersion" value="7.0.10.1"/>
         <property name="browser" value="Chrome 83.0.4103.61"/>
         <property name="hostAddress" value="192.168.100.227"/>
         <property name="sessionId" value="1de9ce910ceab3b49276d111b5b59129"/>
         <property name="seleniumVersion" value="3.141.59"/>
         <property name="proxyInformation" value="ProxyInformation{proxyOption=NO_PROXY, proxyServerType=HTTP, password=, proxyServerAddress=, proxyServerPort=0}"/>
         <property name="platform" value="Windows 10"/>
      </properties>
      <testcase name="Test Cases/Christi/Admin/Manage Slider - Edit" time="103.697" classname="Test Cases/Christi/Admin/Manage Slider - Edit" status="FAILED">
         <failure type="FAILED" message="Test Cases/Christi/Admin/Manage Slider - Edit FAILED.
Reason:
com.kms.katalon.core.exception.StepFailedException: Unable to verify object 'Object Repository/Christi/Page_Manage Sliders_Edit/div_Data has been updated' is present
	at com.kms.katalon.core.webui.keyword.internal.WebUIKeywordMain.stepFailed(WebUIKeywordMain.groovy:64)
	at com.kms.katalon.core.webui.keyword.internal.WebUIKeywordMain.runKeyword(WebUIKeywordMain.groovy:26)
	at com.kms.katalon.core.webui.keyword.builtin.VerifyElementPresentKeyword.verifyElementPresent(VerifyElementPresentKeyword.groovy:92)
	at com.kms.katalon.core.webui.keyword.builtin.VerifyElementPresentKeyword.execute(VerifyElementPresentKeyword.groovy:68)
	at com.kms.katalon.core.keyword.internal.KeywordExecutor.executeKeywordForPlatform(KeywordExecutor.groovy:60)
	at com.kms.katalon.core.webui.keyword.WebUiBuiltInKeywords.verifyElementPresent(WebUiBuiltInKeywords.groovy:1434)
	at com.kms.katalon.core.webui.keyword.WebUiBuiltInKeywords$verifyElementPresent$3.call(Unknown Source)
	at Manage Slider - Edit.run(Manage Slider - Edit:126)
	at com.kms.katalon.core.main.ScriptEngine.run(ScriptEngine.java:194)
	at com.kms.katalon.core.main.ScriptEngine.runScriptAsRawText(ScriptEngine.java:119)
	at com.kms.katalon.core.main.TestCaseExecutor.runScript(TestCaseExecutor.java:337)
	at com.kms.katalon.core.main.TestCaseExecutor.doExecute(TestCaseExecutor.java:328)
	at com.kms.katalon.core.main.TestCaseExecutor.processExecutionPhase(TestCaseExecutor.java:307)
	at com.kms.katalon.core.main.TestCaseExecutor.accessMainPhase(TestCaseExecutor.java:299)
	at com.kms.katalon.core.main.TestCaseExecutor.execute(TestCaseExecutor.java:233)
	at com.kms.katalon.core.main.TestSuiteExecutor.accessTestCaseMainPhase(TestSuiteExecutor.java:169)
	at com.kms.katalon.core.main.TestSuiteExecutor.accessTestSuiteMainPhase(TestSuiteExecutor.java:142)
	at com.kms.katalon.core.main.TestSuiteExecutor.execute(TestSuiteExecutor.java:91)
	at com.kms.katalon.core.main.TestCaseMain.startTestSuite(TestCaseMain.java:157)
	at com.kms.katalon.core.main.TestCaseMain$startTestSuite$0.call(Unknown Source)
	at TempTestSuite1591248863359.run(TempTestSuite1591248863359.groovy:36)
Caused by: com.kms.katalon.core.exception.StepFailedException: com.kms.katalon.core.webui.exception.WebElementNotFoundException: Web element with id: 'Object Repository/Christi/Page_Manage Sliders_Edit/div_Data has been updated' located by 'By.xpath: //*[(text() = 'Data has been updated' or . = 'Data has been updated')]' not found
	at com.kms.katalon.core.webui.keyword.internal.WebUIKeywordMain.stepFailed(WebUIKeywordMain.groovy:64)
	at com.kms.katalon.core.webui.keyword.builtin.VerifyElementPresentKeyword$_verifyElementPresent_closure1.doCall(VerifyElementPresentKeyword.groovy:85)
	at com.kms.katalon.core.webui.keyword.builtin.VerifyElementPresentKeyword$_verifyElementPresent_closure1.call(VerifyElementPresentKeyword.groovy)
	at com.kms.katalon.core.webui.keyword.internal.WebUIKeywordMain.runKeyword(WebUIKeywordMain.groovy:20)
	... 19 more
"/>
         <system-out><![CDATA[2020-06-04 12:34:40 - [TEST_CASE][FAILED] - Test Cases/Christi/Admin/Manage Slider - Edit: Test Cases/Christi/Admin/Manage Slider - Edit FAILED.
Reason:
com.kms.katalon.core.exception.StepFailedException: Unable to verify object 'Object Repository/Christi/Page_Manage Sliders_Edit/div_Data has been updated' is present
	at com.kms.katalon.core.webui.keyword.internal.WebUIKeywordMain.stepFailed(WebUIKeywordMain.groovy:64)
	at com.kms.katalon.core.webui.keyword.internal.WebUIKeywordMain.runKeyword(WebUIKeywordMain.groovy:26)
	at com.kms.katalon.core.webui.keyword.builtin.VerifyElementPresentKeyword.verifyElementPresent(VerifyElementPresentKeyword.groovy:92)
	at com.kms.katalon.core.webui.keyword.builtin.VerifyElementPresentKeyword.execute(VerifyElementPresentKeyword.groovy:68)
	at com.kms.katalon.core.keyword.internal.KeywordExecutor.executeKeywordForPlatform(KeywordExecutor.groovy:60)
	at com.kms.katalon.core.webui.keyword.WebUiBuiltInKeywords.verifyElementPresent(WebUiBuiltInKeywords.groovy:1434)
	at com.kms.katalon.core.webui.keyword.WebUiBuiltInKeywords$verifyElementPresent$3.call(Unknown Source)
	at Manage Slider - Edit.run(Manage Slider - Edit:126)
	at com.kms.katalon.core.main.ScriptEngine.run(ScriptEngine.java:194)
	at com.kms.katalon.core.main.ScriptEngine.runScriptAsRawText(ScriptEngine.java:119)
	at com.kms.katalon.core.main.TestCaseExecutor.runScript(TestCaseExecutor.java:337)
	at com.kms.katalon.core.main.TestCaseExecutor.doExecute(TestCaseExecutor.java:328)
	at com.kms.katalon.core.main.TestCaseExecutor.processExecutionPhase(TestCaseExecutor.java:307)
	at com.kms.katalon.core.main.TestCaseExecutor.accessMainPhase(TestCaseExecutor.java:299)
	at com.kms.katalon.core.main.TestCaseExecutor.execute(TestCaseExecutor.java:233)
	at com.kms.katalon.core.main.TestSuiteExecutor.accessTestCaseMainPhase(TestSuiteExecutor.java:169)
	at com.kms.katalon.core.main.TestSuiteExecutor.accessTestSuiteMainPhase(TestSuiteExecutor.java:142)
	at com.kms.katalon.core.main.TestSuiteExecutor.execute(TestSuiteExecutor.java:91)
	at com.kms.katalon.core.main.TestCaseMain.startTestSuite(TestCaseMain.java:157)
	at com.kms.katalon.core.main.TestCaseMain$startTestSuite$0.call(Unknown Source)
	at TempTestSuite1591248863359.run(TempTestSuite1591248863359.groovy:36)
Caused by: com.kms.katalon.core.exception.StepFailedException: com.kms.katalon.core.webui.exception.WebElementNotFoundException: Web element with id: 'Object Repository/Christi/Page_Manage Sliders_Edit/div_Data has been updated' located by 'By.xpath: //*[(text() = 'Data has been updated' or . = 'Data has been updated')]' not found
	at com.kms.katalon.core.webui.keyword.internal.WebUIKeywordMain.stepFailed(WebUIKeywordMain.groovy:64)
	at com.kms.katalon.core.webui.keyword.builtin.VerifyElementPresentKeyword$_verifyElementPresent_closure1.doCall(VerifyElementPresentKeyword.groovy:85)
	at com.kms.katalon.core.webui.keyword.builtin.VerifyElementPresentKeyword$_verifyElementPresent_closure1.call(VerifyElementPresentKeyword.groovy)
	at com.kms.katalon.core.webui.keyword.internal.WebUIKeywordMain.runKeyword(WebUIKeywordMain.groovy:20)
	... 19 more


2020-06-04 12:34:41 - [TEST_STEP][PASSED] - callTestCase(findTestCase("Christi/Admin/admin login"), ["username":"11666", "password":"Password3"], STOP_ON_FAILURE): Call Test Case 'Test Cases/Christi/Admin/admin login' successfully

2020-06-04 12:34:41 - [TEST_CASE][PASSED] - Test Cases/Christi/Admin/admin login: Test Cases/Christi/Admin/admin login

2020-06-04 12:34:42 - [TEST_STEP][PASSED] - openBrowser(""): Browser is opened with url: ''

2020-06-04 12:34:42 - [MESSAGE][INFO] - Starting 'Chrome' driver

2020-06-04 12:34:42 - [MESSAGE][INFO] - Action delay is set to 0 seconds

2020-06-04 12:34:47 - [MESSAGE][PASSED] - Browser is opened with url: ''

2020-06-04 12:34:47 - [TEST_STEP][PASSED] - navigateToUrl("https://appsrv1.deltadatamandiri.com/ACC_LMS_WEB/#/admNLmn"): Navigate to 'https://appsrv1.deltadatamandiri.com/ACC_LMS_WEB/#/admNLmn' successfully

2020-06-04 12:34:54 - [MESSAGE][PASSED] - Navigate to 'https://appsrv1.deltadatamandiri.com/ACC_LMS_WEB/#/admNLmn' successfully

2020-06-04 12:34:54 - [TEST_STEP][PASSED] - click(findTestObject("Christi/Page_Main/button_login")): Object: 'Object Repository/Christi/Page_Main/button_login' is clicked on

2020-06-04 12:34:58 - [MESSAGE][ERROR] - javascript error: Failed to execute 'elementsFromPoint' on 'Document': The provided double value is non-finite.
  (Session info: chrome=83.0.4103.61)
Build info: version: '3.141.59', revision: 'e82be7d358', time: '2018-11-14T08:25:53'
System info: host: 'LAPTOP-D0TPACJ1', ip: '192.168.100.227', os.name: 'Windows 10', os.arch: 'amd64', os.version: '10.0', java.version: '1.8.0_181'
Driver info: com.kms.katalon.selenium.driver.CChromeDriver
Capabilities {acceptInsecureCerts: false, browserName: chrome, browserVersion: 83.0.4103.61, chrome: {chromedriverVersion: 83.0.4103.39 (ccbf011cb2d2b..., userDataDir: C:\Users\ASUS\AppData\Local...}, goog:chromeOptions: {debuggerAddress: localhost:55126}, javascriptEnabled: true, networkConnectionEnabled: false, pageLoadStrategy: normal, platform: WINDOWS, platformName: WINDOWS, proxy: Proxy(), setWindowRect: true, strictFileInteractability: false, timeouts: {implicit: 0, pageLoad: 300000, script: 30000}, unhandledPromptBehavior: dismiss and notify, webauthn:virtualAuthenticators: true}
Session ID: eb9a98a593e08759211a4a2775b6c543

2020-06-04 12:34:59 - [MESSAGE][PASSED] - Object: 'Object Repository/Christi/Page_Main/button_login' is clicked on

2020-06-04 12:34:59 - [TEST_STEP][PASSED] - delay(3): Delayed 3 second(s)

2020-06-04 12:35:02 - [MESSAGE][PASSED] - Delayed 3 second(s)

2020-06-04 12:35:02 - [TEST_STEP][PASSED] - setText(findTestObject("Object Repository/Christi/Page_Main/input_NPK_username"), username): Text '11666' is set on object 'Object Repository/Christi/Page_Main/input_NPK_username'

2020-06-04 12:35:03 - [MESSAGE][PASSED] - Text '11666' is set on object 'Object Repository/Christi/Page_Main/input_NPK_username'

2020-06-04 12:35:03 - [TEST_STEP][PASSED] - setText(findTestObject("Object Repository/Christi/Page_Main/input_Password_password"), password): Text 'Password3' is set on object 'Object Repository/Christi/Page_Main/input_Password_password'

2020-06-04 12:35:03 - [MESSAGE][PASSED] - Text 'Password3' is set on object 'Object Repository/Christi/Page_Main/input_Password_password'

2020-06-04 12:35:03 - [TEST_STEP][PASSED] - delay(5): Delayed 5 second(s)

2020-06-04 12:35:08 - [MESSAGE][PASSED] - Delayed 5 second(s)

2020-06-04 12:35:08 - [TEST_STEP][PASSED] - click(findTestObject("Rizka/Admin/Admin - Login/btnLogin2")): Object: 'Object Repository/Rizka/Admin/Admin - Login/btnLogin2' is clicked on

2020-06-04 12:35:09 - [MESSAGE][PASSED] - Object: 'Object Repository/Rizka/Admin/Admin - Login/btnLogin2' is clicked on

2020-06-04 12:35:09 - [TEST_STEP][PASSED] - delay(5): Delayed 5 second(s)

2020-06-04 12:35:14 - [MESSAGE][PASSED] - Delayed 5 second(s)

2020-06-04 12:35:14 - [MESSAGE][PASSED] - Call Test Case 'Test Cases/Christi/Admin/admin login' successfully

2020-06-04 12:35:14 - [TEST_STEP][PASSED] - delay(3): Delayed 3 second(s)

2020-06-04 12:35:17 - [MESSAGE][PASSED] - Delayed 3 second(s)

2020-06-04 12:35:17 - [TEST_STEP][PASSED] - click(findTestObject("Object Repository/Christi/Page_Dashboard Admin/span_Manage Slider")): Object: 'Object Repository/Christi/Page_Dashboard Admin/span_Manage Slider' is clicked on

2020-06-04 12:35:17 - [MESSAGE][PASSED] - Object: 'Object Repository/Christi/Page_Dashboard Admin/span_Manage Slider' is clicked on

2020-06-04 12:35:17 - [TEST_STEP][PASSED] - delay(3): Delayed 3 second(s)

2020-06-04 12:35:20 - [MESSAGE][PASSED] - Delayed 3 second(s)

2020-06-04 12:35:20 - [TEST_STEP][FAILED] - if (find_slider == "found"): Unable to verify object 'Object Repository/Christi/Page_Manage Sliders_Edit/div_Data has been updated' is present (Root cause: com.kms.katalon.core.exception.StepFailedException: Unable to verify object 'Object Repository/Christi/Page_Manage Sliders_Edit/div_Data has been updated' is present
	at com.kms.katalon.core.webui.keyword.internal.WebUIKeywordMain.stepFailed(WebUIKeywordMain.groovy:64)
	at com.kms.katalon.core.webui.keyword.internal.WebUIKeywordMain.runKeyword(WebUIKeywordMain.groovy:26)
	at com.kms.katalon.core.webui.keyword.builtin.VerifyElementPresentKeyword.verifyElementPresent(VerifyElementPresentKeyword.groovy:92)
	at com.kms.katalon.core.webui.keyword.builtin.VerifyElementPresentKeyword.execute(VerifyElementPresentKeyword.groovy:68)
	at com.kms.katalon.core.keyword.internal.KeywordExecutor.executeKeywordForPlatform(KeywordExecutor.groovy:60)
	at com.kms.katalon.core.webui.keyword.WebUiBuiltInKeywords.verifyElementPresent(WebUiBuiltInKeywords.groovy:1434)
	at com.kms.katalon.core.webui.keyword.WebUiBuiltInKeywords$verifyElementPresent$3.call(Unknown Source)
	at Manage Slider - Edit.run(Manage Slider - Edit:126)
	at com.kms.katalon.core.main.ScriptEngine.run(ScriptEngine.java:194)
	at com.kms.katalon.core.main.ScriptEngine.runScriptAsRawText(ScriptEngine.java:119)
	at com.kms.katalon.core.main.TestCaseExecutor.runScript(TestCaseExecutor.java:337)
	at com.kms.katalon.core.main.TestCaseExecutor.doExecute(TestCaseExecutor.java:328)
	at com.kms.katalon.core.main.TestCaseExecutor.processExecutionPhase(TestCaseExecutor.java:307)
	at com.kms.katalon.core.main.TestCaseExecutor.accessMainPhase(TestCaseExecutor.java:299)
	at com.kms.katalon.core.main.TestCaseExecutor.execute(TestCaseExecutor.java:233)
	at com.kms.katalon.core.main.TestSuiteExecutor.accessTestCaseMainPhase(TestSuiteExecutor.java:169)
	at com.kms.katalon.core.main.TestSuiteExecutor.accessTestSuiteMainPhase(TestSuiteExecutor.java:142)
	at com.kms.katalon.core.main.TestSuiteExecutor.execute(TestSuiteExecutor.java:91)
	at com.kms.katalon.core.main.TestCaseMain.startTestSuite(TestCaseMain.java:157)
	at com.kms.katalon.core.main.TestCaseMain$startTestSuite$0.call(Unknown Source)
	at TempTestSuite1591248863359.run(TempTestSuite1591248863359.groovy:36)
Caused by: com.kms.katalon.core.exception.StepFailedException: com.kms.katalon.core.webui.exception.WebElementNotFoundException: Web element with id: 'Object Repository/Christi/Page_Manage Sliders_Edit/div_Data has been updated' located by 'By.xpath: //*[(text() = 'Data has been updated' or . = 'Data has been updated')]' not found
	at com.kms.katalon.core.webui.keyword.internal.WebUIKeywordMain.stepFailed(WebUIKeywordMain.groovy:64)
	at com.kms.katalon.core.webui.keyword.builtin.VerifyElementPresentKeyword$_verifyElementPresent_closure1.doCall(VerifyElementPresentKeyword.groovy:85)
	at com.kms.katalon.core.webui.keyword.builtin.VerifyElementPresentKeyword$_verifyElementPresent_closure1.call(VerifyElementPresentKeyword.groovy)
	at com.kms.katalon.core.webui.keyword.internal.WebUIKeywordMain.runKeyword(WebUIKeywordMain.groovy:20)
	... 19 more
)

2020-06-04 12:35:20 - [TEST_STEP][PASSED] - verifyElementPresent(findTestObject("Christi/Page_Manage Sliders/label_Slider", ["text":nama_slider]), 3): Object 'Object Repository/Christi/Page_Manage Sliders/label_Slider' is present

2020-06-04 12:35:21 - [MESSAGE][PASSED] - Object 'Object Repository/Christi/Page_Manage Sliders/label_Slider' is present

2020-06-04 12:35:21 - [TEST_STEP][PASSED] - delay(3): Delayed 3 second(s)

2020-06-04 12:35:24 - [MESSAGE][PASSED] - Delayed 3 second(s)

2020-06-04 12:35:24 - [TEST_STEP][PASSED] - click(findTestObject("Object Repository/Christi/Page_Manage Sliders/span_Edit NEOP SERVICE")): Object: 'Object Repository/Christi/Page_Manage Sliders/span_Edit NEOP SERVICE' is clicked on

2020-06-04 12:35:25 - [MESSAGE][PASSED] - Object: 'Object Repository/Christi/Page_Manage Sliders/span_Edit NEOP SERVICE' is clicked on

2020-06-04 12:35:25 - [TEST_STEP][PASSED] - delay(3): Delayed 3 second(s)

2020-06-04 12:35:28 - [MESSAGE][PASSED] - Delayed 3 second(s)

2020-06-04 12:35:28 - [TEST_STEP][FAILED] - switch (edit.toString()): Unable to verify object 'Object Repository/Christi/Page_Manage Sliders_Edit/div_Data has been updated' is present (Root cause: com.kms.katalon.core.exception.StepFailedException: Unable to verify object 'Object Repository/Christi/Page_Manage Sliders_Edit/div_Data has been updated' is present
	at com.kms.katalon.core.webui.keyword.internal.WebUIKeywordMain.stepFailed(WebUIKeywordMain.groovy:64)
	at com.kms.katalon.core.webui.keyword.internal.WebUIKeywordMain.runKeyword(WebUIKeywordMain.groovy:26)
	at com.kms.katalon.core.webui.keyword.builtin.VerifyElementPresentKeyword.verifyElementPresent(VerifyElementPresentKeyword.groovy:92)
	at com.kms.katalon.core.webui.keyword.builtin.VerifyElementPresentKeyword.execute(VerifyElementPresentKeyword.groovy:68)
	at com.kms.katalon.core.keyword.internal.KeywordExecutor.executeKeywordForPlatform(KeywordExecutor.groovy:60)
	at com.kms.katalon.core.webui.keyword.WebUiBuiltInKeywords.verifyElementPresent(WebUiBuiltInKeywords.groovy:1434)
	at com.kms.katalon.core.webui.keyword.WebUiBuiltInKeywords$verifyElementPresent$3.call(Unknown Source)
	at Manage Slider - Edit.run(Manage Slider - Edit:126)
	at com.kms.katalon.core.main.ScriptEngine.run(ScriptEngine.java:194)
	at com.kms.katalon.core.main.ScriptEngine.runScriptAsRawText(ScriptEngine.java:119)
	at com.kms.katalon.core.main.TestCaseExecutor.runScript(TestCaseExecutor.java:337)
	at com.kms.katalon.core.main.TestCaseExecutor.doExecute(TestCaseExecutor.java:328)
	at com.kms.katalon.core.main.TestCaseExecutor.processExecutionPhase(TestCaseExecutor.java:307)
	at com.kms.katalon.core.main.TestCaseExecutor.accessMainPhase(TestCaseExecutor.java:299)
	at com.kms.katalon.core.main.TestCaseExecutor.execute(TestCaseExecutor.java:233)
	at com.kms.katalon.core.main.TestSuiteExecutor.accessTestCaseMainPhase(TestSuiteExecutor.java:169)
	at com.kms.katalon.core.main.TestSuiteExecutor.accessTestSuiteMainPhase(TestSuiteExecutor.java:142)
	at com.kms.katalon.core.main.TestSuiteExecutor.execute(TestSuiteExecutor.java:91)
	at com.kms.katalon.core.main.TestCaseMain.startTestSuite(TestCaseMain.java:157)
	at com.kms.katalon.core.main.TestCaseMain$startTestSuite$0.call(Unknown Source)
	at TempTestSuite1591248863359.run(TempTestSuite1591248863359.groovy:36)
Caused by: com.kms.katalon.core.exception.StepFailedException: com.kms.katalon.core.webui.exception.WebElementNotFoundException: Web element with id: 'Object Repository/Christi/Page_Manage Sliders_Edit/div_Data has been updated' located by 'By.xpath: //*[(text() = 'Data has been updated' or . = 'Data has been updated')]' not found
	at com.kms.katalon.core.webui.keyword.internal.WebUIKeywordMain.stepFailed(WebUIKeywordMain.groovy:64)
	at com.kms.katalon.core.webui.keyword.builtin.VerifyElementPresentKeyword$_verifyElementPresent_closure1.doCall(VerifyElementPresentKeyword.groovy:85)
	at com.kms.katalon.core.webui.keyword.builtin.VerifyElementPresentKeyword$_verifyElementPresent_closure1.call(VerifyElementPresentKeyword.groovy)
	at com.kms.katalon.core.webui.keyword.internal.WebUIKeywordMain.runKeyword(WebUIKeywordMain.groovy:20)
	... 19 more
)

2020-06-04 12:35:28 - [TEST_STEP][FAILED] - case "change all":: Unable to verify object 'Object Repository/Christi/Page_Manage Sliders_Edit/div_Data has been updated' is present (Root cause: com.kms.katalon.core.exception.StepFailedException: Unable to verify object 'Object Repository/Christi/Page_Manage Sliders_Edit/div_Data has been updated' is present
	at com.kms.katalon.core.webui.keyword.internal.WebUIKeywordMain.stepFailed(WebUIKeywordMain.groovy:64)
	at com.kms.katalon.core.webui.keyword.internal.WebUIKeywordMain.runKeyword(WebUIKeywordMain.groovy:26)
	at com.kms.katalon.core.webui.keyword.builtin.VerifyElementPresentKeyword.verifyElementPresent(VerifyElementPresentKeyword.groovy:92)
	at com.kms.katalon.core.webui.keyword.builtin.VerifyElementPresentKeyword.execute(VerifyElementPresentKeyword.groovy:68)
	at com.kms.katalon.core.keyword.internal.KeywordExecutor.executeKeywordForPlatform(KeywordExecutor.groovy:60)
	at com.kms.katalon.core.webui.keyword.WebUiBuiltInKeywords.verifyElementPresent(WebUiBuiltInKeywords.groovy:1434)
	at com.kms.katalon.core.webui.keyword.WebUiBuiltInKeywords$verifyElementPresent$3.call(Unknown Source)
	at Manage Slider - Edit.run(Manage Slider - Edit:126)
	at com.kms.katalon.core.main.ScriptEngine.run(ScriptEngine.java:194)
	at com.kms.katalon.core.main.ScriptEngine.runScriptAsRawText(ScriptEngine.java:119)
	at com.kms.katalon.core.main.TestCaseExecutor.runScript(TestCaseExecutor.java:337)
	at com.kms.katalon.core.main.TestCaseExecutor.doExecute(TestCaseExecutor.java:328)
	at com.kms.katalon.core.main.TestCaseExecutor.processExecutionPhase(TestCaseExecutor.java:307)
	at com.kms.katalon.core.main.TestCaseExecutor.accessMainPhase(TestCaseExecutor.java:299)
	at com.kms.katalon.core.main.TestCaseExecutor.execute(TestCaseExecutor.java:233)
	at com.kms.katalon.core.main.TestSuiteExecutor.accessTestCaseMainPhase(TestSuiteExecutor.java:169)
	at com.kms.katalon.core.main.TestSuiteExecutor.accessTestSuiteMainPhase(TestSuiteExecutor.java:142)
	at com.kms.katalon.core.main.TestSuiteExecutor.execute(TestSuiteExecutor.java:91)
	at com.kms.katalon.core.main.TestCaseMain.startTestSuite(TestCaseMain.java:157)
	at com.kms.katalon.core.main.TestCaseMain$startTestSuite$0.call(Unknown Source)
	at TempTestSuite1591248863359.run(TempTestSuite1591248863359.groovy:36)
Caused by: com.kms.katalon.core.exception.StepFailedException: com.kms.katalon.core.webui.exception.WebElementNotFoundException: Web element with id: 'Object Repository/Christi/Page_Manage Sliders_Edit/div_Data has been updated' located by 'By.xpath: //*[(text() = 'Data has been updated' or . = 'Data has been updated')]' not found
	at com.kms.katalon.core.webui.keyword.internal.WebUIKeywordMain.stepFailed(WebUIKeywordMain.groovy:64)
	at com.kms.katalon.core.webui.keyword.builtin.VerifyElementPresentKeyword$_verifyElementPresent_closure1.doCall(VerifyElementPresentKeyword.groovy:85)
	at com.kms.katalon.core.webui.keyword.builtin.VerifyElementPresentKeyword$_verifyElementPresent_closure1.call(VerifyElementPresentKeyword.groovy)
	at com.kms.katalon.core.webui.keyword.internal.WebUIKeywordMain.runKeyword(WebUIKeywordMain.groovy:20)
	... 19 more
)

2020-06-04 12:35:28 - [TEST_STEP][PASSED] - setText(findTestObject("Object Repository/Christi/Page_Manage Sliders/input_Slider name (edit)"), nama_slider_baru): Text 'Brand New Slider' is set on object 'Object Repository/Christi/Page_Manage Sliders/input_Slider name (edit)'

2020-06-04 12:35:28 - [MESSAGE][PASSED] - Text 'Brand New Slider' is set on object 'Object Repository/Christi/Page_Manage Sliders/input_Slider name (edit)'

2020-06-04 12:35:28 - [TEST_STEP][PASSED] - if (max_character == "yes"): null

2020-06-04 12:35:28 - [TEST_STEP][PASSED] - delay(3): Delayed 3 second(s)

2020-06-04 12:35:31 - [MESSAGE][PASSED] - Delayed 3 second(s)

2020-06-04 12:35:31 - [TEST_STEP][PASSED] - setText(findTestObject("Object Repository/Christi/Page_Manage Sliders/input_Section Link_txtEditSliderLink"), url_slider_baru): Text 'https://appsrv1.deltadatamandiri.com/ACC_LMS_WEB/#/onlineLearningDetail?modulID=6' is set on object 'Object Repository/Christi/Page_Manage Sliders/input_Section Link_txtEditSliderLink'

2020-06-04 12:35:33 - [MESSAGE][PASSED] - Text 'https://appsrv1.deltadatamandiri.com/ACC_LMS_WEB/#/onlineLearningDetail?modulID=6' is set on object 'Object Repository/Christi/Page_Manage Sliders/input_Section Link_txtEditSliderLink'

2020-06-04 12:35:33 - [TEST_STEP][PASSED] - delay(3): Delayed 3 second(s)

2020-06-04 12:35:36 - [MESSAGE][PASSED] - Delayed 3 second(s)

2020-06-04 12:35:36 - [TEST_STEP][PASSED] - uploadFile(findTestObject("Object Repository/Christi/Page_Manage Sliders/input_Icon_files"), img_slider_baru): File 'C:\Users\ASUS\git\LearningManagementWeb\konten lms\Cover Modul - Welcoming Kit.png' sent to object: 'Object Repository/Christi/Page_Manage Sliders/input_Icon_files'

2020-06-04 12:35:36 - [MESSAGE][PASSED] - File 'C:\Users\ASUS\git\LearningManagementWeb\konten lms\Cover Modul - Welcoming Kit.png' sent to object: 'Object Repository/Christi/Page_Manage Sliders/input_Icon_files'

2020-06-04 12:35:36 - [TEST_STEP][PASSED] - if (max_image_size == "yes"): null

2020-06-04 12:35:36 - [TEST_STEP][PASSED] - else if (img_file_invalid == "yes"): null

2020-06-04 12:35:36 - [TEST_STEP][PASSED] - else: Object 'Object Repository/Christi/Page_Manage Sliders/div_File uploaded successfully' is present

2020-06-04 12:35:36 - [TEST_STEP][PASSED] - verifyElementPresent(findTestObject("Christi/Page_Manage Sliders/div_File uploaded successfully"), 0): Object 'Object Repository/Christi/Page_Manage Sliders/div_File uploaded successfully' is present

2020-06-04 12:35:36 - [MESSAGE][WARNING] - Timeout '0' is invalid. Using default page load timeout: '30'

2020-06-04 12:35:40 - [MESSAGE][PASSED] - Object 'Object Repository/Christi/Page_Manage Sliders/div_File uploaded successfully' is present

2020-06-04 12:35:40 - [TEST_STEP][PASSED] - click(findTestObject("Object Repository/Christi/Page_Manage Sliders_Edit/button_Update Slider")): Object: 'Object Repository/Christi/Page_Manage Sliders_Edit/button_Update Slider' is clicked on

2020-06-04 12:35:41 - [MESSAGE][PASSED] - Object: 'Object Repository/Christi/Page_Manage Sliders_Edit/button_Update Slider' is clicked on

2020-06-04 12:35:41 - [TEST_STEP][FAILED] - if (expected == "pass"): Unable to verify object 'Object Repository/Christi/Page_Manage Sliders_Edit/div_Data has been updated' is present (Root cause: com.kms.katalon.core.exception.StepFailedException: Unable to verify object 'Object Repository/Christi/Page_Manage Sliders_Edit/div_Data has been updated' is present
	at com.kms.katalon.core.webui.keyword.internal.WebUIKeywordMain.stepFailed(WebUIKeywordMain.groovy:64)
	at com.kms.katalon.core.webui.keyword.internal.WebUIKeywordMain.runKeyword(WebUIKeywordMain.groovy:26)
	at com.kms.katalon.core.webui.keyword.builtin.VerifyElementPresentKeyword.verifyElementPresent(VerifyElementPresentKeyword.groovy:92)
	at com.kms.katalon.core.webui.keyword.builtin.VerifyElementPresentKeyword.execute(VerifyElementPresentKeyword.groovy:68)
	at com.kms.katalon.core.keyword.internal.KeywordExecutor.executeKeywordForPlatform(KeywordExecutor.groovy:60)
	at com.kms.katalon.core.webui.keyword.WebUiBuiltInKeywords.verifyElementPresent(WebUiBuiltInKeywords.groovy:1434)
	at com.kms.katalon.core.webui.keyword.WebUiBuiltInKeywords$verifyElementPresent$3.call(Unknown Source)
	at Manage Slider - Edit.run(Manage Slider - Edit:126)
	at com.kms.katalon.core.main.ScriptEngine.run(ScriptEngine.java:194)
	at com.kms.katalon.core.main.ScriptEngine.runScriptAsRawText(ScriptEngine.java:119)
	at com.kms.katalon.core.main.TestCaseExecutor.runScript(TestCaseExecutor.java:337)
	at com.kms.katalon.core.main.TestCaseExecutor.doExecute(TestCaseExecutor.java:328)
	at com.kms.katalon.core.main.TestCaseExecutor.processExecutionPhase(TestCaseExecutor.java:307)
	at com.kms.katalon.core.main.TestCaseExecutor.accessMainPhase(TestCaseExecutor.java:299)
	at com.kms.katalon.core.main.TestCaseExecutor.execute(TestCaseExecutor.java:233)
	at com.kms.katalon.core.main.TestSuiteExecutor.accessTestCaseMainPhase(TestSuiteExecutor.java:169)
	at com.kms.katalon.core.main.TestSuiteExecutor.accessTestSuiteMainPhase(TestSuiteExecutor.java:142)
	at com.kms.katalon.core.main.TestSuiteExecutor.execute(TestSuiteExecutor.java:91)
	at com.kms.katalon.core.main.TestCaseMain.startTestSuite(TestCaseMain.java:157)
	at com.kms.katalon.core.main.TestCaseMain$startTestSuite$0.call(Unknown Source)
	at TempTestSuite1591248863359.run(TempTestSuite1591248863359.groovy:36)
Caused by: com.kms.katalon.core.exception.StepFailedException: com.kms.katalon.core.webui.exception.WebElementNotFoundException: Web element with id: 'Object Repository/Christi/Page_Manage Sliders_Edit/div_Data has been updated' located by 'By.xpath: //*[(text() = 'Data has been updated' or . = 'Data has been updated')]' not found
	at com.kms.katalon.core.webui.keyword.internal.WebUIKeywordMain.stepFailed(WebUIKeywordMain.groovy:64)
	at com.kms.katalon.core.webui.keyword.builtin.VerifyElementPresentKeyword$_verifyElementPresent_closure1.doCall(VerifyElementPresentKeyword.groovy:85)
	at com.kms.katalon.core.webui.keyword.builtin.VerifyElementPresentKeyword$_verifyElementPresent_closure1.call(VerifyElementPresentKeyword.groovy)
	at com.kms.katalon.core.webui.keyword.internal.WebUIKeywordMain.runKeyword(WebUIKeywordMain.groovy:20)
	... 19 more
)

2020-06-04 12:35:41 - [TEST_STEP][FAILED] - verifyElementPresent(findTestObject("Object Repository/Christi/Page_Manage Sliders_Edit/div_Data has been updated"), 0): Unable to verify object 'Object Repository/Christi/Page_Manage Sliders_Edit/div_Data has been updated' is present (Root cause: com.kms.katalon.core.exception.StepFailedException: Unable to verify object 'Object Repository/Christi/Page_Manage Sliders_Edit/div_Data has been updated' is present
	at com.kms.katalon.core.webui.keyword.internal.WebUIKeywordMain.stepFailed(WebUIKeywordMain.groovy:64)
	at com.kms.katalon.core.webui.keyword.internal.WebUIKeywordMain.runKeyword(WebUIKeywordMain.groovy:26)
	at com.kms.katalon.core.webui.keyword.builtin.VerifyElementPresentKeyword.verifyElementPresent(VerifyElementPresentKeyword.groovy:92)
	at com.kms.katalon.core.webui.keyword.builtin.VerifyElementPresentKeyword.execute(VerifyElementPresentKeyword.groovy:68)
	at com.kms.katalon.core.keyword.internal.KeywordExecutor.executeKeywordForPlatform(KeywordExecutor.groovy:60)
	at com.kms.katalon.core.webui.keyword.WebUiBuiltInKeywords.verifyElementPresent(WebUiBuiltInKeywords.groovy:1434)
	at com.kms.katalon.core.webui.keyword.WebUiBuiltInKeywords$verifyElementPresent$3.call(Unknown Source)
	at Manage Slider - Edit.run(Manage Slider - Edit:126)
	at com.kms.katalon.core.main.ScriptEngine.run(ScriptEngine.java:194)
	at com.kms.katalon.core.main.ScriptEngine.runScriptAsRawText(ScriptEngine.java:119)
	at com.kms.katalon.core.main.TestCaseExecutor.runScript(TestCaseExecutor.java:337)
	at com.kms.katalon.core.main.TestCaseExecutor.doExecute(TestCaseExecutor.java:328)
	at com.kms.katalon.core.main.TestCaseExecutor.processExecutionPhase(TestCaseExecutor.java:307)
	at com.kms.katalon.core.main.TestCaseExecutor.accessMainPhase(TestCaseExecutor.java:299)
	at com.kms.katalon.core.main.TestCaseExecutor.execute(TestCaseExecutor.java:233)
	at com.kms.katalon.core.main.TestSuiteExecutor.accessTestCaseMainPhase(TestSuiteExecutor.java:169)
	at com.kms.katalon.core.main.TestSuiteExecutor.accessTestSuiteMainPhase(TestSuiteExecutor.java:142)
	at com.kms.katalon.core.main.TestSuiteExecutor.execute(TestSuiteExecutor.java:91)
	at com.kms.katalon.core.main.TestCaseMain.startTestSuite(TestCaseMain.java:157)
	at com.kms.katalon.core.main.TestCaseMain$startTestSuite$0.call(Unknown Source)
	at TempTestSuite1591248863359.run(TempTestSuite1591248863359.groovy:36)
Caused by: com.kms.katalon.core.exception.StepFailedException: com.kms.katalon.core.webui.exception.WebElementNotFoundException: Web element with id: 'Object Repository/Christi/Page_Manage Sliders_Edit/div_Data has been updated' located by 'By.xpath: //*[(text() = 'Data has been updated' or . = 'Data has been updated')]' not found
	at com.kms.katalon.core.webui.keyword.internal.WebUIKeywordMain.stepFailed(WebUIKeywordMain.groovy:64)
	at com.kms.katalon.core.webui.keyword.builtin.VerifyElementPresentKeyword$_verifyElementPresent_closure1.doCall(VerifyElementPresentKeyword.groovy:85)
	at com.kms.katalon.core.webui.keyword.builtin.VerifyElementPresentKeyword$_verifyElementPresent_closure1.call(VerifyElementPresentKeyword.groovy)
	at com.kms.katalon.core.webui.keyword.internal.WebUIKeywordMain.runKeyword(WebUIKeywordMain.groovy:20)
	... 19 more
)

2020-06-04 12:35:41 - [MESSAGE][WARNING] - Timeout '0' is invalid. Using default page load timeout: '30'

2020-06-04 12:36:23 - [MESSAGE][INFO] - Unable to find the element located by 'By.xpath: //*[(text() = 'Data has been updated' or . = 'Data has been updated')]'. Please recheck the objects properties to make sure the desired element is located. 

2020-06-04 12:36:23 - [MESSAGE][FAILED] - com.kms.katalon.core.webui.exception.WebElementNotFoundException: Web element with id: 'Object Repository/Christi/Page_Manage Sliders_Edit/div_Data has been updated' located by 'By.xpath: //*[(text() = 'Data has been updated' or . = 'Data has been updated')]' not found (Root cause: com.kms.katalon.core.exception.StepFailedException: com.kms.katalon.core.webui.exception.WebElementNotFoundException: Web element with id: 'Object Repository/Christi/Page_Manage Sliders_Edit/div_Data has been updated' located by 'By.xpath: //*[(text() = 'Data has been updated' or . = 'Data has been updated')]' not found
	at com.kms.katalon.core.webui.keyword.internal.WebUIKeywordMain.stepFailed(WebUIKeywordMain.groovy:64)
	at com.kms.katalon.core.webui.keyword.builtin.VerifyElementPresentKeyword$_verifyElementPresent_closure1.doCall(VerifyElementPresentKeyword.groovy:85)
	at com.kms.katalon.core.webui.keyword.builtin.VerifyElementPresentKeyword$_verifyElementPresent_closure1.call(VerifyElementPresentKeyword.groovy)
	at com.kms.katalon.core.webui.keyword.internal.WebUIKeywordMain.runKeyword(WebUIKeywordMain.groovy:20)
	at com.kms.katalon.core.webui.keyword.builtin.VerifyElementPresentKeyword.verifyElementPresent(VerifyElementPresentKeyword.groovy:92)
	at com.kms.katalon.core.webui.keyword.builtin.VerifyElementPresentKeyword.execute(VerifyElementPresentKeyword.groovy:68)
	at com.kms.katalon.core.keyword.internal.KeywordExecutor.executeKeywordForPlatform(KeywordExecutor.groovy:60)
	at com.kms.katalon.core.webui.keyword.WebUiBuiltInKeywords.verifyElementPresent(WebUiBuiltInKeywords.groovy:1434)
	at com.kms.katalon.core.webui.keyword.WebUiBuiltInKeywords$verifyElementPresent$3.call(Unknown Source)
	at Manage Slider - Edit.run(Manage Slider - Edit:126)
	at com.kms.katalon.core.main.ScriptEngine.run(ScriptEngine.java:194)
	at com.kms.katalon.core.main.ScriptEngine.runScriptAsRawText(ScriptEngine.java:119)
	at com.kms.katalon.core.main.TestCaseExecutor.runScript(TestCaseExecutor.java:337)
	at com.kms.katalon.core.main.TestCaseExecutor.doExecute(TestCaseExecutor.java:328)
	at com.kms.katalon.core.main.TestCaseExecutor.processExecutionPhase(TestCaseExecutor.java:307)
	at com.kms.katalon.core.main.TestCaseExecutor.accessMainPhase(TestCaseExecutor.java:299)
	at com.kms.katalon.core.main.TestCaseExecutor.execute(TestCaseExecutor.java:233)
	at com.kms.katalon.core.main.TestSuiteExecutor.accessTestCaseMainPhase(TestSuiteExecutor.java:169)
	at com.kms.katalon.core.main.TestSuiteExecutor.accessTestSuiteMainPhase(TestSuiteExecutor.java:142)
	at com.kms.katalon.core.main.TestSuiteExecutor.execute(TestSuiteExecutor.java:91)
	at com.kms.katalon.core.main.TestCaseMain.startTestSuite(TestCaseMain.java:157)
	at com.kms.katalon.core.main.TestCaseMain$startTestSuite$0.call(Unknown Source)
	at TempTestSuite1591248863359.run(TempTestSuite1591248863359.groovy:36)
)
[[ATTACHMENT|C:\\Users\\ASUS\\git\\LearningManagementWeb\\Reports\\20200604_123423\\Christi\\Manage Slider\\20200604_123423\\1591248983008.png]]

2020-06-04 12:36:23 - [MESSAGE][FAILED] - Unable to verify object 'Object Repository/Christi/Page_Manage Sliders_Edit/div_Data has been updated' is present (Root cause: com.kms.katalon.core.exception.StepFailedException: Unable to verify object 'Object Repository/Christi/Page_Manage Sliders_Edit/div_Data has been updated' is present
	at com.kms.katalon.core.webui.keyword.internal.WebUIKeywordMain.stepFailed(WebUIKeywordMain.groovy:64)
	at com.kms.katalon.core.webui.keyword.internal.WebUIKeywordMain.runKeyword(WebUIKeywordMain.groovy:26)
	at com.kms.katalon.core.webui.keyword.builtin.VerifyElementPresentKeyword.verifyElementPresent(VerifyElementPresentKeyword.groovy:92)
	at com.kms.katalon.core.webui.keyword.builtin.VerifyElementPresentKeyword.execute(VerifyElementPresentKeyword.groovy:68)
	at com.kms.katalon.core.keyword.internal.KeywordExecutor.executeKeywordForPlatform(KeywordExecutor.groovy:60)
	at com.kms.katalon.core.webui.keyword.WebUiBuiltInKeywords.verifyElementPresent(WebUiBuiltInKeywords.groovy:1434)
	at com.kms.katalon.core.webui.keyword.WebUiBuiltInKeywords$verifyElementPresent$3.call(Unknown Source)
	at Manage Slider - Edit.run(Manage Slider - Edit:126)
	at com.kms.katalon.core.main.ScriptEngine.run(ScriptEngine.java:194)
	at com.kms.katalon.core.main.ScriptEngine.runScriptAsRawText(ScriptEngine.java:119)
	at com.kms.katalon.core.main.TestCaseExecutor.runScript(TestCaseExecutor.java:337)
	at com.kms.katalon.core.main.TestCaseExecutor.doExecute(TestCaseExecutor.java:328)
	at com.kms.katalon.core.main.TestCaseExecutor.processExecutionPhase(TestCaseExecutor.java:307)
	at com.kms.katalon.core.main.TestCaseExecutor.accessMainPhase(TestCaseExecutor.java:299)
	at com.kms.katalon.core.main.TestCaseExecutor.execute(TestCaseExecutor.java:233)
	at com.kms.katalon.core.main.TestSuiteExecutor.accessTestCaseMainPhase(TestSuiteExecutor.java:169)
	at com.kms.katalon.core.main.TestSuiteExecutor.accessTestSuiteMainPhase(TestSuiteExecutor.java:142)
	at com.kms.katalon.core.main.TestSuiteExecutor.execute(TestSuiteExecutor.java:91)
	at com.kms.katalon.core.main.TestCaseMain.startTestSuite(TestCaseMain.java:157)
	at com.kms.katalon.core.main.TestCaseMain$startTestSuite$0.call(Unknown Source)
	at TempTestSuite1591248863359.run(TempTestSuite1591248863359.groovy:36)
Caused by: com.kms.katalon.core.exception.StepFailedException: com.kms.katalon.core.webui.exception.WebElementNotFoundException: Web element with id: 'Object Repository/Christi/Page_Manage Sliders_Edit/div_Data has been updated' located by 'By.xpath: //*[(text() = 'Data has been updated' or . = 'Data has been updated')]' not found
	at com.kms.katalon.core.webui.keyword.internal.WebUIKeywordMain.stepFailed(WebUIKeywordMain.groovy:64)
	at com.kms.katalon.core.webui.keyword.builtin.VerifyElementPresentKeyword$_verifyElementPresent_closure1.doCall(VerifyElementPresentKeyword.groovy:85)
	at com.kms.katalon.core.webui.keyword.builtin.VerifyElementPresentKeyword$_verifyElementPresent_closure1.call(VerifyElementPresentKeyword.groovy)
	at com.kms.katalon.core.webui.keyword.internal.WebUIKeywordMain.runKeyword(WebUIKeywordMain.groovy:20)
	... 19 more
)
[[ATTACHMENT|C:\\Users\\ASUS\\git\\LearningManagementWeb\\Reports\\20200604_123423\\Christi\\Manage Slider\\20200604_123423\\1591248983455.png]]]]></system-out>
         <system-err><![CDATA[2020-06-04 12:34:40 - [TEST_CASE][FAILED] - Test Cases/Christi/Admin/Manage Slider - Edit: Test Cases/Christi/Admin/Manage Slider - Edit FAILED.
Reason:
com.kms.katalon.core.exception.StepFailedException: Unable to verify object 'Object Repository/Christi/Page_Manage Sliders_Edit/div_Data has been updated' is present
	at com.kms.katalon.core.webui.keyword.internal.WebUIKeywordMain.stepFailed(WebUIKeywordMain.groovy:64)
	at com.kms.katalon.core.webui.keyword.internal.WebUIKeywordMain.runKeyword(WebUIKeywordMain.groovy:26)
	at com.kms.katalon.core.webui.keyword.builtin.VerifyElementPresentKeyword.verifyElementPresent(VerifyElementPresentKeyword.groovy:92)
	at com.kms.katalon.core.webui.keyword.builtin.VerifyElementPresentKeyword.execute(VerifyElementPresentKeyword.groovy:68)
	at com.kms.katalon.core.keyword.internal.KeywordExecutor.executeKeywordForPlatform(KeywordExecutor.groovy:60)
	at com.kms.katalon.core.webui.keyword.WebUiBuiltInKeywords.verifyElementPresent(WebUiBuiltInKeywords.groovy:1434)
	at com.kms.katalon.core.webui.keyword.WebUiBuiltInKeywords$verifyElementPresent$3.call(Unknown Source)
	at Manage Slider - Edit.run(Manage Slider - Edit:126)
	at com.kms.katalon.core.main.ScriptEngine.run(ScriptEngine.java:194)
	at com.kms.katalon.core.main.ScriptEngine.runScriptAsRawText(ScriptEngine.java:119)
	at com.kms.katalon.core.main.TestCaseExecutor.runScript(TestCaseExecutor.java:337)
	at com.kms.katalon.core.main.TestCaseExecutor.doExecute(TestCaseExecutor.java:328)
	at com.kms.katalon.core.main.TestCaseExecutor.processExecutionPhase(TestCaseExecutor.java:307)
	at com.kms.katalon.core.main.TestCaseExecutor.accessMainPhase(TestCaseExecutor.java:299)
	at com.kms.katalon.core.main.TestCaseExecutor.execute(TestCaseExecutor.java:233)
	at com.kms.katalon.core.main.TestSuiteExecutor.accessTestCaseMainPhase(TestSuiteExecutor.java:169)
	at com.kms.katalon.core.main.TestSuiteExecutor.accessTestSuiteMainPhase(TestSuiteExecutor.java:142)
	at com.kms.katalon.core.main.TestSuiteExecutor.execute(TestSuiteExecutor.java:91)
	at com.kms.katalon.core.main.TestCaseMain.startTestSuite(TestCaseMain.java:157)
	at com.kms.katalon.core.main.TestCaseMain$startTestSuite$0.call(Unknown Source)
	at TempTestSuite1591248863359.run(TempTestSuite1591248863359.groovy:36)
Caused by: com.kms.katalon.core.exception.StepFailedException: com.kms.katalon.core.webui.exception.WebElementNotFoundException: Web element with id: 'Object Repository/Christi/Page_Manage Sliders_Edit/div_Data has been updated' located by 'By.xpath: //*[(text() = 'Data has been updated' or . = 'Data has been updated')]' not found
	at com.kms.katalon.core.webui.keyword.internal.WebUIKeywordMain.stepFailed(WebUIKeywordMain.groovy:64)
	at com.kms.katalon.core.webui.keyword.builtin.VerifyElementPresentKeyword$_verifyElementPresent_closure1.doCall(VerifyElementPresentKeyword.groovy:85)
	at com.kms.katalon.core.webui.keyword.builtin.VerifyElementPresentKeyword$_verifyElementPresent_closure1.call(VerifyElementPresentKeyword.groovy)
	at com.kms.katalon.core.webui.keyword.internal.WebUIKeywordMain.runKeyword(WebUIKeywordMain.groovy:20)
	... 19 more]]></system-err>
      </testcase>
      <testcase name="Test Cases/Christi/Admin/Manage Slider - Edit" time="98.601" classname="Test Cases/Christi/Admin/Manage Slider - Edit" status="FAILED">
         <failure type="FAILED" message="Test Cases/Christi/Admin/Manage Slider - Edit FAILED.
Reason:
com.kms.katalon.core.exception.StepFailedException: Unable to verify object 'Object Repository/Christi/Page_Manage Sliders_Edit/div_Data has been updated' is present
	at com.kms.katalon.core.webui.keyword.internal.WebUIKeywordMain.stepFailed(WebUIKeywordMain.groovy:64)
	at com.kms.katalon.core.webui.keyword.internal.WebUIKeywordMain.runKeyword(WebUIKeywordMain.groovy:26)
	at com.kms.katalon.core.webui.keyword.builtin.VerifyElementPresentKeyword.verifyElementPresent(VerifyElementPresentKeyword.groovy:92)
	at com.kms.katalon.core.webui.keyword.builtin.VerifyElementPresentKeyword.execute(VerifyElementPresentKeyword.groovy:68)
	at com.kms.katalon.core.keyword.internal.KeywordExecutor.executeKeywordForPlatform(KeywordExecutor.groovy:60)
	at com.kms.katalon.core.webui.keyword.WebUiBuiltInKeywords.verifyElementPresent(WebUiBuiltInKeywords.groovy:1434)
	at com.kms.katalon.core.webui.keyword.WebUiBuiltInKeywords$verifyElementPresent$3.call(Unknown Source)
	at Manage Slider - Edit.run(Manage Slider - Edit:43)
	at com.kms.katalon.core.main.ScriptEngine.run(ScriptEngine.java:194)
	at com.kms.katalon.core.main.ScriptEngine.runScriptAsRawText(ScriptEngine.java:119)
	at com.kms.katalon.core.main.TestCaseExecutor.runScript(TestCaseExecutor.java:337)
	at com.kms.katalon.core.main.TestCaseExecutor.doExecute(TestCaseExecutor.java:328)
	at com.kms.katalon.core.main.TestCaseExecutor.processExecutionPhase(TestCaseExecutor.java:307)
	at com.kms.katalon.core.main.TestCaseExecutor.accessMainPhase(TestCaseExecutor.java:299)
	at com.kms.katalon.core.main.TestCaseExecutor.execute(TestCaseExecutor.java:233)
	at com.kms.katalon.core.main.TestSuiteExecutor.accessTestCaseMainPhase(TestSuiteExecutor.java:169)
	at com.kms.katalon.core.main.TestSuiteExecutor.accessTestSuiteMainPhase(TestSuiteExecutor.java:142)
	at com.kms.katalon.core.main.TestSuiteExecutor.execute(TestSuiteExecutor.java:91)
	at com.kms.katalon.core.main.TestCaseMain.startTestSuite(TestCaseMain.java:157)
	at com.kms.katalon.core.main.TestCaseMain$startTestSuite$0.call(Unknown Source)
	at TempTestSuite1591248863359.run(TempTestSuite1591248863359.groovy:36)
Caused by: com.kms.katalon.core.exception.StepFailedException: com.kms.katalon.core.webui.exception.WebElementNotFoundException: Web element with id: 'Object Repository/Christi/Page_Manage Sliders_Edit/div_Data has been updated' located by 'By.xpath: //*[(text() = 'Data has been updated' or . = 'Data has been updated')]' not found
	at com.kms.katalon.core.webui.keyword.internal.WebUIKeywordMain.stepFailed(WebUIKeywordMain.groovy:64)
	at com.kms.katalon.core.webui.keyword.builtin.VerifyElementPresentKeyword$_verifyElementPresent_closure1.doCall(VerifyElementPresentKeyword.groovy:85)
	at com.kms.katalon.core.webui.keyword.builtin.VerifyElementPresentKeyword$_verifyElementPresent_closure1.call(VerifyElementPresentKeyword.groovy)
	at com.kms.katalon.core.webui.keyword.internal.WebUIKeywordMain.runKeyword(WebUIKeywordMain.groovy:20)
	... 19 more
"/>
         <system-out><![CDATA[2020-06-04 12:36:23 - [TEST_CASE][FAILED] - Test Cases/Christi/Admin/Manage Slider - Edit: Test Cases/Christi/Admin/Manage Slider - Edit FAILED.
Reason:
com.kms.katalon.core.exception.StepFailedException: Unable to verify object 'Object Repository/Christi/Page_Manage Sliders_Edit/div_Data has been updated' is present
	at com.kms.katalon.core.webui.keyword.internal.WebUIKeywordMain.stepFailed(WebUIKeywordMain.groovy:64)
	at com.kms.katalon.core.webui.keyword.internal.WebUIKeywordMain.runKeyword(WebUIKeywordMain.groovy:26)
	at com.kms.katalon.core.webui.keyword.builtin.VerifyElementPresentKeyword.verifyElementPresent(VerifyElementPresentKeyword.groovy:92)
	at com.kms.katalon.core.webui.keyword.builtin.VerifyElementPresentKeyword.execute(VerifyElementPresentKeyword.groovy:68)
	at com.kms.katalon.core.keyword.internal.KeywordExecutor.executeKeywordForPlatform(KeywordExecutor.groovy:60)
	at com.kms.katalon.core.webui.keyword.WebUiBuiltInKeywords.verifyElementPresent(WebUiBuiltInKeywords.groovy:1434)
	at com.kms.katalon.core.webui.keyword.WebUiBuiltInKeywords$verifyElementPresent$3.call(Unknown Source)
	at Manage Slider - Edit.run(Manage Slider - Edit:43)
	at com.kms.katalon.core.main.ScriptEngine.run(ScriptEngine.java:194)
	at com.kms.katalon.core.main.ScriptEngine.runScriptAsRawText(ScriptEngine.java:119)
	at com.kms.katalon.core.main.TestCaseExecutor.runScript(TestCaseExecutor.java:337)
	at com.kms.katalon.core.main.TestCaseExecutor.doExecute(TestCaseExecutor.java:328)
	at com.kms.katalon.core.main.TestCaseExecutor.processExecutionPhase(TestCaseExecutor.java:307)
	at com.kms.katalon.core.main.TestCaseExecutor.accessMainPhase(TestCaseExecutor.java:299)
	at com.kms.katalon.core.main.TestCaseExecutor.execute(TestCaseExecutor.java:233)
	at com.kms.katalon.core.main.TestSuiteExecutor.accessTestCaseMainPhase(TestSuiteExecutor.java:169)
	at com.kms.katalon.core.main.TestSuiteExecutor.accessTestSuiteMainPhase(TestSuiteExecutor.java:142)
	at com.kms.katalon.core.main.TestSuiteExecutor.execute(TestSuiteExecutor.java:91)
	at com.kms.katalon.core.main.TestCaseMain.startTestSuite(TestCaseMain.java:157)
	at com.kms.katalon.core.main.TestCaseMain$startTestSuite$0.call(Unknown Source)
	at TempTestSuite1591248863359.run(TempTestSuite1591248863359.groovy:36)
Caused by: com.kms.katalon.core.exception.StepFailedException: com.kms.katalon.core.webui.exception.WebElementNotFoundException: Web element with id: 'Object Repository/Christi/Page_Manage Sliders_Edit/div_Data has been updated' located by 'By.xpath: //*[(text() = 'Data has been updated' or . = 'Data has been updated')]' not found
	at com.kms.katalon.core.webui.keyword.internal.WebUIKeywordMain.stepFailed(WebUIKeywordMain.groovy:64)
	at com.kms.katalon.core.webui.keyword.builtin.VerifyElementPresentKeyword$_verifyElementPresent_closure1.doCall(VerifyElementPresentKeyword.groovy:85)
	at com.kms.katalon.core.webui.keyword.builtin.VerifyElementPresentKeyword$_verifyElementPresent_closure1.call(VerifyElementPresentKeyword.groovy)
	at com.kms.katalon.core.webui.keyword.internal.WebUIKeywordMain.runKeyword(WebUIKeywordMain.groovy:20)
	... 19 more


2020-06-04 12:36:24 - [TEST_STEP][PASSED] - callTestCase(findTestCase("Christi/Admin/admin login"), ["username":"11666", "password":"Password3"], STOP_ON_FAILURE): Call Test Case 'Test Cases/Christi/Admin/admin login' successfully

2020-06-04 12:36:24 - [TEST_CASE][PASSED] - Test Cases/Christi/Admin/admin login: Test Cases/Christi/Admin/admin login

2020-06-04 12:36:24 - [TEST_STEP][PASSED] - openBrowser(""): Browser is opened with url: ''

2020-06-04 12:36:24 - [MESSAGE][WARNING] - A browser is already opened. Closing browser and opening a new one

2020-06-04 12:36:25 - [MESSAGE][INFO] - Starting 'Chrome' driver

2020-06-04 12:36:27 - [MESSAGE][PASSED] - Browser is opened with url: ''

2020-06-04 12:36:27 - [TEST_STEP][PASSED] - navigateToUrl("https://appsrv1.deltadatamandiri.com/ACC_LMS_WEB/#/admNLmn"): Navigate to 'https://appsrv1.deltadatamandiri.com/ACC_LMS_WEB/#/admNLmn' successfully

2020-06-04 12:36:38 - [MESSAGE][PASSED] - Navigate to 'https://appsrv1.deltadatamandiri.com/ACC_LMS_WEB/#/admNLmn' successfully

2020-06-04 12:36:38 - [TEST_STEP][PASSED] - click(findTestObject("Christi/Page_Main/button_login")): Object: 'Object Repository/Christi/Page_Main/button_login' is clicked on

2020-06-04 12:36:42 - [MESSAGE][ERROR] - javascript error: Failed to execute 'elementsFromPoint' on 'Document': The provided double value is non-finite.
  (Session info: chrome=83.0.4103.61)
Build info: version: '3.141.59', revision: 'e82be7d358', time: '2018-11-14T08:25:53'
System info: host: 'LAPTOP-D0TPACJ1', ip: '192.168.100.227', os.name: 'Windows 10', os.arch: 'amd64', os.version: '10.0', java.version: '1.8.0_181'
Driver info: com.kms.katalon.selenium.driver.CChromeDriver
Capabilities {acceptInsecureCerts: false, browserName: chrome, browserVersion: 83.0.4103.61, chrome: {chromedriverVersion: 83.0.4103.39 (ccbf011cb2d2b..., userDataDir: C:\Users\ASUS\AppData\Local...}, goog:chromeOptions: {debuggerAddress: localhost:55191}, javascriptEnabled: true, networkConnectionEnabled: false, pageLoadStrategy: normal, platform: WINDOWS, platformName: WINDOWS, proxy: Proxy(), setWindowRect: true, strictFileInteractability: false, timeouts: {implicit: 0, pageLoad: 300000, script: 30000}, unhandledPromptBehavior: dismiss and notify, webauthn:virtualAuthenticators: true}
Session ID: 1a1a7b1a187b90a81b03e8a08060ee72

2020-06-04 12:36:42 - [MESSAGE][PASSED] - Object: 'Object Repository/Christi/Page_Main/button_login' is clicked on

2020-06-04 12:36:42 - [TEST_STEP][PASSED] - delay(3): Delayed 3 second(s)

2020-06-04 12:36:45 - [MESSAGE][PASSED] - Delayed 3 second(s)

2020-06-04 12:36:45 - [TEST_STEP][PASSED] - setText(findTestObject("Object Repository/Christi/Page_Main/input_NPK_username"), username): Text '11666' is set on object 'Object Repository/Christi/Page_Main/input_NPK_username'

2020-06-04 12:36:46 - [MESSAGE][PASSED] - Text '11666' is set on object 'Object Repository/Christi/Page_Main/input_NPK_username'

2020-06-04 12:36:46 - [TEST_STEP][PASSED] - setText(findTestObject("Object Repository/Christi/Page_Main/input_Password_password"), password): Text 'Password3' is set on object 'Object Repository/Christi/Page_Main/input_Password_password'

2020-06-04 12:36:47 - [MESSAGE][PASSED] - Text 'Password3' is set on object 'Object Repository/Christi/Page_Main/input_Password_password'

2020-06-04 12:36:47 - [TEST_STEP][PASSED] - delay(5): Delayed 5 second(s)

2020-06-04 12:36:52 - [MESSAGE][PASSED] - Delayed 5 second(s)

2020-06-04 12:36:52 - [TEST_STEP][PASSED] - click(findTestObject("Rizka/Admin/Admin - Login/btnLogin2")): Object: 'Object Repository/Rizka/Admin/Admin - Login/btnLogin2' is clicked on

2020-06-04 12:36:52 - [MESSAGE][PASSED] - Object: 'Object Repository/Rizka/Admin/Admin - Login/btnLogin2' is clicked on

2020-06-04 12:36:52 - [TEST_STEP][PASSED] - delay(5): Delayed 5 second(s)

2020-06-04 12:36:57 - [MESSAGE][PASSED] - Delayed 5 second(s)

2020-06-04 12:36:57 - [MESSAGE][PASSED] - Call Test Case 'Test Cases/Christi/Admin/admin login' successfully

2020-06-04 12:36:57 - [TEST_STEP][PASSED] - delay(3): Delayed 3 second(s)

2020-06-04 12:37:00 - [MESSAGE][PASSED] - Delayed 3 second(s)

2020-06-04 12:37:00 - [TEST_STEP][PASSED] - click(findTestObject("Object Repository/Christi/Page_Dashboard Admin/span_Manage Slider")): Object: 'Object Repository/Christi/Page_Dashboard Admin/span_Manage Slider' is clicked on

2020-06-04 12:37:01 - [MESSAGE][PASSED] - Object: 'Object Repository/Christi/Page_Dashboard Admin/span_Manage Slider' is clicked on

2020-06-04 12:37:01 - [TEST_STEP][PASSED] - delay(3): Delayed 3 second(s)

2020-06-04 12:37:04 - [MESSAGE][PASSED] - Delayed 3 second(s)

2020-06-04 12:37:04 - [TEST_STEP][FAILED] - if (find_slider == "found"): Unable to verify object 'Object Repository/Christi/Page_Manage Sliders_Edit/div_Data has been updated' is present (Root cause: com.kms.katalon.core.exception.StepFailedException: Unable to verify object 'Object Repository/Christi/Page_Manage Sliders_Edit/div_Data has been updated' is present
	at com.kms.katalon.core.webui.keyword.internal.WebUIKeywordMain.stepFailed(WebUIKeywordMain.groovy:64)
	at com.kms.katalon.core.webui.keyword.internal.WebUIKeywordMain.runKeyword(WebUIKeywordMain.groovy:26)
	at com.kms.katalon.core.webui.keyword.builtin.VerifyElementPresentKeyword.verifyElementPresent(VerifyElementPresentKeyword.groovy:92)
	at com.kms.katalon.core.webui.keyword.builtin.VerifyElementPresentKeyword.execute(VerifyElementPresentKeyword.groovy:68)
	at com.kms.katalon.core.keyword.internal.KeywordExecutor.executeKeywordForPlatform(KeywordExecutor.groovy:60)
	at com.kms.katalon.core.webui.keyword.WebUiBuiltInKeywords.verifyElementPresent(WebUiBuiltInKeywords.groovy:1434)
	at com.kms.katalon.core.webui.keyword.WebUiBuiltInKeywords$verifyElementPresent$3.call(Unknown Source)
	at Manage Slider - Edit.run(Manage Slider - Edit:43)
	at com.kms.katalon.core.main.ScriptEngine.run(ScriptEngine.java:194)
	at com.kms.katalon.core.main.ScriptEngine.runScriptAsRawText(ScriptEngine.java:119)
	at com.kms.katalon.core.main.TestCaseExecutor.runScript(TestCaseExecutor.java:337)
	at com.kms.katalon.core.main.TestCaseExecutor.doExecute(TestCaseExecutor.java:328)
	at com.kms.katalon.core.main.TestCaseExecutor.processExecutionPhase(TestCaseExecutor.java:307)
	at com.kms.katalon.core.main.TestCaseExecutor.accessMainPhase(TestCaseExecutor.java:299)
	at com.kms.katalon.core.main.TestCaseExecutor.execute(TestCaseExecutor.java:233)
	at com.kms.katalon.core.main.TestSuiteExecutor.accessTestCaseMainPhase(TestSuiteExecutor.java:169)
	at com.kms.katalon.core.main.TestSuiteExecutor.accessTestSuiteMainPhase(TestSuiteExecutor.java:142)
	at com.kms.katalon.core.main.TestSuiteExecutor.execute(TestSuiteExecutor.java:91)
	at com.kms.katalon.core.main.TestCaseMain.startTestSuite(TestCaseMain.java:157)
	at com.kms.katalon.core.main.TestCaseMain$startTestSuite$0.call(Unknown Source)
	at TempTestSuite1591248863359.run(TempTestSuite1591248863359.groovy:36)
Caused by: com.kms.katalon.core.exception.StepFailedException: com.kms.katalon.core.webui.exception.WebElementNotFoundException: Web element with id: 'Object Repository/Christi/Page_Manage Sliders_Edit/div_Data has been updated' located by 'By.xpath: //*[(text() = 'Data has been updated' or . = 'Data has been updated')]' not found
	at com.kms.katalon.core.webui.keyword.internal.WebUIKeywordMain.stepFailed(WebUIKeywordMain.groovy:64)
	at com.kms.katalon.core.webui.keyword.builtin.VerifyElementPresentKeyword$_verifyElementPresent_closure1.doCall(VerifyElementPresentKeyword.groovy:85)
	at com.kms.katalon.core.webui.keyword.builtin.VerifyElementPresentKeyword$_verifyElementPresent_closure1.call(VerifyElementPresentKeyword.groovy)
	at com.kms.katalon.core.webui.keyword.internal.WebUIKeywordMain.runKeyword(WebUIKeywordMain.groovy:20)
	... 19 more
)

2020-06-04 12:37:04 - [TEST_STEP][PASSED] - verifyElementPresent(findTestObject("Christi/Page_Manage Sliders/label_Slider", ["text":nama_slider]), 3): Object 'Object Repository/Christi/Page_Manage Sliders/label_Slider' is present

2020-06-04 12:37:05 - [MESSAGE][PASSED] - Object 'Object Repository/Christi/Page_Manage Sliders/label_Slider' is present

2020-06-04 12:37:05 - [TEST_STEP][PASSED] - delay(3): Delayed 3 second(s)

2020-06-04 12:37:08 - [MESSAGE][PASSED] - Delayed 3 second(s)

2020-06-04 12:37:08 - [TEST_STEP][PASSED] - click(findTestObject("Object Repository/Christi/Page_Manage Sliders/span_Edit NEOP SERVICE")): Object: 'Object Repository/Christi/Page_Manage Sliders/span_Edit NEOP SERVICE' is clicked on

2020-06-04 12:37:14 - [MESSAGE][PASSED] - Object: 'Object Repository/Christi/Page_Manage Sliders/span_Edit NEOP SERVICE' is clicked on

2020-06-04 12:37:14 - [TEST_STEP][PASSED] - delay(3): Delayed 3 second(s)

2020-06-04 12:37:17 - [MESSAGE][PASSED] - Delayed 3 second(s)

2020-06-04 12:37:17 - [TEST_STEP][FAILED] - switch (edit.toString()): Unable to verify object 'Object Repository/Christi/Page_Manage Sliders_Edit/div_Data has been updated' is present (Root cause: com.kms.katalon.core.exception.StepFailedException: Unable to verify object 'Object Repository/Christi/Page_Manage Sliders_Edit/div_Data has been updated' is present
	at com.kms.katalon.core.webui.keyword.internal.WebUIKeywordMain.stepFailed(WebUIKeywordMain.groovy:64)
	at com.kms.katalon.core.webui.keyword.internal.WebUIKeywordMain.runKeyword(WebUIKeywordMain.groovy:26)
	at com.kms.katalon.core.webui.keyword.builtin.VerifyElementPresentKeyword.verifyElementPresent(VerifyElementPresentKeyword.groovy:92)
	at com.kms.katalon.core.webui.keyword.builtin.VerifyElementPresentKeyword.execute(VerifyElementPresentKeyword.groovy:68)
	at com.kms.katalon.core.keyword.internal.KeywordExecutor.executeKeywordForPlatform(KeywordExecutor.groovy:60)
	at com.kms.katalon.core.webui.keyword.WebUiBuiltInKeywords.verifyElementPresent(WebUiBuiltInKeywords.groovy:1434)
	at com.kms.katalon.core.webui.keyword.WebUiBuiltInKeywords$verifyElementPresent$3.call(Unknown Source)
	at Manage Slider - Edit.run(Manage Slider - Edit:43)
	at com.kms.katalon.core.main.ScriptEngine.run(ScriptEngine.java:194)
	at com.kms.katalon.core.main.ScriptEngine.runScriptAsRawText(ScriptEngine.java:119)
	at com.kms.katalon.core.main.TestCaseExecutor.runScript(TestCaseExecutor.java:337)
	at com.kms.katalon.core.main.TestCaseExecutor.doExecute(TestCaseExecutor.java:328)
	at com.kms.katalon.core.main.TestCaseExecutor.processExecutionPhase(TestCaseExecutor.java:307)
	at com.kms.katalon.core.main.TestCaseExecutor.accessMainPhase(TestCaseExecutor.java:299)
	at com.kms.katalon.core.main.TestCaseExecutor.execute(TestCaseExecutor.java:233)
	at com.kms.katalon.core.main.TestSuiteExecutor.accessTestCaseMainPhase(TestSuiteExecutor.java:169)
	at com.kms.katalon.core.main.TestSuiteExecutor.accessTestSuiteMainPhase(TestSuiteExecutor.java:142)
	at com.kms.katalon.core.main.TestSuiteExecutor.execute(TestSuiteExecutor.java:91)
	at com.kms.katalon.core.main.TestCaseMain.startTestSuite(TestCaseMain.java:157)
	at com.kms.katalon.core.main.TestCaseMain$startTestSuite$0.call(Unknown Source)
	at TempTestSuite1591248863359.run(TempTestSuite1591248863359.groovy:36)
Caused by: com.kms.katalon.core.exception.StepFailedException: com.kms.katalon.core.webui.exception.WebElementNotFoundException: Web element with id: 'Object Repository/Christi/Page_Manage Sliders_Edit/div_Data has been updated' located by 'By.xpath: //*[(text() = 'Data has been updated' or . = 'Data has been updated')]' not found
	at com.kms.katalon.core.webui.keyword.internal.WebUIKeywordMain.stepFailed(WebUIKeywordMain.groovy:64)
	at com.kms.katalon.core.webui.keyword.builtin.VerifyElementPresentKeyword$_verifyElementPresent_closure1.doCall(VerifyElementPresentKeyword.groovy:85)
	at com.kms.katalon.core.webui.keyword.builtin.VerifyElementPresentKeyword$_verifyElementPresent_closure1.call(VerifyElementPresentKeyword.groovy)
	at com.kms.katalon.core.webui.keyword.internal.WebUIKeywordMain.runKeyword(WebUIKeywordMain.groovy:20)
	... 19 more
)

2020-06-04 12:37:17 - [TEST_STEP][FAILED] - case "nama slider":: Unable to verify object 'Object Repository/Christi/Page_Manage Sliders_Edit/div_Data has been updated' is present (Root cause: com.kms.katalon.core.exception.StepFailedException: Unable to verify object 'Object Repository/Christi/Page_Manage Sliders_Edit/div_Data has been updated' is present
	at com.kms.katalon.core.webui.keyword.internal.WebUIKeywordMain.stepFailed(WebUIKeywordMain.groovy:64)
	at com.kms.katalon.core.webui.keyword.internal.WebUIKeywordMain.runKeyword(WebUIKeywordMain.groovy:26)
	at com.kms.katalon.core.webui.keyword.builtin.VerifyElementPresentKeyword.verifyElementPresent(VerifyElementPresentKeyword.groovy:92)
	at com.kms.katalon.core.webui.keyword.builtin.VerifyElementPresentKeyword.execute(VerifyElementPresentKeyword.groovy:68)
	at com.kms.katalon.core.keyword.internal.KeywordExecutor.executeKeywordForPlatform(KeywordExecutor.groovy:60)
	at com.kms.katalon.core.webui.keyword.WebUiBuiltInKeywords.verifyElementPresent(WebUiBuiltInKeywords.groovy:1434)
	at com.kms.katalon.core.webui.keyword.WebUiBuiltInKeywords$verifyElementPresent$3.call(Unknown Source)
	at Manage Slider - Edit.run(Manage Slider - Edit:43)
	at com.kms.katalon.core.main.ScriptEngine.run(ScriptEngine.java:194)
	at com.kms.katalon.core.main.ScriptEngine.runScriptAsRawText(ScriptEngine.java:119)
	at com.kms.katalon.core.main.TestCaseExecutor.runScript(TestCaseExecutor.java:337)
	at com.kms.katalon.core.main.TestCaseExecutor.doExecute(TestCaseExecutor.java:328)
	at com.kms.katalon.core.main.TestCaseExecutor.processExecutionPhase(TestCaseExecutor.java:307)
	at com.kms.katalon.core.main.TestCaseExecutor.accessMainPhase(TestCaseExecutor.java:299)
	at com.kms.katalon.core.main.TestCaseExecutor.execute(TestCaseExecutor.java:233)
	at com.kms.katalon.core.main.TestSuiteExecutor.accessTestCaseMainPhase(TestSuiteExecutor.java:169)
	at com.kms.katalon.core.main.TestSuiteExecutor.accessTestSuiteMainPhase(TestSuiteExecutor.java:142)
	at com.kms.katalon.core.main.TestSuiteExecutor.execute(TestSuiteExecutor.java:91)
	at com.kms.katalon.core.main.TestCaseMain.startTestSuite(TestCaseMain.java:157)
	at com.kms.katalon.core.main.TestCaseMain$startTestSuite$0.call(Unknown Source)
	at TempTestSuite1591248863359.run(TempTestSuite1591248863359.groovy:36)
Caused by: com.kms.katalon.core.exception.StepFailedException: com.kms.katalon.core.webui.exception.WebElementNotFoundException: Web element with id: 'Object Repository/Christi/Page_Manage Sliders_Edit/div_Data has been updated' located by 'By.xpath: //*[(text() = 'Data has been updated' or . = 'Data has been updated')]' not found
	at com.kms.katalon.core.webui.keyword.internal.WebUIKeywordMain.stepFailed(WebUIKeywordMain.groovy:64)
	at com.kms.katalon.core.webui.keyword.builtin.VerifyElementPresentKeyword$_verifyElementPresent_closure1.doCall(VerifyElementPresentKeyword.groovy:85)
	at com.kms.katalon.core.webui.keyword.builtin.VerifyElementPresentKeyword$_verifyElementPresent_closure1.call(VerifyElementPresentKeyword.groovy)
	at com.kms.katalon.core.webui.keyword.internal.WebUIKeywordMain.runKeyword(WebUIKeywordMain.groovy:20)
	... 19 more
)

2020-06-04 12:37:17 - [TEST_STEP][PASSED] - setText(findTestObject("Object Repository/Christi/Page_Manage Sliders/input_Slider name (edit)"), nama_slider_baru): Text 'WELCOMING KNOWLEDGE' is set on object 'Object Repository/Christi/Page_Manage Sliders/input_Slider name (edit)'

2020-06-04 12:37:18 - [MESSAGE][PASSED] - Text 'WELCOMING KNOWLEDGE' is set on object 'Object Repository/Christi/Page_Manage Sliders/input_Slider name (edit)'

2020-06-04 12:37:18 - [TEST_STEP][PASSED] - click(findTestObject("Object Repository/Christi/Page_Manage Sliders_Edit/button_Update Slider")): Object: 'Object Repository/Christi/Page_Manage Sliders_Edit/button_Update Slider' is clicked on

2020-06-04 12:37:18 - [MESSAGE][PASSED] - Object: 'Object Repository/Christi/Page_Manage Sliders_Edit/button_Update Slider' is clicked on

2020-06-04 12:37:18 - [TEST_STEP][FAILED] - if (expected == "pass"): Unable to verify object 'Object Repository/Christi/Page_Manage Sliders_Edit/div_Data has been updated' is present (Root cause: com.kms.katalon.core.exception.StepFailedException: Unable to verify object 'Object Repository/Christi/Page_Manage Sliders_Edit/div_Data has been updated' is present
	at com.kms.katalon.core.webui.keyword.internal.WebUIKeywordMain.stepFailed(WebUIKeywordMain.groovy:64)
	at com.kms.katalon.core.webui.keyword.internal.WebUIKeywordMain.runKeyword(WebUIKeywordMain.groovy:26)
	at com.kms.katalon.core.webui.keyword.builtin.VerifyElementPresentKeyword.verifyElementPresent(VerifyElementPresentKeyword.groovy:92)
	at com.kms.katalon.core.webui.keyword.builtin.VerifyElementPresentKeyword.execute(VerifyElementPresentKeyword.groovy:68)
	at com.kms.katalon.core.keyword.internal.KeywordExecutor.executeKeywordForPlatform(KeywordExecutor.groovy:60)
	at com.kms.katalon.core.webui.keyword.WebUiBuiltInKeywords.verifyElementPresent(WebUiBuiltInKeywords.groovy:1434)
	at com.kms.katalon.core.webui.keyword.WebUiBuiltInKeywords$verifyElementPresent$3.call(Unknown Source)
	at Manage Slider - Edit.run(Manage Slider - Edit:43)
	at com.kms.katalon.core.main.ScriptEngine.run(ScriptEngine.java:194)
	at com.kms.katalon.core.main.ScriptEngine.runScriptAsRawText(ScriptEngine.java:119)
	at com.kms.katalon.core.main.TestCaseExecutor.runScript(TestCaseExecutor.java:337)
	at com.kms.katalon.core.main.TestCaseExecutor.doExecute(TestCaseExecutor.java:328)
	at com.kms.katalon.core.main.TestCaseExecutor.processExecutionPhase(TestCaseExecutor.java:307)
	at com.kms.katalon.core.main.TestCaseExecutor.accessMainPhase(TestCaseExecutor.java:299)
	at com.kms.katalon.core.main.TestCaseExecutor.execute(TestCaseExecutor.java:233)
	at com.kms.katalon.core.main.TestSuiteExecutor.accessTestCaseMainPhase(TestSuiteExecutor.java:169)
	at com.kms.katalon.core.main.TestSuiteExecutor.accessTestSuiteMainPhase(TestSuiteExecutor.java:142)
	at com.kms.katalon.core.main.TestSuiteExecutor.execute(TestSuiteExecutor.java:91)
	at com.kms.katalon.core.main.TestCaseMain.startTestSuite(TestCaseMain.java:157)
	at com.kms.katalon.core.main.TestCaseMain$startTestSuite$0.call(Unknown Source)
	at TempTestSuite1591248863359.run(TempTestSuite1591248863359.groovy:36)
Caused by: com.kms.katalon.core.exception.StepFailedException: com.kms.katalon.core.webui.exception.WebElementNotFoundException: Web element with id: 'Object Repository/Christi/Page_Manage Sliders_Edit/div_Data has been updated' located by 'By.xpath: //*[(text() = 'Data has been updated' or . = 'Data has been updated')]' not found
	at com.kms.katalon.core.webui.keyword.internal.WebUIKeywordMain.stepFailed(WebUIKeywordMain.groovy:64)
	at com.kms.katalon.core.webui.keyword.builtin.VerifyElementPresentKeyword$_verifyElementPresent_closure1.doCall(VerifyElementPresentKeyword.groovy:85)
	at com.kms.katalon.core.webui.keyword.builtin.VerifyElementPresentKeyword$_verifyElementPresent_closure1.call(VerifyElementPresentKeyword.groovy)
	at com.kms.katalon.core.webui.keyword.internal.WebUIKeywordMain.runKeyword(WebUIKeywordMain.groovy:20)
	... 19 more
)

2020-06-04 12:37:18 - [TEST_STEP][FAILED] - verifyElementPresent(findTestObject("Object Repository/Christi/Page_Manage Sliders_Edit/div_Data has been updated"), 0): Unable to verify object 'Object Repository/Christi/Page_Manage Sliders_Edit/div_Data has been updated' is present (Root cause: com.kms.katalon.core.exception.StepFailedException: Unable to verify object 'Object Repository/Christi/Page_Manage Sliders_Edit/div_Data has been updated' is present
	at com.kms.katalon.core.webui.keyword.internal.WebUIKeywordMain.stepFailed(WebUIKeywordMain.groovy:64)
	at com.kms.katalon.core.webui.keyword.internal.WebUIKeywordMain.runKeyword(WebUIKeywordMain.groovy:26)
	at com.kms.katalon.core.webui.keyword.builtin.VerifyElementPresentKeyword.verifyElementPresent(VerifyElementPresentKeyword.groovy:92)
	at com.kms.katalon.core.webui.keyword.builtin.VerifyElementPresentKeyword.execute(VerifyElementPresentKeyword.groovy:68)
	at com.kms.katalon.core.keyword.internal.KeywordExecutor.executeKeywordForPlatform(KeywordExecutor.groovy:60)
	at com.kms.katalon.core.webui.keyword.WebUiBuiltInKeywords.verifyElementPresent(WebUiBuiltInKeywords.groovy:1434)
	at com.kms.katalon.core.webui.keyword.WebUiBuiltInKeywords$verifyElementPresent$3.call(Unknown Source)
	at Manage Slider - Edit.run(Manage Slider - Edit:43)
	at com.kms.katalon.core.main.ScriptEngine.run(ScriptEngine.java:194)
	at com.kms.katalon.core.main.ScriptEngine.runScriptAsRawText(ScriptEngine.java:119)
	at com.kms.katalon.core.main.TestCaseExecutor.runScript(TestCaseExecutor.java:337)
	at com.kms.katalon.core.main.TestCaseExecutor.doExecute(TestCaseExecutor.java:328)
	at com.kms.katalon.core.main.TestCaseExecutor.processExecutionPhase(TestCaseExecutor.java:307)
	at com.kms.katalon.core.main.TestCaseExecutor.accessMainPhase(TestCaseExecutor.java:299)
	at com.kms.katalon.core.main.TestCaseExecutor.execute(TestCaseExecutor.java:233)
	at com.kms.katalon.core.main.TestSuiteExecutor.accessTestCaseMainPhase(TestSuiteExecutor.java:169)
	at com.kms.katalon.core.main.TestSuiteExecutor.accessTestSuiteMainPhase(TestSuiteExecutor.java:142)
	at com.kms.katalon.core.main.TestSuiteExecutor.execute(TestSuiteExecutor.java:91)
	at com.kms.katalon.core.main.TestCaseMain.startTestSuite(TestCaseMain.java:157)
	at com.kms.katalon.core.main.TestCaseMain$startTestSuite$0.call(Unknown Source)
	at TempTestSuite1591248863359.run(TempTestSuite1591248863359.groovy:36)
Caused by: com.kms.katalon.core.exception.StepFailedException: com.kms.katalon.core.webui.exception.WebElementNotFoundException: Web element with id: 'Object Repository/Christi/Page_Manage Sliders_Edit/div_Data has been updated' located by 'By.xpath: //*[(text() = 'Data has been updated' or . = 'Data has been updated')]' not found
	at com.kms.katalon.core.webui.keyword.internal.WebUIKeywordMain.stepFailed(WebUIKeywordMain.groovy:64)
	at com.kms.katalon.core.webui.keyword.builtin.VerifyElementPresentKeyword$_verifyElementPresent_closure1.doCall(VerifyElementPresentKeyword.groovy:85)
	at com.kms.katalon.core.webui.keyword.builtin.VerifyElementPresentKeyword$_verifyElementPresent_closure1.call(VerifyElementPresentKeyword.groovy)
	at com.kms.katalon.core.webui.keyword.internal.WebUIKeywordMain.runKeyword(WebUIKeywordMain.groovy:20)
	... 19 more
)

2020-06-04 12:37:18 - [MESSAGE][WARNING] - Timeout '0' is invalid. Using default page load timeout: '30'

2020-06-04 12:38:01 - [MESSAGE][INFO] - Unable to find the element located by 'By.xpath: //*[(text() = 'Data has been updated' or . = 'Data has been updated')]'. Please recheck the objects properties to make sure the desired element is located. 

2020-06-04 12:38:02 - [MESSAGE][FAILED] - com.kms.katalon.core.webui.exception.WebElementNotFoundException: Web element with id: 'Object Repository/Christi/Page_Manage Sliders_Edit/div_Data has been updated' located by 'By.xpath: //*[(text() = 'Data has been updated' or . = 'Data has been updated')]' not found (Root cause: com.kms.katalon.core.exception.StepFailedException: com.kms.katalon.core.webui.exception.WebElementNotFoundException: Web element with id: 'Object Repository/Christi/Page_Manage Sliders_Edit/div_Data has been updated' located by 'By.xpath: //*[(text() = 'Data has been updated' or . = 'Data has been updated')]' not found
	at com.kms.katalon.core.webui.keyword.internal.WebUIKeywordMain.stepFailed(WebUIKeywordMain.groovy:64)
	at com.kms.katalon.core.webui.keyword.builtin.VerifyElementPresentKeyword$_verifyElementPresent_closure1.doCall(VerifyElementPresentKeyword.groovy:85)
	at com.kms.katalon.core.webui.keyword.builtin.VerifyElementPresentKeyword$_verifyElementPresent_closure1.call(VerifyElementPresentKeyword.groovy)
	at com.kms.katalon.core.webui.keyword.internal.WebUIKeywordMain.runKeyword(WebUIKeywordMain.groovy:20)
	at com.kms.katalon.core.webui.keyword.builtin.VerifyElementPresentKeyword.verifyElementPresent(VerifyElementPresentKeyword.groovy:92)
	at com.kms.katalon.core.webui.keyword.builtin.VerifyElementPresentKeyword.execute(VerifyElementPresentKeyword.groovy:68)
	at com.kms.katalon.core.keyword.internal.KeywordExecutor.executeKeywordForPlatform(KeywordExecutor.groovy:60)
	at com.kms.katalon.core.webui.keyword.WebUiBuiltInKeywords.verifyElementPresent(WebUiBuiltInKeywords.groovy:1434)
	at com.kms.katalon.core.webui.keyword.WebUiBuiltInKeywords$verifyElementPresent$3.call(Unknown Source)
	at Manage Slider - Edit.run(Manage Slider - Edit:43)
	at com.kms.katalon.core.main.ScriptEngine.run(ScriptEngine.java:194)
	at com.kms.katalon.core.main.ScriptEngine.runScriptAsRawText(ScriptEngine.java:119)
	at com.kms.katalon.core.main.TestCaseExecutor.runScript(TestCaseExecutor.java:337)
	at com.kms.katalon.core.main.TestCaseExecutor.doExecute(TestCaseExecutor.java:328)
	at com.kms.katalon.core.main.TestCaseExecutor.processExecutionPhase(TestCaseExecutor.java:307)
	at com.kms.katalon.core.main.TestCaseExecutor.accessMainPhase(TestCaseExecutor.java:299)
	at com.kms.katalon.core.main.TestCaseExecutor.execute(TestCaseExecutor.java:233)
	at com.kms.katalon.core.main.TestSuiteExecutor.accessTestCaseMainPhase(TestSuiteExecutor.java:169)
	at com.kms.katalon.core.main.TestSuiteExecutor.accessTestSuiteMainPhase(TestSuiteExecutor.java:142)
	at com.kms.katalon.core.main.TestSuiteExecutor.execute(TestSuiteExecutor.java:91)
	at com.kms.katalon.core.main.TestCaseMain.startTestSuite(TestCaseMain.java:157)
	at com.kms.katalon.core.main.TestCaseMain$startTestSuite$0.call(Unknown Source)
	at TempTestSuite1591248863359.run(TempTestSuite1591248863359.groovy:36)
)
[[ATTACHMENT|C:\\Users\\ASUS\\git\\LearningManagementWeb\\Reports\\20200604_123423\\Christi\\Manage Slider\\20200604_123423\\1591249081754.png]]

2020-06-04 12:38:02 - [MESSAGE][FAILED] - Unable to verify object 'Object Repository/Christi/Page_Manage Sliders_Edit/div_Data has been updated' is present (Root cause: com.kms.katalon.core.exception.StepFailedException: Unable to verify object 'Object Repository/Christi/Page_Manage Sliders_Edit/div_Data has been updated' is present
	at com.kms.katalon.core.webui.keyword.internal.WebUIKeywordMain.stepFailed(WebUIKeywordMain.groovy:64)
	at com.kms.katalon.core.webui.keyword.internal.WebUIKeywordMain.runKeyword(WebUIKeywordMain.groovy:26)
	at com.kms.katalon.core.webui.keyword.builtin.VerifyElementPresentKeyword.verifyElementPresent(VerifyElementPresentKeyword.groovy:92)
	at com.kms.katalon.core.webui.keyword.builtin.VerifyElementPresentKeyword.execute(VerifyElementPresentKeyword.groovy:68)
	at com.kms.katalon.core.keyword.internal.KeywordExecutor.executeKeywordForPlatform(KeywordExecutor.groovy:60)
	at com.kms.katalon.core.webui.keyword.WebUiBuiltInKeywords.verifyElementPresent(WebUiBuiltInKeywords.groovy:1434)
	at com.kms.katalon.core.webui.keyword.WebUiBuiltInKeywords$verifyElementPresent$3.call(Unknown Source)
	at Manage Slider - Edit.run(Manage Slider - Edit:43)
	at com.kms.katalon.core.main.ScriptEngine.run(ScriptEngine.java:194)
	at com.kms.katalon.core.main.ScriptEngine.runScriptAsRawText(ScriptEngine.java:119)
	at com.kms.katalon.core.main.TestCaseExecutor.runScript(TestCaseExecutor.java:337)
	at com.kms.katalon.core.main.TestCaseExecutor.doExecute(TestCaseExecutor.java:328)
	at com.kms.katalon.core.main.TestCaseExecutor.processExecutionPhase(TestCaseExecutor.java:307)
	at com.kms.katalon.core.main.TestCaseExecutor.accessMainPhase(TestCaseExecutor.java:299)
	at com.kms.katalon.core.main.TestCaseExecutor.execute(TestCaseExecutor.java:233)
	at com.kms.katalon.core.main.TestSuiteExecutor.accessTestCaseMainPhase(TestSuiteExecutor.java:169)
	at com.kms.katalon.core.main.TestSuiteExecutor.accessTestSuiteMainPhase(TestSuiteExecutor.java:142)
	at com.kms.katalon.core.main.TestSuiteExecutor.execute(TestSuiteExecutor.java:91)
	at com.kms.katalon.core.main.TestCaseMain.startTestSuite(TestCaseMain.java:157)
	at com.kms.katalon.core.main.TestCaseMain$startTestSuite$0.call(Unknown Source)
	at TempTestSuite1591248863359.run(TempTestSuite1591248863359.groovy:36)
Caused by: com.kms.katalon.core.exception.StepFailedException: com.kms.katalon.core.webui.exception.WebElementNotFoundException: Web element with id: 'Object Repository/Christi/Page_Manage Sliders_Edit/div_Data has been updated' located by 'By.xpath: //*[(text() = 'Data has been updated' or . = 'Data has been updated')]' not found
	at com.kms.katalon.core.webui.keyword.internal.WebUIKeywordMain.stepFailed(WebUIKeywordMain.groovy:64)
	at com.kms.katalon.core.webui.keyword.builtin.VerifyElementPresentKeyword$_verifyElementPresent_closure1.doCall(VerifyElementPresentKeyword.groovy:85)
	at com.kms.katalon.core.webui.keyword.builtin.VerifyElementPresentKeyword$_verifyElementPresent_closure1.call(VerifyElementPresentKeyword.groovy)
	at com.kms.katalon.core.webui.keyword.internal.WebUIKeywordMain.runKeyword(WebUIKeywordMain.groovy:20)
	... 19 more
)
[[ATTACHMENT|C:\\Users\\ASUS\\git\\LearningManagementWeb\\Reports\\20200604_123423\\Christi\\Manage Slider\\20200604_123423\\1591249082199.png]]]]></system-out>
         <system-err><![CDATA[2020-06-04 12:36:23 - [TEST_CASE][FAILED] - Test Cases/Christi/Admin/Manage Slider - Edit: Test Cases/Christi/Admin/Manage Slider - Edit FAILED.
Reason:
com.kms.katalon.core.exception.StepFailedException: Unable to verify object 'Object Repository/Christi/Page_Manage Sliders_Edit/div_Data has been updated' is present
	at com.kms.katalon.core.webui.keyword.internal.WebUIKeywordMain.stepFailed(WebUIKeywordMain.groovy:64)
	at com.kms.katalon.core.webui.keyword.internal.WebUIKeywordMain.runKeyword(WebUIKeywordMain.groovy:26)
	at com.kms.katalon.core.webui.keyword.builtin.VerifyElementPresentKeyword.verifyElementPresent(VerifyElementPresentKeyword.groovy:92)
	at com.kms.katalon.core.webui.keyword.builtin.VerifyElementPresentKeyword.execute(VerifyElementPresentKeyword.groovy:68)
	at com.kms.katalon.core.keyword.internal.KeywordExecutor.executeKeywordForPlatform(KeywordExecutor.groovy:60)
	at com.kms.katalon.core.webui.keyword.WebUiBuiltInKeywords.verifyElementPresent(WebUiBuiltInKeywords.groovy:1434)
	at com.kms.katalon.core.webui.keyword.WebUiBuiltInKeywords$verifyElementPresent$3.call(Unknown Source)
	at Manage Slider - Edit.run(Manage Slider - Edit:43)
	at com.kms.katalon.core.main.ScriptEngine.run(ScriptEngine.java:194)
	at com.kms.katalon.core.main.ScriptEngine.runScriptAsRawText(ScriptEngine.java:119)
	at com.kms.katalon.core.main.TestCaseExecutor.runScript(TestCaseExecutor.java:337)
	at com.kms.katalon.core.main.TestCaseExecutor.doExecute(TestCaseExecutor.java:328)
	at com.kms.katalon.core.main.TestCaseExecutor.processExecutionPhase(TestCaseExecutor.java:307)
	at com.kms.katalon.core.main.TestCaseExecutor.accessMainPhase(TestCaseExecutor.java:299)
	at com.kms.katalon.core.main.TestCaseExecutor.execute(TestCaseExecutor.java:233)
	at com.kms.katalon.core.main.TestSuiteExecutor.accessTestCaseMainPhase(TestSuiteExecutor.java:169)
	at com.kms.katalon.core.main.TestSuiteExecutor.accessTestSuiteMainPhase(TestSuiteExecutor.java:142)
	at com.kms.katalon.core.main.TestSuiteExecutor.execute(TestSuiteExecutor.java:91)
	at com.kms.katalon.core.main.TestCaseMain.startTestSuite(TestCaseMain.java:157)
	at com.kms.katalon.core.main.TestCaseMain$startTestSuite$0.call(Unknown Source)
	at TempTestSuite1591248863359.run(TempTestSuite1591248863359.groovy:36)
Caused by: com.kms.katalon.core.exception.StepFailedException: com.kms.katalon.core.webui.exception.WebElementNotFoundException: Web element with id: 'Object Repository/Christi/Page_Manage Sliders_Edit/div_Data has been updated' located by 'By.xpath: //*[(text() = 'Data has been updated' or . = 'Data has been updated')]' not found
	at com.kms.katalon.core.webui.keyword.internal.WebUIKeywordMain.stepFailed(WebUIKeywordMain.groovy:64)
	at com.kms.katalon.core.webui.keyword.builtin.VerifyElementPresentKeyword$_verifyElementPresent_closure1.doCall(VerifyElementPresentKeyword.groovy:85)
	at com.kms.katalon.core.webui.keyword.builtin.VerifyElementPresentKeyword$_verifyElementPresent_closure1.call(VerifyElementPresentKeyword.groovy)
	at com.kms.katalon.core.webui.keyword.internal.WebUIKeywordMain.runKeyword(WebUIKeywordMain.groovy:20)
	... 19 more]]></system-err>
      </testcase>
      <testcase name="Test Cases/Christi/Admin/Manage Slider - Edit" time="105.287" classname="Test Cases/Christi/Admin/Manage Slider - Edit" status="FAILED">
         <failure type="FAILED" message="Test Cases/Christi/Admin/Manage Slider - Edit FAILED.
Reason:
com.kms.katalon.core.exception.StepFailedException: Unable to verify object 'Object Repository/Christi/Page_Manage Sliders_Edit/div_Data has been updated' is present
	at com.kms.katalon.core.webui.keyword.internal.WebUIKeywordMain.stepFailed(WebUIKeywordMain.groovy:64)
	at com.kms.katalon.core.webui.keyword.internal.WebUIKeywordMain.runKeyword(WebUIKeywordMain.groovy:26)
	at com.kms.katalon.core.webui.keyword.builtin.VerifyElementPresentKeyword.verifyElementPresent(VerifyElementPresentKeyword.groovy:92)
	at com.kms.katalon.core.webui.keyword.builtin.VerifyElementPresentKeyword.execute(VerifyElementPresentKeyword.groovy:68)
	at com.kms.katalon.core.keyword.internal.KeywordExecutor.executeKeywordForPlatform(KeywordExecutor.groovy:60)
	at com.kms.katalon.core.webui.keyword.WebUiBuiltInKeywords.verifyElementPresent(WebUiBuiltInKeywords.groovy:1434)
	at com.kms.katalon.core.webui.keyword.WebUiBuiltInKeywords$verifyElementPresent$3.call(Unknown Source)
	at Manage Slider - Edit.run(Manage Slider - Edit:64)
	at com.kms.katalon.core.main.ScriptEngine.run(ScriptEngine.java:194)
	at com.kms.katalon.core.main.ScriptEngine.runScriptAsRawText(ScriptEngine.java:119)
	at com.kms.katalon.core.main.TestCaseExecutor.runScript(TestCaseExecutor.java:337)
	at com.kms.katalon.core.main.TestCaseExecutor.doExecute(TestCaseExecutor.java:328)
	at com.kms.katalon.core.main.TestCaseExecutor.processExecutionPhase(TestCaseExecutor.java:307)
	at com.kms.katalon.core.main.TestCaseExecutor.accessMainPhase(TestCaseExecutor.java:299)
	at com.kms.katalon.core.main.TestCaseExecutor.execute(TestCaseExecutor.java:233)
	at com.kms.katalon.core.main.TestSuiteExecutor.accessTestCaseMainPhase(TestSuiteExecutor.java:169)
	at com.kms.katalon.core.main.TestSuiteExecutor.accessTestSuiteMainPhase(TestSuiteExecutor.java:142)
	at com.kms.katalon.core.main.TestSuiteExecutor.execute(TestSuiteExecutor.java:91)
	at com.kms.katalon.core.main.TestCaseMain.startTestSuite(TestCaseMain.java:157)
	at com.kms.katalon.core.main.TestCaseMain$startTestSuite$0.call(Unknown Source)
	at TempTestSuite1591248863359.run(TempTestSuite1591248863359.groovy:36)
Caused by: com.kms.katalon.core.exception.StepFailedException: com.kms.katalon.core.webui.exception.WebElementNotFoundException: Web element with id: 'Object Repository/Christi/Page_Manage Sliders_Edit/div_Data has been updated' located by 'By.xpath: //*[(text() = 'Data has been updated' or . = 'Data has been updated')]' not found
	at com.kms.katalon.core.webui.keyword.internal.WebUIKeywordMain.stepFailed(WebUIKeywordMain.groovy:64)
	at com.kms.katalon.core.webui.keyword.builtin.VerifyElementPresentKeyword$_verifyElementPresent_closure1.doCall(VerifyElementPresentKeyword.groovy:85)
	at com.kms.katalon.core.webui.keyword.builtin.VerifyElementPresentKeyword$_verifyElementPresent_closure1.call(VerifyElementPresentKeyword.groovy)
	at com.kms.katalon.core.webui.keyword.internal.WebUIKeywordMain.runKeyword(WebUIKeywordMain.groovy:20)
	... 19 more
"/>
         <system-out><![CDATA[2020-06-04 12:38:02 - [TEST_CASE][FAILED] - Test Cases/Christi/Admin/Manage Slider - Edit: Test Cases/Christi/Admin/Manage Slider - Edit FAILED.
Reason:
com.kms.katalon.core.exception.StepFailedException: Unable to verify object 'Object Repository/Christi/Page_Manage Sliders_Edit/div_Data has been updated' is present
	at com.kms.katalon.core.webui.keyword.internal.WebUIKeywordMain.stepFailed(WebUIKeywordMain.groovy:64)
	at com.kms.katalon.core.webui.keyword.internal.WebUIKeywordMain.runKeyword(WebUIKeywordMain.groovy:26)
	at com.kms.katalon.core.webui.keyword.builtin.VerifyElementPresentKeyword.verifyElementPresent(VerifyElementPresentKeyword.groovy:92)
	at com.kms.katalon.core.webui.keyword.builtin.VerifyElementPresentKeyword.execute(VerifyElementPresentKeyword.groovy:68)
	at com.kms.katalon.core.keyword.internal.KeywordExecutor.executeKeywordForPlatform(KeywordExecutor.groovy:60)
	at com.kms.katalon.core.webui.keyword.WebUiBuiltInKeywords.verifyElementPresent(WebUiBuiltInKeywords.groovy:1434)
	at com.kms.katalon.core.webui.keyword.WebUiBuiltInKeywords$verifyElementPresent$3.call(Unknown Source)
	at Manage Slider - Edit.run(Manage Slider - Edit:64)
	at com.kms.katalon.core.main.ScriptEngine.run(ScriptEngine.java:194)
	at com.kms.katalon.core.main.ScriptEngine.runScriptAsRawText(ScriptEngine.java:119)
	at com.kms.katalon.core.main.TestCaseExecutor.runScript(TestCaseExecutor.java:337)
	at com.kms.katalon.core.main.TestCaseExecutor.doExecute(TestCaseExecutor.java:328)
	at com.kms.katalon.core.main.TestCaseExecutor.processExecutionPhase(TestCaseExecutor.java:307)
	at com.kms.katalon.core.main.TestCaseExecutor.accessMainPhase(TestCaseExecutor.java:299)
	at com.kms.katalon.core.main.TestCaseExecutor.execute(TestCaseExecutor.java:233)
	at com.kms.katalon.core.main.TestSuiteExecutor.accessTestCaseMainPhase(TestSuiteExecutor.java:169)
	at com.kms.katalon.core.main.TestSuiteExecutor.accessTestSuiteMainPhase(TestSuiteExecutor.java:142)
	at com.kms.katalon.core.main.TestSuiteExecutor.execute(TestSuiteExecutor.java:91)
	at com.kms.katalon.core.main.TestCaseMain.startTestSuite(TestCaseMain.java:157)
	at com.kms.katalon.core.main.TestCaseMain$startTestSuite$0.call(Unknown Source)
	at TempTestSuite1591248863359.run(TempTestSuite1591248863359.groovy:36)
Caused by: com.kms.katalon.core.exception.StepFailedException: com.kms.katalon.core.webui.exception.WebElementNotFoundException: Web element with id: 'Object Repository/Christi/Page_Manage Sliders_Edit/div_Data has been updated' located by 'By.xpath: //*[(text() = 'Data has been updated' or . = 'Data has been updated')]' not found
	at com.kms.katalon.core.webui.keyword.internal.WebUIKeywordMain.stepFailed(WebUIKeywordMain.groovy:64)
	at com.kms.katalon.core.webui.keyword.builtin.VerifyElementPresentKeyword$_verifyElementPresent_closure1.doCall(VerifyElementPresentKeyword.groovy:85)
	at com.kms.katalon.core.webui.keyword.builtin.VerifyElementPresentKeyword$_verifyElementPresent_closure1.call(VerifyElementPresentKeyword.groovy)
	at com.kms.katalon.core.webui.keyword.internal.WebUIKeywordMain.runKeyword(WebUIKeywordMain.groovy:20)
	... 19 more


2020-06-04 12:38:02 - [TEST_STEP][PASSED] - callTestCase(findTestCase("Christi/Admin/admin login"), ["username":"11666", "password":"Password3"], STOP_ON_FAILURE): Call Test Case 'Test Cases/Christi/Admin/admin login' successfully

2020-06-04 12:38:02 - [TEST_CASE][PASSED] - Test Cases/Christi/Admin/admin login: Test Cases/Christi/Admin/admin login

2020-06-04 12:38:02 - [TEST_STEP][PASSED] - openBrowser(""): Browser is opened with url: ''

2020-06-04 12:38:02 - [MESSAGE][WARNING] - A browser is already opened. Closing browser and opening a new one

2020-06-04 12:38:04 - [MESSAGE][INFO] - Starting 'Chrome' driver

2020-06-04 12:38:06 - [MESSAGE][PASSED] - Browser is opened with url: ''

2020-06-04 12:38:06 - [TEST_STEP][PASSED] - navigateToUrl("https://appsrv1.deltadatamandiri.com/ACC_LMS_WEB/#/admNLmn"): Navigate to 'https://appsrv1.deltadatamandiri.com/ACC_LMS_WEB/#/admNLmn' successfully

2020-06-04 12:38:25 - [MESSAGE][PASSED] - Navigate to 'https://appsrv1.deltadatamandiri.com/ACC_LMS_WEB/#/admNLmn' successfully

2020-06-04 12:38:25 - [TEST_STEP][PASSED] - click(findTestObject("Christi/Page_Main/button_login")): Object: 'Object Repository/Christi/Page_Main/button_login' is clicked on

2020-06-04 12:38:31 - [MESSAGE][ERROR] - javascript error: Failed to execute 'elementsFromPoint' on 'Document': The provided double value is non-finite.
  (Session info: chrome=83.0.4103.61)
Build info: version: '3.141.59', revision: 'e82be7d358', time: '2018-11-14T08:25:53'
System info: host: 'LAPTOP-D0TPACJ1', ip: '192.168.100.227', os.name: 'Windows 10', os.arch: 'amd64', os.version: '10.0', java.version: '1.8.0_181'
Driver info: com.kms.katalon.selenium.driver.CChromeDriver
Capabilities {acceptInsecureCerts: false, browserName: chrome, browserVersion: 83.0.4103.61, chrome: {chromedriverVersion: 83.0.4103.39 (ccbf011cb2d2b..., userDataDir: C:\Users\ASUS\AppData\Local...}, goog:chromeOptions: {debuggerAddress: localhost:55256}, javascriptEnabled: true, networkConnectionEnabled: false, pageLoadStrategy: normal, platform: WINDOWS, platformName: WINDOWS, proxy: Proxy(), setWindowRect: true, strictFileInteractability: false, timeouts: {implicit: 0, pageLoad: 300000, script: 30000}, unhandledPromptBehavior: dismiss and notify, webauthn:virtualAuthenticators: true}
Session ID: 717014658ec0cd044285b5fc85480c95

2020-06-04 12:38:32 - [MESSAGE][PASSED] - Object: 'Object Repository/Christi/Page_Main/button_login' is clicked on

2020-06-04 12:38:32 - [TEST_STEP][PASSED] - delay(3): Delayed 3 second(s)

2020-06-04 12:38:35 - [MESSAGE][PASSED] - Delayed 3 second(s)

2020-06-04 12:38:35 - [TEST_STEP][PASSED] - setText(findTestObject("Object Repository/Christi/Page_Main/input_NPK_username"), username): Text '11666' is set on object 'Object Repository/Christi/Page_Main/input_NPK_username'

2020-06-04 12:38:35 - [MESSAGE][PASSED] - Text '11666' is set on object 'Object Repository/Christi/Page_Main/input_NPK_username'

2020-06-04 12:38:35 - [TEST_STEP][PASSED] - setText(findTestObject("Object Repository/Christi/Page_Main/input_Password_password"), password): Text 'Password3' is set on object 'Object Repository/Christi/Page_Main/input_Password_password'

2020-06-04 12:38:36 - [MESSAGE][PASSED] - Text 'Password3' is set on object 'Object Repository/Christi/Page_Main/input_Password_password'

2020-06-04 12:38:36 - [TEST_STEP][PASSED] - delay(5): Delayed 5 second(s)

2020-06-04 12:38:41 - [MESSAGE][PASSED] - Delayed 5 second(s)

2020-06-04 12:38:41 - [TEST_STEP][PASSED] - click(findTestObject("Rizka/Admin/Admin - Login/btnLogin2")): Object: 'Object Repository/Rizka/Admin/Admin - Login/btnLogin2' is clicked on

2020-06-04 12:38:41 - [MESSAGE][PASSED] - Object: 'Object Repository/Rizka/Admin/Admin - Login/btnLogin2' is clicked on

2020-06-04 12:38:41 - [TEST_STEP][PASSED] - delay(5): Delayed 5 second(s)

2020-06-04 12:38:46 - [MESSAGE][PASSED] - Delayed 5 second(s)

2020-06-04 12:38:46 - [MESSAGE][PASSED] - Call Test Case 'Test Cases/Christi/Admin/admin login' successfully

2020-06-04 12:38:46 - [TEST_STEP][PASSED] - delay(3): Delayed 3 second(s)

2020-06-04 12:38:49 - [MESSAGE][PASSED] - Delayed 3 second(s)

2020-06-04 12:38:49 - [TEST_STEP][PASSED] - click(findTestObject("Object Repository/Christi/Page_Dashboard Admin/span_Manage Slider")): Object: 'Object Repository/Christi/Page_Dashboard Admin/span_Manage Slider' is clicked on

2020-06-04 12:38:51 - [MESSAGE][PASSED] - Object: 'Object Repository/Christi/Page_Dashboard Admin/span_Manage Slider' is clicked on

2020-06-04 12:38:51 - [TEST_STEP][PASSED] - delay(3): Delayed 3 second(s)

2020-06-04 12:38:54 - [MESSAGE][PASSED] - Delayed 3 second(s)

2020-06-04 12:38:54 - [TEST_STEP][FAILED] - if (find_slider == "found"): Unable to verify object 'Object Repository/Christi/Page_Manage Sliders_Edit/div_Data has been updated' is present (Root cause: com.kms.katalon.core.exception.StepFailedException: Unable to verify object 'Object Repository/Christi/Page_Manage Sliders_Edit/div_Data has been updated' is present
	at com.kms.katalon.core.webui.keyword.internal.WebUIKeywordMain.stepFailed(WebUIKeywordMain.groovy:64)
	at com.kms.katalon.core.webui.keyword.internal.WebUIKeywordMain.runKeyword(WebUIKeywordMain.groovy:26)
	at com.kms.katalon.core.webui.keyword.builtin.VerifyElementPresentKeyword.verifyElementPresent(VerifyElementPresentKeyword.groovy:92)
	at com.kms.katalon.core.webui.keyword.builtin.VerifyElementPresentKeyword.execute(VerifyElementPresentKeyword.groovy:68)
	at com.kms.katalon.core.keyword.internal.KeywordExecutor.executeKeywordForPlatform(KeywordExecutor.groovy:60)
	at com.kms.katalon.core.webui.keyword.WebUiBuiltInKeywords.verifyElementPresent(WebUiBuiltInKeywords.groovy:1434)
	at com.kms.katalon.core.webui.keyword.WebUiBuiltInKeywords$verifyElementPresent$3.call(Unknown Source)
	at Manage Slider - Edit.run(Manage Slider - Edit:64)
	at com.kms.katalon.core.main.ScriptEngine.run(ScriptEngine.java:194)
	at com.kms.katalon.core.main.ScriptEngine.runScriptAsRawText(ScriptEngine.java:119)
	at com.kms.katalon.core.main.TestCaseExecutor.runScript(TestCaseExecutor.java:337)
	at com.kms.katalon.core.main.TestCaseExecutor.doExecute(TestCaseExecutor.java:328)
	at com.kms.katalon.core.main.TestCaseExecutor.processExecutionPhase(TestCaseExecutor.java:307)
	at com.kms.katalon.core.main.TestCaseExecutor.accessMainPhase(TestCaseExecutor.java:299)
	at com.kms.katalon.core.main.TestCaseExecutor.execute(TestCaseExecutor.java:233)
	at com.kms.katalon.core.main.TestSuiteExecutor.accessTestCaseMainPhase(TestSuiteExecutor.java:169)
	at com.kms.katalon.core.main.TestSuiteExecutor.accessTestSuiteMainPhase(TestSuiteExecutor.java:142)
	at com.kms.katalon.core.main.TestSuiteExecutor.execute(TestSuiteExecutor.java:91)
	at com.kms.katalon.core.main.TestCaseMain.startTestSuite(TestCaseMain.java:157)
	at com.kms.katalon.core.main.TestCaseMain$startTestSuite$0.call(Unknown Source)
	at TempTestSuite1591248863359.run(TempTestSuite1591248863359.groovy:36)
Caused by: com.kms.katalon.core.exception.StepFailedException: com.kms.katalon.core.webui.exception.WebElementNotFoundException: Web element with id: 'Object Repository/Christi/Page_Manage Sliders_Edit/div_Data has been updated' located by 'By.xpath: //*[(text() = 'Data has been updated' or . = 'Data has been updated')]' not found
	at com.kms.katalon.core.webui.keyword.internal.WebUIKeywordMain.stepFailed(WebUIKeywordMain.groovy:64)
	at com.kms.katalon.core.webui.keyword.builtin.VerifyElementPresentKeyword$_verifyElementPresent_closure1.doCall(VerifyElementPresentKeyword.groovy:85)
	at com.kms.katalon.core.webui.keyword.builtin.VerifyElementPresentKeyword$_verifyElementPresent_closure1.call(VerifyElementPresentKeyword.groovy)
	at com.kms.katalon.core.webui.keyword.internal.WebUIKeywordMain.runKeyword(WebUIKeywordMain.groovy:20)
	... 19 more
)

2020-06-04 12:38:54 - [TEST_STEP][PASSED] - verifyElementPresent(findTestObject("Christi/Page_Manage Sliders/label_Slider", ["text":nama_slider]), 3): Object 'Object Repository/Christi/Page_Manage Sliders/label_Slider' is present

2020-06-04 12:38:55 - [MESSAGE][PASSED] - Object 'Object Repository/Christi/Page_Manage Sliders/label_Slider' is present

2020-06-04 12:38:55 - [TEST_STEP][PASSED] - delay(3): Delayed 3 second(s)

2020-06-04 12:38:58 - [MESSAGE][PASSED] - Delayed 3 second(s)

2020-06-04 12:38:58 - [TEST_STEP][PASSED] - click(findTestObject("Object Repository/Christi/Page_Manage Sliders/span_Edit NEOP SERVICE")): Object: 'Object Repository/Christi/Page_Manage Sliders/span_Edit NEOP SERVICE' is clicked on

2020-06-04 12:38:59 - [MESSAGE][PASSED] - Object: 'Object Repository/Christi/Page_Manage Sliders/span_Edit NEOP SERVICE' is clicked on

2020-06-04 12:38:59 - [TEST_STEP][PASSED] - delay(3): Delayed 3 second(s)

2020-06-04 12:39:02 - [MESSAGE][PASSED] - Delayed 3 second(s)

2020-06-04 12:39:02 - [TEST_STEP][FAILED] - switch (edit.toString()): Unable to verify object 'Object Repository/Christi/Page_Manage Sliders_Edit/div_Data has been updated' is present (Root cause: com.kms.katalon.core.exception.StepFailedException: Unable to verify object 'Object Repository/Christi/Page_Manage Sliders_Edit/div_Data has been updated' is present
	at com.kms.katalon.core.webui.keyword.internal.WebUIKeywordMain.stepFailed(WebUIKeywordMain.groovy:64)
	at com.kms.katalon.core.webui.keyword.internal.WebUIKeywordMain.runKeyword(WebUIKeywordMain.groovy:26)
	at com.kms.katalon.core.webui.keyword.builtin.VerifyElementPresentKeyword.verifyElementPresent(VerifyElementPresentKeyword.groovy:92)
	at com.kms.katalon.core.webui.keyword.builtin.VerifyElementPresentKeyword.execute(VerifyElementPresentKeyword.groovy:68)
	at com.kms.katalon.core.keyword.internal.KeywordExecutor.executeKeywordForPlatform(KeywordExecutor.groovy:60)
	at com.kms.katalon.core.webui.keyword.WebUiBuiltInKeywords.verifyElementPresent(WebUiBuiltInKeywords.groovy:1434)
	at com.kms.katalon.core.webui.keyword.WebUiBuiltInKeywords$verifyElementPresent$3.call(Unknown Source)
	at Manage Slider - Edit.run(Manage Slider - Edit:64)
	at com.kms.katalon.core.main.ScriptEngine.run(ScriptEngine.java:194)
	at com.kms.katalon.core.main.ScriptEngine.runScriptAsRawText(ScriptEngine.java:119)
	at com.kms.katalon.core.main.TestCaseExecutor.runScript(TestCaseExecutor.java:337)
	at com.kms.katalon.core.main.TestCaseExecutor.doExecute(TestCaseExecutor.java:328)
	at com.kms.katalon.core.main.TestCaseExecutor.processExecutionPhase(TestCaseExecutor.java:307)
	at com.kms.katalon.core.main.TestCaseExecutor.accessMainPhase(TestCaseExecutor.java:299)
	at com.kms.katalon.core.main.TestCaseExecutor.execute(TestCaseExecutor.java:233)
	at com.kms.katalon.core.main.TestSuiteExecutor.accessTestCaseMainPhase(TestSuiteExecutor.java:169)
	at com.kms.katalon.core.main.TestSuiteExecutor.accessTestSuiteMainPhase(TestSuiteExecutor.java:142)
	at com.kms.katalon.core.main.TestSuiteExecutor.execute(TestSuiteExecutor.java:91)
	at com.kms.katalon.core.main.TestCaseMain.startTestSuite(TestCaseMain.java:157)
	at com.kms.katalon.core.main.TestCaseMain$startTestSuite$0.call(Unknown Source)
	at TempTestSuite1591248863359.run(TempTestSuite1591248863359.groovy:36)
Caused by: com.kms.katalon.core.exception.StepFailedException: com.kms.katalon.core.webui.exception.WebElementNotFoundException: Web element with id: 'Object Repository/Christi/Page_Manage Sliders_Edit/div_Data has been updated' located by 'By.xpath: //*[(text() = 'Data has been updated' or . = 'Data has been updated')]' not found
	at com.kms.katalon.core.webui.keyword.internal.WebUIKeywordMain.stepFailed(WebUIKeywordMain.groovy:64)
	at com.kms.katalon.core.webui.keyword.builtin.VerifyElementPresentKeyword$_verifyElementPresent_closure1.doCall(VerifyElementPresentKeyword.groovy:85)
	at com.kms.katalon.core.webui.keyword.builtin.VerifyElementPresentKeyword$_verifyElementPresent_closure1.call(VerifyElementPresentKeyword.groovy)
	at com.kms.katalon.core.webui.keyword.internal.WebUIKeywordMain.runKeyword(WebUIKeywordMain.groovy:20)
	... 19 more
)

2020-06-04 12:39:02 - [TEST_STEP][FAILED] - case "url slider":: Unable to verify object 'Object Repository/Christi/Page_Manage Sliders_Edit/div_Data has been updated' is present (Root cause: com.kms.katalon.core.exception.StepFailedException: Unable to verify object 'Object Repository/Christi/Page_Manage Sliders_Edit/div_Data has been updated' is present
	at com.kms.katalon.core.webui.keyword.internal.WebUIKeywordMain.stepFailed(WebUIKeywordMain.groovy:64)
	at com.kms.katalon.core.webui.keyword.internal.WebUIKeywordMain.runKeyword(WebUIKeywordMain.groovy:26)
	at com.kms.katalon.core.webui.keyword.builtin.VerifyElementPresentKeyword.verifyElementPresent(VerifyElementPresentKeyword.groovy:92)
	at com.kms.katalon.core.webui.keyword.builtin.VerifyElementPresentKeyword.execute(VerifyElementPresentKeyword.groovy:68)
	at com.kms.katalon.core.keyword.internal.KeywordExecutor.executeKeywordForPlatform(KeywordExecutor.groovy:60)
	at com.kms.katalon.core.webui.keyword.WebUiBuiltInKeywords.verifyElementPresent(WebUiBuiltInKeywords.groovy:1434)
	at com.kms.katalon.core.webui.keyword.WebUiBuiltInKeywords$verifyElementPresent$3.call(Unknown Source)
	at Manage Slider - Edit.run(Manage Slider - Edit:64)
	at com.kms.katalon.core.main.ScriptEngine.run(ScriptEngine.java:194)
	at com.kms.katalon.core.main.ScriptEngine.runScriptAsRawText(ScriptEngine.java:119)
	at com.kms.katalon.core.main.TestCaseExecutor.runScript(TestCaseExecutor.java:337)
	at com.kms.katalon.core.main.TestCaseExecutor.doExecute(TestCaseExecutor.java:328)
	at com.kms.katalon.core.main.TestCaseExecutor.processExecutionPhase(TestCaseExecutor.java:307)
	at com.kms.katalon.core.main.TestCaseExecutor.accessMainPhase(TestCaseExecutor.java:299)
	at com.kms.katalon.core.main.TestCaseExecutor.execute(TestCaseExecutor.java:233)
	at com.kms.katalon.core.main.TestSuiteExecutor.accessTestCaseMainPhase(TestSuiteExecutor.java:169)
	at com.kms.katalon.core.main.TestSuiteExecutor.accessTestSuiteMainPhase(TestSuiteExecutor.java:142)
	at com.kms.katalon.core.main.TestSuiteExecutor.execute(TestSuiteExecutor.java:91)
	at com.kms.katalon.core.main.TestCaseMain.startTestSuite(TestCaseMain.java:157)
	at com.kms.katalon.core.main.TestCaseMain$startTestSuite$0.call(Unknown Source)
	at TempTestSuite1591248863359.run(TempTestSuite1591248863359.groovy:36)
Caused by: com.kms.katalon.core.exception.StepFailedException: com.kms.katalon.core.webui.exception.WebElementNotFoundException: Web element with id: 'Object Repository/Christi/Page_Manage Sliders_Edit/div_Data has been updated' located by 'By.xpath: //*[(text() = 'Data has been updated' or . = 'Data has been updated')]' not found
	at com.kms.katalon.core.webui.keyword.internal.WebUIKeywordMain.stepFailed(WebUIKeywordMain.groovy:64)
	at com.kms.katalon.core.webui.keyword.builtin.VerifyElementPresentKeyword$_verifyElementPresent_closure1.doCall(VerifyElementPresentKeyword.groovy:85)
	at com.kms.katalon.core.webui.keyword.builtin.VerifyElementPresentKeyword$_verifyElementPresent_closure1.call(VerifyElementPresentKeyword.groovy)
	at com.kms.katalon.core.webui.keyword.internal.WebUIKeywordMain.runKeyword(WebUIKeywordMain.groovy:20)
	... 19 more
)

2020-06-04 12:39:02 - [TEST_STEP][PASSED] - setText(findTestObject("Object Repository/Christi/Page_Manage Sliders/input_Section Link_txtEditSliderLink"), url_slider_baru): Text 'https://appsrv1.deltadatamandiri.com/ACC_LMS_WEB/#/onlineLearningDetail?modulID=8' is set on object 'Object Repository/Christi/Page_Manage Sliders/input_Section Link_txtEditSliderLink'

2020-06-04 12:39:03 - [MESSAGE][PASSED] - Text 'https://appsrv1.deltadatamandiri.com/ACC_LMS_WEB/#/onlineLearningDetail?modulID=8' is set on object 'Object Repository/Christi/Page_Manage Sliders/input_Section Link_txtEditSliderLink'

2020-06-04 12:39:03 - [TEST_STEP][PASSED] - click(findTestObject("Object Repository/Christi/Page_Manage Sliders_Edit/button_Update Slider")): Object: 'Object Repository/Christi/Page_Manage Sliders_Edit/button_Update Slider' is clicked on

2020-06-04 12:39:04 - [MESSAGE][PASSED] - Object: 'Object Repository/Christi/Page_Manage Sliders_Edit/button_Update Slider' is clicked on

2020-06-04 12:39:04 - [TEST_STEP][FAILED] - if (expected == "pass"): Unable to verify object 'Object Repository/Christi/Page_Manage Sliders_Edit/div_Data has been updated' is present (Root cause: com.kms.katalon.core.exception.StepFailedException: Unable to verify object 'Object Repository/Christi/Page_Manage Sliders_Edit/div_Data has been updated' is present
	at com.kms.katalon.core.webui.keyword.internal.WebUIKeywordMain.stepFailed(WebUIKeywordMain.groovy:64)
	at com.kms.katalon.core.webui.keyword.internal.WebUIKeywordMain.runKeyword(WebUIKeywordMain.groovy:26)
	at com.kms.katalon.core.webui.keyword.builtin.VerifyElementPresentKeyword.verifyElementPresent(VerifyElementPresentKeyword.groovy:92)
	at com.kms.katalon.core.webui.keyword.builtin.VerifyElementPresentKeyword.execute(VerifyElementPresentKeyword.groovy:68)
	at com.kms.katalon.core.keyword.internal.KeywordExecutor.executeKeywordForPlatform(KeywordExecutor.groovy:60)
	at com.kms.katalon.core.webui.keyword.WebUiBuiltInKeywords.verifyElementPresent(WebUiBuiltInKeywords.groovy:1434)
	at com.kms.katalon.core.webui.keyword.WebUiBuiltInKeywords$verifyElementPresent$3.call(Unknown Source)
	at Manage Slider - Edit.run(Manage Slider - Edit:64)
	at com.kms.katalon.core.main.ScriptEngine.run(ScriptEngine.java:194)
	at com.kms.katalon.core.main.ScriptEngine.runScriptAsRawText(ScriptEngine.java:119)
	at com.kms.katalon.core.main.TestCaseExecutor.runScript(TestCaseExecutor.java:337)
	at com.kms.katalon.core.main.TestCaseExecutor.doExecute(TestCaseExecutor.java:328)
	at com.kms.katalon.core.main.TestCaseExecutor.processExecutionPhase(TestCaseExecutor.java:307)
	at com.kms.katalon.core.main.TestCaseExecutor.accessMainPhase(TestCaseExecutor.java:299)
	at com.kms.katalon.core.main.TestCaseExecutor.execute(TestCaseExecutor.java:233)
	at com.kms.katalon.core.main.TestSuiteExecutor.accessTestCaseMainPhase(TestSuiteExecutor.java:169)
	at com.kms.katalon.core.main.TestSuiteExecutor.accessTestSuiteMainPhase(TestSuiteExecutor.java:142)
	at com.kms.katalon.core.main.TestSuiteExecutor.execute(TestSuiteExecutor.java:91)
	at com.kms.katalon.core.main.TestCaseMain.startTestSuite(TestCaseMain.java:157)
	at com.kms.katalon.core.main.TestCaseMain$startTestSuite$0.call(Unknown Source)
	at TempTestSuite1591248863359.run(TempTestSuite1591248863359.groovy:36)
Caused by: com.kms.katalon.core.exception.StepFailedException: com.kms.katalon.core.webui.exception.WebElementNotFoundException: Web element with id: 'Object Repository/Christi/Page_Manage Sliders_Edit/div_Data has been updated' located by 'By.xpath: //*[(text() = 'Data has been updated' or . = 'Data has been updated')]' not found
	at com.kms.katalon.core.webui.keyword.internal.WebUIKeywordMain.stepFailed(WebUIKeywordMain.groovy:64)
	at com.kms.katalon.core.webui.keyword.builtin.VerifyElementPresentKeyword$_verifyElementPresent_closure1.doCall(VerifyElementPresentKeyword.groovy:85)
	at com.kms.katalon.core.webui.keyword.builtin.VerifyElementPresentKeyword$_verifyElementPresent_closure1.call(VerifyElementPresentKeyword.groovy)
	at com.kms.katalon.core.webui.keyword.internal.WebUIKeywordMain.runKeyword(WebUIKeywordMain.groovy:20)
	... 19 more
)

2020-06-04 12:39:04 - [TEST_STEP][FAILED] - verifyElementPresent(findTestObject("Object Repository/Christi/Page_Manage Sliders_Edit/div_Data has been updated"), 0): Unable to verify object 'Object Repository/Christi/Page_Manage Sliders_Edit/div_Data has been updated' is present (Root cause: com.kms.katalon.core.exception.StepFailedException: Unable to verify object 'Object Repository/Christi/Page_Manage Sliders_Edit/div_Data has been updated' is present
	at com.kms.katalon.core.webui.keyword.internal.WebUIKeywordMain.stepFailed(WebUIKeywordMain.groovy:64)
	at com.kms.katalon.core.webui.keyword.internal.WebUIKeywordMain.runKeyword(WebUIKeywordMain.groovy:26)
	at com.kms.katalon.core.webui.keyword.builtin.VerifyElementPresentKeyword.verifyElementPresent(VerifyElementPresentKeyword.groovy:92)
	at com.kms.katalon.core.webui.keyword.builtin.VerifyElementPresentKeyword.execute(VerifyElementPresentKeyword.groovy:68)
	at com.kms.katalon.core.keyword.internal.KeywordExecutor.executeKeywordForPlatform(KeywordExecutor.groovy:60)
	at com.kms.katalon.core.webui.keyword.WebUiBuiltInKeywords.verifyElementPresent(WebUiBuiltInKeywords.groovy:1434)
	at com.kms.katalon.core.webui.keyword.WebUiBuiltInKeywords$verifyElementPresent$3.call(Unknown Source)
	at Manage Slider - Edit.run(Manage Slider - Edit:64)
	at com.kms.katalon.core.main.ScriptEngine.run(ScriptEngine.java:194)
	at com.kms.katalon.core.main.ScriptEngine.runScriptAsRawText(ScriptEngine.java:119)
	at com.kms.katalon.core.main.TestCaseExecutor.runScript(TestCaseExecutor.java:337)
	at com.kms.katalon.core.main.TestCaseExecutor.doExecute(TestCaseExecutor.java:328)
	at com.kms.katalon.core.main.TestCaseExecutor.processExecutionPhase(TestCaseExecutor.java:307)
	at com.kms.katalon.core.main.TestCaseExecutor.accessMainPhase(TestCaseExecutor.java:299)
	at com.kms.katalon.core.main.TestCaseExecutor.execute(TestCaseExecutor.java:233)
	at com.kms.katalon.core.main.TestSuiteExecutor.accessTestCaseMainPhase(TestSuiteExecutor.java:169)
	at com.kms.katalon.core.main.TestSuiteExecutor.accessTestSuiteMainPhase(TestSuiteExecutor.java:142)
	at com.kms.katalon.core.main.TestSuiteExecutor.execute(TestSuiteExecutor.java:91)
	at com.kms.katalon.core.main.TestCaseMain.startTestSuite(TestCaseMain.java:157)
	at com.kms.katalon.core.main.TestCaseMain$startTestSuite$0.call(Unknown Source)
	at TempTestSuite1591248863359.run(TempTestSuite1591248863359.groovy:36)
Caused by: com.kms.katalon.core.exception.StepFailedException: com.kms.katalon.core.webui.exception.WebElementNotFoundException: Web element with id: 'Object Repository/Christi/Page_Manage Sliders_Edit/div_Data has been updated' located by 'By.xpath: //*[(text() = 'Data has been updated' or . = 'Data has been updated')]' not found
	at com.kms.katalon.core.webui.keyword.internal.WebUIKeywordMain.stepFailed(WebUIKeywordMain.groovy:64)
	at com.kms.katalon.core.webui.keyword.builtin.VerifyElementPresentKeyword$_verifyElementPresent_closure1.doCall(VerifyElementPresentKeyword.groovy:85)
	at com.kms.katalon.core.webui.keyword.builtin.VerifyElementPresentKeyword$_verifyElementPresent_closure1.call(VerifyElementPresentKeyword.groovy)
	at com.kms.katalon.core.webui.keyword.internal.WebUIKeywordMain.runKeyword(WebUIKeywordMain.groovy:20)
	... 19 more
)

2020-06-04 12:39:04 - [MESSAGE][WARNING] - Timeout '0' is invalid. Using default page load timeout: '30'

2020-06-04 12:39:47 - [MESSAGE][INFO] - Unable to find the element located by 'By.xpath: //*[(text() = 'Data has been updated' or . = 'Data has been updated')]'. Please recheck the objects properties to make sure the desired element is located. 

2020-06-04 12:39:47 - [MESSAGE][FAILED] - com.kms.katalon.core.webui.exception.WebElementNotFoundException: Web element with id: 'Object Repository/Christi/Page_Manage Sliders_Edit/div_Data has been updated' located by 'By.xpath: //*[(text() = 'Data has been updated' or . = 'Data has been updated')]' not found (Root cause: com.kms.katalon.core.exception.StepFailedException: com.kms.katalon.core.webui.exception.WebElementNotFoundException: Web element with id: 'Object Repository/Christi/Page_Manage Sliders_Edit/div_Data has been updated' located by 'By.xpath: //*[(text() = 'Data has been updated' or . = 'Data has been updated')]' not found
	at com.kms.katalon.core.webui.keyword.internal.WebUIKeywordMain.stepFailed(WebUIKeywordMain.groovy:64)
	at com.kms.katalon.core.webui.keyword.builtin.VerifyElementPresentKeyword$_verifyElementPresent_closure1.doCall(VerifyElementPresentKeyword.groovy:85)
	at com.kms.katalon.core.webui.keyword.builtin.VerifyElementPresentKeyword$_verifyElementPresent_closure1.call(VerifyElementPresentKeyword.groovy)
	at com.kms.katalon.core.webui.keyword.internal.WebUIKeywordMain.runKeyword(WebUIKeywordMain.groovy:20)
	at com.kms.katalon.core.webui.keyword.builtin.VerifyElementPresentKeyword.verifyElementPresent(VerifyElementPresentKeyword.groovy:92)
	at com.kms.katalon.core.webui.keyword.builtin.VerifyElementPresentKeyword.execute(VerifyElementPresentKeyword.groovy:68)
	at com.kms.katalon.core.keyword.internal.KeywordExecutor.executeKeywordForPlatform(KeywordExecutor.groovy:60)
	at com.kms.katalon.core.webui.keyword.WebUiBuiltInKeywords.verifyElementPresent(WebUiBuiltInKeywords.groovy:1434)
	at com.kms.katalon.core.webui.keyword.WebUiBuiltInKeywords$verifyElementPresent$3.call(Unknown Source)
	at Manage Slider - Edit.run(Manage Slider - Edit:64)
	at com.kms.katalon.core.main.ScriptEngine.run(ScriptEngine.java:194)
	at com.kms.katalon.core.main.ScriptEngine.runScriptAsRawText(ScriptEngine.java:119)
	at com.kms.katalon.core.main.TestCaseExecutor.runScript(TestCaseExecutor.java:337)
	at com.kms.katalon.core.main.TestCaseExecutor.doExecute(TestCaseExecutor.java:328)
	at com.kms.katalon.core.main.TestCaseExecutor.processExecutionPhase(TestCaseExecutor.java:307)
	at com.kms.katalon.core.main.TestCaseExecutor.accessMainPhase(TestCaseExecutor.java:299)
	at com.kms.katalon.core.main.TestCaseExecutor.execute(TestCaseExecutor.java:233)
	at com.kms.katalon.core.main.TestSuiteExecutor.accessTestCaseMainPhase(TestSuiteExecutor.java:169)
	at com.kms.katalon.core.main.TestSuiteExecutor.accessTestSuiteMainPhase(TestSuiteExecutor.java:142)
	at com.kms.katalon.core.main.TestSuiteExecutor.execute(TestSuiteExecutor.java:91)
	at com.kms.katalon.core.main.TestCaseMain.startTestSuite(TestCaseMain.java:157)
	at com.kms.katalon.core.main.TestCaseMain$startTestSuite$0.call(Unknown Source)
	at TempTestSuite1591248863359.run(TempTestSuite1591248863359.groovy:36)
)
[[ATTACHMENT|C:\\Users\\ASUS\\git\\LearningManagementWeb\\Reports\\20200604_123423\\Christi\\Manage Slider\\20200604_123423\\1591249187205.png]]

2020-06-04 12:39:47 - [MESSAGE][FAILED] - Unable to verify object 'Object Repository/Christi/Page_Manage Sliders_Edit/div_Data has been updated' is present (Root cause: com.kms.katalon.core.exception.StepFailedException: Unable to verify object 'Object Repository/Christi/Page_Manage Sliders_Edit/div_Data has been updated' is present
	at com.kms.katalon.core.webui.keyword.internal.WebUIKeywordMain.stepFailed(WebUIKeywordMain.groovy:64)
	at com.kms.katalon.core.webui.keyword.internal.WebUIKeywordMain.runKeyword(WebUIKeywordMain.groovy:26)
	at com.kms.katalon.core.webui.keyword.builtin.VerifyElementPresentKeyword.verifyElementPresent(VerifyElementPresentKeyword.groovy:92)
	at com.kms.katalon.core.webui.keyword.builtin.VerifyElementPresentKeyword.execute(VerifyElementPresentKeyword.groovy:68)
	at com.kms.katalon.core.keyword.internal.KeywordExecutor.executeKeywordForPlatform(KeywordExecutor.groovy:60)
	at com.kms.katalon.core.webui.keyword.WebUiBuiltInKeywords.verifyElementPresent(WebUiBuiltInKeywords.groovy:1434)
	at com.kms.katalon.core.webui.keyword.WebUiBuiltInKeywords$verifyElementPresent$3.call(Unknown Source)
	at Manage Slider - Edit.run(Manage Slider - Edit:64)
	at com.kms.katalon.core.main.ScriptEngine.run(ScriptEngine.java:194)
	at com.kms.katalon.core.main.ScriptEngine.runScriptAsRawText(ScriptEngine.java:119)
	at com.kms.katalon.core.main.TestCaseExecutor.runScript(TestCaseExecutor.java:337)
	at com.kms.katalon.core.main.TestCaseExecutor.doExecute(TestCaseExecutor.java:328)
	at com.kms.katalon.core.main.TestCaseExecutor.processExecutionPhase(TestCaseExecutor.java:307)
	at com.kms.katalon.core.main.TestCaseExecutor.accessMainPhase(TestCaseExecutor.java:299)
	at com.kms.katalon.core.main.TestCaseExecutor.execute(TestCaseExecutor.java:233)
	at com.kms.katalon.core.main.TestSuiteExecutor.accessTestCaseMainPhase(TestSuiteExecutor.java:169)
	at com.kms.katalon.core.main.TestSuiteExecutor.accessTestSuiteMainPhase(TestSuiteExecutor.java:142)
	at com.kms.katalon.core.main.TestSuiteExecutor.execute(TestSuiteExecutor.java:91)
	at com.kms.katalon.core.main.TestCaseMain.startTestSuite(TestCaseMain.java:157)
	at com.kms.katalon.core.main.TestCaseMain$startTestSuite$0.call(Unknown Source)
	at TempTestSuite1591248863359.run(TempTestSuite1591248863359.groovy:36)
Caused by: com.kms.katalon.core.exception.StepFailedException: com.kms.katalon.core.webui.exception.WebElementNotFoundException: Web element with id: 'Object Repository/Christi/Page_Manage Sliders_Edit/div_Data has been updated' located by 'By.xpath: //*[(text() = 'Data has been updated' or . = 'Data has been updated')]' not found
	at com.kms.katalon.core.webui.keyword.internal.WebUIKeywordMain.stepFailed(WebUIKeywordMain.groovy:64)
	at com.kms.katalon.core.webui.keyword.builtin.VerifyElementPresentKeyword$_verifyElementPresent_closure1.doCall(VerifyElementPresentKeyword.groovy:85)
	at com.kms.katalon.core.webui.keyword.builtin.VerifyElementPresentKeyword$_verifyElementPresent_closure1.call(VerifyElementPresentKeyword.groovy)
	at com.kms.katalon.core.webui.keyword.internal.WebUIKeywordMain.runKeyword(WebUIKeywordMain.groovy:20)
	... 19 more
)
[[ATTACHMENT|C:\\Users\\ASUS\\git\\LearningManagementWeb\\Reports\\20200604_123423\\Christi\\Manage Slider\\20200604_123423\\1591249187624.png]]]]></system-out>
         <system-err><![CDATA[2020-06-04 12:38:02 - [TEST_CASE][FAILED] - Test Cases/Christi/Admin/Manage Slider - Edit: Test Cases/Christi/Admin/Manage Slider - Edit FAILED.
Reason:
com.kms.katalon.core.exception.StepFailedException: Unable to verify object 'Object Repository/Christi/Page_Manage Sliders_Edit/div_Data has been updated' is present
	at com.kms.katalon.core.webui.keyword.internal.WebUIKeywordMain.stepFailed(WebUIKeywordMain.groovy:64)
	at com.kms.katalon.core.webui.keyword.internal.WebUIKeywordMain.runKeyword(WebUIKeywordMain.groovy:26)
	at com.kms.katalon.core.webui.keyword.builtin.VerifyElementPresentKeyword.verifyElementPresent(VerifyElementPresentKeyword.groovy:92)
	at com.kms.katalon.core.webui.keyword.builtin.VerifyElementPresentKeyword.execute(VerifyElementPresentKeyword.groovy:68)
	at com.kms.katalon.core.keyword.internal.KeywordExecutor.executeKeywordForPlatform(KeywordExecutor.groovy:60)
	at com.kms.katalon.core.webui.keyword.WebUiBuiltInKeywords.verifyElementPresent(WebUiBuiltInKeywords.groovy:1434)
	at com.kms.katalon.core.webui.keyword.WebUiBuiltInKeywords$verifyElementPresent$3.call(Unknown Source)
	at Manage Slider - Edit.run(Manage Slider - Edit:64)
	at com.kms.katalon.core.main.ScriptEngine.run(ScriptEngine.java:194)
	at com.kms.katalon.core.main.ScriptEngine.runScriptAsRawText(ScriptEngine.java:119)
	at com.kms.katalon.core.main.TestCaseExecutor.runScript(TestCaseExecutor.java:337)
	at com.kms.katalon.core.main.TestCaseExecutor.doExecute(TestCaseExecutor.java:328)
	at com.kms.katalon.core.main.TestCaseExecutor.processExecutionPhase(TestCaseExecutor.java:307)
	at com.kms.katalon.core.main.TestCaseExecutor.accessMainPhase(TestCaseExecutor.java:299)
	at com.kms.katalon.core.main.TestCaseExecutor.execute(TestCaseExecutor.java:233)
	at com.kms.katalon.core.main.TestSuiteExecutor.accessTestCaseMainPhase(TestSuiteExecutor.java:169)
	at com.kms.katalon.core.main.TestSuiteExecutor.accessTestSuiteMainPhase(TestSuiteExecutor.java:142)
	at com.kms.katalon.core.main.TestSuiteExecutor.execute(TestSuiteExecutor.java:91)
	at com.kms.katalon.core.main.TestCaseMain.startTestSuite(TestCaseMain.java:157)
	at com.kms.katalon.core.main.TestCaseMain$startTestSuite$0.call(Unknown Source)
	at TempTestSuite1591248863359.run(TempTestSuite1591248863359.groovy:36)
Caused by: com.kms.katalon.core.exception.StepFailedException: com.kms.katalon.core.webui.exception.WebElementNotFoundException: Web element with id: 'Object Repository/Christi/Page_Manage Sliders_Edit/div_Data has been updated' located by 'By.xpath: //*[(text() = 'Data has been updated' or . = 'Data has been updated')]' not found
	at com.kms.katalon.core.webui.keyword.internal.WebUIKeywordMain.stepFailed(WebUIKeywordMain.groovy:64)
	at com.kms.katalon.core.webui.keyword.builtin.VerifyElementPresentKeyword$_verifyElementPresent_closure1.doCall(VerifyElementPresentKeyword.groovy:85)
	at com.kms.katalon.core.webui.keyword.builtin.VerifyElementPresentKeyword$_verifyElementPresent_closure1.call(VerifyElementPresentKeyword.groovy)
	at com.kms.katalon.core.webui.keyword.internal.WebUIKeywordMain.runKeyword(WebUIKeywordMain.groovy:20)
	... 19 more]]></system-err>
      </testcase>
      <testcase name="Test Cases/Christi/Admin/Manage Slider - Edit" time="98.834" classname="Test Cases/Christi/Admin/Manage Slider - Edit" status="FAILED">
         <failure type="FAILED" message="Test Cases/Christi/Admin/Manage Slider - Edit FAILED.
Reason:
com.kms.katalon.core.exception.StepFailedException: Unable to verify object 'Object Repository/Christi/Page_Manage Sliders_Edit/div_Data has been updated' is present
	at com.kms.katalon.core.webui.keyword.internal.WebUIKeywordMain.stepFailed(WebUIKeywordMain.groovy:64)
	at com.kms.katalon.core.webui.keyword.internal.WebUIKeywordMain.runKeyword(WebUIKeywordMain.groovy:26)
	at com.kms.katalon.core.webui.keyword.builtin.VerifyElementPresentKeyword.verifyElementPresent(VerifyElementPresentKeyword.groovy:92)
	at com.kms.katalon.core.webui.keyword.builtin.VerifyElementPresentKeyword.execute(VerifyElementPresentKeyword.groovy:68)
	at com.kms.katalon.core.keyword.internal.KeywordExecutor.executeKeywordForPlatform(KeywordExecutor.groovy:60)
	at com.kms.katalon.core.webui.keyword.WebUiBuiltInKeywords.verifyElementPresent(WebUiBuiltInKeywords.groovy:1434)
	at com.kms.katalon.core.webui.keyword.WebUiBuiltInKeywords$verifyElementPresent$3.call(Unknown Source)
	at Manage Slider - Edit.run(Manage Slider - Edit:90)
	at com.kms.katalon.core.main.ScriptEngine.run(ScriptEngine.java:194)
	at com.kms.katalon.core.main.ScriptEngine.runScriptAsRawText(ScriptEngine.java:119)
	at com.kms.katalon.core.main.TestCaseExecutor.runScript(TestCaseExecutor.java:337)
	at com.kms.katalon.core.main.TestCaseExecutor.doExecute(TestCaseExecutor.java:328)
	at com.kms.katalon.core.main.TestCaseExecutor.processExecutionPhase(TestCaseExecutor.java:307)
	at com.kms.katalon.core.main.TestCaseExecutor.accessMainPhase(TestCaseExecutor.java:299)
	at com.kms.katalon.core.main.TestCaseExecutor.execute(TestCaseExecutor.java:233)
	at com.kms.katalon.core.main.TestSuiteExecutor.accessTestCaseMainPhase(TestSuiteExecutor.java:169)
	at com.kms.katalon.core.main.TestSuiteExecutor.accessTestSuiteMainPhase(TestSuiteExecutor.java:142)
	at com.kms.katalon.core.main.TestSuiteExecutor.execute(TestSuiteExecutor.java:91)
	at com.kms.katalon.core.main.TestCaseMain.startTestSuite(TestCaseMain.java:157)
	at com.kms.katalon.core.main.TestCaseMain$startTestSuite$0.call(Unknown Source)
	at TempTestSuite1591248863359.run(TempTestSuite1591248863359.groovy:36)
Caused by: com.kms.katalon.core.exception.StepFailedException: com.kms.katalon.core.webui.exception.WebElementNotFoundException: Web element with id: 'Object Repository/Christi/Page_Manage Sliders_Edit/div_Data has been updated' located by 'By.xpath: //*[(text() = 'Data has been updated' or . = 'Data has been updated')]' not found
	at com.kms.katalon.core.webui.keyword.internal.WebUIKeywordMain.stepFailed(WebUIKeywordMain.groovy:64)
	at com.kms.katalon.core.webui.keyword.builtin.VerifyElementPresentKeyword$_verifyElementPresent_closure1.doCall(VerifyElementPresentKeyword.groovy:85)
	at com.kms.katalon.core.webui.keyword.builtin.VerifyElementPresentKeyword$_verifyElementPresent_closure1.call(VerifyElementPresentKeyword.groovy)
	at com.kms.katalon.core.webui.keyword.internal.WebUIKeywordMain.runKeyword(WebUIKeywordMain.groovy:20)
	... 19 more
"/>
         <system-out><![CDATA[2020-06-04 12:39:48 - [TEST_CASE][FAILED] - Test Cases/Christi/Admin/Manage Slider - Edit: Test Cases/Christi/Admin/Manage Slider - Edit FAILED.
Reason:
com.kms.katalon.core.exception.StepFailedException: Unable to verify object 'Object Repository/Christi/Page_Manage Sliders_Edit/div_Data has been updated' is present
	at com.kms.katalon.core.webui.keyword.internal.WebUIKeywordMain.stepFailed(WebUIKeywordMain.groovy:64)
	at com.kms.katalon.core.webui.keyword.internal.WebUIKeywordMain.runKeyword(WebUIKeywordMain.groovy:26)
	at com.kms.katalon.core.webui.keyword.builtin.VerifyElementPresentKeyword.verifyElementPresent(VerifyElementPresentKeyword.groovy:92)
	at com.kms.katalon.core.webui.keyword.builtin.VerifyElementPresentKeyword.execute(VerifyElementPresentKeyword.groovy:68)
	at com.kms.katalon.core.keyword.internal.KeywordExecutor.executeKeywordForPlatform(KeywordExecutor.groovy:60)
	at com.kms.katalon.core.webui.keyword.WebUiBuiltInKeywords.verifyElementPresent(WebUiBuiltInKeywords.groovy:1434)
	at com.kms.katalon.core.webui.keyword.WebUiBuiltInKeywords$verifyElementPresent$3.call(Unknown Source)
	at Manage Slider - Edit.run(Manage Slider - Edit:90)
	at com.kms.katalon.core.main.ScriptEngine.run(ScriptEngine.java:194)
	at com.kms.katalon.core.main.ScriptEngine.runScriptAsRawText(ScriptEngine.java:119)
	at com.kms.katalon.core.main.TestCaseExecutor.runScript(TestCaseExecutor.java:337)
	at com.kms.katalon.core.main.TestCaseExecutor.doExecute(TestCaseExecutor.java:328)
	at com.kms.katalon.core.main.TestCaseExecutor.processExecutionPhase(TestCaseExecutor.java:307)
	at com.kms.katalon.core.main.TestCaseExecutor.accessMainPhase(TestCaseExecutor.java:299)
	at com.kms.katalon.core.main.TestCaseExecutor.execute(TestCaseExecutor.java:233)
	at com.kms.katalon.core.main.TestSuiteExecutor.accessTestCaseMainPhase(TestSuiteExecutor.java:169)
	at com.kms.katalon.core.main.TestSuiteExecutor.accessTestSuiteMainPhase(TestSuiteExecutor.java:142)
	at com.kms.katalon.core.main.TestSuiteExecutor.execute(TestSuiteExecutor.java:91)
	at com.kms.katalon.core.main.TestCaseMain.startTestSuite(TestCaseMain.java:157)
	at com.kms.katalon.core.main.TestCaseMain$startTestSuite$0.call(Unknown Source)
	at TempTestSuite1591248863359.run(TempTestSuite1591248863359.groovy:36)
Caused by: com.kms.katalon.core.exception.StepFailedException: com.kms.katalon.core.webui.exception.WebElementNotFoundException: Web element with id: 'Object Repository/Christi/Page_Manage Sliders_Edit/div_Data has been updated' located by 'By.xpath: //*[(text() = 'Data has been updated' or . = 'Data has been updated')]' not found
	at com.kms.katalon.core.webui.keyword.internal.WebUIKeywordMain.stepFailed(WebUIKeywordMain.groovy:64)
	at com.kms.katalon.core.webui.keyword.builtin.VerifyElementPresentKeyword$_verifyElementPresent_closure1.doCall(VerifyElementPresentKeyword.groovy:85)
	at com.kms.katalon.core.webui.keyword.builtin.VerifyElementPresentKeyword$_verifyElementPresent_closure1.call(VerifyElementPresentKeyword.groovy)
	at com.kms.katalon.core.webui.keyword.internal.WebUIKeywordMain.runKeyword(WebUIKeywordMain.groovy:20)
	... 19 more


2020-06-04 12:39:48 - [TEST_STEP][PASSED] - callTestCase(findTestCase("Christi/Admin/admin login"), ["username":"11666", "password":"Password3"], STOP_ON_FAILURE): Call Test Case 'Test Cases/Christi/Admin/admin login' successfully

2020-06-04 12:39:48 - [TEST_CASE][PASSED] - Test Cases/Christi/Admin/admin login: Test Cases/Christi/Admin/admin login

2020-06-04 12:39:48 - [TEST_STEP][PASSED] - openBrowser(""): Browser is opened with url: ''

2020-06-04 12:39:48 - [MESSAGE][WARNING] - A browser is already opened. Closing browser and opening a new one

2020-06-04 12:39:49 - [MESSAGE][INFO] - Starting 'Chrome' driver

2020-06-04 12:39:51 - [MESSAGE][PASSED] - Browser is opened with url: ''

2020-06-04 12:39:51 - [TEST_STEP][PASSED] - navigateToUrl("https://appsrv1.deltadatamandiri.com/ACC_LMS_WEB/#/admNLmn"): Navigate to 'https://appsrv1.deltadatamandiri.com/ACC_LMS_WEB/#/admNLmn' successfully

2020-06-04 12:40:02 - [MESSAGE][PASSED] - Navigate to 'https://appsrv1.deltadatamandiri.com/ACC_LMS_WEB/#/admNLmn' successfully

2020-06-04 12:40:02 - [TEST_STEP][PASSED] - click(findTestObject("Christi/Page_Main/button_login")): Object: 'Object Repository/Christi/Page_Main/button_login' is clicked on

2020-06-04 12:40:05 - [MESSAGE][ERROR] - javascript error: Failed to execute 'elementsFromPoint' on 'Document': The provided double value is non-finite.
  (Session info: chrome=83.0.4103.61)
Build info: version: '3.141.59', revision: 'e82be7d358', time: '2018-11-14T08:25:53'
System info: host: 'LAPTOP-D0TPACJ1', ip: '192.168.100.227', os.name: 'Windows 10', os.arch: 'amd64', os.version: '10.0', java.version: '1.8.0_181'
Driver info: com.kms.katalon.selenium.driver.CChromeDriver
Capabilities {acceptInsecureCerts: false, browserName: chrome, browserVersion: 83.0.4103.61, chrome: {chromedriverVersion: 83.0.4103.39 (ccbf011cb2d2b..., userDataDir: C:\Users\ASUS\AppData\Local...}, goog:chromeOptions: {debuggerAddress: localhost:55323}, javascriptEnabled: true, networkConnectionEnabled: false, pageLoadStrategy: normal, platform: WINDOWS, platformName: WINDOWS, proxy: Proxy(), setWindowRect: true, strictFileInteractability: false, timeouts: {implicit: 0, pageLoad: 300000, script: 30000}, unhandledPromptBehavior: dismiss and notify, webauthn:virtualAuthenticators: true}
Session ID: 42044c7280dc0b8415c61bc94cdc9ce1

2020-06-04 12:40:06 - [MESSAGE][PASSED] - Object: 'Object Repository/Christi/Page_Main/button_login' is clicked on

2020-06-04 12:40:06 - [TEST_STEP][PASSED] - delay(3): Delayed 3 second(s)

2020-06-04 12:40:09 - [MESSAGE][PASSED] - Delayed 3 second(s)

2020-06-04 12:40:09 - [TEST_STEP][PASSED] - setText(findTestObject("Object Repository/Christi/Page_Main/input_NPK_username"), username): Text '11666' is set on object 'Object Repository/Christi/Page_Main/input_NPK_username'

2020-06-04 12:40:10 - [MESSAGE][PASSED] - Text '11666' is set on object 'Object Repository/Christi/Page_Main/input_NPK_username'

2020-06-04 12:40:10 - [TEST_STEP][PASSED] - setText(findTestObject("Object Repository/Christi/Page_Main/input_Password_password"), password): Text 'Password3' is set on object 'Object Repository/Christi/Page_Main/input_Password_password'

2020-06-04 12:40:10 - [MESSAGE][PASSED] - Text 'Password3' is set on object 'Object Repository/Christi/Page_Main/input_Password_password'

2020-06-04 12:40:10 - [TEST_STEP][PASSED] - delay(5): Delayed 5 second(s)

2020-06-04 12:40:15 - [MESSAGE][PASSED] - Delayed 5 second(s)

2020-06-04 12:40:15 - [TEST_STEP][PASSED] - click(findTestObject("Rizka/Admin/Admin - Login/btnLogin2")): Object: 'Object Repository/Rizka/Admin/Admin - Login/btnLogin2' is clicked on

2020-06-04 12:40:16 - [MESSAGE][PASSED] - Object: 'Object Repository/Rizka/Admin/Admin - Login/btnLogin2' is clicked on

2020-06-04 12:40:16 - [TEST_STEP][PASSED] - delay(5): Delayed 5 second(s)

2020-06-04 12:40:21 - [MESSAGE][PASSED] - Delayed 5 second(s)

2020-06-04 12:40:21 - [MESSAGE][PASSED] - Call Test Case 'Test Cases/Christi/Admin/admin login' successfully

2020-06-04 12:40:21 - [TEST_STEP][PASSED] - delay(3): Delayed 3 second(s)

2020-06-04 12:40:24 - [MESSAGE][PASSED] - Delayed 3 second(s)

2020-06-04 12:40:24 - [TEST_STEP][PASSED] - click(findTestObject("Object Repository/Christi/Page_Dashboard Admin/span_Manage Slider")): Object: 'Object Repository/Christi/Page_Dashboard Admin/span_Manage Slider' is clicked on

2020-06-04 12:40:26 - [MESSAGE][PASSED] - Object: 'Object Repository/Christi/Page_Dashboard Admin/span_Manage Slider' is clicked on

2020-06-04 12:40:26 - [TEST_STEP][PASSED] - delay(3): Delayed 3 second(s)

2020-06-04 12:40:29 - [MESSAGE][PASSED] - Delayed 3 second(s)

2020-06-04 12:40:29 - [TEST_STEP][FAILED] - if (find_slider == "found"): Unable to verify object 'Object Repository/Christi/Page_Manage Sliders_Edit/div_Data has been updated' is present (Root cause: com.kms.katalon.core.exception.StepFailedException: Unable to verify object 'Object Repository/Christi/Page_Manage Sliders_Edit/div_Data has been updated' is present
	at com.kms.katalon.core.webui.keyword.internal.WebUIKeywordMain.stepFailed(WebUIKeywordMain.groovy:64)
	at com.kms.katalon.core.webui.keyword.internal.WebUIKeywordMain.runKeyword(WebUIKeywordMain.groovy:26)
	at com.kms.katalon.core.webui.keyword.builtin.VerifyElementPresentKeyword.verifyElementPresent(VerifyElementPresentKeyword.groovy:92)
	at com.kms.katalon.core.webui.keyword.builtin.VerifyElementPresentKeyword.execute(VerifyElementPresentKeyword.groovy:68)
	at com.kms.katalon.core.keyword.internal.KeywordExecutor.executeKeywordForPlatform(KeywordExecutor.groovy:60)
	at com.kms.katalon.core.webui.keyword.WebUiBuiltInKeywords.verifyElementPresent(WebUiBuiltInKeywords.groovy:1434)
	at com.kms.katalon.core.webui.keyword.WebUiBuiltInKeywords$verifyElementPresent$3.call(Unknown Source)
	at Manage Slider - Edit.run(Manage Slider - Edit:90)
	at com.kms.katalon.core.main.ScriptEngine.run(ScriptEngine.java:194)
	at com.kms.katalon.core.main.ScriptEngine.runScriptAsRawText(ScriptEngine.java:119)
	at com.kms.katalon.core.main.TestCaseExecutor.runScript(TestCaseExecutor.java:337)
	at com.kms.katalon.core.main.TestCaseExecutor.doExecute(TestCaseExecutor.java:328)
	at com.kms.katalon.core.main.TestCaseExecutor.processExecutionPhase(TestCaseExecutor.java:307)
	at com.kms.katalon.core.main.TestCaseExecutor.accessMainPhase(TestCaseExecutor.java:299)
	at com.kms.katalon.core.main.TestCaseExecutor.execute(TestCaseExecutor.java:233)
	at com.kms.katalon.core.main.TestSuiteExecutor.accessTestCaseMainPhase(TestSuiteExecutor.java:169)
	at com.kms.katalon.core.main.TestSuiteExecutor.accessTestSuiteMainPhase(TestSuiteExecutor.java:142)
	at com.kms.katalon.core.main.TestSuiteExecutor.execute(TestSuiteExecutor.java:91)
	at com.kms.katalon.core.main.TestCaseMain.startTestSuite(TestCaseMain.java:157)
	at com.kms.katalon.core.main.TestCaseMain$startTestSuite$0.call(Unknown Source)
	at TempTestSuite1591248863359.run(TempTestSuite1591248863359.groovy:36)
Caused by: com.kms.katalon.core.exception.StepFailedException: com.kms.katalon.core.webui.exception.WebElementNotFoundException: Web element with id: 'Object Repository/Christi/Page_Manage Sliders_Edit/div_Data has been updated' located by 'By.xpath: //*[(text() = 'Data has been updated' or . = 'Data has been updated')]' not found
	at com.kms.katalon.core.webui.keyword.internal.WebUIKeywordMain.stepFailed(WebUIKeywordMain.groovy:64)
	at com.kms.katalon.core.webui.keyword.builtin.VerifyElementPresentKeyword$_verifyElementPresent_closure1.doCall(VerifyElementPresentKeyword.groovy:85)
	at com.kms.katalon.core.webui.keyword.builtin.VerifyElementPresentKeyword$_verifyElementPresent_closure1.call(VerifyElementPresentKeyword.groovy)
	at com.kms.katalon.core.webui.keyword.internal.WebUIKeywordMain.runKeyword(WebUIKeywordMain.groovy:20)
	... 19 more
)

2020-06-04 12:40:29 - [TEST_STEP][PASSED] - verifyElementPresent(findTestObject("Christi/Page_Manage Sliders/label_Slider", ["text":nama_slider]), 3): Object 'Object Repository/Christi/Page_Manage Sliders/label_Slider' is present

2020-06-04 12:40:30 - [MESSAGE][PASSED] - Object 'Object Repository/Christi/Page_Manage Sliders/label_Slider' is present

2020-06-04 12:40:30 - [TEST_STEP][PASSED] - delay(3): Delayed 3 second(s)

2020-06-04 12:40:33 - [MESSAGE][PASSED] - Delayed 3 second(s)

2020-06-04 12:40:33 - [TEST_STEP][PASSED] - click(findTestObject("Object Repository/Christi/Page_Manage Sliders/span_Edit NEOP SERVICE")): Object: 'Object Repository/Christi/Page_Manage Sliders/span_Edit NEOP SERVICE' is clicked on

2020-06-04 12:40:38 - [MESSAGE][PASSED] - Object: 'Object Repository/Christi/Page_Manage Sliders/span_Edit NEOP SERVICE' is clicked on

2020-06-04 12:40:38 - [TEST_STEP][PASSED] - delay(3): Delayed 3 second(s)

2020-06-04 12:40:41 - [MESSAGE][PASSED] - Delayed 3 second(s)

2020-06-04 12:40:41 - [TEST_STEP][FAILED] - switch (edit.toString()): Unable to verify object 'Object Repository/Christi/Page_Manage Sliders_Edit/div_Data has been updated' is present (Root cause: com.kms.katalon.core.exception.StepFailedException: Unable to verify object 'Object Repository/Christi/Page_Manage Sliders_Edit/div_Data has been updated' is present
	at com.kms.katalon.core.webui.keyword.internal.WebUIKeywordMain.stepFailed(WebUIKeywordMain.groovy:64)
	at com.kms.katalon.core.webui.keyword.internal.WebUIKeywordMain.runKeyword(WebUIKeywordMain.groovy:26)
	at com.kms.katalon.core.webui.keyword.builtin.VerifyElementPresentKeyword.verifyElementPresent(VerifyElementPresentKeyword.groovy:92)
	at com.kms.katalon.core.webui.keyword.builtin.VerifyElementPresentKeyword.execute(VerifyElementPresentKeyword.groovy:68)
	at com.kms.katalon.core.keyword.internal.KeywordExecutor.executeKeywordForPlatform(KeywordExecutor.groovy:60)
	at com.kms.katalon.core.webui.keyword.WebUiBuiltInKeywords.verifyElementPresent(WebUiBuiltInKeywords.groovy:1434)
	at com.kms.katalon.core.webui.keyword.WebUiBuiltInKeywords$verifyElementPresent$3.call(Unknown Source)
	at Manage Slider - Edit.run(Manage Slider - Edit:90)
	at com.kms.katalon.core.main.ScriptEngine.run(ScriptEngine.java:194)
	at com.kms.katalon.core.main.ScriptEngine.runScriptAsRawText(ScriptEngine.java:119)
	at com.kms.katalon.core.main.TestCaseExecutor.runScript(TestCaseExecutor.java:337)
	at com.kms.katalon.core.main.TestCaseExecutor.doExecute(TestCaseExecutor.java:328)
	at com.kms.katalon.core.main.TestCaseExecutor.processExecutionPhase(TestCaseExecutor.java:307)
	at com.kms.katalon.core.main.TestCaseExecutor.accessMainPhase(TestCaseExecutor.java:299)
	at com.kms.katalon.core.main.TestCaseExecutor.execute(TestCaseExecutor.java:233)
	at com.kms.katalon.core.main.TestSuiteExecutor.accessTestCaseMainPhase(TestSuiteExecutor.java:169)
	at com.kms.katalon.core.main.TestSuiteExecutor.accessTestSuiteMainPhase(TestSuiteExecutor.java:142)
	at com.kms.katalon.core.main.TestSuiteExecutor.execute(TestSuiteExecutor.java:91)
	at com.kms.katalon.core.main.TestCaseMain.startTestSuite(TestCaseMain.java:157)
	at com.kms.katalon.core.main.TestCaseMain$startTestSuite$0.call(Unknown Source)
	at TempTestSuite1591248863359.run(TempTestSuite1591248863359.groovy:36)
Caused by: com.kms.katalon.core.exception.StepFailedException: com.kms.katalon.core.webui.exception.WebElementNotFoundException: Web element with id: 'Object Repository/Christi/Page_Manage Sliders_Edit/div_Data has been updated' located by 'By.xpath: //*[(text() = 'Data has been updated' or . = 'Data has been updated')]' not found
	at com.kms.katalon.core.webui.keyword.internal.WebUIKeywordMain.stepFailed(WebUIKeywordMain.groovy:64)
	at com.kms.katalon.core.webui.keyword.builtin.VerifyElementPresentKeyword$_verifyElementPresent_closure1.doCall(VerifyElementPresentKeyword.groovy:85)
	at com.kms.katalon.core.webui.keyword.builtin.VerifyElementPresentKeyword$_verifyElementPresent_closure1.call(VerifyElementPresentKeyword.groovy)
	at com.kms.katalon.core.webui.keyword.internal.WebUIKeywordMain.runKeyword(WebUIKeywordMain.groovy:20)
	... 19 more
)

2020-06-04 12:40:41 - [TEST_STEP][FAILED] - case "img slider":: Unable to verify object 'Object Repository/Christi/Page_Manage Sliders_Edit/div_Data has been updated' is present (Root cause: com.kms.katalon.core.exception.StepFailedException: Unable to verify object 'Object Repository/Christi/Page_Manage Sliders_Edit/div_Data has been updated' is present
	at com.kms.katalon.core.webui.keyword.internal.WebUIKeywordMain.stepFailed(WebUIKeywordMain.groovy:64)
	at com.kms.katalon.core.webui.keyword.internal.WebUIKeywordMain.runKeyword(WebUIKeywordMain.groovy:26)
	at com.kms.katalon.core.webui.keyword.builtin.VerifyElementPresentKeyword.verifyElementPresent(VerifyElementPresentKeyword.groovy:92)
	at com.kms.katalon.core.webui.keyword.builtin.VerifyElementPresentKeyword.execute(VerifyElementPresentKeyword.groovy:68)
	at com.kms.katalon.core.keyword.internal.KeywordExecutor.executeKeywordForPlatform(KeywordExecutor.groovy:60)
	at com.kms.katalon.core.webui.keyword.WebUiBuiltInKeywords.verifyElementPresent(WebUiBuiltInKeywords.groovy:1434)
	at com.kms.katalon.core.webui.keyword.WebUiBuiltInKeywords$verifyElementPresent$3.call(Unknown Source)
	at Manage Slider - Edit.run(Manage Slider - Edit:90)
	at com.kms.katalon.core.main.ScriptEngine.run(ScriptEngine.java:194)
	at com.kms.katalon.core.main.ScriptEngine.runScriptAsRawText(ScriptEngine.java:119)
	at com.kms.katalon.core.main.TestCaseExecutor.runScript(TestCaseExecutor.java:337)
	at com.kms.katalon.core.main.TestCaseExecutor.doExecute(TestCaseExecutor.java:328)
	at com.kms.katalon.core.main.TestCaseExecutor.processExecutionPhase(TestCaseExecutor.java:307)
	at com.kms.katalon.core.main.TestCaseExecutor.accessMainPhase(TestCaseExecutor.java:299)
	at com.kms.katalon.core.main.TestCaseExecutor.execute(TestCaseExecutor.java:233)
	at com.kms.katalon.core.main.TestSuiteExecutor.accessTestCaseMainPhase(TestSuiteExecutor.java:169)
	at com.kms.katalon.core.main.TestSuiteExecutor.accessTestSuiteMainPhase(TestSuiteExecutor.java:142)
	at com.kms.katalon.core.main.TestSuiteExecutor.execute(TestSuiteExecutor.java:91)
	at com.kms.katalon.core.main.TestCaseMain.startTestSuite(TestCaseMain.java:157)
	at com.kms.katalon.core.main.TestCaseMain$startTestSuite$0.call(Unknown Source)
	at TempTestSuite1591248863359.run(TempTestSuite1591248863359.groovy:36)
Caused by: com.kms.katalon.core.exception.StepFailedException: com.kms.katalon.core.webui.exception.WebElementNotFoundException: Web element with id: 'Object Repository/Christi/Page_Manage Sliders_Edit/div_Data has been updated' located by 'By.xpath: //*[(text() = 'Data has been updated' or . = 'Data has been updated')]' not found
	at com.kms.katalon.core.webui.keyword.internal.WebUIKeywordMain.stepFailed(WebUIKeywordMain.groovy:64)
	at com.kms.katalon.core.webui.keyword.builtin.VerifyElementPresentKeyword$_verifyElementPresent_closure1.doCall(VerifyElementPresentKeyword.groovy:85)
	at com.kms.katalon.core.webui.keyword.builtin.VerifyElementPresentKeyword$_verifyElementPresent_closure1.call(VerifyElementPresentKeyword.groovy)
	at com.kms.katalon.core.webui.keyword.internal.WebUIKeywordMain.runKeyword(WebUIKeywordMain.groovy:20)
	... 19 more
)

2020-06-04 12:40:41 - [TEST_STEP][PASSED] - uploadFile(findTestObject("Object Repository/Christi/Page_Manage Sliders/input_Icon_files"), img_slider_baru): File 'C:\Users\ASUS\git\LearningManagementWeb\konten lms\WhatsApp Image 2020-02-20 at 08.37.35.jpeg' sent to object: 'Object Repository/Christi/Page_Manage Sliders/input_Icon_files'

2020-06-04 12:40:41 - [MESSAGE][PASSED] - File 'C:\Users\ASUS\git\LearningManagementWeb\konten lms\WhatsApp Image 2020-02-20 at 08.37.35.jpeg' sent to object: 'Object Repository/Christi/Page_Manage Sliders/input_Icon_files'

2020-06-04 12:40:41 - [TEST_STEP][PASSED] - if (max_image_size == "yes"): null

2020-06-04 12:40:41 - [TEST_STEP][PASSED] - else if (img_file_invalid == "yes"): null

2020-06-04 12:40:41 - [TEST_STEP][PASSED] - else: Object 'Object Repository/Christi/Page_Manage Sliders/div_File uploaded successfully' is present

2020-06-04 12:40:41 - [TEST_STEP][PASSED] - verifyElementPresent(findTestObject("Christi/Page_Manage Sliders/div_File uploaded successfully"), 0): Object 'Object Repository/Christi/Page_Manage Sliders/div_File uploaded successfully' is present

2020-06-04 12:40:41 - [MESSAGE][WARNING] - Timeout '0' is invalid. Using default page load timeout: '30'

2020-06-04 12:40:42 - [MESSAGE][PASSED] - Object 'Object Repository/Christi/Page_Manage Sliders/div_File uploaded successfully' is present

2020-06-04 12:40:42 - [TEST_STEP][PASSED] - click(findTestObject("Object Repository/Christi/Page_Manage Sliders_Edit/button_Update Slider")): Object: 'Object Repository/Christi/Page_Manage Sliders_Edit/button_Update Slider' is clicked on

2020-06-04 12:40:43 - [MESSAGE][PASSED] - Object: 'Object Repository/Christi/Page_Manage Sliders_Edit/button_Update Slider' is clicked on

2020-06-04 12:40:43 - [TEST_STEP][FAILED] - if (expected == "pass"): Unable to verify object 'Object Repository/Christi/Page_Manage Sliders_Edit/div_Data has been updated' is present (Root cause: com.kms.katalon.core.exception.StepFailedException: Unable to verify object 'Object Repository/Christi/Page_Manage Sliders_Edit/div_Data has been updated' is present
	at com.kms.katalon.core.webui.keyword.internal.WebUIKeywordMain.stepFailed(WebUIKeywordMain.groovy:64)
	at com.kms.katalon.core.webui.keyword.internal.WebUIKeywordMain.runKeyword(WebUIKeywordMain.groovy:26)
	at com.kms.katalon.core.webui.keyword.builtin.VerifyElementPresentKeyword.verifyElementPresent(VerifyElementPresentKeyword.groovy:92)
	at com.kms.katalon.core.webui.keyword.builtin.VerifyElementPresentKeyword.execute(VerifyElementPresentKeyword.groovy:68)
	at com.kms.katalon.core.keyword.internal.KeywordExecutor.executeKeywordForPlatform(KeywordExecutor.groovy:60)
	at com.kms.katalon.core.webui.keyword.WebUiBuiltInKeywords.verifyElementPresent(WebUiBuiltInKeywords.groovy:1434)
	at com.kms.katalon.core.webui.keyword.WebUiBuiltInKeywords$verifyElementPresent$3.call(Unknown Source)
	at Manage Slider - Edit.run(Manage Slider - Edit:90)
	at com.kms.katalon.core.main.ScriptEngine.run(ScriptEngine.java:194)
	at com.kms.katalon.core.main.ScriptEngine.runScriptAsRawText(ScriptEngine.java:119)
	at com.kms.katalon.core.main.TestCaseExecutor.runScript(TestCaseExecutor.java:337)
	at com.kms.katalon.core.main.TestCaseExecutor.doExecute(TestCaseExecutor.java:328)
	at com.kms.katalon.core.main.TestCaseExecutor.processExecutionPhase(TestCaseExecutor.java:307)
	at com.kms.katalon.core.main.TestCaseExecutor.accessMainPhase(TestCaseExecutor.java:299)
	at com.kms.katalon.core.main.TestCaseExecutor.execute(TestCaseExecutor.java:233)
	at com.kms.katalon.core.main.TestSuiteExecutor.accessTestCaseMainPhase(TestSuiteExecutor.java:169)
	at com.kms.katalon.core.main.TestSuiteExecutor.accessTestSuiteMainPhase(TestSuiteExecutor.java:142)
	at com.kms.katalon.core.main.TestSuiteExecutor.execute(TestSuiteExecutor.java:91)
	at com.kms.katalon.core.main.TestCaseMain.startTestSuite(TestCaseMain.java:157)
	at com.kms.katalon.core.main.TestCaseMain$startTestSuite$0.call(Unknown Source)
	at TempTestSuite1591248863359.run(TempTestSuite1591248863359.groovy:36)
Caused by: com.kms.katalon.core.exception.StepFailedException: com.kms.katalon.core.webui.exception.WebElementNotFoundException: Web element with id: 'Object Repository/Christi/Page_Manage Sliders_Edit/div_Data has been updated' located by 'By.xpath: //*[(text() = 'Data has been updated' or . = 'Data has been updated')]' not found
	at com.kms.katalon.core.webui.keyword.internal.WebUIKeywordMain.stepFailed(WebUIKeywordMain.groovy:64)
	at com.kms.katalon.core.webui.keyword.builtin.VerifyElementPresentKeyword$_verifyElementPresent_closure1.doCall(VerifyElementPresentKeyword.groovy:85)
	at com.kms.katalon.core.webui.keyword.builtin.VerifyElementPresentKeyword$_verifyElementPresent_closure1.call(VerifyElementPresentKeyword.groovy)
	at com.kms.katalon.core.webui.keyword.internal.WebUIKeywordMain.runKeyword(WebUIKeywordMain.groovy:20)
	... 19 more
)

2020-06-04 12:40:43 - [TEST_STEP][FAILED] - verifyElementPresent(findTestObject("Object Repository/Christi/Page_Manage Sliders_Edit/div_Data has been updated"), 0): Unable to verify object 'Object Repository/Christi/Page_Manage Sliders_Edit/div_Data has been updated' is present (Root cause: com.kms.katalon.core.exception.StepFailedException: Unable to verify object 'Object Repository/Christi/Page_Manage Sliders_Edit/div_Data has been updated' is present
	at com.kms.katalon.core.webui.keyword.internal.WebUIKeywordMain.stepFailed(WebUIKeywordMain.groovy:64)
	at com.kms.katalon.core.webui.keyword.internal.WebUIKeywordMain.runKeyword(WebUIKeywordMain.groovy:26)
	at com.kms.katalon.core.webui.keyword.builtin.VerifyElementPresentKeyword.verifyElementPresent(VerifyElementPresentKeyword.groovy:92)
	at com.kms.katalon.core.webui.keyword.builtin.VerifyElementPresentKeyword.execute(VerifyElementPresentKeyword.groovy:68)
	at com.kms.katalon.core.keyword.internal.KeywordExecutor.executeKeywordForPlatform(KeywordExecutor.groovy:60)
	at com.kms.katalon.core.webui.keyword.WebUiBuiltInKeywords.verifyElementPresent(WebUiBuiltInKeywords.groovy:1434)
	at com.kms.katalon.core.webui.keyword.WebUiBuiltInKeywords$verifyElementPresent$3.call(Unknown Source)
	at Manage Slider - Edit.run(Manage Slider - Edit:90)
	at com.kms.katalon.core.main.ScriptEngine.run(ScriptEngine.java:194)
	at com.kms.katalon.core.main.ScriptEngine.runScriptAsRawText(ScriptEngine.java:119)
	at com.kms.katalon.core.main.TestCaseExecutor.runScript(TestCaseExecutor.java:337)
	at com.kms.katalon.core.main.TestCaseExecutor.doExecute(TestCaseExecutor.java:328)
	at com.kms.katalon.core.main.TestCaseExecutor.processExecutionPhase(TestCaseExecutor.java:307)
	at com.kms.katalon.core.main.TestCaseExecutor.accessMainPhase(TestCaseExecutor.java:299)
	at com.kms.katalon.core.main.TestCaseExecutor.execute(TestCaseExecutor.java:233)
	at com.kms.katalon.core.main.TestSuiteExecutor.accessTestCaseMainPhase(TestSuiteExecutor.java:169)
	at com.kms.katalon.core.main.TestSuiteExecutor.accessTestSuiteMainPhase(TestSuiteExecutor.java:142)
	at com.kms.katalon.core.main.TestSuiteExecutor.execute(TestSuiteExecutor.java:91)
	at com.kms.katalon.core.main.TestCaseMain.startTestSuite(TestCaseMain.java:157)
	at com.kms.katalon.core.main.TestCaseMain$startTestSuite$0.call(Unknown Source)
	at TempTestSuite1591248863359.run(TempTestSuite1591248863359.groovy:36)
Caused by: com.kms.katalon.core.exception.StepFailedException: com.kms.katalon.core.webui.exception.WebElementNotFoundException: Web element with id: 'Object Repository/Christi/Page_Manage Sliders_Edit/div_Data has been updated' located by 'By.xpath: //*[(text() = 'Data has been updated' or . = 'Data has been updated')]' not found
	at com.kms.katalon.core.webui.keyword.internal.WebUIKeywordMain.stepFailed(WebUIKeywordMain.groovy:64)
	at com.kms.katalon.core.webui.keyword.builtin.VerifyElementPresentKeyword$_verifyElementPresent_closure1.doCall(VerifyElementPresentKeyword.groovy:85)
	at com.kms.katalon.core.webui.keyword.builtin.VerifyElementPresentKeyword$_verifyElementPresent_closure1.call(VerifyElementPresentKeyword.groovy)
	at com.kms.katalon.core.webui.keyword.internal.WebUIKeywordMain.runKeyword(WebUIKeywordMain.groovy:20)
	... 19 more
)

2020-06-04 12:40:43 - [MESSAGE][WARNING] - Timeout '0' is invalid. Using default page load timeout: '30'

2020-06-04 12:41:26 - [MESSAGE][INFO] - Unable to find the element located by 'By.xpath: //*[(text() = 'Data has been updated' or . = 'Data has been updated')]'. Please recheck the objects properties to make sure the desired element is located. 

2020-06-04 12:41:26 - [MESSAGE][FAILED] - com.kms.katalon.core.webui.exception.WebElementNotFoundException: Web element with id: 'Object Repository/Christi/Page_Manage Sliders_Edit/div_Data has been updated' located by 'By.xpath: //*[(text() = 'Data has been updated' or . = 'Data has been updated')]' not found (Root cause: com.kms.katalon.core.exception.StepFailedException: com.kms.katalon.core.webui.exception.WebElementNotFoundException: Web element with id: 'Object Repository/Christi/Page_Manage Sliders_Edit/div_Data has been updated' located by 'By.xpath: //*[(text() = 'Data has been updated' or . = 'Data has been updated')]' not found
	at com.kms.katalon.core.webui.keyword.internal.WebUIKeywordMain.stepFailed(WebUIKeywordMain.groovy:64)
	at com.kms.katalon.core.webui.keyword.builtin.VerifyElementPresentKeyword$_verifyElementPresent_closure1.doCall(VerifyElementPresentKeyword.groovy:85)
	at com.kms.katalon.core.webui.keyword.builtin.VerifyElementPresentKeyword$_verifyElementPresent_closure1.call(VerifyElementPresentKeyword.groovy)
	at com.kms.katalon.core.webui.keyword.internal.WebUIKeywordMain.runKeyword(WebUIKeywordMain.groovy:20)
	at com.kms.katalon.core.webui.keyword.builtin.VerifyElementPresentKeyword.verifyElementPresent(VerifyElementPresentKeyword.groovy:92)
	at com.kms.katalon.core.webui.keyword.builtin.VerifyElementPresentKeyword.execute(VerifyElementPresentKeyword.groovy:68)
	at com.kms.katalon.core.keyword.internal.KeywordExecutor.executeKeywordForPlatform(KeywordExecutor.groovy:60)
	at com.kms.katalon.core.webui.keyword.WebUiBuiltInKeywords.verifyElementPresent(WebUiBuiltInKeywords.groovy:1434)
	at com.kms.katalon.core.webui.keyword.WebUiBuiltInKeywords$verifyElementPresent$3.call(Unknown Source)
	at Manage Slider - Edit.run(Manage Slider - Edit:90)
	at com.kms.katalon.core.main.ScriptEngine.run(ScriptEngine.java:194)
	at com.kms.katalon.core.main.ScriptEngine.runScriptAsRawText(ScriptEngine.java:119)
	at com.kms.katalon.core.main.TestCaseExecutor.runScript(TestCaseExecutor.java:337)
	at com.kms.katalon.core.main.TestCaseExecutor.doExecute(TestCaseExecutor.java:328)
	at com.kms.katalon.core.main.TestCaseExecutor.processExecutionPhase(TestCaseExecutor.java:307)
	at com.kms.katalon.core.main.TestCaseExecutor.accessMainPhase(TestCaseExecutor.java:299)
	at com.kms.katalon.core.main.TestCaseExecutor.execute(TestCaseExecutor.java:233)
	at com.kms.katalon.core.main.TestSuiteExecutor.accessTestCaseMainPhase(TestSuiteExecutor.java:169)
	at com.kms.katalon.core.main.TestSuiteExecutor.accessTestSuiteMainPhase(TestSuiteExecutor.java:142)
	at com.kms.katalon.core.main.TestSuiteExecutor.execute(TestSuiteExecutor.java:91)
	at com.kms.katalon.core.main.TestCaseMain.startTestSuite(TestCaseMain.java:157)
	at com.kms.katalon.core.main.TestCaseMain$startTestSuite$0.call(Unknown Source)
	at TempTestSuite1591248863359.run(TempTestSuite1591248863359.groovy:36)
)
[[ATTACHMENT|C:\\Users\\ASUS\\git\\LearningManagementWeb\\Reports\\20200604_123423\\Christi\\Manage Slider\\20200604_123423\\1591249286203.png]]

2020-06-04 12:41:26 - [MESSAGE][FAILED] - Unable to verify object 'Object Repository/Christi/Page_Manage Sliders_Edit/div_Data has been updated' is present (Root cause: com.kms.katalon.core.exception.StepFailedException: Unable to verify object 'Object Repository/Christi/Page_Manage Sliders_Edit/div_Data has been updated' is present
	at com.kms.katalon.core.webui.keyword.internal.WebUIKeywordMain.stepFailed(WebUIKeywordMain.groovy:64)
	at com.kms.katalon.core.webui.keyword.internal.WebUIKeywordMain.runKeyword(WebUIKeywordMain.groovy:26)
	at com.kms.katalon.core.webui.keyword.builtin.VerifyElementPresentKeyword.verifyElementPresent(VerifyElementPresentKeyword.groovy:92)
	at com.kms.katalon.core.webui.keyword.builtin.VerifyElementPresentKeyword.execute(VerifyElementPresentKeyword.groovy:68)
	at com.kms.katalon.core.keyword.internal.KeywordExecutor.executeKeywordForPlatform(KeywordExecutor.groovy:60)
	at com.kms.katalon.core.webui.keyword.WebUiBuiltInKeywords.verifyElementPresent(WebUiBuiltInKeywords.groovy:1434)
	at com.kms.katalon.core.webui.keyword.WebUiBuiltInKeywords$verifyElementPresent$3.call(Unknown Source)
	at Manage Slider - Edit.run(Manage Slider - Edit:90)
	at com.kms.katalon.core.main.ScriptEngine.run(ScriptEngine.java:194)
	at com.kms.katalon.core.main.ScriptEngine.runScriptAsRawText(ScriptEngine.java:119)
	at com.kms.katalon.core.main.TestCaseExecutor.runScript(TestCaseExecutor.java:337)
	at com.kms.katalon.core.main.TestCaseExecutor.doExecute(TestCaseExecutor.java:328)
	at com.kms.katalon.core.main.TestCaseExecutor.processExecutionPhase(TestCaseExecutor.java:307)
	at com.kms.katalon.core.main.TestCaseExecutor.accessMainPhase(TestCaseExecutor.java:299)
	at com.kms.katalon.core.main.TestCaseExecutor.execute(TestCaseExecutor.java:233)
	at com.kms.katalon.core.main.TestSuiteExecutor.accessTestCaseMainPhase(TestSuiteExecutor.java:169)
	at com.kms.katalon.core.main.TestSuiteExecutor.accessTestSuiteMainPhase(TestSuiteExecutor.java:142)
	at com.kms.katalon.core.main.TestSuiteExecutor.execute(TestSuiteExecutor.java:91)
	at com.kms.katalon.core.main.TestCaseMain.startTestSuite(TestCaseMain.java:157)
	at com.kms.katalon.core.main.TestCaseMain$startTestSuite$0.call(Unknown Source)
	at TempTestSuite1591248863359.run(TempTestSuite1591248863359.groovy:36)
Caused by: com.kms.katalon.core.exception.StepFailedException: com.kms.katalon.core.webui.exception.WebElementNotFoundException: Web element with id: 'Object Repository/Christi/Page_Manage Sliders_Edit/div_Data has been updated' located by 'By.xpath: //*[(text() = 'Data has been updated' or . = 'Data has been updated')]' not found
	at com.kms.katalon.core.webui.keyword.internal.WebUIKeywordMain.stepFailed(WebUIKeywordMain.groovy:64)
	at com.kms.katalon.core.webui.keyword.builtin.VerifyElementPresentKeyword$_verifyElementPresent_closure1.doCall(VerifyElementPresentKeyword.groovy:85)
	at com.kms.katalon.core.webui.keyword.builtin.VerifyElementPresentKeyword$_verifyElementPresent_closure1.call(VerifyElementPresentKeyword.groovy)
	at com.kms.katalon.core.webui.keyword.internal.WebUIKeywordMain.runKeyword(WebUIKeywordMain.groovy:20)
	... 19 more
)
[[ATTACHMENT|C:\\Users\\ASUS\\git\\LearningManagementWeb\\Reports\\20200604_123423\\Christi\\Manage Slider\\20200604_123423\\1591249286582.png]]]]></system-out>
         <system-err><![CDATA[2020-06-04 12:39:48 - [TEST_CASE][FAILED] - Test Cases/Christi/Admin/Manage Slider - Edit: Test Cases/Christi/Admin/Manage Slider - Edit FAILED.
Reason:
com.kms.katalon.core.exception.StepFailedException: Unable to verify object 'Object Repository/Christi/Page_Manage Sliders_Edit/div_Data has been updated' is present
	at com.kms.katalon.core.webui.keyword.internal.WebUIKeywordMain.stepFailed(WebUIKeywordMain.groovy:64)
	at com.kms.katalon.core.webui.keyword.internal.WebUIKeywordMain.runKeyword(WebUIKeywordMain.groovy:26)
	at com.kms.katalon.core.webui.keyword.builtin.VerifyElementPresentKeyword.verifyElementPresent(VerifyElementPresentKeyword.groovy:92)
	at com.kms.katalon.core.webui.keyword.builtin.VerifyElementPresentKeyword.execute(VerifyElementPresentKeyword.groovy:68)
	at com.kms.katalon.core.keyword.internal.KeywordExecutor.executeKeywordForPlatform(KeywordExecutor.groovy:60)
	at com.kms.katalon.core.webui.keyword.WebUiBuiltInKeywords.verifyElementPresent(WebUiBuiltInKeywords.groovy:1434)
	at com.kms.katalon.core.webui.keyword.WebUiBuiltInKeywords$verifyElementPresent$3.call(Unknown Source)
	at Manage Slider - Edit.run(Manage Slider - Edit:90)
	at com.kms.katalon.core.main.ScriptEngine.run(ScriptEngine.java:194)
	at com.kms.katalon.core.main.ScriptEngine.runScriptAsRawText(ScriptEngine.java:119)
	at com.kms.katalon.core.main.TestCaseExecutor.runScript(TestCaseExecutor.java:337)
	at com.kms.katalon.core.main.TestCaseExecutor.doExecute(TestCaseExecutor.java:328)
	at com.kms.katalon.core.main.TestCaseExecutor.processExecutionPhase(TestCaseExecutor.java:307)
	at com.kms.katalon.core.main.TestCaseExecutor.accessMainPhase(TestCaseExecutor.java:299)
	at com.kms.katalon.core.main.TestCaseExecutor.execute(TestCaseExecutor.java:233)
	at com.kms.katalon.core.main.TestSuiteExecutor.accessTestCaseMainPhase(TestSuiteExecutor.java:169)
	at com.kms.katalon.core.main.TestSuiteExecutor.accessTestSuiteMainPhase(TestSuiteExecutor.java:142)
	at com.kms.katalon.core.main.TestSuiteExecutor.execute(TestSuiteExecutor.java:91)
	at com.kms.katalon.core.main.TestCaseMain.startTestSuite(TestCaseMain.java:157)
	at com.kms.katalon.core.main.TestCaseMain$startTestSuite$0.call(Unknown Source)
	at TempTestSuite1591248863359.run(TempTestSuite1591248863359.groovy:36)
Caused by: com.kms.katalon.core.exception.StepFailedException: com.kms.katalon.core.webui.exception.WebElementNotFoundException: Web element with id: 'Object Repository/Christi/Page_Manage Sliders_Edit/div_Data has been updated' located by 'By.xpath: //*[(text() = 'Data has been updated' or . = 'Data has been updated')]' not found
	at com.kms.katalon.core.webui.keyword.internal.WebUIKeywordMain.stepFailed(WebUIKeywordMain.groovy:64)
	at com.kms.katalon.core.webui.keyword.builtin.VerifyElementPresentKeyword$_verifyElementPresent_closure1.doCall(VerifyElementPresentKeyword.groovy:85)
	at com.kms.katalon.core.webui.keyword.builtin.VerifyElementPresentKeyword$_verifyElementPresent_closure1.call(VerifyElementPresentKeyword.groovy)
	at com.kms.katalon.core.webui.keyword.internal.WebUIKeywordMain.runKeyword(WebUIKeywordMain.groovy:20)
	... 19 more]]></system-err>
      </testcase>
      <testcase name="Test Cases/Christi/Admin/Manage Slider - Edit" time="128.304" classname="Test Cases/Christi/Admin/Manage Slider - Edit" status="FAILED">
         <failure type="FAILED" message="Test Cases/Christi/Admin/Manage Slider - Edit FAILED.
Reason:
com.kms.katalon.core.exception.StepFailedException: Unable to verify object 'Object Repository/Christi/Page_Manage Sliders_Alert/div_Expected file extension is jpegjpgpngtiff' is present
	at com.kms.katalon.core.webui.keyword.internal.WebUIKeywordMain.stepFailed(WebUIKeywordMain.groovy:64)
	at com.kms.katalon.core.webui.keyword.internal.WebUIKeywordMain.runKeyword(WebUIKeywordMain.groovy:26)
	at com.kms.katalon.core.webui.keyword.builtin.VerifyElementPresentKeyword.verifyElementPresent(VerifyElementPresentKeyword.groovy:92)
	at com.kms.katalon.core.webui.keyword.builtin.VerifyElementPresentKeyword.execute(VerifyElementPresentKeyword.groovy:68)
	at com.kms.katalon.core.keyword.internal.KeywordExecutor.executeKeywordForPlatform(KeywordExecutor.groovy:60)
	at com.kms.katalon.core.webui.keyword.WebUiBuiltInKeywords.verifyElementPresent(WebUiBuiltInKeywords.groovy:1434)
	at com.kms.katalon.core.webui.keyword.WebUiBuiltInKeywords$verifyElementPresent$3.call(Unknown Source)
	at Manage Slider - Edit.run(Manage Slider - Edit:80)
	at com.kms.katalon.core.main.ScriptEngine.run(ScriptEngine.java:194)
	at com.kms.katalon.core.main.ScriptEngine.runScriptAsRawText(ScriptEngine.java:119)
	at com.kms.katalon.core.main.TestCaseExecutor.runScript(TestCaseExecutor.java:337)
	at com.kms.katalon.core.main.TestCaseExecutor.doExecute(TestCaseExecutor.java:328)
	at com.kms.katalon.core.main.TestCaseExecutor.processExecutionPhase(TestCaseExecutor.java:307)
	at com.kms.katalon.core.main.TestCaseExecutor.accessMainPhase(TestCaseExecutor.java:299)
	at com.kms.katalon.core.main.TestCaseExecutor.execute(TestCaseExecutor.java:233)
	at com.kms.katalon.core.main.TestSuiteExecutor.accessTestCaseMainPhase(TestSuiteExecutor.java:169)
	at com.kms.katalon.core.main.TestSuiteExecutor.accessTestSuiteMainPhase(TestSuiteExecutor.java:142)
	at com.kms.katalon.core.main.TestSuiteExecutor.execute(TestSuiteExecutor.java:91)
	at com.kms.katalon.core.main.TestCaseMain.startTestSuite(TestCaseMain.java:157)
	at com.kms.katalon.core.main.TestCaseMain$startTestSuite$0.call(Unknown Source)
	at TempTestSuite1591248863359.run(TempTestSuite1591248863359.groovy:36)
Caused by: com.kms.katalon.core.exception.StepFailedException: com.kms.katalon.core.webui.exception.WebElementNotFoundException: Web element with id: 'Object Repository/Christi/Page_Manage Sliders_Alert/div_Expected file extension is jpegjpgpngtiff' located by 'By.xpath: //*[@class = 'toast-message' and (text() = 'Expected file extension is .jpeg,.jpg,.png,.tiff' or . = 'Expected file extension is .jpeg,.jpg,.png,.tiff')]' not found
	at com.kms.katalon.core.webui.keyword.internal.WebUIKeywordMain.stepFailed(WebUIKeywordMain.groovy:64)
	at com.kms.katalon.core.webui.keyword.builtin.VerifyElementPresentKeyword$_verifyElementPresent_closure1.doCall(VerifyElementPresentKeyword.groovy:85)
	at com.kms.katalon.core.webui.keyword.builtin.VerifyElementPresentKeyword$_verifyElementPresent_closure1.call(VerifyElementPresentKeyword.groovy)
	at com.kms.katalon.core.webui.keyword.internal.WebUIKeywordMain.runKeyword(WebUIKeywordMain.groovy:20)
	... 19 more
"/>
         <system-out><![CDATA[2020-06-04 12:41:27 - [TEST_CASE][FAILED] - Test Cases/Christi/Admin/Manage Slider - Edit: Test Cases/Christi/Admin/Manage Slider - Edit FAILED.
Reason:
com.kms.katalon.core.exception.StepFailedException: Unable to verify object 'Object Repository/Christi/Page_Manage Sliders_Alert/div_Expected file extension is jpegjpgpngtiff' is present
	at com.kms.katalon.core.webui.keyword.internal.WebUIKeywordMain.stepFailed(WebUIKeywordMain.groovy:64)
	at com.kms.katalon.core.webui.keyword.internal.WebUIKeywordMain.runKeyword(WebUIKeywordMain.groovy:26)
	at com.kms.katalon.core.webui.keyword.builtin.VerifyElementPresentKeyword.verifyElementPresent(VerifyElementPresentKeyword.groovy:92)
	at com.kms.katalon.core.webui.keyword.builtin.VerifyElementPresentKeyword.execute(VerifyElementPresentKeyword.groovy:68)
	at com.kms.katalon.core.keyword.internal.KeywordExecutor.executeKeywordForPlatform(KeywordExecutor.groovy:60)
	at com.kms.katalon.core.webui.keyword.WebUiBuiltInKeywords.verifyElementPresent(WebUiBuiltInKeywords.groovy:1434)
	at com.kms.katalon.core.webui.keyword.WebUiBuiltInKeywords$verifyElementPresent$3.call(Unknown Source)
	at Manage Slider - Edit.run(Manage Slider - Edit:80)
	at com.kms.katalon.core.main.ScriptEngine.run(ScriptEngine.java:194)
	at com.kms.katalon.core.main.ScriptEngine.runScriptAsRawText(ScriptEngine.java:119)
	at com.kms.katalon.core.main.TestCaseExecutor.runScript(TestCaseExecutor.java:337)
	at com.kms.katalon.core.main.TestCaseExecutor.doExecute(TestCaseExecutor.java:328)
	at com.kms.katalon.core.main.TestCaseExecutor.processExecutionPhase(TestCaseExecutor.java:307)
	at com.kms.katalon.core.main.TestCaseExecutor.accessMainPhase(TestCaseExecutor.java:299)
	at com.kms.katalon.core.main.TestCaseExecutor.execute(TestCaseExecutor.java:233)
	at com.kms.katalon.core.main.TestSuiteExecutor.accessTestCaseMainPhase(TestSuiteExecutor.java:169)
	at com.kms.katalon.core.main.TestSuiteExecutor.accessTestSuiteMainPhase(TestSuiteExecutor.java:142)
	at com.kms.katalon.core.main.TestSuiteExecutor.execute(TestSuiteExecutor.java:91)
	at com.kms.katalon.core.main.TestCaseMain.startTestSuite(TestCaseMain.java:157)
	at com.kms.katalon.core.main.TestCaseMain$startTestSuite$0.call(Unknown Source)
	at TempTestSuite1591248863359.run(TempTestSuite1591248863359.groovy:36)
Caused by: com.kms.katalon.core.exception.StepFailedException: com.kms.katalon.core.webui.exception.WebElementNotFoundException: Web element with id: 'Object Repository/Christi/Page_Manage Sliders_Alert/div_Expected file extension is jpegjpgpngtiff' located by 'By.xpath: //*[@class = 'toast-message' and (text() = 'Expected file extension is .jpeg,.jpg,.png,.tiff' or . = 'Expected file extension is .jpeg,.jpg,.png,.tiff')]' not found
	at com.kms.katalon.core.webui.keyword.internal.WebUIKeywordMain.stepFailed(WebUIKeywordMain.groovy:64)
	at com.kms.katalon.core.webui.keyword.builtin.VerifyElementPresentKeyword$_verifyElementPresent_closure1.doCall(VerifyElementPresentKeyword.groovy:85)
	at com.kms.katalon.core.webui.keyword.builtin.VerifyElementPresentKeyword$_verifyElementPresent_closure1.call(VerifyElementPresentKeyword.groovy)
	at com.kms.katalon.core.webui.keyword.internal.WebUIKeywordMain.runKeyword(WebUIKeywordMain.groovy:20)
	... 19 more


2020-06-04 12:41:27 - [TEST_STEP][PASSED] - callTestCase(findTestCase("Christi/Admin/admin login"), ["username":"11666", "password":"Password3"], STOP_ON_FAILURE): Call Test Case 'Test Cases/Christi/Admin/admin login' successfully

2020-06-04 12:41:27 - [TEST_CASE][PASSED] - Test Cases/Christi/Admin/admin login: Test Cases/Christi/Admin/admin login

2020-06-04 12:41:27 - [TEST_STEP][PASSED] - openBrowser(""): Browser is opened with url: ''

2020-06-04 12:41:27 - [MESSAGE][WARNING] - A browser is already opened. Closing browser and opening a new one

2020-06-04 12:41:28 - [MESSAGE][INFO] - Starting 'Chrome' driver

2020-06-04 12:41:30 - [MESSAGE][PASSED] - Browser is opened with url: ''

2020-06-04 12:41:30 - [TEST_STEP][PASSED] - navigateToUrl("https://appsrv1.deltadatamandiri.com/ACC_LMS_WEB/#/admNLmn"): Navigate to 'https://appsrv1.deltadatamandiri.com/ACC_LMS_WEB/#/admNLmn' successfully

2020-06-04 12:42:06 - [MESSAGE][PASSED] - Navigate to 'https://appsrv1.deltadatamandiri.com/ACC_LMS_WEB/#/admNLmn' successfully

2020-06-04 12:42:06 - [TEST_STEP][PASSED] - click(findTestObject("Christi/Page_Main/button_login")): Object: 'Object Repository/Christi/Page_Main/button_login' is clicked on

2020-06-04 12:42:17 - [MESSAGE][ERROR] - javascript error: Failed to execute 'elementsFromPoint' on 'Document': The provided double value is non-finite.
  (Session info: chrome=83.0.4103.61)
Build info: version: '3.141.59', revision: 'e82be7d358', time: '2018-11-14T08:25:53'
System info: host: 'LAPTOP-D0TPACJ1', ip: '192.168.100.227', os.name: 'Windows 10', os.arch: 'amd64', os.version: '10.0', java.version: '1.8.0_181'
Driver info: com.kms.katalon.selenium.driver.CChromeDriver
Capabilities {acceptInsecureCerts: false, browserName: chrome, browserVersion: 83.0.4103.61, chrome: {chromedriverVersion: 83.0.4103.39 (ccbf011cb2d2b..., userDataDir: C:\Users\ASUS\AppData\Local...}, goog:chromeOptions: {debuggerAddress: localhost:55383}, javascriptEnabled: true, networkConnectionEnabled: false, pageLoadStrategy: normal, platform: WINDOWS, platformName: WINDOWS, proxy: Proxy(), setWindowRect: true, strictFileInteractability: false, timeouts: {implicit: 0, pageLoad: 300000, script: 30000}, unhandledPromptBehavior: dismiss and notify, webauthn:virtualAuthenticators: true}
Session ID: 1e62c4a77345efab171decfb476bc40e

2020-06-04 12:42:18 - [MESSAGE][PASSED] - Object: 'Object Repository/Christi/Page_Main/button_login' is clicked on

2020-06-04 12:42:18 - [TEST_STEP][PASSED] - delay(3): Delayed 3 second(s)

2020-06-04 12:42:21 - [MESSAGE][PASSED] - Delayed 3 second(s)

2020-06-04 12:42:21 - [TEST_STEP][PASSED] - setText(findTestObject("Object Repository/Christi/Page_Main/input_NPK_username"), username): Text '11666' is set on object 'Object Repository/Christi/Page_Main/input_NPK_username'

2020-06-04 12:42:21 - [MESSAGE][PASSED] - Text '11666' is set on object 'Object Repository/Christi/Page_Main/input_NPK_username'

2020-06-04 12:42:21 - [TEST_STEP][PASSED] - setText(findTestObject("Object Repository/Christi/Page_Main/input_Password_password"), password): Text 'Password3' is set on object 'Object Repository/Christi/Page_Main/input_Password_password'

2020-06-04 12:42:22 - [MESSAGE][PASSED] - Text 'Password3' is set on object 'Object Repository/Christi/Page_Main/input_Password_password'

2020-06-04 12:42:22 - [TEST_STEP][PASSED] - delay(5): Delayed 5 second(s)

2020-06-04 12:42:27 - [MESSAGE][PASSED] - Delayed 5 second(s)

2020-06-04 12:42:27 - [TEST_STEP][PASSED] - click(findTestObject("Rizka/Admin/Admin - Login/btnLogin2")): Object: 'Object Repository/Rizka/Admin/Admin - Login/btnLogin2' is clicked on

2020-06-04 12:42:27 - [MESSAGE][PASSED] - Object: 'Object Repository/Rizka/Admin/Admin - Login/btnLogin2' is clicked on

2020-06-04 12:42:27 - [TEST_STEP][PASSED] - delay(5): Delayed 5 second(s)

2020-06-04 12:42:32 - [MESSAGE][PASSED] - Delayed 5 second(s)

2020-06-04 12:42:32 - [MESSAGE][PASSED] - Call Test Case 'Test Cases/Christi/Admin/admin login' successfully

2020-06-04 12:42:32 - [TEST_STEP][PASSED] - delay(3): Delayed 3 second(s)

2020-06-04 12:42:35 - [MESSAGE][PASSED] - Delayed 3 second(s)

2020-06-04 12:42:35 - [TEST_STEP][PASSED] - click(findTestObject("Object Repository/Christi/Page_Dashboard Admin/span_Manage Slider")): Object: 'Object Repository/Christi/Page_Dashboard Admin/span_Manage Slider' is clicked on

2020-06-04 12:42:38 - [MESSAGE][PASSED] - Object: 'Object Repository/Christi/Page_Dashboard Admin/span_Manage Slider' is clicked on

2020-06-04 12:42:38 - [TEST_STEP][PASSED] - delay(3): Delayed 3 second(s)

2020-06-04 12:42:41 - [MESSAGE][PASSED] - Delayed 3 second(s)

2020-06-04 12:42:41 - [TEST_STEP][FAILED] - if (find_slider == "found"): Unable to verify object 'Object Repository/Christi/Page_Manage Sliders_Alert/div_Expected file extension is jpegjpgpngtiff' is present (Root cause: com.kms.katalon.core.exception.StepFailedException: Unable to verify object 'Object Repository/Christi/Page_Manage Sliders_Alert/div_Expected file extension is jpegjpgpngtiff' is present
	at com.kms.katalon.core.webui.keyword.internal.WebUIKeywordMain.stepFailed(WebUIKeywordMain.groovy:64)
	at com.kms.katalon.core.webui.keyword.internal.WebUIKeywordMain.runKeyword(WebUIKeywordMain.groovy:26)
	at com.kms.katalon.core.webui.keyword.builtin.VerifyElementPresentKeyword.verifyElementPresent(VerifyElementPresentKeyword.groovy:92)
	at com.kms.katalon.core.webui.keyword.builtin.VerifyElementPresentKeyword.execute(VerifyElementPresentKeyword.groovy:68)
	at com.kms.katalon.core.keyword.internal.KeywordExecutor.executeKeywordForPlatform(KeywordExecutor.groovy:60)
	at com.kms.katalon.core.webui.keyword.WebUiBuiltInKeywords.verifyElementPresent(WebUiBuiltInKeywords.groovy:1434)
	at com.kms.katalon.core.webui.keyword.WebUiBuiltInKeywords$verifyElementPresent$3.call(Unknown Source)
	at Manage Slider - Edit.run(Manage Slider - Edit:80)
	at com.kms.katalon.core.main.ScriptEngine.run(ScriptEngine.java:194)
	at com.kms.katalon.core.main.ScriptEngine.runScriptAsRawText(ScriptEngine.java:119)
	at com.kms.katalon.core.main.TestCaseExecutor.runScript(TestCaseExecutor.java:337)
	at com.kms.katalon.core.main.TestCaseExecutor.doExecute(TestCaseExecutor.java:328)
	at com.kms.katalon.core.main.TestCaseExecutor.processExecutionPhase(TestCaseExecutor.java:307)
	at com.kms.katalon.core.main.TestCaseExecutor.accessMainPhase(TestCaseExecutor.java:299)
	at com.kms.katalon.core.main.TestCaseExecutor.execute(TestCaseExecutor.java:233)
	at com.kms.katalon.core.main.TestSuiteExecutor.accessTestCaseMainPhase(TestSuiteExecutor.java:169)
	at com.kms.katalon.core.main.TestSuiteExecutor.accessTestSuiteMainPhase(TestSuiteExecutor.java:142)
	at com.kms.katalon.core.main.TestSuiteExecutor.execute(TestSuiteExecutor.java:91)
	at com.kms.katalon.core.main.TestCaseMain.startTestSuite(TestCaseMain.java:157)
	at com.kms.katalon.core.main.TestCaseMain$startTestSuite$0.call(Unknown Source)
	at TempTestSuite1591248863359.run(TempTestSuite1591248863359.groovy:36)
Caused by: com.kms.katalon.core.exception.StepFailedException: com.kms.katalon.core.webui.exception.WebElementNotFoundException: Web element with id: 'Object Repository/Christi/Page_Manage Sliders_Alert/div_Expected file extension is jpegjpgpngtiff' located by 'By.xpath: //*[@class = 'toast-message' and (text() = 'Expected file extension is .jpeg,.jpg,.png,.tiff' or . = 'Expected file extension is .jpeg,.jpg,.png,.tiff')]' not found
	at com.kms.katalon.core.webui.keyword.internal.WebUIKeywordMain.stepFailed(WebUIKeywordMain.groovy:64)
	at com.kms.katalon.core.webui.keyword.builtin.VerifyElementPresentKeyword$_verifyElementPresent_closure1.doCall(VerifyElementPresentKeyword.groovy:85)
	at com.kms.katalon.core.webui.keyword.builtin.VerifyElementPresentKeyword$_verifyElementPresent_closure1.call(VerifyElementPresentKeyword.groovy)
	at com.kms.katalon.core.webui.keyword.internal.WebUIKeywordMain.runKeyword(WebUIKeywordMain.groovy:20)
	... 19 more
)

2020-06-04 12:42:41 - [TEST_STEP][PASSED] - verifyElementPresent(findTestObject("Christi/Page_Manage Sliders/label_Slider", ["text":nama_slider]), 3): Object 'Object Repository/Christi/Page_Manage Sliders/label_Slider' is present

2020-06-04 12:42:42 - [MESSAGE][PASSED] - Object 'Object Repository/Christi/Page_Manage Sliders/label_Slider' is present

2020-06-04 12:42:42 - [TEST_STEP][PASSED] - delay(3): Delayed 3 second(s)

2020-06-04 12:42:45 - [MESSAGE][PASSED] - Delayed 3 second(s)

2020-06-04 12:42:45 - [TEST_STEP][PASSED] - click(findTestObject("Object Repository/Christi/Page_Manage Sliders/span_Edit NEOP SERVICE")): Object: 'Object Repository/Christi/Page_Manage Sliders/span_Edit NEOP SERVICE' is clicked on

2020-06-04 12:42:45 - [MESSAGE][PASSED] - Object: 'Object Repository/Christi/Page_Manage Sliders/span_Edit NEOP SERVICE' is clicked on

2020-06-04 12:42:45 - [TEST_STEP][PASSED] - delay(3): Delayed 3 second(s)

2020-06-04 12:42:48 - [MESSAGE][PASSED] - Delayed 3 second(s)

2020-06-04 12:42:48 - [TEST_STEP][FAILED] - switch (edit.toString()): Unable to verify object 'Object Repository/Christi/Page_Manage Sliders_Alert/div_Expected file extension is jpegjpgpngtiff' is present (Root cause: com.kms.katalon.core.exception.StepFailedException: Unable to verify object 'Object Repository/Christi/Page_Manage Sliders_Alert/div_Expected file extension is jpegjpgpngtiff' is present
	at com.kms.katalon.core.webui.keyword.internal.WebUIKeywordMain.stepFailed(WebUIKeywordMain.groovy:64)
	at com.kms.katalon.core.webui.keyword.internal.WebUIKeywordMain.runKeyword(WebUIKeywordMain.groovy:26)
	at com.kms.katalon.core.webui.keyword.builtin.VerifyElementPresentKeyword.verifyElementPresent(VerifyElementPresentKeyword.groovy:92)
	at com.kms.katalon.core.webui.keyword.builtin.VerifyElementPresentKeyword.execute(VerifyElementPresentKeyword.groovy:68)
	at com.kms.katalon.core.keyword.internal.KeywordExecutor.executeKeywordForPlatform(KeywordExecutor.groovy:60)
	at com.kms.katalon.core.webui.keyword.WebUiBuiltInKeywords.verifyElementPresent(WebUiBuiltInKeywords.groovy:1434)
	at com.kms.katalon.core.webui.keyword.WebUiBuiltInKeywords$verifyElementPresent$3.call(Unknown Source)
	at Manage Slider - Edit.run(Manage Slider - Edit:80)
	at com.kms.katalon.core.main.ScriptEngine.run(ScriptEngine.java:194)
	at com.kms.katalon.core.main.ScriptEngine.runScriptAsRawText(ScriptEngine.java:119)
	at com.kms.katalon.core.main.TestCaseExecutor.runScript(TestCaseExecutor.java:337)
	at com.kms.katalon.core.main.TestCaseExecutor.doExecute(TestCaseExecutor.java:328)
	at com.kms.katalon.core.main.TestCaseExecutor.processExecutionPhase(TestCaseExecutor.java:307)
	at com.kms.katalon.core.main.TestCaseExecutor.accessMainPhase(TestCaseExecutor.java:299)
	at com.kms.katalon.core.main.TestCaseExecutor.execute(TestCaseExecutor.java:233)
	at com.kms.katalon.core.main.TestSuiteExecutor.accessTestCaseMainPhase(TestSuiteExecutor.java:169)
	at com.kms.katalon.core.main.TestSuiteExecutor.accessTestSuiteMainPhase(TestSuiteExecutor.java:142)
	at com.kms.katalon.core.main.TestSuiteExecutor.execute(TestSuiteExecutor.java:91)
	at com.kms.katalon.core.main.TestCaseMain.startTestSuite(TestCaseMain.java:157)
	at com.kms.katalon.core.main.TestCaseMain$startTestSuite$0.call(Unknown Source)
	at TempTestSuite1591248863359.run(TempTestSuite1591248863359.groovy:36)
Caused by: com.kms.katalon.core.exception.StepFailedException: com.kms.katalon.core.webui.exception.WebElementNotFoundException: Web element with id: 'Object Repository/Christi/Page_Manage Sliders_Alert/div_Expected file extension is jpegjpgpngtiff' located by 'By.xpath: //*[@class = 'toast-message' and (text() = 'Expected file extension is .jpeg,.jpg,.png,.tiff' or . = 'Expected file extension is .jpeg,.jpg,.png,.tiff')]' not found
	at com.kms.katalon.core.webui.keyword.internal.WebUIKeywordMain.stepFailed(WebUIKeywordMain.groovy:64)
	at com.kms.katalon.core.webui.keyword.builtin.VerifyElementPresentKeyword$_verifyElementPresent_closure1.doCall(VerifyElementPresentKeyword.groovy:85)
	at com.kms.katalon.core.webui.keyword.builtin.VerifyElementPresentKeyword$_verifyElementPresent_closure1.call(VerifyElementPresentKeyword.groovy)
	at com.kms.katalon.core.webui.keyword.internal.WebUIKeywordMain.runKeyword(WebUIKeywordMain.groovy:20)
	... 19 more
)

2020-06-04 12:42:48 - [TEST_STEP][FAILED] - case "img slider":: Unable to verify object 'Object Repository/Christi/Page_Manage Sliders_Alert/div_Expected file extension is jpegjpgpngtiff' is present (Root cause: com.kms.katalon.core.exception.StepFailedException: Unable to verify object 'Object Repository/Christi/Page_Manage Sliders_Alert/div_Expected file extension is jpegjpgpngtiff' is present
	at com.kms.katalon.core.webui.keyword.internal.WebUIKeywordMain.stepFailed(WebUIKeywordMain.groovy:64)
	at com.kms.katalon.core.webui.keyword.internal.WebUIKeywordMain.runKeyword(WebUIKeywordMain.groovy:26)
	at com.kms.katalon.core.webui.keyword.builtin.VerifyElementPresentKeyword.verifyElementPresent(VerifyElementPresentKeyword.groovy:92)
	at com.kms.katalon.core.webui.keyword.builtin.VerifyElementPresentKeyword.execute(VerifyElementPresentKeyword.groovy:68)
	at com.kms.katalon.core.keyword.internal.KeywordExecutor.executeKeywordForPlatform(KeywordExecutor.groovy:60)
	at com.kms.katalon.core.webui.keyword.WebUiBuiltInKeywords.verifyElementPresent(WebUiBuiltInKeywords.groovy:1434)
	at com.kms.katalon.core.webui.keyword.WebUiBuiltInKeywords$verifyElementPresent$3.call(Unknown Source)
	at Manage Slider - Edit.run(Manage Slider - Edit:80)
	at com.kms.katalon.core.main.ScriptEngine.run(ScriptEngine.java:194)
	at com.kms.katalon.core.main.ScriptEngine.runScriptAsRawText(ScriptEngine.java:119)
	at com.kms.katalon.core.main.TestCaseExecutor.runScript(TestCaseExecutor.java:337)
	at com.kms.katalon.core.main.TestCaseExecutor.doExecute(TestCaseExecutor.java:328)
	at com.kms.katalon.core.main.TestCaseExecutor.processExecutionPhase(TestCaseExecutor.java:307)
	at com.kms.katalon.core.main.TestCaseExecutor.accessMainPhase(TestCaseExecutor.java:299)
	at com.kms.katalon.core.main.TestCaseExecutor.execute(TestCaseExecutor.java:233)
	at com.kms.katalon.core.main.TestSuiteExecutor.accessTestCaseMainPhase(TestSuiteExecutor.java:169)
	at com.kms.katalon.core.main.TestSuiteExecutor.accessTestSuiteMainPhase(TestSuiteExecutor.java:142)
	at com.kms.katalon.core.main.TestSuiteExecutor.execute(TestSuiteExecutor.java:91)
	at com.kms.katalon.core.main.TestCaseMain.startTestSuite(TestCaseMain.java:157)
	at com.kms.katalon.core.main.TestCaseMain$startTestSuite$0.call(Unknown Source)
	at TempTestSuite1591248863359.run(TempTestSuite1591248863359.groovy:36)
Caused by: com.kms.katalon.core.exception.StepFailedException: com.kms.katalon.core.webui.exception.WebElementNotFoundException: Web element with id: 'Object Repository/Christi/Page_Manage Sliders_Alert/div_Expected file extension is jpegjpgpngtiff' located by 'By.xpath: //*[@class = 'toast-message' and (text() = 'Expected file extension is .jpeg,.jpg,.png,.tiff' or . = 'Expected file extension is .jpeg,.jpg,.png,.tiff')]' not found
	at com.kms.katalon.core.webui.keyword.internal.WebUIKeywordMain.stepFailed(WebUIKeywordMain.groovy:64)
	at com.kms.katalon.core.webui.keyword.builtin.VerifyElementPresentKeyword$_verifyElementPresent_closure1.doCall(VerifyElementPresentKeyword.groovy:85)
	at com.kms.katalon.core.webui.keyword.builtin.VerifyElementPresentKeyword$_verifyElementPresent_closure1.call(VerifyElementPresentKeyword.groovy)
	at com.kms.katalon.core.webui.keyword.internal.WebUIKeywordMain.runKeyword(WebUIKeywordMain.groovy:20)
	... 19 more
)

2020-06-04 12:42:48 - [TEST_STEP][PASSED] - uploadFile(findTestObject("Object Repository/Christi/Page_Manage Sliders/input_Icon_files"), img_slider_baru): File 'C:\Users\ASUS\git\LearningManagementWeb\konten lms\01. What Business Are we in.pdf' sent to object: 'Object Repository/Christi/Page_Manage Sliders/input_Icon_files'

2020-06-04 12:42:49 - [MESSAGE][PASSED] - File 'C:\Users\ASUS\git\LearningManagementWeb\konten lms\01. What Business Are we in.pdf' sent to object: 'Object Repository/Christi/Page_Manage Sliders/input_Icon_files'

2020-06-04 12:42:49 - [TEST_STEP][PASSED] - if (max_image_size == "yes"): null

2020-06-04 12:42:49 - [TEST_STEP][FAILED] - else if (img_file_invalid == "yes"): Unable to verify object 'Object Repository/Christi/Page_Manage Sliders_Alert/div_Expected file extension is jpegjpgpngtiff' is present (Root cause: com.kms.katalon.core.exception.StepFailedException: Unable to verify object 'Object Repository/Christi/Page_Manage Sliders_Alert/div_Expected file extension is jpegjpgpngtiff' is present
	at com.kms.katalon.core.webui.keyword.internal.WebUIKeywordMain.stepFailed(WebUIKeywordMain.groovy:64)
	at com.kms.katalon.core.webui.keyword.internal.WebUIKeywordMain.runKeyword(WebUIKeywordMain.groovy:26)
	at com.kms.katalon.core.webui.keyword.builtin.VerifyElementPresentKeyword.verifyElementPresent(VerifyElementPresentKeyword.groovy:92)
	at com.kms.katalon.core.webui.keyword.builtin.VerifyElementPresentKeyword.execute(VerifyElementPresentKeyword.groovy:68)
	at com.kms.katalon.core.keyword.internal.KeywordExecutor.executeKeywordForPlatform(KeywordExecutor.groovy:60)
	at com.kms.katalon.core.webui.keyword.WebUiBuiltInKeywords.verifyElementPresent(WebUiBuiltInKeywords.groovy:1434)
	at com.kms.katalon.core.webui.keyword.WebUiBuiltInKeywords$verifyElementPresent$3.call(Unknown Source)
	at Manage Slider - Edit.run(Manage Slider - Edit:80)
	at com.kms.katalon.core.main.ScriptEngine.run(ScriptEngine.java:194)
	at com.kms.katalon.core.main.ScriptEngine.runScriptAsRawText(ScriptEngine.java:119)
	at com.kms.katalon.core.main.TestCaseExecutor.runScript(TestCaseExecutor.java:337)
	at com.kms.katalon.core.main.TestCaseExecutor.doExecute(TestCaseExecutor.java:328)
	at com.kms.katalon.core.main.TestCaseExecutor.processExecutionPhase(TestCaseExecutor.java:307)
	at com.kms.katalon.core.main.TestCaseExecutor.accessMainPhase(TestCaseExecutor.java:299)
	at com.kms.katalon.core.main.TestCaseExecutor.execute(TestCaseExecutor.java:233)
	at com.kms.katalon.core.main.TestSuiteExecutor.accessTestCaseMainPhase(TestSuiteExecutor.java:169)
	at com.kms.katalon.core.main.TestSuiteExecutor.accessTestSuiteMainPhase(TestSuiteExecutor.java:142)
	at com.kms.katalon.core.main.TestSuiteExecutor.execute(TestSuiteExecutor.java:91)
	at com.kms.katalon.core.main.TestCaseMain.startTestSuite(TestCaseMain.java:157)
	at com.kms.katalon.core.main.TestCaseMain$startTestSuite$0.call(Unknown Source)
	at TempTestSuite1591248863359.run(TempTestSuite1591248863359.groovy:36)
Caused by: com.kms.katalon.core.exception.StepFailedException: com.kms.katalon.core.webui.exception.WebElementNotFoundException: Web element with id: 'Object Repository/Christi/Page_Manage Sliders_Alert/div_Expected file extension is jpegjpgpngtiff' located by 'By.xpath: //*[@class = 'toast-message' and (text() = 'Expected file extension is .jpeg,.jpg,.png,.tiff' or . = 'Expected file extension is .jpeg,.jpg,.png,.tiff')]' not found
	at com.kms.katalon.core.webui.keyword.internal.WebUIKeywordMain.stepFailed(WebUIKeywordMain.groovy:64)
	at com.kms.katalon.core.webui.keyword.builtin.VerifyElementPresentKeyword$_verifyElementPresent_closure1.doCall(VerifyElementPresentKeyword.groovy:85)
	at com.kms.katalon.core.webui.keyword.builtin.VerifyElementPresentKeyword$_verifyElementPresent_closure1.call(VerifyElementPresentKeyword.groovy)
	at com.kms.katalon.core.webui.keyword.internal.WebUIKeywordMain.runKeyword(WebUIKeywordMain.groovy:20)
	... 19 more
)

2020-06-04 12:42:49 - [TEST_STEP][FAILED] - verifyElementPresent(findTestObject("Christi/Page_Manage Sliders_Alert/div_Expected file extension is jpegjpgpngtiff"), 0): Unable to verify object 'Object Repository/Christi/Page_Manage Sliders_Alert/div_Expected file extension is jpegjpgpngtiff' is present (Root cause: com.kms.katalon.core.exception.StepFailedException: Unable to verify object 'Object Repository/Christi/Page_Manage Sliders_Alert/div_Expected file extension is jpegjpgpngtiff' is present
	at com.kms.katalon.core.webui.keyword.internal.WebUIKeywordMain.stepFailed(WebUIKeywordMain.groovy:64)
	at com.kms.katalon.core.webui.keyword.internal.WebUIKeywordMain.runKeyword(WebUIKeywordMain.groovy:26)
	at com.kms.katalon.core.webui.keyword.builtin.VerifyElementPresentKeyword.verifyElementPresent(VerifyElementPresentKeyword.groovy:92)
	at com.kms.katalon.core.webui.keyword.builtin.VerifyElementPresentKeyword.execute(VerifyElementPresentKeyword.groovy:68)
	at com.kms.katalon.core.keyword.internal.KeywordExecutor.executeKeywordForPlatform(KeywordExecutor.groovy:60)
	at com.kms.katalon.core.webui.keyword.WebUiBuiltInKeywords.verifyElementPresent(WebUiBuiltInKeywords.groovy:1434)
	at com.kms.katalon.core.webui.keyword.WebUiBuiltInKeywords$verifyElementPresent$3.call(Unknown Source)
	at Manage Slider - Edit.run(Manage Slider - Edit:80)
	at com.kms.katalon.core.main.ScriptEngine.run(ScriptEngine.java:194)
	at com.kms.katalon.core.main.ScriptEngine.runScriptAsRawText(ScriptEngine.java:119)
	at com.kms.katalon.core.main.TestCaseExecutor.runScript(TestCaseExecutor.java:337)
	at com.kms.katalon.core.main.TestCaseExecutor.doExecute(TestCaseExecutor.java:328)
	at com.kms.katalon.core.main.TestCaseExecutor.processExecutionPhase(TestCaseExecutor.java:307)
	at com.kms.katalon.core.main.TestCaseExecutor.accessMainPhase(TestCaseExecutor.java:299)
	at com.kms.katalon.core.main.TestCaseExecutor.execute(TestCaseExecutor.java:233)
	at com.kms.katalon.core.main.TestSuiteExecutor.accessTestCaseMainPhase(TestSuiteExecutor.java:169)
	at com.kms.katalon.core.main.TestSuiteExecutor.accessTestSuiteMainPhase(TestSuiteExecutor.java:142)
	at com.kms.katalon.core.main.TestSuiteExecutor.execute(TestSuiteExecutor.java:91)
	at com.kms.katalon.core.main.TestCaseMain.startTestSuite(TestCaseMain.java:157)
	at com.kms.katalon.core.main.TestCaseMain$startTestSuite$0.call(Unknown Source)
	at TempTestSuite1591248863359.run(TempTestSuite1591248863359.groovy:36)
Caused by: com.kms.katalon.core.exception.StepFailedException: com.kms.katalon.core.webui.exception.WebElementNotFoundException: Web element with id: 'Object Repository/Christi/Page_Manage Sliders_Alert/div_Expected file extension is jpegjpgpngtiff' located by 'By.xpath: //*[@class = 'toast-message' and (text() = 'Expected file extension is .jpeg,.jpg,.png,.tiff' or . = 'Expected file extension is .jpeg,.jpg,.png,.tiff')]' not found
	at com.kms.katalon.core.webui.keyword.internal.WebUIKeywordMain.stepFailed(WebUIKeywordMain.groovy:64)
	at com.kms.katalon.core.webui.keyword.builtin.VerifyElementPresentKeyword$_verifyElementPresent_closure1.doCall(VerifyElementPresentKeyword.groovy:85)
	at com.kms.katalon.core.webui.keyword.builtin.VerifyElementPresentKeyword$_verifyElementPresent_closure1.call(VerifyElementPresentKeyword.groovy)
	at com.kms.katalon.core.webui.keyword.internal.WebUIKeywordMain.runKeyword(WebUIKeywordMain.groovy:20)
	... 19 more
)

2020-06-04 12:42:49 - [MESSAGE][WARNING] - Timeout '0' is invalid. Using default page load timeout: '30'

2020-06-04 12:43:34 - [MESSAGE][INFO] - Unable to find the element located by 'By.xpath: //*[@class = 'toast-message' and (text() = 'Expected file extension is .jpeg,.jpg,.png,.tiff' or . = 'Expected file extension is .jpeg,.jpg,.png,.tiff')]'. Please recheck the objects properties to make sure the desired element is located. 

2020-06-04 12:43:35 - [MESSAGE][FAILED] - com.kms.katalon.core.webui.exception.WebElementNotFoundException: Web element with id: 'Object Repository/Christi/Page_Manage Sliders_Alert/div_Expected file extension is jpegjpgpngtiff' located by 'By.xpath: //*[@class = 'toast-message' and (text() = 'Expected file extension is .jpeg,.jpg,.png,.tiff' or . = 'Expected file extension is .jpeg,.jpg,.png,.tiff')]' not found (Root cause: com.kms.katalon.core.exception.StepFailedException: com.kms.katalon.core.webui.exception.WebElementNotFoundException: Web element with id: 'Object Repository/Christi/Page_Manage Sliders_Alert/div_Expected file extension is jpegjpgpngtiff' located by 'By.xpath: //*[@class = 'toast-message' and (text() = 'Expected file extension is .jpeg,.jpg,.png,.tiff' or . = 'Expected file extension is .jpeg,.jpg,.png,.tiff')]' not found
	at com.kms.katalon.core.webui.keyword.internal.WebUIKeywordMain.stepFailed(WebUIKeywordMain.groovy:64)
	at com.kms.katalon.core.webui.keyword.builtin.VerifyElementPresentKeyword$_verifyElementPresent_closure1.doCall(VerifyElementPresentKeyword.groovy:85)
	at com.kms.katalon.core.webui.keyword.builtin.VerifyElementPresentKeyword$_verifyElementPresent_closure1.call(VerifyElementPresentKeyword.groovy)
	at com.kms.katalon.core.webui.keyword.internal.WebUIKeywordMain.runKeyword(WebUIKeywordMain.groovy:20)
	at com.kms.katalon.core.webui.keyword.builtin.VerifyElementPresentKeyword.verifyElementPresent(VerifyElementPresentKeyword.groovy:92)
	at com.kms.katalon.core.webui.keyword.builtin.VerifyElementPresentKeyword.execute(VerifyElementPresentKeyword.groovy:68)
	at com.kms.katalon.core.keyword.internal.KeywordExecutor.executeKeywordForPlatform(KeywordExecutor.groovy:60)
	at com.kms.katalon.core.webui.keyword.WebUiBuiltInKeywords.verifyElementPresent(WebUiBuiltInKeywords.groovy:1434)
	at com.kms.katalon.core.webui.keyword.WebUiBuiltInKeywords$verifyElementPresent$3.call(Unknown Source)
	at Manage Slider - Edit.run(Manage Slider - Edit:80)
	at com.kms.katalon.core.main.ScriptEngine.run(ScriptEngine.java:194)
	at com.kms.katalon.core.main.ScriptEngine.runScriptAsRawText(ScriptEngine.java:119)
	at com.kms.katalon.core.main.TestCaseExecutor.runScript(TestCaseExecutor.java:337)
	at com.kms.katalon.core.main.TestCaseExecutor.doExecute(TestCaseExecutor.java:328)
	at com.kms.katalon.core.main.TestCaseExecutor.processExecutionPhase(TestCaseExecutor.java:307)
	at com.kms.katalon.core.main.TestCaseExecutor.accessMainPhase(TestCaseExecutor.java:299)
	at com.kms.katalon.core.main.TestCaseExecutor.execute(TestCaseExecutor.java:233)
	at com.kms.katalon.core.main.TestSuiteExecutor.accessTestCaseMainPhase(TestSuiteExecutor.java:169)
	at com.kms.katalon.core.main.TestSuiteExecutor.accessTestSuiteMainPhase(TestSuiteExecutor.java:142)
	at com.kms.katalon.core.main.TestSuiteExecutor.execute(TestSuiteExecutor.java:91)
	at com.kms.katalon.core.main.TestCaseMain.startTestSuite(TestCaseMain.java:157)
	at com.kms.katalon.core.main.TestCaseMain$startTestSuite$0.call(Unknown Source)
	at TempTestSuite1591248863359.run(TempTestSuite1591248863359.groovy:36)
)
[[ATTACHMENT|C:\\Users\\ASUS\\git\\LearningManagementWeb\\Reports\\20200604_123423\\Christi\\Manage Slider\\20200604_123423\\1591249414727.png]]

2020-06-04 12:43:35 - [MESSAGE][FAILED] - Unable to verify object 'Object Repository/Christi/Page_Manage Sliders_Alert/div_Expected file extension is jpegjpgpngtiff' is present (Root cause: com.kms.katalon.core.exception.StepFailedException: Unable to verify object 'Object Repository/Christi/Page_Manage Sliders_Alert/div_Expected file extension is jpegjpgpngtiff' is present
	at com.kms.katalon.core.webui.keyword.internal.WebUIKeywordMain.stepFailed(WebUIKeywordMain.groovy:64)
	at com.kms.katalon.core.webui.keyword.internal.WebUIKeywordMain.runKeyword(WebUIKeywordMain.groovy:26)
	at com.kms.katalon.core.webui.keyword.builtin.VerifyElementPresentKeyword.verifyElementPresent(VerifyElementPresentKeyword.groovy:92)
	at com.kms.katalon.core.webui.keyword.builtin.VerifyElementPresentKeyword.execute(VerifyElementPresentKeyword.groovy:68)
	at com.kms.katalon.core.keyword.internal.KeywordExecutor.executeKeywordForPlatform(KeywordExecutor.groovy:60)
	at com.kms.katalon.core.webui.keyword.WebUiBuiltInKeywords.verifyElementPresent(WebUiBuiltInKeywords.groovy:1434)
	at com.kms.katalon.core.webui.keyword.WebUiBuiltInKeywords$verifyElementPresent$3.call(Unknown Source)
	at Manage Slider - Edit.run(Manage Slider - Edit:80)
	at com.kms.katalon.core.main.ScriptEngine.run(ScriptEngine.java:194)
	at com.kms.katalon.core.main.ScriptEngine.runScriptAsRawText(ScriptEngine.java:119)
	at com.kms.katalon.core.main.TestCaseExecutor.runScript(TestCaseExecutor.java:337)
	at com.kms.katalon.core.main.TestCaseExecutor.doExecute(TestCaseExecutor.java:328)
	at com.kms.katalon.core.main.TestCaseExecutor.processExecutionPhase(TestCaseExecutor.java:307)
	at com.kms.katalon.core.main.TestCaseExecutor.accessMainPhase(TestCaseExecutor.java:299)
	at com.kms.katalon.core.main.TestCaseExecutor.execute(TestCaseExecutor.java:233)
	at com.kms.katalon.core.main.TestSuiteExecutor.accessTestCaseMainPhase(TestSuiteExecutor.java:169)
	at com.kms.katalon.core.main.TestSuiteExecutor.accessTestSuiteMainPhase(TestSuiteExecutor.java:142)
	at com.kms.katalon.core.main.TestSuiteExecutor.execute(TestSuiteExecutor.java:91)
	at com.kms.katalon.core.main.TestCaseMain.startTestSuite(TestCaseMain.java:157)
	at com.kms.katalon.core.main.TestCaseMain$startTestSuite$0.call(Unknown Source)
	at TempTestSuite1591248863359.run(TempTestSuite1591248863359.groovy:36)
Caused by: com.kms.katalon.core.exception.StepFailedException: com.kms.katalon.core.webui.exception.WebElementNotFoundException: Web element with id: 'Object Repository/Christi/Page_Manage Sliders_Alert/div_Expected file extension is jpegjpgpngtiff' located by 'By.xpath: //*[@class = 'toast-message' and (text() = 'Expected file extension is .jpeg,.jpg,.png,.tiff' or . = 'Expected file extension is .jpeg,.jpg,.png,.tiff')]' not found
	at com.kms.katalon.core.webui.keyword.internal.WebUIKeywordMain.stepFailed(WebUIKeywordMain.groovy:64)
	at com.kms.katalon.core.webui.keyword.builtin.VerifyElementPresentKeyword$_verifyElementPresent_closure1.doCall(VerifyElementPresentKeyword.groovy:85)
	at com.kms.katalon.core.webui.keyword.builtin.VerifyElementPresentKeyword$_verifyElementPresent_closure1.call(VerifyElementPresentKeyword.groovy)
	at com.kms.katalon.core.webui.keyword.internal.WebUIKeywordMain.runKeyword(WebUIKeywordMain.groovy:20)
	... 19 more
)
[[ATTACHMENT|C:\\Users\\ASUS\\git\\LearningManagementWeb\\Reports\\20200604_123423\\Christi\\Manage Slider\\20200604_123423\\1591249415067.png]]]]></system-out>
         <system-err><![CDATA[2020-06-04 12:41:27 - [TEST_CASE][FAILED] - Test Cases/Christi/Admin/Manage Slider - Edit: Test Cases/Christi/Admin/Manage Slider - Edit FAILED.
Reason:
com.kms.katalon.core.exception.StepFailedException: Unable to verify object 'Object Repository/Christi/Page_Manage Sliders_Alert/div_Expected file extension is jpegjpgpngtiff' is present
	at com.kms.katalon.core.webui.keyword.internal.WebUIKeywordMain.stepFailed(WebUIKeywordMain.groovy:64)
	at com.kms.katalon.core.webui.keyword.internal.WebUIKeywordMain.runKeyword(WebUIKeywordMain.groovy:26)
	at com.kms.katalon.core.webui.keyword.builtin.VerifyElementPresentKeyword.verifyElementPresent(VerifyElementPresentKeyword.groovy:92)
	at com.kms.katalon.core.webui.keyword.builtin.VerifyElementPresentKeyword.execute(VerifyElementPresentKeyword.groovy:68)
	at com.kms.katalon.core.keyword.internal.KeywordExecutor.executeKeywordForPlatform(KeywordExecutor.groovy:60)
	at com.kms.katalon.core.webui.keyword.WebUiBuiltInKeywords.verifyElementPresent(WebUiBuiltInKeywords.groovy:1434)
	at com.kms.katalon.core.webui.keyword.WebUiBuiltInKeywords$verifyElementPresent$3.call(Unknown Source)
	at Manage Slider - Edit.run(Manage Slider - Edit:80)
	at com.kms.katalon.core.main.ScriptEngine.run(ScriptEngine.java:194)
	at com.kms.katalon.core.main.ScriptEngine.runScriptAsRawText(ScriptEngine.java:119)
	at com.kms.katalon.core.main.TestCaseExecutor.runScript(TestCaseExecutor.java:337)
	at com.kms.katalon.core.main.TestCaseExecutor.doExecute(TestCaseExecutor.java:328)
	at com.kms.katalon.core.main.TestCaseExecutor.processExecutionPhase(TestCaseExecutor.java:307)
	at com.kms.katalon.core.main.TestCaseExecutor.accessMainPhase(TestCaseExecutor.java:299)
	at com.kms.katalon.core.main.TestCaseExecutor.execute(TestCaseExecutor.java:233)
	at com.kms.katalon.core.main.TestSuiteExecutor.accessTestCaseMainPhase(TestSuiteExecutor.java:169)
	at com.kms.katalon.core.main.TestSuiteExecutor.accessTestSuiteMainPhase(TestSuiteExecutor.java:142)
	at com.kms.katalon.core.main.TestSuiteExecutor.execute(TestSuiteExecutor.java:91)
	at com.kms.katalon.core.main.TestCaseMain.startTestSuite(TestCaseMain.java:157)
	at com.kms.katalon.core.main.TestCaseMain$startTestSuite$0.call(Unknown Source)
	at TempTestSuite1591248863359.run(TempTestSuite1591248863359.groovy:36)
Caused by: com.kms.katalon.core.exception.StepFailedException: com.kms.katalon.core.webui.exception.WebElementNotFoundException: Web element with id: 'Object Repository/Christi/Page_Manage Sliders_Alert/div_Expected file extension is jpegjpgpngtiff' located by 'By.xpath: //*[@class = 'toast-message' and (text() = 'Expected file extension is .jpeg,.jpg,.png,.tiff' or . = 'Expected file extension is .jpeg,.jpg,.png,.tiff')]' not found
	at com.kms.katalon.core.webui.keyword.internal.WebUIKeywordMain.stepFailed(WebUIKeywordMain.groovy:64)
	at com.kms.katalon.core.webui.keyword.builtin.VerifyElementPresentKeyword$_verifyElementPresent_closure1.doCall(VerifyElementPresentKeyword.groovy:85)
	at com.kms.katalon.core.webui.keyword.builtin.VerifyElementPresentKeyword$_verifyElementPresent_closure1.call(VerifyElementPresentKeyword.groovy)
	at com.kms.katalon.core.webui.keyword.internal.WebUIKeywordMain.runKeyword(WebUIKeywordMain.groovy:20)
	... 19 more]]></system-err>
      </testcase>
      <testcase name="Test Cases/Christi/Admin/Manage Slider - Edit" time="63.968" classname="Test Cases/Christi/Admin/Manage Slider - Edit" status="PASSED">
         <system-out><![CDATA[2020-06-04 12:43:35 - [TEST_CASE][PASSED] - Test Cases/Christi/Admin/Manage Slider - Edit: Test Cases/Christi/Admin/Manage Slider - Edit

2020-06-04 12:43:35 - [TEST_STEP][PASSED] - callTestCase(findTestCase("Christi/Admin/admin login"), ["username":"11666", "password":"Password3"], STOP_ON_FAILURE): Call Test Case 'Test Cases/Christi/Admin/admin login' successfully

2020-06-04 12:43:35 - [TEST_CASE][PASSED] - Test Cases/Christi/Admin/admin login: Test Cases/Christi/Admin/admin login

2020-06-04 12:43:35 - [TEST_STEP][PASSED] - openBrowser(""): Browser is opened with url: ''

2020-06-04 12:43:35 - [MESSAGE][WARNING] - A browser is already opened. Closing browser and opening a new one

2020-06-04 12:43:36 - [MESSAGE][INFO] - Starting 'Chrome' driver

2020-06-04 12:43:38 - [MESSAGE][PASSED] - Browser is opened with url: ''

2020-06-04 12:43:38 - [TEST_STEP][PASSED] - navigateToUrl("https://appsrv1.deltadatamandiri.com/ACC_LMS_WEB/#/admNLmn"): Navigate to 'https://appsrv1.deltadatamandiri.com/ACC_LMS_WEB/#/admNLmn' successfully

2020-06-04 12:43:53 - [MESSAGE][PASSED] - Navigate to 'https://appsrv1.deltadatamandiri.com/ACC_LMS_WEB/#/admNLmn' successfully

2020-06-04 12:43:53 - [TEST_STEP][PASSED] - click(findTestObject("Christi/Page_Main/button_login")): Object: 'Object Repository/Christi/Page_Main/button_login' is clicked on

2020-06-04 12:43:58 - [MESSAGE][ERROR] - javascript error: Failed to execute 'elementsFromPoint' on 'Document': The provided double value is non-finite.
  (Session info: chrome=83.0.4103.61)
Build info: version: '3.141.59', revision: 'e82be7d358', time: '2018-11-14T08:25:53'
System info: host: 'LAPTOP-D0TPACJ1', ip: '192.168.100.227', os.name: 'Windows 10', os.arch: 'amd64', os.version: '10.0', java.version: '1.8.0_181'
Driver info: com.kms.katalon.selenium.driver.CChromeDriver
Capabilities {acceptInsecureCerts: false, browserName: chrome, browserVersion: 83.0.4103.61, chrome: {chromedriverVersion: 83.0.4103.39 (ccbf011cb2d2b..., userDataDir: C:\Users\ASUS\AppData\Local...}, goog:chromeOptions: {debuggerAddress: localhost:55449}, javascriptEnabled: true, networkConnectionEnabled: false, pageLoadStrategy: normal, platform: WINDOWS, platformName: WINDOWS, proxy: Proxy(), setWindowRect: true, strictFileInteractability: false, timeouts: {implicit: 0, pageLoad: 300000, script: 30000}, unhandledPromptBehavior: dismiss and notify, webauthn:virtualAuthenticators: true}
Session ID: 26eea462f5c0a900c374d2ab455e45e3

2020-06-04 12:43:59 - [MESSAGE][PASSED] - Object: 'Object Repository/Christi/Page_Main/button_login' is clicked on

2020-06-04 12:43:59 - [TEST_STEP][PASSED] - delay(3): Delayed 3 second(s)

2020-06-04 12:44:02 - [MESSAGE][PASSED] - Delayed 3 second(s)

2020-06-04 12:44:02 - [TEST_STEP][PASSED] - setText(findTestObject("Object Repository/Christi/Page_Main/input_NPK_username"), username): Text '11666' is set on object 'Object Repository/Christi/Page_Main/input_NPK_username'

2020-06-04 12:44:03 - [MESSAGE][PASSED] - Text '11666' is set on object 'Object Repository/Christi/Page_Main/input_NPK_username'

2020-06-04 12:44:03 - [TEST_STEP][PASSED] - setText(findTestObject("Object Repository/Christi/Page_Main/input_Password_password"), password): Text 'Password3' is set on object 'Object Repository/Christi/Page_Main/input_Password_password'

2020-06-04 12:44:03 - [MESSAGE][PASSED] - Text 'Password3' is set on object 'Object Repository/Christi/Page_Main/input_Password_password'

2020-06-04 12:44:03 - [TEST_STEP][PASSED] - delay(5): Delayed 5 second(s)

2020-06-04 12:44:08 - [MESSAGE][PASSED] - Delayed 5 second(s)

2020-06-04 12:44:08 - [TEST_STEP][PASSED] - click(findTestObject("Rizka/Admin/Admin - Login/btnLogin2")): Object: 'Object Repository/Rizka/Admin/Admin - Login/btnLogin2' is clicked on

2020-06-04 12:44:09 - [MESSAGE][PASSED] - Object: 'Object Repository/Rizka/Admin/Admin - Login/btnLogin2' is clicked on

2020-06-04 12:44:09 - [TEST_STEP][PASSED] - delay(5): Delayed 5 second(s)

2020-06-04 12:44:14 - [MESSAGE][PASSED] - Delayed 5 second(s)

2020-06-04 12:44:14 - [MESSAGE][PASSED] - Call Test Case 'Test Cases/Christi/Admin/admin login' successfully

2020-06-04 12:44:14 - [TEST_STEP][PASSED] - delay(3): Delayed 3 second(s)

2020-06-04 12:44:17 - [MESSAGE][PASSED] - Delayed 3 second(s)

2020-06-04 12:44:17 - [TEST_STEP][PASSED] - click(findTestObject("Object Repository/Christi/Page_Dashboard Admin/span_Manage Slider")): Object: 'Object Repository/Christi/Page_Dashboard Admin/span_Manage Slider' is clicked on

2020-06-04 12:44:19 - [MESSAGE][PASSED] - Object: 'Object Repository/Christi/Page_Dashboard Admin/span_Manage Slider' is clicked on

2020-06-04 12:44:19 - [TEST_STEP][PASSED] - delay(3): Delayed 3 second(s)

2020-06-04 12:44:22 - [MESSAGE][PASSED] - Delayed 3 second(s)

2020-06-04 12:44:22 - [TEST_STEP][PASSED] - if (find_slider == "found"): null

2020-06-04 12:44:22 - [TEST_STEP][PASSED] - verifyElementPresent(findTestObject("Christi/Page_Manage Sliders/label_Slider", ["text":nama_slider]), 3): Object 'Object Repository/Christi/Page_Manage Sliders/label_Slider' is present

2020-06-04 12:44:25 - [MESSAGE][PASSED] - Object 'Object Repository/Christi/Page_Manage Sliders/label_Slider' is present

2020-06-04 12:44:25 - [TEST_STEP][PASSED] - delay(3): Delayed 3 second(s)

2020-06-04 12:44:28 - [MESSAGE][PASSED] - Delayed 3 second(s)

2020-06-04 12:44:29 - [TEST_STEP][PASSED] - click(findTestObject("Object Repository/Christi/Page_Manage Sliders/span_Edit NEOP SERVICE")): Object: 'Object Repository/Christi/Page_Manage Sliders/span_Edit NEOP SERVICE' is clicked on

2020-06-04 12:44:31 - [MESSAGE][PASSED] - Object: 'Object Repository/Christi/Page_Manage Sliders/span_Edit NEOP SERVICE' is clicked on

2020-06-04 12:44:31 - [TEST_STEP][PASSED] - delay(3): Delayed 3 second(s)

2020-06-04 12:44:34 - [MESSAGE][PASSED] - Delayed 3 second(s)

2020-06-04 12:44:34 - [TEST_STEP][PASSED] - switch (edit.toString()): null

2020-06-04 12:44:34 - [TEST_STEP][PASSED] - case "img slider":: null

2020-06-04 12:44:34 - [TEST_STEP][PASSED] - uploadFile(findTestObject("Object Repository/Christi/Page_Manage Sliders/input_Icon_files"), img_slider_baru): File 'C:\Users\ASUS\git\LearningManagementWeb\konten lms\Aristotles.jpg' sent to object: 'Object Repository/Christi/Page_Manage Sliders/input_Icon_files'

2020-06-04 12:44:34 - [MESSAGE][PASSED] - File 'C:\Users\ASUS\git\LearningManagementWeb\konten lms\Aristotles.jpg' sent to object: 'Object Repository/Christi/Page_Manage Sliders/input_Icon_files'

2020-06-04 12:44:34 - [TEST_STEP][PASSED] - if (max_image_size == "yes"): Object 'Object Repository/Christi/Page_Manage Sliders_Alert/div_File size exceeded limit Max upload size is 1MB' is present

2020-06-04 12:44:34 - [TEST_STEP][PASSED] - verifyElementPresent(findTestObject("Object Repository/Christi/Page_Manage Sliders_Alert/div_File size exceeded limit Max upload size is 1MB"), 0): Object 'Object Repository/Christi/Page_Manage Sliders_Alert/div_File size exceeded limit Max upload size is 1MB' is present

2020-06-04 12:44:34 - [MESSAGE][WARNING] - Timeout '0' is invalid. Using default page load timeout: '30'

2020-06-04 12:44:35 - [MESSAGE][PASSED] - Object 'Object Repository/Christi/Page_Manage Sliders_Alert/div_File size exceeded limit Max upload size is 1MB' is present

2020-06-04 12:44:35 - [TEST_STEP][PASSED] - click(findTestObject("Object Repository/Christi/Page_Manage Sliders_Edit/button_Update Slider")): Object: 'Object Repository/Christi/Page_Manage Sliders_Edit/button_Update Slider' is clicked on

2020-06-04 12:44:35 - [MESSAGE][PASSED] - Object: 'Object Repository/Christi/Page_Manage Sliders_Edit/button_Update Slider' is clicked on

2020-06-04 12:44:35 - [TEST_STEP][PASSED] - if (expected == "pass"): null

2020-06-04 12:44:35 - [TEST_STEP][PASSED] - break: null

2020-06-04 12:44:35 - [TEST_STEP][PASSED] - delay(3): Delayed 3 second(s)

2020-06-04 12:44:38 - [MESSAGE][PASSED] - Delayed 3 second(s)

2020-06-04 12:44:38 - [TEST_STEP][PASSED] - closeBrowser(STOP_ON_FAILURE): Browser is closed

2020-06-04 12:44:39 - [MESSAGE][PASSED] - Browser is closed]]></system-out>
         <system-err><![CDATA[]]></system-err>
      </testcase>
      <testcase name="Test Cases/Christi/Admin/Manage Slider - Edit" time="100.567" classname="Test Cases/Christi/Admin/Manage Slider - Edit" status="FAILED">
         <failure type="FAILED" message="Test Cases/Christi/Admin/Manage Slider - Edit FAILED.
Reason:
com.kms.katalon.core.exception.StepFailedException: Unable to verify object 'Object Repository/Christi/Page_Manage Sliders/label_Edit Slider' is present
	at com.kms.katalon.core.webui.keyword.internal.WebUIKeywordMain.stepFailed(WebUIKeywordMain.groovy:64)
	at com.kms.katalon.core.webui.keyword.internal.WebUIKeywordMain.runKeyword(WebUIKeywordMain.groovy:26)
	at com.kms.katalon.core.webui.keyword.builtin.VerifyElementPresentKeyword.verifyElementPresent(VerifyElementPresentKeyword.groovy:92)
	at com.kms.katalon.core.webui.keyword.builtin.VerifyElementPresentKeyword.execute(VerifyElementPresentKeyword.groovy:68)
	at com.kms.katalon.core.keyword.internal.KeywordExecutor.executeKeywordForPlatform(KeywordExecutor.groovy:60)
	at com.kms.katalon.core.webui.keyword.WebUiBuiltInKeywords.verifyElementPresent(WebUiBuiltInKeywords.groovy:1434)
	at com.kms.katalon.core.webui.keyword.WebUiBuiltInKeywords$verifyElementPresent$3.call(Unknown Source)
	at Manage Slider - Edit.run(Manage Slider - Edit:69)
	at com.kms.katalon.core.main.ScriptEngine.run(ScriptEngine.java:194)
	at com.kms.katalon.core.main.ScriptEngine.runScriptAsRawText(ScriptEngine.java:119)
	at com.kms.katalon.core.main.TestCaseExecutor.runScript(TestCaseExecutor.java:337)
	at com.kms.katalon.core.main.TestCaseExecutor.doExecute(TestCaseExecutor.java:328)
	at com.kms.katalon.core.main.TestCaseExecutor.processExecutionPhase(TestCaseExecutor.java:307)
	at com.kms.katalon.core.main.TestCaseExecutor.accessMainPhase(TestCaseExecutor.java:299)
	at com.kms.katalon.core.main.TestCaseExecutor.execute(TestCaseExecutor.java:233)
	at com.kms.katalon.core.main.TestSuiteExecutor.accessTestCaseMainPhase(TestSuiteExecutor.java:169)
	at com.kms.katalon.core.main.TestSuiteExecutor.accessTestSuiteMainPhase(TestSuiteExecutor.java:142)
	at com.kms.katalon.core.main.TestSuiteExecutor.execute(TestSuiteExecutor.java:91)
	at com.kms.katalon.core.main.TestCaseMain.startTestSuite(TestCaseMain.java:157)
	at com.kms.katalon.core.main.TestCaseMain$startTestSuite$0.call(Unknown Source)
	at TempTestSuite1591248863359.run(TempTestSuite1591248863359.groovy:36)
Caused by: com.kms.katalon.core.exception.StepFailedException: com.kms.katalon.core.webui.exception.WebElementNotFoundException: Web element with id: 'Object Repository/Christi/Page_Manage Sliders/label_Edit Slider' located by 'By.xpath: //label[@name = 'label24' and (text() = 'Edit Slider' or . = 'Edit Slider')]' not found
	at com.kms.katalon.core.webui.keyword.internal.WebUIKeywordMain.stepFailed(WebUIKeywordMain.groovy:64)
	at com.kms.katalon.core.webui.keyword.builtin.VerifyElementPresentKeyword$_verifyElementPresent_closure1.doCall(VerifyElementPresentKeyword.groovy:85)
	at com.kms.katalon.core.webui.keyword.builtin.VerifyElementPresentKeyword$_verifyElementPresent_closure1.call(VerifyElementPresentKeyword.groovy)
	at com.kms.katalon.core.webui.keyword.internal.WebUIKeywordMain.runKeyword(WebUIKeywordMain.groovy:20)
	... 19 more
"/>
         <system-out><![CDATA[2020-06-04 12:44:39 - [TEST_CASE][FAILED] - Test Cases/Christi/Admin/Manage Slider - Edit: Test Cases/Christi/Admin/Manage Slider - Edit FAILED.
Reason:
com.kms.katalon.core.exception.StepFailedException: Unable to verify object 'Object Repository/Christi/Page_Manage Sliders/label_Edit Slider' is present
	at com.kms.katalon.core.webui.keyword.internal.WebUIKeywordMain.stepFailed(WebUIKeywordMain.groovy:64)
	at com.kms.katalon.core.webui.keyword.internal.WebUIKeywordMain.runKeyword(WebUIKeywordMain.groovy:26)
	at com.kms.katalon.core.webui.keyword.builtin.VerifyElementPresentKeyword.verifyElementPresent(VerifyElementPresentKeyword.groovy:92)
	at com.kms.katalon.core.webui.keyword.builtin.VerifyElementPresentKeyword.execute(VerifyElementPresentKeyword.groovy:68)
	at com.kms.katalon.core.keyword.internal.KeywordExecutor.executeKeywordForPlatform(KeywordExecutor.groovy:60)
	at com.kms.katalon.core.webui.keyword.WebUiBuiltInKeywords.verifyElementPresent(WebUiBuiltInKeywords.groovy:1434)
	at com.kms.katalon.core.webui.keyword.WebUiBuiltInKeywords$verifyElementPresent$3.call(Unknown Source)
	at Manage Slider - Edit.run(Manage Slider - Edit:69)
	at com.kms.katalon.core.main.ScriptEngine.run(ScriptEngine.java:194)
	at com.kms.katalon.core.main.ScriptEngine.runScriptAsRawText(ScriptEngine.java:119)
	at com.kms.katalon.core.main.TestCaseExecutor.runScript(TestCaseExecutor.java:337)
	at com.kms.katalon.core.main.TestCaseExecutor.doExecute(TestCaseExecutor.java:328)
	at com.kms.katalon.core.main.TestCaseExecutor.processExecutionPhase(TestCaseExecutor.java:307)
	at com.kms.katalon.core.main.TestCaseExecutor.accessMainPhase(TestCaseExecutor.java:299)
	at com.kms.katalon.core.main.TestCaseExecutor.execute(TestCaseExecutor.java:233)
	at com.kms.katalon.core.main.TestSuiteExecutor.accessTestCaseMainPhase(TestSuiteExecutor.java:169)
	at com.kms.katalon.core.main.TestSuiteExecutor.accessTestSuiteMainPhase(TestSuiteExecutor.java:142)
	at com.kms.katalon.core.main.TestSuiteExecutor.execute(TestSuiteExecutor.java:91)
	at com.kms.katalon.core.main.TestCaseMain.startTestSuite(TestCaseMain.java:157)
	at com.kms.katalon.core.main.TestCaseMain$startTestSuite$0.call(Unknown Source)
	at TempTestSuite1591248863359.run(TempTestSuite1591248863359.groovy:36)
Caused by: com.kms.katalon.core.exception.StepFailedException: com.kms.katalon.core.webui.exception.WebElementNotFoundException: Web element with id: 'Object Repository/Christi/Page_Manage Sliders/label_Edit Slider' located by 'By.xpath: //label[@name = 'label24' and (text() = 'Edit Slider' or . = 'Edit Slider')]' not found
	at com.kms.katalon.core.webui.keyword.internal.WebUIKeywordMain.stepFailed(WebUIKeywordMain.groovy:64)
	at com.kms.katalon.core.webui.keyword.builtin.VerifyElementPresentKeyword$_verifyElementPresent_closure1.doCall(VerifyElementPresentKeyword.groovy:85)
	at com.kms.katalon.core.webui.keyword.builtin.VerifyElementPresentKeyword$_verifyElementPresent_closure1.call(VerifyElementPresentKeyword.groovy)
	at com.kms.katalon.core.webui.keyword.internal.WebUIKeywordMain.runKeyword(WebUIKeywordMain.groovy:20)
	... 19 more


2020-06-04 12:44:39 - [TEST_STEP][PASSED] - callTestCase(findTestCase("Christi/Admin/admin login"), ["username":"11666", "password":"Password3"], STOP_ON_FAILURE): Call Test Case 'Test Cases/Christi/Admin/admin login' successfully

2020-06-04 12:44:39 - [TEST_CASE][PASSED] - Test Cases/Christi/Admin/admin login: Test Cases/Christi/Admin/admin login

2020-06-04 12:44:39 - [TEST_STEP][PASSED] - openBrowser(""): Browser is opened with url: ''

2020-06-04 12:44:39 - [MESSAGE][INFO] - Starting 'Chrome' driver

2020-06-04 12:44:42 - [MESSAGE][PASSED] - Browser is opened with url: ''

2020-06-04 12:44:42 - [TEST_STEP][PASSED] - navigateToUrl("https://appsrv1.deltadatamandiri.com/ACC_LMS_WEB/#/admNLmn"): Navigate to 'https://appsrv1.deltadatamandiri.com/ACC_LMS_WEB/#/admNLmn' successfully

2020-06-04 12:44:54 - [MESSAGE][PASSED] - Navigate to 'https://appsrv1.deltadatamandiri.com/ACC_LMS_WEB/#/admNLmn' successfully

2020-06-04 12:44:54 - [TEST_STEP][PASSED] - click(findTestObject("Christi/Page_Main/button_login")): Object: 'Object Repository/Christi/Page_Main/button_login' is clicked on

2020-06-04 12:44:58 - [MESSAGE][ERROR] - javascript error: Failed to execute 'elementsFromPoint' on 'Document': The provided double value is non-finite.
  (Session info: chrome=83.0.4103.61)
Build info: version: '3.141.59', revision: 'e82be7d358', time: '2018-11-14T08:25:53'
System info: host: 'LAPTOP-D0TPACJ1', ip: '192.168.100.227', os.name: 'Windows 10', os.arch: 'amd64', os.version: '10.0', java.version: '1.8.0_181'
Driver info: com.kms.katalon.selenium.driver.CChromeDriver
Capabilities {acceptInsecureCerts: false, browserName: chrome, browserVersion: 83.0.4103.61, chrome: {chromedriverVersion: 83.0.4103.39 (ccbf011cb2d2b..., userDataDir: C:\Users\ASUS\AppData\Local...}, goog:chromeOptions: {debuggerAddress: localhost:55513}, javascriptEnabled: true, networkConnectionEnabled: false, pageLoadStrategy: normal, platform: WINDOWS, platformName: WINDOWS, proxy: Proxy(), setWindowRect: true, strictFileInteractability: false, timeouts: {implicit: 0, pageLoad: 300000, script: 30000}, unhandledPromptBehavior: dismiss and notify, webauthn:virtualAuthenticators: true}
Session ID: a753da7f2e2565d4e8efefc2917cdcd1

2020-06-04 12:44:59 - [MESSAGE][PASSED] - Object: 'Object Repository/Christi/Page_Main/button_login' is clicked on

2020-06-04 12:44:59 - [TEST_STEP][PASSED] - delay(3): Delayed 3 second(s)

2020-06-04 12:45:02 - [MESSAGE][PASSED] - Delayed 3 second(s)

2020-06-04 12:45:02 - [TEST_STEP][PASSED] - setText(findTestObject("Object Repository/Christi/Page_Main/input_NPK_username"), username): Text '11666' is set on object 'Object Repository/Christi/Page_Main/input_NPK_username'

2020-06-04 12:45:03 - [MESSAGE][PASSED] - Text '11666' is set on object 'Object Repository/Christi/Page_Main/input_NPK_username'

2020-06-04 12:45:03 - [TEST_STEP][PASSED] - setText(findTestObject("Object Repository/Christi/Page_Main/input_Password_password"), password): Text 'Password3' is set on object 'Object Repository/Christi/Page_Main/input_Password_password'

2020-06-04 12:45:03 - [MESSAGE][PASSED] - Text 'Password3' is set on object 'Object Repository/Christi/Page_Main/input_Password_password'

2020-06-04 12:45:03 - [TEST_STEP][PASSED] - delay(5): Delayed 5 second(s)

2020-06-04 12:45:08 - [MESSAGE][PASSED] - Delayed 5 second(s)

2020-06-04 12:45:08 - [TEST_STEP][PASSED] - click(findTestObject("Rizka/Admin/Admin - Login/btnLogin2")): Object: 'Object Repository/Rizka/Admin/Admin - Login/btnLogin2' is clicked on

2020-06-04 12:45:09 - [MESSAGE][PASSED] - Object: 'Object Repository/Rizka/Admin/Admin - Login/btnLogin2' is clicked on

2020-06-04 12:45:09 - [TEST_STEP][PASSED] - delay(5): Delayed 5 second(s)

2020-06-04 12:45:14 - [MESSAGE][PASSED] - Delayed 5 second(s)

2020-06-04 12:45:14 - [MESSAGE][PASSED] - Call Test Case 'Test Cases/Christi/Admin/admin login' successfully

2020-06-04 12:45:14 - [TEST_STEP][PASSED] - delay(3): Delayed 3 second(s)

2020-06-04 12:45:17 - [MESSAGE][PASSED] - Delayed 3 second(s)

2020-06-04 12:45:17 - [TEST_STEP][PASSED] - click(findTestObject("Object Repository/Christi/Page_Dashboard Admin/span_Manage Slider")): Object: 'Object Repository/Christi/Page_Dashboard Admin/span_Manage Slider' is clicked on

2020-06-04 12:45:19 - [MESSAGE][PASSED] - Object: 'Object Repository/Christi/Page_Dashboard Admin/span_Manage Slider' is clicked on

2020-06-04 12:45:19 - [TEST_STEP][PASSED] - delay(3): Delayed 3 second(s)

2020-06-04 12:45:22 - [MESSAGE][PASSED] - Delayed 3 second(s)

2020-06-04 12:45:22 - [TEST_STEP][FAILED] - if (find_slider == "found"): Unable to verify object 'Object Repository/Christi/Page_Manage Sliders/label_Edit Slider' is present (Root cause: com.kms.katalon.core.exception.StepFailedException: Unable to verify object 'Object Repository/Christi/Page_Manage Sliders/label_Edit Slider' is present
	at com.kms.katalon.core.webui.keyword.internal.WebUIKeywordMain.stepFailed(WebUIKeywordMain.groovy:64)
	at com.kms.katalon.core.webui.keyword.internal.WebUIKeywordMain.runKeyword(WebUIKeywordMain.groovy:26)
	at com.kms.katalon.core.webui.keyword.builtin.VerifyElementPresentKeyword.verifyElementPresent(VerifyElementPresentKeyword.groovy:92)
	at com.kms.katalon.core.webui.keyword.builtin.VerifyElementPresentKeyword.execute(VerifyElementPresentKeyword.groovy:68)
	at com.kms.katalon.core.keyword.internal.KeywordExecutor.executeKeywordForPlatform(KeywordExecutor.groovy:60)
	at com.kms.katalon.core.webui.keyword.WebUiBuiltInKeywords.verifyElementPresent(WebUiBuiltInKeywords.groovy:1434)
	at com.kms.katalon.core.webui.keyword.WebUiBuiltInKeywords$verifyElementPresent$3.call(Unknown Source)
	at Manage Slider - Edit.run(Manage Slider - Edit:69)
	at com.kms.katalon.core.main.ScriptEngine.run(ScriptEngine.java:194)
	at com.kms.katalon.core.main.ScriptEngine.runScriptAsRawText(ScriptEngine.java:119)
	at com.kms.katalon.core.main.TestCaseExecutor.runScript(TestCaseExecutor.java:337)
	at com.kms.katalon.core.main.TestCaseExecutor.doExecute(TestCaseExecutor.java:328)
	at com.kms.katalon.core.main.TestCaseExecutor.processExecutionPhase(TestCaseExecutor.java:307)
	at com.kms.katalon.core.main.TestCaseExecutor.accessMainPhase(TestCaseExecutor.java:299)
	at com.kms.katalon.core.main.TestCaseExecutor.execute(TestCaseExecutor.java:233)
	at com.kms.katalon.core.main.TestSuiteExecutor.accessTestCaseMainPhase(TestSuiteExecutor.java:169)
	at com.kms.katalon.core.main.TestSuiteExecutor.accessTestSuiteMainPhase(TestSuiteExecutor.java:142)
	at com.kms.katalon.core.main.TestSuiteExecutor.execute(TestSuiteExecutor.java:91)
	at com.kms.katalon.core.main.TestCaseMain.startTestSuite(TestCaseMain.java:157)
	at com.kms.katalon.core.main.TestCaseMain$startTestSuite$0.call(Unknown Source)
	at TempTestSuite1591248863359.run(TempTestSuite1591248863359.groovy:36)
Caused by: com.kms.katalon.core.exception.StepFailedException: com.kms.katalon.core.webui.exception.WebElementNotFoundException: Web element with id: 'Object Repository/Christi/Page_Manage Sliders/label_Edit Slider' located by 'By.xpath: //label[@name = 'label24' and (text() = 'Edit Slider' or . = 'Edit Slider')]' not found
	at com.kms.katalon.core.webui.keyword.internal.WebUIKeywordMain.stepFailed(WebUIKeywordMain.groovy:64)
	at com.kms.katalon.core.webui.keyword.builtin.VerifyElementPresentKeyword$_verifyElementPresent_closure1.doCall(VerifyElementPresentKeyword.groovy:85)
	at com.kms.katalon.core.webui.keyword.builtin.VerifyElementPresentKeyword$_verifyElementPresent_closure1.call(VerifyElementPresentKeyword.groovy)
	at com.kms.katalon.core.webui.keyword.internal.WebUIKeywordMain.runKeyword(WebUIKeywordMain.groovy:20)
	... 19 more
)

2020-06-04 12:45:22 - [TEST_STEP][PASSED] - verifyElementPresent(findTestObject("Christi/Page_Manage Sliders/label_Slider", ["text":nama_slider]), 3): Object 'Object Repository/Christi/Page_Manage Sliders/label_Slider' is present

2020-06-04 12:45:23 - [MESSAGE][PASSED] - Object 'Object Repository/Christi/Page_Manage Sliders/label_Slider' is present

2020-06-04 12:45:23 - [TEST_STEP][PASSED] - delay(3): Delayed 3 second(s)

2020-06-04 12:45:26 - [MESSAGE][PASSED] - Delayed 3 second(s)

2020-06-04 12:45:26 - [TEST_STEP][PASSED] - click(findTestObject("Object Repository/Christi/Page_Manage Sliders/span_Edit NEOP SERVICE")): Object: 'Object Repository/Christi/Page_Manage Sliders/span_Edit NEOP SERVICE' is clicked on

2020-06-04 12:45:27 - [MESSAGE][PASSED] - Object: 'Object Repository/Christi/Page_Manage Sliders/span_Edit NEOP SERVICE' is clicked on

2020-06-04 12:45:27 - [TEST_STEP][PASSED] - delay(3): Delayed 3 second(s)

2020-06-04 12:45:30 - [MESSAGE][PASSED] - Delayed 3 second(s)

2020-06-04 12:45:30 - [TEST_STEP][FAILED] - switch (edit.toString()): Unable to verify object 'Object Repository/Christi/Page_Manage Sliders/label_Edit Slider' is present (Root cause: com.kms.katalon.core.exception.StepFailedException: Unable to verify object 'Object Repository/Christi/Page_Manage Sliders/label_Edit Slider' is present
	at com.kms.katalon.core.webui.keyword.internal.WebUIKeywordMain.stepFailed(WebUIKeywordMain.groovy:64)
	at com.kms.katalon.core.webui.keyword.internal.WebUIKeywordMain.runKeyword(WebUIKeywordMain.groovy:26)
	at com.kms.katalon.core.webui.keyword.builtin.VerifyElementPresentKeyword.verifyElementPresent(VerifyElementPresentKeyword.groovy:92)
	at com.kms.katalon.core.webui.keyword.builtin.VerifyElementPresentKeyword.execute(VerifyElementPresentKeyword.groovy:68)
	at com.kms.katalon.core.keyword.internal.KeywordExecutor.executeKeywordForPlatform(KeywordExecutor.groovy:60)
	at com.kms.katalon.core.webui.keyword.WebUiBuiltInKeywords.verifyElementPresent(WebUiBuiltInKeywords.groovy:1434)
	at com.kms.katalon.core.webui.keyword.WebUiBuiltInKeywords$verifyElementPresent$3.call(Unknown Source)
	at Manage Slider - Edit.run(Manage Slider - Edit:69)
	at com.kms.katalon.core.main.ScriptEngine.run(ScriptEngine.java:194)
	at com.kms.katalon.core.main.ScriptEngine.runScriptAsRawText(ScriptEngine.java:119)
	at com.kms.katalon.core.main.TestCaseExecutor.runScript(TestCaseExecutor.java:337)
	at com.kms.katalon.core.main.TestCaseExecutor.doExecute(TestCaseExecutor.java:328)
	at com.kms.katalon.core.main.TestCaseExecutor.processExecutionPhase(TestCaseExecutor.java:307)
	at com.kms.katalon.core.main.TestCaseExecutor.accessMainPhase(TestCaseExecutor.java:299)
	at com.kms.katalon.core.main.TestCaseExecutor.execute(TestCaseExecutor.java:233)
	at com.kms.katalon.core.main.TestSuiteExecutor.accessTestCaseMainPhase(TestSuiteExecutor.java:169)
	at com.kms.katalon.core.main.TestSuiteExecutor.accessTestSuiteMainPhase(TestSuiteExecutor.java:142)
	at com.kms.katalon.core.main.TestSuiteExecutor.execute(TestSuiteExecutor.java:91)
	at com.kms.katalon.core.main.TestCaseMain.startTestSuite(TestCaseMain.java:157)
	at com.kms.katalon.core.main.TestCaseMain$startTestSuite$0.call(Unknown Source)
	at TempTestSuite1591248863359.run(TempTestSuite1591248863359.groovy:36)
Caused by: com.kms.katalon.core.exception.StepFailedException: com.kms.katalon.core.webui.exception.WebElementNotFoundException: Web element with id: 'Object Repository/Christi/Page_Manage Sliders/label_Edit Slider' located by 'By.xpath: //label[@name = 'label24' and (text() = 'Edit Slider' or . = 'Edit Slider')]' not found
	at com.kms.katalon.core.webui.keyword.internal.WebUIKeywordMain.stepFailed(WebUIKeywordMain.groovy:64)
	at com.kms.katalon.core.webui.keyword.builtin.VerifyElementPresentKeyword$_verifyElementPresent_closure1.doCall(VerifyElementPresentKeyword.groovy:85)
	at com.kms.katalon.core.webui.keyword.builtin.VerifyElementPresentKeyword$_verifyElementPresent_closure1.call(VerifyElementPresentKeyword.groovy)
	at com.kms.katalon.core.webui.keyword.internal.WebUIKeywordMain.runKeyword(WebUIKeywordMain.groovy:20)
	... 19 more
)

2020-06-04 12:45:30 - [TEST_STEP][FAILED] - case "url slider":: Unable to verify object 'Object Repository/Christi/Page_Manage Sliders/label_Edit Slider' is present (Root cause: com.kms.katalon.core.exception.StepFailedException: Unable to verify object 'Object Repository/Christi/Page_Manage Sliders/label_Edit Slider' is present
	at com.kms.katalon.core.webui.keyword.internal.WebUIKeywordMain.stepFailed(WebUIKeywordMain.groovy:64)
	at com.kms.katalon.core.webui.keyword.internal.WebUIKeywordMain.runKeyword(WebUIKeywordMain.groovy:26)
	at com.kms.katalon.core.webui.keyword.builtin.VerifyElementPresentKeyword.verifyElementPresent(VerifyElementPresentKeyword.groovy:92)
	at com.kms.katalon.core.webui.keyword.builtin.VerifyElementPresentKeyword.execute(VerifyElementPresentKeyword.groovy:68)
	at com.kms.katalon.core.keyword.internal.KeywordExecutor.executeKeywordForPlatform(KeywordExecutor.groovy:60)
	at com.kms.katalon.core.webui.keyword.WebUiBuiltInKeywords.verifyElementPresent(WebUiBuiltInKeywords.groovy:1434)
	at com.kms.katalon.core.webui.keyword.WebUiBuiltInKeywords$verifyElementPresent$3.call(Unknown Source)
	at Manage Slider - Edit.run(Manage Slider - Edit:69)
	at com.kms.katalon.core.main.ScriptEngine.run(ScriptEngine.java:194)
	at com.kms.katalon.core.main.ScriptEngine.runScriptAsRawText(ScriptEngine.java:119)
	at com.kms.katalon.core.main.TestCaseExecutor.runScript(TestCaseExecutor.java:337)
	at com.kms.katalon.core.main.TestCaseExecutor.doExecute(TestCaseExecutor.java:328)
	at com.kms.katalon.core.main.TestCaseExecutor.processExecutionPhase(TestCaseExecutor.java:307)
	at com.kms.katalon.core.main.TestCaseExecutor.accessMainPhase(TestCaseExecutor.java:299)
	at com.kms.katalon.core.main.TestCaseExecutor.execute(TestCaseExecutor.java:233)
	at com.kms.katalon.core.main.TestSuiteExecutor.accessTestCaseMainPhase(TestSuiteExecutor.java:169)
	at com.kms.katalon.core.main.TestSuiteExecutor.accessTestSuiteMainPhase(TestSuiteExecutor.java:142)
	at com.kms.katalon.core.main.TestSuiteExecutor.execute(TestSuiteExecutor.java:91)
	at com.kms.katalon.core.main.TestCaseMain.startTestSuite(TestCaseMain.java:157)
	at com.kms.katalon.core.main.TestCaseMain$startTestSuite$0.call(Unknown Source)
	at TempTestSuite1591248863359.run(TempTestSuite1591248863359.groovy:36)
Caused by: com.kms.katalon.core.exception.StepFailedException: com.kms.katalon.core.webui.exception.WebElementNotFoundException: Web element with id: 'Object Repository/Christi/Page_Manage Sliders/label_Edit Slider' located by 'By.xpath: //label[@name = 'label24' and (text() = 'Edit Slider' or . = 'Edit Slider')]' not found
	at com.kms.katalon.core.webui.keyword.internal.WebUIKeywordMain.stepFailed(WebUIKeywordMain.groovy:64)
	at com.kms.katalon.core.webui.keyword.builtin.VerifyElementPresentKeyword$_verifyElementPresent_closure1.doCall(VerifyElementPresentKeyword.groovy:85)
	at com.kms.katalon.core.webui.keyword.builtin.VerifyElementPresentKeyword$_verifyElementPresent_closure1.call(VerifyElementPresentKeyword.groovy)
	at com.kms.katalon.core.webui.keyword.internal.WebUIKeywordMain.runKeyword(WebUIKeywordMain.groovy:20)
	... 19 more
)

2020-06-04 12:45:30 - [TEST_STEP][PASSED] - setText(findTestObject("Object Repository/Christi/Page_Manage Sliders/input_Section Link_txtEditSliderLink"), url_slider_baru): Text '' is set on object 'Object Repository/Christi/Page_Manage Sliders/input_Section Link_txtEditSliderLink'

2020-06-04 12:45:31 - [MESSAGE][PASSED] - Text '' is set on object 'Object Repository/Christi/Page_Manage Sliders/input_Section Link_txtEditSliderLink'

2020-06-04 12:45:31 - [TEST_STEP][PASSED] - click(findTestObject("Object Repository/Christi/Page_Manage Sliders_Edit/button_Update Slider")): Object: 'Object Repository/Christi/Page_Manage Sliders_Edit/button_Update Slider' is clicked on

2020-06-04 12:45:31 - [MESSAGE][PASSED] - Object: 'Object Repository/Christi/Page_Manage Sliders_Edit/button_Update Slider' is clicked on

2020-06-04 12:45:31 - [TEST_STEP][PASSED] - if (expected == "pass"): null

2020-06-04 12:45:31 - [TEST_STEP][FAILED] - else if (expected == "fail"): Unable to verify object 'Object Repository/Christi/Page_Manage Sliders/label_Edit Slider' is present (Root cause: com.kms.katalon.core.exception.StepFailedException: Unable to verify object 'Object Repository/Christi/Page_Manage Sliders/label_Edit Slider' is present
	at com.kms.katalon.core.webui.keyword.internal.WebUIKeywordMain.stepFailed(WebUIKeywordMain.groovy:64)
	at com.kms.katalon.core.webui.keyword.internal.WebUIKeywordMain.runKeyword(WebUIKeywordMain.groovy:26)
	at com.kms.katalon.core.webui.keyword.builtin.VerifyElementPresentKeyword.verifyElementPresent(VerifyElementPresentKeyword.groovy:92)
	at com.kms.katalon.core.webui.keyword.builtin.VerifyElementPresentKeyword.execute(VerifyElementPresentKeyword.groovy:68)
	at com.kms.katalon.core.keyword.internal.KeywordExecutor.executeKeywordForPlatform(KeywordExecutor.groovy:60)
	at com.kms.katalon.core.webui.keyword.WebUiBuiltInKeywords.verifyElementPresent(WebUiBuiltInKeywords.groovy:1434)
	at com.kms.katalon.core.webui.keyword.WebUiBuiltInKeywords$verifyElementPresent$3.call(Unknown Source)
	at Manage Slider - Edit.run(Manage Slider - Edit:69)
	at com.kms.katalon.core.main.ScriptEngine.run(ScriptEngine.java:194)
	at com.kms.katalon.core.main.ScriptEngine.runScriptAsRawText(ScriptEngine.java:119)
	at com.kms.katalon.core.main.TestCaseExecutor.runScript(TestCaseExecutor.java:337)
	at com.kms.katalon.core.main.TestCaseExecutor.doExecute(TestCaseExecutor.java:328)
	at com.kms.katalon.core.main.TestCaseExecutor.processExecutionPhase(TestCaseExecutor.java:307)
	at com.kms.katalon.core.main.TestCaseExecutor.accessMainPhase(TestCaseExecutor.java:299)
	at com.kms.katalon.core.main.TestCaseExecutor.execute(TestCaseExecutor.java:233)
	at com.kms.katalon.core.main.TestSuiteExecutor.accessTestCaseMainPhase(TestSuiteExecutor.java:169)
	at com.kms.katalon.core.main.TestSuiteExecutor.accessTestSuiteMainPhase(TestSuiteExecutor.java:142)
	at com.kms.katalon.core.main.TestSuiteExecutor.execute(TestSuiteExecutor.java:91)
	at com.kms.katalon.core.main.TestCaseMain.startTestSuite(TestCaseMain.java:157)
	at com.kms.katalon.core.main.TestCaseMain$startTestSuite$0.call(Unknown Source)
	at TempTestSuite1591248863359.run(TempTestSuite1591248863359.groovy:36)
Caused by: com.kms.katalon.core.exception.StepFailedException: com.kms.katalon.core.webui.exception.WebElementNotFoundException: Web element with id: 'Object Repository/Christi/Page_Manage Sliders/label_Edit Slider' located by 'By.xpath: //label[@name = 'label24' and (text() = 'Edit Slider' or . = 'Edit Slider')]' not found
	at com.kms.katalon.core.webui.keyword.internal.WebUIKeywordMain.stepFailed(WebUIKeywordMain.groovy:64)
	at com.kms.katalon.core.webui.keyword.builtin.VerifyElementPresentKeyword$_verifyElementPresent_closure1.doCall(VerifyElementPresentKeyword.groovy:85)
	at com.kms.katalon.core.webui.keyword.builtin.VerifyElementPresentKeyword$_verifyElementPresent_closure1.call(VerifyElementPresentKeyword.groovy)
	at com.kms.katalon.core.webui.keyword.internal.WebUIKeywordMain.runKeyword(WebUIKeywordMain.groovy:20)
	... 19 more
)

2020-06-04 12:45:31 - [TEST_STEP][PASSED] - delay(3): Delayed 3 second(s)

2020-06-04 12:45:34 - [MESSAGE][PASSED] - Delayed 3 second(s)

2020-06-04 12:45:34 - [TEST_STEP][FAILED] - verifyElementPresent(findTestObject("Christi/Page_Manage Sliders/label_Edit Slider"), 0): Unable to verify object 'Object Repository/Christi/Page_Manage Sliders/label_Edit Slider' is present (Root cause: com.kms.katalon.core.exception.StepFailedException: Unable to verify object 'Object Repository/Christi/Page_Manage Sliders/label_Edit Slider' is present
	at com.kms.katalon.core.webui.keyword.internal.WebUIKeywordMain.stepFailed(WebUIKeywordMain.groovy:64)
	at com.kms.katalon.core.webui.keyword.internal.WebUIKeywordMain.runKeyword(WebUIKeywordMain.groovy:26)
	at com.kms.katalon.core.webui.keyword.builtin.VerifyElementPresentKeyword.verifyElementPresent(VerifyElementPresentKeyword.groovy:92)
	at com.kms.katalon.core.webui.keyword.builtin.VerifyElementPresentKeyword.execute(VerifyElementPresentKeyword.groovy:68)
	at com.kms.katalon.core.keyword.internal.KeywordExecutor.executeKeywordForPlatform(KeywordExecutor.groovy:60)
	at com.kms.katalon.core.webui.keyword.WebUiBuiltInKeywords.verifyElementPresent(WebUiBuiltInKeywords.groovy:1434)
	at com.kms.katalon.core.webui.keyword.WebUiBuiltInKeywords$verifyElementPresent$3.call(Unknown Source)
	at Manage Slider - Edit.run(Manage Slider - Edit:69)
	at com.kms.katalon.core.main.ScriptEngine.run(ScriptEngine.java:194)
	at com.kms.katalon.core.main.ScriptEngine.runScriptAsRawText(ScriptEngine.java:119)
	at com.kms.katalon.core.main.TestCaseExecutor.runScript(TestCaseExecutor.java:337)
	at com.kms.katalon.core.main.TestCaseExecutor.doExecute(TestCaseExecutor.java:328)
	at com.kms.katalon.core.main.TestCaseExecutor.processExecutionPhase(TestCaseExecutor.java:307)
	at com.kms.katalon.core.main.TestCaseExecutor.accessMainPhase(TestCaseExecutor.java:299)
	at com.kms.katalon.core.main.TestCaseExecutor.execute(TestCaseExecutor.java:233)
	at com.kms.katalon.core.main.TestSuiteExecutor.accessTestCaseMainPhase(TestSuiteExecutor.java:169)
	at com.kms.katalon.core.main.TestSuiteExecutor.accessTestSuiteMainPhase(TestSuiteExecutor.java:142)
	at com.kms.katalon.core.main.TestSuiteExecutor.execute(TestSuiteExecutor.java:91)
	at com.kms.katalon.core.main.TestCaseMain.startTestSuite(TestCaseMain.java:157)
	at com.kms.katalon.core.main.TestCaseMain$startTestSuite$0.call(Unknown Source)
	at TempTestSuite1591248863359.run(TempTestSuite1591248863359.groovy:36)
Caused by: com.kms.katalon.core.exception.StepFailedException: com.kms.katalon.core.webui.exception.WebElementNotFoundException: Web element with id: 'Object Repository/Christi/Page_Manage Sliders/label_Edit Slider' located by 'By.xpath: //label[@name = 'label24' and (text() = 'Edit Slider' or . = 'Edit Slider')]' not found
	at com.kms.katalon.core.webui.keyword.internal.WebUIKeywordMain.stepFailed(WebUIKeywordMain.groovy:64)
	at com.kms.katalon.core.webui.keyword.builtin.VerifyElementPresentKeyword$_verifyElementPresent_closure1.doCall(VerifyElementPresentKeyword.groovy:85)
	at com.kms.katalon.core.webui.keyword.builtin.VerifyElementPresentKeyword$_verifyElementPresent_closure1.call(VerifyElementPresentKeyword.groovy)
	at com.kms.katalon.core.webui.keyword.internal.WebUIKeywordMain.runKeyword(WebUIKeywordMain.groovy:20)
	... 19 more
)

2020-06-04 12:45:34 - [MESSAGE][WARNING] - Timeout '0' is invalid. Using default page load timeout: '30'

2020-06-04 12:46:19 - [MESSAGE][INFO] - Unable to find the element located by 'By.xpath: //label[@name = 'label24' and (text() = 'Edit Slider' or . = 'Edit Slider')]'. Please recheck the objects properties to make sure the desired element is located. 

2020-06-04 12:46:19 - [MESSAGE][FAILED] - com.kms.katalon.core.webui.exception.WebElementNotFoundException: Web element with id: 'Object Repository/Christi/Page_Manage Sliders/label_Edit Slider' located by 'By.xpath: //label[@name = 'label24' and (text() = 'Edit Slider' or . = 'Edit Slider')]' not found (Root cause: com.kms.katalon.core.exception.StepFailedException: com.kms.katalon.core.webui.exception.WebElementNotFoundException: Web element with id: 'Object Repository/Christi/Page_Manage Sliders/label_Edit Slider' located by 'By.xpath: //label[@name = 'label24' and (text() = 'Edit Slider' or . = 'Edit Slider')]' not found
	at com.kms.katalon.core.webui.keyword.internal.WebUIKeywordMain.stepFailed(WebUIKeywordMain.groovy:64)
	at com.kms.katalon.core.webui.keyword.builtin.VerifyElementPresentKeyword$_verifyElementPresent_closure1.doCall(VerifyElementPresentKeyword.groovy:85)
	at com.kms.katalon.core.webui.keyword.builtin.VerifyElementPresentKeyword$_verifyElementPresent_closure1.call(VerifyElementPresentKeyword.groovy)
	at com.kms.katalon.core.webui.keyword.internal.WebUIKeywordMain.runKeyword(WebUIKeywordMain.groovy:20)
	at com.kms.katalon.core.webui.keyword.builtin.VerifyElementPresentKeyword.verifyElementPresent(VerifyElementPresentKeyword.groovy:92)
	at com.kms.katalon.core.webui.keyword.builtin.VerifyElementPresentKeyword.execute(VerifyElementPresentKeyword.groovy:68)
	at com.kms.katalon.core.keyword.internal.KeywordExecutor.executeKeywordForPlatform(KeywordExecutor.groovy:60)
	at com.kms.katalon.core.webui.keyword.WebUiBuiltInKeywords.verifyElementPresent(WebUiBuiltInKeywords.groovy:1434)
	at com.kms.katalon.core.webui.keyword.WebUiBuiltInKeywords$verifyElementPresent$3.call(Unknown Source)
	at Manage Slider - Edit.run(Manage Slider - Edit:69)
	at com.kms.katalon.core.main.ScriptEngine.run(ScriptEngine.java:194)
	at com.kms.katalon.core.main.ScriptEngine.runScriptAsRawText(ScriptEngine.java:119)
	at com.kms.katalon.core.main.TestCaseExecutor.runScript(TestCaseExecutor.java:337)
	at com.kms.katalon.core.main.TestCaseExecutor.doExecute(TestCaseExecutor.java:328)
	at com.kms.katalon.core.main.TestCaseExecutor.processExecutionPhase(TestCaseExecutor.java:307)
	at com.kms.katalon.core.main.TestCaseExecutor.accessMainPhase(TestCaseExecutor.java:299)
	at com.kms.katalon.core.main.TestCaseExecutor.execute(TestCaseExecutor.java:233)
	at com.kms.katalon.core.main.TestSuiteExecutor.accessTestCaseMainPhase(TestSuiteExecutor.java:169)
	at com.kms.katalon.core.main.TestSuiteExecutor.accessTestSuiteMainPhase(TestSuiteExecutor.java:142)
	at com.kms.katalon.core.main.TestSuiteExecutor.execute(TestSuiteExecutor.java:91)
	at com.kms.katalon.core.main.TestCaseMain.startTestSuite(TestCaseMain.java:157)
	at com.kms.katalon.core.main.TestCaseMain$startTestSuite$0.call(Unknown Source)
	at TempTestSuite1591248863359.run(TempTestSuite1591248863359.groovy:36)
)
[[ATTACHMENT|C:\\Users\\ASUS\\git\\LearningManagementWeb\\Reports\\20200604_123423\\Christi\\Manage Slider\\20200604_123423\\1591249579421.png]]

2020-06-04 12:46:20 - [MESSAGE][FAILED] - Unable to verify object 'Object Repository/Christi/Page_Manage Sliders/label_Edit Slider' is present (Root cause: com.kms.katalon.core.exception.StepFailedException: Unable to verify object 'Object Repository/Christi/Page_Manage Sliders/label_Edit Slider' is present
	at com.kms.katalon.core.webui.keyword.internal.WebUIKeywordMain.stepFailed(WebUIKeywordMain.groovy:64)
	at com.kms.katalon.core.webui.keyword.internal.WebUIKeywordMain.runKeyword(WebUIKeywordMain.groovy:26)
	at com.kms.katalon.core.webui.keyword.builtin.VerifyElementPresentKeyword.verifyElementPresent(VerifyElementPresentKeyword.groovy:92)
	at com.kms.katalon.core.webui.keyword.builtin.VerifyElementPresentKeyword.execute(VerifyElementPresentKeyword.groovy:68)
	at com.kms.katalon.core.keyword.internal.KeywordExecutor.executeKeywordForPlatform(KeywordExecutor.groovy:60)
	at com.kms.katalon.core.webui.keyword.WebUiBuiltInKeywords.verifyElementPresent(WebUiBuiltInKeywords.groovy:1434)
	at com.kms.katalon.core.webui.keyword.WebUiBuiltInKeywords$verifyElementPresent$3.call(Unknown Source)
	at Manage Slider - Edit.run(Manage Slider - Edit:69)
	at com.kms.katalon.core.main.ScriptEngine.run(ScriptEngine.java:194)
	at com.kms.katalon.core.main.ScriptEngine.runScriptAsRawText(ScriptEngine.java:119)
	at com.kms.katalon.core.main.TestCaseExecutor.runScript(TestCaseExecutor.java:337)
	at com.kms.katalon.core.main.TestCaseExecutor.doExecute(TestCaseExecutor.java:328)
	at com.kms.katalon.core.main.TestCaseExecutor.processExecutionPhase(TestCaseExecutor.java:307)
	at com.kms.katalon.core.main.TestCaseExecutor.accessMainPhase(TestCaseExecutor.java:299)
	at com.kms.katalon.core.main.TestCaseExecutor.execute(TestCaseExecutor.java:233)
	at com.kms.katalon.core.main.TestSuiteExecutor.accessTestCaseMainPhase(TestSuiteExecutor.java:169)
	at com.kms.katalon.core.main.TestSuiteExecutor.accessTestSuiteMainPhase(TestSuiteExecutor.java:142)
	at com.kms.katalon.core.main.TestSuiteExecutor.execute(TestSuiteExecutor.java:91)
	at com.kms.katalon.core.main.TestCaseMain.startTestSuite(TestCaseMain.java:157)
	at com.kms.katalon.core.main.TestCaseMain$startTestSuite$0.call(Unknown Source)
	at TempTestSuite1591248863359.run(TempTestSuite1591248863359.groovy:36)
Caused by: com.kms.katalon.core.exception.StepFailedException: com.kms.katalon.core.webui.exception.WebElementNotFoundException: Web element with id: 'Object Repository/Christi/Page_Manage Sliders/label_Edit Slider' located by 'By.xpath: //label[@name = 'label24' and (text() = 'Edit Slider' or . = 'Edit Slider')]' not found
	at com.kms.katalon.core.webui.keyword.internal.WebUIKeywordMain.stepFailed(WebUIKeywordMain.groovy:64)
	at com.kms.katalon.core.webui.keyword.builtin.VerifyElementPresentKeyword$_verifyElementPresent_closure1.doCall(VerifyElementPresentKeyword.groovy:85)
	at com.kms.katalon.core.webui.keyword.builtin.VerifyElementPresentKeyword$_verifyElementPresent_closure1.call(VerifyElementPresentKeyword.groovy)
	at com.kms.katalon.core.webui.keyword.internal.WebUIKeywordMain.runKeyword(WebUIKeywordMain.groovy:20)
	... 19 more
)
[[ATTACHMENT|C:\\Users\\ASUS\\git\\LearningManagementWeb\\Reports\\20200604_123423\\Christi\\Manage Slider\\20200604_123423\\1591249579814.png]]]]></system-out>
         <system-err><![CDATA[2020-06-04 12:44:39 - [TEST_CASE][FAILED] - Test Cases/Christi/Admin/Manage Slider - Edit: Test Cases/Christi/Admin/Manage Slider - Edit FAILED.
Reason:
com.kms.katalon.core.exception.StepFailedException: Unable to verify object 'Object Repository/Christi/Page_Manage Sliders/label_Edit Slider' is present
	at com.kms.katalon.core.webui.keyword.internal.WebUIKeywordMain.stepFailed(WebUIKeywordMain.groovy:64)
	at com.kms.katalon.core.webui.keyword.internal.WebUIKeywordMain.runKeyword(WebUIKeywordMain.groovy:26)
	at com.kms.katalon.core.webui.keyword.builtin.VerifyElementPresentKeyword.verifyElementPresent(VerifyElementPresentKeyword.groovy:92)
	at com.kms.katalon.core.webui.keyword.builtin.VerifyElementPresentKeyword.execute(VerifyElementPresentKeyword.groovy:68)
	at com.kms.katalon.core.keyword.internal.KeywordExecutor.executeKeywordForPlatform(KeywordExecutor.groovy:60)
	at com.kms.katalon.core.webui.keyword.WebUiBuiltInKeywords.verifyElementPresent(WebUiBuiltInKeywords.groovy:1434)
	at com.kms.katalon.core.webui.keyword.WebUiBuiltInKeywords$verifyElementPresent$3.call(Unknown Source)
	at Manage Slider - Edit.run(Manage Slider - Edit:69)
	at com.kms.katalon.core.main.ScriptEngine.run(ScriptEngine.java:194)
	at com.kms.katalon.core.main.ScriptEngine.runScriptAsRawText(ScriptEngine.java:119)
	at com.kms.katalon.core.main.TestCaseExecutor.runScript(TestCaseExecutor.java:337)
	at com.kms.katalon.core.main.TestCaseExecutor.doExecute(TestCaseExecutor.java:328)
	at com.kms.katalon.core.main.TestCaseExecutor.processExecutionPhase(TestCaseExecutor.java:307)
	at com.kms.katalon.core.main.TestCaseExecutor.accessMainPhase(TestCaseExecutor.java:299)
	at com.kms.katalon.core.main.TestCaseExecutor.execute(TestCaseExecutor.java:233)
	at com.kms.katalon.core.main.TestSuiteExecutor.accessTestCaseMainPhase(TestSuiteExecutor.java:169)
	at com.kms.katalon.core.main.TestSuiteExecutor.accessTestSuiteMainPhase(TestSuiteExecutor.java:142)
	at com.kms.katalon.core.main.TestSuiteExecutor.execute(TestSuiteExecutor.java:91)
	at com.kms.katalon.core.main.TestCaseMain.startTestSuite(TestCaseMain.java:157)
	at com.kms.katalon.core.main.TestCaseMain$startTestSuite$0.call(Unknown Source)
	at TempTestSuite1591248863359.run(TempTestSuite1591248863359.groovy:36)
Caused by: com.kms.katalon.core.exception.StepFailedException: com.kms.katalon.core.webui.exception.WebElementNotFoundException: Web element with id: 'Object Repository/Christi/Page_Manage Sliders/label_Edit Slider' located by 'By.xpath: //label[@name = 'label24' and (text() = 'Edit Slider' or . = 'Edit Slider')]' not found
	at com.kms.katalon.core.webui.keyword.internal.WebUIKeywordMain.stepFailed(WebUIKeywordMain.groovy:64)
	at com.kms.katalon.core.webui.keyword.builtin.VerifyElementPresentKeyword$_verifyElementPresent_closure1.doCall(VerifyElementPresentKeyword.groovy:85)
	at com.kms.katalon.core.webui.keyword.builtin.VerifyElementPresentKeyword$_verifyElementPresent_closure1.call(VerifyElementPresentKeyword.groovy)
	at com.kms.katalon.core.webui.keyword.internal.WebUIKeywordMain.runKeyword(WebUIKeywordMain.groovy:20)
	... 19 more]]></system-err>
      </testcase>
      <testcase name="Test Cases/Christi/Admin/Manage Slider - Edit" time="103.627" classname="Test Cases/Christi/Admin/Manage Slider - Edit" status="FAILED">
         <failure type="FAILED" message="Test Cases/Christi/Admin/Manage Slider - Edit FAILED.
Reason:
com.kms.katalon.core.exception.StepFailedException: Unable to verify object 'Object Repository/Christi/Page_Manage Sliders/label_Edit Slider' is present
	at com.kms.katalon.core.webui.keyword.internal.WebUIKeywordMain.stepFailed(WebUIKeywordMain.groovy:64)
	at com.kms.katalon.core.webui.keyword.internal.WebUIKeywordMain.runKeyword(WebUIKeywordMain.groovy:26)
	at com.kms.katalon.core.webui.keyword.builtin.VerifyElementPresentKeyword.verifyElementPresent(VerifyElementPresentKeyword.groovy:92)
	at com.kms.katalon.core.webui.keyword.builtin.VerifyElementPresentKeyword.execute(VerifyElementPresentKeyword.groovy:68)
	at com.kms.katalon.core.keyword.internal.KeywordExecutor.executeKeywordForPlatform(KeywordExecutor.groovy:60)
	at com.kms.katalon.core.webui.keyword.WebUiBuiltInKeywords.verifyElementPresent(WebUiBuiltInKeywords.groovy:1434)
	at com.kms.katalon.core.webui.keyword.WebUiBuiltInKeywords$verifyElementPresent$3.call(Unknown Source)
	at Manage Slider - Edit.run(Manage Slider - Edit:69)
	at com.kms.katalon.core.main.ScriptEngine.run(ScriptEngine.java:194)
	at com.kms.katalon.core.main.ScriptEngine.runScriptAsRawText(ScriptEngine.java:119)
	at com.kms.katalon.core.main.TestCaseExecutor.runScript(TestCaseExecutor.java:337)
	at com.kms.katalon.core.main.TestCaseExecutor.doExecute(TestCaseExecutor.java:328)
	at com.kms.katalon.core.main.TestCaseExecutor.processExecutionPhase(TestCaseExecutor.java:307)
	at com.kms.katalon.core.main.TestCaseExecutor.accessMainPhase(TestCaseExecutor.java:299)
	at com.kms.katalon.core.main.TestCaseExecutor.execute(TestCaseExecutor.java:233)
	at com.kms.katalon.core.main.TestSuiteExecutor.accessTestCaseMainPhase(TestSuiteExecutor.java:169)
	at com.kms.katalon.core.main.TestSuiteExecutor.accessTestSuiteMainPhase(TestSuiteExecutor.java:142)
	at com.kms.katalon.core.main.TestSuiteExecutor.execute(TestSuiteExecutor.java:91)
	at com.kms.katalon.core.main.TestCaseMain.startTestSuite(TestCaseMain.java:157)
	at com.kms.katalon.core.main.TestCaseMain$startTestSuite$0.call(Unknown Source)
	at TempTestSuite1591248863359.run(TempTestSuite1591248863359.groovy:36)
Caused by: com.kms.katalon.core.exception.StepFailedException: com.kms.katalon.core.webui.exception.WebElementNotFoundException: Web element with id: 'Object Repository/Christi/Page_Manage Sliders/label_Edit Slider' located by 'By.xpath: //label[@name = 'label24' and (text() = 'Edit Slider' or . = 'Edit Slider')]' not found
	at com.kms.katalon.core.webui.keyword.internal.WebUIKeywordMain.stepFailed(WebUIKeywordMain.groovy:64)
	at com.kms.katalon.core.webui.keyword.builtin.VerifyElementPresentKeyword$_verifyElementPresent_closure1.doCall(VerifyElementPresentKeyword.groovy:85)
	at com.kms.katalon.core.webui.keyword.builtin.VerifyElementPresentKeyword$_verifyElementPresent_closure1.call(VerifyElementPresentKeyword.groovy)
	at com.kms.katalon.core.webui.keyword.internal.WebUIKeywordMain.runKeyword(WebUIKeywordMain.groovy:20)
	... 19 more
"/>
         <system-out><![CDATA[2020-06-04 12:46:20 - [TEST_CASE][FAILED] - Test Cases/Christi/Admin/Manage Slider - Edit: Test Cases/Christi/Admin/Manage Slider - Edit FAILED.
Reason:
com.kms.katalon.core.exception.StepFailedException: Unable to verify object 'Object Repository/Christi/Page_Manage Sliders/label_Edit Slider' is present
	at com.kms.katalon.core.webui.keyword.internal.WebUIKeywordMain.stepFailed(WebUIKeywordMain.groovy:64)
	at com.kms.katalon.core.webui.keyword.internal.WebUIKeywordMain.runKeyword(WebUIKeywordMain.groovy:26)
	at com.kms.katalon.core.webui.keyword.builtin.VerifyElementPresentKeyword.verifyElementPresent(VerifyElementPresentKeyword.groovy:92)
	at com.kms.katalon.core.webui.keyword.builtin.VerifyElementPresentKeyword.execute(VerifyElementPresentKeyword.groovy:68)
	at com.kms.katalon.core.keyword.internal.KeywordExecutor.executeKeywordForPlatform(KeywordExecutor.groovy:60)
	at com.kms.katalon.core.webui.keyword.WebUiBuiltInKeywords.verifyElementPresent(WebUiBuiltInKeywords.groovy:1434)
	at com.kms.katalon.core.webui.keyword.WebUiBuiltInKeywords$verifyElementPresent$3.call(Unknown Source)
	at Manage Slider - Edit.run(Manage Slider - Edit:69)
	at com.kms.katalon.core.main.ScriptEngine.run(ScriptEngine.java:194)
	at com.kms.katalon.core.main.ScriptEngine.runScriptAsRawText(ScriptEngine.java:119)
	at com.kms.katalon.core.main.TestCaseExecutor.runScript(TestCaseExecutor.java:337)
	at com.kms.katalon.core.main.TestCaseExecutor.doExecute(TestCaseExecutor.java:328)
	at com.kms.katalon.core.main.TestCaseExecutor.processExecutionPhase(TestCaseExecutor.java:307)
	at com.kms.katalon.core.main.TestCaseExecutor.accessMainPhase(TestCaseExecutor.java:299)
	at com.kms.katalon.core.main.TestCaseExecutor.execute(TestCaseExecutor.java:233)
	at com.kms.katalon.core.main.TestSuiteExecutor.accessTestCaseMainPhase(TestSuiteExecutor.java:169)
	at com.kms.katalon.core.main.TestSuiteExecutor.accessTestSuiteMainPhase(TestSuiteExecutor.java:142)
	at com.kms.katalon.core.main.TestSuiteExecutor.execute(TestSuiteExecutor.java:91)
	at com.kms.katalon.core.main.TestCaseMain.startTestSuite(TestCaseMain.java:157)
	at com.kms.katalon.core.main.TestCaseMain$startTestSuite$0.call(Unknown Source)
	at TempTestSuite1591248863359.run(TempTestSuite1591248863359.groovy:36)
Caused by: com.kms.katalon.core.exception.StepFailedException: com.kms.katalon.core.webui.exception.WebElementNotFoundException: Web element with id: 'Object Repository/Christi/Page_Manage Sliders/label_Edit Slider' located by 'By.xpath: //label[@name = 'label24' and (text() = 'Edit Slider' or . = 'Edit Slider')]' not found
	at com.kms.katalon.core.webui.keyword.internal.WebUIKeywordMain.stepFailed(WebUIKeywordMain.groovy:64)
	at com.kms.katalon.core.webui.keyword.builtin.VerifyElementPresentKeyword$_verifyElementPresent_closure1.doCall(VerifyElementPresentKeyword.groovy:85)
	at com.kms.katalon.core.webui.keyword.builtin.VerifyElementPresentKeyword$_verifyElementPresent_closure1.call(VerifyElementPresentKeyword.groovy)
	at com.kms.katalon.core.webui.keyword.internal.WebUIKeywordMain.runKeyword(WebUIKeywordMain.groovy:20)
	... 19 more


2020-06-04 12:46:20 - [TEST_STEP][PASSED] - callTestCase(findTestCase("Christi/Admin/admin login"), ["username":"11666", "password":"Password3"], STOP_ON_FAILURE): Call Test Case 'Test Cases/Christi/Admin/admin login' successfully

2020-06-04 12:46:20 - [TEST_CASE][PASSED] - Test Cases/Christi/Admin/admin login: Test Cases/Christi/Admin/admin login

2020-06-04 12:46:20 - [TEST_STEP][PASSED] - openBrowser(""): Browser is opened with url: ''

2020-06-04 12:46:20 - [MESSAGE][WARNING] - A browser is already opened. Closing browser and opening a new one

2020-06-04 12:46:21 - [MESSAGE][INFO] - Starting 'Chrome' driver

2020-06-04 12:46:23 - [MESSAGE][PASSED] - Browser is opened with url: ''

2020-06-04 12:46:23 - [TEST_STEP][PASSED] - navigateToUrl("https://appsrv1.deltadatamandiri.com/ACC_LMS_WEB/#/admNLmn"): Navigate to 'https://appsrv1.deltadatamandiri.com/ACC_LMS_WEB/#/admNLmn' successfully

2020-06-04 12:46:37 - [MESSAGE][PASSED] - Navigate to 'https://appsrv1.deltadatamandiri.com/ACC_LMS_WEB/#/admNLmn' successfully

2020-06-04 12:46:37 - [TEST_STEP][PASSED] - click(findTestObject("Christi/Page_Main/button_login")): Object: 'Object Repository/Christi/Page_Main/button_login' is clicked on

2020-06-04 12:46:42 - [MESSAGE][ERROR] - javascript error: Failed to execute 'elementsFromPoint' on 'Document': The provided double value is non-finite.
  (Session info: chrome=83.0.4103.61)
Build info: version: '3.141.59', revision: 'e82be7d358', time: '2018-11-14T08:25:53'
System info: host: 'LAPTOP-D0TPACJ1', ip: '192.168.100.227', os.name: 'Windows 10', os.arch: 'amd64', os.version: '10.0', java.version: '1.8.0_181'
Driver info: com.kms.katalon.selenium.driver.CChromeDriver
Capabilities {acceptInsecureCerts: false, browserName: chrome, browserVersion: 83.0.4103.61, chrome: {chromedriverVersion: 83.0.4103.39 (ccbf011cb2d2b..., userDataDir: C:\Users\ASUS\AppData\Local...}, goog:chromeOptions: {debuggerAddress: localhost:55573}, javascriptEnabled: true, networkConnectionEnabled: false, pageLoadStrategy: normal, platform: WINDOWS, platformName: WINDOWS, proxy: Proxy(), setWindowRect: true, strictFileInteractability: false, timeouts: {implicit: 0, pageLoad: 300000, script: 30000}, unhandledPromptBehavior: dismiss and notify, webauthn:virtualAuthenticators: true}
Session ID: 0c1e400cc4bbb0f16050537ecc4a88cb

2020-06-04 12:46:43 - [MESSAGE][PASSED] - Object: 'Object Repository/Christi/Page_Main/button_login' is clicked on

2020-06-04 12:46:43 - [TEST_STEP][PASSED] - delay(3): Delayed 3 second(s)

2020-06-04 12:46:46 - [MESSAGE][PASSED] - Delayed 3 second(s)

2020-06-04 12:46:46 - [TEST_STEP][PASSED] - setText(findTestObject("Object Repository/Christi/Page_Main/input_NPK_username"), username): Text '11666' is set on object 'Object Repository/Christi/Page_Main/input_NPK_username'

2020-06-04 12:46:47 - [MESSAGE][PASSED] - Text '11666' is set on object 'Object Repository/Christi/Page_Main/input_NPK_username'

2020-06-04 12:46:47 - [TEST_STEP][PASSED] - setText(findTestObject("Object Repository/Christi/Page_Main/input_Password_password"), password): Text 'Password3' is set on object 'Object Repository/Christi/Page_Main/input_Password_password'

2020-06-04 12:46:47 - [MESSAGE][PASSED] - Text 'Password3' is set on object 'Object Repository/Christi/Page_Main/input_Password_password'

2020-06-04 12:46:47 - [TEST_STEP][PASSED] - delay(5): Delayed 5 second(s)

2020-06-04 12:46:52 - [MESSAGE][PASSED] - Delayed 5 second(s)

2020-06-04 12:46:52 - [TEST_STEP][PASSED] - click(findTestObject("Rizka/Admin/Admin - Login/btnLogin2")): Object: 'Object Repository/Rizka/Admin/Admin - Login/btnLogin2' is clicked on

2020-06-04 12:46:53 - [MESSAGE][PASSED] - Object: 'Object Repository/Rizka/Admin/Admin - Login/btnLogin2' is clicked on

2020-06-04 12:46:53 - [TEST_STEP][PASSED] - delay(5): Delayed 5 second(s)

2020-06-04 12:46:58 - [MESSAGE][PASSED] - Delayed 5 second(s)

2020-06-04 12:46:58 - [MESSAGE][PASSED] - Call Test Case 'Test Cases/Christi/Admin/admin login' successfully

2020-06-04 12:46:58 - [TEST_STEP][PASSED] - delay(3): Delayed 3 second(s)

2020-06-04 12:47:01 - [MESSAGE][PASSED] - Delayed 3 second(s)

2020-06-04 12:47:01 - [TEST_STEP][PASSED] - click(findTestObject("Object Repository/Christi/Page_Dashboard Admin/span_Manage Slider")): Object: 'Object Repository/Christi/Page_Dashboard Admin/span_Manage Slider' is clicked on

2020-06-04 12:47:04 - [MESSAGE][PASSED] - Object: 'Object Repository/Christi/Page_Dashboard Admin/span_Manage Slider' is clicked on

2020-06-04 12:47:04 - [TEST_STEP][PASSED] - delay(3): Delayed 3 second(s)

2020-06-04 12:47:07 - [MESSAGE][PASSED] - Delayed 3 second(s)

2020-06-04 12:47:07 - [TEST_STEP][FAILED] - if (find_slider == "found"): Unable to verify object 'Object Repository/Christi/Page_Manage Sliders/label_Edit Slider' is present (Root cause: com.kms.katalon.core.exception.StepFailedException: Unable to verify object 'Object Repository/Christi/Page_Manage Sliders/label_Edit Slider' is present
	at com.kms.katalon.core.webui.keyword.internal.WebUIKeywordMain.stepFailed(WebUIKeywordMain.groovy:64)
	at com.kms.katalon.core.webui.keyword.internal.WebUIKeywordMain.runKeyword(WebUIKeywordMain.groovy:26)
	at com.kms.katalon.core.webui.keyword.builtin.VerifyElementPresentKeyword.verifyElementPresent(VerifyElementPresentKeyword.groovy:92)
	at com.kms.katalon.core.webui.keyword.builtin.VerifyElementPresentKeyword.execute(VerifyElementPresentKeyword.groovy:68)
	at com.kms.katalon.core.keyword.internal.KeywordExecutor.executeKeywordForPlatform(KeywordExecutor.groovy:60)
	at com.kms.katalon.core.webui.keyword.WebUiBuiltInKeywords.verifyElementPresent(WebUiBuiltInKeywords.groovy:1434)
	at com.kms.katalon.core.webui.keyword.WebUiBuiltInKeywords$verifyElementPresent$3.call(Unknown Source)
	at Manage Slider - Edit.run(Manage Slider - Edit:69)
	at com.kms.katalon.core.main.ScriptEngine.run(ScriptEngine.java:194)
	at com.kms.katalon.core.main.ScriptEngine.runScriptAsRawText(ScriptEngine.java:119)
	at com.kms.katalon.core.main.TestCaseExecutor.runScript(TestCaseExecutor.java:337)
	at com.kms.katalon.core.main.TestCaseExecutor.doExecute(TestCaseExecutor.java:328)
	at com.kms.katalon.core.main.TestCaseExecutor.processExecutionPhase(TestCaseExecutor.java:307)
	at com.kms.katalon.core.main.TestCaseExecutor.accessMainPhase(TestCaseExecutor.java:299)
	at com.kms.katalon.core.main.TestCaseExecutor.execute(TestCaseExecutor.java:233)
	at com.kms.katalon.core.main.TestSuiteExecutor.accessTestCaseMainPhase(TestSuiteExecutor.java:169)
	at com.kms.katalon.core.main.TestSuiteExecutor.accessTestSuiteMainPhase(TestSuiteExecutor.java:142)
	at com.kms.katalon.core.main.TestSuiteExecutor.execute(TestSuiteExecutor.java:91)
	at com.kms.katalon.core.main.TestCaseMain.startTestSuite(TestCaseMain.java:157)
	at com.kms.katalon.core.main.TestCaseMain$startTestSuite$0.call(Unknown Source)
	at TempTestSuite1591248863359.run(TempTestSuite1591248863359.groovy:36)
Caused by: com.kms.katalon.core.exception.StepFailedException: com.kms.katalon.core.webui.exception.WebElementNotFoundException: Web element with id: 'Object Repository/Christi/Page_Manage Sliders/label_Edit Slider' located by 'By.xpath: //label[@name = 'label24' and (text() = 'Edit Slider' or . = 'Edit Slider')]' not found
	at com.kms.katalon.core.webui.keyword.internal.WebUIKeywordMain.stepFailed(WebUIKeywordMain.groovy:64)
	at com.kms.katalon.core.webui.keyword.builtin.VerifyElementPresentKeyword$_verifyElementPresent_closure1.doCall(VerifyElementPresentKeyword.groovy:85)
	at com.kms.katalon.core.webui.keyword.builtin.VerifyElementPresentKeyword$_verifyElementPresent_closure1.call(VerifyElementPresentKeyword.groovy)
	at com.kms.katalon.core.webui.keyword.internal.WebUIKeywordMain.runKeyword(WebUIKeywordMain.groovy:20)
	... 19 more
)

2020-06-04 12:47:07 - [TEST_STEP][PASSED] - verifyElementPresent(findTestObject("Christi/Page_Manage Sliders/label_Slider", ["text":nama_slider]), 3): Object 'Object Repository/Christi/Page_Manage Sliders/label_Slider' is present

2020-06-04 12:47:07 - [MESSAGE][PASSED] - Object 'Object Repository/Christi/Page_Manage Sliders/label_Slider' is present

2020-06-04 12:47:07 - [TEST_STEP][PASSED] - delay(3): Delayed 3 second(s)

2020-06-04 12:47:10 - [MESSAGE][PASSED] - Delayed 3 second(s)

2020-06-04 12:47:10 - [TEST_STEP][PASSED] - click(findTestObject("Object Repository/Christi/Page_Manage Sliders/span_Edit NEOP SERVICE")): Object: 'Object Repository/Christi/Page_Manage Sliders/span_Edit NEOP SERVICE' is clicked on

2020-06-04 12:47:11 - [MESSAGE][PASSED] - Object: 'Object Repository/Christi/Page_Manage Sliders/span_Edit NEOP SERVICE' is clicked on

2020-06-04 12:47:11 - [TEST_STEP][PASSED] - delay(3): Delayed 3 second(s)

2020-06-04 12:47:14 - [MESSAGE][PASSED] - Delayed 3 second(s)

2020-06-04 12:47:14 - [TEST_STEP][FAILED] - switch (edit.toString()): Unable to verify object 'Object Repository/Christi/Page_Manage Sliders/label_Edit Slider' is present (Root cause: com.kms.katalon.core.exception.StepFailedException: Unable to verify object 'Object Repository/Christi/Page_Manage Sliders/label_Edit Slider' is present
	at com.kms.katalon.core.webui.keyword.internal.WebUIKeywordMain.stepFailed(WebUIKeywordMain.groovy:64)
	at com.kms.katalon.core.webui.keyword.internal.WebUIKeywordMain.runKeyword(WebUIKeywordMain.groovy:26)
	at com.kms.katalon.core.webui.keyword.builtin.VerifyElementPresentKeyword.verifyElementPresent(VerifyElementPresentKeyword.groovy:92)
	at com.kms.katalon.core.webui.keyword.builtin.VerifyElementPresentKeyword.execute(VerifyElementPresentKeyword.groovy:68)
	at com.kms.katalon.core.keyword.internal.KeywordExecutor.executeKeywordForPlatform(KeywordExecutor.groovy:60)
	at com.kms.katalon.core.webui.keyword.WebUiBuiltInKeywords.verifyElementPresent(WebUiBuiltInKeywords.groovy:1434)
	at com.kms.katalon.core.webui.keyword.WebUiBuiltInKeywords$verifyElementPresent$3.call(Unknown Source)
	at Manage Slider - Edit.run(Manage Slider - Edit:69)
	at com.kms.katalon.core.main.ScriptEngine.run(ScriptEngine.java:194)
	at com.kms.katalon.core.main.ScriptEngine.runScriptAsRawText(ScriptEngine.java:119)
	at com.kms.katalon.core.main.TestCaseExecutor.runScript(TestCaseExecutor.java:337)
	at com.kms.katalon.core.main.TestCaseExecutor.doExecute(TestCaseExecutor.java:328)
	at com.kms.katalon.core.main.TestCaseExecutor.processExecutionPhase(TestCaseExecutor.java:307)
	at com.kms.katalon.core.main.TestCaseExecutor.accessMainPhase(TestCaseExecutor.java:299)
	at com.kms.katalon.core.main.TestCaseExecutor.execute(TestCaseExecutor.java:233)
	at com.kms.katalon.core.main.TestSuiteExecutor.accessTestCaseMainPhase(TestSuiteExecutor.java:169)
	at com.kms.katalon.core.main.TestSuiteExecutor.accessTestSuiteMainPhase(TestSuiteExecutor.java:142)
	at com.kms.katalon.core.main.TestSuiteExecutor.execute(TestSuiteExecutor.java:91)
	at com.kms.katalon.core.main.TestCaseMain.startTestSuite(TestCaseMain.java:157)
	at com.kms.katalon.core.main.TestCaseMain$startTestSuite$0.call(Unknown Source)
	at TempTestSuite1591248863359.run(TempTestSuite1591248863359.groovy:36)
Caused by: com.kms.katalon.core.exception.StepFailedException: com.kms.katalon.core.webui.exception.WebElementNotFoundException: Web element with id: 'Object Repository/Christi/Page_Manage Sliders/label_Edit Slider' located by 'By.xpath: //label[@name = 'label24' and (text() = 'Edit Slider' or . = 'Edit Slider')]' not found
	at com.kms.katalon.core.webui.keyword.internal.WebUIKeywordMain.stepFailed(WebUIKeywordMain.groovy:64)
	at com.kms.katalon.core.webui.keyword.builtin.VerifyElementPresentKeyword$_verifyElementPresent_closure1.doCall(VerifyElementPresentKeyword.groovy:85)
	at com.kms.katalon.core.webui.keyword.builtin.VerifyElementPresentKeyword$_verifyElementPresent_closure1.call(VerifyElementPresentKeyword.groovy)
	at com.kms.katalon.core.webui.keyword.internal.WebUIKeywordMain.runKeyword(WebUIKeywordMain.groovy:20)
	... 19 more
)

2020-06-04 12:47:14 - [TEST_STEP][FAILED] - case "url slider":: Unable to verify object 'Object Repository/Christi/Page_Manage Sliders/label_Edit Slider' is present (Root cause: com.kms.katalon.core.exception.StepFailedException: Unable to verify object 'Object Repository/Christi/Page_Manage Sliders/label_Edit Slider' is present
	at com.kms.katalon.core.webui.keyword.internal.WebUIKeywordMain.stepFailed(WebUIKeywordMain.groovy:64)
	at com.kms.katalon.core.webui.keyword.internal.WebUIKeywordMain.runKeyword(WebUIKeywordMain.groovy:26)
	at com.kms.katalon.core.webui.keyword.builtin.VerifyElementPresentKeyword.verifyElementPresent(VerifyElementPresentKeyword.groovy:92)
	at com.kms.katalon.core.webui.keyword.builtin.VerifyElementPresentKeyword.execute(VerifyElementPresentKeyword.groovy:68)
	at com.kms.katalon.core.keyword.internal.KeywordExecutor.executeKeywordForPlatform(KeywordExecutor.groovy:60)
	at com.kms.katalon.core.webui.keyword.WebUiBuiltInKeywords.verifyElementPresent(WebUiBuiltInKeywords.groovy:1434)
	at com.kms.katalon.core.webui.keyword.WebUiBuiltInKeywords$verifyElementPresent$3.call(Unknown Source)
	at Manage Slider - Edit.run(Manage Slider - Edit:69)
	at com.kms.katalon.core.main.ScriptEngine.run(ScriptEngine.java:194)
	at com.kms.katalon.core.main.ScriptEngine.runScriptAsRawText(ScriptEngine.java:119)
	at com.kms.katalon.core.main.TestCaseExecutor.runScript(TestCaseExecutor.java:337)
	at com.kms.katalon.core.main.TestCaseExecutor.doExecute(TestCaseExecutor.java:328)
	at com.kms.katalon.core.main.TestCaseExecutor.processExecutionPhase(TestCaseExecutor.java:307)
	at com.kms.katalon.core.main.TestCaseExecutor.accessMainPhase(TestCaseExecutor.java:299)
	at com.kms.katalon.core.main.TestCaseExecutor.execute(TestCaseExecutor.java:233)
	at com.kms.katalon.core.main.TestSuiteExecutor.accessTestCaseMainPhase(TestSuiteExecutor.java:169)
	at com.kms.katalon.core.main.TestSuiteExecutor.accessTestSuiteMainPhase(TestSuiteExecutor.java:142)
	at com.kms.katalon.core.main.TestSuiteExecutor.execute(TestSuiteExecutor.java:91)
	at com.kms.katalon.core.main.TestCaseMain.startTestSuite(TestCaseMain.java:157)
	at com.kms.katalon.core.main.TestCaseMain$startTestSuite$0.call(Unknown Source)
	at TempTestSuite1591248863359.run(TempTestSuite1591248863359.groovy:36)
Caused by: com.kms.katalon.core.exception.StepFailedException: com.kms.katalon.core.webui.exception.WebElementNotFoundException: Web element with id: 'Object Repository/Christi/Page_Manage Sliders/label_Edit Slider' located by 'By.xpath: //label[@name = 'label24' and (text() = 'Edit Slider' or . = 'Edit Slider')]' not found
	at com.kms.katalon.core.webui.keyword.internal.WebUIKeywordMain.stepFailed(WebUIKeywordMain.groovy:64)
	at com.kms.katalon.core.webui.keyword.builtin.VerifyElementPresentKeyword$_verifyElementPresent_closure1.doCall(VerifyElementPresentKeyword.groovy:85)
	at com.kms.katalon.core.webui.keyword.builtin.VerifyElementPresentKeyword$_verifyElementPresent_closure1.call(VerifyElementPresentKeyword.groovy)
	at com.kms.katalon.core.webui.keyword.internal.WebUIKeywordMain.runKeyword(WebUIKeywordMain.groovy:20)
	... 19 more
)

2020-06-04 12:47:14 - [TEST_STEP][PASSED] - setText(findTestObject("Object Repository/Christi/Page_Manage Sliders/input_Section Link_txtEditSliderLink"), url_slider_baru): Text '123456789000123456789123456789000123456789' is set on object 'Object Repository/Christi/Page_Manage Sliders/input_Section Link_txtEditSliderLink'

2020-06-04 12:47:14 - [MESSAGE][PASSED] - Text '123456789000123456789123456789000123456789' is set on object 'Object Repository/Christi/Page_Manage Sliders/input_Section Link_txtEditSliderLink'

2020-06-04 12:47:14 - [TEST_STEP][PASSED] - click(findTestObject("Object Repository/Christi/Page_Manage Sliders_Edit/button_Update Slider")): Object: 'Object Repository/Christi/Page_Manage Sliders_Edit/button_Update Slider' is clicked on

2020-06-04 12:47:15 - [MESSAGE][PASSED] - Object: 'Object Repository/Christi/Page_Manage Sliders_Edit/button_Update Slider' is clicked on

2020-06-04 12:47:15 - [TEST_STEP][PASSED] - if (expected == "pass"): null

2020-06-04 12:47:15 - [TEST_STEP][FAILED] - else if (expected == "fail"): Unable to verify object 'Object Repository/Christi/Page_Manage Sliders/label_Edit Slider' is present (Root cause: com.kms.katalon.core.exception.StepFailedException: Unable to verify object 'Object Repository/Christi/Page_Manage Sliders/label_Edit Slider' is present
	at com.kms.katalon.core.webui.keyword.internal.WebUIKeywordMain.stepFailed(WebUIKeywordMain.groovy:64)
	at com.kms.katalon.core.webui.keyword.internal.WebUIKeywordMain.runKeyword(WebUIKeywordMain.groovy:26)
	at com.kms.katalon.core.webui.keyword.builtin.VerifyElementPresentKeyword.verifyElementPresent(VerifyElementPresentKeyword.groovy:92)
	at com.kms.katalon.core.webui.keyword.builtin.VerifyElementPresentKeyword.execute(VerifyElementPresentKeyword.groovy:68)
	at com.kms.katalon.core.keyword.internal.KeywordExecutor.executeKeywordForPlatform(KeywordExecutor.groovy:60)
	at com.kms.katalon.core.webui.keyword.WebUiBuiltInKeywords.verifyElementPresent(WebUiBuiltInKeywords.groovy:1434)
	at com.kms.katalon.core.webui.keyword.WebUiBuiltInKeywords$verifyElementPresent$3.call(Unknown Source)
	at Manage Slider - Edit.run(Manage Slider - Edit:69)
	at com.kms.katalon.core.main.ScriptEngine.run(ScriptEngine.java:194)
	at com.kms.katalon.core.main.ScriptEngine.runScriptAsRawText(ScriptEngine.java:119)
	at com.kms.katalon.core.main.TestCaseExecutor.runScript(TestCaseExecutor.java:337)
	at com.kms.katalon.core.main.TestCaseExecutor.doExecute(TestCaseExecutor.java:328)
	at com.kms.katalon.core.main.TestCaseExecutor.processExecutionPhase(TestCaseExecutor.java:307)
	at com.kms.katalon.core.main.TestCaseExecutor.accessMainPhase(TestCaseExecutor.java:299)
	at com.kms.katalon.core.main.TestCaseExecutor.execute(TestCaseExecutor.java:233)
	at com.kms.katalon.core.main.TestSuiteExecutor.accessTestCaseMainPhase(TestSuiteExecutor.java:169)
	at com.kms.katalon.core.main.TestSuiteExecutor.accessTestSuiteMainPhase(TestSuiteExecutor.java:142)
	at com.kms.katalon.core.main.TestSuiteExecutor.execute(TestSuiteExecutor.java:91)
	at com.kms.katalon.core.main.TestCaseMain.startTestSuite(TestCaseMain.java:157)
	at com.kms.katalon.core.main.TestCaseMain$startTestSuite$0.call(Unknown Source)
	at TempTestSuite1591248863359.run(TempTestSuite1591248863359.groovy:36)
Caused by: com.kms.katalon.core.exception.StepFailedException: com.kms.katalon.core.webui.exception.WebElementNotFoundException: Web element with id: 'Object Repository/Christi/Page_Manage Sliders/label_Edit Slider' located by 'By.xpath: //label[@name = 'label24' and (text() = 'Edit Slider' or . = 'Edit Slider')]' not found
	at com.kms.katalon.core.webui.keyword.internal.WebUIKeywordMain.stepFailed(WebUIKeywordMain.groovy:64)
	at com.kms.katalon.core.webui.keyword.builtin.VerifyElementPresentKeyword$_verifyElementPresent_closure1.doCall(VerifyElementPresentKeyword.groovy:85)
	at com.kms.katalon.core.webui.keyword.builtin.VerifyElementPresentKeyword$_verifyElementPresent_closure1.call(VerifyElementPresentKeyword.groovy)
	at com.kms.katalon.core.webui.keyword.internal.WebUIKeywordMain.runKeyword(WebUIKeywordMain.groovy:20)
	... 19 more
)

2020-06-04 12:47:15 - [TEST_STEP][PASSED] - delay(3): Delayed 3 second(s)

2020-06-04 12:47:18 - [MESSAGE][PASSED] - Delayed 3 second(s)

2020-06-04 12:47:18 - [TEST_STEP][FAILED] - verifyElementPresent(findTestObject("Christi/Page_Manage Sliders/label_Edit Slider"), 0): Unable to verify object 'Object Repository/Christi/Page_Manage Sliders/label_Edit Slider' is present (Root cause: com.kms.katalon.core.exception.StepFailedException: Unable to verify object 'Object Repository/Christi/Page_Manage Sliders/label_Edit Slider' is present
	at com.kms.katalon.core.webui.keyword.internal.WebUIKeywordMain.stepFailed(WebUIKeywordMain.groovy:64)
	at com.kms.katalon.core.webui.keyword.internal.WebUIKeywordMain.runKeyword(WebUIKeywordMain.groovy:26)
	at com.kms.katalon.core.webui.keyword.builtin.VerifyElementPresentKeyword.verifyElementPresent(VerifyElementPresentKeyword.groovy:92)
	at com.kms.katalon.core.webui.keyword.builtin.VerifyElementPresentKeyword.execute(VerifyElementPresentKeyword.groovy:68)
	at com.kms.katalon.core.keyword.internal.KeywordExecutor.executeKeywordForPlatform(KeywordExecutor.groovy:60)
	at com.kms.katalon.core.webui.keyword.WebUiBuiltInKeywords.verifyElementPresent(WebUiBuiltInKeywords.groovy:1434)
	at com.kms.katalon.core.webui.keyword.WebUiBuiltInKeywords$verifyElementPresent$3.call(Unknown Source)
	at Manage Slider - Edit.run(Manage Slider - Edit:69)
	at com.kms.katalon.core.main.ScriptEngine.run(ScriptEngine.java:194)
	at com.kms.katalon.core.main.ScriptEngine.runScriptAsRawText(ScriptEngine.java:119)
	at com.kms.katalon.core.main.TestCaseExecutor.runScript(TestCaseExecutor.java:337)
	at com.kms.katalon.core.main.TestCaseExecutor.doExecute(TestCaseExecutor.java:328)
	at com.kms.katalon.core.main.TestCaseExecutor.processExecutionPhase(TestCaseExecutor.java:307)
	at com.kms.katalon.core.main.TestCaseExecutor.accessMainPhase(TestCaseExecutor.java:299)
	at com.kms.katalon.core.main.TestCaseExecutor.execute(TestCaseExecutor.java:233)
	at com.kms.katalon.core.main.TestSuiteExecutor.accessTestCaseMainPhase(TestSuiteExecutor.java:169)
	at com.kms.katalon.core.main.TestSuiteExecutor.accessTestSuiteMainPhase(TestSuiteExecutor.java:142)
	at com.kms.katalon.core.main.TestSuiteExecutor.execute(TestSuiteExecutor.java:91)
	at com.kms.katalon.core.main.TestCaseMain.startTestSuite(TestCaseMain.java:157)
	at com.kms.katalon.core.main.TestCaseMain$startTestSuite$0.call(Unknown Source)
	at TempTestSuite1591248863359.run(TempTestSuite1591248863359.groovy:36)
Caused by: com.kms.katalon.core.exception.StepFailedException: com.kms.katalon.core.webui.exception.WebElementNotFoundException: Web element with id: 'Object Repository/Christi/Page_Manage Sliders/label_Edit Slider' located by 'By.xpath: //label[@name = 'label24' and (text() = 'Edit Slider' or . = 'Edit Slider')]' not found
	at com.kms.katalon.core.webui.keyword.internal.WebUIKeywordMain.stepFailed(WebUIKeywordMain.groovy:64)
	at com.kms.katalon.core.webui.keyword.builtin.VerifyElementPresentKeyword$_verifyElementPresent_closure1.doCall(VerifyElementPresentKeyword.groovy:85)
	at com.kms.katalon.core.webui.keyword.builtin.VerifyElementPresentKeyword$_verifyElementPresent_closure1.call(VerifyElementPresentKeyword.groovy)
	at com.kms.katalon.core.webui.keyword.internal.WebUIKeywordMain.runKeyword(WebUIKeywordMain.groovy:20)
	... 19 more
)

2020-06-04 12:47:18 - [MESSAGE][WARNING] - Timeout '0' is invalid. Using default page load timeout: '30'

2020-06-04 12:48:03 - [MESSAGE][INFO] - Unable to find the element located by 'By.xpath: //label[@name = 'label24' and (text() = 'Edit Slider' or . = 'Edit Slider')]'. Please recheck the objects properties to make sure the desired element is located. 

2020-06-04 12:48:03 - [MESSAGE][FAILED] - com.kms.katalon.core.webui.exception.WebElementNotFoundException: Web element with id: 'Object Repository/Christi/Page_Manage Sliders/label_Edit Slider' located by 'By.xpath: //label[@name = 'label24' and (text() = 'Edit Slider' or . = 'Edit Slider')]' not found (Root cause: com.kms.katalon.core.exception.StepFailedException: com.kms.katalon.core.webui.exception.WebElementNotFoundException: Web element with id: 'Object Repository/Christi/Page_Manage Sliders/label_Edit Slider' located by 'By.xpath: //label[@name = 'label24' and (text() = 'Edit Slider' or . = 'Edit Slider')]' not found
	at com.kms.katalon.core.webui.keyword.internal.WebUIKeywordMain.stepFailed(WebUIKeywordMain.groovy:64)
	at com.kms.katalon.core.webui.keyword.builtin.VerifyElementPresentKeyword$_verifyElementPresent_closure1.doCall(VerifyElementPresentKeyword.groovy:85)
	at com.kms.katalon.core.webui.keyword.builtin.VerifyElementPresentKeyword$_verifyElementPresent_closure1.call(VerifyElementPresentKeyword.groovy)
	at com.kms.katalon.core.webui.keyword.internal.WebUIKeywordMain.runKeyword(WebUIKeywordMain.groovy:20)
	at com.kms.katalon.core.webui.keyword.builtin.VerifyElementPresentKeyword.verifyElementPresent(VerifyElementPresentKeyword.groovy:92)
	at com.kms.katalon.core.webui.keyword.builtin.VerifyElementPresentKeyword.execute(VerifyElementPresentKeyword.groovy:68)
	at com.kms.katalon.core.keyword.internal.KeywordExecutor.executeKeywordForPlatform(KeywordExecutor.groovy:60)
	at com.kms.katalon.core.webui.keyword.WebUiBuiltInKeywords.verifyElementPresent(WebUiBuiltInKeywords.groovy:1434)
	at com.kms.katalon.core.webui.keyword.WebUiBuiltInKeywords$verifyElementPresent$3.call(Unknown Source)
	at Manage Slider - Edit.run(Manage Slider - Edit:69)
	at com.kms.katalon.core.main.ScriptEngine.run(ScriptEngine.java:194)
	at com.kms.katalon.core.main.ScriptEngine.runScriptAsRawText(ScriptEngine.java:119)
	at com.kms.katalon.core.main.TestCaseExecutor.runScript(TestCaseExecutor.java:337)
	at com.kms.katalon.core.main.TestCaseExecutor.doExecute(TestCaseExecutor.java:328)
	at com.kms.katalon.core.main.TestCaseExecutor.processExecutionPhase(TestCaseExecutor.java:307)
	at com.kms.katalon.core.main.TestCaseExecutor.accessMainPhase(TestCaseExecutor.java:299)
	at com.kms.katalon.core.main.TestCaseExecutor.execute(TestCaseExecutor.java:233)
	at com.kms.katalon.core.main.TestSuiteExecutor.accessTestCaseMainPhase(TestSuiteExecutor.java:169)
	at com.kms.katalon.core.main.TestSuiteExecutor.accessTestSuiteMainPhase(TestSuiteExecutor.java:142)
	at com.kms.katalon.core.main.TestSuiteExecutor.execute(TestSuiteExecutor.java:91)
	at com.kms.katalon.core.main.TestCaseMain.startTestSuite(TestCaseMain.java:157)
	at com.kms.katalon.core.main.TestCaseMain$startTestSuite$0.call(Unknown Source)
	at TempTestSuite1591248863359.run(TempTestSuite1591248863359.groovy:36)
)
[[ATTACHMENT|C:\\Users\\ASUS\\git\\LearningManagementWeb\\Reports\\20200604_123423\\Christi\\Manage Slider\\20200604_123423\\1591249683119.png]]

2020-06-04 12:48:03 - [MESSAGE][FAILED] - Unable to verify object 'Object Repository/Christi/Page_Manage Sliders/label_Edit Slider' is present (Root cause: com.kms.katalon.core.exception.StepFailedException: Unable to verify object 'Object Repository/Christi/Page_Manage Sliders/label_Edit Slider' is present
	at com.kms.katalon.core.webui.keyword.internal.WebUIKeywordMain.stepFailed(WebUIKeywordMain.groovy:64)
	at com.kms.katalon.core.webui.keyword.internal.WebUIKeywordMain.runKeyword(WebUIKeywordMain.groovy:26)
	at com.kms.katalon.core.webui.keyword.builtin.VerifyElementPresentKeyword.verifyElementPresent(VerifyElementPresentKeyword.groovy:92)
	at com.kms.katalon.core.webui.keyword.builtin.VerifyElementPresentKeyword.execute(VerifyElementPresentKeyword.groovy:68)
	at com.kms.katalon.core.keyword.internal.KeywordExecutor.executeKeywordForPlatform(KeywordExecutor.groovy:60)
	at com.kms.katalon.core.webui.keyword.WebUiBuiltInKeywords.verifyElementPresent(WebUiBuiltInKeywords.groovy:1434)
	at com.kms.katalon.core.webui.keyword.WebUiBuiltInKeywords$verifyElementPresent$3.call(Unknown Source)
	at Manage Slider - Edit.run(Manage Slider - Edit:69)
	at com.kms.katalon.core.main.ScriptEngine.run(ScriptEngine.java:194)
	at com.kms.katalon.core.main.ScriptEngine.runScriptAsRawText(ScriptEngine.java:119)
	at com.kms.katalon.core.main.TestCaseExecutor.runScript(TestCaseExecutor.java:337)
	at com.kms.katalon.core.main.TestCaseExecutor.doExecute(TestCaseExecutor.java:328)
	at com.kms.katalon.core.main.TestCaseExecutor.processExecutionPhase(TestCaseExecutor.java:307)
	at com.kms.katalon.core.main.TestCaseExecutor.accessMainPhase(TestCaseExecutor.java:299)
	at com.kms.katalon.core.main.TestCaseExecutor.execute(TestCaseExecutor.java:233)
	at com.kms.katalon.core.main.TestSuiteExecutor.accessTestCaseMainPhase(TestSuiteExecutor.java:169)
	at com.kms.katalon.core.main.TestSuiteExecutor.accessTestSuiteMainPhase(TestSuiteExecutor.java:142)
	at com.kms.katalon.core.main.TestSuiteExecutor.execute(TestSuiteExecutor.java:91)
	at com.kms.katalon.core.main.TestCaseMain.startTestSuite(TestCaseMain.java:157)
	at com.kms.katalon.core.main.TestCaseMain$startTestSuite$0.call(Unknown Source)
	at TempTestSuite1591248863359.run(TempTestSuite1591248863359.groovy:36)
Caused by: com.kms.katalon.core.exception.StepFailedException: com.kms.katalon.core.webui.exception.WebElementNotFoundException: Web element with id: 'Object Repository/Christi/Page_Manage Sliders/label_Edit Slider' located by 'By.xpath: //label[@name = 'label24' and (text() = 'Edit Slider' or . = 'Edit Slider')]' not found
	at com.kms.katalon.core.webui.keyword.internal.WebUIKeywordMain.stepFailed(WebUIKeywordMain.groovy:64)
	at com.kms.katalon.core.webui.keyword.builtin.VerifyElementPresentKeyword$_verifyElementPresent_closure1.doCall(VerifyElementPresentKeyword.groovy:85)
	at com.kms.katalon.core.webui.keyword.builtin.VerifyElementPresentKeyword$_verifyElementPresent_closure1.call(VerifyElementPresentKeyword.groovy)
	at com.kms.katalon.core.webui.keyword.internal.WebUIKeywordMain.runKeyword(WebUIKeywordMain.groovy:20)
	... 19 more
)
[[ATTACHMENT|C:\\Users\\ASUS\\git\\LearningManagementWeb\\Reports\\20200604_123423\\Christi\\Manage Slider\\20200604_123423\\1591249683555.png]]]]></system-out>
         <system-err><![CDATA[2020-06-04 12:46:20 - [TEST_CASE][FAILED] - Test Cases/Christi/Admin/Manage Slider - Edit: Test Cases/Christi/Admin/Manage Slider - Edit FAILED.
Reason:
com.kms.katalon.core.exception.StepFailedException: Unable to verify object 'Object Repository/Christi/Page_Manage Sliders/label_Edit Slider' is present
	at com.kms.katalon.core.webui.keyword.internal.WebUIKeywordMain.stepFailed(WebUIKeywordMain.groovy:64)
	at com.kms.katalon.core.webui.keyword.internal.WebUIKeywordMain.runKeyword(WebUIKeywordMain.groovy:26)
	at com.kms.katalon.core.webui.keyword.builtin.VerifyElementPresentKeyword.verifyElementPresent(VerifyElementPresentKeyword.groovy:92)
	at com.kms.katalon.core.webui.keyword.builtin.VerifyElementPresentKeyword.execute(VerifyElementPresentKeyword.groovy:68)
	at com.kms.katalon.core.keyword.internal.KeywordExecutor.executeKeywordForPlatform(KeywordExecutor.groovy:60)
	at com.kms.katalon.core.webui.keyword.WebUiBuiltInKeywords.verifyElementPresent(WebUiBuiltInKeywords.groovy:1434)
	at com.kms.katalon.core.webui.keyword.WebUiBuiltInKeywords$verifyElementPresent$3.call(Unknown Source)
	at Manage Slider - Edit.run(Manage Slider - Edit:69)
	at com.kms.katalon.core.main.ScriptEngine.run(ScriptEngine.java:194)
	at com.kms.katalon.core.main.ScriptEngine.runScriptAsRawText(ScriptEngine.java:119)
	at com.kms.katalon.core.main.TestCaseExecutor.runScript(TestCaseExecutor.java:337)
	at com.kms.katalon.core.main.TestCaseExecutor.doExecute(TestCaseExecutor.java:328)
	at com.kms.katalon.core.main.TestCaseExecutor.processExecutionPhase(TestCaseExecutor.java:307)
	at com.kms.katalon.core.main.TestCaseExecutor.accessMainPhase(TestCaseExecutor.java:299)
	at com.kms.katalon.core.main.TestCaseExecutor.execute(TestCaseExecutor.java:233)
	at com.kms.katalon.core.main.TestSuiteExecutor.accessTestCaseMainPhase(TestSuiteExecutor.java:169)
	at com.kms.katalon.core.main.TestSuiteExecutor.accessTestSuiteMainPhase(TestSuiteExecutor.java:142)
	at com.kms.katalon.core.main.TestSuiteExecutor.execute(TestSuiteExecutor.java:91)
	at com.kms.katalon.core.main.TestCaseMain.startTestSuite(TestCaseMain.java:157)
	at com.kms.katalon.core.main.TestCaseMain$startTestSuite$0.call(Unknown Source)
	at TempTestSuite1591248863359.run(TempTestSuite1591248863359.groovy:36)
Caused by: com.kms.katalon.core.exception.StepFailedException: com.kms.katalon.core.webui.exception.WebElementNotFoundException: Web element with id: 'Object Repository/Christi/Page_Manage Sliders/label_Edit Slider' located by 'By.xpath: //label[@name = 'label24' and (text() = 'Edit Slider' or . = 'Edit Slider')]' not found
	at com.kms.katalon.core.webui.keyword.internal.WebUIKeywordMain.stepFailed(WebUIKeywordMain.groovy:64)
	at com.kms.katalon.core.webui.keyword.builtin.VerifyElementPresentKeyword$_verifyElementPresent_closure1.doCall(VerifyElementPresentKeyword.groovy:85)
	at com.kms.katalon.core.webui.keyword.builtin.VerifyElementPresentKeyword$_verifyElementPresent_closure1.call(VerifyElementPresentKeyword.groovy)
	at com.kms.katalon.core.webui.keyword.internal.WebUIKeywordMain.runKeyword(WebUIKeywordMain.groovy:20)
	... 19 more]]></system-err>
      </testcase>
      <testcase name="Test Cases/Christi/Admin/Manage Slider - Edit" time="95.037" classname="Test Cases/Christi/Admin/Manage Slider - Edit" status="FAILED">
         <failure type="FAILED" message="Test Cases/Christi/Admin/Manage Slider - Edit FAILED.
Reason:
com.kms.katalon.core.exception.StepFailedException: Unable to verify object 'Object Repository/Christi/Page_Manage Sliders/label_Edit Slider' is present
	at com.kms.katalon.core.webui.keyword.internal.WebUIKeywordMain.stepFailed(WebUIKeywordMain.groovy:64)
	at com.kms.katalon.core.webui.keyword.internal.WebUIKeywordMain.runKeyword(WebUIKeywordMain.groovy:26)
	at com.kms.katalon.core.webui.keyword.builtin.VerifyElementPresentKeyword.verifyElementPresent(VerifyElementPresentKeyword.groovy:92)
	at com.kms.katalon.core.webui.keyword.builtin.VerifyElementPresentKeyword.execute(VerifyElementPresentKeyword.groovy:68)
	at com.kms.katalon.core.keyword.internal.KeywordExecutor.executeKeywordForPlatform(KeywordExecutor.groovy:60)
	at com.kms.katalon.core.webui.keyword.WebUiBuiltInKeywords.verifyElementPresent(WebUiBuiltInKeywords.groovy:1434)
	at com.kms.katalon.core.webui.keyword.WebUiBuiltInKeywords$verifyElementPresent$3.call(Unknown Source)
	at Manage Slider - Edit.run(Manage Slider - Edit:53)
	at com.kms.katalon.core.main.ScriptEngine.run(ScriptEngine.java:194)
	at com.kms.katalon.core.main.ScriptEngine.runScriptAsRawText(ScriptEngine.java:119)
	at com.kms.katalon.core.main.TestCaseExecutor.runScript(TestCaseExecutor.java:337)
	at com.kms.katalon.core.main.TestCaseExecutor.doExecute(TestCaseExecutor.java:328)
	at com.kms.katalon.core.main.TestCaseExecutor.processExecutionPhase(TestCaseExecutor.java:307)
	at com.kms.katalon.core.main.TestCaseExecutor.accessMainPhase(TestCaseExecutor.java:299)
	at com.kms.katalon.core.main.TestCaseExecutor.execute(TestCaseExecutor.java:233)
	at com.kms.katalon.core.main.TestSuiteExecutor.accessTestCaseMainPhase(TestSuiteExecutor.java:169)
	at com.kms.katalon.core.main.TestSuiteExecutor.accessTestSuiteMainPhase(TestSuiteExecutor.java:142)
	at com.kms.katalon.core.main.TestSuiteExecutor.execute(TestSuiteExecutor.java:91)
	at com.kms.katalon.core.main.TestCaseMain.startTestSuite(TestCaseMain.java:157)
	at com.kms.katalon.core.main.TestCaseMain$startTestSuite$0.call(Unknown Source)
	at TempTestSuite1591248863359.run(TempTestSuite1591248863359.groovy:36)
Caused by: com.kms.katalon.core.exception.StepFailedException: com.kms.katalon.core.webui.exception.WebElementNotFoundException: Web element with id: 'Object Repository/Christi/Page_Manage Sliders/label_Edit Slider' located by 'By.xpath: //label[@name = 'label24' and (text() = 'Edit Slider' or . = 'Edit Slider')]' not found
	at com.kms.katalon.core.webui.keyword.internal.WebUIKeywordMain.stepFailed(WebUIKeywordMain.groovy:64)
	at com.kms.katalon.core.webui.keyword.builtin.VerifyElementPresentKeyword$_verifyElementPresent_closure1.doCall(VerifyElementPresentKeyword.groovy:85)
	at com.kms.katalon.core.webui.keyword.builtin.VerifyElementPresentKeyword$_verifyElementPresent_closure1.call(VerifyElementPresentKeyword.groovy)
	at com.kms.katalon.core.webui.keyword.internal.WebUIKeywordMain.runKeyword(WebUIKeywordMain.groovy:20)
	... 19 more
"/>
         <system-out><![CDATA[2020-06-04 12:48:04 - [TEST_CASE][FAILED] - Test Cases/Christi/Admin/Manage Slider - Edit: Test Cases/Christi/Admin/Manage Slider - Edit FAILED.
Reason:
com.kms.katalon.core.exception.StepFailedException: Unable to verify object 'Object Repository/Christi/Page_Manage Sliders/label_Edit Slider' is present
	at com.kms.katalon.core.webui.keyword.internal.WebUIKeywordMain.stepFailed(WebUIKeywordMain.groovy:64)
	at com.kms.katalon.core.webui.keyword.internal.WebUIKeywordMain.runKeyword(WebUIKeywordMain.groovy:26)
	at com.kms.katalon.core.webui.keyword.builtin.VerifyElementPresentKeyword.verifyElementPresent(VerifyElementPresentKeyword.groovy:92)
	at com.kms.katalon.core.webui.keyword.builtin.VerifyElementPresentKeyword.execute(VerifyElementPresentKeyword.groovy:68)
	at com.kms.katalon.core.keyword.internal.KeywordExecutor.executeKeywordForPlatform(KeywordExecutor.groovy:60)
	at com.kms.katalon.core.webui.keyword.WebUiBuiltInKeywords.verifyElementPresent(WebUiBuiltInKeywords.groovy:1434)
	at com.kms.katalon.core.webui.keyword.WebUiBuiltInKeywords$verifyElementPresent$3.call(Unknown Source)
	at Manage Slider - Edit.run(Manage Slider - Edit:53)
	at com.kms.katalon.core.main.ScriptEngine.run(ScriptEngine.java:194)
	at com.kms.katalon.core.main.ScriptEngine.runScriptAsRawText(ScriptEngine.java:119)
	at com.kms.katalon.core.main.TestCaseExecutor.runScript(TestCaseExecutor.java:337)
	at com.kms.katalon.core.main.TestCaseExecutor.doExecute(TestCaseExecutor.java:328)
	at com.kms.katalon.core.main.TestCaseExecutor.processExecutionPhase(TestCaseExecutor.java:307)
	at com.kms.katalon.core.main.TestCaseExecutor.accessMainPhase(TestCaseExecutor.java:299)
	at com.kms.katalon.core.main.TestCaseExecutor.execute(TestCaseExecutor.java:233)
	at com.kms.katalon.core.main.TestSuiteExecutor.accessTestCaseMainPhase(TestSuiteExecutor.java:169)
	at com.kms.katalon.core.main.TestSuiteExecutor.accessTestSuiteMainPhase(TestSuiteExecutor.java:142)
	at com.kms.katalon.core.main.TestSuiteExecutor.execute(TestSuiteExecutor.java:91)
	at com.kms.katalon.core.main.TestCaseMain.startTestSuite(TestCaseMain.java:157)
	at com.kms.katalon.core.main.TestCaseMain$startTestSuite$0.call(Unknown Source)
	at TempTestSuite1591248863359.run(TempTestSuite1591248863359.groovy:36)
Caused by: com.kms.katalon.core.exception.StepFailedException: com.kms.katalon.core.webui.exception.WebElementNotFoundException: Web element with id: 'Object Repository/Christi/Page_Manage Sliders/label_Edit Slider' located by 'By.xpath: //label[@name = 'label24' and (text() = 'Edit Slider' or . = 'Edit Slider')]' not found
	at com.kms.katalon.core.webui.keyword.internal.WebUIKeywordMain.stepFailed(WebUIKeywordMain.groovy:64)
	at com.kms.katalon.core.webui.keyword.builtin.VerifyElementPresentKeyword$_verifyElementPresent_closure1.doCall(VerifyElementPresentKeyword.groovy:85)
	at com.kms.katalon.core.webui.keyword.builtin.VerifyElementPresentKeyword$_verifyElementPresent_closure1.call(VerifyElementPresentKeyword.groovy)
	at com.kms.katalon.core.webui.keyword.internal.WebUIKeywordMain.runKeyword(WebUIKeywordMain.groovy:20)
	... 19 more


2020-06-04 12:48:04 - [TEST_STEP][PASSED] - callTestCase(findTestCase("Christi/Admin/admin login"), ["username":"11666", "password":"Password3"], STOP_ON_FAILURE): Call Test Case 'Test Cases/Christi/Admin/admin login' successfully

2020-06-04 12:48:04 - [TEST_CASE][PASSED] - Test Cases/Christi/Admin/admin login: Test Cases/Christi/Admin/admin login

2020-06-04 12:48:04 - [TEST_STEP][PASSED] - openBrowser(""): Browser is opened with url: ''

2020-06-04 12:48:04 - [MESSAGE][WARNING] - A browser is already opened. Closing browser and opening a new one

2020-06-04 12:48:05 - [MESSAGE][INFO] - Starting 'Chrome' driver

2020-06-04 12:48:07 - [MESSAGE][PASSED] - Browser is opened with url: ''

2020-06-04 12:48:07 - [TEST_STEP][PASSED] - navigateToUrl("https://appsrv1.deltadatamandiri.com/ACC_LMS_WEB/#/admNLmn"): Navigate to 'https://appsrv1.deltadatamandiri.com/ACC_LMS_WEB/#/admNLmn' successfully

2020-06-04 12:48:16 - [MESSAGE][PASSED] - Navigate to 'https://appsrv1.deltadatamandiri.com/ACC_LMS_WEB/#/admNLmn' successfully

2020-06-04 12:48:16 - [TEST_STEP][PASSED] - click(findTestObject("Christi/Page_Main/button_login")): Object: 'Object Repository/Christi/Page_Main/button_login' is clicked on

2020-06-04 12:48:18 - [MESSAGE][ERROR] - javascript error: Failed to execute 'elementsFromPoint' on 'Document': The provided double value is non-finite.
  (Session info: chrome=83.0.4103.61)
Build info: version: '3.141.59', revision: 'e82be7d358', time: '2018-11-14T08:25:53'
System info: host: 'LAPTOP-D0TPACJ1', ip: '192.168.100.227', os.name: 'Windows 10', os.arch: 'amd64', os.version: '10.0', java.version: '1.8.0_181'
Driver info: com.kms.katalon.selenium.driver.CChromeDriver
Capabilities {acceptInsecureCerts: false, browserName: chrome, browserVersion: 83.0.4103.61, chrome: {chromedriverVersion: 83.0.4103.39 (ccbf011cb2d2b..., userDataDir: C:\Users\ASUS\AppData\Local...}, goog:chromeOptions: {debuggerAddress: localhost:55640}, javascriptEnabled: true, networkConnectionEnabled: false, pageLoadStrategy: normal, platform: WINDOWS, platformName: WINDOWS, proxy: Proxy(), setWindowRect: true, strictFileInteractability: false, timeouts: {implicit: 0, pageLoad: 300000, script: 30000}, unhandledPromptBehavior: dismiss and notify, webauthn:virtualAuthenticators: true}
Session ID: 211c61a456311d1de74e113ed352673c

2020-06-04 12:48:19 - [MESSAGE][PASSED] - Object: 'Object Repository/Christi/Page_Main/button_login' is clicked on

2020-06-04 12:48:19 - [TEST_STEP][PASSED] - delay(3): Delayed 3 second(s)

2020-06-04 12:48:22 - [MESSAGE][PASSED] - Delayed 3 second(s)

2020-06-04 12:48:22 - [TEST_STEP][PASSED] - setText(findTestObject("Object Repository/Christi/Page_Main/input_NPK_username"), username): Text '11666' is set on object 'Object Repository/Christi/Page_Main/input_NPK_username'

2020-06-04 12:48:23 - [MESSAGE][PASSED] - Text '11666' is set on object 'Object Repository/Christi/Page_Main/input_NPK_username'

2020-06-04 12:48:23 - [TEST_STEP][PASSED] - setText(findTestObject("Object Repository/Christi/Page_Main/input_Password_password"), password): Text 'Password3' is set on object 'Object Repository/Christi/Page_Main/input_Password_password'

2020-06-04 12:48:23 - [MESSAGE][PASSED] - Text 'Password3' is set on object 'Object Repository/Christi/Page_Main/input_Password_password'

2020-06-04 12:48:23 - [TEST_STEP][PASSED] - delay(5): Delayed 5 second(s)

2020-06-04 12:48:28 - [MESSAGE][PASSED] - Delayed 5 second(s)

2020-06-04 12:48:28 - [TEST_STEP][PASSED] - click(findTestObject("Rizka/Admin/Admin - Login/btnLogin2")): Object: 'Object Repository/Rizka/Admin/Admin - Login/btnLogin2' is clicked on

2020-06-04 12:48:29 - [MESSAGE][PASSED] - Object: 'Object Repository/Rizka/Admin/Admin - Login/btnLogin2' is clicked on

2020-06-04 12:48:29 - [TEST_STEP][PASSED] - delay(5): Delayed 5 second(s)

2020-06-04 12:48:34 - [MESSAGE][PASSED] - Delayed 5 second(s)

2020-06-04 12:48:34 - [MESSAGE][PASSED] - Call Test Case 'Test Cases/Christi/Admin/admin login' successfully

2020-06-04 12:48:34 - [TEST_STEP][PASSED] - delay(3): Delayed 3 second(s)

2020-06-04 12:48:37 - [MESSAGE][PASSED] - Delayed 3 second(s)

2020-06-04 12:48:37 - [TEST_STEP][PASSED] - click(findTestObject("Object Repository/Christi/Page_Dashboard Admin/span_Manage Slider")): Object: 'Object Repository/Christi/Page_Dashboard Admin/span_Manage Slider' is clicked on

2020-06-04 12:48:39 - [MESSAGE][PASSED] - Object: 'Object Repository/Christi/Page_Dashboard Admin/span_Manage Slider' is clicked on

2020-06-04 12:48:39 - [TEST_STEP][PASSED] - delay(3): Delayed 3 second(s)

2020-06-04 12:48:42 - [MESSAGE][PASSED] - Delayed 3 second(s)

2020-06-04 12:48:42 - [TEST_STEP][FAILED] - if (find_slider == "found"): Unable to verify object 'Object Repository/Christi/Page_Manage Sliders/label_Edit Slider' is present (Root cause: com.kms.katalon.core.exception.StepFailedException: Unable to verify object 'Object Repository/Christi/Page_Manage Sliders/label_Edit Slider' is present
	at com.kms.katalon.core.webui.keyword.internal.WebUIKeywordMain.stepFailed(WebUIKeywordMain.groovy:64)
	at com.kms.katalon.core.webui.keyword.internal.WebUIKeywordMain.runKeyword(WebUIKeywordMain.groovy:26)
	at com.kms.katalon.core.webui.keyword.builtin.VerifyElementPresentKeyword.verifyElementPresent(VerifyElementPresentKeyword.groovy:92)
	at com.kms.katalon.core.webui.keyword.builtin.VerifyElementPresentKeyword.execute(VerifyElementPresentKeyword.groovy:68)
	at com.kms.katalon.core.keyword.internal.KeywordExecutor.executeKeywordForPlatform(KeywordExecutor.groovy:60)
	at com.kms.katalon.core.webui.keyword.WebUiBuiltInKeywords.verifyElementPresent(WebUiBuiltInKeywords.groovy:1434)
	at com.kms.katalon.core.webui.keyword.WebUiBuiltInKeywords$verifyElementPresent$3.call(Unknown Source)
	at Manage Slider - Edit.run(Manage Slider - Edit:53)
	at com.kms.katalon.core.main.ScriptEngine.run(ScriptEngine.java:194)
	at com.kms.katalon.core.main.ScriptEngine.runScriptAsRawText(ScriptEngine.java:119)
	at com.kms.katalon.core.main.TestCaseExecutor.runScript(TestCaseExecutor.java:337)
	at com.kms.katalon.core.main.TestCaseExecutor.doExecute(TestCaseExecutor.java:328)
	at com.kms.katalon.core.main.TestCaseExecutor.processExecutionPhase(TestCaseExecutor.java:307)
	at com.kms.katalon.core.main.TestCaseExecutor.accessMainPhase(TestCaseExecutor.java:299)
	at com.kms.katalon.core.main.TestCaseExecutor.execute(TestCaseExecutor.java:233)
	at com.kms.katalon.core.main.TestSuiteExecutor.accessTestCaseMainPhase(TestSuiteExecutor.java:169)
	at com.kms.katalon.core.main.TestSuiteExecutor.accessTestSuiteMainPhase(TestSuiteExecutor.java:142)
	at com.kms.katalon.core.main.TestSuiteExecutor.execute(TestSuiteExecutor.java:91)
	at com.kms.katalon.core.main.TestCaseMain.startTestSuite(TestCaseMain.java:157)
	at com.kms.katalon.core.main.TestCaseMain$startTestSuite$0.call(Unknown Source)
	at TempTestSuite1591248863359.run(TempTestSuite1591248863359.groovy:36)
Caused by: com.kms.katalon.core.exception.StepFailedException: com.kms.katalon.core.webui.exception.WebElementNotFoundException: Web element with id: 'Object Repository/Christi/Page_Manage Sliders/label_Edit Slider' located by 'By.xpath: //label[@name = 'label24' and (text() = 'Edit Slider' or . = 'Edit Slider')]' not found
	at com.kms.katalon.core.webui.keyword.internal.WebUIKeywordMain.stepFailed(WebUIKeywordMain.groovy:64)
	at com.kms.katalon.core.webui.keyword.builtin.VerifyElementPresentKeyword$_verifyElementPresent_closure1.doCall(VerifyElementPresentKeyword.groovy:85)
	at com.kms.katalon.core.webui.keyword.builtin.VerifyElementPresentKeyword$_verifyElementPresent_closure1.call(VerifyElementPresentKeyword.groovy)
	at com.kms.katalon.core.webui.keyword.internal.WebUIKeywordMain.runKeyword(WebUIKeywordMain.groovy:20)
	... 19 more
)

2020-06-04 12:48:42 - [TEST_STEP][PASSED] - verifyElementPresent(findTestObject("Christi/Page_Manage Sliders/label_Slider", ["text":nama_slider]), 3): Object 'Object Repository/Christi/Page_Manage Sliders/label_Slider' is present

2020-06-04 12:48:42 - [MESSAGE][PASSED] - Object 'Object Repository/Christi/Page_Manage Sliders/label_Slider' is present

2020-06-04 12:48:42 - [TEST_STEP][PASSED] - delay(3): Delayed 3 second(s)

2020-06-04 12:48:45 - [MESSAGE][PASSED] - Delayed 3 second(s)

2020-06-04 12:48:45 - [TEST_STEP][PASSED] - click(findTestObject("Object Repository/Christi/Page_Manage Sliders/span_Edit NEOP SERVICE")): Object: 'Object Repository/Christi/Page_Manage Sliders/span_Edit NEOP SERVICE' is clicked on

2020-06-04 12:48:46 - [MESSAGE][PASSED] - Object: 'Object Repository/Christi/Page_Manage Sliders/span_Edit NEOP SERVICE' is clicked on

2020-06-04 12:48:46 - [TEST_STEP][PASSED] - delay(3): Delayed 3 second(s)

2020-06-04 12:48:49 - [MESSAGE][PASSED] - Delayed 3 second(s)

2020-06-04 12:48:49 - [TEST_STEP][FAILED] - switch (edit.toString()): Unable to verify object 'Object Repository/Christi/Page_Manage Sliders/label_Edit Slider' is present (Root cause: com.kms.katalon.core.exception.StepFailedException: Unable to verify object 'Object Repository/Christi/Page_Manage Sliders/label_Edit Slider' is present
	at com.kms.katalon.core.webui.keyword.internal.WebUIKeywordMain.stepFailed(WebUIKeywordMain.groovy:64)
	at com.kms.katalon.core.webui.keyword.internal.WebUIKeywordMain.runKeyword(WebUIKeywordMain.groovy:26)
	at com.kms.katalon.core.webui.keyword.builtin.VerifyElementPresentKeyword.verifyElementPresent(VerifyElementPresentKeyword.groovy:92)
	at com.kms.katalon.core.webui.keyword.builtin.VerifyElementPresentKeyword.execute(VerifyElementPresentKeyword.groovy:68)
	at com.kms.katalon.core.keyword.internal.KeywordExecutor.executeKeywordForPlatform(KeywordExecutor.groovy:60)
	at com.kms.katalon.core.webui.keyword.WebUiBuiltInKeywords.verifyElementPresent(WebUiBuiltInKeywords.groovy:1434)
	at com.kms.katalon.core.webui.keyword.WebUiBuiltInKeywords$verifyElementPresent$3.call(Unknown Source)
	at Manage Slider - Edit.run(Manage Slider - Edit:53)
	at com.kms.katalon.core.main.ScriptEngine.run(ScriptEngine.java:194)
	at com.kms.katalon.core.main.ScriptEngine.runScriptAsRawText(ScriptEngine.java:119)
	at com.kms.katalon.core.main.TestCaseExecutor.runScript(TestCaseExecutor.java:337)
	at com.kms.katalon.core.main.TestCaseExecutor.doExecute(TestCaseExecutor.java:328)
	at com.kms.katalon.core.main.TestCaseExecutor.processExecutionPhase(TestCaseExecutor.java:307)
	at com.kms.katalon.core.main.TestCaseExecutor.accessMainPhase(TestCaseExecutor.java:299)
	at com.kms.katalon.core.main.TestCaseExecutor.execute(TestCaseExecutor.java:233)
	at com.kms.katalon.core.main.TestSuiteExecutor.accessTestCaseMainPhase(TestSuiteExecutor.java:169)
	at com.kms.katalon.core.main.TestSuiteExecutor.accessTestSuiteMainPhase(TestSuiteExecutor.java:142)
	at com.kms.katalon.core.main.TestSuiteExecutor.execute(TestSuiteExecutor.java:91)
	at com.kms.katalon.core.main.TestCaseMain.startTestSuite(TestCaseMain.java:157)
	at com.kms.katalon.core.main.TestCaseMain$startTestSuite$0.call(Unknown Source)
	at TempTestSuite1591248863359.run(TempTestSuite1591248863359.groovy:36)
Caused by: com.kms.katalon.core.exception.StepFailedException: com.kms.katalon.core.webui.exception.WebElementNotFoundException: Web element with id: 'Object Repository/Christi/Page_Manage Sliders/label_Edit Slider' located by 'By.xpath: //label[@name = 'label24' and (text() = 'Edit Slider' or . = 'Edit Slider')]' not found
	at com.kms.katalon.core.webui.keyword.internal.WebUIKeywordMain.stepFailed(WebUIKeywordMain.groovy:64)
	at com.kms.katalon.core.webui.keyword.builtin.VerifyElementPresentKeyword$_verifyElementPresent_closure1.doCall(VerifyElementPresentKeyword.groovy:85)
	at com.kms.katalon.core.webui.keyword.builtin.VerifyElementPresentKeyword$_verifyElementPresent_closure1.call(VerifyElementPresentKeyword.groovy)
	at com.kms.katalon.core.webui.keyword.internal.WebUIKeywordMain.runKeyword(WebUIKeywordMain.groovy:20)
	... 19 more
)

2020-06-04 12:48:49 - [TEST_STEP][FAILED] - case "nama slider":: Unable to verify object 'Object Repository/Christi/Page_Manage Sliders/label_Edit Slider' is present (Root cause: com.kms.katalon.core.exception.StepFailedException: Unable to verify object 'Object Repository/Christi/Page_Manage Sliders/label_Edit Slider' is present
	at com.kms.katalon.core.webui.keyword.internal.WebUIKeywordMain.stepFailed(WebUIKeywordMain.groovy:64)
	at com.kms.katalon.core.webui.keyword.internal.WebUIKeywordMain.runKeyword(WebUIKeywordMain.groovy:26)
	at com.kms.katalon.core.webui.keyword.builtin.VerifyElementPresentKeyword.verifyElementPresent(VerifyElementPresentKeyword.groovy:92)
	at com.kms.katalon.core.webui.keyword.builtin.VerifyElementPresentKeyword.execute(VerifyElementPresentKeyword.groovy:68)
	at com.kms.katalon.core.keyword.internal.KeywordExecutor.executeKeywordForPlatform(KeywordExecutor.groovy:60)
	at com.kms.katalon.core.webui.keyword.WebUiBuiltInKeywords.verifyElementPresent(WebUiBuiltInKeywords.groovy:1434)
	at com.kms.katalon.core.webui.keyword.WebUiBuiltInKeywords$verifyElementPresent$3.call(Unknown Source)
	at Manage Slider - Edit.run(Manage Slider - Edit:53)
	at com.kms.katalon.core.main.ScriptEngine.run(ScriptEngine.java:194)
	at com.kms.katalon.core.main.ScriptEngine.runScriptAsRawText(ScriptEngine.java:119)
	at com.kms.katalon.core.main.TestCaseExecutor.runScript(TestCaseExecutor.java:337)
	at com.kms.katalon.core.main.TestCaseExecutor.doExecute(TestCaseExecutor.java:328)
	at com.kms.katalon.core.main.TestCaseExecutor.processExecutionPhase(TestCaseExecutor.java:307)
	at com.kms.katalon.core.main.TestCaseExecutor.accessMainPhase(TestCaseExecutor.java:299)
	at com.kms.katalon.core.main.TestCaseExecutor.execute(TestCaseExecutor.java:233)
	at com.kms.katalon.core.main.TestSuiteExecutor.accessTestCaseMainPhase(TestSuiteExecutor.java:169)
	at com.kms.katalon.core.main.TestSuiteExecutor.accessTestSuiteMainPhase(TestSuiteExecutor.java:142)
	at com.kms.katalon.core.main.TestSuiteExecutor.execute(TestSuiteExecutor.java:91)
	at com.kms.katalon.core.main.TestCaseMain.startTestSuite(TestCaseMain.java:157)
	at com.kms.katalon.core.main.TestCaseMain$startTestSuite$0.call(Unknown Source)
	at TempTestSuite1591248863359.run(TempTestSuite1591248863359.groovy:36)
Caused by: com.kms.katalon.core.exception.StepFailedException: com.kms.katalon.core.webui.exception.WebElementNotFoundException: Web element with id: 'Object Repository/Christi/Page_Manage Sliders/label_Edit Slider' located by 'By.xpath: //label[@name = 'label24' and (text() = 'Edit Slider' or . = 'Edit Slider')]' not found
	at com.kms.katalon.core.webui.keyword.internal.WebUIKeywordMain.stepFailed(WebUIKeywordMain.groovy:64)
	at com.kms.katalon.core.webui.keyword.builtin.VerifyElementPresentKeyword$_verifyElementPresent_closure1.doCall(VerifyElementPresentKeyword.groovy:85)
	at com.kms.katalon.core.webui.keyword.builtin.VerifyElementPresentKeyword$_verifyElementPresent_closure1.call(VerifyElementPresentKeyword.groovy)
	at com.kms.katalon.core.webui.keyword.internal.WebUIKeywordMain.runKeyword(WebUIKeywordMain.groovy:20)
	... 19 more
)

2020-06-04 12:48:49 - [TEST_STEP][PASSED] - setText(findTestObject("Object Repository/Christi/Page_Manage Sliders/input_Slider name (edit)"), nama_slider_baru): Text '' is set on object 'Object Repository/Christi/Page_Manage Sliders/input_Slider name (edit)'

2020-06-04 12:48:49 - [MESSAGE][PASSED] - Text '' is set on object 'Object Repository/Christi/Page_Manage Sliders/input_Slider name (edit)'

2020-06-04 12:48:49 - [TEST_STEP][PASSED] - click(findTestObject("Object Repository/Christi/Page_Manage Sliders_Edit/button_Update Slider")): Object: 'Object Repository/Christi/Page_Manage Sliders_Edit/button_Update Slider' is clicked on

2020-06-04 12:48:50 - [MESSAGE][PASSED] - Object: 'Object Repository/Christi/Page_Manage Sliders_Edit/button_Update Slider' is clicked on

2020-06-04 12:48:50 - [TEST_STEP][PASSED] - if (expected == "pass"): null

2020-06-04 12:48:50 - [TEST_STEP][FAILED] - else if (expected == "fail"): Unable to verify object 'Object Repository/Christi/Page_Manage Sliders/label_Edit Slider' is present (Root cause: com.kms.katalon.core.exception.StepFailedException: Unable to verify object 'Object Repository/Christi/Page_Manage Sliders/label_Edit Slider' is present
	at com.kms.katalon.core.webui.keyword.internal.WebUIKeywordMain.stepFailed(WebUIKeywordMain.groovy:64)
	at com.kms.katalon.core.webui.keyword.internal.WebUIKeywordMain.runKeyword(WebUIKeywordMain.groovy:26)
	at com.kms.katalon.core.webui.keyword.builtin.VerifyElementPresentKeyword.verifyElementPresent(VerifyElementPresentKeyword.groovy:92)
	at com.kms.katalon.core.webui.keyword.builtin.VerifyElementPresentKeyword.execute(VerifyElementPresentKeyword.groovy:68)
	at com.kms.katalon.core.keyword.internal.KeywordExecutor.executeKeywordForPlatform(KeywordExecutor.groovy:60)
	at com.kms.katalon.core.webui.keyword.WebUiBuiltInKeywords.verifyElementPresent(WebUiBuiltInKeywords.groovy:1434)
	at com.kms.katalon.core.webui.keyword.WebUiBuiltInKeywords$verifyElementPresent$3.call(Unknown Source)
	at Manage Slider - Edit.run(Manage Slider - Edit:53)
	at com.kms.katalon.core.main.ScriptEngine.run(ScriptEngine.java:194)
	at com.kms.katalon.core.main.ScriptEngine.runScriptAsRawText(ScriptEngine.java:119)
	at com.kms.katalon.core.main.TestCaseExecutor.runScript(TestCaseExecutor.java:337)
	at com.kms.katalon.core.main.TestCaseExecutor.doExecute(TestCaseExecutor.java:328)
	at com.kms.katalon.core.main.TestCaseExecutor.processExecutionPhase(TestCaseExecutor.java:307)
	at com.kms.katalon.core.main.TestCaseExecutor.accessMainPhase(TestCaseExecutor.java:299)
	at com.kms.katalon.core.main.TestCaseExecutor.execute(TestCaseExecutor.java:233)
	at com.kms.katalon.core.main.TestSuiteExecutor.accessTestCaseMainPhase(TestSuiteExecutor.java:169)
	at com.kms.katalon.core.main.TestSuiteExecutor.accessTestSuiteMainPhase(TestSuiteExecutor.java:142)
	at com.kms.katalon.core.main.TestSuiteExecutor.execute(TestSuiteExecutor.java:91)
	at com.kms.katalon.core.main.TestCaseMain.startTestSuite(TestCaseMain.java:157)
	at com.kms.katalon.core.main.TestCaseMain$startTestSuite$0.call(Unknown Source)
	at TempTestSuite1591248863359.run(TempTestSuite1591248863359.groovy:36)
Caused by: com.kms.katalon.core.exception.StepFailedException: com.kms.katalon.core.webui.exception.WebElementNotFoundException: Web element with id: 'Object Repository/Christi/Page_Manage Sliders/label_Edit Slider' located by 'By.xpath: //label[@name = 'label24' and (text() = 'Edit Slider' or . = 'Edit Slider')]' not found
	at com.kms.katalon.core.webui.keyword.internal.WebUIKeywordMain.stepFailed(WebUIKeywordMain.groovy:64)
	at com.kms.katalon.core.webui.keyword.builtin.VerifyElementPresentKeyword$_verifyElementPresent_closure1.doCall(VerifyElementPresentKeyword.groovy:85)
	at com.kms.katalon.core.webui.keyword.builtin.VerifyElementPresentKeyword$_verifyElementPresent_closure1.call(VerifyElementPresentKeyword.groovy)
	at com.kms.katalon.core.webui.keyword.internal.WebUIKeywordMain.runKeyword(WebUIKeywordMain.groovy:20)
	... 19 more
)

2020-06-04 12:48:50 - [TEST_STEP][PASSED] - delay(3): Delayed 3 second(s)

2020-06-04 12:48:53 - [MESSAGE][PASSED] - Delayed 3 second(s)

2020-06-04 12:48:53 - [TEST_STEP][FAILED] - verifyElementPresent(findTestObject("Christi/Page_Manage Sliders/label_Edit Slider"), 0): Unable to verify object 'Object Repository/Christi/Page_Manage Sliders/label_Edit Slider' is present (Root cause: com.kms.katalon.core.exception.StepFailedException: Unable to verify object 'Object Repository/Christi/Page_Manage Sliders/label_Edit Slider' is present
	at com.kms.katalon.core.webui.keyword.internal.WebUIKeywordMain.stepFailed(WebUIKeywordMain.groovy:64)
	at com.kms.katalon.core.webui.keyword.internal.WebUIKeywordMain.runKeyword(WebUIKeywordMain.groovy:26)
	at com.kms.katalon.core.webui.keyword.builtin.VerifyElementPresentKeyword.verifyElementPresent(VerifyElementPresentKeyword.groovy:92)
	at com.kms.katalon.core.webui.keyword.builtin.VerifyElementPresentKeyword.execute(VerifyElementPresentKeyword.groovy:68)
	at com.kms.katalon.core.keyword.internal.KeywordExecutor.executeKeywordForPlatform(KeywordExecutor.groovy:60)
	at com.kms.katalon.core.webui.keyword.WebUiBuiltInKeywords.verifyElementPresent(WebUiBuiltInKeywords.groovy:1434)
	at com.kms.katalon.core.webui.keyword.WebUiBuiltInKeywords$verifyElementPresent$3.call(Unknown Source)
	at Manage Slider - Edit.run(Manage Slider - Edit:53)
	at com.kms.katalon.core.main.ScriptEngine.run(ScriptEngine.java:194)
	at com.kms.katalon.core.main.ScriptEngine.runScriptAsRawText(ScriptEngine.java:119)
	at com.kms.katalon.core.main.TestCaseExecutor.runScript(TestCaseExecutor.java:337)
	at com.kms.katalon.core.main.TestCaseExecutor.doExecute(TestCaseExecutor.java:328)
	at com.kms.katalon.core.main.TestCaseExecutor.processExecutionPhase(TestCaseExecutor.java:307)
	at com.kms.katalon.core.main.TestCaseExecutor.accessMainPhase(TestCaseExecutor.java:299)
	at com.kms.katalon.core.main.TestCaseExecutor.execute(TestCaseExecutor.java:233)
	at com.kms.katalon.core.main.TestSuiteExecutor.accessTestCaseMainPhase(TestSuiteExecutor.java:169)
	at com.kms.katalon.core.main.TestSuiteExecutor.accessTestSuiteMainPhase(TestSuiteExecutor.java:142)
	at com.kms.katalon.core.main.TestSuiteExecutor.execute(TestSuiteExecutor.java:91)
	at com.kms.katalon.core.main.TestCaseMain.startTestSuite(TestCaseMain.java:157)
	at com.kms.katalon.core.main.TestCaseMain$startTestSuite$0.call(Unknown Source)
	at TempTestSuite1591248863359.run(TempTestSuite1591248863359.groovy:36)
Caused by: com.kms.katalon.core.exception.StepFailedException: com.kms.katalon.core.webui.exception.WebElementNotFoundException: Web element with id: 'Object Repository/Christi/Page_Manage Sliders/label_Edit Slider' located by 'By.xpath: //label[@name = 'label24' and (text() = 'Edit Slider' or . = 'Edit Slider')]' not found
	at com.kms.katalon.core.webui.keyword.internal.WebUIKeywordMain.stepFailed(WebUIKeywordMain.groovy:64)
	at com.kms.katalon.core.webui.keyword.builtin.VerifyElementPresentKeyword$_verifyElementPresent_closure1.doCall(VerifyElementPresentKeyword.groovy:85)
	at com.kms.katalon.core.webui.keyword.builtin.VerifyElementPresentKeyword$_verifyElementPresent_closure1.call(VerifyElementPresentKeyword.groovy)
	at com.kms.katalon.core.webui.keyword.internal.WebUIKeywordMain.runKeyword(WebUIKeywordMain.groovy:20)
	... 19 more
)

2020-06-04 12:48:53 - [MESSAGE][WARNING] - Timeout '0' is invalid. Using default page load timeout: '30'

2020-06-04 12:49:38 - [MESSAGE][INFO] - Unable to find the element located by 'By.xpath: //label[@name = 'label24' and (text() = 'Edit Slider' or . = 'Edit Slider')]'. Please recheck the objects properties to make sure the desired element is located. 

2020-06-04 12:49:38 - [MESSAGE][FAILED] - com.kms.katalon.core.webui.exception.WebElementNotFoundException: Web element with id: 'Object Repository/Christi/Page_Manage Sliders/label_Edit Slider' located by 'By.xpath: //label[@name = 'label24' and (text() = 'Edit Slider' or . = 'Edit Slider')]' not found (Root cause: com.kms.katalon.core.exception.StepFailedException: com.kms.katalon.core.webui.exception.WebElementNotFoundException: Web element with id: 'Object Repository/Christi/Page_Manage Sliders/label_Edit Slider' located by 'By.xpath: //label[@name = 'label24' and (text() = 'Edit Slider' or . = 'Edit Slider')]' not found
	at com.kms.katalon.core.webui.keyword.internal.WebUIKeywordMain.stepFailed(WebUIKeywordMain.groovy:64)
	at com.kms.katalon.core.webui.keyword.builtin.VerifyElementPresentKeyword$_verifyElementPresent_closure1.doCall(VerifyElementPresentKeyword.groovy:85)
	at com.kms.katalon.core.webui.keyword.builtin.VerifyElementPresentKeyword$_verifyElementPresent_closure1.call(VerifyElementPresentKeyword.groovy)
	at com.kms.katalon.core.webui.keyword.internal.WebUIKeywordMain.runKeyword(WebUIKeywordMain.groovy:20)
	at com.kms.katalon.core.webui.keyword.builtin.VerifyElementPresentKeyword.verifyElementPresent(VerifyElementPresentKeyword.groovy:92)
	at com.kms.katalon.core.webui.keyword.builtin.VerifyElementPresentKeyword.execute(VerifyElementPresentKeyword.groovy:68)
	at com.kms.katalon.core.keyword.internal.KeywordExecutor.executeKeywordForPlatform(KeywordExecutor.groovy:60)
	at com.kms.katalon.core.webui.keyword.WebUiBuiltInKeywords.verifyElementPresent(WebUiBuiltInKeywords.groovy:1434)
	at com.kms.katalon.core.webui.keyword.WebUiBuiltInKeywords$verifyElementPresent$3.call(Unknown Source)
	at Manage Slider - Edit.run(Manage Slider - Edit:53)
	at com.kms.katalon.core.main.ScriptEngine.run(ScriptEngine.java:194)
	at com.kms.katalon.core.main.ScriptEngine.runScriptAsRawText(ScriptEngine.java:119)
	at com.kms.katalon.core.main.TestCaseExecutor.runScript(TestCaseExecutor.java:337)
	at com.kms.katalon.core.main.TestCaseExecutor.doExecute(TestCaseExecutor.java:328)
	at com.kms.katalon.core.main.TestCaseExecutor.processExecutionPhase(TestCaseExecutor.java:307)
	at com.kms.katalon.core.main.TestCaseExecutor.accessMainPhase(TestCaseExecutor.java:299)
	at com.kms.katalon.core.main.TestCaseExecutor.execute(TestCaseExecutor.java:233)
	at com.kms.katalon.core.main.TestSuiteExecutor.accessTestCaseMainPhase(TestSuiteExecutor.java:169)
	at com.kms.katalon.core.main.TestSuiteExecutor.accessTestSuiteMainPhase(TestSuiteExecutor.java:142)
	at com.kms.katalon.core.main.TestSuiteExecutor.execute(TestSuiteExecutor.java:91)
	at com.kms.katalon.core.main.TestCaseMain.startTestSuite(TestCaseMain.java:157)
	at com.kms.katalon.core.main.TestCaseMain$startTestSuite$0.call(Unknown Source)
	at TempTestSuite1591248863359.run(TempTestSuite1591248863359.groovy:36)
)
[[ATTACHMENT|C:\\Users\\ASUS\\git\\LearningManagementWeb\\Reports\\20200604_123423\\Christi\\Manage Slider\\20200604_123423\\1591249778309.png]]

2020-06-04 12:49:39 - [MESSAGE][FAILED] - Unable to verify object 'Object Repository/Christi/Page_Manage Sliders/label_Edit Slider' is present (Root cause: com.kms.katalon.core.exception.StepFailedException: Unable to verify object 'Object Repository/Christi/Page_Manage Sliders/label_Edit Slider' is present
	at com.kms.katalon.core.webui.keyword.internal.WebUIKeywordMain.stepFailed(WebUIKeywordMain.groovy:64)
	at com.kms.katalon.core.webui.keyword.internal.WebUIKeywordMain.runKeyword(WebUIKeywordMain.groovy:26)
	at com.kms.katalon.core.webui.keyword.builtin.VerifyElementPresentKeyword.verifyElementPresent(VerifyElementPresentKeyword.groovy:92)
	at com.kms.katalon.core.webui.keyword.builtin.VerifyElementPresentKeyword.execute(VerifyElementPresentKeyword.groovy:68)
	at com.kms.katalon.core.keyword.internal.KeywordExecutor.executeKeywordForPlatform(KeywordExecutor.groovy:60)
	at com.kms.katalon.core.webui.keyword.WebUiBuiltInKeywords.verifyElementPresent(WebUiBuiltInKeywords.groovy:1434)
	at com.kms.katalon.core.webui.keyword.WebUiBuiltInKeywords$verifyElementPresent$3.call(Unknown Source)
	at Manage Slider - Edit.run(Manage Slider - Edit:53)
	at com.kms.katalon.core.main.ScriptEngine.run(ScriptEngine.java:194)
	at com.kms.katalon.core.main.ScriptEngine.runScriptAsRawText(ScriptEngine.java:119)
	at com.kms.katalon.core.main.TestCaseExecutor.runScript(TestCaseExecutor.java:337)
	at com.kms.katalon.core.main.TestCaseExecutor.doExecute(TestCaseExecutor.java:328)
	at com.kms.katalon.core.main.TestCaseExecutor.processExecutionPhase(TestCaseExecutor.java:307)
	at com.kms.katalon.core.main.TestCaseExecutor.accessMainPhase(TestCaseExecutor.java:299)
	at com.kms.katalon.core.main.TestCaseExecutor.execute(TestCaseExecutor.java:233)
	at com.kms.katalon.core.main.TestSuiteExecutor.accessTestCaseMainPhase(TestSuiteExecutor.java:169)
	at com.kms.katalon.core.main.TestSuiteExecutor.accessTestSuiteMainPhase(TestSuiteExecutor.java:142)
	at com.kms.katalon.core.main.TestSuiteExecutor.execute(TestSuiteExecutor.java:91)
	at com.kms.katalon.core.main.TestCaseMain.startTestSuite(TestCaseMain.java:157)
	at com.kms.katalon.core.main.TestCaseMain$startTestSuite$0.call(Unknown Source)
	at TempTestSuite1591248863359.run(TempTestSuite1591248863359.groovy:36)
Caused by: com.kms.katalon.core.exception.StepFailedException: com.kms.katalon.core.webui.exception.WebElementNotFoundException: Web element with id: 'Object Repository/Christi/Page_Manage Sliders/label_Edit Slider' located by 'By.xpath: //label[@name = 'label24' and (text() = 'Edit Slider' or . = 'Edit Slider')]' not found
	at com.kms.katalon.core.webui.keyword.internal.WebUIKeywordMain.stepFailed(WebUIKeywordMain.groovy:64)
	at com.kms.katalon.core.webui.keyword.builtin.VerifyElementPresentKeyword$_verifyElementPresent_closure1.doCall(VerifyElementPresentKeyword.groovy:85)
	at com.kms.katalon.core.webui.keyword.builtin.VerifyElementPresentKeyword$_verifyElementPresent_closure1.call(VerifyElementPresentKeyword.groovy)
	at com.kms.katalon.core.webui.keyword.internal.WebUIKeywordMain.runKeyword(WebUIKeywordMain.groovy:20)
	... 19 more
)
[[ATTACHMENT|C:\\Users\\ASUS\\git\\LearningManagementWeb\\Reports\\20200604_123423\\Christi\\Manage Slider\\20200604_123423\\1591249778709.png]]]]></system-out>
         <system-err><![CDATA[2020-06-04 12:48:04 - [TEST_CASE][FAILED] - Test Cases/Christi/Admin/Manage Slider - Edit: Test Cases/Christi/Admin/Manage Slider - Edit FAILED.
Reason:
com.kms.katalon.core.exception.StepFailedException: Unable to verify object 'Object Repository/Christi/Page_Manage Sliders/label_Edit Slider' is present
	at com.kms.katalon.core.webui.keyword.internal.WebUIKeywordMain.stepFailed(WebUIKeywordMain.groovy:64)
	at com.kms.katalon.core.webui.keyword.internal.WebUIKeywordMain.runKeyword(WebUIKeywordMain.groovy:26)
	at com.kms.katalon.core.webui.keyword.builtin.VerifyElementPresentKeyword.verifyElementPresent(VerifyElementPresentKeyword.groovy:92)
	at com.kms.katalon.core.webui.keyword.builtin.VerifyElementPresentKeyword.execute(VerifyElementPresentKeyword.groovy:68)
	at com.kms.katalon.core.keyword.internal.KeywordExecutor.executeKeywordForPlatform(KeywordExecutor.groovy:60)
	at com.kms.katalon.core.webui.keyword.WebUiBuiltInKeywords.verifyElementPresent(WebUiBuiltInKeywords.groovy:1434)
	at com.kms.katalon.core.webui.keyword.WebUiBuiltInKeywords$verifyElementPresent$3.call(Unknown Source)
	at Manage Slider - Edit.run(Manage Slider - Edit:53)
	at com.kms.katalon.core.main.ScriptEngine.run(ScriptEngine.java:194)
	at com.kms.katalon.core.main.ScriptEngine.runScriptAsRawText(ScriptEngine.java:119)
	at com.kms.katalon.core.main.TestCaseExecutor.runScript(TestCaseExecutor.java:337)
	at com.kms.katalon.core.main.TestCaseExecutor.doExecute(TestCaseExecutor.java:328)
	at com.kms.katalon.core.main.TestCaseExecutor.processExecutionPhase(TestCaseExecutor.java:307)
	at com.kms.katalon.core.main.TestCaseExecutor.accessMainPhase(TestCaseExecutor.java:299)
	at com.kms.katalon.core.main.TestCaseExecutor.execute(TestCaseExecutor.java:233)
	at com.kms.katalon.core.main.TestSuiteExecutor.accessTestCaseMainPhase(TestSuiteExecutor.java:169)
	at com.kms.katalon.core.main.TestSuiteExecutor.accessTestSuiteMainPhase(TestSuiteExecutor.java:142)
	at com.kms.katalon.core.main.TestSuiteExecutor.execute(TestSuiteExecutor.java:91)
	at com.kms.katalon.core.main.TestCaseMain.startTestSuite(TestCaseMain.java:157)
	at com.kms.katalon.core.main.TestCaseMain$startTestSuite$0.call(Unknown Source)
	at TempTestSuite1591248863359.run(TempTestSuite1591248863359.groovy:36)
Caused by: com.kms.katalon.core.exception.StepFailedException: com.kms.katalon.core.webui.exception.WebElementNotFoundException: Web element with id: 'Object Repository/Christi/Page_Manage Sliders/label_Edit Slider' located by 'By.xpath: //label[@name = 'label24' and (text() = 'Edit Slider' or . = 'Edit Slider')]' not found
	at com.kms.katalon.core.webui.keyword.internal.WebUIKeywordMain.stepFailed(WebUIKeywordMain.groovy:64)
	at com.kms.katalon.core.webui.keyword.builtin.VerifyElementPresentKeyword$_verifyElementPresent_closure1.doCall(VerifyElementPresentKeyword.groovy:85)
	at com.kms.katalon.core.webui.keyword.builtin.VerifyElementPresentKeyword$_verifyElementPresent_closure1.call(VerifyElementPresentKeyword.groovy)
	at com.kms.katalon.core.webui.keyword.internal.WebUIKeywordMain.runKeyword(WebUIKeywordMain.groovy:20)
	... 19 more]]></system-err>
      </testcase>
      <testcase name="Test Cases/Christi/Admin/Manage Slider - Edit" time="95.984" classname="Test Cases/Christi/Admin/Manage Slider - Edit" status="FAILED">
         <failure type="FAILED" message="Test Cases/Christi/Admin/Manage Slider - Edit FAILED.
Reason:
com.kms.katalon.core.exception.StepFailedException: Unable to verify object 'Object Repository/Christi/Page_Manage Sliders/label_Edit Slider' is present
	at com.kms.katalon.core.webui.keyword.internal.WebUIKeywordMain.stepFailed(WebUIKeywordMain.groovy:64)
	at com.kms.katalon.core.webui.keyword.internal.WebUIKeywordMain.runKeyword(WebUIKeywordMain.groovy:26)
	at com.kms.katalon.core.webui.keyword.builtin.VerifyElementPresentKeyword.verifyElementPresent(VerifyElementPresentKeyword.groovy:92)
	at com.kms.katalon.core.webui.keyword.builtin.VerifyElementPresentKeyword.execute(VerifyElementPresentKeyword.groovy:68)
	at com.kms.katalon.core.keyword.internal.KeywordExecutor.executeKeywordForPlatform(KeywordExecutor.groovy:60)
	at com.kms.katalon.core.webui.keyword.WebUiBuiltInKeywords.verifyElementPresent(WebUiBuiltInKeywords.groovy:1434)
	at com.kms.katalon.core.webui.keyword.WebUiBuiltInKeywords$verifyElementPresent$3.call(Unknown Source)
	at Manage Slider - Edit.run(Manage Slider - Edit:53)
	at com.kms.katalon.core.main.ScriptEngine.run(ScriptEngine.java:194)
	at com.kms.katalon.core.main.ScriptEngine.runScriptAsRawText(ScriptEngine.java:119)
	at com.kms.katalon.core.main.TestCaseExecutor.runScript(TestCaseExecutor.java:337)
	at com.kms.katalon.core.main.TestCaseExecutor.doExecute(TestCaseExecutor.java:328)
	at com.kms.katalon.core.main.TestCaseExecutor.processExecutionPhase(TestCaseExecutor.java:307)
	at com.kms.katalon.core.main.TestCaseExecutor.accessMainPhase(TestCaseExecutor.java:299)
	at com.kms.katalon.core.main.TestCaseExecutor.execute(TestCaseExecutor.java:233)
	at com.kms.katalon.core.main.TestSuiteExecutor.accessTestCaseMainPhase(TestSuiteExecutor.java:169)
	at com.kms.katalon.core.main.TestSuiteExecutor.accessTestSuiteMainPhase(TestSuiteExecutor.java:142)
	at com.kms.katalon.core.main.TestSuiteExecutor.execute(TestSuiteExecutor.java:91)
	at com.kms.katalon.core.main.TestCaseMain.startTestSuite(TestCaseMain.java:157)
	at com.kms.katalon.core.main.TestCaseMain$startTestSuite$0.call(Unknown Source)
	at TempTestSuite1591248863359.run(TempTestSuite1591248863359.groovy:36)
Caused by: com.kms.katalon.core.exception.StepFailedException: com.kms.katalon.core.webui.exception.WebElementNotFoundException: Web element with id: 'Object Repository/Christi/Page_Manage Sliders/label_Edit Slider' located by 'By.xpath: //label[@name = 'label24' and (text() = 'Edit Slider' or . = 'Edit Slider')]' not found
	at com.kms.katalon.core.webui.keyword.internal.WebUIKeywordMain.stepFailed(WebUIKeywordMain.groovy:64)
	at com.kms.katalon.core.webui.keyword.builtin.VerifyElementPresentKeyword$_verifyElementPresent_closure1.doCall(VerifyElementPresentKeyword.groovy:85)
	at com.kms.katalon.core.webui.keyword.builtin.VerifyElementPresentKeyword$_verifyElementPresent_closure1.call(VerifyElementPresentKeyword.groovy)
	at com.kms.katalon.core.webui.keyword.internal.WebUIKeywordMain.runKeyword(WebUIKeywordMain.groovy:20)
	... 19 more
"/>
         <system-out><![CDATA[2020-06-04 12:49:39 - [TEST_CASE][FAILED] - Test Cases/Christi/Admin/Manage Slider - Edit: Test Cases/Christi/Admin/Manage Slider - Edit FAILED.
Reason:
com.kms.katalon.core.exception.StepFailedException: Unable to verify object 'Object Repository/Christi/Page_Manage Sliders/label_Edit Slider' is present
	at com.kms.katalon.core.webui.keyword.internal.WebUIKeywordMain.stepFailed(WebUIKeywordMain.groovy:64)
	at com.kms.katalon.core.webui.keyword.internal.WebUIKeywordMain.runKeyword(WebUIKeywordMain.groovy:26)
	at com.kms.katalon.core.webui.keyword.builtin.VerifyElementPresentKeyword.verifyElementPresent(VerifyElementPresentKeyword.groovy:92)
	at com.kms.katalon.core.webui.keyword.builtin.VerifyElementPresentKeyword.execute(VerifyElementPresentKeyword.groovy:68)
	at com.kms.katalon.core.keyword.internal.KeywordExecutor.executeKeywordForPlatform(KeywordExecutor.groovy:60)
	at com.kms.katalon.core.webui.keyword.WebUiBuiltInKeywords.verifyElementPresent(WebUiBuiltInKeywords.groovy:1434)
	at com.kms.katalon.core.webui.keyword.WebUiBuiltInKeywords$verifyElementPresent$3.call(Unknown Source)
	at Manage Slider - Edit.run(Manage Slider - Edit:53)
	at com.kms.katalon.core.main.ScriptEngine.run(ScriptEngine.java:194)
	at com.kms.katalon.core.main.ScriptEngine.runScriptAsRawText(ScriptEngine.java:119)
	at com.kms.katalon.core.main.TestCaseExecutor.runScript(TestCaseExecutor.java:337)
	at com.kms.katalon.core.main.TestCaseExecutor.doExecute(TestCaseExecutor.java:328)
	at com.kms.katalon.core.main.TestCaseExecutor.processExecutionPhase(TestCaseExecutor.java:307)
	at com.kms.katalon.core.main.TestCaseExecutor.accessMainPhase(TestCaseExecutor.java:299)
	at com.kms.katalon.core.main.TestCaseExecutor.execute(TestCaseExecutor.java:233)
	at com.kms.katalon.core.main.TestSuiteExecutor.accessTestCaseMainPhase(TestSuiteExecutor.java:169)
	at com.kms.katalon.core.main.TestSuiteExecutor.accessTestSuiteMainPhase(TestSuiteExecutor.java:142)
	at com.kms.katalon.core.main.TestSuiteExecutor.execute(TestSuiteExecutor.java:91)
	at com.kms.katalon.core.main.TestCaseMain.startTestSuite(TestCaseMain.java:157)
	at com.kms.katalon.core.main.TestCaseMain$startTestSuite$0.call(Unknown Source)
	at TempTestSuite1591248863359.run(TempTestSuite1591248863359.groovy:36)
Caused by: com.kms.katalon.core.exception.StepFailedException: com.kms.katalon.core.webui.exception.WebElementNotFoundException: Web element with id: 'Object Repository/Christi/Page_Manage Sliders/label_Edit Slider' located by 'By.xpath: //label[@name = 'label24' and (text() = 'Edit Slider' or . = 'Edit Slider')]' not found
	at com.kms.katalon.core.webui.keyword.internal.WebUIKeywordMain.stepFailed(WebUIKeywordMain.groovy:64)
	at com.kms.katalon.core.webui.keyword.builtin.VerifyElementPresentKeyword$_verifyElementPresent_closure1.doCall(VerifyElementPresentKeyword.groovy:85)
	at com.kms.katalon.core.webui.keyword.builtin.VerifyElementPresentKeyword$_verifyElementPresent_closure1.call(VerifyElementPresentKeyword.groovy)
	at com.kms.katalon.core.webui.keyword.internal.WebUIKeywordMain.runKeyword(WebUIKeywordMain.groovy:20)
	... 19 more


2020-06-04 12:49:39 - [TEST_STEP][PASSED] - callTestCase(findTestCase("Christi/Admin/admin login"), ["username":"11666", "password":"Password3"], STOP_ON_FAILURE): Call Test Case 'Test Cases/Christi/Admin/admin login' successfully

2020-06-04 12:49:39 - [TEST_CASE][PASSED] - Test Cases/Christi/Admin/admin login: Test Cases/Christi/Admin/admin login

2020-06-04 12:49:39 - [TEST_STEP][PASSED] - openBrowser(""): Browser is opened with url: ''

2020-06-04 12:49:39 - [MESSAGE][WARNING] - A browser is already opened. Closing browser and opening a new one

2020-06-04 12:49:40 - [MESSAGE][INFO] - Starting 'Chrome' driver

2020-06-04 12:49:42 - [MESSAGE][PASSED] - Browser is opened with url: ''

2020-06-04 12:49:42 - [TEST_STEP][PASSED] - navigateToUrl("https://appsrv1.deltadatamandiri.com/ACC_LMS_WEB/#/admNLmn"): Navigate to 'https://appsrv1.deltadatamandiri.com/ACC_LMS_WEB/#/admNLmn' successfully

2020-06-04 12:49:51 - [MESSAGE][PASSED] - Navigate to 'https://appsrv1.deltadatamandiri.com/ACC_LMS_WEB/#/admNLmn' successfully

2020-06-04 12:49:51 - [TEST_STEP][PASSED] - click(findTestObject("Christi/Page_Main/button_login")): Object: 'Object Repository/Christi/Page_Main/button_login' is clicked on

2020-06-04 12:49:55 - [MESSAGE][ERROR] - javascript error: Failed to execute 'elementsFromPoint' on 'Document': The provided double value is non-finite.
  (Session info: chrome=83.0.4103.61)
Build info: version: '3.141.59', revision: 'e82be7d358', time: '2018-11-14T08:25:53'
System info: host: 'LAPTOP-D0TPACJ1', ip: '192.168.100.227', os.name: 'Windows 10', os.arch: 'amd64', os.version: '10.0', java.version: '1.8.0_181'
Driver info: com.kms.katalon.selenium.driver.CChromeDriver
Capabilities {acceptInsecureCerts: false, browserName: chrome, browserVersion: 83.0.4103.61, chrome: {chromedriverVersion: 83.0.4103.39 (ccbf011cb2d2b..., userDataDir: C:\Users\ASUS\AppData\Local...}, goog:chromeOptions: {debuggerAddress: localhost:55699}, javascriptEnabled: true, networkConnectionEnabled: false, pageLoadStrategy: normal, platform: WINDOWS, platformName: WINDOWS, proxy: Proxy(), setWindowRect: true, strictFileInteractability: false, timeouts: {implicit: 0, pageLoad: 300000, script: 30000}, unhandledPromptBehavior: dismiss and notify, webauthn:virtualAuthenticators: true}
Session ID: 402517532dcaae5a5549e04775a42b28

2020-06-04 12:49:56 - [MESSAGE][PASSED] - Object: 'Object Repository/Christi/Page_Main/button_login' is clicked on

2020-06-04 12:49:56 - [TEST_STEP][PASSED] - delay(3): Delayed 3 second(s)

2020-06-04 12:49:59 - [MESSAGE][PASSED] - Delayed 3 second(s)

2020-06-04 12:49:59 - [TEST_STEP][PASSED] - setText(findTestObject("Object Repository/Christi/Page_Main/input_NPK_username"), username): Text '11666' is set on object 'Object Repository/Christi/Page_Main/input_NPK_username'

2020-06-04 12:49:59 - [MESSAGE][PASSED] - Text '11666' is set on object 'Object Repository/Christi/Page_Main/input_NPK_username'

2020-06-04 12:49:59 - [TEST_STEP][PASSED] - setText(findTestObject("Object Repository/Christi/Page_Main/input_Password_password"), password): Text 'Password3' is set on object 'Object Repository/Christi/Page_Main/input_Password_password'

2020-06-04 12:50:00 - [MESSAGE][PASSED] - Text 'Password3' is set on object 'Object Repository/Christi/Page_Main/input_Password_password'

2020-06-04 12:50:00 - [TEST_STEP][PASSED] - delay(5): Delayed 5 second(s)

2020-06-04 12:50:05 - [MESSAGE][PASSED] - Delayed 5 second(s)

2020-06-04 12:50:05 - [TEST_STEP][PASSED] - click(findTestObject("Rizka/Admin/Admin - Login/btnLogin2")): Object: 'Object Repository/Rizka/Admin/Admin - Login/btnLogin2' is clicked on

2020-06-04 12:50:05 - [MESSAGE][PASSED] - Object: 'Object Repository/Rizka/Admin/Admin - Login/btnLogin2' is clicked on

2020-06-04 12:50:05 - [TEST_STEP][PASSED] - delay(5): Delayed 5 second(s)

2020-06-04 12:50:10 - [MESSAGE][PASSED] - Delayed 5 second(s)

2020-06-04 12:50:10 - [MESSAGE][PASSED] - Call Test Case 'Test Cases/Christi/Admin/admin login' successfully

2020-06-04 12:50:10 - [TEST_STEP][PASSED] - delay(3): Delayed 3 second(s)

2020-06-04 12:50:13 - [MESSAGE][PASSED] - Delayed 3 second(s)

2020-06-04 12:50:13 - [TEST_STEP][PASSED] - click(findTestObject("Object Repository/Christi/Page_Dashboard Admin/span_Manage Slider")): Object: 'Object Repository/Christi/Page_Dashboard Admin/span_Manage Slider' is clicked on

2020-06-04 12:50:14 - [MESSAGE][PASSED] - Object: 'Object Repository/Christi/Page_Dashboard Admin/span_Manage Slider' is clicked on

2020-06-04 12:50:14 - [TEST_STEP][PASSED] - delay(3): Delayed 3 second(s)

2020-06-04 12:50:17 - [MESSAGE][PASSED] - Delayed 3 second(s)

2020-06-04 12:50:17 - [TEST_STEP][FAILED] - if (find_slider == "found"): Unable to verify object 'Object Repository/Christi/Page_Manage Sliders/label_Edit Slider' is present (Root cause: com.kms.katalon.core.exception.StepFailedException: Unable to verify object 'Object Repository/Christi/Page_Manage Sliders/label_Edit Slider' is present
	at com.kms.katalon.core.webui.keyword.internal.WebUIKeywordMain.stepFailed(WebUIKeywordMain.groovy:64)
	at com.kms.katalon.core.webui.keyword.internal.WebUIKeywordMain.runKeyword(WebUIKeywordMain.groovy:26)
	at com.kms.katalon.core.webui.keyword.builtin.VerifyElementPresentKeyword.verifyElementPresent(VerifyElementPresentKeyword.groovy:92)
	at com.kms.katalon.core.webui.keyword.builtin.VerifyElementPresentKeyword.execute(VerifyElementPresentKeyword.groovy:68)
	at com.kms.katalon.core.keyword.internal.KeywordExecutor.executeKeywordForPlatform(KeywordExecutor.groovy:60)
	at com.kms.katalon.core.webui.keyword.WebUiBuiltInKeywords.verifyElementPresent(WebUiBuiltInKeywords.groovy:1434)
	at com.kms.katalon.core.webui.keyword.WebUiBuiltInKeywords$verifyElementPresent$3.call(Unknown Source)
	at Manage Slider - Edit.run(Manage Slider - Edit:53)
	at com.kms.katalon.core.main.ScriptEngine.run(ScriptEngine.java:194)
	at com.kms.katalon.core.main.ScriptEngine.runScriptAsRawText(ScriptEngine.java:119)
	at com.kms.katalon.core.main.TestCaseExecutor.runScript(TestCaseExecutor.java:337)
	at com.kms.katalon.core.main.TestCaseExecutor.doExecute(TestCaseExecutor.java:328)
	at com.kms.katalon.core.main.TestCaseExecutor.processExecutionPhase(TestCaseExecutor.java:307)
	at com.kms.katalon.core.main.TestCaseExecutor.accessMainPhase(TestCaseExecutor.java:299)
	at com.kms.katalon.core.main.TestCaseExecutor.execute(TestCaseExecutor.java:233)
	at com.kms.katalon.core.main.TestSuiteExecutor.accessTestCaseMainPhase(TestSuiteExecutor.java:169)
	at com.kms.katalon.core.main.TestSuiteExecutor.accessTestSuiteMainPhase(TestSuiteExecutor.java:142)
	at com.kms.katalon.core.main.TestSuiteExecutor.execute(TestSuiteExecutor.java:91)
	at com.kms.katalon.core.main.TestCaseMain.startTestSuite(TestCaseMain.java:157)
	at com.kms.katalon.core.main.TestCaseMain$startTestSuite$0.call(Unknown Source)
	at TempTestSuite1591248863359.run(TempTestSuite1591248863359.groovy:36)
Caused by: com.kms.katalon.core.exception.StepFailedException: com.kms.katalon.core.webui.exception.WebElementNotFoundException: Web element with id: 'Object Repository/Christi/Page_Manage Sliders/label_Edit Slider' located by 'By.xpath: //label[@name = 'label24' and (text() = 'Edit Slider' or . = 'Edit Slider')]' not found
	at com.kms.katalon.core.webui.keyword.internal.WebUIKeywordMain.stepFailed(WebUIKeywordMain.groovy:64)
	at com.kms.katalon.core.webui.keyword.builtin.VerifyElementPresentKeyword$_verifyElementPresent_closure1.doCall(VerifyElementPresentKeyword.groovy:85)
	at com.kms.katalon.core.webui.keyword.builtin.VerifyElementPresentKeyword$_verifyElementPresent_closure1.call(VerifyElementPresentKeyword.groovy)
	at com.kms.katalon.core.webui.keyword.internal.WebUIKeywordMain.runKeyword(WebUIKeywordMain.groovy:20)
	... 19 more
)

2020-06-04 12:50:17 - [TEST_STEP][PASSED] - verifyElementPresent(findTestObject("Christi/Page_Manage Sliders/label_Slider", ["text":nama_slider]), 3): Object 'Object Repository/Christi/Page_Manage Sliders/label_Slider' is present

2020-06-04 12:50:19 - [MESSAGE][PASSED] - Object 'Object Repository/Christi/Page_Manage Sliders/label_Slider' is present

2020-06-04 12:50:19 - [TEST_STEP][PASSED] - delay(3): Delayed 3 second(s)

2020-06-04 12:50:22 - [MESSAGE][PASSED] - Delayed 3 second(s)

2020-06-04 12:50:22 - [TEST_STEP][PASSED] - click(findTestObject("Object Repository/Christi/Page_Manage Sliders/span_Edit NEOP SERVICE")): Object: 'Object Repository/Christi/Page_Manage Sliders/span_Edit NEOP SERVICE' is clicked on

2020-06-04 12:50:23 - [MESSAGE][PASSED] - Object: 'Object Repository/Christi/Page_Manage Sliders/span_Edit NEOP SERVICE' is clicked on

2020-06-04 12:50:23 - [TEST_STEP][PASSED] - delay(3): Delayed 3 second(s)

2020-06-04 12:50:26 - [MESSAGE][PASSED] - Delayed 3 second(s)

2020-06-04 12:50:26 - [TEST_STEP][FAILED] - switch (edit.toString()): Unable to verify object 'Object Repository/Christi/Page_Manage Sliders/label_Edit Slider' is present (Root cause: com.kms.katalon.core.exception.StepFailedException: Unable to verify object 'Object Repository/Christi/Page_Manage Sliders/label_Edit Slider' is present
	at com.kms.katalon.core.webui.keyword.internal.WebUIKeywordMain.stepFailed(WebUIKeywordMain.groovy:64)
	at com.kms.katalon.core.webui.keyword.internal.WebUIKeywordMain.runKeyword(WebUIKeywordMain.groovy:26)
	at com.kms.katalon.core.webui.keyword.builtin.VerifyElementPresentKeyword.verifyElementPresent(VerifyElementPresentKeyword.groovy:92)
	at com.kms.katalon.core.webui.keyword.builtin.VerifyElementPresentKeyword.execute(VerifyElementPresentKeyword.groovy:68)
	at com.kms.katalon.core.keyword.internal.KeywordExecutor.executeKeywordForPlatform(KeywordExecutor.groovy:60)
	at com.kms.katalon.core.webui.keyword.WebUiBuiltInKeywords.verifyElementPresent(WebUiBuiltInKeywords.groovy:1434)
	at com.kms.katalon.core.webui.keyword.WebUiBuiltInKeywords$verifyElementPresent$3.call(Unknown Source)
	at Manage Slider - Edit.run(Manage Slider - Edit:53)
	at com.kms.katalon.core.main.ScriptEngine.run(ScriptEngine.java:194)
	at com.kms.katalon.core.main.ScriptEngine.runScriptAsRawText(ScriptEngine.java:119)
	at com.kms.katalon.core.main.TestCaseExecutor.runScript(TestCaseExecutor.java:337)
	at com.kms.katalon.core.main.TestCaseExecutor.doExecute(TestCaseExecutor.java:328)
	at com.kms.katalon.core.main.TestCaseExecutor.processExecutionPhase(TestCaseExecutor.java:307)
	at com.kms.katalon.core.main.TestCaseExecutor.accessMainPhase(TestCaseExecutor.java:299)
	at com.kms.katalon.core.main.TestCaseExecutor.execute(TestCaseExecutor.java:233)
	at com.kms.katalon.core.main.TestSuiteExecutor.accessTestCaseMainPhase(TestSuiteExecutor.java:169)
	at com.kms.katalon.core.main.TestSuiteExecutor.accessTestSuiteMainPhase(TestSuiteExecutor.java:142)
	at com.kms.katalon.core.main.TestSuiteExecutor.execute(TestSuiteExecutor.java:91)
	at com.kms.katalon.core.main.TestCaseMain.startTestSuite(TestCaseMain.java:157)
	at com.kms.katalon.core.main.TestCaseMain$startTestSuite$0.call(Unknown Source)
	at TempTestSuite1591248863359.run(TempTestSuite1591248863359.groovy:36)
Caused by: com.kms.katalon.core.exception.StepFailedException: com.kms.katalon.core.webui.exception.WebElementNotFoundException: Web element with id: 'Object Repository/Christi/Page_Manage Sliders/label_Edit Slider' located by 'By.xpath: //label[@name = 'label24' and (text() = 'Edit Slider' or . = 'Edit Slider')]' not found
	at com.kms.katalon.core.webui.keyword.internal.WebUIKeywordMain.stepFailed(WebUIKeywordMain.groovy:64)
	at com.kms.katalon.core.webui.keyword.builtin.VerifyElementPresentKeyword$_verifyElementPresent_closure1.doCall(VerifyElementPresentKeyword.groovy:85)
	at com.kms.katalon.core.webui.keyword.builtin.VerifyElementPresentKeyword$_verifyElementPresent_closure1.call(VerifyElementPresentKeyword.groovy)
	at com.kms.katalon.core.webui.keyword.internal.WebUIKeywordMain.runKeyword(WebUIKeywordMain.groovy:20)
	... 19 more
)

2020-06-04 12:50:26 - [TEST_STEP][FAILED] - case "nama slider":: Unable to verify object 'Object Repository/Christi/Page_Manage Sliders/label_Edit Slider' is present (Root cause: com.kms.katalon.core.exception.StepFailedException: Unable to verify object 'Object Repository/Christi/Page_Manage Sliders/label_Edit Slider' is present
	at com.kms.katalon.core.webui.keyword.internal.WebUIKeywordMain.stepFailed(WebUIKeywordMain.groovy:64)
	at com.kms.katalon.core.webui.keyword.internal.WebUIKeywordMain.runKeyword(WebUIKeywordMain.groovy:26)
	at com.kms.katalon.core.webui.keyword.builtin.VerifyElementPresentKeyword.verifyElementPresent(VerifyElementPresentKeyword.groovy:92)
	at com.kms.katalon.core.webui.keyword.builtin.VerifyElementPresentKeyword.execute(VerifyElementPresentKeyword.groovy:68)
	at com.kms.katalon.core.keyword.internal.KeywordExecutor.executeKeywordForPlatform(KeywordExecutor.groovy:60)
	at com.kms.katalon.core.webui.keyword.WebUiBuiltInKeywords.verifyElementPresent(WebUiBuiltInKeywords.groovy:1434)
	at com.kms.katalon.core.webui.keyword.WebUiBuiltInKeywords$verifyElementPresent$3.call(Unknown Source)
	at Manage Slider - Edit.run(Manage Slider - Edit:53)
	at com.kms.katalon.core.main.ScriptEngine.run(ScriptEngine.java:194)
	at com.kms.katalon.core.main.ScriptEngine.runScriptAsRawText(ScriptEngine.java:119)
	at com.kms.katalon.core.main.TestCaseExecutor.runScript(TestCaseExecutor.java:337)
	at com.kms.katalon.core.main.TestCaseExecutor.doExecute(TestCaseExecutor.java:328)
	at com.kms.katalon.core.main.TestCaseExecutor.processExecutionPhase(TestCaseExecutor.java:307)
	at com.kms.katalon.core.main.TestCaseExecutor.accessMainPhase(TestCaseExecutor.java:299)
	at com.kms.katalon.core.main.TestCaseExecutor.execute(TestCaseExecutor.java:233)
	at com.kms.katalon.core.main.TestSuiteExecutor.accessTestCaseMainPhase(TestSuiteExecutor.java:169)
	at com.kms.katalon.core.main.TestSuiteExecutor.accessTestSuiteMainPhase(TestSuiteExecutor.java:142)
	at com.kms.katalon.core.main.TestSuiteExecutor.execute(TestSuiteExecutor.java:91)
	at com.kms.katalon.core.main.TestCaseMain.startTestSuite(TestCaseMain.java:157)
	at com.kms.katalon.core.main.TestCaseMain$startTestSuite$0.call(Unknown Source)
	at TempTestSuite1591248863359.run(TempTestSuite1591248863359.groovy:36)
Caused by: com.kms.katalon.core.exception.StepFailedException: com.kms.katalon.core.webui.exception.WebElementNotFoundException: Web element with id: 'Object Repository/Christi/Page_Manage Sliders/label_Edit Slider' located by 'By.xpath: //label[@name = 'label24' and (text() = 'Edit Slider' or . = 'Edit Slider')]' not found
	at com.kms.katalon.core.webui.keyword.internal.WebUIKeywordMain.stepFailed(WebUIKeywordMain.groovy:64)
	at com.kms.katalon.core.webui.keyword.builtin.VerifyElementPresentKeyword$_verifyElementPresent_closure1.doCall(VerifyElementPresentKeyword.groovy:85)
	at com.kms.katalon.core.webui.keyword.builtin.VerifyElementPresentKeyword$_verifyElementPresent_closure1.call(VerifyElementPresentKeyword.groovy)
	at com.kms.katalon.core.webui.keyword.internal.WebUIKeywordMain.runKeyword(WebUIKeywordMain.groovy:20)
	... 19 more
)

2020-06-04 12:50:26 - [TEST_STEP][PASSED] - setText(findTestObject("Object Repository/Christi/Page_Manage Sliders/input_Slider name (edit)"), nama_slider_baru): Text '123456789000123456789123456789' is set on object 'Object Repository/Christi/Page_Manage Sliders/input_Slider name (edit)'

2020-06-04 12:50:26 - [MESSAGE][PASSED] - Text '123456789000123456789123456789' is set on object 'Object Repository/Christi/Page_Manage Sliders/input_Slider name (edit)'

2020-06-04 12:50:26 - [TEST_STEP][PASSED] - click(findTestObject("Object Repository/Christi/Page_Manage Sliders_Edit/button_Update Slider")): Object: 'Object Repository/Christi/Page_Manage Sliders_Edit/button_Update Slider' is clicked on

2020-06-04 12:50:27 - [MESSAGE][PASSED] - Object: 'Object Repository/Christi/Page_Manage Sliders_Edit/button_Update Slider' is clicked on

2020-06-04 12:50:27 - [TEST_STEP][PASSED] - if (expected == "pass"): null

2020-06-04 12:50:27 - [TEST_STEP][FAILED] - else if (expected == "fail"): Unable to verify object 'Object Repository/Christi/Page_Manage Sliders/label_Edit Slider' is present (Root cause: com.kms.katalon.core.exception.StepFailedException: Unable to verify object 'Object Repository/Christi/Page_Manage Sliders/label_Edit Slider' is present
	at com.kms.katalon.core.webui.keyword.internal.WebUIKeywordMain.stepFailed(WebUIKeywordMain.groovy:64)
	at com.kms.katalon.core.webui.keyword.internal.WebUIKeywordMain.runKeyword(WebUIKeywordMain.groovy:26)
	at com.kms.katalon.core.webui.keyword.builtin.VerifyElementPresentKeyword.verifyElementPresent(VerifyElementPresentKeyword.groovy:92)
	at com.kms.katalon.core.webui.keyword.builtin.VerifyElementPresentKeyword.execute(VerifyElementPresentKeyword.groovy:68)
	at com.kms.katalon.core.keyword.internal.KeywordExecutor.executeKeywordForPlatform(KeywordExecutor.groovy:60)
	at com.kms.katalon.core.webui.keyword.WebUiBuiltInKeywords.verifyElementPresent(WebUiBuiltInKeywords.groovy:1434)
	at com.kms.katalon.core.webui.keyword.WebUiBuiltInKeywords$verifyElementPresent$3.call(Unknown Source)
	at Manage Slider - Edit.run(Manage Slider - Edit:53)
	at com.kms.katalon.core.main.ScriptEngine.run(ScriptEngine.java:194)
	at com.kms.katalon.core.main.ScriptEngine.runScriptAsRawText(ScriptEngine.java:119)
	at com.kms.katalon.core.main.TestCaseExecutor.runScript(TestCaseExecutor.java:337)
	at com.kms.katalon.core.main.TestCaseExecutor.doExecute(TestCaseExecutor.java:328)
	at com.kms.katalon.core.main.TestCaseExecutor.processExecutionPhase(TestCaseExecutor.java:307)
	at com.kms.katalon.core.main.TestCaseExecutor.accessMainPhase(TestCaseExecutor.java:299)
	at com.kms.katalon.core.main.TestCaseExecutor.execute(TestCaseExecutor.java:233)
	at com.kms.katalon.core.main.TestSuiteExecutor.accessTestCaseMainPhase(TestSuiteExecutor.java:169)
	at com.kms.katalon.core.main.TestSuiteExecutor.accessTestSuiteMainPhase(TestSuiteExecutor.java:142)
	at com.kms.katalon.core.main.TestSuiteExecutor.execute(TestSuiteExecutor.java:91)
	at com.kms.katalon.core.main.TestCaseMain.startTestSuite(TestCaseMain.java:157)
	at com.kms.katalon.core.main.TestCaseMain$startTestSuite$0.call(Unknown Source)
	at TempTestSuite1591248863359.run(TempTestSuite1591248863359.groovy:36)
Caused by: com.kms.katalon.core.exception.StepFailedException: com.kms.katalon.core.webui.exception.WebElementNotFoundException: Web element with id: 'Object Repository/Christi/Page_Manage Sliders/label_Edit Slider' located by 'By.xpath: //label[@name = 'label24' and (text() = 'Edit Slider' or . = 'Edit Slider')]' not found
	at com.kms.katalon.core.webui.keyword.internal.WebUIKeywordMain.stepFailed(WebUIKeywordMain.groovy:64)
	at com.kms.katalon.core.webui.keyword.builtin.VerifyElementPresentKeyword$_verifyElementPresent_closure1.doCall(VerifyElementPresentKeyword.groovy:85)
	at com.kms.katalon.core.webui.keyword.builtin.VerifyElementPresentKeyword$_verifyElementPresent_closure1.call(VerifyElementPresentKeyword.groovy)
	at com.kms.katalon.core.webui.keyword.internal.WebUIKeywordMain.runKeyword(WebUIKeywordMain.groovy:20)
	... 19 more
)

2020-06-04 12:50:27 - [TEST_STEP][PASSED] - delay(3): Delayed 3 second(s)

2020-06-04 12:50:30 - [MESSAGE][PASSED] - Delayed 3 second(s)

2020-06-04 12:50:30 - [TEST_STEP][FAILED] - verifyElementPresent(findTestObject("Christi/Page_Manage Sliders/label_Edit Slider"), 0): Unable to verify object 'Object Repository/Christi/Page_Manage Sliders/label_Edit Slider' is present (Root cause: com.kms.katalon.core.exception.StepFailedException: Unable to verify object 'Object Repository/Christi/Page_Manage Sliders/label_Edit Slider' is present
	at com.kms.katalon.core.webui.keyword.internal.WebUIKeywordMain.stepFailed(WebUIKeywordMain.groovy:64)
	at com.kms.katalon.core.webui.keyword.internal.WebUIKeywordMain.runKeyword(WebUIKeywordMain.groovy:26)
	at com.kms.katalon.core.webui.keyword.builtin.VerifyElementPresentKeyword.verifyElementPresent(VerifyElementPresentKeyword.groovy:92)
	at com.kms.katalon.core.webui.keyword.builtin.VerifyElementPresentKeyword.execute(VerifyElementPresentKeyword.groovy:68)
	at com.kms.katalon.core.keyword.internal.KeywordExecutor.executeKeywordForPlatform(KeywordExecutor.groovy:60)
	at com.kms.katalon.core.webui.keyword.WebUiBuiltInKeywords.verifyElementPresent(WebUiBuiltInKeywords.groovy:1434)
	at com.kms.katalon.core.webui.keyword.WebUiBuiltInKeywords$verifyElementPresent$3.call(Unknown Source)
	at Manage Slider - Edit.run(Manage Slider - Edit:53)
	at com.kms.katalon.core.main.ScriptEngine.run(ScriptEngine.java:194)
	at com.kms.katalon.core.main.ScriptEngine.runScriptAsRawText(ScriptEngine.java:119)
	at com.kms.katalon.core.main.TestCaseExecutor.runScript(TestCaseExecutor.java:337)
	at com.kms.katalon.core.main.TestCaseExecutor.doExecute(TestCaseExecutor.java:328)
	at com.kms.katalon.core.main.TestCaseExecutor.processExecutionPhase(TestCaseExecutor.java:307)
	at com.kms.katalon.core.main.TestCaseExecutor.accessMainPhase(TestCaseExecutor.java:299)
	at com.kms.katalon.core.main.TestCaseExecutor.execute(TestCaseExecutor.java:233)
	at com.kms.katalon.core.main.TestSuiteExecutor.accessTestCaseMainPhase(TestSuiteExecutor.java:169)
	at com.kms.katalon.core.main.TestSuiteExecutor.accessTestSuiteMainPhase(TestSuiteExecutor.java:142)
	at com.kms.katalon.core.main.TestSuiteExecutor.execute(TestSuiteExecutor.java:91)
	at com.kms.katalon.core.main.TestCaseMain.startTestSuite(TestCaseMain.java:157)
	at com.kms.katalon.core.main.TestCaseMain$startTestSuite$0.call(Unknown Source)
	at TempTestSuite1591248863359.run(TempTestSuite1591248863359.groovy:36)
Caused by: com.kms.katalon.core.exception.StepFailedException: com.kms.katalon.core.webui.exception.WebElementNotFoundException: Web element with id: 'Object Repository/Christi/Page_Manage Sliders/label_Edit Slider' located by 'By.xpath: //label[@name = 'label24' and (text() = 'Edit Slider' or . = 'Edit Slider')]' not found
	at com.kms.katalon.core.webui.keyword.internal.WebUIKeywordMain.stepFailed(WebUIKeywordMain.groovy:64)
	at com.kms.katalon.core.webui.keyword.builtin.VerifyElementPresentKeyword$_verifyElementPresent_closure1.doCall(VerifyElementPresentKeyword.groovy:85)
	at com.kms.katalon.core.webui.keyword.builtin.VerifyElementPresentKeyword$_verifyElementPresent_closure1.call(VerifyElementPresentKeyword.groovy)
	at com.kms.katalon.core.webui.keyword.internal.WebUIKeywordMain.runKeyword(WebUIKeywordMain.groovy:20)
	... 19 more
)

2020-06-04 12:50:30 - [MESSAGE][WARNING] - Timeout '0' is invalid. Using default page load timeout: '30'

2020-06-04 12:51:14 - [MESSAGE][INFO] - Unable to find the element located by 'By.xpath: //label[@name = 'label24' and (text() = 'Edit Slider' or . = 'Edit Slider')]'. Please recheck the objects properties to make sure the desired element is located. 

2020-06-04 12:51:14 - [MESSAGE][FAILED] - com.kms.katalon.core.webui.exception.WebElementNotFoundException: Web element with id: 'Object Repository/Christi/Page_Manage Sliders/label_Edit Slider' located by 'By.xpath: //label[@name = 'label24' and (text() = 'Edit Slider' or . = 'Edit Slider')]' not found (Root cause: com.kms.katalon.core.exception.StepFailedException: com.kms.katalon.core.webui.exception.WebElementNotFoundException: Web element with id: 'Object Repository/Christi/Page_Manage Sliders/label_Edit Slider' located by 'By.xpath: //label[@name = 'label24' and (text() = 'Edit Slider' or . = 'Edit Slider')]' not found
	at com.kms.katalon.core.webui.keyword.internal.WebUIKeywordMain.stepFailed(WebUIKeywordMain.groovy:64)
	at com.kms.katalon.core.webui.keyword.builtin.VerifyElementPresentKeyword$_verifyElementPresent_closure1.doCall(VerifyElementPresentKeyword.groovy:85)
	at com.kms.katalon.core.webui.keyword.builtin.VerifyElementPresentKeyword$_verifyElementPresent_closure1.call(VerifyElementPresentKeyword.groovy)
	at com.kms.katalon.core.webui.keyword.internal.WebUIKeywordMain.runKeyword(WebUIKeywordMain.groovy:20)
	at com.kms.katalon.core.webui.keyword.builtin.VerifyElementPresentKeyword.verifyElementPresent(VerifyElementPresentKeyword.groovy:92)
	at com.kms.katalon.core.webui.keyword.builtin.VerifyElementPresentKeyword.execute(VerifyElementPresentKeyword.groovy:68)
	at com.kms.katalon.core.keyword.internal.KeywordExecutor.executeKeywordForPlatform(KeywordExecutor.groovy:60)
	at com.kms.katalon.core.webui.keyword.WebUiBuiltInKeywords.verifyElementPresent(WebUiBuiltInKeywords.groovy:1434)
	at com.kms.katalon.core.webui.keyword.WebUiBuiltInKeywords$verifyElementPresent$3.call(Unknown Source)
	at Manage Slider - Edit.run(Manage Slider - Edit:53)
	at com.kms.katalon.core.main.ScriptEngine.run(ScriptEngine.java:194)
	at com.kms.katalon.core.main.ScriptEngine.runScriptAsRawText(ScriptEngine.java:119)
	at com.kms.katalon.core.main.TestCaseExecutor.runScript(TestCaseExecutor.java:337)
	at com.kms.katalon.core.main.TestCaseExecutor.doExecute(TestCaseExecutor.java:328)
	at com.kms.katalon.core.main.TestCaseExecutor.processExecutionPhase(TestCaseExecutor.java:307)
	at com.kms.katalon.core.main.TestCaseExecutor.accessMainPhase(TestCaseExecutor.java:299)
	at com.kms.katalon.core.main.TestCaseExecutor.execute(TestCaseExecutor.java:233)
	at com.kms.katalon.core.main.TestSuiteExecutor.accessTestCaseMainPhase(TestSuiteExecutor.java:169)
	at com.kms.katalon.core.main.TestSuiteExecutor.accessTestSuiteMainPhase(TestSuiteExecutor.java:142)
	at com.kms.katalon.core.main.TestSuiteExecutor.execute(TestSuiteExecutor.java:91)
	at com.kms.katalon.core.main.TestCaseMain.startTestSuite(TestCaseMain.java:157)
	at com.kms.katalon.core.main.TestCaseMain$startTestSuite$0.call(Unknown Source)
	at TempTestSuite1591248863359.run(TempTestSuite1591248863359.groovy:36)
)
[[ATTACHMENT|C:\\Users\\ASUS\\git\\LearningManagementWeb\\Reports\\20200604_123423\\Christi\\Manage Slider\\20200604_123423\\1591249874433.png]]

2020-06-04 12:51:15 - [MESSAGE][FAILED] - Unable to verify object 'Object Repository/Christi/Page_Manage Sliders/label_Edit Slider' is present (Root cause: com.kms.katalon.core.exception.StepFailedException: Unable to verify object 'Object Repository/Christi/Page_Manage Sliders/label_Edit Slider' is present
	at com.kms.katalon.core.webui.keyword.internal.WebUIKeywordMain.stepFailed(WebUIKeywordMain.groovy:64)
	at com.kms.katalon.core.webui.keyword.internal.WebUIKeywordMain.runKeyword(WebUIKeywordMain.groovy:26)
	at com.kms.katalon.core.webui.keyword.builtin.VerifyElementPresentKeyword.verifyElementPresent(VerifyElementPresentKeyword.groovy:92)
	at com.kms.katalon.core.webui.keyword.builtin.VerifyElementPresentKeyword.execute(VerifyElementPresentKeyword.groovy:68)
	at com.kms.katalon.core.keyword.internal.KeywordExecutor.executeKeywordForPlatform(KeywordExecutor.groovy:60)
	at com.kms.katalon.core.webui.keyword.WebUiBuiltInKeywords.verifyElementPresent(WebUiBuiltInKeywords.groovy:1434)
	at com.kms.katalon.core.webui.keyword.WebUiBuiltInKeywords$verifyElementPresent$3.call(Unknown Source)
	at Manage Slider - Edit.run(Manage Slider - Edit:53)
	at com.kms.katalon.core.main.ScriptEngine.run(ScriptEngine.java:194)
	at com.kms.katalon.core.main.ScriptEngine.runScriptAsRawText(ScriptEngine.java:119)
	at com.kms.katalon.core.main.TestCaseExecutor.runScript(TestCaseExecutor.java:337)
	at com.kms.katalon.core.main.TestCaseExecutor.doExecute(TestCaseExecutor.java:328)
	at com.kms.katalon.core.main.TestCaseExecutor.processExecutionPhase(TestCaseExecutor.java:307)
	at com.kms.katalon.core.main.TestCaseExecutor.accessMainPhase(TestCaseExecutor.java:299)
	at com.kms.katalon.core.main.TestCaseExecutor.execute(TestCaseExecutor.java:233)
	at com.kms.katalon.core.main.TestSuiteExecutor.accessTestCaseMainPhase(TestSuiteExecutor.java:169)
	at com.kms.katalon.core.main.TestSuiteExecutor.accessTestSuiteMainPhase(TestSuiteExecutor.java:142)
	at com.kms.katalon.core.main.TestSuiteExecutor.execute(TestSuiteExecutor.java:91)
	at com.kms.katalon.core.main.TestCaseMain.startTestSuite(TestCaseMain.java:157)
	at com.kms.katalon.core.main.TestCaseMain$startTestSuite$0.call(Unknown Source)
	at TempTestSuite1591248863359.run(TempTestSuite1591248863359.groovy:36)
Caused by: com.kms.katalon.core.exception.StepFailedException: com.kms.katalon.core.webui.exception.WebElementNotFoundException: Web element with id: 'Object Repository/Christi/Page_Manage Sliders/label_Edit Slider' located by 'By.xpath: //label[@name = 'label24' and (text() = 'Edit Slider' or . = 'Edit Slider')]' not found
	at com.kms.katalon.core.webui.keyword.internal.WebUIKeywordMain.stepFailed(WebUIKeywordMain.groovy:64)
	at com.kms.katalon.core.webui.keyword.builtin.VerifyElementPresentKeyword$_verifyElementPresent_closure1.doCall(VerifyElementPresentKeyword.groovy:85)
	at com.kms.katalon.core.webui.keyword.builtin.VerifyElementPresentKeyword$_verifyElementPresent_closure1.call(VerifyElementPresentKeyword.groovy)
	at com.kms.katalon.core.webui.keyword.internal.WebUIKeywordMain.runKeyword(WebUIKeywordMain.groovy:20)
	... 19 more
)
[[ATTACHMENT|C:\\Users\\ASUS\\git\\LearningManagementWeb\\Reports\\20200604_123423\\Christi\\Manage Slider\\20200604_123423\\1591249874833.png]]]]></system-out>
         <system-err><![CDATA[2020-06-04 12:49:39 - [TEST_CASE][FAILED] - Test Cases/Christi/Admin/Manage Slider - Edit: Test Cases/Christi/Admin/Manage Slider - Edit FAILED.
Reason:
com.kms.katalon.core.exception.StepFailedException: Unable to verify object 'Object Repository/Christi/Page_Manage Sliders/label_Edit Slider' is present
	at com.kms.katalon.core.webui.keyword.internal.WebUIKeywordMain.stepFailed(WebUIKeywordMain.groovy:64)
	at com.kms.katalon.core.webui.keyword.internal.WebUIKeywordMain.runKeyword(WebUIKeywordMain.groovy:26)
	at com.kms.katalon.core.webui.keyword.builtin.VerifyElementPresentKeyword.verifyElementPresent(VerifyElementPresentKeyword.groovy:92)
	at com.kms.katalon.core.webui.keyword.builtin.VerifyElementPresentKeyword.execute(VerifyElementPresentKeyword.groovy:68)
	at com.kms.katalon.core.keyword.internal.KeywordExecutor.executeKeywordForPlatform(KeywordExecutor.groovy:60)
	at com.kms.katalon.core.webui.keyword.WebUiBuiltInKeywords.verifyElementPresent(WebUiBuiltInKeywords.groovy:1434)
	at com.kms.katalon.core.webui.keyword.WebUiBuiltInKeywords$verifyElementPresent$3.call(Unknown Source)
	at Manage Slider - Edit.run(Manage Slider - Edit:53)
	at com.kms.katalon.core.main.ScriptEngine.run(ScriptEngine.java:194)
	at com.kms.katalon.core.main.ScriptEngine.runScriptAsRawText(ScriptEngine.java:119)
	at com.kms.katalon.core.main.TestCaseExecutor.runScript(TestCaseExecutor.java:337)
	at com.kms.katalon.core.main.TestCaseExecutor.doExecute(TestCaseExecutor.java:328)
	at com.kms.katalon.core.main.TestCaseExecutor.processExecutionPhase(TestCaseExecutor.java:307)
	at com.kms.katalon.core.main.TestCaseExecutor.accessMainPhase(TestCaseExecutor.java:299)
	at com.kms.katalon.core.main.TestCaseExecutor.execute(TestCaseExecutor.java:233)
	at com.kms.katalon.core.main.TestSuiteExecutor.accessTestCaseMainPhase(TestSuiteExecutor.java:169)
	at com.kms.katalon.core.main.TestSuiteExecutor.accessTestSuiteMainPhase(TestSuiteExecutor.java:142)
	at com.kms.katalon.core.main.TestSuiteExecutor.execute(TestSuiteExecutor.java:91)
	at com.kms.katalon.core.main.TestCaseMain.startTestSuite(TestCaseMain.java:157)
	at com.kms.katalon.core.main.TestCaseMain$startTestSuite$0.call(Unknown Source)
	at TempTestSuite1591248863359.run(TempTestSuite1591248863359.groovy:36)
Caused by: com.kms.katalon.core.exception.StepFailedException: com.kms.katalon.core.webui.exception.WebElementNotFoundException: Web element with id: 'Object Repository/Christi/Page_Manage Sliders/label_Edit Slider' located by 'By.xpath: //label[@name = 'label24' and (text() = 'Edit Slider' or . = 'Edit Slider')]' not found
	at com.kms.katalon.core.webui.keyword.internal.WebUIKeywordMain.stepFailed(WebUIKeywordMain.groovy:64)
	at com.kms.katalon.core.webui.keyword.builtin.VerifyElementPresentKeyword$_verifyElementPresent_closure1.doCall(VerifyElementPresentKeyword.groovy:85)
	at com.kms.katalon.core.webui.keyword.builtin.VerifyElementPresentKeyword$_verifyElementPresent_closure1.call(VerifyElementPresentKeyword.groovy)
	at com.kms.katalon.core.webui.keyword.internal.WebUIKeywordMain.runKeyword(WebUIKeywordMain.groovy:20)
	... 19 more]]></system-err>
      </testcase>
      <testcase name="Test Cases/Christi/Admin/Manage Slider - Edit" time="41.944" classname="Test Cases/Christi/Admin/Manage Slider - Edit" status="PASSED">
         <system-out><![CDATA[2020-06-04 12:51:15 - [TEST_CASE][PASSED] - Test Cases/Christi/Admin/Manage Slider - Edit: Test Cases/Christi/Admin/Manage Slider - Edit

2020-06-04 12:51:15 - [TEST_STEP][PASSED] - callTestCase(findTestCase("Christi/Admin/admin login"), ["username":"11666", "password":"Password3"], STOP_ON_FAILURE): Call Test Case 'Test Cases/Christi/Admin/admin login' successfully

2020-06-04 12:51:15 - [TEST_CASE][PASSED] - Test Cases/Christi/Admin/admin login: Test Cases/Christi/Admin/admin login

2020-06-04 12:51:15 - [TEST_STEP][PASSED] - openBrowser(""): Browser is opened with url: ''

2020-06-04 12:51:15 - [MESSAGE][WARNING] - A browser is already opened. Closing browser and opening a new one

2020-06-04 12:51:16 - [MESSAGE][INFO] - Starting 'Chrome' driver

2020-06-04 12:51:19 - [MESSAGE][PASSED] - Browser is opened with url: ''

2020-06-04 12:51:19 - [TEST_STEP][PASSED] - navigateToUrl("https://appsrv1.deltadatamandiri.com/ACC_LMS_WEB/#/admNLmn"): Navigate to 'https://appsrv1.deltadatamandiri.com/ACC_LMS_WEB/#/admNLmn' successfully

2020-06-04 12:51:26 - [MESSAGE][PASSED] - Navigate to 'https://appsrv1.deltadatamandiri.com/ACC_LMS_WEB/#/admNLmn' successfully

2020-06-04 12:51:26 - [TEST_STEP][PASSED] - click(findTestObject("Christi/Page_Main/button_login")): Object: 'Object Repository/Christi/Page_Main/button_login' is clicked on

2020-06-04 12:51:31 - [MESSAGE][ERROR] - javascript error: Failed to execute 'elementsFromPoint' on 'Document': The provided double value is non-finite.
  (Session info: chrome=83.0.4103.61)
Build info: version: '3.141.59', revision: 'e82be7d358', time: '2018-11-14T08:25:53'
System info: host: 'LAPTOP-D0TPACJ1', ip: '192.168.100.227', os.name: 'Windows 10', os.arch: 'amd64', os.version: '10.0', java.version: '1.8.0_181'
Driver info: com.kms.katalon.selenium.driver.CChromeDriver
Capabilities {acceptInsecureCerts: false, browserName: chrome, browserVersion: 83.0.4103.61, chrome: {chromedriverVersion: 83.0.4103.39 (ccbf011cb2d2b..., userDataDir: C:\Users\ASUS\AppData\Local...}, goog:chromeOptions: {debuggerAddress: localhost:55773}, javascriptEnabled: true, networkConnectionEnabled: false, pageLoadStrategy: normal, platform: WINDOWS, platformName: WINDOWS, proxy: Proxy(), setWindowRect: true, strictFileInteractability: false, timeouts: {implicit: 0, pageLoad: 300000, script: 30000}, unhandledPromptBehavior: dismiss and notify, webauthn:virtualAuthenticators: true}
Session ID: 1de9ce910ceab3b49276d111b5b59129

2020-06-04 12:51:31 - [MESSAGE][PASSED] - Object: 'Object Repository/Christi/Page_Main/button_login' is clicked on

2020-06-04 12:51:31 - [TEST_STEP][PASSED] - delay(3): Delayed 3 second(s)

2020-06-04 12:51:34 - [MESSAGE][PASSED] - Delayed 3 second(s)

2020-06-04 12:51:34 - [TEST_STEP][PASSED] - setText(findTestObject("Object Repository/Christi/Page_Main/input_NPK_username"), username): Text '11666' is set on object 'Object Repository/Christi/Page_Main/input_NPK_username'

2020-06-04 12:51:35 - [MESSAGE][PASSED] - Text '11666' is set on object 'Object Repository/Christi/Page_Main/input_NPK_username'

2020-06-04 12:51:35 - [TEST_STEP][PASSED] - setText(findTestObject("Object Repository/Christi/Page_Main/input_Password_password"), password): Text 'Password3' is set on object 'Object Repository/Christi/Page_Main/input_Password_password'

2020-06-04 12:51:35 - [MESSAGE][PASSED] - Text 'Password3' is set on object 'Object Repository/Christi/Page_Main/input_Password_password'

2020-06-04 12:51:35 - [TEST_STEP][PASSED] - delay(5): Delayed 5 second(s)

2020-06-04 12:51:40 - [MESSAGE][PASSED] - Delayed 5 second(s)

2020-06-04 12:51:40 - [TEST_STEP][PASSED] - click(findTestObject("Rizka/Admin/Admin - Login/btnLogin2")): Object: 'Object Repository/Rizka/Admin/Admin - Login/btnLogin2' is clicked on

2020-06-04 12:51:41 - [MESSAGE][PASSED] - Object: 'Object Repository/Rizka/Admin/Admin - Login/btnLogin2' is clicked on

2020-06-04 12:51:41 - [TEST_STEP][PASSED] - delay(5): Delayed 5 second(s)

2020-06-04 12:51:46 - [MESSAGE][PASSED] - Delayed 5 second(s)

2020-06-04 12:51:46 - [MESSAGE][PASSED] - Call Test Case 'Test Cases/Christi/Admin/admin login' successfully

2020-06-04 12:51:46 - [TEST_STEP][PASSED] - delay(3): Delayed 3 second(s)

2020-06-04 12:51:49 - [MESSAGE][PASSED] - Delayed 3 second(s)

2020-06-04 12:51:49 - [TEST_STEP][PASSED] - click(findTestObject("Object Repository/Christi/Page_Dashboard Admin/span_Manage Slider")): Object: 'Object Repository/Christi/Page_Dashboard Admin/span_Manage Slider' is clicked on

2020-06-04 12:51:49 - [MESSAGE][PASSED] - Object: 'Object Repository/Christi/Page_Dashboard Admin/span_Manage Slider' is clicked on

2020-06-04 12:51:49 - [TEST_STEP][PASSED] - delay(3): Delayed 3 second(s)

2020-06-04 12:51:52 - [MESSAGE][PASSED] - Delayed 3 second(s)

2020-06-04 12:51:52 - [TEST_STEP][PASSED] - if (find_slider == "found"): null

2020-06-04 12:51:52 - [TEST_STEP][PASSED] - else if (find_slider == "not found"): Web element with id: 'Object Repository/Christi/Page_Manage Sliders/label_Slider' located by 'By.xpath: //label[(text() = 'xxxxx' or . = 'xxxxx')]' is not present after '3' second(s)

2020-06-04 12:51:52 - [TEST_STEP][PASSED] - verifyElementNotPresent(findTestObject("Christi/Page_Manage Sliders/label_Slider", ["text":nama_slider]), 3): Web element with id: 'Object Repository/Christi/Page_Manage Sliders/label_Slider' located by 'By.xpath: //label[(text() = 'xxxxx' or . = 'xxxxx')]' is not present after '3' second(s)

2020-06-04 12:51:53 - [MESSAGE][PASSED] - Web element with id: 'Object Repository/Christi/Page_Manage Sliders/label_Slider' located by 'By.xpath: //label[(text() = 'xxxxx' or . = 'xxxxx')]' is not present after '3' second(s)

2020-06-04 12:51:53 - [TEST_STEP][PASSED] - delay(3): Delayed 3 second(s)

2020-06-04 12:51:56 - [MESSAGE][PASSED] - Delayed 3 second(s)

2020-06-04 12:51:56 - [TEST_STEP][PASSED] - closeBrowser(STOP_ON_FAILURE): Browser is closed

2020-06-04 12:51:57 - [MESSAGE][PASSED] - Browser is closed]]></system-out>
         <system-err><![CDATA[]]></system-err>
      </testcase>
      <system-out><![CDATA[2020-06-04 12:34:39 - [TEST_SUITE][FAILED] - Manage Slider: Test Cases/Christi/Admin/Manage Slider - Edit FAILED.
Reason:
com.kms.katalon.core.exception.StepFailedException: Unable to verify object 'Object Repository/Christi/Page_Manage Sliders_Edit/div_Data has been updated' is present
	at com.kms.katalon.core.webui.keyword.internal.WebUIKeywordMain.stepFailed(WebUIKeywordMain.groovy:64)
	at com.kms.katalon.core.webui.keyword.internal.WebUIKeywordMain.runKeyword(WebUIKeywordMain.groovy:26)
	at com.kms.katalon.core.webui.keyword.builtin.VerifyElementPresentKeyword.verifyElementPresent(VerifyElementPresentKeyword.groovy:92)
	at com.kms.katalon.core.webui.keyword.builtin.VerifyElementPresentKeyword.execute(VerifyElementPresentKeyword.groovy:68)
	at com.kms.katalon.core.keyword.internal.KeywordExecutor.executeKeywordForPlatform(KeywordExecutor.groovy:60)
	at com.kms.katalon.core.webui.keyword.WebUiBuiltInKeywords.verifyElementPresent(WebUiBuiltInKeywords.groovy:1434)
	at com.kms.katalon.core.webui.keyword.WebUiBuiltInKeywords$verifyElementPresent$3.call(Unknown Source)
	at Manage Slider - Edit.run(Manage Slider - Edit:126)
	at com.kms.katalon.core.main.ScriptEngine.run(ScriptEngine.java:194)
	at com.kms.katalon.core.main.ScriptEngine.runScriptAsRawText(ScriptEngine.java:119)
	at com.kms.katalon.core.main.TestCaseExecutor.runScript(TestCaseExecutor.java:337)
	at com.kms.katalon.core.main.TestCaseExecutor.doExecute(TestCaseExecutor.java:328)
	at com.kms.katalon.core.main.TestCaseExecutor.processExecutionPhase(TestCaseExecutor.java:307)
	at com.kms.katalon.core.main.TestCaseExecutor.accessMainPhase(TestCaseExecutor.java:299)
	at com.kms.katalon.core.main.TestCaseExecutor.execute(TestCaseExecutor.java:233)
	at com.kms.katalon.core.main.TestSuiteExecutor.accessTestCaseMainPhase(TestSuiteExecutor.java:169)
	at com.kms.katalon.core.main.TestSuiteExecutor.accessTestSuiteMainPhase(TestSuiteExecutor.java:142)
	at com.kms.katalon.core.main.TestSuiteExecutor.execute(TestSuiteExecutor.java:91)
	at com.kms.katalon.core.main.TestCaseMain.startTestSuite(TestCaseMain.java:157)
	at com.kms.katalon.core.main.TestCaseMain$startTestSuite$0.call(Unknown Source)
	at TempTestSuite1591248863359.run(TempTestSuite1591248863359.groovy:36)
Caused by: com.kms.katalon.core.exception.StepFailedException: com.kms.katalon.core.webui.exception.WebElementNotFoundException: Web element with id: 'Object Repository/Christi/Page_Manage Sliders_Edit/div_Data has been updated' located by 'By.xpath: //*[(text() = 'Data has been updated' or . = 'Data has been updated')]' not found
	at com.kms.katalon.core.webui.keyword.internal.WebUIKeywordMain.stepFailed(WebUIKeywordMain.groovy:64)
	at com.kms.katalon.core.webui.keyword.builtin.VerifyElementPresentKeyword$_verifyElementPresent_closure1.doCall(VerifyElementPresentKeyword.groovy:85)
	at com.kms.katalon.core.webui.keyword.builtin.VerifyElementPresentKeyword$_verifyElementPresent_closure1.call(VerifyElementPresentKeyword.groovy)
	at com.kms.katalon.core.webui.keyword.internal.WebUIKeywordMain.runKeyword(WebUIKeywordMain.groovy:20)
	... 19 more]]></system-out>
      <system-err><![CDATA[2020-06-04 12:34:39 - [TEST_SUITE][FAILED] - Manage Slider: Test Cases/Christi/Admin/Manage Slider - Edit FAILED.
Reason:
com.kms.katalon.core.exception.StepFailedException: Unable to verify object 'Object Repository/Christi/Page_Manage Sliders_Edit/div_Data has been updated' is present
	at com.kms.katalon.core.webui.keyword.internal.WebUIKeywordMain.stepFailed(WebUIKeywordMain.groovy:64)
	at com.kms.katalon.core.webui.keyword.internal.WebUIKeywordMain.runKeyword(WebUIKeywordMain.groovy:26)
	at com.kms.katalon.core.webui.keyword.builtin.VerifyElementPresentKeyword.verifyElementPresent(VerifyElementPresentKeyword.groovy:92)
	at com.kms.katalon.core.webui.keyword.builtin.VerifyElementPresentKeyword.execute(VerifyElementPresentKeyword.groovy:68)
	at com.kms.katalon.core.keyword.internal.KeywordExecutor.executeKeywordForPlatform(KeywordExecutor.groovy:60)
	at com.kms.katalon.core.webui.keyword.WebUiBuiltInKeywords.verifyElementPresent(WebUiBuiltInKeywords.groovy:1434)
	at com.kms.katalon.core.webui.keyword.WebUiBuiltInKeywords$verifyElementPresent$3.call(Unknown Source)
	at Manage Slider - Edit.run(Manage Slider - Edit:126)
	at com.kms.katalon.core.main.ScriptEngine.run(ScriptEngine.java:194)
	at com.kms.katalon.core.main.ScriptEngine.runScriptAsRawText(ScriptEngine.java:119)
	at com.kms.katalon.core.main.TestCaseExecutor.runScript(TestCaseExecutor.java:337)
	at com.kms.katalon.core.main.TestCaseExecutor.doExecute(TestCaseExecutor.java:328)
	at com.kms.katalon.core.main.TestCaseExecutor.processExecutionPhase(TestCaseExecutor.java:307)
	at com.kms.katalon.core.main.TestCaseExecutor.accessMainPhase(TestCaseExecutor.java:299)
	at com.kms.katalon.core.main.TestCaseExecutor.execute(TestCaseExecutor.java:233)
	at com.kms.katalon.core.main.TestSuiteExecutor.accessTestCaseMainPhase(TestSuiteExecutor.java:169)
	at com.kms.katalon.core.main.TestSuiteExecutor.accessTestSuiteMainPhase(TestSuiteExecutor.java:142)
	at com.kms.katalon.core.main.TestSuiteExecutor.execute(TestSuiteExecutor.java:91)
	at com.kms.katalon.core.main.TestCaseMain.startTestSuite(TestCaseMain.java:157)
	at com.kms.katalon.core.main.TestCaseMain$startTestSuite$0.call(Unknown Source)
	at TempTestSuite1591248863359.run(TempTestSuite1591248863359.groovy:36)
Caused by: com.kms.katalon.core.exception.StepFailedException: com.kms.katalon.core.webui.exception.WebElementNotFoundException: Web element with id: 'Object Repository/Christi/Page_Manage Sliders_Edit/div_Data has been updated' located by 'By.xpath: //*[(text() = 'Data has been updated' or . = 'Data has been updated')]' not found
	at com.kms.katalon.core.webui.keyword.internal.WebUIKeywordMain.stepFailed(WebUIKeywordMain.groovy:64)
	at com.kms.katalon.core.webui.keyword.builtin.VerifyElementPresentKeyword$_verifyElementPresent_closure1.doCall(VerifyElementPresentKeyword.groovy:85)
	at com.kms.katalon.core.webui.keyword.builtin.VerifyElementPresentKeyword$_verifyElementPresent_closure1.call(VerifyElementPresentKeyword.groovy)
	at com.kms.katalon.core.webui.keyword.internal.WebUIKeywordMain.runKeyword(WebUIKeywordMain.groovy:20)
	... 19 more]]></system-err>
   </testsuite>
</testsuites>
