<?xml version="1.0" encoding="UTF-8"?>
<testsuites name="Manage Quiz" time="99.612" tests="1" failures="0" errors="0">
   <testsuite name="Manage Quiz" tests="1" failures="0" errors="0" time="99.612" timestamp="2020-06-17 16:05:33" hostname="ASUS - LAPTOP-D0TPACJ1" id="Test Suites/Christi/Manage Quiz">
      <properties>
         <property name="deviceName" value=""/>
         <property name="devicePlatform" value=""/>
         <property name="logFolder" value="C:\\Users\\ASUS\\git\\LearningManagementWebs\\Reports\\20200617_160523\\Christi\\Manage Quiz\\20200617_160523"/>
         <property name="logFiles" value="C:\\Users\\ASUS\\git\\LearningManagementWebs\\Reports\\20200617_160523\\Christi\\Manage Quiz\\20200617_160523\\execution0.log"/>
         <property name="attachments" value=""/>
         <property name="hostName" value="ASUS - LAPTOP-D0TPACJ1"/>
         <property name="os" value="Windows 10 64bit"/>
         <property name="katalonVersion" value="7.0.10.1"/>
         <property name="browser" value="Chrome 83.0.4103.106"/>
         <property name="hostAddress" value="192.168.100.227"/>
         <property name="sessionId" value="5c7f93977a04f5c8d3e6e5784fd7c936"/>
         <property name="seleniumVersion" value="3.141.59"/>
         <property name="proxyInformation" value="ProxyInformation{proxyOption=NO_PROXY, proxyServerType=HTTP, password=, proxyServerAddress=, proxyServerPort=0}"/>
         <property name="platform" value="Windows 10"/>
      </properties>
      <testcase name="Test Cases/Christi/Admin/Quiz - Download CSV" time="99.017" classname="Test Cases/Christi/Admin/Quiz - Download CSV" status="PASSED">
         <system-out><![CDATA[2020-06-17 16:05:33 - [TEST_CASE][PASSED] - Test Cases/Christi/Admin/Quiz - Download CSV: Test Cases/Christi/Admin/Quiz - Download CSV

2020-06-17 16:05:34 - [TEST_STEP][PASSED] - callTestCase(findTestCase("Christi/Admin/admin login"), ["username":"11666", "password":"Password3"], STOP_ON_FAILURE): Call Test Case 'Test Cases/Christi/Admin/admin login' successfully

2020-06-17 16:05:34 - [TEST_CASE][PASSED] - Test Cases/Christi/Admin/admin login: Test Cases/Christi/Admin/admin login

2020-06-17 16:05:35 - [TEST_STEP][PASSED] - openBrowser(""): Browser is opened with url: ''

2020-06-17 16:05:35 - [MESSAGE][INFO] - Starting 'Chrome' driver

2020-06-17 16:05:35 - [MESSAGE][INFO] - Action delay is set to 0 seconds

2020-06-17 16:05:41 - [MESSAGE][PASSED] - Browser is opened with url: ''

2020-06-17 16:05:41 - [TEST_STEP][PASSED] - navigateToUrl("https://appsrv1.deltadatamandiri.com/ACC_LMS_WEB/#/admNLmn"): Navigate to 'https://appsrv1.deltadatamandiri.com/ACC_LMS_WEB/#/admNLmn' successfully

2020-06-17 16:06:06 - [MESSAGE][PASSED] - Navigate to 'https://appsrv1.deltadatamandiri.com/ACC_LMS_WEB/#/admNLmn' successfully

2020-06-17 16:06:06 - [TEST_STEP][PASSED] - click(findTestObject("Christi/Page_Main/button_login")): Object: 'Object Repository/Christi/Page_Main/button_login' is clicked on

2020-06-17 16:06:13 - [MESSAGE][ERROR] - javascript error: Failed to execute 'elementsFromPoint' on 'Document': The provided double value is non-finite.
  (Session info: chrome=83.0.4103.106)
Build info: version: '3.141.59', revision: 'e82be7d358', time: '2018-11-14T08:25:53'
System info: host: 'LAPTOP-D0TPACJ1', ip: '192.168.100.227', os.name: 'Windows 10', os.arch: 'amd64', os.version: '10.0', java.version: '1.8.0_181'
Driver info: com.kms.katalon.selenium.driver.CChromeDriver
Capabilities {acceptInsecureCerts: false, browserName: chrome, browserVersion: 83.0.4103.106, chrome: {chromedriverVersion: 83.0.4103.39 (ccbf011cb2d2b..., userDataDir: C:\Users\ASUS\AppData\Local...}, goog:chromeOptions: {debuggerAddress: localhost:57470}, javascriptEnabled: true, networkConnectionEnabled: false, pageLoadStrategy: normal, platform: WINDOWS, platformName: WINDOWS, proxy: Proxy(), setWindowRect: true, strictFileInteractability: false, timeouts: {implicit: 0, pageLoad: 300000, script: 30000}, unhandledPromptBehavior: dismiss and notify, webauthn:virtualAuthenticators: true}
Session ID: 5c7f93977a04f5c8d3e6e5784fd7c936

2020-06-17 16:06:13 - [MESSAGE][PASSED] - Object: 'Object Repository/Christi/Page_Main/button_login' is clicked on

2020-06-17 16:06:13 - [TEST_STEP][PASSED] - delay(3): Delayed 3 second(s)

2020-06-17 16:06:16 - [MESSAGE][PASSED] - Delayed 3 second(s)

2020-06-17 16:06:16 - [TEST_STEP][PASSED] - setText(findTestObject("Object Repository/Christi/Page_Main/input_NPK_username"), username): Text '11666' is set on object 'Object Repository/Christi/Page_Main/input_NPK_username'

2020-06-17 16:06:18 - [MESSAGE][PASSED] - Text '11666' is set on object 'Object Repository/Christi/Page_Main/input_NPK_username'

2020-06-17 16:06:18 - [TEST_STEP][PASSED] - setText(findTestObject("Object Repository/Christi/Page_Main/input_Password_password"), password): Text 'Password3' is set on object 'Object Repository/Christi/Page_Main/input_Password_password'

2020-06-17 16:06:18 - [MESSAGE][PASSED] - Text 'Password3' is set on object 'Object Repository/Christi/Page_Main/input_Password_password'

2020-06-17 16:06:18 - [TEST_STEP][PASSED] - delay(5): Delayed 5 second(s)

2020-06-17 16:06:23 - [MESSAGE][PASSED] - Delayed 5 second(s)

2020-06-17 16:06:23 - [TEST_STEP][PASSED] - click(findTestObject("Rizka/Admin/Admin - Login/btnLogin2")): Object: 'Object Repository/Rizka/Admin/Admin - Login/btnLogin2' is clicked on

2020-06-17 16:06:24 - [MESSAGE][PASSED] - Object: 'Object Repository/Rizka/Admin/Admin - Login/btnLogin2' is clicked on

2020-06-17 16:06:24 - [TEST_STEP][PASSED] - delay(5): Delayed 5 second(s)

2020-06-17 16:06:29 - [MESSAGE][PASSED] - Delayed 5 second(s)

2020-06-17 16:06:29 - [MESSAGE][PASSED] - Call Test Case 'Test Cases/Christi/Admin/admin login' successfully

2020-06-17 16:06:29 - [TEST_STEP][PASSED] - delay(3): Delayed 3 second(s)

2020-06-17 16:06:32 - [MESSAGE][PASSED] - Delayed 3 second(s)

2020-06-17 16:06:32 - [TEST_STEP][PASSED] - verifyElementPresent(findTestObject("Christi/Page_Dashboard Admin/button_Test Management"), 0): Object 'Object Repository/Christi/Page_Dashboard Admin/button_Test Management' is present

2020-06-17 16:06:32 - [MESSAGE][WARNING] - Timeout '0' is invalid. Using default page load timeout: '30'

2020-06-17 16:06:32 - [MESSAGE][PASSED] - Object 'Object Repository/Christi/Page_Dashboard Admin/button_Test Management' is present

2020-06-17 16:06:32 - [TEST_STEP][PASSED] - click(findTestObject("Christi/Page_Dashboard Admin/button_Test Management")): Object: 'Object Repository/Christi/Page_Dashboard Admin/button_Test Management' is clicked on

2020-06-17 16:06:33 - [MESSAGE][PASSED] - Object: 'Object Repository/Christi/Page_Dashboard Admin/button_Test Management' is clicked on

2020-06-17 16:06:33 - [TEST_STEP][PASSED] - click(findTestObject("Object Repository/Christi/Page_Dashboard Admin/a_Quiz")): Object: 'Object Repository/Christi/Page_Dashboard Admin/a_Quiz' is clicked on

2020-06-17 16:06:34 - [MESSAGE][PASSED] - Object: 'Object Repository/Christi/Page_Dashboard Admin/a_Quiz' is clicked on

2020-06-17 16:06:34 - [TEST_STEP][PASSED] - delay(3): Delayed 3 second(s)

2020-06-17 16:06:37 - [MESSAGE][PASSED] - Delayed 3 second(s)

2020-06-17 16:06:37 - [TEST_STEP][PASSED] - click(findTestObject("Christi/Page_Manage Quiz/button_Download CSV IconDownload CSV")): Object: 'Object Repository/Christi/Page_Manage Quiz/button_Download CSV IconDownload CSV' is clicked on

2020-06-17 16:06:38 - [MESSAGE][PASSED] - Object: 'Object Repository/Christi/Page_Manage Quiz/button_Download CSV IconDownload CSV' is clicked on

2020-06-17 16:06:38 - [TEST_STEP][PASSED] - verifyElementPresent(findTestObject("Christi/Page_Manage Quiz/span_Exporting to CSV"), 0): Object 'Object Repository/Christi/Page_Manage Quiz/span_Exporting to CSV' is present

2020-06-17 16:06:38 - [MESSAGE][WARNING] - Timeout '0' is invalid. Using default page load timeout: '30'

2020-06-17 16:07:08 - [MESSAGE][PASSED] - Object 'Object Repository/Christi/Page_Manage Quiz/span_Exporting to CSV' is present

2020-06-17 16:07:08 - [TEST_STEP][PASSED] - delay(3): Delayed 3 second(s)

2020-06-17 16:07:11 - [MESSAGE][PASSED] - Delayed 3 second(s)

2020-06-17 16:07:11 - [TEST_STEP][PASSED] - closeBrowser(): Browser is closed

2020-06-17 16:07:12 - [MESSAGE][PASSED] - Browser is closed]]></system-out>
         <system-err><![CDATA[]]></system-err>
      </testcase>
      <system-out><![CDATA[2020-06-17 16:05:33 - [TEST_SUITE][PASSED] - Manage Quiz: Test Cases/Christi/Admin/Quiz - Download CSV]]></system-out>
      <system-err><![CDATA[]]></system-err>
   </testsuite>
</testsuites>
