<?xml version="1.0" encoding="UTF-8"?>
<testsuites name="User-Login" time="474.038" tests="6" failures="0" errors="0">
   <testsuite name="User-Login" tests="6" failures="0" errors="0" time="474.038" timestamp="2020-05-14 14:53:45" hostname="Denna Leksanti - 192.168.152.1" id="Test Suites/Denna/User-Login">
      <properties>
         <property name="deviceName" value=""/>
         <property name="devicePlatform" value=""/>
         <property name="logFolder" value="C:\\Users\\Hari Sapto\\git\\LearningManagementWeb\\Reports\\20200514_145305\\Denna\\User-Login\\20200514_145305"/>
         <property name="logFiles" value="C:\\Users\\Hari Sapto\\git\\LearningManagementWeb\\Reports\\20200514_145305\\Denna\\User-Login\\20200514_145305\\execution0.log"/>
         <property name="attachments" value=""/>
         <property name="hostName" value="Denna Leksanti - 192.168.152.1"/>
         <property name="os" value="Windows 10 64bit"/>
         <property name="katalonVersion" value="7.0.8.1"/>
         <property name="browser" value="Chrome 81.0.4044.138"/>
         <property name="hostAddress" value="192.168.152.1"/>
         <property name="sessionId" value="6553d40752b3205b94bcadb50820e753"/>
         <property name="seleniumVersion" value="3.141.59"/>
         <property name="proxyInformation" value="ProxyInformation{proxyOption=NO_PROXY, proxyServerType=HTTP, password=, proxyServerAddress=, proxyServerPort=0}"/>
         <property name="platform" value="Windows 10"/>
      </properties>
      <testcase name="Test Cases/Denna/User - Login" time="118.054" classname="Test Cases/Denna/User - Login" status="PASSED">
         <system-out><![CDATA[2020-05-14 14:53:47 - [TEST_CASE][PASSED] - Test Cases/Denna/User - Login: Test Cases/Denna/User - Login

2020-05-14 14:53:48 - [TEST_STEP][PASSED] - openBrowser(""): Browser is opened with url: ''

2020-05-14 14:53:49 - [MESSAGE][INFO] - Starting 'Chrome' driver

2020-05-14 14:53:49 - [MESSAGE][INFO] - Action delay is set to 0 seconds

2020-05-14 14:54:46 - [MESSAGE][PASSED] - Browser is opened with url: ''

2020-05-14 14:54:46 - [TEST_STEP][PASSED] - navigateToUrl("https://appsrv1.deltadatamandiri.com/ACC_LMS_WEB/#/Main"): Navigate to 'https://appsrv1.deltadatamandiri.com/ACC_LMS_WEB/#/Main' successfully

2020-05-14 14:55:10 - [MESSAGE][PASSED] - Navigate to 'https://appsrv1.deltadatamandiri.com/ACC_LMS_WEB/#/Main' successfully

2020-05-14 14:55:10 - [TEST_STEP][PASSED] - maximizeWindow(): Current window maximized

2020-05-14 14:55:14 - [MESSAGE][PASSED] - Current window maximized

2020-05-14 14:55:14 - [TEST_STEP][PASSED] - click(findTestObject("Denna/User-Login/button login")): Object: 'Object Repository/Denna/User-Login/button login' is clicked on

2020-05-14 14:55:38 - [MESSAGE][PASSED] - Object: 'Object Repository/Denna/User-Login/button login' is clicked on

2020-05-14 14:55:38 - [TEST_STEP][PASSED] - setText(findTestObject("Denna/User-Login/input NPK username"), NPK_Username): Text '' is set on object 'Object Repository/Denna/User-Login/input NPK username'

2020-05-14 14:55:40 - [MESSAGE][PASSED] - Text '' is set on object 'Object Repository/Denna/User-Login/input NPK username'

2020-05-14 14:55:40 - [TEST_STEP][PASSED] - setText(findTestObject("Denna/User-Login/inputPassword"), Password): Text '' is set on object 'Object Repository/Denna/User-Login/inputPassword'

2020-05-14 14:55:40 - [MESSAGE][PASSED] - Text '' is set on object 'Object Repository/Denna/User-Login/inputPassword'

2020-05-14 14:55:40 - [TEST_STEP][PASSED] - if (Keterangan == "remember"): null

2020-05-14 14:55:40 - [TEST_STEP][PASSED] - click(findTestObject("Denna/User-Login/button login 1 masuk")): Object: 'Object Repository/Denna/User-Login/button login 1 masuk' is clicked on

2020-05-14 14:55:41 - [MESSAGE][PASSED] - Object: 'Object Repository/Denna/User-Login/button login 1 masuk' is clicked on

2020-05-14 14:55:41 - [TEST_STEP][PASSED] - switch (Kondisi): null

2020-05-14 14:55:41 - [TEST_STEP][PASSED] - case "fail":: null

2020-05-14 14:55:41 - [TEST_STEP][PASSED] - if (Keterangan == "npkPasswordEmpty"): Object 'Object Repository/Denna/User-Login/button login 1 masuk' is visible

2020-05-14 14:55:41 - [TEST_STEP][PASSED] - verifyElementVisible(findTestObject("Denna/User-Login/button login 1 masuk")): Object 'Object Repository/Denna/User-Login/button login 1 masuk' is visible

2020-05-14 14:55:42 - [MESSAGE][PASSED] - Object 'Object Repository/Denna/User-Login/button login 1 masuk' is visible

2020-05-14 14:55:42 - [TEST_STEP][PASSED] - break: null

2020-05-14 14:55:42 - [TEST_STEP][PASSED] - closeBrowser(): Browser is closed

2020-05-14 14:55:45 - [MESSAGE][PASSED] - Browser is closed]]></system-out>
         <system-err><![CDATA[]]></system-err>
      </testcase>
      <testcase name="Test Cases/Denna/User - Login" time="52.044" classname="Test Cases/Denna/User - Login" status="PASSED">
         <system-out><![CDATA[2020-05-14 14:55:45 - [TEST_CASE][PASSED] - Test Cases/Denna/User - Login: Test Cases/Denna/User - Login

2020-05-14 14:55:45 - [TEST_STEP][PASSED] - openBrowser(""): Browser is opened with url: ''

2020-05-14 14:55:45 - [MESSAGE][INFO] - Starting 'Chrome' driver

2020-05-14 14:55:57 - [MESSAGE][PASSED] - Browser is opened with url: ''

2020-05-14 14:55:57 - [TEST_STEP][PASSED] - navigateToUrl("https://appsrv1.deltadatamandiri.com/ACC_LMS_WEB/#/Main"): Navigate to 'https://appsrv1.deltadatamandiri.com/ACC_LMS_WEB/#/Main' successfully

2020-05-14 14:56:15 - [MESSAGE][PASSED] - Navigate to 'https://appsrv1.deltadatamandiri.com/ACC_LMS_WEB/#/Main' successfully

2020-05-14 14:56:15 - [TEST_STEP][PASSED] - maximizeWindow(): Current window maximized

2020-05-14 14:56:17 - [MESSAGE][PASSED] - Current window maximized

2020-05-14 14:56:17 - [TEST_STEP][PASSED] - click(findTestObject("Denna/User-Login/button login")): Object: 'Object Repository/Denna/User-Login/button login' is clicked on

2020-05-14 14:56:29 - [MESSAGE][PASSED] - Object: 'Object Repository/Denna/User-Login/button login' is clicked on

2020-05-14 14:56:29 - [TEST_STEP][PASSED] - setText(findTestObject("Denna/User-Login/input NPK username"), NPK_Username): Text '' is set on object 'Object Repository/Denna/User-Login/input NPK username'

2020-05-14 14:56:30 - [MESSAGE][PASSED] - Text '' is set on object 'Object Repository/Denna/User-Login/input NPK username'

2020-05-14 14:56:30 - [TEST_STEP][PASSED] - setText(findTestObject("Denna/User-Login/inputPassword"), Password): Text 'Password2' is set on object 'Object Repository/Denna/User-Login/inputPassword'

2020-05-14 14:56:32 - [MESSAGE][PASSED] - Text 'Password2' is set on object 'Object Repository/Denna/User-Login/inputPassword'

2020-05-14 14:56:32 - [TEST_STEP][PASSED] - if (Keterangan == "remember"): null

2020-05-14 14:56:32 - [TEST_STEP][PASSED] - click(findTestObject("Denna/User-Login/button login 1 masuk")): Object: 'Object Repository/Denna/User-Login/button login 1 masuk' is clicked on

2020-05-14 14:56:32 - [MESSAGE][PASSED] - Object: 'Object Repository/Denna/User-Login/button login 1 masuk' is clicked on

2020-05-14 14:56:32 - [TEST_STEP][PASSED] - switch (Kondisi): null

2020-05-14 14:56:32 - [TEST_STEP][PASSED] - case "fail":: null

2020-05-14 14:56:32 - [TEST_STEP][PASSED] - if (Keterangan == "npkPasswordEmpty"): null

2020-05-14 14:56:32 - [TEST_STEP][PASSED] - else if (Keterangan == "npkEmpty"): Object 'Object Repository/Denna/User-Login/button login 1 masuk' is visible

2020-05-14 14:56:32 - [TEST_STEP][PASSED] - verifyElementVisible(findTestObject("Denna/User-Login/button login 1 masuk")): Object 'Object Repository/Denna/User-Login/button login 1 masuk' is visible

2020-05-14 14:56:33 - [MESSAGE][PASSED] - Object 'Object Repository/Denna/User-Login/button login 1 masuk' is visible

2020-05-14 14:56:33 - [TEST_STEP][PASSED] - break: null

2020-05-14 14:56:33 - [TEST_STEP][PASSED] - closeBrowser(): Browser is closed

2020-05-14 14:56:37 - [MESSAGE][PASSED] - Browser is closed]]></system-out>
         <system-err><![CDATA[]]></system-err>
      </testcase>
      <testcase name="Test Cases/Denna/User - Login" time="75.494" classname="Test Cases/Denna/User - Login" status="PASSED">
         <system-out><![CDATA[2020-05-14 14:56:37 - [TEST_CASE][PASSED] - Test Cases/Denna/User - Login: Test Cases/Denna/User - Login

2020-05-14 14:56:37 - [TEST_STEP][PASSED] - openBrowser(""): Browser is opened with url: ''

2020-05-14 14:56:37 - [MESSAGE][INFO] - Starting 'Chrome' driver

2020-05-14 14:56:43 - [MESSAGE][PASSED] - Browser is opened with url: ''

2020-05-14 14:56:43 - [TEST_STEP][PASSED] - navigateToUrl("https://appsrv1.deltadatamandiri.com/ACC_LMS_WEB/#/Main"): Navigate to 'https://appsrv1.deltadatamandiri.com/ACC_LMS_WEB/#/Main' successfully

2020-05-14 14:57:25 - [MESSAGE][PASSED] - Navigate to 'https://appsrv1.deltadatamandiri.com/ACC_LMS_WEB/#/Main' successfully

2020-05-14 14:57:25 - [TEST_STEP][PASSED] - maximizeWindow(): Current window maximized

2020-05-14 14:57:28 - [MESSAGE][PASSED] - Current window maximized

2020-05-14 14:57:28 - [TEST_STEP][PASSED] - click(findTestObject("Denna/User-Login/button login")): Object: 'Object Repository/Denna/User-Login/button login' is clicked on

2020-05-14 14:57:40 - [MESSAGE][PASSED] - Object: 'Object Repository/Denna/User-Login/button login' is clicked on

2020-05-14 14:57:40 - [TEST_STEP][PASSED] - setText(findTestObject("Denna/User-Login/input NPK username"), NPK_Username): Text '14426' is set on object 'Object Repository/Denna/User-Login/input NPK username'

2020-05-14 14:57:42 - [MESSAGE][PASSED] - Text '14426' is set on object 'Object Repository/Denna/User-Login/input NPK username'

2020-05-14 14:57:42 - [TEST_STEP][PASSED] - setText(findTestObject("Denna/User-Login/inputPassword"), Password): Text '' is set on object 'Object Repository/Denna/User-Login/inputPassword'

2020-05-14 14:57:43 - [MESSAGE][PASSED] - Text '' is set on object 'Object Repository/Denna/User-Login/inputPassword'

2020-05-14 14:57:43 - [TEST_STEP][PASSED] - if (Keterangan == "remember"): null

2020-05-14 14:57:43 - [TEST_STEP][PASSED] - click(findTestObject("Denna/User-Login/button login 1 masuk")): Object: 'Object Repository/Denna/User-Login/button login 1 masuk' is clicked on

2020-05-14 14:57:44 - [MESSAGE][PASSED] - Object: 'Object Repository/Denna/User-Login/button login 1 masuk' is clicked on

2020-05-14 14:57:44 - [TEST_STEP][PASSED] - switch (Kondisi): null

2020-05-14 14:57:44 - [TEST_STEP][PASSED] - case "fail":: null

2020-05-14 14:57:44 - [TEST_STEP][PASSED] - if (Keterangan == "npkPasswordEmpty"): null

2020-05-14 14:57:44 - [TEST_STEP][PASSED] - else if (Keterangan == "npkEmpty"): null

2020-05-14 14:57:44 - [TEST_STEP][PASSED] - else if (Keterangan == "PasswordEmpty"): Object 'Object Repository/Denna/User-Login/button login 1 masuk' is visible

2020-05-14 14:57:44 - [TEST_STEP][PASSED] - verifyElementVisible(findTestObject("Denna/User-Login/button login 1 masuk")): Object 'Object Repository/Denna/User-Login/button login 1 masuk' is visible

2020-05-14 14:57:45 - [MESSAGE][PASSED] - Object 'Object Repository/Denna/User-Login/button login 1 masuk' is visible

2020-05-14 14:57:45 - [TEST_STEP][PASSED] - break: null

2020-05-14 14:57:45 - [TEST_STEP][PASSED] - closeBrowser(): Browser is closed

2020-05-14 14:57:53 - [MESSAGE][PASSED] - Browser is closed]]></system-out>
         <system-err><![CDATA[]]></system-err>
      </testcase>
      <testcase name="Test Cases/Denna/User - Login" time="86.968" classname="Test Cases/Denna/User - Login" status="PASSED">
         <system-out><![CDATA[2020-05-14 14:57:53 - [TEST_CASE][PASSED] - Test Cases/Denna/User - Login: Test Cases/Denna/User - Login

2020-05-14 14:57:53 - [TEST_STEP][PASSED] - openBrowser(""): Browser is opened with url: ''

2020-05-14 14:57:53 - [MESSAGE][INFO] - Starting 'Chrome' driver

2020-05-14 14:58:01 - [MESSAGE][PASSED] - Browser is opened with url: ''

2020-05-14 14:58:01 - [TEST_STEP][PASSED] - navigateToUrl("https://appsrv1.deltadatamandiri.com/ACC_LMS_WEB/#/Main"): Navigate to 'https://appsrv1.deltadatamandiri.com/ACC_LMS_WEB/#/Main' successfully

2020-05-14 14:58:44 - [MESSAGE][PASSED] - Navigate to 'https://appsrv1.deltadatamandiri.com/ACC_LMS_WEB/#/Main' successfully

2020-05-14 14:58:44 - [TEST_STEP][PASSED] - maximizeWindow(): Current window maximized

2020-05-14 14:58:46 - [MESSAGE][PASSED] - Current window maximized

2020-05-14 14:58:46 - [TEST_STEP][PASSED] - click(findTestObject("Denna/User-Login/button login")): Object: 'Object Repository/Denna/User-Login/button login' is clicked on

2020-05-14 14:59:04 - [MESSAGE][PASSED] - Object: 'Object Repository/Denna/User-Login/button login' is clicked on

2020-05-14 14:59:04 - [TEST_STEP][PASSED] - setText(findTestObject("Denna/User-Login/input NPK username"), NPK_Username): Text '14426' is set on object 'Object Repository/Denna/User-Login/input NPK username'

2020-05-14 14:59:06 - [MESSAGE][PASSED] - Text '14426' is set on object 'Object Repository/Denna/User-Login/input NPK username'

2020-05-14 14:59:06 - [TEST_STEP][PASSED] - setText(findTestObject("Denna/User-Login/inputPassword"), Password): Text 'Password' is set on object 'Object Repository/Denna/User-Login/inputPassword'

2020-05-14 14:59:07 - [MESSAGE][PASSED] - Text 'Password' is set on object 'Object Repository/Denna/User-Login/inputPassword'

2020-05-14 14:59:07 - [TEST_STEP][PASSED] - if (Keterangan == "remember"): null

2020-05-14 14:59:07 - [TEST_STEP][PASSED] - click(findTestObject("Denna/User-Login/button login 1 masuk")): Object: 'Object Repository/Denna/User-Login/button login 1 masuk' is clicked on

2020-05-14 14:59:08 - [MESSAGE][PASSED] - Object: 'Object Repository/Denna/User-Login/button login 1 masuk' is clicked on

2020-05-14 14:59:08 - [TEST_STEP][PASSED] - switch (Kondisi): null

2020-05-14 14:59:08 - [TEST_STEP][PASSED] - case "fail":: null

2020-05-14 14:59:08 - [TEST_STEP][PASSED] - if (Keterangan == "npkPasswordEmpty"): null

2020-05-14 14:59:08 - [TEST_STEP][PASSED] - else if (Keterangan == "npkEmpty"): null

2020-05-14 14:59:08 - [TEST_STEP][PASSED] - else if (Keterangan == "PasswordEmpty"): null

2020-05-14 14:59:08 - [TEST_STEP][PASSED] - else if (Keterangan == "wrongPassword"): Object 'Object Repository/Denna/User-Login/label Email address does not existPassword is wrong' is visible

2020-05-14 14:59:08 - [TEST_STEP][PASSED] - verifyElementVisible(findTestObject("Denna/User-Login/label Email address does not existPassword is wrong")): Object 'Object Repository/Denna/User-Login/label Email address does not existPassword is wrong' is visible

2020-05-14 14:59:09 - [MESSAGE][PASSED] - Object 'Object Repository/Denna/User-Login/label Email address does not existPassword is wrong' is visible

2020-05-14 14:59:09 - [TEST_STEP][PASSED] - break: null

2020-05-14 14:59:09 - [TEST_STEP][PASSED] - closeBrowser(): Browser is closed

2020-05-14 14:59:20 - [MESSAGE][PASSED] - Browser is closed]]></system-out>
         <system-err><![CDATA[]]></system-err>
      </testcase>
      <testcase name="Test Cases/Denna/User - Login" time="80.905" classname="Test Cases/Denna/User - Login" status="PASSED">
         <system-out><![CDATA[2020-05-14 14:59:20 - [TEST_CASE][PASSED] - Test Cases/Denna/User - Login: Test Cases/Denna/User - Login

2020-05-14 14:59:20 - [TEST_STEP][PASSED] - openBrowser(""): Browser is opened with url: ''

2020-05-14 14:59:20 - [MESSAGE][INFO] - Starting 'Chrome' driver

2020-05-14 14:59:28 - [MESSAGE][PASSED] - Browser is opened with url: ''

2020-05-14 14:59:28 - [TEST_STEP][PASSED] - navigateToUrl("https://appsrv1.deltadatamandiri.com/ACC_LMS_WEB/#/Main"): Navigate to 'https://appsrv1.deltadatamandiri.com/ACC_LMS_WEB/#/Main' successfully

2020-05-14 14:59:51 - [MESSAGE][PASSED] - Navigate to 'https://appsrv1.deltadatamandiri.com/ACC_LMS_WEB/#/Main' successfully

2020-05-14 14:59:51 - [TEST_STEP][PASSED] - maximizeWindow(): Current window maximized

2020-05-14 14:59:54 - [MESSAGE][PASSED] - Current window maximized

2020-05-14 14:59:54 - [TEST_STEP][PASSED] - click(findTestObject("Denna/User-Login/button login")): Object: 'Object Repository/Denna/User-Login/button login' is clicked on

2020-05-14 15:00:07 - [MESSAGE][PASSED] - Object: 'Object Repository/Denna/User-Login/button login' is clicked on

2020-05-14 15:00:07 - [TEST_STEP][PASSED] - setText(findTestObject("Denna/User-Login/input NPK username"), NPK_Username): Text '14426' is set on object 'Object Repository/Denna/User-Login/input NPK username'

2020-05-14 15:00:09 - [MESSAGE][PASSED] - Text '14426' is set on object 'Object Repository/Denna/User-Login/input NPK username'

2020-05-14 15:00:09 - [TEST_STEP][PASSED] - setText(findTestObject("Denna/User-Login/inputPassword"), Password): Text 'Password2' is set on object 'Object Repository/Denna/User-Login/inputPassword'

2020-05-14 15:00:10 - [MESSAGE][PASSED] - Text 'Password2' is set on object 'Object Repository/Denna/User-Login/inputPassword'

2020-05-14 15:00:10 - [TEST_STEP][PASSED] - if (Keterangan == "remember"): Object 'Object Repository/Denna/User-Login/button Remember me' is checked

2020-05-14 15:00:10 - [TEST_STEP][PASSED] - check(findTestObject("Denna/User-Login/button Remember me")): Object 'Object Repository/Denna/User-Login/button Remember me' is checked

2020-05-14 15:00:12 - [MESSAGE][PASSED] - Object 'Object Repository/Denna/User-Login/button Remember me' is checked

2020-05-14 15:00:12 - [TEST_STEP][PASSED] - click(findTestObject("Denna/User-Login/button login 1 masuk")): Object: 'Object Repository/Denna/User-Login/button login 1 masuk' is clicked on

2020-05-14 15:00:13 - [MESSAGE][PASSED] - Object: 'Object Repository/Denna/User-Login/button login 1 masuk' is clicked on

2020-05-14 15:00:13 - [TEST_STEP][PASSED] - switch (Kondisi): null

2020-05-14 15:00:13 - [TEST_STEP][PASSED] - case "pass":: null

2020-05-14 15:00:13 - [TEST_STEP][PASSED] - verifyElementVisible(findTestObject("Denna/User-Login/button_My Learning IconMy Learning")): Object 'Object Repository/Denna/User-Login/button_My Learning IconMy Learning' is visible

2020-05-14 15:00:34 - [MESSAGE][PASSED] - Object 'Object Repository/Denna/User-Login/button_My Learning IconMy Learning' is visible

2020-05-14 15:00:34 - [TEST_STEP][PASSED] - break: null

2020-05-14 15:00:34 - [TEST_STEP][PASSED] - closeBrowser(): Browser is closed

2020-05-14 15:00:41 - [MESSAGE][PASSED] - Browser is closed]]></system-out>
         <system-err><![CDATA[]]></system-err>
      </testcase>
      <testcase name="Test Cases/Denna/User - Login" time="57.557" classname="Test Cases/Denna/User - Login" status="PASSED">
         <system-out><![CDATA[2020-05-14 15:00:41 - [TEST_CASE][PASSED] - Test Cases/Denna/User - Login: Test Cases/Denna/User - Login

2020-05-14 15:00:41 - [TEST_STEP][PASSED] - openBrowser(""): Browser is opened with url: ''

2020-05-14 15:00:41 - [MESSAGE][INFO] - Starting 'Chrome' driver

2020-05-14 15:00:47 - [MESSAGE][PASSED] - Browser is opened with url: ''

2020-05-14 15:00:47 - [TEST_STEP][PASSED] - navigateToUrl("https://appsrv1.deltadatamandiri.com/ACC_LMS_WEB/#/Main"): Navigate to 'https://appsrv1.deltadatamandiri.com/ACC_LMS_WEB/#/Main' successfully

2020-05-14 15:01:00 - [MESSAGE][PASSED] - Navigate to 'https://appsrv1.deltadatamandiri.com/ACC_LMS_WEB/#/Main' successfully

2020-05-14 15:01:00 - [TEST_STEP][PASSED] - maximizeWindow(): Current window maximized

2020-05-14 15:01:02 - [MESSAGE][PASSED] - Current window maximized

2020-05-14 15:01:02 - [TEST_STEP][PASSED] - click(findTestObject("Denna/User-Login/button login")): Object: 'Object Repository/Denna/User-Login/button login' is clicked on

2020-05-14 15:01:11 - [MESSAGE][PASSED] - Object: 'Object Repository/Denna/User-Login/button login' is clicked on

2020-05-14 15:01:11 - [TEST_STEP][PASSED] - setText(findTestObject("Denna/User-Login/input NPK username"), NPK_Username): Text '14426' is set on object 'Object Repository/Denna/User-Login/input NPK username'

2020-05-14 15:01:12 - [MESSAGE][PASSED] - Text '14426' is set on object 'Object Repository/Denna/User-Login/input NPK username'

2020-05-14 15:01:12 - [TEST_STEP][PASSED] - setText(findTestObject("Denna/User-Login/inputPassword"), Password): Text 'Password2' is set on object 'Object Repository/Denna/User-Login/inputPassword'

2020-05-14 15:01:12 - [MESSAGE][PASSED] - Text 'Password2' is set on object 'Object Repository/Denna/User-Login/inputPassword'

2020-05-14 15:01:12 - [TEST_STEP][PASSED] - if (Keterangan == "remember"): null

2020-05-14 15:01:12 - [TEST_STEP][PASSED] - click(findTestObject("Denna/User-Login/button login 1 masuk")): Object: 'Object Repository/Denna/User-Login/button login 1 masuk' is clicked on

2020-05-14 15:01:13 - [MESSAGE][PASSED] - Object: 'Object Repository/Denna/User-Login/button login 1 masuk' is clicked on

2020-05-14 15:01:13 - [TEST_STEP][PASSED] - switch (Kondisi): null

2020-05-14 15:01:13 - [TEST_STEP][PASSED] - case "pass":: null

2020-05-14 15:01:13 - [TEST_STEP][PASSED] - verifyElementVisible(findTestObject("Denna/User-Login/button_My Learning IconMy Learning")): Object 'Object Repository/Denna/User-Login/button_My Learning IconMy Learning' is visible

2020-05-14 15:01:38 - [MESSAGE][PASSED] - Object 'Object Repository/Denna/User-Login/button_My Learning IconMy Learning' is visible

2020-05-14 15:01:38 - [TEST_STEP][PASSED] - break: null

2020-05-14 15:01:38 - [TEST_STEP][PASSED] - closeBrowser(): Browser is closed

2020-05-14 15:01:38 - [MESSAGE][PASSED] - Browser is closed]]></system-out>
         <system-err><![CDATA[]]></system-err>
      </testcase>
      <system-out><![CDATA[2020-05-14 14:53:45 - [TEST_SUITE][PASSED] - User-Login: Test Cases/Denna/User - Login]]></system-out>
      <system-err><![CDATA[]]></system-err>
   </testsuite>
</testsuites>
