<?xml version="1.0" encoding="UTF-8"?>
<testsuites name="Online Learning" time="253.906" tests="3" failures="0" errors="0">
   <testsuite name="Online Learning" tests="3" failures="0" errors="0" time="253.906" timestamp="2020-05-13 18:23:24" hostname="ASUS - LAPTOP-D0TPACJ1" id="Test Suites/Christi/Online Learning">
      <properties>
         <property name="deviceName" value=""/>
         <property name="devicePlatform" value=""/>
         <property name="logFolder" value="C:\\Users\\ASUS\\git\\LearningManagementWeb\\Reports\\20200513_182312\\Christi\\Online Learning\\20200513_182312"/>
         <property name="logFiles" value="C:\\Users\\ASUS\\git\\LearningManagementWeb\\Reports\\20200513_182312\\Christi\\Online Learning\\20200513_182312\\execution0.log"/>
         <property name="attachments" value=""/>
         <property name="hostName" value="ASUS - LAPTOP-D0TPACJ1"/>
         <property name="os" value="Windows 10 64bit"/>
         <property name="katalonVersion" value="7.0.10.1"/>
         <property name="browser" value="Chrome 81.0.4044.138"/>
         <property name="hostAddress" value="192.168.100.227"/>
         <property name="sessionId" value="0ebefd581abf32f154f82d22d77a9d71"/>
         <property name="seleniumVersion" value="3.141.59"/>
         <property name="proxyInformation" value="ProxyInformation{proxyOption=NO_PROXY, proxyServerType=HTTP, password=, proxyServerAddress=, proxyServerPort=0}"/>
         <property name="platform" value="Windows 10"/>
      </properties>
      <testcase name="Test Cases/Christi/User/Online Learning - Lihat Modul" time="78.317" classname="Test Cases/Christi/User/Online Learning - Lihat Modul" status="PASSED">
         <system-out><![CDATA[2020-05-13 18:23:25 - [TEST_CASE][PASSED] - Test Cases/Christi/User/Online Learning - Lihat Modul: Test Cases/Christi/User/Online Learning - Lihat Modul

2020-05-13 18:23:26 - [TEST_STEP][PASSED] - callTestCase(findTestCase("Christi/User/user login"), ["username":"14426", "password":"Password2"], STOP_ON_FAILURE): Call Test Case 'Test Cases/Christi/User/user login' successfully

2020-05-13 18:23:26 - [TEST_CASE][PASSED] - Test Cases/Christi/User/user login: Test Cases/Christi/User/user login

2020-05-13 18:23:27 - [TEST_STEP][PASSED] - openBrowser(""): Browser is opened with url: ''

2020-05-13 18:23:27 - [MESSAGE][INFO] - Starting 'Chrome' driver

2020-05-13 18:23:27 - [MESSAGE][INFO] - Action delay is set to 0 seconds

2020-05-13 18:23:32 - [MESSAGE][PASSED] - Browser is opened with url: ''

2020-05-13 18:23:32 - [TEST_STEP][PASSED] - maximizeWindow(): Current window maximized

2020-05-13 18:23:34 - [MESSAGE][PASSED] - Current window maximized

2020-05-13 18:23:34 - [TEST_STEP][PASSED] - navigateToUrl("https://appsrv1.deltadatamandiri.com/ACC_LMS_WEB/#/Main"): Navigate to 'https://appsrv1.deltadatamandiri.com/ACC_LMS_WEB/#/Main' successfully

2020-05-13 18:23:44 - [MESSAGE][PASSED] - Navigate to 'https://appsrv1.deltadatamandiri.com/ACC_LMS_WEB/#/Main' successfully

2020-05-13 18:23:44 - [TEST_STEP][PASSED] - click(findTestObject("Object Repository/Christi/Page_Main/span_login")): Object: 'Object Repository/Christi/Page_Main/span_login' is clicked on

2020-05-13 18:23:49 - [MESSAGE][ERROR] - javascript error: Failed to execute 'elementsFromPoint' on 'Document': The provided double value is non-finite.
  (Session info: chrome=81.0.4044.138)
Build info: version: '3.141.59', revision: 'e82be7d358', time: '2018-11-14T08:25:53'
System info: host: 'LAPTOP-D0TPACJ1', ip: '192.168.100.227', os.name: 'Windows 10', os.arch: 'amd64', os.version: '10.0', java.version: '1.8.0_181'
Driver info: com.kms.katalon.selenium.driver.CChromeDriver
Capabilities {acceptInsecureCerts: false, browserName: chrome, browserVersion: 81.0.4044.138, chrome: {chromedriverVersion: 80.0.3987.106 (f68069574609..., userDataDir: C:\Users\ASUS\AppData\Local...}, goog:chromeOptions: {debuggerAddress: localhost:49199}, javascriptEnabled: true, networkConnectionEnabled: false, pageLoadStrategy: normal, platform: WINDOWS, platformName: WINDOWS, proxy: Proxy(), setWindowRect: true, strictFileInteractability: false, timeouts: {implicit: 0, pageLoad: 300000, script: 30000}, unhandledPromptBehavior: dismiss and notify}
Session ID: d50e614e0af144267feb092e0da5d76c

2020-05-13 18:23:50 - [MESSAGE][PASSED] - Object: 'Object Repository/Christi/Page_Main/span_login' is clicked on

2020-05-13 18:23:50 - [TEST_STEP][PASSED] - delay(3): Delayed 3 second(s)

2020-05-13 18:23:53 - [MESSAGE][PASSED] - Delayed 3 second(s)

2020-05-13 18:23:53 - [TEST_STEP][PASSED] - setText(findTestObject("Object Repository/Christi/Page_Main/input_NPK_username"), username): Text '14426' is set on object 'Object Repository/Christi/Page_Main/input_NPK_username'

2020-05-13 18:23:54 - [MESSAGE][PASSED] - Text '14426' is set on object 'Object Repository/Christi/Page_Main/input_NPK_username'

2020-05-13 18:23:54 - [TEST_STEP][PASSED] - setText(findTestObject("Object Repository/Christi/Page_Main/input_Password_password"), password): Text 'Password2' is set on object 'Object Repository/Christi/Page_Main/input_Password_password'

2020-05-13 18:23:55 - [MESSAGE][PASSED] - Text 'Password2' is set on object 'Object Repository/Christi/Page_Main/input_Password_password'

2020-05-13 18:23:55 - [TEST_STEP][PASSED] - click(findTestObject("Object Repository/Christi/Page_Main/span_Remember me")): Object: 'Object Repository/Christi/Page_Main/span_Remember me' is clicked on

2020-05-13 18:23:56 - [MESSAGE][PASSED] - Object: 'Object Repository/Christi/Page_Main/span_Remember me' is clicked on

2020-05-13 18:23:56 - [TEST_STEP][PASSED] - click(findTestObject("Object Repository/Christi/Page_Main/span_login_1")): Object: 'Object Repository/Christi/Page_Main/span_login_1' is clicked on

2020-05-13 18:23:56 - [MESSAGE][PASSED] - Object: 'Object Repository/Christi/Page_Main/span_login_1' is clicked on

2020-05-13 18:23:56 - [TEST_STEP][PASSED] - delay(5): Delayed 5 second(s)

2020-05-13 18:24:01 - [MESSAGE][PASSED] - Delayed 5 second(s)

2020-05-13 18:24:01 - [MESSAGE][PASSED] - Call Test Case 'Test Cases/Christi/User/user login' successfully

2020-05-13 18:24:01 - [TEST_STEP][PASSED] - click(findTestObject("Christi/Page_Homepage/i_My Learning Icon_app-icon wi wi-menu fa-lg")): Object: 'Object Repository/Christi/Page_Homepage/i_My Learning Icon_app-icon wi wi-menu fa-lg' is clicked on

2020-05-13 18:24:15 - [MESSAGE][PASSED] - Object: 'Object Repository/Christi/Page_Homepage/i_My Learning Icon_app-icon wi wi-menu fa-lg' is clicked on

2020-05-13 18:24:15 - [TEST_STEP][PASSED] - click(findTestObject("Christi/Page_Homepage/span_Online Learning"), STOP_ON_FAILURE): Object: 'Object Repository/Christi/Page_Homepage/span_Online Learning' is clicked on

2020-05-13 18:24:15 - [MESSAGE][PASSED] - Object: 'Object Repository/Christi/Page_Homepage/span_Online Learning' is clicked on

2020-05-13 18:24:15 - [TEST_STEP][PASSED] - delay(3): Delayed 3 second(s)

2020-05-13 18:24:18 - [MESSAGE][PASSED] - Delayed 3 second(s)

2020-05-13 18:24:18 - [TEST_STEP][PASSED] - setText(findTestObject("Christi/Page_Job Functions/input_Back button_searchModul"), module_name): Text 'zzzzzzzzzz' is set on object 'Object Repository/Christi/Page_Job Functions/input_Back button_searchModul'

2020-05-13 18:24:30 - [MESSAGE][PASSED] - Text 'zzzzzzzzzz' is set on object 'Object Repository/Christi/Page_Job Functions/input_Back button_searchModul'

2020-05-13 18:24:30 - [TEST_STEP][PASSED] - click(findTestObject("Object Repository/Christi/Page_Job Functions/button_Clear button_app-search-button wi wi-search")): Object: 'Object Repository/Christi/Page_Job Functions/button_Clear button_app-search-button wi wi-search' is clicked on

2020-05-13 18:24:31 - [MESSAGE][PASSED] - Object: 'Object Repository/Christi/Page_Job Functions/button_Clear button_app-search-button wi wi-search' is clicked on

2020-05-13 18:24:31 - [TEST_STEP][PASSED] - delay(3): Delayed 3 second(s)

2020-05-13 18:24:34 - [MESSAGE][PASSED] - Delayed 3 second(s)

2020-05-13 18:24:34 - [TEST_STEP][PASSED] - if (found == "yes"): null

2020-05-13 18:24:34 - [TEST_STEP][PASSED] - else if (found == "no"): Object 'Object Repository/Christi/Page_Online Learning Search Result/label_tidak ditemukan' is present

2020-05-13 18:24:34 - [TEST_STEP][PASSED] - verifyElementPresent(findTestObject("Object Repository/Christi/Page_Online Learning Search Result/label_tidak ditemukan"), 0): Object 'Object Repository/Christi/Page_Online Learning Search Result/label_tidak ditemukan' is present

2020-05-13 18:24:34 - [MESSAGE][WARNING] - Timeout '0' is invalid. Using default page load timeout: '30'

2020-05-13 18:24:39 - [MESSAGE][PASSED] - Object 'Object Repository/Christi/Page_Online Learning Search Result/label_tidak ditemukan' is present

2020-05-13 18:24:39 - [TEST_STEP][PASSED] - delay(3): Delayed 3 second(s)

2020-05-13 18:24:42 - [MESSAGE][PASSED] - Delayed 3 second(s)

2020-05-13 18:24:42 - [TEST_STEP][PASSED] - closeBrowser(): Browser is closed

2020-05-13 18:24:43 - [MESSAGE][PASSED] - Browser is closed]]></system-out>
         <system-err><![CDATA[]]></system-err>
      </testcase>
      <testcase name="Test Cases/Christi/User/Online Learning - Lihat Modul" time="76.191" classname="Test Cases/Christi/User/Online Learning - Lihat Modul" status="PASSED">
         <system-out><![CDATA[2020-05-13 18:24:43 - [TEST_CASE][PASSED] - Test Cases/Christi/User/Online Learning - Lihat Modul: Test Cases/Christi/User/Online Learning - Lihat Modul

2020-05-13 18:24:43 - [TEST_STEP][PASSED] - callTestCase(findTestCase("Christi/User/user login"), ["username":"14426", "password":"Password2"], STOP_ON_FAILURE): Call Test Case 'Test Cases/Christi/User/user login' successfully

2020-05-13 18:24:43 - [TEST_CASE][PASSED] - Test Cases/Christi/User/user login: Test Cases/Christi/User/user login

2020-05-13 18:24:43 - [TEST_STEP][PASSED] - openBrowser(""): Browser is opened with url: ''

2020-05-13 18:24:43 - [MESSAGE][INFO] - Starting 'Chrome' driver

2020-05-13 18:24:47 - [MESSAGE][PASSED] - Browser is opened with url: ''

2020-05-13 18:24:47 - [TEST_STEP][PASSED] - maximizeWindow(): Current window maximized

2020-05-13 18:24:48 - [MESSAGE][PASSED] - Current window maximized

2020-05-13 18:24:48 - [TEST_STEP][PASSED] - navigateToUrl("https://appsrv1.deltadatamandiri.com/ACC_LMS_WEB/#/Main"): Navigate to 'https://appsrv1.deltadatamandiri.com/ACC_LMS_WEB/#/Main' successfully

2020-05-13 18:24:57 - [MESSAGE][PASSED] - Navigate to 'https://appsrv1.deltadatamandiri.com/ACC_LMS_WEB/#/Main' successfully

2020-05-13 18:24:57 - [TEST_STEP][PASSED] - click(findTestObject("Object Repository/Christi/Page_Main/span_login")): Object: 'Object Repository/Christi/Page_Main/span_login' is clicked on

2020-05-13 18:25:01 - [MESSAGE][ERROR] - javascript error: Failed to execute 'elementsFromPoint' on 'Document': The provided double value is non-finite.
  (Session info: chrome=81.0.4044.138)
Build info: version: '3.141.59', revision: 'e82be7d358', time: '2018-11-14T08:25:53'
System info: host: 'LAPTOP-D0TPACJ1', ip: '192.168.100.227', os.name: 'Windows 10', os.arch: 'amd64', os.version: '10.0', java.version: '1.8.0_181'
Driver info: com.kms.katalon.selenium.driver.CChromeDriver
Capabilities {acceptInsecureCerts: false, browserName: chrome, browserVersion: 81.0.4044.138, chrome: {chromedriverVersion: 80.0.3987.106 (f68069574609..., userDataDir: C:\Users\ASUS\AppData\Local...}, goog:chromeOptions: {debuggerAddress: localhost:49312}, javascriptEnabled: true, networkConnectionEnabled: false, pageLoadStrategy: normal, platform: WINDOWS, platformName: WINDOWS, proxy: Proxy(), setWindowRect: true, strictFileInteractability: false, timeouts: {implicit: 0, pageLoad: 300000, script: 30000}, unhandledPromptBehavior: dismiss and notify}
Session ID: 08fc02258c48965a2b399307fae91099

2020-05-13 18:25:02 - [MESSAGE][PASSED] - Object: 'Object Repository/Christi/Page_Main/span_login' is clicked on

2020-05-13 18:25:02 - [TEST_STEP][PASSED] - delay(3): Delayed 3 second(s)

2020-05-13 18:25:05 - [MESSAGE][PASSED] - Delayed 3 second(s)

2020-05-13 18:25:05 - [TEST_STEP][PASSED] - setText(findTestObject("Object Repository/Christi/Page_Main/input_NPK_username"), username): Text '14426' is set on object 'Object Repository/Christi/Page_Main/input_NPK_username'

2020-05-13 18:25:06 - [MESSAGE][PASSED] - Text '14426' is set on object 'Object Repository/Christi/Page_Main/input_NPK_username'

2020-05-13 18:25:06 - [TEST_STEP][PASSED] - setText(findTestObject("Object Repository/Christi/Page_Main/input_Password_password"), password): Text 'Password2' is set on object 'Object Repository/Christi/Page_Main/input_Password_password'

2020-05-13 18:25:06 - [MESSAGE][PASSED] - Text 'Password2' is set on object 'Object Repository/Christi/Page_Main/input_Password_password'

2020-05-13 18:25:06 - [TEST_STEP][PASSED] - click(findTestObject("Object Repository/Christi/Page_Main/span_Remember me")): Object: 'Object Repository/Christi/Page_Main/span_Remember me' is clicked on

2020-05-13 18:25:07 - [MESSAGE][PASSED] - Object: 'Object Repository/Christi/Page_Main/span_Remember me' is clicked on

2020-05-13 18:25:07 - [TEST_STEP][PASSED] - click(findTestObject("Object Repository/Christi/Page_Main/span_login_1")): Object: 'Object Repository/Christi/Page_Main/span_login_1' is clicked on

2020-05-13 18:25:08 - [MESSAGE][PASSED] - Object: 'Object Repository/Christi/Page_Main/span_login_1' is clicked on

2020-05-13 18:25:08 - [TEST_STEP][PASSED] - delay(5): Delayed 5 second(s)

2020-05-13 18:25:13 - [MESSAGE][PASSED] - Delayed 5 second(s)

2020-05-13 18:25:13 - [MESSAGE][PASSED] - Call Test Case 'Test Cases/Christi/User/user login' successfully

2020-05-13 18:25:13 - [TEST_STEP][PASSED] - click(findTestObject("Christi/Page_Homepage/i_My Learning Icon_app-icon wi wi-menu fa-lg")): Object: 'Object Repository/Christi/Page_Homepage/i_My Learning Icon_app-icon wi wi-menu fa-lg' is clicked on

2020-05-13 18:25:26 - [MESSAGE][PASSED] - Object: 'Object Repository/Christi/Page_Homepage/i_My Learning Icon_app-icon wi wi-menu fa-lg' is clicked on

2020-05-13 18:25:26 - [TEST_STEP][PASSED] - click(findTestObject("Christi/Page_Homepage/span_Online Learning"), STOP_ON_FAILURE): Object: 'Object Repository/Christi/Page_Homepage/span_Online Learning' is clicked on

2020-05-13 18:25:26 - [MESSAGE][PASSED] - Object: 'Object Repository/Christi/Page_Homepage/span_Online Learning' is clicked on

2020-05-13 18:25:26 - [TEST_STEP][PASSED] - delay(3): Delayed 3 second(s)

2020-05-13 18:25:29 - [MESSAGE][PASSED] - Delayed 3 second(s)

2020-05-13 18:25:29 - [TEST_STEP][PASSED] - setText(findTestObject("Christi/Page_Job Functions/input_Back button_searchModul"), module_name): Text 'WELCOMING KIT' is set on object 'Object Repository/Christi/Page_Job Functions/input_Back button_searchModul'

2020-05-13 18:25:40 - [MESSAGE][PASSED] - Text 'WELCOMING KIT' is set on object 'Object Repository/Christi/Page_Job Functions/input_Back button_searchModul'

2020-05-13 18:25:40 - [TEST_STEP][PASSED] - click(findTestObject("Object Repository/Christi/Page_Job Functions/button_Clear button_app-search-button wi wi-search")): Object: 'Object Repository/Christi/Page_Job Functions/button_Clear button_app-search-button wi wi-search' is clicked on

2020-05-13 18:25:41 - [MESSAGE][PASSED] - Object: 'Object Repository/Christi/Page_Job Functions/button_Clear button_app-search-button wi wi-search' is clicked on

2020-05-13 18:25:41 - [TEST_STEP][PASSED] - delay(3): Delayed 3 second(s)

2020-05-13 18:25:44 - [MESSAGE][PASSED] - Delayed 3 second(s)

2020-05-13 18:25:44 - [TEST_STEP][PASSED] - if (found == "yes"): null

2020-05-13 18:25:44 - [TEST_STEP][PASSED] - verifyElementPresent(findTestObject("Christi/Page_Online Learning Search Result/label_Ditemukan modul dengan kata kunci"), 0): Object 'Object Repository/Christi/Page_Online Learning Search Result/label_Ditemukan modul dengan kata kunci' is present

2020-05-13 18:25:44 - [MESSAGE][WARNING] - Timeout '0' is invalid. Using default page load timeout: '30'

2020-05-13 18:25:49 - [MESSAGE][PASSED] - Object 'Object Repository/Christi/Page_Online Learning Search Result/label_Ditemukan modul dengan kata kunci' is present

2020-05-13 18:25:49 - [TEST_STEP][PASSED] - delay(3): Delayed 3 second(s)

2020-05-13 18:25:52 - [MESSAGE][PASSED] - Delayed 3 second(s)

2020-05-13 18:25:52 - [TEST_STEP][PASSED] - click(findTestObject("Christi/Page_Online Learning Search Result/span_Lihat Modul")): Object: 'Object Repository/Christi/Page_Online Learning Search Result/span_Lihat Modul' is clicked on

2020-05-13 18:25:53 - [MESSAGE][PASSED] - Object: 'Object Repository/Christi/Page_Online Learning Search Result/span_Lihat Modul' is clicked on

2020-05-13 18:25:53 - [TEST_STEP][PASSED] - delay(3): Delayed 3 second(s)

2020-05-13 18:25:56 - [MESSAGE][PASSED] - Delayed 3 second(s)

2020-05-13 18:25:56 - [TEST_STEP][PASSED] - if (status == "new"): null

2020-05-13 18:25:56 - [TEST_STEP][PASSED] - delay(3): Delayed 3 second(s)

2020-05-13 18:25:59 - [MESSAGE][PASSED] - Delayed 3 second(s)

2020-05-13 18:25:59 - [TEST_STEP][PASSED] - closeBrowser(): Browser is closed

2020-05-13 18:25:59 - [MESSAGE][PASSED] - Browser is closed]]></system-out>
         <system-err><![CDATA[]]></system-err>
      </testcase>
      <testcase name="Test Cases/Christi/User/Online Learning - Lihat Modul" time="98.183" classname="Test Cases/Christi/User/Online Learning - Lihat Modul" status="PASSED">
         <system-out><![CDATA[2020-05-13 18:25:59 - [TEST_CASE][PASSED] - Test Cases/Christi/User/Online Learning - Lihat Modul: Test Cases/Christi/User/Online Learning - Lihat Modul

2020-05-13 18:25:59 - [TEST_STEP][PASSED] - callTestCase(findTestCase("Christi/User/user login"), ["username":"14426", "password":"Password2"], STOP_ON_FAILURE): Call Test Case 'Test Cases/Christi/User/user login' successfully

2020-05-13 18:25:59 - [TEST_CASE][PASSED] - Test Cases/Christi/User/user login: Test Cases/Christi/User/user login

2020-05-13 18:26:00 - [TEST_STEP][PASSED] - openBrowser(""): Browser is opened with url: ''

2020-05-13 18:26:00 - [MESSAGE][INFO] - Starting 'Chrome' driver

2020-05-13 18:26:02 - [MESSAGE][PASSED] - Browser is opened with url: ''

2020-05-13 18:26:02 - [TEST_STEP][PASSED] - maximizeWindow(): Current window maximized

2020-05-13 18:26:04 - [MESSAGE][PASSED] - Current window maximized

2020-05-13 18:26:04 - [TEST_STEP][PASSED] - navigateToUrl("https://appsrv1.deltadatamandiri.com/ACC_LMS_WEB/#/Main"): Navigate to 'https://appsrv1.deltadatamandiri.com/ACC_LMS_WEB/#/Main' successfully

2020-05-13 18:26:19 - [MESSAGE][PASSED] - Navigate to 'https://appsrv1.deltadatamandiri.com/ACC_LMS_WEB/#/Main' successfully

2020-05-13 18:26:19 - [TEST_STEP][PASSED] - click(findTestObject("Object Repository/Christi/Page_Main/span_login")): Object: 'Object Repository/Christi/Page_Main/span_login' is clicked on

2020-05-13 18:26:24 - [MESSAGE][ERROR] - javascript error: Failed to execute 'elementsFromPoint' on 'Document': The provided double value is non-finite.
  (Session info: chrome=81.0.4044.138)
Build info: version: '3.141.59', revision: 'e82be7d358', time: '2018-11-14T08:25:53'
System info: host: 'LAPTOP-D0TPACJ1', ip: '192.168.100.227', os.name: 'Windows 10', os.arch: 'amd64', os.version: '10.0', java.version: '1.8.0_181'
Driver info: com.kms.katalon.selenium.driver.CChromeDriver
Capabilities {acceptInsecureCerts: false, browserName: chrome, browserVersion: 81.0.4044.138, chrome: {chromedriverVersion: 80.0.3987.106 (f68069574609..., userDataDir: C:\Users\ASUS\AppData\Local...}, goog:chromeOptions: {debuggerAddress: localhost:49403}, javascriptEnabled: true, networkConnectionEnabled: false, pageLoadStrategy: normal, platform: WINDOWS, platformName: WINDOWS, proxy: Proxy(), setWindowRect: true, strictFileInteractability: false, timeouts: {implicit: 0, pageLoad: 300000, script: 30000}, unhandledPromptBehavior: dismiss and notify}
Session ID: 0ebefd581abf32f154f82d22d77a9d71

2020-05-13 18:26:25 - [MESSAGE][PASSED] - Object: 'Object Repository/Christi/Page_Main/span_login' is clicked on

2020-05-13 18:26:25 - [TEST_STEP][PASSED] - delay(3): Delayed 3 second(s)

2020-05-13 18:26:28 - [MESSAGE][PASSED] - Delayed 3 second(s)

2020-05-13 18:26:28 - [TEST_STEP][PASSED] - setText(findTestObject("Object Repository/Christi/Page_Main/input_NPK_username"), username): Text '14426' is set on object 'Object Repository/Christi/Page_Main/input_NPK_username'

2020-05-13 18:26:28 - [MESSAGE][PASSED] - Text '14426' is set on object 'Object Repository/Christi/Page_Main/input_NPK_username'

2020-05-13 18:26:28 - [TEST_STEP][PASSED] - setText(findTestObject("Object Repository/Christi/Page_Main/input_Password_password"), password): Text 'Password2' is set on object 'Object Repository/Christi/Page_Main/input_Password_password'

2020-05-13 18:26:29 - [MESSAGE][PASSED] - Text 'Password2' is set on object 'Object Repository/Christi/Page_Main/input_Password_password'

2020-05-13 18:26:29 - [TEST_STEP][PASSED] - click(findTestObject("Object Repository/Christi/Page_Main/span_Remember me")): Object: 'Object Repository/Christi/Page_Main/span_Remember me' is clicked on

2020-05-13 18:26:29 - [MESSAGE][PASSED] - Object: 'Object Repository/Christi/Page_Main/span_Remember me' is clicked on

2020-05-13 18:26:29 - [TEST_STEP][PASSED] - click(findTestObject("Object Repository/Christi/Page_Main/span_login_1")): Object: 'Object Repository/Christi/Page_Main/span_login_1' is clicked on

2020-05-13 18:26:30 - [MESSAGE][PASSED] - Object: 'Object Repository/Christi/Page_Main/span_login_1' is clicked on

2020-05-13 18:26:30 - [TEST_STEP][PASSED] - delay(5): Delayed 5 second(s)

2020-05-13 18:26:35 - [MESSAGE][PASSED] - Delayed 5 second(s)

2020-05-13 18:26:35 - [MESSAGE][PASSED] - Call Test Case 'Test Cases/Christi/User/user login' successfully

2020-05-13 18:26:35 - [TEST_STEP][PASSED] - click(findTestObject("Christi/Page_Homepage/i_My Learning Icon_app-icon wi wi-menu fa-lg")): Object: 'Object Repository/Christi/Page_Homepage/i_My Learning Icon_app-icon wi wi-menu fa-lg' is clicked on

2020-05-13 18:26:52 - [MESSAGE][PASSED] - Object: 'Object Repository/Christi/Page_Homepage/i_My Learning Icon_app-icon wi wi-menu fa-lg' is clicked on

2020-05-13 18:26:52 - [TEST_STEP][PASSED] - click(findTestObject("Christi/Page_Homepage/span_Online Learning"), STOP_ON_FAILURE): Object: 'Object Repository/Christi/Page_Homepage/span_Online Learning' is clicked on

2020-05-13 18:26:52 - [MESSAGE][PASSED] - Object: 'Object Repository/Christi/Page_Homepage/span_Online Learning' is clicked on

2020-05-13 18:26:52 - [TEST_STEP][PASSED] - delay(3): Delayed 3 second(s)

2020-05-13 18:26:55 - [MESSAGE][PASSED] - Delayed 3 second(s)

2020-05-13 18:26:55 - [TEST_STEP][PASSED] - setText(findTestObject("Christi/Page_Job Functions/input_Back button_searchModul"), module_name): Text 'NEOP AAV' is set on object 'Object Repository/Christi/Page_Job Functions/input_Back button_searchModul'

2020-05-13 18:27:07 - [MESSAGE][PASSED] - Text 'NEOP AAV' is set on object 'Object Repository/Christi/Page_Job Functions/input_Back button_searchModul'

2020-05-13 18:27:07 - [TEST_STEP][PASSED] - click(findTestObject("Object Repository/Christi/Page_Job Functions/button_Clear button_app-search-button wi wi-search")): Object: 'Object Repository/Christi/Page_Job Functions/button_Clear button_app-search-button wi wi-search' is clicked on

2020-05-13 18:27:08 - [MESSAGE][PASSED] - Object: 'Object Repository/Christi/Page_Job Functions/button_Clear button_app-search-button wi wi-search' is clicked on

2020-05-13 18:27:08 - [TEST_STEP][PASSED] - delay(3): Delayed 3 second(s)

2020-05-13 18:27:11 - [MESSAGE][PASSED] - Delayed 3 second(s)

2020-05-13 18:27:11 - [TEST_STEP][PASSED] - if (found == "yes"): Object 'Object Repository/Christi/Page_Online Learning Detail/button_Mulai Modul' is present

2020-05-13 18:27:11 - [TEST_STEP][PASSED] - verifyElementPresent(findTestObject("Christi/Page_Online Learning Search Result/label_Ditemukan modul dengan kata kunci"), 0): Object 'Object Repository/Christi/Page_Online Learning Search Result/label_Ditemukan modul dengan kata kunci' is present

2020-05-13 18:27:11 - [MESSAGE][WARNING] - Timeout '0' is invalid. Using default page load timeout: '30'

2020-05-13 18:27:17 - [MESSAGE][PASSED] - Object 'Object Repository/Christi/Page_Online Learning Search Result/label_Ditemukan modul dengan kata kunci' is present

2020-05-13 18:27:17 - [TEST_STEP][PASSED] - delay(3): Delayed 3 second(s)

2020-05-13 18:27:20 - [MESSAGE][PASSED] - Delayed 3 second(s)

2020-05-13 18:27:20 - [TEST_STEP][PASSED] - click(findTestObject("Christi/Page_Online Learning Search Result/span_Lihat Modul")): Object: 'Object Repository/Christi/Page_Online Learning Search Result/span_Lihat Modul' is clicked on

2020-05-13 18:27:21 - [MESSAGE][PASSED] - Object: 'Object Repository/Christi/Page_Online Learning Search Result/span_Lihat Modul' is clicked on

2020-05-13 18:27:21 - [TEST_STEP][PASSED] - delay(3): Delayed 3 second(s)

2020-05-13 18:27:24 - [MESSAGE][PASSED] - Delayed 3 second(s)

2020-05-13 18:27:24 - [TEST_STEP][PASSED] - if (status == "new"): Object 'Object Repository/Christi/Page_Online Learning Detail/button_Mulai Modul' is present

2020-05-13 18:27:24 - [TEST_STEP][PASSED] - verifyElementPresent(findTestObject("Christi/Page_Online Learning Detail/button_Mulai Modul"), 0): Object 'Object Repository/Christi/Page_Online Learning Detail/button_Mulai Modul' is present

2020-05-13 18:27:24 - [MESSAGE][WARNING] - Timeout '0' is invalid. Using default page load timeout: '30'

2020-05-13 18:27:34 - [MESSAGE][PASSED] - Object 'Object Repository/Christi/Page_Online Learning Detail/button_Mulai Modul' is present

2020-05-13 18:27:34 - [TEST_STEP][PASSED] - delay(3): Delayed 3 second(s)

2020-05-13 18:27:37 - [MESSAGE][PASSED] - Delayed 3 second(s)

2020-05-13 18:27:37 - [TEST_STEP][PASSED] - closeBrowser(): Browser is closed

2020-05-13 18:27:38 - [MESSAGE][PASSED] - Browser is closed]]></system-out>
         <system-err><![CDATA[]]></system-err>
      </testcase>
      <system-out><![CDATA[2020-05-13 18:23:24 - [TEST_SUITE][PASSED] - Online Learning: Test Cases/Christi/User/Online Learning - Lihat Modul]]></system-out>
      <system-err><![CDATA[]]></system-err>
   </testsuite>
</testsuites>
