<?xml version="1.0" encoding="UTF-8"?>
<testsuites name="Admin - Login" time="646.341" tests="7" failures="0" errors="0">
   <testsuite name="Admin - Login" tests="7" failures="0" errors="0" time="646.341" timestamp="2020-06-17 13:43:18" hostname="rizkajuliant20 - DESKTOP-NHES7H6" id="Test Suites/Rizka/Admin/Admin - Custom/Admin - Login">
      <properties>
         <property name="deviceName" value=""/>
         <property name="devicePlatform" value=""/>
         <property name="logFolder" value="D:\\MY WORLD\\WORKS (TUGAS)\\LearningManagementWeb\\Reports\\20200617_134307\\Rizka\\Admin\\Admin - Custom\\Admin - Login\\20200617_134307"/>
         <property name="logFiles" value="D:\\MY WORLD\\WORKS (TUGAS)\\LearningManagementWeb\\Reports\\20200617_134307\\Rizka\\Admin\\Admin - Custom\\Admin - Login\\20200617_134307\\execution0.log"/>
         <property name="attachments" value=""/>
         <property name="hostName" value="rizkajuliant20 - DESKTOP-NHES7H6"/>
         <property name="os" value="Windows 10 64bit"/>
         <property name="katalonVersion" value="7.2.1.1"/>
         <property name="browser" value="Chrome 83.0.4103.97"/>
         <property name="hostAddress" value="192.168.1.64"/>
         <property name="sessionId" value="e89a90e7cd792cac27cc4f4b419eedd3"/>
         <property name="seleniumVersion" value="3.141.59"/>
         <property name="proxyInformation" value="ProxyInformation{proxyOption=NO_PROXY, proxyServerType=HTTP, password=, proxyServerAddress=, proxyServerPort=0, executionList=}"/>
         <property name="platform" value="Windows 10"/>
      </properties>
      <testcase name="Test Cases/Rizka/Admin/Custom/Admin - Login" time="124.071" classname="Test Cases/Rizka/Admin/Custom/Admin - Login" status="PASSED">
         <system-out><![CDATA[2020-06-17 13:43:19 - [TEST_CASE][PASSED] - Test Cases/Rizka/Admin/Custom/Admin - Login: Test Cases/Rizka/Admin/Custom/Admin - Login

2020-06-17 13:43:20 - [TEST_STEP][PASSED] - openBrowser("https://appsrv1.deltadatamandiri.com/ACC_LMS_WEB/#/admNLmn"): Browser is opened with url: 'https://appsrv1.deltadatamandiri.com/ACC_LMS_WEB/#/admNLmn'

2020-06-17 13:43:20 - [MESSAGE][INFO] - Starting 'Chrome' driver

2020-06-17 13:43:21 - [MESSAGE][INFO] - Action delay is set to 0 seconds

2020-06-17 13:44:37 - [MESSAGE][PASSED] - Browser is opened with url: 'https://appsrv1.deltadatamandiri.com/ACC_LMS_WEB/#/admNLmn'

2020-06-17 13:44:37 - [TEST_STEP][PASSED] - maximizeWindow(): Current window maximized

2020-06-17 13:44:38 - [MESSAGE][PASSED] - Current window maximized

2020-06-17 13:44:38 - [TEST_STEP][PASSED] - delay(30): Delayed 30 second(s)

2020-06-17 13:45:08 - [MESSAGE][PASSED] - Delayed 30 second(s)

2020-06-17 13:45:08 - [TEST_STEP][PASSED] - click(findTestObject("Rizka/Admin/Admin - Login/btnLogin")): Object: 'Object Repository/Rizka/Admin/Admin - Login/btnLogin' is clicked on

2020-06-17 13:45:09 - [MESSAGE][PASSED] - Object: 'Object Repository/Rizka/Admin/Admin - Login/btnLogin' is clicked on

2020-06-17 13:45:09 - [TEST_STEP][PASSED] - setText(findTestObject("Rizka/Admin/Admin - Login/txtUsername"), username): Text '11666' is set on object 'Object Repository/Rizka/Admin/Admin - Login/txtUsername'

2020-06-17 13:45:10 - [MESSAGE][PASSED] - Text '11666' is set on object 'Object Repository/Rizka/Admin/Admin - Login/txtUsername'

2020-06-17 13:45:10 - [TEST_STEP][PASSED] - setText(findTestObject("Rizka/Admin/Admin - Login/txtPassword"), password): Text 'Password3' is set on object 'Object Repository/Rizka/Admin/Admin - Login/txtPassword'

2020-06-17 13:45:11 - [MESSAGE][PASSED] - Text 'Password3' is set on object 'Object Repository/Rizka/Admin/Admin - Login/txtPassword'

2020-06-17 13:45:11 - [TEST_STEP][PASSED] - click(findTestObject("Rizka/Admin/Admin - Login/btnEyePass")): Object: 'Object Repository/Rizka/Admin/Admin - Login/btnEyePass' is clicked on

2020-06-17 13:45:11 - [MESSAGE][PASSED] - Object: 'Object Repository/Rizka/Admin/Admin - Login/btnEyePass' is clicked on

2020-06-17 13:45:11 - [TEST_STEP][PASSED] - if (rememberMe == "yes"): Object: 'Object Repository/Rizka/Admin/Admin - Login/checkboxRememberMe' is clicked on

2020-06-17 13:45:11 - [TEST_STEP][PASSED] - click(findTestObject("Rizka/Admin/Admin - Login/checkboxRememberMe")): Object: 'Object Repository/Rizka/Admin/Admin - Login/checkboxRememberMe' is clicked on

2020-06-17 13:45:12 - [MESSAGE][PASSED] - Object: 'Object Repository/Rizka/Admin/Admin - Login/checkboxRememberMe' is clicked on

2020-06-17 13:45:12 - [TEST_STEP][PASSED] - click(findTestObject("Rizka/Admin/Admin - Login/btnLogin2")): Object: 'Object Repository/Rizka/Admin/Admin - Login/btnLogin2' is clicked on

2020-06-17 13:45:12 - [MESSAGE][PASSED] - Object: 'Object Repository/Rizka/Admin/Admin - Login/btnLogin2' is clicked on

2020-06-17 13:45:12 - [TEST_STEP][PASSED] - delay(10): Delayed 10 second(s)

2020-06-17 13:45:22 - [MESSAGE][PASSED] - Delayed 10 second(s)

2020-06-17 13:45:22 - [TEST_STEP][PASSED] - if (condition == "passed"): Object 'Object Repository/Rizka/Admin/Admin - Login/span_Dashboard' is visible

2020-06-17 13:45:22 - [TEST_STEP][PASSED] - verifyElementVisible(findTestObject("Rizka/Admin/Admin - Login/span_Dashboard")): Object 'Object Repository/Rizka/Admin/Admin - Login/span_Dashboard' is visible

2020-06-17 13:45:23 - [MESSAGE][PASSED] - Object 'Object Repository/Rizka/Admin/Admin - Login/span_Dashboard' is visible]]></system-out>
         <system-err><![CDATA[]]></system-err>
      </testcase>
      <testcase name="Test Cases/Rizka/Admin/Custom/Admin - Login" time="104.66" classname="Test Cases/Rizka/Admin/Custom/Admin - Login" status="PASSED">
         <system-out><![CDATA[2020-06-17 13:45:23 - [TEST_CASE][PASSED] - Test Cases/Rizka/Admin/Custom/Admin - Login: Test Cases/Rizka/Admin/Custom/Admin - Login

2020-06-17 13:45:23 - [TEST_STEP][PASSED] - openBrowser("https://appsrv1.deltadatamandiri.com/ACC_LMS_WEB/#/admNLmn"): Browser is opened with url: 'https://appsrv1.deltadatamandiri.com/ACC_LMS_WEB/#/admNLmn'

2020-06-17 13:45:23 - [MESSAGE][WARNING] - A browser is already opened. Closing browser and opening a new one

2020-06-17 13:45:24 - [MESSAGE][INFO] - Starting 'Chrome' driver

2020-06-17 13:46:23 - [MESSAGE][PASSED] - Browser is opened with url: 'https://appsrv1.deltadatamandiri.com/ACC_LMS_WEB/#/admNLmn'

2020-06-17 13:46:23 - [TEST_STEP][PASSED] - maximizeWindow(): Current window maximized

2020-06-17 13:46:24 - [MESSAGE][PASSED] - Current window maximized

2020-06-17 13:46:24 - [TEST_STEP][PASSED] - delay(30): Delayed 30 second(s)

2020-06-17 13:46:54 - [MESSAGE][PASSED] - Delayed 30 second(s)

2020-06-17 13:46:54 - [TEST_STEP][PASSED] - click(findTestObject("Rizka/Admin/Admin - Login/btnLogin")): Object: 'Object Repository/Rizka/Admin/Admin - Login/btnLogin' is clicked on

2020-06-17 13:46:55 - [MESSAGE][PASSED] - Object: 'Object Repository/Rizka/Admin/Admin - Login/btnLogin' is clicked on

2020-06-17 13:46:55 - [TEST_STEP][PASSED] - setText(findTestObject("Rizka/Admin/Admin - Login/txtUsername"), username): Text '11666' is set on object 'Object Repository/Rizka/Admin/Admin - Login/txtUsername'

2020-06-17 13:46:56 - [MESSAGE][PASSED] - Text '11666' is set on object 'Object Repository/Rizka/Admin/Admin - Login/txtUsername'

2020-06-17 13:46:56 - [TEST_STEP][PASSED] - setText(findTestObject("Rizka/Admin/Admin - Login/txtPassword"), password): Text 'Password3' is set on object 'Object Repository/Rizka/Admin/Admin - Login/txtPassword'

2020-06-17 13:46:56 - [MESSAGE][PASSED] - Text 'Password3' is set on object 'Object Repository/Rizka/Admin/Admin - Login/txtPassword'

2020-06-17 13:46:56 - [TEST_STEP][PASSED] - click(findTestObject("Rizka/Admin/Admin - Login/btnEyePass")): Object: 'Object Repository/Rizka/Admin/Admin - Login/btnEyePass' is clicked on

2020-06-17 13:46:57 - [MESSAGE][PASSED] - Object: 'Object Repository/Rizka/Admin/Admin - Login/btnEyePass' is clicked on

2020-06-17 13:46:57 - [TEST_STEP][PASSED] - if (rememberMe == "yes"): null

2020-06-17 13:46:57 - [TEST_STEP][PASSED] - click(findTestObject("Rizka/Admin/Admin - Login/btnLogin2")): Object: 'Object Repository/Rizka/Admin/Admin - Login/btnLogin2' is clicked on

2020-06-17 13:46:57 - [MESSAGE][PASSED] - Object: 'Object Repository/Rizka/Admin/Admin - Login/btnLogin2' is clicked on

2020-06-17 13:46:57 - [TEST_STEP][PASSED] - delay(10): Delayed 10 second(s)

2020-06-17 13:47:07 - [MESSAGE][PASSED] - Delayed 10 second(s)

2020-06-17 13:47:07 - [TEST_STEP][PASSED] - if (condition == "passed"): Object 'Object Repository/Rizka/Admin/Admin - Login/span_Dashboard' is visible

2020-06-17 13:47:07 - [TEST_STEP][PASSED] - verifyElementVisible(findTestObject("Rizka/Admin/Admin - Login/span_Dashboard")): Object 'Object Repository/Rizka/Admin/Admin - Login/span_Dashboard' is visible

2020-06-17 13:47:08 - [MESSAGE][PASSED] - Object 'Object Repository/Rizka/Admin/Admin - Login/span_Dashboard' is visible]]></system-out>
         <system-err><![CDATA[]]></system-err>
      </testcase>
      <testcase name="Test Cases/Rizka/Admin/Custom/Admin - Login" time="76.462" classname="Test Cases/Rizka/Admin/Custom/Admin - Login" status="PASSED">
         <system-out><![CDATA[2020-06-17 13:47:08 - [TEST_CASE][PASSED] - Test Cases/Rizka/Admin/Custom/Admin - Login: Test Cases/Rizka/Admin/Custom/Admin - Login

2020-06-17 13:47:08 - [TEST_STEP][PASSED] - openBrowser("https://appsrv1.deltadatamandiri.com/ACC_LMS_WEB/#/admNLmn"): Browser is opened with url: 'https://appsrv1.deltadatamandiri.com/ACC_LMS_WEB/#/admNLmn'

2020-06-17 13:47:08 - [MESSAGE][WARNING] - A browser is already opened. Closing browser and opening a new one

2020-06-17 13:47:09 - [MESSAGE][INFO] - Starting 'Chrome' driver

2020-06-17 13:47:39 - [MESSAGE][PASSED] - Browser is opened with url: 'https://appsrv1.deltadatamandiri.com/ACC_LMS_WEB/#/admNLmn'

2020-06-17 13:47:39 - [TEST_STEP][PASSED] - maximizeWindow(): Current window maximized

2020-06-17 13:47:40 - [MESSAGE][PASSED] - Current window maximized

2020-06-17 13:47:40 - [TEST_STEP][PASSED] - delay(30): Delayed 30 second(s)

2020-06-17 13:48:10 - [MESSAGE][PASSED] - Delayed 30 second(s)

2020-06-17 13:48:10 - [TEST_STEP][PASSED] - click(findTestObject("Rizka/Admin/Admin - Login/btnLogin")): Object: 'Object Repository/Rizka/Admin/Admin - Login/btnLogin' is clicked on

2020-06-17 13:48:10 - [MESSAGE][PASSED] - Object: 'Object Repository/Rizka/Admin/Admin - Login/btnLogin' is clicked on

2020-06-17 13:48:10 - [TEST_STEP][PASSED] - setText(findTestObject("Rizka/Admin/Admin - Login/txtUsername"), username): Text '11688' is set on object 'Object Repository/Rizka/Admin/Admin - Login/txtUsername'

2020-06-17 13:48:11 - [MESSAGE][PASSED] - Text '11688' is set on object 'Object Repository/Rizka/Admin/Admin - Login/txtUsername'

2020-06-17 13:48:11 - [TEST_STEP][PASSED] - setText(findTestObject("Rizka/Admin/Admin - Login/txtPassword"), password): Text 'Password3' is set on object 'Object Repository/Rizka/Admin/Admin - Login/txtPassword'

2020-06-17 13:48:12 - [MESSAGE][PASSED] - Text 'Password3' is set on object 'Object Repository/Rizka/Admin/Admin - Login/txtPassword'

2020-06-17 13:48:12 - [TEST_STEP][PASSED] - click(findTestObject("Rizka/Admin/Admin - Login/btnEyePass")): Object: 'Object Repository/Rizka/Admin/Admin - Login/btnEyePass' is clicked on

2020-06-17 13:48:12 - [MESSAGE][PASSED] - Object: 'Object Repository/Rizka/Admin/Admin - Login/btnEyePass' is clicked on

2020-06-17 13:48:12 - [TEST_STEP][PASSED] - if (rememberMe == "yes"): Object: 'Object Repository/Rizka/Admin/Admin - Login/checkboxRememberMe' is clicked on

2020-06-17 13:48:12 - [TEST_STEP][PASSED] - click(findTestObject("Rizka/Admin/Admin - Login/checkboxRememberMe")): Object: 'Object Repository/Rizka/Admin/Admin - Login/checkboxRememberMe' is clicked on

2020-06-17 13:48:13 - [MESSAGE][PASSED] - Object: 'Object Repository/Rizka/Admin/Admin - Login/checkboxRememberMe' is clicked on

2020-06-17 13:48:13 - [TEST_STEP][PASSED] - click(findTestObject("Rizka/Admin/Admin - Login/btnLogin2")): Object: 'Object Repository/Rizka/Admin/Admin - Login/btnLogin2' is clicked on

2020-06-17 13:48:14 - [MESSAGE][PASSED] - Object: 'Object Repository/Rizka/Admin/Admin - Login/btnLogin2' is clicked on

2020-06-17 13:48:14 - [TEST_STEP][PASSED] - delay(10): Delayed 10 second(s)

2020-06-17 13:48:24 - [MESSAGE][PASSED] - Delayed 10 second(s)

2020-06-17 13:48:24 - [TEST_STEP][PASSED] - if (condition == "passed"): null

2020-06-17 13:48:24 - [TEST_STEP][PASSED] - else if (condition == "isEmpty"): null

2020-06-17 13:48:24 - [TEST_STEP][PASSED] - else: Object 'Object Repository/Rizka/Admin/Admin - Login/label_Email address does not existPassword is wrong' is visible

2020-06-17 13:48:24 - [TEST_STEP][PASSED] - verifyElementVisible(findTestObject("Rizka/Admin/Admin - Login/label_Email address does not existPassword is wrong")): Object 'Object Repository/Rizka/Admin/Admin - Login/label_Email address does not existPassword is wrong' is visible

2020-06-17 13:48:24 - [MESSAGE][PASSED] - Object 'Object Repository/Rizka/Admin/Admin - Login/label_Email address does not existPassword is wrong' is visible]]></system-out>
         <system-err><![CDATA[]]></system-err>
      </testcase>
      <testcase name="Test Cases/Rizka/Admin/Custom/Admin - Login" time="68.422" classname="Test Cases/Rizka/Admin/Custom/Admin - Login" status="PASSED">
         <system-out><![CDATA[2020-06-17 13:48:24 - [TEST_CASE][PASSED] - Test Cases/Rizka/Admin/Custom/Admin - Login: Test Cases/Rizka/Admin/Custom/Admin - Login

2020-06-17 13:48:24 - [TEST_STEP][PASSED] - openBrowser("https://appsrv1.deltadatamandiri.com/ACC_LMS_WEB/#/admNLmn"): Browser is opened with url: 'https://appsrv1.deltadatamandiri.com/ACC_LMS_WEB/#/admNLmn'

2020-06-17 13:48:24 - [MESSAGE][WARNING] - A browser is already opened. Closing browser and opening a new one

2020-06-17 13:48:25 - [MESSAGE][INFO] - Starting 'Chrome' driver

2020-06-17 13:48:49 - [MESSAGE][PASSED] - Browser is opened with url: 'https://appsrv1.deltadatamandiri.com/ACC_LMS_WEB/#/admNLmn'

2020-06-17 13:48:49 - [TEST_STEP][PASSED] - maximizeWindow(): Current window maximized

2020-06-17 13:48:50 - [MESSAGE][PASSED] - Current window maximized

2020-06-17 13:48:50 - [TEST_STEP][PASSED] - delay(30): Delayed 30 second(s)

2020-06-17 13:49:20 - [MESSAGE][PASSED] - Delayed 30 second(s)

2020-06-17 13:49:20 - [TEST_STEP][PASSED] - click(findTestObject("Rizka/Admin/Admin - Login/btnLogin")): Object: 'Object Repository/Rizka/Admin/Admin - Login/btnLogin' is clicked on

2020-06-17 13:49:20 - [MESSAGE][PASSED] - Object: 'Object Repository/Rizka/Admin/Admin - Login/btnLogin' is clicked on

2020-06-17 13:49:20 - [TEST_STEP][PASSED] - setText(findTestObject("Rizka/Admin/Admin - Login/txtUsername"), username): Text '11666' is set on object 'Object Repository/Rizka/Admin/Admin - Login/txtUsername'

2020-06-17 13:49:21 - [MESSAGE][PASSED] - Text '11666' is set on object 'Object Repository/Rizka/Admin/Admin - Login/txtUsername'

2020-06-17 13:49:21 - [TEST_STEP][PASSED] - setText(findTestObject("Rizka/Admin/Admin - Login/txtPassword"), password): Text 'Pas' is set on object 'Object Repository/Rizka/Admin/Admin - Login/txtPassword'

2020-06-17 13:49:21 - [MESSAGE][PASSED] - Text 'Pas' is set on object 'Object Repository/Rizka/Admin/Admin - Login/txtPassword'

2020-06-17 13:49:21 - [TEST_STEP][PASSED] - click(findTestObject("Rizka/Admin/Admin - Login/btnEyePass")): Object: 'Object Repository/Rizka/Admin/Admin - Login/btnEyePass' is clicked on

2020-06-17 13:49:22 - [MESSAGE][PASSED] - Object: 'Object Repository/Rizka/Admin/Admin - Login/btnEyePass' is clicked on

2020-06-17 13:49:22 - [TEST_STEP][PASSED] - if (rememberMe == "yes"): null

2020-06-17 13:49:22 - [TEST_STEP][PASSED] - click(findTestObject("Rizka/Admin/Admin - Login/btnLogin2")): Object: 'Object Repository/Rizka/Admin/Admin - Login/btnLogin2' is clicked on

2020-06-17 13:49:22 - [MESSAGE][PASSED] - Object: 'Object Repository/Rizka/Admin/Admin - Login/btnLogin2' is clicked on

2020-06-17 13:49:22 - [TEST_STEP][PASSED] - delay(10): Delayed 10 second(s)

2020-06-17 13:49:32 - [MESSAGE][PASSED] - Delayed 10 second(s)

2020-06-17 13:49:32 - [TEST_STEP][PASSED] - if (condition == "passed"): null

2020-06-17 13:49:32 - [TEST_STEP][PASSED] - else if (condition == "isEmpty"): null

2020-06-17 13:49:32 - [TEST_STEP][PASSED] - else: Object 'Object Repository/Rizka/Admin/Admin - Login/label_Email address does not existPassword is wrong' is visible

2020-06-17 13:49:32 - [TEST_STEP][PASSED] - verifyElementVisible(findTestObject("Rizka/Admin/Admin - Login/label_Email address does not existPassword is wrong")): Object 'Object Repository/Rizka/Admin/Admin - Login/label_Email address does not existPassword is wrong' is visible

2020-06-17 13:49:33 - [MESSAGE][PASSED] - Object 'Object Repository/Rizka/Admin/Admin - Login/label_Email address does not existPassword is wrong' is visible]]></system-out>
         <system-err><![CDATA[]]></system-err>
      </testcase>
      <testcase name="Test Cases/Rizka/Admin/Custom/Admin - Login" time="68.398" classname="Test Cases/Rizka/Admin/Custom/Admin - Login" status="PASSED">
         <system-out><![CDATA[2020-06-17 13:49:33 - [TEST_CASE][PASSED] - Test Cases/Rizka/Admin/Custom/Admin - Login: Test Cases/Rizka/Admin/Custom/Admin - Login

2020-06-17 13:49:33 - [TEST_STEP][PASSED] - openBrowser("https://appsrv1.deltadatamandiri.com/ACC_LMS_WEB/#/admNLmn"): Browser is opened with url: 'https://appsrv1.deltadatamandiri.com/ACC_LMS_WEB/#/admNLmn'

2020-06-17 13:49:33 - [MESSAGE][WARNING] - A browser is already opened. Closing browser and opening a new one

2020-06-17 13:49:34 - [MESSAGE][INFO] - Starting 'Chrome' driver

2020-06-17 13:49:57 - [MESSAGE][PASSED] - Browser is opened with url: 'https://appsrv1.deltadatamandiri.com/ACC_LMS_WEB/#/admNLmn'

2020-06-17 13:49:57 - [TEST_STEP][PASSED] - maximizeWindow(): Current window maximized

2020-06-17 13:49:58 - [MESSAGE][PASSED] - Current window maximized

2020-06-17 13:49:58 - [TEST_STEP][PASSED] - delay(30): Delayed 30 second(s)

2020-06-17 13:50:28 - [MESSAGE][PASSED] - Delayed 30 second(s)

2020-06-17 13:50:28 - [TEST_STEP][PASSED] - click(findTestObject("Rizka/Admin/Admin - Login/btnLogin")): Object: 'Object Repository/Rizka/Admin/Admin - Login/btnLogin' is clicked on

2020-06-17 13:50:29 - [MESSAGE][PASSED] - Object: 'Object Repository/Rizka/Admin/Admin - Login/btnLogin' is clicked on

2020-06-17 13:50:29 - [TEST_STEP][PASSED] - setText(findTestObject("Rizka/Admin/Admin - Login/txtUsername"), username): Text '' is set on object 'Object Repository/Rizka/Admin/Admin - Login/txtUsername'

2020-06-17 13:50:29 - [MESSAGE][PASSED] - Text '' is set on object 'Object Repository/Rizka/Admin/Admin - Login/txtUsername'

2020-06-17 13:50:29 - [TEST_STEP][PASSED] - setText(findTestObject("Rizka/Admin/Admin - Login/txtPassword"), password): Text 'Password3' is set on object 'Object Repository/Rizka/Admin/Admin - Login/txtPassword'

2020-06-17 13:50:30 - [MESSAGE][PASSED] - Text 'Password3' is set on object 'Object Repository/Rizka/Admin/Admin - Login/txtPassword'

2020-06-17 13:50:30 - [TEST_STEP][PASSED] - click(findTestObject("Rizka/Admin/Admin - Login/btnEyePass")): Object: 'Object Repository/Rizka/Admin/Admin - Login/btnEyePass' is clicked on

2020-06-17 13:50:30 - [MESSAGE][PASSED] - Object: 'Object Repository/Rizka/Admin/Admin - Login/btnEyePass' is clicked on

2020-06-17 13:50:30 - [TEST_STEP][PASSED] - if (rememberMe == "yes"): null

2020-06-17 13:50:30 - [TEST_STEP][PASSED] - click(findTestObject("Rizka/Admin/Admin - Login/btnLogin2")): Object: 'Object Repository/Rizka/Admin/Admin - Login/btnLogin2' is clicked on

2020-06-17 13:50:31 - [MESSAGE][PASSED] - Object: 'Object Repository/Rizka/Admin/Admin - Login/btnLogin2' is clicked on

2020-06-17 13:50:31 - [TEST_STEP][PASSED] - delay(10): Delayed 10 second(s)

2020-06-17 13:50:41 - [MESSAGE][PASSED] - Delayed 10 second(s)

2020-06-17 13:50:41 - [TEST_STEP][PASSED] - if (condition == "passed"): null

2020-06-17 13:50:41 - [TEST_STEP][PASSED] - else if (condition == "isEmpty"): Object 'Object Repository/Rizka/Admin/Admin - Login/btnLogin' is visible

2020-06-17 13:50:41 - [TEST_STEP][PASSED] - verifyElementVisible(findTestObject("Rizka/Admin/Admin - Login/btnLogin")): Object 'Object Repository/Rizka/Admin/Admin - Login/btnLogin' is visible

2020-06-17 13:50:41 - [MESSAGE][PASSED] - Object 'Object Repository/Rizka/Admin/Admin - Login/btnLogin' is visible]]></system-out>
         <system-err><![CDATA[]]></system-err>
      </testcase>
      <testcase name="Test Cases/Rizka/Admin/Custom/Admin - Login" time="95.595" classname="Test Cases/Rizka/Admin/Custom/Admin - Login" status="PASSED">
         <system-out><![CDATA[2020-06-17 13:50:41 - [TEST_CASE][PASSED] - Test Cases/Rizka/Admin/Custom/Admin - Login: Test Cases/Rizka/Admin/Custom/Admin - Login

2020-06-17 13:50:41 - [TEST_STEP][PASSED] - openBrowser("https://appsrv1.deltadatamandiri.com/ACC_LMS_WEB/#/admNLmn"): Browser is opened with url: 'https://appsrv1.deltadatamandiri.com/ACC_LMS_WEB/#/admNLmn'

2020-06-17 13:50:41 - [MESSAGE][WARNING] - A browser is already opened. Closing browser and opening a new one

2020-06-17 13:50:42 - [MESSAGE][INFO] - Starting 'Chrome' driver

2020-06-17 13:51:33 - [MESSAGE][PASSED] - Browser is opened with url: 'https://appsrv1.deltadatamandiri.com/ACC_LMS_WEB/#/admNLmn'

2020-06-17 13:51:33 - [TEST_STEP][PASSED] - maximizeWindow(): Current window maximized

2020-06-17 13:51:34 - [MESSAGE][PASSED] - Current window maximized

2020-06-17 13:51:34 - [TEST_STEP][PASSED] - delay(30): Delayed 30 second(s)

2020-06-17 13:52:04 - [MESSAGE][PASSED] - Delayed 30 second(s)

2020-06-17 13:52:04 - [TEST_STEP][PASSED] - click(findTestObject("Rizka/Admin/Admin - Login/btnLogin")): Object: 'Object Repository/Rizka/Admin/Admin - Login/btnLogin' is clicked on

2020-06-17 13:52:05 - [MESSAGE][PASSED] - Object: 'Object Repository/Rizka/Admin/Admin - Login/btnLogin' is clicked on

2020-06-17 13:52:05 - [TEST_STEP][PASSED] - setText(findTestObject("Rizka/Admin/Admin - Login/txtUsername"), username): Text '11666' is set on object 'Object Repository/Rizka/Admin/Admin - Login/txtUsername'

2020-06-17 13:52:05 - [MESSAGE][PASSED] - Text '11666' is set on object 'Object Repository/Rizka/Admin/Admin - Login/txtUsername'

2020-06-17 13:52:05 - [TEST_STEP][PASSED] - setText(findTestObject("Rizka/Admin/Admin - Login/txtPassword"), password): Text '' is set on object 'Object Repository/Rizka/Admin/Admin - Login/txtPassword'

2020-06-17 13:52:06 - [MESSAGE][PASSED] - Text '' is set on object 'Object Repository/Rizka/Admin/Admin - Login/txtPassword'

2020-06-17 13:52:06 - [TEST_STEP][PASSED] - click(findTestObject("Rizka/Admin/Admin - Login/btnEyePass")): Object: 'Object Repository/Rizka/Admin/Admin - Login/btnEyePass' is clicked on

2020-06-17 13:52:06 - [MESSAGE][PASSED] - Object: 'Object Repository/Rizka/Admin/Admin - Login/btnEyePass' is clicked on

2020-06-17 13:52:06 - [TEST_STEP][PASSED] - if (rememberMe == "yes"): null

2020-06-17 13:52:06 - [TEST_STEP][PASSED] - click(findTestObject("Rizka/Admin/Admin - Login/btnLogin2")): Object: 'Object Repository/Rizka/Admin/Admin - Login/btnLogin2' is clicked on

2020-06-17 13:52:07 - [MESSAGE][PASSED] - Object: 'Object Repository/Rizka/Admin/Admin - Login/btnLogin2' is clicked on

2020-06-17 13:52:07 - [TEST_STEP][PASSED] - delay(10): Delayed 10 second(s)

2020-06-17 13:52:17 - [MESSAGE][PASSED] - Delayed 10 second(s)

2020-06-17 13:52:17 - [TEST_STEP][PASSED] - if (condition == "passed"): null

2020-06-17 13:52:17 - [TEST_STEP][PASSED] - else if (condition == "isEmpty"): Object 'Object Repository/Rizka/Admin/Admin - Login/btnLogin' is visible

2020-06-17 13:52:17 - [TEST_STEP][PASSED] - verifyElementVisible(findTestObject("Rizka/Admin/Admin - Login/btnLogin")): Object 'Object Repository/Rizka/Admin/Admin - Login/btnLogin' is visible

2020-06-17 13:52:17 - [MESSAGE][PASSED] - Object 'Object Repository/Rizka/Admin/Admin - Login/btnLogin' is visible]]></system-out>
         <system-err><![CDATA[]]></system-err>
      </testcase>
      <testcase name="Test Cases/Rizka/Admin/Custom/Admin - Login" time="105.767" classname="Test Cases/Rizka/Admin/Custom/Admin - Login" status="PASSED">
         <system-out><![CDATA[2020-06-17 13:52:17 - [TEST_CASE][PASSED] - Test Cases/Rizka/Admin/Custom/Admin - Login: Test Cases/Rizka/Admin/Custom/Admin - Login

2020-06-17 13:52:17 - [TEST_STEP][PASSED] - openBrowser("https://appsrv1.deltadatamandiri.com/ACC_LMS_WEB/#/admNLmn"): Browser is opened with url: 'https://appsrv1.deltadatamandiri.com/ACC_LMS_WEB/#/admNLmn'

2020-06-17 13:52:17 - [MESSAGE][WARNING] - A browser is already opened. Closing browser and opening a new one

2020-06-17 13:52:18 - [MESSAGE][INFO] - Starting 'Chrome' driver

2020-06-17 13:53:19 - [MESSAGE][PASSED] - Browser is opened with url: 'https://appsrv1.deltadatamandiri.com/ACC_LMS_WEB/#/admNLmn'

2020-06-17 13:53:19 - [TEST_STEP][PASSED] - maximizeWindow(): Current window maximized

2020-06-17 13:53:20 - [MESSAGE][PASSED] - Current window maximized

2020-06-17 13:53:20 - [TEST_STEP][PASSED] - delay(30): Delayed 30 second(s)

2020-06-17 13:53:50 - [MESSAGE][PASSED] - Delayed 30 second(s)

2020-06-17 13:53:50 - [TEST_STEP][PASSED] - click(findTestObject("Rizka/Admin/Admin - Login/btnLogin")): Object: 'Object Repository/Rizka/Admin/Admin - Login/btnLogin' is clicked on

2020-06-17 13:53:50 - [MESSAGE][PASSED] - Object: 'Object Repository/Rizka/Admin/Admin - Login/btnLogin' is clicked on

2020-06-17 13:53:50 - [TEST_STEP][PASSED] - setText(findTestObject("Rizka/Admin/Admin - Login/txtUsername"), username): Text '' is set on object 'Object Repository/Rizka/Admin/Admin - Login/txtUsername'

2020-06-17 13:53:51 - [MESSAGE][PASSED] - Text '' is set on object 'Object Repository/Rizka/Admin/Admin - Login/txtUsername'

2020-06-17 13:53:51 - [TEST_STEP][PASSED] - setText(findTestObject("Rizka/Admin/Admin - Login/txtPassword"), password): Text '' is set on object 'Object Repository/Rizka/Admin/Admin - Login/txtPassword'

2020-06-17 13:53:51 - [MESSAGE][PASSED] - Text '' is set on object 'Object Repository/Rizka/Admin/Admin - Login/txtPassword'

2020-06-17 13:53:51 - [TEST_STEP][PASSED] - click(findTestObject("Rizka/Admin/Admin - Login/btnEyePass")): Object: 'Object Repository/Rizka/Admin/Admin - Login/btnEyePass' is clicked on

2020-06-17 13:53:52 - [MESSAGE][PASSED] - Object: 'Object Repository/Rizka/Admin/Admin - Login/btnEyePass' is clicked on

2020-06-17 13:53:52 - [TEST_STEP][PASSED] - if (rememberMe == "yes"): null

2020-06-17 13:53:52 - [TEST_STEP][PASSED] - click(findTestObject("Rizka/Admin/Admin - Login/btnLogin2")): Object: 'Object Repository/Rizka/Admin/Admin - Login/btnLogin2' is clicked on

2020-06-17 13:53:52 - [MESSAGE][PASSED] - Object: 'Object Repository/Rizka/Admin/Admin - Login/btnLogin2' is clicked on

2020-06-17 13:53:52 - [TEST_STEP][PASSED] - delay(10): Delayed 10 second(s)

2020-06-17 13:54:02 - [MESSAGE][PASSED] - Delayed 10 second(s)

2020-06-17 13:54:02 - [TEST_STEP][PASSED] - if (condition == "passed"): null

2020-06-17 13:54:02 - [TEST_STEP][PASSED] - else if (condition == "isEmpty"): Object 'Object Repository/Rizka/Admin/Admin - Login/btnLogin' is visible

2020-06-17 13:54:02 - [TEST_STEP][PASSED] - verifyElementVisible(findTestObject("Rizka/Admin/Admin - Login/btnLogin")): Object 'Object Repository/Rizka/Admin/Admin - Login/btnLogin' is visible

2020-06-17 13:54:03 - [MESSAGE][PASSED] - Object 'Object Repository/Rizka/Admin/Admin - Login/btnLogin' is visible]]></system-out>
         <system-err><![CDATA[]]></system-err>
      </testcase>
      <system-out><![CDATA[2020-06-17 13:43:18 - [TEST_SUITE][PASSED] - Admin - Login: Test Cases/Rizka/Admin/Custom/Admin - Login]]></system-out>
      <system-err><![CDATA[]]></system-err>
   </testsuite>
</testsuites>
