<?xml version="1.0" encoding="UTF-8"?>
<testsuites name="User-Login" time="64.426" tests="1" failures="0" errors="0">
   <testsuite name="User-Login" tests="1" failures="0" errors="0" time="64.426" timestamp="2020-05-14 14:04:45" hostname="Denna Leksanti - 192.168.152.1" id="Test Suites/Denna/User-Login">
      <properties>
         <property name="deviceName" value=""/>
         <property name="devicePlatform" value=""/>
         <property name="logFolder" value="C:\\Users\\Hari Sapto\\git\\LearningManagementWeb\\Reports\\20200514_140431\\Denna\\User-Login\\20200514_140431"/>
         <property name="logFiles" value="C:\\Users\\Hari Sapto\\git\\LearningManagementWeb\\Reports\\20200514_140431\\Denna\\User-Login\\20200514_140431\\execution0.log"/>
         <property name="attachments" value=""/>
         <property name="hostName" value="Denna Leksanti - 192.168.152.1"/>
         <property name="os" value="Windows 10 64bit"/>
         <property name="katalonVersion" value="7.0.8.1"/>
         <property name="browser" value="Chrome 81.0.4044.138"/>
         <property name="hostAddress" value="192.168.152.1"/>
         <property name="sessionId" value="b9ff528d1dfed606a5b841d2f855e36e"/>
         <property name="seleniumVersion" value="3.141.59"/>
         <property name="proxyInformation" value="ProxyInformation{proxyOption=NO_PROXY, proxyServerType=HTTP, password=, proxyServerAddress=, proxyServerPort=0}"/>
         <property name="platform" value="Windows 10"/>
      </properties>
      <testcase name="Test Cases/Denna/User - Login" time="62.09" classname="Test Cases/Denna/User - Login" status="PASSED">
         <system-out><![CDATA[2020-05-14 14:04:46 - [TEST_CASE][PASSED] - Test Cases/Denna/User - Login: Test Cases/Denna/User - Login

2020-05-14 14:04:47 - [TEST_STEP][PASSED] - openBrowser(""): Browser is opened with url: ''

2020-05-14 14:04:47 - [MESSAGE][INFO] - Starting 'Chrome' driver

2020-05-14 14:04:47 - [MESSAGE][INFO] - Action delay is set to 0 seconds

2020-05-14 14:05:04 - [MESSAGE][PASSED] - Browser is opened with url: ''

2020-05-14 14:05:04 - [TEST_STEP][PASSED] - navigateToUrl("https://appsrv1.deltadatamandiri.com/ACC_LMS_WEB/#/Main"): Navigate to 'https://appsrv1.deltadatamandiri.com/ACC_LMS_WEB/#/Main' successfully

2020-05-14 14:05:12 - [MESSAGE][PASSED] - Navigate to 'https://appsrv1.deltadatamandiri.com/ACC_LMS_WEB/#/Main' successfully

2020-05-14 14:05:12 - [TEST_STEP][PASSED] - maximizeWindow(): Current window maximized

2020-05-14 14:05:14 - [MESSAGE][PASSED] - Current window maximized

2020-05-14 14:05:14 - [TEST_STEP][PASSED] - click(findTestObject("Denna/User-Login/button login")): Object: 'Object Repository/Denna/User-Login/button login' is clicked on

2020-05-14 14:05:23 - [MESSAGE][PASSED] - Object: 'Object Repository/Denna/User-Login/button login' is clicked on

2020-05-14 14:05:23 - [TEST_STEP][PASSED] - setText(findTestObject("Denna/User-Login/input NPK username"), NPK_Username): Text '55555' is set on object 'Object Repository/Denna/User-Login/input NPK username'

2020-05-14 14:05:35 - [MESSAGE][PASSED] - Text '55555' is set on object 'Object Repository/Denna/User-Login/input NPK username'

2020-05-14 14:05:35 - [TEST_STEP][PASSED] - setText(findTestObject("Denna/User-Login/inputPassword"), Password): Text 'Password2' is set on object 'Object Repository/Denna/User-Login/inputPassword'

2020-05-14 14:05:38 - [MESSAGE][PASSED] - Text 'Password2' is set on object 'Object Repository/Denna/User-Login/inputPassword'

2020-05-14 14:05:38 - [TEST_STEP][PASSED] - if (Keterangan == "remember"): null

2020-05-14 14:05:38 - [TEST_STEP][PASSED] - click(findTestObject("Denna/User-Login/button login 1 masuk")): Object: 'Object Repository/Denna/User-Login/button login 1 masuk' is clicked on

2020-05-14 14:05:40 - [MESSAGE][PASSED] - Object: 'Object Repository/Denna/User-Login/button login 1 masuk' is clicked on

2020-05-14 14:05:40 - [TEST_STEP][PASSED] - switch (Kondisi): null

2020-05-14 14:05:40 - [TEST_STEP][PASSED] - case "fail":: null

2020-05-14 14:05:40 - [TEST_STEP][PASSED] - if (Keterangan == "npkPasswordEmpty"): null

2020-05-14 14:05:40 - [TEST_STEP][PASSED] - else if (Keterangan == "npkEmpty"): null

2020-05-14 14:05:40 - [TEST_STEP][PASSED] - else if (Keterangan == "PasswordEmpty"): null

2020-05-14 14:05:40 - [TEST_STEP][PASSED] - else if (Keterangan == "wrongPassword"): null

2020-05-14 14:05:40 - [TEST_STEP][PASSED] - else if (Keterangan == "wrongNpk"): Object 'Object Repository/Denna/User-Login/label Email address does not existPassword is wrong' is visible

2020-05-14 14:05:40 - [TEST_STEP][PASSED] - verifyElementVisible(findTestObject("Denna/User-Login/label Email address does not existPassword is wrong")): Object 'Object Repository/Denna/User-Login/label Email address does not existPassword is wrong' is visible

2020-05-14 14:05:44 - [MESSAGE][PASSED] - Object 'Object Repository/Denna/User-Login/label Email address does not existPassword is wrong' is visible

2020-05-14 14:05:44 - [TEST_STEP][PASSED] - break: null

2020-05-14 14:05:44 - [TEST_STEP][PASSED] - closeBrowser(): Browser is closed

2020-05-14 14:05:48 - [MESSAGE][PASSED] - Browser is closed]]></system-out>
         <system-err><![CDATA[]]></system-err>
      </testcase>
      <system-out><![CDATA[2020-05-14 14:04:45 - [TEST_SUITE][PASSED] - User-Login: Test Cases/Denna/User - Login]]></system-out>
      <system-err><![CDATA[]]></system-err>
   </testsuite>
</testsuites>
