<?xml version="1.0" encoding="UTF-8"?>
<testsuites name="Manage Slider" time="86.47" tests="1" failures="0" errors="0">
   <testsuite name="Manage Slider" tests="1" failures="0" errors="0" time="86.47" timestamp="2020-05-26 11:01:26" hostname="ASUS - LAPTOP-D0TPACJ1" id="Test Suites/Christi/Manage Slider">
      <properties>
         <property name="deviceName" value=""/>
         <property name="devicePlatform" value=""/>
         <property name="logFolder" value="C:\\Users\\ASUS\\git\\LearningManagementWeb\\Reports\\20200526_110115\\Christi\\Manage Slider\\20200526_110115"/>
         <property name="logFiles" value="C:\\Users\\ASUS\\git\\LearningManagementWeb\\Reports\\20200526_110115\\Christi\\Manage Slider\\20200526_110115\\execution0.log"/>
         <property name="attachments" value=""/>
         <property name="hostName" value="ASUS - LAPTOP-D0TPACJ1"/>
         <property name="os" value="Windows 10 64bit"/>
         <property name="katalonVersion" value="7.0.10.1"/>
         <property name="browser" value="Chrome 81.0.4044.138"/>
         <property name="hostAddress" value="192.168.100.227"/>
         <property name="sessionId" value="ba73288f2eaef53877d88b53d50d2cf5"/>
         <property name="seleniumVersion" value="3.141.59"/>
         <property name="proxyInformation" value="ProxyInformation{proxyOption=NO_PROXY, proxyServerType=HTTP, password=, proxyServerAddress=, proxyServerPort=0}"/>
         <property name="platform" value="Windows 10"/>
      </properties>
      <testcase name="Test Cases/Christi/Admin/Manage Slider - new slider" time="85.468" classname="Test Cases/Christi/Admin/Manage Slider - new slider" status="PASSED">
         <system-out><![CDATA[2020-05-26 11:01:26 - [TEST_CASE][PASSED] - Test Cases/Christi/Admin/Manage Slider - new slider: Test Cases/Christi/Admin/Manage Slider - new slider

2020-05-26 11:01:28 - [TEST_STEP][PASSED] - callTestCase(findTestCase("Christi/Admin/admin login"), ["username":"11666", "password":"Password3"], STOP_ON_FAILURE): Call Test Case 'Test Cases/Christi/Admin/admin login' successfully

2020-05-26 11:01:28 - [TEST_CASE][PASSED] - Test Cases/Christi/Admin/admin login: Test Cases/Christi/Admin/admin login

2020-05-26 11:01:28 - [TEST_STEP][PASSED] - openBrowser(""): Browser is opened with url: ''

2020-05-26 11:01:29 - [MESSAGE][INFO] - Starting 'Chrome' driver

2020-05-26 11:01:29 - [MESSAGE][INFO] - Action delay is set to 0 seconds

2020-05-26 11:01:35 - [MESSAGE][PASSED] - Browser is opened with url: ''

2020-05-26 11:01:35 - [TEST_STEP][PASSED] - maximizeWindow(): Current window maximized

2020-05-26 11:01:37 - [MESSAGE][PASSED] - Current window maximized

2020-05-26 11:01:37 - [TEST_STEP][PASSED] - navigateToUrl("https://appsrv1.deltadatamandiri.com/ACC_LMS_WEB/#/admNLmn"): Navigate to 'https://appsrv1.deltadatamandiri.com/ACC_LMS_WEB/#/admNLmn' successfully

2020-05-26 11:01:48 - [MESSAGE][PASSED] - Navigate to 'https://appsrv1.deltadatamandiri.com/ACC_LMS_WEB/#/admNLmn' successfully

2020-05-26 11:01:48 - [TEST_STEP][PASSED] - click(findTestObject("Christi/Page_Main/button_login")): Object: 'Object Repository/Christi/Page_Main/button_login' is clicked on

2020-05-26 11:01:52 - [MESSAGE][ERROR] - javascript error: Failed to execute 'elementsFromPoint' on 'Document': The provided double value is non-finite.
  (Session info: chrome=81.0.4044.138)
Build info: version: '3.141.59', revision: 'e82be7d358', time: '2018-11-14T08:25:53'
System info: host: 'LAPTOP-D0TPACJ1', ip: '192.168.100.227', os.name: 'Windows 10', os.arch: 'amd64', os.version: '10.0', java.version: '1.8.0_181'
Driver info: com.kms.katalon.selenium.driver.CChromeDriver
Capabilities {acceptInsecureCerts: false, browserName: chrome, browserVersion: 81.0.4044.138, chrome: {chromedriverVersion: 80.0.3987.106 (f68069574609..., userDataDir: C:\Users\ASUS\AppData\Local...}, goog:chromeOptions: {debuggerAddress: localhost:55337}, javascriptEnabled: true, networkConnectionEnabled: false, pageLoadStrategy: normal, platform: WINDOWS, platformName: WINDOWS, proxy: Proxy(), setWindowRect: true, strictFileInteractability: false, timeouts: {implicit: 0, pageLoad: 300000, script: 30000}, unhandledPromptBehavior: dismiss and notify}
Session ID: ba73288f2eaef53877d88b53d50d2cf5

2020-05-26 11:01:53 - [MESSAGE][PASSED] - Object: 'Object Repository/Christi/Page_Main/button_login' is clicked on

2020-05-26 11:01:53 - [TEST_STEP][PASSED] - delay(3): Delayed 3 second(s)

2020-05-26 11:01:56 - [MESSAGE][PASSED] - Delayed 3 second(s)

2020-05-26 11:01:56 - [TEST_STEP][PASSED] - setText(findTestObject("Object Repository/Christi/Page_Main/input_NPK_username"), username): Text '11666' is set on object 'Object Repository/Christi/Page_Main/input_NPK_username'

2020-05-26 11:01:57 - [MESSAGE][PASSED] - Text '11666' is set on object 'Object Repository/Christi/Page_Main/input_NPK_username'

2020-05-26 11:01:57 - [TEST_STEP][PASSED] - setText(findTestObject("Object Repository/Christi/Page_Main/input_Password_password"), password): Text 'Password3' is set on object 'Object Repository/Christi/Page_Main/input_Password_password'

2020-05-26 11:01:57 - [MESSAGE][PASSED] - Text 'Password3' is set on object 'Object Repository/Christi/Page_Main/input_Password_password'

2020-05-26 11:01:57 - [TEST_STEP][PASSED] - delay(5): Delayed 5 second(s)

2020-05-26 11:02:02 - [MESSAGE][PASSED] - Delayed 5 second(s)

2020-05-26 11:02:02 - [TEST_STEP][PASSED] - click(findTestObject("Rizka/Admin - Login/btnLogin2")): Object: 'Object Repository/Rizka/Admin - Login/btnLogin2' is clicked on

2020-05-26 11:02:03 - [MESSAGE][PASSED] - Object: 'Object Repository/Rizka/Admin - Login/btnLogin2' is clicked on

2020-05-26 11:02:03 - [TEST_STEP][PASSED] - delay(5): Delayed 5 second(s)

2020-05-26 11:02:08 - [MESSAGE][PASSED] - Delayed 5 second(s)

2020-05-26 11:02:08 - [MESSAGE][PASSED] - Call Test Case 'Test Cases/Christi/Admin/admin login' successfully

2020-05-26 11:02:08 - [TEST_STEP][PASSED] - delay(3): Delayed 3 second(s)

2020-05-26 11:02:11 - [MESSAGE][PASSED] - Delayed 3 second(s)

2020-05-26 11:02:11 - [TEST_STEP][PASSED] - click(findTestObject("Object Repository/Christi/Page_Dashboard Admin/span_Manage Slider")): Object: 'Object Repository/Christi/Page_Dashboard Admin/span_Manage Slider' is clicked on

2020-05-26 11:02:17 - [MESSAGE][PASSED] - Object: 'Object Repository/Christi/Page_Dashboard Admin/span_Manage Slider' is clicked on

2020-05-26 11:02:17 - [TEST_STEP][PASSED] - delay(3): Delayed 3 second(s)

2020-05-26 11:02:20 - [MESSAGE][PASSED] - Delayed 3 second(s)

2020-05-26 11:02:20 - [TEST_STEP][PASSED] - click(findTestObject("Christi/Page_Manage Sliders/button_New Slider")): Object: 'Object Repository/Christi/Page_Manage Sliders/button_New Slider' is clicked on

2020-05-26 11:02:31 - [MESSAGE][PASSED] - Object: 'Object Repository/Christi/Page_Manage Sliders/button_New Slider' is clicked on

2020-05-26 11:02:31 - [TEST_STEP][PASSED] - delay(3): Delayed 3 second(s)

2020-05-26 11:02:34 - [MESSAGE][PASSED] - Delayed 3 second(s)

2020-05-26 11:02:34 - [TEST_STEP][PASSED] - setText(findTestObject("Object Repository/Christi/Page_Manage Sliders/input_Slider name maximum 25 character_txtS_4aaddd"), nama_slider): Text '' is set on object 'Object Repository/Christi/Page_Manage Sliders/input_Slider name maximum 25 character_txtS_4aaddd'

2020-05-26 11:02:34 - [MESSAGE][PASSED] - Text '' is set on object 'Object Repository/Christi/Page_Manage Sliders/input_Slider name maximum 25 character_txtS_4aaddd'

2020-05-26 11:02:34 - [TEST_STEP][PASSED] - delay(3): Delayed 3 second(s)

2020-05-26 11:02:37 - [MESSAGE][PASSED] - Delayed 3 second(s)

2020-05-26 11:02:37 - [TEST_STEP][PASSED] - setText(findTestObject("Object Repository/Christi/Page_Manage Sliders/input_Section Link_txtSliderLink"), url): Text 'https://appsrv1.deltadatamandiri.com/ACC_LMS_WEB/#/onlineLearningDetail?modulID=6' is set on object 'Object Repository/Christi/Page_Manage Sliders/input_Section Link_txtSliderLink'

2020-05-26 11:02:39 - [MESSAGE][PASSED] - Text 'https://appsrv1.deltadatamandiri.com/ACC_LMS_WEB/#/onlineLearningDetail?modulID=6' is set on object 'Object Repository/Christi/Page_Manage Sliders/input_Section Link_txtSliderLink'

2020-05-26 11:02:39 - [TEST_STEP][PASSED] - delay(3): Delayed 3 second(s)

2020-05-26 11:02:42 - [MESSAGE][PASSED] - Delayed 3 second(s)

2020-05-26 11:02:42 - [TEST_STEP][PASSED] - if (expected == "pass"): null

2020-05-26 11:02:42 - [TEST_STEP][PASSED] - else if (expected == "fail"): Object 'Object Repository/Christi/Page_Manage Sliders/label_Add Slider' is present

2020-05-26 11:02:42 - [TEST_STEP][PASSED] - if (upload == "yes"): null

2020-05-26 11:02:42 - [TEST_STEP][PASSED] - uploadFile(findTestObject("Christi/Page_Manage Sliders/input_Icon_files"), img_slider): File 'C:\Users\ASUS\git\LearningManagementWeb\konten lms\WhatsApp Image 2020-02-20 at 08.37.35 (1).jpeg' sent to object: 'Object Repository/Christi/Page_Manage Sliders/input_Icon_files'

2020-05-26 11:02:42 - [MESSAGE][PASSED] - File 'C:\Users\ASUS\git\LearningManagementWeb\konten lms\WhatsApp Image 2020-02-20 at 08.37.35 (1).jpeg' sent to object: 'Object Repository/Christi/Page_Manage Sliders/input_Icon_files'

2020-05-26 11:02:42 - [TEST_STEP][PASSED] - if (max_image_size == "yes"): null

2020-05-26 11:02:42 - [TEST_STEP][PASSED] - click(findTestObject("Christi/Page_Manage Sliders/span_Confirm")): Object: 'Object Repository/Christi/Page_Manage Sliders/span_Confirm' is clicked on

2020-05-26 11:02:44 - [MESSAGE][PASSED] - Object: 'Object Repository/Christi/Page_Manage Sliders/span_Confirm' is clicked on

2020-05-26 11:02:44 - [TEST_STEP][PASSED] - delay(3): Delayed 3 second(s)

2020-05-26 11:02:47 - [MESSAGE][PASSED] - Delayed 3 second(s)

2020-05-26 11:02:47 - [TEST_STEP][PASSED] - verifyElementPresent(findTestObject("Christi/Page_Manage Sliders/label_Add Slider"), 0): Object 'Object Repository/Christi/Page_Manage Sliders/label_Add Slider' is present

2020-05-26 11:02:48 - [MESSAGE][WARNING] - Timeout '0' is invalid. Using default page load timeout: '30'

2020-05-26 11:02:48 - [MESSAGE][PASSED] - Object 'Object Repository/Christi/Page_Manage Sliders/label_Add Slider' is present

2020-05-26 11:02:48 - [TEST_STEP][PASSED] - delay(3): Delayed 3 second(s)

2020-05-26 11:02:51 - [MESSAGE][PASSED] - Delayed 3 second(s)

2020-05-26 11:02:51 - [TEST_STEP][PASSED] - closeBrowser(): Browser is closed

2020-05-26 11:02:52 - [MESSAGE][PASSED] - Browser is closed]]></system-out>
         <system-err><![CDATA[]]></system-err>
      </testcase>
      <system-out><![CDATA[2020-05-26 11:01:26 - [TEST_SUITE][PASSED] - Manage Slider: Test Cases/Christi/Admin/Manage Slider - new slider]]></system-out>
      <system-err><![CDATA[]]></system-err>
   </testsuite>
</testsuites>
