<?xml version="1.0" encoding="UTF-8"?>
<testsuites name="Admin - Manage Test - Quiz" time="114.273" tests="1" failures="0" errors="0">
   <testsuite name="Admin - Manage Test - Quiz" tests="1" failures="0" errors="0" time="114.273" timestamp="2020-05-26 15:17:01" hostname="rizkajuliant20 - DESKTOP-NHES7H6" id="Test Suites/Rizka/Admin/Admin - Manage Test - Quiz">
      <properties>
         <property name="deviceName" value=""/>
         <property name="devicePlatform" value=""/>
         <property name="logFolder" value="D:\\MY WORLD\\WORKS (TUGAS)\\LearningManagementWeb\\Reports\\20200526_151650\\Rizka\\Admin\\Admin - Manage Test - Quiz\\20200526_151650"/>
         <property name="logFiles" value="D:\\MY WORLD\\WORKS (TUGAS)\\LearningManagementWeb\\Reports\\20200526_151650\\Rizka\\Admin\\Admin - Manage Test - Quiz\\20200526_151650\\execution0.log"/>
         <property name="attachments" value=""/>
         <property name="hostName" value="rizkajuliant20 - DESKTOP-NHES7H6"/>
         <property name="os" value="Windows 10 64bit"/>
         <property name="katalonVersion" value="7.2.1.1"/>
         <property name="browser" value="Chrome 81.0.4044.138"/>
         <property name="hostAddress" value="192.168.43.107"/>
         <property name="sessionId" value="74ebbeaeebf9e8a2f5a6844ffa44e106"/>
         <property name="seleniumVersion" value="3.141.59"/>
         <property name="proxyInformation" value="ProxyInformation{proxyOption=NO_PROXY, proxyServerType=HTTP, password=, proxyServerAddress=, proxyServerPort=0, executionList=}"/>
         <property name="platform" value="Windows 10"/>
      </properties>
      <testcase name="Test Cases/Rizka/Admin/Manage Test/Admin - Manage Test - Quiz - Next Page" time="110.652" classname="Test Cases/Rizka/Admin/Manage Test/Admin - Manage Test - Quiz - Next Page" status="PASSED">
         <system-out><![CDATA[2020-05-26 15:17:03 - [TEST_CASE][PASSED] - Test Cases/Rizka/Admin/Manage Test/Admin - Manage Test - Quiz - Next Page: Test Cases/Rizka/Admin/Manage Test/Admin - Manage Test - Quiz - Next Page

2020-05-26 15:17:04 - [TEST_STEP][PASSED] - openBrowser(""): Browser is opened with url: ''

2020-05-26 15:17:05 - [MESSAGE][INFO] - Starting 'Chrome' driver

2020-05-26 15:17:05 - [MESSAGE][INFO] - Action delay is set to 0 seconds

2020-05-26 15:17:14 - [MESSAGE][PASSED] - Browser is opened with url: ''

2020-05-26 15:17:14 - [TEST_STEP][PASSED] - navigateToUrl("https://appsrv1.deltadatamandiri.com/ACC_LMS_WEB/#/admNLmn"): Navigate to 'https://appsrv1.deltadatamandiri.com/ACC_LMS_WEB/#/admNLmn' successfully

2020-05-26 15:17:28 - [MESSAGE][PASSED] - Navigate to 'https://appsrv1.deltadatamandiri.com/ACC_LMS_WEB/#/admNLmn' successfully

2020-05-26 15:17:28 - [TEST_STEP][PASSED] - maximizeWindow(): Current window maximized

2020-05-26 15:17:29 - [MESSAGE][PASSED] - Current window maximized

2020-05-26 15:17:29 - [TEST_STEP][PASSED] - delay(5): Delayed 5 second(s)

2020-05-26 15:17:34 - [MESSAGE][PASSED] - Delayed 5 second(s)

2020-05-26 15:17:34 - [TEST_STEP][PASSED] - click(findTestObject("Rizka/Admin/Admin - Login/btnLogin")): Object: 'Object Repository/Rizka/Admin/Admin - Login/btnLogin' is clicked on

2020-05-26 15:17:35 - [MESSAGE][PASSED] - Object: 'Object Repository/Rizka/Admin/Admin - Login/btnLogin' is clicked on

2020-05-26 15:17:35 - [TEST_STEP][PASSED] - setText(findTestObject("Rizka/Admin/Admin - Login/txtUsername"), "11666"): Text '11666' is set on object 'Object Repository/Rizka/Admin/Admin - Login/txtUsername'

2020-05-26 15:17:36 - [MESSAGE][PASSED] - Text '11666' is set on object 'Object Repository/Rizka/Admin/Admin - Login/txtUsername'

2020-05-26 15:17:36 - [TEST_STEP][PASSED] - setText(findTestObject("Rizka/Admin/Admin - Login/txtPassword"), "Password3"): Text 'Password3' is set on object 'Object Repository/Rizka/Admin/Admin - Login/txtPassword'

2020-05-26 15:17:37 - [MESSAGE][PASSED] - Text 'Password3' is set on object 'Object Repository/Rizka/Admin/Admin - Login/txtPassword'

2020-05-26 15:17:37 - [TEST_STEP][PASSED] - click(findTestObject("Rizka/Admin/Admin - Login/btnEyePass")): Object: 'Object Repository/Rizka/Admin/Admin - Login/btnEyePass' is clicked on

2020-05-26 15:17:37 - [MESSAGE][PASSED] - Object: 'Object Repository/Rizka/Admin/Admin - Login/btnEyePass' is clicked on

2020-05-26 15:17:37 - [TEST_STEP][PASSED] - click(findTestObject("Rizka/Admin/Admin - Login/checkboxRememberMe")): Object: 'Object Repository/Rizka/Admin/Admin - Login/checkboxRememberMe' is clicked on

2020-05-26 15:17:38 - [MESSAGE][PASSED] - Object: 'Object Repository/Rizka/Admin/Admin - Login/checkboxRememberMe' is clicked on

2020-05-26 15:17:38 - [TEST_STEP][PASSED] - click(findTestObject("Rizka/Admin/Admin - Login/btnLogin2")): Object: 'Object Repository/Rizka/Admin/Admin - Login/btnLogin2' is clicked on

2020-05-26 15:17:38 - [MESSAGE][PASSED] - Object: 'Object Repository/Rizka/Admin/Admin - Login/btnLogin2' is clicked on

2020-05-26 15:17:38 - [TEST_STEP][PASSED] - delay(20): Delayed 20 second(s)

2020-05-26 15:17:58 - [MESSAGE][PASSED] - Delayed 20 second(s)

2020-05-26 15:17:58 - [TEST_STEP][PASSED] - click(findTestObject("Rizka/Admin/Admin - Manage Test - Quiz - Next Page/btnManageTest")): Object: 'Object Repository/Rizka/Admin/Admin - Manage Test - Quiz - Next Page/btnManageTest' is clicked on

2020-05-26 15:17:59 - [MESSAGE][PASSED] - Object: 'Object Repository/Rizka/Admin/Admin - Manage Test - Quiz - Next Page/btnManageTest' is clicked on

2020-05-26 15:17:59 - [TEST_STEP][PASSED] - delay(10): Delayed 10 second(s)

2020-05-26 15:18:09 - [MESSAGE][PASSED] - Delayed 10 second(s)

2020-05-26 15:18:09 - [TEST_STEP][PASSED] - click(findTestObject("Rizka/Admin/Admin - Manage Test - Quiz - Next Page/btnQuiz")): Object: 'Object Repository/Rizka/Admin/Admin - Manage Test - Quiz - Next Page/btnQuiz' is clicked on

2020-05-26 15:18:09 - [MESSAGE][PASSED] - Object: 'Object Repository/Rizka/Admin/Admin - Manage Test - Quiz - Next Page/btnQuiz' is clicked on

2020-05-26 15:18:09 - [TEST_STEP][PASSED] - delay(5): Delayed 5 second(s)

2020-05-26 15:18:14 - [MESSAGE][PASSED] - Delayed 5 second(s)

2020-05-26 15:18:14 - [TEST_STEP][PASSED] - scrollToElement(findTestObject("Rizka/Admin/Admin - Manage Test - Quiz - Next Page/btnFirstPage"), 0): Scroll to object 'Object Repository/Rizka/Admin/Admin - Manage Test - Quiz - Next Page/btnFirstPage' successfully

2020-05-26 15:18:14 - [MESSAGE][WARNING] - Timeout '0' is invalid. Using default page load timeout: '30'

2020-05-26 15:18:37 - [MESSAGE][PASSED] - Scroll to object 'Object Repository/Rizka/Admin/Admin - Manage Test - Quiz - Next Page/btnFirstPage' successfully

2020-05-26 15:18:37 - [TEST_STEP][PASSED] - delay(5): Delayed 5 second(s)

2020-05-26 15:18:42 - [MESSAGE][PASSED] - Delayed 5 second(s)

2020-05-26 15:18:42 - [TEST_STEP][PASSED] - click(findTestObject("Rizka/Admin/Admin - Manage Test - Quiz - Next Page/btnNext")): Object: 'Object Repository/Rizka/Admin/Admin - Manage Test - Quiz - Next Page/btnNext' is clicked on

2020-05-26 15:18:43 - [MESSAGE][PASSED] - Object: 'Object Repository/Rizka/Admin/Admin - Manage Test - Quiz - Next Page/btnNext' is clicked on

2020-05-26 15:18:43 - [TEST_STEP][PASSED] - verifyElementClickable(findTestObject("Rizka/Admin/Admin - Manage Test - Quiz - Next Page/btnPrevious")): Object 'Object Repository/Rizka/Admin/Admin - Manage Test - Quiz - Next Page/btnPrevious' is clickable

2020-05-26 15:18:53 - [MESSAGE][PASSED] - Object 'Object Repository/Rizka/Admin/Admin - Manage Test - Quiz - Next Page/btnPrevious' is clickable]]></system-out>
         <system-err><![CDATA[]]></system-err>
      </testcase>
      <system-out><![CDATA[2020-05-26 15:17:01 - [TEST_SUITE][PASSED] - Admin - Manage Test - Quiz: Test Cases/Rizka/Admin/Manage Test/Admin - Manage Test - Quiz - Next Page]]></system-out>
      <system-err><![CDATA[]]></system-err>
   </testsuite>
</testsuites>
