<?xml version="1.0" encoding="UTF-8"?>
<testsuites name="User-Login" time="361.746" tests="6" failures="0" errors="0">
   <testsuite name="User-Login" tests="6" failures="0" errors="0" time="361.746" timestamp="2020-06-11 19:27:46" hostname="rizkajuliant20 - DESKTOP-NHES7H6" id="Test Suites/Denna/User-Login">
      <properties>
         <property name="deviceName" value=""/>
         <property name="devicePlatform" value=""/>
         <property name="logFolder" value="D:\\MY WORLD\\WORKS (TUGAS)\\LearningManagementWeb\\Reports\\20200611_192731\\Denna\\User-Login\\20200611_192731"/>
         <property name="logFiles" value="D:\\MY WORLD\\WORKS (TUGAS)\\LearningManagementWeb\\Reports\\20200611_192731\\Denna\\User-Login\\20200611_192731\\execution0.log"/>
         <property name="attachments" value=""/>
         <property name="hostName" value="rizkajuliant20 - DESKTOP-NHES7H6"/>
         <property name="os" value="Windows 10 64bit"/>
         <property name="katalonVersion" value="7.2.1.1"/>
         <property name="browser" value="Chrome 83.0.4103.97"/>
         <property name="hostAddress" value="192.168.1.116"/>
         <property name="sessionId" value="fb05a59c9dab941a107a788efa46cba7"/>
         <property name="seleniumVersion" value="3.141.59"/>
         <property name="proxyInformation" value="ProxyInformation{proxyOption=NO_PROXY, proxyServerType=HTTP, password=, proxyServerAddress=, proxyServerPort=0, executionList=}"/>
         <property name="platform" value="Windows 10"/>
      </properties>
      <testcase name="Test Cases/Denna/User - Login" time="69.73" classname="Test Cases/Denna/User - Login" status="PASSED">
         <system-out><![CDATA[2020-06-11 19:27:48 - [TEST_CASE][PASSED] - Test Cases/Denna/User - Login: Test Cases/Denna/User - Login

2020-06-11 19:27:49 - [TEST_STEP][PASSED] - openBrowser("https://appsrv1.deltadatamandiri.com/ACC_LMS_WEB/#/Main?redirectTo=onlineLearning"): Browser is opened with url: 'https://appsrv1.deltadatamandiri.com/ACC_LMS_WEB/#/Main?redirectTo=onlineLearning'

2020-06-11 19:27:50 - [MESSAGE][INFO] - Starting 'Chrome' driver

2020-06-11 19:27:50 - [MESSAGE][INFO] - Action delay is set to 0 seconds

2020-06-11 19:28:35 - [MESSAGE][PASSED] - Browser is opened with url: 'https://appsrv1.deltadatamandiri.com/ACC_LMS_WEB/#/Main?redirectTo=onlineLearning'

2020-06-11 19:28:35 - [TEST_STEP][PASSED] - maximizeWindow(): Current window maximized

2020-06-11 19:28:37 - [MESSAGE][PASSED] - Current window maximized

2020-06-11 19:28:37 - [TEST_STEP][PASSED] - click(findTestObject("Denna/User-Login/button login")): Object: 'Object Repository/Denna/User-Login/button login' is clicked on

2020-06-11 19:28:51 - [MESSAGE][ERROR] - javascript error: Failed to execute 'elementsFromPoint' on 'Document': The provided double value is non-finite.
  (Session info: chrome=83.0.4103.97)
Build info: version: '3.141.59', revision: 'e82be7d358', time: '2018-11-14T08:25:53'
System info: host: 'DESKTOP-NHES7H6', ip: '192.168.1.116', os.name: 'Windows 10', os.arch: 'amd64', os.version: '10.0', java.version: '1.8.0_181'
Driver info: com.kms.katalon.selenium.driver.CChromeDriver
Capabilities {acceptInsecureCerts: false, browserName: chrome, browserVersion: 83.0.4103.97, chrome: {chromedriverVersion: 83.0.4103.39 (ccbf011cb2d2b..., userDataDir: C:\Users\ASUS\AppData\Local...}, goog:chromeOptions: {debuggerAddress: localhost:52809}, javascriptEnabled: true, networkConnectionEnabled: false, pageLoadStrategy: normal, platform: WINDOWS, platformName: WINDOWS, proxy: Proxy(), setWindowRect: true, strictFileInteractability: false, timeouts: {implicit: 0, pageLoad: 300000, script: 30000}, unhandledPromptBehavior: dismiss and notify, webauthn:virtualAuthenticators: true}
Session ID: 6a70477a8dd14953a9b8695e189fc43f

2020-06-11 19:28:52 - [MESSAGE][PASSED] - Object: 'Object Repository/Denna/User-Login/button login' is clicked on

2020-06-11 19:28:52 - [TEST_STEP][PASSED] - setText(findTestObject("Denna/User-Login/input NPK username"), NPK_Username): Text '' is set on object 'Object Repository/Denna/User-Login/input NPK username'

2020-06-11 19:28:54 - [MESSAGE][PASSED] - Text '' is set on object 'Object Repository/Denna/User-Login/input NPK username'

2020-06-11 19:28:54 - [TEST_STEP][PASSED] - setText(findTestObject("Denna/User-Login/inputPassword"), Password): Text '' is set on object 'Object Repository/Denna/User-Login/inputPassword'

2020-06-11 19:28:55 - [MESSAGE][PASSED] - Text '' is set on object 'Object Repository/Denna/User-Login/inputPassword'

2020-06-11 19:28:55 - [TEST_STEP][PASSED] - if (Keterangan == "remember"): null

2020-06-11 19:28:55 - [TEST_STEP][PASSED] - click(findTestObject("Denna/User-Login/button login 1 masuk")): Object: 'Object Repository/Denna/User-Login/button login 1 masuk' is clicked on

2020-06-11 19:28:55 - [MESSAGE][PASSED] - Object: 'Object Repository/Denna/User-Login/button login 1 masuk' is clicked on

2020-06-11 19:28:55 - [TEST_STEP][PASSED] - switch (Kondisi): null

2020-06-11 19:28:55 - [TEST_STEP][PASSED] - case "fail":: null

2020-06-11 19:28:55 - [TEST_STEP][PASSED] - if (Keterangan == "npkPasswordEmpty"): Object 'Object Repository/Denna/User-Login/button login 1 masuk' is visible

2020-06-11 19:28:55 - [TEST_STEP][PASSED] - verifyElementVisible(findTestObject("Denna/User-Login/button login 1 masuk")): Object 'Object Repository/Denna/User-Login/button login 1 masuk' is visible

2020-06-11 19:28:56 - [MESSAGE][PASSED] - Object 'Object Repository/Denna/User-Login/button login 1 masuk' is visible

2020-06-11 19:28:56 - [TEST_STEP][PASSED] - break: null

2020-06-11 19:28:56 - [TEST_STEP][PASSED] - closeBrowser(): Browser is closed

2020-06-11 19:28:57 - [MESSAGE][PASSED] - Browser is closed]]></system-out>
         <system-err><![CDATA[]]></system-err>
      </testcase>
      <testcase name="Test Cases/Denna/User - Login" time="87.041" classname="Test Cases/Denna/User - Login" status="PASSED">
         <system-out><![CDATA[2020-06-11 19:28:58 - [TEST_CASE][PASSED] - Test Cases/Denna/User - Login: Test Cases/Denna/User - Login

2020-06-11 19:28:58 - [TEST_STEP][PASSED] - openBrowser("https://appsrv1.deltadatamandiri.com/ACC_LMS_WEB/#/Main?redirectTo=onlineLearning"): Browser is opened with url: 'https://appsrv1.deltadatamandiri.com/ACC_LMS_WEB/#/Main?redirectTo=onlineLearning'

2020-06-11 19:28:58 - [MESSAGE][INFO] - Starting 'Chrome' driver

2020-06-11 19:29:51 - [MESSAGE][PASSED] - Browser is opened with url: 'https://appsrv1.deltadatamandiri.com/ACC_LMS_WEB/#/Main?redirectTo=onlineLearning'

2020-06-11 19:29:51 - [TEST_STEP][PASSED] - maximizeWindow(): Current window maximized

2020-06-11 19:29:53 - [MESSAGE][PASSED] - Current window maximized

2020-06-11 19:29:53 - [TEST_STEP][PASSED] - click(findTestObject("Denna/User-Login/button login")): Object: 'Object Repository/Denna/User-Login/button login' is clicked on

2020-06-11 19:30:18 - [MESSAGE][ERROR] - javascript error: Failed to execute 'elementsFromPoint' on 'Document': The provided double value is non-finite.
  (Session info: chrome=83.0.4103.97)
Build info: version: '3.141.59', revision: 'e82be7d358', time: '2018-11-14T08:25:53'
System info: host: 'DESKTOP-NHES7H6', ip: '192.168.1.116', os.name: 'Windows 10', os.arch: 'amd64', os.version: '10.0', java.version: '1.8.0_181'
Driver info: com.kms.katalon.selenium.driver.CChromeDriver
Capabilities {acceptInsecureCerts: false, browserName: chrome, browserVersion: 83.0.4103.97, chrome: {chromedriverVersion: 83.0.4103.39 (ccbf011cb2d2b..., userDataDir: C:\Users\ASUS\AppData\Local...}, goog:chromeOptions: {debuggerAddress: localhost:52868}, javascriptEnabled: true, networkConnectionEnabled: false, pageLoadStrategy: normal, platform: WINDOWS, platformName: WINDOWS, proxy: Proxy(), setWindowRect: true, strictFileInteractability: false, timeouts: {implicit: 0, pageLoad: 300000, script: 30000}, unhandledPromptBehavior: dismiss and notify, webauthn:virtualAuthenticators: true}
Session ID: 896ce36b25ac1b104ab48052e7c9c3c4

2020-06-11 19:30:20 - [MESSAGE][PASSED] - Object: 'Object Repository/Denna/User-Login/button login' is clicked on

2020-06-11 19:30:20 - [TEST_STEP][PASSED] - setText(findTestObject("Denna/User-Login/input NPK username"), NPK_Username): Text '' is set on object 'Object Repository/Denna/User-Login/input NPK username'

2020-06-11 19:30:21 - [MESSAGE][PASSED] - Text '' is set on object 'Object Repository/Denna/User-Login/input NPK username'

2020-06-11 19:30:21 - [TEST_STEP][PASSED] - setText(findTestObject("Denna/User-Login/inputPassword"), Password): Text '#@ccPerfect2o19#' is set on object 'Object Repository/Denna/User-Login/inputPassword'

2020-06-11 19:30:22 - [MESSAGE][PASSED] - Text '#@ccPerfect2o19#' is set on object 'Object Repository/Denna/User-Login/inputPassword'

2020-06-11 19:30:22 - [TEST_STEP][PASSED] - if (Keterangan == "remember"): null

2020-06-11 19:30:22 - [TEST_STEP][PASSED] - click(findTestObject("Denna/User-Login/button login 1 masuk")): Object: 'Object Repository/Denna/User-Login/button login 1 masuk' is clicked on

2020-06-11 19:30:23 - [MESSAGE][PASSED] - Object: 'Object Repository/Denna/User-Login/button login 1 masuk' is clicked on

2020-06-11 19:30:23 - [TEST_STEP][PASSED] - switch (Kondisi): null

2020-06-11 19:30:23 - [TEST_STEP][PASSED] - case "fail":: null

2020-06-11 19:30:23 - [TEST_STEP][PASSED] - if (Keterangan == "npkPasswordEmpty"): null

2020-06-11 19:30:23 - [TEST_STEP][PASSED] - else if (Keterangan == "npkEmpty"): Object 'Object Repository/Denna/User-Login/button login 1 masuk' is visible

2020-06-11 19:30:23 - [TEST_STEP][PASSED] - verifyElementVisible(findTestObject("Denna/User-Login/button login 1 masuk")): Object 'Object Repository/Denna/User-Login/button login 1 masuk' is visible

2020-06-11 19:30:24 - [MESSAGE][PASSED] - Object 'Object Repository/Denna/User-Login/button login 1 masuk' is visible

2020-06-11 19:30:24 - [TEST_STEP][PASSED] - break: null

2020-06-11 19:30:24 - [TEST_STEP][PASSED] - closeBrowser(): Browser is closed

2020-06-11 19:30:25 - [MESSAGE][PASSED] - Browser is closed]]></system-out>
         <system-err><![CDATA[]]></system-err>
      </testcase>
      <testcase name="Test Cases/Denna/User - Login" time="60.007" classname="Test Cases/Denna/User - Login" status="PASSED">
         <system-out><![CDATA[2020-06-11 19:30:25 - [TEST_CASE][PASSED] - Test Cases/Denna/User - Login: Test Cases/Denna/User - Login

2020-06-11 19:30:25 - [TEST_STEP][PASSED] - openBrowser("https://appsrv1.deltadatamandiri.com/ACC_LMS_WEB/#/Main?redirectTo=onlineLearning"): Browser is opened with url: 'https://appsrv1.deltadatamandiri.com/ACC_LMS_WEB/#/Main?redirectTo=onlineLearning'

2020-06-11 19:30:25 - [MESSAGE][INFO] - Starting 'Chrome' driver

2020-06-11 19:31:07 - [MESSAGE][PASSED] - Browser is opened with url: 'https://appsrv1.deltadatamandiri.com/ACC_LMS_WEB/#/Main?redirectTo=onlineLearning'

2020-06-11 19:31:07 - [TEST_STEP][PASSED] - maximizeWindow(): Current window maximized

2020-06-11 19:31:08 - [MESSAGE][PASSED] - Current window maximized

2020-06-11 19:31:08 - [TEST_STEP][PASSED] - click(findTestObject("Denna/User-Login/button login")): Object: 'Object Repository/Denna/User-Login/button login' is clicked on

2020-06-11 19:31:19 - [MESSAGE][PASSED] - Object: 'Object Repository/Denna/User-Login/button login' is clicked on

2020-06-11 19:31:19 - [TEST_STEP][PASSED] - setText(findTestObject("Denna/User-Login/input NPK username"), NPK_Username): Text '06677' is set on object 'Object Repository/Denna/User-Login/input NPK username'

2020-06-11 19:31:20 - [MESSAGE][PASSED] - Text '06677' is set on object 'Object Repository/Denna/User-Login/input NPK username'

2020-06-11 19:31:20 - [TEST_STEP][PASSED] - setText(findTestObject("Denna/User-Login/inputPassword"), Password): Text '' is set on object 'Object Repository/Denna/User-Login/inputPassword'

2020-06-11 19:31:20 - [MESSAGE][PASSED] - Text '' is set on object 'Object Repository/Denna/User-Login/inputPassword'

2020-06-11 19:31:20 - [TEST_STEP][PASSED] - if (Keterangan == "remember"): null

2020-06-11 19:31:20 - [TEST_STEP][PASSED] - click(findTestObject("Denna/User-Login/button login 1 masuk")): Object: 'Object Repository/Denna/User-Login/button login 1 masuk' is clicked on

2020-06-11 19:31:22 - [MESSAGE][PASSED] - Object: 'Object Repository/Denna/User-Login/button login 1 masuk' is clicked on

2020-06-11 19:31:22 - [TEST_STEP][PASSED] - switch (Kondisi): null

2020-06-11 19:31:22 - [TEST_STEP][PASSED] - case "fail":: null

2020-06-11 19:31:22 - [TEST_STEP][PASSED] - if (Keterangan == "npkPasswordEmpty"): null

2020-06-11 19:31:22 - [TEST_STEP][PASSED] - else if (Keterangan == "npkEmpty"): null

2020-06-11 19:31:22 - [TEST_STEP][PASSED] - else if (Keterangan == "PasswordEmpty"): Object 'Object Repository/Denna/User-Login/button login 1 masuk' is visible

2020-06-11 19:31:22 - [TEST_STEP][PASSED] - verifyElementVisible(findTestObject("Denna/User-Login/button login 1 masuk")): Object 'Object Repository/Denna/User-Login/button login 1 masuk' is visible

2020-06-11 19:31:23 - [MESSAGE][PASSED] - Object 'Object Repository/Denna/User-Login/button login 1 masuk' is visible

2020-06-11 19:31:23 - [TEST_STEP][PASSED] - break: null

2020-06-11 19:31:23 - [TEST_STEP][PASSED] - closeBrowser(): Browser is closed

2020-06-11 19:31:25 - [MESSAGE][PASSED] - Browser is closed]]></system-out>
         <system-err><![CDATA[]]></system-err>
      </testcase>
      <testcase name="Test Cases/Denna/User - Login" time="54.801" classname="Test Cases/Denna/User - Login" status="PASSED">
         <system-out><![CDATA[2020-06-11 19:31:25 - [TEST_CASE][PASSED] - Test Cases/Denna/User - Login: Test Cases/Denna/User - Login

2020-06-11 19:31:25 - [TEST_STEP][PASSED] - openBrowser("https://appsrv1.deltadatamandiri.com/ACC_LMS_WEB/#/Main?redirectTo=onlineLearning"): Browser is opened with url: 'https://appsrv1.deltadatamandiri.com/ACC_LMS_WEB/#/Main?redirectTo=onlineLearning'

2020-06-11 19:31:25 - [MESSAGE][INFO] - Starting 'Chrome' driver

2020-06-11 19:32:00 - [MESSAGE][PASSED] - Browser is opened with url: 'https://appsrv1.deltadatamandiri.com/ACC_LMS_WEB/#/Main?redirectTo=onlineLearning'

2020-06-11 19:32:00 - [TEST_STEP][PASSED] - maximizeWindow(): Current window maximized

2020-06-11 19:32:01 - [MESSAGE][PASSED] - Current window maximized

2020-06-11 19:32:01 - [TEST_STEP][PASSED] - click(findTestObject("Denna/User-Login/button login")): Object: 'Object Repository/Denna/User-Login/button login' is clicked on

2020-06-11 19:32:07 - [MESSAGE][ERROR] - javascript error: Failed to execute 'elementsFromPoint' on 'Document': The provided double value is non-finite.
  (Session info: chrome=83.0.4103.97)
Build info: version: '3.141.59', revision: 'e82be7d358', time: '2018-11-14T08:25:53'
System info: host: 'DESKTOP-NHES7H6', ip: '192.168.1.116', os.name: 'Windows 10', os.arch: 'amd64', os.version: '10.0', java.version: '1.8.0_181'
Driver info: com.kms.katalon.selenium.driver.CChromeDriver
Capabilities {acceptInsecureCerts: false, browserName: chrome, browserVersion: 83.0.4103.97, chrome: {chromedriverVersion: 83.0.4103.39 (ccbf011cb2d2b..., userDataDir: C:\Users\ASUS\AppData\Local...}, goog:chromeOptions: {debuggerAddress: localhost:53045}, javascriptEnabled: true, networkConnectionEnabled: false, pageLoadStrategy: normal, platform: WINDOWS, platformName: WINDOWS, proxy: Proxy(), setWindowRect: true, strictFileInteractability: false, timeouts: {implicit: 0, pageLoad: 300000, script: 30000}, unhandledPromptBehavior: dismiss and notify, webauthn:virtualAuthenticators: true}
Session ID: 0ecd5d31e9f8aae56a2180eefbbf02ab

2020-06-11 19:32:09 - [MESSAGE][PASSED] - Object: 'Object Repository/Denna/User-Login/button login' is clicked on

2020-06-11 19:32:09 - [TEST_STEP][PASSED] - setText(findTestObject("Denna/User-Login/input NPK username"), NPK_Username): Text '06677' is set on object 'Object Repository/Denna/User-Login/input NPK username'

2020-06-11 19:32:10 - [MESSAGE][PASSED] - Text '06677' is set on object 'Object Repository/Denna/User-Login/input NPK username'

2020-06-11 19:32:10 - [TEST_STEP][PASSED] - setText(findTestObject("Denna/User-Login/inputPassword"), Password): Text '#@ccPerfect2o' is set on object 'Object Repository/Denna/User-Login/inputPassword'

2020-06-11 19:32:10 - [MESSAGE][PASSED] - Text '#@ccPerfect2o' is set on object 'Object Repository/Denna/User-Login/inputPassword'

2020-06-11 19:32:10 - [TEST_STEP][PASSED] - if (Keterangan == "remember"): null

2020-06-11 19:32:10 - [TEST_STEP][PASSED] - click(findTestObject("Denna/User-Login/button login 1 masuk")): Object: 'Object Repository/Denna/User-Login/button login 1 masuk' is clicked on

2020-06-11 19:32:11 - [MESSAGE][PASSED] - Object: 'Object Repository/Denna/User-Login/button login 1 masuk' is clicked on

2020-06-11 19:32:11 - [TEST_STEP][PASSED] - switch (Kondisi): null

2020-06-11 19:32:11 - [TEST_STEP][PASSED] - case "fail":: null

2020-06-11 19:32:11 - [TEST_STEP][PASSED] - if (Keterangan == "npkPasswordEmpty"): null

2020-06-11 19:32:11 - [TEST_STEP][PASSED] - else if (Keterangan == "npkEmpty"): null

2020-06-11 19:32:11 - [TEST_STEP][PASSED] - else if (Keterangan == "PasswordEmpty"): null

2020-06-11 19:32:11 - [TEST_STEP][PASSED] - else if (Keterangan == "wrongPassword"): Object 'Object Repository/Denna/User-Login/label Email address does not existPassword is wrong' is visible

2020-06-11 19:32:11 - [TEST_STEP][PASSED] - verifyElementVisible(findTestObject("Denna/User-Login/label Email address does not existPassword is wrong")): Object 'Object Repository/Denna/User-Login/label Email address does not existPassword is wrong' is visible

2020-06-11 19:32:18 - [MESSAGE][PASSED] - Object 'Object Repository/Denna/User-Login/label Email address does not existPassword is wrong' is visible

2020-06-11 19:32:18 - [TEST_STEP][PASSED] - break: null

2020-06-11 19:32:18 - [TEST_STEP][PASSED] - closeBrowser(): Browser is closed

2020-06-11 19:32:20 - [MESSAGE][PASSED] - Browser is closed]]></system-out>
         <system-err><![CDATA[]]></system-err>
      </testcase>
      <testcase name="Test Cases/Denna/User - Login" time="48.092" classname="Test Cases/Denna/User - Login" status="PASSED">
         <system-out><![CDATA[2020-06-11 19:32:20 - [TEST_CASE][PASSED] - Test Cases/Denna/User - Login: Test Cases/Denna/User - Login

2020-06-11 19:32:20 - [TEST_STEP][PASSED] - openBrowser("https://appsrv1.deltadatamandiri.com/ACC_LMS_WEB/#/Main?redirectTo=onlineLearning"): Browser is opened with url: 'https://appsrv1.deltadatamandiri.com/ACC_LMS_WEB/#/Main?redirectTo=onlineLearning'

2020-06-11 19:32:20 - [MESSAGE][INFO] - Starting 'Chrome' driver

2020-06-11 19:32:41 - [MESSAGE][PASSED] - Browser is opened with url: 'https://appsrv1.deltadatamandiri.com/ACC_LMS_WEB/#/Main?redirectTo=onlineLearning'

2020-06-11 19:32:41 - [TEST_STEP][PASSED] - maximizeWindow(): Current window maximized

2020-06-11 19:32:42 - [MESSAGE][PASSED] - Current window maximized

2020-06-11 19:32:42 - [TEST_STEP][PASSED] - click(findTestObject("Denna/User-Login/button login")): Object: 'Object Repository/Denna/User-Login/button login' is clicked on

2020-06-11 19:32:47 - [MESSAGE][PASSED] - Object: 'Object Repository/Denna/User-Login/button login' is clicked on

2020-06-11 19:32:47 - [TEST_STEP][PASSED] - setText(findTestObject("Denna/User-Login/input NPK username"), NPK_Username): Text '06677' is set on object 'Object Repository/Denna/User-Login/input NPK username'

2020-06-11 19:32:48 - [MESSAGE][PASSED] - Text '06677' is set on object 'Object Repository/Denna/User-Login/input NPK username'

2020-06-11 19:32:48 - [TEST_STEP][PASSED] - setText(findTestObject("Denna/User-Login/inputPassword"), Password): Text '#@ccPerfect2o19#' is set on object 'Object Repository/Denna/User-Login/inputPassword'

2020-06-11 19:32:49 - [MESSAGE][PASSED] - Text '#@ccPerfect2o19#' is set on object 'Object Repository/Denna/User-Login/inputPassword'

2020-06-11 19:32:49 - [TEST_STEP][PASSED] - if (Keterangan == "remember"): Object 'Object Repository/Denna/User-Login/button Remember me' is checked

2020-06-11 19:32:49 - [TEST_STEP][PASSED] - check(findTestObject("Denna/User-Login/button Remember me")): Object 'Object Repository/Denna/User-Login/button Remember me' is checked

2020-06-11 19:32:50 - [MESSAGE][PASSED] - Object 'Object Repository/Denna/User-Login/button Remember me' is checked

2020-06-11 19:32:50 - [TEST_STEP][PASSED] - click(findTestObject("Denna/User-Login/button login 1 masuk")): Object: 'Object Repository/Denna/User-Login/button login 1 masuk' is clicked on

2020-06-11 19:32:51 - [MESSAGE][PASSED] - Object: 'Object Repository/Denna/User-Login/button login 1 masuk' is clicked on

2020-06-11 19:32:51 - [TEST_STEP][PASSED] - switch (Kondisi): null

2020-06-11 19:32:51 - [TEST_STEP][PASSED] - case "pass":: null

2020-06-11 19:32:51 - [TEST_STEP][PASSED] - verifyElementVisible(findTestObject("Denna/User-Login/button_My Learning IconMy Learning")): Object 'Object Repository/Denna/User-Login/button_My Learning IconMy Learning' is visible

2020-06-11 19:33:07 - [MESSAGE][PASSED] - Object 'Object Repository/Denna/User-Login/button_My Learning IconMy Learning' is visible

2020-06-11 19:33:07 - [TEST_STEP][PASSED] - break: null

2020-06-11 19:33:07 - [TEST_STEP][PASSED] - closeBrowser(): Browser is closed

2020-06-11 19:33:08 - [MESSAGE][PASSED] - Browser is closed]]></system-out>
         <system-err><![CDATA[]]></system-err>
      </testcase>
      <testcase name="Test Cases/Denna/User - Login" time="39.015" classname="Test Cases/Denna/User - Login" status="PASSED">
         <system-out><![CDATA[2020-06-11 19:33:08 - [TEST_CASE][PASSED] - Test Cases/Denna/User - Login: Test Cases/Denna/User - Login

2020-06-11 19:33:08 - [TEST_STEP][PASSED] - openBrowser("https://appsrv1.deltadatamandiri.com/ACC_LMS_WEB/#/Main?redirectTo=onlineLearning"): Browser is opened with url: 'https://appsrv1.deltadatamandiri.com/ACC_LMS_WEB/#/Main?redirectTo=onlineLearning'

2020-06-11 19:33:08 - [MESSAGE][INFO] - Starting 'Chrome' driver

2020-06-11 19:33:30 - [MESSAGE][PASSED] - Browser is opened with url: 'https://appsrv1.deltadatamandiri.com/ACC_LMS_WEB/#/Main?redirectTo=onlineLearning'

2020-06-11 19:33:30 - [TEST_STEP][PASSED] - maximizeWindow(): Current window maximized

2020-06-11 19:33:31 - [MESSAGE][PASSED] - Current window maximized

2020-06-11 19:33:31 - [TEST_STEP][PASSED] - click(findTestObject("Denna/User-Login/button login")): Object: 'Object Repository/Denna/User-Login/button login' is clicked on

2020-06-11 19:33:37 - [MESSAGE][PASSED] - Object: 'Object Repository/Denna/User-Login/button login' is clicked on

2020-06-11 19:33:37 - [TEST_STEP][PASSED] - setText(findTestObject("Denna/User-Login/input NPK username"), NPK_Username): Text '06677' is set on object 'Object Repository/Denna/User-Login/input NPK username'

2020-06-11 19:33:38 - [MESSAGE][PASSED] - Text '06677' is set on object 'Object Repository/Denna/User-Login/input NPK username'

2020-06-11 19:33:38 - [TEST_STEP][PASSED] - setText(findTestObject("Denna/User-Login/inputPassword"), Password): Text '#@ccPerfect2o19#' is set on object 'Object Repository/Denna/User-Login/inputPassword'

2020-06-11 19:33:39 - [MESSAGE][PASSED] - Text '#@ccPerfect2o19#' is set on object 'Object Repository/Denna/User-Login/inputPassword'

2020-06-11 19:33:39 - [TEST_STEP][PASSED] - if (Keterangan == "remember"): null

2020-06-11 19:33:39 - [TEST_STEP][PASSED] - click(findTestObject("Denna/User-Login/button login 1 masuk")): Object: 'Object Repository/Denna/User-Login/button login 1 masuk' is clicked on

2020-06-11 19:33:39 - [MESSAGE][PASSED] - Object: 'Object Repository/Denna/User-Login/button login 1 masuk' is clicked on

2020-06-11 19:33:39 - [TEST_STEP][PASSED] - switch (Kondisi): null

2020-06-11 19:33:39 - [TEST_STEP][PASSED] - case "pass":: null

2020-06-11 19:33:39 - [TEST_STEP][PASSED] - verifyElementVisible(findTestObject("Denna/User-Login/button_My Learning IconMy Learning")): Object 'Object Repository/Denna/User-Login/button_My Learning IconMy Learning' is visible

2020-06-11 19:33:46 - [MESSAGE][PASSED] - Object 'Object Repository/Denna/User-Login/button_My Learning IconMy Learning' is visible

2020-06-11 19:33:46 - [TEST_STEP][PASSED] - break: null

2020-06-11 19:33:46 - [TEST_STEP][PASSED] - closeBrowser(): Browser is closed

2020-06-11 19:33:47 - [MESSAGE][PASSED] - Browser is closed]]></system-out>
         <system-err><![CDATA[]]></system-err>
      </testcase>
      <system-out><![CDATA[2020-06-11 19:27:46 - [TEST_SUITE][PASSED] - User-Login: Test Cases/Denna/User - Login]]></system-out>
      <system-err><![CDATA[]]></system-err>
   </testsuite>
</testsuites>
