<?xml version="1.0" encoding="UTF-8"?>
<testsuites name="User - Ganti Password" time="601.87" tests="7" failures="0" errors="0">
   <testsuite name="User - Ganti Password" tests="7" failures="0" errors="0" time="601.87" timestamp="2020-05-22 17:05:33" hostname="Denna Leksanti - 192.168.152.1" id="Test Suites/Denna/User - Ganti Password">
      <properties>
         <property name="deviceName" value=""/>
         <property name="devicePlatform" value=""/>
         <property name="logFolder" value="C:\\Users\\Hari Sapto\\git\\LearningManagementWeb\\Reports\\20200522_170508\\Denna\\User - Ganti Password\\20200522_170508"/>
         <property name="logFiles" value="C:\\Users\\Hari Sapto\\git\\LearningManagementWeb\\Reports\\20200522_170508\\Denna\\User - Ganti Password\\20200522_170508\\execution0.log"/>
         <property name="attachments" value=""/>
         <property name="hostName" value="Denna Leksanti - 192.168.152.1"/>
         <property name="os" value="Windows 10 64bit"/>
         <property name="katalonVersion" value="7.0.8.1"/>
         <property name="browser" value="Chrome 81.0.4044.138"/>
         <property name="hostAddress" value="192.168.152.1"/>
         <property name="sessionId" value="b645edc2855bc48c04e29102c0e9f2dd"/>
         <property name="seleniumVersion" value="3.141.59"/>
         <property name="proxyInformation" value="ProxyInformation{proxyOption=NO_PROXY, proxyServerType=HTTP, password=, proxyServerAddress=, proxyServerPort=0}"/>
         <property name="platform" value="Windows 10"/>
      </properties>
      <testcase name="Test Cases/Denna/User - Ganti Password" time="120.997" classname="Test Cases/Denna/User - Ganti Password" status="PASSED">
         <system-out><![CDATA[2020-05-22 17:05:34 - [TEST_CASE][PASSED] - Test Cases/Denna/User - Ganti Password: Test Cases/Denna/User - Ganti Password

2020-05-22 17:05:35 - [TEST_STEP][PASSED] - callTestCase(findTestCase("Denna/Login(User)"), [:], STOP_ON_FAILURE): Call Test Case 'Test Cases/Denna/Login(User)' successfully

2020-05-22 17:05:36 - [TEST_CASE][PASSED] - Test Cases/Denna/Login(User): Test Cases/Denna/Login(User)

2020-05-22 17:05:36 - [TEST_STEP][PASSED] - openBrowser(""): Browser is opened with url: ''

2020-05-22 17:05:36 - [MESSAGE][INFO] - Starting 'Chrome' driver

2020-05-22 17:05:38 - [MESSAGE][INFO] - Action delay is set to 0 seconds

2020-05-22 17:06:11 - [MESSAGE][PASSED] - Browser is opened with url: ''

2020-05-22 17:06:11 - [TEST_STEP][PASSED] - navigateToUrl("https://appsrv1.deltadatamandiri.com/ACC_LMS_WEB/#/Main"): Navigate to 'https://appsrv1.deltadatamandiri.com/ACC_LMS_WEB/#/Main' successfully

2020-05-22 17:06:27 - [MESSAGE][PASSED] - Navigate to 'https://appsrv1.deltadatamandiri.com/ACC_LMS_WEB/#/Main' successfully

2020-05-22 17:06:27 - [TEST_STEP][PASSED] - maximizeWindow(): Current window maximized

2020-05-22 17:06:29 - [MESSAGE][PASSED] - Current window maximized

2020-05-22 17:06:29 - [TEST_STEP][PASSED] - click(findTestObject("Denna/User-Login/button login")): Object: 'Object Repository/Denna/User-Login/button login' is clicked on

2020-05-22 17:06:48 - [MESSAGE][PASSED] - Object: 'Object Repository/Denna/User-Login/button login' is clicked on

2020-05-22 17:06:48 - [TEST_STEP][PASSED] - setText(findTestObject("Denna/User-Login/input NPK username"), "14426"): Text '14426' is set on object 'Object Repository/Denna/User-Login/input NPK username'

2020-05-22 17:06:49 - [MESSAGE][PASSED] - Text '14426' is set on object 'Object Repository/Denna/User-Login/input NPK username'

2020-05-22 17:06:49 - [TEST_STEP][PASSED] - setText(findTestObject("Denna/User-Login/inputPassword"), "Password2"): Text 'Password2' is set on object 'Object Repository/Denna/User-Login/inputPassword'

2020-05-22 17:06:50 - [MESSAGE][PASSED] - Text 'Password2' is set on object 'Object Repository/Denna/User-Login/inputPassword'

2020-05-22 17:06:50 - [TEST_STEP][PASSED] - click(findTestObject("Denna/User-Login/button login 1 masuk")): Object: 'Object Repository/Denna/User-Login/button login 1 masuk' is clicked on

2020-05-22 17:06:50 - [MESSAGE][PASSED] - Object: 'Object Repository/Denna/User-Login/button login 1 masuk' is clicked on

2020-05-22 17:06:50 - [TEST_STEP][PASSED] - verifyElementVisible(findTestObject("Denna/User-Login/button_My Learning IconMy Learning")): Object 'Object Repository/Denna/User-Login/button_My Learning IconMy Learning' is visible

2020-05-22 17:07:09 - [MESSAGE][PASSED] - Object 'Object Repository/Denna/User-Login/button_My Learning IconMy Learning' is visible

2020-05-22 17:07:09 - [MESSAGE][PASSED] - Call Test Case 'Test Cases/Denna/Login(User)' successfully

2020-05-22 17:07:09 - [TEST_STEP][PASSED] - click(findTestObject("Object Repository/Denna/User - Ganti Password/profile")): Object: 'Object Repository/Denna/User - Ganti Password/profile' is clicked on

2020-05-22 17:07:15 - [MESSAGE][PASSED] - Object: 'Object Repository/Denna/User - Ganti Password/profile' is clicked on

2020-05-22 17:07:15 - [TEST_STEP][PASSED] - click(findTestObject("Object Repository/Denna/User - Ganti Password/button Ganti Password")): Object: 'Object Repository/Denna/User - Ganti Password/button Ganti Password' is clicked on

2020-05-22 17:07:17 - [MESSAGE][PASSED] - Object: 'Object Repository/Denna/User - Ganti Password/button Ganti Password' is clicked on

2020-05-22 17:07:17 - [TEST_STEP][PASSED] - setText(findTestObject("Object Repository/Denna/User - Ganti Password/input Current Password"), currentPassword): Text '' is set on object 'Object Repository/Denna/User - Ganti Password/input Current Password'

2020-05-22 17:07:22 - [MESSAGE][PASSED] - Text '' is set on object 'Object Repository/Denna/User - Ganti Password/input Current Password'

2020-05-22 17:07:22 - [TEST_STEP][PASSED] - setText(findTestObject("Object Repository/Denna/User - Ganti Password/input newPassword"), newPassword): Text '' is set on object 'Object Repository/Denna/User - Ganti Password/input newPassword'

2020-05-22 17:07:24 - [MESSAGE][PASSED] - Text '' is set on object 'Object Repository/Denna/User - Ganti Password/input newPassword'

2020-05-22 17:07:24 - [TEST_STEP][PASSED] - setText(findTestObject("Object Repository/Denna/User - Ganti Password/input confirmNewPassword"), confirmPassword): Text '' is set on object 'Object Repository/Denna/User - Ganti Password/input confirmNewPassword'

2020-05-22 17:07:24 - [MESSAGE][PASSED] - Text '' is set on object 'Object Repository/Denna/User - Ganti Password/input confirmNewPassword'

2020-05-22 17:07:24 - [TEST_STEP][PASSED] - click(findTestObject("Object Repository/Denna/User - Ganti Password/button Submit new Password")): Object: 'Object Repository/Denna/User - Ganti Password/button Submit new Password' is clicked on

2020-05-22 17:07:25 - [MESSAGE][PASSED] - Object: 'Object Repository/Denna/User - Ganti Password/button Submit new Password' is clicked on

2020-05-22 17:07:25 - [TEST_STEP][PASSED] - switch (kondisi): null

2020-05-22 17:07:25 - [TEST_STEP][PASSED] - case "fail":: null

2020-05-22 17:07:25 - [TEST_STEP][PASSED] - if (keterangan == "emptyAll"): Object 'Object Repository/Denna/User - Ganti Password/label The password must be at least 6 characters and contain uppercase lowercase letters and numbers' is visible

2020-05-22 17:07:25 - [TEST_STEP][PASSED] - verifyElementVisible(findTestObject("Denna/User - Ganti Password/label The password must be at least 6 characters and contain uppercase lowercase letters and numbers")): Object 'Object Repository/Denna/User - Ganti Password/label The password must be at least 6 characters and contain uppercase lowercase letters and numbers' is visible

2020-05-22 17:07:26 - [MESSAGE][PASSED] - Object 'Object Repository/Denna/User - Ganti Password/label The password must be at least 6 characters and contain uppercase lowercase letters and numbers' is visible

2020-05-22 17:07:26 - [TEST_STEP][PASSED] - break: null

2020-05-22 17:07:26 - [TEST_STEP][PASSED] - closeBrowser(): Browser is closed

2020-05-22 17:07:35 - [MESSAGE][PASSED] - Browser is closed]]></system-out>
         <system-err><![CDATA[]]></system-err>
      </testcase>
      <testcase name="Test Cases/Denna/User - Ganti Password" time="72.653" classname="Test Cases/Denna/User - Ganti Password" status="PASSED">
         <system-out><![CDATA[2020-05-22 17:07:36 - [TEST_CASE][PASSED] - Test Cases/Denna/User - Ganti Password: Test Cases/Denna/User - Ganti Password

2020-05-22 17:07:36 - [TEST_STEP][PASSED] - callTestCase(findTestCase("Denna/Login(User)"), [:], STOP_ON_FAILURE): Call Test Case 'Test Cases/Denna/Login(User)' successfully

2020-05-22 17:07:37 - [TEST_CASE][PASSED] - Test Cases/Denna/Login(User): Test Cases/Denna/Login(User)

2020-05-22 17:07:37 - [TEST_STEP][PASSED] - openBrowser(""): Browser is opened with url: ''

2020-05-22 17:07:37 - [MESSAGE][INFO] - Starting 'Chrome' driver

2020-05-22 17:07:54 - [MESSAGE][PASSED] - Browser is opened with url: ''

2020-05-22 17:07:54 - [TEST_STEP][PASSED] - navigateToUrl("https://appsrv1.deltadatamandiri.com/ACC_LMS_WEB/#/Main"): Navigate to 'https://appsrv1.deltadatamandiri.com/ACC_LMS_WEB/#/Main' successfully

2020-05-22 17:08:05 - [MESSAGE][PASSED] - Navigate to 'https://appsrv1.deltadatamandiri.com/ACC_LMS_WEB/#/Main' successfully

2020-05-22 17:08:05 - [TEST_STEP][PASSED] - maximizeWindow(): Current window maximized

2020-05-22 17:08:07 - [MESSAGE][PASSED] - Current window maximized

2020-05-22 17:08:07 - [TEST_STEP][PASSED] - click(findTestObject("Denna/User-Login/button login")): Object: 'Object Repository/Denna/User-Login/button login' is clicked on

2020-05-22 17:08:16 - [MESSAGE][PASSED] - Object: 'Object Repository/Denna/User-Login/button login' is clicked on

2020-05-22 17:08:16 - [TEST_STEP][PASSED] - setText(findTestObject("Denna/User-Login/input NPK username"), "14426"): Text '14426' is set on object 'Object Repository/Denna/User-Login/input NPK username'

2020-05-22 17:08:18 - [MESSAGE][PASSED] - Text '14426' is set on object 'Object Repository/Denna/User-Login/input NPK username'

2020-05-22 17:08:18 - [TEST_STEP][PASSED] - setText(findTestObject("Denna/User-Login/inputPassword"), "Password2"): Text 'Password2' is set on object 'Object Repository/Denna/User-Login/inputPassword'

2020-05-22 17:08:18 - [MESSAGE][PASSED] - Text 'Password2' is set on object 'Object Repository/Denna/User-Login/inputPassword'

2020-05-22 17:08:18 - [TEST_STEP][PASSED] - click(findTestObject("Denna/User-Login/button login 1 masuk")): Object: 'Object Repository/Denna/User-Login/button login 1 masuk' is clicked on

2020-05-22 17:08:19 - [MESSAGE][PASSED] - Object: 'Object Repository/Denna/User-Login/button login 1 masuk' is clicked on

2020-05-22 17:08:19 - [TEST_STEP][PASSED] - verifyElementVisible(findTestObject("Denna/User-Login/button_My Learning IconMy Learning")): Object 'Object Repository/Denna/User-Login/button_My Learning IconMy Learning' is visible

2020-05-22 17:08:37 - [MESSAGE][PASSED] - Object 'Object Repository/Denna/User-Login/button_My Learning IconMy Learning' is visible

2020-05-22 17:08:37 - [MESSAGE][PASSED] - Call Test Case 'Test Cases/Denna/Login(User)' successfully

2020-05-22 17:08:37 - [TEST_STEP][PASSED] - click(findTestObject("Object Repository/Denna/User - Ganti Password/profile")): Object: 'Object Repository/Denna/User - Ganti Password/profile' is clicked on

2020-05-22 17:08:37 - [MESSAGE][PASSED] - Object: 'Object Repository/Denna/User - Ganti Password/profile' is clicked on

2020-05-22 17:08:37 - [TEST_STEP][PASSED] - click(findTestObject("Object Repository/Denna/User - Ganti Password/button Ganti Password")): Object: 'Object Repository/Denna/User - Ganti Password/button Ganti Password' is clicked on

2020-05-22 17:08:40 - [MESSAGE][PASSED] - Object: 'Object Repository/Denna/User - Ganti Password/button Ganti Password' is clicked on

2020-05-22 17:08:40 - [TEST_STEP][PASSED] - setText(findTestObject("Object Repository/Denna/User - Ganti Password/input Current Password"), currentPassword): Text '' is set on object 'Object Repository/Denna/User - Ganti Password/input Current Password'

2020-05-22 17:08:45 - [MESSAGE][PASSED] - Text '' is set on object 'Object Repository/Denna/User - Ganti Password/input Current Password'

2020-05-22 17:08:45 - [TEST_STEP][PASSED] - setText(findTestObject("Object Repository/Denna/User - Ganti Password/input newPassword"), newPassword): Text 'Password3' is set on object 'Object Repository/Denna/User - Ganti Password/input newPassword'

2020-05-22 17:08:45 - [MESSAGE][PASSED] - Text 'Password3' is set on object 'Object Repository/Denna/User - Ganti Password/input newPassword'

2020-05-22 17:08:45 - [TEST_STEP][PASSED] - setText(findTestObject("Object Repository/Denna/User - Ganti Password/input confirmNewPassword"), confirmPassword): Text 'Password3' is set on object 'Object Repository/Denna/User - Ganti Password/input confirmNewPassword'

2020-05-22 17:08:46 - [MESSAGE][PASSED] - Text 'Password3' is set on object 'Object Repository/Denna/User - Ganti Password/input confirmNewPassword'

2020-05-22 17:08:46 - [TEST_STEP][PASSED] - click(findTestObject("Object Repository/Denna/User - Ganti Password/button Submit new Password")): Object: 'Object Repository/Denna/User - Ganti Password/button Submit new Password' is clicked on

2020-05-22 17:08:47 - [MESSAGE][PASSED] - Object: 'Object Repository/Denna/User - Ganti Password/button Submit new Password' is clicked on

2020-05-22 17:08:47 - [TEST_STEP][PASSED] - switch (kondisi): null

2020-05-22 17:08:47 - [TEST_STEP][PASSED] - case "fail":: null

2020-05-22 17:08:47 - [TEST_STEP][PASSED] - if (keterangan == "emptyAll"): null

2020-05-22 17:08:47 - [TEST_STEP][PASSED] - else if (keterangan == "emptyCurrentPassword"): Object 'Object Repository/Denna/User - Ganti Password/label Current password maybe wrong or invalid' is visible

2020-05-22 17:08:47 - [TEST_STEP][PASSED] - verifyElementVisible(findTestObject("Denna/User - Ganti Password/label Current password maybe wrong or invalid")): Object 'Object Repository/Denna/User - Ganti Password/label Current password maybe wrong or invalid' is visible

2020-05-22 17:08:47 - [MESSAGE][PASSED] - Object 'Object Repository/Denna/User - Ganti Password/label Current password maybe wrong or invalid' is visible

2020-05-22 17:08:47 - [TEST_STEP][PASSED] - break: null

2020-05-22 17:08:47 - [TEST_STEP][PASSED] - closeBrowser(): Browser is closed

2020-05-22 17:08:49 - [MESSAGE][PASSED] - Browser is closed]]></system-out>
         <system-err><![CDATA[]]></system-err>
      </testcase>
      <testcase name="Test Cases/Denna/User - Ganti Password" time="108.973" classname="Test Cases/Denna/User - Ganti Password" status="PASSED">
         <system-out><![CDATA[2020-05-22 17:08:49 - [TEST_CASE][PASSED] - Test Cases/Denna/User - Ganti Password: Test Cases/Denna/User - Ganti Password

2020-05-22 17:08:49 - [TEST_STEP][PASSED] - callTestCase(findTestCase("Denna/Login(User)"), [:], STOP_ON_FAILURE): Call Test Case 'Test Cases/Denna/Login(User)' successfully

2020-05-22 17:08:49 - [TEST_CASE][PASSED] - Test Cases/Denna/Login(User): Test Cases/Denna/Login(User)

2020-05-22 17:08:49 - [TEST_STEP][PASSED] - openBrowser(""): Browser is opened with url: ''

2020-05-22 17:08:49 - [MESSAGE][INFO] - Starting 'Chrome' driver

2020-05-22 17:09:05 - [MESSAGE][PASSED] - Browser is opened with url: ''

2020-05-22 17:09:05 - [TEST_STEP][PASSED] - navigateToUrl("https://appsrv1.deltadatamandiri.com/ACC_LMS_WEB/#/Main"): Navigate to 'https://appsrv1.deltadatamandiri.com/ACC_LMS_WEB/#/Main' successfully

2020-05-22 17:09:17 - [MESSAGE][PASSED] - Navigate to 'https://appsrv1.deltadatamandiri.com/ACC_LMS_WEB/#/Main' successfully

2020-05-22 17:09:17 - [TEST_STEP][PASSED] - maximizeWindow(): Current window maximized

2020-05-22 17:09:19 - [MESSAGE][PASSED] - Current window maximized

2020-05-22 17:09:19 - [TEST_STEP][PASSED] - click(findTestObject("Denna/User-Login/button login")): Object: 'Object Repository/Denna/User-Login/button login' is clicked on

2020-05-22 17:09:44 - [MESSAGE][PASSED] - Object: 'Object Repository/Denna/User-Login/button login' is clicked on

2020-05-22 17:09:44 - [TEST_STEP][PASSED] - setText(findTestObject("Denna/User-Login/input NPK username"), "14426"): Text '14426' is set on object 'Object Repository/Denna/User-Login/input NPK username'

2020-05-22 17:09:46 - [MESSAGE][PASSED] - Text '14426' is set on object 'Object Repository/Denna/User-Login/input NPK username'

2020-05-22 17:09:46 - [TEST_STEP][PASSED] - setText(findTestObject("Denna/User-Login/inputPassword"), "Password2"): Text 'Password2' is set on object 'Object Repository/Denna/User-Login/inputPassword'

2020-05-22 17:09:46 - [MESSAGE][PASSED] - Text 'Password2' is set on object 'Object Repository/Denna/User-Login/inputPassword'

2020-05-22 17:09:46 - [TEST_STEP][PASSED] - click(findTestObject("Denna/User-Login/button login 1 masuk")): Object: 'Object Repository/Denna/User-Login/button login 1 masuk' is clicked on

2020-05-22 17:09:50 - [MESSAGE][PASSED] - Object: 'Object Repository/Denna/User-Login/button login 1 masuk' is clicked on

2020-05-22 17:09:50 - [TEST_STEP][PASSED] - verifyElementVisible(findTestObject("Denna/User-Login/button_My Learning IconMy Learning")): Object 'Object Repository/Denna/User-Login/button_My Learning IconMy Learning' is visible

2020-05-22 17:10:02 - [MESSAGE][PASSED] - Object 'Object Repository/Denna/User-Login/button_My Learning IconMy Learning' is visible

2020-05-22 17:10:02 - [MESSAGE][PASSED] - Call Test Case 'Test Cases/Denna/Login(User)' successfully

2020-05-22 17:10:02 - [TEST_STEP][PASSED] - click(findTestObject("Object Repository/Denna/User - Ganti Password/profile")): Object: 'Object Repository/Denna/User - Ganti Password/profile' is clicked on

2020-05-22 17:10:23 - [MESSAGE][PASSED] - Object: 'Object Repository/Denna/User - Ganti Password/profile' is clicked on

2020-05-22 17:10:23 - [TEST_STEP][PASSED] - click(findTestObject("Object Repository/Denna/User - Ganti Password/button Ganti Password")): Object: 'Object Repository/Denna/User - Ganti Password/button Ganti Password' is clicked on

2020-05-22 17:10:27 - [MESSAGE][PASSED] - Object: 'Object Repository/Denna/User - Ganti Password/button Ganti Password' is clicked on

2020-05-22 17:10:27 - [TEST_STEP][PASSED] - setText(findTestObject("Object Repository/Denna/User - Ganti Password/input Current Password"), currentPassword): Text 'Password2' is set on object 'Object Repository/Denna/User - Ganti Password/input Current Password'

2020-05-22 17:10:30 - [MESSAGE][PASSED] - Text 'Password2' is set on object 'Object Repository/Denna/User - Ganti Password/input Current Password'

2020-05-22 17:10:30 - [TEST_STEP][PASSED] - setText(findTestObject("Object Repository/Denna/User - Ganti Password/input newPassword"), newPassword): Text '' is set on object 'Object Repository/Denna/User - Ganti Password/input newPassword'

2020-05-22 17:10:33 - [MESSAGE][PASSED] - Text '' is set on object 'Object Repository/Denna/User - Ganti Password/input newPassword'

2020-05-22 17:10:33 - [TEST_STEP][PASSED] - setText(findTestObject("Object Repository/Denna/User - Ganti Password/input confirmNewPassword"), confirmPassword): Text 'Password3' is set on object 'Object Repository/Denna/User - Ganti Password/input confirmNewPassword'

2020-05-22 17:10:33 - [MESSAGE][PASSED] - Text 'Password3' is set on object 'Object Repository/Denna/User - Ganti Password/input confirmNewPassword'

2020-05-22 17:10:33 - [TEST_STEP][PASSED] - click(findTestObject("Object Repository/Denna/User - Ganti Password/button Submit new Password")): Object: 'Object Repository/Denna/User - Ganti Password/button Submit new Password' is clicked on

2020-05-22 17:10:33 - [MESSAGE][PASSED] - Object: 'Object Repository/Denna/User - Ganti Password/button Submit new Password' is clicked on

2020-05-22 17:10:33 - [TEST_STEP][PASSED] - switch (kondisi): null

2020-05-22 17:10:33 - [TEST_STEP][PASSED] - case "fail":: null

2020-05-22 17:10:33 - [TEST_STEP][PASSED] - if (keterangan == "emptyAll"): null

2020-05-22 17:10:33 - [TEST_STEP][PASSED] - else if (keterangan == "emptyCurrentPassword"): null

2020-05-22 17:10:33 - [TEST_STEP][PASSED] - else if (keterangan == "emptyNewPassword"): Object 'Object Repository/Denna/User - Ganti Password/label The password must be at least 6 characters and contain uppercase lowercase letters and numbers' is visible

2020-05-22 17:10:33 - [TEST_STEP][PASSED] - verifyElementVisible(findTestObject("Denna/User - Ganti Password/label The password must be at least 6 characters and contain uppercase lowercase letters and numbers")): Object 'Object Repository/Denna/User - Ganti Password/label The password must be at least 6 characters and contain uppercase lowercase letters and numbers' is visible

2020-05-22 17:10:34 - [MESSAGE][PASSED] - Object 'Object Repository/Denna/User - Ganti Password/label The password must be at least 6 characters and contain uppercase lowercase letters and numbers' is visible

2020-05-22 17:10:34 - [TEST_STEP][PASSED] - break: null

2020-05-22 17:10:34 - [TEST_STEP][PASSED] - closeBrowser(): Browser is closed

2020-05-22 17:10:38 - [MESSAGE][PASSED] - Browser is closed]]></system-out>
         <system-err><![CDATA[]]></system-err>
      </testcase>
      <testcase name="Test Cases/Denna/User - Ganti Password" time="114.527" classname="Test Cases/Denna/User - Ganti Password" status="PASSED">
         <system-out><![CDATA[2020-05-22 17:10:38 - [TEST_CASE][PASSED] - Test Cases/Denna/User - Ganti Password: Test Cases/Denna/User - Ganti Password

2020-05-22 17:10:38 - [TEST_STEP][PASSED] - callTestCase(findTestCase("Denna/Login(User)"), [:], STOP_ON_FAILURE): Call Test Case 'Test Cases/Denna/Login(User)' successfully

2020-05-22 17:10:38 - [TEST_CASE][PASSED] - Test Cases/Denna/Login(User): Test Cases/Denna/Login(User)

2020-05-22 17:10:38 - [TEST_STEP][PASSED] - openBrowser(""): Browser is opened with url: ''

2020-05-22 17:10:38 - [MESSAGE][INFO] - Starting 'Chrome' driver

2020-05-22 17:10:53 - [MESSAGE][PASSED] - Browser is opened with url: ''

2020-05-22 17:10:53 - [TEST_STEP][PASSED] - navigateToUrl("https://appsrv1.deltadatamandiri.com/ACC_LMS_WEB/#/Main"): Navigate to 'https://appsrv1.deltadatamandiri.com/ACC_LMS_WEB/#/Main' successfully

2020-05-22 17:11:04 - [MESSAGE][PASSED] - Navigate to 'https://appsrv1.deltadatamandiri.com/ACC_LMS_WEB/#/Main' successfully

2020-05-22 17:11:04 - [TEST_STEP][PASSED] - maximizeWindow(): Current window maximized

2020-05-22 17:11:06 - [MESSAGE][PASSED] - Current window maximized

2020-05-22 17:11:06 - [TEST_STEP][PASSED] - click(findTestObject("Denna/User-Login/button login")): Object: 'Object Repository/Denna/User-Login/button login' is clicked on

2020-05-22 17:11:25 - [MESSAGE][PASSED] - Object: 'Object Repository/Denna/User-Login/button login' is clicked on

2020-05-22 17:11:25 - [TEST_STEP][PASSED] - setText(findTestObject("Denna/User-Login/input NPK username"), "14426"): Text '14426' is set on object 'Object Repository/Denna/User-Login/input NPK username'

2020-05-22 17:11:27 - [MESSAGE][PASSED] - Text '14426' is set on object 'Object Repository/Denna/User-Login/input NPK username'

2020-05-22 17:11:27 - [TEST_STEP][PASSED] - setText(findTestObject("Denna/User-Login/inputPassword"), "Password2"): Text 'Password2' is set on object 'Object Repository/Denna/User-Login/inputPassword'

2020-05-22 17:11:28 - [MESSAGE][PASSED] - Text 'Password2' is set on object 'Object Repository/Denna/User-Login/inputPassword'

2020-05-22 17:11:28 - [TEST_STEP][PASSED] - click(findTestObject("Denna/User-Login/button login 1 masuk")): Object: 'Object Repository/Denna/User-Login/button login 1 masuk' is clicked on

2020-05-22 17:11:28 - [MESSAGE][PASSED] - Object: 'Object Repository/Denna/User-Login/button login 1 masuk' is clicked on

2020-05-22 17:11:28 - [TEST_STEP][PASSED] - verifyElementVisible(findTestObject("Denna/User-Login/button_My Learning IconMy Learning")): Object 'Object Repository/Denna/User-Login/button_My Learning IconMy Learning' is visible

2020-05-22 17:12:08 - [MESSAGE][PASSED] - Object 'Object Repository/Denna/User-Login/button_My Learning IconMy Learning' is visible

2020-05-22 17:12:08 - [MESSAGE][PASSED] - Call Test Case 'Test Cases/Denna/Login(User)' successfully

2020-05-22 17:12:08 - [TEST_STEP][PASSED] - click(findTestObject("Object Repository/Denna/User - Ganti Password/profile")): Object: 'Object Repository/Denna/User - Ganti Password/profile' is clicked on

2020-05-22 17:12:20 - [MESSAGE][PASSED] - Object: 'Object Repository/Denna/User - Ganti Password/profile' is clicked on

2020-05-22 17:12:20 - [TEST_STEP][PASSED] - click(findTestObject("Object Repository/Denna/User - Ganti Password/button Ganti Password")): Object: 'Object Repository/Denna/User - Ganti Password/button Ganti Password' is clicked on

2020-05-22 17:12:22 - [MESSAGE][PASSED] - Object: 'Object Repository/Denna/User - Ganti Password/button Ganti Password' is clicked on

2020-05-22 17:12:22 - [TEST_STEP][PASSED] - setText(findTestObject("Object Repository/Denna/User - Ganti Password/input Current Password"), currentPassword): Text 'Password2' is set on object 'Object Repository/Denna/User - Ganti Password/input Current Password'

2020-05-22 17:12:29 - [MESSAGE][PASSED] - Text 'Password2' is set on object 'Object Repository/Denna/User - Ganti Password/input Current Password'

2020-05-22 17:12:29 - [TEST_STEP][PASSED] - setText(findTestObject("Object Repository/Denna/User - Ganti Password/input newPassword"), newPassword): Text 'Password3' is set on object 'Object Repository/Denna/User - Ganti Password/input newPassword'

2020-05-22 17:12:30 - [MESSAGE][PASSED] - Text 'Password3' is set on object 'Object Repository/Denna/User - Ganti Password/input newPassword'

2020-05-22 17:12:30 - [TEST_STEP][PASSED] - setText(findTestObject("Object Repository/Denna/User - Ganti Password/input confirmNewPassword"), confirmPassword): Text '' is set on object 'Object Repository/Denna/User - Ganti Password/input confirmNewPassword'

2020-05-22 17:12:30 - [MESSAGE][PASSED] - Text '' is set on object 'Object Repository/Denna/User - Ganti Password/input confirmNewPassword'

2020-05-22 17:12:30 - [TEST_STEP][PASSED] - click(findTestObject("Object Repository/Denna/User - Ganti Password/button Submit new Password")): Object: 'Object Repository/Denna/User - Ganti Password/button Submit new Password' is clicked on

2020-05-22 17:12:31 - [MESSAGE][PASSED] - Object: 'Object Repository/Denna/User - Ganti Password/button Submit new Password' is clicked on

2020-05-22 17:12:31 - [TEST_STEP][PASSED] - switch (kondisi): null

2020-05-22 17:12:31 - [TEST_STEP][PASSED] - case "fail":: null

2020-05-22 17:12:31 - [TEST_STEP][PASSED] - if (keterangan == "emptyAll"): null

2020-05-22 17:12:31 - [TEST_STEP][PASSED] - else if (keterangan == "emptyCurrentPassword"): null

2020-05-22 17:12:31 - [TEST_STEP][PASSED] - else if (keterangan == "emptyNewPassword"): null

2020-05-22 17:12:31 - [TEST_STEP][PASSED] - else if (keterangan == "emptyConfirmPassword"): Object 'Object Repository/Denna/User - Ganti Password/label Passwords are not match' is visible

2020-05-22 17:12:31 - [TEST_STEP][PASSED] - verifyElementVisible(findTestObject("Denna/User - Ganti Password/label Passwords are not match")): Object 'Object Repository/Denna/User - Ganti Password/label Passwords are not match' is visible

2020-05-22 17:12:31 - [MESSAGE][PASSED] - Object 'Object Repository/Denna/User - Ganti Password/label Passwords are not match' is visible

2020-05-22 17:12:31 - [TEST_STEP][PASSED] - break: null

2020-05-22 17:12:31 - [TEST_STEP][PASSED] - closeBrowser(): Browser is closed

2020-05-22 17:12:32 - [MESSAGE][PASSED] - Browser is closed]]></system-out>
         <system-err><![CDATA[]]></system-err>
      </testcase>
      <testcase name="Test Cases/Denna/User - Ganti Password" time="55.736" classname="Test Cases/Denna/User - Ganti Password" status="PASSED">
         <system-out><![CDATA[2020-05-22 17:12:32 - [TEST_CASE][PASSED] - Test Cases/Denna/User - Ganti Password: Test Cases/Denna/User - Ganti Password

2020-05-22 17:12:32 - [TEST_STEP][PASSED] - callTestCase(findTestCase("Denna/Login(User)"), [:], STOP_ON_FAILURE): Call Test Case 'Test Cases/Denna/Login(User)' successfully

2020-05-22 17:12:33 - [TEST_CASE][PASSED] - Test Cases/Denna/Login(User): Test Cases/Denna/Login(User)

2020-05-22 17:12:33 - [TEST_STEP][PASSED] - openBrowser(""): Browser is opened with url: ''

2020-05-22 17:12:33 - [MESSAGE][INFO] - Starting 'Chrome' driver

2020-05-22 17:12:41 - [MESSAGE][PASSED] - Browser is opened with url: ''

2020-05-22 17:12:41 - [TEST_STEP][PASSED] - navigateToUrl("https://appsrv1.deltadatamandiri.com/ACC_LMS_WEB/#/Main"): Navigate to 'https://appsrv1.deltadatamandiri.com/ACC_LMS_WEB/#/Main' successfully

2020-05-22 17:12:52 - [MESSAGE][PASSED] - Navigate to 'https://appsrv1.deltadatamandiri.com/ACC_LMS_WEB/#/Main' successfully

2020-05-22 17:12:52 - [TEST_STEP][PASSED] - maximizeWindow(): Current window maximized

2020-05-22 17:12:54 - [MESSAGE][PASSED] - Current window maximized

2020-05-22 17:12:54 - [TEST_STEP][PASSED] - click(findTestObject("Denna/User-Login/button login")): Object: 'Object Repository/Denna/User-Login/button login' is clicked on

2020-05-22 17:12:55 - [MESSAGE][ERROR] - javascript error: Failed to execute 'elementsFromPoint' on 'Document': The provided double value is non-finite.
  (Session info: chrome=81.0.4044.138)
Build info: version: '3.141.59', revision: 'e82be7d358', time: '2018-11-14T08:25:53'
System info: host: 'DESKTOP-ETRGFK2', ip: '192.168.152.1', os.name: 'Windows 10', os.arch: 'amd64', os.version: '10.0', java.version: '1.8.0_181'
Driver info: com.kms.katalon.selenium.driver.CChromeDriver
Capabilities {acceptInsecureCerts: false, browserName: chrome, browserVersion: 81.0.4044.138, chrome: {chromedriverVersion: 81.0.4044.138 (8c6c7ba89cc9..., userDataDir: C:\Users\HARISA~1\AppData\L...}, goog:chromeOptions: {debuggerAddress: localhost:8638}, javascriptEnabled: true, networkConnectionEnabled: false, pageLoadStrategy: normal, platform: WINDOWS, platformName: WINDOWS, proxy: Proxy(), setWindowRect: true, strictFileInteractability: false, timeouts: {implicit: 0, pageLoad: 300000, script: 30000}, unhandledPromptBehavior: dismiss and notify, webauthn:virtualAuthenticators: true}
Session ID: d703958e7a57c91592e3a30c75235f46

2020-05-22 17:12:57 - [MESSAGE][PASSED] - Object: 'Object Repository/Denna/User-Login/button login' is clicked on

2020-05-22 17:12:57 - [TEST_STEP][PASSED] - setText(findTestObject("Denna/User-Login/input NPK username"), "14426"): Text '14426' is set on object 'Object Repository/Denna/User-Login/input NPK username'

2020-05-22 17:12:57 - [MESSAGE][PASSED] - Text '14426' is set on object 'Object Repository/Denna/User-Login/input NPK username'

2020-05-22 17:12:57 - [TEST_STEP][PASSED] - setText(findTestObject("Denna/User-Login/inputPassword"), "Password2"): Text 'Password2' is set on object 'Object Repository/Denna/User-Login/inputPassword'

2020-05-22 17:12:58 - [MESSAGE][PASSED] - Text 'Password2' is set on object 'Object Repository/Denna/User-Login/inputPassword'

2020-05-22 17:12:58 - [TEST_STEP][PASSED] - click(findTestObject("Denna/User-Login/button login 1 masuk")): Object: 'Object Repository/Denna/User-Login/button login 1 masuk' is clicked on

2020-05-22 17:12:58 - [MESSAGE][PASSED] - Object: 'Object Repository/Denna/User-Login/button login 1 masuk' is clicked on

2020-05-22 17:12:58 - [TEST_STEP][PASSED] - verifyElementVisible(findTestObject("Denna/User-Login/button_My Learning IconMy Learning")): Object 'Object Repository/Denna/User-Login/button_My Learning IconMy Learning' is visible

2020-05-22 17:13:16 - [MESSAGE][PASSED] - Object 'Object Repository/Denna/User-Login/button_My Learning IconMy Learning' is visible

2020-05-22 17:13:16 - [MESSAGE][PASSED] - Call Test Case 'Test Cases/Denna/Login(User)' successfully

2020-05-22 17:13:16 - [TEST_STEP][PASSED] - click(findTestObject("Object Repository/Denna/User - Ganti Password/profile")): Object: 'Object Repository/Denna/User - Ganti Password/profile' is clicked on

2020-05-22 17:13:16 - [MESSAGE][PASSED] - Object: 'Object Repository/Denna/User - Ganti Password/profile' is clicked on

2020-05-22 17:13:16 - [TEST_STEP][PASSED] - click(findTestObject("Object Repository/Denna/User - Ganti Password/button Ganti Password")): Object: 'Object Repository/Denna/User - Ganti Password/button Ganti Password' is clicked on

2020-05-22 17:13:18 - [MESSAGE][PASSED] - Object: 'Object Repository/Denna/User - Ganti Password/button Ganti Password' is clicked on

2020-05-22 17:13:18 - [TEST_STEP][PASSED] - setText(findTestObject("Object Repository/Denna/User - Ganti Password/input Current Password"), currentPassword): Text 'Password10' is set on object 'Object Repository/Denna/User - Ganti Password/input Current Password'

2020-05-22 17:13:23 - [MESSAGE][PASSED] - Text 'Password10' is set on object 'Object Repository/Denna/User - Ganti Password/input Current Password'

2020-05-22 17:13:23 - [TEST_STEP][PASSED] - setText(findTestObject("Object Repository/Denna/User - Ganti Password/input newPassword"), newPassword): Text 'Password3' is set on object 'Object Repository/Denna/User - Ganti Password/input newPassword'

2020-05-22 17:13:24 - [MESSAGE][PASSED] - Text 'Password3' is set on object 'Object Repository/Denna/User - Ganti Password/input newPassword'

2020-05-22 17:13:24 - [TEST_STEP][PASSED] - setText(findTestObject("Object Repository/Denna/User - Ganti Password/input confirmNewPassword"), confirmPassword): Text 'Password3' is set on object 'Object Repository/Denna/User - Ganti Password/input confirmNewPassword'

2020-05-22 17:13:24 - [MESSAGE][PASSED] - Text 'Password3' is set on object 'Object Repository/Denna/User - Ganti Password/input confirmNewPassword'

2020-05-22 17:13:24 - [TEST_STEP][PASSED] - click(findTestObject("Object Repository/Denna/User - Ganti Password/button Submit new Password")): Object: 'Object Repository/Denna/User - Ganti Password/button Submit new Password' is clicked on

2020-05-22 17:13:25 - [MESSAGE][PASSED] - Object: 'Object Repository/Denna/User - Ganti Password/button Submit new Password' is clicked on

2020-05-22 17:13:25 - [TEST_STEP][PASSED] - switch (kondisi): null

2020-05-22 17:13:25 - [TEST_STEP][PASSED] - case "fail":: null

2020-05-22 17:13:25 - [TEST_STEP][PASSED] - if (keterangan == "emptyAll"): null

2020-05-22 17:13:25 - [TEST_STEP][PASSED] - else if (keterangan == "emptyCurrentPassword"): null

2020-05-22 17:13:25 - [TEST_STEP][PASSED] - else if (keterangan == "emptyNewPassword"): null

2020-05-22 17:13:25 - [TEST_STEP][PASSED] - else if (keterangan == "emptyConfirmPassword"): null

2020-05-22 17:13:25 - [TEST_STEP][PASSED] - else if (keterangan == "invalidCurrentPassword"): Object 'Object Repository/Denna/User - Ganti Password/label Current password maybe wrong or invalid' is visible

2020-05-22 17:13:25 - [TEST_STEP][PASSED] - verifyElementVisible(findTestObject("Denna/User - Ganti Password/label Current password maybe wrong or invalid")): Object 'Object Repository/Denna/User - Ganti Password/label Current password maybe wrong or invalid' is visible

2020-05-22 17:13:26 - [MESSAGE][PASSED] - Object 'Object Repository/Denna/User - Ganti Password/label Current password maybe wrong or invalid' is visible

2020-05-22 17:13:26 - [TEST_STEP][PASSED] - break: null

2020-05-22 17:13:26 - [TEST_STEP][PASSED] - closeBrowser(): Browser is closed

2020-05-22 17:13:28 - [MESSAGE][PASSED] - Browser is closed]]></system-out>
         <system-err><![CDATA[]]></system-err>
      </testcase>
      <testcase name="Test Cases/Denna/User - Ganti Password" time="60.97" classname="Test Cases/Denna/User - Ganti Password" status="PASSED">
         <system-out><![CDATA[2020-05-22 17:13:29 - [TEST_CASE][PASSED] - Test Cases/Denna/User - Ganti Password: Test Cases/Denna/User - Ganti Password

2020-05-22 17:13:29 - [TEST_STEP][PASSED] - callTestCase(findTestCase("Denna/Login(User)"), [:], STOP_ON_FAILURE): Call Test Case 'Test Cases/Denna/Login(User)' successfully

2020-05-22 17:13:29 - [TEST_CASE][PASSED] - Test Cases/Denna/Login(User): Test Cases/Denna/Login(User)

2020-05-22 17:13:29 - [TEST_STEP][PASSED] - openBrowser(""): Browser is opened with url: ''

2020-05-22 17:13:29 - [MESSAGE][INFO] - Starting 'Chrome' driver

2020-05-22 17:13:40 - [MESSAGE][PASSED] - Browser is opened with url: ''

2020-05-22 17:13:40 - [TEST_STEP][PASSED] - navigateToUrl("https://appsrv1.deltadatamandiri.com/ACC_LMS_WEB/#/Main"): Navigate to 'https://appsrv1.deltadatamandiri.com/ACC_LMS_WEB/#/Main' successfully

2020-05-22 17:13:50 - [MESSAGE][PASSED] - Navigate to 'https://appsrv1.deltadatamandiri.com/ACC_LMS_WEB/#/Main' successfully

2020-05-22 17:13:50 - [TEST_STEP][PASSED] - maximizeWindow(): Current window maximized

2020-05-22 17:13:52 - [MESSAGE][PASSED] - Current window maximized

2020-05-22 17:13:52 - [TEST_STEP][PASSED] - click(findTestObject("Denna/User-Login/button login")): Object: 'Object Repository/Denna/User-Login/button login' is clicked on

2020-05-22 17:13:55 - [MESSAGE][ERROR] - javascript error: Failed to execute 'elementsFromPoint' on 'Document': The provided double value is non-finite.
  (Session info: chrome=81.0.4044.138)
Build info: version: '3.141.59', revision: 'e82be7d358', time: '2018-11-14T08:25:53'
System info: host: 'DESKTOP-ETRGFK2', ip: '192.168.152.1', os.name: 'Windows 10', os.arch: 'amd64', os.version: '10.0', java.version: '1.8.0_181'
Driver info: com.kms.katalon.selenium.driver.CChromeDriver
Capabilities {acceptInsecureCerts: false, browserName: chrome, browserVersion: 81.0.4044.138, chrome: {chromedriverVersion: 81.0.4044.138 (8c6c7ba89cc9..., userDataDir: C:\Users\HARISA~1\AppData\L...}, goog:chromeOptions: {debuggerAddress: localhost:8702}, javascriptEnabled: true, networkConnectionEnabled: false, pageLoadStrategy: normal, platform: WINDOWS, platformName: WINDOWS, proxy: Proxy(), setWindowRect: true, strictFileInteractability: false, timeouts: {implicit: 0, pageLoad: 300000, script: 30000}, unhandledPromptBehavior: dismiss and notify, webauthn:virtualAuthenticators: true}
Session ID: 469e8df2d48982aa51ef3752f7e032c3

2020-05-22 17:13:58 - [MESSAGE][PASSED] - Object: 'Object Repository/Denna/User-Login/button login' is clicked on

2020-05-22 17:13:58 - [TEST_STEP][PASSED] - setText(findTestObject("Denna/User-Login/input NPK username"), "14426"): Text '14426' is set on object 'Object Repository/Denna/User-Login/input NPK username'

2020-05-22 17:13:59 - [MESSAGE][PASSED] - Text '14426' is set on object 'Object Repository/Denna/User-Login/input NPK username'

2020-05-22 17:13:59 - [TEST_STEP][PASSED] - setText(findTestObject("Denna/User-Login/inputPassword"), "Password2"): Text 'Password2' is set on object 'Object Repository/Denna/User-Login/inputPassword'

2020-05-22 17:13:59 - [MESSAGE][PASSED] - Text 'Password2' is set on object 'Object Repository/Denna/User-Login/inputPassword'

2020-05-22 17:13:59 - [TEST_STEP][PASSED] - click(findTestObject("Denna/User-Login/button login 1 masuk")): Object: 'Object Repository/Denna/User-Login/button login 1 masuk' is clicked on

2020-05-22 17:14:00 - [MESSAGE][PASSED] - Object: 'Object Repository/Denna/User-Login/button login 1 masuk' is clicked on

2020-05-22 17:14:00 - [TEST_STEP][PASSED] - verifyElementVisible(findTestObject("Denna/User-Login/button_My Learning IconMy Learning")): Object 'Object Repository/Denna/User-Login/button_My Learning IconMy Learning' is visible

2020-05-22 17:14:19 - [MESSAGE][PASSED] - Object 'Object Repository/Denna/User-Login/button_My Learning IconMy Learning' is visible

2020-05-22 17:14:19 - [MESSAGE][PASSED] - Call Test Case 'Test Cases/Denna/Login(User)' successfully

2020-05-22 17:14:19 - [TEST_STEP][PASSED] - click(findTestObject("Object Repository/Denna/User - Ganti Password/profile")): Object: 'Object Repository/Denna/User - Ganti Password/profile' is clicked on

2020-05-22 17:14:19 - [MESSAGE][PASSED] - Object: 'Object Repository/Denna/User - Ganti Password/profile' is clicked on

2020-05-22 17:14:19 - [TEST_STEP][PASSED] - click(findTestObject("Object Repository/Denna/User - Ganti Password/button Ganti Password")): Object: 'Object Repository/Denna/User - Ganti Password/button Ganti Password' is clicked on

2020-05-22 17:14:21 - [MESSAGE][PASSED] - Object: 'Object Repository/Denna/User - Ganti Password/button Ganti Password' is clicked on

2020-05-22 17:14:21 - [TEST_STEP][PASSED] - setText(findTestObject("Object Repository/Denna/User - Ganti Password/input Current Password"), currentPassword): Text 'Password2' is set on object 'Object Repository/Denna/User - Ganti Password/input Current Password'

2020-05-22 17:14:25 - [MESSAGE][PASSED] - Text 'Password2' is set on object 'Object Repository/Denna/User - Ganti Password/input Current Password'

2020-05-22 17:14:25 - [TEST_STEP][PASSED] - setText(findTestObject("Object Repository/Denna/User - Ganti Password/input newPassword"), newPassword): Text 'Pass' is set on object 'Object Repository/Denna/User - Ganti Password/input newPassword'

2020-05-22 17:14:26 - [MESSAGE][PASSED] - Text 'Pass' is set on object 'Object Repository/Denna/User - Ganti Password/input newPassword'

2020-05-22 17:14:26 - [TEST_STEP][PASSED] - setText(findTestObject("Object Repository/Denna/User - Ganti Password/input confirmNewPassword"), confirmPassword): Text 'Pass' is set on object 'Object Repository/Denna/User - Ganti Password/input confirmNewPassword'

2020-05-22 17:14:26 - [MESSAGE][PASSED] - Text 'Pass' is set on object 'Object Repository/Denna/User - Ganti Password/input confirmNewPassword'

2020-05-22 17:14:26 - [TEST_STEP][PASSED] - click(findTestObject("Object Repository/Denna/User - Ganti Password/button Submit new Password")): Object: 'Object Repository/Denna/User - Ganti Password/button Submit new Password' is clicked on

2020-05-22 17:14:27 - [MESSAGE][PASSED] - Object: 'Object Repository/Denna/User - Ganti Password/button Submit new Password' is clicked on

2020-05-22 17:14:27 - [TEST_STEP][PASSED] - switch (kondisi): null

2020-05-22 17:14:27 - [TEST_STEP][PASSED] - case "fail":: null

2020-05-22 17:14:27 - [TEST_STEP][PASSED] - if (keterangan == "emptyAll"): null

2020-05-22 17:14:27 - [TEST_STEP][PASSED] - else if (keterangan == "emptyCurrentPassword"): null

2020-05-22 17:14:27 - [TEST_STEP][PASSED] - else if (keterangan == "emptyNewPassword"): null

2020-05-22 17:14:27 - [TEST_STEP][PASSED] - else if (keterangan == "emptyConfirmPassword"): null

2020-05-22 17:14:27 - [TEST_STEP][PASSED] - else if (keterangan == "invalidCurrentPassword"): null

2020-05-22 17:14:27 - [TEST_STEP][PASSED] - else if (keterangan == "invalidNewPassword"): Object 'Object Repository/Denna/User - Ganti Password/label The password must be at least 6 characters and contain uppercase lowercase letters and numbers' is visible

2020-05-22 17:14:27 - [TEST_STEP][PASSED] - verifyElementVisible(findTestObject("Denna/User - Ganti Password/label The password must be at least 6 characters and contain uppercase lowercase letters and numbers")): Object 'Object Repository/Denna/User - Ganti Password/label The password must be at least 6 characters and contain uppercase lowercase letters and numbers' is visible

2020-05-22 17:14:27 - [MESSAGE][PASSED] - Object 'Object Repository/Denna/User - Ganti Password/label The password must be at least 6 characters and contain uppercase lowercase letters and numbers' is visible

2020-05-22 17:14:27 - [TEST_STEP][PASSED] - break: null

2020-05-22 17:14:27 - [TEST_STEP][PASSED] - closeBrowser(): Browser is closed

2020-05-22 17:14:30 - [MESSAGE][PASSED] - Browser is closed]]></system-out>
         <system-err><![CDATA[]]></system-err>
      </testcase>
      <testcase name="Test Cases/Denna/User - Ganti Password" time="63.873" classname="Test Cases/Denna/User - Ganti Password" status="PASSED">
         <system-out><![CDATA[2020-05-22 17:14:30 - [TEST_CASE][PASSED] - Test Cases/Denna/User - Ganti Password: Test Cases/Denna/User - Ganti Password

2020-05-22 17:14:31 - [TEST_STEP][PASSED] - callTestCase(findTestCase("Denna/Login(User)"), [:], STOP_ON_FAILURE): Call Test Case 'Test Cases/Denna/Login(User)' successfully

2020-05-22 17:14:31 - [TEST_CASE][PASSED] - Test Cases/Denna/Login(User): Test Cases/Denna/Login(User)

2020-05-22 17:14:31 - [TEST_STEP][PASSED] - openBrowser(""): Browser is opened with url: ''

2020-05-22 17:14:31 - [MESSAGE][INFO] - Starting 'Chrome' driver

2020-05-22 17:14:40 - [MESSAGE][PASSED] - Browser is opened with url: ''

2020-05-22 17:14:40 - [TEST_STEP][PASSED] - navigateToUrl("https://appsrv1.deltadatamandiri.com/ACC_LMS_WEB/#/Main"): Navigate to 'https://appsrv1.deltadatamandiri.com/ACC_LMS_WEB/#/Main' successfully

2020-05-22 17:14:52 - [MESSAGE][PASSED] - Navigate to 'https://appsrv1.deltadatamandiri.com/ACC_LMS_WEB/#/Main' successfully

2020-05-22 17:14:52 - [TEST_STEP][PASSED] - maximizeWindow(): Current window maximized

2020-05-22 17:14:54 - [MESSAGE][PASSED] - Current window maximized

2020-05-22 17:14:54 - [TEST_STEP][PASSED] - click(findTestObject("Denna/User-Login/button login")): Object: 'Object Repository/Denna/User-Login/button login' is clicked on

2020-05-22 17:14:56 - [MESSAGE][ERROR] - javascript error: Failed to execute 'elementsFromPoint' on 'Document': The provided double value is non-finite.
  (Session info: chrome=81.0.4044.138)
Build info: version: '3.141.59', revision: 'e82be7d358', time: '2018-11-14T08:25:53'
System info: host: 'DESKTOP-ETRGFK2', ip: '192.168.152.1', os.name: 'Windows 10', os.arch: 'amd64', os.version: '10.0', java.version: '1.8.0_181'
Driver info: com.kms.katalon.selenium.driver.CChromeDriver
Capabilities {acceptInsecureCerts: false, browserName: chrome, browserVersion: 81.0.4044.138, chrome: {chromedriverVersion: 81.0.4044.138 (8c6c7ba89cc9..., userDataDir: C:\Users\HARISA~1\AppData\L...}, goog:chromeOptions: {debuggerAddress: localhost:8769}, javascriptEnabled: true, networkConnectionEnabled: false, pageLoadStrategy: normal, platform: WINDOWS, platformName: WINDOWS, proxy: Proxy(), setWindowRect: true, strictFileInteractability: false, timeouts: {implicit: 0, pageLoad: 300000, script: 30000}, unhandledPromptBehavior: dismiss and notify, webauthn:virtualAuthenticators: true}
Session ID: b645edc2855bc48c04e29102c0e9f2dd

2020-05-22 17:15:03 - [MESSAGE][PASSED] - Object: 'Object Repository/Denna/User-Login/button login' is clicked on

2020-05-22 17:15:03 - [TEST_STEP][PASSED] - setText(findTestObject("Denna/User-Login/input NPK username"), "14426"): Text '14426' is set on object 'Object Repository/Denna/User-Login/input NPK username'

2020-05-22 17:15:04 - [MESSAGE][PASSED] - Text '14426' is set on object 'Object Repository/Denna/User-Login/input NPK username'

2020-05-22 17:15:04 - [TEST_STEP][PASSED] - setText(findTestObject("Denna/User-Login/inputPassword"), "Password2"): Text 'Password2' is set on object 'Object Repository/Denna/User-Login/inputPassword'

2020-05-22 17:15:04 - [MESSAGE][PASSED] - Text 'Password2' is set on object 'Object Repository/Denna/User-Login/inputPassword'

2020-05-22 17:15:04 - [TEST_STEP][PASSED] - click(findTestObject("Denna/User-Login/button login 1 masuk")): Object: 'Object Repository/Denna/User-Login/button login 1 masuk' is clicked on

2020-05-22 17:15:05 - [MESSAGE][PASSED] - Object: 'Object Repository/Denna/User-Login/button login 1 masuk' is clicked on

2020-05-22 17:15:05 - [TEST_STEP][PASSED] - verifyElementVisible(findTestObject("Denna/User-Login/button_My Learning IconMy Learning")): Object 'Object Repository/Denna/User-Login/button_My Learning IconMy Learning' is visible

2020-05-22 17:15:23 - [MESSAGE][PASSED] - Object 'Object Repository/Denna/User-Login/button_My Learning IconMy Learning' is visible

2020-05-22 17:15:23 - [MESSAGE][PASSED] - Call Test Case 'Test Cases/Denna/Login(User)' successfully

2020-05-22 17:15:23 - [TEST_STEP][PASSED] - click(findTestObject("Object Repository/Denna/User - Ganti Password/profile")): Object: 'Object Repository/Denna/User - Ganti Password/profile' is clicked on

2020-05-22 17:15:24 - [MESSAGE][PASSED] - Object: 'Object Repository/Denna/User - Ganti Password/profile' is clicked on

2020-05-22 17:15:24 - [TEST_STEP][PASSED] - click(findTestObject("Object Repository/Denna/User - Ganti Password/button Ganti Password")): Object: 'Object Repository/Denna/User - Ganti Password/button Ganti Password' is clicked on

2020-05-22 17:15:26 - [MESSAGE][PASSED] - Object: 'Object Repository/Denna/User - Ganti Password/button Ganti Password' is clicked on

2020-05-22 17:15:26 - [TEST_STEP][PASSED] - setText(findTestObject("Object Repository/Denna/User - Ganti Password/input Current Password"), currentPassword): Text 'Password2' is set on object 'Object Repository/Denna/User - Ganti Password/input Current Password'

2020-05-22 17:15:31 - [MESSAGE][PASSED] - Text 'Password2' is set on object 'Object Repository/Denna/User - Ganti Password/input Current Password'

2020-05-22 17:15:31 - [TEST_STEP][PASSED] - setText(findTestObject("Object Repository/Denna/User - Ganti Password/input newPassword"), newPassword): Text 'Password3' is set on object 'Object Repository/Denna/User - Ganti Password/input newPassword'

2020-05-22 17:15:32 - [MESSAGE][PASSED] - Text 'Password3' is set on object 'Object Repository/Denna/User - Ganti Password/input newPassword'

2020-05-22 17:15:32 - [TEST_STEP][PASSED] - setText(findTestObject("Object Repository/Denna/User - Ganti Password/input confirmNewPassword"), confirmPassword): Text 'Password4' is set on object 'Object Repository/Denna/User - Ganti Password/input confirmNewPassword'

2020-05-22 17:15:32 - [MESSAGE][PASSED] - Text 'Password4' is set on object 'Object Repository/Denna/User - Ganti Password/input confirmNewPassword'

2020-05-22 17:15:32 - [TEST_STEP][PASSED] - click(findTestObject("Object Repository/Denna/User - Ganti Password/button Submit new Password")): Object: 'Object Repository/Denna/User - Ganti Password/button Submit new Password' is clicked on

2020-05-22 17:15:33 - [MESSAGE][PASSED] - Object: 'Object Repository/Denna/User - Ganti Password/button Submit new Password' is clicked on

2020-05-22 17:15:33 - [TEST_STEP][PASSED] - switch (kondisi): null

2020-05-22 17:15:33 - [TEST_STEP][PASSED] - case "fail":: null

2020-05-22 17:15:33 - [TEST_STEP][PASSED] - if (keterangan == "emptyAll"): null

2020-05-22 17:15:33 - [TEST_STEP][PASSED] - else if (keterangan == "emptyCurrentPassword"): null

2020-05-22 17:15:33 - [TEST_STEP][PASSED] - else if (keterangan == "emptyNewPassword"): null

2020-05-22 17:15:33 - [TEST_STEP][PASSED] - else if (keterangan == "emptyConfirmPassword"): null

2020-05-22 17:15:33 - [TEST_STEP][PASSED] - else if (keterangan == "invalidCurrentPassword"): null

2020-05-22 17:15:33 - [TEST_STEP][PASSED] - else if (keterangan == "invalidNewPassword"): null

2020-05-22 17:15:33 - [TEST_STEP][PASSED] - else if (keterangan == "notMatch"): Object 'Object Repository/Denna/User - Ganti Password/label Passwords are not match' is visible

2020-05-22 17:15:33 - [TEST_STEP][PASSED] - verifyElementVisible(findTestObject("Denna/User - Ganti Password/label Passwords are not match")): Object 'Object Repository/Denna/User - Ganti Password/label Passwords are not match' is visible

2020-05-22 17:15:33 - [MESSAGE][PASSED] - Object 'Object Repository/Denna/User - Ganti Password/label Passwords are not match' is visible

2020-05-22 17:15:33 - [TEST_STEP][PASSED] - break: null

2020-05-22 17:15:33 - [TEST_STEP][PASSED] - closeBrowser(): Browser is closed

2020-05-22 17:15:34 - [MESSAGE][PASSED] - Browser is closed]]></system-out>
         <system-err><![CDATA[]]></system-err>
      </testcase>
      <system-out><![CDATA[2020-05-22 17:05:33 - [TEST_SUITE][PASSED] - User - Ganti Password: Test Cases/Denna/User - Ganti Password]]></system-out>
      <system-err><![CDATA[]]></system-err>
   </testsuite>
</testsuites>
