<?xml version="1.0" encoding="UTF-8"?>
<testsuites name="Manage Slider" time="105.872" tests="1" failures="0" errors="0">
   <testsuite name="Manage Slider" tests="1" failures="0" errors="0" time="105.872" timestamp="2020-06-04 12:07:58" hostname="ASUS - LAPTOP-D0TPACJ1" id="Test Suites/Christi/Manage Slider">
      <properties>
         <property name="deviceName" value=""/>
         <property name="devicePlatform" value=""/>
         <property name="logFolder" value="C:\\Users\\ASUS\\git\\LearningManagementWeb\\Reports\\20200604_120745\\Christi\\Manage Slider\\20200604_120745"/>
         <property name="logFiles" value="C:\\Users\\ASUS\\git\\LearningManagementWeb\\Reports\\20200604_120745\\Christi\\Manage Slider\\20200604_120745\\execution0.log"/>
         <property name="attachments" value=""/>
         <property name="hostName" value="ASUS - LAPTOP-D0TPACJ1"/>
         <property name="os" value="Windows 10 64bit"/>
         <property name="katalonVersion" value="7.0.10.1"/>
         <property name="browser" value="Chrome 83.0.4103.61"/>
         <property name="hostAddress" value="192.168.100.227"/>
         <property name="sessionId" value="ea2503d59b9f820a4e87abe1fa70bdd0"/>
         <property name="seleniumVersion" value="3.141.59"/>
         <property name="proxyInformation" value="ProxyInformation{proxyOption=NO_PROXY, proxyServerType=HTTP, password=, proxyServerAddress=, proxyServerPort=0}"/>
         <property name="platform" value="Windows 10"/>
      </properties>
      <testcase name="Test Cases/Christi/Admin/Manage Slider - Edit" time="104.891" classname="Test Cases/Christi/Admin/Manage Slider - Edit" status="PASSED">
         <system-out><![CDATA[2020-06-04 12:07:59 - [TEST_CASE][PASSED] - Test Cases/Christi/Admin/Manage Slider - Edit: Test Cases/Christi/Admin/Manage Slider - Edit

2020-06-04 12:08:00 - [TEST_STEP][PASSED] - callTestCase(findTestCase("Christi/Admin/admin login"), ["username":"11666", "password":"Password3"], STOP_ON_FAILURE): Call Test Case 'Test Cases/Christi/Admin/admin login' successfully

2020-06-04 12:08:00 - [TEST_CASE][PASSED] - Test Cases/Christi/Admin/admin login: Test Cases/Christi/Admin/admin login

2020-06-04 12:08:01 - [TEST_STEP][PASSED] - openBrowser(""): Browser is opened with url: ''

2020-06-04 12:08:01 - [MESSAGE][INFO] - Starting 'Chrome' driver

2020-06-04 12:08:02 - [MESSAGE][INFO] - Action delay is set to 0 seconds

2020-06-04 12:08:07 - [MESSAGE][PASSED] - Browser is opened with url: ''

2020-06-04 12:08:07 - [TEST_STEP][PASSED] - navigateToUrl("https://appsrv1.deltadatamandiri.com/ACC_LMS_WEB/#/admNLmn"): Navigate to 'https://appsrv1.deltadatamandiri.com/ACC_LMS_WEB/#/admNLmn' successfully

2020-06-04 12:08:29 - [MESSAGE][PASSED] - Navigate to 'https://appsrv1.deltadatamandiri.com/ACC_LMS_WEB/#/admNLmn' successfully

2020-06-04 12:08:29 - [TEST_STEP][PASSED] - click(findTestObject("Christi/Page_Main/button_login")): Object: 'Object Repository/Christi/Page_Main/button_login' is clicked on

2020-06-04 12:08:35 - [MESSAGE][ERROR] - javascript error: Failed to execute 'elementsFromPoint' on 'Document': The provided double value is non-finite.
  (Session info: chrome=83.0.4103.61)
Build info: version: '3.141.59', revision: 'e82be7d358', time: '2018-11-14T08:25:53'
System info: host: 'LAPTOP-D0TPACJ1', ip: '192.168.100.227', os.name: 'Windows 10', os.arch: 'amd64', os.version: '10.0', java.version: '1.8.0_181'
Driver info: com.kms.katalon.selenium.driver.CChromeDriver
Capabilities {acceptInsecureCerts: false, browserName: chrome, browserVersion: 83.0.4103.61, chrome: {chromedriverVersion: 83.0.4103.39 (ccbf011cb2d2b..., userDataDir: C:\Users\ASUS\AppData\Local...}, goog:chromeOptions: {debuggerAddress: localhost:54631}, javascriptEnabled: true, networkConnectionEnabled: false, pageLoadStrategy: normal, platform: WINDOWS, platformName: WINDOWS, proxy: Proxy(), setWindowRect: true, strictFileInteractability: false, timeouts: {implicit: 0, pageLoad: 300000, script: 30000}, unhandledPromptBehavior: dismiss and notify, webauthn:virtualAuthenticators: true}
Session ID: ea2503d59b9f820a4e87abe1fa70bdd0

2020-06-04 12:08:36 - [MESSAGE][PASSED] - Object: 'Object Repository/Christi/Page_Main/button_login' is clicked on

2020-06-04 12:08:36 - [TEST_STEP][PASSED] - delay(3): Delayed 3 second(s)

2020-06-04 12:08:39 - [MESSAGE][PASSED] - Delayed 3 second(s)

2020-06-04 12:08:39 - [TEST_STEP][PASSED] - setText(findTestObject("Object Repository/Christi/Page_Main/input_NPK_username"), username): Text '11666' is set on object 'Object Repository/Christi/Page_Main/input_NPK_username'

2020-06-04 12:08:39 - [MESSAGE][PASSED] - Text '11666' is set on object 'Object Repository/Christi/Page_Main/input_NPK_username'

2020-06-04 12:08:39 - [TEST_STEP][PASSED] - setText(findTestObject("Object Repository/Christi/Page_Main/input_Password_password"), password): Text 'Password3' is set on object 'Object Repository/Christi/Page_Main/input_Password_password'

2020-06-04 12:08:40 - [MESSAGE][PASSED] - Text 'Password3' is set on object 'Object Repository/Christi/Page_Main/input_Password_password'

2020-06-04 12:08:40 - [TEST_STEP][PASSED] - delay(5): Delayed 5 second(s)

2020-06-04 12:08:45 - [MESSAGE][PASSED] - Delayed 5 second(s)

2020-06-04 12:08:45 - [TEST_STEP][PASSED] - click(findTestObject("Rizka/Admin/Admin - Login/btnLogin2")): Object: 'Object Repository/Rizka/Admin/Admin - Login/btnLogin2' is clicked on

2020-06-04 12:08:45 - [MESSAGE][PASSED] - Object: 'Object Repository/Rizka/Admin/Admin - Login/btnLogin2' is clicked on

2020-06-04 12:08:45 - [TEST_STEP][PASSED] - delay(5): Delayed 5 second(s)

2020-06-04 12:08:50 - [MESSAGE][PASSED] - Delayed 5 second(s)

2020-06-04 12:08:50 - [MESSAGE][PASSED] - Call Test Case 'Test Cases/Christi/Admin/admin login' successfully

2020-06-04 12:08:50 - [TEST_STEP][PASSED] - delay(3): Delayed 3 second(s)

2020-06-04 12:08:53 - [MESSAGE][PASSED] - Delayed 3 second(s)

2020-06-04 12:08:53 - [TEST_STEP][PASSED] - click(findTestObject("Object Repository/Christi/Page_Dashboard Admin/span_Manage Slider")): Object: 'Object Repository/Christi/Page_Dashboard Admin/span_Manage Slider' is clicked on

2020-06-04 12:08:55 - [MESSAGE][PASSED] - Object: 'Object Repository/Christi/Page_Dashboard Admin/span_Manage Slider' is clicked on

2020-06-04 12:08:55 - [TEST_STEP][PASSED] - delay(3): Delayed 3 second(s)

2020-06-04 12:08:58 - [MESSAGE][PASSED] - Delayed 3 second(s)

2020-06-04 12:08:58 - [TEST_STEP][PASSED] - if (find_slider == "found"): null

2020-06-04 12:08:58 - [TEST_STEP][PASSED] - verifyElementPresent(findTestObject("Christi/Page_Manage Sliders/label_Slider", ["text":nama_slider]), 3): Object 'Object Repository/Christi/Page_Manage Sliders/label_Slider' is present

2020-06-04 12:08:59 - [MESSAGE][PASSED] - Object 'Object Repository/Christi/Page_Manage Sliders/label_Slider' is present

2020-06-04 12:08:59 - [TEST_STEP][PASSED] - delay(3): Delayed 3 second(s)

2020-06-04 12:09:02 - [MESSAGE][PASSED] - Delayed 3 second(s)

2020-06-04 12:09:02 - [TEST_STEP][PASSED] - click(findTestObject("Object Repository/Christi/Page_Manage Sliders/span_Edit NEOP SERVICE")): Object: 'Object Repository/Christi/Page_Manage Sliders/span_Edit NEOP SERVICE' is clicked on

2020-06-04 12:09:03 - [MESSAGE][PASSED] - Object: 'Object Repository/Christi/Page_Manage Sliders/span_Edit NEOP SERVICE' is clicked on

2020-06-04 12:09:03 - [TEST_STEP][PASSED] - delay(3): Delayed 3 second(s)

2020-06-04 12:09:06 - [MESSAGE][PASSED] - Delayed 3 second(s)

2020-06-04 12:09:06 - [TEST_STEP][PASSED] - switch (edit.toString()): null

2020-06-04 12:09:06 - [TEST_STEP][PASSED] - case "change all":: null

2020-06-04 12:09:06 - [TEST_STEP][PASSED] - setText(findTestObject("Object Repository/Christi/Page_Manage Sliders/input_Slider name (edit)"), nama_slider_baru): Text 'Brand New Slider' is set on object 'Object Repository/Christi/Page_Manage Sliders/input_Slider name (edit)'

2020-06-04 12:09:07 - [MESSAGE][PASSED] - Text 'Brand New Slider' is set on object 'Object Repository/Christi/Page_Manage Sliders/input_Slider name (edit)'

2020-06-04 12:09:07 - [TEST_STEP][PASSED] - if (max_character == "yes"): null

2020-06-04 12:09:07 - [TEST_STEP][PASSED] - delay(3): Delayed 3 second(s)

2020-06-04 12:09:10 - [MESSAGE][PASSED] - Delayed 3 second(s)

2020-06-04 12:09:10 - [TEST_STEP][PASSED] - setText(findTestObject("Object Repository/Christi/Page_Manage Sliders/input_Section Link_txtEditSliderLink"), url_slider_baru): Text 'https://appsrv1.deltadatamandiri.com/ACC_LMS_WEB/#/onlineLearningDetail?modulID=6' is set on object 'Object Repository/Christi/Page_Manage Sliders/input_Section Link_txtEditSliderLink'

2020-06-04 12:09:11 - [MESSAGE][PASSED] - Text 'https://appsrv1.deltadatamandiri.com/ACC_LMS_WEB/#/onlineLearningDetail?modulID=6' is set on object 'Object Repository/Christi/Page_Manage Sliders/input_Section Link_txtEditSliderLink'

2020-06-04 12:09:11 - [TEST_STEP][PASSED] - delay(3): Delayed 3 second(s)

2020-06-04 12:09:14 - [MESSAGE][PASSED] - Delayed 3 second(s)

2020-06-04 12:09:14 - [TEST_STEP][PASSED] - uploadFile(findTestObject("Object Repository/Christi/Page_Manage Sliders/input_Icon_files"), img_slider_baru): File 'C:\Users\ASUS\git\LearningManagementWeb\konten lms\Cover Modul - Welcoming Kit.png' sent to object: 'Object Repository/Christi/Page_Manage Sliders/input_Icon_files'

2020-06-04 12:09:14 - [MESSAGE][PASSED] - File 'C:\Users\ASUS\git\LearningManagementWeb\konten lms\Cover Modul - Welcoming Kit.png' sent to object: 'Object Repository/Christi/Page_Manage Sliders/input_Icon_files'

2020-06-04 12:09:14 - [TEST_STEP][PASSED] - if (max_image_size == "yes"): null

2020-06-04 12:09:14 - [TEST_STEP][PASSED] - else if (img_file_invalid == "yes"): null

2020-06-04 12:09:14 - [TEST_STEP][PASSED] - else: Object 'Object Repository/Christi/Page_Manage Sliders/div_File uploaded successfully' is present

2020-06-04 12:09:14 - [TEST_STEP][PASSED] - verifyElementPresent(findTestObject("Christi/Page_Manage Sliders/div_File uploaded successfully"), 0): Object 'Object Repository/Christi/Page_Manage Sliders/div_File uploaded successfully' is present

2020-06-04 12:09:14 - [MESSAGE][WARNING] - Timeout '0' is invalid. Using default page load timeout: '30'

2020-06-04 12:09:22 - [MESSAGE][PASSED] - Object 'Object Repository/Christi/Page_Manage Sliders/div_File uploaded successfully' is present

2020-06-04 12:09:22 - [TEST_STEP][PASSED] - click(findTestObject("Object Repository/Christi/Page_Manage Sliders_Edit/button_Update Slider")): Object: 'Object Repository/Christi/Page_Manage Sliders_Edit/button_Update Slider' is clicked on

2020-06-04 12:09:23 - [MESSAGE][PASSED] - Object: 'Object Repository/Christi/Page_Manage Sliders_Edit/button_Update Slider' is clicked on

2020-06-04 12:09:23 - [TEST_STEP][PASSED] - if (expected == "pass"): Object: 'Object Repository/Christi/Page_Manage Sliders/i_NEOP UW_app-icon wi wi-close fa-lg' is clicked on

2020-06-04 12:09:23 - [TEST_STEP][PASSED] - delay(3): Delayed 3 second(s)

2020-06-04 12:09:26 - [MESSAGE][PASSED] - Delayed 3 second(s)

2020-06-04 12:09:26 - [TEST_STEP][PASSED] - click(findTestObject("Object Repository/Christi/Page_Manage Sliders/span_Edit NEOP SERVICE")): Object: 'Object Repository/Christi/Page_Manage Sliders/span_Edit NEOP SERVICE' is clicked on

2020-06-04 12:09:32 - [MESSAGE][PASSED] - Object: 'Object Repository/Christi/Page_Manage Sliders/span_Edit NEOP SERVICE' is clicked on

2020-06-04 12:09:32 - [TEST_STEP][PASSED] - delay(3): Delayed 3 second(s)

2020-06-04 12:09:35 - [MESSAGE][PASSED] - Delayed 3 second(s)

2020-06-04 12:09:35 - [TEST_STEP][PASSED] - nama_slider_edit = getText(findTestObject("Object Repository/Christi/Page_Manage Sliders/input_Slider name (edit)")): Text of object 'Object Repository/Christi/Page_Manage Sliders/input_Slider name (edit)' is: ''

2020-06-04 12:09:36 - [MESSAGE][PASSED] - Text of object 'Object Repository/Christi/Page_Manage Sliders/input_Slider name (edit)' is: ''

2020-06-04 12:09:36 - [TEST_STEP][PASSED] - url_slider_edit = getText(findTestObject("Christi/Page_Manage Sliders/input_Section Link_txtEditSliderLink")): Text of object 'Object Repository/Christi/Page_Manage Sliders/input_Section Link_txtEditSliderLink' is: ''

2020-06-04 12:09:36 - [MESSAGE][PASSED] - Text of object 'Object Repository/Christi/Page_Manage Sliders/input_Section Link_txtEditSliderLink' is: ''

2020-06-04 12:09:36 - [TEST_STEP][PASSED] - delay(3): Delayed 3 second(s)

2020-06-04 12:09:39 - [MESSAGE][PASSED] - Delayed 3 second(s)

2020-06-04 12:09:39 - [TEST_STEP][PASSED] - click(findTestObject("Object Repository/Christi/Page_Manage Sliders/i_NEOP UW_app-icon wi wi-close fa-lg")): Object: 'Object Repository/Christi/Page_Manage Sliders/i_NEOP UW_app-icon wi wi-close fa-lg' is clicked on

2020-06-04 12:09:40 - [MESSAGE][PASSED] - Object: 'Object Repository/Christi/Page_Manage Sliders/i_NEOP UW_app-icon wi wi-close fa-lg' is clicked on

2020-06-04 12:09:40 - [TEST_STEP][PASSED] - break: null

2020-06-04 12:09:40 - [TEST_STEP][PASSED] - delay(3): Delayed 3 second(s)

2020-06-04 12:09:43 - [MESSAGE][PASSED] - Delayed 3 second(s)

2020-06-04 12:09:43 - [TEST_STEP][PASSED] - closeBrowser(STOP_ON_FAILURE): Browser is closed

2020-06-04 12:09:44 - [MESSAGE][PASSED] - Browser is closed]]></system-out>
         <system-err><![CDATA[]]></system-err>
      </testcase>
      <system-out><![CDATA[2020-06-04 12:07:58 - [TEST_SUITE][PASSED] - Manage Slider: Test Cases/Christi/Admin/Manage Slider - Edit]]></system-out>
      <system-err><![CDATA[]]></system-err>
   </testsuite>
</testsuites>
