<?xml version="1.0" encoding="UTF-8"?>
<testsuites name="Online Learning" time="251.402" tests="2" failures="1" errors="0">
   <testsuite name="Online Learning" tests="2" failures="1" errors="0" time="251.402" timestamp="2020-05-12 18:15:16" hostname="ASUS - LAPTOP-D0TPACJ1" id="Test Suites/Christi/Online Learning">
      <properties>
         <property name="deviceName" value=""/>
         <property name="devicePlatform" value=""/>
         <property name="logFolder" value="C:\\Users\\ASUS\\git\\LearningManagementWeb\\Reports\\20200512_181511\\Christi\\Online Learning\\20200512_181511"/>
         <property name="logFiles" value="C:\\Users\\ASUS\\git\\LearningManagementWeb\\Reports\\20200512_181511\\Christi\\Online Learning\\20200512_181511\\execution0.log"/>
         <property name="attachments" value="C:\\Users\\ASUS\\git\\LearningManagementWeb\\Reports\\20200512_181511\\Christi\\Online Learning\\20200512_181511\\1589282366490.png"/>
         <property name="hostName" value="ASUS - LAPTOP-D0TPACJ1"/>
         <property name="os" value="Windows 10 64bit"/>
         <property name="katalonVersion" value="7.0.10.1"/>
         <property name="browser" value="Chrome 81.0.4044.138"/>
         <property name="hostAddress" value="192.168.100.227"/>
         <property name="sessionId" value="5176d1d5e49f55cd5c25d73d3c1c7d30"/>
         <property name="seleniumVersion" value="3.141.59"/>
         <property name="proxyInformation" value="ProxyInformation{proxyOption=NO_PROXY, proxyServerType=HTTP, password=, proxyServerAddress=, proxyServerPort=0}"/>
         <property name="platform" value="Windows 10"/>
      </properties>
      <testcase name="Test Cases/Christi/User - Online Learning - Search" time="131.671" classname="Test Cases/Christi/User - Online Learning - Search" status="PASSED">
         <system-out><![CDATA[2020-05-12 18:15:18 - [TEST_CASE][PASSED] - Test Cases/Christi/User - Online Learning - Search: Test Cases/Christi/User - Online Learning - Search

2020-05-12 18:15:19 - [TEST_STEP][PASSED] - openBrowser(""): Browser is opened with url: ''

2020-05-12 18:15:20 - [MESSAGE][INFO] - Starting 'Chrome' driver

2020-05-12 18:15:20 - [MESSAGE][INFO] - Action delay is set to 0 seconds

2020-05-12 18:15:27 - [MESSAGE][PASSED] - Browser is opened with url: ''

2020-05-12 18:15:27 - [TEST_STEP][PASSED] - maximizeWindow(): Current window maximized

2020-05-12 18:15:28 - [MESSAGE][PASSED] - Current window maximized

2020-05-12 18:15:28 - [TEST_STEP][PASSED] - navigateToUrl("https://appsrv1.deltadatamandiri.com/ACC_LMS_WEB/#/Main"): Navigate to 'https://appsrv1.deltadatamandiri.com/ACC_LMS_WEB/#/Main' successfully

2020-05-12 18:15:37 - [MESSAGE][PASSED] - Navigate to 'https://appsrv1.deltadatamandiri.com/ACC_LMS_WEB/#/Main' successfully

2020-05-12 18:15:37 - [TEST_STEP][PASSED] - click(findTestObject("Object Repository/Christi/Page_Main/span_login")): Object: 'Object Repository/Christi/Page_Main/span_login' is clicked on

2020-05-12 18:15:42 - [MESSAGE][ERROR] - javascript error: Failed to execute 'elementsFromPoint' on 'Document': The provided double value is non-finite.
  (Session info: chrome=81.0.4044.138)
Build info: version: '3.141.59', revision: 'e82be7d358', time: '2018-11-14T08:25:53'
System info: host: 'LAPTOP-D0TPACJ1', ip: '192.168.100.227', os.name: 'Windows 10', os.arch: 'amd64', os.version: '10.0', java.version: '1.8.0_181'
Driver info: com.kms.katalon.selenium.driver.CChromeDriver
Capabilities {acceptInsecureCerts: false, browserName: chrome, browserVersion: 81.0.4044.138, chrome: {chromedriverVersion: 80.0.3987.106 (f68069574609..., userDataDir: C:\Users\ASUS\AppData\Local...}, goog:chromeOptions: {debuggerAddress: localhost:52692}, javascriptEnabled: true, networkConnectionEnabled: false, pageLoadStrategy: normal, platform: WINDOWS, platformName: WINDOWS, proxy: Proxy(), setWindowRect: true, strictFileInteractability: false, timeouts: {implicit: 0, pageLoad: 300000, script: 30000}, unhandledPromptBehavior: dismiss and notify}
Session ID: 9b003ebe0614d86965d6c2d2da4ce474

2020-05-12 18:15:43 - [MESSAGE][PASSED] - Object: 'Object Repository/Christi/Page_Main/span_login' is clicked on

2020-05-12 18:15:43 - [TEST_STEP][PASSED] - delay(3): Delayed 3 second(s)

2020-05-12 18:15:46 - [MESSAGE][PASSED] - Delayed 3 second(s)

2020-05-12 18:15:46 - [TEST_STEP][PASSED] - setText(findTestObject("Object Repository/Christi/Page_Main/input_NPK_username"), username): Text '14426' is set on object 'Object Repository/Christi/Page_Main/input_NPK_username'

2020-05-12 18:15:47 - [MESSAGE][PASSED] - Text '14426' is set on object 'Object Repository/Christi/Page_Main/input_NPK_username'

2020-05-12 18:15:47 - [TEST_STEP][PASSED] - setText(findTestObject("Object Repository/Christi/Page_Main/input_Password_password"), password): Text 'Password2' is set on object 'Object Repository/Christi/Page_Main/input_Password_password'

2020-05-12 18:15:48 - [MESSAGE][PASSED] - Text 'Password2' is set on object 'Object Repository/Christi/Page_Main/input_Password_password'

2020-05-12 18:15:48 - [TEST_STEP][PASSED] - click(findTestObject("Object Repository/Christi/Page_Main/span_Remember me")): Object: 'Object Repository/Christi/Page_Main/span_Remember me' is clicked on

2020-05-12 18:15:49 - [MESSAGE][PASSED] - Object: 'Object Repository/Christi/Page_Main/span_Remember me' is clicked on

2020-05-12 18:15:49 - [TEST_STEP][PASSED] - click(findTestObject("Object Repository/Christi/Page_Main/span_login_1")): Object: 'Object Repository/Christi/Page_Main/span_login_1' is clicked on

2020-05-12 18:15:49 - [MESSAGE][PASSED] - Object: 'Object Repository/Christi/Page_Main/span_login_1' is clicked on

2020-05-12 18:15:49 - [TEST_STEP][PASSED] - delay(3): Delayed 3 second(s)

2020-05-12 18:15:52 - [MESSAGE][PASSED] - Delayed 3 second(s)

2020-05-12 18:15:52 - [TEST_STEP][PASSED] - click(findTestObject("Christi/Page_Homepage/i_My Learning Icon_app-icon wi wi-menu fa-lg")): Object: 'Object Repository/Christi/Page_Homepage/i_My Learning Icon_app-icon wi wi-menu fa-lg' is clicked on

2020-05-12 18:16:28 - [MESSAGE][PASSED] - Object: 'Object Repository/Christi/Page_Homepage/i_My Learning Icon_app-icon wi wi-menu fa-lg' is clicked on

2020-05-12 18:16:28 - [TEST_STEP][PASSED] - scrollToElement(findTestObject("Christi/Page_Homepage/span_Online Learning"), 0): Scroll to object 'Object Repository/Christi/Page_Homepage/span_Online Learning' successfully

2020-05-12 18:16:28 - [MESSAGE][WARNING] - Timeout '0' is invalid. Using default page load timeout: '30'

2020-05-12 18:16:28 - [MESSAGE][PASSED] - Scroll to object 'Object Repository/Christi/Page_Homepage/span_Online Learning' successfully

2020-05-12 18:16:28 - [TEST_STEP][PASSED] - delay(3): Delayed 3 second(s)

2020-05-12 18:16:31 - [MESSAGE][PASSED] - Delayed 3 second(s)

2020-05-12 18:16:31 - [TEST_STEP][PASSED] - setText(findTestObject("Christi/Page_Job Functions/input_Back button_searchModul"), search_module): Text 'xxxxx' is set on object 'Object Repository/Christi/Page_Job Functions/input_Back button_searchModul'

2020-05-12 18:17:07 - [MESSAGE][PASSED] - Text 'xxxxx' is set on object 'Object Repository/Christi/Page_Job Functions/input_Back button_searchModul'

2020-05-12 18:17:07 - [TEST_STEP][PASSED] - click(findTestObject("Object Repository/Christi/Page_Job Functions/button_Clear button_app-search-button wi wi-search")): Object: 'Object Repository/Christi/Page_Job Functions/button_Clear button_app-search-button wi wi-search' is clicked on

2020-05-12 18:17:20 - [MESSAGE][PASSED] - Object: 'Object Repository/Christi/Page_Job Functions/button_Clear button_app-search-button wi wi-search' is clicked on

2020-05-12 18:17:20 - [TEST_STEP][PASSED] - delay(3): Delayed 3 second(s)

2020-05-12 18:17:23 - [MESSAGE][PASSED] - Delayed 3 second(s)

2020-05-12 18:17:23 - [TEST_STEP][PASSED] - if (expected == "pass"): null

2020-05-12 18:17:23 - [TEST_STEP][PASSED] - else if (expected == "fail"): Object 'Object Repository/Christi/Page_Online Learning Search Result/label_tidak ditemukan' is present

2020-05-12 18:17:23 - [TEST_STEP][PASSED] - verifyElementPresent(findTestObject("Object Repository/Christi/Page_Online Learning Search Result/label_tidak ditemukan"), 0): Object 'Object Repository/Christi/Page_Online Learning Search Result/label_tidak ditemukan' is present

2020-05-12 18:17:23 - [MESSAGE][WARNING] - Timeout '0' is invalid. Using default page load timeout: '30'

2020-05-12 18:17:29 - [MESSAGE][PASSED] - Object 'Object Repository/Christi/Page_Online Learning Search Result/label_tidak ditemukan' is present

2020-05-12 18:17:29 - [TEST_STEP][PASSED] - closeBrowser(): Browser is closed

2020-05-12 18:17:30 - [MESSAGE][PASSED] - Browser is closed]]></system-out>
         <system-err><![CDATA[]]></system-err>
      </testcase>
      <testcase name="Test Cases/Christi/User - Online Learning - Search" time="116.889" classname="Test Cases/Christi/User - Online Learning - Search" status="FAILED">
         <failure type="FAILED" message="Test Cases/Christi/User - Online Learning - Search FAILED.
Reason:
com.kms.katalon.core.exception.StepFailedException: Unable to set text 'WELCOMING KIT' of object 'Object Repository/Christi/Page_Job Functions/input_Back button_searchModul'
	at com.kms.katalon.core.webui.keyword.internal.WebUIKeywordMain.stepFailed(WebUIKeywordMain.groovy:64)
	at com.kms.katalon.core.webui.keyword.internal.WebUIKeywordMain.runKeyword(WebUIKeywordMain.groovy:26)
	at com.kms.katalon.core.webui.keyword.builtin.SetTextKeyword.setText(SetTextKeyword.groovy:66)
	at com.kms.katalon.core.webui.keyword.builtin.SetTextKeyword.execute(SetTextKeyword.groovy:37)
	at com.kms.katalon.core.keyword.internal.KeywordExecutor.executeKeywordForPlatform(KeywordExecutor.groovy:60)
	at com.kms.katalon.core.webui.keyword.WebUiBuiltInKeywords.setText(WebUiBuiltInKeywords.groovy:950)
	at com.kms.katalon.core.webui.keyword.WebUiBuiltInKeywords$setText$3.call(Unknown Source)
	at User - Online Learning - Search.run(User - Online Learning - Search:44)
	at com.kms.katalon.core.main.ScriptEngine.run(ScriptEngine.java:194)
	at com.kms.katalon.core.main.ScriptEngine.runScriptAsRawText(ScriptEngine.java:119)
	at com.kms.katalon.core.main.TestCaseExecutor.runScript(TestCaseExecutor.java:337)
	at com.kms.katalon.core.main.TestCaseExecutor.doExecute(TestCaseExecutor.java:328)
	at com.kms.katalon.core.main.TestCaseExecutor.processExecutionPhase(TestCaseExecutor.java:307)
	at com.kms.katalon.core.main.TestCaseExecutor.accessMainPhase(TestCaseExecutor.java:299)
	at com.kms.katalon.core.main.TestCaseExecutor.execute(TestCaseExecutor.java:233)
	at com.kms.katalon.core.main.TestSuiteExecutor.accessTestCaseMainPhase(TestSuiteExecutor.java:169)
	at com.kms.katalon.core.main.TestSuiteExecutor.accessTestSuiteMainPhase(TestSuiteExecutor.java:142)
	at com.kms.katalon.core.main.TestSuiteExecutor.execute(TestSuiteExecutor.java:91)
	at com.kms.katalon.core.main.TestCaseMain.startTestSuite(TestCaseMain.java:157)
	at com.kms.katalon.core.main.TestCaseMain$startTestSuite$0.call(Unknown Source)
	at TempTestSuite1589282111308.run(TempTestSuite1589282111308.groovy:36)
Caused by: com.kms.katalon.core.webui.exception.WebElementNotFoundException: Web element with id: 'Object Repository/Christi/Page_Job Functions/input_Back button_searchModul' located by 'By.xpath: //input[@name='searchModul']' not found
	at com.kms.katalon.core.webui.common.WebUiCommonHelper.findWebElement(WebUiCommonHelper.java:1113)
	at com.kms.katalon.core.webui.keyword.internal.WebUIAbstractKeyword.findWebElement(WebUIAbstractKeyword.groovy:27)
	at com.kms.katalon.core.webui.keyword.internal.WebUIAbstractKeyword.findWebElement(WebUIAbstractKeyword.groovy:26)
	at com.kms.katalon.core.webui.keyword.builtin.SetTextKeyword$_setText_closure1.doCall(SetTextKeyword.groovy:51)
	at com.kms.katalon.core.webui.keyword.builtin.SetTextKeyword$_setText_closure1.call(SetTextKeyword.groovy)
	at com.kms.katalon.core.webui.keyword.internal.WebUIKeywordMain.runKeyword(WebUIKeywordMain.groovy:20)
	... 19 more
"/>
         <system-out><![CDATA[2020-05-12 18:17:30 - [TEST_CASE][FAILED] - Test Cases/Christi/User - Online Learning - Search: Test Cases/Christi/User - Online Learning - Search FAILED.
Reason:
com.kms.katalon.core.exception.StepFailedException: Unable to set text 'WELCOMING KIT' of object 'Object Repository/Christi/Page_Job Functions/input_Back button_searchModul'
	at com.kms.katalon.core.webui.keyword.internal.WebUIKeywordMain.stepFailed(WebUIKeywordMain.groovy:64)
	at com.kms.katalon.core.webui.keyword.internal.WebUIKeywordMain.runKeyword(WebUIKeywordMain.groovy:26)
	at com.kms.katalon.core.webui.keyword.builtin.SetTextKeyword.setText(SetTextKeyword.groovy:66)
	at com.kms.katalon.core.webui.keyword.builtin.SetTextKeyword.execute(SetTextKeyword.groovy:37)
	at com.kms.katalon.core.keyword.internal.KeywordExecutor.executeKeywordForPlatform(KeywordExecutor.groovy:60)
	at com.kms.katalon.core.webui.keyword.WebUiBuiltInKeywords.setText(WebUiBuiltInKeywords.groovy:950)
	at com.kms.katalon.core.webui.keyword.WebUiBuiltInKeywords$setText$3.call(Unknown Source)
	at User - Online Learning - Search.run(User - Online Learning - Search:44)
	at com.kms.katalon.core.main.ScriptEngine.run(ScriptEngine.java:194)
	at com.kms.katalon.core.main.ScriptEngine.runScriptAsRawText(ScriptEngine.java:119)
	at com.kms.katalon.core.main.TestCaseExecutor.runScript(TestCaseExecutor.java:337)
	at com.kms.katalon.core.main.TestCaseExecutor.doExecute(TestCaseExecutor.java:328)
	at com.kms.katalon.core.main.TestCaseExecutor.processExecutionPhase(TestCaseExecutor.java:307)
	at com.kms.katalon.core.main.TestCaseExecutor.accessMainPhase(TestCaseExecutor.java:299)
	at com.kms.katalon.core.main.TestCaseExecutor.execute(TestCaseExecutor.java:233)
	at com.kms.katalon.core.main.TestSuiteExecutor.accessTestCaseMainPhase(TestSuiteExecutor.java:169)
	at com.kms.katalon.core.main.TestSuiteExecutor.accessTestSuiteMainPhase(TestSuiteExecutor.java:142)
	at com.kms.katalon.core.main.TestSuiteExecutor.execute(TestSuiteExecutor.java:91)
	at com.kms.katalon.core.main.TestCaseMain.startTestSuite(TestCaseMain.java:157)
	at com.kms.katalon.core.main.TestCaseMain$startTestSuite$0.call(Unknown Source)
	at TempTestSuite1589282111308.run(TempTestSuite1589282111308.groovy:36)
Caused by: com.kms.katalon.core.webui.exception.WebElementNotFoundException: Web element with id: 'Object Repository/Christi/Page_Job Functions/input_Back button_searchModul' located by 'By.xpath: //input[@name='searchModul']' not found
	at com.kms.katalon.core.webui.common.WebUiCommonHelper.findWebElement(WebUiCommonHelper.java:1113)
	at com.kms.katalon.core.webui.keyword.internal.WebUIAbstractKeyword.findWebElement(WebUIAbstractKeyword.groovy:27)
	at com.kms.katalon.core.webui.keyword.internal.WebUIAbstractKeyword.findWebElement(WebUIAbstractKeyword.groovy:26)
	at com.kms.katalon.core.webui.keyword.builtin.SetTextKeyword$_setText_closure1.doCall(SetTextKeyword.groovy:51)
	at com.kms.katalon.core.webui.keyword.builtin.SetTextKeyword$_setText_closure1.call(SetTextKeyword.groovy)
	at com.kms.katalon.core.webui.keyword.internal.WebUIKeywordMain.runKeyword(WebUIKeywordMain.groovy:20)
	... 19 more


2020-05-12 18:17:30 - [TEST_STEP][PASSED] - openBrowser(""): Browser is opened with url: ''

2020-05-12 18:17:30 - [MESSAGE][INFO] - Starting 'Chrome' driver

2020-05-12 18:17:33 - [MESSAGE][PASSED] - Browser is opened with url: ''

2020-05-12 18:17:33 - [TEST_STEP][PASSED] - maximizeWindow(): Current window maximized

2020-05-12 18:17:34 - [MESSAGE][PASSED] - Current window maximized

2020-05-12 18:17:34 - [TEST_STEP][PASSED] - navigateToUrl("https://appsrv1.deltadatamandiri.com/ACC_LMS_WEB/#/Main"): Navigate to 'https://appsrv1.deltadatamandiri.com/ACC_LMS_WEB/#/Main' successfully

2020-05-12 18:17:43 - [MESSAGE][PASSED] - Navigate to 'https://appsrv1.deltadatamandiri.com/ACC_LMS_WEB/#/Main' successfully

2020-05-12 18:17:43 - [TEST_STEP][PASSED] - click(findTestObject("Object Repository/Christi/Page_Main/span_login")): Object: 'Object Repository/Christi/Page_Main/span_login' is clicked on

2020-05-12 18:17:47 - [MESSAGE][ERROR] - javascript error: Failed to execute 'elementsFromPoint' on 'Document': The provided double value is non-finite.
  (Session info: chrome=81.0.4044.138)
Build info: version: '3.141.59', revision: 'e82be7d358', time: '2018-11-14T08:25:53'
System info: host: 'LAPTOP-D0TPACJ1', ip: '192.168.100.227', os.name: 'Windows 10', os.arch: 'amd64', os.version: '10.0', java.version: '1.8.0_181'
Driver info: com.kms.katalon.selenium.driver.CChromeDriver
Capabilities {acceptInsecureCerts: false, browserName: chrome, browserVersion: 81.0.4044.138, chrome: {chromedriverVersion: 80.0.3987.106 (f68069574609..., userDataDir: C:\Users\ASUS\AppData\Local...}, goog:chromeOptions: {debuggerAddress: localhost:52778}, javascriptEnabled: true, networkConnectionEnabled: false, pageLoadStrategy: normal, platform: WINDOWS, platformName: WINDOWS, proxy: Proxy(), setWindowRect: true, strictFileInteractability: false, timeouts: {implicit: 0, pageLoad: 300000, script: 30000}, unhandledPromptBehavior: dismiss and notify}
Session ID: 5176d1d5e49f55cd5c25d73d3c1c7d30

2020-05-12 18:17:48 - [MESSAGE][PASSED] - Object: 'Object Repository/Christi/Page_Main/span_login' is clicked on

2020-05-12 18:17:48 - [TEST_STEP][PASSED] - delay(3): Delayed 3 second(s)

2020-05-12 18:17:51 - [MESSAGE][PASSED] - Delayed 3 second(s)

2020-05-12 18:17:51 - [TEST_STEP][PASSED] - setText(findTestObject("Object Repository/Christi/Page_Main/input_NPK_username"), username): Text '14426' is set on object 'Object Repository/Christi/Page_Main/input_NPK_username'

2020-05-12 18:17:51 - [MESSAGE][PASSED] - Text '14426' is set on object 'Object Repository/Christi/Page_Main/input_NPK_username'

2020-05-12 18:17:51 - [TEST_STEP][PASSED] - setText(findTestObject("Object Repository/Christi/Page_Main/input_Password_password"), password): Text 'Password2' is set on object 'Object Repository/Christi/Page_Main/input_Password_password'

2020-05-12 18:17:52 - [MESSAGE][PASSED] - Text 'Password2' is set on object 'Object Repository/Christi/Page_Main/input_Password_password'

2020-05-12 18:17:52 - [TEST_STEP][PASSED] - click(findTestObject("Object Repository/Christi/Page_Main/span_Remember me")): Object: 'Object Repository/Christi/Page_Main/span_Remember me' is clicked on

2020-05-12 18:17:53 - [MESSAGE][PASSED] - Object: 'Object Repository/Christi/Page_Main/span_Remember me' is clicked on

2020-05-12 18:17:53 - [TEST_STEP][PASSED] - click(findTestObject("Object Repository/Christi/Page_Main/span_login_1")): Object: 'Object Repository/Christi/Page_Main/span_login_1' is clicked on

2020-05-12 18:17:53 - [MESSAGE][PASSED] - Object: 'Object Repository/Christi/Page_Main/span_login_1' is clicked on

2020-05-12 18:17:53 - [TEST_STEP][PASSED] - delay(3): Delayed 3 second(s)

2020-05-12 18:17:56 - [MESSAGE][PASSED] - Delayed 3 second(s)

2020-05-12 18:17:56 - [TEST_STEP][PASSED] - click(findTestObject("Christi/Page_Homepage/i_My Learning Icon_app-icon wi wi-menu fa-lg")): Object: 'Object Repository/Christi/Page_Homepage/i_My Learning Icon_app-icon wi wi-menu fa-lg' is clicked on

2020-05-12 18:18:35 - [MESSAGE][PASSED] - Object: 'Object Repository/Christi/Page_Homepage/i_My Learning Icon_app-icon wi wi-menu fa-lg' is clicked on

2020-05-12 18:18:35 - [TEST_STEP][PASSED] - scrollToElement(findTestObject("Christi/Page_Homepage/span_Online Learning"), 0): Scroll to object 'Object Repository/Christi/Page_Homepage/span_Online Learning' successfully

2020-05-12 18:18:35 - [MESSAGE][WARNING] - Timeout '0' is invalid. Using default page load timeout: '30'

2020-05-12 18:18:35 - [MESSAGE][PASSED] - Scroll to object 'Object Repository/Christi/Page_Homepage/span_Online Learning' successfully

2020-05-12 18:18:35 - [TEST_STEP][PASSED] - delay(3): Delayed 3 second(s)

2020-05-12 18:18:38 - [MESSAGE][PASSED] - Delayed 3 second(s)

2020-05-12 18:18:38 - [TEST_STEP][FAILED] - setText(findTestObject("Christi/Page_Job Functions/input_Back button_searchModul"), search_module): Unable to set text 'WELCOMING KIT' of object 'Object Repository/Christi/Page_Job Functions/input_Back button_searchModul' (Root cause: com.kms.katalon.core.exception.StepFailedException: Unable to set text 'WELCOMING KIT' of object 'Object Repository/Christi/Page_Job Functions/input_Back button_searchModul'
	at com.kms.katalon.core.webui.keyword.internal.WebUIKeywordMain.stepFailed(WebUIKeywordMain.groovy:64)
	at com.kms.katalon.core.webui.keyword.internal.WebUIKeywordMain.runKeyword(WebUIKeywordMain.groovy:26)
	at com.kms.katalon.core.webui.keyword.builtin.SetTextKeyword.setText(SetTextKeyword.groovy:66)
	at com.kms.katalon.core.webui.keyword.builtin.SetTextKeyword.execute(SetTextKeyword.groovy:37)
	at com.kms.katalon.core.keyword.internal.KeywordExecutor.executeKeywordForPlatform(KeywordExecutor.groovy:60)
	at com.kms.katalon.core.webui.keyword.WebUiBuiltInKeywords.setText(WebUiBuiltInKeywords.groovy:950)
	at com.kms.katalon.core.webui.keyword.WebUiBuiltInKeywords$setText$3.call(Unknown Source)
	at User - Online Learning - Search.run(User - Online Learning - Search:44)
	at com.kms.katalon.core.main.ScriptEngine.run(ScriptEngine.java:194)
	at com.kms.katalon.core.main.ScriptEngine.runScriptAsRawText(ScriptEngine.java:119)
	at com.kms.katalon.core.main.TestCaseExecutor.runScript(TestCaseExecutor.java:337)
	at com.kms.katalon.core.main.TestCaseExecutor.doExecute(TestCaseExecutor.java:328)
	at com.kms.katalon.core.main.TestCaseExecutor.processExecutionPhase(TestCaseExecutor.java:307)
	at com.kms.katalon.core.main.TestCaseExecutor.accessMainPhase(TestCaseExecutor.java:299)
	at com.kms.katalon.core.main.TestCaseExecutor.execute(TestCaseExecutor.java:233)
	at com.kms.katalon.core.main.TestSuiteExecutor.accessTestCaseMainPhase(TestSuiteExecutor.java:169)
	at com.kms.katalon.core.main.TestSuiteExecutor.accessTestSuiteMainPhase(TestSuiteExecutor.java:142)
	at com.kms.katalon.core.main.TestSuiteExecutor.execute(TestSuiteExecutor.java:91)
	at com.kms.katalon.core.main.TestCaseMain.startTestSuite(TestCaseMain.java:157)
	at com.kms.katalon.core.main.TestCaseMain$startTestSuite$0.call(Unknown Source)
	at TempTestSuite1589282111308.run(TempTestSuite1589282111308.groovy:36)
Caused by: com.kms.katalon.core.webui.exception.WebElementNotFoundException: Web element with id: 'Object Repository/Christi/Page_Job Functions/input_Back button_searchModul' located by 'By.xpath: //input[@name='searchModul']' not found
	at com.kms.katalon.core.webui.common.WebUiCommonHelper.findWebElement(WebUiCommonHelper.java:1113)
	at com.kms.katalon.core.webui.keyword.internal.WebUIAbstractKeyword.findWebElement(WebUIAbstractKeyword.groovy:27)
	at com.kms.katalon.core.webui.keyword.internal.WebUIAbstractKeyword.findWebElement(WebUIAbstractKeyword.groovy:26)
	at com.kms.katalon.core.webui.keyword.builtin.SetTextKeyword$_setText_closure1.doCall(SetTextKeyword.groovy:51)
	at com.kms.katalon.core.webui.keyword.builtin.SetTextKeyword$_setText_closure1.call(SetTextKeyword.groovy)
	at com.kms.katalon.core.webui.keyword.internal.WebUIKeywordMain.runKeyword(WebUIKeywordMain.groovy:20)
	at com.kms.katalon.core.webui.keyword.builtin.SetTextKeyword.setText(SetTextKeyword.groovy:66)
	at com.kms.katalon.core.webui.keyword.builtin.SetTextKeyword.execute(SetTextKeyword.groovy:37)
	at com.kms.katalon.core.keyword.internal.KeywordExecutor.executeKeywordForPlatform(KeywordExecutor.groovy:60)
	at com.kms.katalon.core.webui.keyword.WebUiBuiltInKeywords.setText(WebUiBuiltInKeywords.groovy:950)
	at com.kms.katalon.core.webui.keyword.WebUiBuiltInKeywords$setText$3.call(Unknown Source)
	at Script1589276361056.run(Script1589276361056.groovy:44)
	... 13 more
)

2020-05-12 18:19:26 - [MESSAGE][INFO] - Unable to find the element located by 'By.xpath: //input[@name='searchModul']'. Please recheck the objects properties to make sure the desired element is located. 

2020-05-12 18:19:27 - [MESSAGE][FAILED] - Unable to set text 'WELCOMING KIT' of object 'Object Repository/Christi/Page_Job Functions/input_Back button_searchModul' (Root cause: com.kms.katalon.core.exception.StepFailedException: Unable to set text 'WELCOMING KIT' of object 'Object Repository/Christi/Page_Job Functions/input_Back button_searchModul'
	at com.kms.katalon.core.webui.keyword.internal.WebUIKeywordMain.stepFailed(WebUIKeywordMain.groovy:64)
	at com.kms.katalon.core.webui.keyword.internal.WebUIKeywordMain.runKeyword(WebUIKeywordMain.groovy:26)
	at com.kms.katalon.core.webui.keyword.builtin.SetTextKeyword.setText(SetTextKeyword.groovy:66)
	at com.kms.katalon.core.webui.keyword.builtin.SetTextKeyword.execute(SetTextKeyword.groovy:37)
	at com.kms.katalon.core.keyword.internal.KeywordExecutor.executeKeywordForPlatform(KeywordExecutor.groovy:60)
	at com.kms.katalon.core.webui.keyword.WebUiBuiltInKeywords.setText(WebUiBuiltInKeywords.groovy:950)
	at com.kms.katalon.core.webui.keyword.WebUiBuiltInKeywords$setText$3.call(Unknown Source)
	at User - Online Learning - Search.run(User - Online Learning - Search:44)
	at com.kms.katalon.core.main.ScriptEngine.run(ScriptEngine.java:194)
	at com.kms.katalon.core.main.ScriptEngine.runScriptAsRawText(ScriptEngine.java:119)
	at com.kms.katalon.core.main.TestCaseExecutor.runScript(TestCaseExecutor.java:337)
	at com.kms.katalon.core.main.TestCaseExecutor.doExecute(TestCaseExecutor.java:328)
	at com.kms.katalon.core.main.TestCaseExecutor.processExecutionPhase(TestCaseExecutor.java:307)
	at com.kms.katalon.core.main.TestCaseExecutor.accessMainPhase(TestCaseExecutor.java:299)
	at com.kms.katalon.core.main.TestCaseExecutor.execute(TestCaseExecutor.java:233)
	at com.kms.katalon.core.main.TestSuiteExecutor.accessTestCaseMainPhase(TestSuiteExecutor.java:169)
	at com.kms.katalon.core.main.TestSuiteExecutor.accessTestSuiteMainPhase(TestSuiteExecutor.java:142)
	at com.kms.katalon.core.main.TestSuiteExecutor.execute(TestSuiteExecutor.java:91)
	at com.kms.katalon.core.main.TestCaseMain.startTestSuite(TestCaseMain.java:157)
	at com.kms.katalon.core.main.TestCaseMain$startTestSuite$0.call(Unknown Source)
	at TempTestSuite1589282111308.run(TempTestSuite1589282111308.groovy:36)
Caused by: com.kms.katalon.core.webui.exception.WebElementNotFoundException: Web element with id: 'Object Repository/Christi/Page_Job Functions/input_Back button_searchModul' located by 'By.xpath: //input[@name='searchModul']' not found
	at com.kms.katalon.core.webui.common.WebUiCommonHelper.findWebElement(WebUiCommonHelper.java:1113)
	at com.kms.katalon.core.webui.keyword.internal.WebUIAbstractKeyword.findWebElement(WebUIAbstractKeyword.groovy:27)
	at com.kms.katalon.core.webui.keyword.internal.WebUIAbstractKeyword.findWebElement(WebUIAbstractKeyword.groovy:26)
	at com.kms.katalon.core.webui.keyword.builtin.SetTextKeyword$_setText_closure1.doCall(SetTextKeyword.groovy:51)
	at com.kms.katalon.core.webui.keyword.builtin.SetTextKeyword$_setText_closure1.call(SetTextKeyword.groovy)
	at com.kms.katalon.core.webui.keyword.internal.WebUIKeywordMain.runKeyword(WebUIKeywordMain.groovy:20)
	at com.kms.katalon.core.webui.keyword.builtin.SetTextKeyword.setText(SetTextKeyword.groovy:66)
	at com.kms.katalon.core.webui.keyword.builtin.SetTextKeyword.execute(SetTextKeyword.groovy:37)
	at com.kms.katalon.core.keyword.internal.KeywordExecutor.executeKeywordForPlatform(KeywordExecutor.groovy:60)
	at com.kms.katalon.core.webui.keyword.WebUiBuiltInKeywords.setText(WebUiBuiltInKeywords.groovy:950)
	at com.kms.katalon.core.webui.keyword.WebUiBuiltInKeywords$setText$3.call(Unknown Source)
	at Script1589276361056.run(Script1589276361056.groovy:44)
	... 13 more
)
[[ATTACHMENT|C:\\Users\\ASUS\\git\\LearningManagementWeb\\Reports\\20200512_181511\\Christi\\Online Learning\\20200512_181511\\1589282366490.png]]]]></system-out>
         <system-err><![CDATA[2020-05-12 18:17:30 - [TEST_CASE][FAILED] - Test Cases/Christi/User - Online Learning - Search: Test Cases/Christi/User - Online Learning - Search FAILED.
Reason:
com.kms.katalon.core.exception.StepFailedException: Unable to set text 'WELCOMING KIT' of object 'Object Repository/Christi/Page_Job Functions/input_Back button_searchModul'
	at com.kms.katalon.core.webui.keyword.internal.WebUIKeywordMain.stepFailed(WebUIKeywordMain.groovy:64)
	at com.kms.katalon.core.webui.keyword.internal.WebUIKeywordMain.runKeyword(WebUIKeywordMain.groovy:26)
	at com.kms.katalon.core.webui.keyword.builtin.SetTextKeyword.setText(SetTextKeyword.groovy:66)
	at com.kms.katalon.core.webui.keyword.builtin.SetTextKeyword.execute(SetTextKeyword.groovy:37)
	at com.kms.katalon.core.keyword.internal.KeywordExecutor.executeKeywordForPlatform(KeywordExecutor.groovy:60)
	at com.kms.katalon.core.webui.keyword.WebUiBuiltInKeywords.setText(WebUiBuiltInKeywords.groovy:950)
	at com.kms.katalon.core.webui.keyword.WebUiBuiltInKeywords$setText$3.call(Unknown Source)
	at User - Online Learning - Search.run(User - Online Learning - Search:44)
	at com.kms.katalon.core.main.ScriptEngine.run(ScriptEngine.java:194)
	at com.kms.katalon.core.main.ScriptEngine.runScriptAsRawText(ScriptEngine.java:119)
	at com.kms.katalon.core.main.TestCaseExecutor.runScript(TestCaseExecutor.java:337)
	at com.kms.katalon.core.main.TestCaseExecutor.doExecute(TestCaseExecutor.java:328)
	at com.kms.katalon.core.main.TestCaseExecutor.processExecutionPhase(TestCaseExecutor.java:307)
	at com.kms.katalon.core.main.TestCaseExecutor.accessMainPhase(TestCaseExecutor.java:299)
	at com.kms.katalon.core.main.TestCaseExecutor.execute(TestCaseExecutor.java:233)
	at com.kms.katalon.core.main.TestSuiteExecutor.accessTestCaseMainPhase(TestSuiteExecutor.java:169)
	at com.kms.katalon.core.main.TestSuiteExecutor.accessTestSuiteMainPhase(TestSuiteExecutor.java:142)
	at com.kms.katalon.core.main.TestSuiteExecutor.execute(TestSuiteExecutor.java:91)
	at com.kms.katalon.core.main.TestCaseMain.startTestSuite(TestCaseMain.java:157)
	at com.kms.katalon.core.main.TestCaseMain$startTestSuite$0.call(Unknown Source)
	at TempTestSuite1589282111308.run(TempTestSuite1589282111308.groovy:36)
Caused by: com.kms.katalon.core.webui.exception.WebElementNotFoundException: Web element with id: 'Object Repository/Christi/Page_Job Functions/input_Back button_searchModul' located by 'By.xpath: //input[@name='searchModul']' not found
	at com.kms.katalon.core.webui.common.WebUiCommonHelper.findWebElement(WebUiCommonHelper.java:1113)
	at com.kms.katalon.core.webui.keyword.internal.WebUIAbstractKeyword.findWebElement(WebUIAbstractKeyword.groovy:27)
	at com.kms.katalon.core.webui.keyword.internal.WebUIAbstractKeyword.findWebElement(WebUIAbstractKeyword.groovy:26)
	at com.kms.katalon.core.webui.keyword.builtin.SetTextKeyword$_setText_closure1.doCall(SetTextKeyword.groovy:51)
	at com.kms.katalon.core.webui.keyword.builtin.SetTextKeyword$_setText_closure1.call(SetTextKeyword.groovy)
	at com.kms.katalon.core.webui.keyword.internal.WebUIKeywordMain.runKeyword(WebUIKeywordMain.groovy:20)
	... 19 more]]></system-err>
      </testcase>
      <system-out><![CDATA[2020-05-12 18:15:16 - [TEST_SUITE][FAILED] - Online Learning: Test Cases/Christi/User - Online Learning - Search FAILED.
Reason:
com.kms.katalon.core.exception.StepFailedException: Unable to set text 'WELCOMING KIT' of object 'Object Repository/Christi/Page_Job Functions/input_Back button_searchModul'
	at com.kms.katalon.core.webui.keyword.internal.WebUIKeywordMain.stepFailed(WebUIKeywordMain.groovy:64)
	at com.kms.katalon.core.webui.keyword.internal.WebUIKeywordMain.runKeyword(WebUIKeywordMain.groovy:26)
	at com.kms.katalon.core.webui.keyword.builtin.SetTextKeyword.setText(SetTextKeyword.groovy:66)
	at com.kms.katalon.core.webui.keyword.builtin.SetTextKeyword.execute(SetTextKeyword.groovy:37)
	at com.kms.katalon.core.keyword.internal.KeywordExecutor.executeKeywordForPlatform(KeywordExecutor.groovy:60)
	at com.kms.katalon.core.webui.keyword.WebUiBuiltInKeywords.setText(WebUiBuiltInKeywords.groovy:950)
	at com.kms.katalon.core.webui.keyword.WebUiBuiltInKeywords$setText$3.call(Unknown Source)
	at User - Online Learning - Search.run(User - Online Learning - Search:44)
	at com.kms.katalon.core.main.ScriptEngine.run(ScriptEngine.java:194)
	at com.kms.katalon.core.main.ScriptEngine.runScriptAsRawText(ScriptEngine.java:119)
	at com.kms.katalon.core.main.TestCaseExecutor.runScript(TestCaseExecutor.java:337)
	at com.kms.katalon.core.main.TestCaseExecutor.doExecute(TestCaseExecutor.java:328)
	at com.kms.katalon.core.main.TestCaseExecutor.processExecutionPhase(TestCaseExecutor.java:307)
	at com.kms.katalon.core.main.TestCaseExecutor.accessMainPhase(TestCaseExecutor.java:299)
	at com.kms.katalon.core.main.TestCaseExecutor.execute(TestCaseExecutor.java:233)
	at com.kms.katalon.core.main.TestSuiteExecutor.accessTestCaseMainPhase(TestSuiteExecutor.java:169)
	at com.kms.katalon.core.main.TestSuiteExecutor.accessTestSuiteMainPhase(TestSuiteExecutor.java:142)
	at com.kms.katalon.core.main.TestSuiteExecutor.execute(TestSuiteExecutor.java:91)
	at com.kms.katalon.core.main.TestCaseMain.startTestSuite(TestCaseMain.java:157)
	at com.kms.katalon.core.main.TestCaseMain$startTestSuite$0.call(Unknown Source)
	at TempTestSuite1589282111308.run(TempTestSuite1589282111308.groovy:36)
Caused by: com.kms.katalon.core.webui.exception.WebElementNotFoundException: Web element with id: 'Object Repository/Christi/Page_Job Functions/input_Back button_searchModul' located by 'By.xpath: //input[@name='searchModul']' not found
	at com.kms.katalon.core.webui.common.WebUiCommonHelper.findWebElement(WebUiCommonHelper.java:1113)
	at com.kms.katalon.core.webui.keyword.internal.WebUIAbstractKeyword.findWebElement(WebUIAbstractKeyword.groovy:27)
	at com.kms.katalon.core.webui.keyword.internal.WebUIAbstractKeyword.findWebElement(WebUIAbstractKeyword.groovy:26)
	at com.kms.katalon.core.webui.keyword.builtin.SetTextKeyword$_setText_closure1.doCall(SetTextKeyword.groovy:51)
	at com.kms.katalon.core.webui.keyword.builtin.SetTextKeyword$_setText_closure1.call(SetTextKeyword.groovy)
	at com.kms.katalon.core.webui.keyword.internal.WebUIKeywordMain.runKeyword(WebUIKeywordMain.groovy:20)
	... 19 more]]></system-out>
      <system-err><![CDATA[2020-05-12 18:15:16 - [TEST_SUITE][FAILED] - Online Learning: Test Cases/Christi/User - Online Learning - Search FAILED.
Reason:
com.kms.katalon.core.exception.StepFailedException: Unable to set text 'WELCOMING KIT' of object 'Object Repository/Christi/Page_Job Functions/input_Back button_searchModul'
	at com.kms.katalon.core.webui.keyword.internal.WebUIKeywordMain.stepFailed(WebUIKeywordMain.groovy:64)
	at com.kms.katalon.core.webui.keyword.internal.WebUIKeywordMain.runKeyword(WebUIKeywordMain.groovy:26)
	at com.kms.katalon.core.webui.keyword.builtin.SetTextKeyword.setText(SetTextKeyword.groovy:66)
	at com.kms.katalon.core.webui.keyword.builtin.SetTextKeyword.execute(SetTextKeyword.groovy:37)
	at com.kms.katalon.core.keyword.internal.KeywordExecutor.executeKeywordForPlatform(KeywordExecutor.groovy:60)
	at com.kms.katalon.core.webui.keyword.WebUiBuiltInKeywords.setText(WebUiBuiltInKeywords.groovy:950)
	at com.kms.katalon.core.webui.keyword.WebUiBuiltInKeywords$setText$3.call(Unknown Source)
	at User - Online Learning - Search.run(User - Online Learning - Search:44)
	at com.kms.katalon.core.main.ScriptEngine.run(ScriptEngine.java:194)
	at com.kms.katalon.core.main.ScriptEngine.runScriptAsRawText(ScriptEngine.java:119)
	at com.kms.katalon.core.main.TestCaseExecutor.runScript(TestCaseExecutor.java:337)
	at com.kms.katalon.core.main.TestCaseExecutor.doExecute(TestCaseExecutor.java:328)
	at com.kms.katalon.core.main.TestCaseExecutor.processExecutionPhase(TestCaseExecutor.java:307)
	at com.kms.katalon.core.main.TestCaseExecutor.accessMainPhase(TestCaseExecutor.java:299)
	at com.kms.katalon.core.main.TestCaseExecutor.execute(TestCaseExecutor.java:233)
	at com.kms.katalon.core.main.TestSuiteExecutor.accessTestCaseMainPhase(TestSuiteExecutor.java:169)
	at com.kms.katalon.core.main.TestSuiteExecutor.accessTestSuiteMainPhase(TestSuiteExecutor.java:142)
	at com.kms.katalon.core.main.TestSuiteExecutor.execute(TestSuiteExecutor.java:91)
	at com.kms.katalon.core.main.TestCaseMain.startTestSuite(TestCaseMain.java:157)
	at com.kms.katalon.core.main.TestCaseMain$startTestSuite$0.call(Unknown Source)
	at TempTestSuite1589282111308.run(TempTestSuite1589282111308.groovy:36)
Caused by: com.kms.katalon.core.webui.exception.WebElementNotFoundException: Web element with id: 'Object Repository/Christi/Page_Job Functions/input_Back button_searchModul' located by 'By.xpath: //input[@name='searchModul']' not found
	at com.kms.katalon.core.webui.common.WebUiCommonHelper.findWebElement(WebUiCommonHelper.java:1113)
	at com.kms.katalon.core.webui.keyword.internal.WebUIAbstractKeyword.findWebElement(WebUIAbstractKeyword.groovy:27)
	at com.kms.katalon.core.webui.keyword.internal.WebUIAbstractKeyword.findWebElement(WebUIAbstractKeyword.groovy:26)
	at com.kms.katalon.core.webui.keyword.builtin.SetTextKeyword$_setText_closure1.doCall(SetTextKeyword.groovy:51)
	at com.kms.katalon.core.webui.keyword.builtin.SetTextKeyword$_setText_closure1.call(SetTextKeyword.groovy)
	at com.kms.katalon.core.webui.keyword.internal.WebUIKeywordMain.runKeyword(WebUIKeywordMain.groovy:20)
	... 19 more]]></system-err>
   </testsuite>
</testsuites>
