<?xml version="1.0" encoding="UTF-8"?>
<testsuites name="User - Ganti Password" time="92.164" tests="1" failures="0" errors="0">
   <testsuite name="User - Ganti Password" tests="1" failures="0" errors="0" time="92.164" timestamp="2020-06-15 14:42:04" hostname="rizkajuliant20 - DESKTOP-NHES7H6" id="Test Suites/Denna/User - Ganti Password">
      <properties>
         <property name="deviceName" value=""/>
         <property name="devicePlatform" value=""/>
         <property name="logFolder" value="D:\\MY WORLD\\WORKS (TUGAS)\\LearningManagementWeb\\Reports\\20200615_144148\\Denna\\User - Ganti Password\\20200615_144148"/>
         <property name="logFiles" value="D:\\MY WORLD\\WORKS (TUGAS)\\LearningManagementWeb\\Reports\\20200615_144148\\Denna\\User - Ganti Password\\20200615_144148\\execution0.log"/>
         <property name="attachments" value=""/>
         <property name="hostName" value="rizkajuliant20 - DESKTOP-NHES7H6"/>
         <property name="os" value="Windows 10 64bit"/>
         <property name="katalonVersion" value="7.2.1.1"/>
         <property name="browser" value="Chrome 83.0.4103.97"/>
         <property name="hostAddress" value="192.168.1.116"/>
         <property name="sessionId" value="a448294701730f541f08ef06509495c2"/>
         <property name="seleniumVersion" value="3.141.59"/>
         <property name="proxyInformation" value="ProxyInformation{proxyOption=NO_PROXY, proxyServerType=HTTP, password=, proxyServerAddress=, proxyServerPort=0, executionList=}"/>
         <property name="platform" value="Windows 10"/>
      </properties>
      <testcase name="Test Cases/Denna/User - Ganti Password" time="90.912" classname="Test Cases/Denna/User - Ganti Password" status="PASSED">
         <system-out><![CDATA[2020-06-15 14:42:05 - [TEST_CASE][PASSED] - Test Cases/Denna/User - Ganti Password: Test Cases/Denna/User - Ganti Password

2020-06-15 14:42:06 - [TEST_STEP][PASSED] - callTestCase(findTestCase("Denna/Login(User)"), [:], STOP_ON_FAILURE): Call Test Case 'Test Cases/Denna/Login(User)' successfully

2020-06-15 14:42:06 - [TEST_CASE][PASSED] - Test Cases/Denna/Login(User): Test Cases/Denna/Login(User)

2020-06-15 14:42:07 - [TEST_STEP][PASSED] - openBrowser("https://appsrv1.deltadatamandiri.com/ACC_LMS_WEB/#/Main?redirectTo=onlineLearning"): Browser is opened with url: 'https://appsrv1.deltadatamandiri.com/ACC_LMS_WEB/#/Main?redirectTo=onlineLearning'

2020-06-15 14:42:08 - [MESSAGE][INFO] - Starting 'Chrome' driver

2020-06-15 14:42:08 - [MESSAGE][INFO] - Action delay is set to 0 seconds

2020-06-15 14:42:33 - [MESSAGE][PASSED] - Browser is opened with url: 'https://appsrv1.deltadatamandiri.com/ACC_LMS_WEB/#/Main?redirectTo=onlineLearning'

2020-06-15 14:42:33 - [TEST_STEP][PASSED] - maximizeWindow(): Current window maximized

2020-06-15 14:42:34 - [MESSAGE][PASSED] - Current window maximized

2020-06-15 14:42:34 - [TEST_STEP][PASSED] - delay(15): Delayed 15 second(s)

2020-06-15 14:42:49 - [MESSAGE][PASSED] - Delayed 15 second(s)

2020-06-15 14:42:49 - [TEST_STEP][PASSED] - click(findTestObject("Denna/User-Login/button login")): Object: 'Object Repository/Denna/User-Login/button login' is clicked on

2020-06-15 14:42:50 - [MESSAGE][PASSED] - Object: 'Object Repository/Denna/User-Login/button login' is clicked on

2020-06-15 14:42:50 - [TEST_STEP][PASSED] - setText(findTestObject("Denna/User-Login/input NPK username"), "06677"): Text '06677' is set on object 'Object Repository/Denna/User-Login/input NPK username'

2020-06-15 14:42:50 - [MESSAGE][PASSED] - Text '06677' is set on object 'Object Repository/Denna/User-Login/input NPK username'

2020-06-15 14:42:50 - [TEST_STEP][PASSED] - setText(findTestObject("Denna/User-Login/inputPassword"), "#@ccPerfect2o19#"): Text '#@ccPerfect2o19#' is set on object 'Object Repository/Denna/User-Login/inputPassword'

2020-06-15 14:42:51 - [MESSAGE][PASSED] - Text '#@ccPerfect2o19#' is set on object 'Object Repository/Denna/User-Login/inputPassword'

2020-06-15 14:42:51 - [TEST_STEP][PASSED] - click(findTestObject("Denna/User-Login/button login 1 masuk")): Object: 'Object Repository/Denna/User-Login/button login 1 masuk' is clicked on

2020-06-15 14:42:51 - [MESSAGE][PASSED] - Object: 'Object Repository/Denna/User-Login/button login 1 masuk' is clicked on

2020-06-15 14:42:51 - [TEST_STEP][PASSED] - verifyElementVisible(findTestObject("Denna/User-Login/button_My Learning IconMy Learning")): Object 'Object Repository/Denna/User-Login/button_My Learning IconMy Learning' is visible

2020-06-15 14:42:58 - [MESSAGE][PASSED] - Object 'Object Repository/Denna/User-Login/button_My Learning IconMy Learning' is visible

2020-06-15 14:42:58 - [MESSAGE][PASSED] - Call Test Case 'Test Cases/Denna/Login(User)' successfully

2020-06-15 14:42:58 - [TEST_STEP][PASSED] - delay(10): Delayed 10 second(s)

2020-06-15 14:43:08 - [MESSAGE][PASSED] - Delayed 10 second(s)

2020-06-15 14:43:08 - [TEST_STEP][PASSED] - click(findTestObject("Denna/User - Ganti Password/btnProfile_v2")): Object: 'Object Repository/Denna/User - Ganti Password/btnProfile_v2' is clicked on

2020-06-15 14:43:11 - [MESSAGE][PASSED] - Object: 'Object Repository/Denna/User - Ganti Password/btnProfile_v2' is clicked on

2020-06-15 14:43:11 - [TEST_STEP][PASSED] - click(findTestObject("Denna/User - Ganti Password/btnGantiPassword_v2")): Object: 'Object Repository/Denna/User - Ganti Password/btnGantiPassword_v2' is clicked on

2020-06-15 14:43:13 - [MESSAGE][PASSED] - Object: 'Object Repository/Denna/User - Ganti Password/btnGantiPassword_v2' is clicked on

2020-06-15 14:43:13 - [TEST_STEP][PASSED] - setText(findTestObject("Denna/User - Ganti Password/fieldCurrentPass_v2"), currentPassword): Text '' is set on object 'Object Repository/Denna/User - Ganti Password/fieldCurrentPass_v2'

2020-06-15 14:43:31 - [MESSAGE][PASSED] - Text '' is set on object 'Object Repository/Denna/User - Ganti Password/fieldCurrentPass_v2'

2020-06-15 14:43:31 - [TEST_STEP][PASSED] - setText(findTestObject("Denna/User - Ganti Password/fieldNewPass_v2"), newPassword): Text '' is set on object 'Object Repository/Denna/User - Ganti Password/fieldNewPass_v2'

2020-06-15 14:43:33 - [MESSAGE][PASSED] - Text '' is set on object 'Object Repository/Denna/User - Ganti Password/fieldNewPass_v2'

2020-06-15 14:43:33 - [TEST_STEP][PASSED] - setText(findTestObject("Denna/User - Ganti Password/fieldConfirmNewPass_v2"), confirmPassword): Text '' is set on object 'Object Repository/Denna/User - Ganti Password/fieldConfirmNewPass_v2'

2020-06-15 14:43:33 - [MESSAGE][PASSED] - Text '' is set on object 'Object Repository/Denna/User - Ganti Password/fieldConfirmNewPass_v2'

2020-06-15 14:43:33 - [TEST_STEP][PASSED] - click(findTestObject("Denna/User - Ganti Password/btnSubmit_v2")): Object: 'Object Repository/Denna/User - Ganti Password/btnSubmit_v2' is clicked on

2020-06-15 14:43:34 - [MESSAGE][PASSED] - Object: 'Object Repository/Denna/User - Ganti Password/btnSubmit_v2' is clicked on

2020-06-15 14:43:34 - [TEST_STEP][PASSED] - switch (kondisi): null

2020-06-15 14:43:34 - [TEST_STEP][PASSED] - case "fail":: null

2020-06-15 14:43:34 - [TEST_STEP][PASSED] - if (keterangan == "emptyAll"): Object 'Object Repository/Denna/User - Ganti Password/alert_v2' is visible

2020-06-15 14:43:34 - [TEST_STEP][PASSED] - verifyElementVisible(findTestObject("Denna/User - Ganti Password/alert_v2")): Object 'Object Repository/Denna/User - Ganti Password/alert_v2' is visible

2020-06-15 14:43:34 - [MESSAGE][PASSED] - Object 'Object Repository/Denna/User - Ganti Password/alert_v2' is visible

2020-06-15 14:43:34 - [TEST_STEP][PASSED] - break: null

2020-06-15 14:43:34 - [TEST_STEP][PASSED] - closeBrowser(): Browser is closed

2020-06-15 14:43:36 - [MESSAGE][PASSED] - Browser is closed]]></system-out>
         <system-err><![CDATA[]]></system-err>
      </testcase>
      <system-out><![CDATA[2020-06-15 14:42:04 - [TEST_SUITE][PASSED] - User - Ganti Password: Test Cases/Denna/User - Ganti Password]]></system-out>
      <system-err><![CDATA[]]></system-err>
   </testsuite>
</testsuites>
