<?xml version="1.0" encoding="UTF-8"?>
<testsuites name="User - Ganti Password" time="350.862" tests="3" failures="0" errors="0">
   <testsuite name="User - Ganti Password" tests="3" failures="0" errors="0" time="350.862" timestamp="2020-05-22 16:09:51" hostname="Denna Leksanti - 192.168.152.1" id="Test Suites/Denna/User - Ganti Password">
      <properties>
         <property name="deviceName" value=""/>
         <property name="devicePlatform" value=""/>
         <property name="logFolder" value="C:\\Users\\Hari Sapto\\git\\LearningManagementWeb\\Reports\\20200522_160940\\Denna\\User - Ganti Password\\20200522_160940"/>
         <property name="logFiles" value="C:\\Users\\Hari Sapto\\git\\LearningManagementWeb\\Reports\\20200522_160940\\Denna\\User - Ganti Password\\20200522_160940\\execution0.log"/>
         <property name="attachments" value=""/>
         <property name="hostName" value="Denna Leksanti - 192.168.152.1"/>
         <property name="os" value="Windows 10 64bit"/>
         <property name="katalonVersion" value="7.0.8.1"/>
         <property name="browser" value="Chrome 81.0.4044.138"/>
         <property name="hostAddress" value="192.168.152.1"/>
         <property name="sessionId" value="e81f0aa053d2d325e4b066473bb42ecf"/>
         <property name="seleniumVersion" value="3.141.59"/>
         <property name="proxyInformation" value="ProxyInformation{proxyOption=NO_PROXY, proxyServerType=HTTP, password=, proxyServerAddress=, proxyServerPort=0}"/>
         <property name="platform" value="Windows 10"/>
      </properties>
      <testcase name="Test Cases/Denna/User - Ganti Password" time="143.999" classname="Test Cases/Denna/User - Ganti Password" status="PASSED">
         <system-out><![CDATA[2020-05-22 16:09:52 - [TEST_CASE][PASSED] - Test Cases/Denna/User - Ganti Password: Test Cases/Denna/User - Ganti Password

2020-05-22 16:09:53 - [TEST_STEP][PASSED] - callTestCase(findTestCase("Denna/Login(User)"), [:], STOP_ON_FAILURE): Call Test Case 'Test Cases/Denna/Login(User)' successfully

2020-05-22 16:09:53 - [TEST_CASE][PASSED] - Test Cases/Denna/Login(User): Test Cases/Denna/Login(User)

2020-05-22 16:09:53 - [TEST_STEP][PASSED] - openBrowser(""): Browser is opened with url: ''

2020-05-22 16:09:56 - [MESSAGE][INFO] - Starting 'Chrome' driver

2020-05-22 16:09:58 - [MESSAGE][INFO] - Action delay is set to 0 seconds

2020-05-22 16:10:51 - [MESSAGE][PASSED] - Browser is opened with url: ''

2020-05-22 16:10:51 - [TEST_STEP][PASSED] - navigateToUrl("https://appsrv1.deltadatamandiri.com/ACC_LMS_WEB/#/Main"): Navigate to 'https://appsrv1.deltadatamandiri.com/ACC_LMS_WEB/#/Main' successfully

2020-05-22 16:11:12 - [MESSAGE][PASSED] - Navigate to 'https://appsrv1.deltadatamandiri.com/ACC_LMS_WEB/#/Main' successfully

2020-05-22 16:11:12 - [TEST_STEP][PASSED] - maximizeWindow(): Current window maximized

2020-05-22 16:11:14 - [MESSAGE][PASSED] - Current window maximized

2020-05-22 16:11:14 - [TEST_STEP][PASSED] - click(findTestObject("Denna/User-Login/button login")): Object: 'Object Repository/Denna/User-Login/button login' is clicked on

2020-05-22 16:11:35 - [MESSAGE][PASSED] - Object: 'Object Repository/Denna/User-Login/button login' is clicked on

2020-05-22 16:11:35 - [TEST_STEP][PASSED] - setText(findTestObject("Denna/User-Login/input NPK username"), "14426"): Text '14426' is set on object 'Object Repository/Denna/User-Login/input NPK username'

2020-05-22 16:11:37 - [MESSAGE][PASSED] - Text '14426' is set on object 'Object Repository/Denna/User-Login/input NPK username'

2020-05-22 16:11:37 - [TEST_STEP][PASSED] - setText(findTestObject("Denna/User-Login/inputPassword"), "Password2"): Text 'Password2' is set on object 'Object Repository/Denna/User-Login/inputPassword'

2020-05-22 16:11:37 - [MESSAGE][PASSED] - Text 'Password2' is set on object 'Object Repository/Denna/User-Login/inputPassword'

2020-05-22 16:11:37 - [TEST_STEP][PASSED] - click(findTestObject("Denna/User-Login/button login 1 masuk")): Object: 'Object Repository/Denna/User-Login/button login 1 masuk' is clicked on

2020-05-22 16:11:38 - [MESSAGE][PASSED] - Object: 'Object Repository/Denna/User-Login/button login 1 masuk' is clicked on

2020-05-22 16:11:38 - [TEST_STEP][PASSED] - verifyElementVisible(findTestObject("Denna/User-Login/button_My Learning IconMy Learning")): Object 'Object Repository/Denna/User-Login/button_My Learning IconMy Learning' is visible

2020-05-22 16:11:49 - [MESSAGE][PASSED] - Object 'Object Repository/Denna/User-Login/button_My Learning IconMy Learning' is visible

2020-05-22 16:11:49 - [MESSAGE][PASSED] - Call Test Case 'Test Cases/Denna/Login(User)' successfully

2020-05-22 16:11:49 - [TEST_STEP][PASSED] - click(findTestObject("Object Repository/Denna/User - Ganti Password/profile")): Object: 'Object Repository/Denna/User - Ganti Password/profile' is clicked on

2020-05-22 16:11:56 - [MESSAGE][PASSED] - Object: 'Object Repository/Denna/User - Ganti Password/profile' is clicked on

2020-05-22 16:11:56 - [TEST_STEP][PASSED] - click(findTestObject("Object Repository/Denna/User - Ganti Password/button Ganti Password")): Object: 'Object Repository/Denna/User - Ganti Password/button Ganti Password' is clicked on

2020-05-22 16:12:00 - [MESSAGE][PASSED] - Object: 'Object Repository/Denna/User - Ganti Password/button Ganti Password' is clicked on

2020-05-22 16:12:00 - [TEST_STEP][PASSED] - setText(findTestObject("Object Repository/Denna/User - Ganti Password/input Current Password"), currentPassword): Text 'Password2' is set on object 'Object Repository/Denna/User - Ganti Password/input Current Password'

2020-05-22 16:12:05 - [MESSAGE][PASSED] - Text 'Password2' is set on object 'Object Repository/Denna/User - Ganti Password/input Current Password'

2020-05-22 16:12:05 - [TEST_STEP][PASSED] - setText(findTestObject("Object Repository/Denna/User - Ganti Password/input newPassword"), newPassword): Text 'Password3' is set on object 'Object Repository/Denna/User - Ganti Password/input newPassword'

2020-05-22 16:12:05 - [MESSAGE][PASSED] - Text 'Password3' is set on object 'Object Repository/Denna/User - Ganti Password/input newPassword'

2020-05-22 16:12:05 - [TEST_STEP][PASSED] - setText(findTestObject("Object Repository/Denna/User - Ganti Password/input confirmNewPassword"), confirmPassword): Text 'Password3' is set on object 'Object Repository/Denna/User - Ganti Password/input confirmNewPassword'

2020-05-22 16:12:06 - [MESSAGE][PASSED] - Text 'Password3' is set on object 'Object Repository/Denna/User - Ganti Password/input confirmNewPassword'

2020-05-22 16:12:06 - [TEST_STEP][PASSED] - click(findTestObject("Object Repository/Denna/User - Ganti Password/button Submit new Password")): Object: 'Object Repository/Denna/User - Ganti Password/button Submit new Password' is clicked on

2020-05-22 16:12:06 - [MESSAGE][PASSED] - Object: 'Object Repository/Denna/User - Ganti Password/button Submit new Password' is clicked on

2020-05-22 16:12:06 - [TEST_STEP][PASSED] - switch (kondisi): null

2020-05-22 16:12:06 - [TEST_STEP][PASSED] - case "fail":: null

2020-05-22 16:12:06 - [TEST_STEP][PASSED] - if (keterangan == "emptyAll"): null

2020-05-22 16:12:06 - [TEST_STEP][PASSED] - else if (keterangan == "emptyCurrentPassword"): null

2020-05-22 16:12:06 - [TEST_STEP][PASSED] - else if (keterangan == "emptyNewPassword"): null

2020-05-22 16:12:06 - [TEST_STEP][PASSED] - else if (keterangan == "emptyConfirmPassword"): null

2020-05-22 16:12:06 - [TEST_STEP][PASSED] - else if (keterangan == "invalidCurrentPassword"): null

2020-05-22 16:12:06 - [TEST_STEP][PASSED] - else if (keterangan == "invalidNewPassword"): null

2020-05-22 16:12:06 - [TEST_STEP][PASSED] - else if (keterangan == "notMatch"): null

2020-05-22 16:12:06 - [TEST_STEP][PASSED] - else if (keterangan == "cancel"): Object: 'Object Repository/Denna/User - Ganti Password/button Batal' is clicked on

2020-05-22 16:12:06 - [TEST_STEP][PASSED] - delay(3): Delayed 3 second(s)

2020-05-22 16:12:09 - [MESSAGE][PASSED] - Delayed 3 second(s)

2020-05-22 16:12:09 - [TEST_STEP][PASSED] - click(findTestObject("Denna/User - Ganti Password/button Batal")): Object: 'Object Repository/Denna/User - Ganti Password/button Batal' is clicked on

2020-05-22 16:12:12 - [MESSAGE][PASSED] - Object: 'Object Repository/Denna/User - Ganti Password/button Batal' is clicked on

2020-05-22 16:12:12 - [TEST_STEP][PASSED] - break: null

2020-05-22 16:12:12 - [TEST_STEP][PASSED] - closeBrowser(): Browser is closed

2020-05-22 16:12:16 - [MESSAGE][PASSED] - Browser is closed]]></system-out>
         <system-err><![CDATA[]]></system-err>
      </testcase>
      <testcase name="Test Cases/Denna/User - Ganti Password" time="109.79" classname="Test Cases/Denna/User - Ganti Password" status="PASSED">
         <system-out><![CDATA[2020-05-22 16:12:16 - [TEST_CASE][PASSED] - Test Cases/Denna/User - Ganti Password: Test Cases/Denna/User - Ganti Password

2020-05-22 16:12:16 - [TEST_STEP][PASSED] - callTestCase(findTestCase("Denna/Login(User)"), [:], STOP_ON_FAILURE): Call Test Case 'Test Cases/Denna/Login(User)' successfully

2020-05-22 16:12:16 - [TEST_CASE][PASSED] - Test Cases/Denna/Login(User): Test Cases/Denna/Login(User)

2020-05-22 16:12:16 - [TEST_STEP][PASSED] - openBrowser(""): Browser is opened with url: ''

2020-05-22 16:12:16 - [MESSAGE][INFO] - Starting 'Chrome' driver

2020-05-22 16:12:26 - [MESSAGE][PASSED] - Browser is opened with url: ''

2020-05-22 16:12:26 - [TEST_STEP][PASSED] - navigateToUrl("https://appsrv1.deltadatamandiri.com/ACC_LMS_WEB/#/Main"): Navigate to 'https://appsrv1.deltadatamandiri.com/ACC_LMS_WEB/#/Main' successfully

2020-05-22 16:12:48 - [MESSAGE][PASSED] - Navigate to 'https://appsrv1.deltadatamandiri.com/ACC_LMS_WEB/#/Main' successfully

2020-05-22 16:12:48 - [TEST_STEP][PASSED] - maximizeWindow(): Current window maximized

2020-05-22 16:12:50 - [MESSAGE][PASSED] - Current window maximized

2020-05-22 16:12:50 - [TEST_STEP][PASSED] - click(findTestObject("Denna/User-Login/button login")): Object: 'Object Repository/Denna/User-Login/button login' is clicked on

2020-05-22 16:12:55 - [MESSAGE][PASSED] - Object: 'Object Repository/Denna/User-Login/button login' is clicked on

2020-05-22 16:12:55 - [TEST_STEP][PASSED] - setText(findTestObject("Denna/User-Login/input NPK username"), "14426"): Text '14426' is set on object 'Object Repository/Denna/User-Login/input NPK username'

2020-05-22 16:12:56 - [MESSAGE][PASSED] - Text '14426' is set on object 'Object Repository/Denna/User-Login/input NPK username'

2020-05-22 16:12:56 - [TEST_STEP][PASSED] - setText(findTestObject("Denna/User-Login/inputPassword"), "Password2"): Text 'Password2' is set on object 'Object Repository/Denna/User-Login/inputPassword'

2020-05-22 16:12:56 - [MESSAGE][PASSED] - Text 'Password2' is set on object 'Object Repository/Denna/User-Login/inputPassword'

2020-05-22 16:12:56 - [TEST_STEP][PASSED] - click(findTestObject("Denna/User-Login/button login 1 masuk")): Object: 'Object Repository/Denna/User-Login/button login 1 masuk' is clicked on

2020-05-22 16:12:56 - [MESSAGE][PASSED] - Object: 'Object Repository/Denna/User-Login/button login 1 masuk' is clicked on

2020-05-22 16:12:56 - [TEST_STEP][PASSED] - verifyElementVisible(findTestObject("Denna/User-Login/button_My Learning IconMy Learning")): Object 'Object Repository/Denna/User-Login/button_My Learning IconMy Learning' is visible

2020-05-22 16:13:16 - [MESSAGE][PASSED] - Object 'Object Repository/Denna/User-Login/button_My Learning IconMy Learning' is visible

2020-05-22 16:13:16 - [MESSAGE][PASSED] - Call Test Case 'Test Cases/Denna/Login(User)' successfully

2020-05-22 16:13:16 - [TEST_STEP][PASSED] - click(findTestObject("Object Repository/Denna/User - Ganti Password/profile")): Object: 'Object Repository/Denna/User - Ganti Password/profile' is clicked on

2020-05-22 16:13:16 - [MESSAGE][PASSED] - Object: 'Object Repository/Denna/User - Ganti Password/profile' is clicked on

2020-05-22 16:13:16 - [TEST_STEP][PASSED] - click(findTestObject("Object Repository/Denna/User - Ganti Password/button Ganti Password")): Object: 'Object Repository/Denna/User - Ganti Password/button Ganti Password' is clicked on

2020-05-22 16:13:18 - [MESSAGE][PASSED] - Object: 'Object Repository/Denna/User - Ganti Password/button Ganti Password' is clicked on

2020-05-22 16:13:18 - [TEST_STEP][PASSED] - setText(findTestObject("Object Repository/Denna/User - Ganti Password/input Current Password"), currentPassword): Text 'Password2' is set on object 'Object Repository/Denna/User - Ganti Password/input Current Password'

2020-05-22 16:13:48 - [MESSAGE][PASSED] - Text 'Password2' is set on object 'Object Repository/Denna/User - Ganti Password/input Current Password'

2020-05-22 16:13:48 - [TEST_STEP][PASSED] - setText(findTestObject("Object Repository/Denna/User - Ganti Password/input newPassword"), newPassword): Text 'Password3' is set on object 'Object Repository/Denna/User - Ganti Password/input newPassword'

2020-05-22 16:13:49 - [MESSAGE][PASSED] - Text 'Password3' is set on object 'Object Repository/Denna/User - Ganti Password/input newPassword'

2020-05-22 16:13:49 - [TEST_STEP][PASSED] - setText(findTestObject("Object Repository/Denna/User - Ganti Password/input confirmNewPassword"), confirmPassword): Text 'Password3' is set on object 'Object Repository/Denna/User - Ganti Password/input confirmNewPassword'

2020-05-22 16:13:49 - [MESSAGE][PASSED] - Text 'Password3' is set on object 'Object Repository/Denna/User - Ganti Password/input confirmNewPassword'

2020-05-22 16:13:49 - [TEST_STEP][PASSED] - click(findTestObject("Object Repository/Denna/User - Ganti Password/button Submit new Password")): Object: 'Object Repository/Denna/User - Ganti Password/button Submit new Password' is clicked on

2020-05-22 16:13:49 - [MESSAGE][PASSED] - Object: 'Object Repository/Denna/User - Ganti Password/button Submit new Password' is clicked on

2020-05-22 16:13:49 - [TEST_STEP][PASSED] - switch (kondisi): null

2020-05-22 16:13:49 - [TEST_STEP][PASSED] - case "fail":: null

2020-05-22 16:13:49 - [TEST_STEP][PASSED] - if (keterangan == "emptyAll"): null

2020-05-22 16:13:49 - [TEST_STEP][PASSED] - else if (keterangan == "emptyCurrentPassword"): null

2020-05-22 16:13:49 - [TEST_STEP][PASSED] - else if (keterangan == "emptyNewPassword"): null

2020-05-22 16:13:49 - [TEST_STEP][PASSED] - else if (keterangan == "emptyConfirmPassword"): null

2020-05-22 16:13:49 - [TEST_STEP][PASSED] - else if (keterangan == "invalidCurrentPassword"): null

2020-05-22 16:13:49 - [TEST_STEP][PASSED] - else if (keterangan == "invalidNewPassword"): null

2020-05-22 16:13:49 - [TEST_STEP][PASSED] - else if (keterangan == "notMatch"): null

2020-05-22 16:13:49 - [TEST_STEP][PASSED] - else if (keterangan == "cancel"): null

2020-05-22 16:13:49 - [TEST_STEP][PASSED] - else if (keterangan == "wrongOTP"): Object 'Object Repository/Denna/User - Ganti Password/label_Account Confirmation' is visible

2020-05-22 16:13:49 - [TEST_STEP][PASSED] - setText(findTestObject("Object Repository/Denna/User - Ganti Password/input_Kode OTP_text1"), otp1): Text '9' is set on object 'Object Repository/Denna/User - Ganti Password/input_Kode OTP_text1'

2020-05-22 16:13:56 - [MESSAGE][PASSED] - Text '9' is set on object 'Object Repository/Denna/User - Ganti Password/input_Kode OTP_text1'

2020-05-22 16:13:56 - [TEST_STEP][PASSED] - setText(findTestObject("Object Repository/Denna/User - Ganti Password/input_Kode OTP_text2"), otp2): Text '6' is set on object 'Object Repository/Denna/User - Ganti Password/input_Kode OTP_text2'

2020-05-22 16:13:56 - [MESSAGE][PASSED] - Text '6' is set on object 'Object Repository/Denna/User - Ganti Password/input_Kode OTP_text2'

2020-05-22 16:13:56 - [TEST_STEP][PASSED] - setText(findTestObject("Object Repository/Denna/User - Ganti Password/input_Kode OTP_text3"), otp3): Text '8' is set on object 'Object Repository/Denna/User - Ganti Password/input_Kode OTP_text3'

2020-05-22 16:13:57 - [MESSAGE][PASSED] - Text '8' is set on object 'Object Repository/Denna/User - Ganti Password/input_Kode OTP_text3'

2020-05-22 16:13:57 - [TEST_STEP][PASSED] - setText(findTestObject("Object Repository/Denna/User - Ganti Password/input_Kode OTP_text4"), otp4): Text '5' is set on object 'Object Repository/Denna/User - Ganti Password/input_Kode OTP_text4'

2020-05-22 16:13:57 - [MESSAGE][PASSED] - Text '5' is set on object 'Object Repository/Denna/User - Ganti Password/input_Kode OTP_text4'

2020-05-22 16:13:57 - [TEST_STEP][PASSED] - setText(findTestObject("Object Repository/Denna/User - Ganti Password/input_Kode OTP_text5"), otp5): Text '2' is set on object 'Object Repository/Denna/User - Ganti Password/input_Kode OTP_text5'

2020-05-22 16:13:58 - [MESSAGE][PASSED] - Text '2' is set on object 'Object Repository/Denna/User - Ganti Password/input_Kode OTP_text5'

2020-05-22 16:13:58 - [TEST_STEP][PASSED] - setText(findTestObject("Object Repository/Denna/User - Ganti Password/input_Kode OTP_text6"), otp6): Text '6' is set on object 'Object Repository/Denna/User - Ganti Password/input_Kode OTP_text6'

2020-05-22 16:13:58 - [MESSAGE][PASSED] - Text '6' is set on object 'Object Repository/Denna/User - Ganti Password/input_Kode OTP_text6'

2020-05-22 16:13:58 - [TEST_STEP][PASSED] - click(findTestObject("Object Repository/Denna/User - Ganti Password/button Konfirmasi")): Object: 'Object Repository/Denna/User - Ganti Password/button Konfirmasi' is clicked on

2020-05-22 16:13:59 - [MESSAGE][PASSED] - Object: 'Object Repository/Denna/User - Ganti Password/button Konfirmasi' is clicked on

2020-05-22 16:13:59 - [TEST_STEP][PASSED] - verifyElementVisible(findTestObject("Denna/User - Ganti Password/label_Account Confirmation")): Object 'Object Repository/Denna/User - Ganti Password/label_Account Confirmation' is visible

2020-05-22 16:14:01 - [MESSAGE][PASSED] - Object 'Object Repository/Denna/User - Ganti Password/label_Account Confirmation' is visible

2020-05-22 16:14:01 - [TEST_STEP][PASSED] - break: null

2020-05-22 16:14:01 - [TEST_STEP][PASSED] - closeBrowser(): Browser is closed

2020-05-22 16:14:06 - [MESSAGE][PASSED] - Browser is closed]]></system-out>
         <system-err><![CDATA[]]></system-err>
      </testcase>
      <testcase name="Test Cases/Denna/User - Ganti Password" time="95.482" classname="Test Cases/Denna/User - Ganti Password" status="PASSED">
         <system-out><![CDATA[2020-05-22 16:14:06 - [TEST_CASE][PASSED] - Test Cases/Denna/User - Ganti Password: Test Cases/Denna/User - Ganti Password

2020-05-22 16:14:06 - [TEST_STEP][PASSED] - callTestCase(findTestCase("Denna/Login(User)"), [:], STOP_ON_FAILURE): Call Test Case 'Test Cases/Denna/Login(User)' successfully

2020-05-22 16:14:06 - [TEST_CASE][PASSED] - Test Cases/Denna/Login(User): Test Cases/Denna/Login(User)

2020-05-22 16:14:06 - [TEST_STEP][PASSED] - openBrowser(""): Browser is opened with url: ''

2020-05-22 16:14:06 - [MESSAGE][INFO] - Starting 'Chrome' driver

2020-05-22 16:14:13 - [MESSAGE][PASSED] - Browser is opened with url: ''

2020-05-22 16:14:13 - [TEST_STEP][PASSED] - navigateToUrl("https://appsrv1.deltadatamandiri.com/ACC_LMS_WEB/#/Main"): Navigate to 'https://appsrv1.deltadatamandiri.com/ACC_LMS_WEB/#/Main' successfully

2020-05-22 16:14:32 - [MESSAGE][PASSED] - Navigate to 'https://appsrv1.deltadatamandiri.com/ACC_LMS_WEB/#/Main' successfully

2020-05-22 16:14:32 - [TEST_STEP][PASSED] - maximizeWindow(): Current window maximized

2020-05-22 16:14:34 - [MESSAGE][PASSED] - Current window maximized

2020-05-22 16:14:34 - [TEST_STEP][PASSED] - click(findTestObject("Denna/User-Login/button login")): Object: 'Object Repository/Denna/User-Login/button login' is clicked on

2020-05-22 16:14:42 - [MESSAGE][PASSED] - Object: 'Object Repository/Denna/User-Login/button login' is clicked on

2020-05-22 16:14:42 - [TEST_STEP][PASSED] - setText(findTestObject("Denna/User-Login/input NPK username"), "14426"): Text '14426' is set on object 'Object Repository/Denna/User-Login/input NPK username'

2020-05-22 16:14:43 - [MESSAGE][PASSED] - Text '14426' is set on object 'Object Repository/Denna/User-Login/input NPK username'

2020-05-22 16:14:43 - [TEST_STEP][PASSED] - setText(findTestObject("Denna/User-Login/inputPassword"), "Password2"): Text 'Password2' is set on object 'Object Repository/Denna/User-Login/inputPassword'

2020-05-22 16:14:43 - [MESSAGE][PASSED] - Text 'Password2' is set on object 'Object Repository/Denna/User-Login/inputPassword'

2020-05-22 16:14:43 - [TEST_STEP][PASSED] - click(findTestObject("Denna/User-Login/button login 1 masuk")): Object: 'Object Repository/Denna/User-Login/button login 1 masuk' is clicked on

2020-05-22 16:14:43 - [MESSAGE][PASSED] - Object: 'Object Repository/Denna/User-Login/button login 1 masuk' is clicked on

2020-05-22 16:14:43 - [TEST_STEP][PASSED] - verifyElementVisible(findTestObject("Denna/User-Login/button_My Learning IconMy Learning")): Object 'Object Repository/Denna/User-Login/button_My Learning IconMy Learning' is visible

2020-05-22 16:15:02 - [MESSAGE][PASSED] - Object 'Object Repository/Denna/User-Login/button_My Learning IconMy Learning' is visible

2020-05-22 16:15:02 - [MESSAGE][PASSED] - Call Test Case 'Test Cases/Denna/Login(User)' successfully

2020-05-22 16:15:02 - [TEST_STEP][PASSED] - click(findTestObject("Object Repository/Denna/User - Ganti Password/profile")): Object: 'Object Repository/Denna/User - Ganti Password/profile' is clicked on

2020-05-22 16:15:03 - [MESSAGE][PASSED] - Object: 'Object Repository/Denna/User - Ganti Password/profile' is clicked on

2020-05-22 16:15:03 - [TEST_STEP][PASSED] - click(findTestObject("Object Repository/Denna/User - Ganti Password/button Ganti Password")): Object: 'Object Repository/Denna/User - Ganti Password/button Ganti Password' is clicked on

2020-05-22 16:15:05 - [MESSAGE][PASSED] - Object: 'Object Repository/Denna/User - Ganti Password/button Ganti Password' is clicked on

2020-05-22 16:15:05 - [TEST_STEP][PASSED] - setText(findTestObject("Object Repository/Denna/User - Ganti Password/input Current Password"), currentPassword): Text 'Password2' is set on object 'Object Repository/Denna/User - Ganti Password/input Current Password'

2020-05-22 16:15:11 - [MESSAGE][PASSED] - Text 'Password2' is set on object 'Object Repository/Denna/User - Ganti Password/input Current Password'

2020-05-22 16:15:11 - [TEST_STEP][PASSED] - setText(findTestObject("Object Repository/Denna/User - Ganti Password/input newPassword"), newPassword): Text 'Password3' is set on object 'Object Repository/Denna/User - Ganti Password/input newPassword'

2020-05-22 16:15:11 - [MESSAGE][PASSED] - Text 'Password3' is set on object 'Object Repository/Denna/User - Ganti Password/input newPassword'

2020-05-22 16:15:11 - [TEST_STEP][PASSED] - setText(findTestObject("Object Repository/Denna/User - Ganti Password/input confirmNewPassword"), confirmPassword): Text 'Password3' is set on object 'Object Repository/Denna/User - Ganti Password/input confirmNewPassword'

2020-05-22 16:15:11 - [MESSAGE][PASSED] - Text 'Password3' is set on object 'Object Repository/Denna/User - Ganti Password/input confirmNewPassword'

2020-05-22 16:15:11 - [TEST_STEP][PASSED] - click(findTestObject("Object Repository/Denna/User - Ganti Password/button Submit new Password")): Object: 'Object Repository/Denna/User - Ganti Password/button Submit new Password' is clicked on

2020-05-22 16:15:12 - [MESSAGE][PASSED] - Object: 'Object Repository/Denna/User - Ganti Password/button Submit new Password' is clicked on

2020-05-22 16:15:12 - [TEST_STEP][PASSED] - switch (kondisi): null

2020-05-22 16:15:12 - [TEST_STEP][PASSED] - case "pass":: null

2020-05-22 16:15:12 - [TEST_STEP][PASSED] - setText(findTestObject("Object Repository/Denna/User - Ganti Password/input_Kode OTP_text1"), otp1): Text '2' is set on object 'Object Repository/Denna/User - Ganti Password/input_Kode OTP_text1'

2020-05-22 16:15:16 - [MESSAGE][PASSED] - Text '2' is set on object 'Object Repository/Denna/User - Ganti Password/input_Kode OTP_text1'

2020-05-22 16:15:16 - [TEST_STEP][PASSED] - setText(findTestObject("Object Repository/Denna/User - Ganti Password/input_Kode OTP_text2"), otp2): Text '4' is set on object 'Object Repository/Denna/User - Ganti Password/input_Kode OTP_text2'

2020-05-22 16:15:16 - [MESSAGE][PASSED] - Text '4' is set on object 'Object Repository/Denna/User - Ganti Password/input_Kode OTP_text2'

2020-05-22 16:15:16 - [TEST_STEP][PASSED] - setText(findTestObject("Object Repository/Denna/User - Ganti Password/input_Kode OTP_text3"), otp3): Text '9' is set on object 'Object Repository/Denna/User - Ganti Password/input_Kode OTP_text3'

2020-05-22 16:15:17 - [MESSAGE][PASSED] - Text '9' is set on object 'Object Repository/Denna/User - Ganti Password/input_Kode OTP_text3'

2020-05-22 16:15:17 - [TEST_STEP][PASSED] - setText(findTestObject("Object Repository/Denna/User - Ganti Password/input_Kode OTP_text4"), otp4): Text '9' is set on object 'Object Repository/Denna/User - Ganti Password/input_Kode OTP_text4'

2020-05-22 16:15:17 - [MESSAGE][PASSED] - Text '9' is set on object 'Object Repository/Denna/User - Ganti Password/input_Kode OTP_text4'

2020-05-22 16:15:17 - [TEST_STEP][PASSED] - setText(findTestObject("Object Repository/Denna/User - Ganti Password/input_Kode OTP_text5"), otp5): Text '2' is set on object 'Object Repository/Denna/User - Ganti Password/input_Kode OTP_text5'

2020-05-22 16:15:18 - [MESSAGE][PASSED] - Text '2' is set on object 'Object Repository/Denna/User - Ganti Password/input_Kode OTP_text5'

2020-05-22 16:15:18 - [TEST_STEP][PASSED] - setText(findTestObject("Object Repository/Denna/User - Ganti Password/input_Kode OTP_text6"), otp6): Text '1' is set on object 'Object Repository/Denna/User - Ganti Password/input_Kode OTP_text6'

2020-05-22 16:15:18 - [MESSAGE][PASSED] - Text '1' is set on object 'Object Repository/Denna/User - Ganti Password/input_Kode OTP_text6'

2020-05-22 16:15:18 - [TEST_STEP][PASSED] - click(findTestObject("Object Repository/Denna/User - Ganti Password/button Konfirmasi")): Object: 'Object Repository/Denna/User - Ganti Password/button Konfirmasi' is clicked on

2020-05-22 16:15:19 - [MESSAGE][PASSED] - Object: 'Object Repository/Denna/User - Ganti Password/button Konfirmasi' is clicked on

2020-05-22 16:15:19 - [TEST_STEP][PASSED] - delay(2): Delayed 2 second(s)

2020-05-22 16:15:21 - [MESSAGE][PASSED] - Delayed 2 second(s)

2020-05-22 16:15:21 - [TEST_STEP][PASSED] - verifyElementVisible(findTestObject("Denna/User - Ganti Password/label Password telah di Update")): Object 'Object Repository/Denna/User - Ganti Password/label Password telah di Update' is visible

2020-05-22 16:15:40 - [MESSAGE][PASSED] - Object 'Object Repository/Denna/User - Ganti Password/label Password telah di Update' is visible

2020-05-22 16:15:40 - [TEST_STEP][PASSED] - break: null

2020-05-22 16:15:40 - [TEST_STEP][PASSED] - closeBrowser(): Browser is closed

2020-05-22 16:15:41 - [MESSAGE][PASSED] - Browser is closed]]></system-out>
         <system-err><![CDATA[]]></system-err>
      </testcase>
      <system-out><![CDATA[2020-05-22 16:09:51 - [TEST_SUITE][PASSED] - User - Ganti Password: Test Cases/Denna/User - Ganti Password]]></system-out>
      <system-err><![CDATA[]]></system-err>
   </testsuite>
</testsuites>
