<?xml version="1.0" encoding="UTF-8"?>
<testsuites name="User-Login" time="194.762" tests="6" failures="0" errors="0">
   <testsuite name="User-Login" tests="6" failures="0" errors="0" time="194.762" timestamp="2020-05-13 12:13:50" hostname="Denna Leksanti - 192.168.152.1" id="Test Suites/Denna/User-Login">
      <properties>
         <property name="deviceName" value=""/>
         <property name="devicePlatform" value=""/>
         <property name="logFolder" value="C:\\Users\\Hari Sapto\\git\\LearningManagementWeb\\Reports\\20200513_121348\\Denna\\User-Login\\20200513_121348"/>
         <property name="logFiles" value="C:\\Users\\Hari Sapto\\git\\LearningManagementWeb\\Reports\\20200513_121348\\Denna\\User-Login\\20200513_121348\\execution0.log"/>
         <property name="attachments" value=""/>
         <property name="hostName" value="Denna Leksanti - 192.168.152.1"/>
         <property name="os" value="Windows 10 64bit"/>
         <property name="katalonVersion" value="7.0.8.1"/>
         <property name="browser" value="Firefox 61.0"/>
         <property name="hostAddress" value="192.168.152.1"/>
         <property name="sessionId" value="a2baeb44-918d-4c05-b986-f04825b6fe1b"/>
         <property name="seleniumVersion" value="3.141.59"/>
         <property name="proxyInformation" value="ProxyInformation{proxyOption=NO_PROXY, proxyServerType=HTTP, password=, proxyServerAddress=, proxyServerPort=0}"/>
         <property name="platform" value="Windows 10"/>
      </properties>
      <testcase name="Test Cases/Denna/User - Login" time="30.396" classname="Test Cases/Denna/User - Login" status="PASSED">
         <system-out><![CDATA[2020-05-13 12:13:51 - [TEST_CASE][PASSED] - Test Cases/Denna/User - Login: Test Cases/Denna/User - Login

2020-05-13 12:13:51 - [TEST_STEP][PASSED] - openBrowser(""): Browser is opened with url: ''

2020-05-13 12:13:51 - [MESSAGE][INFO] - Starting 'Firefox' driver

2020-05-13 12:13:52 - [MESSAGE][INFO] - Action delay is set to 0 seconds

2020-05-13 12:13:58 - [MESSAGE][PASSED] - Browser is opened with url: ''

2020-05-13 12:13:58 - [TEST_STEP][PASSED] - navigateToUrl("https://appsrv1.deltadatamandiri.com/ACC_LMS_WEB/#/Main"): Navigate to 'https://appsrv1.deltadatamandiri.com/ACC_LMS_WEB/#/Main' successfully

2020-05-13 12:14:14 - [MESSAGE][PASSED] - Navigate to 'https://appsrv1.deltadatamandiri.com/ACC_LMS_WEB/#/Main' successfully

2020-05-13 12:14:14 - [TEST_STEP][PASSED] - maximizeWindow(): Current window maximized

2020-05-13 12:14:14 - [MESSAGE][PASSED] - Current window maximized

2020-05-13 12:14:14 - [TEST_STEP][PASSED] - click(findTestObject("Denna/User-Login/button login")): Object: 'Object Repository/Denna/User-Login/button login' is clicked on

2020-05-13 12:14:18 - [MESSAGE][ERROR] - TypeError: rect is undefined
Build info: version: '3.141.59', revision: 'e82be7d358', time: '2018-11-14T08:25:53'
System info: host: 'DESKTOP-ETRGFK2', ip: '192.168.152.1', os.name: 'Windows 10', os.arch: 'amd64', os.version: '10.0', java.version: '1.8.0_181'
Driver info: com.kms.katalon.core.webui.driver.firefox.CGeckoDriver
Capabilities {acceptInsecureCerts: true, browserName: firefox, browserVersion: 61.0.2, javascriptEnabled: true, moz:accessibilityChecks: false, moz:geckodriverVersion: 0.23.0, moz:headless: false, moz:processID: 8296, moz:profile: C:\Users\Hari Sapto\AppData..., moz:useNonSpecCompliantPointerOrigin: false, moz:webdriverClick: true, pageLoadStrategy: normal, platform: XP, platformName: XP, platformVersion: 10.0, proxy: Proxy(direct), rotatable: false, timeouts: {implicit: 0, pageLoad: 300000, script: 30000}}
Session ID: 569430f9-1336-486c-bed2-d7e4fe547a78

2020-05-13 12:14:19 - [MESSAGE][PASSED] - Object: 'Object Repository/Denna/User-Login/button login' is clicked on

2020-05-13 12:14:19 - [TEST_STEP][PASSED] - setText(findTestObject("Denna/User-Login/input NPK username"), NPK_Username): Text '' is set on object 'Object Repository/Denna/User-Login/input NPK username'

2020-05-13 12:14:19 - [MESSAGE][PASSED] - Text '' is set on object 'Object Repository/Denna/User-Login/input NPK username'

2020-05-13 12:14:19 - [TEST_STEP][PASSED] - setText(findTestObject("Denna/User-Login/inputPassword"), Password): Text '' is set on object 'Object Repository/Denna/User-Login/inputPassword'

2020-05-13 12:14:20 - [MESSAGE][PASSED] - Text '' is set on object 'Object Repository/Denna/User-Login/inputPassword'

2020-05-13 12:14:20 - [TEST_STEP][PASSED] - click(findTestObject("Denna/User-Login/button login 1 masuk")): Object: 'Object Repository/Denna/User-Login/button login 1 masuk' is clicked on

2020-05-13 12:14:20 - [MESSAGE][PASSED] - Object: 'Object Repository/Denna/User-Login/button login 1 masuk' is clicked on

2020-05-13 12:14:20 - [TEST_STEP][PASSED] - switch (Kondisi): null

2020-05-13 12:14:20 - [TEST_STEP][PASSED] - case "fail":: null

2020-05-13 12:14:20 - [TEST_STEP][PASSED] - if (Keterangan == "npkPasswordEmpty"): Object 'Object Repository/Denna/User-Login/button login 1 masuk' is visible

2020-05-13 12:14:20 - [TEST_STEP][PASSED] - verifyElementVisible(findTestObject("Denna/User-Login/button login 1 masuk")): Object 'Object Repository/Denna/User-Login/button login 1 masuk' is visible

2020-05-13 12:14:21 - [MESSAGE][PASSED] - Object 'Object Repository/Denna/User-Login/button login 1 masuk' is visible

2020-05-13 12:14:21 - [TEST_STEP][PASSED] - break: null]]></system-out>
         <system-err><![CDATA[]]></system-err>
      </testcase>
      <testcase name="Test Cases/Denna/User - Login" time="29.625" classname="Test Cases/Denna/User - Login" status="PASSED">
         <system-out><![CDATA[2020-05-13 12:14:21 - [TEST_CASE][PASSED] - Test Cases/Denna/User - Login: Test Cases/Denna/User - Login

2020-05-13 12:14:21 - [TEST_STEP][PASSED] - openBrowser(""): Browser is opened with url: ''

2020-05-13 12:14:21 - [MESSAGE][WARNING] - A browser is already opened. Closing browser and opening a new one

2020-05-13 12:14:22 - [MESSAGE][INFO] - Starting 'Firefox' driver

2020-05-13 12:14:26 - [MESSAGE][PASSED] - Browser is opened with url: ''

2020-05-13 12:14:26 - [TEST_STEP][PASSED] - navigateToUrl("https://appsrv1.deltadatamandiri.com/ACC_LMS_WEB/#/Main"): Navigate to 'https://appsrv1.deltadatamandiri.com/ACC_LMS_WEB/#/Main' successfully

2020-05-13 12:14:44 - [MESSAGE][PASSED] - Navigate to 'https://appsrv1.deltadatamandiri.com/ACC_LMS_WEB/#/Main' successfully

2020-05-13 12:14:44 - [TEST_STEP][PASSED] - maximizeWindow(): Current window maximized

2020-05-13 12:14:44 - [MESSAGE][PASSED] - Current window maximized

2020-05-13 12:14:44 - [TEST_STEP][PASSED] - click(findTestObject("Denna/User-Login/button login")): Object: 'Object Repository/Denna/User-Login/button login' is clicked on

2020-05-13 12:14:48 - [MESSAGE][ERROR] - TypeError: rect is undefined
Build info: version: '3.141.59', revision: 'e82be7d358', time: '2018-11-14T08:25:53'
System info: host: 'DESKTOP-ETRGFK2', ip: '192.168.152.1', os.name: 'Windows 10', os.arch: 'amd64', os.version: '10.0', java.version: '1.8.0_181'
Driver info: com.kms.katalon.core.webui.driver.firefox.CGeckoDriver
Capabilities {acceptInsecureCerts: true, browserName: firefox, browserVersion: 61.0.2, javascriptEnabled: true, moz:accessibilityChecks: false, moz:geckodriverVersion: 0.23.0, moz:headless: false, moz:processID: 5512, moz:profile: C:\Users\Hari Sapto\AppData..., moz:useNonSpecCompliantPointerOrigin: false, moz:webdriverClick: true, pageLoadStrategy: normal, platform: XP, platformName: XP, platformVersion: 10.0, proxy: Proxy(direct), rotatable: false, timeouts: {implicit: 0, pageLoad: 300000, script: 30000}}
Session ID: f8d14fd3-ef24-4c3a-8c3d-7d5ddeb11eb6

2020-05-13 12:14:49 - [MESSAGE][PASSED] - Object: 'Object Repository/Denna/User-Login/button login' is clicked on

2020-05-13 12:14:49 - [TEST_STEP][PASSED] - setText(findTestObject("Denna/User-Login/input NPK username"), NPK_Username): Text '' is set on object 'Object Repository/Denna/User-Login/input NPK username'

2020-05-13 12:14:49 - [MESSAGE][PASSED] - Text '' is set on object 'Object Repository/Denna/User-Login/input NPK username'

2020-05-13 12:14:49 - [TEST_STEP][PASSED] - setText(findTestObject("Denna/User-Login/inputPassword"), Password): Text 'Password2' is set on object 'Object Repository/Denna/User-Login/inputPassword'

2020-05-13 12:14:49 - [MESSAGE][PASSED] - Text 'Password2' is set on object 'Object Repository/Denna/User-Login/inputPassword'

2020-05-13 12:14:49 - [TEST_STEP][PASSED] - click(findTestObject("Denna/User-Login/button login 1 masuk")): Object: 'Object Repository/Denna/User-Login/button login 1 masuk' is clicked on

2020-05-13 12:14:50 - [MESSAGE][PASSED] - Object: 'Object Repository/Denna/User-Login/button login 1 masuk' is clicked on

2020-05-13 12:14:50 - [TEST_STEP][PASSED] - switch (Kondisi): null

2020-05-13 12:14:50 - [TEST_STEP][PASSED] - case "fail":: null

2020-05-13 12:14:50 - [TEST_STEP][PASSED] - if (Keterangan == "npkPasswordEmpty"): null

2020-05-13 12:14:50 - [TEST_STEP][PASSED] - else if (Keterangan == "npkEmpty"): Object 'Object Repository/Denna/User-Login/button login 1 masuk' is visible

2020-05-13 12:14:50 - [TEST_STEP][PASSED] - verifyElementVisible(findTestObject("Denna/User-Login/button login 1 masuk")): Object 'Object Repository/Denna/User-Login/button login 1 masuk' is visible

2020-05-13 12:14:51 - [MESSAGE][PASSED] - Object 'Object Repository/Denna/User-Login/button login 1 masuk' is visible

2020-05-13 12:14:51 - [TEST_STEP][PASSED] - break: null]]></system-out>
         <system-err><![CDATA[]]></system-err>
      </testcase>
      <testcase name="Test Cases/Denna/User - Login" time="27.015" classname="Test Cases/Denna/User - Login" status="PASSED">
         <system-out><![CDATA[2020-05-13 12:14:51 - [TEST_CASE][PASSED] - Test Cases/Denna/User - Login: Test Cases/Denna/User - Login

2020-05-13 12:14:51 - [TEST_STEP][PASSED] - openBrowser(""): Browser is opened with url: ''

2020-05-13 12:14:51 - [MESSAGE][WARNING] - A browser is already opened. Closing browser and opening a new one

2020-05-13 12:14:52 - [MESSAGE][INFO] - Starting 'Firefox' driver

2020-05-13 12:14:56 - [MESSAGE][PASSED] - Browser is opened with url: ''

2020-05-13 12:14:56 - [TEST_STEP][PASSED] - navigateToUrl("https://appsrv1.deltadatamandiri.com/ACC_LMS_WEB/#/Main"): Navigate to 'https://appsrv1.deltadatamandiri.com/ACC_LMS_WEB/#/Main' successfully

2020-05-13 12:15:11 - [MESSAGE][PASSED] - Navigate to 'https://appsrv1.deltadatamandiri.com/ACC_LMS_WEB/#/Main' successfully

2020-05-13 12:15:11 - [TEST_STEP][PASSED] - maximizeWindow(): Current window maximized

2020-05-13 12:15:11 - [MESSAGE][PASSED] - Current window maximized

2020-05-13 12:15:11 - [TEST_STEP][PASSED] - click(findTestObject("Denna/User-Login/button login")): Object: 'Object Repository/Denna/User-Login/button login' is clicked on

2020-05-13 12:15:16 - [MESSAGE][PASSED] - Object: 'Object Repository/Denna/User-Login/button login' is clicked on

2020-05-13 12:15:16 - [TEST_STEP][PASSED] - setText(findTestObject("Denna/User-Login/input NPK username"), NPK_Username): Text '14426' is set on object 'Object Repository/Denna/User-Login/input NPK username'

2020-05-13 12:15:16 - [MESSAGE][PASSED] - Text '14426' is set on object 'Object Repository/Denna/User-Login/input NPK username'

2020-05-13 12:15:16 - [TEST_STEP][PASSED] - setText(findTestObject("Denna/User-Login/inputPassword"), Password): Text '' is set on object 'Object Repository/Denna/User-Login/inputPassword'

2020-05-13 12:15:16 - [MESSAGE][PASSED] - Text '' is set on object 'Object Repository/Denna/User-Login/inputPassword'

2020-05-13 12:15:16 - [TEST_STEP][PASSED] - click(findTestObject("Denna/User-Login/button login 1 masuk")): Object: 'Object Repository/Denna/User-Login/button login 1 masuk' is clicked on

2020-05-13 12:15:17 - [MESSAGE][PASSED] - Object: 'Object Repository/Denna/User-Login/button login 1 masuk' is clicked on

2020-05-13 12:15:17 - [TEST_STEP][PASSED] - switch (Kondisi): null

2020-05-13 12:15:17 - [TEST_STEP][PASSED] - case "fail":: null

2020-05-13 12:15:17 - [TEST_STEP][PASSED] - if (Keterangan == "npkPasswordEmpty"): null

2020-05-13 12:15:17 - [TEST_STEP][PASSED] - else if (Keterangan == "npkEmpty"): null

2020-05-13 12:15:17 - [TEST_STEP][PASSED] - else if (Keterangan == "PasswordEmpty"): Object 'Object Repository/Denna/User-Login/button login 1 masuk' is visible

2020-05-13 12:15:17 - [TEST_STEP][PASSED] - verifyElementVisible(findTestObject("Denna/User-Login/button login 1 masuk")): Object 'Object Repository/Denna/User-Login/button login 1 masuk' is visible

2020-05-13 12:15:18 - [MESSAGE][PASSED] - Object 'Object Repository/Denna/User-Login/button login 1 masuk' is visible

2020-05-13 12:15:18 - [TEST_STEP][PASSED] - break: null]]></system-out>
         <system-err><![CDATA[]]></system-err>
      </testcase>
      <testcase name="Test Cases/Denna/User - Login" time="26.589" classname="Test Cases/Denna/User - Login" status="PASSED">
         <system-out><![CDATA[2020-05-13 12:15:18 - [TEST_CASE][PASSED] - Test Cases/Denna/User - Login: Test Cases/Denna/User - Login

2020-05-13 12:15:18 - [TEST_STEP][PASSED] - openBrowser(""): Browser is opened with url: ''

2020-05-13 12:15:18 - [MESSAGE][WARNING] - A browser is already opened. Closing browser and opening a new one

2020-05-13 12:15:19 - [MESSAGE][INFO] - Starting 'Firefox' driver

2020-05-13 12:15:23 - [MESSAGE][PASSED] - Browser is opened with url: ''

2020-05-13 12:15:23 - [TEST_STEP][PASSED] - navigateToUrl("https://appsrv1.deltadatamandiri.com/ACC_LMS_WEB/#/Main"): Navigate to 'https://appsrv1.deltadatamandiri.com/ACC_LMS_WEB/#/Main' successfully

2020-05-13 12:15:35 - [MESSAGE][PASSED] - Navigate to 'https://appsrv1.deltadatamandiri.com/ACC_LMS_WEB/#/Main' successfully

2020-05-13 12:15:35 - [TEST_STEP][PASSED] - maximizeWindow(): Current window maximized

2020-05-13 12:15:35 - [MESSAGE][PASSED] - Current window maximized

2020-05-13 12:15:35 - [TEST_STEP][PASSED] - click(findTestObject("Denna/User-Login/button login")): Object: 'Object Repository/Denna/User-Login/button login' is clicked on

2020-05-13 12:15:39 - [MESSAGE][ERROR] - TypeError: rect is undefined
Build info: version: '3.141.59', revision: 'e82be7d358', time: '2018-11-14T08:25:53'
System info: host: 'DESKTOP-ETRGFK2', ip: '192.168.152.1', os.name: 'Windows 10', os.arch: 'amd64', os.version: '10.0', java.version: '1.8.0_181'
Driver info: com.kms.katalon.core.webui.driver.firefox.CGeckoDriver
Capabilities {acceptInsecureCerts: true, browserName: firefox, browserVersion: 61.0.2, javascriptEnabled: true, moz:accessibilityChecks: false, moz:geckodriverVersion: 0.23.0, moz:headless: false, moz:processID: 15328, moz:profile: C:\Users\Hari Sapto\AppData..., moz:useNonSpecCompliantPointerOrigin: false, moz:webdriverClick: true, pageLoadStrategy: normal, platform: XP, platformName: XP, platformVersion: 10.0, proxy: Proxy(direct), rotatable: false, timeouts: {implicit: 0, pageLoad: 300000, script: 30000}}
Session ID: e174ae41-ec1d-480b-8d8c-7a4af4ac0ea6

2020-05-13 12:15:40 - [MESSAGE][PASSED] - Object: 'Object Repository/Denna/User-Login/button login' is clicked on

2020-05-13 12:15:40 - [TEST_STEP][PASSED] - setText(findTestObject("Denna/User-Login/input NPK username"), NPK_Username): Text '99999' is set on object 'Object Repository/Denna/User-Login/input NPK username'

2020-05-13 12:15:40 - [MESSAGE][PASSED] - Text '99999' is set on object 'Object Repository/Denna/User-Login/input NPK username'

2020-05-13 12:15:40 - [TEST_STEP][PASSED] - setText(findTestObject("Denna/User-Login/inputPassword"), Password): Text 'Password2' is set on object 'Object Repository/Denna/User-Login/inputPassword'

2020-05-13 12:15:41 - [MESSAGE][PASSED] - Text 'Password2' is set on object 'Object Repository/Denna/User-Login/inputPassword'

2020-05-13 12:15:41 - [TEST_STEP][PASSED] - click(findTestObject("Denna/User-Login/button login 1 masuk")): Object: 'Object Repository/Denna/User-Login/button login 1 masuk' is clicked on

2020-05-13 12:15:41 - [MESSAGE][PASSED] - Object: 'Object Repository/Denna/User-Login/button login 1 masuk' is clicked on

2020-05-13 12:15:41 - [TEST_STEP][PASSED] - switch (Kondisi): null

2020-05-13 12:15:41 - [TEST_STEP][PASSED] - case "fail":: null

2020-05-13 12:15:41 - [TEST_STEP][PASSED] - if (Keterangan == "npkPasswordEmpty"): null

2020-05-13 12:15:41 - [TEST_STEP][PASSED] - else if (Keterangan == "npkEmpty"): null

2020-05-13 12:15:41 - [TEST_STEP][PASSED] - else if (Keterangan == "PasswordEmpty"): null

2020-05-13 12:15:41 - [TEST_STEP][PASSED] - else if (Keterangan == "wrongPassword"): null

2020-05-13 12:15:41 - [TEST_STEP][PASSED] - else if (Keterangan == "wrongNpk"): Object 'Object Repository/Denna/User-Login/label Email address does not existPassword is wrong' is visible

2020-05-13 12:15:41 - [TEST_STEP][PASSED] - verifyElementVisible(findTestObject("Denna/User-Login/label Email address does not existPassword is wrong")): Object 'Object Repository/Denna/User-Login/label Email address does not existPassword is wrong' is visible

2020-05-13 12:15:44 - [MESSAGE][PASSED] - Object 'Object Repository/Denna/User-Login/label Email address does not existPassword is wrong' is visible

2020-05-13 12:15:44 - [TEST_STEP][PASSED] - break: null]]></system-out>
         <system-err><![CDATA[]]></system-err>
      </testcase>
      <testcase name="Test Cases/Denna/User - Login" time="32.191" classname="Test Cases/Denna/User - Login" status="PASSED">
         <system-out><![CDATA[2020-05-13 12:15:44 - [TEST_CASE][PASSED] - Test Cases/Denna/User - Login: Test Cases/Denna/User - Login

2020-05-13 12:15:44 - [TEST_STEP][PASSED] - openBrowser(""): Browser is opened with url: ''

2020-05-13 12:15:44 - [MESSAGE][WARNING] - A browser is already opened. Closing browser and opening a new one

2020-05-13 12:15:46 - [MESSAGE][INFO] - Starting 'Firefox' driver

2020-05-13 12:15:50 - [MESSAGE][PASSED] - Browser is opened with url: ''

2020-05-13 12:15:50 - [TEST_STEP][PASSED] - navigateToUrl("https://appsrv1.deltadatamandiri.com/ACC_LMS_WEB/#/Main"): Navigate to 'https://appsrv1.deltadatamandiri.com/ACC_LMS_WEB/#/Main' successfully

2020-05-13 12:16:06 - [MESSAGE][PASSED] - Navigate to 'https://appsrv1.deltadatamandiri.com/ACC_LMS_WEB/#/Main' successfully

2020-05-13 12:16:06 - [TEST_STEP][PASSED] - maximizeWindow(): Current window maximized

2020-05-13 12:16:06 - [MESSAGE][PASSED] - Current window maximized

2020-05-13 12:16:06 - [TEST_STEP][PASSED] - click(findTestObject("Denna/User-Login/button login")): Object: 'Object Repository/Denna/User-Login/button login' is clicked on

2020-05-13 12:16:09 - [MESSAGE][ERROR] - TypeError: rect is undefined
Build info: version: '3.141.59', revision: 'e82be7d358', time: '2018-11-14T08:25:53'
System info: host: 'DESKTOP-ETRGFK2', ip: '192.168.152.1', os.name: 'Windows 10', os.arch: 'amd64', os.version: '10.0', java.version: '1.8.0_181'
Driver info: com.kms.katalon.core.webui.driver.firefox.CGeckoDriver
Capabilities {acceptInsecureCerts: true, browserName: firefox, browserVersion: 61.0.2, javascriptEnabled: true, moz:accessibilityChecks: false, moz:geckodriverVersion: 0.23.0, moz:headless: false, moz:processID: 10176, moz:profile: C:\Users\Hari Sapto\AppData..., moz:useNonSpecCompliantPointerOrigin: false, moz:webdriverClick: true, pageLoadStrategy: normal, platform: XP, platformName: XP, platformVersion: 10.0, proxy: Proxy(direct), rotatable: false, timeouts: {implicit: 0, pageLoad: 300000, script: 30000}}
Session ID: f2dc6223-eb0d-46ee-b959-752c68cfe0fa

2020-05-13 12:16:10 - [MESSAGE][PASSED] - Object: 'Object Repository/Denna/User-Login/button login' is clicked on

2020-05-13 12:16:10 - [TEST_STEP][PASSED] - setText(findTestObject("Denna/User-Login/input NPK username"), NPK_Username): Text '14426' is set on object 'Object Repository/Denna/User-Login/input NPK username'

2020-05-13 12:16:10 - [MESSAGE][PASSED] - Text '14426' is set on object 'Object Repository/Denna/User-Login/input NPK username'

2020-05-13 12:16:10 - [TEST_STEP][PASSED] - setText(findTestObject("Denna/User-Login/inputPassword"), Password): Text 'Password' is set on object 'Object Repository/Denna/User-Login/inputPassword'

2020-05-13 12:16:11 - [MESSAGE][PASSED] - Text 'Password' is set on object 'Object Repository/Denna/User-Login/inputPassword'

2020-05-13 12:16:11 - [TEST_STEP][PASSED] - click(findTestObject("Denna/User-Login/button login 1 masuk")): Object: 'Object Repository/Denna/User-Login/button login 1 masuk' is clicked on

2020-05-13 12:16:11 - [MESSAGE][PASSED] - Object: 'Object Repository/Denna/User-Login/button login 1 masuk' is clicked on

2020-05-13 12:16:11 - [TEST_STEP][PASSED] - switch (Kondisi): null

2020-05-13 12:16:11 - [TEST_STEP][PASSED] - case "fail":: null

2020-05-13 12:16:11 - [TEST_STEP][PASSED] - if (Keterangan == "npkPasswordEmpty"): null

2020-05-13 12:16:11 - [TEST_STEP][PASSED] - else if (Keterangan == "npkEmpty"): null

2020-05-13 12:16:11 - [TEST_STEP][PASSED] - else if (Keterangan == "PasswordEmpty"): null

2020-05-13 12:16:11 - [TEST_STEP][PASSED] - else if (Keterangan == "wrongPassword"): Object 'Object Repository/Denna/User-Login/label Email address does not existPassword is wrong' is visible

2020-05-13 12:16:11 - [TEST_STEP][PASSED] - verifyElementVisible(findTestObject("Denna/User-Login/label Email address does not existPassword is wrong")): Object 'Object Repository/Denna/User-Login/label Email address does not existPassword is wrong' is visible

2020-05-13 12:16:16 - [MESSAGE][PASSED] - Object 'Object Repository/Denna/User-Login/label Email address does not existPassword is wrong' is visible

2020-05-13 12:16:16 - [TEST_STEP][PASSED] - break: null]]></system-out>
         <system-err><![CDATA[]]></system-err>
      </testcase>
      <testcase name="Test Cases/Denna/User - Login" time="46.401" classname="Test Cases/Denna/User - Login" status="PASSED">
         <system-out><![CDATA[2020-05-13 12:16:17 - [TEST_CASE][PASSED] - Test Cases/Denna/User - Login: Test Cases/Denna/User - Login

2020-05-13 12:16:17 - [TEST_STEP][PASSED] - openBrowser(""): Browser is opened with url: ''

2020-05-13 12:16:17 - [MESSAGE][WARNING] - A browser is already opened. Closing browser and opening a new one

2020-05-13 12:16:18 - [MESSAGE][INFO] - Starting 'Firefox' driver

2020-05-13 12:16:22 - [MESSAGE][PASSED] - Browser is opened with url: ''

2020-05-13 12:16:22 - [TEST_STEP][PASSED] - navigateToUrl("https://appsrv1.deltadatamandiri.com/ACC_LMS_WEB/#/Main"): Navigate to 'https://appsrv1.deltadatamandiri.com/ACC_LMS_WEB/#/Main' successfully

2020-05-13 12:16:36 - [MESSAGE][PASSED] - Navigate to 'https://appsrv1.deltadatamandiri.com/ACC_LMS_WEB/#/Main' successfully

2020-05-13 12:16:36 - [TEST_STEP][PASSED] - maximizeWindow(): Current window maximized

2020-05-13 12:16:36 - [MESSAGE][PASSED] - Current window maximized

2020-05-13 12:16:36 - [TEST_STEP][PASSED] - click(findTestObject("Denna/User-Login/button login")): Object: 'Object Repository/Denna/User-Login/button login' is clicked on

2020-05-13 12:16:39 - [MESSAGE][ERROR] - TypeError: rect is undefined
Build info: version: '3.141.59', revision: 'e82be7d358', time: '2018-11-14T08:25:53'
System info: host: 'DESKTOP-ETRGFK2', ip: '192.168.152.1', os.name: 'Windows 10', os.arch: 'amd64', os.version: '10.0', java.version: '1.8.0_181'
Driver info: com.kms.katalon.core.webui.driver.firefox.CGeckoDriver
Capabilities {acceptInsecureCerts: true, browserName: firefox, browserVersion: 61.0.2, javascriptEnabled: true, moz:accessibilityChecks: false, moz:geckodriverVersion: 0.23.0, moz:headless: false, moz:processID: 7248, moz:profile: C:\Users\Hari Sapto\AppData..., moz:useNonSpecCompliantPointerOrigin: false, moz:webdriverClick: true, pageLoadStrategy: normal, platform: XP, platformName: XP, platformVersion: 10.0, proxy: Proxy(direct), rotatable: false, timeouts: {implicit: 0, pageLoad: 300000, script: 30000}}
Session ID: a2baeb44-918d-4c05-b986-f04825b6fe1b

2020-05-13 12:16:40 - [MESSAGE][PASSED] - Object: 'Object Repository/Denna/User-Login/button login' is clicked on

2020-05-13 12:16:40 - [TEST_STEP][PASSED] - setText(findTestObject("Denna/User-Login/input NPK username"), NPK_Username): Text '14426' is set on object 'Object Repository/Denna/User-Login/input NPK username'

2020-05-13 12:16:41 - [MESSAGE][PASSED] - Text '14426' is set on object 'Object Repository/Denna/User-Login/input NPK username'

2020-05-13 12:16:41 - [TEST_STEP][PASSED] - setText(findTestObject("Denna/User-Login/inputPassword"), Password): Text 'Password2' is set on object 'Object Repository/Denna/User-Login/inputPassword'

2020-05-13 12:16:41 - [MESSAGE][PASSED] - Text 'Password2' is set on object 'Object Repository/Denna/User-Login/inputPassword'

2020-05-13 12:16:41 - [TEST_STEP][PASSED] - click(findTestObject("Denna/User-Login/button login 1 masuk")): Object: 'Object Repository/Denna/User-Login/button login 1 masuk' is clicked on

2020-05-13 12:16:42 - [MESSAGE][PASSED] - Object: 'Object Repository/Denna/User-Login/button login 1 masuk' is clicked on

2020-05-13 12:16:42 - [TEST_STEP][PASSED] - switch (Kondisi): null

2020-05-13 12:16:42 - [TEST_STEP][PASSED] - case "pass":: null

2020-05-13 12:16:42 - [TEST_STEP][PASSED] - verifyElementVisible(findTestObject("Denna/User-Login/button_My Learning IconMy Learning")): Object 'Object Repository/Denna/User-Login/button_My Learning IconMy Learning' is visible

2020-05-13 12:17:03 - [MESSAGE][PASSED] - Object 'Object Repository/Denna/User-Login/button_My Learning IconMy Learning' is visible

2020-05-13 12:17:03 - [TEST_STEP][PASSED] - break: null]]></system-out>
         <system-err><![CDATA[]]></system-err>
      </testcase>
      <system-out><![CDATA[2020-05-13 12:13:50 - [TEST_SUITE][PASSED] - User-Login: Test Cases/Denna/User - Login]]></system-out>
      <system-err><![CDATA[]]></system-err>
   </testsuite>
</testsuites>
