<?xml version="1.0" encoding="UTF-8"?>
<testsuites name="User-Login" time="355.244" tests="6" failures="0" errors="0">
   <testsuite name="User-Login" tests="6" failures="0" errors="0" time="355.244" timestamp="2020-05-13 15:52:13" hostname="Denna Leksanti - 192.168.152.1" id="Test Suites/Denna/User-Login">
      <properties>
         <property name="deviceName" value=""/>
         <property name="devicePlatform" value=""/>
         <property name="logFolder" value="C:\\Users\\Hari Sapto\\git\\LearningManagementWeb\\Reports\\20200513_155205\\Denna\\User-Login\\20200513_155205"/>
         <property name="logFiles" value="C:\\Users\\Hari Sapto\\git\\LearningManagementWeb\\Reports\\20200513_155205\\Denna\\User-Login\\20200513_155205\\execution0.log"/>
         <property name="attachments" value=""/>
         <property name="hostName" value="Denna Leksanti - 192.168.152.1"/>
         <property name="os" value="Windows 10 64bit"/>
         <property name="katalonVersion" value="7.0.8.1"/>
         <property name="browser" value="Firefox 61.0"/>
         <property name="hostAddress" value="192.168.152.1"/>
         <property name="sessionId" value="3ee4a586-8e22-4f09-82d6-eaaa611052cf"/>
         <property name="seleniumVersion" value="3.141.59"/>
         <property name="proxyInformation" value="ProxyInformation{proxyOption=NO_PROXY, proxyServerType=HTTP, password=, proxyServerAddress=, proxyServerPort=0}"/>
         <property name="platform" value="Windows 10"/>
      </properties>
      <testcase name="Test Cases/Denna/User - Login" time="157.658" classname="Test Cases/Denna/User - Login" status="PASSED">
         <system-out><![CDATA[2020-05-13 15:52:14 - [TEST_CASE][PASSED] - Test Cases/Denna/User - Login: Test Cases/Denna/User - Login

2020-05-13 15:52:15 - [TEST_STEP][PASSED] - openBrowser(""): Browser is opened with url: ''

2020-05-13 15:52:17 - [MESSAGE][INFO] - Starting 'Firefox' driver

2020-05-13 15:52:20 - [MESSAGE][INFO] - Action delay is set to 0 seconds

2020-05-13 15:53:08 - [MESSAGE][PASSED] - Browser is opened with url: ''

2020-05-13 15:53:08 - [TEST_STEP][PASSED] - navigateToUrl("https://appsrv1.deltadatamandiri.com/ACC_LMS_WEB/#/Main"): Navigate to 'https://appsrv1.deltadatamandiri.com/ACC_LMS_WEB/#/Main' successfully

2020-05-13 15:54:04 - [MESSAGE][PASSED] - Navigate to 'https://appsrv1.deltadatamandiri.com/ACC_LMS_WEB/#/Main' successfully

2020-05-13 15:54:04 - [TEST_STEP][PASSED] - maximizeWindow(): Current window maximized

2020-05-13 15:54:04 - [MESSAGE][PASSED] - Current window maximized

2020-05-13 15:54:04 - [TEST_STEP][PASSED] - click(findTestObject("Denna/User-Login/button login")): Object: 'Object Repository/Denna/User-Login/button login' is clicked on

2020-05-13 15:54:43 - [MESSAGE][PASSED] - Object: 'Object Repository/Denna/User-Login/button login' is clicked on

2020-05-13 15:54:43 - [TEST_STEP][PASSED] - setText(findTestObject("Denna/User-Login/input NPK username"), NPK_Username): Text '' is set on object 'Object Repository/Denna/User-Login/input NPK username'

2020-05-13 15:54:43 - [MESSAGE][PASSED] - Text '' is set on object 'Object Repository/Denna/User-Login/input NPK username'

2020-05-13 15:54:43 - [TEST_STEP][PASSED] - setText(findTestObject("Denna/User-Login/inputPassword"), Password): Text '' is set on object 'Object Repository/Denna/User-Login/inputPassword'

2020-05-13 15:54:44 - [MESSAGE][PASSED] - Text '' is set on object 'Object Repository/Denna/User-Login/inputPassword'

2020-05-13 15:54:44 - [TEST_STEP][PASSED] - click(findTestObject("Denna/User-Login/button login 1 masuk")): Object: 'Object Repository/Denna/User-Login/button login 1 masuk' is clicked on

2020-05-13 15:54:45 - [MESSAGE][PASSED] - Object: 'Object Repository/Denna/User-Login/button login 1 masuk' is clicked on

2020-05-13 15:54:45 - [TEST_STEP][PASSED] - switch (Kondisi): null

2020-05-13 15:54:45 - [TEST_STEP][PASSED] - case "fail":: null

2020-05-13 15:54:45 - [TEST_STEP][PASSED] - if (Keterangan == "npkPasswordEmpty"): Object 'Object Repository/Denna/User-Login/button login 1 masuk' is visible

2020-05-13 15:54:45 - [TEST_STEP][PASSED] - verifyElementVisible(findTestObject("Denna/User-Login/button login 1 masuk")): Object 'Object Repository/Denna/User-Login/button login 1 masuk' is visible

2020-05-13 15:54:45 - [MESSAGE][PASSED] - Object 'Object Repository/Denna/User-Login/button login 1 masuk' is visible

2020-05-13 15:54:45 - [TEST_STEP][PASSED] - break: null

2020-05-13 15:54:45 - [TEST_STEP][PASSED] - closeBrowser(): Browser is closed

2020-05-13 15:54:52 - [MESSAGE][PASSED] - Browser is closed]]></system-out>
         <system-err><![CDATA[]]></system-err>
      </testcase>
      <testcase name="Test Cases/Denna/User - Login" time="41.637" classname="Test Cases/Denna/User - Login" status="PASSED">
         <system-out><![CDATA[2020-05-13 15:54:52 - [TEST_CASE][PASSED] - Test Cases/Denna/User - Login: Test Cases/Denna/User - Login

2020-05-13 15:54:52 - [TEST_STEP][PASSED] - openBrowser(""): Browser is opened with url: ''

2020-05-13 15:54:52 - [MESSAGE][INFO] - Starting 'Firefox' driver

2020-05-13 15:55:04 - [MESSAGE][PASSED] - Browser is opened with url: ''

2020-05-13 15:55:04 - [TEST_STEP][PASSED] - navigateToUrl("https://appsrv1.deltadatamandiri.com/ACC_LMS_WEB/#/Main"): Navigate to 'https://appsrv1.deltadatamandiri.com/ACC_LMS_WEB/#/Main' successfully

2020-05-13 15:55:22 - [MESSAGE][PASSED] - Navigate to 'https://appsrv1.deltadatamandiri.com/ACC_LMS_WEB/#/Main' successfully

2020-05-13 15:55:22 - [TEST_STEP][PASSED] - maximizeWindow(): Current window maximized

2020-05-13 15:55:22 - [MESSAGE][PASSED] - Current window maximized

2020-05-13 15:55:22 - [TEST_STEP][PASSED] - click(findTestObject("Denna/User-Login/button login")): Object: 'Object Repository/Denna/User-Login/button login' is clicked on

2020-05-13 15:55:29 - [MESSAGE][PASSED] - Object: 'Object Repository/Denna/User-Login/button login' is clicked on

2020-05-13 15:55:29 - [TEST_STEP][PASSED] - setText(findTestObject("Denna/User-Login/input NPK username"), NPK_Username): Text '' is set on object 'Object Repository/Denna/User-Login/input NPK username'

2020-05-13 15:55:29 - [MESSAGE][PASSED] - Text '' is set on object 'Object Repository/Denna/User-Login/input NPK username'

2020-05-13 15:55:29 - [TEST_STEP][PASSED] - setText(findTestObject("Denna/User-Login/inputPassword"), Password): Text 'Password2' is set on object 'Object Repository/Denna/User-Login/inputPassword'

2020-05-13 15:55:30 - [MESSAGE][PASSED] - Text 'Password2' is set on object 'Object Repository/Denna/User-Login/inputPassword'

2020-05-13 15:55:30 - [TEST_STEP][PASSED] - click(findTestObject("Denna/User-Login/button login 1 masuk")): Object: 'Object Repository/Denna/User-Login/button login 1 masuk' is clicked on

2020-05-13 15:55:31 - [MESSAGE][PASSED] - Object: 'Object Repository/Denna/User-Login/button login 1 masuk' is clicked on

2020-05-13 15:55:31 - [TEST_STEP][PASSED] - switch (Kondisi): null

2020-05-13 15:55:31 - [TEST_STEP][PASSED] - case "fail":: null

2020-05-13 15:55:31 - [TEST_STEP][PASSED] - if (Keterangan == "npkPasswordEmpty"): null

2020-05-13 15:55:31 - [TEST_STEP][PASSED] - else if (Keterangan == "npkEmpty"): Object 'Object Repository/Denna/User-Login/button login 1 masuk' is visible

2020-05-13 15:55:31 - [TEST_STEP][PASSED] - verifyElementVisible(findTestObject("Denna/User-Login/button login 1 masuk")): Object 'Object Repository/Denna/User-Login/button login 1 masuk' is visible

2020-05-13 15:55:31 - [MESSAGE][PASSED] - Object 'Object Repository/Denna/User-Login/button login 1 masuk' is visible

2020-05-13 15:55:31 - [TEST_STEP][PASSED] - break: null

2020-05-13 15:55:31 - [TEST_STEP][PASSED] - closeBrowser(): Browser is closed

2020-05-13 15:55:33 - [MESSAGE][PASSED] - Browser is closed]]></system-out>
         <system-err><![CDATA[]]></system-err>
      </testcase>
      <testcase name="Test Cases/Denna/User - Login" time="33.468" classname="Test Cases/Denna/User - Login" status="PASSED">
         <system-out><![CDATA[2020-05-13 15:55:33 - [TEST_CASE][PASSED] - Test Cases/Denna/User - Login: Test Cases/Denna/User - Login

2020-05-13 15:55:34 - [TEST_STEP][PASSED] - openBrowser(""): Browser is opened with url: ''

2020-05-13 15:55:34 - [MESSAGE][INFO] - Starting 'Firefox' driver

2020-05-13 15:55:41 - [MESSAGE][PASSED] - Browser is opened with url: ''

2020-05-13 15:55:41 - [TEST_STEP][PASSED] - navigateToUrl("https://appsrv1.deltadatamandiri.com/ACC_LMS_WEB/#/Main"): Navigate to 'https://appsrv1.deltadatamandiri.com/ACC_LMS_WEB/#/Main' successfully

2020-05-13 15:55:56 - [MESSAGE][PASSED] - Navigate to 'https://appsrv1.deltadatamandiri.com/ACC_LMS_WEB/#/Main' successfully

2020-05-13 15:55:56 - [TEST_STEP][PASSED] - maximizeWindow(): Current window maximized

2020-05-13 15:55:56 - [MESSAGE][PASSED] - Current window maximized

2020-05-13 15:55:56 - [TEST_STEP][PASSED] - click(findTestObject("Denna/User-Login/button login")): Object: 'Object Repository/Denna/User-Login/button login' is clicked on

2020-05-13 15:56:01 - [MESSAGE][ERROR] - TypeError: rect is undefined
Build info: version: '3.141.59', revision: 'e82be7d358', time: '2018-11-14T08:25:53'
System info: host: 'DESKTOP-ETRGFK2', ip: '192.168.152.1', os.name: 'Windows 10', os.arch: 'amd64', os.version: '10.0', java.version: '1.8.0_181'
Driver info: com.kms.katalon.core.webui.driver.firefox.CGeckoDriver
Capabilities {acceptInsecureCerts: true, browserName: firefox, browserVersion: 61.0.2, javascriptEnabled: true, moz:accessibilityChecks: false, moz:geckodriverVersion: 0.23.0, moz:headless: false, moz:processID: 3080, moz:profile: C:\Users\Hari Sapto\AppData..., moz:useNonSpecCompliantPointerOrigin: false, moz:webdriverClick: true, pageLoadStrategy: normal, platform: XP, platformName: XP, platformVersion: 10.0, proxy: Proxy(direct), rotatable: false, timeouts: {implicit: 0, pageLoad: 300000, script: 30000}}
Session ID: 4ea746a1-2a6f-4775-ae87-dd94a7e1b4ee

2020-05-13 15:56:03 - [MESSAGE][PASSED] - Object: 'Object Repository/Denna/User-Login/button login' is clicked on

2020-05-13 15:56:03 - [TEST_STEP][PASSED] - setText(findTestObject("Denna/User-Login/input NPK username"), NPK_Username): Text '14426' is set on object 'Object Repository/Denna/User-Login/input NPK username'

2020-05-13 15:56:03 - [MESSAGE][PASSED] - Text '14426' is set on object 'Object Repository/Denna/User-Login/input NPK username'

2020-05-13 15:56:03 - [TEST_STEP][PASSED] - setText(findTestObject("Denna/User-Login/inputPassword"), Password): Text '' is set on object 'Object Repository/Denna/User-Login/inputPassword'

2020-05-13 15:56:04 - [MESSAGE][PASSED] - Text '' is set on object 'Object Repository/Denna/User-Login/inputPassword'

2020-05-13 15:56:04 - [TEST_STEP][PASSED] - click(findTestObject("Denna/User-Login/button login 1 masuk")): Object: 'Object Repository/Denna/User-Login/button login 1 masuk' is clicked on

2020-05-13 15:56:04 - [MESSAGE][PASSED] - Object: 'Object Repository/Denna/User-Login/button login 1 masuk' is clicked on

2020-05-13 15:56:04 - [TEST_STEP][PASSED] - switch (Kondisi): null

2020-05-13 15:56:04 - [TEST_STEP][PASSED] - case "fail":: null

2020-05-13 15:56:04 - [TEST_STEP][PASSED] - if (Keterangan == "npkPasswordEmpty"): null

2020-05-13 15:56:04 - [TEST_STEP][PASSED] - else if (Keterangan == "npkEmpty"): null

2020-05-13 15:56:04 - [TEST_STEP][PASSED] - else if (Keterangan == "PasswordEmpty"): Object 'Object Repository/Denna/User-Login/button login 1 masuk' is visible

2020-05-13 15:56:04 - [TEST_STEP][PASSED] - verifyElementVisible(findTestObject("Denna/User-Login/button login 1 masuk")): Object 'Object Repository/Denna/User-Login/button login 1 masuk' is visible

2020-05-13 15:56:05 - [MESSAGE][PASSED] - Object 'Object Repository/Denna/User-Login/button login 1 masuk' is visible

2020-05-13 15:56:05 - [TEST_STEP][PASSED] - break: null

2020-05-13 15:56:05 - [TEST_STEP][PASSED] - closeBrowser(): Browser is closed

2020-05-13 15:56:07 - [MESSAGE][PASSED] - Browser is closed]]></system-out>
         <system-err><![CDATA[]]></system-err>
      </testcase>
      <testcase name="Test Cases/Denna/User - Login" time="32.007" classname="Test Cases/Denna/User - Login" status="PASSED">
         <system-out><![CDATA[2020-05-13 15:56:07 - [TEST_CASE][PASSED] - Test Cases/Denna/User - Login: Test Cases/Denna/User - Login

2020-05-13 15:56:07 - [TEST_STEP][PASSED] - openBrowser(""): Browser is opened with url: ''

2020-05-13 15:56:07 - [MESSAGE][INFO] - Starting 'Firefox' driver

2020-05-13 15:56:13 - [MESSAGE][PASSED] - Browser is opened with url: ''

2020-05-13 15:56:13 - [TEST_STEP][PASSED] - navigateToUrl("https://appsrv1.deltadatamandiri.com/ACC_LMS_WEB/#/Main"): Navigate to 'https://appsrv1.deltadatamandiri.com/ACC_LMS_WEB/#/Main' successfully

2020-05-13 15:56:28 - [MESSAGE][PASSED] - Navigate to 'https://appsrv1.deltadatamandiri.com/ACC_LMS_WEB/#/Main' successfully

2020-05-13 15:56:28 - [TEST_STEP][PASSED] - maximizeWindow(): Current window maximized

2020-05-13 15:56:28 - [MESSAGE][PASSED] - Current window maximized

2020-05-13 15:56:28 - [TEST_STEP][PASSED] - click(findTestObject("Denna/User-Login/button login")): Object: 'Object Repository/Denna/User-Login/button login' is clicked on

2020-05-13 15:56:32 - [MESSAGE][ERROR] - TypeError: rect is undefined
Build info: version: '3.141.59', revision: 'e82be7d358', time: '2018-11-14T08:25:53'
System info: host: 'DESKTOP-ETRGFK2', ip: '192.168.152.1', os.name: 'Windows 10', os.arch: 'amd64', os.version: '10.0', java.version: '1.8.0_181'
Driver info: com.kms.katalon.core.webui.driver.firefox.CGeckoDriver
Capabilities {acceptInsecureCerts: true, browserName: firefox, browserVersion: 61.0.2, javascriptEnabled: true, moz:accessibilityChecks: false, moz:geckodriverVersion: 0.23.0, moz:headless: false, moz:processID: 14904, moz:profile: C:\Users\Hari Sapto\AppData..., moz:useNonSpecCompliantPointerOrigin: false, moz:webdriverClick: true, pageLoadStrategy: normal, platform: XP, platformName: XP, platformVersion: 10.0, proxy: Proxy(direct), rotatable: false, timeouts: {implicit: 0, pageLoad: 300000, script: 30000}}
Session ID: 9bd0b717-1c1a-4cd7-bc60-f7866066391a

2020-05-13 15:56:34 - [MESSAGE][PASSED] - Object: 'Object Repository/Denna/User-Login/button login' is clicked on

2020-05-13 15:56:34 - [TEST_STEP][PASSED] - setText(findTestObject("Denna/User-Login/input NPK username"), NPK_Username): Text '55555' is set on object 'Object Repository/Denna/User-Login/input NPK username'

2020-05-13 15:56:34 - [MESSAGE][PASSED] - Text '55555' is set on object 'Object Repository/Denna/User-Login/input NPK username'

2020-05-13 15:56:34 - [TEST_STEP][PASSED] - setText(findTestObject("Denna/User-Login/inputPassword"), Password): Text 'Password2' is set on object 'Object Repository/Denna/User-Login/inputPassword'

2020-05-13 15:56:34 - [MESSAGE][PASSED] - Text 'Password2' is set on object 'Object Repository/Denna/User-Login/inputPassword'

2020-05-13 15:56:34 - [TEST_STEP][PASSED] - click(findTestObject("Denna/User-Login/button login 1 masuk")): Object: 'Object Repository/Denna/User-Login/button login 1 masuk' is clicked on

2020-05-13 15:56:35 - [MESSAGE][PASSED] - Object: 'Object Repository/Denna/User-Login/button login 1 masuk' is clicked on

2020-05-13 15:56:35 - [TEST_STEP][PASSED] - switch (Kondisi): null

2020-05-13 15:56:35 - [TEST_STEP][PASSED] - case "fail":: null

2020-05-13 15:56:35 - [TEST_STEP][PASSED] - if (Keterangan == "npkPasswordEmpty"): null

2020-05-13 15:56:35 - [TEST_STEP][PASSED] - else if (Keterangan == "npkEmpty"): null

2020-05-13 15:56:35 - [TEST_STEP][PASSED] - else if (Keterangan == "PasswordEmpty"): null

2020-05-13 15:56:35 - [TEST_STEP][PASSED] - else if (Keterangan == "wrongPassword"): null

2020-05-13 15:56:35 - [TEST_STEP][PASSED] - else if (Keterangan == "wrongNpk"): Object 'Object Repository/Denna/User-Login/label Email address does not existPassword is wrong' is visible

2020-05-13 15:56:35 - [TEST_STEP][PASSED] - verifyElementVisible(findTestObject("Denna/User-Login/label Email address does not existPassword is wrong")): Object 'Object Repository/Denna/User-Login/label Email address does not existPassword is wrong' is visible

2020-05-13 15:56:37 - [MESSAGE][PASSED] - Object 'Object Repository/Denna/User-Login/label Email address does not existPassword is wrong' is visible

2020-05-13 15:56:37 - [TEST_STEP][PASSED] - break: null

2020-05-13 15:56:37 - [TEST_STEP][PASSED] - closeBrowser(): Browser is closed

2020-05-13 15:56:39 - [MESSAGE][PASSED] - Browser is closed]]></system-out>
         <system-err><![CDATA[]]></system-err>
      </testcase>
      <testcase name="Test Cases/Denna/User - Login" time="37.493" classname="Test Cases/Denna/User - Login" status="PASSED">
         <system-out><![CDATA[2020-05-13 15:56:39 - [TEST_CASE][PASSED] - Test Cases/Denna/User - Login: Test Cases/Denna/User - Login

2020-05-13 15:56:39 - [TEST_STEP][PASSED] - openBrowser(""): Browser is opened with url: ''

2020-05-13 15:56:39 - [MESSAGE][INFO] - Starting 'Firefox' driver

2020-05-13 15:56:48 - [MESSAGE][PASSED] - Browser is opened with url: ''

2020-05-13 15:56:48 - [TEST_STEP][PASSED] - navigateToUrl("https://appsrv1.deltadatamandiri.com/ACC_LMS_WEB/#/Main"): Navigate to 'https://appsrv1.deltadatamandiri.com/ACC_LMS_WEB/#/Main' successfully

2020-05-13 15:57:00 - [MESSAGE][PASSED] - Navigate to 'https://appsrv1.deltadatamandiri.com/ACC_LMS_WEB/#/Main' successfully

2020-05-13 15:57:00 - [TEST_STEP][PASSED] - maximizeWindow(): Current window maximized

2020-05-13 15:57:00 - [MESSAGE][PASSED] - Current window maximized

2020-05-13 15:57:00 - [TEST_STEP][PASSED] - click(findTestObject("Denna/User-Login/button login")): Object: 'Object Repository/Denna/User-Login/button login' is clicked on

2020-05-13 15:57:04 - [MESSAGE][ERROR] - TypeError: rect is undefined
Build info: version: '3.141.59', revision: 'e82be7d358', time: '2018-11-14T08:25:53'
System info: host: 'DESKTOP-ETRGFK2', ip: '192.168.152.1', os.name: 'Windows 10', os.arch: 'amd64', os.version: '10.0', java.version: '1.8.0_181'
Driver info: com.kms.katalon.core.webui.driver.firefox.CGeckoDriver
Capabilities {acceptInsecureCerts: true, browserName: firefox, browserVersion: 61.0.2, javascriptEnabled: true, moz:accessibilityChecks: false, moz:geckodriverVersion: 0.23.0, moz:headless: false, moz:processID: 4496, moz:profile: C:\Users\Hari Sapto\AppData..., moz:useNonSpecCompliantPointerOrigin: false, moz:webdriverClick: true, pageLoadStrategy: normal, platform: XP, platformName: XP, platformVersion: 10.0, proxy: Proxy(direct), rotatable: false, timeouts: {implicit: 0, pageLoad: 300000, script: 30000}}
Session ID: 9f3ecc90-df39-4f2d-9d5c-6bb266272883

2020-05-13 15:57:11 - [MESSAGE][PASSED] - Object: 'Object Repository/Denna/User-Login/button login' is clicked on

2020-05-13 15:57:11 - [TEST_STEP][PASSED] - setText(findTestObject("Denna/User-Login/input NPK username"), NPK_Username): Text '14426' is set on object 'Object Repository/Denna/User-Login/input NPK username'

2020-05-13 15:57:11 - [MESSAGE][PASSED] - Text '14426' is set on object 'Object Repository/Denna/User-Login/input NPK username'

2020-05-13 15:57:11 - [TEST_STEP][PASSED] - setText(findTestObject("Denna/User-Login/inputPassword"), Password): Text 'Password' is set on object 'Object Repository/Denna/User-Login/inputPassword'

2020-05-13 15:57:11 - [MESSAGE][PASSED] - Text 'Password' is set on object 'Object Repository/Denna/User-Login/inputPassword'

2020-05-13 15:57:11 - [TEST_STEP][PASSED] - click(findTestObject("Denna/User-Login/button login 1 masuk")): Object: 'Object Repository/Denna/User-Login/button login 1 masuk' is clicked on

2020-05-13 15:57:12 - [MESSAGE][PASSED] - Object: 'Object Repository/Denna/User-Login/button login 1 masuk' is clicked on

2020-05-13 15:57:12 - [TEST_STEP][PASSED] - switch (Kondisi): null

2020-05-13 15:57:12 - [TEST_STEP][PASSED] - case "fail":: null

2020-05-13 15:57:12 - [TEST_STEP][PASSED] - if (Keterangan == "npkPasswordEmpty"): null

2020-05-13 15:57:12 - [TEST_STEP][PASSED] - else if (Keterangan == "npkEmpty"): null

2020-05-13 15:57:12 - [TEST_STEP][PASSED] - else if (Keterangan == "PasswordEmpty"): null

2020-05-13 15:57:12 - [TEST_STEP][PASSED] - else if (Keterangan == "wrongPassword"): Object 'Object Repository/Denna/User-Login/label Email address does not existPassword is wrong' is visible

2020-05-13 15:57:12 - [TEST_STEP][PASSED] - verifyElementVisible(findTestObject("Denna/User-Login/label Email address does not existPassword is wrong")): Object 'Object Repository/Denna/User-Login/label Email address does not existPassword is wrong' is visible

2020-05-13 15:57:15 - [MESSAGE][PASSED] - Object 'Object Repository/Denna/User-Login/label Email address does not existPassword is wrong' is visible

2020-05-13 15:57:15 - [TEST_STEP][PASSED] - break: null

2020-05-13 15:57:15 - [TEST_STEP][PASSED] - closeBrowser(): Browser is closed

2020-05-13 15:57:17 - [MESSAGE][PASSED] - Browser is closed]]></system-out>
         <system-err><![CDATA[]]></system-err>
      </testcase>
      <testcase name="Test Cases/Denna/User - Login" time="51.647" classname="Test Cases/Denna/User - Login" status="PASSED">
         <system-out><![CDATA[2020-05-13 15:57:17 - [TEST_CASE][PASSED] - Test Cases/Denna/User - Login: Test Cases/Denna/User - Login

2020-05-13 15:57:17 - [TEST_STEP][PASSED] - openBrowser(""): Browser is opened with url: ''

2020-05-13 15:57:17 - [MESSAGE][INFO] - Starting 'Firefox' driver

2020-05-13 15:57:33 - [MESSAGE][PASSED] - Browser is opened with url: ''

2020-05-13 15:57:33 - [TEST_STEP][PASSED] - navigateToUrl("https://appsrv1.deltadatamandiri.com/ACC_LMS_WEB/#/Main"): Navigate to 'https://appsrv1.deltadatamandiri.com/ACC_LMS_WEB/#/Main' successfully

2020-05-13 15:57:45 - [MESSAGE][PASSED] - Navigate to 'https://appsrv1.deltadatamandiri.com/ACC_LMS_WEB/#/Main' successfully

2020-05-13 15:57:45 - [TEST_STEP][PASSED] - maximizeWindow(): Current window maximized

2020-05-13 15:57:46 - [MESSAGE][PASSED] - Current window maximized

2020-05-13 15:57:46 - [TEST_STEP][PASSED] - click(findTestObject("Denna/User-Login/button login")): Object: 'Object Repository/Denna/User-Login/button login' is clicked on

2020-05-13 15:57:49 - [MESSAGE][ERROR] - TypeError: rect is undefined
Build info: version: '3.141.59', revision: 'e82be7d358', time: '2018-11-14T08:25:53'
System info: host: 'DESKTOP-ETRGFK2', ip: '192.168.152.1', os.name: 'Windows 10', os.arch: 'amd64', os.version: '10.0', java.version: '1.8.0_181'
Driver info: com.kms.katalon.core.webui.driver.firefox.CGeckoDriver
Capabilities {acceptInsecureCerts: true, browserName: firefox, browserVersion: 61.0.2, javascriptEnabled: true, moz:accessibilityChecks: false, moz:geckodriverVersion: 0.23.0, moz:headless: false, moz:processID: 10844, moz:profile: C:\Users\Hari Sapto\AppData..., moz:useNonSpecCompliantPointerOrigin: false, moz:webdriverClick: true, pageLoadStrategy: normal, platform: XP, platformName: XP, platformVersion: 10.0, proxy: Proxy(direct), rotatable: false, timeouts: {implicit: 0, pageLoad: 300000, script: 30000}}
Session ID: 3ee4a586-8e22-4f09-82d6-eaaa611052cf

2020-05-13 15:57:54 - [MESSAGE][PASSED] - Object: 'Object Repository/Denna/User-Login/button login' is clicked on

2020-05-13 15:57:54 - [TEST_STEP][PASSED] - setText(findTestObject("Denna/User-Login/input NPK username"), NPK_Username): Text '14426' is set on object 'Object Repository/Denna/User-Login/input NPK username'

2020-05-13 15:57:55 - [MESSAGE][PASSED] - Text '14426' is set on object 'Object Repository/Denna/User-Login/input NPK username'

2020-05-13 15:57:55 - [TEST_STEP][PASSED] - setText(findTestObject("Denna/User-Login/inputPassword"), Password): Text 'Password2' is set on object 'Object Repository/Denna/User-Login/inputPassword'

2020-05-13 15:57:55 - [MESSAGE][PASSED] - Text 'Password2' is set on object 'Object Repository/Denna/User-Login/inputPassword'

2020-05-13 15:57:55 - [TEST_STEP][PASSED] - click(findTestObject("Denna/User-Login/button login 1 masuk")): Object: 'Object Repository/Denna/User-Login/button login 1 masuk' is clicked on

2020-05-13 15:57:56 - [MESSAGE][PASSED] - Object: 'Object Repository/Denna/User-Login/button login 1 masuk' is clicked on

2020-05-13 15:57:56 - [TEST_STEP][PASSED] - switch (Kondisi): null

2020-05-13 15:57:56 - [TEST_STEP][PASSED] - case "pass":: null

2020-05-13 15:57:56 - [TEST_STEP][PASSED] - verifyElementVisible(findTestObject("Denna/User-Login/button_My Learning IconMy Learning")): Object 'Object Repository/Denna/User-Login/button_My Learning IconMy Learning' is visible

2020-05-13 15:58:06 - [MESSAGE][PASSED] - Object 'Object Repository/Denna/User-Login/button_My Learning IconMy Learning' is visible

2020-05-13 15:58:06 - [TEST_STEP][PASSED] - break: null

2020-05-13 15:58:06 - [TEST_STEP][PASSED] - closeBrowser(): Browser is closed

2020-05-13 15:58:08 - [MESSAGE][PASSED] - Browser is closed]]></system-out>
         <system-err><![CDATA[]]></system-err>
      </testcase>
      <system-out><![CDATA[2020-05-13 15:52:13 - [TEST_SUITE][PASSED] - User-Login: Test Cases/Denna/User - Login]]></system-out>
      <system-err><![CDATA[]]></system-err>
   </testsuite>
</testsuites>
