<?xml version="1.0" encoding="UTF-8"?>
<testsuites name="Admin_Manage FAQ - New FAQ dan Next Page" time="786.822" tests="9" failures="0" errors="0">
   <testsuite name="Admin_Manage FAQ - New FAQ dan Next Page" tests="9" failures="0" errors="0" time="786.822" timestamp="2020-05-27 05:52:11" hostname="asus - LAPTOP-FC1SHEB6" id="Test Suites/Alda/Admin_Manage FAQ - New FAQ dan Next Page">
      <properties>
         <property name="deviceName" value=""/>
         <property name="devicePlatform" value=""/>
         <property name="logFolder" value="C:\\Users\\asus\\git\\LMS27Mei\\Reports\\20200527_055207\\Alda\\Admin_Manage FAQ - New FAQ dan Next Page\\20200527_055207"/>
         <property name="logFiles" value="C:\\Users\\asus\\git\\LMS27Mei\\Reports\\20200527_055207\\Alda\\Admin_Manage FAQ - New FAQ dan Next Page\\20200527_055207\\execution0.log"/>
         <property name="attachments" value=""/>
         <property name="hostName" value="asus - LAPTOP-FC1SHEB6"/>
         <property name="os" value="Windows 10 64bit"/>
         <property name="katalonVersion" value="7.0.7.1"/>
         <property name="browser" value="Chrome 83.0.4103.61"/>
         <property name="hostAddress" value="192.168.100.15"/>
         <property name="sessionId" value="906ba7b962b3b0f2a69c73e4904a7b01"/>
         <property name="seleniumVersion" value="3.141.59"/>
         <property name="proxyInformation" value="ProxyInformation{proxyOption=NO_PROXY, proxyServerType=HTTP, password=, proxyServerAddress=, proxyServerPort=0}"/>
         <property name="platform" value="Windows 10"/>
      </properties>
      <testcase name="Test Cases/Alda/Admin - Manage FAQ/New FAQ" time="89.308" classname="Test Cases/Alda/Admin - Manage FAQ/New FAQ" status="PASSED">
         <system-out><![CDATA[2020-05-27 05:52:12 - [TEST_CASE][PASSED] - Test Cases/Alda/Admin - Manage FAQ/New FAQ: Test Cases/Alda/Admin - Manage FAQ/New FAQ

2020-05-27 05:52:12 - [TEST_STEP][PASSED] - callTestCase(findTestCase("Rizka/Admin/Custom/Admin - Login"), ["username":"11666", "password":"Password3", "rememberMe":"yes", "condition":"passed"], STOP_ON_FAILURE): Call Test Case 'Test Cases/Rizka/Admin/Custom/Admin - Login' successfully

2020-05-27 05:52:13 - [TEST_CASE][PASSED] - Test Cases/Rizka/Admin/Custom/Admin - Login: Test Cases/Rizka/Admin/Custom/Admin - Login

2020-05-27 05:52:13 - [TEST_STEP][PASSED] - openBrowser(""): Browser is opened with url: ''

2020-05-27 05:52:13 - [MESSAGE][INFO] - Starting 'Chrome' driver

2020-05-27 05:52:13 - [MESSAGE][INFO] - Action delay is set to 0 seconds

2020-05-27 05:52:16 - [MESSAGE][PASSED] - Browser is opened with url: ''

2020-05-27 05:52:16 - [TEST_STEP][PASSED] - navigateToUrl("https://appsrv1.deltadatamandiri.com/ACC_LMS_WEB/#/admNLmn"): Navigate to 'https://appsrv1.deltadatamandiri.com/ACC_LMS_WEB/#/admNLmn' successfully

2020-05-27 05:52:29 - [MESSAGE][PASSED] - Navigate to 'https://appsrv1.deltadatamandiri.com/ACC_LMS_WEB/#/admNLmn' successfully

2020-05-27 05:52:29 - [TEST_STEP][PASSED] - maximizeWindow(): Current window maximized

2020-05-27 05:52:30 - [MESSAGE][PASSED] - Current window maximized

2020-05-27 05:52:30 - [TEST_STEP][PASSED] - delay(30): Delayed 30 second(s)

2020-05-27 05:53:00 - [MESSAGE][PASSED] - Delayed 30 second(s)

2020-05-27 05:53:00 - [TEST_STEP][PASSED] - click(findTestObject("Rizka/Admin/Admin - Login/btnLogin")): Object: 'Object Repository/Rizka/Admin/Admin - Login/btnLogin' is clicked on

2020-05-27 05:53:01 - [MESSAGE][PASSED] - Object: 'Object Repository/Rizka/Admin/Admin - Login/btnLogin' is clicked on

2020-05-27 05:53:01 - [TEST_STEP][PASSED] - setText(findTestObject("Rizka/Admin/Admin - Login/txtUsername"), username): Text '11666' is set on object 'Object Repository/Rizka/Admin/Admin - Login/txtUsername'

2020-05-27 05:53:01 - [MESSAGE][PASSED] - Text '11666' is set on object 'Object Repository/Rizka/Admin/Admin - Login/txtUsername'

2020-05-27 05:53:01 - [TEST_STEP][PASSED] - setText(findTestObject("Rizka/Admin/Admin - Login/txtPassword"), password): Text 'Password3' is set on object 'Object Repository/Rizka/Admin/Admin - Login/txtPassword'

2020-05-27 05:53:02 - [MESSAGE][PASSED] - Text 'Password3' is set on object 'Object Repository/Rizka/Admin/Admin - Login/txtPassword'

2020-05-27 05:53:02 - [TEST_STEP][PASSED] - click(findTestObject("Rizka/Admin/Admin - Login/btnEyePass")): Object: 'Object Repository/Rizka/Admin/Admin - Login/btnEyePass' is clicked on

2020-05-27 05:53:02 - [MESSAGE][PASSED] - Object: 'Object Repository/Rizka/Admin/Admin - Login/btnEyePass' is clicked on

2020-05-27 05:53:02 - [TEST_STEP][PASSED] - if (rememberMe == "yes"): Object: 'Object Repository/Rizka/Admin/Admin - Login/checkboxRememberMe' is clicked on

2020-05-27 05:53:02 - [TEST_STEP][PASSED] - click(findTestObject("Rizka/Admin/Admin - Login/checkboxRememberMe")): Object: 'Object Repository/Rizka/Admin/Admin - Login/checkboxRememberMe' is clicked on

2020-05-27 05:53:02 - [MESSAGE][PASSED] - Object: 'Object Repository/Rizka/Admin/Admin - Login/checkboxRememberMe' is clicked on

2020-05-27 05:53:02 - [TEST_STEP][PASSED] - click(findTestObject("Rizka/Admin/Admin - Login/btnLogin2")): Object: 'Object Repository/Rizka/Admin/Admin - Login/btnLogin2' is clicked on

2020-05-27 05:53:03 - [MESSAGE][PASSED] - Object: 'Object Repository/Rizka/Admin/Admin - Login/btnLogin2' is clicked on

2020-05-27 05:53:03 - [TEST_STEP][PASSED] - delay(10): Delayed 10 second(s)

2020-05-27 05:53:13 - [MESSAGE][PASSED] - Delayed 10 second(s)

2020-05-27 05:53:13 - [TEST_STEP][PASSED] - if (condition == "passed"): Object 'Object Repository/Rizka/Admin/Admin - Login/span_Dashboard' is visible

2020-05-27 05:53:13 - [TEST_STEP][PASSED] - verifyElementVisible(findTestObject("Rizka/Admin/Admin - Login/span_Dashboard")): Object 'Object Repository/Rizka/Admin/Admin - Login/span_Dashboard' is visible

2020-05-27 05:53:17 - [MESSAGE][PASSED] - Object 'Object Repository/Rizka/Admin/Admin - Login/span_Dashboard' is visible

2020-05-27 05:53:17 - [MESSAGE][PASSED] - Call Test Case 'Test Cases/Rizka/Admin/Custom/Admin - Login' successfully

2020-05-27 05:53:17 - [TEST_STEP][PASSED] - click(findTestObject("Object Repository/Alda/Admin - Manage FAQ/Page_Dashboard Admin/span_manage_faq")): Object: 'Object Repository/Alda/Admin - Manage FAQ/Page_Dashboard Admin/span_manage_faq' is clicked on

2020-05-27 05:53:17 - [MESSAGE][PASSED] - Object: 'Object Repository/Alda/Admin - Manage FAQ/Page_Dashboard Admin/span_manage_faq' is clicked on

2020-05-27 05:53:17 - [TEST_STEP][PASSED] - click(findTestObject("Object Repository/Alda/Admin - Manage FAQ/Page_Manage Faq/btn_new_faq")): Object: 'Object Repository/Alda/Admin - Manage FAQ/Page_Manage Faq/btn_new_faq' is clicked on

2020-05-27 05:53:20 - [MESSAGE][PASSED] - Object: 'Object Repository/Alda/Admin - Manage FAQ/Page_Manage Faq/btn_new_faq' is clicked on

2020-05-27 05:53:20 - [TEST_STEP][PASSED] - setText(findTestObject("Object Repository/Alda/Admin - Manage FAQ/Page_Manage Faq/input_question"), var_question): Text 'question6' is set on object 'Object Repository/Alda/Admin - Manage FAQ/Page_Manage Faq/input_question'

2020-05-27 05:53:31 - [MESSAGE][PASSED] - Text 'question6' is set on object 'Object Repository/Alda/Admin - Manage FAQ/Page_Manage Faq/input_question'

2020-05-27 05:53:31 - [TEST_STEP][PASSED] - setText(findTestObject("Object Repository/Alda/Admin - Manage FAQ/Page_Manage Faq/input_answer"), var_answer): Text 'answer6' is set on object 'Object Repository/Alda/Admin - Manage FAQ/Page_Manage Faq/input_answer'

2020-05-27 05:53:32 - [MESSAGE][PASSED] - Text 'answer6' is set on object 'Object Repository/Alda/Admin - Manage FAQ/Page_Manage Faq/input_answer'

2020-05-27 05:53:32 - [TEST_STEP][PASSED] - if (optional_gambar == "ya"): Object 'Object Repository/Alda/Admin - Manage FAQ/Page_Manage Faq/alert_success_upload_image' is visible

2020-05-27 05:53:32 - [TEST_STEP][PASSED] - uploadFile(findTestObject("Alda/Admin - Manage FAQ/Page_Manage Faq/input_gambar"), var_gambar, STOP_ON_FAILURE): File 'C:\Users\asus\git\LMS27Mei\gambar_alda.jpg' sent to object: 'Object Repository/Alda/Admin - Manage FAQ/Page_Manage Faq/input_gambar'

2020-05-27 05:53:32 - [MESSAGE][PASSED] - File 'C:\Users\asus\git\LMS27Mei\gambar_alda.jpg' sent to object: 'Object Repository/Alda/Admin - Manage FAQ/Page_Manage Faq/input_gambar'

2020-05-27 05:53:32 - [TEST_STEP][PASSED] - if (expected_image == "success"): Object 'Object Repository/Alda/Admin - Manage FAQ/Page_Manage Faq/alert_success_upload_image' is visible

2020-05-27 05:53:32 - [TEST_STEP][PASSED] - verifyElementVisible(findTestObject("Object Repository/Alda/Admin - Manage FAQ/Page_Manage Faq/alert_success_upload_image")): Object 'Object Repository/Alda/Admin - Manage FAQ/Page_Manage Faq/alert_success_upload_image' is visible

2020-05-27 05:53:33 - [MESSAGE][PASSED] - Object 'Object Repository/Alda/Admin - Manage FAQ/Page_Manage Faq/alert_success_upload_image' is visible

2020-05-27 05:53:33 - [TEST_STEP][PASSED] - if (optional_tag == "ya"): Keys 'ENTER + ' sent to object: 'Object Repository/Alda/Admin - Manage FAQ/Page_Manage Faq/input_tag'

2020-05-27 05:53:33 - [TEST_STEP][PASSED] - click(findTestObject("Object Repository/Alda/Admin - Manage FAQ/Page_Manage Faq/input_tag"), STOP_ON_FAILURE): Object: 'Object Repository/Alda/Admin - Manage FAQ/Page_Manage Faq/input_tag' is clicked on

2020-05-27 05:53:33 - [MESSAGE][PASSED] - Object: 'Object Repository/Alda/Admin - Manage FAQ/Page_Manage Faq/input_tag' is clicked on

2020-05-27 05:53:33 - [TEST_STEP][PASSED] - setText(findTestObject("Object Repository/Alda/Admin - Manage FAQ/Page_Manage Faq/input_tag"), var_tag, STOP_ON_FAILURE): Text 'testing' is set on object 'Object Repository/Alda/Admin - Manage FAQ/Page_Manage Faq/input_tag'

2020-05-27 05:53:34 - [MESSAGE][PASSED] - Text 'testing' is set on object 'Object Repository/Alda/Admin - Manage FAQ/Page_Manage Faq/input_tag'

2020-05-27 05:53:34 - [TEST_STEP][PASSED] - sendKeys(findTestObject("Alda/Admin - Manage FAQ/Page_Manage Faq/input_tag"), Keys.chord(ENTER), STOP_ON_FAILURE): Keys 'ENTER + ' sent to object: 'Object Repository/Alda/Admin - Manage FAQ/Page_Manage Faq/input_tag'

2020-05-27 05:53:35 - [MESSAGE][PASSED] - Keys 'ENTER + ' sent to object: 'Object Repository/Alda/Admin - Manage FAQ/Page_Manage Faq/input_tag'

2020-05-27 05:53:35 - [TEST_STEP][PASSED] - click(findTestObject("Object Repository/Alda/Admin - Manage FAQ/Page_Manage Faq/btn_save")): Object: 'Object Repository/Alda/Admin - Manage FAQ/Page_Manage Faq/btn_save' is clicked on

2020-05-27 05:53:35 - [MESSAGE][PASSED] - Object: 'Object Repository/Alda/Admin - Manage FAQ/Page_Manage Faq/btn_save' is clicked on

2020-05-27 05:53:35 - [TEST_STEP][PASSED] - if (expected_output == "pass"): Object 'Object Repository/Alda/Admin - Manage FAQ/Page_Manage Faq/label_new_faq_success' is visible

2020-05-27 05:53:35 - [TEST_STEP][PASSED] - verifyElementVisible(findTestObject("Alda/Admin - Manage FAQ/Page_Manage Faq/label_new_faq_success", ["text":var_question])): Object 'Object Repository/Alda/Admin - Manage FAQ/Page_Manage Faq/label_new_faq_success' is visible

2020-05-27 05:53:41 - [MESSAGE][PASSED] - Object 'Object Repository/Alda/Admin - Manage FAQ/Page_Manage Faq/label_new_faq_success' is visible]]></system-out>
         <system-err><![CDATA[]]></system-err>
      </testcase>
      <testcase name="Test Cases/Alda/Admin - Manage FAQ/New FAQ" time="87.744" classname="Test Cases/Alda/Admin - Manage FAQ/New FAQ" status="PASSED">
         <system-out><![CDATA[2020-05-27 05:53:41 - [TEST_CASE][PASSED] - Test Cases/Alda/Admin - Manage FAQ/New FAQ: Test Cases/Alda/Admin - Manage FAQ/New FAQ

2020-05-27 05:53:41 - [TEST_STEP][PASSED] - callTestCase(findTestCase("Rizka/Admin/Custom/Admin - Login"), ["username":"11666", "password":"Password3", "rememberMe":"yes", "condition":"passed"], STOP_ON_FAILURE): Call Test Case 'Test Cases/Rizka/Admin/Custom/Admin - Login' successfully

2020-05-27 05:53:41 - [TEST_CASE][PASSED] - Test Cases/Rizka/Admin/Custom/Admin - Login: Test Cases/Rizka/Admin/Custom/Admin - Login

2020-05-27 05:53:41 - [TEST_STEP][PASSED] - openBrowser(""): Browser is opened with url: ''

2020-05-27 05:53:41 - [MESSAGE][WARNING] - A browser is already opened. Closing browser and opening a new one

2020-05-27 05:53:42 - [MESSAGE][INFO] - Starting 'Chrome' driver

2020-05-27 05:53:44 - [MESSAGE][PASSED] - Browser is opened with url: ''

2020-05-27 05:53:44 - [TEST_STEP][PASSED] - navigateToUrl("https://appsrv1.deltadatamandiri.com/ACC_LMS_WEB/#/admNLmn"): Navigate to 'https://appsrv1.deltadatamandiri.com/ACC_LMS_WEB/#/admNLmn' successfully

2020-05-27 05:54:05 - [MESSAGE][PASSED] - Navigate to 'https://appsrv1.deltadatamandiri.com/ACC_LMS_WEB/#/admNLmn' successfully

2020-05-27 05:54:05 - [TEST_STEP][PASSED] - maximizeWindow(): Current window maximized

2020-05-27 05:54:06 - [MESSAGE][PASSED] - Current window maximized

2020-05-27 05:54:06 - [TEST_STEP][PASSED] - delay(30): Delayed 30 second(s)

2020-05-27 05:54:36 - [MESSAGE][PASSED] - Delayed 30 second(s)

2020-05-27 05:54:36 - [TEST_STEP][PASSED] - click(findTestObject("Rizka/Admin/Admin - Login/btnLogin")): Object: 'Object Repository/Rizka/Admin/Admin - Login/btnLogin' is clicked on

2020-05-27 05:54:37 - [MESSAGE][PASSED] - Object: 'Object Repository/Rizka/Admin/Admin - Login/btnLogin' is clicked on

2020-05-27 05:54:37 - [TEST_STEP][PASSED] - setText(findTestObject("Rizka/Admin/Admin - Login/txtUsername"), username): Text '11666' is set on object 'Object Repository/Rizka/Admin/Admin - Login/txtUsername'

2020-05-27 05:54:37 - [MESSAGE][PASSED] - Text '11666' is set on object 'Object Repository/Rizka/Admin/Admin - Login/txtUsername'

2020-05-27 05:54:37 - [TEST_STEP][PASSED] - setText(findTestObject("Rizka/Admin/Admin - Login/txtPassword"), password): Text 'Password3' is set on object 'Object Repository/Rizka/Admin/Admin - Login/txtPassword'

2020-05-27 05:54:38 - [MESSAGE][PASSED] - Text 'Password3' is set on object 'Object Repository/Rizka/Admin/Admin - Login/txtPassword'

2020-05-27 05:54:38 - [TEST_STEP][PASSED] - click(findTestObject("Rizka/Admin/Admin - Login/btnEyePass")): Object: 'Object Repository/Rizka/Admin/Admin - Login/btnEyePass' is clicked on

2020-05-27 05:54:38 - [MESSAGE][PASSED] - Object: 'Object Repository/Rizka/Admin/Admin - Login/btnEyePass' is clicked on

2020-05-27 05:54:38 - [TEST_STEP][PASSED] - if (rememberMe == "yes"): Object: 'Object Repository/Rizka/Admin/Admin - Login/checkboxRememberMe' is clicked on

2020-05-27 05:54:38 - [TEST_STEP][PASSED] - click(findTestObject("Rizka/Admin/Admin - Login/checkboxRememberMe")): Object: 'Object Repository/Rizka/Admin/Admin - Login/checkboxRememberMe' is clicked on

2020-05-27 05:54:39 - [MESSAGE][PASSED] - Object: 'Object Repository/Rizka/Admin/Admin - Login/checkboxRememberMe' is clicked on

2020-05-27 05:54:39 - [TEST_STEP][PASSED] - click(findTestObject("Rizka/Admin/Admin - Login/btnLogin2")): Object: 'Object Repository/Rizka/Admin/Admin - Login/btnLogin2' is clicked on

2020-05-27 05:54:39 - [MESSAGE][PASSED] - Object: 'Object Repository/Rizka/Admin/Admin - Login/btnLogin2' is clicked on

2020-05-27 05:54:39 - [TEST_STEP][PASSED] - delay(10): Delayed 10 second(s)

2020-05-27 05:54:49 - [MESSAGE][PASSED] - Delayed 10 second(s)

2020-05-27 05:54:49 - [TEST_STEP][PASSED] - if (condition == "passed"): Object 'Object Repository/Rizka/Admin/Admin - Login/span_Dashboard' is visible

2020-05-27 05:54:49 - [TEST_STEP][PASSED] - verifyElementVisible(findTestObject("Rizka/Admin/Admin - Login/span_Dashboard")): Object 'Object Repository/Rizka/Admin/Admin - Login/span_Dashboard' is visible

2020-05-27 05:54:53 - [MESSAGE][PASSED] - Object 'Object Repository/Rizka/Admin/Admin - Login/span_Dashboard' is visible

2020-05-27 05:54:53 - [MESSAGE][PASSED] - Call Test Case 'Test Cases/Rizka/Admin/Custom/Admin - Login' successfully

2020-05-27 05:54:53 - [TEST_STEP][PASSED] - click(findTestObject("Object Repository/Alda/Admin - Manage FAQ/Page_Dashboard Admin/span_manage_faq")): Object: 'Object Repository/Alda/Admin - Manage FAQ/Page_Dashboard Admin/span_manage_faq' is clicked on

2020-05-27 05:54:53 - [MESSAGE][PASSED] - Object: 'Object Repository/Alda/Admin - Manage FAQ/Page_Dashboard Admin/span_manage_faq' is clicked on

2020-05-27 05:54:53 - [TEST_STEP][PASSED] - click(findTestObject("Object Repository/Alda/Admin - Manage FAQ/Page_Manage Faq/btn_new_faq")): Object: 'Object Repository/Alda/Admin - Manage FAQ/Page_Manage Faq/btn_new_faq' is clicked on

2020-05-27 05:54:55 - [MESSAGE][PASSED] - Object: 'Object Repository/Alda/Admin - Manage FAQ/Page_Manage Faq/btn_new_faq' is clicked on

2020-05-27 05:54:55 - [TEST_STEP][PASSED] - setText(findTestObject("Object Repository/Alda/Admin - Manage FAQ/Page_Manage Faq/input_question"), var_question): Text 'question7' is set on object 'Object Repository/Alda/Admin - Manage FAQ/Page_Manage Faq/input_question'

2020-05-27 05:55:03 - [MESSAGE][PASSED] - Text 'question7' is set on object 'Object Repository/Alda/Admin - Manage FAQ/Page_Manage Faq/input_question'

2020-05-27 05:55:03 - [TEST_STEP][PASSED] - setText(findTestObject("Object Repository/Alda/Admin - Manage FAQ/Page_Manage Faq/input_answer"), var_answer): Text 'answer7' is set on object 'Object Repository/Alda/Admin - Manage FAQ/Page_Manage Faq/input_answer'

2020-05-27 05:55:03 - [MESSAGE][PASSED] - Text 'answer7' is set on object 'Object Repository/Alda/Admin - Manage FAQ/Page_Manage Faq/input_answer'

2020-05-27 05:55:03 - [TEST_STEP][PASSED] - if (optional_gambar == "ya"): Object 'Object Repository/Alda/Admin - Manage FAQ/Page_Manage Faq/alert_success_upload_image' is visible

2020-05-27 05:55:03 - [TEST_STEP][PASSED] - uploadFile(findTestObject("Alda/Admin - Manage FAQ/Page_Manage Faq/input_gambar"), var_gambar, STOP_ON_FAILURE): File 'C:\Users\asus\git\LMS27Mei\gambar_alda.jpg' sent to object: 'Object Repository/Alda/Admin - Manage FAQ/Page_Manage Faq/input_gambar'

2020-05-27 05:55:04 - [MESSAGE][PASSED] - File 'C:\Users\asus\git\LMS27Mei\gambar_alda.jpg' sent to object: 'Object Repository/Alda/Admin - Manage FAQ/Page_Manage Faq/input_gambar'

2020-05-27 05:55:04 - [TEST_STEP][PASSED] - if (expected_image == "success"): Object 'Object Repository/Alda/Admin - Manage FAQ/Page_Manage Faq/alert_success_upload_image' is visible

2020-05-27 05:55:04 - [TEST_STEP][PASSED] - verifyElementVisible(findTestObject("Object Repository/Alda/Admin - Manage FAQ/Page_Manage Faq/alert_success_upload_image")): Object 'Object Repository/Alda/Admin - Manage FAQ/Page_Manage Faq/alert_success_upload_image' is visible

2020-05-27 05:55:05 - [MESSAGE][PASSED] - Object 'Object Repository/Alda/Admin - Manage FAQ/Page_Manage Faq/alert_success_upload_image' is visible

2020-05-27 05:55:05 - [TEST_STEP][PASSED] - if (optional_tag == "ya"): null

2020-05-27 05:55:05 - [TEST_STEP][PASSED] - click(findTestObject("Object Repository/Alda/Admin - Manage FAQ/Page_Manage Faq/btn_save")): Object: 'Object Repository/Alda/Admin - Manage FAQ/Page_Manage Faq/btn_save' is clicked on

2020-05-27 05:55:05 - [MESSAGE][PASSED] - Object: 'Object Repository/Alda/Admin - Manage FAQ/Page_Manage Faq/btn_save' is clicked on

2020-05-27 05:55:05 - [TEST_STEP][PASSED] - if (expected_output == "pass"): Object 'Object Repository/Alda/Admin - Manage FAQ/Page_Manage Faq/label_new_faq_success' is visible

2020-05-27 05:55:05 - [TEST_STEP][PASSED] - verifyElementVisible(findTestObject("Alda/Admin - Manage FAQ/Page_Manage Faq/label_new_faq_success", ["text":var_question])): Object 'Object Repository/Alda/Admin - Manage FAQ/Page_Manage Faq/label_new_faq_success' is visible

2020-05-27 05:55:09 - [MESSAGE][PASSED] - Object 'Object Repository/Alda/Admin - Manage FAQ/Page_Manage Faq/label_new_faq_success' is visible]]></system-out>
         <system-err><![CDATA[]]></system-err>
      </testcase>
      <testcase name="Test Cases/Alda/Admin - Manage FAQ/New FAQ" time="86.592" classname="Test Cases/Alda/Admin - Manage FAQ/New FAQ" status="PASSED">
         <system-out><![CDATA[2020-05-27 05:55:09 - [TEST_CASE][PASSED] - Test Cases/Alda/Admin - Manage FAQ/New FAQ: Test Cases/Alda/Admin - Manage FAQ/New FAQ

2020-05-27 05:55:09 - [TEST_STEP][PASSED] - callTestCase(findTestCase("Rizka/Admin/Custom/Admin - Login"), ["username":"11666", "password":"Password3", "rememberMe":"yes", "condition":"passed"], STOP_ON_FAILURE): Call Test Case 'Test Cases/Rizka/Admin/Custom/Admin - Login' successfully

2020-05-27 05:55:09 - [TEST_CASE][PASSED] - Test Cases/Rizka/Admin/Custom/Admin - Login: Test Cases/Rizka/Admin/Custom/Admin - Login

2020-05-27 05:55:09 - [TEST_STEP][PASSED] - openBrowser(""): Browser is opened with url: ''

2020-05-27 05:55:09 - [MESSAGE][WARNING] - A browser is already opened. Closing browser and opening a new one

2020-05-27 05:55:10 - [MESSAGE][INFO] - Starting 'Chrome' driver

2020-05-27 05:55:12 - [MESSAGE][PASSED] - Browser is opened with url: ''

2020-05-27 05:55:12 - [TEST_STEP][PASSED] - navigateToUrl("https://appsrv1.deltadatamandiri.com/ACC_LMS_WEB/#/admNLmn"): Navigate to 'https://appsrv1.deltadatamandiri.com/ACC_LMS_WEB/#/admNLmn' successfully

2020-05-27 05:55:28 - [MESSAGE][PASSED] - Navigate to 'https://appsrv1.deltadatamandiri.com/ACC_LMS_WEB/#/admNLmn' successfully

2020-05-27 05:55:28 - [TEST_STEP][PASSED] - maximizeWindow(): Current window maximized

2020-05-27 05:55:29 - [MESSAGE][PASSED] - Current window maximized

2020-05-27 05:55:29 - [TEST_STEP][PASSED] - delay(30): Delayed 30 second(s)

2020-05-27 05:55:59 - [MESSAGE][PASSED] - Delayed 30 second(s)

2020-05-27 05:55:59 - [TEST_STEP][PASSED] - click(findTestObject("Rizka/Admin/Admin - Login/btnLogin")): Object: 'Object Repository/Rizka/Admin/Admin - Login/btnLogin' is clicked on

2020-05-27 05:55:59 - [MESSAGE][PASSED] - Object: 'Object Repository/Rizka/Admin/Admin - Login/btnLogin' is clicked on

2020-05-27 05:55:59 - [TEST_STEP][PASSED] - setText(findTestObject("Rizka/Admin/Admin - Login/txtUsername"), username): Text '11666' is set on object 'Object Repository/Rizka/Admin/Admin - Login/txtUsername'

2020-05-27 05:56:00 - [MESSAGE][PASSED] - Text '11666' is set on object 'Object Repository/Rizka/Admin/Admin - Login/txtUsername'

2020-05-27 05:56:00 - [TEST_STEP][PASSED] - setText(findTestObject("Rizka/Admin/Admin - Login/txtPassword"), password): Text 'Password3' is set on object 'Object Repository/Rizka/Admin/Admin - Login/txtPassword'

2020-05-27 05:56:00 - [MESSAGE][PASSED] - Text 'Password3' is set on object 'Object Repository/Rizka/Admin/Admin - Login/txtPassword'

2020-05-27 05:56:00 - [TEST_STEP][PASSED] - click(findTestObject("Rizka/Admin/Admin - Login/btnEyePass")): Object: 'Object Repository/Rizka/Admin/Admin - Login/btnEyePass' is clicked on

2020-05-27 05:56:01 - [MESSAGE][PASSED] - Object: 'Object Repository/Rizka/Admin/Admin - Login/btnEyePass' is clicked on

2020-05-27 05:56:01 - [TEST_STEP][PASSED] - if (rememberMe == "yes"): Object: 'Object Repository/Rizka/Admin/Admin - Login/checkboxRememberMe' is clicked on

2020-05-27 05:56:01 - [TEST_STEP][PASSED] - click(findTestObject("Rizka/Admin/Admin - Login/checkboxRememberMe")): Object: 'Object Repository/Rizka/Admin/Admin - Login/checkboxRememberMe' is clicked on

2020-05-27 05:56:01 - [MESSAGE][PASSED] - Object: 'Object Repository/Rizka/Admin/Admin - Login/checkboxRememberMe' is clicked on

2020-05-27 05:56:01 - [TEST_STEP][PASSED] - click(findTestObject("Rizka/Admin/Admin - Login/btnLogin2")): Object: 'Object Repository/Rizka/Admin/Admin - Login/btnLogin2' is clicked on

2020-05-27 05:56:01 - [MESSAGE][PASSED] - Object: 'Object Repository/Rizka/Admin/Admin - Login/btnLogin2' is clicked on

2020-05-27 05:56:01 - [TEST_STEP][PASSED] - delay(10): Delayed 10 second(s)

2020-05-27 05:56:11 - [MESSAGE][PASSED] - Delayed 10 second(s)

2020-05-27 05:56:11 - [TEST_STEP][PASSED] - if (condition == "passed"): Object 'Object Repository/Rizka/Admin/Admin - Login/span_Dashboard' is visible

2020-05-27 05:56:11 - [TEST_STEP][PASSED] - verifyElementVisible(findTestObject("Rizka/Admin/Admin - Login/span_Dashboard")): Object 'Object Repository/Rizka/Admin/Admin - Login/span_Dashboard' is visible

2020-05-27 05:56:16 - [MESSAGE][PASSED] - Object 'Object Repository/Rizka/Admin/Admin - Login/span_Dashboard' is visible

2020-05-27 05:56:16 - [MESSAGE][PASSED] - Call Test Case 'Test Cases/Rizka/Admin/Custom/Admin - Login' successfully

2020-05-27 05:56:16 - [TEST_STEP][PASSED] - click(findTestObject("Object Repository/Alda/Admin - Manage FAQ/Page_Dashboard Admin/span_manage_faq")): Object: 'Object Repository/Alda/Admin - Manage FAQ/Page_Dashboard Admin/span_manage_faq' is clicked on

2020-05-27 05:56:17 - [MESSAGE][PASSED] - Object: 'Object Repository/Alda/Admin - Manage FAQ/Page_Dashboard Admin/span_manage_faq' is clicked on

2020-05-27 05:56:17 - [TEST_STEP][PASSED] - click(findTestObject("Object Repository/Alda/Admin - Manage FAQ/Page_Manage Faq/btn_new_faq")): Object: 'Object Repository/Alda/Admin - Manage FAQ/Page_Manage Faq/btn_new_faq' is clicked on

2020-05-27 05:56:19 - [MESSAGE][PASSED] - Object: 'Object Repository/Alda/Admin - Manage FAQ/Page_Manage Faq/btn_new_faq' is clicked on

2020-05-27 05:56:19 - [TEST_STEP][PASSED] - setText(findTestObject("Object Repository/Alda/Admin - Manage FAQ/Page_Manage Faq/input_question"), var_question): Text 'question8' is set on object 'Object Repository/Alda/Admin - Manage FAQ/Page_Manage Faq/input_question'

2020-05-27 05:56:27 - [MESSAGE][PASSED] - Text 'question8' is set on object 'Object Repository/Alda/Admin - Manage FAQ/Page_Manage Faq/input_question'

2020-05-27 05:56:27 - [TEST_STEP][PASSED] - setText(findTestObject("Object Repository/Alda/Admin - Manage FAQ/Page_Manage Faq/input_answer"), var_answer): Text 'answer8' is set on object 'Object Repository/Alda/Admin - Manage FAQ/Page_Manage Faq/input_answer'

2020-05-27 05:56:28 - [MESSAGE][PASSED] - Text 'answer8' is set on object 'Object Repository/Alda/Admin - Manage FAQ/Page_Manage Faq/input_answer'

2020-05-27 05:56:28 - [TEST_STEP][PASSED] - if (optional_gambar == "ya"): null

2020-05-27 05:56:28 - [TEST_STEP][PASSED] - if (optional_tag == "ya"): Keys 'ENTER + ' sent to object: 'Object Repository/Alda/Admin - Manage FAQ/Page_Manage Faq/input_tag'

2020-05-27 05:56:28 - [TEST_STEP][PASSED] - click(findTestObject("Object Repository/Alda/Admin - Manage FAQ/Page_Manage Faq/input_tag"), STOP_ON_FAILURE): Object: 'Object Repository/Alda/Admin - Manage FAQ/Page_Manage Faq/input_tag' is clicked on

2020-05-27 05:56:28 - [MESSAGE][PASSED] - Object: 'Object Repository/Alda/Admin - Manage FAQ/Page_Manage Faq/input_tag' is clicked on

2020-05-27 05:56:28 - [TEST_STEP][PASSED] - setText(findTestObject("Object Repository/Alda/Admin - Manage FAQ/Page_Manage Faq/input_tag"), var_tag, STOP_ON_FAILURE): Text 'ujian' is set on object 'Object Repository/Alda/Admin - Manage FAQ/Page_Manage Faq/input_tag'

2020-05-27 05:56:29 - [MESSAGE][PASSED] - Text 'ujian' is set on object 'Object Repository/Alda/Admin - Manage FAQ/Page_Manage Faq/input_tag'

2020-05-27 05:56:29 - [TEST_STEP][PASSED] - sendKeys(findTestObject("Alda/Admin - Manage FAQ/Page_Manage Faq/input_tag"), Keys.chord(ENTER), STOP_ON_FAILURE): Keys 'ENTER + ' sent to object: 'Object Repository/Alda/Admin - Manage FAQ/Page_Manage Faq/input_tag'

2020-05-27 05:56:29 - [MESSAGE][PASSED] - Keys 'ENTER + ' sent to object: 'Object Repository/Alda/Admin - Manage FAQ/Page_Manage Faq/input_tag'

2020-05-27 05:56:29 - [TEST_STEP][PASSED] - click(findTestObject("Object Repository/Alda/Admin - Manage FAQ/Page_Manage Faq/btn_save")): Object: 'Object Repository/Alda/Admin - Manage FAQ/Page_Manage Faq/btn_save' is clicked on

2020-05-27 05:56:30 - [MESSAGE][PASSED] - Object: 'Object Repository/Alda/Admin - Manage FAQ/Page_Manage Faq/btn_save' is clicked on

2020-05-27 05:56:30 - [TEST_STEP][PASSED] - if (expected_output == "pass"): Object 'Object Repository/Alda/Admin - Manage FAQ/Page_Manage Faq/label_new_faq_success' is visible

2020-05-27 05:56:30 - [TEST_STEP][PASSED] - verifyElementVisible(findTestObject("Alda/Admin - Manage FAQ/Page_Manage Faq/label_new_faq_success", ["text":var_question])): Object 'Object Repository/Alda/Admin - Manage FAQ/Page_Manage Faq/label_new_faq_success' is visible

2020-05-27 05:56:36 - [MESSAGE][PASSED] - Object 'Object Repository/Alda/Admin - Manage FAQ/Page_Manage Faq/label_new_faq_success' is visible]]></system-out>
         <system-err><![CDATA[]]></system-err>
      </testcase>
      <testcase name="Test Cases/Alda/Admin - Manage FAQ/New FAQ" time="85.06" classname="Test Cases/Alda/Admin - Manage FAQ/New FAQ" status="PASSED">
         <system-out><![CDATA[2020-05-27 05:56:36 - [TEST_CASE][PASSED] - Test Cases/Alda/Admin - Manage FAQ/New FAQ: Test Cases/Alda/Admin - Manage FAQ/New FAQ

2020-05-27 05:56:36 - [TEST_STEP][PASSED] - callTestCase(findTestCase("Rizka/Admin/Custom/Admin - Login"), ["username":"11666", "password":"Password3", "rememberMe":"yes", "condition":"passed"], STOP_ON_FAILURE): Call Test Case 'Test Cases/Rizka/Admin/Custom/Admin - Login' successfully

2020-05-27 05:56:36 - [TEST_CASE][PASSED] - Test Cases/Rizka/Admin/Custom/Admin - Login: Test Cases/Rizka/Admin/Custom/Admin - Login

2020-05-27 05:56:36 - [TEST_STEP][PASSED] - openBrowser(""): Browser is opened with url: ''

2020-05-27 05:56:36 - [MESSAGE][WARNING] - A browser is already opened. Closing browser and opening a new one

2020-05-27 05:56:36 - [MESSAGE][INFO] - Starting 'Chrome' driver

2020-05-27 05:56:39 - [MESSAGE][PASSED] - Browser is opened with url: ''

2020-05-27 05:56:39 - [TEST_STEP][PASSED] - navigateToUrl("https://appsrv1.deltadatamandiri.com/ACC_LMS_WEB/#/admNLmn"): Navigate to 'https://appsrv1.deltadatamandiri.com/ACC_LMS_WEB/#/admNLmn' successfully

2020-05-27 05:57:00 - [MESSAGE][PASSED] - Navigate to 'https://appsrv1.deltadatamandiri.com/ACC_LMS_WEB/#/admNLmn' successfully

2020-05-27 05:57:00 - [TEST_STEP][PASSED] - maximizeWindow(): Current window maximized

2020-05-27 05:57:01 - [MESSAGE][PASSED] - Current window maximized

2020-05-27 05:57:01 - [TEST_STEP][PASSED] - delay(30): Delayed 30 second(s)

2020-05-27 05:57:31 - [MESSAGE][PASSED] - Delayed 30 second(s)

2020-05-27 05:57:31 - [TEST_STEP][PASSED] - click(findTestObject("Rizka/Admin/Admin - Login/btnLogin")): Object: 'Object Repository/Rizka/Admin/Admin - Login/btnLogin' is clicked on

2020-05-27 05:57:32 - [MESSAGE][PASSED] - Object: 'Object Repository/Rizka/Admin/Admin - Login/btnLogin' is clicked on

2020-05-27 05:57:32 - [TEST_STEP][PASSED] - setText(findTestObject("Rizka/Admin/Admin - Login/txtUsername"), username): Text '11666' is set on object 'Object Repository/Rizka/Admin/Admin - Login/txtUsername'

2020-05-27 05:57:32 - [MESSAGE][PASSED] - Text '11666' is set on object 'Object Repository/Rizka/Admin/Admin - Login/txtUsername'

2020-05-27 05:57:32 - [TEST_STEP][PASSED] - setText(findTestObject("Rizka/Admin/Admin - Login/txtPassword"), password): Text 'Password3' is set on object 'Object Repository/Rizka/Admin/Admin - Login/txtPassword'

2020-05-27 05:57:33 - [MESSAGE][PASSED] - Text 'Password3' is set on object 'Object Repository/Rizka/Admin/Admin - Login/txtPassword'

2020-05-27 05:57:33 - [TEST_STEP][PASSED] - click(findTestObject("Rizka/Admin/Admin - Login/btnEyePass")): Object: 'Object Repository/Rizka/Admin/Admin - Login/btnEyePass' is clicked on

2020-05-27 05:57:33 - [MESSAGE][PASSED] - Object: 'Object Repository/Rizka/Admin/Admin - Login/btnEyePass' is clicked on

2020-05-27 05:57:33 - [TEST_STEP][PASSED] - if (rememberMe == "yes"): Object: 'Object Repository/Rizka/Admin/Admin - Login/checkboxRememberMe' is clicked on

2020-05-27 05:57:33 - [TEST_STEP][PASSED] - click(findTestObject("Rizka/Admin/Admin - Login/checkboxRememberMe")): Object: 'Object Repository/Rizka/Admin/Admin - Login/checkboxRememberMe' is clicked on

2020-05-27 05:57:33 - [MESSAGE][PASSED] - Object: 'Object Repository/Rizka/Admin/Admin - Login/checkboxRememberMe' is clicked on

2020-05-27 05:57:33 - [TEST_STEP][PASSED] - click(findTestObject("Rizka/Admin/Admin - Login/btnLogin2")): Object: 'Object Repository/Rizka/Admin/Admin - Login/btnLogin2' is clicked on

2020-05-27 05:57:34 - [MESSAGE][PASSED] - Object: 'Object Repository/Rizka/Admin/Admin - Login/btnLogin2' is clicked on

2020-05-27 05:57:34 - [TEST_STEP][PASSED] - delay(10): Delayed 10 second(s)

2020-05-27 05:57:44 - [MESSAGE][PASSED] - Delayed 10 second(s)

2020-05-27 05:57:44 - [TEST_STEP][PASSED] - if (condition == "passed"): Object 'Object Repository/Rizka/Admin/Admin - Login/span_Dashboard' is visible

2020-05-27 05:57:44 - [TEST_STEP][PASSED] - verifyElementVisible(findTestObject("Rizka/Admin/Admin - Login/span_Dashboard")): Object 'Object Repository/Rizka/Admin/Admin - Login/span_Dashboard' is visible

2020-05-27 05:57:46 - [MESSAGE][PASSED] - Object 'Object Repository/Rizka/Admin/Admin - Login/span_Dashboard' is visible

2020-05-27 05:57:46 - [MESSAGE][PASSED] - Call Test Case 'Test Cases/Rizka/Admin/Custom/Admin - Login' successfully

2020-05-27 05:57:46 - [TEST_STEP][PASSED] - click(findTestObject("Object Repository/Alda/Admin - Manage FAQ/Page_Dashboard Admin/span_manage_faq")): Object: 'Object Repository/Alda/Admin - Manage FAQ/Page_Dashboard Admin/span_manage_faq' is clicked on

2020-05-27 05:57:46 - [MESSAGE][PASSED] - Object: 'Object Repository/Alda/Admin - Manage FAQ/Page_Dashboard Admin/span_manage_faq' is clicked on

2020-05-27 05:57:46 - [TEST_STEP][PASSED] - click(findTestObject("Object Repository/Alda/Admin - Manage FAQ/Page_Manage Faq/btn_new_faq")): Object: 'Object Repository/Alda/Admin - Manage FAQ/Page_Manage Faq/btn_new_faq' is clicked on

2020-05-27 05:57:48 - [MESSAGE][PASSED] - Object: 'Object Repository/Alda/Admin - Manage FAQ/Page_Manage Faq/btn_new_faq' is clicked on

2020-05-27 05:57:48 - [TEST_STEP][PASSED] - setText(findTestObject("Object Repository/Alda/Admin - Manage FAQ/Page_Manage Faq/input_question"), var_question): Text 'question9' is set on object 'Object Repository/Alda/Admin - Manage FAQ/Page_Manage Faq/input_question'

2020-05-27 05:57:56 - [MESSAGE][PASSED] - Text 'question9' is set on object 'Object Repository/Alda/Admin - Manage FAQ/Page_Manage Faq/input_question'

2020-05-27 05:57:56 - [TEST_STEP][PASSED] - setText(findTestObject("Object Repository/Alda/Admin - Manage FAQ/Page_Manage Faq/input_answer"), var_answer): Text 'answer9' is set on object 'Object Repository/Alda/Admin - Manage FAQ/Page_Manage Faq/input_answer'

2020-05-27 05:57:56 - [MESSAGE][PASSED] - Text 'answer9' is set on object 'Object Repository/Alda/Admin - Manage FAQ/Page_Manage Faq/input_answer'

2020-05-27 05:57:56 - [TEST_STEP][PASSED] - if (optional_gambar == "ya"): null

2020-05-27 05:57:56 - [TEST_STEP][PASSED] - if (optional_tag == "ya"): null

2020-05-27 05:57:56 - [TEST_STEP][PASSED] - click(findTestObject("Object Repository/Alda/Admin - Manage FAQ/Page_Manage Faq/btn_save")): Object: 'Object Repository/Alda/Admin - Manage FAQ/Page_Manage Faq/btn_save' is clicked on

2020-05-27 05:57:56 - [MESSAGE][PASSED] - Object: 'Object Repository/Alda/Admin - Manage FAQ/Page_Manage Faq/btn_save' is clicked on

2020-05-27 05:57:57 - [TEST_STEP][PASSED] - if (expected_output == "pass"): Object 'Object Repository/Alda/Admin - Manage FAQ/Page_Manage Faq/label_new_faq_success' is visible

2020-05-27 05:57:57 - [TEST_STEP][PASSED] - verifyElementVisible(findTestObject("Alda/Admin - Manage FAQ/Page_Manage Faq/label_new_faq_success", ["text":var_question])): Object 'Object Repository/Alda/Admin - Manage FAQ/Page_Manage Faq/label_new_faq_success' is visible

2020-05-27 05:58:01 - [MESSAGE][PASSED] - Object 'Object Repository/Alda/Admin - Manage FAQ/Page_Manage Faq/label_new_faq_success' is visible]]></system-out>
         <system-err><![CDATA[]]></system-err>
      </testcase>
      <testcase name="Test Cases/Alda/Admin - Manage FAQ/New FAQ" time="103.267" classname="Test Cases/Alda/Admin - Manage FAQ/New FAQ" status="PASSED">
         <system-out><![CDATA[2020-05-27 05:58:01 - [TEST_CASE][PASSED] - Test Cases/Alda/Admin - Manage FAQ/New FAQ: Test Cases/Alda/Admin - Manage FAQ/New FAQ

2020-05-27 05:58:01 - [TEST_STEP][PASSED] - callTestCase(findTestCase("Rizka/Admin/Custom/Admin - Login"), ["username":"11666", "password":"Password3", "rememberMe":"yes", "condition":"passed"], STOP_ON_FAILURE): Call Test Case 'Test Cases/Rizka/Admin/Custom/Admin - Login' successfully

2020-05-27 05:58:01 - [TEST_CASE][PASSED] - Test Cases/Rizka/Admin/Custom/Admin - Login: Test Cases/Rizka/Admin/Custom/Admin - Login

2020-05-27 05:58:01 - [TEST_STEP][PASSED] - openBrowser(""): Browser is opened with url: ''

2020-05-27 05:58:01 - [MESSAGE][WARNING] - A browser is already opened. Closing browser and opening a new one

2020-05-27 05:58:02 - [MESSAGE][INFO] - Starting 'Chrome' driver

2020-05-27 05:58:04 - [MESSAGE][PASSED] - Browser is opened with url: ''

2020-05-27 05:58:04 - [TEST_STEP][PASSED] - navigateToUrl("https://appsrv1.deltadatamandiri.com/ACC_LMS_WEB/#/admNLmn"): Navigate to 'https://appsrv1.deltadatamandiri.com/ACC_LMS_WEB/#/admNLmn' successfully

2020-05-27 05:58:44 - [MESSAGE][PASSED] - Navigate to 'https://appsrv1.deltadatamandiri.com/ACC_LMS_WEB/#/admNLmn' successfully

2020-05-27 05:58:44 - [TEST_STEP][PASSED] - maximizeWindow(): Current window maximized

2020-05-27 05:58:45 - [MESSAGE][PASSED] - Current window maximized

2020-05-27 05:58:45 - [TEST_STEP][PASSED] - delay(30): Delayed 30 second(s)

2020-05-27 05:59:15 - [MESSAGE][PASSED] - Delayed 30 second(s)

2020-05-27 05:59:15 - [TEST_STEP][PASSED] - click(findTestObject("Rizka/Admin/Admin - Login/btnLogin")): Object: 'Object Repository/Rizka/Admin/Admin - Login/btnLogin' is clicked on

2020-05-27 05:59:16 - [MESSAGE][PASSED] - Object: 'Object Repository/Rizka/Admin/Admin - Login/btnLogin' is clicked on

2020-05-27 05:59:16 - [TEST_STEP][PASSED] - setText(findTestObject("Rizka/Admin/Admin - Login/txtUsername"), username): Text '11666' is set on object 'Object Repository/Rizka/Admin/Admin - Login/txtUsername'

2020-05-27 05:59:16 - [MESSAGE][PASSED] - Text '11666' is set on object 'Object Repository/Rizka/Admin/Admin - Login/txtUsername'

2020-05-27 05:59:16 - [TEST_STEP][PASSED] - setText(findTestObject("Rizka/Admin/Admin - Login/txtPassword"), password): Text 'Password3' is set on object 'Object Repository/Rizka/Admin/Admin - Login/txtPassword'

2020-05-27 05:59:17 - [MESSAGE][PASSED] - Text 'Password3' is set on object 'Object Repository/Rizka/Admin/Admin - Login/txtPassword'

2020-05-27 05:59:17 - [TEST_STEP][PASSED] - click(findTestObject("Rizka/Admin/Admin - Login/btnEyePass")): Object: 'Object Repository/Rizka/Admin/Admin - Login/btnEyePass' is clicked on

2020-05-27 05:59:17 - [MESSAGE][PASSED] - Object: 'Object Repository/Rizka/Admin/Admin - Login/btnEyePass' is clicked on

2020-05-27 05:59:17 - [TEST_STEP][PASSED] - if (rememberMe == "yes"): Object: 'Object Repository/Rizka/Admin/Admin - Login/checkboxRememberMe' is clicked on

2020-05-27 05:59:17 - [TEST_STEP][PASSED] - click(findTestObject("Rizka/Admin/Admin - Login/checkboxRememberMe")): Object: 'Object Repository/Rizka/Admin/Admin - Login/checkboxRememberMe' is clicked on

2020-05-27 05:59:17 - [MESSAGE][PASSED] - Object: 'Object Repository/Rizka/Admin/Admin - Login/checkboxRememberMe' is clicked on

2020-05-27 05:59:17 - [TEST_STEP][PASSED] - click(findTestObject("Rizka/Admin/Admin - Login/btnLogin2")): Object: 'Object Repository/Rizka/Admin/Admin - Login/btnLogin2' is clicked on

2020-05-27 05:59:18 - [MESSAGE][PASSED] - Object: 'Object Repository/Rizka/Admin/Admin - Login/btnLogin2' is clicked on

2020-05-27 05:59:18 - [TEST_STEP][PASSED] - delay(10): Delayed 10 second(s)

2020-05-27 05:59:28 - [MESSAGE][PASSED] - Delayed 10 second(s)

2020-05-27 05:59:28 - [TEST_STEP][PASSED] - if (condition == "passed"): Object 'Object Repository/Rizka/Admin/Admin - Login/span_Dashboard' is visible

2020-05-27 05:59:28 - [TEST_STEP][PASSED] - verifyElementVisible(findTestObject("Rizka/Admin/Admin - Login/span_Dashboard")): Object 'Object Repository/Rizka/Admin/Admin - Login/span_Dashboard' is visible

2020-05-27 05:59:32 - [MESSAGE][PASSED] - Object 'Object Repository/Rizka/Admin/Admin - Login/span_Dashboard' is visible

2020-05-27 05:59:32 - [MESSAGE][PASSED] - Call Test Case 'Test Cases/Rizka/Admin/Custom/Admin - Login' successfully

2020-05-27 05:59:32 - [TEST_STEP][PASSED] - click(findTestObject("Object Repository/Alda/Admin - Manage FAQ/Page_Dashboard Admin/span_manage_faq")): Object: 'Object Repository/Alda/Admin - Manage FAQ/Page_Dashboard Admin/span_manage_faq' is clicked on

2020-05-27 05:59:33 - [MESSAGE][PASSED] - Object: 'Object Repository/Alda/Admin - Manage FAQ/Page_Dashboard Admin/span_manage_faq' is clicked on

2020-05-27 05:59:33 - [TEST_STEP][PASSED] - click(findTestObject("Object Repository/Alda/Admin - Manage FAQ/Page_Manage Faq/btn_new_faq")): Object: 'Object Repository/Alda/Admin - Manage FAQ/Page_Manage Faq/btn_new_faq' is clicked on

2020-05-27 05:59:35 - [MESSAGE][PASSED] - Object: 'Object Repository/Alda/Admin - Manage FAQ/Page_Manage Faq/btn_new_faq' is clicked on

2020-05-27 05:59:35 - [TEST_STEP][PASSED] - setText(findTestObject("Object Repository/Alda/Admin - Manage FAQ/Page_Manage Faq/input_question"), var_question): Text 'question10' is set on object 'Object Repository/Alda/Admin - Manage FAQ/Page_Manage Faq/input_question'

2020-05-27 05:59:42 - [MESSAGE][PASSED] - Text 'question10' is set on object 'Object Repository/Alda/Admin - Manage FAQ/Page_Manage Faq/input_question'

2020-05-27 05:59:42 - [TEST_STEP][PASSED] - setText(findTestObject("Object Repository/Alda/Admin - Manage FAQ/Page_Manage Faq/input_answer"), var_answer): Text 'answer10' is set on object 'Object Repository/Alda/Admin - Manage FAQ/Page_Manage Faq/input_answer'

2020-05-27 05:59:43 - [MESSAGE][PASSED] - Text 'answer10' is set on object 'Object Repository/Alda/Admin - Manage FAQ/Page_Manage Faq/input_answer'

2020-05-27 05:59:43 - [TEST_STEP][PASSED] - if (optional_gambar == "ya"): Object 'Object Repository/Alda/Admin - Manage FAQ/Page_Manage Faq/alert_error_upload_image' is visible

2020-05-27 05:59:43 - [TEST_STEP][PASSED] - uploadFile(findTestObject("Alda/Admin - Manage FAQ/Page_Manage Faq/input_gambar"), var_gambar, STOP_ON_FAILURE): File 'C:\Users\asus\git\LMS27Mei\gambar_alda.gif' sent to object: 'Object Repository/Alda/Admin - Manage FAQ/Page_Manage Faq/input_gambar'

2020-05-27 05:59:43 - [MESSAGE][PASSED] - File 'C:\Users\asus\git\LMS27Mei\gambar_alda.gif' sent to object: 'Object Repository/Alda/Admin - Manage FAQ/Page_Manage Faq/input_gambar'

2020-05-27 05:59:43 - [TEST_STEP][PASSED] - if (expected_image == "success"): null

2020-05-27 05:59:43 - [TEST_STEP][PASSED] - else if (expected_image == "error"): Object 'Object Repository/Alda/Admin - Manage FAQ/Page_Manage Faq/alert_error_upload_image' is visible

2020-05-27 05:59:43 - [TEST_STEP][PASSED] - verifyElementVisible(findTestObject("Object Repository/Alda/Admin - Manage FAQ/Page_Manage Faq/alert_error_upload_image")): Object 'Object Repository/Alda/Admin - Manage FAQ/Page_Manage Faq/alert_error_upload_image' is visible

2020-05-27 05:59:44 - [MESSAGE][PASSED] - Object 'Object Repository/Alda/Admin - Manage FAQ/Page_Manage Faq/alert_error_upload_image' is visible

2020-05-27 05:59:44 - [TEST_STEP][PASSED] - if (optional_tag == "ya"): null

2020-05-27 05:59:44 - [TEST_STEP][PASSED] - click(findTestObject("Object Repository/Alda/Admin - Manage FAQ/Page_Manage Faq/btn_save")): Object: 'Object Repository/Alda/Admin - Manage FAQ/Page_Manage Faq/btn_save' is clicked on

2020-05-27 05:59:44 - [MESSAGE][PASSED] - Object: 'Object Repository/Alda/Admin - Manage FAQ/Page_Manage Faq/btn_save' is clicked on

2020-05-27 05:59:44 - [TEST_STEP][PASSED] - if (expected_output == "pass"): null]]></system-out>
         <system-err><![CDATA[]]></system-err>
      </testcase>
      <testcase name="Test Cases/Alda/Admin - Manage FAQ/New FAQ" time="78.545" classname="Test Cases/Alda/Admin - Manage FAQ/New FAQ" status="PASSED">
         <system-out><![CDATA[2020-05-27 05:59:44 - [TEST_CASE][PASSED] - Test Cases/Alda/Admin - Manage FAQ/New FAQ: Test Cases/Alda/Admin - Manage FAQ/New FAQ

2020-05-27 05:59:44 - [TEST_STEP][PASSED] - callTestCase(findTestCase("Rizka/Admin/Custom/Admin - Login"), ["username":"11666", "password":"Password3", "rememberMe":"yes", "condition":"passed"], STOP_ON_FAILURE): Call Test Case 'Test Cases/Rizka/Admin/Custom/Admin - Login' successfully

2020-05-27 05:59:44 - [TEST_CASE][PASSED] - Test Cases/Rizka/Admin/Custom/Admin - Login: Test Cases/Rizka/Admin/Custom/Admin - Login

2020-05-27 05:59:44 - [TEST_STEP][PASSED] - openBrowser(""): Browser is opened with url: ''

2020-05-27 05:59:44 - [MESSAGE][WARNING] - A browser is already opened. Closing browser and opening a new one

2020-05-27 05:59:45 - [MESSAGE][INFO] - Starting 'Chrome' driver

2020-05-27 05:59:48 - [MESSAGE][PASSED] - Browser is opened with url: ''

2020-05-27 05:59:48 - [TEST_STEP][PASSED] - navigateToUrl("https://appsrv1.deltadatamandiri.com/ACC_LMS_WEB/#/admNLmn"): Navigate to 'https://appsrv1.deltadatamandiri.com/ACC_LMS_WEB/#/admNLmn' successfully

2020-05-27 06:00:02 - [MESSAGE][PASSED] - Navigate to 'https://appsrv1.deltadatamandiri.com/ACC_LMS_WEB/#/admNLmn' successfully

2020-05-27 06:00:02 - [TEST_STEP][PASSED] - maximizeWindow(): Current window maximized

2020-05-27 06:00:03 - [MESSAGE][PASSED] - Current window maximized

2020-05-27 06:00:03 - [TEST_STEP][PASSED] - delay(30): Delayed 30 second(s)

2020-05-27 06:00:33 - [MESSAGE][PASSED] - Delayed 30 second(s)

2020-05-27 06:00:33 - [TEST_STEP][PASSED] - click(findTestObject("Rizka/Admin/Admin - Login/btnLogin")): Object: 'Object Repository/Rizka/Admin/Admin - Login/btnLogin' is clicked on

2020-05-27 06:00:34 - [MESSAGE][PASSED] - Object: 'Object Repository/Rizka/Admin/Admin - Login/btnLogin' is clicked on

2020-05-27 06:00:34 - [TEST_STEP][PASSED] - setText(findTestObject("Rizka/Admin/Admin - Login/txtUsername"), username): Text '11666' is set on object 'Object Repository/Rizka/Admin/Admin - Login/txtUsername'

2020-05-27 06:00:34 - [MESSAGE][PASSED] - Text '11666' is set on object 'Object Repository/Rizka/Admin/Admin - Login/txtUsername'

2020-05-27 06:00:34 - [TEST_STEP][PASSED] - setText(findTestObject("Rizka/Admin/Admin - Login/txtPassword"), password): Text 'Password3' is set on object 'Object Repository/Rizka/Admin/Admin - Login/txtPassword'

2020-05-27 06:00:35 - [MESSAGE][PASSED] - Text 'Password3' is set on object 'Object Repository/Rizka/Admin/Admin - Login/txtPassword'

2020-05-27 06:00:35 - [TEST_STEP][PASSED] - click(findTestObject("Rizka/Admin/Admin - Login/btnEyePass")): Object: 'Object Repository/Rizka/Admin/Admin - Login/btnEyePass' is clicked on

2020-05-27 06:00:35 - [MESSAGE][PASSED] - Object: 'Object Repository/Rizka/Admin/Admin - Login/btnEyePass' is clicked on

2020-05-27 06:00:35 - [TEST_STEP][PASSED] - if (rememberMe == "yes"): Object: 'Object Repository/Rizka/Admin/Admin - Login/checkboxRememberMe' is clicked on

2020-05-27 06:00:35 - [TEST_STEP][PASSED] - click(findTestObject("Rizka/Admin/Admin - Login/checkboxRememberMe")): Object: 'Object Repository/Rizka/Admin/Admin - Login/checkboxRememberMe' is clicked on

2020-05-27 06:00:35 - [MESSAGE][PASSED] - Object: 'Object Repository/Rizka/Admin/Admin - Login/checkboxRememberMe' is clicked on

2020-05-27 06:00:35 - [TEST_STEP][PASSED] - click(findTestObject("Rizka/Admin/Admin - Login/btnLogin2")): Object: 'Object Repository/Rizka/Admin/Admin - Login/btnLogin2' is clicked on

2020-05-27 06:00:36 - [MESSAGE][PASSED] - Object: 'Object Repository/Rizka/Admin/Admin - Login/btnLogin2' is clicked on

2020-05-27 06:00:36 - [TEST_STEP][PASSED] - delay(10): Delayed 10 second(s)

2020-05-27 06:00:46 - [MESSAGE][PASSED] - Delayed 10 second(s)

2020-05-27 06:00:46 - [TEST_STEP][PASSED] - if (condition == "passed"): Object 'Object Repository/Rizka/Admin/Admin - Login/span_Dashboard' is visible

2020-05-27 06:00:46 - [TEST_STEP][PASSED] - verifyElementVisible(findTestObject("Rizka/Admin/Admin - Login/span_Dashboard")): Object 'Object Repository/Rizka/Admin/Admin - Login/span_Dashboard' is visible

2020-05-27 06:00:50 - [MESSAGE][PASSED] - Object 'Object Repository/Rizka/Admin/Admin - Login/span_Dashboard' is visible

2020-05-27 06:00:50 - [MESSAGE][PASSED] - Call Test Case 'Test Cases/Rizka/Admin/Custom/Admin - Login' successfully

2020-05-27 06:00:50 - [TEST_STEP][PASSED] - click(findTestObject("Object Repository/Alda/Admin - Manage FAQ/Page_Dashboard Admin/span_manage_faq")): Object: 'Object Repository/Alda/Admin - Manage FAQ/Page_Dashboard Admin/span_manage_faq' is clicked on

2020-05-27 06:00:50 - [MESSAGE][PASSED] - Object: 'Object Repository/Alda/Admin - Manage FAQ/Page_Dashboard Admin/span_manage_faq' is clicked on

2020-05-27 06:00:50 - [TEST_STEP][PASSED] - click(findTestObject("Object Repository/Alda/Admin - Manage FAQ/Page_Manage Faq/btn_new_faq")): Object: 'Object Repository/Alda/Admin - Manage FAQ/Page_Manage Faq/btn_new_faq' is clicked on

2020-05-27 06:00:52 - [MESSAGE][PASSED] - Object: 'Object Repository/Alda/Admin - Manage FAQ/Page_Manage Faq/btn_new_faq' is clicked on

2020-05-27 06:00:52 - [TEST_STEP][PASSED] - setText(findTestObject("Object Repository/Alda/Admin - Manage FAQ/Page_Manage Faq/input_question"), var_question): Text '' is set on object 'Object Repository/Alda/Admin - Manage FAQ/Page_Manage Faq/input_question'

2020-05-27 06:01:01 - [MESSAGE][PASSED] - Text '' is set on object 'Object Repository/Alda/Admin - Manage FAQ/Page_Manage Faq/input_question'

2020-05-27 06:01:01 - [TEST_STEP][PASSED] - setText(findTestObject("Object Repository/Alda/Admin - Manage FAQ/Page_Manage Faq/input_answer"), var_answer): Text '' is set on object 'Object Repository/Alda/Admin - Manage FAQ/Page_Manage Faq/input_answer'

2020-05-27 06:01:01 - [MESSAGE][PASSED] - Text '' is set on object 'Object Repository/Alda/Admin - Manage FAQ/Page_Manage Faq/input_answer'

2020-05-27 06:01:01 - [TEST_STEP][PASSED] - if (optional_gambar == "ya"): null

2020-05-27 06:01:01 - [TEST_STEP][PASSED] - if (optional_tag == "ya"): null

2020-05-27 06:01:01 - [TEST_STEP][PASSED] - click(findTestObject("Object Repository/Alda/Admin - Manage FAQ/Page_Manage Faq/btn_save")): Object: 'Object Repository/Alda/Admin - Manage FAQ/Page_Manage Faq/btn_save' is clicked on

2020-05-27 06:01:02 - [MESSAGE][PASSED] - Object: 'Object Repository/Alda/Admin - Manage FAQ/Page_Manage Faq/btn_save' is clicked on

2020-05-27 06:01:02 - [TEST_STEP][PASSED] - if (expected_output == "pass"): null

2020-05-27 06:01:02 - [TEST_STEP][PASSED] - else if (expected_output == "fail"): Object: 'Object Repository/Alda/Admin - Manage FAQ/Page_Manage Faq/btn_ok_error' is clicked on

2020-05-27 06:01:02 - [TEST_STEP][PASSED] - verifyElementVisible(findTestObject("Alda/Admin - Manage FAQ/Page_Manage Faq/alert_error_new_faq")): Object 'Object Repository/Alda/Admin - Manage FAQ/Page_Manage Faq/alert_error_new_faq' is visible

2020-05-27 06:01:02 - [MESSAGE][PASSED] - Object 'Object Repository/Alda/Admin - Manage FAQ/Page_Manage Faq/alert_error_new_faq' is visible

2020-05-27 06:01:02 - [TEST_STEP][PASSED] - click(findTestObject("Alda/Admin - Manage FAQ/Page_Manage Faq/btn_ok_error")): Object: 'Object Repository/Alda/Admin - Manage FAQ/Page_Manage Faq/btn_ok_error' is clicked on

2020-05-27 06:01:03 - [MESSAGE][PASSED] - Object: 'Object Repository/Alda/Admin - Manage FAQ/Page_Manage Faq/btn_ok_error' is clicked on]]></system-out>
         <system-err><![CDATA[]]></system-err>
      </testcase>
      <testcase name="Test Cases/Alda/Admin - Manage FAQ/New FAQ" time="85.37" classname="Test Cases/Alda/Admin - Manage FAQ/New FAQ" status="PASSED">
         <system-out><![CDATA[2020-05-27 06:01:03 - [TEST_CASE][PASSED] - Test Cases/Alda/Admin - Manage FAQ/New FAQ: Test Cases/Alda/Admin - Manage FAQ/New FAQ

2020-05-27 06:01:03 - [TEST_STEP][PASSED] - callTestCase(findTestCase("Rizka/Admin/Custom/Admin - Login"), ["username":"11666", "password":"Password3", "rememberMe":"yes", "condition":"passed"], STOP_ON_FAILURE): Call Test Case 'Test Cases/Rizka/Admin/Custom/Admin - Login' successfully

2020-05-27 06:01:03 - [TEST_CASE][PASSED] - Test Cases/Rizka/Admin/Custom/Admin - Login: Test Cases/Rizka/Admin/Custom/Admin - Login

2020-05-27 06:01:03 - [TEST_STEP][PASSED] - openBrowser(""): Browser is opened with url: ''

2020-05-27 06:01:03 - [MESSAGE][WARNING] - A browser is already opened. Closing browser and opening a new one

2020-05-27 06:01:03 - [MESSAGE][INFO] - Starting 'Chrome' driver

2020-05-27 06:01:06 - [MESSAGE][PASSED] - Browser is opened with url: ''

2020-05-27 06:01:06 - [TEST_STEP][PASSED] - navigateToUrl("https://appsrv1.deltadatamandiri.com/ACC_LMS_WEB/#/admNLmn"): Navigate to 'https://appsrv1.deltadatamandiri.com/ACC_LMS_WEB/#/admNLmn' successfully

2020-05-27 06:01:26 - [MESSAGE][PASSED] - Navigate to 'https://appsrv1.deltadatamandiri.com/ACC_LMS_WEB/#/admNLmn' successfully

2020-05-27 06:01:26 - [TEST_STEP][PASSED] - maximizeWindow(): Current window maximized

2020-05-27 06:01:27 - [MESSAGE][PASSED] - Current window maximized

2020-05-27 06:01:27 - [TEST_STEP][PASSED] - delay(30): Delayed 30 second(s)

2020-05-27 06:01:57 - [MESSAGE][PASSED] - Delayed 30 second(s)

2020-05-27 06:01:57 - [TEST_STEP][PASSED] - click(findTestObject("Rizka/Admin/Admin - Login/btnLogin")): Object: 'Object Repository/Rizka/Admin/Admin - Login/btnLogin' is clicked on

2020-05-27 06:01:58 - [MESSAGE][PASSED] - Object: 'Object Repository/Rizka/Admin/Admin - Login/btnLogin' is clicked on

2020-05-27 06:01:58 - [TEST_STEP][PASSED] - setText(findTestObject("Rizka/Admin/Admin - Login/txtUsername"), username): Text '11666' is set on object 'Object Repository/Rizka/Admin/Admin - Login/txtUsername'

2020-05-27 06:01:58 - [MESSAGE][PASSED] - Text '11666' is set on object 'Object Repository/Rizka/Admin/Admin - Login/txtUsername'

2020-05-27 06:01:58 - [TEST_STEP][PASSED] - setText(findTestObject("Rizka/Admin/Admin - Login/txtPassword"), password): Text 'Password3' is set on object 'Object Repository/Rizka/Admin/Admin - Login/txtPassword'

2020-05-27 06:01:59 - [MESSAGE][PASSED] - Text 'Password3' is set on object 'Object Repository/Rizka/Admin/Admin - Login/txtPassword'

2020-05-27 06:01:59 - [TEST_STEP][PASSED] - click(findTestObject("Rizka/Admin/Admin - Login/btnEyePass")): Object: 'Object Repository/Rizka/Admin/Admin - Login/btnEyePass' is clicked on

2020-05-27 06:01:59 - [MESSAGE][PASSED] - Object: 'Object Repository/Rizka/Admin/Admin - Login/btnEyePass' is clicked on

2020-05-27 06:01:59 - [TEST_STEP][PASSED] - if (rememberMe == "yes"): Object: 'Object Repository/Rizka/Admin/Admin - Login/checkboxRememberMe' is clicked on

2020-05-27 06:01:59 - [TEST_STEP][PASSED] - click(findTestObject("Rizka/Admin/Admin - Login/checkboxRememberMe")): Object: 'Object Repository/Rizka/Admin/Admin - Login/checkboxRememberMe' is clicked on

2020-05-27 06:01:59 - [MESSAGE][PASSED] - Object: 'Object Repository/Rizka/Admin/Admin - Login/checkboxRememberMe' is clicked on

2020-05-27 06:01:59 - [TEST_STEP][PASSED] - click(findTestObject("Rizka/Admin/Admin - Login/btnLogin2")): Object: 'Object Repository/Rizka/Admin/Admin - Login/btnLogin2' is clicked on

2020-05-27 06:02:00 - [MESSAGE][PASSED] - Object: 'Object Repository/Rizka/Admin/Admin - Login/btnLogin2' is clicked on

2020-05-27 06:02:00 - [TEST_STEP][PASSED] - delay(10): Delayed 10 second(s)

2020-05-27 06:02:10 - [MESSAGE][PASSED] - Delayed 10 second(s)

2020-05-27 06:02:10 - [TEST_STEP][PASSED] - if (condition == "passed"): Object 'Object Repository/Rizka/Admin/Admin - Login/span_Dashboard' is visible

2020-05-27 06:02:10 - [TEST_STEP][PASSED] - verifyElementVisible(findTestObject("Rizka/Admin/Admin - Login/span_Dashboard")): Object 'Object Repository/Rizka/Admin/Admin - Login/span_Dashboard' is visible

2020-05-27 06:02:15 - [MESSAGE][PASSED] - Object 'Object Repository/Rizka/Admin/Admin - Login/span_Dashboard' is visible

2020-05-27 06:02:15 - [MESSAGE][PASSED] - Call Test Case 'Test Cases/Rizka/Admin/Custom/Admin - Login' successfully

2020-05-27 06:02:15 - [TEST_STEP][PASSED] - click(findTestObject("Object Repository/Alda/Admin - Manage FAQ/Page_Dashboard Admin/span_manage_faq")): Object: 'Object Repository/Alda/Admin - Manage FAQ/Page_Dashboard Admin/span_manage_faq' is clicked on

2020-05-27 06:02:16 - [MESSAGE][PASSED] - Object: 'Object Repository/Alda/Admin - Manage FAQ/Page_Dashboard Admin/span_manage_faq' is clicked on

2020-05-27 06:02:16 - [TEST_STEP][PASSED] - click(findTestObject("Object Repository/Alda/Admin - Manage FAQ/Page_Manage Faq/btn_new_faq")): Object: 'Object Repository/Alda/Admin - Manage FAQ/Page_Manage Faq/btn_new_faq' is clicked on

2020-05-27 06:02:17 - [MESSAGE][PASSED] - Object: 'Object Repository/Alda/Admin - Manage FAQ/Page_Manage Faq/btn_new_faq' is clicked on

2020-05-27 06:02:17 - [TEST_STEP][PASSED] - setText(findTestObject("Object Repository/Alda/Admin - Manage FAQ/Page_Manage Faq/input_question"), var_question): Text 'question10' is set on object 'Object Repository/Alda/Admin - Manage FAQ/Page_Manage Faq/input_question'

2020-05-27 06:02:25 - [MESSAGE][PASSED] - Text 'question10' is set on object 'Object Repository/Alda/Admin - Manage FAQ/Page_Manage Faq/input_question'

2020-05-27 06:02:25 - [TEST_STEP][PASSED] - setText(findTestObject("Object Repository/Alda/Admin - Manage FAQ/Page_Manage Faq/input_answer"), var_answer): Text '' is set on object 'Object Repository/Alda/Admin - Manage FAQ/Page_Manage Faq/input_answer'

2020-05-27 06:02:25 - [MESSAGE][PASSED] - Text '' is set on object 'Object Repository/Alda/Admin - Manage FAQ/Page_Manage Faq/input_answer'

2020-05-27 06:02:25 - [TEST_STEP][PASSED] - if (optional_gambar == "ya"): Object 'Object Repository/Alda/Admin - Manage FAQ/Page_Manage Faq/alert_success_upload_image' is visible

2020-05-27 06:02:25 - [TEST_STEP][PASSED] - uploadFile(findTestObject("Alda/Admin - Manage FAQ/Page_Manage Faq/input_gambar"), var_gambar, STOP_ON_FAILURE): File 'C:\Users\asus\git\LMS27Mei\gambar_alda.jpg' sent to object: 'Object Repository/Alda/Admin - Manage FAQ/Page_Manage Faq/input_gambar'

2020-05-27 06:02:26 - [MESSAGE][PASSED] - File 'C:\Users\asus\git\LMS27Mei\gambar_alda.jpg' sent to object: 'Object Repository/Alda/Admin - Manage FAQ/Page_Manage Faq/input_gambar'

2020-05-27 06:02:26 - [TEST_STEP][PASSED] - if (expected_image == "success"): Object 'Object Repository/Alda/Admin - Manage FAQ/Page_Manage Faq/alert_success_upload_image' is visible

2020-05-27 06:02:26 - [TEST_STEP][PASSED] - verifyElementVisible(findTestObject("Object Repository/Alda/Admin - Manage FAQ/Page_Manage Faq/alert_success_upload_image")): Object 'Object Repository/Alda/Admin - Manage FAQ/Page_Manage Faq/alert_success_upload_image' is visible

2020-05-27 06:02:27 - [MESSAGE][PASSED] - Object 'Object Repository/Alda/Admin - Manage FAQ/Page_Manage Faq/alert_success_upload_image' is visible

2020-05-27 06:02:27 - [TEST_STEP][PASSED] - if (optional_tag == "ya"): null

2020-05-27 06:02:27 - [TEST_STEP][PASSED] - click(findTestObject("Object Repository/Alda/Admin - Manage FAQ/Page_Manage Faq/btn_save")): Object: 'Object Repository/Alda/Admin - Manage FAQ/Page_Manage Faq/btn_save' is clicked on

2020-05-27 06:02:27 - [MESSAGE][PASSED] - Object: 'Object Repository/Alda/Admin - Manage FAQ/Page_Manage Faq/btn_save' is clicked on

2020-05-27 06:02:27 - [TEST_STEP][PASSED] - if (expected_output == "pass"): null

2020-05-27 06:02:27 - [TEST_STEP][PASSED] - else if (expected_output == "fail"): Object: 'Object Repository/Alda/Admin - Manage FAQ/Page_Manage Faq/btn_ok_error' is clicked on

2020-05-27 06:02:27 - [TEST_STEP][PASSED] - verifyElementVisible(findTestObject("Alda/Admin - Manage FAQ/Page_Manage Faq/alert_error_new_faq")): Object 'Object Repository/Alda/Admin - Manage FAQ/Page_Manage Faq/alert_error_new_faq' is visible

2020-05-27 06:02:28 - [MESSAGE][PASSED] - Object 'Object Repository/Alda/Admin - Manage FAQ/Page_Manage Faq/alert_error_new_faq' is visible

2020-05-27 06:02:28 - [TEST_STEP][PASSED] - click(findTestObject("Alda/Admin - Manage FAQ/Page_Manage Faq/btn_ok_error")): Object: 'Object Repository/Alda/Admin - Manage FAQ/Page_Manage Faq/btn_ok_error' is clicked on

2020-05-27 06:02:28 - [MESSAGE][PASSED] - Object: 'Object Repository/Alda/Admin - Manage FAQ/Page_Manage Faq/btn_ok_error' is clicked on]]></system-out>
         <system-err><![CDATA[]]></system-err>
      </testcase>
      <testcase name="Test Cases/Alda/Admin - Manage FAQ/New FAQ" time="90.252" classname="Test Cases/Alda/Admin - Manage FAQ/New FAQ" status="PASSED">
         <system-out><![CDATA[2020-05-27 06:02:28 - [TEST_CASE][PASSED] - Test Cases/Alda/Admin - Manage FAQ/New FAQ: Test Cases/Alda/Admin - Manage FAQ/New FAQ

2020-05-27 06:02:28 - [TEST_STEP][PASSED] - callTestCase(findTestCase("Rizka/Admin/Custom/Admin - Login"), ["username":"11666", "password":"Password3", "rememberMe":"yes", "condition":"passed"], STOP_ON_FAILURE): Call Test Case 'Test Cases/Rizka/Admin/Custom/Admin - Login' successfully

2020-05-27 06:02:28 - [TEST_CASE][PASSED] - Test Cases/Rizka/Admin/Custom/Admin - Login: Test Cases/Rizka/Admin/Custom/Admin - Login

2020-05-27 06:02:28 - [TEST_STEP][PASSED] - openBrowser(""): Browser is opened with url: ''

2020-05-27 06:02:28 - [MESSAGE][WARNING] - A browser is already opened. Closing browser and opening a new one

2020-05-27 06:02:29 - [MESSAGE][INFO] - Starting 'Chrome' driver

2020-05-27 06:02:31 - [MESSAGE][PASSED] - Browser is opened with url: ''

2020-05-27 06:02:31 - [TEST_STEP][PASSED] - navigateToUrl("https://appsrv1.deltadatamandiri.com/ACC_LMS_WEB/#/admNLmn"): Navigate to 'https://appsrv1.deltadatamandiri.com/ACC_LMS_WEB/#/admNLmn' successfully

2020-05-27 06:02:59 - [MESSAGE][PASSED] - Navigate to 'https://appsrv1.deltadatamandiri.com/ACC_LMS_WEB/#/admNLmn' successfully

2020-05-27 06:02:59 - [TEST_STEP][PASSED] - maximizeWindow(): Current window maximized

2020-05-27 06:03:00 - [MESSAGE][PASSED] - Current window maximized

2020-05-27 06:03:00 - [TEST_STEP][PASSED] - delay(30): Delayed 30 second(s)

2020-05-27 06:03:30 - [MESSAGE][PASSED] - Delayed 30 second(s)

2020-05-27 06:03:30 - [TEST_STEP][PASSED] - click(findTestObject("Rizka/Admin/Admin - Login/btnLogin")): Object: 'Object Repository/Rizka/Admin/Admin - Login/btnLogin' is clicked on

2020-05-27 06:03:31 - [MESSAGE][PASSED] - Object: 'Object Repository/Rizka/Admin/Admin - Login/btnLogin' is clicked on

2020-05-27 06:03:31 - [TEST_STEP][PASSED] - setText(findTestObject("Rizka/Admin/Admin - Login/txtUsername"), username): Text '11666' is set on object 'Object Repository/Rizka/Admin/Admin - Login/txtUsername'

2020-05-27 06:03:31 - [MESSAGE][PASSED] - Text '11666' is set on object 'Object Repository/Rizka/Admin/Admin - Login/txtUsername'

2020-05-27 06:03:31 - [TEST_STEP][PASSED] - setText(findTestObject("Rizka/Admin/Admin - Login/txtPassword"), password): Text 'Password3' is set on object 'Object Repository/Rizka/Admin/Admin - Login/txtPassword'

2020-05-27 06:03:32 - [MESSAGE][PASSED] - Text 'Password3' is set on object 'Object Repository/Rizka/Admin/Admin - Login/txtPassword'

2020-05-27 06:03:32 - [TEST_STEP][PASSED] - click(findTestObject("Rizka/Admin/Admin - Login/btnEyePass")): Object: 'Object Repository/Rizka/Admin/Admin - Login/btnEyePass' is clicked on

2020-05-27 06:03:32 - [MESSAGE][PASSED] - Object: 'Object Repository/Rizka/Admin/Admin - Login/btnEyePass' is clicked on

2020-05-27 06:03:32 - [TEST_STEP][PASSED] - if (rememberMe == "yes"): Object: 'Object Repository/Rizka/Admin/Admin - Login/checkboxRememberMe' is clicked on

2020-05-27 06:03:32 - [TEST_STEP][PASSED] - click(findTestObject("Rizka/Admin/Admin - Login/checkboxRememberMe")): Object: 'Object Repository/Rizka/Admin/Admin - Login/checkboxRememberMe' is clicked on

2020-05-27 06:03:33 - [MESSAGE][PASSED] - Object: 'Object Repository/Rizka/Admin/Admin - Login/checkboxRememberMe' is clicked on

2020-05-27 06:03:33 - [TEST_STEP][PASSED] - click(findTestObject("Rizka/Admin/Admin - Login/btnLogin2")): Object: 'Object Repository/Rizka/Admin/Admin - Login/btnLogin2' is clicked on

2020-05-27 06:03:33 - [MESSAGE][PASSED] - Object: 'Object Repository/Rizka/Admin/Admin - Login/btnLogin2' is clicked on

2020-05-27 06:03:33 - [TEST_STEP][PASSED] - delay(10): Delayed 10 second(s)

2020-05-27 06:03:43 - [MESSAGE][PASSED] - Delayed 10 second(s)

2020-05-27 06:03:43 - [TEST_STEP][PASSED] - if (condition == "passed"): Object 'Object Repository/Rizka/Admin/Admin - Login/span_Dashboard' is visible

2020-05-27 06:03:43 - [TEST_STEP][PASSED] - verifyElementVisible(findTestObject("Rizka/Admin/Admin - Login/span_Dashboard")): Object 'Object Repository/Rizka/Admin/Admin - Login/span_Dashboard' is visible

2020-05-27 06:03:45 - [MESSAGE][PASSED] - Object 'Object Repository/Rizka/Admin/Admin - Login/span_Dashboard' is visible

2020-05-27 06:03:45 - [MESSAGE][PASSED] - Call Test Case 'Test Cases/Rizka/Admin/Custom/Admin - Login' successfully

2020-05-27 06:03:45 - [TEST_STEP][PASSED] - click(findTestObject("Object Repository/Alda/Admin - Manage FAQ/Page_Dashboard Admin/span_manage_faq")): Object: 'Object Repository/Alda/Admin - Manage FAQ/Page_Dashboard Admin/span_manage_faq' is clicked on

2020-05-27 06:03:45 - [MESSAGE][PASSED] - Object: 'Object Repository/Alda/Admin - Manage FAQ/Page_Dashboard Admin/span_manage_faq' is clicked on

2020-05-27 06:03:45 - [TEST_STEP][PASSED] - click(findTestObject("Object Repository/Alda/Admin - Manage FAQ/Page_Manage Faq/btn_new_faq")): Object: 'Object Repository/Alda/Admin - Manage FAQ/Page_Manage Faq/btn_new_faq' is clicked on

2020-05-27 06:03:47 - [MESSAGE][PASSED] - Object: 'Object Repository/Alda/Admin - Manage FAQ/Page_Manage Faq/btn_new_faq' is clicked on

2020-05-27 06:03:47 - [TEST_STEP][PASSED] - setText(findTestObject("Object Repository/Alda/Admin - Manage FAQ/Page_Manage Faq/input_question"), var_question): Text '' is set on object 'Object Repository/Alda/Admin - Manage FAQ/Page_Manage Faq/input_question'

2020-05-27 06:03:55 - [MESSAGE][PASSED] - Text '' is set on object 'Object Repository/Alda/Admin - Manage FAQ/Page_Manage Faq/input_question'

2020-05-27 06:03:55 - [TEST_STEP][PASSED] - setText(findTestObject("Object Repository/Alda/Admin - Manage FAQ/Page_Manage Faq/input_answer"), var_answer): Text 'answer10' is set on object 'Object Repository/Alda/Admin - Manage FAQ/Page_Manage Faq/input_answer'

2020-05-27 06:03:55 - [MESSAGE][PASSED] - Text 'answer10' is set on object 'Object Repository/Alda/Admin - Manage FAQ/Page_Manage Faq/input_answer'

2020-05-27 06:03:55 - [TEST_STEP][PASSED] - if (optional_gambar == "ya"): null

2020-05-27 06:03:55 - [TEST_STEP][PASSED] - if (optional_tag == "ya"): Keys 'ENTER + ' sent to object: 'Object Repository/Alda/Admin - Manage FAQ/Page_Manage Faq/input_tag'

2020-05-27 06:03:55 - [TEST_STEP][PASSED] - click(findTestObject("Object Repository/Alda/Admin - Manage FAQ/Page_Manage Faq/input_tag"), STOP_ON_FAILURE): Object: 'Object Repository/Alda/Admin - Manage FAQ/Page_Manage Faq/input_tag' is clicked on

2020-05-27 06:03:55 - [MESSAGE][PASSED] - Object: 'Object Repository/Alda/Admin - Manage FAQ/Page_Manage Faq/input_tag' is clicked on

2020-05-27 06:03:55 - [TEST_STEP][PASSED] - setText(findTestObject("Object Repository/Alda/Admin - Manage FAQ/Page_Manage Faq/input_tag"), var_tag, STOP_ON_FAILURE): Text 'test' is set on object 'Object Repository/Alda/Admin - Manage FAQ/Page_Manage Faq/input_tag'

2020-05-27 06:03:56 - [MESSAGE][PASSED] - Text 'test' is set on object 'Object Repository/Alda/Admin - Manage FAQ/Page_Manage Faq/input_tag'

2020-05-27 06:03:56 - [TEST_STEP][PASSED] - sendKeys(findTestObject("Alda/Admin - Manage FAQ/Page_Manage Faq/input_tag"), Keys.chord(ENTER), STOP_ON_FAILURE): Keys 'ENTER + ' sent to object: 'Object Repository/Alda/Admin - Manage FAQ/Page_Manage Faq/input_tag'

2020-05-27 06:03:57 - [MESSAGE][PASSED] - Keys 'ENTER + ' sent to object: 'Object Repository/Alda/Admin - Manage FAQ/Page_Manage Faq/input_tag'

2020-05-27 06:03:57 - [TEST_STEP][PASSED] - click(findTestObject("Object Repository/Alda/Admin - Manage FAQ/Page_Manage Faq/btn_save")): Object: 'Object Repository/Alda/Admin - Manage FAQ/Page_Manage Faq/btn_save' is clicked on

2020-05-27 06:03:57 - [MESSAGE][PASSED] - Object: 'Object Repository/Alda/Admin - Manage FAQ/Page_Manage Faq/btn_save' is clicked on

2020-05-27 06:03:57 - [TEST_STEP][PASSED] - if (expected_output == "pass"): null

2020-05-27 06:03:57 - [TEST_STEP][PASSED] - else if (expected_output == "fail"): Object: 'Object Repository/Alda/Admin - Manage FAQ/Page_Manage Faq/btn_ok_error' is clicked on

2020-05-27 06:03:57 - [TEST_STEP][PASSED] - verifyElementVisible(findTestObject("Alda/Admin - Manage FAQ/Page_Manage Faq/alert_error_new_faq")): Object 'Object Repository/Alda/Admin - Manage FAQ/Page_Manage Faq/alert_error_new_faq' is visible

2020-05-27 06:03:58 - [MESSAGE][PASSED] - Object 'Object Repository/Alda/Admin - Manage FAQ/Page_Manage Faq/alert_error_new_faq' is visible

2020-05-27 06:03:58 - [TEST_STEP][PASSED] - click(findTestObject("Alda/Admin - Manage FAQ/Page_Manage Faq/btn_ok_error")): Object: 'Object Repository/Alda/Admin - Manage FAQ/Page_Manage Faq/btn_ok_error' is clicked on

2020-05-27 06:03:58 - [MESSAGE][PASSED] - Object: 'Object Repository/Alda/Admin - Manage FAQ/Page_Manage Faq/btn_ok_error' is clicked on]]></system-out>
         <system-err><![CDATA[]]></system-err>
      </testcase>
      <testcase name="Test Cases/Alda/Admin - Manage FAQ/Next Page" time="79.255" classname="Test Cases/Alda/Admin - Manage FAQ/Next Page" status="PASSED">
         <system-out><![CDATA[2020-05-27 06:03:58 - [TEST_CASE][PASSED] - Test Cases/Alda/Admin - Manage FAQ/Next Page: Test Cases/Alda/Admin - Manage FAQ/Next Page

2020-05-27 06:03:59 - [TEST_STEP][PASSED] - callTestCase(findTestCase("Rizka/Admin/Custom/Admin - Login"), ["username":"11666", "password":"Password3", "rememberMe":"yes", "condition":"passed"], STOP_ON_FAILURE): Call Test Case 'Test Cases/Rizka/Admin/Custom/Admin - Login' successfully

2020-05-27 06:03:59 - [TEST_CASE][PASSED] - Test Cases/Rizka/Admin/Custom/Admin - Login: Test Cases/Rizka/Admin/Custom/Admin - Login

2020-05-27 06:03:59 - [TEST_STEP][PASSED] - openBrowser(""): Browser is opened with url: ''

2020-05-27 06:03:59 - [MESSAGE][WARNING] - A browser is already opened. Closing browser and opening a new one

2020-05-27 06:03:59 - [MESSAGE][INFO] - Starting 'Chrome' driver

2020-05-27 06:04:02 - [MESSAGE][PASSED] - Browser is opened with url: ''

2020-05-27 06:04:02 - [TEST_STEP][PASSED] - navigateToUrl("https://appsrv1.deltadatamandiri.com/ACC_LMS_WEB/#/admNLmn"): Navigate to 'https://appsrv1.deltadatamandiri.com/ACC_LMS_WEB/#/admNLmn' successfully

2020-05-27 06:04:20 - [MESSAGE][PASSED] - Navigate to 'https://appsrv1.deltadatamandiri.com/ACC_LMS_WEB/#/admNLmn' successfully

2020-05-27 06:04:20 - [TEST_STEP][PASSED] - maximizeWindow(): Current window maximized

2020-05-27 06:04:21 - [MESSAGE][PASSED] - Current window maximized

2020-05-27 06:04:21 - [TEST_STEP][PASSED] - delay(30): Delayed 30 second(s)

2020-05-27 06:04:51 - [MESSAGE][PASSED] - Delayed 30 second(s)

2020-05-27 06:04:51 - [TEST_STEP][PASSED] - click(findTestObject("Rizka/Admin/Admin - Login/btnLogin")): Object: 'Object Repository/Rizka/Admin/Admin - Login/btnLogin' is clicked on

2020-05-27 06:04:52 - [MESSAGE][PASSED] - Object: 'Object Repository/Rizka/Admin/Admin - Login/btnLogin' is clicked on

2020-05-27 06:04:52 - [TEST_STEP][PASSED] - setText(findTestObject("Rizka/Admin/Admin - Login/txtUsername"), username): Text '11666' is set on object 'Object Repository/Rizka/Admin/Admin - Login/txtUsername'

2020-05-27 06:04:52 - [MESSAGE][PASSED] - Text '11666' is set on object 'Object Repository/Rizka/Admin/Admin - Login/txtUsername'

2020-05-27 06:04:52 - [TEST_STEP][PASSED] - setText(findTestObject("Rizka/Admin/Admin - Login/txtPassword"), password): Text 'Password3' is set on object 'Object Repository/Rizka/Admin/Admin - Login/txtPassword'

2020-05-27 06:04:53 - [MESSAGE][PASSED] - Text 'Password3' is set on object 'Object Repository/Rizka/Admin/Admin - Login/txtPassword'

2020-05-27 06:04:53 - [TEST_STEP][PASSED] - click(findTestObject("Rizka/Admin/Admin - Login/btnEyePass")): Object: 'Object Repository/Rizka/Admin/Admin - Login/btnEyePass' is clicked on

2020-05-27 06:04:53 - [MESSAGE][PASSED] - Object: 'Object Repository/Rizka/Admin/Admin - Login/btnEyePass' is clicked on

2020-05-27 06:04:53 - [TEST_STEP][PASSED] - if (rememberMe == "yes"): Object: 'Object Repository/Rizka/Admin/Admin - Login/checkboxRememberMe' is clicked on

2020-05-27 06:04:53 - [TEST_STEP][PASSED] - click(findTestObject("Rizka/Admin/Admin - Login/checkboxRememberMe")): Object: 'Object Repository/Rizka/Admin/Admin - Login/checkboxRememberMe' is clicked on

2020-05-27 06:04:54 - [MESSAGE][PASSED] - Object: 'Object Repository/Rizka/Admin/Admin - Login/checkboxRememberMe' is clicked on

2020-05-27 06:04:54 - [TEST_STEP][PASSED] - click(findTestObject("Rizka/Admin/Admin - Login/btnLogin2")): Object: 'Object Repository/Rizka/Admin/Admin - Login/btnLogin2' is clicked on

2020-05-27 06:04:54 - [MESSAGE][PASSED] - Object: 'Object Repository/Rizka/Admin/Admin - Login/btnLogin2' is clicked on

2020-05-27 06:04:54 - [TEST_STEP][PASSED] - delay(10): Delayed 10 second(s)

2020-05-27 06:05:04 - [MESSAGE][PASSED] - Delayed 10 second(s)

2020-05-27 06:05:04 - [TEST_STEP][PASSED] - if (condition == "passed"): Object 'Object Repository/Rizka/Admin/Admin - Login/span_Dashboard' is visible

2020-05-27 06:05:04 - [TEST_STEP][PASSED] - verifyElementVisible(findTestObject("Rizka/Admin/Admin - Login/span_Dashboard")): Object 'Object Repository/Rizka/Admin/Admin - Login/span_Dashboard' is visible

2020-05-27 06:05:07 - [MESSAGE][PASSED] - Object 'Object Repository/Rizka/Admin/Admin - Login/span_Dashboard' is visible

2020-05-27 06:05:07 - [MESSAGE][PASSED] - Call Test Case 'Test Cases/Rizka/Admin/Custom/Admin - Login' successfully

2020-05-27 06:05:07 - [TEST_STEP][PASSED] - click(findTestObject("Object Repository/Alda/Admin - Manage FAQ/Page_Dashboard Admin/span_manage_faq")): Object: 'Object Repository/Alda/Admin - Manage FAQ/Page_Dashboard Admin/span_manage_faq' is clicked on

2020-05-27 06:05:07 - [MESSAGE][PASSED] - Object: 'Object Repository/Alda/Admin - Manage FAQ/Page_Dashboard Admin/span_manage_faq' is clicked on

2020-05-27 06:05:07 - [TEST_STEP][PASSED] - delay(5): Delayed 5 second(s)

2020-05-27 06:05:12 - [MESSAGE][PASSED] - Delayed 5 second(s)

2020-05-27 06:05:12 - [TEST_STEP][PASSED] - scrollToElement(findTestObject("Alda/Admin - Manage FAQ/Page_Manage Faq/next_page_1"), 0): Scroll to object 'Object Repository/Alda/Admin - Manage FAQ/Page_Manage Faq/next_page_1' successfully

2020-05-27 06:05:12 - [MESSAGE][WARNING] - Timeout '0' is invalid. Using default page load timeout: '30'

2020-05-27 06:05:17 - [MESSAGE][PASSED] - Scroll to object 'Object Repository/Alda/Admin - Manage FAQ/Page_Manage Faq/next_page_1' successfully

2020-05-27 06:05:17 - [TEST_STEP][PASSED] - click(findTestObject("Object Repository/Alda/Admin - Manage FAQ/Page_Manage Faq/next_page_2")): Object: 'Object Repository/Alda/Admin - Manage FAQ/Page_Manage Faq/next_page_2' is clicked on

2020-05-27 06:05:17 - [MESSAGE][PASSED] - Object: 'Object Repository/Alda/Admin - Manage FAQ/Page_Manage Faq/next_page_2' is clicked on

2020-05-27 06:05:17 - [TEST_STEP][PASSED] - verifyElementClickable(findTestObject("Alda/Admin - Manage FAQ/Page_Manage Faq/previous_page")): Object 'Object Repository/Alda/Admin - Manage FAQ/Page_Manage Faq/previous_page' is clickable

2020-05-27 06:05:18 - [MESSAGE][PASSED] - Object 'Object Repository/Alda/Admin - Manage FAQ/Page_Manage Faq/previous_page' is clickable]]></system-out>
         <system-err><![CDATA[]]></system-err>
      </testcase>
      <system-out><![CDATA[2020-05-27 05:52:11 - [TEST_SUITE][PASSED] - Admin_Manage FAQ - New FAQ dan Next Page: Test Cases/Alda/Admin - Manage FAQ/Next Page]]></system-out>
      <system-err><![CDATA[]]></system-err>
   </testsuite>
</testsuites>
