<?xml version="1.0" encoding="UTF-8"?>
<testsuites name="Admin_Manage FAQ - Edit" time="1561.745" tests="12" failures="8" errors="0">
   <testsuite name="Admin_Manage FAQ - Edit" tests="12" failures="8" errors="0" time="1561.745" timestamp="2020-05-28 03:37:35" hostname="asus - LAPTOP-FC1SHEB6" id="Test Suites/Alda/Admin_Manage FAQ - Edit">
      <properties>
         <property name="deviceName" value=""/>
         <property name="devicePlatform" value=""/>
         <property name="logFolder" value="C:\\Users\\asus\\git\\LMS27Mei\\Reports\\20200528_033725\\Alda\\Admin_Manage FAQ - Edit\\20200528_033725"/>
         <property name="logFiles" value="C:\\Users\\asus\\git\\LMS27Mei\\Reports\\20200528_033725\\Alda\\Admin_Manage FAQ - Edit\\20200528_033725\\execution0.log"/>
         <property name="attachments" value="C:\\Users\\asus\\git\\LMS27Mei\\Reports\\20200528_033725\\Alda\\Admin_Manage FAQ - Edit\\20200528_033725\\1590612193080.png, C:\\Users\\asus\\git\\LMS27Mei\\Reports\\20200528_033725\\Alda\\Admin_Manage FAQ - Edit\\20200528_033725\\1590612193406.png, C:\\Users\\asus\\git\\LMS27Mei\\Reports\\20200528_033725\\Alda\\Admin_Manage FAQ - Edit\\20200528_033725\\1590612334634.png, C:\\Users\\asus\\git\\LMS27Mei\\Reports\\20200528_033725\\Alda\\Admin_Manage FAQ - Edit\\20200528_033725\\1590612334904.png, C:\\Users\\asus\\git\\LMS27Mei\\Reports\\20200528_033725\\Alda\\Admin_Manage FAQ - Edit\\20200528_033725\\1590612486245.png, C:\\Users\\asus\\git\\LMS27Mei\\Reports\\20200528_033725\\Alda\\Admin_Manage FAQ - Edit\\20200528_033725\\1590612486519.png, C:\\Users\\asus\\git\\LMS27Mei\\Reports\\20200528_033725\\Alda\\Admin_Manage FAQ - Edit\\20200528_033725\\1590612625800.png, C:\\Users\\asus\\git\\LMS27Mei\\Reports\\20200528_033725\\Alda\\Admin_Manage FAQ - Edit\\20200528_033725\\1590612626077.png, C:\\Users\\asus\\git\\LMS27Mei\\Reports\\20200528_033725\\Alda\\Admin_Manage FAQ - Edit\\20200528_033725\\1590612876891.png, C:\\Users\\asus\\git\\LMS27Mei\\Reports\\20200528_033725\\Alda\\Admin_Manage FAQ - Edit\\20200528_033725\\1590612877177.png, C:\\Users\\asus\\git\\LMS27Mei\\Reports\\20200528_033725\\Alda\\Admin_Manage FAQ - Edit\\20200528_033725\\1590612994073.png, C:\\Users\\asus\\git\\LMS27Mei\\Reports\\20200528_033725\\Alda\\Admin_Manage FAQ - Edit\\20200528_033725\\1590612994334.png, C:\\Users\\asus\\git\\LMS27Mei\\Reports\\20200528_033725\\Alda\\Admin_Manage FAQ - Edit\\20200528_033725\\1590613151992.png, C:\\Users\\asus\\git\\LMS27Mei\\Reports\\20200528_033725\\Alda\\Admin_Manage FAQ - Edit\\20200528_033725\\1590613158299.png, C:\\Users\\asus\\git\\LMS27Mei\\Reports\\20200528_033725\\Alda\\Admin_Manage FAQ - Edit\\20200528_033725\\1590613415082.png, C:\\Users\\asus\\git\\LMS27Mei\\Reports\\20200528_033725\\Alda\\Admin_Manage FAQ - Edit\\20200528_033725\\1590613415399.png"/>
         <property name="hostName" value="asus - LAPTOP-FC1SHEB6"/>
         <property name="os" value="Windows 10 64bit"/>
         <property name="katalonVersion" value="7.0.7.1"/>
         <property name="browser" value="Chrome 83.0.4103.61"/>
         <property name="hostAddress" value="192.168.100.15"/>
         <property name="sessionId" value="651aa2a812d38a5a25a83e6a68f0fa75"/>
         <property name="seleniumVersion" value="3.141.59"/>
         <property name="proxyInformation" value="ProxyInformation{proxyOption=NO_PROXY, proxyServerType=HTTP, password=, proxyServerAddress=, proxyServerPort=0}"/>
         <property name="platform" value="Windows 10"/>
      </properties>
      <testcase name="Test Cases/Alda/Admin - Manage FAQ/Edit" time="106.361" classname="Test Cases/Alda/Admin - Manage FAQ/Edit" status="PASSED">
         <system-out><![CDATA[2020-05-28 03:37:36 - [TEST_CASE][PASSED] - Test Cases/Alda/Admin - Manage FAQ/Edit: Test Cases/Alda/Admin - Manage FAQ/Edit

2020-05-28 03:37:36 - [TEST_STEP][PASSED] - callTestCase(findTestCase("Alda/Admin - Manage FAQ/Search"), ["var_search":var_search, "expected_output":""], STOP_ON_FAILURE): Call Test Case 'Test Cases/Alda/Admin - Manage FAQ/Search' successfully

2020-05-28 03:37:36 - [TEST_CASE][PASSED] - Test Cases/Alda/Admin - Manage FAQ/Search: Test Cases/Alda/Admin - Manage FAQ/Search

2020-05-28 03:37:37 - [TEST_STEP][PASSED] - callTestCase(findTestCase("Rizka/Admin/Custom/Admin - Login"), ["username":"11666", "password":"Password3", "rememberMe":"yes", "condition":"passed"], STOP_ON_FAILURE): Call Test Case 'Test Cases/Rizka/Admin/Custom/Admin - Login' successfully

2020-05-28 03:37:37 - [TEST_CASE][PASSED] - Test Cases/Rizka/Admin/Custom/Admin - Login: Test Cases/Rizka/Admin/Custom/Admin - Login

2020-05-28 03:37:37 - [TEST_STEP][PASSED] - openBrowser(""): Browser is opened with url: ''

2020-05-28 03:37:37 - [MESSAGE][INFO] - Starting 'Chrome' driver

2020-05-28 03:37:37 - [MESSAGE][INFO] - Action delay is set to 0 seconds

2020-05-28 03:37:41 - [MESSAGE][PASSED] - Browser is opened with url: ''

2020-05-28 03:37:41 - [TEST_STEP][PASSED] - navigateToUrl("https://appsrv1.deltadatamandiri.com/ACC_LMS_WEB/#/admNLmn"): Navigate to 'https://appsrv1.deltadatamandiri.com/ACC_LMS_WEB/#/admNLmn' successfully

2020-05-28 03:37:53 - [MESSAGE][PASSED] - Navigate to 'https://appsrv1.deltadatamandiri.com/ACC_LMS_WEB/#/admNLmn' successfully

2020-05-28 03:37:53 - [TEST_STEP][PASSED] - maximizeWindow(): Current window maximized

2020-05-28 03:37:54 - [MESSAGE][PASSED] - Current window maximized

2020-05-28 03:37:54 - [TEST_STEP][PASSED] - delay(30): Delayed 30 second(s)

2020-05-28 03:38:24 - [MESSAGE][PASSED] - Delayed 30 second(s)

2020-05-28 03:38:24 - [TEST_STEP][PASSED] - click(findTestObject("Rizka/Admin/Admin - Login/btnLogin")): Object: 'Object Repository/Rizka/Admin/Admin - Login/btnLogin' is clicked on

2020-05-28 03:38:24 - [MESSAGE][PASSED] - Object: 'Object Repository/Rizka/Admin/Admin - Login/btnLogin' is clicked on

2020-05-28 03:38:24 - [TEST_STEP][PASSED] - setText(findTestObject("Rizka/Admin/Admin - Login/txtUsername"), username): Text '11666' is set on object 'Object Repository/Rizka/Admin/Admin - Login/txtUsername'

2020-05-28 03:38:25 - [MESSAGE][PASSED] - Text '11666' is set on object 'Object Repository/Rizka/Admin/Admin - Login/txtUsername'

2020-05-28 03:38:25 - [TEST_STEP][PASSED] - setText(findTestObject("Rizka/Admin/Admin - Login/txtPassword"), password): Text 'Password3' is set on object 'Object Repository/Rizka/Admin/Admin - Login/txtPassword'

2020-05-28 03:38:25 - [MESSAGE][PASSED] - Text 'Password3' is set on object 'Object Repository/Rizka/Admin/Admin - Login/txtPassword'

2020-05-28 03:38:25 - [TEST_STEP][PASSED] - click(findTestObject("Rizka/Admin/Admin - Login/btnEyePass")): Object: 'Object Repository/Rizka/Admin/Admin - Login/btnEyePass' is clicked on

2020-05-28 03:38:26 - [MESSAGE][PASSED] - Object: 'Object Repository/Rizka/Admin/Admin - Login/btnEyePass' is clicked on

2020-05-28 03:38:26 - [TEST_STEP][PASSED] - if (rememberMe == "yes"): Object: 'Object Repository/Rizka/Admin/Admin - Login/checkboxRememberMe' is clicked on

2020-05-28 03:38:26 - [TEST_STEP][PASSED] - click(findTestObject("Rizka/Admin/Admin - Login/checkboxRememberMe")): Object: 'Object Repository/Rizka/Admin/Admin - Login/checkboxRememberMe' is clicked on

2020-05-28 03:38:26 - [MESSAGE][PASSED] - Object: 'Object Repository/Rizka/Admin/Admin - Login/checkboxRememberMe' is clicked on

2020-05-28 03:38:26 - [TEST_STEP][PASSED] - click(findTestObject("Rizka/Admin/Admin - Login/btnLogin2")): Object: 'Object Repository/Rizka/Admin/Admin - Login/btnLogin2' is clicked on

2020-05-28 03:38:26 - [MESSAGE][PASSED] - Object: 'Object Repository/Rizka/Admin/Admin - Login/btnLogin2' is clicked on

2020-05-28 03:38:26 - [TEST_STEP][PASSED] - delay(10): Delayed 10 second(s)

2020-05-28 03:38:36 - [MESSAGE][PASSED] - Delayed 10 second(s)

2020-05-28 03:38:36 - [TEST_STEP][PASSED] - if (condition == "passed"): Object 'Object Repository/Rizka/Admin/Admin - Login/span_Dashboard' is visible

2020-05-28 03:38:36 - [TEST_STEP][PASSED] - verifyElementVisible(findTestObject("Rizka/Admin/Admin - Login/span_Dashboard")): Object 'Object Repository/Rizka/Admin/Admin - Login/span_Dashboard' is visible

2020-05-28 03:38:39 - [MESSAGE][PASSED] - Object 'Object Repository/Rizka/Admin/Admin - Login/span_Dashboard' is visible

2020-05-28 03:38:39 - [MESSAGE][PASSED] - Call Test Case 'Test Cases/Rizka/Admin/Custom/Admin - Login' successfully

2020-05-28 03:38:39 - [TEST_STEP][PASSED] - delay(5): Delayed 5 second(s)

2020-05-28 03:38:44 - [MESSAGE][PASSED] - Delayed 5 second(s)

2020-05-28 03:38:44 - [TEST_STEP][PASSED] - click(findTestObject("Alda/Admin - Manage FAQ/Page_Dashboard Admin/span_manage_faq")): Object: 'Object Repository/Alda/Admin - Manage FAQ/Page_Dashboard Admin/span_manage_faq' is clicked on

2020-05-28 03:38:44 - [MESSAGE][PASSED] - Object: 'Object Repository/Alda/Admin - Manage FAQ/Page_Dashboard Admin/span_manage_faq' is clicked on

2020-05-28 03:38:44 - [TEST_STEP][PASSED] - click(findTestObject("Alda/Admin - Manage FAQ/Page_Manage Faq/input_search")): Object: 'Object Repository/Alda/Admin - Manage FAQ/Page_Manage Faq/input_search' is clicked on

2020-05-28 03:38:46 - [MESSAGE][PASSED] - Object: 'Object Repository/Alda/Admin - Manage FAQ/Page_Manage Faq/input_search' is clicked on

2020-05-28 03:38:46 - [TEST_STEP][PASSED] - setText(findTestObject("Alda/Admin - Manage FAQ/Page_Manage Faq/input_search"), var_search): Text 'question3' is set on object 'Object Repository/Alda/Admin - Manage FAQ/Page_Manage Faq/input_search'

2020-05-28 03:38:54 - [MESSAGE][PASSED] - Text 'question3' is set on object 'Object Repository/Alda/Admin - Manage FAQ/Page_Manage Faq/input_search'

2020-05-28 03:38:54 - [TEST_STEP][PASSED] - sendKeys(findTestObject("Alda/Admin - Manage FAQ/Page_Manage Faq/input_search"), Keys.chord(ENTER)): Keys 'ENTER + ' sent to object: 'Object Repository/Alda/Admin - Manage FAQ/Page_Manage Faq/input_search'

2020-05-28 03:38:54 - [MESSAGE][PASSED] - Keys 'ENTER + ' sent to object: 'Object Repository/Alda/Admin - Manage FAQ/Page_Manage Faq/input_search'

2020-05-28 03:38:54 - [TEST_STEP][PASSED] - if (expected_output == "found"): null

2020-05-28 03:38:54 - [MESSAGE][PASSED] - Call Test Case 'Test Cases/Alda/Admin - Manage FAQ/Search' successfully

2020-05-28 03:38:54 - [TEST_STEP][PASSED] - delay(5): Delayed 5 second(s)

2020-05-28 03:38:59 - [MESSAGE][PASSED] - Delayed 5 second(s)

2020-05-28 03:38:59 - [TEST_STEP][PASSED] - click(findTestObject("Alda/Admin - Manage FAQ/Page_Manage Faq/btn_edit")): Object: 'Object Repository/Alda/Admin - Manage FAQ/Page_Manage Faq/btn_edit' is clicked on

2020-05-28 03:38:59 - [MESSAGE][PASSED] - Object: 'Object Repository/Alda/Admin - Manage FAQ/Page_Manage Faq/btn_edit' is clicked on

2020-05-28 03:38:59 - [TEST_STEP][PASSED] - verifyElementVisible(findTestObject("Object Repository/Alda/Admin - Manage FAQ/Page_Manage Faq/header_edit_page")): Object 'Object Repository/Alda/Admin - Manage FAQ/Page_Manage Faq/header_edit_page' is visible

2020-05-28 03:39:05 - [MESSAGE][PASSED] - Object 'Object Repository/Alda/Admin - Manage FAQ/Page_Manage Faq/header_edit_page' is visible

2020-05-28 03:39:05 - [TEST_STEP][PASSED] - switch (opsi_edit): null

2020-05-28 03:39:05 - [TEST_STEP][PASSED] - case "all":: null

2020-05-28 03:39:05 - [TEST_STEP][PASSED] - clearText(findTestObject("Alda/Admin - Manage FAQ/Page_Manage Faq/edit_question"), STOP_ON_FAILURE): Text of object 'Object Repository/Alda/Admin - Manage FAQ/Page_Manage Faq/edit_question' is cleared

2020-05-28 03:39:06 - [MESSAGE][PASSED] - Text of object 'Object Repository/Alda/Admin - Manage FAQ/Page_Manage Faq/edit_question' is cleared

2020-05-28 03:39:06 - [TEST_STEP][PASSED] - setText(findTestObject("Alda/Admin - Manage FAQ/Page_Manage Faq/edit_question"), var_question_new): Text 'question 3 adalah?' is set on object 'Object Repository/Alda/Admin - Manage FAQ/Page_Manage Faq/edit_question'

2020-05-28 03:39:06 - [MESSAGE][PASSED] - Text 'question 3 adalah?' is set on object 'Object Repository/Alda/Admin - Manage FAQ/Page_Manage Faq/edit_question'

2020-05-28 03:39:06 - [TEST_STEP][PASSED] - clearText(findTestObject("Alda/Admin - Manage FAQ/Page_Manage Faq/edit_answer"), STOP_ON_FAILURE): Text of object 'Object Repository/Alda/Admin - Manage FAQ/Page_Manage Faq/edit_answer' is cleared

2020-05-28 03:39:06 - [MESSAGE][PASSED] - Text of object 'Object Repository/Alda/Admin - Manage FAQ/Page_Manage Faq/edit_answer' is cleared

2020-05-28 03:39:06 - [TEST_STEP][PASSED] - setText(findTestObject("Alda/Admin - Manage FAQ/Page_Manage Faq/edit_answer"), var_answer_new): Text 'jawaban pertanyaan 3' is set on object 'Object Repository/Alda/Admin - Manage FAQ/Page_Manage Faq/edit_answer'

2020-05-28 03:39:07 - [MESSAGE][PASSED] - Text 'jawaban pertanyaan 3' is set on object 'Object Repository/Alda/Admin - Manage FAQ/Page_Manage Faq/edit_answer'

2020-05-28 03:39:07 - [TEST_STEP][PASSED] - uploadFile(findTestObject("Alda/Admin - Manage FAQ/Page_Manage Faq/edit_gambar"), var_gambar_new): File 'C:\Users\asus\git\LMS27Mei\gambar_alda.jpg' sent to object: 'Object Repository/Alda/Admin - Manage FAQ/Page_Manage Faq/edit_gambar'

2020-05-28 03:39:07 - [MESSAGE][PASSED] - File 'C:\Users\asus\git\LMS27Mei\gambar_alda.jpg' sent to object: 'Object Repository/Alda/Admin - Manage FAQ/Page_Manage Faq/edit_gambar'

2020-05-28 03:39:07 - [TEST_STEP][PASSED] - if (expected_image == "success"): Keys 'ENTER + ' sent to object: 'Object Repository/Alda/Admin - Manage FAQ/Page_Manage Faq/edit_tag'

2020-05-28 03:39:07 - [TEST_STEP][PASSED] - verifyElementVisible(findTestObject("Object Repository/Alda/Admin - Manage FAQ/Page_Manage Faq/alert_success_upload_image")): Object 'Object Repository/Alda/Admin - Manage FAQ/Page_Manage Faq/alert_success_upload_image' is visible

2020-05-28 03:39:08 - [MESSAGE][PASSED] - Object 'Object Repository/Alda/Admin - Manage FAQ/Page_Manage Faq/alert_success_upload_image' is visible

2020-05-28 03:39:08 - [TEST_STEP][PASSED] - click(findTestObject("Alda/Admin - Manage FAQ/Page_Manage Faq/edit_tag")): Object: 'Object Repository/Alda/Admin - Manage FAQ/Page_Manage Faq/edit_tag' is clicked on

2020-05-28 03:39:09 - [MESSAGE][PASSED] - Object: 'Object Repository/Alda/Admin - Manage FAQ/Page_Manage Faq/edit_tag' is clicked on

2020-05-28 03:39:09 - [TEST_STEP][PASSED] - setText(findTestObject("Alda/Admin - Manage FAQ/Page_Manage Faq/edit_tag"), var_tag_new): Text 'pertanyaan' is set on object 'Object Repository/Alda/Admin - Manage FAQ/Page_Manage Faq/edit_tag'

2020-05-28 03:39:09 - [MESSAGE][PASSED] - Text 'pertanyaan' is set on object 'Object Repository/Alda/Admin - Manage FAQ/Page_Manage Faq/edit_tag'

2020-05-28 03:39:09 - [TEST_STEP][PASSED] - sendKeys(findTestObject("Alda/Admin - Manage FAQ/Page_Manage Faq/edit_tag"), Keys.chord(ENTER)): Keys 'ENTER + ' sent to object: 'Object Repository/Alda/Admin - Manage FAQ/Page_Manage Faq/edit_tag'

2020-05-28 03:39:10 - [MESSAGE][PASSED] - Keys 'ENTER + ' sent to object: 'Object Repository/Alda/Admin - Manage FAQ/Page_Manage Faq/edit_tag'

2020-05-28 03:39:10 - [TEST_STEP][PASSED] - break: null

2020-05-28 03:39:10 - [TEST_STEP][PASSED] - switch (expected_output): null

2020-05-28 03:39:10 - [TEST_STEP][PASSED] - case "pass":: null

2020-05-28 03:39:10 - [TEST_STEP][PASSED] - click(findTestObject("Object Repository/Alda/Admin - Manage FAQ/Page_Manage Faq/btn_save_edit")): Object: 'Object Repository/Alda/Admin - Manage FAQ/Page_Manage Faq/btn_save_edit' is clicked on

2020-05-28 03:39:11 - [MESSAGE][PASSED] - Object: 'Object Repository/Alda/Admin - Manage FAQ/Page_Manage Faq/btn_save_edit' is clicked on

2020-05-28 03:39:11 - [TEST_STEP][PASSED] - delay(3): Delayed 3 second(s)

2020-05-28 03:39:14 - [MESSAGE][PASSED] - Delayed 3 second(s)

2020-05-28 03:39:14 - [TEST_STEP][PASSED] - clearText(findTestObject("Alda/Admin - Manage FAQ/Page_Manage Faq/input_search")): Text of object 'Object Repository/Alda/Admin - Manage FAQ/Page_Manage Faq/input_search' is cleared

2020-05-28 03:39:18 - [MESSAGE][PASSED] - Text of object 'Object Repository/Alda/Admin - Manage FAQ/Page_Manage Faq/input_search' is cleared

2020-05-28 03:39:18 - [TEST_STEP][PASSED] - click(findTestObject("Alda/Admin - Manage FAQ/Page_Manage Faq/input_search")): Object: 'Object Repository/Alda/Admin - Manage FAQ/Page_Manage Faq/input_search' is clicked on

2020-05-28 03:39:18 - [MESSAGE][PASSED] - Object: 'Object Repository/Alda/Admin - Manage FAQ/Page_Manage Faq/input_search' is clicked on

2020-05-28 03:39:18 - [TEST_STEP][PASSED] - setText(findTestObject("Alda/Admin - Manage FAQ/Page_Manage Faq/input_search"), var_search_after_edit): Text 'question 3 adalah?' is set on object 'Object Repository/Alda/Admin - Manage FAQ/Page_Manage Faq/input_search'

2020-05-28 03:39:19 - [MESSAGE][PASSED] - Text 'question 3 adalah?' is set on object 'Object Repository/Alda/Admin - Manage FAQ/Page_Manage Faq/input_search'

2020-05-28 03:39:19 - [TEST_STEP][PASSED] - sendKeys(findTestObject("Alda/Admin - Manage FAQ/Page_Manage Faq/input_search"), Keys.chord(ENTER)): Keys 'ENTER + ' sent to object: 'Object Repository/Alda/Admin - Manage FAQ/Page_Manage Faq/input_search'

2020-05-28 03:39:19 - [MESSAGE][PASSED] - Keys 'ENTER + ' sent to object: 'Object Repository/Alda/Admin - Manage FAQ/Page_Manage Faq/input_search'

2020-05-28 03:39:19 - [TEST_STEP][PASSED] - verifyElementVisible(findTestObject("Alda/Admin - Manage FAQ/Page_Manage Faq/label_search_visible - Copy", ["text":var_search_after_edit])): Object 'Object Repository/Alda/Admin - Manage FAQ/Page_Manage Faq/label_search_visible - Copy' is visible

2020-05-28 03:39:21 - [MESSAGE][PASSED] - Object 'Object Repository/Alda/Admin - Manage FAQ/Page_Manage Faq/label_search_visible - Copy' is visible

2020-05-28 03:39:21 - [TEST_STEP][PASSED] - break: null

2020-05-28 03:39:21 - [TEST_STEP][PASSED] - closeBrowser(): Browser is closed

2020-05-28 03:39:22 - [MESSAGE][PASSED] - Browser is closed]]></system-out>
         <system-err><![CDATA[]]></system-err>
      </testcase>
      <testcase name="Test Cases/Alda/Admin - Manage FAQ/Edit" time="108.729" classname="Test Cases/Alda/Admin - Manage FAQ/Edit" status="PASSED">
         <system-out><![CDATA[2020-05-28 03:39:22 - [TEST_CASE][PASSED] - Test Cases/Alda/Admin - Manage FAQ/Edit: Test Cases/Alda/Admin - Manage FAQ/Edit

2020-05-28 03:39:22 - [TEST_STEP][PASSED] - callTestCase(findTestCase("Alda/Admin - Manage FAQ/Search"), ["var_search":var_search, "expected_output":""], STOP_ON_FAILURE): Call Test Case 'Test Cases/Alda/Admin - Manage FAQ/Search' successfully

2020-05-28 03:39:22 - [TEST_CASE][PASSED] - Test Cases/Alda/Admin - Manage FAQ/Search: Test Cases/Alda/Admin - Manage FAQ/Search

2020-05-28 03:39:22 - [TEST_STEP][PASSED] - callTestCase(findTestCase("Rizka/Admin/Custom/Admin - Login"), ["username":"11666", "password":"Password3", "rememberMe":"yes", "condition":"passed"], STOP_ON_FAILURE): Call Test Case 'Test Cases/Rizka/Admin/Custom/Admin - Login' successfully

2020-05-28 03:39:22 - [TEST_CASE][PASSED] - Test Cases/Rizka/Admin/Custom/Admin - Login: Test Cases/Rizka/Admin/Custom/Admin - Login

2020-05-28 03:39:22 - [TEST_STEP][PASSED] - openBrowser(""): Browser is opened with url: ''

2020-05-28 03:39:22 - [MESSAGE][INFO] - Starting 'Chrome' driver

2020-05-28 03:39:25 - [MESSAGE][PASSED] - Browser is opened with url: ''

2020-05-28 03:39:25 - [TEST_STEP][PASSED] - navigateToUrl("https://appsrv1.deltadatamandiri.com/ACC_LMS_WEB/#/admNLmn"): Navigate to 'https://appsrv1.deltadatamandiri.com/ACC_LMS_WEB/#/admNLmn' successfully

2020-05-28 03:39:53 - [MESSAGE][PASSED] - Navigate to 'https://appsrv1.deltadatamandiri.com/ACC_LMS_WEB/#/admNLmn' successfully

2020-05-28 03:39:53 - [TEST_STEP][PASSED] - maximizeWindow(): Current window maximized

2020-05-28 03:39:54 - [MESSAGE][PASSED] - Current window maximized

2020-05-28 03:39:54 - [TEST_STEP][PASSED] - delay(30): Delayed 30 second(s)

2020-05-28 03:40:24 - [MESSAGE][PASSED] - Delayed 30 second(s)

2020-05-28 03:40:24 - [TEST_STEP][PASSED] - click(findTestObject("Rizka/Admin/Admin - Login/btnLogin")): Object: 'Object Repository/Rizka/Admin/Admin - Login/btnLogin' is clicked on

2020-05-28 03:40:24 - [MESSAGE][PASSED] - Object: 'Object Repository/Rizka/Admin/Admin - Login/btnLogin' is clicked on

2020-05-28 03:40:24 - [TEST_STEP][PASSED] - setText(findTestObject("Rizka/Admin/Admin - Login/txtUsername"), username): Text '11666' is set on object 'Object Repository/Rizka/Admin/Admin - Login/txtUsername'

2020-05-28 03:40:25 - [MESSAGE][PASSED] - Text '11666' is set on object 'Object Repository/Rizka/Admin/Admin - Login/txtUsername'

2020-05-28 03:40:25 - [TEST_STEP][PASSED] - setText(findTestObject("Rizka/Admin/Admin - Login/txtPassword"), password): Text 'Password3' is set on object 'Object Repository/Rizka/Admin/Admin - Login/txtPassword'

2020-05-28 03:40:25 - [MESSAGE][PASSED] - Text 'Password3' is set on object 'Object Repository/Rizka/Admin/Admin - Login/txtPassword'

2020-05-28 03:40:25 - [TEST_STEP][PASSED] - click(findTestObject("Rizka/Admin/Admin - Login/btnEyePass")): Object: 'Object Repository/Rizka/Admin/Admin - Login/btnEyePass' is clicked on

2020-05-28 03:40:26 - [MESSAGE][PASSED] - Object: 'Object Repository/Rizka/Admin/Admin - Login/btnEyePass' is clicked on

2020-05-28 03:40:26 - [TEST_STEP][PASSED] - if (rememberMe == "yes"): Object: 'Object Repository/Rizka/Admin/Admin - Login/checkboxRememberMe' is clicked on

2020-05-28 03:40:26 - [TEST_STEP][PASSED] - click(findTestObject("Rizka/Admin/Admin - Login/checkboxRememberMe")): Object: 'Object Repository/Rizka/Admin/Admin - Login/checkboxRememberMe' is clicked on

2020-05-28 03:40:26 - [MESSAGE][PASSED] - Object: 'Object Repository/Rizka/Admin/Admin - Login/checkboxRememberMe' is clicked on

2020-05-28 03:40:26 - [TEST_STEP][PASSED] - click(findTestObject("Rizka/Admin/Admin - Login/btnLogin2")): Object: 'Object Repository/Rizka/Admin/Admin - Login/btnLogin2' is clicked on

2020-05-28 03:40:26 - [MESSAGE][PASSED] - Object: 'Object Repository/Rizka/Admin/Admin - Login/btnLogin2' is clicked on

2020-05-28 03:40:26 - [TEST_STEP][PASSED] - delay(10): Delayed 10 second(s)

2020-05-28 03:40:36 - [MESSAGE][PASSED] - Delayed 10 second(s)

2020-05-28 03:40:36 - [TEST_STEP][PASSED] - if (condition == "passed"): Object 'Object Repository/Rizka/Admin/Admin - Login/span_Dashboard' is visible

2020-05-28 03:40:36 - [TEST_STEP][PASSED] - verifyElementVisible(findTestObject("Rizka/Admin/Admin - Login/span_Dashboard")): Object 'Object Repository/Rizka/Admin/Admin - Login/span_Dashboard' is visible

2020-05-28 03:40:39 - [MESSAGE][PASSED] - Object 'Object Repository/Rizka/Admin/Admin - Login/span_Dashboard' is visible

2020-05-28 03:40:39 - [MESSAGE][PASSED] - Call Test Case 'Test Cases/Rizka/Admin/Custom/Admin - Login' successfully

2020-05-28 03:40:39 - [TEST_STEP][PASSED] - delay(5): Delayed 5 second(s)

2020-05-28 03:40:44 - [MESSAGE][PASSED] - Delayed 5 second(s)

2020-05-28 03:40:44 - [TEST_STEP][PASSED] - click(findTestObject("Alda/Admin - Manage FAQ/Page_Dashboard Admin/span_manage_faq")): Object: 'Object Repository/Alda/Admin - Manage FAQ/Page_Dashboard Admin/span_manage_faq' is clicked on

2020-05-28 03:40:44 - [MESSAGE][PASSED] - Object: 'Object Repository/Alda/Admin - Manage FAQ/Page_Dashboard Admin/span_manage_faq' is clicked on

2020-05-28 03:40:44 - [TEST_STEP][PASSED] - click(findTestObject("Alda/Admin - Manage FAQ/Page_Manage Faq/input_search")): Object: 'Object Repository/Alda/Admin - Manage FAQ/Page_Manage Faq/input_search' is clicked on

2020-05-28 03:40:46 - [MESSAGE][PASSED] - Object: 'Object Repository/Alda/Admin - Manage FAQ/Page_Manage Faq/input_search' is clicked on

2020-05-28 03:40:46 - [TEST_STEP][PASSED] - setText(findTestObject("Alda/Admin - Manage FAQ/Page_Manage Faq/input_search"), var_search): Text 'question 3 adalah?' is set on object 'Object Repository/Alda/Admin - Manage FAQ/Page_Manage Faq/input_search'

2020-05-28 03:40:54 - [MESSAGE][PASSED] - Text 'question 3 adalah?' is set on object 'Object Repository/Alda/Admin - Manage FAQ/Page_Manage Faq/input_search'

2020-05-28 03:40:54 - [TEST_STEP][PASSED] - sendKeys(findTestObject("Alda/Admin - Manage FAQ/Page_Manage Faq/input_search"), Keys.chord(ENTER)): Keys 'ENTER + ' sent to object: 'Object Repository/Alda/Admin - Manage FAQ/Page_Manage Faq/input_search'

2020-05-28 03:40:54 - [MESSAGE][PASSED] - Keys 'ENTER + ' sent to object: 'Object Repository/Alda/Admin - Manage FAQ/Page_Manage Faq/input_search'

2020-05-28 03:40:54 - [TEST_STEP][PASSED] - if (expected_output == "found"): null

2020-05-28 03:40:54 - [MESSAGE][PASSED] - Call Test Case 'Test Cases/Alda/Admin - Manage FAQ/Search' successfully

2020-05-28 03:40:54 - [TEST_STEP][PASSED] - delay(5): Delayed 5 second(s)

2020-05-28 03:40:59 - [MESSAGE][PASSED] - Delayed 5 second(s)

2020-05-28 03:40:59 - [TEST_STEP][PASSED] - click(findTestObject("Alda/Admin - Manage FAQ/Page_Manage Faq/btn_edit")): Object: 'Object Repository/Alda/Admin - Manage FAQ/Page_Manage Faq/btn_edit' is clicked on

2020-05-28 03:40:59 - [MESSAGE][PASSED] - Object: 'Object Repository/Alda/Admin - Manage FAQ/Page_Manage Faq/btn_edit' is clicked on

2020-05-28 03:40:59 - [TEST_STEP][PASSED] - verifyElementVisible(findTestObject("Object Repository/Alda/Admin - Manage FAQ/Page_Manage Faq/header_edit_page")): Object 'Object Repository/Alda/Admin - Manage FAQ/Page_Manage Faq/header_edit_page' is visible

2020-05-28 03:41:03 - [MESSAGE][PASSED] - Object 'Object Repository/Alda/Admin - Manage FAQ/Page_Manage Faq/header_edit_page' is visible

2020-05-28 03:41:03 - [TEST_STEP][PASSED] - switch (opsi_edit): null

2020-05-28 03:41:03 - [TEST_STEP][PASSED] - case "all":: null

2020-05-28 03:41:03 - [TEST_STEP][PASSED] - clearText(findTestObject("Alda/Admin - Manage FAQ/Page_Manage Faq/edit_question"), STOP_ON_FAILURE): Text of object 'Object Repository/Alda/Admin - Manage FAQ/Page_Manage Faq/edit_question' is cleared

2020-05-28 03:41:06 - [MESSAGE][PASSED] - Text of object 'Object Repository/Alda/Admin - Manage FAQ/Page_Manage Faq/edit_question' is cleared

2020-05-28 03:41:06 - [TEST_STEP][PASSED] - setText(findTestObject("Alda/Admin - Manage FAQ/Page_Manage Faq/edit_question"), var_question_new): Text 'question3' is set on object 'Object Repository/Alda/Admin - Manage FAQ/Page_Manage Faq/edit_question'

2020-05-28 03:41:06 - [MESSAGE][PASSED] - Text 'question3' is set on object 'Object Repository/Alda/Admin - Manage FAQ/Page_Manage Faq/edit_question'

2020-05-28 03:41:06 - [TEST_STEP][PASSED] - clearText(findTestObject("Alda/Admin - Manage FAQ/Page_Manage Faq/edit_answer"), STOP_ON_FAILURE): Text of object 'Object Repository/Alda/Admin - Manage FAQ/Page_Manage Faq/edit_answer' is cleared

2020-05-28 03:41:06 - [MESSAGE][PASSED] - Text of object 'Object Repository/Alda/Admin - Manage FAQ/Page_Manage Faq/edit_answer' is cleared

2020-05-28 03:41:06 - [TEST_STEP][PASSED] - setText(findTestObject("Alda/Admin - Manage FAQ/Page_Manage Faq/edit_answer"), var_answer_new): Text 'answer3' is set on object 'Object Repository/Alda/Admin - Manage FAQ/Page_Manage Faq/edit_answer'

2020-05-28 03:41:07 - [MESSAGE][PASSED] - Text 'answer3' is set on object 'Object Repository/Alda/Admin - Manage FAQ/Page_Manage Faq/edit_answer'

2020-05-28 03:41:07 - [TEST_STEP][PASSED] - uploadFile(findTestObject("Alda/Admin - Manage FAQ/Page_Manage Faq/edit_gambar"), var_gambar_new): File 'C:\Users\asus\git\LMS27Mei\gambar_alda.jpg' sent to object: 'Object Repository/Alda/Admin - Manage FAQ/Page_Manage Faq/edit_gambar'

2020-05-28 03:41:07 - [MESSAGE][PASSED] - File 'C:\Users\asus\git\LMS27Mei\gambar_alda.jpg' sent to object: 'Object Repository/Alda/Admin - Manage FAQ/Page_Manage Faq/edit_gambar'

2020-05-28 03:41:07 - [TEST_STEP][PASSED] - if (expected_image == "success"): Keys 'ENTER + ' sent to object: 'Object Repository/Alda/Admin - Manage FAQ/Page_Manage Faq/edit_tag'

2020-05-28 03:41:07 - [TEST_STEP][PASSED] - verifyElementVisible(findTestObject("Object Repository/Alda/Admin - Manage FAQ/Page_Manage Faq/alert_success_upload_image")): Object 'Object Repository/Alda/Admin - Manage FAQ/Page_Manage Faq/alert_success_upload_image' is visible

2020-05-28 03:41:08 - [MESSAGE][PASSED] - Object 'Object Repository/Alda/Admin - Manage FAQ/Page_Manage Faq/alert_success_upload_image' is visible

2020-05-28 03:41:08 - [TEST_STEP][PASSED] - click(findTestObject("Alda/Admin - Manage FAQ/Page_Manage Faq/edit_tag")): Object: 'Object Repository/Alda/Admin - Manage FAQ/Page_Manage Faq/edit_tag' is clicked on

2020-05-28 03:41:08 - [MESSAGE][PASSED] - Object: 'Object Repository/Alda/Admin - Manage FAQ/Page_Manage Faq/edit_tag' is clicked on

2020-05-28 03:41:08 - [TEST_STEP][PASSED] - setText(findTestObject("Alda/Admin - Manage FAQ/Page_Manage Faq/edit_tag"), var_tag_new): Text 'apaaja' is set on object 'Object Repository/Alda/Admin - Manage FAQ/Page_Manage Faq/edit_tag'

2020-05-28 03:41:09 - [MESSAGE][PASSED] - Text 'apaaja' is set on object 'Object Repository/Alda/Admin - Manage FAQ/Page_Manage Faq/edit_tag'

2020-05-28 03:41:09 - [TEST_STEP][PASSED] - sendKeys(findTestObject("Alda/Admin - Manage FAQ/Page_Manage Faq/edit_tag"), Keys.chord(ENTER)): Keys 'ENTER + ' sent to object: 'Object Repository/Alda/Admin - Manage FAQ/Page_Manage Faq/edit_tag'

2020-05-28 03:41:10 - [MESSAGE][PASSED] - Keys 'ENTER + ' sent to object: 'Object Repository/Alda/Admin - Manage FAQ/Page_Manage Faq/edit_tag'

2020-05-28 03:41:10 - [TEST_STEP][PASSED] - break: null

2020-05-28 03:41:10 - [TEST_STEP][PASSED] - switch (expected_output): null

2020-05-28 03:41:10 - [TEST_STEP][PASSED] - case "cancel":: null

2020-05-28 03:41:10 - [TEST_STEP][PASSED] - click(findTestObject("Object Repository/Alda/Admin - Manage FAQ/Page_Manage Faq/btn_cancel_edit")): Object: 'Object Repository/Alda/Admin - Manage FAQ/Page_Manage Faq/btn_cancel_edit' is clicked on

2020-05-28 03:41:10 - [MESSAGE][PASSED] - Object: 'Object Repository/Alda/Admin - Manage FAQ/Page_Manage Faq/btn_cancel_edit' is clicked on

2020-05-28 03:41:10 - [TEST_STEP][PASSED] - break: null

2020-05-28 03:41:10 - [TEST_STEP][PASSED] - closeBrowser(): Browser is closed

2020-05-28 03:41:11 - [MESSAGE][PASSED] - Browser is closed]]></system-out>
         <system-err><![CDATA[]]></system-err>
      </testcase>
      <testcase name="Test Cases/Alda/Admin - Manage FAQ/Edit" time="122.318" classname="Test Cases/Alda/Admin - Manage FAQ/Edit" status="FAILED">
         <failure type="FAILED" message="Test Cases/Alda/Admin - Manage FAQ/Edit FAILED.
Reason:
com.kms.katalon.core.exception.StepFailedException: Unable to verify object 'Object Repository/Alda/Admin - Manage FAQ/Page_Manage Faq/alert_error_upload_image' is visible
	at com.kms.katalon.core.webui.keyword.internal.WebUIKeywordMain.stepFailed(WebUIKeywordMain.groovy:64)
	at com.kms.katalon.core.webui.keyword.internal.WebUIKeywordMain.runKeyword(WebUIKeywordMain.groovy:26)
	at com.kms.katalon.core.webui.keyword.builtin.VerifyElementVisibleKeyword.verifyElementVisible(VerifyElementVisibleKeyword.groovy:97)
	at com.kms.katalon.core.webui.keyword.builtin.VerifyElementVisibleKeyword.execute(VerifyElementVisibleKeyword.groovy:67)
	at com.kms.katalon.core.keyword.internal.KeywordExecutor.executeKeywordForPlatform(KeywordExecutor.groovy:60)
	at com.kms.katalon.core.webui.keyword.WebUiBuiltInKeywords.verifyElementVisible(WebUiBuiltInKeywords.groovy:372)
	at com.kms.katalon.core.webui.keyword.WebUiBuiltInKeywords$verifyElementVisible$4.call(Unknown Source)
	at Edit.run(Edit:49)
	at com.kms.katalon.core.main.ScriptEngine.run(ScriptEngine.java:194)
	at com.kms.katalon.core.main.ScriptEngine.runScriptAsRawText(ScriptEngine.java:119)
	at com.kms.katalon.core.main.TestCaseExecutor.runScript(TestCaseExecutor.java:337)
	at com.kms.katalon.core.main.TestCaseExecutor.doExecute(TestCaseExecutor.java:328)
	at com.kms.katalon.core.main.TestCaseExecutor.processExecutionPhase(TestCaseExecutor.java:307)
	at com.kms.katalon.core.main.TestCaseExecutor.accessMainPhase(TestCaseExecutor.java:299)
	at com.kms.katalon.core.main.TestCaseExecutor.execute(TestCaseExecutor.java:233)
	at com.kms.katalon.core.main.TestSuiteExecutor.accessTestCaseMainPhase(TestSuiteExecutor.java:169)
	at com.kms.katalon.core.main.TestSuiteExecutor.accessTestSuiteMainPhase(TestSuiteExecutor.java:142)
	at com.kms.katalon.core.main.TestSuiteExecutor.execute(TestSuiteExecutor.java:91)
	at com.kms.katalon.core.main.TestCaseMain.startTestSuite(TestCaseMain.java:157)
	at com.kms.katalon.core.main.TestCaseMain$startTestSuite$0.call(Unknown Source)
	at TempTestSuite1590611845987.run(TempTestSuite1590611845987.groovy:36)
Caused by: com.kms.katalon.core.exception.StepFailedException: Web element with id: 'Object Repository/Alda/Admin - Manage FAQ/Page_Manage Faq/alert_error_upload_image' located by 'By.xpath: //div[@id='toast-container']/div' not found
	at com.kms.katalon.core.webui.keyword.internal.WebUIKeywordMain.stepFailed(WebUIKeywordMain.groovy:64)
	at com.kms.katalon.core.webui.keyword.builtin.VerifyElementVisibleKeyword$_verifyElementVisible_closure1.doCall(VerifyElementVisibleKeyword.groovy:89)
	at com.kms.katalon.core.webui.keyword.builtin.VerifyElementVisibleKeyword$_verifyElementVisible_closure1.call(VerifyElementVisibleKeyword.groovy)
	at com.kms.katalon.core.webui.keyword.internal.WebUIKeywordMain.runKeyword(WebUIKeywordMain.groovy:20)
	... 19 more
"/>
         <system-out><![CDATA[2020-05-28 03:41:11 - [TEST_CASE][FAILED] - Test Cases/Alda/Admin - Manage FAQ/Edit: Test Cases/Alda/Admin - Manage FAQ/Edit FAILED.
Reason:
com.kms.katalon.core.exception.StepFailedException: Unable to verify object 'Object Repository/Alda/Admin - Manage FAQ/Page_Manage Faq/alert_error_upload_image' is visible
	at com.kms.katalon.core.webui.keyword.internal.WebUIKeywordMain.stepFailed(WebUIKeywordMain.groovy:64)
	at com.kms.katalon.core.webui.keyword.internal.WebUIKeywordMain.runKeyword(WebUIKeywordMain.groovy:26)
	at com.kms.katalon.core.webui.keyword.builtin.VerifyElementVisibleKeyword.verifyElementVisible(VerifyElementVisibleKeyword.groovy:97)
	at com.kms.katalon.core.webui.keyword.builtin.VerifyElementVisibleKeyword.execute(VerifyElementVisibleKeyword.groovy:67)
	at com.kms.katalon.core.keyword.internal.KeywordExecutor.executeKeywordForPlatform(KeywordExecutor.groovy:60)
	at com.kms.katalon.core.webui.keyword.WebUiBuiltInKeywords.verifyElementVisible(WebUiBuiltInKeywords.groovy:372)
	at com.kms.katalon.core.webui.keyword.WebUiBuiltInKeywords$verifyElementVisible$4.call(Unknown Source)
	at Edit.run(Edit:49)
	at com.kms.katalon.core.main.ScriptEngine.run(ScriptEngine.java:194)
	at com.kms.katalon.core.main.ScriptEngine.runScriptAsRawText(ScriptEngine.java:119)
	at com.kms.katalon.core.main.TestCaseExecutor.runScript(TestCaseExecutor.java:337)
	at com.kms.katalon.core.main.TestCaseExecutor.doExecute(TestCaseExecutor.java:328)
	at com.kms.katalon.core.main.TestCaseExecutor.processExecutionPhase(TestCaseExecutor.java:307)
	at com.kms.katalon.core.main.TestCaseExecutor.accessMainPhase(TestCaseExecutor.java:299)
	at com.kms.katalon.core.main.TestCaseExecutor.execute(TestCaseExecutor.java:233)
	at com.kms.katalon.core.main.TestSuiteExecutor.accessTestCaseMainPhase(TestSuiteExecutor.java:169)
	at com.kms.katalon.core.main.TestSuiteExecutor.accessTestSuiteMainPhase(TestSuiteExecutor.java:142)
	at com.kms.katalon.core.main.TestSuiteExecutor.execute(TestSuiteExecutor.java:91)
	at com.kms.katalon.core.main.TestCaseMain.startTestSuite(TestCaseMain.java:157)
	at com.kms.katalon.core.main.TestCaseMain$startTestSuite$0.call(Unknown Source)
	at TempTestSuite1590611845987.run(TempTestSuite1590611845987.groovy:36)
Caused by: com.kms.katalon.core.exception.StepFailedException: Web element with id: 'Object Repository/Alda/Admin - Manage FAQ/Page_Manage Faq/alert_error_upload_image' located by 'By.xpath: //div[@id='toast-container']/div' not found
	at com.kms.katalon.core.webui.keyword.internal.WebUIKeywordMain.stepFailed(WebUIKeywordMain.groovy:64)
	at com.kms.katalon.core.webui.keyword.builtin.VerifyElementVisibleKeyword$_verifyElementVisible_closure1.doCall(VerifyElementVisibleKeyword.groovy:89)
	at com.kms.katalon.core.webui.keyword.builtin.VerifyElementVisibleKeyword$_verifyElementVisible_closure1.call(VerifyElementVisibleKeyword.groovy)
	at com.kms.katalon.core.webui.keyword.internal.WebUIKeywordMain.runKeyword(WebUIKeywordMain.groovy:20)
	... 19 more


2020-05-28 03:41:11 - [TEST_STEP][PASSED] - callTestCase(findTestCase("Alda/Admin - Manage FAQ/Search"), ["var_search":var_search, "expected_output":""], STOP_ON_FAILURE): Call Test Case 'Test Cases/Alda/Admin - Manage FAQ/Search' successfully

2020-05-28 03:41:11 - [TEST_CASE][PASSED] - Test Cases/Alda/Admin - Manage FAQ/Search: Test Cases/Alda/Admin - Manage FAQ/Search

2020-05-28 03:41:11 - [TEST_STEP][PASSED] - callTestCase(findTestCase("Rizka/Admin/Custom/Admin - Login"), ["username":"11666", "password":"Password3", "rememberMe":"yes", "condition":"passed"], STOP_ON_FAILURE): Call Test Case 'Test Cases/Rizka/Admin/Custom/Admin - Login' successfully

2020-05-28 03:41:11 - [TEST_CASE][PASSED] - Test Cases/Rizka/Admin/Custom/Admin - Login: Test Cases/Rizka/Admin/Custom/Admin - Login

2020-05-28 03:41:11 - [TEST_STEP][PASSED] - openBrowser(""): Browser is opened with url: ''

2020-05-28 03:41:11 - [MESSAGE][INFO] - Starting 'Chrome' driver

2020-05-28 03:41:13 - [MESSAGE][PASSED] - Browser is opened with url: ''

2020-05-28 03:41:13 - [TEST_STEP][PASSED] - navigateToUrl("https://appsrv1.deltadatamandiri.com/ACC_LMS_WEB/#/admNLmn"): Navigate to 'https://appsrv1.deltadatamandiri.com/ACC_LMS_WEB/#/admNLmn' successfully

2020-05-28 03:41:29 - [MESSAGE][PASSED] - Navigate to 'https://appsrv1.deltadatamandiri.com/ACC_LMS_WEB/#/admNLmn' successfully

2020-05-28 03:41:29 - [TEST_STEP][PASSED] - maximizeWindow(): Current window maximized

2020-05-28 03:41:30 - [MESSAGE][PASSED] - Current window maximized

2020-05-28 03:41:30 - [TEST_STEP][PASSED] - delay(30): Delayed 30 second(s)

2020-05-28 03:42:00 - [MESSAGE][PASSED] - Delayed 30 second(s)

2020-05-28 03:42:00 - [TEST_STEP][PASSED] - click(findTestObject("Rizka/Admin/Admin - Login/btnLogin")): Object: 'Object Repository/Rizka/Admin/Admin - Login/btnLogin' is clicked on

2020-05-28 03:42:00 - [MESSAGE][PASSED] - Object: 'Object Repository/Rizka/Admin/Admin - Login/btnLogin' is clicked on

2020-05-28 03:42:00 - [TEST_STEP][PASSED] - setText(findTestObject("Rizka/Admin/Admin - Login/txtUsername"), username): Text '11666' is set on object 'Object Repository/Rizka/Admin/Admin - Login/txtUsername'

2020-05-28 03:42:01 - [MESSAGE][PASSED] - Text '11666' is set on object 'Object Repository/Rizka/Admin/Admin - Login/txtUsername'

2020-05-28 03:42:01 - [TEST_STEP][PASSED] - setText(findTestObject("Rizka/Admin/Admin - Login/txtPassword"), password): Text 'Password3' is set on object 'Object Repository/Rizka/Admin/Admin - Login/txtPassword'

2020-05-28 03:42:01 - [MESSAGE][PASSED] - Text 'Password3' is set on object 'Object Repository/Rizka/Admin/Admin - Login/txtPassword'

2020-05-28 03:42:01 - [TEST_STEP][PASSED] - click(findTestObject("Rizka/Admin/Admin - Login/btnEyePass")): Object: 'Object Repository/Rizka/Admin/Admin - Login/btnEyePass' is clicked on

2020-05-28 03:42:02 - [MESSAGE][PASSED] - Object: 'Object Repository/Rizka/Admin/Admin - Login/btnEyePass' is clicked on

2020-05-28 03:42:02 - [TEST_STEP][PASSED] - if (rememberMe == "yes"): Object: 'Object Repository/Rizka/Admin/Admin - Login/checkboxRememberMe' is clicked on

2020-05-28 03:42:02 - [TEST_STEP][PASSED] - click(findTestObject("Rizka/Admin/Admin - Login/checkboxRememberMe")): Object: 'Object Repository/Rizka/Admin/Admin - Login/checkboxRememberMe' is clicked on

2020-05-28 03:42:02 - [MESSAGE][PASSED] - Object: 'Object Repository/Rizka/Admin/Admin - Login/checkboxRememberMe' is clicked on

2020-05-28 03:42:02 - [TEST_STEP][PASSED] - click(findTestObject("Rizka/Admin/Admin - Login/btnLogin2")): Object: 'Object Repository/Rizka/Admin/Admin - Login/btnLogin2' is clicked on

2020-05-28 03:42:02 - [MESSAGE][PASSED] - Object: 'Object Repository/Rizka/Admin/Admin - Login/btnLogin2' is clicked on

2020-05-28 03:42:02 - [TEST_STEP][PASSED] - delay(10): Delayed 10 second(s)

2020-05-28 03:42:12 - [MESSAGE][PASSED] - Delayed 10 second(s)

2020-05-28 03:42:12 - [TEST_STEP][PASSED] - if (condition == "passed"): Object 'Object Repository/Rizka/Admin/Admin - Login/span_Dashboard' is visible

2020-05-28 03:42:12 - [TEST_STEP][PASSED] - verifyElementVisible(findTestObject("Rizka/Admin/Admin - Login/span_Dashboard")): Object 'Object Repository/Rizka/Admin/Admin - Login/span_Dashboard' is visible

2020-05-28 03:42:14 - [MESSAGE][PASSED] - Object 'Object Repository/Rizka/Admin/Admin - Login/span_Dashboard' is visible

2020-05-28 03:42:14 - [MESSAGE][PASSED] - Call Test Case 'Test Cases/Rizka/Admin/Custom/Admin - Login' successfully

2020-05-28 03:42:14 - [TEST_STEP][PASSED] - delay(5): Delayed 5 second(s)

2020-05-28 03:42:19 - [MESSAGE][PASSED] - Delayed 5 second(s)

2020-05-28 03:42:19 - [TEST_STEP][PASSED] - click(findTestObject("Alda/Admin - Manage FAQ/Page_Dashboard Admin/span_manage_faq")): Object: 'Object Repository/Alda/Admin - Manage FAQ/Page_Dashboard Admin/span_manage_faq' is clicked on

2020-05-28 03:42:19 - [MESSAGE][PASSED] - Object: 'Object Repository/Alda/Admin - Manage FAQ/Page_Dashboard Admin/span_manage_faq' is clicked on

2020-05-28 03:42:19 - [TEST_STEP][PASSED] - click(findTestObject("Alda/Admin - Manage FAQ/Page_Manage Faq/input_search")): Object: 'Object Repository/Alda/Admin - Manage FAQ/Page_Manage Faq/input_search' is clicked on

2020-05-28 03:42:21 - [MESSAGE][PASSED] - Object: 'Object Repository/Alda/Admin - Manage FAQ/Page_Manage Faq/input_search' is clicked on

2020-05-28 03:42:21 - [TEST_STEP][PASSED] - setText(findTestObject("Alda/Admin - Manage FAQ/Page_Manage Faq/input_search"), var_search): Text 'question 3 adalah?' is set on object 'Object Repository/Alda/Admin - Manage FAQ/Page_Manage Faq/input_search'

2020-05-28 03:42:28 - [MESSAGE][PASSED] - Text 'question 3 adalah?' is set on object 'Object Repository/Alda/Admin - Manage FAQ/Page_Manage Faq/input_search'

2020-05-28 03:42:28 - [TEST_STEP][PASSED] - sendKeys(findTestObject("Alda/Admin - Manage FAQ/Page_Manage Faq/input_search"), Keys.chord(ENTER)): Keys 'ENTER + ' sent to object: 'Object Repository/Alda/Admin - Manage FAQ/Page_Manage Faq/input_search'

2020-05-28 03:42:28 - [MESSAGE][PASSED] - Keys 'ENTER + ' sent to object: 'Object Repository/Alda/Admin - Manage FAQ/Page_Manage Faq/input_search'

2020-05-28 03:42:28 - [TEST_STEP][PASSED] - if (expected_output == "found"): null

2020-05-28 03:42:28 - [MESSAGE][PASSED] - Call Test Case 'Test Cases/Alda/Admin - Manage FAQ/Search' successfully

2020-05-28 03:42:28 - [TEST_STEP][PASSED] - delay(5): Delayed 5 second(s)

2020-05-28 03:42:33 - [MESSAGE][PASSED] - Delayed 5 second(s)

2020-05-28 03:42:33 - [TEST_STEP][PASSED] - click(findTestObject("Alda/Admin - Manage FAQ/Page_Manage Faq/btn_edit")): Object: 'Object Repository/Alda/Admin - Manage FAQ/Page_Manage Faq/btn_edit' is clicked on

2020-05-28 03:42:34 - [MESSAGE][PASSED] - Object: 'Object Repository/Alda/Admin - Manage FAQ/Page_Manage Faq/btn_edit' is clicked on

2020-05-28 03:42:34 - [TEST_STEP][PASSED] - verifyElementVisible(findTestObject("Object Repository/Alda/Admin - Manage FAQ/Page_Manage Faq/header_edit_page")): Object 'Object Repository/Alda/Admin - Manage FAQ/Page_Manage Faq/header_edit_page' is visible

2020-05-28 03:42:40 - [MESSAGE][PASSED] - Object 'Object Repository/Alda/Admin - Manage FAQ/Page_Manage Faq/header_edit_page' is visible

2020-05-28 03:42:40 - [TEST_STEP][FAILED] - switch (opsi_edit): Unable to verify object 'Object Repository/Alda/Admin - Manage FAQ/Page_Manage Faq/alert_error_upload_image' is visible (Root cause: com.kms.katalon.core.exception.StepFailedException: Unable to verify object 'Object Repository/Alda/Admin - Manage FAQ/Page_Manage Faq/alert_error_upload_image' is visible
	at com.kms.katalon.core.webui.keyword.internal.WebUIKeywordMain.stepFailed(WebUIKeywordMain.groovy:64)
	at com.kms.katalon.core.webui.keyword.internal.WebUIKeywordMain.runKeyword(WebUIKeywordMain.groovy:26)
	at com.kms.katalon.core.webui.keyword.builtin.VerifyElementVisibleKeyword.verifyElementVisible(VerifyElementVisibleKeyword.groovy:97)
	at com.kms.katalon.core.webui.keyword.builtin.VerifyElementVisibleKeyword.execute(VerifyElementVisibleKeyword.groovy:67)
	at com.kms.katalon.core.keyword.internal.KeywordExecutor.executeKeywordForPlatform(KeywordExecutor.groovy:60)
	at com.kms.katalon.core.webui.keyword.WebUiBuiltInKeywords.verifyElementVisible(WebUiBuiltInKeywords.groovy:372)
	at com.kms.katalon.core.webui.keyword.WebUiBuiltInKeywords$verifyElementVisible$4.call(Unknown Source)
	at Edit.run(Edit:49)
	at com.kms.katalon.core.main.ScriptEngine.run(ScriptEngine.java:194)
	at com.kms.katalon.core.main.ScriptEngine.runScriptAsRawText(ScriptEngine.java:119)
	at com.kms.katalon.core.main.TestCaseExecutor.runScript(TestCaseExecutor.java:337)
	at com.kms.katalon.core.main.TestCaseExecutor.doExecute(TestCaseExecutor.java:328)
	at com.kms.katalon.core.main.TestCaseExecutor.processExecutionPhase(TestCaseExecutor.java:307)
	at com.kms.katalon.core.main.TestCaseExecutor.accessMainPhase(TestCaseExecutor.java:299)
	at com.kms.katalon.core.main.TestCaseExecutor.execute(TestCaseExecutor.java:233)
	at com.kms.katalon.core.main.TestSuiteExecutor.accessTestCaseMainPhase(TestSuiteExecutor.java:169)
	at com.kms.katalon.core.main.TestSuiteExecutor.accessTestSuiteMainPhase(TestSuiteExecutor.java:142)
	at com.kms.katalon.core.main.TestSuiteExecutor.execute(TestSuiteExecutor.java:91)
	at com.kms.katalon.core.main.TestCaseMain.startTestSuite(TestCaseMain.java:157)
	at com.kms.katalon.core.main.TestCaseMain$startTestSuite$0.call(Unknown Source)
	at TempTestSuite1590611845987.run(TempTestSuite1590611845987.groovy:36)
Caused by: com.kms.katalon.core.exception.StepFailedException: Web element with id: 'Object Repository/Alda/Admin - Manage FAQ/Page_Manage Faq/alert_error_upload_image' located by 'By.xpath: //div[@id='toast-container']/div' not found
	at com.kms.katalon.core.webui.keyword.internal.WebUIKeywordMain.stepFailed(WebUIKeywordMain.groovy:64)
	at com.kms.katalon.core.webui.keyword.builtin.VerifyElementVisibleKeyword$_verifyElementVisible_closure1.doCall(VerifyElementVisibleKeyword.groovy:89)
	at com.kms.katalon.core.webui.keyword.builtin.VerifyElementVisibleKeyword$_verifyElementVisible_closure1.call(VerifyElementVisibleKeyword.groovy)
	at com.kms.katalon.core.webui.keyword.internal.WebUIKeywordMain.runKeyword(WebUIKeywordMain.groovy:20)
	... 19 more
)

2020-05-28 03:42:40 - [TEST_STEP][FAILED] - case "all":: Unable to verify object 'Object Repository/Alda/Admin - Manage FAQ/Page_Manage Faq/alert_error_upload_image' is visible (Root cause: com.kms.katalon.core.exception.StepFailedException: Unable to verify object 'Object Repository/Alda/Admin - Manage FAQ/Page_Manage Faq/alert_error_upload_image' is visible
	at com.kms.katalon.core.webui.keyword.internal.WebUIKeywordMain.stepFailed(WebUIKeywordMain.groovy:64)
	at com.kms.katalon.core.webui.keyword.internal.WebUIKeywordMain.runKeyword(WebUIKeywordMain.groovy:26)
	at com.kms.katalon.core.webui.keyword.builtin.VerifyElementVisibleKeyword.verifyElementVisible(VerifyElementVisibleKeyword.groovy:97)
	at com.kms.katalon.core.webui.keyword.builtin.VerifyElementVisibleKeyword.execute(VerifyElementVisibleKeyword.groovy:67)
	at com.kms.katalon.core.keyword.internal.KeywordExecutor.executeKeywordForPlatform(KeywordExecutor.groovy:60)
	at com.kms.katalon.core.webui.keyword.WebUiBuiltInKeywords.verifyElementVisible(WebUiBuiltInKeywords.groovy:372)
	at com.kms.katalon.core.webui.keyword.WebUiBuiltInKeywords$verifyElementVisible$4.call(Unknown Source)
	at Edit.run(Edit:49)
	at com.kms.katalon.core.main.ScriptEngine.run(ScriptEngine.java:194)
	at com.kms.katalon.core.main.ScriptEngine.runScriptAsRawText(ScriptEngine.java:119)
	at com.kms.katalon.core.main.TestCaseExecutor.runScript(TestCaseExecutor.java:337)
	at com.kms.katalon.core.main.TestCaseExecutor.doExecute(TestCaseExecutor.java:328)
	at com.kms.katalon.core.main.TestCaseExecutor.processExecutionPhase(TestCaseExecutor.java:307)
	at com.kms.katalon.core.main.TestCaseExecutor.accessMainPhase(TestCaseExecutor.java:299)
	at com.kms.katalon.core.main.TestCaseExecutor.execute(TestCaseExecutor.java:233)
	at com.kms.katalon.core.main.TestSuiteExecutor.accessTestCaseMainPhase(TestSuiteExecutor.java:169)
	at com.kms.katalon.core.main.TestSuiteExecutor.accessTestSuiteMainPhase(TestSuiteExecutor.java:142)
	at com.kms.katalon.core.main.TestSuiteExecutor.execute(TestSuiteExecutor.java:91)
	at com.kms.katalon.core.main.TestCaseMain.startTestSuite(TestCaseMain.java:157)
	at com.kms.katalon.core.main.TestCaseMain$startTestSuite$0.call(Unknown Source)
	at TempTestSuite1590611845987.run(TempTestSuite1590611845987.groovy:36)
Caused by: com.kms.katalon.core.exception.StepFailedException: Web element with id: 'Object Repository/Alda/Admin - Manage FAQ/Page_Manage Faq/alert_error_upload_image' located by 'By.xpath: //div[@id='toast-container']/div' not found
	at com.kms.katalon.core.webui.keyword.internal.WebUIKeywordMain.stepFailed(WebUIKeywordMain.groovy:64)
	at com.kms.katalon.core.webui.keyword.builtin.VerifyElementVisibleKeyword$_verifyElementVisible_closure1.doCall(VerifyElementVisibleKeyword.groovy:89)
	at com.kms.katalon.core.webui.keyword.builtin.VerifyElementVisibleKeyword$_verifyElementVisible_closure1.call(VerifyElementVisibleKeyword.groovy)
	at com.kms.katalon.core.webui.keyword.internal.WebUIKeywordMain.runKeyword(WebUIKeywordMain.groovy:20)
	... 19 more
)

2020-05-28 03:42:40 - [TEST_STEP][PASSED] - clearText(findTestObject("Alda/Admin - Manage FAQ/Page_Manage Faq/edit_question"), STOP_ON_FAILURE): Text of object 'Object Repository/Alda/Admin - Manage FAQ/Page_Manage Faq/edit_question' is cleared

2020-05-28 03:42:41 - [MESSAGE][PASSED] - Text of object 'Object Repository/Alda/Admin - Manage FAQ/Page_Manage Faq/edit_question' is cleared

2020-05-28 03:42:41 - [TEST_STEP][PASSED] - setText(findTestObject("Alda/Admin - Manage FAQ/Page_Manage Faq/edit_question"), var_question_new): Text 'question3' is set on object 'Object Repository/Alda/Admin - Manage FAQ/Page_Manage Faq/edit_question'

2020-05-28 03:42:41 - [MESSAGE][PASSED] - Text 'question3' is set on object 'Object Repository/Alda/Admin - Manage FAQ/Page_Manage Faq/edit_question'

2020-05-28 03:42:41 - [TEST_STEP][PASSED] - clearText(findTestObject("Alda/Admin - Manage FAQ/Page_Manage Faq/edit_answer"), STOP_ON_FAILURE): Text of object 'Object Repository/Alda/Admin - Manage FAQ/Page_Manage Faq/edit_answer' is cleared

2020-05-28 03:42:41 - [MESSAGE][PASSED] - Text of object 'Object Repository/Alda/Admin - Manage FAQ/Page_Manage Faq/edit_answer' is cleared

2020-05-28 03:42:41 - [TEST_STEP][PASSED] - setText(findTestObject("Alda/Admin - Manage FAQ/Page_Manage Faq/edit_answer"), var_answer_new): Text 'answer3' is set on object 'Object Repository/Alda/Admin - Manage FAQ/Page_Manage Faq/edit_answer'

2020-05-28 03:42:42 - [MESSAGE][PASSED] - Text 'answer3' is set on object 'Object Repository/Alda/Admin - Manage FAQ/Page_Manage Faq/edit_answer'

2020-05-28 03:42:42 - [TEST_STEP][PASSED] - uploadFile(findTestObject("Alda/Admin - Manage FAQ/Page_Manage Faq/edit_gambar"), var_gambar_new): File 'C:\Users\asus\git\LMS27Mei\gambar_alda.gif' sent to object: 'Object Repository/Alda/Admin - Manage FAQ/Page_Manage Faq/edit_gambar'

2020-05-28 03:42:42 - [MESSAGE][PASSED] - File 'C:\Users\asus\git\LMS27Mei\gambar_alda.gif' sent to object: 'Object Repository/Alda/Admin - Manage FAQ/Page_Manage Faq/edit_gambar'

2020-05-28 03:42:42 - [TEST_STEP][PASSED] - if (expected_image == "success"): null

2020-05-28 03:42:42 - [TEST_STEP][FAILED] - else if (expected_image == "error"): Unable to verify object 'Object Repository/Alda/Admin - Manage FAQ/Page_Manage Faq/alert_error_upload_image' is visible (Root cause: com.kms.katalon.core.exception.StepFailedException: Unable to verify object 'Object Repository/Alda/Admin - Manage FAQ/Page_Manage Faq/alert_error_upload_image' is visible
	at com.kms.katalon.core.webui.keyword.internal.WebUIKeywordMain.stepFailed(WebUIKeywordMain.groovy:64)
	at com.kms.katalon.core.webui.keyword.internal.WebUIKeywordMain.runKeyword(WebUIKeywordMain.groovy:26)
	at com.kms.katalon.core.webui.keyword.builtin.VerifyElementVisibleKeyword.verifyElementVisible(VerifyElementVisibleKeyword.groovy:97)
	at com.kms.katalon.core.webui.keyword.builtin.VerifyElementVisibleKeyword.execute(VerifyElementVisibleKeyword.groovy:67)
	at com.kms.katalon.core.keyword.internal.KeywordExecutor.executeKeywordForPlatform(KeywordExecutor.groovy:60)
	at com.kms.katalon.core.webui.keyword.WebUiBuiltInKeywords.verifyElementVisible(WebUiBuiltInKeywords.groovy:372)
	at com.kms.katalon.core.webui.keyword.WebUiBuiltInKeywords$verifyElementVisible$4.call(Unknown Source)
	at Edit.run(Edit:49)
	at com.kms.katalon.core.main.ScriptEngine.run(ScriptEngine.java:194)
	at com.kms.katalon.core.main.ScriptEngine.runScriptAsRawText(ScriptEngine.java:119)
	at com.kms.katalon.core.main.TestCaseExecutor.runScript(TestCaseExecutor.java:337)
	at com.kms.katalon.core.main.TestCaseExecutor.doExecute(TestCaseExecutor.java:328)
	at com.kms.katalon.core.main.TestCaseExecutor.processExecutionPhase(TestCaseExecutor.java:307)
	at com.kms.katalon.core.main.TestCaseExecutor.accessMainPhase(TestCaseExecutor.java:299)
	at com.kms.katalon.core.main.TestCaseExecutor.execute(TestCaseExecutor.java:233)
	at com.kms.katalon.core.main.TestSuiteExecutor.accessTestCaseMainPhase(TestSuiteExecutor.java:169)
	at com.kms.katalon.core.main.TestSuiteExecutor.accessTestSuiteMainPhase(TestSuiteExecutor.java:142)
	at com.kms.katalon.core.main.TestSuiteExecutor.execute(TestSuiteExecutor.java:91)
	at com.kms.katalon.core.main.TestCaseMain.startTestSuite(TestCaseMain.java:157)
	at com.kms.katalon.core.main.TestCaseMain$startTestSuite$0.call(Unknown Source)
	at TempTestSuite1590611845987.run(TempTestSuite1590611845987.groovy:36)
Caused by: com.kms.katalon.core.exception.StepFailedException: Web element with id: 'Object Repository/Alda/Admin - Manage FAQ/Page_Manage Faq/alert_error_upload_image' located by 'By.xpath: //div[@id='toast-container']/div' not found
	at com.kms.katalon.core.webui.keyword.internal.WebUIKeywordMain.stepFailed(WebUIKeywordMain.groovy:64)
	at com.kms.katalon.core.webui.keyword.builtin.VerifyElementVisibleKeyword$_verifyElementVisible_closure1.doCall(VerifyElementVisibleKeyword.groovy:89)
	at com.kms.katalon.core.webui.keyword.builtin.VerifyElementVisibleKeyword$_verifyElementVisible_closure1.call(VerifyElementVisibleKeyword.groovy)
	at com.kms.katalon.core.webui.keyword.internal.WebUIKeywordMain.runKeyword(WebUIKeywordMain.groovy:20)
	... 19 more
)

2020-05-28 03:42:42 - [TEST_STEP][FAILED] - verifyElementVisible(findTestObject("Object Repository/Alda/Admin - Manage FAQ/Page_Manage Faq/alert_error_upload_image")): Unable to verify object 'Object Repository/Alda/Admin - Manage FAQ/Page_Manage Faq/alert_error_upload_image' is visible (Root cause: com.kms.katalon.core.exception.StepFailedException: Unable to verify object 'Object Repository/Alda/Admin - Manage FAQ/Page_Manage Faq/alert_error_upload_image' is visible
	at com.kms.katalon.core.webui.keyword.internal.WebUIKeywordMain.stepFailed(WebUIKeywordMain.groovy:64)
	at com.kms.katalon.core.webui.keyword.internal.WebUIKeywordMain.runKeyword(WebUIKeywordMain.groovy:26)
	at com.kms.katalon.core.webui.keyword.builtin.VerifyElementVisibleKeyword.verifyElementVisible(VerifyElementVisibleKeyword.groovy:97)
	at com.kms.katalon.core.webui.keyword.builtin.VerifyElementVisibleKeyword.execute(VerifyElementVisibleKeyword.groovy:67)
	at com.kms.katalon.core.keyword.internal.KeywordExecutor.executeKeywordForPlatform(KeywordExecutor.groovy:60)
	at com.kms.katalon.core.webui.keyword.WebUiBuiltInKeywords.verifyElementVisible(WebUiBuiltInKeywords.groovy:372)
	at com.kms.katalon.core.webui.keyword.WebUiBuiltInKeywords$verifyElementVisible$4.call(Unknown Source)
	at Edit.run(Edit:49)
	at com.kms.katalon.core.main.ScriptEngine.run(ScriptEngine.java:194)
	at com.kms.katalon.core.main.ScriptEngine.runScriptAsRawText(ScriptEngine.java:119)
	at com.kms.katalon.core.main.TestCaseExecutor.runScript(TestCaseExecutor.java:337)
	at com.kms.katalon.core.main.TestCaseExecutor.doExecute(TestCaseExecutor.java:328)
	at com.kms.katalon.core.main.TestCaseExecutor.processExecutionPhase(TestCaseExecutor.java:307)
	at com.kms.katalon.core.main.TestCaseExecutor.accessMainPhase(TestCaseExecutor.java:299)
	at com.kms.katalon.core.main.TestCaseExecutor.execute(TestCaseExecutor.java:233)
	at com.kms.katalon.core.main.TestSuiteExecutor.accessTestCaseMainPhase(TestSuiteExecutor.java:169)
	at com.kms.katalon.core.main.TestSuiteExecutor.accessTestSuiteMainPhase(TestSuiteExecutor.java:142)
	at com.kms.katalon.core.main.TestSuiteExecutor.execute(TestSuiteExecutor.java:91)
	at com.kms.katalon.core.main.TestCaseMain.startTestSuite(TestCaseMain.java:157)
	at com.kms.katalon.core.main.TestCaseMain$startTestSuite$0.call(Unknown Source)
	at TempTestSuite1590611845987.run(TempTestSuite1590611845987.groovy:36)
Caused by: com.kms.katalon.core.exception.StepFailedException: Web element with id: 'Object Repository/Alda/Admin - Manage FAQ/Page_Manage Faq/alert_error_upload_image' located by 'By.xpath: //div[@id='toast-container']/div' not found
	at com.kms.katalon.core.webui.keyword.internal.WebUIKeywordMain.stepFailed(WebUIKeywordMain.groovy:64)
	at com.kms.katalon.core.webui.keyword.builtin.VerifyElementVisibleKeyword$_verifyElementVisible_closure1.doCall(VerifyElementVisibleKeyword.groovy:89)
	at com.kms.katalon.core.webui.keyword.builtin.VerifyElementVisibleKeyword$_verifyElementVisible_closure1.call(VerifyElementVisibleKeyword.groovy)
	at com.kms.katalon.core.webui.keyword.internal.WebUIKeywordMain.runKeyword(WebUIKeywordMain.groovy:20)
	... 19 more
)

2020-05-28 03:43:13 - [MESSAGE][INFO] - Unable to find the element located by 'By.xpath: //div[@id='toast-container']/div'. Please recheck the objects properties to make sure the desired element is located. 

2020-05-28 03:43:13 - [MESSAGE][FAILED] - Web element with id: 'Object Repository/Alda/Admin - Manage FAQ/Page_Manage Faq/alert_error_upload_image' located by 'By.xpath: //div[@id='toast-container']/div' not found (Root cause: com.kms.katalon.core.exception.StepFailedException: Web element with id: 'Object Repository/Alda/Admin - Manage FAQ/Page_Manage Faq/alert_error_upload_image' located by 'By.xpath: //div[@id='toast-container']/div' not found
	at com.kms.katalon.core.webui.keyword.internal.WebUIKeywordMain.stepFailed(WebUIKeywordMain.groovy:64)
	at com.kms.katalon.core.webui.keyword.builtin.VerifyElementVisibleKeyword$_verifyElementVisible_closure1.doCall(VerifyElementVisibleKeyword.groovy:89)
	at com.kms.katalon.core.webui.keyword.builtin.VerifyElementVisibleKeyword$_verifyElementVisible_closure1.call(VerifyElementVisibleKeyword.groovy)
	at com.kms.katalon.core.webui.keyword.internal.WebUIKeywordMain.runKeyword(WebUIKeywordMain.groovy:20)
	at com.kms.katalon.core.webui.keyword.builtin.VerifyElementVisibleKeyword.verifyElementVisible(VerifyElementVisibleKeyword.groovy:97)
	at com.kms.katalon.core.webui.keyword.builtin.VerifyElementVisibleKeyword.execute(VerifyElementVisibleKeyword.groovy:67)
	at com.kms.katalon.core.keyword.internal.KeywordExecutor.executeKeywordForPlatform(KeywordExecutor.groovy:60)
	at com.kms.katalon.core.webui.keyword.WebUiBuiltInKeywords.verifyElementVisible(WebUiBuiltInKeywords.groovy:372)
	at com.kms.katalon.core.webui.keyword.WebUiBuiltInKeywords$verifyElementVisible$4.call(Unknown Source)
	at Edit.run(Edit:49)
	at com.kms.katalon.core.main.ScriptEngine.run(ScriptEngine.java:194)
	at com.kms.katalon.core.main.ScriptEngine.runScriptAsRawText(ScriptEngine.java:119)
	at com.kms.katalon.core.main.TestCaseExecutor.runScript(TestCaseExecutor.java:337)
	at com.kms.katalon.core.main.TestCaseExecutor.doExecute(TestCaseExecutor.java:328)
	at com.kms.katalon.core.main.TestCaseExecutor.processExecutionPhase(TestCaseExecutor.java:307)
	at com.kms.katalon.core.main.TestCaseExecutor.accessMainPhase(TestCaseExecutor.java:299)
	at com.kms.katalon.core.main.TestCaseExecutor.execute(TestCaseExecutor.java:233)
	at com.kms.katalon.core.main.TestSuiteExecutor.accessTestCaseMainPhase(TestSuiteExecutor.java:169)
	at com.kms.katalon.core.main.TestSuiteExecutor.accessTestSuiteMainPhase(TestSuiteExecutor.java:142)
	at com.kms.katalon.core.main.TestSuiteExecutor.execute(TestSuiteExecutor.java:91)
	at com.kms.katalon.core.main.TestCaseMain.startTestSuite(TestCaseMain.java:157)
	at com.kms.katalon.core.main.TestCaseMain$startTestSuite$0.call(Unknown Source)
	at TempTestSuite1590611845987.run(TempTestSuite1590611845987.groovy:36)
)
[[ATTACHMENT|C:\\Users\\asus\\git\\LMS27Mei\\Reports\\20200528_033725\\Alda\\Admin_Manage FAQ - Edit\\20200528_033725\\1590612193080.png]]

2020-05-28 03:43:13 - [MESSAGE][FAILED] - Unable to verify object 'Object Repository/Alda/Admin - Manage FAQ/Page_Manage Faq/alert_error_upload_image' is visible (Root cause: com.kms.katalon.core.exception.StepFailedException: Unable to verify object 'Object Repository/Alda/Admin - Manage FAQ/Page_Manage Faq/alert_error_upload_image' is visible
	at com.kms.katalon.core.webui.keyword.internal.WebUIKeywordMain.stepFailed(WebUIKeywordMain.groovy:64)
	at com.kms.katalon.core.webui.keyword.internal.WebUIKeywordMain.runKeyword(WebUIKeywordMain.groovy:26)
	at com.kms.katalon.core.webui.keyword.builtin.VerifyElementVisibleKeyword.verifyElementVisible(VerifyElementVisibleKeyword.groovy:97)
	at com.kms.katalon.core.webui.keyword.builtin.VerifyElementVisibleKeyword.execute(VerifyElementVisibleKeyword.groovy:67)
	at com.kms.katalon.core.keyword.internal.KeywordExecutor.executeKeywordForPlatform(KeywordExecutor.groovy:60)
	at com.kms.katalon.core.webui.keyword.WebUiBuiltInKeywords.verifyElementVisible(WebUiBuiltInKeywords.groovy:372)
	at com.kms.katalon.core.webui.keyword.WebUiBuiltInKeywords$verifyElementVisible$4.call(Unknown Source)
	at Edit.run(Edit:49)
	at com.kms.katalon.core.main.ScriptEngine.run(ScriptEngine.java:194)
	at com.kms.katalon.core.main.ScriptEngine.runScriptAsRawText(ScriptEngine.java:119)
	at com.kms.katalon.core.main.TestCaseExecutor.runScript(TestCaseExecutor.java:337)
	at com.kms.katalon.core.main.TestCaseExecutor.doExecute(TestCaseExecutor.java:328)
	at com.kms.katalon.core.main.TestCaseExecutor.processExecutionPhase(TestCaseExecutor.java:307)
	at com.kms.katalon.core.main.TestCaseExecutor.accessMainPhase(TestCaseExecutor.java:299)
	at com.kms.katalon.core.main.TestCaseExecutor.execute(TestCaseExecutor.java:233)
	at com.kms.katalon.core.main.TestSuiteExecutor.accessTestCaseMainPhase(TestSuiteExecutor.java:169)
	at com.kms.katalon.core.main.TestSuiteExecutor.accessTestSuiteMainPhase(TestSuiteExecutor.java:142)
	at com.kms.katalon.core.main.TestSuiteExecutor.execute(TestSuiteExecutor.java:91)
	at com.kms.katalon.core.main.TestCaseMain.startTestSuite(TestCaseMain.java:157)
	at com.kms.katalon.core.main.TestCaseMain$startTestSuite$0.call(Unknown Source)
	at TempTestSuite1590611845987.run(TempTestSuite1590611845987.groovy:36)
Caused by: com.kms.katalon.core.exception.StepFailedException: Web element with id: 'Object Repository/Alda/Admin - Manage FAQ/Page_Manage Faq/alert_error_upload_image' located by 'By.xpath: //div[@id='toast-container']/div' not found
	at com.kms.katalon.core.webui.keyword.internal.WebUIKeywordMain.stepFailed(WebUIKeywordMain.groovy:64)
	at com.kms.katalon.core.webui.keyword.builtin.VerifyElementVisibleKeyword$_verifyElementVisible_closure1.doCall(VerifyElementVisibleKeyword.groovy:89)
	at com.kms.katalon.core.webui.keyword.builtin.VerifyElementVisibleKeyword$_verifyElementVisible_closure1.call(VerifyElementVisibleKeyword.groovy)
	at com.kms.katalon.core.webui.keyword.internal.WebUIKeywordMain.runKeyword(WebUIKeywordMain.groovy:20)
	... 19 more
)
[[ATTACHMENT|C:\\Users\\asus\\git\\LMS27Mei\\Reports\\20200528_033725\\Alda\\Admin_Manage FAQ - Edit\\20200528_033725\\1590612193406.png]]]]></system-out>
         <system-err><![CDATA[2020-05-28 03:41:11 - [TEST_CASE][FAILED] - Test Cases/Alda/Admin - Manage FAQ/Edit: Test Cases/Alda/Admin - Manage FAQ/Edit FAILED.
Reason:
com.kms.katalon.core.exception.StepFailedException: Unable to verify object 'Object Repository/Alda/Admin - Manage FAQ/Page_Manage Faq/alert_error_upload_image' is visible
	at com.kms.katalon.core.webui.keyword.internal.WebUIKeywordMain.stepFailed(WebUIKeywordMain.groovy:64)
	at com.kms.katalon.core.webui.keyword.internal.WebUIKeywordMain.runKeyword(WebUIKeywordMain.groovy:26)
	at com.kms.katalon.core.webui.keyword.builtin.VerifyElementVisibleKeyword.verifyElementVisible(VerifyElementVisibleKeyword.groovy:97)
	at com.kms.katalon.core.webui.keyword.builtin.VerifyElementVisibleKeyword.execute(VerifyElementVisibleKeyword.groovy:67)
	at com.kms.katalon.core.keyword.internal.KeywordExecutor.executeKeywordForPlatform(KeywordExecutor.groovy:60)
	at com.kms.katalon.core.webui.keyword.WebUiBuiltInKeywords.verifyElementVisible(WebUiBuiltInKeywords.groovy:372)
	at com.kms.katalon.core.webui.keyword.WebUiBuiltInKeywords$verifyElementVisible$4.call(Unknown Source)
	at Edit.run(Edit:49)
	at com.kms.katalon.core.main.ScriptEngine.run(ScriptEngine.java:194)
	at com.kms.katalon.core.main.ScriptEngine.runScriptAsRawText(ScriptEngine.java:119)
	at com.kms.katalon.core.main.TestCaseExecutor.runScript(TestCaseExecutor.java:337)
	at com.kms.katalon.core.main.TestCaseExecutor.doExecute(TestCaseExecutor.java:328)
	at com.kms.katalon.core.main.TestCaseExecutor.processExecutionPhase(TestCaseExecutor.java:307)
	at com.kms.katalon.core.main.TestCaseExecutor.accessMainPhase(TestCaseExecutor.java:299)
	at com.kms.katalon.core.main.TestCaseExecutor.execute(TestCaseExecutor.java:233)
	at com.kms.katalon.core.main.TestSuiteExecutor.accessTestCaseMainPhase(TestSuiteExecutor.java:169)
	at com.kms.katalon.core.main.TestSuiteExecutor.accessTestSuiteMainPhase(TestSuiteExecutor.java:142)
	at com.kms.katalon.core.main.TestSuiteExecutor.execute(TestSuiteExecutor.java:91)
	at com.kms.katalon.core.main.TestCaseMain.startTestSuite(TestCaseMain.java:157)
	at com.kms.katalon.core.main.TestCaseMain$startTestSuite$0.call(Unknown Source)
	at TempTestSuite1590611845987.run(TempTestSuite1590611845987.groovy:36)
Caused by: com.kms.katalon.core.exception.StepFailedException: Web element with id: 'Object Repository/Alda/Admin - Manage FAQ/Page_Manage Faq/alert_error_upload_image' located by 'By.xpath: //div[@id='toast-container']/div' not found
	at com.kms.katalon.core.webui.keyword.internal.WebUIKeywordMain.stepFailed(WebUIKeywordMain.groovy:64)
	at com.kms.katalon.core.webui.keyword.builtin.VerifyElementVisibleKeyword$_verifyElementVisible_closure1.doCall(VerifyElementVisibleKeyword.groovy:89)
	at com.kms.katalon.core.webui.keyword.builtin.VerifyElementVisibleKeyword$_verifyElementVisible_closure1.call(VerifyElementVisibleKeyword.groovy)
	at com.kms.katalon.core.webui.keyword.internal.WebUIKeywordMain.runKeyword(WebUIKeywordMain.groovy:20)
	... 19 more]]></system-err>
      </testcase>
      <testcase name="Test Cases/Alda/Admin - Manage FAQ/Edit" time="141.424" classname="Test Cases/Alda/Admin - Manage FAQ/Edit" status="FAILED">
         <failure type="FAILED" message="Test Cases/Alda/Admin - Manage FAQ/Edit FAILED.
Reason:
com.kms.katalon.core.exception.StepFailedException: Unable to verify object 'Object Repository/Alda/Admin - Manage FAQ/Page_Manage Faq/alert_error' is visible
	at com.kms.katalon.core.webui.keyword.internal.WebUIKeywordMain.stepFailed(WebUIKeywordMain.groovy:64)
	at com.kms.katalon.core.webui.keyword.internal.WebUIKeywordMain.runKeyword(WebUIKeywordMain.groovy:26)
	at com.kms.katalon.core.webui.keyword.builtin.VerifyElementVisibleKeyword.verifyElementVisible(VerifyElementVisibleKeyword.groovy:97)
	at com.kms.katalon.core.webui.keyword.builtin.VerifyElementVisibleKeyword.execute(VerifyElementVisibleKeyword.groovy:67)
	at com.kms.katalon.core.keyword.internal.KeywordExecutor.executeKeywordForPlatform(KeywordExecutor.groovy:60)
	at com.kms.katalon.core.webui.keyword.WebUiBuiltInKeywords.verifyElementVisible(WebUiBuiltInKeywords.groovy:372)
	at com.kms.katalon.core.webui.keyword.WebUiBuiltInKeywords$verifyElementVisible$4.call(Unknown Source)
	at Edit.run(Edit:117)
	at com.kms.katalon.core.main.ScriptEngine.run(ScriptEngine.java:194)
	at com.kms.katalon.core.main.ScriptEngine.runScriptAsRawText(ScriptEngine.java:119)
	at com.kms.katalon.core.main.TestCaseExecutor.runScript(TestCaseExecutor.java:337)
	at com.kms.katalon.core.main.TestCaseExecutor.doExecute(TestCaseExecutor.java:328)
	at com.kms.katalon.core.main.TestCaseExecutor.processExecutionPhase(TestCaseExecutor.java:307)
	at com.kms.katalon.core.main.TestCaseExecutor.accessMainPhase(TestCaseExecutor.java:299)
	at com.kms.katalon.core.main.TestCaseExecutor.execute(TestCaseExecutor.java:233)
	at com.kms.katalon.core.main.TestSuiteExecutor.accessTestCaseMainPhase(TestSuiteExecutor.java:169)
	at com.kms.katalon.core.main.TestSuiteExecutor.accessTestSuiteMainPhase(TestSuiteExecutor.java:142)
	at com.kms.katalon.core.main.TestSuiteExecutor.execute(TestSuiteExecutor.java:91)
	at com.kms.katalon.core.main.TestCaseMain.startTestSuite(TestCaseMain.java:157)
	at com.kms.katalon.core.main.TestCaseMain$startTestSuite$0.call(Unknown Source)
	at TempTestSuite1590611845987.run(TempTestSuite1590611845987.groovy:36)
Caused by: com.kms.katalon.core.exception.StepFailedException: Web element with id: 'Object Repository/Alda/Admin - Manage FAQ/Page_Manage Faq/alert_error' located by 'By.xpath: id(&quot;ng-app&quot;)/modal-container[@class=&quot;modal fade in&quot;]/app-page-managefaq[1]/div[@class=&quot;modal-dialog app-dialog modal-dialog app-alert-dialog&quot;]/div[@class=&quot;modal-content&quot;]/div[@class=&quot;app-dialog-header modal-header&quot;]/h4[@class=&quot;app-dialog-title modal-title&quot;][count(. | //*[(text() = 'Alert' or . = 'Alert')]) = count(//*[(text() = 'Alert' or . = 'Alert')])]' not found
	at com.kms.katalon.core.webui.keyword.internal.WebUIKeywordMain.stepFailed(WebUIKeywordMain.groovy:64)
	at com.kms.katalon.core.webui.keyword.builtin.VerifyElementVisibleKeyword$_verifyElementVisible_closure1.doCall(VerifyElementVisibleKeyword.groovy:89)
	at com.kms.katalon.core.webui.keyword.builtin.VerifyElementVisibleKeyword$_verifyElementVisible_closure1.call(VerifyElementVisibleKeyword.groovy)
	at com.kms.katalon.core.webui.keyword.internal.WebUIKeywordMain.runKeyword(WebUIKeywordMain.groovy:20)
	... 19 more
"/>
         <system-out><![CDATA[2020-05-28 03:43:13 - [TEST_CASE][FAILED] - Test Cases/Alda/Admin - Manage FAQ/Edit: Test Cases/Alda/Admin - Manage FAQ/Edit FAILED.
Reason:
com.kms.katalon.core.exception.StepFailedException: Unable to verify object 'Object Repository/Alda/Admin - Manage FAQ/Page_Manage Faq/alert_error' is visible
	at com.kms.katalon.core.webui.keyword.internal.WebUIKeywordMain.stepFailed(WebUIKeywordMain.groovy:64)
	at com.kms.katalon.core.webui.keyword.internal.WebUIKeywordMain.runKeyword(WebUIKeywordMain.groovy:26)
	at com.kms.katalon.core.webui.keyword.builtin.VerifyElementVisibleKeyword.verifyElementVisible(VerifyElementVisibleKeyword.groovy:97)
	at com.kms.katalon.core.webui.keyword.builtin.VerifyElementVisibleKeyword.execute(VerifyElementVisibleKeyword.groovy:67)
	at com.kms.katalon.core.keyword.internal.KeywordExecutor.executeKeywordForPlatform(KeywordExecutor.groovy:60)
	at com.kms.katalon.core.webui.keyword.WebUiBuiltInKeywords.verifyElementVisible(WebUiBuiltInKeywords.groovy:372)
	at com.kms.katalon.core.webui.keyword.WebUiBuiltInKeywords$verifyElementVisible$4.call(Unknown Source)
	at Edit.run(Edit:117)
	at com.kms.katalon.core.main.ScriptEngine.run(ScriptEngine.java:194)
	at com.kms.katalon.core.main.ScriptEngine.runScriptAsRawText(ScriptEngine.java:119)
	at com.kms.katalon.core.main.TestCaseExecutor.runScript(TestCaseExecutor.java:337)
	at com.kms.katalon.core.main.TestCaseExecutor.doExecute(TestCaseExecutor.java:328)
	at com.kms.katalon.core.main.TestCaseExecutor.processExecutionPhase(TestCaseExecutor.java:307)
	at com.kms.katalon.core.main.TestCaseExecutor.accessMainPhase(TestCaseExecutor.java:299)
	at com.kms.katalon.core.main.TestCaseExecutor.execute(TestCaseExecutor.java:233)
	at com.kms.katalon.core.main.TestSuiteExecutor.accessTestCaseMainPhase(TestSuiteExecutor.java:169)
	at com.kms.katalon.core.main.TestSuiteExecutor.accessTestSuiteMainPhase(TestSuiteExecutor.java:142)
	at com.kms.katalon.core.main.TestSuiteExecutor.execute(TestSuiteExecutor.java:91)
	at com.kms.katalon.core.main.TestCaseMain.startTestSuite(TestCaseMain.java:157)
	at com.kms.katalon.core.main.TestCaseMain$startTestSuite$0.call(Unknown Source)
	at TempTestSuite1590611845987.run(TempTestSuite1590611845987.groovy:36)
Caused by: com.kms.katalon.core.exception.StepFailedException: Web element with id: 'Object Repository/Alda/Admin - Manage FAQ/Page_Manage Faq/alert_error' located by 'By.xpath: id("ng-app")/modal-container[@class="modal fade in"]/app-page-managefaq[1]/div[@class="modal-dialog app-dialog modal-dialog app-alert-dialog"]/div[@class="modal-content"]/div[@class="app-dialog-header modal-header"]/h4[@class="app-dialog-title modal-title"][count(. | //*[(text() = 'Alert' or . = 'Alert')]) = count(//*[(text() = 'Alert' or . = 'Alert')])]' not found
	at com.kms.katalon.core.webui.keyword.internal.WebUIKeywordMain.stepFailed(WebUIKeywordMain.groovy:64)
	at com.kms.katalon.core.webui.keyword.builtin.VerifyElementVisibleKeyword$_verifyElementVisible_closure1.doCall(VerifyElementVisibleKeyword.groovy:89)
	at com.kms.katalon.core.webui.keyword.builtin.VerifyElementVisibleKeyword$_verifyElementVisible_closure1.call(VerifyElementVisibleKeyword.groovy)
	at com.kms.katalon.core.webui.keyword.internal.WebUIKeywordMain.runKeyword(WebUIKeywordMain.groovy:20)
	... 19 more


2020-05-28 03:43:13 - [TEST_STEP][PASSED] - callTestCase(findTestCase("Alda/Admin - Manage FAQ/Search"), ["var_search":var_search, "expected_output":""], STOP_ON_FAILURE): Call Test Case 'Test Cases/Alda/Admin - Manage FAQ/Search' successfully

2020-05-28 03:43:13 - [TEST_CASE][PASSED] - Test Cases/Alda/Admin - Manage FAQ/Search: Test Cases/Alda/Admin - Manage FAQ/Search

2020-05-28 03:43:13 - [TEST_STEP][PASSED] - callTestCase(findTestCase("Rizka/Admin/Custom/Admin - Login"), ["username":"11666", "password":"Password3", "rememberMe":"yes", "condition":"passed"], STOP_ON_FAILURE): Call Test Case 'Test Cases/Rizka/Admin/Custom/Admin - Login' successfully

2020-05-28 03:43:13 - [TEST_CASE][PASSED] - Test Cases/Rizka/Admin/Custom/Admin - Login: Test Cases/Rizka/Admin/Custom/Admin - Login

2020-05-28 03:43:13 - [TEST_STEP][PASSED] - openBrowser(""): Browser is opened with url: ''

2020-05-28 03:43:13 - [MESSAGE][WARNING] - A browser is already opened. Closing browser and opening a new one

2020-05-28 03:43:14 - [MESSAGE][INFO] - Starting 'Chrome' driver

2020-05-28 03:43:16 - [MESSAGE][PASSED] - Browser is opened with url: ''

2020-05-28 03:43:16 - [TEST_STEP][PASSED] - navigateToUrl("https://appsrv1.deltadatamandiri.com/ACC_LMS_WEB/#/admNLmn"): Navigate to 'https://appsrv1.deltadatamandiri.com/ACC_LMS_WEB/#/admNLmn' successfully

2020-05-28 03:43:32 - [MESSAGE][PASSED] - Navigate to 'https://appsrv1.deltadatamandiri.com/ACC_LMS_WEB/#/admNLmn' successfully

2020-05-28 03:43:32 - [TEST_STEP][PASSED] - maximizeWindow(): Current window maximized

2020-05-28 03:43:33 - [MESSAGE][PASSED] - Current window maximized

2020-05-28 03:43:33 - [TEST_STEP][PASSED] - delay(30): Delayed 30 second(s)

2020-05-28 03:44:03 - [MESSAGE][PASSED] - Delayed 30 second(s)

2020-05-28 03:44:03 - [TEST_STEP][PASSED] - click(findTestObject("Rizka/Admin/Admin - Login/btnLogin")): Object: 'Object Repository/Rizka/Admin/Admin - Login/btnLogin' is clicked on

2020-05-28 03:44:04 - [MESSAGE][PASSED] - Object: 'Object Repository/Rizka/Admin/Admin - Login/btnLogin' is clicked on

2020-05-28 03:44:04 - [TEST_STEP][PASSED] - setText(findTestObject("Rizka/Admin/Admin - Login/txtUsername"), username): Text '11666' is set on object 'Object Repository/Rizka/Admin/Admin - Login/txtUsername'

2020-05-28 03:44:04 - [MESSAGE][PASSED] - Text '11666' is set on object 'Object Repository/Rizka/Admin/Admin - Login/txtUsername'

2020-05-28 03:44:04 - [TEST_STEP][PASSED] - setText(findTestObject("Rizka/Admin/Admin - Login/txtPassword"), password): Text 'Password3' is set on object 'Object Repository/Rizka/Admin/Admin - Login/txtPassword'

2020-05-28 03:44:05 - [MESSAGE][PASSED] - Text 'Password3' is set on object 'Object Repository/Rizka/Admin/Admin - Login/txtPassword'

2020-05-28 03:44:05 - [TEST_STEP][PASSED] - click(findTestObject("Rizka/Admin/Admin - Login/btnEyePass")): Object: 'Object Repository/Rizka/Admin/Admin - Login/btnEyePass' is clicked on

2020-05-28 03:44:05 - [MESSAGE][PASSED] - Object: 'Object Repository/Rizka/Admin/Admin - Login/btnEyePass' is clicked on

2020-05-28 03:44:05 - [TEST_STEP][PASSED] - if (rememberMe == "yes"): Object: 'Object Repository/Rizka/Admin/Admin - Login/checkboxRememberMe' is clicked on

2020-05-28 03:44:05 - [TEST_STEP][PASSED] - click(findTestObject("Rizka/Admin/Admin - Login/checkboxRememberMe")): Object: 'Object Repository/Rizka/Admin/Admin - Login/checkboxRememberMe' is clicked on

2020-05-28 03:44:05 - [MESSAGE][PASSED] - Object: 'Object Repository/Rizka/Admin/Admin - Login/checkboxRememberMe' is clicked on

2020-05-28 03:44:05 - [TEST_STEP][PASSED] - click(findTestObject("Rizka/Admin/Admin - Login/btnLogin2")): Object: 'Object Repository/Rizka/Admin/Admin - Login/btnLogin2' is clicked on

2020-05-28 03:44:06 - [MESSAGE][PASSED] - Object: 'Object Repository/Rizka/Admin/Admin - Login/btnLogin2' is clicked on

2020-05-28 03:44:06 - [TEST_STEP][PASSED] - delay(10): Delayed 10 second(s)

2020-05-28 03:44:16 - [MESSAGE][PASSED] - Delayed 10 second(s)

2020-05-28 03:44:16 - [TEST_STEP][PASSED] - if (condition == "passed"): Object 'Object Repository/Rizka/Admin/Admin - Login/span_Dashboard' is visible

2020-05-28 03:44:16 - [TEST_STEP][PASSED] - verifyElementVisible(findTestObject("Rizka/Admin/Admin - Login/span_Dashboard")): Object 'Object Repository/Rizka/Admin/Admin - Login/span_Dashboard' is visible

2020-05-28 03:44:18 - [MESSAGE][PASSED] - Object 'Object Repository/Rizka/Admin/Admin - Login/span_Dashboard' is visible

2020-05-28 03:44:18 - [MESSAGE][PASSED] - Call Test Case 'Test Cases/Rizka/Admin/Custom/Admin - Login' successfully

2020-05-28 03:44:18 - [TEST_STEP][PASSED] - delay(5): Delayed 5 second(s)

2020-05-28 03:44:23 - [MESSAGE][PASSED] - Delayed 5 second(s)

2020-05-28 03:44:23 - [TEST_STEP][PASSED] - click(findTestObject("Alda/Admin - Manage FAQ/Page_Dashboard Admin/span_manage_faq")): Object: 'Object Repository/Alda/Admin - Manage FAQ/Page_Dashboard Admin/span_manage_faq' is clicked on

2020-05-28 03:44:23 - [MESSAGE][PASSED] - Object: 'Object Repository/Alda/Admin - Manage FAQ/Page_Dashboard Admin/span_manage_faq' is clicked on

2020-05-28 03:44:23 - [TEST_STEP][PASSED] - click(findTestObject("Alda/Admin - Manage FAQ/Page_Manage Faq/input_search")): Object: 'Object Repository/Alda/Admin - Manage FAQ/Page_Manage Faq/input_search' is clicked on

2020-05-28 03:44:25 - [MESSAGE][PASSED] - Object: 'Object Repository/Alda/Admin - Manage FAQ/Page_Manage Faq/input_search' is clicked on

2020-05-28 03:44:25 - [TEST_STEP][PASSED] - setText(findTestObject("Alda/Admin - Manage FAQ/Page_Manage Faq/input_search"), var_search): Text 'question 3 adalah?' is set on object 'Object Repository/Alda/Admin - Manage FAQ/Page_Manage Faq/input_search'

2020-05-28 03:44:33 - [MESSAGE][PASSED] - Text 'question 3 adalah?' is set on object 'Object Repository/Alda/Admin - Manage FAQ/Page_Manage Faq/input_search'

2020-05-28 03:44:33 - [TEST_STEP][PASSED] - sendKeys(findTestObject("Alda/Admin - Manage FAQ/Page_Manage Faq/input_search"), Keys.chord(ENTER)): Keys 'ENTER + ' sent to object: 'Object Repository/Alda/Admin - Manage FAQ/Page_Manage Faq/input_search'

2020-05-28 03:44:33 - [MESSAGE][PASSED] - Keys 'ENTER + ' sent to object: 'Object Repository/Alda/Admin - Manage FAQ/Page_Manage Faq/input_search'

2020-05-28 03:44:33 - [TEST_STEP][PASSED] - if (expected_output == "found"): null

2020-05-28 03:44:33 - [MESSAGE][PASSED] - Call Test Case 'Test Cases/Alda/Admin - Manage FAQ/Search' successfully

2020-05-28 03:44:33 - [TEST_STEP][PASSED] - delay(5): Delayed 5 second(s)

2020-05-28 03:44:38 - [MESSAGE][PASSED] - Delayed 5 second(s)

2020-05-28 03:44:38 - [TEST_STEP][PASSED] - click(findTestObject("Alda/Admin - Manage FAQ/Page_Manage Faq/btn_edit")): Object: 'Object Repository/Alda/Admin - Manage FAQ/Page_Manage Faq/btn_edit' is clicked on

2020-05-28 03:44:38 - [MESSAGE][PASSED] - Object: 'Object Repository/Alda/Admin - Manage FAQ/Page_Manage Faq/btn_edit' is clicked on

2020-05-28 03:44:38 - [TEST_STEP][PASSED] - verifyElementVisible(findTestObject("Object Repository/Alda/Admin - Manage FAQ/Page_Manage Faq/header_edit_page")): Object 'Object Repository/Alda/Admin - Manage FAQ/Page_Manage Faq/header_edit_page' is visible

2020-05-28 03:44:42 - [MESSAGE][PASSED] - Object 'Object Repository/Alda/Admin - Manage FAQ/Page_Manage Faq/header_edit_page' is visible

2020-05-28 03:44:42 - [TEST_STEP][PASSED] - switch (opsi_edit): null

2020-05-28 03:44:42 - [TEST_STEP][PASSED] - case "all":: null

2020-05-28 03:44:42 - [TEST_STEP][PASSED] - clearText(findTestObject("Alda/Admin - Manage FAQ/Page_Manage Faq/edit_question"), STOP_ON_FAILURE): Text of object 'Object Repository/Alda/Admin - Manage FAQ/Page_Manage Faq/edit_question' is cleared

2020-05-28 03:44:45 - [MESSAGE][PASSED] - Text of object 'Object Repository/Alda/Admin - Manage FAQ/Page_Manage Faq/edit_question' is cleared

2020-05-28 03:44:45 - [TEST_STEP][PASSED] - setText(findTestObject("Alda/Admin - Manage FAQ/Page_Manage Faq/edit_question"), var_question_new): Text '' is set on object 'Object Repository/Alda/Admin - Manage FAQ/Page_Manage Faq/edit_question'

2020-05-28 03:44:45 - [MESSAGE][PASSED] - Text '' is set on object 'Object Repository/Alda/Admin - Manage FAQ/Page_Manage Faq/edit_question'

2020-05-28 03:44:45 - [TEST_STEP][PASSED] - clearText(findTestObject("Alda/Admin - Manage FAQ/Page_Manage Faq/edit_answer"), STOP_ON_FAILURE): Text of object 'Object Repository/Alda/Admin - Manage FAQ/Page_Manage Faq/edit_answer' is cleared

2020-05-28 03:44:45 - [MESSAGE][PASSED] - Text of object 'Object Repository/Alda/Admin - Manage FAQ/Page_Manage Faq/edit_answer' is cleared

2020-05-28 03:44:45 - [TEST_STEP][PASSED] - setText(findTestObject("Alda/Admin - Manage FAQ/Page_Manage Faq/edit_answer"), var_answer_new): Text '' is set on object 'Object Repository/Alda/Admin - Manage FAQ/Page_Manage Faq/edit_answer'

2020-05-28 03:44:46 - [MESSAGE][PASSED] - Text '' is set on object 'Object Repository/Alda/Admin - Manage FAQ/Page_Manage Faq/edit_answer'

2020-05-28 03:44:46 - [TEST_STEP][PASSED] - uploadFile(findTestObject("Alda/Admin - Manage FAQ/Page_Manage Faq/edit_gambar"), var_gambar_new): File 'C:\Users\asus\git\LMS27Mei\gambar_alda.jpg' sent to object: 'Object Repository/Alda/Admin - Manage FAQ/Page_Manage Faq/edit_gambar'

2020-05-28 03:44:46 - [MESSAGE][PASSED] - File 'C:\Users\asus\git\LMS27Mei\gambar_alda.jpg' sent to object: 'Object Repository/Alda/Admin - Manage FAQ/Page_Manage Faq/edit_gambar'

2020-05-28 03:44:46 - [TEST_STEP][PASSED] - if (expected_image == "success"): Keys 'ENTER + ' sent to object: 'Object Repository/Alda/Admin - Manage FAQ/Page_Manage Faq/edit_tag'

2020-05-28 03:44:46 - [TEST_STEP][PASSED] - verifyElementVisible(findTestObject("Object Repository/Alda/Admin - Manage FAQ/Page_Manage Faq/alert_success_upload_image")): Object 'Object Repository/Alda/Admin - Manage FAQ/Page_Manage Faq/alert_success_upload_image' is visible

2020-05-28 03:44:47 - [MESSAGE][PASSED] - Object 'Object Repository/Alda/Admin - Manage FAQ/Page_Manage Faq/alert_success_upload_image' is visible

2020-05-28 03:44:47 - [TEST_STEP][PASSED] - click(findTestObject("Alda/Admin - Manage FAQ/Page_Manage Faq/edit_tag")): Object: 'Object Repository/Alda/Admin - Manage FAQ/Page_Manage Faq/edit_tag' is clicked on

2020-05-28 03:44:47 - [MESSAGE][PASSED] - Object: 'Object Repository/Alda/Admin - Manage FAQ/Page_Manage Faq/edit_tag' is clicked on

2020-05-28 03:44:47 - [TEST_STEP][PASSED] - setText(findTestObject("Alda/Admin - Manage FAQ/Page_Manage Faq/edit_tag"), var_tag_new): Text 'apaaja' is set on object 'Object Repository/Alda/Admin - Manage FAQ/Page_Manage Faq/edit_tag'

2020-05-28 03:44:48 - [MESSAGE][PASSED] - Text 'apaaja' is set on object 'Object Repository/Alda/Admin - Manage FAQ/Page_Manage Faq/edit_tag'

2020-05-28 03:44:48 - [TEST_STEP][PASSED] - sendKeys(findTestObject("Alda/Admin - Manage FAQ/Page_Manage Faq/edit_tag"), Keys.chord(ENTER)): Keys 'ENTER + ' sent to object: 'Object Repository/Alda/Admin - Manage FAQ/Page_Manage Faq/edit_tag'

2020-05-28 03:44:49 - [MESSAGE][PASSED] - Keys 'ENTER + ' sent to object: 'Object Repository/Alda/Admin - Manage FAQ/Page_Manage Faq/edit_tag'

2020-05-28 03:44:49 - [TEST_STEP][PASSED] - break: null

2020-05-28 03:44:49 - [TEST_STEP][FAILED] - switch (expected_output): Unable to verify object 'Object Repository/Alda/Admin - Manage FAQ/Page_Manage Faq/alert_error' is visible (Root cause: com.kms.katalon.core.exception.StepFailedException: Unable to verify object 'Object Repository/Alda/Admin - Manage FAQ/Page_Manage Faq/alert_error' is visible
	at com.kms.katalon.core.webui.keyword.internal.WebUIKeywordMain.stepFailed(WebUIKeywordMain.groovy:64)
	at com.kms.katalon.core.webui.keyword.internal.WebUIKeywordMain.runKeyword(WebUIKeywordMain.groovy:26)
	at com.kms.katalon.core.webui.keyword.builtin.VerifyElementVisibleKeyword.verifyElementVisible(VerifyElementVisibleKeyword.groovy:97)
	at com.kms.katalon.core.webui.keyword.builtin.VerifyElementVisibleKeyword.execute(VerifyElementVisibleKeyword.groovy:67)
	at com.kms.katalon.core.keyword.internal.KeywordExecutor.executeKeywordForPlatform(KeywordExecutor.groovy:60)
	at com.kms.katalon.core.webui.keyword.WebUiBuiltInKeywords.verifyElementVisible(WebUiBuiltInKeywords.groovy:372)
	at com.kms.katalon.core.webui.keyword.WebUiBuiltInKeywords$verifyElementVisible$4.call(Unknown Source)
	at Edit.run(Edit:117)
	at com.kms.katalon.core.main.ScriptEngine.run(ScriptEngine.java:194)
	at com.kms.katalon.core.main.ScriptEngine.runScriptAsRawText(ScriptEngine.java:119)
	at com.kms.katalon.core.main.TestCaseExecutor.runScript(TestCaseExecutor.java:337)
	at com.kms.katalon.core.main.TestCaseExecutor.doExecute(TestCaseExecutor.java:328)
	at com.kms.katalon.core.main.TestCaseExecutor.processExecutionPhase(TestCaseExecutor.java:307)
	at com.kms.katalon.core.main.TestCaseExecutor.accessMainPhase(TestCaseExecutor.java:299)
	at com.kms.katalon.core.main.TestCaseExecutor.execute(TestCaseExecutor.java:233)
	at com.kms.katalon.core.main.TestSuiteExecutor.accessTestCaseMainPhase(TestSuiteExecutor.java:169)
	at com.kms.katalon.core.main.TestSuiteExecutor.accessTestSuiteMainPhase(TestSuiteExecutor.java:142)
	at com.kms.katalon.core.main.TestSuiteExecutor.execute(TestSuiteExecutor.java:91)
	at com.kms.katalon.core.main.TestCaseMain.startTestSuite(TestCaseMain.java:157)
	at com.kms.katalon.core.main.TestCaseMain$startTestSuite$0.call(Unknown Source)
	at TempTestSuite1590611845987.run(TempTestSuite1590611845987.groovy:36)
Caused by: com.kms.katalon.core.exception.StepFailedException: Web element with id: 'Object Repository/Alda/Admin - Manage FAQ/Page_Manage Faq/alert_error' located by 'By.xpath: id("ng-app")/modal-container[@class="modal fade in"]/app-page-managefaq[1]/div[@class="modal-dialog app-dialog modal-dialog app-alert-dialog"]/div[@class="modal-content"]/div[@class="app-dialog-header modal-header"]/h4[@class="app-dialog-title modal-title"][count(. | //*[(text() = 'Alert' or . = 'Alert')]) = count(//*[(text() = 'Alert' or . = 'Alert')])]' not found
	at com.kms.katalon.core.webui.keyword.internal.WebUIKeywordMain.stepFailed(WebUIKeywordMain.groovy:64)
	at com.kms.katalon.core.webui.keyword.builtin.VerifyElementVisibleKeyword$_verifyElementVisible_closure1.doCall(VerifyElementVisibleKeyword.groovy:89)
	at com.kms.katalon.core.webui.keyword.builtin.VerifyElementVisibleKeyword$_verifyElementVisible_closure1.call(VerifyElementVisibleKeyword.groovy)
	at com.kms.katalon.core.webui.keyword.internal.WebUIKeywordMain.runKeyword(WebUIKeywordMain.groovy:20)
	... 19 more
)

2020-05-28 03:44:49 - [TEST_STEP][FAILED] - case "fail":: Unable to verify object 'Object Repository/Alda/Admin - Manage FAQ/Page_Manage Faq/alert_error' is visible (Root cause: com.kms.katalon.core.exception.StepFailedException: Unable to verify object 'Object Repository/Alda/Admin - Manage FAQ/Page_Manage Faq/alert_error' is visible
	at com.kms.katalon.core.webui.keyword.internal.WebUIKeywordMain.stepFailed(WebUIKeywordMain.groovy:64)
	at com.kms.katalon.core.webui.keyword.internal.WebUIKeywordMain.runKeyword(WebUIKeywordMain.groovy:26)
	at com.kms.katalon.core.webui.keyword.builtin.VerifyElementVisibleKeyword.verifyElementVisible(VerifyElementVisibleKeyword.groovy:97)
	at com.kms.katalon.core.webui.keyword.builtin.VerifyElementVisibleKeyword.execute(VerifyElementVisibleKeyword.groovy:67)
	at com.kms.katalon.core.keyword.internal.KeywordExecutor.executeKeywordForPlatform(KeywordExecutor.groovy:60)
	at com.kms.katalon.core.webui.keyword.WebUiBuiltInKeywords.verifyElementVisible(WebUiBuiltInKeywords.groovy:372)
	at com.kms.katalon.core.webui.keyword.WebUiBuiltInKeywords$verifyElementVisible$4.call(Unknown Source)
	at Edit.run(Edit:117)
	at com.kms.katalon.core.main.ScriptEngine.run(ScriptEngine.java:194)
	at com.kms.katalon.core.main.ScriptEngine.runScriptAsRawText(ScriptEngine.java:119)
	at com.kms.katalon.core.main.TestCaseExecutor.runScript(TestCaseExecutor.java:337)
	at com.kms.katalon.core.main.TestCaseExecutor.doExecute(TestCaseExecutor.java:328)
	at com.kms.katalon.core.main.TestCaseExecutor.processExecutionPhase(TestCaseExecutor.java:307)
	at com.kms.katalon.core.main.TestCaseExecutor.accessMainPhase(TestCaseExecutor.java:299)
	at com.kms.katalon.core.main.TestCaseExecutor.execute(TestCaseExecutor.java:233)
	at com.kms.katalon.core.main.TestSuiteExecutor.accessTestCaseMainPhase(TestSuiteExecutor.java:169)
	at com.kms.katalon.core.main.TestSuiteExecutor.accessTestSuiteMainPhase(TestSuiteExecutor.java:142)
	at com.kms.katalon.core.main.TestSuiteExecutor.execute(TestSuiteExecutor.java:91)
	at com.kms.katalon.core.main.TestCaseMain.startTestSuite(TestCaseMain.java:157)
	at com.kms.katalon.core.main.TestCaseMain$startTestSuite$0.call(Unknown Source)
	at TempTestSuite1590611845987.run(TempTestSuite1590611845987.groovy:36)
Caused by: com.kms.katalon.core.exception.StepFailedException: Web element with id: 'Object Repository/Alda/Admin - Manage FAQ/Page_Manage Faq/alert_error' located by 'By.xpath: id("ng-app")/modal-container[@class="modal fade in"]/app-page-managefaq[1]/div[@class="modal-dialog app-dialog modal-dialog app-alert-dialog"]/div[@class="modal-content"]/div[@class="app-dialog-header modal-header"]/h4[@class="app-dialog-title modal-title"][count(. | //*[(text() = 'Alert' or . = 'Alert')]) = count(//*[(text() = 'Alert' or . = 'Alert')])]' not found
	at com.kms.katalon.core.webui.keyword.internal.WebUIKeywordMain.stepFailed(WebUIKeywordMain.groovy:64)
	at com.kms.katalon.core.webui.keyword.builtin.VerifyElementVisibleKeyword$_verifyElementVisible_closure1.doCall(VerifyElementVisibleKeyword.groovy:89)
	at com.kms.katalon.core.webui.keyword.builtin.VerifyElementVisibleKeyword$_verifyElementVisible_closure1.call(VerifyElementVisibleKeyword.groovy)
	at com.kms.katalon.core.webui.keyword.internal.WebUIKeywordMain.runKeyword(WebUIKeywordMain.groovy:20)
	... 19 more
)

2020-05-28 03:44:49 - [TEST_STEP][PASSED] - click(findTestObject("Object Repository/Alda/Admin - Manage FAQ/Page_Manage Faq/btn_save_edit")): Object: 'Object Repository/Alda/Admin - Manage FAQ/Page_Manage Faq/btn_save_edit' is clicked on

2020-05-28 03:44:49 - [MESSAGE][PASSED] - Object: 'Object Repository/Alda/Admin - Manage FAQ/Page_Manage Faq/btn_save_edit' is clicked on

2020-05-28 03:44:49 - [TEST_STEP][PASSED] - delay(3): Delayed 3 second(s)

2020-05-28 03:44:52 - [MESSAGE][PASSED] - Delayed 3 second(s)

2020-05-28 03:44:52 - [TEST_STEP][FAILED] - verifyElementVisible(findTestObject("Alda/Admin - Manage FAQ/Page_Manage Faq/alert_error")): Unable to verify object 'Object Repository/Alda/Admin - Manage FAQ/Page_Manage Faq/alert_error' is visible (Root cause: com.kms.katalon.core.exception.StepFailedException: Unable to verify object 'Object Repository/Alda/Admin - Manage FAQ/Page_Manage Faq/alert_error' is visible
	at com.kms.katalon.core.webui.keyword.internal.WebUIKeywordMain.stepFailed(WebUIKeywordMain.groovy:64)
	at com.kms.katalon.core.webui.keyword.internal.WebUIKeywordMain.runKeyword(WebUIKeywordMain.groovy:26)
	at com.kms.katalon.core.webui.keyword.builtin.VerifyElementVisibleKeyword.verifyElementVisible(VerifyElementVisibleKeyword.groovy:97)
	at com.kms.katalon.core.webui.keyword.builtin.VerifyElementVisibleKeyword.execute(VerifyElementVisibleKeyword.groovy:67)
	at com.kms.katalon.core.keyword.internal.KeywordExecutor.executeKeywordForPlatform(KeywordExecutor.groovy:60)
	at com.kms.katalon.core.webui.keyword.WebUiBuiltInKeywords.verifyElementVisible(WebUiBuiltInKeywords.groovy:372)
	at com.kms.katalon.core.webui.keyword.WebUiBuiltInKeywords$verifyElementVisible$4.call(Unknown Source)
	at Edit.run(Edit:117)
	at com.kms.katalon.core.main.ScriptEngine.run(ScriptEngine.java:194)
	at com.kms.katalon.core.main.ScriptEngine.runScriptAsRawText(ScriptEngine.java:119)
	at com.kms.katalon.core.main.TestCaseExecutor.runScript(TestCaseExecutor.java:337)
	at com.kms.katalon.core.main.TestCaseExecutor.doExecute(TestCaseExecutor.java:328)
	at com.kms.katalon.core.main.TestCaseExecutor.processExecutionPhase(TestCaseExecutor.java:307)
	at com.kms.katalon.core.main.TestCaseExecutor.accessMainPhase(TestCaseExecutor.java:299)
	at com.kms.katalon.core.main.TestCaseExecutor.execute(TestCaseExecutor.java:233)
	at com.kms.katalon.core.main.TestSuiteExecutor.accessTestCaseMainPhase(TestSuiteExecutor.java:169)
	at com.kms.katalon.core.main.TestSuiteExecutor.accessTestSuiteMainPhase(TestSuiteExecutor.java:142)
	at com.kms.katalon.core.main.TestSuiteExecutor.execute(TestSuiteExecutor.java:91)
	at com.kms.katalon.core.main.TestCaseMain.startTestSuite(TestCaseMain.java:157)
	at com.kms.katalon.core.main.TestCaseMain$startTestSuite$0.call(Unknown Source)
	at TempTestSuite1590611845987.run(TempTestSuite1590611845987.groovy:36)
Caused by: com.kms.katalon.core.exception.StepFailedException: Web element with id: 'Object Repository/Alda/Admin - Manage FAQ/Page_Manage Faq/alert_error' located by 'By.xpath: id("ng-app")/modal-container[@class="modal fade in"]/app-page-managefaq[1]/div[@class="modal-dialog app-dialog modal-dialog app-alert-dialog"]/div[@class="modal-content"]/div[@class="app-dialog-header modal-header"]/h4[@class="app-dialog-title modal-title"][count(. | //*[(text() = 'Alert' or . = 'Alert')]) = count(//*[(text() = 'Alert' or . = 'Alert')])]' not found
	at com.kms.katalon.core.webui.keyword.internal.WebUIKeywordMain.stepFailed(WebUIKeywordMain.groovy:64)
	at com.kms.katalon.core.webui.keyword.builtin.VerifyElementVisibleKeyword$_verifyElementVisible_closure1.doCall(VerifyElementVisibleKeyword.groovy:89)
	at com.kms.katalon.core.webui.keyword.builtin.VerifyElementVisibleKeyword$_verifyElementVisible_closure1.call(VerifyElementVisibleKeyword.groovy)
	at com.kms.katalon.core.webui.keyword.internal.WebUIKeywordMain.runKeyword(WebUIKeywordMain.groovy:20)
	... 19 more
)

2020-05-28 03:45:34 - [MESSAGE][INFO] - Unable to find the element located by 'By.xpath: id("ng-app")/modal-container[@class="modal fade in"]/app-page-managefaq[1]/div[@class="modal-dialog app-dialog modal-dialog app-alert-dialog"]/div[@class="modal-content"]/div[@class="app-dialog-header modal-header"]/h4[@class="app-dialog-title modal-title"][count(. | //*[(text() = 'Alert' or . = 'Alert')]) = count(//*[(text() = 'Alert' or . = 'Alert')])]'. Please recheck the objects properties to make sure the desired element is located. 

2020-05-28 03:45:34 - [MESSAGE][FAILED] - Web element with id: 'Object Repository/Alda/Admin - Manage FAQ/Page_Manage Faq/alert_error' located by 'By.xpath: id("ng-app")/modal-container[@class="modal fade in"]/app-page-managefaq[1]/div[@class="modal-dialog app-dialog modal-dialog app-alert-dialog"]/div[@class="modal-content"]/div[@class="app-dialog-header modal-header"]/h4[@class="app-dialog-title modal-title"][count(. | //*[(text() = 'Alert' or . = 'Alert')]) = count(//*[(text() = 'Alert' or . = 'Alert')])]' not found (Root cause: com.kms.katalon.core.exception.StepFailedException: Web element with id: 'Object Repository/Alda/Admin - Manage FAQ/Page_Manage Faq/alert_error' located by 'By.xpath: id("ng-app")/modal-container[@class="modal fade in"]/app-page-managefaq[1]/div[@class="modal-dialog app-dialog modal-dialog app-alert-dialog"]/div[@class="modal-content"]/div[@class="app-dialog-header modal-header"]/h4[@class="app-dialog-title modal-title"][count(. | //*[(text() = 'Alert' or . = 'Alert')]) = count(//*[(text() = 'Alert' or . = 'Alert')])]' not found
	at com.kms.katalon.core.webui.keyword.internal.WebUIKeywordMain.stepFailed(WebUIKeywordMain.groovy:64)
	at com.kms.katalon.core.webui.keyword.builtin.VerifyElementVisibleKeyword$_verifyElementVisible_closure1.doCall(VerifyElementVisibleKeyword.groovy:89)
	at com.kms.katalon.core.webui.keyword.builtin.VerifyElementVisibleKeyword$_verifyElementVisible_closure1.call(VerifyElementVisibleKeyword.groovy)
	at com.kms.katalon.core.webui.keyword.internal.WebUIKeywordMain.runKeyword(WebUIKeywordMain.groovy:20)
	at com.kms.katalon.core.webui.keyword.builtin.VerifyElementVisibleKeyword.verifyElementVisible(VerifyElementVisibleKeyword.groovy:97)
	at com.kms.katalon.core.webui.keyword.builtin.VerifyElementVisibleKeyword.execute(VerifyElementVisibleKeyword.groovy:67)
	at com.kms.katalon.core.keyword.internal.KeywordExecutor.executeKeywordForPlatform(KeywordExecutor.groovy:60)
	at com.kms.katalon.core.webui.keyword.WebUiBuiltInKeywords.verifyElementVisible(WebUiBuiltInKeywords.groovy:372)
	at com.kms.katalon.core.webui.keyword.WebUiBuiltInKeywords$verifyElementVisible$4.call(Unknown Source)
	at Edit.run(Edit:117)
	at com.kms.katalon.core.main.ScriptEngine.run(ScriptEngine.java:194)
	at com.kms.katalon.core.main.ScriptEngine.runScriptAsRawText(ScriptEngine.java:119)
	at com.kms.katalon.core.main.TestCaseExecutor.runScript(TestCaseExecutor.java:337)
	at com.kms.katalon.core.main.TestCaseExecutor.doExecute(TestCaseExecutor.java:328)
	at com.kms.katalon.core.main.TestCaseExecutor.processExecutionPhase(TestCaseExecutor.java:307)
	at com.kms.katalon.core.main.TestCaseExecutor.accessMainPhase(TestCaseExecutor.java:299)
	at com.kms.katalon.core.main.TestCaseExecutor.execute(TestCaseExecutor.java:233)
	at com.kms.katalon.core.main.TestSuiteExecutor.accessTestCaseMainPhase(TestSuiteExecutor.java:169)
	at com.kms.katalon.core.main.TestSuiteExecutor.accessTestSuiteMainPhase(TestSuiteExecutor.java:142)
	at com.kms.katalon.core.main.TestSuiteExecutor.execute(TestSuiteExecutor.java:91)
	at com.kms.katalon.core.main.TestCaseMain.startTestSuite(TestCaseMain.java:157)
	at com.kms.katalon.core.main.TestCaseMain$startTestSuite$0.call(Unknown Source)
	at TempTestSuite1590611845987.run(TempTestSuite1590611845987.groovy:36)
)
[[ATTACHMENT|C:\\Users\\asus\\git\\LMS27Mei\\Reports\\20200528_033725\\Alda\\Admin_Manage FAQ - Edit\\20200528_033725\\1590612334634.png]]

2020-05-28 03:45:35 - [MESSAGE][FAILED] - Unable to verify object 'Object Repository/Alda/Admin - Manage FAQ/Page_Manage Faq/alert_error' is visible (Root cause: com.kms.katalon.core.exception.StepFailedException: Unable to verify object 'Object Repository/Alda/Admin - Manage FAQ/Page_Manage Faq/alert_error' is visible
	at com.kms.katalon.core.webui.keyword.internal.WebUIKeywordMain.stepFailed(WebUIKeywordMain.groovy:64)
	at com.kms.katalon.core.webui.keyword.internal.WebUIKeywordMain.runKeyword(WebUIKeywordMain.groovy:26)
	at com.kms.katalon.core.webui.keyword.builtin.VerifyElementVisibleKeyword.verifyElementVisible(VerifyElementVisibleKeyword.groovy:97)
	at com.kms.katalon.core.webui.keyword.builtin.VerifyElementVisibleKeyword.execute(VerifyElementVisibleKeyword.groovy:67)
	at com.kms.katalon.core.keyword.internal.KeywordExecutor.executeKeywordForPlatform(KeywordExecutor.groovy:60)
	at com.kms.katalon.core.webui.keyword.WebUiBuiltInKeywords.verifyElementVisible(WebUiBuiltInKeywords.groovy:372)
	at com.kms.katalon.core.webui.keyword.WebUiBuiltInKeywords$verifyElementVisible$4.call(Unknown Source)
	at Edit.run(Edit:117)
	at com.kms.katalon.core.main.ScriptEngine.run(ScriptEngine.java:194)
	at com.kms.katalon.core.main.ScriptEngine.runScriptAsRawText(ScriptEngine.java:119)
	at com.kms.katalon.core.main.TestCaseExecutor.runScript(TestCaseExecutor.java:337)
	at com.kms.katalon.core.main.TestCaseExecutor.doExecute(TestCaseExecutor.java:328)
	at com.kms.katalon.core.main.TestCaseExecutor.processExecutionPhase(TestCaseExecutor.java:307)
	at com.kms.katalon.core.main.TestCaseExecutor.accessMainPhase(TestCaseExecutor.java:299)
	at com.kms.katalon.core.main.TestCaseExecutor.execute(TestCaseExecutor.java:233)
	at com.kms.katalon.core.main.TestSuiteExecutor.accessTestCaseMainPhase(TestSuiteExecutor.java:169)
	at com.kms.katalon.core.main.TestSuiteExecutor.accessTestSuiteMainPhase(TestSuiteExecutor.java:142)
	at com.kms.katalon.core.main.TestSuiteExecutor.execute(TestSuiteExecutor.java:91)
	at com.kms.katalon.core.main.TestCaseMain.startTestSuite(TestCaseMain.java:157)
	at com.kms.katalon.core.main.TestCaseMain$startTestSuite$0.call(Unknown Source)
	at TempTestSuite1590611845987.run(TempTestSuite1590611845987.groovy:36)
Caused by: com.kms.katalon.core.exception.StepFailedException: Web element with id: 'Object Repository/Alda/Admin - Manage FAQ/Page_Manage Faq/alert_error' located by 'By.xpath: id("ng-app")/modal-container[@class="modal fade in"]/app-page-managefaq[1]/div[@class="modal-dialog app-dialog modal-dialog app-alert-dialog"]/div[@class="modal-content"]/div[@class="app-dialog-header modal-header"]/h4[@class="app-dialog-title modal-title"][count(. | //*[(text() = 'Alert' or . = 'Alert')]) = count(//*[(text() = 'Alert' or . = 'Alert')])]' not found
	at com.kms.katalon.core.webui.keyword.internal.WebUIKeywordMain.stepFailed(WebUIKeywordMain.groovy:64)
	at com.kms.katalon.core.webui.keyword.builtin.VerifyElementVisibleKeyword$_verifyElementVisible_closure1.doCall(VerifyElementVisibleKeyword.groovy:89)
	at com.kms.katalon.core.webui.keyword.builtin.VerifyElementVisibleKeyword$_verifyElementVisible_closure1.call(VerifyElementVisibleKeyword.groovy)
	at com.kms.katalon.core.webui.keyword.internal.WebUIKeywordMain.runKeyword(WebUIKeywordMain.groovy:20)
	... 19 more
)
[[ATTACHMENT|C:\\Users\\asus\\git\\LMS27Mei\\Reports\\20200528_033725\\Alda\\Admin_Manage FAQ - Edit\\20200528_033725\\1590612334904.png]]]]></system-out>
         <system-err><![CDATA[2020-05-28 03:43:13 - [TEST_CASE][FAILED] - Test Cases/Alda/Admin - Manage FAQ/Edit: Test Cases/Alda/Admin - Manage FAQ/Edit FAILED.
Reason:
com.kms.katalon.core.exception.StepFailedException: Unable to verify object 'Object Repository/Alda/Admin - Manage FAQ/Page_Manage Faq/alert_error' is visible
	at com.kms.katalon.core.webui.keyword.internal.WebUIKeywordMain.stepFailed(WebUIKeywordMain.groovy:64)
	at com.kms.katalon.core.webui.keyword.internal.WebUIKeywordMain.runKeyword(WebUIKeywordMain.groovy:26)
	at com.kms.katalon.core.webui.keyword.builtin.VerifyElementVisibleKeyword.verifyElementVisible(VerifyElementVisibleKeyword.groovy:97)
	at com.kms.katalon.core.webui.keyword.builtin.VerifyElementVisibleKeyword.execute(VerifyElementVisibleKeyword.groovy:67)
	at com.kms.katalon.core.keyword.internal.KeywordExecutor.executeKeywordForPlatform(KeywordExecutor.groovy:60)
	at com.kms.katalon.core.webui.keyword.WebUiBuiltInKeywords.verifyElementVisible(WebUiBuiltInKeywords.groovy:372)
	at com.kms.katalon.core.webui.keyword.WebUiBuiltInKeywords$verifyElementVisible$4.call(Unknown Source)
	at Edit.run(Edit:117)
	at com.kms.katalon.core.main.ScriptEngine.run(ScriptEngine.java:194)
	at com.kms.katalon.core.main.ScriptEngine.runScriptAsRawText(ScriptEngine.java:119)
	at com.kms.katalon.core.main.TestCaseExecutor.runScript(TestCaseExecutor.java:337)
	at com.kms.katalon.core.main.TestCaseExecutor.doExecute(TestCaseExecutor.java:328)
	at com.kms.katalon.core.main.TestCaseExecutor.processExecutionPhase(TestCaseExecutor.java:307)
	at com.kms.katalon.core.main.TestCaseExecutor.accessMainPhase(TestCaseExecutor.java:299)
	at com.kms.katalon.core.main.TestCaseExecutor.execute(TestCaseExecutor.java:233)
	at com.kms.katalon.core.main.TestSuiteExecutor.accessTestCaseMainPhase(TestSuiteExecutor.java:169)
	at com.kms.katalon.core.main.TestSuiteExecutor.accessTestSuiteMainPhase(TestSuiteExecutor.java:142)
	at com.kms.katalon.core.main.TestSuiteExecutor.execute(TestSuiteExecutor.java:91)
	at com.kms.katalon.core.main.TestCaseMain.startTestSuite(TestCaseMain.java:157)
	at com.kms.katalon.core.main.TestCaseMain$startTestSuite$0.call(Unknown Source)
	at TempTestSuite1590611845987.run(TempTestSuite1590611845987.groovy:36)
Caused by: com.kms.katalon.core.exception.StepFailedException: Web element with id: 'Object Repository/Alda/Admin - Manage FAQ/Page_Manage Faq/alert_error' located by 'By.xpath: id("ng-app")/modal-container[@class="modal fade in"]/app-page-managefaq[1]/div[@class="modal-dialog app-dialog modal-dialog app-alert-dialog"]/div[@class="modal-content"]/div[@class="app-dialog-header modal-header"]/h4[@class="app-dialog-title modal-title"][count(. | //*[(text() = 'Alert' or . = 'Alert')]) = count(//*[(text() = 'Alert' or . = 'Alert')])]' not found
	at com.kms.katalon.core.webui.keyword.internal.WebUIKeywordMain.stepFailed(WebUIKeywordMain.groovy:64)
	at com.kms.katalon.core.webui.keyword.builtin.VerifyElementVisibleKeyword$_verifyElementVisible_closure1.doCall(VerifyElementVisibleKeyword.groovy:89)
	at com.kms.katalon.core.webui.keyword.builtin.VerifyElementVisibleKeyword$_verifyElementVisible_closure1.call(VerifyElementVisibleKeyword.groovy)
	at com.kms.katalon.core.webui.keyword.internal.WebUIKeywordMain.runKeyword(WebUIKeywordMain.groovy:20)
	... 19 more]]></system-err>
      </testcase>
      <testcase name="Test Cases/Alda/Admin - Manage FAQ/Edit" time="151.545" classname="Test Cases/Alda/Admin - Manage FAQ/Edit" status="FAILED">
         <failure type="FAILED" message="Test Cases/Alda/Admin - Manage FAQ/Edit FAILED.
Reason:
com.kms.katalon.core.exception.StepFailedException: Unable to verify object 'Object Repository/Alda/Admin - Manage FAQ/Page_Manage Faq/alert_error' is visible
	at com.kms.katalon.core.webui.keyword.internal.WebUIKeywordMain.stepFailed(WebUIKeywordMain.groovy:64)
	at com.kms.katalon.core.webui.keyword.internal.WebUIKeywordMain.runKeyword(WebUIKeywordMain.groovy:26)
	at com.kms.katalon.core.webui.keyword.builtin.VerifyElementVisibleKeyword.verifyElementVisible(VerifyElementVisibleKeyword.groovy:97)
	at com.kms.katalon.core.webui.keyword.builtin.VerifyElementVisibleKeyword.execute(VerifyElementVisibleKeyword.groovy:67)
	at com.kms.katalon.core.keyword.internal.KeywordExecutor.executeKeywordForPlatform(KeywordExecutor.groovy:60)
	at com.kms.katalon.core.webui.keyword.WebUiBuiltInKeywords.verifyElementVisible(WebUiBuiltInKeywords.groovy:372)
	at com.kms.katalon.core.webui.keyword.WebUiBuiltInKeywords$verifyElementVisible$4.call(Unknown Source)
	at Edit.run(Edit:117)
	at com.kms.katalon.core.main.ScriptEngine.run(ScriptEngine.java:194)
	at com.kms.katalon.core.main.ScriptEngine.runScriptAsRawText(ScriptEngine.java:119)
	at com.kms.katalon.core.main.TestCaseExecutor.runScript(TestCaseExecutor.java:337)
	at com.kms.katalon.core.main.TestCaseExecutor.doExecute(TestCaseExecutor.java:328)
	at com.kms.katalon.core.main.TestCaseExecutor.processExecutionPhase(TestCaseExecutor.java:307)
	at com.kms.katalon.core.main.TestCaseExecutor.accessMainPhase(TestCaseExecutor.java:299)
	at com.kms.katalon.core.main.TestCaseExecutor.execute(TestCaseExecutor.java:233)
	at com.kms.katalon.core.main.TestSuiteExecutor.accessTestCaseMainPhase(TestSuiteExecutor.java:169)
	at com.kms.katalon.core.main.TestSuiteExecutor.accessTestSuiteMainPhase(TestSuiteExecutor.java:142)
	at com.kms.katalon.core.main.TestSuiteExecutor.execute(TestSuiteExecutor.java:91)
	at com.kms.katalon.core.main.TestCaseMain.startTestSuite(TestCaseMain.java:157)
	at com.kms.katalon.core.main.TestCaseMain$startTestSuite$0.call(Unknown Source)
	at TempTestSuite1590611845987.run(TempTestSuite1590611845987.groovy:36)
Caused by: com.kms.katalon.core.exception.StepFailedException: Web element with id: 'Object Repository/Alda/Admin - Manage FAQ/Page_Manage Faq/alert_error' located by 'By.xpath: id(&quot;ng-app&quot;)/modal-container[@class=&quot;modal fade in&quot;]/app-page-managefaq[1]/div[@class=&quot;modal-dialog app-dialog modal-dialog app-alert-dialog&quot;]/div[@class=&quot;modal-content&quot;]/div[@class=&quot;app-dialog-header modal-header&quot;]/h4[@class=&quot;app-dialog-title modal-title&quot;][count(. | //*[(text() = 'Alert' or . = 'Alert')]) = count(//*[(text() = 'Alert' or . = 'Alert')])]' not found
	at com.kms.katalon.core.webui.keyword.internal.WebUIKeywordMain.stepFailed(WebUIKeywordMain.groovy:64)
	at com.kms.katalon.core.webui.keyword.builtin.VerifyElementVisibleKeyword$_verifyElementVisible_closure1.doCall(VerifyElementVisibleKeyword.groovy:89)
	at com.kms.katalon.core.webui.keyword.builtin.VerifyElementVisibleKeyword$_verifyElementVisible_closure1.call(VerifyElementVisibleKeyword.groovy)
	at com.kms.katalon.core.webui.keyword.internal.WebUIKeywordMain.runKeyword(WebUIKeywordMain.groovy:20)
	... 19 more
"/>
         <system-out><![CDATA[2020-05-28 03:45:35 - [TEST_CASE][FAILED] - Test Cases/Alda/Admin - Manage FAQ/Edit: Test Cases/Alda/Admin - Manage FAQ/Edit FAILED.
Reason:
com.kms.katalon.core.exception.StepFailedException: Unable to verify object 'Object Repository/Alda/Admin - Manage FAQ/Page_Manage Faq/alert_error' is visible
	at com.kms.katalon.core.webui.keyword.internal.WebUIKeywordMain.stepFailed(WebUIKeywordMain.groovy:64)
	at com.kms.katalon.core.webui.keyword.internal.WebUIKeywordMain.runKeyword(WebUIKeywordMain.groovy:26)
	at com.kms.katalon.core.webui.keyword.builtin.VerifyElementVisibleKeyword.verifyElementVisible(VerifyElementVisibleKeyword.groovy:97)
	at com.kms.katalon.core.webui.keyword.builtin.VerifyElementVisibleKeyword.execute(VerifyElementVisibleKeyword.groovy:67)
	at com.kms.katalon.core.keyword.internal.KeywordExecutor.executeKeywordForPlatform(KeywordExecutor.groovy:60)
	at com.kms.katalon.core.webui.keyword.WebUiBuiltInKeywords.verifyElementVisible(WebUiBuiltInKeywords.groovy:372)
	at com.kms.katalon.core.webui.keyword.WebUiBuiltInKeywords$verifyElementVisible$4.call(Unknown Source)
	at Edit.run(Edit:117)
	at com.kms.katalon.core.main.ScriptEngine.run(ScriptEngine.java:194)
	at com.kms.katalon.core.main.ScriptEngine.runScriptAsRawText(ScriptEngine.java:119)
	at com.kms.katalon.core.main.TestCaseExecutor.runScript(TestCaseExecutor.java:337)
	at com.kms.katalon.core.main.TestCaseExecutor.doExecute(TestCaseExecutor.java:328)
	at com.kms.katalon.core.main.TestCaseExecutor.processExecutionPhase(TestCaseExecutor.java:307)
	at com.kms.katalon.core.main.TestCaseExecutor.accessMainPhase(TestCaseExecutor.java:299)
	at com.kms.katalon.core.main.TestCaseExecutor.execute(TestCaseExecutor.java:233)
	at com.kms.katalon.core.main.TestSuiteExecutor.accessTestCaseMainPhase(TestSuiteExecutor.java:169)
	at com.kms.katalon.core.main.TestSuiteExecutor.accessTestSuiteMainPhase(TestSuiteExecutor.java:142)
	at com.kms.katalon.core.main.TestSuiteExecutor.execute(TestSuiteExecutor.java:91)
	at com.kms.katalon.core.main.TestCaseMain.startTestSuite(TestCaseMain.java:157)
	at com.kms.katalon.core.main.TestCaseMain$startTestSuite$0.call(Unknown Source)
	at TempTestSuite1590611845987.run(TempTestSuite1590611845987.groovy:36)
Caused by: com.kms.katalon.core.exception.StepFailedException: Web element with id: 'Object Repository/Alda/Admin - Manage FAQ/Page_Manage Faq/alert_error' located by 'By.xpath: id("ng-app")/modal-container[@class="modal fade in"]/app-page-managefaq[1]/div[@class="modal-dialog app-dialog modal-dialog app-alert-dialog"]/div[@class="modal-content"]/div[@class="app-dialog-header modal-header"]/h4[@class="app-dialog-title modal-title"][count(. | //*[(text() = 'Alert' or . = 'Alert')]) = count(//*[(text() = 'Alert' or . = 'Alert')])]' not found
	at com.kms.katalon.core.webui.keyword.internal.WebUIKeywordMain.stepFailed(WebUIKeywordMain.groovy:64)
	at com.kms.katalon.core.webui.keyword.builtin.VerifyElementVisibleKeyword$_verifyElementVisible_closure1.doCall(VerifyElementVisibleKeyword.groovy:89)
	at com.kms.katalon.core.webui.keyword.builtin.VerifyElementVisibleKeyword$_verifyElementVisible_closure1.call(VerifyElementVisibleKeyword.groovy)
	at com.kms.katalon.core.webui.keyword.internal.WebUIKeywordMain.runKeyword(WebUIKeywordMain.groovy:20)
	... 19 more


2020-05-28 03:45:35 - [TEST_STEP][PASSED] - callTestCase(findTestCase("Alda/Admin - Manage FAQ/Search"), ["var_search":var_search, "expected_output":""], STOP_ON_FAILURE): Call Test Case 'Test Cases/Alda/Admin - Manage FAQ/Search' successfully

2020-05-28 03:45:35 - [TEST_CASE][PASSED] - Test Cases/Alda/Admin - Manage FAQ/Search: Test Cases/Alda/Admin - Manage FAQ/Search

2020-05-28 03:45:35 - [TEST_STEP][PASSED] - callTestCase(findTestCase("Rizka/Admin/Custom/Admin - Login"), ["username":"11666", "password":"Password3", "rememberMe":"yes", "condition":"passed"], STOP_ON_FAILURE): Call Test Case 'Test Cases/Rizka/Admin/Custom/Admin - Login' successfully

2020-05-28 03:45:35 - [TEST_CASE][PASSED] - Test Cases/Rizka/Admin/Custom/Admin - Login: Test Cases/Rizka/Admin/Custom/Admin - Login

2020-05-28 03:45:35 - [TEST_STEP][PASSED] - openBrowser(""): Browser is opened with url: ''

2020-05-28 03:45:35 - [MESSAGE][WARNING] - A browser is already opened. Closing browser and opening a new one

2020-05-28 03:45:36 - [MESSAGE][INFO] - Starting 'Chrome' driver

2020-05-28 03:45:38 - [MESSAGE][PASSED] - Browser is opened with url: ''

2020-05-28 03:45:38 - [TEST_STEP][PASSED] - navigateToUrl("https://appsrv1.deltadatamandiri.com/ACC_LMS_WEB/#/admNLmn"): Navigate to 'https://appsrv1.deltadatamandiri.com/ACC_LMS_WEB/#/admNLmn' successfully

2020-05-28 03:46:03 - [MESSAGE][PASSED] - Navigate to 'https://appsrv1.deltadatamandiri.com/ACC_LMS_WEB/#/admNLmn' successfully

2020-05-28 03:46:03 - [TEST_STEP][PASSED] - maximizeWindow(): Current window maximized

2020-05-28 03:46:04 - [MESSAGE][PASSED] - Current window maximized

2020-05-28 03:46:04 - [TEST_STEP][PASSED] - delay(30): Delayed 30 second(s)

2020-05-28 03:46:34 - [MESSAGE][PASSED] - Delayed 30 second(s)

2020-05-28 03:46:34 - [TEST_STEP][PASSED] - click(findTestObject("Rizka/Admin/Admin - Login/btnLogin")): Object: 'Object Repository/Rizka/Admin/Admin - Login/btnLogin' is clicked on

2020-05-28 03:46:34 - [MESSAGE][PASSED] - Object: 'Object Repository/Rizka/Admin/Admin - Login/btnLogin' is clicked on

2020-05-28 03:46:34 - [TEST_STEP][PASSED] - setText(findTestObject("Rizka/Admin/Admin - Login/txtUsername"), username): Text '11666' is set on object 'Object Repository/Rizka/Admin/Admin - Login/txtUsername'

2020-05-28 03:46:35 - [MESSAGE][PASSED] - Text '11666' is set on object 'Object Repository/Rizka/Admin/Admin - Login/txtUsername'

2020-05-28 03:46:35 - [TEST_STEP][PASSED] - setText(findTestObject("Rizka/Admin/Admin - Login/txtPassword"), password): Text 'Password3' is set on object 'Object Repository/Rizka/Admin/Admin - Login/txtPassword'

2020-05-28 03:46:35 - [MESSAGE][PASSED] - Text 'Password3' is set on object 'Object Repository/Rizka/Admin/Admin - Login/txtPassword'

2020-05-28 03:46:35 - [TEST_STEP][PASSED] - click(findTestObject("Rizka/Admin/Admin - Login/btnEyePass")): Object: 'Object Repository/Rizka/Admin/Admin - Login/btnEyePass' is clicked on

2020-05-28 03:46:35 - [MESSAGE][PASSED] - Object: 'Object Repository/Rizka/Admin/Admin - Login/btnEyePass' is clicked on

2020-05-28 03:46:35 - [TEST_STEP][PASSED] - if (rememberMe == "yes"): Object: 'Object Repository/Rizka/Admin/Admin - Login/checkboxRememberMe' is clicked on

2020-05-28 03:46:35 - [TEST_STEP][PASSED] - click(findTestObject("Rizka/Admin/Admin - Login/checkboxRememberMe")): Object: 'Object Repository/Rizka/Admin/Admin - Login/checkboxRememberMe' is clicked on

2020-05-28 03:46:36 - [MESSAGE][PASSED] - Object: 'Object Repository/Rizka/Admin/Admin - Login/checkboxRememberMe' is clicked on

2020-05-28 03:46:36 - [TEST_STEP][PASSED] - click(findTestObject("Rizka/Admin/Admin - Login/btnLogin2")): Object: 'Object Repository/Rizka/Admin/Admin - Login/btnLogin2' is clicked on

2020-05-28 03:46:36 - [MESSAGE][PASSED] - Object: 'Object Repository/Rizka/Admin/Admin - Login/btnLogin2' is clicked on

2020-05-28 03:46:36 - [TEST_STEP][PASSED] - delay(10): Delayed 10 second(s)

2020-05-28 03:46:46 - [MESSAGE][PASSED] - Delayed 10 second(s)

2020-05-28 03:46:46 - [TEST_STEP][PASSED] - if (condition == "passed"): Object 'Object Repository/Rizka/Admin/Admin - Login/span_Dashboard' is visible

2020-05-28 03:46:46 - [TEST_STEP][PASSED] - verifyElementVisible(findTestObject("Rizka/Admin/Admin - Login/span_Dashboard")): Object 'Object Repository/Rizka/Admin/Admin - Login/span_Dashboard' is visible

2020-05-28 03:46:49 - [MESSAGE][PASSED] - Object 'Object Repository/Rizka/Admin/Admin - Login/span_Dashboard' is visible

2020-05-28 03:46:49 - [MESSAGE][PASSED] - Call Test Case 'Test Cases/Rizka/Admin/Custom/Admin - Login' successfully

2020-05-28 03:46:49 - [TEST_STEP][PASSED] - delay(5): Delayed 5 second(s)

2020-05-28 03:46:54 - [MESSAGE][PASSED] - Delayed 5 second(s)

2020-05-28 03:46:54 - [TEST_STEP][PASSED] - click(findTestObject("Alda/Admin - Manage FAQ/Page_Dashboard Admin/span_manage_faq")): Object: 'Object Repository/Alda/Admin - Manage FAQ/Page_Dashboard Admin/span_manage_faq' is clicked on

2020-05-28 03:46:54 - [MESSAGE][PASSED] - Object: 'Object Repository/Alda/Admin - Manage FAQ/Page_Dashboard Admin/span_manage_faq' is clicked on

2020-05-28 03:46:54 - [TEST_STEP][PASSED] - click(findTestObject("Alda/Admin - Manage FAQ/Page_Manage Faq/input_search")): Object: 'Object Repository/Alda/Admin - Manage FAQ/Page_Manage Faq/input_search' is clicked on

2020-05-28 03:46:56 - [MESSAGE][PASSED] - Object: 'Object Repository/Alda/Admin - Manage FAQ/Page_Manage Faq/input_search' is clicked on

2020-05-28 03:46:56 - [TEST_STEP][PASSED] - setText(findTestObject("Alda/Admin - Manage FAQ/Page_Manage Faq/input_search"), var_search): Text 'question 3 adalah?' is set on object 'Object Repository/Alda/Admin - Manage FAQ/Page_Manage Faq/input_search'

2020-05-28 03:47:04 - [MESSAGE][PASSED] - Text 'question 3 adalah?' is set on object 'Object Repository/Alda/Admin - Manage FAQ/Page_Manage Faq/input_search'

2020-05-28 03:47:04 - [TEST_STEP][PASSED] - sendKeys(findTestObject("Alda/Admin - Manage FAQ/Page_Manage Faq/input_search"), Keys.chord(ENTER)): Keys 'ENTER + ' sent to object: 'Object Repository/Alda/Admin - Manage FAQ/Page_Manage Faq/input_search'

2020-05-28 03:47:04 - [MESSAGE][PASSED] - Keys 'ENTER + ' sent to object: 'Object Repository/Alda/Admin - Manage FAQ/Page_Manage Faq/input_search'

2020-05-28 03:47:04 - [TEST_STEP][PASSED] - if (expected_output == "found"): null

2020-05-28 03:47:04 - [MESSAGE][PASSED] - Call Test Case 'Test Cases/Alda/Admin - Manage FAQ/Search' successfully

2020-05-28 03:47:04 - [TEST_STEP][PASSED] - delay(5): Delayed 5 second(s)

2020-05-28 03:47:09 - [MESSAGE][PASSED] - Delayed 5 second(s)

2020-05-28 03:47:09 - [TEST_STEP][PASSED] - click(findTestObject("Alda/Admin - Manage FAQ/Page_Manage Faq/btn_edit")): Object: 'Object Repository/Alda/Admin - Manage FAQ/Page_Manage Faq/btn_edit' is clicked on

2020-05-28 03:47:09 - [MESSAGE][PASSED] - Object: 'Object Repository/Alda/Admin - Manage FAQ/Page_Manage Faq/btn_edit' is clicked on

2020-05-28 03:47:09 - [TEST_STEP][PASSED] - verifyElementVisible(findTestObject("Object Repository/Alda/Admin - Manage FAQ/Page_Manage Faq/header_edit_page")): Object 'Object Repository/Alda/Admin - Manage FAQ/Page_Manage Faq/header_edit_page' is visible

2020-05-28 03:47:16 - [MESSAGE][PASSED] - Object 'Object Repository/Alda/Admin - Manage FAQ/Page_Manage Faq/header_edit_page' is visible

2020-05-28 03:47:16 - [TEST_STEP][PASSED] - switch (opsi_edit): null

2020-05-28 03:47:16 - [TEST_STEP][PASSED] - case "all":: null

2020-05-28 03:47:16 - [TEST_STEP][PASSED] - clearText(findTestObject("Alda/Admin - Manage FAQ/Page_Manage Faq/edit_question"), STOP_ON_FAILURE): Text of object 'Object Repository/Alda/Admin - Manage FAQ/Page_Manage Faq/edit_question' is cleared

2020-05-28 03:47:16 - [MESSAGE][PASSED] - Text of object 'Object Repository/Alda/Admin - Manage FAQ/Page_Manage Faq/edit_question' is cleared

2020-05-28 03:47:16 - [TEST_STEP][PASSED] - setText(findTestObject("Alda/Admin - Manage FAQ/Page_Manage Faq/edit_question"), var_question_new): Text 'question3' is set on object 'Object Repository/Alda/Admin - Manage FAQ/Page_Manage Faq/edit_question'

2020-05-28 03:47:17 - [MESSAGE][PASSED] - Text 'question3' is set on object 'Object Repository/Alda/Admin - Manage FAQ/Page_Manage Faq/edit_question'

2020-05-28 03:47:17 - [TEST_STEP][PASSED] - clearText(findTestObject("Alda/Admin - Manage FAQ/Page_Manage Faq/edit_answer"), STOP_ON_FAILURE): Text of object 'Object Repository/Alda/Admin - Manage FAQ/Page_Manage Faq/edit_answer' is cleared

2020-05-28 03:47:17 - [MESSAGE][PASSED] - Text of object 'Object Repository/Alda/Admin - Manage FAQ/Page_Manage Faq/edit_answer' is cleared

2020-05-28 03:47:17 - [TEST_STEP][PASSED] - setText(findTestObject("Alda/Admin - Manage FAQ/Page_Manage Faq/edit_answer"), var_answer_new): Text '' is set on object 'Object Repository/Alda/Admin - Manage FAQ/Page_Manage Faq/edit_answer'

2020-05-28 03:47:17 - [MESSAGE][PASSED] - Text '' is set on object 'Object Repository/Alda/Admin - Manage FAQ/Page_Manage Faq/edit_answer'

2020-05-28 03:47:17 - [TEST_STEP][PASSED] - uploadFile(findTestObject("Alda/Admin - Manage FAQ/Page_Manage Faq/edit_gambar"), var_gambar_new): File 'C:\Users\asus\git\LMS27Mei\gambar_alda.jpg' sent to object: 'Object Repository/Alda/Admin - Manage FAQ/Page_Manage Faq/edit_gambar'

2020-05-28 03:47:18 - [MESSAGE][PASSED] - File 'C:\Users\asus\git\LMS27Mei\gambar_alda.jpg' sent to object: 'Object Repository/Alda/Admin - Manage FAQ/Page_Manage Faq/edit_gambar'

2020-05-28 03:47:18 - [TEST_STEP][PASSED] - if (expected_image == "success"): Keys 'ENTER + ' sent to object: 'Object Repository/Alda/Admin - Manage FAQ/Page_Manage Faq/edit_tag'

2020-05-28 03:47:18 - [TEST_STEP][PASSED] - verifyElementVisible(findTestObject("Object Repository/Alda/Admin - Manage FAQ/Page_Manage Faq/alert_success_upload_image")): Object 'Object Repository/Alda/Admin - Manage FAQ/Page_Manage Faq/alert_success_upload_image' is visible

2020-05-28 03:47:19 - [MESSAGE][PASSED] - Object 'Object Repository/Alda/Admin - Manage FAQ/Page_Manage Faq/alert_success_upload_image' is visible

2020-05-28 03:47:19 - [TEST_STEP][PASSED] - click(findTestObject("Alda/Admin - Manage FAQ/Page_Manage Faq/edit_tag")): Object: 'Object Repository/Alda/Admin - Manage FAQ/Page_Manage Faq/edit_tag' is clicked on

2020-05-28 03:47:19 - [MESSAGE][PASSED] - Object: 'Object Repository/Alda/Admin - Manage FAQ/Page_Manage Faq/edit_tag' is clicked on

2020-05-28 03:47:19 - [TEST_STEP][PASSED] - setText(findTestObject("Alda/Admin - Manage FAQ/Page_Manage Faq/edit_tag"), var_tag_new): Text 'apaaja' is set on object 'Object Repository/Alda/Admin - Manage FAQ/Page_Manage Faq/edit_tag'

2020-05-28 03:47:20 - [MESSAGE][PASSED] - Text 'apaaja' is set on object 'Object Repository/Alda/Admin - Manage FAQ/Page_Manage Faq/edit_tag'

2020-05-28 03:47:20 - [TEST_STEP][PASSED] - sendKeys(findTestObject("Alda/Admin - Manage FAQ/Page_Manage Faq/edit_tag"), Keys.chord(ENTER)): Keys 'ENTER + ' sent to object: 'Object Repository/Alda/Admin - Manage FAQ/Page_Manage Faq/edit_tag'

2020-05-28 03:47:20 - [MESSAGE][PASSED] - Keys 'ENTER + ' sent to object: 'Object Repository/Alda/Admin - Manage FAQ/Page_Manage Faq/edit_tag'

2020-05-28 03:47:20 - [TEST_STEP][PASSED] - break: null

2020-05-28 03:47:20 - [TEST_STEP][FAILED] - switch (expected_output): Unable to verify object 'Object Repository/Alda/Admin - Manage FAQ/Page_Manage Faq/alert_error' is visible (Root cause: com.kms.katalon.core.exception.StepFailedException: Unable to verify object 'Object Repository/Alda/Admin - Manage FAQ/Page_Manage Faq/alert_error' is visible
	at com.kms.katalon.core.webui.keyword.internal.WebUIKeywordMain.stepFailed(WebUIKeywordMain.groovy:64)
	at com.kms.katalon.core.webui.keyword.internal.WebUIKeywordMain.runKeyword(WebUIKeywordMain.groovy:26)
	at com.kms.katalon.core.webui.keyword.builtin.VerifyElementVisibleKeyword.verifyElementVisible(VerifyElementVisibleKeyword.groovy:97)
	at com.kms.katalon.core.webui.keyword.builtin.VerifyElementVisibleKeyword.execute(VerifyElementVisibleKeyword.groovy:67)
	at com.kms.katalon.core.keyword.internal.KeywordExecutor.executeKeywordForPlatform(KeywordExecutor.groovy:60)
	at com.kms.katalon.core.webui.keyword.WebUiBuiltInKeywords.verifyElementVisible(WebUiBuiltInKeywords.groovy:372)
	at com.kms.katalon.core.webui.keyword.WebUiBuiltInKeywords$verifyElementVisible$4.call(Unknown Source)
	at Edit.run(Edit:117)
	at com.kms.katalon.core.main.ScriptEngine.run(ScriptEngine.java:194)
	at com.kms.katalon.core.main.ScriptEngine.runScriptAsRawText(ScriptEngine.java:119)
	at com.kms.katalon.core.main.TestCaseExecutor.runScript(TestCaseExecutor.java:337)
	at com.kms.katalon.core.main.TestCaseExecutor.doExecute(TestCaseExecutor.java:328)
	at com.kms.katalon.core.main.TestCaseExecutor.processExecutionPhase(TestCaseExecutor.java:307)
	at com.kms.katalon.core.main.TestCaseExecutor.accessMainPhase(TestCaseExecutor.java:299)
	at com.kms.katalon.core.main.TestCaseExecutor.execute(TestCaseExecutor.java:233)
	at com.kms.katalon.core.main.TestSuiteExecutor.accessTestCaseMainPhase(TestSuiteExecutor.java:169)
	at com.kms.katalon.core.main.TestSuiteExecutor.accessTestSuiteMainPhase(TestSuiteExecutor.java:142)
	at com.kms.katalon.core.main.TestSuiteExecutor.execute(TestSuiteExecutor.java:91)
	at com.kms.katalon.core.main.TestCaseMain.startTestSuite(TestCaseMain.java:157)
	at com.kms.katalon.core.main.TestCaseMain$startTestSuite$0.call(Unknown Source)
	at TempTestSuite1590611845987.run(TempTestSuite1590611845987.groovy:36)
Caused by: com.kms.katalon.core.exception.StepFailedException: Web element with id: 'Object Repository/Alda/Admin - Manage FAQ/Page_Manage Faq/alert_error' located by 'By.xpath: id("ng-app")/modal-container[@class="modal fade in"]/app-page-managefaq[1]/div[@class="modal-dialog app-dialog modal-dialog app-alert-dialog"]/div[@class="modal-content"]/div[@class="app-dialog-header modal-header"]/h4[@class="app-dialog-title modal-title"][count(. | //*[(text() = 'Alert' or . = 'Alert')]) = count(//*[(text() = 'Alert' or . = 'Alert')])]' not found
	at com.kms.katalon.core.webui.keyword.internal.WebUIKeywordMain.stepFailed(WebUIKeywordMain.groovy:64)
	at com.kms.katalon.core.webui.keyword.builtin.VerifyElementVisibleKeyword$_verifyElementVisible_closure1.doCall(VerifyElementVisibleKeyword.groovy:89)
	at com.kms.katalon.core.webui.keyword.builtin.VerifyElementVisibleKeyword$_verifyElementVisible_closure1.call(VerifyElementVisibleKeyword.groovy)
	at com.kms.katalon.core.webui.keyword.internal.WebUIKeywordMain.runKeyword(WebUIKeywordMain.groovy:20)
	... 19 more
)

2020-05-28 03:47:20 - [TEST_STEP][FAILED] - case "fail":: Unable to verify object 'Object Repository/Alda/Admin - Manage FAQ/Page_Manage Faq/alert_error' is visible (Root cause: com.kms.katalon.core.exception.StepFailedException: Unable to verify object 'Object Repository/Alda/Admin - Manage FAQ/Page_Manage Faq/alert_error' is visible
	at com.kms.katalon.core.webui.keyword.internal.WebUIKeywordMain.stepFailed(WebUIKeywordMain.groovy:64)
	at com.kms.katalon.core.webui.keyword.internal.WebUIKeywordMain.runKeyword(WebUIKeywordMain.groovy:26)
	at com.kms.katalon.core.webui.keyword.builtin.VerifyElementVisibleKeyword.verifyElementVisible(VerifyElementVisibleKeyword.groovy:97)
	at com.kms.katalon.core.webui.keyword.builtin.VerifyElementVisibleKeyword.execute(VerifyElementVisibleKeyword.groovy:67)
	at com.kms.katalon.core.keyword.internal.KeywordExecutor.executeKeywordForPlatform(KeywordExecutor.groovy:60)
	at com.kms.katalon.core.webui.keyword.WebUiBuiltInKeywords.verifyElementVisible(WebUiBuiltInKeywords.groovy:372)
	at com.kms.katalon.core.webui.keyword.WebUiBuiltInKeywords$verifyElementVisible$4.call(Unknown Source)
	at Edit.run(Edit:117)
	at com.kms.katalon.core.main.ScriptEngine.run(ScriptEngine.java:194)
	at com.kms.katalon.core.main.ScriptEngine.runScriptAsRawText(ScriptEngine.java:119)
	at com.kms.katalon.core.main.TestCaseExecutor.runScript(TestCaseExecutor.java:337)
	at com.kms.katalon.core.main.TestCaseExecutor.doExecute(TestCaseExecutor.java:328)
	at com.kms.katalon.core.main.TestCaseExecutor.processExecutionPhase(TestCaseExecutor.java:307)
	at com.kms.katalon.core.main.TestCaseExecutor.accessMainPhase(TestCaseExecutor.java:299)
	at com.kms.katalon.core.main.TestCaseExecutor.execute(TestCaseExecutor.java:233)
	at com.kms.katalon.core.main.TestSuiteExecutor.accessTestCaseMainPhase(TestSuiteExecutor.java:169)
	at com.kms.katalon.core.main.TestSuiteExecutor.accessTestSuiteMainPhase(TestSuiteExecutor.java:142)
	at com.kms.katalon.core.main.TestSuiteExecutor.execute(TestSuiteExecutor.java:91)
	at com.kms.katalon.core.main.TestCaseMain.startTestSuite(TestCaseMain.java:157)
	at com.kms.katalon.core.main.TestCaseMain$startTestSuite$0.call(Unknown Source)
	at TempTestSuite1590611845987.run(TempTestSuite1590611845987.groovy:36)
Caused by: com.kms.katalon.core.exception.StepFailedException: Web element with id: 'Object Repository/Alda/Admin - Manage FAQ/Page_Manage Faq/alert_error' located by 'By.xpath: id("ng-app")/modal-container[@class="modal fade in"]/app-page-managefaq[1]/div[@class="modal-dialog app-dialog modal-dialog app-alert-dialog"]/div[@class="modal-content"]/div[@class="app-dialog-header modal-header"]/h4[@class="app-dialog-title modal-title"][count(. | //*[(text() = 'Alert' or . = 'Alert')]) = count(//*[(text() = 'Alert' or . = 'Alert')])]' not found
	at com.kms.katalon.core.webui.keyword.internal.WebUIKeywordMain.stepFailed(WebUIKeywordMain.groovy:64)
	at com.kms.katalon.core.webui.keyword.builtin.VerifyElementVisibleKeyword$_verifyElementVisible_closure1.doCall(VerifyElementVisibleKeyword.groovy:89)
	at com.kms.katalon.core.webui.keyword.builtin.VerifyElementVisibleKeyword$_verifyElementVisible_closure1.call(VerifyElementVisibleKeyword.groovy)
	at com.kms.katalon.core.webui.keyword.internal.WebUIKeywordMain.runKeyword(WebUIKeywordMain.groovy:20)
	... 19 more
)

2020-05-28 03:47:20 - [TEST_STEP][PASSED] - click(findTestObject("Object Repository/Alda/Admin - Manage FAQ/Page_Manage Faq/btn_save_edit")): Object: 'Object Repository/Alda/Admin - Manage FAQ/Page_Manage Faq/btn_save_edit' is clicked on

2020-05-28 03:47:21 - [MESSAGE][PASSED] - Object: 'Object Repository/Alda/Admin - Manage FAQ/Page_Manage Faq/btn_save_edit' is clicked on

2020-05-28 03:47:21 - [TEST_STEP][PASSED] - delay(3): Delayed 3 second(s)

2020-05-28 03:47:24 - [MESSAGE][PASSED] - Delayed 3 second(s)

2020-05-28 03:47:24 - [TEST_STEP][FAILED] - verifyElementVisible(findTestObject("Alda/Admin - Manage FAQ/Page_Manage Faq/alert_error")): Unable to verify object 'Object Repository/Alda/Admin - Manage FAQ/Page_Manage Faq/alert_error' is visible (Root cause: com.kms.katalon.core.exception.StepFailedException: Unable to verify object 'Object Repository/Alda/Admin - Manage FAQ/Page_Manage Faq/alert_error' is visible
	at com.kms.katalon.core.webui.keyword.internal.WebUIKeywordMain.stepFailed(WebUIKeywordMain.groovy:64)
	at com.kms.katalon.core.webui.keyword.internal.WebUIKeywordMain.runKeyword(WebUIKeywordMain.groovy:26)
	at com.kms.katalon.core.webui.keyword.builtin.VerifyElementVisibleKeyword.verifyElementVisible(VerifyElementVisibleKeyword.groovy:97)
	at com.kms.katalon.core.webui.keyword.builtin.VerifyElementVisibleKeyword.execute(VerifyElementVisibleKeyword.groovy:67)
	at com.kms.katalon.core.keyword.internal.KeywordExecutor.executeKeywordForPlatform(KeywordExecutor.groovy:60)
	at com.kms.katalon.core.webui.keyword.WebUiBuiltInKeywords.verifyElementVisible(WebUiBuiltInKeywords.groovy:372)
	at com.kms.katalon.core.webui.keyword.WebUiBuiltInKeywords$verifyElementVisible$4.call(Unknown Source)
	at Edit.run(Edit:117)
	at com.kms.katalon.core.main.ScriptEngine.run(ScriptEngine.java:194)
	at com.kms.katalon.core.main.ScriptEngine.runScriptAsRawText(ScriptEngine.java:119)
	at com.kms.katalon.core.main.TestCaseExecutor.runScript(TestCaseExecutor.java:337)
	at com.kms.katalon.core.main.TestCaseExecutor.doExecute(TestCaseExecutor.java:328)
	at com.kms.katalon.core.main.TestCaseExecutor.processExecutionPhase(TestCaseExecutor.java:307)
	at com.kms.katalon.core.main.TestCaseExecutor.accessMainPhase(TestCaseExecutor.java:299)
	at com.kms.katalon.core.main.TestCaseExecutor.execute(TestCaseExecutor.java:233)
	at com.kms.katalon.core.main.TestSuiteExecutor.accessTestCaseMainPhase(TestSuiteExecutor.java:169)
	at com.kms.katalon.core.main.TestSuiteExecutor.accessTestSuiteMainPhase(TestSuiteExecutor.java:142)
	at com.kms.katalon.core.main.TestSuiteExecutor.execute(TestSuiteExecutor.java:91)
	at com.kms.katalon.core.main.TestCaseMain.startTestSuite(TestCaseMain.java:157)
	at com.kms.katalon.core.main.TestCaseMain$startTestSuite$0.call(Unknown Source)
	at TempTestSuite1590611845987.run(TempTestSuite1590611845987.groovy:36)
Caused by: com.kms.katalon.core.exception.StepFailedException: Web element with id: 'Object Repository/Alda/Admin - Manage FAQ/Page_Manage Faq/alert_error' located by 'By.xpath: id("ng-app")/modal-container[@class="modal fade in"]/app-page-managefaq[1]/div[@class="modal-dialog app-dialog modal-dialog app-alert-dialog"]/div[@class="modal-content"]/div[@class="app-dialog-header modal-header"]/h4[@class="app-dialog-title modal-title"][count(. | //*[(text() = 'Alert' or . = 'Alert')]) = count(//*[(text() = 'Alert' or . = 'Alert')])]' not found
	at com.kms.katalon.core.webui.keyword.internal.WebUIKeywordMain.stepFailed(WebUIKeywordMain.groovy:64)
	at com.kms.katalon.core.webui.keyword.builtin.VerifyElementVisibleKeyword$_verifyElementVisible_closure1.doCall(VerifyElementVisibleKeyword.groovy:89)
	at com.kms.katalon.core.webui.keyword.builtin.VerifyElementVisibleKeyword$_verifyElementVisible_closure1.call(VerifyElementVisibleKeyword.groovy)
	at com.kms.katalon.core.webui.keyword.internal.WebUIKeywordMain.runKeyword(WebUIKeywordMain.groovy:20)
	... 19 more
)

2020-05-28 03:48:06 - [MESSAGE][INFO] - Unable to find the element located by 'By.xpath: id("ng-app")/modal-container[@class="modal fade in"]/app-page-managefaq[1]/div[@class="modal-dialog app-dialog modal-dialog app-alert-dialog"]/div[@class="modal-content"]/div[@class="app-dialog-header modal-header"]/h4[@class="app-dialog-title modal-title"][count(. | //*[(text() = 'Alert' or . = 'Alert')]) = count(//*[(text() = 'Alert' or . = 'Alert')])]'. Please recheck the objects properties to make sure the desired element is located. 

2020-05-28 03:48:06 - [MESSAGE][FAILED] - Web element with id: 'Object Repository/Alda/Admin - Manage FAQ/Page_Manage Faq/alert_error' located by 'By.xpath: id("ng-app")/modal-container[@class="modal fade in"]/app-page-managefaq[1]/div[@class="modal-dialog app-dialog modal-dialog app-alert-dialog"]/div[@class="modal-content"]/div[@class="app-dialog-header modal-header"]/h4[@class="app-dialog-title modal-title"][count(. | //*[(text() = 'Alert' or . = 'Alert')]) = count(//*[(text() = 'Alert' or . = 'Alert')])]' not found (Root cause: com.kms.katalon.core.exception.StepFailedException: Web element with id: 'Object Repository/Alda/Admin - Manage FAQ/Page_Manage Faq/alert_error' located by 'By.xpath: id("ng-app")/modal-container[@class="modal fade in"]/app-page-managefaq[1]/div[@class="modal-dialog app-dialog modal-dialog app-alert-dialog"]/div[@class="modal-content"]/div[@class="app-dialog-header modal-header"]/h4[@class="app-dialog-title modal-title"][count(. | //*[(text() = 'Alert' or . = 'Alert')]) = count(//*[(text() = 'Alert' or . = 'Alert')])]' not found
	at com.kms.katalon.core.webui.keyword.internal.WebUIKeywordMain.stepFailed(WebUIKeywordMain.groovy:64)
	at com.kms.katalon.core.webui.keyword.builtin.VerifyElementVisibleKeyword$_verifyElementVisible_closure1.doCall(VerifyElementVisibleKeyword.groovy:89)
	at com.kms.katalon.core.webui.keyword.builtin.VerifyElementVisibleKeyword$_verifyElementVisible_closure1.call(VerifyElementVisibleKeyword.groovy)
	at com.kms.katalon.core.webui.keyword.internal.WebUIKeywordMain.runKeyword(WebUIKeywordMain.groovy:20)
	at com.kms.katalon.core.webui.keyword.builtin.VerifyElementVisibleKeyword.verifyElementVisible(VerifyElementVisibleKeyword.groovy:97)
	at com.kms.katalon.core.webui.keyword.builtin.VerifyElementVisibleKeyword.execute(VerifyElementVisibleKeyword.groovy:67)
	at com.kms.katalon.core.keyword.internal.KeywordExecutor.executeKeywordForPlatform(KeywordExecutor.groovy:60)
	at com.kms.katalon.core.webui.keyword.WebUiBuiltInKeywords.verifyElementVisible(WebUiBuiltInKeywords.groovy:372)
	at com.kms.katalon.core.webui.keyword.WebUiBuiltInKeywords$verifyElementVisible$4.call(Unknown Source)
	at Edit.run(Edit:117)
	at com.kms.katalon.core.main.ScriptEngine.run(ScriptEngine.java:194)
	at com.kms.katalon.core.main.ScriptEngine.runScriptAsRawText(ScriptEngine.java:119)
	at com.kms.katalon.core.main.TestCaseExecutor.runScript(TestCaseExecutor.java:337)
	at com.kms.katalon.core.main.TestCaseExecutor.doExecute(TestCaseExecutor.java:328)
	at com.kms.katalon.core.main.TestCaseExecutor.processExecutionPhase(TestCaseExecutor.java:307)
	at com.kms.katalon.core.main.TestCaseExecutor.accessMainPhase(TestCaseExecutor.java:299)
	at com.kms.katalon.core.main.TestCaseExecutor.execute(TestCaseExecutor.java:233)
	at com.kms.katalon.core.main.TestSuiteExecutor.accessTestCaseMainPhase(TestSuiteExecutor.java:169)
	at com.kms.katalon.core.main.TestSuiteExecutor.accessTestSuiteMainPhase(TestSuiteExecutor.java:142)
	at com.kms.katalon.core.main.TestSuiteExecutor.execute(TestSuiteExecutor.java:91)
	at com.kms.katalon.core.main.TestCaseMain.startTestSuite(TestCaseMain.java:157)
	at com.kms.katalon.core.main.TestCaseMain$startTestSuite$0.call(Unknown Source)
	at TempTestSuite1590611845987.run(TempTestSuite1590611845987.groovy:36)
)
[[ATTACHMENT|C:\\Users\\asus\\git\\LMS27Mei\\Reports\\20200528_033725\\Alda\\Admin_Manage FAQ - Edit\\20200528_033725\\1590612486245.png]]

2020-05-28 03:48:06 - [MESSAGE][FAILED] - Unable to verify object 'Object Repository/Alda/Admin - Manage FAQ/Page_Manage Faq/alert_error' is visible (Root cause: com.kms.katalon.core.exception.StepFailedException: Unable to verify object 'Object Repository/Alda/Admin - Manage FAQ/Page_Manage Faq/alert_error' is visible
	at com.kms.katalon.core.webui.keyword.internal.WebUIKeywordMain.stepFailed(WebUIKeywordMain.groovy:64)
	at com.kms.katalon.core.webui.keyword.internal.WebUIKeywordMain.runKeyword(WebUIKeywordMain.groovy:26)
	at com.kms.katalon.core.webui.keyword.builtin.VerifyElementVisibleKeyword.verifyElementVisible(VerifyElementVisibleKeyword.groovy:97)
	at com.kms.katalon.core.webui.keyword.builtin.VerifyElementVisibleKeyword.execute(VerifyElementVisibleKeyword.groovy:67)
	at com.kms.katalon.core.keyword.internal.KeywordExecutor.executeKeywordForPlatform(KeywordExecutor.groovy:60)
	at com.kms.katalon.core.webui.keyword.WebUiBuiltInKeywords.verifyElementVisible(WebUiBuiltInKeywords.groovy:372)
	at com.kms.katalon.core.webui.keyword.WebUiBuiltInKeywords$verifyElementVisible$4.call(Unknown Source)
	at Edit.run(Edit:117)
	at com.kms.katalon.core.main.ScriptEngine.run(ScriptEngine.java:194)
	at com.kms.katalon.core.main.ScriptEngine.runScriptAsRawText(ScriptEngine.java:119)
	at com.kms.katalon.core.main.TestCaseExecutor.runScript(TestCaseExecutor.java:337)
	at com.kms.katalon.core.main.TestCaseExecutor.doExecute(TestCaseExecutor.java:328)
	at com.kms.katalon.core.main.TestCaseExecutor.processExecutionPhase(TestCaseExecutor.java:307)
	at com.kms.katalon.core.main.TestCaseExecutor.accessMainPhase(TestCaseExecutor.java:299)
	at com.kms.katalon.core.main.TestCaseExecutor.execute(TestCaseExecutor.java:233)
	at com.kms.katalon.core.main.TestSuiteExecutor.accessTestCaseMainPhase(TestSuiteExecutor.java:169)
	at com.kms.katalon.core.main.TestSuiteExecutor.accessTestSuiteMainPhase(TestSuiteExecutor.java:142)
	at com.kms.katalon.core.main.TestSuiteExecutor.execute(TestSuiteExecutor.java:91)
	at com.kms.katalon.core.main.TestCaseMain.startTestSuite(TestCaseMain.java:157)
	at com.kms.katalon.core.main.TestCaseMain$startTestSuite$0.call(Unknown Source)
	at TempTestSuite1590611845987.run(TempTestSuite1590611845987.groovy:36)
Caused by: com.kms.katalon.core.exception.StepFailedException: Web element with id: 'Object Repository/Alda/Admin - Manage FAQ/Page_Manage Faq/alert_error' located by 'By.xpath: id("ng-app")/modal-container[@class="modal fade in"]/app-page-managefaq[1]/div[@class="modal-dialog app-dialog modal-dialog app-alert-dialog"]/div[@class="modal-content"]/div[@class="app-dialog-header modal-header"]/h4[@class="app-dialog-title modal-title"][count(. | //*[(text() = 'Alert' or . = 'Alert')]) = count(//*[(text() = 'Alert' or . = 'Alert')])]' not found
	at com.kms.katalon.core.webui.keyword.internal.WebUIKeywordMain.stepFailed(WebUIKeywordMain.groovy:64)
	at com.kms.katalon.core.webui.keyword.builtin.VerifyElementVisibleKeyword$_verifyElementVisible_closure1.doCall(VerifyElementVisibleKeyword.groovy:89)
	at com.kms.katalon.core.webui.keyword.builtin.VerifyElementVisibleKeyword$_verifyElementVisible_closure1.call(VerifyElementVisibleKeyword.groovy)
	at com.kms.katalon.core.webui.keyword.internal.WebUIKeywordMain.runKeyword(WebUIKeywordMain.groovy:20)
	... 19 more
)
[[ATTACHMENT|C:\\Users\\asus\\git\\LMS27Mei\\Reports\\20200528_033725\\Alda\\Admin_Manage FAQ - Edit\\20200528_033725\\1590612486519.png]]]]></system-out>
         <system-err><![CDATA[2020-05-28 03:45:35 - [TEST_CASE][FAILED] - Test Cases/Alda/Admin - Manage FAQ/Edit: Test Cases/Alda/Admin - Manage FAQ/Edit FAILED.
Reason:
com.kms.katalon.core.exception.StepFailedException: Unable to verify object 'Object Repository/Alda/Admin - Manage FAQ/Page_Manage Faq/alert_error' is visible
	at com.kms.katalon.core.webui.keyword.internal.WebUIKeywordMain.stepFailed(WebUIKeywordMain.groovy:64)
	at com.kms.katalon.core.webui.keyword.internal.WebUIKeywordMain.runKeyword(WebUIKeywordMain.groovy:26)
	at com.kms.katalon.core.webui.keyword.builtin.VerifyElementVisibleKeyword.verifyElementVisible(VerifyElementVisibleKeyword.groovy:97)
	at com.kms.katalon.core.webui.keyword.builtin.VerifyElementVisibleKeyword.execute(VerifyElementVisibleKeyword.groovy:67)
	at com.kms.katalon.core.keyword.internal.KeywordExecutor.executeKeywordForPlatform(KeywordExecutor.groovy:60)
	at com.kms.katalon.core.webui.keyword.WebUiBuiltInKeywords.verifyElementVisible(WebUiBuiltInKeywords.groovy:372)
	at com.kms.katalon.core.webui.keyword.WebUiBuiltInKeywords$verifyElementVisible$4.call(Unknown Source)
	at Edit.run(Edit:117)
	at com.kms.katalon.core.main.ScriptEngine.run(ScriptEngine.java:194)
	at com.kms.katalon.core.main.ScriptEngine.runScriptAsRawText(ScriptEngine.java:119)
	at com.kms.katalon.core.main.TestCaseExecutor.runScript(TestCaseExecutor.java:337)
	at com.kms.katalon.core.main.TestCaseExecutor.doExecute(TestCaseExecutor.java:328)
	at com.kms.katalon.core.main.TestCaseExecutor.processExecutionPhase(TestCaseExecutor.java:307)
	at com.kms.katalon.core.main.TestCaseExecutor.accessMainPhase(TestCaseExecutor.java:299)
	at com.kms.katalon.core.main.TestCaseExecutor.execute(TestCaseExecutor.java:233)
	at com.kms.katalon.core.main.TestSuiteExecutor.accessTestCaseMainPhase(TestSuiteExecutor.java:169)
	at com.kms.katalon.core.main.TestSuiteExecutor.accessTestSuiteMainPhase(TestSuiteExecutor.java:142)
	at com.kms.katalon.core.main.TestSuiteExecutor.execute(TestSuiteExecutor.java:91)
	at com.kms.katalon.core.main.TestCaseMain.startTestSuite(TestCaseMain.java:157)
	at com.kms.katalon.core.main.TestCaseMain$startTestSuite$0.call(Unknown Source)
	at TempTestSuite1590611845987.run(TempTestSuite1590611845987.groovy:36)
Caused by: com.kms.katalon.core.exception.StepFailedException: Web element with id: 'Object Repository/Alda/Admin - Manage FAQ/Page_Manage Faq/alert_error' located by 'By.xpath: id("ng-app")/modal-container[@class="modal fade in"]/app-page-managefaq[1]/div[@class="modal-dialog app-dialog modal-dialog app-alert-dialog"]/div[@class="modal-content"]/div[@class="app-dialog-header modal-header"]/h4[@class="app-dialog-title modal-title"][count(. | //*[(text() = 'Alert' or . = 'Alert')]) = count(//*[(text() = 'Alert' or . = 'Alert')])]' not found
	at com.kms.katalon.core.webui.keyword.internal.WebUIKeywordMain.stepFailed(WebUIKeywordMain.groovy:64)
	at com.kms.katalon.core.webui.keyword.builtin.VerifyElementVisibleKeyword$_verifyElementVisible_closure1.doCall(VerifyElementVisibleKeyword.groovy:89)
	at com.kms.katalon.core.webui.keyword.builtin.VerifyElementVisibleKeyword$_verifyElementVisible_closure1.call(VerifyElementVisibleKeyword.groovy)
	at com.kms.katalon.core.webui.keyword.internal.WebUIKeywordMain.runKeyword(WebUIKeywordMain.groovy:20)
	... 19 more]]></system-err>
      </testcase>
      <testcase name="Test Cases/Alda/Admin - Manage FAQ/Edit" time="139.652" classname="Test Cases/Alda/Admin - Manage FAQ/Edit" status="FAILED">
         <failure type="FAILED" message="Test Cases/Alda/Admin - Manage FAQ/Edit FAILED.
Reason:
com.kms.katalon.core.exception.StepFailedException: Unable to verify object 'Object Repository/Alda/Admin - Manage FAQ/Page_Manage Faq/alert_error' is visible
	at com.kms.katalon.core.webui.keyword.internal.WebUIKeywordMain.stepFailed(WebUIKeywordMain.groovy:64)
	at com.kms.katalon.core.webui.keyword.internal.WebUIKeywordMain.runKeyword(WebUIKeywordMain.groovy:26)
	at com.kms.katalon.core.webui.keyword.builtin.VerifyElementVisibleKeyword.verifyElementVisible(VerifyElementVisibleKeyword.groovy:97)
	at com.kms.katalon.core.webui.keyword.builtin.VerifyElementVisibleKeyword.execute(VerifyElementVisibleKeyword.groovy:67)
	at com.kms.katalon.core.keyword.internal.KeywordExecutor.executeKeywordForPlatform(KeywordExecutor.groovy:60)
	at com.kms.katalon.core.webui.keyword.WebUiBuiltInKeywords.verifyElementVisible(WebUiBuiltInKeywords.groovy:372)
	at com.kms.katalon.core.webui.keyword.WebUiBuiltInKeywords$verifyElementVisible$4.call(Unknown Source)
	at Edit.run(Edit:117)
	at com.kms.katalon.core.main.ScriptEngine.run(ScriptEngine.java:194)
	at com.kms.katalon.core.main.ScriptEngine.runScriptAsRawText(ScriptEngine.java:119)
	at com.kms.katalon.core.main.TestCaseExecutor.runScript(TestCaseExecutor.java:337)
	at com.kms.katalon.core.main.TestCaseExecutor.doExecute(TestCaseExecutor.java:328)
	at com.kms.katalon.core.main.TestCaseExecutor.processExecutionPhase(TestCaseExecutor.java:307)
	at com.kms.katalon.core.main.TestCaseExecutor.accessMainPhase(TestCaseExecutor.java:299)
	at com.kms.katalon.core.main.TestCaseExecutor.execute(TestCaseExecutor.java:233)
	at com.kms.katalon.core.main.TestSuiteExecutor.accessTestCaseMainPhase(TestSuiteExecutor.java:169)
	at com.kms.katalon.core.main.TestSuiteExecutor.accessTestSuiteMainPhase(TestSuiteExecutor.java:142)
	at com.kms.katalon.core.main.TestSuiteExecutor.execute(TestSuiteExecutor.java:91)
	at com.kms.katalon.core.main.TestCaseMain.startTestSuite(TestCaseMain.java:157)
	at com.kms.katalon.core.main.TestCaseMain$startTestSuite$0.call(Unknown Source)
	at TempTestSuite1590611845987.run(TempTestSuite1590611845987.groovy:36)
Caused by: com.kms.katalon.core.exception.StepFailedException: Web element with id: 'Object Repository/Alda/Admin - Manage FAQ/Page_Manage Faq/alert_error' located by 'By.xpath: id(&quot;ng-app&quot;)/modal-container[@class=&quot;modal fade in&quot;]/app-page-managefaq[1]/div[@class=&quot;modal-dialog app-dialog modal-dialog app-alert-dialog&quot;]/div[@class=&quot;modal-content&quot;]/div[@class=&quot;app-dialog-header modal-header&quot;]/h4[@class=&quot;app-dialog-title modal-title&quot;][count(. | //*[(text() = 'Alert' or . = 'Alert')]) = count(//*[(text() = 'Alert' or . = 'Alert')])]' not found
	at com.kms.katalon.core.webui.keyword.internal.WebUIKeywordMain.stepFailed(WebUIKeywordMain.groovy:64)
	at com.kms.katalon.core.webui.keyword.builtin.VerifyElementVisibleKeyword$_verifyElementVisible_closure1.doCall(VerifyElementVisibleKeyword.groovy:89)
	at com.kms.katalon.core.webui.keyword.builtin.VerifyElementVisibleKeyword$_verifyElementVisible_closure1.call(VerifyElementVisibleKeyword.groovy)
	at com.kms.katalon.core.webui.keyword.internal.WebUIKeywordMain.runKeyword(WebUIKeywordMain.groovy:20)
	... 19 more
"/>
         <system-out><![CDATA[2020-05-28 03:48:06 - [TEST_CASE][FAILED] - Test Cases/Alda/Admin - Manage FAQ/Edit: Test Cases/Alda/Admin - Manage FAQ/Edit FAILED.
Reason:
com.kms.katalon.core.exception.StepFailedException: Unable to verify object 'Object Repository/Alda/Admin - Manage FAQ/Page_Manage Faq/alert_error' is visible
	at com.kms.katalon.core.webui.keyword.internal.WebUIKeywordMain.stepFailed(WebUIKeywordMain.groovy:64)
	at com.kms.katalon.core.webui.keyword.internal.WebUIKeywordMain.runKeyword(WebUIKeywordMain.groovy:26)
	at com.kms.katalon.core.webui.keyword.builtin.VerifyElementVisibleKeyword.verifyElementVisible(VerifyElementVisibleKeyword.groovy:97)
	at com.kms.katalon.core.webui.keyword.builtin.VerifyElementVisibleKeyword.execute(VerifyElementVisibleKeyword.groovy:67)
	at com.kms.katalon.core.keyword.internal.KeywordExecutor.executeKeywordForPlatform(KeywordExecutor.groovy:60)
	at com.kms.katalon.core.webui.keyword.WebUiBuiltInKeywords.verifyElementVisible(WebUiBuiltInKeywords.groovy:372)
	at com.kms.katalon.core.webui.keyword.WebUiBuiltInKeywords$verifyElementVisible$4.call(Unknown Source)
	at Edit.run(Edit:117)
	at com.kms.katalon.core.main.ScriptEngine.run(ScriptEngine.java:194)
	at com.kms.katalon.core.main.ScriptEngine.runScriptAsRawText(ScriptEngine.java:119)
	at com.kms.katalon.core.main.TestCaseExecutor.runScript(TestCaseExecutor.java:337)
	at com.kms.katalon.core.main.TestCaseExecutor.doExecute(TestCaseExecutor.java:328)
	at com.kms.katalon.core.main.TestCaseExecutor.processExecutionPhase(TestCaseExecutor.java:307)
	at com.kms.katalon.core.main.TestCaseExecutor.accessMainPhase(TestCaseExecutor.java:299)
	at com.kms.katalon.core.main.TestCaseExecutor.execute(TestCaseExecutor.java:233)
	at com.kms.katalon.core.main.TestSuiteExecutor.accessTestCaseMainPhase(TestSuiteExecutor.java:169)
	at com.kms.katalon.core.main.TestSuiteExecutor.accessTestSuiteMainPhase(TestSuiteExecutor.java:142)
	at com.kms.katalon.core.main.TestSuiteExecutor.execute(TestSuiteExecutor.java:91)
	at com.kms.katalon.core.main.TestCaseMain.startTestSuite(TestCaseMain.java:157)
	at com.kms.katalon.core.main.TestCaseMain$startTestSuite$0.call(Unknown Source)
	at TempTestSuite1590611845987.run(TempTestSuite1590611845987.groovy:36)
Caused by: com.kms.katalon.core.exception.StepFailedException: Web element with id: 'Object Repository/Alda/Admin - Manage FAQ/Page_Manage Faq/alert_error' located by 'By.xpath: id("ng-app")/modal-container[@class="modal fade in"]/app-page-managefaq[1]/div[@class="modal-dialog app-dialog modal-dialog app-alert-dialog"]/div[@class="modal-content"]/div[@class="app-dialog-header modal-header"]/h4[@class="app-dialog-title modal-title"][count(. | //*[(text() = 'Alert' or . = 'Alert')]) = count(//*[(text() = 'Alert' or . = 'Alert')])]' not found
	at com.kms.katalon.core.webui.keyword.internal.WebUIKeywordMain.stepFailed(WebUIKeywordMain.groovy:64)
	at com.kms.katalon.core.webui.keyword.builtin.VerifyElementVisibleKeyword$_verifyElementVisible_closure1.doCall(VerifyElementVisibleKeyword.groovy:89)
	at com.kms.katalon.core.webui.keyword.builtin.VerifyElementVisibleKeyword$_verifyElementVisible_closure1.call(VerifyElementVisibleKeyword.groovy)
	at com.kms.katalon.core.webui.keyword.internal.WebUIKeywordMain.runKeyword(WebUIKeywordMain.groovy:20)
	... 19 more


2020-05-28 03:48:06 - [TEST_STEP][PASSED] - callTestCase(findTestCase("Alda/Admin - Manage FAQ/Search"), ["var_search":var_search, "expected_output":""], STOP_ON_FAILURE): Call Test Case 'Test Cases/Alda/Admin - Manage FAQ/Search' successfully

2020-05-28 03:48:06 - [TEST_CASE][PASSED] - Test Cases/Alda/Admin - Manage FAQ/Search: Test Cases/Alda/Admin - Manage FAQ/Search

2020-05-28 03:48:06 - [TEST_STEP][PASSED] - callTestCase(findTestCase("Rizka/Admin/Custom/Admin - Login"), ["username":"11666", "password":"Password3", "rememberMe":"yes", "condition":"passed"], STOP_ON_FAILURE): Call Test Case 'Test Cases/Rizka/Admin/Custom/Admin - Login' successfully

2020-05-28 03:48:06 - [TEST_CASE][PASSED] - Test Cases/Rizka/Admin/Custom/Admin - Login: Test Cases/Rizka/Admin/Custom/Admin - Login

2020-05-28 03:48:06 - [TEST_STEP][PASSED] - openBrowser(""): Browser is opened with url: ''

2020-05-28 03:48:06 - [MESSAGE][WARNING] - A browser is already opened. Closing browser and opening a new one

2020-05-28 03:48:07 - [MESSAGE][INFO] - Starting 'Chrome' driver

2020-05-28 03:48:09 - [MESSAGE][PASSED] - Browser is opened with url: ''

2020-05-28 03:48:09 - [TEST_STEP][PASSED] - navigateToUrl("https://appsrv1.deltadatamandiri.com/ACC_LMS_WEB/#/admNLmn"): Navigate to 'https://appsrv1.deltadatamandiri.com/ACC_LMS_WEB/#/admNLmn' successfully

2020-05-28 03:48:24 - [MESSAGE][PASSED] - Navigate to 'https://appsrv1.deltadatamandiri.com/ACC_LMS_WEB/#/admNLmn' successfully

2020-05-28 03:48:24 - [TEST_STEP][PASSED] - maximizeWindow(): Current window maximized

2020-05-28 03:48:26 - [MESSAGE][PASSED] - Current window maximized

2020-05-28 03:48:26 - [TEST_STEP][PASSED] - delay(30): Delayed 30 second(s)

2020-05-28 03:48:56 - [MESSAGE][PASSED] - Delayed 30 second(s)

2020-05-28 03:48:56 - [TEST_STEP][PASSED] - click(findTestObject("Rizka/Admin/Admin - Login/btnLogin")): Object: 'Object Repository/Rizka/Admin/Admin - Login/btnLogin' is clicked on

2020-05-28 03:48:56 - [MESSAGE][PASSED] - Object: 'Object Repository/Rizka/Admin/Admin - Login/btnLogin' is clicked on

2020-05-28 03:48:56 - [TEST_STEP][PASSED] - setText(findTestObject("Rizka/Admin/Admin - Login/txtUsername"), username): Text '11666' is set on object 'Object Repository/Rizka/Admin/Admin - Login/txtUsername'

2020-05-28 03:48:56 - [MESSAGE][PASSED] - Text '11666' is set on object 'Object Repository/Rizka/Admin/Admin - Login/txtUsername'

2020-05-28 03:48:56 - [TEST_STEP][PASSED] - setText(findTestObject("Rizka/Admin/Admin - Login/txtPassword"), password): Text 'Password3' is set on object 'Object Repository/Rizka/Admin/Admin - Login/txtPassword'

2020-05-28 03:48:57 - [MESSAGE][PASSED] - Text 'Password3' is set on object 'Object Repository/Rizka/Admin/Admin - Login/txtPassword'

2020-05-28 03:48:57 - [TEST_STEP][PASSED] - click(findTestObject("Rizka/Admin/Admin - Login/btnEyePass")): Object: 'Object Repository/Rizka/Admin/Admin - Login/btnEyePass' is clicked on

2020-05-28 03:48:57 - [MESSAGE][PASSED] - Object: 'Object Repository/Rizka/Admin/Admin - Login/btnEyePass' is clicked on

2020-05-28 03:48:57 - [TEST_STEP][PASSED] - if (rememberMe == "yes"): Object: 'Object Repository/Rizka/Admin/Admin - Login/checkboxRememberMe' is clicked on

2020-05-28 03:48:57 - [TEST_STEP][PASSED] - click(findTestObject("Rizka/Admin/Admin - Login/checkboxRememberMe")): Object: 'Object Repository/Rizka/Admin/Admin - Login/checkboxRememberMe' is clicked on

2020-05-28 03:48:57 - [MESSAGE][PASSED] - Object: 'Object Repository/Rizka/Admin/Admin - Login/checkboxRememberMe' is clicked on

2020-05-28 03:48:57 - [TEST_STEP][PASSED] - click(findTestObject("Rizka/Admin/Admin - Login/btnLogin2")): Object: 'Object Repository/Rizka/Admin/Admin - Login/btnLogin2' is clicked on

2020-05-28 03:48:58 - [MESSAGE][PASSED] - Object: 'Object Repository/Rizka/Admin/Admin - Login/btnLogin2' is clicked on

2020-05-28 03:48:58 - [TEST_STEP][PASSED] - delay(10): Delayed 10 second(s)

2020-05-28 03:49:08 - [MESSAGE][PASSED] - Delayed 10 second(s)

2020-05-28 03:49:08 - [TEST_STEP][PASSED] - if (condition == "passed"): Object 'Object Repository/Rizka/Admin/Admin - Login/span_Dashboard' is visible

2020-05-28 03:49:08 - [TEST_STEP][PASSED] - verifyElementVisible(findTestObject("Rizka/Admin/Admin - Login/span_Dashboard")): Object 'Object Repository/Rizka/Admin/Admin - Login/span_Dashboard' is visible

2020-05-28 03:49:10 - [MESSAGE][PASSED] - Object 'Object Repository/Rizka/Admin/Admin - Login/span_Dashboard' is visible

2020-05-28 03:49:10 - [MESSAGE][PASSED] - Call Test Case 'Test Cases/Rizka/Admin/Custom/Admin - Login' successfully

2020-05-28 03:49:10 - [TEST_STEP][PASSED] - delay(5): Delayed 5 second(s)

2020-05-28 03:49:15 - [MESSAGE][PASSED] - Delayed 5 second(s)

2020-05-28 03:49:15 - [TEST_STEP][PASSED] - click(findTestObject("Alda/Admin - Manage FAQ/Page_Dashboard Admin/span_manage_faq")): Object: 'Object Repository/Alda/Admin - Manage FAQ/Page_Dashboard Admin/span_manage_faq' is clicked on

2020-05-28 03:49:15 - [MESSAGE][PASSED] - Object: 'Object Repository/Alda/Admin - Manage FAQ/Page_Dashboard Admin/span_manage_faq' is clicked on

2020-05-28 03:49:15 - [TEST_STEP][PASSED] - click(findTestObject("Alda/Admin - Manage FAQ/Page_Manage Faq/input_search")): Object: 'Object Repository/Alda/Admin - Manage FAQ/Page_Manage Faq/input_search' is clicked on

2020-05-28 03:49:17 - [MESSAGE][PASSED] - Object: 'Object Repository/Alda/Admin - Manage FAQ/Page_Manage Faq/input_search' is clicked on

2020-05-28 03:49:17 - [TEST_STEP][PASSED] - setText(findTestObject("Alda/Admin - Manage FAQ/Page_Manage Faq/input_search"), var_search): Text 'question4' is set on object 'Object Repository/Alda/Admin - Manage FAQ/Page_Manage Faq/input_search'

2020-05-28 03:49:24 - [MESSAGE][PASSED] - Text 'question4' is set on object 'Object Repository/Alda/Admin - Manage FAQ/Page_Manage Faq/input_search'

2020-05-28 03:49:24 - [TEST_STEP][PASSED] - sendKeys(findTestObject("Alda/Admin - Manage FAQ/Page_Manage Faq/input_search"), Keys.chord(ENTER)): Keys 'ENTER + ' sent to object: 'Object Repository/Alda/Admin - Manage FAQ/Page_Manage Faq/input_search'

2020-05-28 03:49:24 - [MESSAGE][PASSED] - Keys 'ENTER + ' sent to object: 'Object Repository/Alda/Admin - Manage FAQ/Page_Manage Faq/input_search'

2020-05-28 03:49:24 - [TEST_STEP][PASSED] - if (expected_output == "found"): null

2020-05-28 03:49:24 - [MESSAGE][PASSED] - Call Test Case 'Test Cases/Alda/Admin - Manage FAQ/Search' successfully

2020-05-28 03:49:24 - [TEST_STEP][PASSED] - delay(5): Delayed 5 second(s)

2020-05-28 03:49:29 - [MESSAGE][PASSED] - Delayed 5 second(s)

2020-05-28 03:49:29 - [TEST_STEP][PASSED] - click(findTestObject("Alda/Admin - Manage FAQ/Page_Manage Faq/btn_edit")): Object: 'Object Repository/Alda/Admin - Manage FAQ/Page_Manage Faq/btn_edit' is clicked on

2020-05-28 03:49:30 - [MESSAGE][PASSED] - Object: 'Object Repository/Alda/Admin - Manage FAQ/Page_Manage Faq/btn_edit' is clicked on

2020-05-28 03:49:30 - [TEST_STEP][PASSED] - verifyElementVisible(findTestObject("Object Repository/Alda/Admin - Manage FAQ/Page_Manage Faq/header_edit_page")): Object 'Object Repository/Alda/Admin - Manage FAQ/Page_Manage Faq/header_edit_page' is visible

2020-05-28 03:49:34 - [MESSAGE][PASSED] - Object 'Object Repository/Alda/Admin - Manage FAQ/Page_Manage Faq/header_edit_page' is visible

2020-05-28 03:49:34 - [TEST_STEP][PASSED] - switch (opsi_edit): null

2020-05-28 03:49:34 - [TEST_STEP][PASSED] - case "all":: null

2020-05-28 03:49:34 - [TEST_STEP][PASSED] - clearText(findTestObject("Alda/Admin - Manage FAQ/Page_Manage Faq/edit_question"), STOP_ON_FAILURE): Text of object 'Object Repository/Alda/Admin - Manage FAQ/Page_Manage Faq/edit_question' is cleared

2020-05-28 03:49:35 - [MESSAGE][PASSED] - Text of object 'Object Repository/Alda/Admin - Manage FAQ/Page_Manage Faq/edit_question' is cleared

2020-05-28 03:49:35 - [TEST_STEP][PASSED] - setText(findTestObject("Alda/Admin - Manage FAQ/Page_Manage Faq/edit_question"), var_question_new): Text '' is set on object 'Object Repository/Alda/Admin - Manage FAQ/Page_Manage Faq/edit_question'

2020-05-28 03:49:35 - [MESSAGE][PASSED] - Text '' is set on object 'Object Repository/Alda/Admin - Manage FAQ/Page_Manage Faq/edit_question'

2020-05-28 03:49:35 - [TEST_STEP][PASSED] - clearText(findTestObject("Alda/Admin - Manage FAQ/Page_Manage Faq/edit_answer"), STOP_ON_FAILURE): Text of object 'Object Repository/Alda/Admin - Manage FAQ/Page_Manage Faq/edit_answer' is cleared

2020-05-28 03:49:35 - [MESSAGE][PASSED] - Text of object 'Object Repository/Alda/Admin - Manage FAQ/Page_Manage Faq/edit_answer' is cleared

2020-05-28 03:49:35 - [TEST_STEP][PASSED] - setText(findTestObject("Alda/Admin - Manage FAQ/Page_Manage Faq/edit_answer"), var_answer_new): Text 'answer3' is set on object 'Object Repository/Alda/Admin - Manage FAQ/Page_Manage Faq/edit_answer'

2020-05-28 03:49:36 - [MESSAGE][PASSED] - Text 'answer3' is set on object 'Object Repository/Alda/Admin - Manage FAQ/Page_Manage Faq/edit_answer'

2020-05-28 03:49:36 - [TEST_STEP][PASSED] - uploadFile(findTestObject("Alda/Admin - Manage FAQ/Page_Manage Faq/edit_gambar"), var_gambar_new): File 'C:\Users\asus\git\LMS27Mei\gambar_alda.jpg' sent to object: 'Object Repository/Alda/Admin - Manage FAQ/Page_Manage Faq/edit_gambar'

2020-05-28 03:49:36 - [MESSAGE][PASSED] - File 'C:\Users\asus\git\LMS27Mei\gambar_alda.jpg' sent to object: 'Object Repository/Alda/Admin - Manage FAQ/Page_Manage Faq/edit_gambar'

2020-05-28 03:49:36 - [TEST_STEP][PASSED] - if (expected_image == "success"): Keys 'ENTER + ' sent to object: 'Object Repository/Alda/Admin - Manage FAQ/Page_Manage Faq/edit_tag'

2020-05-28 03:49:36 - [TEST_STEP][PASSED] - verifyElementVisible(findTestObject("Object Repository/Alda/Admin - Manage FAQ/Page_Manage Faq/alert_success_upload_image")): Object 'Object Repository/Alda/Admin - Manage FAQ/Page_Manage Faq/alert_success_upload_image' is visible

2020-05-28 03:49:37 - [MESSAGE][PASSED] - Object 'Object Repository/Alda/Admin - Manage FAQ/Page_Manage Faq/alert_success_upload_image' is visible

2020-05-28 03:49:37 - [TEST_STEP][PASSED] - click(findTestObject("Alda/Admin - Manage FAQ/Page_Manage Faq/edit_tag")): Object: 'Object Repository/Alda/Admin - Manage FAQ/Page_Manage Faq/edit_tag' is clicked on

2020-05-28 03:49:37 - [MESSAGE][PASSED] - Object: 'Object Repository/Alda/Admin - Manage FAQ/Page_Manage Faq/edit_tag' is clicked on

2020-05-28 03:49:37 - [TEST_STEP][PASSED] - setText(findTestObject("Alda/Admin - Manage FAQ/Page_Manage Faq/edit_tag"), var_tag_new): Text 'apaaja' is set on object 'Object Repository/Alda/Admin - Manage FAQ/Page_Manage Faq/edit_tag'

2020-05-28 03:49:38 - [MESSAGE][PASSED] - Text 'apaaja' is set on object 'Object Repository/Alda/Admin - Manage FAQ/Page_Manage Faq/edit_tag'

2020-05-28 03:49:38 - [TEST_STEP][PASSED] - sendKeys(findTestObject("Alda/Admin - Manage FAQ/Page_Manage Faq/edit_tag"), Keys.chord(ENTER)): Keys 'ENTER + ' sent to object: 'Object Repository/Alda/Admin - Manage FAQ/Page_Manage Faq/edit_tag'

2020-05-28 03:49:39 - [MESSAGE][PASSED] - Keys 'ENTER + ' sent to object: 'Object Repository/Alda/Admin - Manage FAQ/Page_Manage Faq/edit_tag'

2020-05-28 03:49:39 - [TEST_STEP][PASSED] - break: null

2020-05-28 03:49:39 - [TEST_STEP][FAILED] - switch (expected_output): Unable to verify object 'Object Repository/Alda/Admin - Manage FAQ/Page_Manage Faq/alert_error' is visible (Root cause: com.kms.katalon.core.exception.StepFailedException: Unable to verify object 'Object Repository/Alda/Admin - Manage FAQ/Page_Manage Faq/alert_error' is visible
	at com.kms.katalon.core.webui.keyword.internal.WebUIKeywordMain.stepFailed(WebUIKeywordMain.groovy:64)
	at com.kms.katalon.core.webui.keyword.internal.WebUIKeywordMain.runKeyword(WebUIKeywordMain.groovy:26)
	at com.kms.katalon.core.webui.keyword.builtin.VerifyElementVisibleKeyword.verifyElementVisible(VerifyElementVisibleKeyword.groovy:97)
	at com.kms.katalon.core.webui.keyword.builtin.VerifyElementVisibleKeyword.execute(VerifyElementVisibleKeyword.groovy:67)
	at com.kms.katalon.core.keyword.internal.KeywordExecutor.executeKeywordForPlatform(KeywordExecutor.groovy:60)
	at com.kms.katalon.core.webui.keyword.WebUiBuiltInKeywords.verifyElementVisible(WebUiBuiltInKeywords.groovy:372)
	at com.kms.katalon.core.webui.keyword.WebUiBuiltInKeywords$verifyElementVisible$4.call(Unknown Source)
	at Edit.run(Edit:117)
	at com.kms.katalon.core.main.ScriptEngine.run(ScriptEngine.java:194)
	at com.kms.katalon.core.main.ScriptEngine.runScriptAsRawText(ScriptEngine.java:119)
	at com.kms.katalon.core.main.TestCaseExecutor.runScript(TestCaseExecutor.java:337)
	at com.kms.katalon.core.main.TestCaseExecutor.doExecute(TestCaseExecutor.java:328)
	at com.kms.katalon.core.main.TestCaseExecutor.processExecutionPhase(TestCaseExecutor.java:307)
	at com.kms.katalon.core.main.TestCaseExecutor.accessMainPhase(TestCaseExecutor.java:299)
	at com.kms.katalon.core.main.TestCaseExecutor.execute(TestCaseExecutor.java:233)
	at com.kms.katalon.core.main.TestSuiteExecutor.accessTestCaseMainPhase(TestSuiteExecutor.java:169)
	at com.kms.katalon.core.main.TestSuiteExecutor.accessTestSuiteMainPhase(TestSuiteExecutor.java:142)
	at com.kms.katalon.core.main.TestSuiteExecutor.execute(TestSuiteExecutor.java:91)
	at com.kms.katalon.core.main.TestCaseMain.startTestSuite(TestCaseMain.java:157)
	at com.kms.katalon.core.main.TestCaseMain$startTestSuite$0.call(Unknown Source)
	at TempTestSuite1590611845987.run(TempTestSuite1590611845987.groovy:36)
Caused by: com.kms.katalon.core.exception.StepFailedException: Web element with id: 'Object Repository/Alda/Admin - Manage FAQ/Page_Manage Faq/alert_error' located by 'By.xpath: id("ng-app")/modal-container[@class="modal fade in"]/app-page-managefaq[1]/div[@class="modal-dialog app-dialog modal-dialog app-alert-dialog"]/div[@class="modal-content"]/div[@class="app-dialog-header modal-header"]/h4[@class="app-dialog-title modal-title"][count(. | //*[(text() = 'Alert' or . = 'Alert')]) = count(//*[(text() = 'Alert' or . = 'Alert')])]' not found
	at com.kms.katalon.core.webui.keyword.internal.WebUIKeywordMain.stepFailed(WebUIKeywordMain.groovy:64)
	at com.kms.katalon.core.webui.keyword.builtin.VerifyElementVisibleKeyword$_verifyElementVisible_closure1.doCall(VerifyElementVisibleKeyword.groovy:89)
	at com.kms.katalon.core.webui.keyword.builtin.VerifyElementVisibleKeyword$_verifyElementVisible_closure1.call(VerifyElementVisibleKeyword.groovy)
	at com.kms.katalon.core.webui.keyword.internal.WebUIKeywordMain.runKeyword(WebUIKeywordMain.groovy:20)
	... 19 more
)

2020-05-28 03:49:39 - [TEST_STEP][FAILED] - case "fail":: Unable to verify object 'Object Repository/Alda/Admin - Manage FAQ/Page_Manage Faq/alert_error' is visible (Root cause: com.kms.katalon.core.exception.StepFailedException: Unable to verify object 'Object Repository/Alda/Admin - Manage FAQ/Page_Manage Faq/alert_error' is visible
	at com.kms.katalon.core.webui.keyword.internal.WebUIKeywordMain.stepFailed(WebUIKeywordMain.groovy:64)
	at com.kms.katalon.core.webui.keyword.internal.WebUIKeywordMain.runKeyword(WebUIKeywordMain.groovy:26)
	at com.kms.katalon.core.webui.keyword.builtin.VerifyElementVisibleKeyword.verifyElementVisible(VerifyElementVisibleKeyword.groovy:97)
	at com.kms.katalon.core.webui.keyword.builtin.VerifyElementVisibleKeyword.execute(VerifyElementVisibleKeyword.groovy:67)
	at com.kms.katalon.core.keyword.internal.KeywordExecutor.executeKeywordForPlatform(KeywordExecutor.groovy:60)
	at com.kms.katalon.core.webui.keyword.WebUiBuiltInKeywords.verifyElementVisible(WebUiBuiltInKeywords.groovy:372)
	at com.kms.katalon.core.webui.keyword.WebUiBuiltInKeywords$verifyElementVisible$4.call(Unknown Source)
	at Edit.run(Edit:117)
	at com.kms.katalon.core.main.ScriptEngine.run(ScriptEngine.java:194)
	at com.kms.katalon.core.main.ScriptEngine.runScriptAsRawText(ScriptEngine.java:119)
	at com.kms.katalon.core.main.TestCaseExecutor.runScript(TestCaseExecutor.java:337)
	at com.kms.katalon.core.main.TestCaseExecutor.doExecute(TestCaseExecutor.java:328)
	at com.kms.katalon.core.main.TestCaseExecutor.processExecutionPhase(TestCaseExecutor.java:307)
	at com.kms.katalon.core.main.TestCaseExecutor.accessMainPhase(TestCaseExecutor.java:299)
	at com.kms.katalon.core.main.TestCaseExecutor.execute(TestCaseExecutor.java:233)
	at com.kms.katalon.core.main.TestSuiteExecutor.accessTestCaseMainPhase(TestSuiteExecutor.java:169)
	at com.kms.katalon.core.main.TestSuiteExecutor.accessTestSuiteMainPhase(TestSuiteExecutor.java:142)
	at com.kms.katalon.core.main.TestSuiteExecutor.execute(TestSuiteExecutor.java:91)
	at com.kms.katalon.core.main.TestCaseMain.startTestSuite(TestCaseMain.java:157)
	at com.kms.katalon.core.main.TestCaseMain$startTestSuite$0.call(Unknown Source)
	at TempTestSuite1590611845987.run(TempTestSuite1590611845987.groovy:36)
Caused by: com.kms.katalon.core.exception.StepFailedException: Web element with id: 'Object Repository/Alda/Admin - Manage FAQ/Page_Manage Faq/alert_error' located by 'By.xpath: id("ng-app")/modal-container[@class="modal fade in"]/app-page-managefaq[1]/div[@class="modal-dialog app-dialog modal-dialog app-alert-dialog"]/div[@class="modal-content"]/div[@class="app-dialog-header modal-header"]/h4[@class="app-dialog-title modal-title"][count(. | //*[(text() = 'Alert' or . = 'Alert')]) = count(//*[(text() = 'Alert' or . = 'Alert')])]' not found
	at com.kms.katalon.core.webui.keyword.internal.WebUIKeywordMain.stepFailed(WebUIKeywordMain.groovy:64)
	at com.kms.katalon.core.webui.keyword.builtin.VerifyElementVisibleKeyword$_verifyElementVisible_closure1.doCall(VerifyElementVisibleKeyword.groovy:89)
	at com.kms.katalon.core.webui.keyword.builtin.VerifyElementVisibleKeyword$_verifyElementVisible_closure1.call(VerifyElementVisibleKeyword.groovy)
	at com.kms.katalon.core.webui.keyword.internal.WebUIKeywordMain.runKeyword(WebUIKeywordMain.groovy:20)
	... 19 more
)

2020-05-28 03:49:39 - [TEST_STEP][PASSED] - click(findTestObject("Object Repository/Alda/Admin - Manage FAQ/Page_Manage Faq/btn_save_edit")): Object: 'Object Repository/Alda/Admin - Manage FAQ/Page_Manage Faq/btn_save_edit' is clicked on

2020-05-28 03:49:39 - [MESSAGE][PASSED] - Object: 'Object Repository/Alda/Admin - Manage FAQ/Page_Manage Faq/btn_save_edit' is clicked on

2020-05-28 03:49:39 - [TEST_STEP][PASSED] - delay(3): Delayed 3 second(s)

2020-05-28 03:49:42 - [MESSAGE][PASSED] - Delayed 3 second(s)

2020-05-28 03:49:42 - [TEST_STEP][FAILED] - verifyElementVisible(findTestObject("Alda/Admin - Manage FAQ/Page_Manage Faq/alert_error")): Unable to verify object 'Object Repository/Alda/Admin - Manage FAQ/Page_Manage Faq/alert_error' is visible (Root cause: com.kms.katalon.core.exception.StepFailedException: Unable to verify object 'Object Repository/Alda/Admin - Manage FAQ/Page_Manage Faq/alert_error' is visible
	at com.kms.katalon.core.webui.keyword.internal.WebUIKeywordMain.stepFailed(WebUIKeywordMain.groovy:64)
	at com.kms.katalon.core.webui.keyword.internal.WebUIKeywordMain.runKeyword(WebUIKeywordMain.groovy:26)
	at com.kms.katalon.core.webui.keyword.builtin.VerifyElementVisibleKeyword.verifyElementVisible(VerifyElementVisibleKeyword.groovy:97)
	at com.kms.katalon.core.webui.keyword.builtin.VerifyElementVisibleKeyword.execute(VerifyElementVisibleKeyword.groovy:67)
	at com.kms.katalon.core.keyword.internal.KeywordExecutor.executeKeywordForPlatform(KeywordExecutor.groovy:60)
	at com.kms.katalon.core.webui.keyword.WebUiBuiltInKeywords.verifyElementVisible(WebUiBuiltInKeywords.groovy:372)
	at com.kms.katalon.core.webui.keyword.WebUiBuiltInKeywords$verifyElementVisible$4.call(Unknown Source)
	at Edit.run(Edit:117)
	at com.kms.katalon.core.main.ScriptEngine.run(ScriptEngine.java:194)
	at com.kms.katalon.core.main.ScriptEngine.runScriptAsRawText(ScriptEngine.java:119)
	at com.kms.katalon.core.main.TestCaseExecutor.runScript(TestCaseExecutor.java:337)
	at com.kms.katalon.core.main.TestCaseExecutor.doExecute(TestCaseExecutor.java:328)
	at com.kms.katalon.core.main.TestCaseExecutor.processExecutionPhase(TestCaseExecutor.java:307)
	at com.kms.katalon.core.main.TestCaseExecutor.accessMainPhase(TestCaseExecutor.java:299)
	at com.kms.katalon.core.main.TestCaseExecutor.execute(TestCaseExecutor.java:233)
	at com.kms.katalon.core.main.TestSuiteExecutor.accessTestCaseMainPhase(TestSuiteExecutor.java:169)
	at com.kms.katalon.core.main.TestSuiteExecutor.accessTestSuiteMainPhase(TestSuiteExecutor.java:142)
	at com.kms.katalon.core.main.TestSuiteExecutor.execute(TestSuiteExecutor.java:91)
	at com.kms.katalon.core.main.TestCaseMain.startTestSuite(TestCaseMain.java:157)
	at com.kms.katalon.core.main.TestCaseMain$startTestSuite$0.call(Unknown Source)
	at TempTestSuite1590611845987.run(TempTestSuite1590611845987.groovy:36)
Caused by: com.kms.katalon.core.exception.StepFailedException: Web element with id: 'Object Repository/Alda/Admin - Manage FAQ/Page_Manage Faq/alert_error' located by 'By.xpath: id("ng-app")/modal-container[@class="modal fade in"]/app-page-managefaq[1]/div[@class="modal-dialog app-dialog modal-dialog app-alert-dialog"]/div[@class="modal-content"]/div[@class="app-dialog-header modal-header"]/h4[@class="app-dialog-title modal-title"][count(. | //*[(text() = 'Alert' or . = 'Alert')]) = count(//*[(text() = 'Alert' or . = 'Alert')])]' not found
	at com.kms.katalon.core.webui.keyword.internal.WebUIKeywordMain.stepFailed(WebUIKeywordMain.groovy:64)
	at com.kms.katalon.core.webui.keyword.builtin.VerifyElementVisibleKeyword$_verifyElementVisible_closure1.doCall(VerifyElementVisibleKeyword.groovy:89)
	at com.kms.katalon.core.webui.keyword.builtin.VerifyElementVisibleKeyword$_verifyElementVisible_closure1.call(VerifyElementVisibleKeyword.groovy)
	at com.kms.katalon.core.webui.keyword.internal.WebUIKeywordMain.runKeyword(WebUIKeywordMain.groovy:20)
	... 19 more
)

2020-05-28 03:50:25 - [MESSAGE][INFO] - Unable to find the element located by 'By.xpath: id("ng-app")/modal-container[@class="modal fade in"]/app-page-managefaq[1]/div[@class="modal-dialog app-dialog modal-dialog app-alert-dialog"]/div[@class="modal-content"]/div[@class="app-dialog-header modal-header"]/h4[@class="app-dialog-title modal-title"][count(. | //*[(text() = 'Alert' or . = 'Alert')]) = count(//*[(text() = 'Alert' or . = 'Alert')])]'. Please recheck the objects properties to make sure the desired element is located. 

2020-05-28 03:50:26 - [MESSAGE][FAILED] - Web element with id: 'Object Repository/Alda/Admin - Manage FAQ/Page_Manage Faq/alert_error' located by 'By.xpath: id("ng-app")/modal-container[@class="modal fade in"]/app-page-managefaq[1]/div[@class="modal-dialog app-dialog modal-dialog app-alert-dialog"]/div[@class="modal-content"]/div[@class="app-dialog-header modal-header"]/h4[@class="app-dialog-title modal-title"][count(. | //*[(text() = 'Alert' or . = 'Alert')]) = count(//*[(text() = 'Alert' or . = 'Alert')])]' not found (Root cause: com.kms.katalon.core.exception.StepFailedException: Web element with id: 'Object Repository/Alda/Admin - Manage FAQ/Page_Manage Faq/alert_error' located by 'By.xpath: id("ng-app")/modal-container[@class="modal fade in"]/app-page-managefaq[1]/div[@class="modal-dialog app-dialog modal-dialog app-alert-dialog"]/div[@class="modal-content"]/div[@class="app-dialog-header modal-header"]/h4[@class="app-dialog-title modal-title"][count(. | //*[(text() = 'Alert' or . = 'Alert')]) = count(//*[(text() = 'Alert' or . = 'Alert')])]' not found
	at com.kms.katalon.core.webui.keyword.internal.WebUIKeywordMain.stepFailed(WebUIKeywordMain.groovy:64)
	at com.kms.katalon.core.webui.keyword.builtin.VerifyElementVisibleKeyword$_verifyElementVisible_closure1.doCall(VerifyElementVisibleKeyword.groovy:89)
	at com.kms.katalon.core.webui.keyword.builtin.VerifyElementVisibleKeyword$_verifyElementVisible_closure1.call(VerifyElementVisibleKeyword.groovy)
	at com.kms.katalon.core.webui.keyword.internal.WebUIKeywordMain.runKeyword(WebUIKeywordMain.groovy:20)
	at com.kms.katalon.core.webui.keyword.builtin.VerifyElementVisibleKeyword.verifyElementVisible(VerifyElementVisibleKeyword.groovy:97)
	at com.kms.katalon.core.webui.keyword.builtin.VerifyElementVisibleKeyword.execute(VerifyElementVisibleKeyword.groovy:67)
	at com.kms.katalon.core.keyword.internal.KeywordExecutor.executeKeywordForPlatform(KeywordExecutor.groovy:60)
	at com.kms.katalon.core.webui.keyword.WebUiBuiltInKeywords.verifyElementVisible(WebUiBuiltInKeywords.groovy:372)
	at com.kms.katalon.core.webui.keyword.WebUiBuiltInKeywords$verifyElementVisible$4.call(Unknown Source)
	at Edit.run(Edit:117)
	at com.kms.katalon.core.main.ScriptEngine.run(ScriptEngine.java:194)
	at com.kms.katalon.core.main.ScriptEngine.runScriptAsRawText(ScriptEngine.java:119)
	at com.kms.katalon.core.main.TestCaseExecutor.runScript(TestCaseExecutor.java:337)
	at com.kms.katalon.core.main.TestCaseExecutor.doExecute(TestCaseExecutor.java:328)
	at com.kms.katalon.core.main.TestCaseExecutor.processExecutionPhase(TestCaseExecutor.java:307)
	at com.kms.katalon.core.main.TestCaseExecutor.accessMainPhase(TestCaseExecutor.java:299)
	at com.kms.katalon.core.main.TestCaseExecutor.execute(TestCaseExecutor.java:233)
	at com.kms.katalon.core.main.TestSuiteExecutor.accessTestCaseMainPhase(TestSuiteExecutor.java:169)
	at com.kms.katalon.core.main.TestSuiteExecutor.accessTestSuiteMainPhase(TestSuiteExecutor.java:142)
	at com.kms.katalon.core.main.TestSuiteExecutor.execute(TestSuiteExecutor.java:91)
	at com.kms.katalon.core.main.TestCaseMain.startTestSuite(TestCaseMain.java:157)
	at com.kms.katalon.core.main.TestCaseMain$startTestSuite$0.call(Unknown Source)
	at TempTestSuite1590611845987.run(TempTestSuite1590611845987.groovy:36)
)
[[ATTACHMENT|C:\\Users\\asus\\git\\LMS27Mei\\Reports\\20200528_033725\\Alda\\Admin_Manage FAQ - Edit\\20200528_033725\\1590612625800.png]]

2020-05-28 03:50:26 - [MESSAGE][FAILED] - Unable to verify object 'Object Repository/Alda/Admin - Manage FAQ/Page_Manage Faq/alert_error' is visible (Root cause: com.kms.katalon.core.exception.StepFailedException: Unable to verify object 'Object Repository/Alda/Admin - Manage FAQ/Page_Manage Faq/alert_error' is visible
	at com.kms.katalon.core.webui.keyword.internal.WebUIKeywordMain.stepFailed(WebUIKeywordMain.groovy:64)
	at com.kms.katalon.core.webui.keyword.internal.WebUIKeywordMain.runKeyword(WebUIKeywordMain.groovy:26)
	at com.kms.katalon.core.webui.keyword.builtin.VerifyElementVisibleKeyword.verifyElementVisible(VerifyElementVisibleKeyword.groovy:97)
	at com.kms.katalon.core.webui.keyword.builtin.VerifyElementVisibleKeyword.execute(VerifyElementVisibleKeyword.groovy:67)
	at com.kms.katalon.core.keyword.internal.KeywordExecutor.executeKeywordForPlatform(KeywordExecutor.groovy:60)
	at com.kms.katalon.core.webui.keyword.WebUiBuiltInKeywords.verifyElementVisible(WebUiBuiltInKeywords.groovy:372)
	at com.kms.katalon.core.webui.keyword.WebUiBuiltInKeywords$verifyElementVisible$4.call(Unknown Source)
	at Edit.run(Edit:117)
	at com.kms.katalon.core.main.ScriptEngine.run(ScriptEngine.java:194)
	at com.kms.katalon.core.main.ScriptEngine.runScriptAsRawText(ScriptEngine.java:119)
	at com.kms.katalon.core.main.TestCaseExecutor.runScript(TestCaseExecutor.java:337)
	at com.kms.katalon.core.main.TestCaseExecutor.doExecute(TestCaseExecutor.java:328)
	at com.kms.katalon.core.main.TestCaseExecutor.processExecutionPhase(TestCaseExecutor.java:307)
	at com.kms.katalon.core.main.TestCaseExecutor.accessMainPhase(TestCaseExecutor.java:299)
	at com.kms.katalon.core.main.TestCaseExecutor.execute(TestCaseExecutor.java:233)
	at com.kms.katalon.core.main.TestSuiteExecutor.accessTestCaseMainPhase(TestSuiteExecutor.java:169)
	at com.kms.katalon.core.main.TestSuiteExecutor.accessTestSuiteMainPhase(TestSuiteExecutor.java:142)
	at com.kms.katalon.core.main.TestSuiteExecutor.execute(TestSuiteExecutor.java:91)
	at com.kms.katalon.core.main.TestCaseMain.startTestSuite(TestCaseMain.java:157)
	at com.kms.katalon.core.main.TestCaseMain$startTestSuite$0.call(Unknown Source)
	at TempTestSuite1590611845987.run(TempTestSuite1590611845987.groovy:36)
Caused by: com.kms.katalon.core.exception.StepFailedException: Web element with id: 'Object Repository/Alda/Admin - Manage FAQ/Page_Manage Faq/alert_error' located by 'By.xpath: id("ng-app")/modal-container[@class="modal fade in"]/app-page-managefaq[1]/div[@class="modal-dialog app-dialog modal-dialog app-alert-dialog"]/div[@class="modal-content"]/div[@class="app-dialog-header modal-header"]/h4[@class="app-dialog-title modal-title"][count(. | //*[(text() = 'Alert' or . = 'Alert')]) = count(//*[(text() = 'Alert' or . = 'Alert')])]' not found
	at com.kms.katalon.core.webui.keyword.internal.WebUIKeywordMain.stepFailed(WebUIKeywordMain.groovy:64)
	at com.kms.katalon.core.webui.keyword.builtin.VerifyElementVisibleKeyword$_verifyElementVisible_closure1.doCall(VerifyElementVisibleKeyword.groovy:89)
	at com.kms.katalon.core.webui.keyword.builtin.VerifyElementVisibleKeyword$_verifyElementVisible_closure1.call(VerifyElementVisibleKeyword.groovy)
	at com.kms.katalon.core.webui.keyword.internal.WebUIKeywordMain.runKeyword(WebUIKeywordMain.groovy:20)
	... 19 more
)
[[ATTACHMENT|C:\\Users\\asus\\git\\LMS27Mei\\Reports\\20200528_033725\\Alda\\Admin_Manage FAQ - Edit\\20200528_033725\\1590612626077.png]]]]></system-out>
         <system-err><![CDATA[2020-05-28 03:48:06 - [TEST_CASE][FAILED] - Test Cases/Alda/Admin - Manage FAQ/Edit: Test Cases/Alda/Admin - Manage FAQ/Edit FAILED.
Reason:
com.kms.katalon.core.exception.StepFailedException: Unable to verify object 'Object Repository/Alda/Admin - Manage FAQ/Page_Manage Faq/alert_error' is visible
	at com.kms.katalon.core.webui.keyword.internal.WebUIKeywordMain.stepFailed(WebUIKeywordMain.groovy:64)
	at com.kms.katalon.core.webui.keyword.internal.WebUIKeywordMain.runKeyword(WebUIKeywordMain.groovy:26)
	at com.kms.katalon.core.webui.keyword.builtin.VerifyElementVisibleKeyword.verifyElementVisible(VerifyElementVisibleKeyword.groovy:97)
	at com.kms.katalon.core.webui.keyword.builtin.VerifyElementVisibleKeyword.execute(VerifyElementVisibleKeyword.groovy:67)
	at com.kms.katalon.core.keyword.internal.KeywordExecutor.executeKeywordForPlatform(KeywordExecutor.groovy:60)
	at com.kms.katalon.core.webui.keyword.WebUiBuiltInKeywords.verifyElementVisible(WebUiBuiltInKeywords.groovy:372)
	at com.kms.katalon.core.webui.keyword.WebUiBuiltInKeywords$verifyElementVisible$4.call(Unknown Source)
	at Edit.run(Edit:117)
	at com.kms.katalon.core.main.ScriptEngine.run(ScriptEngine.java:194)
	at com.kms.katalon.core.main.ScriptEngine.runScriptAsRawText(ScriptEngine.java:119)
	at com.kms.katalon.core.main.TestCaseExecutor.runScript(TestCaseExecutor.java:337)
	at com.kms.katalon.core.main.TestCaseExecutor.doExecute(TestCaseExecutor.java:328)
	at com.kms.katalon.core.main.TestCaseExecutor.processExecutionPhase(TestCaseExecutor.java:307)
	at com.kms.katalon.core.main.TestCaseExecutor.accessMainPhase(TestCaseExecutor.java:299)
	at com.kms.katalon.core.main.TestCaseExecutor.execute(TestCaseExecutor.java:233)
	at com.kms.katalon.core.main.TestSuiteExecutor.accessTestCaseMainPhase(TestSuiteExecutor.java:169)
	at com.kms.katalon.core.main.TestSuiteExecutor.accessTestSuiteMainPhase(TestSuiteExecutor.java:142)
	at com.kms.katalon.core.main.TestSuiteExecutor.execute(TestSuiteExecutor.java:91)
	at com.kms.katalon.core.main.TestCaseMain.startTestSuite(TestCaseMain.java:157)
	at com.kms.katalon.core.main.TestCaseMain$startTestSuite$0.call(Unknown Source)
	at TempTestSuite1590611845987.run(TempTestSuite1590611845987.groovy:36)
Caused by: com.kms.katalon.core.exception.StepFailedException: Web element with id: 'Object Repository/Alda/Admin - Manage FAQ/Page_Manage Faq/alert_error' located by 'By.xpath: id("ng-app")/modal-container[@class="modal fade in"]/app-page-managefaq[1]/div[@class="modal-dialog app-dialog modal-dialog app-alert-dialog"]/div[@class="modal-content"]/div[@class="app-dialog-header modal-header"]/h4[@class="app-dialog-title modal-title"][count(. | //*[(text() = 'Alert' or . = 'Alert')]) = count(//*[(text() = 'Alert' or . = 'Alert')])]' not found
	at com.kms.katalon.core.webui.keyword.internal.WebUIKeywordMain.stepFailed(WebUIKeywordMain.groovy:64)
	at com.kms.katalon.core.webui.keyword.builtin.VerifyElementVisibleKeyword$_verifyElementVisible_closure1.doCall(VerifyElementVisibleKeyword.groovy:89)
	at com.kms.katalon.core.webui.keyword.builtin.VerifyElementVisibleKeyword$_verifyElementVisible_closure1.call(VerifyElementVisibleKeyword.groovy)
	at com.kms.katalon.core.webui.keyword.internal.WebUIKeywordMain.runKeyword(WebUIKeywordMain.groovy:20)
	... 19 more]]></system-err>
      </testcase>
      <testcase name="Test Cases/Alda/Admin - Manage FAQ/Edit" time="111.81" classname="Test Cases/Alda/Admin - Manage FAQ/Edit" status="PASSED">
         <system-out><![CDATA[2020-05-28 03:50:26 - [TEST_CASE][PASSED] - Test Cases/Alda/Admin - Manage FAQ/Edit: Test Cases/Alda/Admin - Manage FAQ/Edit

2020-05-28 03:50:26 - [TEST_STEP][PASSED] - callTestCase(findTestCase("Alda/Admin - Manage FAQ/Search"), ["var_search":var_search, "expected_output":""], STOP_ON_FAILURE): Call Test Case 'Test Cases/Alda/Admin - Manage FAQ/Search' successfully

2020-05-28 03:50:26 - [TEST_CASE][PASSED] - Test Cases/Alda/Admin - Manage FAQ/Search: Test Cases/Alda/Admin - Manage FAQ/Search

2020-05-28 03:50:26 - [TEST_STEP][PASSED] - callTestCase(findTestCase("Rizka/Admin/Custom/Admin - Login"), ["username":"11666", "password":"Password3", "rememberMe":"yes", "condition":"passed"], STOP_ON_FAILURE): Call Test Case 'Test Cases/Rizka/Admin/Custom/Admin - Login' successfully

2020-05-28 03:50:26 - [TEST_CASE][PASSED] - Test Cases/Rizka/Admin/Custom/Admin - Login: Test Cases/Rizka/Admin/Custom/Admin - Login

2020-05-28 03:50:26 - [TEST_STEP][PASSED] - openBrowser(""): Browser is opened with url: ''

2020-05-28 03:50:26 - [MESSAGE][WARNING] - A browser is already opened. Closing browser and opening a new one

2020-05-28 03:50:27 - [MESSAGE][INFO] - Starting 'Chrome' driver

2020-05-28 03:50:32 - [MESSAGE][PASSED] - Browser is opened with url: ''

2020-05-28 03:50:32 - [TEST_STEP][PASSED] - navigateToUrl("https://appsrv1.deltadatamandiri.com/ACC_LMS_WEB/#/admNLmn"): Navigate to 'https://appsrv1.deltadatamandiri.com/ACC_LMS_WEB/#/admNLmn' successfully

2020-05-28 03:50:55 - [MESSAGE][PASSED] - Navigate to 'https://appsrv1.deltadatamandiri.com/ACC_LMS_WEB/#/admNLmn' successfully

2020-05-28 03:50:55 - [TEST_STEP][PASSED] - maximizeWindow(): Current window maximized

2020-05-28 03:50:56 - [MESSAGE][PASSED] - Current window maximized

2020-05-28 03:50:56 - [TEST_STEP][PASSED] - delay(30): Delayed 30 second(s)

2020-05-28 03:51:26 - [MESSAGE][PASSED] - Delayed 30 second(s)

2020-05-28 03:51:26 - [TEST_STEP][PASSED] - click(findTestObject("Rizka/Admin/Admin - Login/btnLogin")): Object: 'Object Repository/Rizka/Admin/Admin - Login/btnLogin' is clicked on

2020-05-28 03:51:26 - [MESSAGE][PASSED] - Object: 'Object Repository/Rizka/Admin/Admin - Login/btnLogin' is clicked on

2020-05-28 03:51:26 - [TEST_STEP][PASSED] - setText(findTestObject("Rizka/Admin/Admin - Login/txtUsername"), username): Text '11666' is set on object 'Object Repository/Rizka/Admin/Admin - Login/txtUsername'

2020-05-28 03:51:27 - [MESSAGE][PASSED] - Text '11666' is set on object 'Object Repository/Rizka/Admin/Admin - Login/txtUsername'

2020-05-28 03:51:27 - [TEST_STEP][PASSED] - setText(findTestObject("Rizka/Admin/Admin - Login/txtPassword"), password): Text 'Password3' is set on object 'Object Repository/Rizka/Admin/Admin - Login/txtPassword'

2020-05-28 03:51:27 - [MESSAGE][PASSED] - Text 'Password3' is set on object 'Object Repository/Rizka/Admin/Admin - Login/txtPassword'

2020-05-28 03:51:27 - [TEST_STEP][PASSED] - click(findTestObject("Rizka/Admin/Admin - Login/btnEyePass")): Object: 'Object Repository/Rizka/Admin/Admin - Login/btnEyePass' is clicked on

2020-05-28 03:51:28 - [MESSAGE][PASSED] - Object: 'Object Repository/Rizka/Admin/Admin - Login/btnEyePass' is clicked on

2020-05-28 03:51:28 - [TEST_STEP][PASSED] - if (rememberMe == "yes"): Object: 'Object Repository/Rizka/Admin/Admin - Login/checkboxRememberMe' is clicked on

2020-05-28 03:51:28 - [TEST_STEP][PASSED] - click(findTestObject("Rizka/Admin/Admin - Login/checkboxRememberMe")): Object: 'Object Repository/Rizka/Admin/Admin - Login/checkboxRememberMe' is clicked on

2020-05-28 03:51:28 - [MESSAGE][PASSED] - Object: 'Object Repository/Rizka/Admin/Admin - Login/checkboxRememberMe' is clicked on

2020-05-28 03:51:28 - [TEST_STEP][PASSED] - click(findTestObject("Rizka/Admin/Admin - Login/btnLogin2")): Object: 'Object Repository/Rizka/Admin/Admin - Login/btnLogin2' is clicked on

2020-05-28 03:51:28 - [MESSAGE][PASSED] - Object: 'Object Repository/Rizka/Admin/Admin - Login/btnLogin2' is clicked on

2020-05-28 03:51:28 - [TEST_STEP][PASSED] - delay(10): Delayed 10 second(s)

2020-05-28 03:51:38 - [MESSAGE][PASSED] - Delayed 10 second(s)

2020-05-28 03:51:38 - [TEST_STEP][PASSED] - if (condition == "passed"): Object 'Object Repository/Rizka/Admin/Admin - Login/span_Dashboard' is visible

2020-05-28 03:51:38 - [TEST_STEP][PASSED] - verifyElementVisible(findTestObject("Rizka/Admin/Admin - Login/span_Dashboard")): Object 'Object Repository/Rizka/Admin/Admin - Login/span_Dashboard' is visible

2020-05-28 03:51:41 - [MESSAGE][PASSED] - Object 'Object Repository/Rizka/Admin/Admin - Login/span_Dashboard' is visible

2020-05-28 03:51:41 - [MESSAGE][PASSED] - Call Test Case 'Test Cases/Rizka/Admin/Custom/Admin - Login' successfully

2020-05-28 03:51:41 - [TEST_STEP][PASSED] - delay(5): Delayed 5 second(s)

2020-05-28 03:51:46 - [MESSAGE][PASSED] - Delayed 5 second(s)

2020-05-28 03:51:46 - [TEST_STEP][PASSED] - click(findTestObject("Alda/Admin - Manage FAQ/Page_Dashboard Admin/span_manage_faq")): Object: 'Object Repository/Alda/Admin - Manage FAQ/Page_Dashboard Admin/span_manage_faq' is clicked on

2020-05-28 03:51:46 - [MESSAGE][PASSED] - Object: 'Object Repository/Alda/Admin - Manage FAQ/Page_Dashboard Admin/span_manage_faq' is clicked on

2020-05-28 03:51:46 - [TEST_STEP][PASSED] - click(findTestObject("Alda/Admin - Manage FAQ/Page_Manage Faq/input_search")): Object: 'Object Repository/Alda/Admin - Manage FAQ/Page_Manage Faq/input_search' is clicked on

2020-05-28 03:51:48 - [MESSAGE][PASSED] - Object: 'Object Repository/Alda/Admin - Manage FAQ/Page_Manage Faq/input_search' is clicked on

2020-05-28 03:51:48 - [TEST_STEP][PASSED] - setText(findTestObject("Alda/Admin - Manage FAQ/Page_Manage Faq/input_search"), var_search): Text 'question4' is set on object 'Object Repository/Alda/Admin - Manage FAQ/Page_Manage Faq/input_search'

2020-05-28 03:51:55 - [MESSAGE][PASSED] - Text 'question4' is set on object 'Object Repository/Alda/Admin - Manage FAQ/Page_Manage Faq/input_search'

2020-05-28 03:51:55 - [TEST_STEP][PASSED] - sendKeys(findTestObject("Alda/Admin - Manage FAQ/Page_Manage Faq/input_search"), Keys.chord(ENTER)): Keys 'ENTER + ' sent to object: 'Object Repository/Alda/Admin - Manage FAQ/Page_Manage Faq/input_search'

2020-05-28 03:51:55 - [MESSAGE][PASSED] - Keys 'ENTER + ' sent to object: 'Object Repository/Alda/Admin - Manage FAQ/Page_Manage Faq/input_search'

2020-05-28 03:51:55 - [TEST_STEP][PASSED] - if (expected_output == "found"): null

2020-05-28 03:51:55 - [MESSAGE][PASSED] - Call Test Case 'Test Cases/Alda/Admin - Manage FAQ/Search' successfully

2020-05-28 03:51:55 - [TEST_STEP][PASSED] - delay(5): Delayed 5 second(s)

2020-05-28 03:52:00 - [MESSAGE][PASSED] - Delayed 5 second(s)

2020-05-28 03:52:00 - [TEST_STEP][PASSED] - click(findTestObject("Alda/Admin - Manage FAQ/Page_Manage Faq/btn_edit")): Object: 'Object Repository/Alda/Admin - Manage FAQ/Page_Manage Faq/btn_edit' is clicked on

2020-05-28 03:52:01 - [MESSAGE][PASSED] - Object: 'Object Repository/Alda/Admin - Manage FAQ/Page_Manage Faq/btn_edit' is clicked on

2020-05-28 03:52:01 - [TEST_STEP][PASSED] - verifyElementVisible(findTestObject("Object Repository/Alda/Admin - Manage FAQ/Page_Manage Faq/header_edit_page")): Object 'Object Repository/Alda/Admin - Manage FAQ/Page_Manage Faq/header_edit_page' is visible

2020-05-28 03:52:06 - [MESSAGE][PASSED] - Object 'Object Repository/Alda/Admin - Manage FAQ/Page_Manage Faq/header_edit_page' is visible

2020-05-28 03:52:06 - [TEST_STEP][PASSED] - switch (opsi_edit): null

2020-05-28 03:52:06 - [TEST_STEP][PASSED] - case "question_only":: null

2020-05-28 03:52:06 - [TEST_STEP][PASSED] - click(findTestObject("Alda/Admin - Manage FAQ/Page_Manage Faq/edit_question"), STOP_ON_FAILURE): Object: 'Object Repository/Alda/Admin - Manage FAQ/Page_Manage Faq/edit_question' is clicked on

2020-05-28 03:52:06 - [MESSAGE][PASSED] - Object: 'Object Repository/Alda/Admin - Manage FAQ/Page_Manage Faq/edit_question' is clicked on

2020-05-28 03:52:06 - [TEST_STEP][PASSED] - clearText(findTestObject("Alda/Admin - Manage FAQ/Page_Manage Faq/edit_question"), STOP_ON_FAILURE): Text of object 'Object Repository/Alda/Admin - Manage FAQ/Page_Manage Faq/edit_question' is cleared

2020-05-28 03:52:06 - [MESSAGE][PASSED] - Text of object 'Object Repository/Alda/Admin - Manage FAQ/Page_Manage Faq/edit_question' is cleared

2020-05-28 03:52:06 - [TEST_STEP][PASSED] - setText(findTestObject("Alda/Admin - Manage FAQ/Page_Manage Faq/edit_question"), var_question_new): Text 'question 4 adalah?' is set on object 'Object Repository/Alda/Admin - Manage FAQ/Page_Manage Faq/edit_question'

2020-05-28 03:52:07 - [MESSAGE][PASSED] - Text 'question 4 adalah?' is set on object 'Object Repository/Alda/Admin - Manage FAQ/Page_Manage Faq/edit_question'

2020-05-28 03:52:07 - [TEST_STEP][PASSED] - delay(2): Delayed 2 second(s)

2020-05-28 03:52:09 - [MESSAGE][PASSED] - Delayed 2 second(s)

2020-05-28 03:52:09 - [TEST_STEP][PASSED] - break: null

2020-05-28 03:52:09 - [TEST_STEP][PASSED] - switch (expected_output): null

2020-05-28 03:52:09 - [TEST_STEP][PASSED] - case "pass":: null

2020-05-28 03:52:09 - [TEST_STEP][PASSED] - click(findTestObject("Object Repository/Alda/Admin - Manage FAQ/Page_Manage Faq/btn_save_edit")): Object: 'Object Repository/Alda/Admin - Manage FAQ/Page_Manage Faq/btn_save_edit' is clicked on

2020-05-28 03:52:09 - [MESSAGE][PASSED] - Object: 'Object Repository/Alda/Admin - Manage FAQ/Page_Manage Faq/btn_save_edit' is clicked on

2020-05-28 03:52:09 - [TEST_STEP][PASSED] - delay(3): Delayed 3 second(s)

2020-05-28 03:52:12 - [MESSAGE][PASSED] - Delayed 3 second(s)

2020-05-28 03:52:12 - [TEST_STEP][PASSED] - clearText(findTestObject("Alda/Admin - Manage FAQ/Page_Manage Faq/input_search")): Text of object 'Object Repository/Alda/Admin - Manage FAQ/Page_Manage Faq/input_search' is cleared

2020-05-28 03:52:14 - [MESSAGE][PASSED] - Text of object 'Object Repository/Alda/Admin - Manage FAQ/Page_Manage Faq/input_search' is cleared

2020-05-28 03:52:14 - [TEST_STEP][PASSED] - click(findTestObject("Alda/Admin - Manage FAQ/Page_Manage Faq/input_search")): Object: 'Object Repository/Alda/Admin - Manage FAQ/Page_Manage Faq/input_search' is clicked on

2020-05-28 03:52:14 - [MESSAGE][PASSED] - Object: 'Object Repository/Alda/Admin - Manage FAQ/Page_Manage Faq/input_search' is clicked on

2020-05-28 03:52:14 - [TEST_STEP][PASSED] - setText(findTestObject("Alda/Admin - Manage FAQ/Page_Manage Faq/input_search"), var_search_after_edit): Text 'question3' is set on object 'Object Repository/Alda/Admin - Manage FAQ/Page_Manage Faq/input_search'

2020-05-28 03:52:14 - [MESSAGE][PASSED] - Text 'question3' is set on object 'Object Repository/Alda/Admin - Manage FAQ/Page_Manage Faq/input_search'

2020-05-28 03:52:14 - [TEST_STEP][PASSED] - sendKeys(findTestObject("Alda/Admin - Manage FAQ/Page_Manage Faq/input_search"), Keys.chord(ENTER)): Keys 'ENTER + ' sent to object: 'Object Repository/Alda/Admin - Manage FAQ/Page_Manage Faq/input_search'

2020-05-28 03:52:15 - [MESSAGE][PASSED] - Keys 'ENTER + ' sent to object: 'Object Repository/Alda/Admin - Manage FAQ/Page_Manage Faq/input_search'

2020-05-28 03:52:15 - [TEST_STEP][PASSED] - verifyElementVisible(findTestObject("Alda/Admin - Manage FAQ/Page_Manage Faq/label_search_visible - Copy", ["text":var_search_after_edit])): Object 'Object Repository/Alda/Admin - Manage FAQ/Page_Manage Faq/label_search_visible - Copy' is visible

2020-05-28 03:52:17 - [MESSAGE][PASSED] - Object 'Object Repository/Alda/Admin - Manage FAQ/Page_Manage Faq/label_search_visible - Copy' is visible

2020-05-28 03:52:17 - [TEST_STEP][PASSED] - break: null

2020-05-28 03:52:17 - [TEST_STEP][PASSED] - closeBrowser(): Browser is closed

2020-05-28 03:52:18 - [MESSAGE][PASSED] - Browser is closed]]></system-out>
         <system-err><![CDATA[]]></system-err>
      </testcase>
      <testcase name="Test Cases/Alda/Admin - Manage FAQ/Edit" time="139.071" classname="Test Cases/Alda/Admin - Manage FAQ/Edit" status="FAILED">
         <failure type="FAILED" message="Test Cases/Alda/Admin - Manage FAQ/Edit FAILED.
Reason:
com.kms.katalon.core.exception.StepFailedException: Unable to verify object 'Object Repository/Alda/Admin - Manage FAQ/Page_Manage Faq/alert_error' is visible
	at com.kms.katalon.core.webui.keyword.internal.WebUIKeywordMain.stepFailed(WebUIKeywordMain.groovy:64)
	at com.kms.katalon.core.webui.keyword.internal.WebUIKeywordMain.runKeyword(WebUIKeywordMain.groovy:26)
	at com.kms.katalon.core.webui.keyword.builtin.VerifyElementVisibleKeyword.verifyElementVisible(VerifyElementVisibleKeyword.groovy:97)
	at com.kms.katalon.core.webui.keyword.builtin.VerifyElementVisibleKeyword.execute(VerifyElementVisibleKeyword.groovy:67)
	at com.kms.katalon.core.keyword.internal.KeywordExecutor.executeKeywordForPlatform(KeywordExecutor.groovy:60)
	at com.kms.katalon.core.webui.keyword.WebUiBuiltInKeywords.verifyElementVisible(WebUiBuiltInKeywords.groovy:372)
	at com.kms.katalon.core.webui.keyword.WebUiBuiltInKeywords$verifyElementVisible$4.call(Unknown Source)
	at Edit.run(Edit:117)
	at com.kms.katalon.core.main.ScriptEngine.run(ScriptEngine.java:194)
	at com.kms.katalon.core.main.ScriptEngine.runScriptAsRawText(ScriptEngine.java:119)
	at com.kms.katalon.core.main.TestCaseExecutor.runScript(TestCaseExecutor.java:337)
	at com.kms.katalon.core.main.TestCaseExecutor.doExecute(TestCaseExecutor.java:328)
	at com.kms.katalon.core.main.TestCaseExecutor.processExecutionPhase(TestCaseExecutor.java:307)
	at com.kms.katalon.core.main.TestCaseExecutor.accessMainPhase(TestCaseExecutor.java:299)
	at com.kms.katalon.core.main.TestCaseExecutor.execute(TestCaseExecutor.java:233)
	at com.kms.katalon.core.main.TestSuiteExecutor.accessTestCaseMainPhase(TestSuiteExecutor.java:169)
	at com.kms.katalon.core.main.TestSuiteExecutor.accessTestSuiteMainPhase(TestSuiteExecutor.java:142)
	at com.kms.katalon.core.main.TestSuiteExecutor.execute(TestSuiteExecutor.java:91)
	at com.kms.katalon.core.main.TestCaseMain.startTestSuite(TestCaseMain.java:157)
	at com.kms.katalon.core.main.TestCaseMain$startTestSuite$0.call(Unknown Source)
	at TempTestSuite1590611845987.run(TempTestSuite1590611845987.groovy:36)
Caused by: com.kms.katalon.core.exception.StepFailedException: Web element with id: 'Object Repository/Alda/Admin - Manage FAQ/Page_Manage Faq/alert_error' located by 'By.xpath: id(&quot;ng-app&quot;)/modal-container[@class=&quot;modal fade in&quot;]/app-page-managefaq[1]/div[@class=&quot;modal-dialog app-dialog modal-dialog app-alert-dialog&quot;]/div[@class=&quot;modal-content&quot;]/div[@class=&quot;app-dialog-header modal-header&quot;]/h4[@class=&quot;app-dialog-title modal-title&quot;][count(. | //*[(text() = 'Alert' or . = 'Alert')]) = count(//*[(text() = 'Alert' or . = 'Alert')])]' not found
	at com.kms.katalon.core.webui.keyword.internal.WebUIKeywordMain.stepFailed(WebUIKeywordMain.groovy:64)
	at com.kms.katalon.core.webui.keyword.builtin.VerifyElementVisibleKeyword$_verifyElementVisible_closure1.doCall(VerifyElementVisibleKeyword.groovy:89)
	at com.kms.katalon.core.webui.keyword.builtin.VerifyElementVisibleKeyword$_verifyElementVisible_closure1.call(VerifyElementVisibleKeyword.groovy)
	at com.kms.katalon.core.webui.keyword.internal.WebUIKeywordMain.runKeyword(WebUIKeywordMain.groovy:20)
	... 19 more
"/>
         <system-out><![CDATA[2020-05-28 03:52:18 - [TEST_CASE][FAILED] - Test Cases/Alda/Admin - Manage FAQ/Edit: Test Cases/Alda/Admin - Manage FAQ/Edit FAILED.
Reason:
com.kms.katalon.core.exception.StepFailedException: Unable to verify object 'Object Repository/Alda/Admin - Manage FAQ/Page_Manage Faq/alert_error' is visible
	at com.kms.katalon.core.webui.keyword.internal.WebUIKeywordMain.stepFailed(WebUIKeywordMain.groovy:64)
	at com.kms.katalon.core.webui.keyword.internal.WebUIKeywordMain.runKeyword(WebUIKeywordMain.groovy:26)
	at com.kms.katalon.core.webui.keyword.builtin.VerifyElementVisibleKeyword.verifyElementVisible(VerifyElementVisibleKeyword.groovy:97)
	at com.kms.katalon.core.webui.keyword.builtin.VerifyElementVisibleKeyword.execute(VerifyElementVisibleKeyword.groovy:67)
	at com.kms.katalon.core.keyword.internal.KeywordExecutor.executeKeywordForPlatform(KeywordExecutor.groovy:60)
	at com.kms.katalon.core.webui.keyword.WebUiBuiltInKeywords.verifyElementVisible(WebUiBuiltInKeywords.groovy:372)
	at com.kms.katalon.core.webui.keyword.WebUiBuiltInKeywords$verifyElementVisible$4.call(Unknown Source)
	at Edit.run(Edit:117)
	at com.kms.katalon.core.main.ScriptEngine.run(ScriptEngine.java:194)
	at com.kms.katalon.core.main.ScriptEngine.runScriptAsRawText(ScriptEngine.java:119)
	at com.kms.katalon.core.main.TestCaseExecutor.runScript(TestCaseExecutor.java:337)
	at com.kms.katalon.core.main.TestCaseExecutor.doExecute(TestCaseExecutor.java:328)
	at com.kms.katalon.core.main.TestCaseExecutor.processExecutionPhase(TestCaseExecutor.java:307)
	at com.kms.katalon.core.main.TestCaseExecutor.accessMainPhase(TestCaseExecutor.java:299)
	at com.kms.katalon.core.main.TestCaseExecutor.execute(TestCaseExecutor.java:233)
	at com.kms.katalon.core.main.TestSuiteExecutor.accessTestCaseMainPhase(TestSuiteExecutor.java:169)
	at com.kms.katalon.core.main.TestSuiteExecutor.accessTestSuiteMainPhase(TestSuiteExecutor.java:142)
	at com.kms.katalon.core.main.TestSuiteExecutor.execute(TestSuiteExecutor.java:91)
	at com.kms.katalon.core.main.TestCaseMain.startTestSuite(TestCaseMain.java:157)
	at com.kms.katalon.core.main.TestCaseMain$startTestSuite$0.call(Unknown Source)
	at TempTestSuite1590611845987.run(TempTestSuite1590611845987.groovy:36)
Caused by: com.kms.katalon.core.exception.StepFailedException: Web element with id: 'Object Repository/Alda/Admin - Manage FAQ/Page_Manage Faq/alert_error' located by 'By.xpath: id("ng-app")/modal-container[@class="modal fade in"]/app-page-managefaq[1]/div[@class="modal-dialog app-dialog modal-dialog app-alert-dialog"]/div[@class="modal-content"]/div[@class="app-dialog-header modal-header"]/h4[@class="app-dialog-title modal-title"][count(. | //*[(text() = 'Alert' or . = 'Alert')]) = count(//*[(text() = 'Alert' or . = 'Alert')])]' not found
	at com.kms.katalon.core.webui.keyword.internal.WebUIKeywordMain.stepFailed(WebUIKeywordMain.groovy:64)
	at com.kms.katalon.core.webui.keyword.builtin.VerifyElementVisibleKeyword$_verifyElementVisible_closure1.doCall(VerifyElementVisibleKeyword.groovy:89)
	at com.kms.katalon.core.webui.keyword.builtin.VerifyElementVisibleKeyword$_verifyElementVisible_closure1.call(VerifyElementVisibleKeyword.groovy)
	at com.kms.katalon.core.webui.keyword.internal.WebUIKeywordMain.runKeyword(WebUIKeywordMain.groovy:20)
	... 19 more


2020-05-28 03:52:18 - [TEST_STEP][PASSED] - callTestCase(findTestCase("Alda/Admin - Manage FAQ/Search"), ["var_search":var_search, "expected_output":""], STOP_ON_FAILURE): Call Test Case 'Test Cases/Alda/Admin - Manage FAQ/Search' successfully

2020-05-28 03:52:18 - [TEST_CASE][PASSED] - Test Cases/Alda/Admin - Manage FAQ/Search: Test Cases/Alda/Admin - Manage FAQ/Search

2020-05-28 03:52:18 - [TEST_STEP][PASSED] - callTestCase(findTestCase("Rizka/Admin/Custom/Admin - Login"), ["username":"11666", "password":"Password3", "rememberMe":"yes", "condition":"passed"], STOP_ON_FAILURE): Call Test Case 'Test Cases/Rizka/Admin/Custom/Admin - Login' successfully

2020-05-28 03:52:18 - [TEST_CASE][PASSED] - Test Cases/Rizka/Admin/Custom/Admin - Login: Test Cases/Rizka/Admin/Custom/Admin - Login

2020-05-28 03:52:18 - [TEST_STEP][PASSED] - openBrowser(""): Browser is opened with url: ''

2020-05-28 03:52:18 - [MESSAGE][INFO] - Starting 'Chrome' driver

2020-05-28 03:52:20 - [MESSAGE][PASSED] - Browser is opened with url: ''

2020-05-28 03:52:20 - [TEST_STEP][PASSED] - navigateToUrl("https://appsrv1.deltadatamandiri.com/ACC_LMS_WEB/#/admNLmn"): Navigate to 'https://appsrv1.deltadatamandiri.com/ACC_LMS_WEB/#/admNLmn' successfully

2020-05-28 03:52:37 - [MESSAGE][PASSED] - Navigate to 'https://appsrv1.deltadatamandiri.com/ACC_LMS_WEB/#/admNLmn' successfully

2020-05-28 03:52:37 - [TEST_STEP][PASSED] - maximizeWindow(): Current window maximized

2020-05-28 03:52:38 - [MESSAGE][PASSED] - Current window maximized

2020-05-28 03:52:38 - [TEST_STEP][PASSED] - delay(30): Delayed 30 second(s)

2020-05-28 03:53:08 - [MESSAGE][PASSED] - Delayed 30 second(s)

2020-05-28 03:53:08 - [TEST_STEP][PASSED] - click(findTestObject("Rizka/Admin/Admin - Login/btnLogin")): Object: 'Object Repository/Rizka/Admin/Admin - Login/btnLogin' is clicked on

2020-05-28 03:53:08 - [MESSAGE][PASSED] - Object: 'Object Repository/Rizka/Admin/Admin - Login/btnLogin' is clicked on

2020-05-28 03:53:08 - [TEST_STEP][PASSED] - setText(findTestObject("Rizka/Admin/Admin - Login/txtUsername"), username): Text '11666' is set on object 'Object Repository/Rizka/Admin/Admin - Login/txtUsername'

2020-05-28 03:53:09 - [MESSAGE][PASSED] - Text '11666' is set on object 'Object Repository/Rizka/Admin/Admin - Login/txtUsername'

2020-05-28 03:53:09 - [TEST_STEP][PASSED] - setText(findTestObject("Rizka/Admin/Admin - Login/txtPassword"), password): Text 'Password3' is set on object 'Object Repository/Rizka/Admin/Admin - Login/txtPassword'

2020-05-28 03:53:09 - [MESSAGE][PASSED] - Text 'Password3' is set on object 'Object Repository/Rizka/Admin/Admin - Login/txtPassword'

2020-05-28 03:53:09 - [TEST_STEP][PASSED] - click(findTestObject("Rizka/Admin/Admin - Login/btnEyePass")): Object: 'Object Repository/Rizka/Admin/Admin - Login/btnEyePass' is clicked on

2020-05-28 03:53:10 - [MESSAGE][PASSED] - Object: 'Object Repository/Rizka/Admin/Admin - Login/btnEyePass' is clicked on

2020-05-28 03:53:10 - [TEST_STEP][PASSED] - if (rememberMe == "yes"): Object: 'Object Repository/Rizka/Admin/Admin - Login/checkboxRememberMe' is clicked on

2020-05-28 03:53:10 - [TEST_STEP][PASSED] - click(findTestObject("Rizka/Admin/Admin - Login/checkboxRememberMe")): Object: 'Object Repository/Rizka/Admin/Admin - Login/checkboxRememberMe' is clicked on

2020-05-28 03:53:10 - [MESSAGE][PASSED] - Object: 'Object Repository/Rizka/Admin/Admin - Login/checkboxRememberMe' is clicked on

2020-05-28 03:53:10 - [TEST_STEP][PASSED] - click(findTestObject("Rizka/Admin/Admin - Login/btnLogin2")): Object: 'Object Repository/Rizka/Admin/Admin - Login/btnLogin2' is clicked on

2020-05-28 03:53:10 - [MESSAGE][PASSED] - Object: 'Object Repository/Rizka/Admin/Admin - Login/btnLogin2' is clicked on

2020-05-28 03:53:10 - [TEST_STEP][PASSED] - delay(10): Delayed 10 second(s)

2020-05-28 03:53:20 - [MESSAGE][PASSED] - Delayed 10 second(s)

2020-05-28 03:53:20 - [TEST_STEP][PASSED] - if (condition == "passed"): Object 'Object Repository/Rizka/Admin/Admin - Login/span_Dashboard' is visible

2020-05-28 03:53:20 - [TEST_STEP][PASSED] - verifyElementVisible(findTestObject("Rizka/Admin/Admin - Login/span_Dashboard")): Object 'Object Repository/Rizka/Admin/Admin - Login/span_Dashboard' is visible

2020-05-28 03:53:22 - [MESSAGE][PASSED] - Object 'Object Repository/Rizka/Admin/Admin - Login/span_Dashboard' is visible

2020-05-28 03:53:22 - [MESSAGE][PASSED] - Call Test Case 'Test Cases/Rizka/Admin/Custom/Admin - Login' successfully

2020-05-28 03:53:22 - [TEST_STEP][PASSED] - delay(5): Delayed 5 second(s)

2020-05-28 03:53:27 - [MESSAGE][PASSED] - Delayed 5 second(s)

2020-05-28 03:53:27 - [TEST_STEP][PASSED] - click(findTestObject("Alda/Admin - Manage FAQ/Page_Dashboard Admin/span_manage_faq")): Object: 'Object Repository/Alda/Admin - Manage FAQ/Page_Dashboard Admin/span_manage_faq' is clicked on

2020-05-28 03:53:27 - [MESSAGE][PASSED] - Object: 'Object Repository/Alda/Admin - Manage FAQ/Page_Dashboard Admin/span_manage_faq' is clicked on

2020-05-28 03:53:27 - [TEST_STEP][PASSED] - click(findTestObject("Alda/Admin - Manage FAQ/Page_Manage Faq/input_search")): Object: 'Object Repository/Alda/Admin - Manage FAQ/Page_Manage Faq/input_search' is clicked on

2020-05-28 03:53:29 - [MESSAGE][PASSED] - Object: 'Object Repository/Alda/Admin - Manage FAQ/Page_Manage Faq/input_search' is clicked on

2020-05-28 03:53:29 - [TEST_STEP][PASSED] - setText(findTestObject("Alda/Admin - Manage FAQ/Page_Manage Faq/input_search"), var_search): Text 'question 4 adalah?' is set on object 'Object Repository/Alda/Admin - Manage FAQ/Page_Manage Faq/input_search'

2020-05-28 03:53:37 - [MESSAGE][PASSED] - Text 'question 4 adalah?' is set on object 'Object Repository/Alda/Admin - Manage FAQ/Page_Manage Faq/input_search'

2020-05-28 03:53:37 - [TEST_STEP][PASSED] - sendKeys(findTestObject("Alda/Admin - Manage FAQ/Page_Manage Faq/input_search"), Keys.chord(ENTER)): Keys 'ENTER + ' sent to object: 'Object Repository/Alda/Admin - Manage FAQ/Page_Manage Faq/input_search'

2020-05-28 03:53:37 - [MESSAGE][PASSED] - Keys 'ENTER + ' sent to object: 'Object Repository/Alda/Admin - Manage FAQ/Page_Manage Faq/input_search'

2020-05-28 03:53:37 - [TEST_STEP][PASSED] - if (expected_output == "found"): null

2020-05-28 03:53:37 - [MESSAGE][PASSED] - Call Test Case 'Test Cases/Alda/Admin - Manage FAQ/Search' successfully

2020-05-28 03:53:37 - [TEST_STEP][PASSED] - delay(5): Delayed 5 second(s)

2020-05-28 03:53:42 - [MESSAGE][PASSED] - Delayed 5 second(s)

2020-05-28 03:53:42 - [TEST_STEP][PASSED] - click(findTestObject("Alda/Admin - Manage FAQ/Page_Manage Faq/btn_edit")): Object: 'Object Repository/Alda/Admin - Manage FAQ/Page_Manage Faq/btn_edit' is clicked on

2020-05-28 03:53:42 - [MESSAGE][PASSED] - Object: 'Object Repository/Alda/Admin - Manage FAQ/Page_Manage Faq/btn_edit' is clicked on

2020-05-28 03:53:42 - [TEST_STEP][PASSED] - verifyElementVisible(findTestObject("Object Repository/Alda/Admin - Manage FAQ/Page_Manage Faq/header_edit_page")): Object 'Object Repository/Alda/Admin - Manage FAQ/Page_Manage Faq/header_edit_page' is visible

2020-05-28 03:53:47 - [MESSAGE][PASSED] - Object 'Object Repository/Alda/Admin - Manage FAQ/Page_Manage Faq/header_edit_page' is visible

2020-05-28 03:53:47 - [TEST_STEP][PASSED] - switch (opsi_edit): null

2020-05-28 03:53:47 - [TEST_STEP][PASSED] - case "question_only":: null

2020-05-28 03:53:47 - [TEST_STEP][PASSED] - click(findTestObject("Alda/Admin - Manage FAQ/Page_Manage Faq/edit_question"), STOP_ON_FAILURE): Object: 'Object Repository/Alda/Admin - Manage FAQ/Page_Manage Faq/edit_question' is clicked on

2020-05-28 03:53:48 - [MESSAGE][PASSED] - Object: 'Object Repository/Alda/Admin - Manage FAQ/Page_Manage Faq/edit_question' is clicked on

2020-05-28 03:53:48 - [TEST_STEP][PASSED] - clearText(findTestObject("Alda/Admin - Manage FAQ/Page_Manage Faq/edit_question"), STOP_ON_FAILURE): Text of object 'Object Repository/Alda/Admin - Manage FAQ/Page_Manage Faq/edit_question' is cleared

2020-05-28 03:53:48 - [MESSAGE][PASSED] - Text of object 'Object Repository/Alda/Admin - Manage FAQ/Page_Manage Faq/edit_question' is cleared

2020-05-28 03:53:48 - [TEST_STEP][PASSED] - setText(findTestObject("Alda/Admin - Manage FAQ/Page_Manage Faq/edit_question"), var_question_new): Text '' is set on object 'Object Repository/Alda/Admin - Manage FAQ/Page_Manage Faq/edit_question'

2020-05-28 03:53:48 - [MESSAGE][PASSED] - Text '' is set on object 'Object Repository/Alda/Admin - Manage FAQ/Page_Manage Faq/edit_question'

2020-05-28 03:53:48 - [TEST_STEP][PASSED] - delay(2): Delayed 2 second(s)

2020-05-28 03:53:50 - [MESSAGE][PASSED] - Delayed 2 second(s)

2020-05-28 03:53:50 - [TEST_STEP][PASSED] - break: null

2020-05-28 03:53:50 - [TEST_STEP][FAILED] - switch (expected_output): Unable to verify object 'Object Repository/Alda/Admin - Manage FAQ/Page_Manage Faq/alert_error' is visible (Root cause: com.kms.katalon.core.exception.StepFailedException: Unable to verify object 'Object Repository/Alda/Admin - Manage FAQ/Page_Manage Faq/alert_error' is visible
	at com.kms.katalon.core.webui.keyword.internal.WebUIKeywordMain.stepFailed(WebUIKeywordMain.groovy:64)
	at com.kms.katalon.core.webui.keyword.internal.WebUIKeywordMain.runKeyword(WebUIKeywordMain.groovy:26)
	at com.kms.katalon.core.webui.keyword.builtin.VerifyElementVisibleKeyword.verifyElementVisible(VerifyElementVisibleKeyword.groovy:97)
	at com.kms.katalon.core.webui.keyword.builtin.VerifyElementVisibleKeyword.execute(VerifyElementVisibleKeyword.groovy:67)
	at com.kms.katalon.core.keyword.internal.KeywordExecutor.executeKeywordForPlatform(KeywordExecutor.groovy:60)
	at com.kms.katalon.core.webui.keyword.WebUiBuiltInKeywords.verifyElementVisible(WebUiBuiltInKeywords.groovy:372)
	at com.kms.katalon.core.webui.keyword.WebUiBuiltInKeywords$verifyElementVisible$4.call(Unknown Source)
	at Edit.run(Edit:117)
	at com.kms.katalon.core.main.ScriptEngine.run(ScriptEngine.java:194)
	at com.kms.katalon.core.main.ScriptEngine.runScriptAsRawText(ScriptEngine.java:119)
	at com.kms.katalon.core.main.TestCaseExecutor.runScript(TestCaseExecutor.java:337)
	at com.kms.katalon.core.main.TestCaseExecutor.doExecute(TestCaseExecutor.java:328)
	at com.kms.katalon.core.main.TestCaseExecutor.processExecutionPhase(TestCaseExecutor.java:307)
	at com.kms.katalon.core.main.TestCaseExecutor.accessMainPhase(TestCaseExecutor.java:299)
	at com.kms.katalon.core.main.TestCaseExecutor.execute(TestCaseExecutor.java:233)
	at com.kms.katalon.core.main.TestSuiteExecutor.accessTestCaseMainPhase(TestSuiteExecutor.java:169)
	at com.kms.katalon.core.main.TestSuiteExecutor.accessTestSuiteMainPhase(TestSuiteExecutor.java:142)
	at com.kms.katalon.core.main.TestSuiteExecutor.execute(TestSuiteExecutor.java:91)
	at com.kms.katalon.core.main.TestCaseMain.startTestSuite(TestCaseMain.java:157)
	at com.kms.katalon.core.main.TestCaseMain$startTestSuite$0.call(Unknown Source)
	at TempTestSuite1590611845987.run(TempTestSuite1590611845987.groovy:36)
Caused by: com.kms.katalon.core.exception.StepFailedException: Web element with id: 'Object Repository/Alda/Admin - Manage FAQ/Page_Manage Faq/alert_error' located by 'By.xpath: id("ng-app")/modal-container[@class="modal fade in"]/app-page-managefaq[1]/div[@class="modal-dialog app-dialog modal-dialog app-alert-dialog"]/div[@class="modal-content"]/div[@class="app-dialog-header modal-header"]/h4[@class="app-dialog-title modal-title"][count(. | //*[(text() = 'Alert' or . = 'Alert')]) = count(//*[(text() = 'Alert' or . = 'Alert')])]' not found
	at com.kms.katalon.core.webui.keyword.internal.WebUIKeywordMain.stepFailed(WebUIKeywordMain.groovy:64)
	at com.kms.katalon.core.webui.keyword.builtin.VerifyElementVisibleKeyword$_verifyElementVisible_closure1.doCall(VerifyElementVisibleKeyword.groovy:89)
	at com.kms.katalon.core.webui.keyword.builtin.VerifyElementVisibleKeyword$_verifyElementVisible_closure1.call(VerifyElementVisibleKeyword.groovy)
	at com.kms.katalon.core.webui.keyword.internal.WebUIKeywordMain.runKeyword(WebUIKeywordMain.groovy:20)
	... 19 more
)

2020-05-28 03:53:50 - [TEST_STEP][FAILED] - case "fail":: Unable to verify object 'Object Repository/Alda/Admin - Manage FAQ/Page_Manage Faq/alert_error' is visible (Root cause: com.kms.katalon.core.exception.StepFailedException: Unable to verify object 'Object Repository/Alda/Admin - Manage FAQ/Page_Manage Faq/alert_error' is visible
	at com.kms.katalon.core.webui.keyword.internal.WebUIKeywordMain.stepFailed(WebUIKeywordMain.groovy:64)
	at com.kms.katalon.core.webui.keyword.internal.WebUIKeywordMain.runKeyword(WebUIKeywordMain.groovy:26)
	at com.kms.katalon.core.webui.keyword.builtin.VerifyElementVisibleKeyword.verifyElementVisible(VerifyElementVisibleKeyword.groovy:97)
	at com.kms.katalon.core.webui.keyword.builtin.VerifyElementVisibleKeyword.execute(VerifyElementVisibleKeyword.groovy:67)
	at com.kms.katalon.core.keyword.internal.KeywordExecutor.executeKeywordForPlatform(KeywordExecutor.groovy:60)
	at com.kms.katalon.core.webui.keyword.WebUiBuiltInKeywords.verifyElementVisible(WebUiBuiltInKeywords.groovy:372)
	at com.kms.katalon.core.webui.keyword.WebUiBuiltInKeywords$verifyElementVisible$4.call(Unknown Source)
	at Edit.run(Edit:117)
	at com.kms.katalon.core.main.ScriptEngine.run(ScriptEngine.java:194)
	at com.kms.katalon.core.main.ScriptEngine.runScriptAsRawText(ScriptEngine.java:119)
	at com.kms.katalon.core.main.TestCaseExecutor.runScript(TestCaseExecutor.java:337)
	at com.kms.katalon.core.main.TestCaseExecutor.doExecute(TestCaseExecutor.java:328)
	at com.kms.katalon.core.main.TestCaseExecutor.processExecutionPhase(TestCaseExecutor.java:307)
	at com.kms.katalon.core.main.TestCaseExecutor.accessMainPhase(TestCaseExecutor.java:299)
	at com.kms.katalon.core.main.TestCaseExecutor.execute(TestCaseExecutor.java:233)
	at com.kms.katalon.core.main.TestSuiteExecutor.accessTestCaseMainPhase(TestSuiteExecutor.java:169)
	at com.kms.katalon.core.main.TestSuiteExecutor.accessTestSuiteMainPhase(TestSuiteExecutor.java:142)
	at com.kms.katalon.core.main.TestSuiteExecutor.execute(TestSuiteExecutor.java:91)
	at com.kms.katalon.core.main.TestCaseMain.startTestSuite(TestCaseMain.java:157)
	at com.kms.katalon.core.main.TestCaseMain$startTestSuite$0.call(Unknown Source)
	at TempTestSuite1590611845987.run(TempTestSuite1590611845987.groovy:36)
Caused by: com.kms.katalon.core.exception.StepFailedException: Web element with id: 'Object Repository/Alda/Admin - Manage FAQ/Page_Manage Faq/alert_error' located by 'By.xpath: id("ng-app")/modal-container[@class="modal fade in"]/app-page-managefaq[1]/div[@class="modal-dialog app-dialog modal-dialog app-alert-dialog"]/div[@class="modal-content"]/div[@class="app-dialog-header modal-header"]/h4[@class="app-dialog-title modal-title"][count(. | //*[(text() = 'Alert' or . = 'Alert')]) = count(//*[(text() = 'Alert' or . = 'Alert')])]' not found
	at com.kms.katalon.core.webui.keyword.internal.WebUIKeywordMain.stepFailed(WebUIKeywordMain.groovy:64)
	at com.kms.katalon.core.webui.keyword.builtin.VerifyElementVisibleKeyword$_verifyElementVisible_closure1.doCall(VerifyElementVisibleKeyword.groovy:89)
	at com.kms.katalon.core.webui.keyword.builtin.VerifyElementVisibleKeyword$_verifyElementVisible_closure1.call(VerifyElementVisibleKeyword.groovy)
	at com.kms.katalon.core.webui.keyword.internal.WebUIKeywordMain.runKeyword(WebUIKeywordMain.groovy:20)
	... 19 more
)

2020-05-28 03:53:50 - [TEST_STEP][PASSED] - click(findTestObject("Object Repository/Alda/Admin - Manage FAQ/Page_Manage Faq/btn_save_edit")): Object: 'Object Repository/Alda/Admin - Manage FAQ/Page_Manage Faq/btn_save_edit' is clicked on

2020-05-28 03:53:51 - [MESSAGE][PASSED] - Object: 'Object Repository/Alda/Admin - Manage FAQ/Page_Manage Faq/btn_save_edit' is clicked on

2020-05-28 03:53:51 - [TEST_STEP][PASSED] - delay(3): Delayed 3 second(s)

2020-05-28 03:53:54 - [MESSAGE][PASSED] - Delayed 3 second(s)

2020-05-28 03:53:54 - [TEST_STEP][FAILED] - verifyElementVisible(findTestObject("Alda/Admin - Manage FAQ/Page_Manage Faq/alert_error")): Unable to verify object 'Object Repository/Alda/Admin - Manage FAQ/Page_Manage Faq/alert_error' is visible (Root cause: com.kms.katalon.core.exception.StepFailedException: Unable to verify object 'Object Repository/Alda/Admin - Manage FAQ/Page_Manage Faq/alert_error' is visible
	at com.kms.katalon.core.webui.keyword.internal.WebUIKeywordMain.stepFailed(WebUIKeywordMain.groovy:64)
	at com.kms.katalon.core.webui.keyword.internal.WebUIKeywordMain.runKeyword(WebUIKeywordMain.groovy:26)
	at com.kms.katalon.core.webui.keyword.builtin.VerifyElementVisibleKeyword.verifyElementVisible(VerifyElementVisibleKeyword.groovy:97)
	at com.kms.katalon.core.webui.keyword.builtin.VerifyElementVisibleKeyword.execute(VerifyElementVisibleKeyword.groovy:67)
	at com.kms.katalon.core.keyword.internal.KeywordExecutor.executeKeywordForPlatform(KeywordExecutor.groovy:60)
	at com.kms.katalon.core.webui.keyword.WebUiBuiltInKeywords.verifyElementVisible(WebUiBuiltInKeywords.groovy:372)
	at com.kms.katalon.core.webui.keyword.WebUiBuiltInKeywords$verifyElementVisible$4.call(Unknown Source)
	at Edit.run(Edit:117)
	at com.kms.katalon.core.main.ScriptEngine.run(ScriptEngine.java:194)
	at com.kms.katalon.core.main.ScriptEngine.runScriptAsRawText(ScriptEngine.java:119)
	at com.kms.katalon.core.main.TestCaseExecutor.runScript(TestCaseExecutor.java:337)
	at com.kms.katalon.core.main.TestCaseExecutor.doExecute(TestCaseExecutor.java:328)
	at com.kms.katalon.core.main.TestCaseExecutor.processExecutionPhase(TestCaseExecutor.java:307)
	at com.kms.katalon.core.main.TestCaseExecutor.accessMainPhase(TestCaseExecutor.java:299)
	at com.kms.katalon.core.main.TestCaseExecutor.execute(TestCaseExecutor.java:233)
	at com.kms.katalon.core.main.TestSuiteExecutor.accessTestCaseMainPhase(TestSuiteExecutor.java:169)
	at com.kms.katalon.core.main.TestSuiteExecutor.accessTestSuiteMainPhase(TestSuiteExecutor.java:142)
	at com.kms.katalon.core.main.TestSuiteExecutor.execute(TestSuiteExecutor.java:91)
	at com.kms.katalon.core.main.TestCaseMain.startTestSuite(TestCaseMain.java:157)
	at com.kms.katalon.core.main.TestCaseMain$startTestSuite$0.call(Unknown Source)
	at TempTestSuite1590611845987.run(TempTestSuite1590611845987.groovy:36)
Caused by: com.kms.katalon.core.exception.StepFailedException: Web element with id: 'Object Repository/Alda/Admin - Manage FAQ/Page_Manage Faq/alert_error' located by 'By.xpath: id("ng-app")/modal-container[@class="modal fade in"]/app-page-managefaq[1]/div[@class="modal-dialog app-dialog modal-dialog app-alert-dialog"]/div[@class="modal-content"]/div[@class="app-dialog-header modal-header"]/h4[@class="app-dialog-title modal-title"][count(. | //*[(text() = 'Alert' or . = 'Alert')]) = count(//*[(text() = 'Alert' or . = 'Alert')])]' not found
	at com.kms.katalon.core.webui.keyword.internal.WebUIKeywordMain.stepFailed(WebUIKeywordMain.groovy:64)
	at com.kms.katalon.core.webui.keyword.builtin.VerifyElementVisibleKeyword$_verifyElementVisible_closure1.doCall(VerifyElementVisibleKeyword.groovy:89)
	at com.kms.katalon.core.webui.keyword.builtin.VerifyElementVisibleKeyword$_verifyElementVisible_closure1.call(VerifyElementVisibleKeyword.groovy)
	at com.kms.katalon.core.webui.keyword.internal.WebUIKeywordMain.runKeyword(WebUIKeywordMain.groovy:20)
	... 19 more
)

2020-05-28 03:54:36 - [MESSAGE][INFO] - Unable to find the element located by 'By.xpath: id("ng-app")/modal-container[@class="modal fade in"]/app-page-managefaq[1]/div[@class="modal-dialog app-dialog modal-dialog app-alert-dialog"]/div[@class="modal-content"]/div[@class="app-dialog-header modal-header"]/h4[@class="app-dialog-title modal-title"][count(. | //*[(text() = 'Alert' or . = 'Alert')]) = count(//*[(text() = 'Alert' or . = 'Alert')])]'. Please recheck the objects properties to make sure the desired element is located. 

2020-05-28 03:54:37 - [MESSAGE][FAILED] - Web element with id: 'Object Repository/Alda/Admin - Manage FAQ/Page_Manage Faq/alert_error' located by 'By.xpath: id("ng-app")/modal-container[@class="modal fade in"]/app-page-managefaq[1]/div[@class="modal-dialog app-dialog modal-dialog app-alert-dialog"]/div[@class="modal-content"]/div[@class="app-dialog-header modal-header"]/h4[@class="app-dialog-title modal-title"][count(. | //*[(text() = 'Alert' or . = 'Alert')]) = count(//*[(text() = 'Alert' or . = 'Alert')])]' not found (Root cause: com.kms.katalon.core.exception.StepFailedException: Web element with id: 'Object Repository/Alda/Admin - Manage FAQ/Page_Manage Faq/alert_error' located by 'By.xpath: id("ng-app")/modal-container[@class="modal fade in"]/app-page-managefaq[1]/div[@class="modal-dialog app-dialog modal-dialog app-alert-dialog"]/div[@class="modal-content"]/div[@class="app-dialog-header modal-header"]/h4[@class="app-dialog-title modal-title"][count(. | //*[(text() = 'Alert' or . = 'Alert')]) = count(//*[(text() = 'Alert' or . = 'Alert')])]' not found
	at com.kms.katalon.core.webui.keyword.internal.WebUIKeywordMain.stepFailed(WebUIKeywordMain.groovy:64)
	at com.kms.katalon.core.webui.keyword.builtin.VerifyElementVisibleKeyword$_verifyElementVisible_closure1.doCall(VerifyElementVisibleKeyword.groovy:89)
	at com.kms.katalon.core.webui.keyword.builtin.VerifyElementVisibleKeyword$_verifyElementVisible_closure1.call(VerifyElementVisibleKeyword.groovy)
	at com.kms.katalon.core.webui.keyword.internal.WebUIKeywordMain.runKeyword(WebUIKeywordMain.groovy:20)
	at com.kms.katalon.core.webui.keyword.builtin.VerifyElementVisibleKeyword.verifyElementVisible(VerifyElementVisibleKeyword.groovy:97)
	at com.kms.katalon.core.webui.keyword.builtin.VerifyElementVisibleKeyword.execute(VerifyElementVisibleKeyword.groovy:67)
	at com.kms.katalon.core.keyword.internal.KeywordExecutor.executeKeywordForPlatform(KeywordExecutor.groovy:60)
	at com.kms.katalon.core.webui.keyword.WebUiBuiltInKeywords.verifyElementVisible(WebUiBuiltInKeywords.groovy:372)
	at com.kms.katalon.core.webui.keyword.WebUiBuiltInKeywords$verifyElementVisible$4.call(Unknown Source)
	at Edit.run(Edit:117)
	at com.kms.katalon.core.main.ScriptEngine.run(ScriptEngine.java:194)
	at com.kms.katalon.core.main.ScriptEngine.runScriptAsRawText(ScriptEngine.java:119)
	at com.kms.katalon.core.main.TestCaseExecutor.runScript(TestCaseExecutor.java:337)
	at com.kms.katalon.core.main.TestCaseExecutor.doExecute(TestCaseExecutor.java:328)
	at com.kms.katalon.core.main.TestCaseExecutor.processExecutionPhase(TestCaseExecutor.java:307)
	at com.kms.katalon.core.main.TestCaseExecutor.accessMainPhase(TestCaseExecutor.java:299)
	at com.kms.katalon.core.main.TestCaseExecutor.execute(TestCaseExecutor.java:233)
	at com.kms.katalon.core.main.TestSuiteExecutor.accessTestCaseMainPhase(TestSuiteExecutor.java:169)
	at com.kms.katalon.core.main.TestSuiteExecutor.accessTestSuiteMainPhase(TestSuiteExecutor.java:142)
	at com.kms.katalon.core.main.TestSuiteExecutor.execute(TestSuiteExecutor.java:91)
	at com.kms.katalon.core.main.TestCaseMain.startTestSuite(TestCaseMain.java:157)
	at com.kms.katalon.core.main.TestCaseMain$startTestSuite$0.call(Unknown Source)
	at TempTestSuite1590611845987.run(TempTestSuite1590611845987.groovy:36)
)
[[ATTACHMENT|C:\\Users\\asus\\git\\LMS27Mei\\Reports\\20200528_033725\\Alda\\Admin_Manage FAQ - Edit\\20200528_033725\\1590612876891.png]]

2020-05-28 03:54:37 - [MESSAGE][FAILED] - Unable to verify object 'Object Repository/Alda/Admin - Manage FAQ/Page_Manage Faq/alert_error' is visible (Root cause: com.kms.katalon.core.exception.StepFailedException: Unable to verify object 'Object Repository/Alda/Admin - Manage FAQ/Page_Manage Faq/alert_error' is visible
	at com.kms.katalon.core.webui.keyword.internal.WebUIKeywordMain.stepFailed(WebUIKeywordMain.groovy:64)
	at com.kms.katalon.core.webui.keyword.internal.WebUIKeywordMain.runKeyword(WebUIKeywordMain.groovy:26)
	at com.kms.katalon.core.webui.keyword.builtin.VerifyElementVisibleKeyword.verifyElementVisible(VerifyElementVisibleKeyword.groovy:97)
	at com.kms.katalon.core.webui.keyword.builtin.VerifyElementVisibleKeyword.execute(VerifyElementVisibleKeyword.groovy:67)
	at com.kms.katalon.core.keyword.internal.KeywordExecutor.executeKeywordForPlatform(KeywordExecutor.groovy:60)
	at com.kms.katalon.core.webui.keyword.WebUiBuiltInKeywords.verifyElementVisible(WebUiBuiltInKeywords.groovy:372)
	at com.kms.katalon.core.webui.keyword.WebUiBuiltInKeywords$verifyElementVisible$4.call(Unknown Source)
	at Edit.run(Edit:117)
	at com.kms.katalon.core.main.ScriptEngine.run(ScriptEngine.java:194)
	at com.kms.katalon.core.main.ScriptEngine.runScriptAsRawText(ScriptEngine.java:119)
	at com.kms.katalon.core.main.TestCaseExecutor.runScript(TestCaseExecutor.java:337)
	at com.kms.katalon.core.main.TestCaseExecutor.doExecute(TestCaseExecutor.java:328)
	at com.kms.katalon.core.main.TestCaseExecutor.processExecutionPhase(TestCaseExecutor.java:307)
	at com.kms.katalon.core.main.TestCaseExecutor.accessMainPhase(TestCaseExecutor.java:299)
	at com.kms.katalon.core.main.TestCaseExecutor.execute(TestCaseExecutor.java:233)
	at com.kms.katalon.core.main.TestSuiteExecutor.accessTestCaseMainPhase(TestSuiteExecutor.java:169)
	at com.kms.katalon.core.main.TestSuiteExecutor.accessTestSuiteMainPhase(TestSuiteExecutor.java:142)
	at com.kms.katalon.core.main.TestSuiteExecutor.execute(TestSuiteExecutor.java:91)
	at com.kms.katalon.core.main.TestCaseMain.startTestSuite(TestCaseMain.java:157)
	at com.kms.katalon.core.main.TestCaseMain$startTestSuite$0.call(Unknown Source)
	at TempTestSuite1590611845987.run(TempTestSuite1590611845987.groovy:36)
Caused by: com.kms.katalon.core.exception.StepFailedException: Web element with id: 'Object Repository/Alda/Admin - Manage FAQ/Page_Manage Faq/alert_error' located by 'By.xpath: id("ng-app")/modal-container[@class="modal fade in"]/app-page-managefaq[1]/div[@class="modal-dialog app-dialog modal-dialog app-alert-dialog"]/div[@class="modal-content"]/div[@class="app-dialog-header modal-header"]/h4[@class="app-dialog-title modal-title"][count(. | //*[(text() = 'Alert' or . = 'Alert')]) = count(//*[(text() = 'Alert' or . = 'Alert')])]' not found
	at com.kms.katalon.core.webui.keyword.internal.WebUIKeywordMain.stepFailed(WebUIKeywordMain.groovy:64)
	at com.kms.katalon.core.webui.keyword.builtin.VerifyElementVisibleKeyword$_verifyElementVisible_closure1.doCall(VerifyElementVisibleKeyword.groovy:89)
	at com.kms.katalon.core.webui.keyword.builtin.VerifyElementVisibleKeyword$_verifyElementVisible_closure1.call(VerifyElementVisibleKeyword.groovy)
	at com.kms.katalon.core.webui.keyword.internal.WebUIKeywordMain.runKeyword(WebUIKeywordMain.groovy:20)
	... 19 more
)
[[ATTACHMENT|C:\\Users\\asus\\git\\LMS27Mei\\Reports\\20200528_033725\\Alda\\Admin_Manage FAQ - Edit\\20200528_033725\\1590612877177.png]]]]></system-out>
         <system-err><![CDATA[2020-05-28 03:52:18 - [TEST_CASE][FAILED] - Test Cases/Alda/Admin - Manage FAQ/Edit: Test Cases/Alda/Admin - Manage FAQ/Edit FAILED.
Reason:
com.kms.katalon.core.exception.StepFailedException: Unable to verify object 'Object Repository/Alda/Admin - Manage FAQ/Page_Manage Faq/alert_error' is visible
	at com.kms.katalon.core.webui.keyword.internal.WebUIKeywordMain.stepFailed(WebUIKeywordMain.groovy:64)
	at com.kms.katalon.core.webui.keyword.internal.WebUIKeywordMain.runKeyword(WebUIKeywordMain.groovy:26)
	at com.kms.katalon.core.webui.keyword.builtin.VerifyElementVisibleKeyword.verifyElementVisible(VerifyElementVisibleKeyword.groovy:97)
	at com.kms.katalon.core.webui.keyword.builtin.VerifyElementVisibleKeyword.execute(VerifyElementVisibleKeyword.groovy:67)
	at com.kms.katalon.core.keyword.internal.KeywordExecutor.executeKeywordForPlatform(KeywordExecutor.groovy:60)
	at com.kms.katalon.core.webui.keyword.WebUiBuiltInKeywords.verifyElementVisible(WebUiBuiltInKeywords.groovy:372)
	at com.kms.katalon.core.webui.keyword.WebUiBuiltInKeywords$verifyElementVisible$4.call(Unknown Source)
	at Edit.run(Edit:117)
	at com.kms.katalon.core.main.ScriptEngine.run(ScriptEngine.java:194)
	at com.kms.katalon.core.main.ScriptEngine.runScriptAsRawText(ScriptEngine.java:119)
	at com.kms.katalon.core.main.TestCaseExecutor.runScript(TestCaseExecutor.java:337)
	at com.kms.katalon.core.main.TestCaseExecutor.doExecute(TestCaseExecutor.java:328)
	at com.kms.katalon.core.main.TestCaseExecutor.processExecutionPhase(TestCaseExecutor.java:307)
	at com.kms.katalon.core.main.TestCaseExecutor.accessMainPhase(TestCaseExecutor.java:299)
	at com.kms.katalon.core.main.TestCaseExecutor.execute(TestCaseExecutor.java:233)
	at com.kms.katalon.core.main.TestSuiteExecutor.accessTestCaseMainPhase(TestSuiteExecutor.java:169)
	at com.kms.katalon.core.main.TestSuiteExecutor.accessTestSuiteMainPhase(TestSuiteExecutor.java:142)
	at com.kms.katalon.core.main.TestSuiteExecutor.execute(TestSuiteExecutor.java:91)
	at com.kms.katalon.core.main.TestCaseMain.startTestSuite(TestCaseMain.java:157)
	at com.kms.katalon.core.main.TestCaseMain$startTestSuite$0.call(Unknown Source)
	at TempTestSuite1590611845987.run(TempTestSuite1590611845987.groovy:36)
Caused by: com.kms.katalon.core.exception.StepFailedException: Web element with id: 'Object Repository/Alda/Admin - Manage FAQ/Page_Manage Faq/alert_error' located by 'By.xpath: id("ng-app")/modal-container[@class="modal fade in"]/app-page-managefaq[1]/div[@class="modal-dialog app-dialog modal-dialog app-alert-dialog"]/div[@class="modal-content"]/div[@class="app-dialog-header modal-header"]/h4[@class="app-dialog-title modal-title"][count(. | //*[(text() = 'Alert' or . = 'Alert')]) = count(//*[(text() = 'Alert' or . = 'Alert')])]' not found
	at com.kms.katalon.core.webui.keyword.internal.WebUIKeywordMain.stepFailed(WebUIKeywordMain.groovy:64)
	at com.kms.katalon.core.webui.keyword.builtin.VerifyElementVisibleKeyword$_verifyElementVisible_closure1.doCall(VerifyElementVisibleKeyword.groovy:89)
	at com.kms.katalon.core.webui.keyword.builtin.VerifyElementVisibleKeyword$_verifyElementVisible_closure1.call(VerifyElementVisibleKeyword.groovy)
	at com.kms.katalon.core.webui.keyword.internal.WebUIKeywordMain.runKeyword(WebUIKeywordMain.groovy:20)
	... 19 more]]></system-err>
      </testcase>
      <testcase name="Test Cases/Alda/Admin - Manage FAQ/Edit" time="117.106" classname="Test Cases/Alda/Admin - Manage FAQ/Edit" status="FAILED">
         <failure type="FAILED" message="Test Cases/Alda/Admin - Manage FAQ/Edit FAILED.
Reason:
com.kms.katalon.core.exception.StepFailedException: Call Test Case 'Test Cases/Alda/Admin - Manage FAQ/Search' failed
	at com.kms.katalon.core.keyword.builtin.CallTestCaseKeyword$_callTestCase_closure1.doCall(CallTestCaseKeyword.groovy:63)
	at com.kms.katalon.core.keyword.builtin.CallTestCaseKeyword$_callTestCase_closure1.call(CallTestCaseKeyword.groovy)
	at com.kms.katalon.core.keyword.internal.KeywordMain.runKeyword(KeywordMain.groovy:68)
	at com.kms.katalon.core.keyword.builtin.CallTestCaseKeyword.callTestCase(CallTestCaseKeyword.groovy:81)
	at com.kms.katalon.core.keyword.builtin.CallTestCaseKeyword.execute(CallTestCaseKeyword.groovy:44)
	at com.kms.katalon.core.keyword.internal.KeywordExecutor.executeKeywordForPlatform(KeywordExecutor.groovy:60)
	at com.kms.katalon.core.keyword.BuiltinKeywords.callTestCase(BuiltinKeywords.groovy:334)
	at Edit.run(Edit:19)
	at com.kms.katalon.core.main.ScriptEngine.run(ScriptEngine.java:194)
	at com.kms.katalon.core.main.ScriptEngine.runScriptAsRawText(ScriptEngine.java:119)
	at com.kms.katalon.core.main.TestCaseExecutor.runScript(TestCaseExecutor.java:337)
	at com.kms.katalon.core.main.TestCaseExecutor.doExecute(TestCaseExecutor.java:328)
	at com.kms.katalon.core.main.TestCaseExecutor.processExecutionPhase(TestCaseExecutor.java:307)
	at com.kms.katalon.core.main.TestCaseExecutor.accessMainPhase(TestCaseExecutor.java:299)
	at com.kms.katalon.core.main.TestCaseExecutor.execute(TestCaseExecutor.java:233)
	at com.kms.katalon.core.main.TestSuiteExecutor.accessTestCaseMainPhase(TestSuiteExecutor.java:169)
	at com.kms.katalon.core.main.TestSuiteExecutor.accessTestSuiteMainPhase(TestSuiteExecutor.java:142)
	at com.kms.katalon.core.main.TestSuiteExecutor.execute(TestSuiteExecutor.java:91)
	at com.kms.katalon.core.main.TestCaseMain.startTestSuite(TestCaseMain.java:157)
	at com.kms.katalon.core.main.TestCaseMain$startTestSuite$0.call(Unknown Source)
	at TempTestSuite1590611845987.run(TempTestSuite1590611845987.groovy:36)
Caused by: com.kms.katalon.core.exception.StepFailedException: Call Test Case 'Test Cases/Rizka/Admin/Custom/Admin - Login' failed
	at com.kms.katalon.core.keyword.builtin.CallTestCaseKeyword$_callTestCase_closure1.doCall(CallTestCaseKeyword.groovy:63)
	at com.kms.katalon.core.keyword.builtin.CallTestCaseKeyword$_callTestCase_closure1.call(CallTestCaseKeyword.groovy)
	at com.kms.katalon.core.keyword.internal.KeywordMain.runKeyword(KeywordMain.groovy:68)
	at com.kms.katalon.core.keyword.builtin.CallTestCaseKeyword.callTestCase(CallTestCaseKeyword.groovy:81)
	at com.kms.katalon.core.keyword.builtin.CallTestCaseKeyword.execute(CallTestCaseKeyword.groovy:44)
	at com.kms.katalon.core.keyword.internal.KeywordExecutor.executeKeywordForPlatform(KeywordExecutor.groovy:60)
	at com.kms.katalon.core.keyword.BuiltinKeywords.callTestCase(BuiltinKeywords.groovy:334)
	at Search.run(Search:19)
	at com.kms.katalon.core.main.ScriptEngine.run(ScriptEngine.java:194)
	at com.kms.katalon.core.main.ScriptEngine.runScriptAsRawText(ScriptEngine.java:119)
	at com.kms.katalon.core.main.TestCaseExecutor.runScript(TestCaseExecutor.java:337)
	at com.kms.katalon.core.main.TestCaseExecutor.doExecute(TestCaseExecutor.java:328)
	at com.kms.katalon.core.main.TestCaseExecutor.processExecutionPhase(TestCaseExecutor.java:307)
	at com.kms.katalon.core.main.TestCaseExecutor.accessMainPhase(TestCaseExecutor.java:299)
	at com.kms.katalon.core.main.TestCaseExecutor.execute(TestCaseExecutor.java:233)
	at com.kms.katalon.core.main.TestCaseMain.runTestCase(TestCaseMain.java:114)
	at com.kms.katalon.core.keyword.builtin.CallTestCaseKeyword$_callTestCase_closure1.doCall(CallTestCaseKeyword.groovy:59)
	... 20 more
Caused by: com.kms.katalon.core.exception.StepFailedException: Unable to verify object 'Object Repository/Rizka/Admin/Admin - Login/span_Dashboard' is visible
	at com.kms.katalon.core.webui.keyword.internal.WebUIKeywordMain.stepFailed(WebUIKeywordMain.groovy:64)
	at com.kms.katalon.core.webui.keyword.internal.WebUIKeywordMain.runKeyword(WebUIKeywordMain.groovy:26)
	at com.kms.katalon.core.webui.keyword.builtin.VerifyElementVisibleKeyword.verifyElementVisible(VerifyElementVisibleKeyword.groovy:97)
	at com.kms.katalon.core.webui.keyword.builtin.VerifyElementVisibleKeyword.execute(VerifyElementVisibleKeyword.groovy:67)
	at com.kms.katalon.core.keyword.internal.KeywordExecutor.executeKeywordForPlatform(KeywordExecutor.groovy:60)
	at com.kms.katalon.core.webui.keyword.WebUiBuiltInKeywords.verifyElementVisible(WebUiBuiltInKeywords.groovy:372)
	at com.kms.katalon.core.webui.keyword.WebUiBuiltInKeywords$verifyElementVisible$4.call(Unknown Source)
	at Admin - Login.run(Admin - Login:44)
	at com.kms.katalon.core.main.ScriptEngine.run(ScriptEngine.java:194)
	at com.kms.katalon.core.main.ScriptEngine.runScriptAsRawText(ScriptEngine.java:119)
	at com.kms.katalon.core.main.TestCaseExecutor.runScript(TestCaseExecutor.java:337)
	at com.kms.katalon.core.main.TestCaseExecutor.doExecute(TestCaseExecutor.java:328)
	at com.kms.katalon.core.main.TestCaseExecutor.processExecutionPhase(TestCaseExecutor.java:307)
	at com.kms.katalon.core.main.TestCaseExecutor.accessMainPhase(TestCaseExecutor.java:299)
	at com.kms.katalon.core.main.TestCaseExecutor.execute(TestCaseExecutor.java:233)
	at com.kms.katalon.core.main.TestCaseMain.runTestCase(TestCaseMain.java:114)
	at com.kms.katalon.core.keyword.builtin.CallTestCaseKeyword$_callTestCase_closure1.doCall(CallTestCaseKeyword.groovy:59)
	... 36 more
Caused by: com.kms.katalon.core.exception.StepFailedException: Web element with id: 'Object Repository/Rizka/Admin/Admin - Login/span_Dashboard' located by 'By.xpath: //a[@id='linkAdmin1']/span' not found
	at com.kms.katalon.core.webui.keyword.internal.WebUIKeywordMain.stepFailed(WebUIKeywordMain.groovy:64)
	at com.kms.katalon.core.webui.keyword.builtin.VerifyElementVisibleKeyword$_verifyElementVisible_closure1.doCall(VerifyElementVisibleKeyword.groovy:89)
	at com.kms.katalon.core.webui.keyword.builtin.VerifyElementVisibleKeyword$_verifyElementVisible_closure1.call(VerifyElementVisibleKeyword.groovy)
	at com.kms.katalon.core.webui.keyword.internal.WebUIKeywordMain.runKeyword(WebUIKeywordMain.groovy:20)
	... 51 more
"/>
         <system-out><![CDATA[2020-05-28 03:54:37 - [TEST_CASE][FAILED] - Test Cases/Alda/Admin - Manage FAQ/Edit: Test Cases/Alda/Admin - Manage FAQ/Edit FAILED.
Reason:
com.kms.katalon.core.exception.StepFailedException: Call Test Case 'Test Cases/Alda/Admin - Manage FAQ/Search' failed
	at com.kms.katalon.core.keyword.builtin.CallTestCaseKeyword$_callTestCase_closure1.doCall(CallTestCaseKeyword.groovy:63)
	at com.kms.katalon.core.keyword.builtin.CallTestCaseKeyword$_callTestCase_closure1.call(CallTestCaseKeyword.groovy)
	at com.kms.katalon.core.keyword.internal.KeywordMain.runKeyword(KeywordMain.groovy:68)
	at com.kms.katalon.core.keyword.builtin.CallTestCaseKeyword.callTestCase(CallTestCaseKeyword.groovy:81)
	at com.kms.katalon.core.keyword.builtin.CallTestCaseKeyword.execute(CallTestCaseKeyword.groovy:44)
	at com.kms.katalon.core.keyword.internal.KeywordExecutor.executeKeywordForPlatform(KeywordExecutor.groovy:60)
	at com.kms.katalon.core.keyword.BuiltinKeywords.callTestCase(BuiltinKeywords.groovy:334)
	at Edit.run(Edit:19)
	at com.kms.katalon.core.main.ScriptEngine.run(ScriptEngine.java:194)
	at com.kms.katalon.core.main.ScriptEngine.runScriptAsRawText(ScriptEngine.java:119)
	at com.kms.katalon.core.main.TestCaseExecutor.runScript(TestCaseExecutor.java:337)
	at com.kms.katalon.core.main.TestCaseExecutor.doExecute(TestCaseExecutor.java:328)
	at com.kms.katalon.core.main.TestCaseExecutor.processExecutionPhase(TestCaseExecutor.java:307)
	at com.kms.katalon.core.main.TestCaseExecutor.accessMainPhase(TestCaseExecutor.java:299)
	at com.kms.katalon.core.main.TestCaseExecutor.execute(TestCaseExecutor.java:233)
	at com.kms.katalon.core.main.TestSuiteExecutor.accessTestCaseMainPhase(TestSuiteExecutor.java:169)
	at com.kms.katalon.core.main.TestSuiteExecutor.accessTestSuiteMainPhase(TestSuiteExecutor.java:142)
	at com.kms.katalon.core.main.TestSuiteExecutor.execute(TestSuiteExecutor.java:91)
	at com.kms.katalon.core.main.TestCaseMain.startTestSuite(TestCaseMain.java:157)
	at com.kms.katalon.core.main.TestCaseMain$startTestSuite$0.call(Unknown Source)
	at TempTestSuite1590611845987.run(TempTestSuite1590611845987.groovy:36)
Caused by: com.kms.katalon.core.exception.StepFailedException: Call Test Case 'Test Cases/Rizka/Admin/Custom/Admin - Login' failed
	at com.kms.katalon.core.keyword.builtin.CallTestCaseKeyword$_callTestCase_closure1.doCall(CallTestCaseKeyword.groovy:63)
	at com.kms.katalon.core.keyword.builtin.CallTestCaseKeyword$_callTestCase_closure1.call(CallTestCaseKeyword.groovy)
	at com.kms.katalon.core.keyword.internal.KeywordMain.runKeyword(KeywordMain.groovy:68)
	at com.kms.katalon.core.keyword.builtin.CallTestCaseKeyword.callTestCase(CallTestCaseKeyword.groovy:81)
	at com.kms.katalon.core.keyword.builtin.CallTestCaseKeyword.execute(CallTestCaseKeyword.groovy:44)
	at com.kms.katalon.core.keyword.internal.KeywordExecutor.executeKeywordForPlatform(KeywordExecutor.groovy:60)
	at com.kms.katalon.core.keyword.BuiltinKeywords.callTestCase(BuiltinKeywords.groovy:334)
	at Search.run(Search:19)
	at com.kms.katalon.core.main.ScriptEngine.run(ScriptEngine.java:194)
	at com.kms.katalon.core.main.ScriptEngine.runScriptAsRawText(ScriptEngine.java:119)
	at com.kms.katalon.core.main.TestCaseExecutor.runScript(TestCaseExecutor.java:337)
	at com.kms.katalon.core.main.TestCaseExecutor.doExecute(TestCaseExecutor.java:328)
	at com.kms.katalon.core.main.TestCaseExecutor.processExecutionPhase(TestCaseExecutor.java:307)
	at com.kms.katalon.core.main.TestCaseExecutor.accessMainPhase(TestCaseExecutor.java:299)
	at com.kms.katalon.core.main.TestCaseExecutor.execute(TestCaseExecutor.java:233)
	at com.kms.katalon.core.main.TestCaseMain.runTestCase(TestCaseMain.java:114)
	at com.kms.katalon.core.keyword.builtin.CallTestCaseKeyword$_callTestCase_closure1.doCall(CallTestCaseKeyword.groovy:59)
	... 20 more
Caused by: com.kms.katalon.core.exception.StepFailedException: Unable to verify object 'Object Repository/Rizka/Admin/Admin - Login/span_Dashboard' is visible
	at com.kms.katalon.core.webui.keyword.internal.WebUIKeywordMain.stepFailed(WebUIKeywordMain.groovy:64)
	at com.kms.katalon.core.webui.keyword.internal.WebUIKeywordMain.runKeyword(WebUIKeywordMain.groovy:26)
	at com.kms.katalon.core.webui.keyword.builtin.VerifyElementVisibleKeyword.verifyElementVisible(VerifyElementVisibleKeyword.groovy:97)
	at com.kms.katalon.core.webui.keyword.builtin.VerifyElementVisibleKeyword.execute(VerifyElementVisibleKeyword.groovy:67)
	at com.kms.katalon.core.keyword.internal.KeywordExecutor.executeKeywordForPlatform(KeywordExecutor.groovy:60)
	at com.kms.katalon.core.webui.keyword.WebUiBuiltInKeywords.verifyElementVisible(WebUiBuiltInKeywords.groovy:372)
	at com.kms.katalon.core.webui.keyword.WebUiBuiltInKeywords$verifyElementVisible$4.call(Unknown Source)
	at Admin - Login.run(Admin - Login:44)
	at com.kms.katalon.core.main.ScriptEngine.run(ScriptEngine.java:194)
	at com.kms.katalon.core.main.ScriptEngine.runScriptAsRawText(ScriptEngine.java:119)
	at com.kms.katalon.core.main.TestCaseExecutor.runScript(TestCaseExecutor.java:337)
	at com.kms.katalon.core.main.TestCaseExecutor.doExecute(TestCaseExecutor.java:328)
	at com.kms.katalon.core.main.TestCaseExecutor.processExecutionPhase(TestCaseExecutor.java:307)
	at com.kms.katalon.core.main.TestCaseExecutor.accessMainPhase(TestCaseExecutor.java:299)
	at com.kms.katalon.core.main.TestCaseExecutor.execute(TestCaseExecutor.java:233)
	at com.kms.katalon.core.main.TestCaseMain.runTestCase(TestCaseMain.java:114)
	at com.kms.katalon.core.keyword.builtin.CallTestCaseKeyword$_callTestCase_closure1.doCall(CallTestCaseKeyword.groovy:59)
	... 36 more
Caused by: com.kms.katalon.core.exception.StepFailedException: Web element with id: 'Object Repository/Rizka/Admin/Admin - Login/span_Dashboard' located by 'By.xpath: //a[@id='linkAdmin1']/span' not found
	at com.kms.katalon.core.webui.keyword.internal.WebUIKeywordMain.stepFailed(WebUIKeywordMain.groovy:64)
	at com.kms.katalon.core.webui.keyword.builtin.VerifyElementVisibleKeyword$_verifyElementVisible_closure1.doCall(VerifyElementVisibleKeyword.groovy:89)
	at com.kms.katalon.core.webui.keyword.builtin.VerifyElementVisibleKeyword$_verifyElementVisible_closure1.call(VerifyElementVisibleKeyword.groovy)
	at com.kms.katalon.core.webui.keyword.internal.WebUIKeywordMain.runKeyword(WebUIKeywordMain.groovy:20)
	... 51 more


2020-05-28 03:54:37 - [TEST_STEP][FAILED] - callTestCase(findTestCase("Alda/Admin - Manage FAQ/Search"), ["var_search":var_search, "expected_output":""], STOP_ON_FAILURE): Unable to call Test Case 'Test Cases/Alda/Admin - Manage FAQ/Search' (Root cause: com.kms.katalon.core.exception.StepFailedException: Call Test Case 'Test Cases/Alda/Admin - Manage FAQ/Search' failed
	at com.kms.katalon.core.keyword.builtin.CallTestCaseKeyword$_callTestCase_closure1.doCall(CallTestCaseKeyword.groovy:63)
	at com.kms.katalon.core.keyword.builtin.CallTestCaseKeyword$_callTestCase_closure1.call(CallTestCaseKeyword.groovy)
	at com.kms.katalon.core.keyword.internal.KeywordMain.runKeyword(KeywordMain.groovy:68)
	at com.kms.katalon.core.keyword.builtin.CallTestCaseKeyword.callTestCase(CallTestCaseKeyword.groovy:81)
	at com.kms.katalon.core.keyword.builtin.CallTestCaseKeyword.execute(CallTestCaseKeyword.groovy:44)
	at com.kms.katalon.core.keyword.internal.KeywordExecutor.executeKeywordForPlatform(KeywordExecutor.groovy:60)
	at com.kms.katalon.core.keyword.BuiltinKeywords.callTestCase(BuiltinKeywords.groovy:334)
	at Edit.run(Edit:19)
	at com.kms.katalon.core.main.ScriptEngine.run(ScriptEngine.java:194)
	at com.kms.katalon.core.main.ScriptEngine.runScriptAsRawText(ScriptEngine.java:119)
	at com.kms.katalon.core.main.TestCaseExecutor.runScript(TestCaseExecutor.java:337)
	at com.kms.katalon.core.main.TestCaseExecutor.doExecute(TestCaseExecutor.java:328)
	at com.kms.katalon.core.main.TestCaseExecutor.processExecutionPhase(TestCaseExecutor.java:307)
	at com.kms.katalon.core.main.TestCaseExecutor.accessMainPhase(TestCaseExecutor.java:299)
	at com.kms.katalon.core.main.TestCaseExecutor.execute(TestCaseExecutor.java:233)
	at com.kms.katalon.core.main.TestSuiteExecutor.accessTestCaseMainPhase(TestSuiteExecutor.java:169)
	at com.kms.katalon.core.main.TestSuiteExecutor.accessTestSuiteMainPhase(TestSuiteExecutor.java:142)
	at com.kms.katalon.core.main.TestSuiteExecutor.execute(TestSuiteExecutor.java:91)
	at com.kms.katalon.core.main.TestCaseMain.startTestSuite(TestCaseMain.java:157)
	at com.kms.katalon.core.main.TestCaseMain$startTestSuite$0.call(Unknown Source)
	at TempTestSuite1590611845987.run(TempTestSuite1590611845987.groovy:36)
Caused by: com.kms.katalon.core.exception.StepFailedException: Call Test Case 'Test Cases/Rizka/Admin/Custom/Admin - Login' failed
	at com.kms.katalon.core.keyword.builtin.CallTestCaseKeyword$_callTestCase_closure1.doCall(CallTestCaseKeyword.groovy:63)
	at com.kms.katalon.core.keyword.builtin.CallTestCaseKeyword$_callTestCase_closure1.call(CallTestCaseKeyword.groovy)
	at com.kms.katalon.core.keyword.internal.KeywordMain.runKeyword(KeywordMain.groovy:68)
	at com.kms.katalon.core.keyword.builtin.CallTestCaseKeyword.callTestCase(CallTestCaseKeyword.groovy:81)
	at com.kms.katalon.core.keyword.builtin.CallTestCaseKeyword.execute(CallTestCaseKeyword.groovy:44)
	at com.kms.katalon.core.keyword.internal.KeywordExecutor.executeKeywordForPlatform(KeywordExecutor.groovy:60)
	at com.kms.katalon.core.keyword.BuiltinKeywords.callTestCase(BuiltinKeywords.groovy:334)
	at Search.run(Search:19)
	at com.kms.katalon.core.main.ScriptEngine.run(ScriptEngine.java:194)
	at com.kms.katalon.core.main.ScriptEngine.runScriptAsRawText(ScriptEngine.java:119)
	at com.kms.katalon.core.main.TestCaseExecutor.runScript(TestCaseExecutor.java:337)
	at com.kms.katalon.core.main.TestCaseExecutor.doExecute(TestCaseExecutor.java:328)
	at com.kms.katalon.core.main.TestCaseExecutor.processExecutionPhase(TestCaseExecutor.java:307)
	at com.kms.katalon.core.main.TestCaseExecutor.accessMainPhase(TestCaseExecutor.java:299)
	at com.kms.katalon.core.main.TestCaseExecutor.execute(TestCaseExecutor.java:233)
	at com.kms.katalon.core.main.TestCaseMain.runTestCase(TestCaseMain.java:114)
	at com.kms.katalon.core.keyword.builtin.CallTestCaseKeyword$_callTestCase_closure1.doCall(CallTestCaseKeyword.groovy:59)
	... 20 more
Caused by: com.kms.katalon.core.exception.StepFailedException: Unable to verify object 'Object Repository/Rizka/Admin/Admin - Login/span_Dashboard' is visible
	at com.kms.katalon.core.webui.keyword.internal.WebUIKeywordMain.stepFailed(WebUIKeywordMain.groovy:64)
	at com.kms.katalon.core.webui.keyword.internal.WebUIKeywordMain.runKeyword(WebUIKeywordMain.groovy:26)
	at com.kms.katalon.core.webui.keyword.builtin.VerifyElementVisibleKeyword.verifyElementVisible(VerifyElementVisibleKeyword.groovy:97)
	at com.kms.katalon.core.webui.keyword.builtin.VerifyElementVisibleKeyword.execute(VerifyElementVisibleKeyword.groovy:67)
	at com.kms.katalon.core.keyword.internal.KeywordExecutor.executeKeywordForPlatform(KeywordExecutor.groovy:60)
	at com.kms.katalon.core.webui.keyword.WebUiBuiltInKeywords.verifyElementVisible(WebUiBuiltInKeywords.groovy:372)
	at com.kms.katalon.core.webui.keyword.WebUiBuiltInKeywords$verifyElementVisible$4.call(Unknown Source)
	at Admin - Login.run(Admin - Login:44)
	at com.kms.katalon.core.main.ScriptEngine.run(ScriptEngine.java:194)
	at com.kms.katalon.core.main.ScriptEngine.runScriptAsRawText(ScriptEngine.java:119)
	at com.kms.katalon.core.main.TestCaseExecutor.runScript(TestCaseExecutor.java:337)
	at com.kms.katalon.core.main.TestCaseExecutor.doExecute(TestCaseExecutor.java:328)
	at com.kms.katalon.core.main.TestCaseExecutor.processExecutionPhase(TestCaseExecutor.java:307)
	at com.kms.katalon.core.main.TestCaseExecutor.accessMainPhase(TestCaseExecutor.java:299)
	at com.kms.katalon.core.main.TestCaseExecutor.execute(TestCaseExecutor.java:233)
	at com.kms.katalon.core.main.TestCaseMain.runTestCase(TestCaseMain.java:114)
	at com.kms.katalon.core.keyword.builtin.CallTestCaseKeyword$_callTestCase_closure1.doCall(CallTestCaseKeyword.groovy:59)
	... 36 more
Caused by: com.kms.katalon.core.exception.StepFailedException: Web element with id: 'Object Repository/Rizka/Admin/Admin - Login/span_Dashboard' located by 'By.xpath: //a[@id='linkAdmin1']/span' not found
	at com.kms.katalon.core.webui.keyword.internal.WebUIKeywordMain.stepFailed(WebUIKeywordMain.groovy:64)
	at com.kms.katalon.core.webui.keyword.builtin.VerifyElementVisibleKeyword$_verifyElementVisible_closure1.doCall(VerifyElementVisibleKeyword.groovy:89)
	at com.kms.katalon.core.webui.keyword.builtin.VerifyElementVisibleKeyword$_verifyElementVisible_closure1.call(VerifyElementVisibleKeyword.groovy)
	at com.kms.katalon.core.webui.keyword.internal.WebUIKeywordMain.runKeyword(WebUIKeywordMain.groovy:20)
	... 51 more
)

2020-05-28 03:54:37 - [TEST_CASE][FAILED] - Test Cases/Alda/Admin - Manage FAQ/Search: Test Cases/Alda/Admin - Manage FAQ/Search FAILED.
Reason:
com.kms.katalon.core.exception.StepFailedException: Call Test Case 'Test Cases/Rizka/Admin/Custom/Admin - Login' failed
	at com.kms.katalon.core.keyword.builtin.CallTestCaseKeyword$_callTestCase_closure1.doCall(CallTestCaseKeyword.groovy:63)
	at com.kms.katalon.core.keyword.builtin.CallTestCaseKeyword$_callTestCase_closure1.call(CallTestCaseKeyword.groovy)
	at com.kms.katalon.core.keyword.internal.KeywordMain.runKeyword(KeywordMain.groovy:68)
	at com.kms.katalon.core.keyword.builtin.CallTestCaseKeyword.callTestCase(CallTestCaseKeyword.groovy:81)
	at com.kms.katalon.core.keyword.builtin.CallTestCaseKeyword.execute(CallTestCaseKeyword.groovy:44)
	at com.kms.katalon.core.keyword.internal.KeywordExecutor.executeKeywordForPlatform(KeywordExecutor.groovy:60)
	at com.kms.katalon.core.keyword.BuiltinKeywords.callTestCase(BuiltinKeywords.groovy:334)
	at Search.run(Search:19)
	at com.kms.katalon.core.main.ScriptEngine.run(ScriptEngine.java:194)
	at com.kms.katalon.core.main.ScriptEngine.runScriptAsRawText(ScriptEngine.java:119)
	at com.kms.katalon.core.main.TestCaseExecutor.runScript(TestCaseExecutor.java:337)
	at com.kms.katalon.core.main.TestCaseExecutor.doExecute(TestCaseExecutor.java:328)
	at com.kms.katalon.core.main.TestCaseExecutor.processExecutionPhase(TestCaseExecutor.java:307)
	at com.kms.katalon.core.main.TestCaseExecutor.accessMainPhase(TestCaseExecutor.java:299)
	at com.kms.katalon.core.main.TestCaseExecutor.execute(TestCaseExecutor.java:233)
	at com.kms.katalon.core.main.TestCaseMain.runTestCase(TestCaseMain.java:114)
	at com.kms.katalon.core.keyword.builtin.CallTestCaseKeyword$_callTestCase_closure1.doCall(CallTestCaseKeyword.groovy:59)
	at com.kms.katalon.core.keyword.builtin.CallTestCaseKeyword$_callTestCase_closure1.call(CallTestCaseKeyword.groovy)
	at com.kms.katalon.core.keyword.internal.KeywordMain.runKeyword(KeywordMain.groovy:68)
	at com.kms.katalon.core.keyword.builtin.CallTestCaseKeyword.callTestCase(CallTestCaseKeyword.groovy:81)
	at com.kms.katalon.core.keyword.builtin.CallTestCaseKeyword.execute(CallTestCaseKeyword.groovy:44)
	at com.kms.katalon.core.keyword.internal.KeywordExecutor.executeKeywordForPlatform(KeywordExecutor.groovy:60)
	at com.kms.katalon.core.keyword.BuiltinKeywords.callTestCase(BuiltinKeywords.groovy:334)
	at Edit.run(Edit:19)
	at com.kms.katalon.core.main.ScriptEngine.run(ScriptEngine.java:194)
	at com.kms.katalon.core.main.ScriptEngine.runScriptAsRawText(ScriptEngine.java:119)
	at com.kms.katalon.core.main.TestCaseExecutor.runScript(TestCaseExecutor.java:337)
	at com.kms.katalon.core.main.TestCaseExecutor.doExecute(TestCaseExecutor.java:328)
	at com.kms.katalon.core.main.TestCaseExecutor.processExecutionPhase(TestCaseExecutor.java:307)
	at com.kms.katalon.core.main.TestCaseExecutor.accessMainPhase(TestCaseExecutor.java:299)
	at com.kms.katalon.core.main.TestCaseExecutor.execute(TestCaseExecutor.java:233)
	at com.kms.katalon.core.main.TestSuiteExecutor.accessTestCaseMainPhase(TestSuiteExecutor.java:169)
	at com.kms.katalon.core.main.TestSuiteExecutor.accessTestSuiteMainPhase(TestSuiteExecutor.java:142)
	at com.kms.katalon.core.main.TestSuiteExecutor.execute(TestSuiteExecutor.java:91)
	at com.kms.katalon.core.main.TestCaseMain.startTestSuite(TestCaseMain.java:157)
	at com.kms.katalon.core.main.TestCaseMain$startTestSuite$0.call(Unknown Source)
	at TempTestSuite1590611845987.run(TempTestSuite1590611845987.groovy:36)
Caused by: com.kms.katalon.core.exception.StepFailedException: Unable to verify object 'Object Repository/Rizka/Admin/Admin - Login/span_Dashboard' is visible
	at com.kms.katalon.core.webui.keyword.internal.WebUIKeywordMain.stepFailed(WebUIKeywordMain.groovy:64)
	at com.kms.katalon.core.webui.keyword.internal.WebUIKeywordMain.runKeyword(WebUIKeywordMain.groovy:26)
	at com.kms.katalon.core.webui.keyword.builtin.VerifyElementVisibleKeyword.verifyElementVisible(VerifyElementVisibleKeyword.groovy:97)
	at com.kms.katalon.core.webui.keyword.builtin.VerifyElementVisibleKeyword.execute(VerifyElementVisibleKeyword.groovy:67)
	at com.kms.katalon.core.keyword.internal.KeywordExecutor.executeKeywordForPlatform(KeywordExecutor.groovy:60)
	at com.kms.katalon.core.webui.keyword.WebUiBuiltInKeywords.verifyElementVisible(WebUiBuiltInKeywords.groovy:372)
	at com.kms.katalon.core.webui.keyword.WebUiBuiltInKeywords$verifyElementVisible$4.call(Unknown Source)
	at Admin - Login.run(Admin - Login:44)
	at com.kms.katalon.core.main.ScriptEngine.run(ScriptEngine.java:194)
	at com.kms.katalon.core.main.ScriptEngine.runScriptAsRawText(ScriptEngine.java:119)
	at com.kms.katalon.core.main.TestCaseExecutor.runScript(TestCaseExecutor.java:337)
	at com.kms.katalon.core.main.TestCaseExecutor.doExecute(TestCaseExecutor.java:328)
	at com.kms.katalon.core.main.TestCaseExecutor.processExecutionPhase(TestCaseExecutor.java:307)
	at com.kms.katalon.core.main.TestCaseExecutor.accessMainPhase(TestCaseExecutor.java:299)
	at com.kms.katalon.core.main.TestCaseExecutor.execute(TestCaseExecutor.java:233)
	at com.kms.katalon.core.main.TestCaseMain.runTestCase(TestCaseMain.java:114)
	at com.kms.katalon.core.keyword.builtin.CallTestCaseKeyword$_callTestCase_closure1.doCall(CallTestCaseKeyword.groovy:59)
	... 36 more
Caused by: com.kms.katalon.core.exception.StepFailedException: Web element with id: 'Object Repository/Rizka/Admin/Admin - Login/span_Dashboard' located by 'By.xpath: //a[@id='linkAdmin1']/span' not found
	at com.kms.katalon.core.webui.keyword.internal.WebUIKeywordMain.stepFailed(WebUIKeywordMain.groovy:64)
	at com.kms.katalon.core.webui.keyword.builtin.VerifyElementVisibleKeyword$_verifyElementVisible_closure1.doCall(VerifyElementVisibleKeyword.groovy:89)
	at com.kms.katalon.core.webui.keyword.builtin.VerifyElementVisibleKeyword$_verifyElementVisible_closure1.call(VerifyElementVisibleKeyword.groovy)
	at com.kms.katalon.core.webui.keyword.internal.WebUIKeywordMain.runKeyword(WebUIKeywordMain.groovy:20)
	... 51 more


2020-05-28 03:54:37 - [TEST_STEP][FAILED] - callTestCase(findTestCase("Rizka/Admin/Custom/Admin - Login"), ["username":"11666", "password":"Password3", "rememberMe":"yes", "condition":"passed"], STOP_ON_FAILURE): Unable to call Test Case 'Test Cases/Rizka/Admin/Custom/Admin - Login' (Root cause: com.kms.katalon.core.exception.StepFailedException: Call Test Case 'Test Cases/Rizka/Admin/Custom/Admin - Login' failed
	at com.kms.katalon.core.keyword.builtin.CallTestCaseKeyword$_callTestCase_closure1.doCall(CallTestCaseKeyword.groovy:63)
	at com.kms.katalon.core.keyword.builtin.CallTestCaseKeyword$_callTestCase_closure1.call(CallTestCaseKeyword.groovy)
	at com.kms.katalon.core.keyword.internal.KeywordMain.runKeyword(KeywordMain.groovy:68)
	at com.kms.katalon.core.keyword.builtin.CallTestCaseKeyword.callTestCase(CallTestCaseKeyword.groovy:81)
	at com.kms.katalon.core.keyword.builtin.CallTestCaseKeyword.execute(CallTestCaseKeyword.groovy:44)
	at com.kms.katalon.core.keyword.internal.KeywordExecutor.executeKeywordForPlatform(KeywordExecutor.groovy:60)
	at com.kms.katalon.core.keyword.BuiltinKeywords.callTestCase(BuiltinKeywords.groovy:334)
	at Search.run(Search:19)
	at com.kms.katalon.core.main.ScriptEngine.run(ScriptEngine.java:194)
	at com.kms.katalon.core.main.ScriptEngine.runScriptAsRawText(ScriptEngine.java:119)
	at com.kms.katalon.core.main.TestCaseExecutor.runScript(TestCaseExecutor.java:337)
	at com.kms.katalon.core.main.TestCaseExecutor.doExecute(TestCaseExecutor.java:328)
	at com.kms.katalon.core.main.TestCaseExecutor.processExecutionPhase(TestCaseExecutor.java:307)
	at com.kms.katalon.core.main.TestCaseExecutor.accessMainPhase(TestCaseExecutor.java:299)
	at com.kms.katalon.core.main.TestCaseExecutor.execute(TestCaseExecutor.java:233)
	at com.kms.katalon.core.main.TestCaseMain.runTestCase(TestCaseMain.java:114)
	at com.kms.katalon.core.keyword.builtin.CallTestCaseKeyword$_callTestCase_closure1.doCall(CallTestCaseKeyword.groovy:59)
	at com.kms.katalon.core.keyword.builtin.CallTestCaseKeyword$_callTestCase_closure1.call(CallTestCaseKeyword.groovy)
	at com.kms.katalon.core.keyword.internal.KeywordMain.runKeyword(KeywordMain.groovy:68)
	at com.kms.katalon.core.keyword.builtin.CallTestCaseKeyword.callTestCase(CallTestCaseKeyword.groovy:81)
	at com.kms.katalon.core.keyword.builtin.CallTestCaseKeyword.execute(CallTestCaseKeyword.groovy:44)
	at com.kms.katalon.core.keyword.internal.KeywordExecutor.executeKeywordForPlatform(KeywordExecutor.groovy:60)
	at com.kms.katalon.core.keyword.BuiltinKeywords.callTestCase(BuiltinKeywords.groovy:334)
	at Edit.run(Edit:19)
	at com.kms.katalon.core.main.ScriptEngine.run(ScriptEngine.java:194)
	at com.kms.katalon.core.main.ScriptEngine.runScriptAsRawText(ScriptEngine.java:119)
	at com.kms.katalon.core.main.TestCaseExecutor.runScript(TestCaseExecutor.java:337)
	at com.kms.katalon.core.main.TestCaseExecutor.doExecute(TestCaseExecutor.java:328)
	at com.kms.katalon.core.main.TestCaseExecutor.processExecutionPhase(TestCaseExecutor.java:307)
	at com.kms.katalon.core.main.TestCaseExecutor.accessMainPhase(TestCaseExecutor.java:299)
	at com.kms.katalon.core.main.TestCaseExecutor.execute(TestCaseExecutor.java:233)
	at com.kms.katalon.core.main.TestSuiteExecutor.accessTestCaseMainPhase(TestSuiteExecutor.java:169)
	at com.kms.katalon.core.main.TestSuiteExecutor.accessTestSuiteMainPhase(TestSuiteExecutor.java:142)
	at com.kms.katalon.core.main.TestSuiteExecutor.execute(TestSuiteExecutor.java:91)
	at com.kms.katalon.core.main.TestCaseMain.startTestSuite(TestCaseMain.java:157)
	at com.kms.katalon.core.main.TestCaseMain$startTestSuite$0.call(Unknown Source)
	at TempTestSuite1590611845987.run(TempTestSuite1590611845987.groovy:36)
Caused by: com.kms.katalon.core.exception.StepFailedException: Unable to verify object 'Object Repository/Rizka/Admin/Admin - Login/span_Dashboard' is visible
	at com.kms.katalon.core.webui.keyword.internal.WebUIKeywordMain.stepFailed(WebUIKeywordMain.groovy:64)
	at com.kms.katalon.core.webui.keyword.internal.WebUIKeywordMain.runKeyword(WebUIKeywordMain.groovy:26)
	at com.kms.katalon.core.webui.keyword.builtin.VerifyElementVisibleKeyword.verifyElementVisible(VerifyElementVisibleKeyword.groovy:97)
	at com.kms.katalon.core.webui.keyword.builtin.VerifyElementVisibleKeyword.execute(VerifyElementVisibleKeyword.groovy:67)
	at com.kms.katalon.core.keyword.internal.KeywordExecutor.executeKeywordForPlatform(KeywordExecutor.groovy:60)
	at com.kms.katalon.core.webui.keyword.WebUiBuiltInKeywords.verifyElementVisible(WebUiBuiltInKeywords.groovy:372)
	at com.kms.katalon.core.webui.keyword.WebUiBuiltInKeywords$verifyElementVisible$4.call(Unknown Source)
	at Admin - Login.run(Admin - Login:44)
	at com.kms.katalon.core.main.ScriptEngine.run(ScriptEngine.java:194)
	at com.kms.katalon.core.main.ScriptEngine.runScriptAsRawText(ScriptEngine.java:119)
	at com.kms.katalon.core.main.TestCaseExecutor.runScript(TestCaseExecutor.java:337)
	at com.kms.katalon.core.main.TestCaseExecutor.doExecute(TestCaseExecutor.java:328)
	at com.kms.katalon.core.main.TestCaseExecutor.processExecutionPhase(TestCaseExecutor.java:307)
	at com.kms.katalon.core.main.TestCaseExecutor.accessMainPhase(TestCaseExecutor.java:299)
	at com.kms.katalon.core.main.TestCaseExecutor.execute(TestCaseExecutor.java:233)
	at com.kms.katalon.core.main.TestCaseMain.runTestCase(TestCaseMain.java:114)
	at com.kms.katalon.core.keyword.builtin.CallTestCaseKeyword$_callTestCase_closure1.doCall(CallTestCaseKeyword.groovy:59)
	... 36 more
Caused by: com.kms.katalon.core.exception.StepFailedException: Web element with id: 'Object Repository/Rizka/Admin/Admin - Login/span_Dashboard' located by 'By.xpath: //a[@id='linkAdmin1']/span' not found
	at com.kms.katalon.core.webui.keyword.internal.WebUIKeywordMain.stepFailed(WebUIKeywordMain.groovy:64)
	at com.kms.katalon.core.webui.keyword.builtin.VerifyElementVisibleKeyword$_verifyElementVisible_closure1.doCall(VerifyElementVisibleKeyword.groovy:89)
	at com.kms.katalon.core.webui.keyword.builtin.VerifyElementVisibleKeyword$_verifyElementVisible_closure1.call(VerifyElementVisibleKeyword.groovy)
	at com.kms.katalon.core.webui.keyword.internal.WebUIKeywordMain.runKeyword(WebUIKeywordMain.groovy:20)
	... 51 more
)

2020-05-28 03:54:37 - [TEST_CASE][FAILED] - Test Cases/Rizka/Admin/Custom/Admin - Login: Test Cases/Rizka/Admin/Custom/Admin - Login FAILED.
Reason:
com.kms.katalon.core.exception.StepFailedException: Unable to verify object 'Object Repository/Rizka/Admin/Admin - Login/span_Dashboard' is visible
	at com.kms.katalon.core.webui.keyword.internal.WebUIKeywordMain.stepFailed(WebUIKeywordMain.groovy:64)
	at com.kms.katalon.core.webui.keyword.internal.WebUIKeywordMain.runKeyword(WebUIKeywordMain.groovy:26)
	at com.kms.katalon.core.webui.keyword.builtin.VerifyElementVisibleKeyword.verifyElementVisible(VerifyElementVisibleKeyword.groovy:97)
	at com.kms.katalon.core.webui.keyword.builtin.VerifyElementVisibleKeyword.execute(VerifyElementVisibleKeyword.groovy:67)
	at com.kms.katalon.core.keyword.internal.KeywordExecutor.executeKeywordForPlatform(KeywordExecutor.groovy:60)
	at com.kms.katalon.core.webui.keyword.WebUiBuiltInKeywords.verifyElementVisible(WebUiBuiltInKeywords.groovy:372)
	at com.kms.katalon.core.webui.keyword.WebUiBuiltInKeywords$verifyElementVisible$4.call(Unknown Source)
	at Admin - Login.run(Admin - Login:44)
	at com.kms.katalon.core.main.ScriptEngine.run(ScriptEngine.java:194)
	at com.kms.katalon.core.main.ScriptEngine.runScriptAsRawText(ScriptEngine.java:119)
	at com.kms.katalon.core.main.TestCaseExecutor.runScript(TestCaseExecutor.java:337)
	at com.kms.katalon.core.main.TestCaseExecutor.doExecute(TestCaseExecutor.java:328)
	at com.kms.katalon.core.main.TestCaseExecutor.processExecutionPhase(TestCaseExecutor.java:307)
	at com.kms.katalon.core.main.TestCaseExecutor.accessMainPhase(TestCaseExecutor.java:299)
	at com.kms.katalon.core.main.TestCaseExecutor.execute(TestCaseExecutor.java:233)
	at com.kms.katalon.core.main.TestCaseMain.runTestCase(TestCaseMain.java:114)
	at com.kms.katalon.core.keyword.builtin.CallTestCaseKeyword$_callTestCase_closure1.doCall(CallTestCaseKeyword.groovy:59)
	at com.kms.katalon.core.keyword.builtin.CallTestCaseKeyword$_callTestCase_closure1.call(CallTestCaseKeyword.groovy)
	at com.kms.katalon.core.keyword.internal.KeywordMain.runKeyword(KeywordMain.groovy:68)
	at com.kms.katalon.core.keyword.builtin.CallTestCaseKeyword.callTestCase(CallTestCaseKeyword.groovy:81)
	at com.kms.katalon.core.keyword.builtin.CallTestCaseKeyword.execute(CallTestCaseKeyword.groovy:44)
	at com.kms.katalon.core.keyword.internal.KeywordExecutor.executeKeywordForPlatform(KeywordExecutor.groovy:60)
	at com.kms.katalon.core.keyword.BuiltinKeywords.callTestCase(BuiltinKeywords.groovy:334)
	at Search.run(Search:19)
	at com.kms.katalon.core.main.ScriptEngine.run(ScriptEngine.java:194)
	at com.kms.katalon.core.main.ScriptEngine.runScriptAsRawText(ScriptEngine.java:119)
	at com.kms.katalon.core.main.TestCaseExecutor.runScript(TestCaseExecutor.java:337)
	at com.kms.katalon.core.main.TestCaseExecutor.doExecute(TestCaseExecutor.java:328)
	at com.kms.katalon.core.main.TestCaseExecutor.processExecutionPhase(TestCaseExecutor.java:307)
	at com.kms.katalon.core.main.TestCaseExecutor.accessMainPhase(TestCaseExecutor.java:299)
	at com.kms.katalon.core.main.TestCaseExecutor.execute(TestCaseExecutor.java:233)
	at com.kms.katalon.core.main.TestCaseMain.runTestCase(TestCaseMain.java:114)
	at com.kms.katalon.core.keyword.builtin.CallTestCaseKeyword$_callTestCase_closure1.doCall(CallTestCaseKeyword.groovy:59)
	at com.kms.katalon.core.keyword.builtin.CallTestCaseKeyword$_callTestCase_closure1.call(CallTestCaseKeyword.groovy)
	at com.kms.katalon.core.keyword.internal.KeywordMain.runKeyword(KeywordMain.groovy:68)
	at com.kms.katalon.core.keyword.builtin.CallTestCaseKeyword.callTestCase(CallTestCaseKeyword.groovy:81)
	at com.kms.katalon.core.keyword.builtin.CallTestCaseKeyword.execute(CallTestCaseKeyword.groovy:44)
	at com.kms.katalon.core.keyword.internal.KeywordExecutor.executeKeywordForPlatform(KeywordExecutor.groovy:60)
	at com.kms.katalon.core.keyword.BuiltinKeywords.callTestCase(BuiltinKeywords.groovy:334)
	at Edit.run(Edit:19)
	at com.kms.katalon.core.main.ScriptEngine.run(ScriptEngine.java:194)
	at com.kms.katalon.core.main.ScriptEngine.runScriptAsRawText(ScriptEngine.java:119)
	at com.kms.katalon.core.main.TestCaseExecutor.runScript(TestCaseExecutor.java:337)
	at com.kms.katalon.core.main.TestCaseExecutor.doExecute(TestCaseExecutor.java:328)
	at com.kms.katalon.core.main.TestCaseExecutor.processExecutionPhase(TestCaseExecutor.java:307)
	at com.kms.katalon.core.main.TestCaseExecutor.accessMainPhase(TestCaseExecutor.java:299)
	at com.kms.katalon.core.main.TestCaseExecutor.execute(TestCaseExecutor.java:233)
	at com.kms.katalon.core.main.TestSuiteExecutor.accessTestCaseMainPhase(TestSuiteExecutor.java:169)
	at com.kms.katalon.core.main.TestSuiteExecutor.accessTestSuiteMainPhase(TestSuiteExecutor.java:142)
	at com.kms.katalon.core.main.TestSuiteExecutor.execute(TestSuiteExecutor.java:91)
	at com.kms.katalon.core.main.TestCaseMain.startTestSuite(TestCaseMain.java:157)
	at com.kms.katalon.core.main.TestCaseMain$startTestSuite$0.call(Unknown Source)
	at TempTestSuite1590611845987.run(TempTestSuite1590611845987.groovy:36)
Caused by: com.kms.katalon.core.exception.StepFailedException: Web element with id: 'Object Repository/Rizka/Admin/Admin - Login/span_Dashboard' located by 'By.xpath: //a[@id='linkAdmin1']/span' not found
	at com.kms.katalon.core.webui.keyword.internal.WebUIKeywordMain.stepFailed(WebUIKeywordMain.groovy:64)
	at com.kms.katalon.core.webui.keyword.builtin.VerifyElementVisibleKeyword$_verifyElementVisible_closure1.doCall(VerifyElementVisibleKeyword.groovy:89)
	at com.kms.katalon.core.webui.keyword.builtin.VerifyElementVisibleKeyword$_verifyElementVisible_closure1.call(VerifyElementVisibleKeyword.groovy)
	at com.kms.katalon.core.webui.keyword.internal.WebUIKeywordMain.runKeyword(WebUIKeywordMain.groovy:20)
	... 51 more


2020-05-28 03:54:37 - [TEST_STEP][PASSED] - openBrowser(""): Browser is opened with url: ''

2020-05-28 03:54:37 - [MESSAGE][WARNING] - A browser is already opened. Closing browser and opening a new one

2020-05-28 03:54:38 - [MESSAGE][INFO] - Starting 'Chrome' driver

2020-05-28 03:54:40 - [MESSAGE][PASSED] - Browser is opened with url: ''

2020-05-28 03:54:40 - [TEST_STEP][PASSED] - navigateToUrl("https://appsrv1.deltadatamandiri.com/ACC_LMS_WEB/#/admNLmn"): Navigate to 'https://appsrv1.deltadatamandiri.com/ACC_LMS_WEB/#/admNLmn' successfully

2020-05-28 03:54:54 - [MESSAGE][PASSED] - Navigate to 'https://appsrv1.deltadatamandiri.com/ACC_LMS_WEB/#/admNLmn' successfully

2020-05-28 03:54:54 - [TEST_STEP][PASSED] - maximizeWindow(): Current window maximized

2020-05-28 03:54:55 - [MESSAGE][PASSED] - Current window maximized

2020-05-28 03:54:55 - [TEST_STEP][PASSED] - delay(30): Delayed 30 second(s)

2020-05-28 03:55:25 - [MESSAGE][PASSED] - Delayed 30 second(s)

2020-05-28 03:55:25 - [TEST_STEP][PASSED] - click(findTestObject("Rizka/Admin/Admin - Login/btnLogin")): Object: 'Object Repository/Rizka/Admin/Admin - Login/btnLogin' is clicked on

2020-05-28 03:55:26 - [MESSAGE][PASSED] - Object: 'Object Repository/Rizka/Admin/Admin - Login/btnLogin' is clicked on

2020-05-28 03:55:26 - [TEST_STEP][PASSED] - setText(findTestObject("Rizka/Admin/Admin - Login/txtUsername"), username): Text '11666' is set on object 'Object Repository/Rizka/Admin/Admin - Login/txtUsername'

2020-05-28 03:55:26 - [MESSAGE][PASSED] - Text '11666' is set on object 'Object Repository/Rizka/Admin/Admin - Login/txtUsername'

2020-05-28 03:55:26 - [TEST_STEP][PASSED] - setText(findTestObject("Rizka/Admin/Admin - Login/txtPassword"), password): Text 'Password3' is set on object 'Object Repository/Rizka/Admin/Admin - Login/txtPassword'

2020-05-28 03:55:27 - [MESSAGE][PASSED] - Text 'Password3' is set on object 'Object Repository/Rizka/Admin/Admin - Login/txtPassword'

2020-05-28 03:55:27 - [TEST_STEP][PASSED] - click(findTestObject("Rizka/Admin/Admin - Login/btnEyePass")): Object: 'Object Repository/Rizka/Admin/Admin - Login/btnEyePass' is clicked on

2020-05-28 03:55:27 - [MESSAGE][PASSED] - Object: 'Object Repository/Rizka/Admin/Admin - Login/btnEyePass' is clicked on

2020-05-28 03:55:27 - [TEST_STEP][PASSED] - if (rememberMe == "yes"): Object: 'Object Repository/Rizka/Admin/Admin - Login/checkboxRememberMe' is clicked on

2020-05-28 03:55:27 - [TEST_STEP][PASSED] - click(findTestObject("Rizka/Admin/Admin - Login/checkboxRememberMe")): Object: 'Object Repository/Rizka/Admin/Admin - Login/checkboxRememberMe' is clicked on

2020-05-28 03:55:27 - [MESSAGE][PASSED] - Object: 'Object Repository/Rizka/Admin/Admin - Login/checkboxRememberMe' is clicked on

2020-05-28 03:55:27 - [TEST_STEP][PASSED] - click(findTestObject("Rizka/Admin/Admin - Login/btnLogin2")): Object: 'Object Repository/Rizka/Admin/Admin - Login/btnLogin2' is clicked on

2020-05-28 03:55:28 - [MESSAGE][PASSED] - Object: 'Object Repository/Rizka/Admin/Admin - Login/btnLogin2' is clicked on

2020-05-28 03:55:28 - [TEST_STEP][PASSED] - delay(10): Delayed 10 second(s)

2020-05-28 03:55:38 - [MESSAGE][PASSED] - Delayed 10 second(s)

2020-05-28 03:55:39 - [TEST_STEP][FAILED] - if (condition == "passed"): Unable to verify object 'Object Repository/Rizka/Admin/Admin - Login/span_Dashboard' is visible (Root cause: com.kms.katalon.core.exception.StepFailedException: Unable to verify object 'Object Repository/Rizka/Admin/Admin - Login/span_Dashboard' is visible
	at com.kms.katalon.core.webui.keyword.internal.WebUIKeywordMain.stepFailed(WebUIKeywordMain.groovy:64)
	at com.kms.katalon.core.webui.keyword.internal.WebUIKeywordMain.runKeyword(WebUIKeywordMain.groovy:26)
	at com.kms.katalon.core.webui.keyword.builtin.VerifyElementVisibleKeyword.verifyElementVisible(VerifyElementVisibleKeyword.groovy:97)
	at com.kms.katalon.core.webui.keyword.builtin.VerifyElementVisibleKeyword.execute(VerifyElementVisibleKeyword.groovy:67)
	at com.kms.katalon.core.keyword.internal.KeywordExecutor.executeKeywordForPlatform(KeywordExecutor.groovy:60)
	at com.kms.katalon.core.webui.keyword.WebUiBuiltInKeywords.verifyElementVisible(WebUiBuiltInKeywords.groovy:372)
	at com.kms.katalon.core.webui.keyword.WebUiBuiltInKeywords$verifyElementVisible$4.call(Unknown Source)
	at Admin - Login.run(Admin - Login:44)
	at com.kms.katalon.core.main.ScriptEngine.run(ScriptEngine.java:194)
	at com.kms.katalon.core.main.ScriptEngine.runScriptAsRawText(ScriptEngine.java:119)
	at com.kms.katalon.core.main.TestCaseExecutor.runScript(TestCaseExecutor.java:337)
	at com.kms.katalon.core.main.TestCaseExecutor.doExecute(TestCaseExecutor.java:328)
	at com.kms.katalon.core.main.TestCaseExecutor.processExecutionPhase(TestCaseExecutor.java:307)
	at com.kms.katalon.core.main.TestCaseExecutor.accessMainPhase(TestCaseExecutor.java:299)
	at com.kms.katalon.core.main.TestCaseExecutor.execute(TestCaseExecutor.java:233)
	at com.kms.katalon.core.main.TestCaseMain.runTestCase(TestCaseMain.java:114)
	at com.kms.katalon.core.keyword.builtin.CallTestCaseKeyword$_callTestCase_closure1.doCall(CallTestCaseKeyword.groovy:59)
	at com.kms.katalon.core.keyword.builtin.CallTestCaseKeyword$_callTestCase_closure1.call(CallTestCaseKeyword.groovy)
	at com.kms.katalon.core.keyword.internal.KeywordMain.runKeyword(KeywordMain.groovy:68)
	at com.kms.katalon.core.keyword.builtin.CallTestCaseKeyword.callTestCase(CallTestCaseKeyword.groovy:81)
	at com.kms.katalon.core.keyword.builtin.CallTestCaseKeyword.execute(CallTestCaseKeyword.groovy:44)
	at com.kms.katalon.core.keyword.internal.KeywordExecutor.executeKeywordForPlatform(KeywordExecutor.groovy:60)
	at com.kms.katalon.core.keyword.BuiltinKeywords.callTestCase(BuiltinKeywords.groovy:334)
	at Search.run(Search:19)
	at com.kms.katalon.core.main.ScriptEngine.run(ScriptEngine.java:194)
	at com.kms.katalon.core.main.ScriptEngine.runScriptAsRawText(ScriptEngine.java:119)
	at com.kms.katalon.core.main.TestCaseExecutor.runScript(TestCaseExecutor.java:337)
	at com.kms.katalon.core.main.TestCaseExecutor.doExecute(TestCaseExecutor.java:328)
	at com.kms.katalon.core.main.TestCaseExecutor.processExecutionPhase(TestCaseExecutor.java:307)
	at com.kms.katalon.core.main.TestCaseExecutor.accessMainPhase(TestCaseExecutor.java:299)
	at com.kms.katalon.core.main.TestCaseExecutor.execute(TestCaseExecutor.java:233)
	at com.kms.katalon.core.main.TestCaseMain.runTestCase(TestCaseMain.java:114)
	at com.kms.katalon.core.keyword.builtin.CallTestCaseKeyword$_callTestCase_closure1.doCall(CallTestCaseKeyword.groovy:59)
	at com.kms.katalon.core.keyword.builtin.CallTestCaseKeyword$_callTestCase_closure1.call(CallTestCaseKeyword.groovy)
	at com.kms.katalon.core.keyword.internal.KeywordMain.runKeyword(KeywordMain.groovy:68)
	at com.kms.katalon.core.keyword.builtin.CallTestCaseKeyword.callTestCase(CallTestCaseKeyword.groovy:81)
	at com.kms.katalon.core.keyword.builtin.CallTestCaseKeyword.execute(CallTestCaseKeyword.groovy:44)
	at com.kms.katalon.core.keyword.internal.KeywordExecutor.executeKeywordForPlatform(KeywordExecutor.groovy:60)
	at com.kms.katalon.core.keyword.BuiltinKeywords.callTestCase(BuiltinKeywords.groovy:334)
	at Edit.run(Edit:19)
	at com.kms.katalon.core.main.ScriptEngine.run(ScriptEngine.java:194)
	at com.kms.katalon.core.main.ScriptEngine.runScriptAsRawText(ScriptEngine.java:119)
	at com.kms.katalon.core.main.TestCaseExecutor.runScript(TestCaseExecutor.java:337)
	at com.kms.katalon.core.main.TestCaseExecutor.doExecute(TestCaseExecutor.java:328)
	at com.kms.katalon.core.main.TestCaseExecutor.processExecutionPhase(TestCaseExecutor.java:307)
	at com.kms.katalon.core.main.TestCaseExecutor.accessMainPhase(TestCaseExecutor.java:299)
	at com.kms.katalon.core.main.TestCaseExecutor.execute(TestCaseExecutor.java:233)
	at com.kms.katalon.core.main.TestSuiteExecutor.accessTestCaseMainPhase(TestSuiteExecutor.java:169)
	at com.kms.katalon.core.main.TestSuiteExecutor.accessTestSuiteMainPhase(TestSuiteExecutor.java:142)
	at com.kms.katalon.core.main.TestSuiteExecutor.execute(TestSuiteExecutor.java:91)
	at com.kms.katalon.core.main.TestCaseMain.startTestSuite(TestCaseMain.java:157)
	at com.kms.katalon.core.main.TestCaseMain$startTestSuite$0.call(Unknown Source)
	at TempTestSuite1590611845987.run(TempTestSuite1590611845987.groovy:36)
Caused by: com.kms.katalon.core.exception.StepFailedException: Web element with id: 'Object Repository/Rizka/Admin/Admin - Login/span_Dashboard' located by 'By.xpath: //a[@id='linkAdmin1']/span' not found
	at com.kms.katalon.core.webui.keyword.internal.WebUIKeywordMain.stepFailed(WebUIKeywordMain.groovy:64)
	at com.kms.katalon.core.webui.keyword.builtin.VerifyElementVisibleKeyword$_verifyElementVisible_closure1.doCall(VerifyElementVisibleKeyword.groovy:89)
	at com.kms.katalon.core.webui.keyword.builtin.VerifyElementVisibleKeyword$_verifyElementVisible_closure1.call(VerifyElementVisibleKeyword.groovy)
	at com.kms.katalon.core.webui.keyword.internal.WebUIKeywordMain.runKeyword(WebUIKeywordMain.groovy:20)
	... 51 more
)

2020-05-28 03:55:39 - [TEST_STEP][FAILED] - verifyElementVisible(findTestObject("Rizka/Admin/Admin - Login/span_Dashboard")): Unable to verify object 'Object Repository/Rizka/Admin/Admin - Login/span_Dashboard' is visible (Root cause: com.kms.katalon.core.exception.StepFailedException: Unable to verify object 'Object Repository/Rizka/Admin/Admin - Login/span_Dashboard' is visible
	at com.kms.katalon.core.webui.keyword.internal.WebUIKeywordMain.stepFailed(WebUIKeywordMain.groovy:64)
	at com.kms.katalon.core.webui.keyword.internal.WebUIKeywordMain.runKeyword(WebUIKeywordMain.groovy:26)
	at com.kms.katalon.core.webui.keyword.builtin.VerifyElementVisibleKeyword.verifyElementVisible(VerifyElementVisibleKeyword.groovy:97)
	at com.kms.katalon.core.webui.keyword.builtin.VerifyElementVisibleKeyword.execute(VerifyElementVisibleKeyword.groovy:67)
	at com.kms.katalon.core.keyword.internal.KeywordExecutor.executeKeywordForPlatform(KeywordExecutor.groovy:60)
	at com.kms.katalon.core.webui.keyword.WebUiBuiltInKeywords.verifyElementVisible(WebUiBuiltInKeywords.groovy:372)
	at com.kms.katalon.core.webui.keyword.WebUiBuiltInKeywords$verifyElementVisible$4.call(Unknown Source)
	at Admin - Login.run(Admin - Login:44)
	at com.kms.katalon.core.main.ScriptEngine.run(ScriptEngine.java:194)
	at com.kms.katalon.core.main.ScriptEngine.runScriptAsRawText(ScriptEngine.java:119)
	at com.kms.katalon.core.main.TestCaseExecutor.runScript(TestCaseExecutor.java:337)
	at com.kms.katalon.core.main.TestCaseExecutor.doExecute(TestCaseExecutor.java:328)
	at com.kms.katalon.core.main.TestCaseExecutor.processExecutionPhase(TestCaseExecutor.java:307)
	at com.kms.katalon.core.main.TestCaseExecutor.accessMainPhase(TestCaseExecutor.java:299)
	at com.kms.katalon.core.main.TestCaseExecutor.execute(TestCaseExecutor.java:233)
	at com.kms.katalon.core.main.TestCaseMain.runTestCase(TestCaseMain.java:114)
	at com.kms.katalon.core.keyword.builtin.CallTestCaseKeyword$_callTestCase_closure1.doCall(CallTestCaseKeyword.groovy:59)
	at com.kms.katalon.core.keyword.builtin.CallTestCaseKeyword$_callTestCase_closure1.call(CallTestCaseKeyword.groovy)
	at com.kms.katalon.core.keyword.internal.KeywordMain.runKeyword(KeywordMain.groovy:68)
	at com.kms.katalon.core.keyword.builtin.CallTestCaseKeyword.callTestCase(CallTestCaseKeyword.groovy:81)
	at com.kms.katalon.core.keyword.builtin.CallTestCaseKeyword.execute(CallTestCaseKeyword.groovy:44)
	at com.kms.katalon.core.keyword.internal.KeywordExecutor.executeKeywordForPlatform(KeywordExecutor.groovy:60)
	at com.kms.katalon.core.keyword.BuiltinKeywords.callTestCase(BuiltinKeywords.groovy:334)
	at Search.run(Search:19)
	at com.kms.katalon.core.main.ScriptEngine.run(ScriptEngine.java:194)
	at com.kms.katalon.core.main.ScriptEngine.runScriptAsRawText(ScriptEngine.java:119)
	at com.kms.katalon.core.main.TestCaseExecutor.runScript(TestCaseExecutor.java:337)
	at com.kms.katalon.core.main.TestCaseExecutor.doExecute(TestCaseExecutor.java:328)
	at com.kms.katalon.core.main.TestCaseExecutor.processExecutionPhase(TestCaseExecutor.java:307)
	at com.kms.katalon.core.main.TestCaseExecutor.accessMainPhase(TestCaseExecutor.java:299)
	at com.kms.katalon.core.main.TestCaseExecutor.execute(TestCaseExecutor.java:233)
	at com.kms.katalon.core.main.TestCaseMain.runTestCase(TestCaseMain.java:114)
	at com.kms.katalon.core.keyword.builtin.CallTestCaseKeyword$_callTestCase_closure1.doCall(CallTestCaseKeyword.groovy:59)
	at com.kms.katalon.core.keyword.builtin.CallTestCaseKeyword$_callTestCase_closure1.call(CallTestCaseKeyword.groovy)
	at com.kms.katalon.core.keyword.internal.KeywordMain.runKeyword(KeywordMain.groovy:68)
	at com.kms.katalon.core.keyword.builtin.CallTestCaseKeyword.callTestCase(CallTestCaseKeyword.groovy:81)
	at com.kms.katalon.core.keyword.builtin.CallTestCaseKeyword.execute(CallTestCaseKeyword.groovy:44)
	at com.kms.katalon.core.keyword.internal.KeywordExecutor.executeKeywordForPlatform(KeywordExecutor.groovy:60)
	at com.kms.katalon.core.keyword.BuiltinKeywords.callTestCase(BuiltinKeywords.groovy:334)
	at Edit.run(Edit:19)
	at com.kms.katalon.core.main.ScriptEngine.run(ScriptEngine.java:194)
	at com.kms.katalon.core.main.ScriptEngine.runScriptAsRawText(ScriptEngine.java:119)
	at com.kms.katalon.core.main.TestCaseExecutor.runScript(TestCaseExecutor.java:337)
	at com.kms.katalon.core.main.TestCaseExecutor.doExecute(TestCaseExecutor.java:328)
	at com.kms.katalon.core.main.TestCaseExecutor.processExecutionPhase(TestCaseExecutor.java:307)
	at com.kms.katalon.core.main.TestCaseExecutor.accessMainPhase(TestCaseExecutor.java:299)
	at com.kms.katalon.core.main.TestCaseExecutor.execute(TestCaseExecutor.java:233)
	at com.kms.katalon.core.main.TestSuiteExecutor.accessTestCaseMainPhase(TestSuiteExecutor.java:169)
	at com.kms.katalon.core.main.TestSuiteExecutor.accessTestSuiteMainPhase(TestSuiteExecutor.java:142)
	at com.kms.katalon.core.main.TestSuiteExecutor.execute(TestSuiteExecutor.java:91)
	at com.kms.katalon.core.main.TestCaseMain.startTestSuite(TestCaseMain.java:157)
	at com.kms.katalon.core.main.TestCaseMain$startTestSuite$0.call(Unknown Source)
	at TempTestSuite1590611845987.run(TempTestSuite1590611845987.groovy:36)
Caused by: com.kms.katalon.core.exception.StepFailedException: Web element with id: 'Object Repository/Rizka/Admin/Admin - Login/span_Dashboard' located by 'By.xpath: //a[@id='linkAdmin1']/span' not found
	at com.kms.katalon.core.webui.keyword.internal.WebUIKeywordMain.stepFailed(WebUIKeywordMain.groovy:64)
	at com.kms.katalon.core.webui.keyword.builtin.VerifyElementVisibleKeyword$_verifyElementVisible_closure1.doCall(VerifyElementVisibleKeyword.groovy:89)
	at com.kms.katalon.core.webui.keyword.builtin.VerifyElementVisibleKeyword$_verifyElementVisible_closure1.call(VerifyElementVisibleKeyword.groovy)
	at com.kms.katalon.core.webui.keyword.internal.WebUIKeywordMain.runKeyword(WebUIKeywordMain.groovy:20)
	... 51 more
)

2020-05-28 03:56:34 - [MESSAGE][INFO] - Unable to find the element located by 'By.xpath: //a[@id='linkAdmin1']/span'. Please recheck the objects properties to make sure the desired element is located. 

2020-05-28 03:56:34 - [MESSAGE][FAILED] - Web element with id: 'Object Repository/Rizka/Admin/Admin - Login/span_Dashboard' located by 'By.xpath: //a[@id='linkAdmin1']/span' not found (Root cause: com.kms.katalon.core.exception.StepFailedException: Web element with id: 'Object Repository/Rizka/Admin/Admin - Login/span_Dashboard' located by 'By.xpath: //a[@id='linkAdmin1']/span' not found
	at com.kms.katalon.core.webui.keyword.internal.WebUIKeywordMain.stepFailed(WebUIKeywordMain.groovy:64)
	at com.kms.katalon.core.webui.keyword.builtin.VerifyElementVisibleKeyword$_verifyElementVisible_closure1.doCall(VerifyElementVisibleKeyword.groovy:89)
	at com.kms.katalon.core.webui.keyword.builtin.VerifyElementVisibleKeyword$_verifyElementVisible_closure1.call(VerifyElementVisibleKeyword.groovy)
	at com.kms.katalon.core.webui.keyword.internal.WebUIKeywordMain.runKeyword(WebUIKeywordMain.groovy:20)
	at com.kms.katalon.core.webui.keyword.builtin.VerifyElementVisibleKeyword.verifyElementVisible(VerifyElementVisibleKeyword.groovy:97)
	at com.kms.katalon.core.webui.keyword.builtin.VerifyElementVisibleKeyword.execute(VerifyElementVisibleKeyword.groovy:67)
	at com.kms.katalon.core.keyword.internal.KeywordExecutor.executeKeywordForPlatform(KeywordExecutor.groovy:60)
	at com.kms.katalon.core.webui.keyword.WebUiBuiltInKeywords.verifyElementVisible(WebUiBuiltInKeywords.groovy:372)
	at com.kms.katalon.core.webui.keyword.WebUiBuiltInKeywords$verifyElementVisible$4.call(Unknown Source)
	at Admin - Login.run(Admin - Login:44)
	at com.kms.katalon.core.main.ScriptEngine.run(ScriptEngine.java:194)
	at com.kms.katalon.core.main.ScriptEngine.runScriptAsRawText(ScriptEngine.java:119)
	at com.kms.katalon.core.main.TestCaseExecutor.runScript(TestCaseExecutor.java:337)
	at com.kms.katalon.core.main.TestCaseExecutor.doExecute(TestCaseExecutor.java:328)
	at com.kms.katalon.core.main.TestCaseExecutor.processExecutionPhase(TestCaseExecutor.java:307)
	at com.kms.katalon.core.main.TestCaseExecutor.accessMainPhase(TestCaseExecutor.java:299)
	at com.kms.katalon.core.main.TestCaseExecutor.execute(TestCaseExecutor.java:233)
	at com.kms.katalon.core.main.TestCaseMain.runTestCase(TestCaseMain.java:114)
	at com.kms.katalon.core.keyword.builtin.CallTestCaseKeyword$_callTestCase_closure1.doCall(CallTestCaseKeyword.groovy:59)
	at com.kms.katalon.core.keyword.builtin.CallTestCaseKeyword$_callTestCase_closure1.call(CallTestCaseKeyword.groovy)
	at com.kms.katalon.core.keyword.internal.KeywordMain.runKeyword(KeywordMain.groovy:68)
	at com.kms.katalon.core.keyword.builtin.CallTestCaseKeyword.callTestCase(CallTestCaseKeyword.groovy:81)
	at com.kms.katalon.core.keyword.builtin.CallTestCaseKeyword.execute(CallTestCaseKeyword.groovy:44)
	at com.kms.katalon.core.keyword.internal.KeywordExecutor.executeKeywordForPlatform(KeywordExecutor.groovy:60)
	at com.kms.katalon.core.keyword.BuiltinKeywords.callTestCase(BuiltinKeywords.groovy:334)
	at Search.run(Search:19)
	at com.kms.katalon.core.main.ScriptEngine.run(ScriptEngine.java:194)
	at com.kms.katalon.core.main.ScriptEngine.runScriptAsRawText(ScriptEngine.java:119)
	at com.kms.katalon.core.main.TestCaseExecutor.runScript(TestCaseExecutor.java:337)
	at com.kms.katalon.core.main.TestCaseExecutor.doExecute(TestCaseExecutor.java:328)
	at com.kms.katalon.core.main.TestCaseExecutor.processExecutionPhase(TestCaseExecutor.java:307)
	at com.kms.katalon.core.main.TestCaseExecutor.accessMainPhase(TestCaseExecutor.java:299)
	at com.kms.katalon.core.main.TestCaseExecutor.execute(TestCaseExecutor.java:233)
	at com.kms.katalon.core.main.TestCaseMain.runTestCase(TestCaseMain.java:114)
	at com.kms.katalon.core.keyword.builtin.CallTestCaseKeyword$_callTestCase_closure1.doCall(CallTestCaseKeyword.groovy:59)
	at com.kms.katalon.core.keyword.builtin.CallTestCaseKeyword$_callTestCase_closure1.call(CallTestCaseKeyword.groovy)
	at com.kms.katalon.core.keyword.internal.KeywordMain.runKeyword(KeywordMain.groovy:68)
	at com.kms.katalon.core.keyword.builtin.CallTestCaseKeyword.callTestCase(CallTestCaseKeyword.groovy:81)
	at com.kms.katalon.core.keyword.builtin.CallTestCaseKeyword.execute(CallTestCaseKeyword.groovy:44)
	at com.kms.katalon.core.keyword.internal.KeywordExecutor.executeKeywordForPlatform(KeywordExecutor.groovy:60)
	at com.kms.katalon.core.keyword.BuiltinKeywords.callTestCase(BuiltinKeywords.groovy:334)
	at Edit.run(Edit:19)
	at com.kms.katalon.core.main.ScriptEngine.run(ScriptEngine.java:194)
	at com.kms.katalon.core.main.ScriptEngine.runScriptAsRawText(ScriptEngine.java:119)
	at com.kms.katalon.core.main.TestCaseExecutor.runScript(TestCaseExecutor.java:337)
	at com.kms.katalon.core.main.TestCaseExecutor.doExecute(TestCaseExecutor.java:328)
	at com.kms.katalon.core.main.TestCaseExecutor.processExecutionPhase(TestCaseExecutor.java:307)
	at com.kms.katalon.core.main.TestCaseExecutor.accessMainPhase(TestCaseExecutor.java:299)
	at com.kms.katalon.core.main.TestCaseExecutor.execute(TestCaseExecutor.java:233)
	at com.kms.katalon.core.main.TestSuiteExecutor.accessTestCaseMainPhase(TestSuiteExecutor.java:169)
	at com.kms.katalon.core.main.TestSuiteExecutor.accessTestSuiteMainPhase(TestSuiteExecutor.java:142)
	at com.kms.katalon.core.main.TestSuiteExecutor.execute(TestSuiteExecutor.java:91)
	at com.kms.katalon.core.main.TestCaseMain.startTestSuite(TestCaseMain.java:157)
	at com.kms.katalon.core.main.TestCaseMain$startTestSuite$0.call(Unknown Source)
	at TempTestSuite1590611845987.run(TempTestSuite1590611845987.groovy:36)
)
[[ATTACHMENT|C:\\Users\\asus\\git\\LMS27Mei\\Reports\\20200528_033725\\Alda\\Admin_Manage FAQ - Edit\\20200528_033725\\1590612994073.png]]

2020-05-28 03:56:34 - [MESSAGE][FAILED] - Unable to verify object 'Object Repository/Rizka/Admin/Admin - Login/span_Dashboard' is visible (Root cause: com.kms.katalon.core.exception.StepFailedException: Unable to verify object 'Object Repository/Rizka/Admin/Admin - Login/span_Dashboard' is visible
	at com.kms.katalon.core.webui.keyword.internal.WebUIKeywordMain.stepFailed(WebUIKeywordMain.groovy:64)
	at com.kms.katalon.core.webui.keyword.internal.WebUIKeywordMain.runKeyword(WebUIKeywordMain.groovy:26)
	at com.kms.katalon.core.webui.keyword.builtin.VerifyElementVisibleKeyword.verifyElementVisible(VerifyElementVisibleKeyword.groovy:97)
	at com.kms.katalon.core.webui.keyword.builtin.VerifyElementVisibleKeyword.execute(VerifyElementVisibleKeyword.groovy:67)
	at com.kms.katalon.core.keyword.internal.KeywordExecutor.executeKeywordForPlatform(KeywordExecutor.groovy:60)
	at com.kms.katalon.core.webui.keyword.WebUiBuiltInKeywords.verifyElementVisible(WebUiBuiltInKeywords.groovy:372)
	at com.kms.katalon.core.webui.keyword.WebUiBuiltInKeywords$verifyElementVisible$4.call(Unknown Source)
	at Admin - Login.run(Admin - Login:44)
	at com.kms.katalon.core.main.ScriptEngine.run(ScriptEngine.java:194)
	at com.kms.katalon.core.main.ScriptEngine.runScriptAsRawText(ScriptEngine.java:119)
	at com.kms.katalon.core.main.TestCaseExecutor.runScript(TestCaseExecutor.java:337)
	at com.kms.katalon.core.main.TestCaseExecutor.doExecute(TestCaseExecutor.java:328)
	at com.kms.katalon.core.main.TestCaseExecutor.processExecutionPhase(TestCaseExecutor.java:307)
	at com.kms.katalon.core.main.TestCaseExecutor.accessMainPhase(TestCaseExecutor.java:299)
	at com.kms.katalon.core.main.TestCaseExecutor.execute(TestCaseExecutor.java:233)
	at com.kms.katalon.core.main.TestCaseMain.runTestCase(TestCaseMain.java:114)
	at com.kms.katalon.core.keyword.builtin.CallTestCaseKeyword$_callTestCase_closure1.doCall(CallTestCaseKeyword.groovy:59)
	at com.kms.katalon.core.keyword.builtin.CallTestCaseKeyword$_callTestCase_closure1.call(CallTestCaseKeyword.groovy)
	at com.kms.katalon.core.keyword.internal.KeywordMain.runKeyword(KeywordMain.groovy:68)
	at com.kms.katalon.core.keyword.builtin.CallTestCaseKeyword.callTestCase(CallTestCaseKeyword.groovy:81)
	at com.kms.katalon.core.keyword.builtin.CallTestCaseKeyword.execute(CallTestCaseKeyword.groovy:44)
	at com.kms.katalon.core.keyword.internal.KeywordExecutor.executeKeywordForPlatform(KeywordExecutor.groovy:60)
	at com.kms.katalon.core.keyword.BuiltinKeywords.callTestCase(BuiltinKeywords.groovy:334)
	at Search.run(Search:19)
	at com.kms.katalon.core.main.ScriptEngine.run(ScriptEngine.java:194)
	at com.kms.katalon.core.main.ScriptEngine.runScriptAsRawText(ScriptEngine.java:119)
	at com.kms.katalon.core.main.TestCaseExecutor.runScript(TestCaseExecutor.java:337)
	at com.kms.katalon.core.main.TestCaseExecutor.doExecute(TestCaseExecutor.java:328)
	at com.kms.katalon.core.main.TestCaseExecutor.processExecutionPhase(TestCaseExecutor.java:307)
	at com.kms.katalon.core.main.TestCaseExecutor.accessMainPhase(TestCaseExecutor.java:299)
	at com.kms.katalon.core.main.TestCaseExecutor.execute(TestCaseExecutor.java:233)
	at com.kms.katalon.core.main.TestCaseMain.runTestCase(TestCaseMain.java:114)
	at com.kms.katalon.core.keyword.builtin.CallTestCaseKeyword$_callTestCase_closure1.doCall(CallTestCaseKeyword.groovy:59)
	at com.kms.katalon.core.keyword.builtin.CallTestCaseKeyword$_callTestCase_closure1.call(CallTestCaseKeyword.groovy)
	at com.kms.katalon.core.keyword.internal.KeywordMain.runKeyword(KeywordMain.groovy:68)
	at com.kms.katalon.core.keyword.builtin.CallTestCaseKeyword.callTestCase(CallTestCaseKeyword.groovy:81)
	at com.kms.katalon.core.keyword.builtin.CallTestCaseKeyword.execute(CallTestCaseKeyword.groovy:44)
	at com.kms.katalon.core.keyword.internal.KeywordExecutor.executeKeywordForPlatform(KeywordExecutor.groovy:60)
	at com.kms.katalon.core.keyword.BuiltinKeywords.callTestCase(BuiltinKeywords.groovy:334)
	at Edit.run(Edit:19)
	at com.kms.katalon.core.main.ScriptEngine.run(ScriptEngine.java:194)
	at com.kms.katalon.core.main.ScriptEngine.runScriptAsRawText(ScriptEngine.java:119)
	at com.kms.katalon.core.main.TestCaseExecutor.runScript(TestCaseExecutor.java:337)
	at com.kms.katalon.core.main.TestCaseExecutor.doExecute(TestCaseExecutor.java:328)
	at com.kms.katalon.core.main.TestCaseExecutor.processExecutionPhase(TestCaseExecutor.java:307)
	at com.kms.katalon.core.main.TestCaseExecutor.accessMainPhase(TestCaseExecutor.java:299)
	at com.kms.katalon.core.main.TestCaseExecutor.execute(TestCaseExecutor.java:233)
	at com.kms.katalon.core.main.TestSuiteExecutor.accessTestCaseMainPhase(TestSuiteExecutor.java:169)
	at com.kms.katalon.core.main.TestSuiteExecutor.accessTestSuiteMainPhase(TestSuiteExecutor.java:142)
	at com.kms.katalon.core.main.TestSuiteExecutor.execute(TestSuiteExecutor.java:91)
	at com.kms.katalon.core.main.TestCaseMain.startTestSuite(TestCaseMain.java:157)
	at com.kms.katalon.core.main.TestCaseMain$startTestSuite$0.call(Unknown Source)
	at TempTestSuite1590611845987.run(TempTestSuite1590611845987.groovy:36)
Caused by: com.kms.katalon.core.exception.StepFailedException: Web element with id: 'Object Repository/Rizka/Admin/Admin - Login/span_Dashboard' located by 'By.xpath: //a[@id='linkAdmin1']/span' not found
	at com.kms.katalon.core.webui.keyword.internal.WebUIKeywordMain.stepFailed(WebUIKeywordMain.groovy:64)
	at com.kms.katalon.core.webui.keyword.builtin.VerifyElementVisibleKeyword$_verifyElementVisible_closure1.doCall(VerifyElementVisibleKeyword.groovy:89)
	at com.kms.katalon.core.webui.keyword.builtin.VerifyElementVisibleKeyword$_verifyElementVisible_closure1.call(VerifyElementVisibleKeyword.groovy)
	at com.kms.katalon.core.webui.keyword.internal.WebUIKeywordMain.runKeyword(WebUIKeywordMain.groovy:20)
	... 51 more
)
[[ATTACHMENT|C:\\Users\\asus\\git\\LMS27Mei\\Reports\\20200528_033725\\Alda\\Admin_Manage FAQ - Edit\\20200528_033725\\1590612994334.png]]

2020-05-28 03:56:34 - [MESSAGE][FAILED] - Unable to call Test Case 'Test Cases/Rizka/Admin/Custom/Admin - Login' (Root cause: com.kms.katalon.core.exception.StepFailedException: Call Test Case 'Test Cases/Rizka/Admin/Custom/Admin - Login' failed
	at com.kms.katalon.core.keyword.builtin.CallTestCaseKeyword$_callTestCase_closure1.doCall(CallTestCaseKeyword.groovy:63)
	at com.kms.katalon.core.keyword.builtin.CallTestCaseKeyword$_callTestCase_closure1.call(CallTestCaseKeyword.groovy)
	at com.kms.katalon.core.keyword.internal.KeywordMain.runKeyword(KeywordMain.groovy:68)
	at com.kms.katalon.core.keyword.builtin.CallTestCaseKeyword.callTestCase(CallTestCaseKeyword.groovy:81)
	at com.kms.katalon.core.keyword.builtin.CallTestCaseKeyword.execute(CallTestCaseKeyword.groovy:44)
	at com.kms.katalon.core.keyword.internal.KeywordExecutor.executeKeywordForPlatform(KeywordExecutor.groovy:60)
	at com.kms.katalon.core.keyword.BuiltinKeywords.callTestCase(BuiltinKeywords.groovy:334)
	at Search.run(Search:19)
	at com.kms.katalon.core.main.ScriptEngine.run(ScriptEngine.java:194)
	at com.kms.katalon.core.main.ScriptEngine.runScriptAsRawText(ScriptEngine.java:119)
	at com.kms.katalon.core.main.TestCaseExecutor.runScript(TestCaseExecutor.java:337)
	at com.kms.katalon.core.main.TestCaseExecutor.doExecute(TestCaseExecutor.java:328)
	at com.kms.katalon.core.main.TestCaseExecutor.processExecutionPhase(TestCaseExecutor.java:307)
	at com.kms.katalon.core.main.TestCaseExecutor.accessMainPhase(TestCaseExecutor.java:299)
	at com.kms.katalon.core.main.TestCaseExecutor.execute(TestCaseExecutor.java:233)
	at com.kms.katalon.core.main.TestCaseMain.runTestCase(TestCaseMain.java:114)
	at com.kms.katalon.core.keyword.builtin.CallTestCaseKeyword$_callTestCase_closure1.doCall(CallTestCaseKeyword.groovy:59)
	at com.kms.katalon.core.keyword.builtin.CallTestCaseKeyword$_callTestCase_closure1.call(CallTestCaseKeyword.groovy)
	at com.kms.katalon.core.keyword.internal.KeywordMain.runKeyword(KeywordMain.groovy:68)
	at com.kms.katalon.core.keyword.builtin.CallTestCaseKeyword.callTestCase(CallTestCaseKeyword.groovy:81)
	at com.kms.katalon.core.keyword.builtin.CallTestCaseKeyword.execute(CallTestCaseKeyword.groovy:44)
	at com.kms.katalon.core.keyword.internal.KeywordExecutor.executeKeywordForPlatform(KeywordExecutor.groovy:60)
	at com.kms.katalon.core.keyword.BuiltinKeywords.callTestCase(BuiltinKeywords.groovy:334)
	at Edit.run(Edit:19)
	at com.kms.katalon.core.main.ScriptEngine.run(ScriptEngine.java:194)
	at com.kms.katalon.core.main.ScriptEngine.runScriptAsRawText(ScriptEngine.java:119)
	at com.kms.katalon.core.main.TestCaseExecutor.runScript(TestCaseExecutor.java:337)
	at com.kms.katalon.core.main.TestCaseExecutor.doExecute(TestCaseExecutor.java:328)
	at com.kms.katalon.core.main.TestCaseExecutor.processExecutionPhase(TestCaseExecutor.java:307)
	at com.kms.katalon.core.main.TestCaseExecutor.accessMainPhase(TestCaseExecutor.java:299)
	at com.kms.katalon.core.main.TestCaseExecutor.execute(TestCaseExecutor.java:233)
	at com.kms.katalon.core.main.TestSuiteExecutor.accessTestCaseMainPhase(TestSuiteExecutor.java:169)
	at com.kms.katalon.core.main.TestSuiteExecutor.accessTestSuiteMainPhase(TestSuiteExecutor.java:142)
	at com.kms.katalon.core.main.TestSuiteExecutor.execute(TestSuiteExecutor.java:91)
	at com.kms.katalon.core.main.TestCaseMain.startTestSuite(TestCaseMain.java:157)
	at com.kms.katalon.core.main.TestCaseMain$startTestSuite$0.call(Unknown Source)
	at TempTestSuite1590611845987.run(TempTestSuite1590611845987.groovy:36)
Caused by: com.kms.katalon.core.exception.StepFailedException: Unable to verify object 'Object Repository/Rizka/Admin/Admin - Login/span_Dashboard' is visible
	at com.kms.katalon.core.webui.keyword.internal.WebUIKeywordMain.stepFailed(WebUIKeywordMain.groovy:64)
	at com.kms.katalon.core.webui.keyword.internal.WebUIKeywordMain.runKeyword(WebUIKeywordMain.groovy:26)
	at com.kms.katalon.core.webui.keyword.builtin.VerifyElementVisibleKeyword.verifyElementVisible(VerifyElementVisibleKeyword.groovy:97)
	at com.kms.katalon.core.webui.keyword.builtin.VerifyElementVisibleKeyword.execute(VerifyElementVisibleKeyword.groovy:67)
	at com.kms.katalon.core.keyword.internal.KeywordExecutor.executeKeywordForPlatform(KeywordExecutor.groovy:60)
	at com.kms.katalon.core.webui.keyword.WebUiBuiltInKeywords.verifyElementVisible(WebUiBuiltInKeywords.groovy:372)
	at com.kms.katalon.core.webui.keyword.WebUiBuiltInKeywords$verifyElementVisible$4.call(Unknown Source)
	at Admin - Login.run(Admin - Login:44)
	at com.kms.katalon.core.main.ScriptEngine.run(ScriptEngine.java:194)
	at com.kms.katalon.core.main.ScriptEngine.runScriptAsRawText(ScriptEngine.java:119)
	at com.kms.katalon.core.main.TestCaseExecutor.runScript(TestCaseExecutor.java:337)
	at com.kms.katalon.core.main.TestCaseExecutor.doExecute(TestCaseExecutor.java:328)
	at com.kms.katalon.core.main.TestCaseExecutor.processExecutionPhase(TestCaseExecutor.java:307)
	at com.kms.katalon.core.main.TestCaseExecutor.accessMainPhase(TestCaseExecutor.java:299)
	at com.kms.katalon.core.main.TestCaseExecutor.execute(TestCaseExecutor.java:233)
	at com.kms.katalon.core.main.TestCaseMain.runTestCase(TestCaseMain.java:114)
	at com.kms.katalon.core.keyword.builtin.CallTestCaseKeyword$_callTestCase_closure1.doCall(CallTestCaseKeyword.groovy:59)
	... 36 more
Caused by: com.kms.katalon.core.exception.StepFailedException: Web element with id: 'Object Repository/Rizka/Admin/Admin - Login/span_Dashboard' located by 'By.xpath: //a[@id='linkAdmin1']/span' not found
	at com.kms.katalon.core.webui.keyword.internal.WebUIKeywordMain.stepFailed(WebUIKeywordMain.groovy:64)
	at com.kms.katalon.core.webui.keyword.builtin.VerifyElementVisibleKeyword$_verifyElementVisible_closure1.doCall(VerifyElementVisibleKeyword.groovy:89)
	at com.kms.katalon.core.webui.keyword.builtin.VerifyElementVisibleKeyword$_verifyElementVisible_closure1.call(VerifyElementVisibleKeyword.groovy)
	at com.kms.katalon.core.webui.keyword.internal.WebUIKeywordMain.runKeyword(WebUIKeywordMain.groovy:20)
	... 51 more
)

2020-05-28 03:56:34 - [MESSAGE][FAILED] - Unable to call Test Case 'Test Cases/Alda/Admin - Manage FAQ/Search' (Root cause: com.kms.katalon.core.exception.StepFailedException: Call Test Case 'Test Cases/Alda/Admin - Manage FAQ/Search' failed
	at com.kms.katalon.core.keyword.builtin.CallTestCaseKeyword$_callTestCase_closure1.doCall(CallTestCaseKeyword.groovy:63)
	at com.kms.katalon.core.keyword.builtin.CallTestCaseKeyword$_callTestCase_closure1.call(CallTestCaseKeyword.groovy)
	at com.kms.katalon.core.keyword.internal.KeywordMain.runKeyword(KeywordMain.groovy:68)
	at com.kms.katalon.core.keyword.builtin.CallTestCaseKeyword.callTestCase(CallTestCaseKeyword.groovy:81)
	at com.kms.katalon.core.keyword.builtin.CallTestCaseKeyword.execute(CallTestCaseKeyword.groovy:44)
	at com.kms.katalon.core.keyword.internal.KeywordExecutor.executeKeywordForPlatform(KeywordExecutor.groovy:60)
	at com.kms.katalon.core.keyword.BuiltinKeywords.callTestCase(BuiltinKeywords.groovy:334)
	at Edit.run(Edit:19)
	at com.kms.katalon.core.main.ScriptEngine.run(ScriptEngine.java:194)
	at com.kms.katalon.core.main.ScriptEngine.runScriptAsRawText(ScriptEngine.java:119)
	at com.kms.katalon.core.main.TestCaseExecutor.runScript(TestCaseExecutor.java:337)
	at com.kms.katalon.core.main.TestCaseExecutor.doExecute(TestCaseExecutor.java:328)
	at com.kms.katalon.core.main.TestCaseExecutor.processExecutionPhase(TestCaseExecutor.java:307)
	at com.kms.katalon.core.main.TestCaseExecutor.accessMainPhase(TestCaseExecutor.java:299)
	at com.kms.katalon.core.main.TestCaseExecutor.execute(TestCaseExecutor.java:233)
	at com.kms.katalon.core.main.TestSuiteExecutor.accessTestCaseMainPhase(TestSuiteExecutor.java:169)
	at com.kms.katalon.core.main.TestSuiteExecutor.accessTestSuiteMainPhase(TestSuiteExecutor.java:142)
	at com.kms.katalon.core.main.TestSuiteExecutor.execute(TestSuiteExecutor.java:91)
	at com.kms.katalon.core.main.TestCaseMain.startTestSuite(TestCaseMain.java:157)
	at com.kms.katalon.core.main.TestCaseMain$startTestSuite$0.call(Unknown Source)
	at TempTestSuite1590611845987.run(TempTestSuite1590611845987.groovy:36)
Caused by: com.kms.katalon.core.exception.StepFailedException: Call Test Case 'Test Cases/Rizka/Admin/Custom/Admin - Login' failed
	at com.kms.katalon.core.keyword.builtin.CallTestCaseKeyword$_callTestCase_closure1.doCall(CallTestCaseKeyword.groovy:63)
	at com.kms.katalon.core.keyword.builtin.CallTestCaseKeyword$_callTestCase_closure1.call(CallTestCaseKeyword.groovy)
	at com.kms.katalon.core.keyword.internal.KeywordMain.runKeyword(KeywordMain.groovy:68)
	at com.kms.katalon.core.keyword.builtin.CallTestCaseKeyword.callTestCase(CallTestCaseKeyword.groovy:81)
	at com.kms.katalon.core.keyword.builtin.CallTestCaseKeyword.execute(CallTestCaseKeyword.groovy:44)
	at com.kms.katalon.core.keyword.internal.KeywordExecutor.executeKeywordForPlatform(KeywordExecutor.groovy:60)
	at com.kms.katalon.core.keyword.BuiltinKeywords.callTestCase(BuiltinKeywords.groovy:334)
	at Search.run(Search:19)
	at com.kms.katalon.core.main.ScriptEngine.run(ScriptEngine.java:194)
	at com.kms.katalon.core.main.ScriptEngine.runScriptAsRawText(ScriptEngine.java:119)
	at com.kms.katalon.core.main.TestCaseExecutor.runScript(TestCaseExecutor.java:337)
	at com.kms.katalon.core.main.TestCaseExecutor.doExecute(TestCaseExecutor.java:328)
	at com.kms.katalon.core.main.TestCaseExecutor.processExecutionPhase(TestCaseExecutor.java:307)
	at com.kms.katalon.core.main.TestCaseExecutor.accessMainPhase(TestCaseExecutor.java:299)
	at com.kms.katalon.core.main.TestCaseExecutor.execute(TestCaseExecutor.java:233)
	at com.kms.katalon.core.main.TestCaseMain.runTestCase(TestCaseMain.java:114)
	at com.kms.katalon.core.keyword.builtin.CallTestCaseKeyword$_callTestCase_closure1.doCall(CallTestCaseKeyword.groovy:59)
	... 20 more
Caused by: com.kms.katalon.core.exception.StepFailedException: Unable to verify object 'Object Repository/Rizka/Admin/Admin - Login/span_Dashboard' is visible
	at com.kms.katalon.core.webui.keyword.internal.WebUIKeywordMain.stepFailed(WebUIKeywordMain.groovy:64)
	at com.kms.katalon.core.webui.keyword.internal.WebUIKeywordMain.runKeyword(WebUIKeywordMain.groovy:26)
	at com.kms.katalon.core.webui.keyword.builtin.VerifyElementVisibleKeyword.verifyElementVisible(VerifyElementVisibleKeyword.groovy:97)
	at com.kms.katalon.core.webui.keyword.builtin.VerifyElementVisibleKeyword.execute(VerifyElementVisibleKeyword.groovy:67)
	at com.kms.katalon.core.keyword.internal.KeywordExecutor.executeKeywordForPlatform(KeywordExecutor.groovy:60)
	at com.kms.katalon.core.webui.keyword.WebUiBuiltInKeywords.verifyElementVisible(WebUiBuiltInKeywords.groovy:372)
	at com.kms.katalon.core.webui.keyword.WebUiBuiltInKeywords$verifyElementVisible$4.call(Unknown Source)
	at Admin - Login.run(Admin - Login:44)
	at com.kms.katalon.core.main.ScriptEngine.run(ScriptEngine.java:194)
	at com.kms.katalon.core.main.ScriptEngine.runScriptAsRawText(ScriptEngine.java:119)
	at com.kms.katalon.core.main.TestCaseExecutor.runScript(TestCaseExecutor.java:337)
	at com.kms.katalon.core.main.TestCaseExecutor.doExecute(TestCaseExecutor.java:328)
	at com.kms.katalon.core.main.TestCaseExecutor.processExecutionPhase(TestCaseExecutor.java:307)
	at com.kms.katalon.core.main.TestCaseExecutor.accessMainPhase(TestCaseExecutor.java:299)
	at com.kms.katalon.core.main.TestCaseExecutor.execute(TestCaseExecutor.java:233)
	at com.kms.katalon.core.main.TestCaseMain.runTestCase(TestCaseMain.java:114)
	at com.kms.katalon.core.keyword.builtin.CallTestCaseKeyword$_callTestCase_closure1.doCall(CallTestCaseKeyword.groovy:59)
	... 36 more
Caused by: com.kms.katalon.core.exception.StepFailedException: Web element with id: 'Object Repository/Rizka/Admin/Admin - Login/span_Dashboard' located by 'By.xpath: //a[@id='linkAdmin1']/span' not found
	at com.kms.katalon.core.webui.keyword.internal.WebUIKeywordMain.stepFailed(WebUIKeywordMain.groovy:64)
	at com.kms.katalon.core.webui.keyword.builtin.VerifyElementVisibleKeyword$_verifyElementVisible_closure1.doCall(VerifyElementVisibleKeyword.groovy:89)
	at com.kms.katalon.core.webui.keyword.builtin.VerifyElementVisibleKeyword$_verifyElementVisible_closure1.call(VerifyElementVisibleKeyword.groovy)
	at com.kms.katalon.core.webui.keyword.internal.WebUIKeywordMain.runKeyword(WebUIKeywordMain.groovy:20)
	... 51 more
)]]></system-out>
         <system-err><![CDATA[2020-05-28 03:54:37 - [TEST_CASE][FAILED] - Test Cases/Alda/Admin - Manage FAQ/Edit: Test Cases/Alda/Admin - Manage FAQ/Edit FAILED.
Reason:
com.kms.katalon.core.exception.StepFailedException: Call Test Case 'Test Cases/Alda/Admin - Manage FAQ/Search' failed
	at com.kms.katalon.core.keyword.builtin.CallTestCaseKeyword$_callTestCase_closure1.doCall(CallTestCaseKeyword.groovy:63)
	at com.kms.katalon.core.keyword.builtin.CallTestCaseKeyword$_callTestCase_closure1.call(CallTestCaseKeyword.groovy)
	at com.kms.katalon.core.keyword.internal.KeywordMain.runKeyword(KeywordMain.groovy:68)
	at com.kms.katalon.core.keyword.builtin.CallTestCaseKeyword.callTestCase(CallTestCaseKeyword.groovy:81)
	at com.kms.katalon.core.keyword.builtin.CallTestCaseKeyword.execute(CallTestCaseKeyword.groovy:44)
	at com.kms.katalon.core.keyword.internal.KeywordExecutor.executeKeywordForPlatform(KeywordExecutor.groovy:60)
	at com.kms.katalon.core.keyword.BuiltinKeywords.callTestCase(BuiltinKeywords.groovy:334)
	at Edit.run(Edit:19)
	at com.kms.katalon.core.main.ScriptEngine.run(ScriptEngine.java:194)
	at com.kms.katalon.core.main.ScriptEngine.runScriptAsRawText(ScriptEngine.java:119)
	at com.kms.katalon.core.main.TestCaseExecutor.runScript(TestCaseExecutor.java:337)
	at com.kms.katalon.core.main.TestCaseExecutor.doExecute(TestCaseExecutor.java:328)
	at com.kms.katalon.core.main.TestCaseExecutor.processExecutionPhase(TestCaseExecutor.java:307)
	at com.kms.katalon.core.main.TestCaseExecutor.accessMainPhase(TestCaseExecutor.java:299)
	at com.kms.katalon.core.main.TestCaseExecutor.execute(TestCaseExecutor.java:233)
	at com.kms.katalon.core.main.TestSuiteExecutor.accessTestCaseMainPhase(TestSuiteExecutor.java:169)
	at com.kms.katalon.core.main.TestSuiteExecutor.accessTestSuiteMainPhase(TestSuiteExecutor.java:142)
	at com.kms.katalon.core.main.TestSuiteExecutor.execute(TestSuiteExecutor.java:91)
	at com.kms.katalon.core.main.TestCaseMain.startTestSuite(TestCaseMain.java:157)
	at com.kms.katalon.core.main.TestCaseMain$startTestSuite$0.call(Unknown Source)
	at TempTestSuite1590611845987.run(TempTestSuite1590611845987.groovy:36)
Caused by: com.kms.katalon.core.exception.StepFailedException: Call Test Case 'Test Cases/Rizka/Admin/Custom/Admin - Login' failed
	at com.kms.katalon.core.keyword.builtin.CallTestCaseKeyword$_callTestCase_closure1.doCall(CallTestCaseKeyword.groovy:63)
	at com.kms.katalon.core.keyword.builtin.CallTestCaseKeyword$_callTestCase_closure1.call(CallTestCaseKeyword.groovy)
	at com.kms.katalon.core.keyword.internal.KeywordMain.runKeyword(KeywordMain.groovy:68)
	at com.kms.katalon.core.keyword.builtin.CallTestCaseKeyword.callTestCase(CallTestCaseKeyword.groovy:81)
	at com.kms.katalon.core.keyword.builtin.CallTestCaseKeyword.execute(CallTestCaseKeyword.groovy:44)
	at com.kms.katalon.core.keyword.internal.KeywordExecutor.executeKeywordForPlatform(KeywordExecutor.groovy:60)
	at com.kms.katalon.core.keyword.BuiltinKeywords.callTestCase(BuiltinKeywords.groovy:334)
	at Search.run(Search:19)
	at com.kms.katalon.core.main.ScriptEngine.run(ScriptEngine.java:194)
	at com.kms.katalon.core.main.ScriptEngine.runScriptAsRawText(ScriptEngine.java:119)
	at com.kms.katalon.core.main.TestCaseExecutor.runScript(TestCaseExecutor.java:337)
	at com.kms.katalon.core.main.TestCaseExecutor.doExecute(TestCaseExecutor.java:328)
	at com.kms.katalon.core.main.TestCaseExecutor.processExecutionPhase(TestCaseExecutor.java:307)
	at com.kms.katalon.core.main.TestCaseExecutor.accessMainPhase(TestCaseExecutor.java:299)
	at com.kms.katalon.core.main.TestCaseExecutor.execute(TestCaseExecutor.java:233)
	at com.kms.katalon.core.main.TestCaseMain.runTestCase(TestCaseMain.java:114)
	at com.kms.katalon.core.keyword.builtin.CallTestCaseKeyword$_callTestCase_closure1.doCall(CallTestCaseKeyword.groovy:59)
	... 20 more
Caused by: com.kms.katalon.core.exception.StepFailedException: Unable to verify object 'Object Repository/Rizka/Admin/Admin - Login/span_Dashboard' is visible
	at com.kms.katalon.core.webui.keyword.internal.WebUIKeywordMain.stepFailed(WebUIKeywordMain.groovy:64)
	at com.kms.katalon.core.webui.keyword.internal.WebUIKeywordMain.runKeyword(WebUIKeywordMain.groovy:26)
	at com.kms.katalon.core.webui.keyword.builtin.VerifyElementVisibleKeyword.verifyElementVisible(VerifyElementVisibleKeyword.groovy:97)
	at com.kms.katalon.core.webui.keyword.builtin.VerifyElementVisibleKeyword.execute(VerifyElementVisibleKeyword.groovy:67)
	at com.kms.katalon.core.keyword.internal.KeywordExecutor.executeKeywordForPlatform(KeywordExecutor.groovy:60)
	at com.kms.katalon.core.webui.keyword.WebUiBuiltInKeywords.verifyElementVisible(WebUiBuiltInKeywords.groovy:372)
	at com.kms.katalon.core.webui.keyword.WebUiBuiltInKeywords$verifyElementVisible$4.call(Unknown Source)
	at Admin - Login.run(Admin - Login:44)
	at com.kms.katalon.core.main.ScriptEngine.run(ScriptEngine.java:194)
	at com.kms.katalon.core.main.ScriptEngine.runScriptAsRawText(ScriptEngine.java:119)
	at com.kms.katalon.core.main.TestCaseExecutor.runScript(TestCaseExecutor.java:337)
	at com.kms.katalon.core.main.TestCaseExecutor.doExecute(TestCaseExecutor.java:328)
	at com.kms.katalon.core.main.TestCaseExecutor.processExecutionPhase(TestCaseExecutor.java:307)
	at com.kms.katalon.core.main.TestCaseExecutor.accessMainPhase(TestCaseExecutor.java:299)
	at com.kms.katalon.core.main.TestCaseExecutor.execute(TestCaseExecutor.java:233)
	at com.kms.katalon.core.main.TestCaseMain.runTestCase(TestCaseMain.java:114)
	at com.kms.katalon.core.keyword.builtin.CallTestCaseKeyword$_callTestCase_closure1.doCall(CallTestCaseKeyword.groovy:59)
	... 36 more
Caused by: com.kms.katalon.core.exception.StepFailedException: Web element with id: 'Object Repository/Rizka/Admin/Admin - Login/span_Dashboard' located by 'By.xpath: //a[@id='linkAdmin1']/span' not found
	at com.kms.katalon.core.webui.keyword.internal.WebUIKeywordMain.stepFailed(WebUIKeywordMain.groovy:64)
	at com.kms.katalon.core.webui.keyword.builtin.VerifyElementVisibleKeyword$_verifyElementVisible_closure1.doCall(VerifyElementVisibleKeyword.groovy:89)
	at com.kms.katalon.core.webui.keyword.builtin.VerifyElementVisibleKeyword$_verifyElementVisible_closure1.call(VerifyElementVisibleKeyword.groovy)
	at com.kms.katalon.core.webui.keyword.internal.WebUIKeywordMain.runKeyword(WebUIKeywordMain.groovy:20)
	... 51 more]]></system-err>
      </testcase>
      <testcase name="Test Cases/Alda/Admin - Manage FAQ/Edit" time="164.046" classname="Test Cases/Alda/Admin - Manage FAQ/Edit" status="FAILED">
         <failure type="FAILED" message="Test Cases/Alda/Admin - Manage FAQ/Edit FAILED.
Reason:
com.kms.katalon.core.exception.StepFailedException: Unable to verify object 'Object Repository/Alda/Admin - Manage FAQ/Page_Manage Faq/alert_error' is visible
	at com.kms.katalon.core.webui.keyword.internal.WebUIKeywordMain.stepFailed(WebUIKeywordMain.groovy:64)
	at com.kms.katalon.core.webui.keyword.internal.WebUIKeywordMain.runKeyword(WebUIKeywordMain.groovy:26)
	at com.kms.katalon.core.webui.keyword.builtin.VerifyElementVisibleKeyword.verifyElementVisible(VerifyElementVisibleKeyword.groovy:97)
	at com.kms.katalon.core.webui.keyword.builtin.VerifyElementVisibleKeyword.execute(VerifyElementVisibleKeyword.groovy:67)
	at com.kms.katalon.core.keyword.internal.KeywordExecutor.executeKeywordForPlatform(KeywordExecutor.groovy:60)
	at com.kms.katalon.core.webui.keyword.WebUiBuiltInKeywords.verifyElementVisible(WebUiBuiltInKeywords.groovy:372)
	at com.kms.katalon.core.webui.keyword.WebUiBuiltInKeywords$verifyElementVisible$4.call(Unknown Source)
	at Edit.run(Edit:117)
	at com.kms.katalon.core.main.ScriptEngine.run(ScriptEngine.java:194)
	at com.kms.katalon.core.main.ScriptEngine.runScriptAsRawText(ScriptEngine.java:119)
	at com.kms.katalon.core.main.TestCaseExecutor.runScript(TestCaseExecutor.java:337)
	at com.kms.katalon.core.main.TestCaseExecutor.doExecute(TestCaseExecutor.java:328)
	at com.kms.katalon.core.main.TestCaseExecutor.processExecutionPhase(TestCaseExecutor.java:307)
	at com.kms.katalon.core.main.TestCaseExecutor.accessMainPhase(TestCaseExecutor.java:299)
	at com.kms.katalon.core.main.TestCaseExecutor.execute(TestCaseExecutor.java:233)
	at com.kms.katalon.core.main.TestSuiteExecutor.accessTestCaseMainPhase(TestSuiteExecutor.java:169)
	at com.kms.katalon.core.main.TestSuiteExecutor.accessTestSuiteMainPhase(TestSuiteExecutor.java:142)
	at com.kms.katalon.core.main.TestSuiteExecutor.execute(TestSuiteExecutor.java:91)
	at com.kms.katalon.core.main.TestCaseMain.startTestSuite(TestCaseMain.java:157)
	at com.kms.katalon.core.main.TestCaseMain$startTestSuite$0.call(Unknown Source)
	at TempTestSuite1590611845987.run(TempTestSuite1590611845987.groovy:36)
Caused by: com.kms.katalon.core.exception.StepFailedException: Web element with id: 'Object Repository/Alda/Admin - Manage FAQ/Page_Manage Faq/alert_error' located by 'By.xpath: id(&quot;ng-app&quot;)/modal-container[@class=&quot;modal fade in&quot;]/app-page-managefaq[1]/div[@class=&quot;modal-dialog app-dialog modal-dialog app-alert-dialog&quot;]/div[@class=&quot;modal-content&quot;]/div[@class=&quot;app-dialog-header modal-header&quot;]/h4[@class=&quot;app-dialog-title modal-title&quot;][count(. | //*[(text() = 'Alert' or . = 'Alert')]) = count(//*[(text() = 'Alert' or . = 'Alert')])]' not found
	at com.kms.katalon.core.webui.keyword.internal.WebUIKeywordMain.stepFailed(WebUIKeywordMain.groovy:64)
	at com.kms.katalon.core.webui.keyword.builtin.VerifyElementVisibleKeyword$_verifyElementVisible_closure1.doCall(VerifyElementVisibleKeyword.groovy:89)
	at com.kms.katalon.core.webui.keyword.builtin.VerifyElementVisibleKeyword$_verifyElementVisible_closure1.call(VerifyElementVisibleKeyword.groovy)
	at com.kms.katalon.core.webui.keyword.internal.WebUIKeywordMain.runKeyword(WebUIKeywordMain.groovy:20)
	... 19 more
"/>
         <system-out><![CDATA[2020-05-28 03:56:34 - [TEST_CASE][FAILED] - Test Cases/Alda/Admin - Manage FAQ/Edit: Test Cases/Alda/Admin - Manage FAQ/Edit FAILED.
Reason:
com.kms.katalon.core.exception.StepFailedException: Unable to verify object 'Object Repository/Alda/Admin - Manage FAQ/Page_Manage Faq/alert_error' is visible
	at com.kms.katalon.core.webui.keyword.internal.WebUIKeywordMain.stepFailed(WebUIKeywordMain.groovy:64)
	at com.kms.katalon.core.webui.keyword.internal.WebUIKeywordMain.runKeyword(WebUIKeywordMain.groovy:26)
	at com.kms.katalon.core.webui.keyword.builtin.VerifyElementVisibleKeyword.verifyElementVisible(VerifyElementVisibleKeyword.groovy:97)
	at com.kms.katalon.core.webui.keyword.builtin.VerifyElementVisibleKeyword.execute(VerifyElementVisibleKeyword.groovy:67)
	at com.kms.katalon.core.keyword.internal.KeywordExecutor.executeKeywordForPlatform(KeywordExecutor.groovy:60)
	at com.kms.katalon.core.webui.keyword.WebUiBuiltInKeywords.verifyElementVisible(WebUiBuiltInKeywords.groovy:372)
	at com.kms.katalon.core.webui.keyword.WebUiBuiltInKeywords$verifyElementVisible$4.call(Unknown Source)
	at Edit.run(Edit:117)
	at com.kms.katalon.core.main.ScriptEngine.run(ScriptEngine.java:194)
	at com.kms.katalon.core.main.ScriptEngine.runScriptAsRawText(ScriptEngine.java:119)
	at com.kms.katalon.core.main.TestCaseExecutor.runScript(TestCaseExecutor.java:337)
	at com.kms.katalon.core.main.TestCaseExecutor.doExecute(TestCaseExecutor.java:328)
	at com.kms.katalon.core.main.TestCaseExecutor.processExecutionPhase(TestCaseExecutor.java:307)
	at com.kms.katalon.core.main.TestCaseExecutor.accessMainPhase(TestCaseExecutor.java:299)
	at com.kms.katalon.core.main.TestCaseExecutor.execute(TestCaseExecutor.java:233)
	at com.kms.katalon.core.main.TestSuiteExecutor.accessTestCaseMainPhase(TestSuiteExecutor.java:169)
	at com.kms.katalon.core.main.TestSuiteExecutor.accessTestSuiteMainPhase(TestSuiteExecutor.java:142)
	at com.kms.katalon.core.main.TestSuiteExecutor.execute(TestSuiteExecutor.java:91)
	at com.kms.katalon.core.main.TestCaseMain.startTestSuite(TestCaseMain.java:157)
	at com.kms.katalon.core.main.TestCaseMain$startTestSuite$0.call(Unknown Source)
	at TempTestSuite1590611845987.run(TempTestSuite1590611845987.groovy:36)
Caused by: com.kms.katalon.core.exception.StepFailedException: Web element with id: 'Object Repository/Alda/Admin - Manage FAQ/Page_Manage Faq/alert_error' located by 'By.xpath: id("ng-app")/modal-container[@class="modal fade in"]/app-page-managefaq[1]/div[@class="modal-dialog app-dialog modal-dialog app-alert-dialog"]/div[@class="modal-content"]/div[@class="app-dialog-header modal-header"]/h4[@class="app-dialog-title modal-title"][count(. | //*[(text() = 'Alert' or . = 'Alert')]) = count(//*[(text() = 'Alert' or . = 'Alert')])]' not found
	at com.kms.katalon.core.webui.keyword.internal.WebUIKeywordMain.stepFailed(WebUIKeywordMain.groovy:64)
	at com.kms.katalon.core.webui.keyword.builtin.VerifyElementVisibleKeyword$_verifyElementVisible_closure1.doCall(VerifyElementVisibleKeyword.groovy:89)
	at com.kms.katalon.core.webui.keyword.builtin.VerifyElementVisibleKeyword$_verifyElementVisible_closure1.call(VerifyElementVisibleKeyword.groovy)
	at com.kms.katalon.core.webui.keyword.internal.WebUIKeywordMain.runKeyword(WebUIKeywordMain.groovy:20)
	... 19 more


2020-05-28 03:56:34 - [TEST_STEP][PASSED] - callTestCase(findTestCase("Alda/Admin - Manage FAQ/Search"), ["var_search":var_search, "expected_output":""], STOP_ON_FAILURE): Call Test Case 'Test Cases/Alda/Admin - Manage FAQ/Search' successfully

2020-05-28 03:56:34 - [TEST_CASE][PASSED] - Test Cases/Alda/Admin - Manage FAQ/Search: Test Cases/Alda/Admin - Manage FAQ/Search

2020-05-28 03:56:34 - [TEST_STEP][PASSED] - callTestCase(findTestCase("Rizka/Admin/Custom/Admin - Login"), ["username":"11666", "password":"Password3", "rememberMe":"yes", "condition":"passed"], STOP_ON_FAILURE): Call Test Case 'Test Cases/Rizka/Admin/Custom/Admin - Login' successfully

2020-05-28 03:56:34 - [TEST_CASE][PASSED] - Test Cases/Rizka/Admin/Custom/Admin - Login: Test Cases/Rizka/Admin/Custom/Admin - Login

2020-05-28 03:56:34 - [TEST_STEP][PASSED] - openBrowser(""): Browser is opened with url: ''

2020-05-28 03:56:34 - [MESSAGE][WARNING] - A browser is already opened. Closing browser and opening a new one

2020-05-28 03:56:58 - [MESSAGE][INFO] - Starting 'Chrome' driver

2020-05-28 03:57:00 - [MESSAGE][PASSED] - Browser is opened with url: ''

2020-05-28 03:57:00 - [TEST_STEP][PASSED] - navigateToUrl("https://appsrv1.deltadatamandiri.com/ACC_LMS_WEB/#/admNLmn"): Navigate to 'https://appsrv1.deltadatamandiri.com/ACC_LMS_WEB/#/admNLmn' successfully

2020-05-28 03:57:09 - [MESSAGE][PASSED] - Navigate to 'https://appsrv1.deltadatamandiri.com/ACC_LMS_WEB/#/admNLmn' successfully

2020-05-28 03:57:09 - [TEST_STEP][PASSED] - maximizeWindow(): Current window maximized

2020-05-28 03:57:11 - [MESSAGE][PASSED] - Current window maximized

2020-05-28 03:57:11 - [TEST_STEP][PASSED] - delay(30): Delayed 30 second(s)

2020-05-28 03:57:41 - [MESSAGE][PASSED] - Delayed 30 second(s)

2020-05-28 03:57:41 - [TEST_STEP][PASSED] - click(findTestObject("Rizka/Admin/Admin - Login/btnLogin")): Object: 'Object Repository/Rizka/Admin/Admin - Login/btnLogin' is clicked on

2020-05-28 03:57:41 - [MESSAGE][PASSED] - Object: 'Object Repository/Rizka/Admin/Admin - Login/btnLogin' is clicked on

2020-05-28 03:57:41 - [TEST_STEP][PASSED] - setText(findTestObject("Rizka/Admin/Admin - Login/txtUsername"), username): Text '11666' is set on object 'Object Repository/Rizka/Admin/Admin - Login/txtUsername'

2020-05-28 03:57:41 - [MESSAGE][PASSED] - Text '11666' is set on object 'Object Repository/Rizka/Admin/Admin - Login/txtUsername'

2020-05-28 03:57:41 - [TEST_STEP][PASSED] - setText(findTestObject("Rizka/Admin/Admin - Login/txtPassword"), password): Text 'Password3' is set on object 'Object Repository/Rizka/Admin/Admin - Login/txtPassword'

2020-05-28 03:57:42 - [MESSAGE][PASSED] - Text 'Password3' is set on object 'Object Repository/Rizka/Admin/Admin - Login/txtPassword'

2020-05-28 03:57:42 - [TEST_STEP][PASSED] - click(findTestObject("Rizka/Admin/Admin - Login/btnEyePass")): Object: 'Object Repository/Rizka/Admin/Admin - Login/btnEyePass' is clicked on

2020-05-28 03:57:42 - [MESSAGE][PASSED] - Object: 'Object Repository/Rizka/Admin/Admin - Login/btnEyePass' is clicked on

2020-05-28 03:57:42 - [TEST_STEP][PASSED] - if (rememberMe == "yes"): Object: 'Object Repository/Rizka/Admin/Admin - Login/checkboxRememberMe' is clicked on

2020-05-28 03:57:42 - [TEST_STEP][PASSED] - click(findTestObject("Rizka/Admin/Admin - Login/checkboxRememberMe")): Object: 'Object Repository/Rizka/Admin/Admin - Login/checkboxRememberMe' is clicked on

2020-05-28 03:57:43 - [MESSAGE][PASSED] - Object: 'Object Repository/Rizka/Admin/Admin - Login/checkboxRememberMe' is clicked on

2020-05-28 03:57:43 - [TEST_STEP][PASSED] - click(findTestObject("Rizka/Admin/Admin - Login/btnLogin2")): Object: 'Object Repository/Rizka/Admin/Admin - Login/btnLogin2' is clicked on

2020-05-28 03:57:43 - [MESSAGE][PASSED] - Object: 'Object Repository/Rizka/Admin/Admin - Login/btnLogin2' is clicked on

2020-05-28 03:57:43 - [TEST_STEP][PASSED] - delay(10): Delayed 10 second(s)

2020-05-28 03:57:53 - [MESSAGE][PASSED] - Delayed 10 second(s)

2020-05-28 03:57:53 - [TEST_STEP][PASSED] - if (condition == "passed"): Object 'Object Repository/Rizka/Admin/Admin - Login/span_Dashboard' is visible

2020-05-28 03:57:53 - [TEST_STEP][PASSED] - verifyElementVisible(findTestObject("Rizka/Admin/Admin - Login/span_Dashboard")): Object 'Object Repository/Rizka/Admin/Admin - Login/span_Dashboard' is visible

2020-05-28 03:57:56 - [MESSAGE][PASSED] - Object 'Object Repository/Rizka/Admin/Admin - Login/span_Dashboard' is visible

2020-05-28 03:57:56 - [MESSAGE][PASSED] - Call Test Case 'Test Cases/Rizka/Admin/Custom/Admin - Login' successfully

2020-05-28 03:57:56 - [TEST_STEP][PASSED] - delay(5): Delayed 5 second(s)

2020-05-28 03:58:01 - [MESSAGE][PASSED] - Delayed 5 second(s)

2020-05-28 03:58:01 - [TEST_STEP][PASSED] - click(findTestObject("Alda/Admin - Manage FAQ/Page_Dashboard Admin/span_manage_faq")): Object: 'Object Repository/Alda/Admin - Manage FAQ/Page_Dashboard Admin/span_manage_faq' is clicked on

2020-05-28 03:58:01 - [MESSAGE][PASSED] - Object: 'Object Repository/Alda/Admin - Manage FAQ/Page_Dashboard Admin/span_manage_faq' is clicked on

2020-05-28 03:58:01 - [TEST_STEP][PASSED] - click(findTestObject("Alda/Admin - Manage FAQ/Page_Manage Faq/input_search")): Object: 'Object Repository/Alda/Admin - Manage FAQ/Page_Manage Faq/input_search' is clicked on

2020-05-28 03:58:03 - [MESSAGE][PASSED] - Object: 'Object Repository/Alda/Admin - Manage FAQ/Page_Manage Faq/input_search' is clicked on

2020-05-28 03:58:03 - [TEST_STEP][PASSED] - setText(findTestObject("Alda/Admin - Manage FAQ/Page_Manage Faq/input_search"), var_search): Text 'answer3' is set on object 'Object Repository/Alda/Admin - Manage FAQ/Page_Manage Faq/input_search'

2020-05-28 03:58:11 - [MESSAGE][PASSED] - Text 'answer3' is set on object 'Object Repository/Alda/Admin - Manage FAQ/Page_Manage Faq/input_search'

2020-05-28 03:58:11 - [TEST_STEP][PASSED] - sendKeys(findTestObject("Alda/Admin - Manage FAQ/Page_Manage Faq/input_search"), Keys.chord(ENTER)): Keys 'ENTER + ' sent to object: 'Object Repository/Alda/Admin - Manage FAQ/Page_Manage Faq/input_search'

2020-05-28 03:58:11 - [MESSAGE][PASSED] - Keys 'ENTER + ' sent to object: 'Object Repository/Alda/Admin - Manage FAQ/Page_Manage Faq/input_search'

2020-05-28 03:58:11 - [TEST_STEP][PASSED] - if (expected_output == "found"): null

2020-05-28 03:58:11 - [MESSAGE][PASSED] - Call Test Case 'Test Cases/Alda/Admin - Manage FAQ/Search' successfully

2020-05-28 03:58:11 - [TEST_STEP][PASSED] - delay(5): Delayed 5 second(s)

2020-05-28 03:58:16 - [MESSAGE][PASSED] - Delayed 5 second(s)

2020-05-28 03:58:16 - [TEST_STEP][PASSED] - click(findTestObject("Alda/Admin - Manage FAQ/Page_Manage Faq/btn_edit")): Object: 'Object Repository/Alda/Admin - Manage FAQ/Page_Manage Faq/btn_edit' is clicked on

2020-05-28 03:58:17 - [MESSAGE][PASSED] - Object: 'Object Repository/Alda/Admin - Manage FAQ/Page_Manage Faq/btn_edit' is clicked on

2020-05-28 03:58:17 - [TEST_STEP][PASSED] - verifyElementVisible(findTestObject("Object Repository/Alda/Admin - Manage FAQ/Page_Manage Faq/header_edit_page")): Object 'Object Repository/Alda/Admin - Manage FAQ/Page_Manage Faq/header_edit_page' is visible

2020-05-28 03:58:21 - [MESSAGE][PASSED] - Object 'Object Repository/Alda/Admin - Manage FAQ/Page_Manage Faq/header_edit_page' is visible

2020-05-28 03:58:21 - [TEST_STEP][PASSED] - switch (opsi_edit): null

2020-05-28 03:58:21 - [TEST_STEP][PASSED] - case "answer_only":: null

2020-05-28 03:58:21 - [TEST_STEP][PASSED] - click(findTestObject("Alda/Admin - Manage FAQ/Page_Manage Faq/edit_answer"), STOP_ON_FAILURE): Object: 'Object Repository/Alda/Admin - Manage FAQ/Page_Manage Faq/edit_answer' is clicked on

2020-05-28 03:58:22 - [MESSAGE][PASSED] - Object: 'Object Repository/Alda/Admin - Manage FAQ/Page_Manage Faq/edit_answer' is clicked on

2020-05-28 03:58:22 - [TEST_STEP][PASSED] - clearText(findTestObject("Alda/Admin - Manage FAQ/Page_Manage Faq/edit_answer"), STOP_ON_FAILURE): Text of object 'Object Repository/Alda/Admin - Manage FAQ/Page_Manage Faq/edit_answer' is cleared

2020-05-28 03:58:22 - [MESSAGE][PASSED] - Text of object 'Object Repository/Alda/Admin - Manage FAQ/Page_Manage Faq/edit_answer' is cleared

2020-05-28 03:58:22 - [TEST_STEP][PASSED] - setText(findTestObject("Alda/Admin - Manage FAQ/Page_Manage Faq/edit_answer"), var_answer_new): Text '' is set on object 'Object Repository/Alda/Admin - Manage FAQ/Page_Manage Faq/edit_answer'

2020-05-28 03:58:22 - [MESSAGE][PASSED] - Text '' is set on object 'Object Repository/Alda/Admin - Manage FAQ/Page_Manage Faq/edit_answer'

2020-05-28 03:58:22 - [TEST_STEP][PASSED] - delay(2): Delayed 2 second(s)

2020-05-28 03:58:24 - [MESSAGE][PASSED] - Delayed 2 second(s)

2020-05-28 03:58:24 - [TEST_STEP][PASSED] - break: null

2020-05-28 03:58:24 - [TEST_STEP][FAILED] - switch (expected_output): Unable to verify object 'Object Repository/Alda/Admin - Manage FAQ/Page_Manage Faq/alert_error' is visible (Root cause: com.kms.katalon.core.exception.StepFailedException: Unable to verify object 'Object Repository/Alda/Admin - Manage FAQ/Page_Manage Faq/alert_error' is visible
	at com.kms.katalon.core.webui.keyword.internal.WebUIKeywordMain.stepFailed(WebUIKeywordMain.groovy:64)
	at com.kms.katalon.core.webui.keyword.internal.WebUIKeywordMain.runKeyword(WebUIKeywordMain.groovy:26)
	at com.kms.katalon.core.webui.keyword.builtin.VerifyElementVisibleKeyword.verifyElementVisible(VerifyElementVisibleKeyword.groovy:97)
	at com.kms.katalon.core.webui.keyword.builtin.VerifyElementVisibleKeyword.execute(VerifyElementVisibleKeyword.groovy:67)
	at com.kms.katalon.core.keyword.internal.KeywordExecutor.executeKeywordForPlatform(KeywordExecutor.groovy:60)
	at com.kms.katalon.core.webui.keyword.WebUiBuiltInKeywords.verifyElementVisible(WebUiBuiltInKeywords.groovy:372)
	at com.kms.katalon.core.webui.keyword.WebUiBuiltInKeywords$verifyElementVisible$4.call(Unknown Source)
	at Edit.run(Edit:117)
	at com.kms.katalon.core.main.ScriptEngine.run(ScriptEngine.java:194)
	at com.kms.katalon.core.main.ScriptEngine.runScriptAsRawText(ScriptEngine.java:119)
	at com.kms.katalon.core.main.TestCaseExecutor.runScript(TestCaseExecutor.java:337)
	at com.kms.katalon.core.main.TestCaseExecutor.doExecute(TestCaseExecutor.java:328)
	at com.kms.katalon.core.main.TestCaseExecutor.processExecutionPhase(TestCaseExecutor.java:307)
	at com.kms.katalon.core.main.TestCaseExecutor.accessMainPhase(TestCaseExecutor.java:299)
	at com.kms.katalon.core.main.TestCaseExecutor.execute(TestCaseExecutor.java:233)
	at com.kms.katalon.core.main.TestSuiteExecutor.accessTestCaseMainPhase(TestSuiteExecutor.java:169)
	at com.kms.katalon.core.main.TestSuiteExecutor.accessTestSuiteMainPhase(TestSuiteExecutor.java:142)
	at com.kms.katalon.core.main.TestSuiteExecutor.execute(TestSuiteExecutor.java:91)
	at com.kms.katalon.core.main.TestCaseMain.startTestSuite(TestCaseMain.java:157)
	at com.kms.katalon.core.main.TestCaseMain$startTestSuite$0.call(Unknown Source)
	at TempTestSuite1590611845987.run(TempTestSuite1590611845987.groovy:36)
Caused by: com.kms.katalon.core.exception.StepFailedException: Web element with id: 'Object Repository/Alda/Admin - Manage FAQ/Page_Manage Faq/alert_error' located by 'By.xpath: id("ng-app")/modal-container[@class="modal fade in"]/app-page-managefaq[1]/div[@class="modal-dialog app-dialog modal-dialog app-alert-dialog"]/div[@class="modal-content"]/div[@class="app-dialog-header modal-header"]/h4[@class="app-dialog-title modal-title"][count(. | //*[(text() = 'Alert' or . = 'Alert')]) = count(//*[(text() = 'Alert' or . = 'Alert')])]' not found
	at com.kms.katalon.core.webui.keyword.internal.WebUIKeywordMain.stepFailed(WebUIKeywordMain.groovy:64)
	at com.kms.katalon.core.webui.keyword.builtin.VerifyElementVisibleKeyword$_verifyElementVisible_closure1.doCall(VerifyElementVisibleKeyword.groovy:89)
	at com.kms.katalon.core.webui.keyword.builtin.VerifyElementVisibleKeyword$_verifyElementVisible_closure1.call(VerifyElementVisibleKeyword.groovy)
	at com.kms.katalon.core.webui.keyword.internal.WebUIKeywordMain.runKeyword(WebUIKeywordMain.groovy:20)
	... 19 more
)

2020-05-28 03:58:24 - [TEST_STEP][FAILED] - case "fail":: Unable to verify object 'Object Repository/Alda/Admin - Manage FAQ/Page_Manage Faq/alert_error' is visible (Root cause: com.kms.katalon.core.exception.StepFailedException: Unable to verify object 'Object Repository/Alda/Admin - Manage FAQ/Page_Manage Faq/alert_error' is visible
	at com.kms.katalon.core.webui.keyword.internal.WebUIKeywordMain.stepFailed(WebUIKeywordMain.groovy:64)
	at com.kms.katalon.core.webui.keyword.internal.WebUIKeywordMain.runKeyword(WebUIKeywordMain.groovy:26)
	at com.kms.katalon.core.webui.keyword.builtin.VerifyElementVisibleKeyword.verifyElementVisible(VerifyElementVisibleKeyword.groovy:97)
	at com.kms.katalon.core.webui.keyword.builtin.VerifyElementVisibleKeyword.execute(VerifyElementVisibleKeyword.groovy:67)
	at com.kms.katalon.core.keyword.internal.KeywordExecutor.executeKeywordForPlatform(KeywordExecutor.groovy:60)
	at com.kms.katalon.core.webui.keyword.WebUiBuiltInKeywords.verifyElementVisible(WebUiBuiltInKeywords.groovy:372)
	at com.kms.katalon.core.webui.keyword.WebUiBuiltInKeywords$verifyElementVisible$4.call(Unknown Source)
	at Edit.run(Edit:117)
	at com.kms.katalon.core.main.ScriptEngine.run(ScriptEngine.java:194)
	at com.kms.katalon.core.main.ScriptEngine.runScriptAsRawText(ScriptEngine.java:119)
	at com.kms.katalon.core.main.TestCaseExecutor.runScript(TestCaseExecutor.java:337)
	at com.kms.katalon.core.main.TestCaseExecutor.doExecute(TestCaseExecutor.java:328)
	at com.kms.katalon.core.main.TestCaseExecutor.processExecutionPhase(TestCaseExecutor.java:307)
	at com.kms.katalon.core.main.TestCaseExecutor.accessMainPhase(TestCaseExecutor.java:299)
	at com.kms.katalon.core.main.TestCaseExecutor.execute(TestCaseExecutor.java:233)
	at com.kms.katalon.core.main.TestSuiteExecutor.accessTestCaseMainPhase(TestSuiteExecutor.java:169)
	at com.kms.katalon.core.main.TestSuiteExecutor.accessTestSuiteMainPhase(TestSuiteExecutor.java:142)
	at com.kms.katalon.core.main.TestSuiteExecutor.execute(TestSuiteExecutor.java:91)
	at com.kms.katalon.core.main.TestCaseMain.startTestSuite(TestCaseMain.java:157)
	at com.kms.katalon.core.main.TestCaseMain$startTestSuite$0.call(Unknown Source)
	at TempTestSuite1590611845987.run(TempTestSuite1590611845987.groovy:36)
Caused by: com.kms.katalon.core.exception.StepFailedException: Web element with id: 'Object Repository/Alda/Admin - Manage FAQ/Page_Manage Faq/alert_error' located by 'By.xpath: id("ng-app")/modal-container[@class="modal fade in"]/app-page-managefaq[1]/div[@class="modal-dialog app-dialog modal-dialog app-alert-dialog"]/div[@class="modal-content"]/div[@class="app-dialog-header modal-header"]/h4[@class="app-dialog-title modal-title"][count(. | //*[(text() = 'Alert' or . = 'Alert')]) = count(//*[(text() = 'Alert' or . = 'Alert')])]' not found
	at com.kms.katalon.core.webui.keyword.internal.WebUIKeywordMain.stepFailed(WebUIKeywordMain.groovy:64)
	at com.kms.katalon.core.webui.keyword.builtin.VerifyElementVisibleKeyword$_verifyElementVisible_closure1.doCall(VerifyElementVisibleKeyword.groovy:89)
	at com.kms.katalon.core.webui.keyword.builtin.VerifyElementVisibleKeyword$_verifyElementVisible_closure1.call(VerifyElementVisibleKeyword.groovy)
	at com.kms.katalon.core.webui.keyword.internal.WebUIKeywordMain.runKeyword(WebUIKeywordMain.groovy:20)
	... 19 more
)

2020-05-28 03:58:24 - [TEST_STEP][PASSED] - click(findTestObject("Object Repository/Alda/Admin - Manage FAQ/Page_Manage Faq/btn_save_edit")): Object: 'Object Repository/Alda/Admin - Manage FAQ/Page_Manage Faq/btn_save_edit' is clicked on

2020-05-28 03:58:25 - [MESSAGE][PASSED] - Object: 'Object Repository/Alda/Admin - Manage FAQ/Page_Manage Faq/btn_save_edit' is clicked on

2020-05-28 03:58:25 - [TEST_STEP][PASSED] - delay(3): Delayed 3 second(s)

2020-05-28 03:58:28 - [MESSAGE][PASSED] - Delayed 3 second(s)

2020-05-28 03:58:28 - [TEST_STEP][FAILED] - verifyElementVisible(findTestObject("Alda/Admin - Manage FAQ/Page_Manage Faq/alert_error")): Unable to verify object 'Object Repository/Alda/Admin - Manage FAQ/Page_Manage Faq/alert_error' is visible (Root cause: com.kms.katalon.core.exception.StepFailedException: Unable to verify object 'Object Repository/Alda/Admin - Manage FAQ/Page_Manage Faq/alert_error' is visible
	at com.kms.katalon.core.webui.keyword.internal.WebUIKeywordMain.stepFailed(WebUIKeywordMain.groovy:64)
	at com.kms.katalon.core.webui.keyword.internal.WebUIKeywordMain.runKeyword(WebUIKeywordMain.groovy:26)
	at com.kms.katalon.core.webui.keyword.builtin.VerifyElementVisibleKeyword.verifyElementVisible(VerifyElementVisibleKeyword.groovy:97)
	at com.kms.katalon.core.webui.keyword.builtin.VerifyElementVisibleKeyword.execute(VerifyElementVisibleKeyword.groovy:67)
	at com.kms.katalon.core.keyword.internal.KeywordExecutor.executeKeywordForPlatform(KeywordExecutor.groovy:60)
	at com.kms.katalon.core.webui.keyword.WebUiBuiltInKeywords.verifyElementVisible(WebUiBuiltInKeywords.groovy:372)
	at com.kms.katalon.core.webui.keyword.WebUiBuiltInKeywords$verifyElementVisible$4.call(Unknown Source)
	at Edit.run(Edit:117)
	at com.kms.katalon.core.main.ScriptEngine.run(ScriptEngine.java:194)
	at com.kms.katalon.core.main.ScriptEngine.runScriptAsRawText(ScriptEngine.java:119)
	at com.kms.katalon.core.main.TestCaseExecutor.runScript(TestCaseExecutor.java:337)
	at com.kms.katalon.core.main.TestCaseExecutor.doExecute(TestCaseExecutor.java:328)
	at com.kms.katalon.core.main.TestCaseExecutor.processExecutionPhase(TestCaseExecutor.java:307)
	at com.kms.katalon.core.main.TestCaseExecutor.accessMainPhase(TestCaseExecutor.java:299)
	at com.kms.katalon.core.main.TestCaseExecutor.execute(TestCaseExecutor.java:233)
	at com.kms.katalon.core.main.TestSuiteExecutor.accessTestCaseMainPhase(TestSuiteExecutor.java:169)
	at com.kms.katalon.core.main.TestSuiteExecutor.accessTestSuiteMainPhase(TestSuiteExecutor.java:142)
	at com.kms.katalon.core.main.TestSuiteExecutor.execute(TestSuiteExecutor.java:91)
	at com.kms.katalon.core.main.TestCaseMain.startTestSuite(TestCaseMain.java:157)
	at com.kms.katalon.core.main.TestCaseMain$startTestSuite$0.call(Unknown Source)
	at TempTestSuite1590611845987.run(TempTestSuite1590611845987.groovy:36)
Caused by: com.kms.katalon.core.exception.StepFailedException: Web element with id: 'Object Repository/Alda/Admin - Manage FAQ/Page_Manage Faq/alert_error' located by 'By.xpath: id("ng-app")/modal-container[@class="modal fade in"]/app-page-managefaq[1]/div[@class="modal-dialog app-dialog modal-dialog app-alert-dialog"]/div[@class="modal-content"]/div[@class="app-dialog-header modal-header"]/h4[@class="app-dialog-title modal-title"][count(. | //*[(text() = 'Alert' or . = 'Alert')]) = count(//*[(text() = 'Alert' or . = 'Alert')])]' not found
	at com.kms.katalon.core.webui.keyword.internal.WebUIKeywordMain.stepFailed(WebUIKeywordMain.groovy:64)
	at com.kms.katalon.core.webui.keyword.builtin.VerifyElementVisibleKeyword$_verifyElementVisible_closure1.doCall(VerifyElementVisibleKeyword.groovy:89)
	at com.kms.katalon.core.webui.keyword.builtin.VerifyElementVisibleKeyword$_verifyElementVisible_closure1.call(VerifyElementVisibleKeyword.groovy)
	at com.kms.katalon.core.webui.keyword.internal.WebUIKeywordMain.runKeyword(WebUIKeywordMain.groovy:20)
	... 19 more
)

2020-05-28 03:59:11 - [MESSAGE][INFO] - Unable to find the element located by 'By.xpath: id("ng-app")/modal-container[@class="modal fade in"]/app-page-managefaq[1]/div[@class="modal-dialog app-dialog modal-dialog app-alert-dialog"]/div[@class="modal-content"]/div[@class="app-dialog-header modal-header"]/h4[@class="app-dialog-title modal-title"][count(. | //*[(text() = 'Alert' or . = 'Alert')]) = count(//*[(text() = 'Alert' or . = 'Alert')])]'. Please recheck the objects properties to make sure the desired element is located. 

2020-05-28 03:59:18 - [MESSAGE][FAILED] - Web element with id: 'Object Repository/Alda/Admin - Manage FAQ/Page_Manage Faq/alert_error' located by 'By.xpath: id("ng-app")/modal-container[@class="modal fade in"]/app-page-managefaq[1]/div[@class="modal-dialog app-dialog modal-dialog app-alert-dialog"]/div[@class="modal-content"]/div[@class="app-dialog-header modal-header"]/h4[@class="app-dialog-title modal-title"][count(. | //*[(text() = 'Alert' or . = 'Alert')]) = count(//*[(text() = 'Alert' or . = 'Alert')])]' not found (Root cause: com.kms.katalon.core.exception.StepFailedException: Web element with id: 'Object Repository/Alda/Admin - Manage FAQ/Page_Manage Faq/alert_error' located by 'By.xpath: id("ng-app")/modal-container[@class="modal fade in"]/app-page-managefaq[1]/div[@class="modal-dialog app-dialog modal-dialog app-alert-dialog"]/div[@class="modal-content"]/div[@class="app-dialog-header modal-header"]/h4[@class="app-dialog-title modal-title"][count(. | //*[(text() = 'Alert' or . = 'Alert')]) = count(//*[(text() = 'Alert' or . = 'Alert')])]' not found
	at com.kms.katalon.core.webui.keyword.internal.WebUIKeywordMain.stepFailed(WebUIKeywordMain.groovy:64)
	at com.kms.katalon.core.webui.keyword.builtin.VerifyElementVisibleKeyword$_verifyElementVisible_closure1.doCall(VerifyElementVisibleKeyword.groovy:89)
	at com.kms.katalon.core.webui.keyword.builtin.VerifyElementVisibleKeyword$_verifyElementVisible_closure1.call(VerifyElementVisibleKeyword.groovy)
	at com.kms.katalon.core.webui.keyword.internal.WebUIKeywordMain.runKeyword(WebUIKeywordMain.groovy:20)
	at com.kms.katalon.core.webui.keyword.builtin.VerifyElementVisibleKeyword.verifyElementVisible(VerifyElementVisibleKeyword.groovy:97)
	at com.kms.katalon.core.webui.keyword.builtin.VerifyElementVisibleKeyword.execute(VerifyElementVisibleKeyword.groovy:67)
	at com.kms.katalon.core.keyword.internal.KeywordExecutor.executeKeywordForPlatform(KeywordExecutor.groovy:60)
	at com.kms.katalon.core.webui.keyword.WebUiBuiltInKeywords.verifyElementVisible(WebUiBuiltInKeywords.groovy:372)
	at com.kms.katalon.core.webui.keyword.WebUiBuiltInKeywords$verifyElementVisible$4.call(Unknown Source)
	at Edit.run(Edit:117)
	at com.kms.katalon.core.main.ScriptEngine.run(ScriptEngine.java:194)
	at com.kms.katalon.core.main.ScriptEngine.runScriptAsRawText(ScriptEngine.java:119)
	at com.kms.katalon.core.main.TestCaseExecutor.runScript(TestCaseExecutor.java:337)
	at com.kms.katalon.core.main.TestCaseExecutor.doExecute(TestCaseExecutor.java:328)
	at com.kms.katalon.core.main.TestCaseExecutor.processExecutionPhase(TestCaseExecutor.java:307)
	at com.kms.katalon.core.main.TestCaseExecutor.accessMainPhase(TestCaseExecutor.java:299)
	at com.kms.katalon.core.main.TestCaseExecutor.execute(TestCaseExecutor.java:233)
	at com.kms.katalon.core.main.TestSuiteExecutor.accessTestCaseMainPhase(TestSuiteExecutor.java:169)
	at com.kms.katalon.core.main.TestSuiteExecutor.accessTestSuiteMainPhase(TestSuiteExecutor.java:142)
	at com.kms.katalon.core.main.TestSuiteExecutor.execute(TestSuiteExecutor.java:91)
	at com.kms.katalon.core.main.TestCaseMain.startTestSuite(TestCaseMain.java:157)
	at com.kms.katalon.core.main.TestCaseMain$startTestSuite$0.call(Unknown Source)
	at TempTestSuite1590611845987.run(TempTestSuite1590611845987.groovy:36)
)
[[ATTACHMENT|C:\\Users\\asus\\git\\LMS27Mei\\Reports\\20200528_033725\\Alda\\Admin_Manage FAQ - Edit\\20200528_033725\\1590613151992.png]]

2020-05-28 03:59:18 - [MESSAGE][FAILED] - Unable to verify object 'Object Repository/Alda/Admin - Manage FAQ/Page_Manage Faq/alert_error' is visible (Root cause: com.kms.katalon.core.exception.StepFailedException: Unable to verify object 'Object Repository/Alda/Admin - Manage FAQ/Page_Manage Faq/alert_error' is visible
	at com.kms.katalon.core.webui.keyword.internal.WebUIKeywordMain.stepFailed(WebUIKeywordMain.groovy:64)
	at com.kms.katalon.core.webui.keyword.internal.WebUIKeywordMain.runKeyword(WebUIKeywordMain.groovy:26)
	at com.kms.katalon.core.webui.keyword.builtin.VerifyElementVisibleKeyword.verifyElementVisible(VerifyElementVisibleKeyword.groovy:97)
	at com.kms.katalon.core.webui.keyword.builtin.VerifyElementVisibleKeyword.execute(VerifyElementVisibleKeyword.groovy:67)
	at com.kms.katalon.core.keyword.internal.KeywordExecutor.executeKeywordForPlatform(KeywordExecutor.groovy:60)
	at com.kms.katalon.core.webui.keyword.WebUiBuiltInKeywords.verifyElementVisible(WebUiBuiltInKeywords.groovy:372)
	at com.kms.katalon.core.webui.keyword.WebUiBuiltInKeywords$verifyElementVisible$4.call(Unknown Source)
	at Edit.run(Edit:117)
	at com.kms.katalon.core.main.ScriptEngine.run(ScriptEngine.java:194)
	at com.kms.katalon.core.main.ScriptEngine.runScriptAsRawText(ScriptEngine.java:119)
	at com.kms.katalon.core.main.TestCaseExecutor.runScript(TestCaseExecutor.java:337)
	at com.kms.katalon.core.main.TestCaseExecutor.doExecute(TestCaseExecutor.java:328)
	at com.kms.katalon.core.main.TestCaseExecutor.processExecutionPhase(TestCaseExecutor.java:307)
	at com.kms.katalon.core.main.TestCaseExecutor.accessMainPhase(TestCaseExecutor.java:299)
	at com.kms.katalon.core.main.TestCaseExecutor.execute(TestCaseExecutor.java:233)
	at com.kms.katalon.core.main.TestSuiteExecutor.accessTestCaseMainPhase(TestSuiteExecutor.java:169)
	at com.kms.katalon.core.main.TestSuiteExecutor.accessTestSuiteMainPhase(TestSuiteExecutor.java:142)
	at com.kms.katalon.core.main.TestSuiteExecutor.execute(TestSuiteExecutor.java:91)
	at com.kms.katalon.core.main.TestCaseMain.startTestSuite(TestCaseMain.java:157)
	at com.kms.katalon.core.main.TestCaseMain$startTestSuite$0.call(Unknown Source)
	at TempTestSuite1590611845987.run(TempTestSuite1590611845987.groovy:36)
Caused by: com.kms.katalon.core.exception.StepFailedException: Web element with id: 'Object Repository/Alda/Admin - Manage FAQ/Page_Manage Faq/alert_error' located by 'By.xpath: id("ng-app")/modal-container[@class="modal fade in"]/app-page-managefaq[1]/div[@class="modal-dialog app-dialog modal-dialog app-alert-dialog"]/div[@class="modal-content"]/div[@class="app-dialog-header modal-header"]/h4[@class="app-dialog-title modal-title"][count(. | //*[(text() = 'Alert' or . = 'Alert')]) = count(//*[(text() = 'Alert' or . = 'Alert')])]' not found
	at com.kms.katalon.core.webui.keyword.internal.WebUIKeywordMain.stepFailed(WebUIKeywordMain.groovy:64)
	at com.kms.katalon.core.webui.keyword.builtin.VerifyElementVisibleKeyword$_verifyElementVisible_closure1.doCall(VerifyElementVisibleKeyword.groovy:89)
	at com.kms.katalon.core.webui.keyword.builtin.VerifyElementVisibleKeyword$_verifyElementVisible_closure1.call(VerifyElementVisibleKeyword.groovy)
	at com.kms.katalon.core.webui.keyword.internal.WebUIKeywordMain.runKeyword(WebUIKeywordMain.groovy:20)
	... 19 more
)
[[ATTACHMENT|C:\\Users\\asus\\git\\LMS27Mei\\Reports\\20200528_033725\\Alda\\Admin_Manage FAQ - Edit\\20200528_033725\\1590613158299.png]]]]></system-out>
         <system-err><![CDATA[2020-05-28 03:56:34 - [TEST_CASE][FAILED] - Test Cases/Alda/Admin - Manage FAQ/Edit: Test Cases/Alda/Admin - Manage FAQ/Edit FAILED.
Reason:
com.kms.katalon.core.exception.StepFailedException: Unable to verify object 'Object Repository/Alda/Admin - Manage FAQ/Page_Manage Faq/alert_error' is visible
	at com.kms.katalon.core.webui.keyword.internal.WebUIKeywordMain.stepFailed(WebUIKeywordMain.groovy:64)
	at com.kms.katalon.core.webui.keyword.internal.WebUIKeywordMain.runKeyword(WebUIKeywordMain.groovy:26)
	at com.kms.katalon.core.webui.keyword.builtin.VerifyElementVisibleKeyword.verifyElementVisible(VerifyElementVisibleKeyword.groovy:97)
	at com.kms.katalon.core.webui.keyword.builtin.VerifyElementVisibleKeyword.execute(VerifyElementVisibleKeyword.groovy:67)
	at com.kms.katalon.core.keyword.internal.KeywordExecutor.executeKeywordForPlatform(KeywordExecutor.groovy:60)
	at com.kms.katalon.core.webui.keyword.WebUiBuiltInKeywords.verifyElementVisible(WebUiBuiltInKeywords.groovy:372)
	at com.kms.katalon.core.webui.keyword.WebUiBuiltInKeywords$verifyElementVisible$4.call(Unknown Source)
	at Edit.run(Edit:117)
	at com.kms.katalon.core.main.ScriptEngine.run(ScriptEngine.java:194)
	at com.kms.katalon.core.main.ScriptEngine.runScriptAsRawText(ScriptEngine.java:119)
	at com.kms.katalon.core.main.TestCaseExecutor.runScript(TestCaseExecutor.java:337)
	at com.kms.katalon.core.main.TestCaseExecutor.doExecute(TestCaseExecutor.java:328)
	at com.kms.katalon.core.main.TestCaseExecutor.processExecutionPhase(TestCaseExecutor.java:307)
	at com.kms.katalon.core.main.TestCaseExecutor.accessMainPhase(TestCaseExecutor.java:299)
	at com.kms.katalon.core.main.TestCaseExecutor.execute(TestCaseExecutor.java:233)
	at com.kms.katalon.core.main.TestSuiteExecutor.accessTestCaseMainPhase(TestSuiteExecutor.java:169)
	at com.kms.katalon.core.main.TestSuiteExecutor.accessTestSuiteMainPhase(TestSuiteExecutor.java:142)
	at com.kms.katalon.core.main.TestSuiteExecutor.execute(TestSuiteExecutor.java:91)
	at com.kms.katalon.core.main.TestCaseMain.startTestSuite(TestCaseMain.java:157)
	at com.kms.katalon.core.main.TestCaseMain$startTestSuite$0.call(Unknown Source)
	at TempTestSuite1590611845987.run(TempTestSuite1590611845987.groovy:36)
Caused by: com.kms.katalon.core.exception.StepFailedException: Web element with id: 'Object Repository/Alda/Admin - Manage FAQ/Page_Manage Faq/alert_error' located by 'By.xpath: id("ng-app")/modal-container[@class="modal fade in"]/app-page-managefaq[1]/div[@class="modal-dialog app-dialog modal-dialog app-alert-dialog"]/div[@class="modal-content"]/div[@class="app-dialog-header modal-header"]/h4[@class="app-dialog-title modal-title"][count(. | //*[(text() = 'Alert' or . = 'Alert')]) = count(//*[(text() = 'Alert' or . = 'Alert')])]' not found
	at com.kms.katalon.core.webui.keyword.internal.WebUIKeywordMain.stepFailed(WebUIKeywordMain.groovy:64)
	at com.kms.katalon.core.webui.keyword.builtin.VerifyElementVisibleKeyword$_verifyElementVisible_closure1.doCall(VerifyElementVisibleKeyword.groovy:89)
	at com.kms.katalon.core.webui.keyword.builtin.VerifyElementVisibleKeyword$_verifyElementVisible_closure1.call(VerifyElementVisibleKeyword.groovy)
	at com.kms.katalon.core.webui.keyword.internal.WebUIKeywordMain.runKeyword(WebUIKeywordMain.groovy:20)
	... 19 more]]></system-err>
      </testcase>
      <testcase name="Test Cases/Alda/Admin - Manage FAQ/Edit" time="104.119" classname="Test Cases/Alda/Admin - Manage FAQ/Edit" status="PASSED">
         <system-out><![CDATA[2020-05-28 03:59:18 - [TEST_CASE][PASSED] - Test Cases/Alda/Admin - Manage FAQ/Edit: Test Cases/Alda/Admin - Manage FAQ/Edit

2020-05-28 03:59:18 - [TEST_STEP][PASSED] - callTestCase(findTestCase("Alda/Admin - Manage FAQ/Search"), ["var_search":var_search, "expected_output":""], STOP_ON_FAILURE): Call Test Case 'Test Cases/Alda/Admin - Manage FAQ/Search' successfully

2020-05-28 03:59:18 - [TEST_CASE][PASSED] - Test Cases/Alda/Admin - Manage FAQ/Search: Test Cases/Alda/Admin - Manage FAQ/Search

2020-05-28 03:59:18 - [TEST_STEP][PASSED] - callTestCase(findTestCase("Rizka/Admin/Custom/Admin - Login"), ["username":"11666", "password":"Password3", "rememberMe":"yes", "condition":"passed"], STOP_ON_FAILURE): Call Test Case 'Test Cases/Rizka/Admin/Custom/Admin - Login' successfully

2020-05-28 03:59:18 - [TEST_CASE][PASSED] - Test Cases/Rizka/Admin/Custom/Admin - Login: Test Cases/Rizka/Admin/Custom/Admin - Login

2020-05-28 03:59:18 - [TEST_STEP][PASSED] - openBrowser(""): Browser is opened with url: ''

2020-05-28 03:59:18 - [MESSAGE][WARNING] - A browser is already opened. Closing browser and opening a new one

2020-05-28 03:59:22 - [MESSAGE][WARNING] - Browser is not reachable. Browser may have been closed already.

2020-05-28 03:59:22 - [MESSAGE][INFO] - Starting 'Chrome' driver

2020-05-28 03:59:30 - [MESSAGE][PASSED] - Browser is opened with url: ''

2020-05-28 03:59:30 - [TEST_STEP][PASSED] - navigateToUrl("https://appsrv1.deltadatamandiri.com/ACC_LMS_WEB/#/admNLmn"): Navigate to 'https://appsrv1.deltadatamandiri.com/ACC_LMS_WEB/#/admNLmn' successfully

2020-05-28 03:59:45 - [MESSAGE][PASSED] - Navigate to 'https://appsrv1.deltadatamandiri.com/ACC_LMS_WEB/#/admNLmn' successfully

2020-05-28 03:59:45 - [TEST_STEP][PASSED] - maximizeWindow(): Current window maximized

2020-05-28 03:59:47 - [MESSAGE][PASSED] - Current window maximized

2020-05-28 03:59:47 - [TEST_STEP][PASSED] - delay(30): Delayed 30 second(s)

2020-05-28 04:00:17 - [MESSAGE][PASSED] - Delayed 30 second(s)

2020-05-28 04:00:17 - [TEST_STEP][PASSED] - click(findTestObject("Rizka/Admin/Admin - Login/btnLogin")): Object: 'Object Repository/Rizka/Admin/Admin - Login/btnLogin' is clicked on

2020-05-28 04:00:17 - [MESSAGE][PASSED] - Object: 'Object Repository/Rizka/Admin/Admin - Login/btnLogin' is clicked on

2020-05-28 04:00:17 - [TEST_STEP][PASSED] - setText(findTestObject("Rizka/Admin/Admin - Login/txtUsername"), username): Text '11666' is set on object 'Object Repository/Rizka/Admin/Admin - Login/txtUsername'

2020-05-28 04:00:18 - [MESSAGE][PASSED] - Text '11666' is set on object 'Object Repository/Rizka/Admin/Admin - Login/txtUsername'

2020-05-28 04:00:18 - [TEST_STEP][PASSED] - setText(findTestObject("Rizka/Admin/Admin - Login/txtPassword"), password): Text 'Password3' is set on object 'Object Repository/Rizka/Admin/Admin - Login/txtPassword'

2020-05-28 04:00:18 - [MESSAGE][PASSED] - Text 'Password3' is set on object 'Object Repository/Rizka/Admin/Admin - Login/txtPassword'

2020-05-28 04:00:18 - [TEST_STEP][PASSED] - click(findTestObject("Rizka/Admin/Admin - Login/btnEyePass")): Object: 'Object Repository/Rizka/Admin/Admin - Login/btnEyePass' is clicked on

2020-05-28 04:00:18 - [MESSAGE][PASSED] - Object: 'Object Repository/Rizka/Admin/Admin - Login/btnEyePass' is clicked on

2020-05-28 04:00:18 - [TEST_STEP][PASSED] - if (rememberMe == "yes"): Object: 'Object Repository/Rizka/Admin/Admin - Login/checkboxRememberMe' is clicked on

2020-05-28 04:00:18 - [TEST_STEP][PASSED] - click(findTestObject("Rizka/Admin/Admin - Login/checkboxRememberMe")): Object: 'Object Repository/Rizka/Admin/Admin - Login/checkboxRememberMe' is clicked on

2020-05-28 04:00:19 - [MESSAGE][PASSED] - Object: 'Object Repository/Rizka/Admin/Admin - Login/checkboxRememberMe' is clicked on

2020-05-28 04:00:19 - [TEST_STEP][PASSED] - click(findTestObject("Rizka/Admin/Admin - Login/btnLogin2")): Object: 'Object Repository/Rizka/Admin/Admin - Login/btnLogin2' is clicked on

2020-05-28 04:00:19 - [MESSAGE][PASSED] - Object: 'Object Repository/Rizka/Admin/Admin - Login/btnLogin2' is clicked on

2020-05-28 04:00:19 - [TEST_STEP][PASSED] - delay(10): Delayed 10 second(s)

2020-05-28 04:00:29 - [MESSAGE][PASSED] - Delayed 10 second(s)

2020-05-28 04:00:29 - [TEST_STEP][PASSED] - if (condition == "passed"): Object 'Object Repository/Rizka/Admin/Admin - Login/span_Dashboard' is visible

2020-05-28 04:00:29 - [TEST_STEP][PASSED] - verifyElementVisible(findTestObject("Rizka/Admin/Admin - Login/span_Dashboard")): Object 'Object Repository/Rizka/Admin/Admin - Login/span_Dashboard' is visible

2020-05-28 04:00:32 - [MESSAGE][PASSED] - Object 'Object Repository/Rizka/Admin/Admin - Login/span_Dashboard' is visible

2020-05-28 04:00:32 - [MESSAGE][PASSED] - Call Test Case 'Test Cases/Rizka/Admin/Custom/Admin - Login' successfully

2020-05-28 04:00:32 - [TEST_STEP][PASSED] - delay(5): Delayed 5 second(s)

2020-05-28 04:00:37 - [MESSAGE][PASSED] - Delayed 5 second(s)

2020-05-28 04:00:37 - [TEST_STEP][PASSED] - click(findTestObject("Alda/Admin - Manage FAQ/Page_Dashboard Admin/span_manage_faq")): Object: 'Object Repository/Alda/Admin - Manage FAQ/Page_Dashboard Admin/span_manage_faq' is clicked on

2020-05-28 04:00:37 - [MESSAGE][PASSED] - Object: 'Object Repository/Alda/Admin - Manage FAQ/Page_Dashboard Admin/span_manage_faq' is clicked on

2020-05-28 04:00:37 - [TEST_STEP][PASSED] - click(findTestObject("Alda/Admin - Manage FAQ/Page_Manage Faq/input_search")): Object: 'Object Repository/Alda/Admin - Manage FAQ/Page_Manage Faq/input_search' is clicked on

2020-05-28 04:00:39 - [MESSAGE][PASSED] - Object: 'Object Repository/Alda/Admin - Manage FAQ/Page_Manage Faq/input_search' is clicked on

2020-05-28 04:00:39 - [TEST_STEP][PASSED] - setText(findTestObject("Alda/Admin - Manage FAQ/Page_Manage Faq/input_search"), var_search): Text 'question 4 adalah?' is set on object 'Object Repository/Alda/Admin - Manage FAQ/Page_Manage Faq/input_search'

2020-05-28 04:00:46 - [MESSAGE][PASSED] - Text 'question 4 adalah?' is set on object 'Object Repository/Alda/Admin - Manage FAQ/Page_Manage Faq/input_search'

2020-05-28 04:00:46 - [TEST_STEP][PASSED] - sendKeys(findTestObject("Alda/Admin - Manage FAQ/Page_Manage Faq/input_search"), Keys.chord(ENTER)): Keys 'ENTER + ' sent to object: 'Object Repository/Alda/Admin - Manage FAQ/Page_Manage Faq/input_search'

2020-05-28 04:00:47 - [MESSAGE][PASSED] - Keys 'ENTER + ' sent to object: 'Object Repository/Alda/Admin - Manage FAQ/Page_Manage Faq/input_search'

2020-05-28 04:00:47 - [TEST_STEP][PASSED] - if (expected_output == "found"): null

2020-05-28 04:00:47 - [MESSAGE][PASSED] - Call Test Case 'Test Cases/Alda/Admin - Manage FAQ/Search' successfully

2020-05-28 04:00:47 - [TEST_STEP][PASSED] - delay(5): Delayed 5 second(s)

2020-05-28 04:00:52 - [MESSAGE][PASSED] - Delayed 5 second(s)

2020-05-28 04:00:52 - [TEST_STEP][PASSED] - click(findTestObject("Alda/Admin - Manage FAQ/Page_Manage Faq/btn_edit")): Object: 'Object Repository/Alda/Admin - Manage FAQ/Page_Manage Faq/btn_edit' is clicked on

2020-05-28 04:00:52 - [MESSAGE][PASSED] - Object: 'Object Repository/Alda/Admin - Manage FAQ/Page_Manage Faq/btn_edit' is clicked on

2020-05-28 04:00:52 - [TEST_STEP][PASSED] - verifyElementVisible(findTestObject("Object Repository/Alda/Admin - Manage FAQ/Page_Manage Faq/header_edit_page")): Object 'Object Repository/Alda/Admin - Manage FAQ/Page_Manage Faq/header_edit_page' is visible

2020-05-28 04:00:55 - [MESSAGE][PASSED] - Object 'Object Repository/Alda/Admin - Manage FAQ/Page_Manage Faq/header_edit_page' is visible

2020-05-28 04:00:55 - [TEST_STEP][PASSED] - switch (opsi_edit): null

2020-05-28 04:00:55 - [TEST_STEP][PASSED] - case "picture_only":: null

2020-05-28 04:00:55 - [TEST_STEP][PASSED] - uploadFile(findTestObject("Alda/Admin - Manage FAQ/Page_Manage Faq/edit_gambar"), var_gambar_new): File 'C:\Users\asus\git\LMS27Mei\gambar_edit_alda.jpg' sent to object: 'Object Repository/Alda/Admin - Manage FAQ/Page_Manage Faq/edit_gambar'

2020-05-28 04:00:57 - [MESSAGE][PASSED] - File 'C:\Users\asus\git\LMS27Mei\gambar_edit_alda.jpg' sent to object: 'Object Repository/Alda/Admin - Manage FAQ/Page_Manage Faq/edit_gambar'

2020-05-28 04:00:57 - [TEST_STEP][PASSED] - if (expected_image == "success"): Delayed 2 second(s)

2020-05-28 04:00:57 - [TEST_STEP][PASSED] - verifyElementVisible(findTestObject("Object Repository/Alda/Admin - Manage FAQ/Page_Manage Faq/alert_success_upload_image")): Object 'Object Repository/Alda/Admin - Manage FAQ/Page_Manage Faq/alert_success_upload_image' is visible

2020-05-28 04:00:59 - [MESSAGE][PASSED] - Object 'Object Repository/Alda/Admin - Manage FAQ/Page_Manage Faq/alert_success_upload_image' is visible

2020-05-28 04:00:59 - [TEST_STEP][PASSED] - delay(2): Delayed 2 second(s)

2020-05-28 04:01:01 - [MESSAGE][PASSED] - Delayed 2 second(s)

2020-05-28 04:01:01 - [TEST_STEP][PASSED] - break: null

2020-05-28 04:01:01 - [TEST_STEP][PASSED] - switch (expected_output): null

2020-05-28 04:01:01 - [TEST_STEP][PASSED] - case "pass_image":: null

2020-05-28 04:01:01 - [TEST_STEP][PASSED] - verifyElementVisible(findTestObject("Alda/Admin - Manage FAQ/Page_Manage Faq/label_search_visible - Copy", ["text":var_search_after_edit])): Object 'Object Repository/Alda/Admin - Manage FAQ/Page_Manage Faq/label_search_visible - Copy' is visible

2020-05-28 04:01:01 - [MESSAGE][PASSED] - Object 'Object Repository/Alda/Admin - Manage FAQ/Page_Manage Faq/label_search_visible - Copy' is visible

2020-05-28 04:01:01 - [TEST_STEP][PASSED] - click(findTestObject("Object Repository/Alda/Admin - Manage FAQ/Page_Manage Faq/btn_save_edit")): Object: 'Object Repository/Alda/Admin - Manage FAQ/Page_Manage Faq/btn_save_edit' is clicked on

2020-05-28 04:01:02 - [MESSAGE][PASSED] - Object: 'Object Repository/Alda/Admin - Manage FAQ/Page_Manage Faq/btn_save_edit' is clicked on

2020-05-28 04:01:02 - [TEST_STEP][PASSED] - break: null

2020-05-28 04:01:02 - [TEST_STEP][PASSED] - closeBrowser(): Browser is closed

2020-05-28 04:01:02 - [MESSAGE][PASSED] - Browser is closed]]></system-out>
         <system-err><![CDATA[]]></system-err>
      </testcase>
      <testcase name="Test Cases/Alda/Admin - Manage FAQ/Edit" time="152.764" classname="Test Cases/Alda/Admin - Manage FAQ/Edit" status="FAILED">
         <failure type="FAILED" message="Test Cases/Alda/Admin - Manage FAQ/Edit FAILED.
Reason:
com.kms.katalon.core.exception.StepFailedException: Unable to verify object 'Object Repository/Alda/Admin - Manage FAQ/Page_Manage Faq/alert_error_upload_image' is visible
	at com.kms.katalon.core.webui.keyword.internal.WebUIKeywordMain.stepFailed(WebUIKeywordMain.groovy:64)
	at com.kms.katalon.core.webui.keyword.internal.WebUIKeywordMain.runKeyword(WebUIKeywordMain.groovy:26)
	at com.kms.katalon.core.webui.keyword.builtin.VerifyElementVisibleKeyword.verifyElementVisible(VerifyElementVisibleKeyword.groovy:97)
	at com.kms.katalon.core.webui.keyword.builtin.VerifyElementVisibleKeyword.execute(VerifyElementVisibleKeyword.groovy:67)
	at com.kms.katalon.core.keyword.internal.KeywordExecutor.executeKeywordForPlatform(KeywordExecutor.groovy:60)
	at com.kms.katalon.core.webui.keyword.WebUiBuiltInKeywords.verifyElementVisible(WebUiBuiltInKeywords.groovy:372)
	at com.kms.katalon.core.webui.keyword.WebUiBuiltInKeywords$verifyElementVisible$4.call(Unknown Source)
	at Edit.run(Edit:81)
	at com.kms.katalon.core.main.ScriptEngine.run(ScriptEngine.java:194)
	at com.kms.katalon.core.main.ScriptEngine.runScriptAsRawText(ScriptEngine.java:119)
	at com.kms.katalon.core.main.TestCaseExecutor.runScript(TestCaseExecutor.java:337)
	at com.kms.katalon.core.main.TestCaseExecutor.doExecute(TestCaseExecutor.java:328)
	at com.kms.katalon.core.main.TestCaseExecutor.processExecutionPhase(TestCaseExecutor.java:307)
	at com.kms.katalon.core.main.TestCaseExecutor.accessMainPhase(TestCaseExecutor.java:299)
	at com.kms.katalon.core.main.TestCaseExecutor.execute(TestCaseExecutor.java:233)
	at com.kms.katalon.core.main.TestSuiteExecutor.accessTestCaseMainPhase(TestSuiteExecutor.java:169)
	at com.kms.katalon.core.main.TestSuiteExecutor.accessTestSuiteMainPhase(TestSuiteExecutor.java:142)
	at com.kms.katalon.core.main.TestSuiteExecutor.execute(TestSuiteExecutor.java:91)
	at com.kms.katalon.core.main.TestCaseMain.startTestSuite(TestCaseMain.java:157)
	at com.kms.katalon.core.main.TestCaseMain$startTestSuite$0.call(Unknown Source)
	at TempTestSuite1590611845987.run(TempTestSuite1590611845987.groovy:36)
Caused by: com.kms.katalon.core.exception.StepFailedException: Web element with id: 'Object Repository/Alda/Admin - Manage FAQ/Page_Manage Faq/alert_error_upload_image' located by 'By.xpath: //div[@id='toast-container']/div' not found
	at com.kms.katalon.core.webui.keyword.internal.WebUIKeywordMain.stepFailed(WebUIKeywordMain.groovy:64)
	at com.kms.katalon.core.webui.keyword.builtin.VerifyElementVisibleKeyword$_verifyElementVisible_closure1.doCall(VerifyElementVisibleKeyword.groovy:89)
	at com.kms.katalon.core.webui.keyword.builtin.VerifyElementVisibleKeyword$_verifyElementVisible_closure1.call(VerifyElementVisibleKeyword.groovy)
	at com.kms.katalon.core.webui.keyword.internal.WebUIKeywordMain.runKeyword(WebUIKeywordMain.groovy:20)
	... 19 more
"/>
         <system-out><![CDATA[2020-05-28 04:01:02 - [TEST_CASE][FAILED] - Test Cases/Alda/Admin - Manage FAQ/Edit: Test Cases/Alda/Admin - Manage FAQ/Edit FAILED.
Reason:
com.kms.katalon.core.exception.StepFailedException: Unable to verify object 'Object Repository/Alda/Admin - Manage FAQ/Page_Manage Faq/alert_error_upload_image' is visible
	at com.kms.katalon.core.webui.keyword.internal.WebUIKeywordMain.stepFailed(WebUIKeywordMain.groovy:64)
	at com.kms.katalon.core.webui.keyword.internal.WebUIKeywordMain.runKeyword(WebUIKeywordMain.groovy:26)
	at com.kms.katalon.core.webui.keyword.builtin.VerifyElementVisibleKeyword.verifyElementVisible(VerifyElementVisibleKeyword.groovy:97)
	at com.kms.katalon.core.webui.keyword.builtin.VerifyElementVisibleKeyword.execute(VerifyElementVisibleKeyword.groovy:67)
	at com.kms.katalon.core.keyword.internal.KeywordExecutor.executeKeywordForPlatform(KeywordExecutor.groovy:60)
	at com.kms.katalon.core.webui.keyword.WebUiBuiltInKeywords.verifyElementVisible(WebUiBuiltInKeywords.groovy:372)
	at com.kms.katalon.core.webui.keyword.WebUiBuiltInKeywords$verifyElementVisible$4.call(Unknown Source)
	at Edit.run(Edit:81)
	at com.kms.katalon.core.main.ScriptEngine.run(ScriptEngine.java:194)
	at com.kms.katalon.core.main.ScriptEngine.runScriptAsRawText(ScriptEngine.java:119)
	at com.kms.katalon.core.main.TestCaseExecutor.runScript(TestCaseExecutor.java:337)
	at com.kms.katalon.core.main.TestCaseExecutor.doExecute(TestCaseExecutor.java:328)
	at com.kms.katalon.core.main.TestCaseExecutor.processExecutionPhase(TestCaseExecutor.java:307)
	at com.kms.katalon.core.main.TestCaseExecutor.accessMainPhase(TestCaseExecutor.java:299)
	at com.kms.katalon.core.main.TestCaseExecutor.execute(TestCaseExecutor.java:233)
	at com.kms.katalon.core.main.TestSuiteExecutor.accessTestCaseMainPhase(TestSuiteExecutor.java:169)
	at com.kms.katalon.core.main.TestSuiteExecutor.accessTestSuiteMainPhase(TestSuiteExecutor.java:142)
	at com.kms.katalon.core.main.TestSuiteExecutor.execute(TestSuiteExecutor.java:91)
	at com.kms.katalon.core.main.TestCaseMain.startTestSuite(TestCaseMain.java:157)
	at com.kms.katalon.core.main.TestCaseMain$startTestSuite$0.call(Unknown Source)
	at TempTestSuite1590611845987.run(TempTestSuite1590611845987.groovy:36)
Caused by: com.kms.katalon.core.exception.StepFailedException: Web element with id: 'Object Repository/Alda/Admin - Manage FAQ/Page_Manage Faq/alert_error_upload_image' located by 'By.xpath: //div[@id='toast-container']/div' not found
	at com.kms.katalon.core.webui.keyword.internal.WebUIKeywordMain.stepFailed(WebUIKeywordMain.groovy:64)
	at com.kms.katalon.core.webui.keyword.builtin.VerifyElementVisibleKeyword$_verifyElementVisible_closure1.doCall(VerifyElementVisibleKeyword.groovy:89)
	at com.kms.katalon.core.webui.keyword.builtin.VerifyElementVisibleKeyword$_verifyElementVisible_closure1.call(VerifyElementVisibleKeyword.groovy)
	at com.kms.katalon.core.webui.keyword.internal.WebUIKeywordMain.runKeyword(WebUIKeywordMain.groovy:20)
	... 19 more


2020-05-28 04:01:02 - [TEST_STEP][PASSED] - callTestCase(findTestCase("Alda/Admin - Manage FAQ/Search"), ["var_search":var_search, "expected_output":""], STOP_ON_FAILURE): Call Test Case 'Test Cases/Alda/Admin - Manage FAQ/Search' successfully

2020-05-28 04:01:02 - [TEST_CASE][PASSED] - Test Cases/Alda/Admin - Manage FAQ/Search: Test Cases/Alda/Admin - Manage FAQ/Search

2020-05-28 04:01:02 - [TEST_STEP][PASSED] - callTestCase(findTestCase("Rizka/Admin/Custom/Admin - Login"), ["username":"11666", "password":"Password3", "rememberMe":"yes", "condition":"passed"], STOP_ON_FAILURE): Call Test Case 'Test Cases/Rizka/Admin/Custom/Admin - Login' successfully

2020-05-28 04:01:03 - [TEST_CASE][PASSED] - Test Cases/Rizka/Admin/Custom/Admin - Login: Test Cases/Rizka/Admin/Custom/Admin - Login

2020-05-28 04:01:03 - [TEST_STEP][PASSED] - openBrowser(""): Browser is opened with url: ''

2020-05-28 04:01:03 - [MESSAGE][INFO] - Starting 'Chrome' driver

2020-05-28 04:01:18 - [MESSAGE][PASSED] - Browser is opened with url: ''

2020-05-28 04:01:18 - [TEST_STEP][PASSED] - navigateToUrl("https://appsrv1.deltadatamandiri.com/ACC_LMS_WEB/#/admNLmn"): Navigate to 'https://appsrv1.deltadatamandiri.com/ACC_LMS_WEB/#/admNLmn' successfully

2020-05-28 04:01:47 - [MESSAGE][PASSED] - Navigate to 'https://appsrv1.deltadatamandiri.com/ACC_LMS_WEB/#/admNLmn' successfully

2020-05-28 04:01:47 - [TEST_STEP][PASSED] - maximizeWindow(): Current window maximized

2020-05-28 04:01:48 - [MESSAGE][PASSED] - Current window maximized

2020-05-28 04:01:48 - [TEST_STEP][PASSED] - delay(30): Delayed 30 second(s)

2020-05-28 04:02:18 - [MESSAGE][PASSED] - Delayed 30 second(s)

2020-05-28 04:02:18 - [TEST_STEP][PASSED] - click(findTestObject("Rizka/Admin/Admin - Login/btnLogin")): Object: 'Object Repository/Rizka/Admin/Admin - Login/btnLogin' is clicked on

2020-05-28 04:02:18 - [MESSAGE][PASSED] - Object: 'Object Repository/Rizka/Admin/Admin - Login/btnLogin' is clicked on

2020-05-28 04:02:18 - [TEST_STEP][PASSED] - setText(findTestObject("Rizka/Admin/Admin - Login/txtUsername"), username): Text '11666' is set on object 'Object Repository/Rizka/Admin/Admin - Login/txtUsername'

2020-05-28 04:02:19 - [MESSAGE][PASSED] - Text '11666' is set on object 'Object Repository/Rizka/Admin/Admin - Login/txtUsername'

2020-05-28 04:02:19 - [TEST_STEP][PASSED] - setText(findTestObject("Rizka/Admin/Admin - Login/txtPassword"), password): Text 'Password3' is set on object 'Object Repository/Rizka/Admin/Admin - Login/txtPassword'

2020-05-28 04:02:19 - [MESSAGE][PASSED] - Text 'Password3' is set on object 'Object Repository/Rizka/Admin/Admin - Login/txtPassword'

2020-05-28 04:02:19 - [TEST_STEP][PASSED] - click(findTestObject("Rizka/Admin/Admin - Login/btnEyePass")): Object: 'Object Repository/Rizka/Admin/Admin - Login/btnEyePass' is clicked on

2020-05-28 04:02:20 - [MESSAGE][PASSED] - Object: 'Object Repository/Rizka/Admin/Admin - Login/btnEyePass' is clicked on

2020-05-28 04:02:20 - [TEST_STEP][PASSED] - if (rememberMe == "yes"): Object: 'Object Repository/Rizka/Admin/Admin - Login/checkboxRememberMe' is clicked on

2020-05-28 04:02:20 - [TEST_STEP][PASSED] - click(findTestObject("Rizka/Admin/Admin - Login/checkboxRememberMe")): Object: 'Object Repository/Rizka/Admin/Admin - Login/checkboxRememberMe' is clicked on

2020-05-28 04:02:20 - [MESSAGE][PASSED] - Object: 'Object Repository/Rizka/Admin/Admin - Login/checkboxRememberMe' is clicked on

2020-05-28 04:02:20 - [TEST_STEP][PASSED] - click(findTestObject("Rizka/Admin/Admin - Login/btnLogin2")): Object: 'Object Repository/Rizka/Admin/Admin - Login/btnLogin2' is clicked on

2020-05-28 04:02:20 - [MESSAGE][PASSED] - Object: 'Object Repository/Rizka/Admin/Admin - Login/btnLogin2' is clicked on

2020-05-28 04:02:20 - [TEST_STEP][PASSED] - delay(10): Delayed 10 second(s)

2020-05-28 04:02:30 - [MESSAGE][PASSED] - Delayed 10 second(s)

2020-05-28 04:02:30 - [TEST_STEP][PASSED] - if (condition == "passed"): Object 'Object Repository/Rizka/Admin/Admin - Login/span_Dashboard' is visible

2020-05-28 04:02:30 - [TEST_STEP][PASSED] - verifyElementVisible(findTestObject("Rizka/Admin/Admin - Login/span_Dashboard")): Object 'Object Repository/Rizka/Admin/Admin - Login/span_Dashboard' is visible

2020-05-28 04:02:36 - [MESSAGE][PASSED] - Object 'Object Repository/Rizka/Admin/Admin - Login/span_Dashboard' is visible

2020-05-28 04:02:36 - [MESSAGE][PASSED] - Call Test Case 'Test Cases/Rizka/Admin/Custom/Admin - Login' successfully

2020-05-28 04:02:36 - [TEST_STEP][PASSED] - delay(5): Delayed 5 second(s)

2020-05-28 04:02:41 - [MESSAGE][PASSED] - Delayed 5 second(s)

2020-05-28 04:02:41 - [TEST_STEP][PASSED] - click(findTestObject("Alda/Admin - Manage FAQ/Page_Dashboard Admin/span_manage_faq")): Object: 'Object Repository/Alda/Admin - Manage FAQ/Page_Dashboard Admin/span_manage_faq' is clicked on

2020-05-28 04:02:41 - [MESSAGE][PASSED] - Object: 'Object Repository/Alda/Admin - Manage FAQ/Page_Dashboard Admin/span_manage_faq' is clicked on

2020-05-28 04:02:41 - [TEST_STEP][PASSED] - click(findTestObject("Alda/Admin - Manage FAQ/Page_Manage Faq/input_search")): Object: 'Object Repository/Alda/Admin - Manage FAQ/Page_Manage Faq/input_search' is clicked on

2020-05-28 04:02:44 - [MESSAGE][PASSED] - Object: 'Object Repository/Alda/Admin - Manage FAQ/Page_Manage Faq/input_search' is clicked on

2020-05-28 04:02:44 - [TEST_STEP][PASSED] - setText(findTestObject("Alda/Admin - Manage FAQ/Page_Manage Faq/input_search"), var_search): Text 'question 4 adalah?' is set on object 'Object Repository/Alda/Admin - Manage FAQ/Page_Manage Faq/input_search'

2020-05-28 04:02:52 - [MESSAGE][PASSED] - Text 'question 4 adalah?' is set on object 'Object Repository/Alda/Admin - Manage FAQ/Page_Manage Faq/input_search'

2020-05-28 04:02:52 - [TEST_STEP][PASSED] - sendKeys(findTestObject("Alda/Admin - Manage FAQ/Page_Manage Faq/input_search"), Keys.chord(ENTER)): Keys 'ENTER + ' sent to object: 'Object Repository/Alda/Admin - Manage FAQ/Page_Manage Faq/input_search'

2020-05-28 04:02:52 - [MESSAGE][PASSED] - Keys 'ENTER + ' sent to object: 'Object Repository/Alda/Admin - Manage FAQ/Page_Manage Faq/input_search'

2020-05-28 04:02:52 - [TEST_STEP][PASSED] - if (expected_output == "found"): null

2020-05-28 04:02:52 - [MESSAGE][PASSED] - Call Test Case 'Test Cases/Alda/Admin - Manage FAQ/Search' successfully

2020-05-28 04:02:52 - [TEST_STEP][PASSED] - delay(5): Delayed 5 second(s)

2020-05-28 04:02:57 - [MESSAGE][PASSED] - Delayed 5 second(s)

2020-05-28 04:02:57 - [TEST_STEP][PASSED] - click(findTestObject("Alda/Admin - Manage FAQ/Page_Manage Faq/btn_edit")): Object: 'Object Repository/Alda/Admin - Manage FAQ/Page_Manage Faq/btn_edit' is clicked on

2020-05-28 04:02:57 - [MESSAGE][PASSED] - Object: 'Object Repository/Alda/Admin - Manage FAQ/Page_Manage Faq/btn_edit' is clicked on

2020-05-28 04:02:57 - [TEST_STEP][PASSED] - verifyElementVisible(findTestObject("Object Repository/Alda/Admin - Manage FAQ/Page_Manage Faq/header_edit_page")): Object 'Object Repository/Alda/Admin - Manage FAQ/Page_Manage Faq/header_edit_page' is visible

2020-05-28 04:03:04 - [MESSAGE][PASSED] - Object 'Object Repository/Alda/Admin - Manage FAQ/Page_Manage Faq/header_edit_page' is visible

2020-05-28 04:03:04 - [TEST_STEP][FAILED] - switch (opsi_edit): Unable to verify object 'Object Repository/Alda/Admin - Manage FAQ/Page_Manage Faq/alert_error_upload_image' is visible (Root cause: com.kms.katalon.core.exception.StepFailedException: Unable to verify object 'Object Repository/Alda/Admin - Manage FAQ/Page_Manage Faq/alert_error_upload_image' is visible
	at com.kms.katalon.core.webui.keyword.internal.WebUIKeywordMain.stepFailed(WebUIKeywordMain.groovy:64)
	at com.kms.katalon.core.webui.keyword.internal.WebUIKeywordMain.runKeyword(WebUIKeywordMain.groovy:26)
	at com.kms.katalon.core.webui.keyword.builtin.VerifyElementVisibleKeyword.verifyElementVisible(VerifyElementVisibleKeyword.groovy:97)
	at com.kms.katalon.core.webui.keyword.builtin.VerifyElementVisibleKeyword.execute(VerifyElementVisibleKeyword.groovy:67)
	at com.kms.katalon.core.keyword.internal.KeywordExecutor.executeKeywordForPlatform(KeywordExecutor.groovy:60)
	at com.kms.katalon.core.webui.keyword.WebUiBuiltInKeywords.verifyElementVisible(WebUiBuiltInKeywords.groovy:372)
	at com.kms.katalon.core.webui.keyword.WebUiBuiltInKeywords$verifyElementVisible$4.call(Unknown Source)
	at Edit.run(Edit:81)
	at com.kms.katalon.core.main.ScriptEngine.run(ScriptEngine.java:194)
	at com.kms.katalon.core.main.ScriptEngine.runScriptAsRawText(ScriptEngine.java:119)
	at com.kms.katalon.core.main.TestCaseExecutor.runScript(TestCaseExecutor.java:337)
	at com.kms.katalon.core.main.TestCaseExecutor.doExecute(TestCaseExecutor.java:328)
	at com.kms.katalon.core.main.TestCaseExecutor.processExecutionPhase(TestCaseExecutor.java:307)
	at com.kms.katalon.core.main.TestCaseExecutor.accessMainPhase(TestCaseExecutor.java:299)
	at com.kms.katalon.core.main.TestCaseExecutor.execute(TestCaseExecutor.java:233)
	at com.kms.katalon.core.main.TestSuiteExecutor.accessTestCaseMainPhase(TestSuiteExecutor.java:169)
	at com.kms.katalon.core.main.TestSuiteExecutor.accessTestSuiteMainPhase(TestSuiteExecutor.java:142)
	at com.kms.katalon.core.main.TestSuiteExecutor.execute(TestSuiteExecutor.java:91)
	at com.kms.katalon.core.main.TestCaseMain.startTestSuite(TestCaseMain.java:157)
	at com.kms.katalon.core.main.TestCaseMain$startTestSuite$0.call(Unknown Source)
	at TempTestSuite1590611845987.run(TempTestSuite1590611845987.groovy:36)
Caused by: com.kms.katalon.core.exception.StepFailedException: Web element with id: 'Object Repository/Alda/Admin - Manage FAQ/Page_Manage Faq/alert_error_upload_image' located by 'By.xpath: //div[@id='toast-container']/div' not found
	at com.kms.katalon.core.webui.keyword.internal.WebUIKeywordMain.stepFailed(WebUIKeywordMain.groovy:64)
	at com.kms.katalon.core.webui.keyword.builtin.VerifyElementVisibleKeyword$_verifyElementVisible_closure1.doCall(VerifyElementVisibleKeyword.groovy:89)
	at com.kms.katalon.core.webui.keyword.builtin.VerifyElementVisibleKeyword$_verifyElementVisible_closure1.call(VerifyElementVisibleKeyword.groovy)
	at com.kms.katalon.core.webui.keyword.internal.WebUIKeywordMain.runKeyword(WebUIKeywordMain.groovy:20)
	... 19 more
)

2020-05-28 04:03:04 - [TEST_STEP][FAILED] - case "picture_only":: Unable to verify object 'Object Repository/Alda/Admin - Manage FAQ/Page_Manage Faq/alert_error_upload_image' is visible (Root cause: com.kms.katalon.core.exception.StepFailedException: Unable to verify object 'Object Repository/Alda/Admin - Manage FAQ/Page_Manage Faq/alert_error_upload_image' is visible
	at com.kms.katalon.core.webui.keyword.internal.WebUIKeywordMain.stepFailed(WebUIKeywordMain.groovy:64)
	at com.kms.katalon.core.webui.keyword.internal.WebUIKeywordMain.runKeyword(WebUIKeywordMain.groovy:26)
	at com.kms.katalon.core.webui.keyword.builtin.VerifyElementVisibleKeyword.verifyElementVisible(VerifyElementVisibleKeyword.groovy:97)
	at com.kms.katalon.core.webui.keyword.builtin.VerifyElementVisibleKeyword.execute(VerifyElementVisibleKeyword.groovy:67)
	at com.kms.katalon.core.keyword.internal.KeywordExecutor.executeKeywordForPlatform(KeywordExecutor.groovy:60)
	at com.kms.katalon.core.webui.keyword.WebUiBuiltInKeywords.verifyElementVisible(WebUiBuiltInKeywords.groovy:372)
	at com.kms.katalon.core.webui.keyword.WebUiBuiltInKeywords$verifyElementVisible$4.call(Unknown Source)
	at Edit.run(Edit:81)
	at com.kms.katalon.core.main.ScriptEngine.run(ScriptEngine.java:194)
	at com.kms.katalon.core.main.ScriptEngine.runScriptAsRawText(ScriptEngine.java:119)
	at com.kms.katalon.core.main.TestCaseExecutor.runScript(TestCaseExecutor.java:337)
	at com.kms.katalon.core.main.TestCaseExecutor.doExecute(TestCaseExecutor.java:328)
	at com.kms.katalon.core.main.TestCaseExecutor.processExecutionPhase(TestCaseExecutor.java:307)
	at com.kms.katalon.core.main.TestCaseExecutor.accessMainPhase(TestCaseExecutor.java:299)
	at com.kms.katalon.core.main.TestCaseExecutor.execute(TestCaseExecutor.java:233)
	at com.kms.katalon.core.main.TestSuiteExecutor.accessTestCaseMainPhase(TestSuiteExecutor.java:169)
	at com.kms.katalon.core.main.TestSuiteExecutor.accessTestSuiteMainPhase(TestSuiteExecutor.java:142)
	at com.kms.katalon.core.main.TestSuiteExecutor.execute(TestSuiteExecutor.java:91)
	at com.kms.katalon.core.main.TestCaseMain.startTestSuite(TestCaseMain.java:157)
	at com.kms.katalon.core.main.TestCaseMain$startTestSuite$0.call(Unknown Source)
	at TempTestSuite1590611845987.run(TempTestSuite1590611845987.groovy:36)
Caused by: com.kms.katalon.core.exception.StepFailedException: Web element with id: 'Object Repository/Alda/Admin - Manage FAQ/Page_Manage Faq/alert_error_upload_image' located by 'By.xpath: //div[@id='toast-container']/div' not found
	at com.kms.katalon.core.webui.keyword.internal.WebUIKeywordMain.stepFailed(WebUIKeywordMain.groovy:64)
	at com.kms.katalon.core.webui.keyword.builtin.VerifyElementVisibleKeyword$_verifyElementVisible_closure1.doCall(VerifyElementVisibleKeyword.groovy:89)
	at com.kms.katalon.core.webui.keyword.builtin.VerifyElementVisibleKeyword$_verifyElementVisible_closure1.call(VerifyElementVisibleKeyword.groovy)
	at com.kms.katalon.core.webui.keyword.internal.WebUIKeywordMain.runKeyword(WebUIKeywordMain.groovy:20)
	... 19 more
)

2020-05-28 04:03:04 - [TEST_STEP][PASSED] - uploadFile(findTestObject("Alda/Admin - Manage FAQ/Page_Manage Faq/edit_gambar"), var_gambar_new): File 'C:\Users\asus\git\LMS27Mei\gambar_alda.gif' sent to object: 'Object Repository/Alda/Admin - Manage FAQ/Page_Manage Faq/edit_gambar'

2020-05-28 04:03:04 - [MESSAGE][PASSED] - File 'C:\Users\asus\git\LMS27Mei\gambar_alda.gif' sent to object: 'Object Repository/Alda/Admin - Manage FAQ/Page_Manage Faq/edit_gambar'

2020-05-28 04:03:04 - [TEST_STEP][PASSED] - if (expected_image == "success"): null

2020-05-28 04:03:04 - [TEST_STEP][FAILED] - else if (expected_image == "error"): Unable to verify object 'Object Repository/Alda/Admin - Manage FAQ/Page_Manage Faq/alert_error_upload_image' is visible (Root cause: com.kms.katalon.core.exception.StepFailedException: Unable to verify object 'Object Repository/Alda/Admin - Manage FAQ/Page_Manage Faq/alert_error_upload_image' is visible
	at com.kms.katalon.core.webui.keyword.internal.WebUIKeywordMain.stepFailed(WebUIKeywordMain.groovy:64)
	at com.kms.katalon.core.webui.keyword.internal.WebUIKeywordMain.runKeyword(WebUIKeywordMain.groovy:26)
	at com.kms.katalon.core.webui.keyword.builtin.VerifyElementVisibleKeyword.verifyElementVisible(VerifyElementVisibleKeyword.groovy:97)
	at com.kms.katalon.core.webui.keyword.builtin.VerifyElementVisibleKeyword.execute(VerifyElementVisibleKeyword.groovy:67)
	at com.kms.katalon.core.keyword.internal.KeywordExecutor.executeKeywordForPlatform(KeywordExecutor.groovy:60)
	at com.kms.katalon.core.webui.keyword.WebUiBuiltInKeywords.verifyElementVisible(WebUiBuiltInKeywords.groovy:372)
	at com.kms.katalon.core.webui.keyword.WebUiBuiltInKeywords$verifyElementVisible$4.call(Unknown Source)
	at Edit.run(Edit:81)
	at com.kms.katalon.core.main.ScriptEngine.run(ScriptEngine.java:194)
	at com.kms.katalon.core.main.ScriptEngine.runScriptAsRawText(ScriptEngine.java:119)
	at com.kms.katalon.core.main.TestCaseExecutor.runScript(TestCaseExecutor.java:337)
	at com.kms.katalon.core.main.TestCaseExecutor.doExecute(TestCaseExecutor.java:328)
	at com.kms.katalon.core.main.TestCaseExecutor.processExecutionPhase(TestCaseExecutor.java:307)
	at com.kms.katalon.core.main.TestCaseExecutor.accessMainPhase(TestCaseExecutor.java:299)
	at com.kms.katalon.core.main.TestCaseExecutor.execute(TestCaseExecutor.java:233)
	at com.kms.katalon.core.main.TestSuiteExecutor.accessTestCaseMainPhase(TestSuiteExecutor.java:169)
	at com.kms.katalon.core.main.TestSuiteExecutor.accessTestSuiteMainPhase(TestSuiteExecutor.java:142)
	at com.kms.katalon.core.main.TestSuiteExecutor.execute(TestSuiteExecutor.java:91)
	at com.kms.katalon.core.main.TestCaseMain.startTestSuite(TestCaseMain.java:157)
	at com.kms.katalon.core.main.TestCaseMain$startTestSuite$0.call(Unknown Source)
	at TempTestSuite1590611845987.run(TempTestSuite1590611845987.groovy:36)
Caused by: com.kms.katalon.core.exception.StepFailedException: Web element with id: 'Object Repository/Alda/Admin - Manage FAQ/Page_Manage Faq/alert_error_upload_image' located by 'By.xpath: //div[@id='toast-container']/div' not found
	at com.kms.katalon.core.webui.keyword.internal.WebUIKeywordMain.stepFailed(WebUIKeywordMain.groovy:64)
	at com.kms.katalon.core.webui.keyword.builtin.VerifyElementVisibleKeyword$_verifyElementVisible_closure1.doCall(VerifyElementVisibleKeyword.groovy:89)
	at com.kms.katalon.core.webui.keyword.builtin.VerifyElementVisibleKeyword$_verifyElementVisible_closure1.call(VerifyElementVisibleKeyword.groovy)
	at com.kms.katalon.core.webui.keyword.internal.WebUIKeywordMain.runKeyword(WebUIKeywordMain.groovy:20)
	... 19 more
)

2020-05-28 04:03:04 - [TEST_STEP][FAILED] - verifyElementVisible(findTestObject("Object Repository/Alda/Admin - Manage FAQ/Page_Manage Faq/alert_error_upload_image")): Unable to verify object 'Object Repository/Alda/Admin - Manage FAQ/Page_Manage Faq/alert_error_upload_image' is visible (Root cause: com.kms.katalon.core.exception.StepFailedException: Unable to verify object 'Object Repository/Alda/Admin - Manage FAQ/Page_Manage Faq/alert_error_upload_image' is visible
	at com.kms.katalon.core.webui.keyword.internal.WebUIKeywordMain.stepFailed(WebUIKeywordMain.groovy:64)
	at com.kms.katalon.core.webui.keyword.internal.WebUIKeywordMain.runKeyword(WebUIKeywordMain.groovy:26)
	at com.kms.katalon.core.webui.keyword.builtin.VerifyElementVisibleKeyword.verifyElementVisible(VerifyElementVisibleKeyword.groovy:97)
	at com.kms.katalon.core.webui.keyword.builtin.VerifyElementVisibleKeyword.execute(VerifyElementVisibleKeyword.groovy:67)
	at com.kms.katalon.core.keyword.internal.KeywordExecutor.executeKeywordForPlatform(KeywordExecutor.groovy:60)
	at com.kms.katalon.core.webui.keyword.WebUiBuiltInKeywords.verifyElementVisible(WebUiBuiltInKeywords.groovy:372)
	at com.kms.katalon.core.webui.keyword.WebUiBuiltInKeywords$verifyElementVisible$4.call(Unknown Source)
	at Edit.run(Edit:81)
	at com.kms.katalon.core.main.ScriptEngine.run(ScriptEngine.java:194)
	at com.kms.katalon.core.main.ScriptEngine.runScriptAsRawText(ScriptEngine.java:119)
	at com.kms.katalon.core.main.TestCaseExecutor.runScript(TestCaseExecutor.java:337)
	at com.kms.katalon.core.main.TestCaseExecutor.doExecute(TestCaseExecutor.java:328)
	at com.kms.katalon.core.main.TestCaseExecutor.processExecutionPhase(TestCaseExecutor.java:307)
	at com.kms.katalon.core.main.TestCaseExecutor.accessMainPhase(TestCaseExecutor.java:299)
	at com.kms.katalon.core.main.TestCaseExecutor.execute(TestCaseExecutor.java:233)
	at com.kms.katalon.core.main.TestSuiteExecutor.accessTestCaseMainPhase(TestSuiteExecutor.java:169)
	at com.kms.katalon.core.main.TestSuiteExecutor.accessTestSuiteMainPhase(TestSuiteExecutor.java:142)
	at com.kms.katalon.core.main.TestSuiteExecutor.execute(TestSuiteExecutor.java:91)
	at com.kms.katalon.core.main.TestCaseMain.startTestSuite(TestCaseMain.java:157)
	at com.kms.katalon.core.main.TestCaseMain$startTestSuite$0.call(Unknown Source)
	at TempTestSuite1590611845987.run(TempTestSuite1590611845987.groovy:36)
Caused by: com.kms.katalon.core.exception.StepFailedException: Web element with id: 'Object Repository/Alda/Admin - Manage FAQ/Page_Manage Faq/alert_error_upload_image' located by 'By.xpath: //div[@id='toast-container']/div' not found
	at com.kms.katalon.core.webui.keyword.internal.WebUIKeywordMain.stepFailed(WebUIKeywordMain.groovy:64)
	at com.kms.katalon.core.webui.keyword.builtin.VerifyElementVisibleKeyword$_verifyElementVisible_closure1.doCall(VerifyElementVisibleKeyword.groovy:89)
	at com.kms.katalon.core.webui.keyword.builtin.VerifyElementVisibleKeyword$_verifyElementVisible_closure1.call(VerifyElementVisibleKeyword.groovy)
	at com.kms.katalon.core.webui.keyword.internal.WebUIKeywordMain.runKeyword(WebUIKeywordMain.groovy:20)
	... 19 more
)

2020-05-28 04:03:35 - [MESSAGE][INFO] - Unable to find the element located by 'By.xpath: //div[@id='toast-container']/div'. Please recheck the objects properties to make sure the desired element is located. 

2020-05-28 04:03:35 - [MESSAGE][FAILED] - Web element with id: 'Object Repository/Alda/Admin - Manage FAQ/Page_Manage Faq/alert_error_upload_image' located by 'By.xpath: //div[@id='toast-container']/div' not found (Root cause: com.kms.katalon.core.exception.StepFailedException: Web element with id: 'Object Repository/Alda/Admin - Manage FAQ/Page_Manage Faq/alert_error_upload_image' located by 'By.xpath: //div[@id='toast-container']/div' not found
	at com.kms.katalon.core.webui.keyword.internal.WebUIKeywordMain.stepFailed(WebUIKeywordMain.groovy:64)
	at com.kms.katalon.core.webui.keyword.builtin.VerifyElementVisibleKeyword$_verifyElementVisible_closure1.doCall(VerifyElementVisibleKeyword.groovy:89)
	at com.kms.katalon.core.webui.keyword.builtin.VerifyElementVisibleKeyword$_verifyElementVisible_closure1.call(VerifyElementVisibleKeyword.groovy)
	at com.kms.katalon.core.webui.keyword.internal.WebUIKeywordMain.runKeyword(WebUIKeywordMain.groovy:20)
	at com.kms.katalon.core.webui.keyword.builtin.VerifyElementVisibleKeyword.verifyElementVisible(VerifyElementVisibleKeyword.groovy:97)
	at com.kms.katalon.core.webui.keyword.builtin.VerifyElementVisibleKeyword.execute(VerifyElementVisibleKeyword.groovy:67)
	at com.kms.katalon.core.keyword.internal.KeywordExecutor.executeKeywordForPlatform(KeywordExecutor.groovy:60)
	at com.kms.katalon.core.webui.keyword.WebUiBuiltInKeywords.verifyElementVisible(WebUiBuiltInKeywords.groovy:372)
	at com.kms.katalon.core.webui.keyword.WebUiBuiltInKeywords$verifyElementVisible$4.call(Unknown Source)
	at Edit.run(Edit:81)
	at com.kms.katalon.core.main.ScriptEngine.run(ScriptEngine.java:194)
	at com.kms.katalon.core.main.ScriptEngine.runScriptAsRawText(ScriptEngine.java:119)
	at com.kms.katalon.core.main.TestCaseExecutor.runScript(TestCaseExecutor.java:337)
	at com.kms.katalon.core.main.TestCaseExecutor.doExecute(TestCaseExecutor.java:328)
	at com.kms.katalon.core.main.TestCaseExecutor.processExecutionPhase(TestCaseExecutor.java:307)
	at com.kms.katalon.core.main.TestCaseExecutor.accessMainPhase(TestCaseExecutor.java:299)
	at com.kms.katalon.core.main.TestCaseExecutor.execute(TestCaseExecutor.java:233)
	at com.kms.katalon.core.main.TestSuiteExecutor.accessTestCaseMainPhase(TestSuiteExecutor.java:169)
	at com.kms.katalon.core.main.TestSuiteExecutor.accessTestSuiteMainPhase(TestSuiteExecutor.java:142)
	at com.kms.katalon.core.main.TestSuiteExecutor.execute(TestSuiteExecutor.java:91)
	at com.kms.katalon.core.main.TestCaseMain.startTestSuite(TestCaseMain.java:157)
	at com.kms.katalon.core.main.TestCaseMain$startTestSuite$0.call(Unknown Source)
	at TempTestSuite1590611845987.run(TempTestSuite1590611845987.groovy:36)
)
[[ATTACHMENT|C:\\Users\\asus\\git\\LMS27Mei\\Reports\\20200528_033725\\Alda\\Admin_Manage FAQ - Edit\\20200528_033725\\1590613415082.png]]

2020-05-28 04:03:35 - [MESSAGE][FAILED] - Unable to verify object 'Object Repository/Alda/Admin - Manage FAQ/Page_Manage Faq/alert_error_upload_image' is visible (Root cause: com.kms.katalon.core.exception.StepFailedException: Unable to verify object 'Object Repository/Alda/Admin - Manage FAQ/Page_Manage Faq/alert_error_upload_image' is visible
	at com.kms.katalon.core.webui.keyword.internal.WebUIKeywordMain.stepFailed(WebUIKeywordMain.groovy:64)
	at com.kms.katalon.core.webui.keyword.internal.WebUIKeywordMain.runKeyword(WebUIKeywordMain.groovy:26)
	at com.kms.katalon.core.webui.keyword.builtin.VerifyElementVisibleKeyword.verifyElementVisible(VerifyElementVisibleKeyword.groovy:97)
	at com.kms.katalon.core.webui.keyword.builtin.VerifyElementVisibleKeyword.execute(VerifyElementVisibleKeyword.groovy:67)
	at com.kms.katalon.core.keyword.internal.KeywordExecutor.executeKeywordForPlatform(KeywordExecutor.groovy:60)
	at com.kms.katalon.core.webui.keyword.WebUiBuiltInKeywords.verifyElementVisible(WebUiBuiltInKeywords.groovy:372)
	at com.kms.katalon.core.webui.keyword.WebUiBuiltInKeywords$verifyElementVisible$4.call(Unknown Source)
	at Edit.run(Edit:81)
	at com.kms.katalon.core.main.ScriptEngine.run(ScriptEngine.java:194)
	at com.kms.katalon.core.main.ScriptEngine.runScriptAsRawText(ScriptEngine.java:119)
	at com.kms.katalon.core.main.TestCaseExecutor.runScript(TestCaseExecutor.java:337)
	at com.kms.katalon.core.main.TestCaseExecutor.doExecute(TestCaseExecutor.java:328)
	at com.kms.katalon.core.main.TestCaseExecutor.processExecutionPhase(TestCaseExecutor.java:307)
	at com.kms.katalon.core.main.TestCaseExecutor.accessMainPhase(TestCaseExecutor.java:299)
	at com.kms.katalon.core.main.TestCaseExecutor.execute(TestCaseExecutor.java:233)
	at com.kms.katalon.core.main.TestSuiteExecutor.accessTestCaseMainPhase(TestSuiteExecutor.java:169)
	at com.kms.katalon.core.main.TestSuiteExecutor.accessTestSuiteMainPhase(TestSuiteExecutor.java:142)
	at com.kms.katalon.core.main.TestSuiteExecutor.execute(TestSuiteExecutor.java:91)
	at com.kms.katalon.core.main.TestCaseMain.startTestSuite(TestCaseMain.java:157)
	at com.kms.katalon.core.main.TestCaseMain$startTestSuite$0.call(Unknown Source)
	at TempTestSuite1590611845987.run(TempTestSuite1590611845987.groovy:36)
Caused by: com.kms.katalon.core.exception.StepFailedException: Web element with id: 'Object Repository/Alda/Admin - Manage FAQ/Page_Manage Faq/alert_error_upload_image' located by 'By.xpath: //div[@id='toast-container']/div' not found
	at com.kms.katalon.core.webui.keyword.internal.WebUIKeywordMain.stepFailed(WebUIKeywordMain.groovy:64)
	at com.kms.katalon.core.webui.keyword.builtin.VerifyElementVisibleKeyword$_verifyElementVisible_closure1.doCall(VerifyElementVisibleKeyword.groovy:89)
	at com.kms.katalon.core.webui.keyword.builtin.VerifyElementVisibleKeyword$_verifyElementVisible_closure1.call(VerifyElementVisibleKeyword.groovy)
	at com.kms.katalon.core.webui.keyword.internal.WebUIKeywordMain.runKeyword(WebUIKeywordMain.groovy:20)
	... 19 more
)
[[ATTACHMENT|C:\\Users\\asus\\git\\LMS27Mei\\Reports\\20200528_033725\\Alda\\Admin_Manage FAQ - Edit\\20200528_033725\\1590613415399.png]]]]></system-out>
         <system-err><![CDATA[2020-05-28 04:01:02 - [TEST_CASE][FAILED] - Test Cases/Alda/Admin - Manage FAQ/Edit: Test Cases/Alda/Admin - Manage FAQ/Edit FAILED.
Reason:
com.kms.katalon.core.exception.StepFailedException: Unable to verify object 'Object Repository/Alda/Admin - Manage FAQ/Page_Manage Faq/alert_error_upload_image' is visible
	at com.kms.katalon.core.webui.keyword.internal.WebUIKeywordMain.stepFailed(WebUIKeywordMain.groovy:64)
	at com.kms.katalon.core.webui.keyword.internal.WebUIKeywordMain.runKeyword(WebUIKeywordMain.groovy:26)
	at com.kms.katalon.core.webui.keyword.builtin.VerifyElementVisibleKeyword.verifyElementVisible(VerifyElementVisibleKeyword.groovy:97)
	at com.kms.katalon.core.webui.keyword.builtin.VerifyElementVisibleKeyword.execute(VerifyElementVisibleKeyword.groovy:67)
	at com.kms.katalon.core.keyword.internal.KeywordExecutor.executeKeywordForPlatform(KeywordExecutor.groovy:60)
	at com.kms.katalon.core.webui.keyword.WebUiBuiltInKeywords.verifyElementVisible(WebUiBuiltInKeywords.groovy:372)
	at com.kms.katalon.core.webui.keyword.WebUiBuiltInKeywords$verifyElementVisible$4.call(Unknown Source)
	at Edit.run(Edit:81)
	at com.kms.katalon.core.main.ScriptEngine.run(ScriptEngine.java:194)
	at com.kms.katalon.core.main.ScriptEngine.runScriptAsRawText(ScriptEngine.java:119)
	at com.kms.katalon.core.main.TestCaseExecutor.runScript(TestCaseExecutor.java:337)
	at com.kms.katalon.core.main.TestCaseExecutor.doExecute(TestCaseExecutor.java:328)
	at com.kms.katalon.core.main.TestCaseExecutor.processExecutionPhase(TestCaseExecutor.java:307)
	at com.kms.katalon.core.main.TestCaseExecutor.accessMainPhase(TestCaseExecutor.java:299)
	at com.kms.katalon.core.main.TestCaseExecutor.execute(TestCaseExecutor.java:233)
	at com.kms.katalon.core.main.TestSuiteExecutor.accessTestCaseMainPhase(TestSuiteExecutor.java:169)
	at com.kms.katalon.core.main.TestSuiteExecutor.accessTestSuiteMainPhase(TestSuiteExecutor.java:142)
	at com.kms.katalon.core.main.TestSuiteExecutor.execute(TestSuiteExecutor.java:91)
	at com.kms.katalon.core.main.TestCaseMain.startTestSuite(TestCaseMain.java:157)
	at com.kms.katalon.core.main.TestCaseMain$startTestSuite$0.call(Unknown Source)
	at TempTestSuite1590611845987.run(TempTestSuite1590611845987.groovy:36)
Caused by: com.kms.katalon.core.exception.StepFailedException: Web element with id: 'Object Repository/Alda/Admin - Manage FAQ/Page_Manage Faq/alert_error_upload_image' located by 'By.xpath: //div[@id='toast-container']/div' not found
	at com.kms.katalon.core.webui.keyword.internal.WebUIKeywordMain.stepFailed(WebUIKeywordMain.groovy:64)
	at com.kms.katalon.core.webui.keyword.builtin.VerifyElementVisibleKeyword$_verifyElementVisible_closure1.doCall(VerifyElementVisibleKeyword.groovy:89)
	at com.kms.katalon.core.webui.keyword.builtin.VerifyElementVisibleKeyword$_verifyElementVisible_closure1.call(VerifyElementVisibleKeyword.groovy)
	at com.kms.katalon.core.webui.keyword.internal.WebUIKeywordMain.runKeyword(WebUIKeywordMain.groovy:20)
	... 19 more]]></system-err>
      </testcase>
      <system-out><![CDATA[2020-05-28 03:37:35 - [TEST_SUITE][FAILED] - Admin_Manage FAQ - Edit: Test Cases/Alda/Admin - Manage FAQ/Edit FAILED.
Reason:
com.kms.katalon.core.exception.StepFailedException: Unable to verify object 'Object Repository/Alda/Admin - Manage FAQ/Page_Manage Faq/alert_error_upload_image' is visible
	at com.kms.katalon.core.webui.keyword.internal.WebUIKeywordMain.stepFailed(WebUIKeywordMain.groovy:64)
	at com.kms.katalon.core.webui.keyword.internal.WebUIKeywordMain.runKeyword(WebUIKeywordMain.groovy:26)
	at com.kms.katalon.core.webui.keyword.builtin.VerifyElementVisibleKeyword.verifyElementVisible(VerifyElementVisibleKeyword.groovy:97)
	at com.kms.katalon.core.webui.keyword.builtin.VerifyElementVisibleKeyword.execute(VerifyElementVisibleKeyword.groovy:67)
	at com.kms.katalon.core.keyword.internal.KeywordExecutor.executeKeywordForPlatform(KeywordExecutor.groovy:60)
	at com.kms.katalon.core.webui.keyword.WebUiBuiltInKeywords.verifyElementVisible(WebUiBuiltInKeywords.groovy:372)
	at com.kms.katalon.core.webui.keyword.WebUiBuiltInKeywords$verifyElementVisible$4.call(Unknown Source)
	at Edit.run(Edit:49)
	at com.kms.katalon.core.main.ScriptEngine.run(ScriptEngine.java:194)
	at com.kms.katalon.core.main.ScriptEngine.runScriptAsRawText(ScriptEngine.java:119)
	at com.kms.katalon.core.main.TestCaseExecutor.runScript(TestCaseExecutor.java:337)
	at com.kms.katalon.core.main.TestCaseExecutor.doExecute(TestCaseExecutor.java:328)
	at com.kms.katalon.core.main.TestCaseExecutor.processExecutionPhase(TestCaseExecutor.java:307)
	at com.kms.katalon.core.main.TestCaseExecutor.accessMainPhase(TestCaseExecutor.java:299)
	at com.kms.katalon.core.main.TestCaseExecutor.execute(TestCaseExecutor.java:233)
	at com.kms.katalon.core.main.TestSuiteExecutor.accessTestCaseMainPhase(TestSuiteExecutor.java:169)
	at com.kms.katalon.core.main.TestSuiteExecutor.accessTestSuiteMainPhase(TestSuiteExecutor.java:142)
	at com.kms.katalon.core.main.TestSuiteExecutor.execute(TestSuiteExecutor.java:91)
	at com.kms.katalon.core.main.TestCaseMain.startTestSuite(TestCaseMain.java:157)
	at com.kms.katalon.core.main.TestCaseMain$startTestSuite$0.call(Unknown Source)
	at TempTestSuite1590611845987.run(TempTestSuite1590611845987.groovy:36)
Caused by: com.kms.katalon.core.exception.StepFailedException: Web element with id: 'Object Repository/Alda/Admin - Manage FAQ/Page_Manage Faq/alert_error_upload_image' located by 'By.xpath: //div[@id='toast-container']/div' not found
	at com.kms.katalon.core.webui.keyword.internal.WebUIKeywordMain.stepFailed(WebUIKeywordMain.groovy:64)
	at com.kms.katalon.core.webui.keyword.builtin.VerifyElementVisibleKeyword$_verifyElementVisible_closure1.doCall(VerifyElementVisibleKeyword.groovy:89)
	at com.kms.katalon.core.webui.keyword.builtin.VerifyElementVisibleKeyword$_verifyElementVisible_closure1.call(VerifyElementVisibleKeyword.groovy)
	at com.kms.katalon.core.webui.keyword.internal.WebUIKeywordMain.runKeyword(WebUIKeywordMain.groovy:20)
	... 19 more]]></system-out>
      <system-err><![CDATA[2020-05-28 03:37:35 - [TEST_SUITE][FAILED] - Admin_Manage FAQ - Edit: Test Cases/Alda/Admin - Manage FAQ/Edit FAILED.
Reason:
com.kms.katalon.core.exception.StepFailedException: Unable to verify object 'Object Repository/Alda/Admin - Manage FAQ/Page_Manage Faq/alert_error_upload_image' is visible
	at com.kms.katalon.core.webui.keyword.internal.WebUIKeywordMain.stepFailed(WebUIKeywordMain.groovy:64)
	at com.kms.katalon.core.webui.keyword.internal.WebUIKeywordMain.runKeyword(WebUIKeywordMain.groovy:26)
	at com.kms.katalon.core.webui.keyword.builtin.VerifyElementVisibleKeyword.verifyElementVisible(VerifyElementVisibleKeyword.groovy:97)
	at com.kms.katalon.core.webui.keyword.builtin.VerifyElementVisibleKeyword.execute(VerifyElementVisibleKeyword.groovy:67)
	at com.kms.katalon.core.keyword.internal.KeywordExecutor.executeKeywordForPlatform(KeywordExecutor.groovy:60)
	at com.kms.katalon.core.webui.keyword.WebUiBuiltInKeywords.verifyElementVisible(WebUiBuiltInKeywords.groovy:372)
	at com.kms.katalon.core.webui.keyword.WebUiBuiltInKeywords$verifyElementVisible$4.call(Unknown Source)
	at Edit.run(Edit:49)
	at com.kms.katalon.core.main.ScriptEngine.run(ScriptEngine.java:194)
	at com.kms.katalon.core.main.ScriptEngine.runScriptAsRawText(ScriptEngine.java:119)
	at com.kms.katalon.core.main.TestCaseExecutor.runScript(TestCaseExecutor.java:337)
	at com.kms.katalon.core.main.TestCaseExecutor.doExecute(TestCaseExecutor.java:328)
	at com.kms.katalon.core.main.TestCaseExecutor.processExecutionPhase(TestCaseExecutor.java:307)
	at com.kms.katalon.core.main.TestCaseExecutor.accessMainPhase(TestCaseExecutor.java:299)
	at com.kms.katalon.core.main.TestCaseExecutor.execute(TestCaseExecutor.java:233)
	at com.kms.katalon.core.main.TestSuiteExecutor.accessTestCaseMainPhase(TestSuiteExecutor.java:169)
	at com.kms.katalon.core.main.TestSuiteExecutor.accessTestSuiteMainPhase(TestSuiteExecutor.java:142)
	at com.kms.katalon.core.main.TestSuiteExecutor.execute(TestSuiteExecutor.java:91)
	at com.kms.katalon.core.main.TestCaseMain.startTestSuite(TestCaseMain.java:157)
	at com.kms.katalon.core.main.TestCaseMain$startTestSuite$0.call(Unknown Source)
	at TempTestSuite1590611845987.run(TempTestSuite1590611845987.groovy:36)
Caused by: com.kms.katalon.core.exception.StepFailedException: Web element with id: 'Object Repository/Alda/Admin - Manage FAQ/Page_Manage Faq/alert_error_upload_image' located by 'By.xpath: //div[@id='toast-container']/div' not found
	at com.kms.katalon.core.webui.keyword.internal.WebUIKeywordMain.stepFailed(WebUIKeywordMain.groovy:64)
	at com.kms.katalon.core.webui.keyword.builtin.VerifyElementVisibleKeyword$_verifyElementVisible_closure1.doCall(VerifyElementVisibleKeyword.groovy:89)
	at com.kms.katalon.core.webui.keyword.builtin.VerifyElementVisibleKeyword$_verifyElementVisible_closure1.call(VerifyElementVisibleKeyword.groovy)
	at com.kms.katalon.core.webui.keyword.internal.WebUIKeywordMain.runKeyword(WebUIKeywordMain.groovy:20)
	... 19 more]]></system-err>
   </testsuite>
</testsuites>
