<?xml version="1.0" encoding="UTF-8"?>
<testsuites name="Admin - Manage Test - Quiz" time="1023.036" tests="8" failures="0" errors="0">
   <testsuite name="Admin - Manage Test - Quiz" tests="8" failures="0" errors="0" time="1023.036" timestamp="2020-06-25 13:55:04" hostname="rizkajuliant20 - DESKTOP-NHES7H6" id="Test Suites/Rizka/Admin/Admin - Manage Test - Quiz">
      <properties>
         <property name="deviceName" value=""/>
         <property name="devicePlatform" value=""/>
         <property name="logFolder" value="D:\\MY WORLD\\WORKS (TUGAS)\\LearningManagementWeb\\Reports\\20200625_135448\\Rizka\\Admin\\Admin - Manage Test - Quiz\\20200625_135448"/>
         <property name="logFiles" value="D:\\MY WORLD\\WORKS (TUGAS)\\LearningManagementWeb\\Reports\\20200625_135448\\Rizka\\Admin\\Admin - Manage Test - Quiz\\20200625_135448\\execution0.log"/>
         <property name="attachments" value=""/>
         <property name="hostName" value="rizkajuliant20 - DESKTOP-NHES7H6"/>
         <property name="os" value="Windows 10 64bit"/>
         <property name="katalonVersion" value="7.2.1.1"/>
         <property name="browser" value="Chrome 83.0.4103.116"/>
         <property name="hostAddress" value="10.10.20.128"/>
         <property name="sessionId" value="fbaba788bfbba77ff2f3907404878a66"/>
         <property name="seleniumVersion" value="3.141.59"/>
         <property name="proxyInformation" value="ProxyInformation{proxyOption=NO_PROXY, proxyServerType=HTTP, password=, proxyServerAddress=, proxyServerPort=0, executionList=}"/>
         <property name="platform" value="Windows 10"/>
      </properties>
      <testcase name="Test Cases/Rizka/Admin/Manage Test/Admin - Manage Test - Quiz - New Question" time="134.066" classname="Test Cases/Rizka/Admin/Manage Test/Admin - Manage Test - Quiz - New Question" status="PASSED">
         <system-out><![CDATA[2020-06-25 13:55:06 - [TEST_CASE][PASSED] - Test Cases/Rizka/Admin/Manage Test/Admin - Manage Test - Quiz - New Question: Test Cases/Rizka/Admin/Manage Test/Admin - Manage Test - Quiz - New Question

2020-06-25 13:55:08 - [TEST_STEP][PASSED] - callTestCase(findTestCase("Rizka/Admin/AdminMainLogin"), [:], STOP_ON_FAILURE): Call Test Case 'Test Cases/Rizka/Admin/AdminMainLogin' successfully

2020-06-25 13:55:09 - [TEST_CASE][PASSED] - Test Cases/Rizka/Admin/AdminMainLogin: Test Cases/Rizka/Admin/AdminMainLogin

2020-06-25 13:55:10 - [TEST_STEP][PASSED] - openBrowser("https://appsrv1.deltadatamandiri.com/ACC_LMS_WEB/#/admNLmn"): Browser is opened with url: 'https://appsrv1.deltadatamandiri.com/ACC_LMS_WEB/#/admNLmn'

2020-06-25 13:55:10 - [MESSAGE][INFO] - Starting 'Chrome' driver

2020-06-25 13:55:11 - [MESSAGE][INFO] - Action delay is set to 0 seconds

2020-06-25 13:55:47 - [MESSAGE][PASSED] - Browser is opened with url: 'https://appsrv1.deltadatamandiri.com/ACC_LMS_WEB/#/admNLmn'

2020-06-25 13:55:47 - [TEST_STEP][PASSED] - maximizeWindow(): Current window maximized

2020-06-25 13:55:49 - [MESSAGE][PASSED] - Current window maximized

2020-06-25 13:55:49 - [TEST_STEP][PASSED] - delay(15): Delayed 15 second(s)

2020-06-25 13:56:04 - [MESSAGE][PASSED] - Delayed 15 second(s)

2020-06-25 13:56:04 - [TEST_STEP][PASSED] - click(findTestObject("Rizka/Admin/Admin - Login/btnLogin")): Object: 'Object Repository/Rizka/Admin/Admin - Login/btnLogin' is clicked on

2020-06-25 13:56:05 - [MESSAGE][PASSED] - Object: 'Object Repository/Rizka/Admin/Admin - Login/btnLogin' is clicked on

2020-06-25 13:56:05 - [TEST_STEP][PASSED] - setText(findTestObject("Rizka/Admin/Admin - Login/txtUsername"), "11666"): Text '11666' is set on object 'Object Repository/Rizka/Admin/Admin - Login/txtUsername'

2020-06-25 13:56:07 - [MESSAGE][PASSED] - Text '11666' is set on object 'Object Repository/Rizka/Admin/Admin - Login/txtUsername'

2020-06-25 13:56:07 - [TEST_STEP][PASSED] - setText(findTestObject("Rizka/Admin/Admin - Login/txtPassword"), "Password3"): Text 'Password3' is set on object 'Object Repository/Rizka/Admin/Admin - Login/txtPassword'

2020-06-25 13:56:09 - [MESSAGE][PASSED] - Text 'Password3' is set on object 'Object Repository/Rizka/Admin/Admin - Login/txtPassword'

2020-06-25 13:56:09 - [TEST_STEP][PASSED] - click(findTestObject("Rizka/Admin/Admin - Login/btnEyePass")): Object: 'Object Repository/Rizka/Admin/Admin - Login/btnEyePass' is clicked on

2020-06-25 13:56:10 - [MESSAGE][PASSED] - Object: 'Object Repository/Rizka/Admin/Admin - Login/btnEyePass' is clicked on

2020-06-25 13:56:10 - [TEST_STEP][PASSED] - click(findTestObject("Rizka/Admin/Admin - Login/checkboxRememberMe")): Object: 'Object Repository/Rizka/Admin/Admin - Login/checkboxRememberMe' is clicked on

2020-06-25 13:56:10 - [MESSAGE][PASSED] - Object: 'Object Repository/Rizka/Admin/Admin - Login/checkboxRememberMe' is clicked on

2020-06-25 13:56:10 - [TEST_STEP][PASSED] - click(findTestObject("Rizka/Admin/Admin - Login/btnLogin2")): Object: 'Object Repository/Rizka/Admin/Admin - Login/btnLogin2' is clicked on

2020-06-25 13:56:11 - [MESSAGE][PASSED] - Object: 'Object Repository/Rizka/Admin/Admin - Login/btnLogin2' is clicked on

2020-06-25 13:56:11 - [TEST_STEP][PASSED] - delay(15): Delayed 15 second(s)

2020-06-25 13:56:26 - [MESSAGE][PASSED] - Delayed 15 second(s)

2020-06-25 13:56:26 - [MESSAGE][PASSED] - Call Test Case 'Test Cases/Rizka/Admin/AdminMainLogin' successfully

2020-06-25 13:56:26 - [TEST_STEP][PASSED] - click(findTestObject("Rizka/Admin/Admin - Manage Test - Quiz - Delete/btnTestManagement_v2")): Object: 'Object Repository/Rizka/Admin/Admin - Manage Test - Quiz - Delete/btnTestManagement_v2' is clicked on

2020-06-25 13:56:27 - [MESSAGE][PASSED] - Object: 'Object Repository/Rizka/Admin/Admin - Manage Test - Quiz - Delete/btnTestManagement_v2' is clicked on

2020-06-25 13:56:27 - [TEST_STEP][PASSED] - delay(7): Delayed 7 second(s)

2020-06-25 13:56:34 - [MESSAGE][PASSED] - Delayed 7 second(s)

2020-06-25 13:56:34 - [TEST_STEP][PASSED] - click(findTestObject("Rizka/Admin/Admin - Manage Test - Quiz - Delete/btnQuiz_v2")): Object: 'Object Repository/Rizka/Admin/Admin - Manage Test - Quiz - Delete/btnQuiz_v2' is clicked on

2020-06-25 13:56:35 - [MESSAGE][PASSED] - Object: 'Object Repository/Rizka/Admin/Admin - Manage Test - Quiz - Delete/btnQuiz_v2' is clicked on

2020-06-25 13:56:35 - [TEST_STEP][PASSED] - delay(7): Delayed 7 second(s)

2020-06-25 13:56:42 - [MESSAGE][PASSED] - Delayed 7 second(s)

2020-06-25 13:56:42 - [TEST_STEP][PASSED] - click(findTestObject("Rizka/Admin/Admin - Manage Test - Quiz - New Question/btnNewQuestion")): Object: 'Object Repository/Rizka/Admin/Admin - Manage Test - Quiz - New Question/btnNewQuestion' is clicked on

2020-06-25 13:56:51 - [MESSAGE][PASSED] - Object: 'Object Repository/Rizka/Admin/Admin - Manage Test - Quiz - New Question/btnNewQuestion' is clicked on

2020-06-25 13:56:51 - [TEST_STEP][PASSED] - delay(5): Delayed 5 second(s)

2020-06-25 13:56:56 - [MESSAGE][PASSED] - Delayed 5 second(s)

2020-06-25 13:56:56 - [TEST_STEP][PASSED] - if (tipeSoal != ""): All options with label 'Benar / Salah' are selected in object 'Object Repository/Rizka/Admin/Admin - Manage Test - Quiz - Edit/inputTipeSoal_v3' 

2020-06-25 13:56:56 - [TEST_STEP][PASSED] - selectOptionByLabel(findTestObject("Rizka/Admin/Admin - Manage Test - Quiz - Edit/inputTipeSoal_v3"), tipeSoal, false): All options with label 'Benar / Salah' are selected in object 'Object Repository/Rizka/Admin/Admin - Manage Test - Quiz - Edit/inputTipeSoal_v3' 

2020-06-25 13:57:00 - [MESSAGE][PASSED] - All options with label 'Benar / Salah' are selected in object 'Object Repository/Rizka/Admin/Admin - Manage Test - Quiz - Edit/inputTipeSoal_v3' 

2020-06-25 13:57:00 - [TEST_STEP][PASSED] - if (jobFunction != ""): All options with label 'SALES' are selected in object 'Object Repository/Rizka/Admin/Admin - Manage Test - Quiz - Edit/inputJobFunction_v3' 

2020-06-25 13:57:00 - [TEST_STEP][PASSED] - selectOptionByLabel(findTestObject("Rizka/Admin/Admin - Manage Test - Quiz - Edit/inputJobFunction_v3"), jobFunction, false): All options with label 'SALES' are selected in object 'Object Repository/Rizka/Admin/Admin - Manage Test - Quiz - Edit/inputJobFunction_v3' 

2020-06-25 13:57:07 - [MESSAGE][PASSED] - All options with label 'SALES' are selected in object 'Object Repository/Rizka/Admin/Admin - Manage Test - Quiz - Edit/inputJobFunction_v3' 

2020-06-25 13:57:07 - [TEST_STEP][PASSED] - delay(3): Delayed 3 second(s)

2020-06-25 13:57:10 - [MESSAGE][PASSED] - Delayed 3 second(s)

2020-06-25 13:57:10 - [TEST_STEP][PASSED] - if (jobPosition != ""): All options with label 'SALES MANAGER' are selected in object 'Object Repository/Rizka/Admin/Admin - Manage Test - Quiz - Edit/inputJobPosition_v3' 

2020-06-25 13:57:10 - [TEST_STEP][PASSED] - selectOptionByLabel(findTestObject("Rizka/Admin/Admin - Manage Test - Quiz - Edit/inputJobPosition_v3"), jobPosition, false): All options with label 'SALES MANAGER' are selected in object 'Object Repository/Rizka/Admin/Admin - Manage Test - Quiz - Edit/inputJobPosition_v3' 

2020-06-25 13:57:11 - [MESSAGE][PASSED] - All options with label 'SALES MANAGER' are selected in object 'Object Repository/Rizka/Admin/Admin - Manage Test - Quiz - Edit/inputJobPosition_v3' 

2020-06-25 13:57:11 - [TEST_STEP][PASSED] - if (module != ""): null

2020-06-25 13:57:11 - [TEST_STEP][PASSED] - if (subModule != ""): null

2020-06-25 13:57:11 - [TEST_STEP][PASSED] - if (technicalCompetence != ""): Text 'Coba ya' is set on object 'Object Repository/Rizka/Admin/Admin - Manage Test - Quiz - New Question/inputTechnicalCompetence_v2'

2020-06-25 13:57:11 - [TEST_STEP][PASSED] - setText(findTestObject("Rizka/Admin/Admin - Manage Test - Quiz - New Question/inputTechnicalCompetence_v2"), technicalCompetence, STOP_ON_FAILURE): Text 'Coba ya' is set on object 'Object Repository/Rizka/Admin/Admin - Manage Test - Quiz - New Question/inputTechnicalCompetence_v2'

2020-06-25 13:57:11 - [MESSAGE][PASSED] - Text 'Coba ya' is set on object 'Object Repository/Rizka/Admin/Admin - Manage Test - Quiz - New Question/inputTechnicalCompetence_v2'

2020-06-25 13:57:11 - [TEST_STEP][PASSED] - if (levelCompetence != ""): null

2020-06-25 13:57:11 - [TEST_STEP][PASSED] - setText(findTestObject("Rizka/Admin/Admin - Manage Test - Quiz - New Question/inputLevelCompetence_v2"), levelCompetence, STOP_ON_FAILURE): Text '12' is set on object 'Object Repository/Rizka/Admin/Admin - Manage Test - Quiz - New Question/inputLevelCompetence_v2'

2020-06-25 13:57:12 - [MESSAGE][PASSED] - Text '12' is set on object 'Object Repository/Rizka/Admin/Admin - Manage Test - Quiz - New Question/inputLevelCompetence_v2'

2020-06-25 13:57:12 - [TEST_STEP][PASSED] - if (levelCompetence == "Alfabet"): null

2020-06-25 13:57:12 - [TEST_STEP][PASSED] - if (levelCompetence != "Alfabet"): Object 'Object Repository/Rizka/Admin/Admin - Manage Test - Quiz - New Question/btnSubmit' is visible

2020-06-25 13:57:12 - [TEST_STEP][PASSED] - if (soalQuestion != ""): Text 'New Question (7)' is set on object 'Object Repository/Rizka/Admin/Admin - Manage Test - Quiz - New Question/inputSoal_v2'

2020-06-25 13:57:12 - [TEST_STEP][PASSED] - setText(findTestObject("Rizka/Admin/Admin - Manage Test - Quiz - New Question/inputSoal_v2"), soalQuestion): Text 'New Question (7)' is set on object 'Object Repository/Rizka/Admin/Admin - Manage Test - Quiz - New Question/inputSoal_v2'

2020-06-25 13:57:13 - [MESSAGE][PASSED] - Text 'New Question (7)' is set on object 'Object Repository/Rizka/Admin/Admin - Manage Test - Quiz - New Question/inputSoal_v2'

2020-06-25 13:57:13 - [TEST_STEP][PASSED] - if (tipeSoal == "Pilihan Ganda"): null

2020-06-25 13:57:13 - [TEST_STEP][PASSED] - else if (tipeSoal == "Benar / Salah"): All options with label 'Benar' are selected in object 'Object Repository/Rizka/Admin/Admin - Manage Test - Quiz - Edit/inputJawabanBenarSalah_v3' 

2020-06-25 13:57:13 - [TEST_STEP][PASSED] - selectOptionByLabel(findTestObject("Rizka/Admin/Admin - Manage Test - Quiz - Edit/inputJawabanBenarSalah_v3"), kunciJawaban, false): All options with label 'Benar' are selected in object 'Object Repository/Rizka/Admin/Admin - Manage Test - Quiz - Edit/inputJawabanBenarSalah_v3' 

2020-06-25 13:57:14 - [MESSAGE][PASSED] - All options with label 'Benar' are selected in object 'Object Repository/Rizka/Admin/Admin - Manage Test - Quiz - Edit/inputJawabanBenarSalah_v3' 

2020-06-25 13:57:14 - [TEST_STEP][PASSED] - if (condition == "passed"): null

2020-06-25 13:57:14 - [TEST_STEP][PASSED] - else: Object 'Object Repository/Rizka/Admin/Admin - Manage Test - Quiz - New Question/btnSubmit' is visible

2020-06-25 13:57:14 - [TEST_STEP][PASSED] - click(findTestObject("Rizka/Admin/Admin - Manage Test - Quiz - New Question/btnSubmit")): Object: 'Object Repository/Rizka/Admin/Admin - Manage Test - Quiz - New Question/btnSubmit' is clicked on

2020-06-25 13:57:14 - [MESSAGE][PASSED] - Object: 'Object Repository/Rizka/Admin/Admin - Manage Test - Quiz - New Question/btnSubmit' is clicked on

2020-06-25 13:57:14 - [TEST_STEP][PASSED] - delay(5): Delayed 5 second(s)

2020-06-25 13:57:19 - [MESSAGE][PASSED] - Delayed 5 second(s)

2020-06-25 13:57:19 - [TEST_STEP][PASSED] - verifyElementVisible(findTestObject("Rizka/Admin/Admin - Manage Test - Quiz - New Question/btnSubmit")): Object 'Object Repository/Rizka/Admin/Admin - Manage Test - Quiz - New Question/btnSubmit' is visible

2020-06-25 13:57:20 - [MESSAGE][PASSED] - Object 'Object Repository/Rizka/Admin/Admin - Manage Test - Quiz - New Question/btnSubmit' is visible]]></system-out>
         <system-err><![CDATA[]]></system-err>
      </testcase>
      <testcase name="Test Cases/Rizka/Admin/Manage Test/Admin - Manage Test - Quiz - New Question" time="101.267" classname="Test Cases/Rizka/Admin/Manage Test/Admin - Manage Test - Quiz - New Question" status="PASSED">
         <system-out><![CDATA[2020-06-25 13:57:20 - [TEST_CASE][PASSED] - Test Cases/Rizka/Admin/Manage Test/Admin - Manage Test - Quiz - New Question: Test Cases/Rizka/Admin/Manage Test/Admin - Manage Test - Quiz - New Question

2020-06-25 13:57:20 - [TEST_STEP][PASSED] - callTestCase(findTestCase("Rizka/Admin/AdminMainLogin"), [:], STOP_ON_FAILURE): Call Test Case 'Test Cases/Rizka/Admin/AdminMainLogin' successfully

2020-06-25 13:57:20 - [TEST_CASE][PASSED] - Test Cases/Rizka/Admin/AdminMainLogin: Test Cases/Rizka/Admin/AdminMainLogin

2020-06-25 13:57:20 - [TEST_STEP][PASSED] - openBrowser("https://appsrv1.deltadatamandiri.com/ACC_LMS_WEB/#/admNLmn"): Browser is opened with url: 'https://appsrv1.deltadatamandiri.com/ACC_LMS_WEB/#/admNLmn'

2020-06-25 13:57:20 - [MESSAGE][WARNING] - A browser is already opened. Closing browser and opening a new one

2020-06-25 13:57:21 - [MESSAGE][INFO] - Starting 'Chrome' driver

2020-06-25 13:57:39 - [MESSAGE][PASSED] - Browser is opened with url: 'https://appsrv1.deltadatamandiri.com/ACC_LMS_WEB/#/admNLmn'

2020-06-25 13:57:39 - [TEST_STEP][PASSED] - maximizeWindow(): Current window maximized

2020-06-25 13:57:40 - [MESSAGE][PASSED] - Current window maximized

2020-06-25 13:57:40 - [TEST_STEP][PASSED] - delay(15): Delayed 15 second(s)

2020-06-25 13:57:55 - [MESSAGE][PASSED] - Delayed 15 second(s)

2020-06-25 13:57:55 - [TEST_STEP][PASSED] - click(findTestObject("Rizka/Admin/Admin - Login/btnLogin")): Object: 'Object Repository/Rizka/Admin/Admin - Login/btnLogin' is clicked on

2020-06-25 13:57:56 - [MESSAGE][PASSED] - Object: 'Object Repository/Rizka/Admin/Admin - Login/btnLogin' is clicked on

2020-06-25 13:57:56 - [TEST_STEP][PASSED] - setText(findTestObject("Rizka/Admin/Admin - Login/txtUsername"), "11666"): Text '11666' is set on object 'Object Repository/Rizka/Admin/Admin - Login/txtUsername'

2020-06-25 13:57:56 - [MESSAGE][PASSED] - Text '11666' is set on object 'Object Repository/Rizka/Admin/Admin - Login/txtUsername'

2020-06-25 13:57:56 - [TEST_STEP][PASSED] - setText(findTestObject("Rizka/Admin/Admin - Login/txtPassword"), "Password3"): Text 'Password3' is set on object 'Object Repository/Rizka/Admin/Admin - Login/txtPassword'

2020-06-25 13:57:57 - [MESSAGE][PASSED] - Text 'Password3' is set on object 'Object Repository/Rizka/Admin/Admin - Login/txtPassword'

2020-06-25 13:57:57 - [TEST_STEP][PASSED] - click(findTestObject("Rizka/Admin/Admin - Login/btnEyePass")): Object: 'Object Repository/Rizka/Admin/Admin - Login/btnEyePass' is clicked on

2020-06-25 13:57:58 - [MESSAGE][PASSED] - Object: 'Object Repository/Rizka/Admin/Admin - Login/btnEyePass' is clicked on

2020-06-25 13:57:58 - [TEST_STEP][PASSED] - click(findTestObject("Rizka/Admin/Admin - Login/checkboxRememberMe")): Object: 'Object Repository/Rizka/Admin/Admin - Login/checkboxRememberMe' is clicked on

2020-06-25 13:57:58 - [MESSAGE][PASSED] - Object: 'Object Repository/Rizka/Admin/Admin - Login/checkboxRememberMe' is clicked on

2020-06-25 13:57:58 - [TEST_STEP][PASSED] - click(findTestObject("Rizka/Admin/Admin - Login/btnLogin2")): Object: 'Object Repository/Rizka/Admin/Admin - Login/btnLogin2' is clicked on

2020-06-25 13:58:00 - [MESSAGE][PASSED] - Object: 'Object Repository/Rizka/Admin/Admin - Login/btnLogin2' is clicked on

2020-06-25 13:58:00 - [TEST_STEP][PASSED] - delay(15): Delayed 15 second(s)

2020-06-25 13:58:15 - [MESSAGE][PASSED] - Delayed 15 second(s)

2020-06-25 13:58:15 - [MESSAGE][PASSED] - Call Test Case 'Test Cases/Rizka/Admin/AdminMainLogin' successfully

2020-06-25 13:58:15 - [TEST_STEP][PASSED] - click(findTestObject("Rizka/Admin/Admin - Manage Test - Quiz - Delete/btnTestManagement_v2")): Object: 'Object Repository/Rizka/Admin/Admin - Manage Test - Quiz - Delete/btnTestManagement_v2' is clicked on

2020-06-25 13:58:16 - [MESSAGE][PASSED] - Object: 'Object Repository/Rizka/Admin/Admin - Manage Test - Quiz - Delete/btnTestManagement_v2' is clicked on

2020-06-25 13:58:16 - [TEST_STEP][PASSED] - delay(7): Delayed 7 second(s)

2020-06-25 13:58:23 - [MESSAGE][PASSED] - Delayed 7 second(s)

2020-06-25 13:58:23 - [TEST_STEP][PASSED] - click(findTestObject("Rizka/Admin/Admin - Manage Test - Quiz - Delete/btnQuiz_v2")): Object: 'Object Repository/Rizka/Admin/Admin - Manage Test - Quiz - Delete/btnQuiz_v2' is clicked on

2020-06-25 13:58:23 - [MESSAGE][PASSED] - Object: 'Object Repository/Rizka/Admin/Admin - Manage Test - Quiz - Delete/btnQuiz_v2' is clicked on

2020-06-25 13:58:23 - [TEST_STEP][PASSED] - delay(7): Delayed 7 second(s)

2020-06-25 13:58:30 - [MESSAGE][PASSED] - Delayed 7 second(s)

2020-06-25 13:58:30 - [TEST_STEP][PASSED] - click(findTestObject("Rizka/Admin/Admin - Manage Test - Quiz - New Question/btnNewQuestion")): Object: 'Object Repository/Rizka/Admin/Admin - Manage Test - Quiz - New Question/btnNewQuestion' is clicked on

2020-06-25 13:58:37 - [MESSAGE][PASSED] - Object: 'Object Repository/Rizka/Admin/Admin - Manage Test - Quiz - New Question/btnNewQuestion' is clicked on

2020-06-25 13:58:37 - [TEST_STEP][PASSED] - delay(5): Delayed 5 second(s)

2020-06-25 13:58:42 - [MESSAGE][PASSED] - Delayed 5 second(s)

2020-06-25 13:58:42 - [TEST_STEP][PASSED] - if (tipeSoal != ""): All options with label 'Benar / Salah' are selected in object 'Object Repository/Rizka/Admin/Admin - Manage Test - Quiz - Edit/inputTipeSoal_v3' 

2020-06-25 13:58:42 - [TEST_STEP][PASSED] - selectOptionByLabel(findTestObject("Rizka/Admin/Admin - Manage Test - Quiz - Edit/inputTipeSoal_v3"), tipeSoal, false): All options with label 'Benar / Salah' are selected in object 'Object Repository/Rizka/Admin/Admin - Manage Test - Quiz - Edit/inputTipeSoal_v3' 

2020-06-25 13:58:45 - [MESSAGE][PASSED] - All options with label 'Benar / Salah' are selected in object 'Object Repository/Rizka/Admin/Admin - Manage Test - Quiz - Edit/inputTipeSoal_v3' 

2020-06-25 13:58:45 - [TEST_STEP][PASSED] - if (jobFunction != ""): null

2020-06-25 13:58:45 - [TEST_STEP][PASSED] - delay(3): Delayed 3 second(s)

2020-06-25 13:58:48 - [MESSAGE][PASSED] - Delayed 3 second(s)

2020-06-25 13:58:48 - [TEST_STEP][PASSED] - if (jobPosition != ""): null

2020-06-25 13:58:48 - [TEST_STEP][PASSED] - if (module != ""): null

2020-06-25 13:58:48 - [TEST_STEP][PASSED] - if (subModule != ""): null

2020-06-25 13:58:48 - [TEST_STEP][PASSED] - if (technicalCompetence != ""): Text 'Coba ya' is set on object 'Object Repository/Rizka/Admin/Admin - Manage Test - Quiz - New Question/inputTechnicalCompetence_v2'

2020-06-25 13:58:48 - [TEST_STEP][PASSED] - setText(findTestObject("Rizka/Admin/Admin - Manage Test - Quiz - New Question/inputTechnicalCompetence_v2"), technicalCompetence, STOP_ON_FAILURE): Text 'Coba ya' is set on object 'Object Repository/Rizka/Admin/Admin - Manage Test - Quiz - New Question/inputTechnicalCompetence_v2'

2020-06-25 13:58:52 - [MESSAGE][PASSED] - Text 'Coba ya' is set on object 'Object Repository/Rizka/Admin/Admin - Manage Test - Quiz - New Question/inputTechnicalCompetence_v2'

2020-06-25 13:58:52 - [TEST_STEP][PASSED] - if (levelCompetence != ""): null

2020-06-25 13:58:52 - [TEST_STEP][PASSED] - setText(findTestObject("Rizka/Admin/Admin - Manage Test - Quiz - New Question/inputLevelCompetence_v2"), levelCompetence, STOP_ON_FAILURE): Text '12' is set on object 'Object Repository/Rizka/Admin/Admin - Manage Test - Quiz - New Question/inputLevelCompetence_v2'

2020-06-25 13:58:53 - [MESSAGE][PASSED] - Text '12' is set on object 'Object Repository/Rizka/Admin/Admin - Manage Test - Quiz - New Question/inputLevelCompetence_v2'

2020-06-25 13:58:53 - [TEST_STEP][PASSED] - if (levelCompetence == "Alfabet"): null

2020-06-25 13:58:53 - [TEST_STEP][PASSED] - if (levelCompetence != "Alfabet"): Object 'Object Repository/Rizka/Admin/Admin - Manage Test - Quiz - New Question/btnSubmit' is visible

2020-06-25 13:58:53 - [TEST_STEP][PASSED] - if (soalQuestion != ""): Text 'New Question (8)' is set on object 'Object Repository/Rizka/Admin/Admin - Manage Test - Quiz - New Question/inputSoal_v2'

2020-06-25 13:58:53 - [TEST_STEP][PASSED] - setText(findTestObject("Rizka/Admin/Admin - Manage Test - Quiz - New Question/inputSoal_v2"), soalQuestion): Text 'New Question (8)' is set on object 'Object Repository/Rizka/Admin/Admin - Manage Test - Quiz - New Question/inputSoal_v2'

2020-06-25 13:58:54 - [MESSAGE][PASSED] - Text 'New Question (8)' is set on object 'Object Repository/Rizka/Admin/Admin - Manage Test - Quiz - New Question/inputSoal_v2'

2020-06-25 13:58:54 - [TEST_STEP][PASSED] - if (tipeSoal == "Pilihan Ganda"): null

2020-06-25 13:58:54 - [TEST_STEP][PASSED] - else if (tipeSoal == "Benar / Salah"): All options with label 'Salah' are selected in object 'Object Repository/Rizka/Admin/Admin - Manage Test - Quiz - Edit/inputJawabanBenarSalah_v3' 

2020-06-25 13:58:54 - [TEST_STEP][PASSED] - selectOptionByLabel(findTestObject("Rizka/Admin/Admin - Manage Test - Quiz - Edit/inputJawabanBenarSalah_v3"), kunciJawaban, false): All options with label 'Salah' are selected in object 'Object Repository/Rizka/Admin/Admin - Manage Test - Quiz - Edit/inputJawabanBenarSalah_v3' 

2020-06-25 13:58:55 - [MESSAGE][PASSED] - All options with label 'Salah' are selected in object 'Object Repository/Rizka/Admin/Admin - Manage Test - Quiz - Edit/inputJawabanBenarSalah_v3' 

2020-06-25 13:58:55 - [TEST_STEP][PASSED] - if (condition == "passed"): null

2020-06-25 13:58:55 - [TEST_STEP][PASSED] - else: Object 'Object Repository/Rizka/Admin/Admin - Manage Test - Quiz - New Question/btnSubmit' is visible

2020-06-25 13:58:55 - [TEST_STEP][PASSED] - click(findTestObject("Rizka/Admin/Admin - Manage Test - Quiz - New Question/btnSubmit")): Object: 'Object Repository/Rizka/Admin/Admin - Manage Test - Quiz - New Question/btnSubmit' is clicked on

2020-06-25 13:58:56 - [MESSAGE][PASSED] - Object: 'Object Repository/Rizka/Admin/Admin - Manage Test - Quiz - New Question/btnSubmit' is clicked on

2020-06-25 13:58:56 - [TEST_STEP][PASSED] - delay(5): Delayed 5 second(s)

2020-06-25 13:59:01 - [MESSAGE][PASSED] - Delayed 5 second(s)

2020-06-25 13:59:01 - [TEST_STEP][PASSED] - verifyElementVisible(findTestObject("Rizka/Admin/Admin - Manage Test - Quiz - New Question/btnSubmit")): Object 'Object Repository/Rizka/Admin/Admin - Manage Test - Quiz - New Question/btnSubmit' is visible

2020-06-25 13:59:01 - [MESSAGE][PASSED] - Object 'Object Repository/Rizka/Admin/Admin - Manage Test - Quiz - New Question/btnSubmit' is visible]]></system-out>
         <system-err><![CDATA[]]></system-err>
      </testcase>
      <testcase name="Test Cases/Rizka/Admin/Manage Test/Admin - Manage Test - Quiz - New Question" time="134.468" classname="Test Cases/Rizka/Admin/Manage Test/Admin - Manage Test - Quiz - New Question" status="PASSED">
         <system-out><![CDATA[2020-06-25 13:59:02 - [TEST_CASE][PASSED] - Test Cases/Rizka/Admin/Manage Test/Admin - Manage Test - Quiz - New Question: Test Cases/Rizka/Admin/Manage Test/Admin - Manage Test - Quiz - New Question

2020-06-25 13:59:02 - [TEST_STEP][PASSED] - callTestCase(findTestCase("Rizka/Admin/AdminMainLogin"), [:], STOP_ON_FAILURE): Call Test Case 'Test Cases/Rizka/Admin/AdminMainLogin' successfully

2020-06-25 13:59:02 - [TEST_CASE][PASSED] - Test Cases/Rizka/Admin/AdminMainLogin: Test Cases/Rizka/Admin/AdminMainLogin

2020-06-25 13:59:02 - [TEST_STEP][PASSED] - openBrowser("https://appsrv1.deltadatamandiri.com/ACC_LMS_WEB/#/admNLmn"): Browser is opened with url: 'https://appsrv1.deltadatamandiri.com/ACC_LMS_WEB/#/admNLmn'

2020-06-25 13:59:02 - [MESSAGE][WARNING] - A browser is already opened. Closing browser and opening a new one

2020-06-25 13:59:04 - [MESSAGE][INFO] - Starting 'Chrome' driver

2020-06-25 13:59:28 - [MESSAGE][PASSED] - Browser is opened with url: 'https://appsrv1.deltadatamandiri.com/ACC_LMS_WEB/#/admNLmn'

2020-06-25 13:59:28 - [TEST_STEP][PASSED] - maximizeWindow(): Current window maximized

2020-06-25 13:59:29 - [MESSAGE][PASSED] - Current window maximized

2020-06-25 13:59:29 - [TEST_STEP][PASSED] - delay(15): Delayed 15 second(s)

2020-06-25 13:59:44 - [MESSAGE][PASSED] - Delayed 15 second(s)

2020-06-25 13:59:44 - [TEST_STEP][PASSED] - click(findTestObject("Rizka/Admin/Admin - Login/btnLogin")): Object: 'Object Repository/Rizka/Admin/Admin - Login/btnLogin' is clicked on

2020-06-25 13:59:45 - [MESSAGE][PASSED] - Object: 'Object Repository/Rizka/Admin/Admin - Login/btnLogin' is clicked on

2020-06-25 13:59:45 - [TEST_STEP][PASSED] - setText(findTestObject("Rizka/Admin/Admin - Login/txtUsername"), "11666"): Text '11666' is set on object 'Object Repository/Rizka/Admin/Admin - Login/txtUsername'

2020-06-25 13:59:47 - [MESSAGE][PASSED] - Text '11666' is set on object 'Object Repository/Rizka/Admin/Admin - Login/txtUsername'

2020-06-25 13:59:47 - [TEST_STEP][PASSED] - setText(findTestObject("Rizka/Admin/Admin - Login/txtPassword"), "Password3"): Text 'Password3' is set on object 'Object Repository/Rizka/Admin/Admin - Login/txtPassword'

2020-06-25 13:59:47 - [MESSAGE][PASSED] - Text 'Password3' is set on object 'Object Repository/Rizka/Admin/Admin - Login/txtPassword'

2020-06-25 13:59:47 - [TEST_STEP][PASSED] - click(findTestObject("Rizka/Admin/Admin - Login/btnEyePass")): Object: 'Object Repository/Rizka/Admin/Admin - Login/btnEyePass' is clicked on

2020-06-25 13:59:48 - [MESSAGE][PASSED] - Object: 'Object Repository/Rizka/Admin/Admin - Login/btnEyePass' is clicked on

2020-06-25 13:59:48 - [TEST_STEP][PASSED] - click(findTestObject("Rizka/Admin/Admin - Login/checkboxRememberMe")): Object: 'Object Repository/Rizka/Admin/Admin - Login/checkboxRememberMe' is clicked on

2020-06-25 13:59:49 - [MESSAGE][PASSED] - Object: 'Object Repository/Rizka/Admin/Admin - Login/checkboxRememberMe' is clicked on

2020-06-25 13:59:49 - [TEST_STEP][PASSED] - click(findTestObject("Rizka/Admin/Admin - Login/btnLogin2")): Object: 'Object Repository/Rizka/Admin/Admin - Login/btnLogin2' is clicked on

2020-06-25 13:59:50 - [MESSAGE][PASSED] - Object: 'Object Repository/Rizka/Admin/Admin - Login/btnLogin2' is clicked on

2020-06-25 13:59:50 - [TEST_STEP][PASSED] - delay(15): Delayed 15 second(s)

2020-06-25 14:00:05 - [MESSAGE][PASSED] - Delayed 15 second(s)

2020-06-25 14:00:05 - [MESSAGE][PASSED] - Call Test Case 'Test Cases/Rizka/Admin/AdminMainLogin' successfully

2020-06-25 14:00:05 - [TEST_STEP][PASSED] - click(findTestObject("Rizka/Admin/Admin - Manage Test - Quiz - Delete/btnTestManagement_v2")): Object: 'Object Repository/Rizka/Admin/Admin - Manage Test - Quiz - Delete/btnTestManagement_v2' is clicked on

2020-06-25 14:00:06 - [MESSAGE][PASSED] - Object: 'Object Repository/Rizka/Admin/Admin - Manage Test - Quiz - Delete/btnTestManagement_v2' is clicked on

2020-06-25 14:00:06 - [TEST_STEP][PASSED] - delay(7): Delayed 7 second(s)

2020-06-25 14:00:13 - [MESSAGE][PASSED] - Delayed 7 second(s)

2020-06-25 14:00:13 - [TEST_STEP][PASSED] - click(findTestObject("Rizka/Admin/Admin - Manage Test - Quiz - Delete/btnQuiz_v2")): Object: 'Object Repository/Rizka/Admin/Admin - Manage Test - Quiz - Delete/btnQuiz_v2' is clicked on

2020-06-25 14:00:14 - [MESSAGE][PASSED] - Object: 'Object Repository/Rizka/Admin/Admin - Manage Test - Quiz - Delete/btnQuiz_v2' is clicked on

2020-06-25 14:00:14 - [TEST_STEP][PASSED] - delay(7): Delayed 7 second(s)

2020-06-25 14:00:21 - [MESSAGE][PASSED] - Delayed 7 second(s)

2020-06-25 14:00:21 - [TEST_STEP][PASSED] - click(findTestObject("Rizka/Admin/Admin - Manage Test - Quiz - New Question/btnNewQuestion")): Object: 'Object Repository/Rizka/Admin/Admin - Manage Test - Quiz - New Question/btnNewQuestion' is clicked on

2020-06-25 14:00:40 - [MESSAGE][PASSED] - Object: 'Object Repository/Rizka/Admin/Admin - Manage Test - Quiz - New Question/btnNewQuestion' is clicked on

2020-06-25 14:00:40 - [TEST_STEP][PASSED] - delay(5): Delayed 5 second(s)

2020-06-25 14:00:45 - [MESSAGE][PASSED] - Delayed 5 second(s)

2020-06-25 14:00:45 - [TEST_STEP][PASSED] - if (tipeSoal != ""): All options with label 'Benar / Salah' are selected in object 'Object Repository/Rizka/Admin/Admin - Manage Test - Quiz - Edit/inputTipeSoal_v3' 

2020-06-25 14:00:45 - [TEST_STEP][PASSED] - selectOptionByLabel(findTestObject("Rizka/Admin/Admin - Manage Test - Quiz - Edit/inputTipeSoal_v3"), tipeSoal, false): All options with label 'Benar / Salah' are selected in object 'Object Repository/Rizka/Admin/Admin - Manage Test - Quiz - Edit/inputTipeSoal_v3' 

2020-06-25 14:00:49 - [MESSAGE][PASSED] - All options with label 'Benar / Salah' are selected in object 'Object Repository/Rizka/Admin/Admin - Manage Test - Quiz - Edit/inputTipeSoal_v3' 

2020-06-25 14:00:49 - [TEST_STEP][PASSED] - if (jobFunction != ""): All options with label 'SALES' are selected in object 'Object Repository/Rizka/Admin/Admin - Manage Test - Quiz - Edit/inputJobFunction_v3' 

2020-06-25 14:00:49 - [TEST_STEP][PASSED] - selectOptionByLabel(findTestObject("Rizka/Admin/Admin - Manage Test - Quiz - Edit/inputJobFunction_v3"), jobFunction, false): All options with label 'SALES' are selected in object 'Object Repository/Rizka/Admin/Admin - Manage Test - Quiz - Edit/inputJobFunction_v3' 

2020-06-25 14:00:56 - [MESSAGE][PASSED] - All options with label 'SALES' are selected in object 'Object Repository/Rizka/Admin/Admin - Manage Test - Quiz - Edit/inputJobFunction_v3' 

2020-06-25 14:00:56 - [TEST_STEP][PASSED] - delay(3): Delayed 3 second(s)

2020-06-25 14:00:59 - [MESSAGE][PASSED] - Delayed 3 second(s)

2020-06-25 14:00:59 - [TEST_STEP][PASSED] - if (jobPosition != ""): All options with label 'SALES MANAGER' are selected in object 'Object Repository/Rizka/Admin/Admin - Manage Test - Quiz - Edit/inputJobPosition_v3' 

2020-06-25 14:00:59 - [TEST_STEP][PASSED] - selectOptionByLabel(findTestObject("Rizka/Admin/Admin - Manage Test - Quiz - Edit/inputJobPosition_v3"), jobPosition, false): All options with label 'SALES MANAGER' are selected in object 'Object Repository/Rizka/Admin/Admin - Manage Test - Quiz - Edit/inputJobPosition_v3' 

2020-06-25 14:01:00 - [MESSAGE][PASSED] - All options with label 'SALES MANAGER' are selected in object 'Object Repository/Rizka/Admin/Admin - Manage Test - Quiz - Edit/inputJobPosition_v3' 

2020-06-25 14:01:00 - [TEST_STEP][PASSED] - if (module != ""): All options with label 'NEOP RCCA' are selected in object 'Object Repository/Rizka/Admin/Admin - Manage Test - Quiz - Edit/inputModul_v3' 

2020-06-25 14:01:00 - [TEST_STEP][PASSED] - selectOptionByLabel(findTestObject("Rizka/Admin/Admin - Manage Test - Quiz - Edit/inputModul_v3"), module, false): All options with label 'NEOP RCCA' are selected in object 'Object Repository/Rizka/Admin/Admin - Manage Test - Quiz - Edit/inputModul_v3' 

2020-06-25 14:01:01 - [MESSAGE][PASSED] - All options with label 'NEOP RCCA' are selected in object 'Object Repository/Rizka/Admin/Admin - Manage Test - Quiz - Edit/inputModul_v3' 

2020-06-25 14:01:01 - [TEST_STEP][PASSED] - if (subModule != ""): All options with label 'Post-Test' are selected in object 'Object Repository/Rizka/Admin/Admin - Manage Test - Quiz - Edit/inputSubModul_v3' 

2020-06-25 14:01:01 - [TEST_STEP][PASSED] - selectOptionByLabel(findTestObject("Rizka/Admin/Admin - Manage Test - Quiz - Edit/inputSubModul_v3"), subModule, false): All options with label 'Post-Test' are selected in object 'Object Repository/Rizka/Admin/Admin - Manage Test - Quiz - Edit/inputSubModul_v3' 

2020-06-25 14:01:04 - [MESSAGE][PASSED] - All options with label 'Post-Test' are selected in object 'Object Repository/Rizka/Admin/Admin - Manage Test - Quiz - Edit/inputSubModul_v3' 

2020-06-25 14:01:04 - [TEST_STEP][PASSED] - if (technicalCompetence != ""): Text 'Coba ya' is set on object 'Object Repository/Rizka/Admin/Admin - Manage Test - Quiz - New Question/inputTechnicalCompetence_v2'

2020-06-25 14:01:04 - [TEST_STEP][PASSED] - setText(findTestObject("Rizka/Admin/Admin - Manage Test - Quiz - New Question/inputTechnicalCompetence_v2"), technicalCompetence, STOP_ON_FAILURE): Text 'Coba ya' is set on object 'Object Repository/Rizka/Admin/Admin - Manage Test - Quiz - New Question/inputTechnicalCompetence_v2'

2020-06-25 14:01:07 - [MESSAGE][PASSED] - Text 'Coba ya' is set on object 'Object Repository/Rizka/Admin/Admin - Manage Test - Quiz - New Question/inputTechnicalCompetence_v2'

2020-06-25 14:01:07 - [TEST_STEP][PASSED] - if (levelCompetence != ""): null

2020-06-25 14:01:07 - [TEST_STEP][PASSED] - setText(findTestObject("Rizka/Admin/Admin - Manage Test - Quiz - New Question/inputLevelCompetence_v2"), levelCompetence, STOP_ON_FAILURE): Text '12' is set on object 'Object Repository/Rizka/Admin/Admin - Manage Test - Quiz - New Question/inputLevelCompetence_v2'

2020-06-25 14:01:08 - [MESSAGE][PASSED] - Text '12' is set on object 'Object Repository/Rizka/Admin/Admin - Manage Test - Quiz - New Question/inputLevelCompetence_v2'

2020-06-25 14:01:08 - [TEST_STEP][PASSED] - if (levelCompetence == "Alfabet"): null

2020-06-25 14:01:08 - [TEST_STEP][PASSED] - if (levelCompetence != "Alfabet"): Object 'Object Repository/Rizka/Admin/Admin - Manage Test - Quiz - New Question/btnSubmit' is visible

2020-06-25 14:01:08 - [TEST_STEP][PASSED] - if (soalQuestion != ""): Text 'New Question (9)' is set on object 'Object Repository/Rizka/Admin/Admin - Manage Test - Quiz - New Question/inputSoal_v2'

2020-06-25 14:01:08 - [TEST_STEP][PASSED] - setText(findTestObject("Rizka/Admin/Admin - Manage Test - Quiz - New Question/inputSoal_v2"), soalQuestion): Text 'New Question (9)' is set on object 'Object Repository/Rizka/Admin/Admin - Manage Test - Quiz - New Question/inputSoal_v2'

2020-06-25 14:01:09 - [MESSAGE][PASSED] - Text 'New Question (9)' is set on object 'Object Repository/Rizka/Admin/Admin - Manage Test - Quiz - New Question/inputSoal_v2'

2020-06-25 14:01:09 - [TEST_STEP][PASSED] - if (tipeSoal == "Pilihan Ganda"): null

2020-06-25 14:01:09 - [TEST_STEP][PASSED] - else if (tipeSoal == "Benar / Salah"): All options with label '' are selected in object 'Object Repository/Rizka/Admin/Admin - Manage Test - Quiz - Edit/inputJawabanBenarSalah_v3' 

2020-06-25 14:01:09 - [TEST_STEP][PASSED] - selectOptionByLabel(findTestObject("Rizka/Admin/Admin - Manage Test - Quiz - Edit/inputJawabanBenarSalah_v3"), kunciJawaban, false): All options with label '' are selected in object 'Object Repository/Rizka/Admin/Admin - Manage Test - Quiz - Edit/inputJawabanBenarSalah_v3' 

2020-06-25 14:01:10 - [MESSAGE][PASSED] - All options with label '' are selected in object 'Object Repository/Rizka/Admin/Admin - Manage Test - Quiz - Edit/inputJawabanBenarSalah_v3' 

2020-06-25 14:01:10 - [TEST_STEP][PASSED] - if (condition == "passed"): null

2020-06-25 14:01:10 - [TEST_STEP][PASSED] - else: Object 'Object Repository/Rizka/Admin/Admin - Manage Test - Quiz - New Question/btnSubmit' is visible

2020-06-25 14:01:10 - [TEST_STEP][PASSED] - click(findTestObject("Rizka/Admin/Admin - Manage Test - Quiz - New Question/btnSubmit")): Object: 'Object Repository/Rizka/Admin/Admin - Manage Test - Quiz - New Question/btnSubmit' is clicked on

2020-06-25 14:01:11 - [MESSAGE][PASSED] - Object: 'Object Repository/Rizka/Admin/Admin - Manage Test - Quiz - New Question/btnSubmit' is clicked on

2020-06-25 14:01:11 - [TEST_STEP][PASSED] - delay(5): Delayed 5 second(s)

2020-06-25 14:01:16 - [MESSAGE][PASSED] - Delayed 5 second(s)

2020-06-25 14:01:16 - [TEST_STEP][PASSED] - verifyElementVisible(findTestObject("Rizka/Admin/Admin - Manage Test - Quiz - New Question/btnSubmit")): Object 'Object Repository/Rizka/Admin/Admin - Manage Test - Quiz - New Question/btnSubmit' is visible

2020-06-25 14:01:16 - [MESSAGE][PASSED] - Object 'Object Repository/Rizka/Admin/Admin - Manage Test - Quiz - New Question/btnSubmit' is visible]]></system-out>
         <system-err><![CDATA[]]></system-err>
      </testcase>
      <testcase name="Test Cases/Rizka/Admin/Manage Test/Admin - Manage Test - Quiz - New Question" time="137.16" classname="Test Cases/Rizka/Admin/Manage Test/Admin - Manage Test - Quiz - New Question" status="PASSED">
         <system-out><![CDATA[2020-06-25 14:01:17 - [TEST_CASE][PASSED] - Test Cases/Rizka/Admin/Manage Test/Admin - Manage Test - Quiz - New Question: Test Cases/Rizka/Admin/Manage Test/Admin - Manage Test - Quiz - New Question

2020-06-25 14:01:17 - [TEST_STEP][PASSED] - callTestCase(findTestCase("Rizka/Admin/AdminMainLogin"), [:], STOP_ON_FAILURE): Call Test Case 'Test Cases/Rizka/Admin/AdminMainLogin' successfully

2020-06-25 14:01:17 - [TEST_CASE][PASSED] - Test Cases/Rizka/Admin/AdminMainLogin: Test Cases/Rizka/Admin/AdminMainLogin

2020-06-25 14:01:17 - [TEST_STEP][PASSED] - openBrowser("https://appsrv1.deltadatamandiri.com/ACC_LMS_WEB/#/admNLmn"): Browser is opened with url: 'https://appsrv1.deltadatamandiri.com/ACC_LMS_WEB/#/admNLmn'

2020-06-25 14:01:17 - [MESSAGE][WARNING] - A browser is already opened. Closing browser and opening a new one

2020-06-25 14:01:18 - [MESSAGE][INFO] - Starting 'Chrome' driver

2020-06-25 14:01:58 - [MESSAGE][PASSED] - Browser is opened with url: 'https://appsrv1.deltadatamandiri.com/ACC_LMS_WEB/#/admNLmn'

2020-06-25 14:01:58 - [TEST_STEP][PASSED] - maximizeWindow(): Current window maximized

2020-06-25 14:01:59 - [MESSAGE][PASSED] - Current window maximized

2020-06-25 14:01:59 - [TEST_STEP][PASSED] - delay(15): Delayed 15 second(s)

2020-06-25 14:02:14 - [MESSAGE][PASSED] - Delayed 15 second(s)

2020-06-25 14:02:14 - [TEST_STEP][PASSED] - click(findTestObject("Rizka/Admin/Admin - Login/btnLogin")): Object: 'Object Repository/Rizka/Admin/Admin - Login/btnLogin' is clicked on

2020-06-25 14:02:15 - [MESSAGE][PASSED] - Object: 'Object Repository/Rizka/Admin/Admin - Login/btnLogin' is clicked on

2020-06-25 14:02:15 - [TEST_STEP][PASSED] - setText(findTestObject("Rizka/Admin/Admin - Login/txtUsername"), "11666"): Text '11666' is set on object 'Object Repository/Rizka/Admin/Admin - Login/txtUsername'

2020-06-25 14:02:16 - [MESSAGE][PASSED] - Text '11666' is set on object 'Object Repository/Rizka/Admin/Admin - Login/txtUsername'

2020-06-25 14:02:16 - [TEST_STEP][PASSED] - setText(findTestObject("Rizka/Admin/Admin - Login/txtPassword"), "Password3"): Text 'Password3' is set on object 'Object Repository/Rizka/Admin/Admin - Login/txtPassword'

2020-06-25 14:02:16 - [MESSAGE][PASSED] - Text 'Password3' is set on object 'Object Repository/Rizka/Admin/Admin - Login/txtPassword'

2020-06-25 14:02:16 - [TEST_STEP][PASSED] - click(findTestObject("Rizka/Admin/Admin - Login/btnEyePass")): Object: 'Object Repository/Rizka/Admin/Admin - Login/btnEyePass' is clicked on

2020-06-25 14:02:17 - [MESSAGE][PASSED] - Object: 'Object Repository/Rizka/Admin/Admin - Login/btnEyePass' is clicked on

2020-06-25 14:02:17 - [TEST_STEP][PASSED] - click(findTestObject("Rizka/Admin/Admin - Login/checkboxRememberMe")): Object: 'Object Repository/Rizka/Admin/Admin - Login/checkboxRememberMe' is clicked on

2020-06-25 14:02:18 - [MESSAGE][PASSED] - Object: 'Object Repository/Rizka/Admin/Admin - Login/checkboxRememberMe' is clicked on

2020-06-25 14:02:18 - [TEST_STEP][PASSED] - click(findTestObject("Rizka/Admin/Admin - Login/btnLogin2")): Object: 'Object Repository/Rizka/Admin/Admin - Login/btnLogin2' is clicked on

2020-06-25 14:02:18 - [MESSAGE][PASSED] - Object: 'Object Repository/Rizka/Admin/Admin - Login/btnLogin2' is clicked on

2020-06-25 14:02:18 - [TEST_STEP][PASSED] - delay(15): Delayed 15 second(s)

2020-06-25 14:02:33 - [MESSAGE][PASSED] - Delayed 15 second(s)

2020-06-25 14:02:33 - [MESSAGE][PASSED] - Call Test Case 'Test Cases/Rizka/Admin/AdminMainLogin' successfully

2020-06-25 14:02:33 - [TEST_STEP][PASSED] - click(findTestObject("Rizka/Admin/Admin - Manage Test - Quiz - Delete/btnTestManagement_v2")): Object: 'Object Repository/Rizka/Admin/Admin - Manage Test - Quiz - Delete/btnTestManagement_v2' is clicked on

2020-06-25 14:02:34 - [MESSAGE][PASSED] - Object: 'Object Repository/Rizka/Admin/Admin - Manage Test - Quiz - Delete/btnTestManagement_v2' is clicked on

2020-06-25 14:02:34 - [TEST_STEP][PASSED] - delay(7): Delayed 7 second(s)

2020-06-25 14:02:41 - [MESSAGE][PASSED] - Delayed 7 second(s)

2020-06-25 14:02:41 - [TEST_STEP][PASSED] - click(findTestObject("Rizka/Admin/Admin - Manage Test - Quiz - Delete/btnQuiz_v2")): Object: 'Object Repository/Rizka/Admin/Admin - Manage Test - Quiz - Delete/btnQuiz_v2' is clicked on

2020-06-25 14:02:42 - [MESSAGE][PASSED] - Object: 'Object Repository/Rizka/Admin/Admin - Manage Test - Quiz - Delete/btnQuiz_v2' is clicked on

2020-06-25 14:02:42 - [TEST_STEP][PASSED] - delay(7): Delayed 7 second(s)

2020-06-25 14:02:49 - [MESSAGE][PASSED] - Delayed 7 second(s)

2020-06-25 14:02:49 - [TEST_STEP][PASSED] - click(findTestObject("Rizka/Admin/Admin - Manage Test - Quiz - New Question/btnNewQuestion")): Object: 'Object Repository/Rizka/Admin/Admin - Manage Test - Quiz - New Question/btnNewQuestion' is clicked on

2020-06-25 14:02:58 - [MESSAGE][PASSED] - Object: 'Object Repository/Rizka/Admin/Admin - Manage Test - Quiz - New Question/btnNewQuestion' is clicked on

2020-06-25 14:02:58 - [TEST_STEP][PASSED] - delay(5): Delayed 5 second(s)

2020-06-25 14:03:03 - [MESSAGE][PASSED] - Delayed 5 second(s)

2020-06-25 14:03:03 - [TEST_STEP][PASSED] - if (tipeSoal != ""): All options with label 'Benar / Salah' are selected in object 'Object Repository/Rizka/Admin/Admin - Manage Test - Quiz - Edit/inputTipeSoal_v3' 

2020-06-25 14:03:03 - [TEST_STEP][PASSED] - selectOptionByLabel(findTestObject("Rizka/Admin/Admin - Manage Test - Quiz - Edit/inputTipeSoal_v3"), tipeSoal, false): All options with label 'Benar / Salah' are selected in object 'Object Repository/Rizka/Admin/Admin - Manage Test - Quiz - Edit/inputTipeSoal_v3' 

2020-06-25 14:03:10 - [MESSAGE][PASSED] - All options with label 'Benar / Salah' are selected in object 'Object Repository/Rizka/Admin/Admin - Manage Test - Quiz - Edit/inputTipeSoal_v3' 

2020-06-25 14:03:10 - [TEST_STEP][PASSED] - if (jobFunction != ""): All options with label 'SALES' are selected in object 'Object Repository/Rizka/Admin/Admin - Manage Test - Quiz - Edit/inputJobFunction_v3' 

2020-06-25 14:03:10 - [TEST_STEP][PASSED] - selectOptionByLabel(findTestObject("Rizka/Admin/Admin - Manage Test - Quiz - Edit/inputJobFunction_v3"), jobFunction, false): All options with label 'SALES' are selected in object 'Object Repository/Rizka/Admin/Admin - Manage Test - Quiz - Edit/inputJobFunction_v3' 

2020-06-25 14:03:16 - [MESSAGE][PASSED] - All options with label 'SALES' are selected in object 'Object Repository/Rizka/Admin/Admin - Manage Test - Quiz - Edit/inputJobFunction_v3' 

2020-06-25 14:03:16 - [TEST_STEP][PASSED] - delay(3): Delayed 3 second(s)

2020-06-25 14:03:19 - [MESSAGE][PASSED] - Delayed 3 second(s)

2020-06-25 14:03:19 - [TEST_STEP][PASSED] - if (jobPosition != ""): All options with label 'SALES MANAGER' are selected in object 'Object Repository/Rizka/Admin/Admin - Manage Test - Quiz - Edit/inputJobPosition_v3' 

2020-06-25 14:03:19 - [TEST_STEP][PASSED] - selectOptionByLabel(findTestObject("Rizka/Admin/Admin - Manage Test - Quiz - Edit/inputJobPosition_v3"), jobPosition, false): All options with label 'SALES MANAGER' are selected in object 'Object Repository/Rizka/Admin/Admin - Manage Test - Quiz - Edit/inputJobPosition_v3' 

2020-06-25 14:03:20 - [MESSAGE][PASSED] - All options with label 'SALES MANAGER' are selected in object 'Object Repository/Rizka/Admin/Admin - Manage Test - Quiz - Edit/inputJobPosition_v3' 

2020-06-25 14:03:20 - [TEST_STEP][PASSED] - if (module != ""): All options with label 'NEOP RCCA' are selected in object 'Object Repository/Rizka/Admin/Admin - Manage Test - Quiz - Edit/inputModul_v3' 

2020-06-25 14:03:20 - [TEST_STEP][PASSED] - selectOptionByLabel(findTestObject("Rizka/Admin/Admin - Manage Test - Quiz - Edit/inputModul_v3"), module, false): All options with label 'NEOP RCCA' are selected in object 'Object Repository/Rizka/Admin/Admin - Manage Test - Quiz - Edit/inputModul_v3' 

2020-06-25 14:03:21 - [MESSAGE][PASSED] - All options with label 'NEOP RCCA' are selected in object 'Object Repository/Rizka/Admin/Admin - Manage Test - Quiz - Edit/inputModul_v3' 

2020-06-25 14:03:21 - [TEST_STEP][PASSED] - if (subModule != ""): All options with label 'Post-Test' are selected in object 'Object Repository/Rizka/Admin/Admin - Manage Test - Quiz - Edit/inputSubModul_v3' 

2020-06-25 14:03:21 - [TEST_STEP][PASSED] - selectOptionByLabel(findTestObject("Rizka/Admin/Admin - Manage Test - Quiz - Edit/inputSubModul_v3"), subModule, false): All options with label 'Post-Test' are selected in object 'Object Repository/Rizka/Admin/Admin - Manage Test - Quiz - Edit/inputSubModul_v3' 

2020-06-25 14:03:24 - [MESSAGE][PASSED] - All options with label 'Post-Test' are selected in object 'Object Repository/Rizka/Admin/Admin - Manage Test - Quiz - Edit/inputSubModul_v3' 

2020-06-25 14:03:24 - [TEST_STEP][PASSED] - if (technicalCompetence != ""): null

2020-06-25 14:03:24 - [TEST_STEP][PASSED] - if (levelCompetence != ""): null

2020-06-25 14:03:24 - [TEST_STEP][PASSED] - setText(findTestObject("Rizka/Admin/Admin - Manage Test - Quiz - New Question/inputLevelCompetence_v2"), levelCompetence, STOP_ON_FAILURE): Text '12' is set on object 'Object Repository/Rizka/Admin/Admin - Manage Test - Quiz - New Question/inputLevelCompetence_v2'

2020-06-25 14:03:27 - [MESSAGE][PASSED] - Text '12' is set on object 'Object Repository/Rizka/Admin/Admin - Manage Test - Quiz - New Question/inputLevelCompetence_v2'

2020-06-25 14:03:27 - [TEST_STEP][PASSED] - if (levelCompetence == "Alfabet"): null

2020-06-25 14:03:27 - [TEST_STEP][PASSED] - if (levelCompetence != "Alfabet"): Object 'Object Repository/Rizka/Admin/Admin - Manage Test - Quiz - New Question/btnSubmit' is visible

2020-06-25 14:03:27 - [TEST_STEP][PASSED] - if (soalQuestion != ""): null

2020-06-25 14:03:27 - [TEST_STEP][PASSED] - if (tipeSoal == "Pilihan Ganda"): null

2020-06-25 14:03:27 - [TEST_STEP][PASSED] - else if (tipeSoal == "Benar / Salah"): All options with label 'Benar' are selected in object 'Object Repository/Rizka/Admin/Admin - Manage Test - Quiz - Edit/inputJawabanBenarSalah_v3' 

2020-06-25 14:03:27 - [TEST_STEP][PASSED] - selectOptionByLabel(findTestObject("Rizka/Admin/Admin - Manage Test - Quiz - Edit/inputJawabanBenarSalah_v3"), kunciJawaban, false): All options with label 'Benar' are selected in object 'Object Repository/Rizka/Admin/Admin - Manage Test - Quiz - Edit/inputJawabanBenarSalah_v3' 

2020-06-25 14:03:28 - [MESSAGE][PASSED] - All options with label 'Benar' are selected in object 'Object Repository/Rizka/Admin/Admin - Manage Test - Quiz - Edit/inputJawabanBenarSalah_v3' 

2020-06-25 14:03:28 - [TEST_STEP][PASSED] - if (condition == "passed"): null

2020-06-25 14:03:28 - [TEST_STEP][PASSED] - else: Object 'Object Repository/Rizka/Admin/Admin - Manage Test - Quiz - New Question/btnSubmit' is visible

2020-06-25 14:03:28 - [TEST_STEP][PASSED] - click(findTestObject("Rizka/Admin/Admin - Manage Test - Quiz - New Question/btnSubmit")): Object: 'Object Repository/Rizka/Admin/Admin - Manage Test - Quiz - New Question/btnSubmit' is clicked on

2020-06-25 14:03:28 - [MESSAGE][PASSED] - Object: 'Object Repository/Rizka/Admin/Admin - Manage Test - Quiz - New Question/btnSubmit' is clicked on

2020-06-25 14:03:28 - [TEST_STEP][PASSED] - delay(5): Delayed 5 second(s)

2020-06-25 14:03:33 - [MESSAGE][PASSED] - Delayed 5 second(s)

2020-06-25 14:03:33 - [TEST_STEP][PASSED] - verifyElementVisible(findTestObject("Rizka/Admin/Admin - Manage Test - Quiz - New Question/btnSubmit")): Object 'Object Repository/Rizka/Admin/Admin - Manage Test - Quiz - New Question/btnSubmit' is visible

2020-06-25 14:03:34 - [MESSAGE][PASSED] - Object 'Object Repository/Rizka/Admin/Admin - Manage Test - Quiz - New Question/btnSubmit' is visible]]></system-out>
         <system-err><![CDATA[]]></system-err>
      </testcase>
      <testcase name="Test Cases/Rizka/Admin/Manage Test/Admin - Manage Test - Quiz - New Question" time="128.795" classname="Test Cases/Rizka/Admin/Manage Test/Admin - Manage Test - Quiz - New Question" status="PASSED">
         <system-out><![CDATA[2020-06-25 14:03:34 - [TEST_CASE][PASSED] - Test Cases/Rizka/Admin/Manage Test/Admin - Manage Test - Quiz - New Question: Test Cases/Rizka/Admin/Manage Test/Admin - Manage Test - Quiz - New Question

2020-06-25 14:03:34 - [TEST_STEP][PASSED] - callTestCase(findTestCase("Rizka/Admin/AdminMainLogin"), [:], STOP_ON_FAILURE): Call Test Case 'Test Cases/Rizka/Admin/AdminMainLogin' successfully

2020-06-25 14:03:34 - [TEST_CASE][PASSED] - Test Cases/Rizka/Admin/AdminMainLogin: Test Cases/Rizka/Admin/AdminMainLogin

2020-06-25 14:03:34 - [TEST_STEP][PASSED] - openBrowser("https://appsrv1.deltadatamandiri.com/ACC_LMS_WEB/#/admNLmn"): Browser is opened with url: 'https://appsrv1.deltadatamandiri.com/ACC_LMS_WEB/#/admNLmn'

2020-06-25 14:03:34 - [MESSAGE][WARNING] - A browser is already opened. Closing browser and opening a new one

2020-06-25 14:03:35 - [MESSAGE][INFO] - Starting 'Chrome' driver

2020-06-25 14:04:00 - [MESSAGE][PASSED] - Browser is opened with url: 'https://appsrv1.deltadatamandiri.com/ACC_LMS_WEB/#/admNLmn'

2020-06-25 14:04:00 - [TEST_STEP][PASSED] - maximizeWindow(): Current window maximized

2020-06-25 14:04:01 - [MESSAGE][PASSED] - Current window maximized

2020-06-25 14:04:01 - [TEST_STEP][PASSED] - delay(15): Delayed 15 second(s)

2020-06-25 14:04:16 - [MESSAGE][PASSED] - Delayed 15 second(s)

2020-06-25 14:04:16 - [TEST_STEP][PASSED] - click(findTestObject("Rizka/Admin/Admin - Login/btnLogin")): Object: 'Object Repository/Rizka/Admin/Admin - Login/btnLogin' is clicked on

2020-06-25 14:04:16 - [MESSAGE][PASSED] - Object: 'Object Repository/Rizka/Admin/Admin - Login/btnLogin' is clicked on

2020-06-25 14:04:16 - [TEST_STEP][PASSED] - setText(findTestObject("Rizka/Admin/Admin - Login/txtUsername"), "11666"): Text '11666' is set on object 'Object Repository/Rizka/Admin/Admin - Login/txtUsername'

2020-06-25 14:04:17 - [MESSAGE][PASSED] - Text '11666' is set on object 'Object Repository/Rizka/Admin/Admin - Login/txtUsername'

2020-06-25 14:04:17 - [TEST_STEP][PASSED] - setText(findTestObject("Rizka/Admin/Admin - Login/txtPassword"), "Password3"): Text 'Password3' is set on object 'Object Repository/Rizka/Admin/Admin - Login/txtPassword'

2020-06-25 14:04:18 - [MESSAGE][PASSED] - Text 'Password3' is set on object 'Object Repository/Rizka/Admin/Admin - Login/txtPassword'

2020-06-25 14:04:18 - [TEST_STEP][PASSED] - click(findTestObject("Rizka/Admin/Admin - Login/btnEyePass")): Object: 'Object Repository/Rizka/Admin/Admin - Login/btnEyePass' is clicked on

2020-06-25 14:04:19 - [MESSAGE][PASSED] - Object: 'Object Repository/Rizka/Admin/Admin - Login/btnEyePass' is clicked on

2020-06-25 14:04:19 - [TEST_STEP][PASSED] - click(findTestObject("Rizka/Admin/Admin - Login/checkboxRememberMe")): Object: 'Object Repository/Rizka/Admin/Admin - Login/checkboxRememberMe' is clicked on

2020-06-25 14:04:19 - [MESSAGE][PASSED] - Object: 'Object Repository/Rizka/Admin/Admin - Login/checkboxRememberMe' is clicked on

2020-06-25 14:04:19 - [TEST_STEP][PASSED] - click(findTestObject("Rizka/Admin/Admin - Login/btnLogin2")): Object: 'Object Repository/Rizka/Admin/Admin - Login/btnLogin2' is clicked on

2020-06-25 14:04:20 - [MESSAGE][PASSED] - Object: 'Object Repository/Rizka/Admin/Admin - Login/btnLogin2' is clicked on

2020-06-25 14:04:20 - [TEST_STEP][PASSED] - delay(15): Delayed 15 second(s)

2020-06-25 14:04:35 - [MESSAGE][PASSED] - Delayed 15 second(s)

2020-06-25 14:04:35 - [MESSAGE][PASSED] - Call Test Case 'Test Cases/Rizka/Admin/AdminMainLogin' successfully

2020-06-25 14:04:35 - [TEST_STEP][PASSED] - click(findTestObject("Rizka/Admin/Admin - Manage Test - Quiz - Delete/btnTestManagement_v2")): Object: 'Object Repository/Rizka/Admin/Admin - Manage Test - Quiz - Delete/btnTestManagement_v2' is clicked on

2020-06-25 14:04:36 - [MESSAGE][PASSED] - Object: 'Object Repository/Rizka/Admin/Admin - Manage Test - Quiz - Delete/btnTestManagement_v2' is clicked on

2020-06-25 14:04:36 - [TEST_STEP][PASSED] - delay(7): Delayed 7 second(s)

2020-06-25 14:04:43 - [MESSAGE][PASSED] - Delayed 7 second(s)

2020-06-25 14:04:43 - [TEST_STEP][PASSED] - click(findTestObject("Rizka/Admin/Admin - Manage Test - Quiz - Delete/btnQuiz_v2")): Object: 'Object Repository/Rizka/Admin/Admin - Manage Test - Quiz - Delete/btnQuiz_v2' is clicked on

2020-06-25 14:04:43 - [MESSAGE][PASSED] - Object: 'Object Repository/Rizka/Admin/Admin - Manage Test - Quiz - Delete/btnQuiz_v2' is clicked on

2020-06-25 14:04:43 - [TEST_STEP][PASSED] - delay(7): Delayed 7 second(s)

2020-06-25 14:04:50 - [MESSAGE][PASSED] - Delayed 7 second(s)

2020-06-25 14:04:50 - [TEST_STEP][PASSED] - click(findTestObject("Rizka/Admin/Admin - Manage Test - Quiz - New Question/btnNewQuestion")): Object: 'Object Repository/Rizka/Admin/Admin - Manage Test - Quiz - New Question/btnNewQuestion' is clicked on

2020-06-25 14:05:08 - [MESSAGE][PASSED] - Object: 'Object Repository/Rizka/Admin/Admin - Manage Test - Quiz - New Question/btnNewQuestion' is clicked on

2020-06-25 14:05:08 - [TEST_STEP][PASSED] - delay(5): Delayed 5 second(s)

2020-06-25 14:05:13 - [MESSAGE][PASSED] - Delayed 5 second(s)

2020-06-25 14:05:13 - [TEST_STEP][PASSED] - if (tipeSoal != ""): All options with label 'Benar / Salah' are selected in object 'Object Repository/Rizka/Admin/Admin - Manage Test - Quiz - Edit/inputTipeSoal_v3' 

2020-06-25 14:05:13 - [TEST_STEP][PASSED] - selectOptionByLabel(findTestObject("Rizka/Admin/Admin - Manage Test - Quiz - Edit/inputTipeSoal_v3"), tipeSoal, false): All options with label 'Benar / Salah' are selected in object 'Object Repository/Rizka/Admin/Admin - Manage Test - Quiz - Edit/inputTipeSoal_v3' 

2020-06-25 14:05:18 - [MESSAGE][PASSED] - All options with label 'Benar / Salah' are selected in object 'Object Repository/Rizka/Admin/Admin - Manage Test - Quiz - Edit/inputTipeSoal_v3' 

2020-06-25 14:05:18 - [TEST_STEP][PASSED] - if (jobFunction != ""): All options with label 'SALES' are selected in object 'Object Repository/Rizka/Admin/Admin - Manage Test - Quiz - Edit/inputJobFunction_v3' 

2020-06-25 14:05:18 - [TEST_STEP][PASSED] - selectOptionByLabel(findTestObject("Rizka/Admin/Admin - Manage Test - Quiz - Edit/inputJobFunction_v3"), jobFunction, false): All options with label 'SALES' are selected in object 'Object Repository/Rizka/Admin/Admin - Manage Test - Quiz - Edit/inputJobFunction_v3' 

2020-06-25 14:05:25 - [MESSAGE][PASSED] - All options with label 'SALES' are selected in object 'Object Repository/Rizka/Admin/Admin - Manage Test - Quiz - Edit/inputJobFunction_v3' 

2020-06-25 14:05:25 - [TEST_STEP][PASSED] - delay(3): Delayed 3 second(s)

2020-06-25 14:05:28 - [MESSAGE][PASSED] - Delayed 3 second(s)

2020-06-25 14:05:28 - [TEST_STEP][PASSED] - if (jobPosition != ""): All options with label 'SALES MANAGER' are selected in object 'Object Repository/Rizka/Admin/Admin - Manage Test - Quiz - Edit/inputJobPosition_v3' 

2020-06-25 14:05:28 - [TEST_STEP][PASSED] - selectOptionByLabel(findTestObject("Rizka/Admin/Admin - Manage Test - Quiz - Edit/inputJobPosition_v3"), jobPosition, false): All options with label 'SALES MANAGER' are selected in object 'Object Repository/Rizka/Admin/Admin - Manage Test - Quiz - Edit/inputJobPosition_v3' 

2020-06-25 14:05:29 - [MESSAGE][PASSED] - All options with label 'SALES MANAGER' are selected in object 'Object Repository/Rizka/Admin/Admin - Manage Test - Quiz - Edit/inputJobPosition_v3' 

2020-06-25 14:05:29 - [TEST_STEP][PASSED] - if (module != ""): All options with label 'NEOP RCCA' are selected in object 'Object Repository/Rizka/Admin/Admin - Manage Test - Quiz - Edit/inputModul_v3' 

2020-06-25 14:05:29 - [TEST_STEP][PASSED] - selectOptionByLabel(findTestObject("Rizka/Admin/Admin - Manage Test - Quiz - Edit/inputModul_v3"), module, false): All options with label 'NEOP RCCA' are selected in object 'Object Repository/Rizka/Admin/Admin - Manage Test - Quiz - Edit/inputModul_v3' 

2020-06-25 14:05:30 - [MESSAGE][PASSED] - All options with label 'NEOP RCCA' are selected in object 'Object Repository/Rizka/Admin/Admin - Manage Test - Quiz - Edit/inputModul_v3' 

2020-06-25 14:05:30 - [TEST_STEP][PASSED] - if (subModule != ""): All options with label 'Post-Test' are selected in object 'Object Repository/Rizka/Admin/Admin - Manage Test - Quiz - Edit/inputSubModul_v3' 

2020-06-25 14:05:30 - [TEST_STEP][PASSED] - selectOptionByLabel(findTestObject("Rizka/Admin/Admin - Manage Test - Quiz - Edit/inputSubModul_v3"), subModule, false): All options with label 'Post-Test' are selected in object 'Object Repository/Rizka/Admin/Admin - Manage Test - Quiz - Edit/inputSubModul_v3' 

2020-06-25 14:05:33 - [MESSAGE][PASSED] - All options with label 'Post-Test' are selected in object 'Object Repository/Rizka/Admin/Admin - Manage Test - Quiz - Edit/inputSubModul_v3' 

2020-06-25 14:05:33 - [TEST_STEP][PASSED] - if (technicalCompetence != ""): Text 'Coba ya' is set on object 'Object Repository/Rizka/Admin/Admin - Manage Test - Quiz - New Question/inputTechnicalCompetence_v2'

2020-06-25 14:05:33 - [TEST_STEP][PASSED] - setText(findTestObject("Rizka/Admin/Admin - Manage Test - Quiz - New Question/inputTechnicalCompetence_v2"), technicalCompetence, STOP_ON_FAILURE): Text 'Coba ya' is set on object 'Object Repository/Rizka/Admin/Admin - Manage Test - Quiz - New Question/inputTechnicalCompetence_v2'

2020-06-25 14:05:36 - [MESSAGE][PASSED] - Text 'Coba ya' is set on object 'Object Repository/Rizka/Admin/Admin - Manage Test - Quiz - New Question/inputTechnicalCompetence_v2'

2020-06-25 14:05:36 - [TEST_STEP][PASSED] - if (levelCompetence != ""): null

2020-06-25 14:05:36 - [TEST_STEP][PASSED] - if (levelCompetence != "Alfabet"): Object 'Object Repository/Rizka/Admin/Admin - Manage Test - Quiz - New Question/btnSubmit' is visible

2020-06-25 14:05:36 - [TEST_STEP][PASSED] - if (soalQuestion != ""): null

2020-06-25 14:05:36 - [TEST_STEP][PASSED] - if (tipeSoal == "Pilihan Ganda"): null

2020-06-25 14:05:36 - [TEST_STEP][PASSED] - else if (tipeSoal == "Benar / Salah"): All options with label 'Benar' are selected in object 'Object Repository/Rizka/Admin/Admin - Manage Test - Quiz - Edit/inputJawabanBenarSalah_v3' 

2020-06-25 14:05:36 - [TEST_STEP][PASSED] - selectOptionByLabel(findTestObject("Rizka/Admin/Admin - Manage Test - Quiz - Edit/inputJawabanBenarSalah_v3"), kunciJawaban, false): All options with label 'Benar' are selected in object 'Object Repository/Rizka/Admin/Admin - Manage Test - Quiz - Edit/inputJawabanBenarSalah_v3' 

2020-06-25 14:05:37 - [MESSAGE][PASSED] - All options with label 'Benar' are selected in object 'Object Repository/Rizka/Admin/Admin - Manage Test - Quiz - Edit/inputJawabanBenarSalah_v3' 

2020-06-25 14:05:37 - [TEST_STEP][PASSED] - if (condition == "passed"): null

2020-06-25 14:05:37 - [TEST_STEP][PASSED] - else: Object 'Object Repository/Rizka/Admin/Admin - Manage Test - Quiz - New Question/btnSubmit' is visible

2020-06-25 14:05:37 - [TEST_STEP][PASSED] - click(findTestObject("Rizka/Admin/Admin - Manage Test - Quiz - New Question/btnSubmit")): Object: 'Object Repository/Rizka/Admin/Admin - Manage Test - Quiz - New Question/btnSubmit' is clicked on

2020-06-25 14:05:37 - [MESSAGE][PASSED] - Object: 'Object Repository/Rizka/Admin/Admin - Manage Test - Quiz - New Question/btnSubmit' is clicked on

2020-06-25 14:05:37 - [TEST_STEP][PASSED] - delay(5): Delayed 5 second(s)

2020-06-25 14:05:42 - [MESSAGE][PASSED] - Delayed 5 second(s)

2020-06-25 14:05:42 - [TEST_STEP][PASSED] - verifyElementVisible(findTestObject("Rizka/Admin/Admin - Manage Test - Quiz - New Question/btnSubmit")): Object 'Object Repository/Rizka/Admin/Admin - Manage Test - Quiz - New Question/btnSubmit' is visible

2020-06-25 14:05:43 - [MESSAGE][PASSED] - Object 'Object Repository/Rizka/Admin/Admin - Manage Test - Quiz - New Question/btnSubmit' is visible]]></system-out>
         <system-err><![CDATA[]]></system-err>
      </testcase>
      <testcase name="Test Cases/Rizka/Admin/Manage Test/Admin - Manage Test - Quiz - New Question" time="140.356" classname="Test Cases/Rizka/Admin/Manage Test/Admin - Manage Test - Quiz - New Question" status="PASSED">
         <system-out><![CDATA[2020-06-25 14:05:43 - [TEST_CASE][PASSED] - Test Cases/Rizka/Admin/Manage Test/Admin - Manage Test - Quiz - New Question: Test Cases/Rizka/Admin/Manage Test/Admin - Manage Test - Quiz - New Question

2020-06-25 14:05:43 - [TEST_STEP][PASSED] - callTestCase(findTestCase("Rizka/Admin/AdminMainLogin"), [:], STOP_ON_FAILURE): Call Test Case 'Test Cases/Rizka/Admin/AdminMainLogin' successfully

2020-06-25 14:05:43 - [TEST_CASE][PASSED] - Test Cases/Rizka/Admin/AdminMainLogin: Test Cases/Rizka/Admin/AdminMainLogin

2020-06-25 14:05:43 - [TEST_STEP][PASSED] - openBrowser("https://appsrv1.deltadatamandiri.com/ACC_LMS_WEB/#/admNLmn"): Browser is opened with url: 'https://appsrv1.deltadatamandiri.com/ACC_LMS_WEB/#/admNLmn'

2020-06-25 14:05:43 - [MESSAGE][WARNING] - A browser is already opened. Closing browser and opening a new one

2020-06-25 14:05:44 - [MESSAGE][INFO] - Starting 'Chrome' driver

2020-06-25 14:06:30 - [MESSAGE][PASSED] - Browser is opened with url: 'https://appsrv1.deltadatamandiri.com/ACC_LMS_WEB/#/admNLmn'

2020-06-25 14:06:30 - [TEST_STEP][PASSED] - maximizeWindow(): Current window maximized

2020-06-25 14:06:32 - [MESSAGE][PASSED] - Current window maximized

2020-06-25 14:06:32 - [TEST_STEP][PASSED] - delay(15): Delayed 15 second(s)

2020-06-25 14:06:47 - [MESSAGE][PASSED] - Delayed 15 second(s)

2020-06-25 14:06:47 - [TEST_STEP][PASSED] - click(findTestObject("Rizka/Admin/Admin - Login/btnLogin")): Object: 'Object Repository/Rizka/Admin/Admin - Login/btnLogin' is clicked on

2020-06-25 14:06:47 - [MESSAGE][PASSED] - Object: 'Object Repository/Rizka/Admin/Admin - Login/btnLogin' is clicked on

2020-06-25 14:06:47 - [TEST_STEP][PASSED] - setText(findTestObject("Rizka/Admin/Admin - Login/txtUsername"), "11666"): Text '11666' is set on object 'Object Repository/Rizka/Admin/Admin - Login/txtUsername'

2020-06-25 14:06:48 - [MESSAGE][PASSED] - Text '11666' is set on object 'Object Repository/Rizka/Admin/Admin - Login/txtUsername'

2020-06-25 14:06:48 - [TEST_STEP][PASSED] - setText(findTestObject("Rizka/Admin/Admin - Login/txtPassword"), "Password3"): Text 'Password3' is set on object 'Object Repository/Rizka/Admin/Admin - Login/txtPassword'

2020-06-25 14:06:48 - [MESSAGE][PASSED] - Text 'Password3' is set on object 'Object Repository/Rizka/Admin/Admin - Login/txtPassword'

2020-06-25 14:06:48 - [TEST_STEP][PASSED] - click(findTestObject("Rizka/Admin/Admin - Login/btnEyePass")): Object: 'Object Repository/Rizka/Admin/Admin - Login/btnEyePass' is clicked on

2020-06-25 14:06:49 - [MESSAGE][PASSED] - Object: 'Object Repository/Rizka/Admin/Admin - Login/btnEyePass' is clicked on

2020-06-25 14:06:49 - [TEST_STEP][PASSED] - click(findTestObject("Rizka/Admin/Admin - Login/checkboxRememberMe")): Object: 'Object Repository/Rizka/Admin/Admin - Login/checkboxRememberMe' is clicked on

2020-06-25 14:06:49 - [MESSAGE][PASSED] - Object: 'Object Repository/Rizka/Admin/Admin - Login/checkboxRememberMe' is clicked on

2020-06-25 14:06:49 - [TEST_STEP][PASSED] - click(findTestObject("Rizka/Admin/Admin - Login/btnLogin2")): Object: 'Object Repository/Rizka/Admin/Admin - Login/btnLogin2' is clicked on

2020-06-25 14:06:50 - [MESSAGE][PASSED] - Object: 'Object Repository/Rizka/Admin/Admin - Login/btnLogin2' is clicked on

2020-06-25 14:06:50 - [TEST_STEP][PASSED] - delay(15): Delayed 15 second(s)

2020-06-25 14:07:05 - [MESSAGE][PASSED] - Delayed 15 second(s)

2020-06-25 14:07:05 - [MESSAGE][PASSED] - Call Test Case 'Test Cases/Rizka/Admin/AdminMainLogin' successfully

2020-06-25 14:07:05 - [TEST_STEP][PASSED] - click(findTestObject("Rizka/Admin/Admin - Manage Test - Quiz - Delete/btnTestManagement_v2")): Object: 'Object Repository/Rizka/Admin/Admin - Manage Test - Quiz - Delete/btnTestManagement_v2' is clicked on

2020-06-25 14:07:05 - [MESSAGE][PASSED] - Object: 'Object Repository/Rizka/Admin/Admin - Manage Test - Quiz - Delete/btnTestManagement_v2' is clicked on

2020-06-25 14:07:05 - [TEST_STEP][PASSED] - delay(7): Delayed 7 second(s)

2020-06-25 14:07:12 - [MESSAGE][PASSED] - Delayed 7 second(s)

2020-06-25 14:07:12 - [TEST_STEP][PASSED] - click(findTestObject("Rizka/Admin/Admin - Manage Test - Quiz - Delete/btnQuiz_v2")): Object: 'Object Repository/Rizka/Admin/Admin - Manage Test - Quiz - Delete/btnQuiz_v2' is clicked on

2020-06-25 14:07:13 - [MESSAGE][PASSED] - Object: 'Object Repository/Rizka/Admin/Admin - Manage Test - Quiz - Delete/btnQuiz_v2' is clicked on

2020-06-25 14:07:13 - [TEST_STEP][PASSED] - delay(7): Delayed 7 second(s)

2020-06-25 14:07:20 - [MESSAGE][PASSED] - Delayed 7 second(s)

2020-06-25 14:07:20 - [TEST_STEP][PASSED] - click(findTestObject("Rizka/Admin/Admin - Manage Test - Quiz - New Question/btnNewQuestion")): Object: 'Object Repository/Rizka/Admin/Admin - Manage Test - Quiz - New Question/btnNewQuestion' is clicked on

2020-06-25 14:07:29 - [MESSAGE][PASSED] - Object: 'Object Repository/Rizka/Admin/Admin - Manage Test - Quiz - New Question/btnNewQuestion' is clicked on

2020-06-25 14:07:29 - [TEST_STEP][PASSED] - delay(5): Delayed 5 second(s)

2020-06-25 14:07:34 - [MESSAGE][PASSED] - Delayed 5 second(s)

2020-06-25 14:07:34 - [TEST_STEP][PASSED] - if (tipeSoal != ""): All options with label 'Benar / Salah' are selected in object 'Object Repository/Rizka/Admin/Admin - Manage Test - Quiz - Edit/inputTipeSoal_v3' 

2020-06-25 14:07:34 - [TEST_STEP][PASSED] - selectOptionByLabel(findTestObject("Rizka/Admin/Admin - Manage Test - Quiz - Edit/inputTipeSoal_v3"), tipeSoal, false): All options with label 'Benar / Salah' are selected in object 'Object Repository/Rizka/Admin/Admin - Manage Test - Quiz - Edit/inputTipeSoal_v3' 

2020-06-25 14:07:40 - [MESSAGE][PASSED] - All options with label 'Benar / Salah' are selected in object 'Object Repository/Rizka/Admin/Admin - Manage Test - Quiz - Edit/inputTipeSoal_v3' 

2020-06-25 14:07:40 - [TEST_STEP][PASSED] - if (jobFunction != ""): All options with label 'SALES' are selected in object 'Object Repository/Rizka/Admin/Admin - Manage Test - Quiz - Edit/inputJobFunction_v3' 

2020-06-25 14:07:40 - [TEST_STEP][PASSED] - selectOptionByLabel(findTestObject("Rizka/Admin/Admin - Manage Test - Quiz - Edit/inputJobFunction_v3"), jobFunction, false): All options with label 'SALES' are selected in object 'Object Repository/Rizka/Admin/Admin - Manage Test - Quiz - Edit/inputJobFunction_v3' 

2020-06-25 14:07:47 - [MESSAGE][PASSED] - All options with label 'SALES' are selected in object 'Object Repository/Rizka/Admin/Admin - Manage Test - Quiz - Edit/inputJobFunction_v3' 

2020-06-25 14:07:47 - [TEST_STEP][PASSED] - delay(3): Delayed 3 second(s)

2020-06-25 14:07:50 - [MESSAGE][PASSED] - Delayed 3 second(s)

2020-06-25 14:07:50 - [TEST_STEP][PASSED] - if (jobPosition != ""): All options with label 'SALES MANAGER' are selected in object 'Object Repository/Rizka/Admin/Admin - Manage Test - Quiz - Edit/inputJobPosition_v3' 

2020-06-25 14:07:50 - [TEST_STEP][PASSED] - selectOptionByLabel(findTestObject("Rizka/Admin/Admin - Manage Test - Quiz - Edit/inputJobPosition_v3"), jobPosition, false): All options with label 'SALES MANAGER' are selected in object 'Object Repository/Rizka/Admin/Admin - Manage Test - Quiz - Edit/inputJobPosition_v3' 

2020-06-25 14:07:51 - [MESSAGE][PASSED] - All options with label 'SALES MANAGER' are selected in object 'Object Repository/Rizka/Admin/Admin - Manage Test - Quiz - Edit/inputJobPosition_v3' 

2020-06-25 14:07:51 - [TEST_STEP][PASSED] - if (module != ""): All options with label 'NEOP RCCA' are selected in object 'Object Repository/Rizka/Admin/Admin - Manage Test - Quiz - Edit/inputModul_v3' 

2020-06-25 14:07:51 - [TEST_STEP][PASSED] - selectOptionByLabel(findTestObject("Rizka/Admin/Admin - Manage Test - Quiz - Edit/inputModul_v3"), module, false): All options with label 'NEOP RCCA' are selected in object 'Object Repository/Rizka/Admin/Admin - Manage Test - Quiz - Edit/inputModul_v3' 

2020-06-25 14:07:51 - [MESSAGE][PASSED] - All options with label 'NEOP RCCA' are selected in object 'Object Repository/Rizka/Admin/Admin - Manage Test - Quiz - Edit/inputModul_v3' 

2020-06-25 14:07:51 - [TEST_STEP][PASSED] - if (subModule != ""): All options with label 'Post-Test' are selected in object 'Object Repository/Rizka/Admin/Admin - Manage Test - Quiz - Edit/inputSubModul_v3' 

2020-06-25 14:07:51 - [TEST_STEP][PASSED] - selectOptionByLabel(findTestObject("Rizka/Admin/Admin - Manage Test - Quiz - Edit/inputSubModul_v3"), subModule, false): All options with label 'Post-Test' are selected in object 'Object Repository/Rizka/Admin/Admin - Manage Test - Quiz - Edit/inputSubModul_v3' 

2020-06-25 14:07:55 - [MESSAGE][PASSED] - All options with label 'Post-Test' are selected in object 'Object Repository/Rizka/Admin/Admin - Manage Test - Quiz - Edit/inputSubModul_v3' 

2020-06-25 14:07:55 - [TEST_STEP][PASSED] - if (technicalCompetence != ""): null

2020-06-25 14:07:55 - [TEST_STEP][PASSED] - if (levelCompetence != ""): null

2020-06-25 14:07:55 - [TEST_STEP][PASSED] - if (levelCompetence != "Alfabet"): Object 'Object Repository/Rizka/Admin/Admin - Manage Test - Quiz - New Question/btnSubmit' is visible

2020-06-25 14:07:55 - [TEST_STEP][PASSED] - if (soalQuestion != ""): null

2020-06-25 14:07:55 - [TEST_STEP][PASSED] - if (tipeSoal == "Pilihan Ganda"): null

2020-06-25 14:07:55 - [TEST_STEP][PASSED] - else if (tipeSoal == "Benar / Salah"): All options with label 'Salah' are selected in object 'Object Repository/Rizka/Admin/Admin - Manage Test - Quiz - Edit/inputJawabanBenarSalah_v3' 

2020-06-25 14:07:55 - [TEST_STEP][PASSED] - selectOptionByLabel(findTestObject("Rizka/Admin/Admin - Manage Test - Quiz - Edit/inputJawabanBenarSalah_v3"), kunciJawaban, false): All options with label 'Salah' are selected in object 'Object Repository/Rizka/Admin/Admin - Manage Test - Quiz - Edit/inputJawabanBenarSalah_v3' 

2020-06-25 14:07:58 - [MESSAGE][PASSED] - All options with label 'Salah' are selected in object 'Object Repository/Rizka/Admin/Admin - Manage Test - Quiz - Edit/inputJawabanBenarSalah_v3' 

2020-06-25 14:07:58 - [TEST_STEP][PASSED] - if (condition == "passed"): null

2020-06-25 14:07:58 - [TEST_STEP][PASSED] - else: Object 'Object Repository/Rizka/Admin/Admin - Manage Test - Quiz - New Question/btnSubmit' is visible

2020-06-25 14:07:58 - [TEST_STEP][PASSED] - click(findTestObject("Rizka/Admin/Admin - Manage Test - Quiz - New Question/btnSubmit")): Object: 'Object Repository/Rizka/Admin/Admin - Manage Test - Quiz - New Question/btnSubmit' is clicked on

2020-06-25 14:07:58 - [MESSAGE][PASSED] - Object: 'Object Repository/Rizka/Admin/Admin - Manage Test - Quiz - New Question/btnSubmit' is clicked on

2020-06-25 14:07:58 - [TEST_STEP][PASSED] - delay(5): Delayed 5 second(s)

2020-06-25 14:08:03 - [MESSAGE][PASSED] - Delayed 5 second(s)

2020-06-25 14:08:03 - [TEST_STEP][PASSED] - verifyElementVisible(findTestObject("Rizka/Admin/Admin - Manage Test - Quiz - New Question/btnSubmit")): Object 'Object Repository/Rizka/Admin/Admin - Manage Test - Quiz - New Question/btnSubmit' is visible

2020-06-25 14:08:04 - [MESSAGE][PASSED] - Object 'Object Repository/Rizka/Admin/Admin - Manage Test - Quiz - New Question/btnSubmit' is visible]]></system-out>
         <system-err><![CDATA[]]></system-err>
      </testcase>
      <testcase name="Test Cases/Rizka/Admin/Manage Test/Admin - Manage Test - Quiz - New Question" time="136.973" classname="Test Cases/Rizka/Admin/Manage Test/Admin - Manage Test - Quiz - New Question" status="PASSED">
         <system-out><![CDATA[2020-06-25 14:08:04 - [TEST_CASE][PASSED] - Test Cases/Rizka/Admin/Manage Test/Admin - Manage Test - Quiz - New Question: Test Cases/Rizka/Admin/Manage Test/Admin - Manage Test - Quiz - New Question

2020-06-25 14:08:04 - [TEST_STEP][PASSED] - callTestCase(findTestCase("Rizka/Admin/AdminMainLogin"), [:], STOP_ON_FAILURE): Call Test Case 'Test Cases/Rizka/Admin/AdminMainLogin' successfully

2020-06-25 14:08:04 - [TEST_CASE][PASSED] - Test Cases/Rizka/Admin/AdminMainLogin: Test Cases/Rizka/Admin/AdminMainLogin

2020-06-25 14:08:04 - [TEST_STEP][PASSED] - openBrowser("https://appsrv1.deltadatamandiri.com/ACC_LMS_WEB/#/admNLmn"): Browser is opened with url: 'https://appsrv1.deltadatamandiri.com/ACC_LMS_WEB/#/admNLmn'

2020-06-25 14:08:04 - [MESSAGE][WARNING] - A browser is already opened. Closing browser and opening a new one

2020-06-25 14:08:05 - [MESSAGE][INFO] - Starting 'Chrome' driver

2020-06-25 14:08:53 - [MESSAGE][PASSED] - Browser is opened with url: 'https://appsrv1.deltadatamandiri.com/ACC_LMS_WEB/#/admNLmn'

2020-06-25 14:08:53 - [TEST_STEP][PASSED] - maximizeWindow(): Current window maximized

2020-06-25 14:08:55 - [MESSAGE][PASSED] - Current window maximized

2020-06-25 14:08:55 - [TEST_STEP][PASSED] - delay(15): Delayed 15 second(s)

2020-06-25 14:09:10 - [MESSAGE][PASSED] - Delayed 15 second(s)

2020-06-25 14:09:10 - [TEST_STEP][PASSED] - click(findTestObject("Rizka/Admin/Admin - Login/btnLogin")): Object: 'Object Repository/Rizka/Admin/Admin - Login/btnLogin' is clicked on

2020-06-25 14:09:10 - [MESSAGE][PASSED] - Object: 'Object Repository/Rizka/Admin/Admin - Login/btnLogin' is clicked on

2020-06-25 14:09:10 - [TEST_STEP][PASSED] - setText(findTestObject("Rizka/Admin/Admin - Login/txtUsername"), "11666"): Text '11666' is set on object 'Object Repository/Rizka/Admin/Admin - Login/txtUsername'

2020-06-25 14:09:11 - [MESSAGE][PASSED] - Text '11666' is set on object 'Object Repository/Rizka/Admin/Admin - Login/txtUsername'

2020-06-25 14:09:11 - [TEST_STEP][PASSED] - setText(findTestObject("Rizka/Admin/Admin - Login/txtPassword"), "Password3"): Text 'Password3' is set on object 'Object Repository/Rizka/Admin/Admin - Login/txtPassword'

2020-06-25 14:09:12 - [MESSAGE][PASSED] - Text 'Password3' is set on object 'Object Repository/Rizka/Admin/Admin - Login/txtPassword'

2020-06-25 14:09:12 - [TEST_STEP][PASSED] - click(findTestObject("Rizka/Admin/Admin - Login/btnEyePass")): Object: 'Object Repository/Rizka/Admin/Admin - Login/btnEyePass' is clicked on

2020-06-25 14:09:12 - [MESSAGE][PASSED] - Object: 'Object Repository/Rizka/Admin/Admin - Login/btnEyePass' is clicked on

2020-06-25 14:09:12 - [TEST_STEP][PASSED] - click(findTestObject("Rizka/Admin/Admin - Login/checkboxRememberMe")): Object: 'Object Repository/Rizka/Admin/Admin - Login/checkboxRememberMe' is clicked on

2020-06-25 14:09:13 - [MESSAGE][PASSED] - Object: 'Object Repository/Rizka/Admin/Admin - Login/checkboxRememberMe' is clicked on

2020-06-25 14:09:13 - [TEST_STEP][PASSED] - click(findTestObject("Rizka/Admin/Admin - Login/btnLogin2")): Object: 'Object Repository/Rizka/Admin/Admin - Login/btnLogin2' is clicked on

2020-06-25 14:09:13 - [MESSAGE][PASSED] - Object: 'Object Repository/Rizka/Admin/Admin - Login/btnLogin2' is clicked on

2020-06-25 14:09:13 - [TEST_STEP][PASSED] - delay(15): Delayed 15 second(s)

2020-06-25 14:09:28 - [MESSAGE][PASSED] - Delayed 15 second(s)

2020-06-25 14:09:28 - [MESSAGE][PASSED] - Call Test Case 'Test Cases/Rizka/Admin/AdminMainLogin' successfully

2020-06-25 14:09:28 - [TEST_STEP][PASSED] - click(findTestObject("Rizka/Admin/Admin - Manage Test - Quiz - Delete/btnTestManagement_v2")): Object: 'Object Repository/Rizka/Admin/Admin - Manage Test - Quiz - Delete/btnTestManagement_v2' is clicked on

2020-06-25 14:09:29 - [MESSAGE][PASSED] - Object: 'Object Repository/Rizka/Admin/Admin - Manage Test - Quiz - Delete/btnTestManagement_v2' is clicked on

2020-06-25 14:09:29 - [TEST_STEP][PASSED] - delay(7): Delayed 7 second(s)

2020-06-25 14:09:36 - [MESSAGE][PASSED] - Delayed 7 second(s)

2020-06-25 14:09:36 - [TEST_STEP][PASSED] - click(findTestObject("Rizka/Admin/Admin - Manage Test - Quiz - Delete/btnQuiz_v2")): Object: 'Object Repository/Rizka/Admin/Admin - Manage Test - Quiz - Delete/btnQuiz_v2' is clicked on

2020-06-25 14:09:36 - [MESSAGE][PASSED] - Object: 'Object Repository/Rizka/Admin/Admin - Manage Test - Quiz - Delete/btnQuiz_v2' is clicked on

2020-06-25 14:09:36 - [TEST_STEP][PASSED] - delay(7): Delayed 7 second(s)

2020-06-25 14:09:43 - [MESSAGE][PASSED] - Delayed 7 second(s)

2020-06-25 14:09:43 - [TEST_STEP][PASSED] - click(findTestObject("Rizka/Admin/Admin - Manage Test - Quiz - New Question/btnNewQuestion")): Object: 'Object Repository/Rizka/Admin/Admin - Manage Test - Quiz - New Question/btnNewQuestion' is clicked on

2020-06-25 14:09:54 - [MESSAGE][PASSED] - Object: 'Object Repository/Rizka/Admin/Admin - Manage Test - Quiz - New Question/btnNewQuestion' is clicked on

2020-06-25 14:09:54 - [TEST_STEP][PASSED] - delay(5): Delayed 5 second(s)

2020-06-25 14:09:59 - [MESSAGE][PASSED] - Delayed 5 second(s)

2020-06-25 14:09:59 - [TEST_STEP][PASSED] - if (tipeSoal != ""): All options with label 'Benar / Salah' are selected in object 'Object Repository/Rizka/Admin/Admin - Manage Test - Quiz - Edit/inputTipeSoal_v3' 

2020-06-25 14:09:59 - [TEST_STEP][PASSED] - selectOptionByLabel(findTestObject("Rizka/Admin/Admin - Manage Test - Quiz - Edit/inputTipeSoal_v3"), tipeSoal, false): All options with label 'Benar / Salah' are selected in object 'Object Repository/Rizka/Admin/Admin - Manage Test - Quiz - Edit/inputTipeSoal_v3' 

2020-06-25 14:10:03 - [MESSAGE][PASSED] - All options with label 'Benar / Salah' are selected in object 'Object Repository/Rizka/Admin/Admin - Manage Test - Quiz - Edit/inputTipeSoal_v3' 

2020-06-25 14:10:03 - [TEST_STEP][PASSED] - if (jobFunction != ""): All options with label 'SALES' are selected in object 'Object Repository/Rizka/Admin/Admin - Manage Test - Quiz - Edit/inputJobFunction_v3' 

2020-06-25 14:10:03 - [TEST_STEP][PASSED] - selectOptionByLabel(findTestObject("Rizka/Admin/Admin - Manage Test - Quiz - Edit/inputJobFunction_v3"), jobFunction, false): All options with label 'SALES' are selected in object 'Object Repository/Rizka/Admin/Admin - Manage Test - Quiz - Edit/inputJobFunction_v3' 

2020-06-25 14:10:10 - [MESSAGE][PASSED] - All options with label 'SALES' are selected in object 'Object Repository/Rizka/Admin/Admin - Manage Test - Quiz - Edit/inputJobFunction_v3' 

2020-06-25 14:10:10 - [TEST_STEP][PASSED] - delay(3): Delayed 3 second(s)

2020-06-25 14:10:13 - [MESSAGE][PASSED] - Delayed 3 second(s)

2020-06-25 14:10:13 - [TEST_STEP][PASSED] - if (jobPosition != ""): All options with label 'SALES MANAGER' are selected in object 'Object Repository/Rizka/Admin/Admin - Manage Test - Quiz - Edit/inputJobPosition_v3' 

2020-06-25 14:10:13 - [TEST_STEP][PASSED] - selectOptionByLabel(findTestObject("Rizka/Admin/Admin - Manage Test - Quiz - Edit/inputJobPosition_v3"), jobPosition, false): All options with label 'SALES MANAGER' are selected in object 'Object Repository/Rizka/Admin/Admin - Manage Test - Quiz - Edit/inputJobPosition_v3' 

2020-06-25 14:10:14 - [MESSAGE][PASSED] - All options with label 'SALES MANAGER' are selected in object 'Object Repository/Rizka/Admin/Admin - Manage Test - Quiz - Edit/inputJobPosition_v3' 

2020-06-25 14:10:14 - [TEST_STEP][PASSED] - if (module != ""): All options with label 'NEOP RCCA' are selected in object 'Object Repository/Rizka/Admin/Admin - Manage Test - Quiz - Edit/inputModul_v3' 

2020-06-25 14:10:14 - [TEST_STEP][PASSED] - selectOptionByLabel(findTestObject("Rizka/Admin/Admin - Manage Test - Quiz - Edit/inputModul_v3"), module, false): All options with label 'NEOP RCCA' are selected in object 'Object Repository/Rizka/Admin/Admin - Manage Test - Quiz - Edit/inputModul_v3' 

2020-06-25 14:10:15 - [MESSAGE][PASSED] - All options with label 'NEOP RCCA' are selected in object 'Object Repository/Rizka/Admin/Admin - Manage Test - Quiz - Edit/inputModul_v3' 

2020-06-25 14:10:15 - [TEST_STEP][PASSED] - if (subModule != ""): All options with label 'Post-Test' are selected in object 'Object Repository/Rizka/Admin/Admin - Manage Test - Quiz - Edit/inputSubModul_v3' 

2020-06-25 14:10:15 - [TEST_STEP][PASSED] - selectOptionByLabel(findTestObject("Rizka/Admin/Admin - Manage Test - Quiz - Edit/inputSubModul_v3"), subModule, false): All options with label 'Post-Test' are selected in object 'Object Repository/Rizka/Admin/Admin - Manage Test - Quiz - Edit/inputSubModul_v3' 

2020-06-25 14:10:18 - [MESSAGE][PASSED] - All options with label 'Post-Test' are selected in object 'Object Repository/Rizka/Admin/Admin - Manage Test - Quiz - Edit/inputSubModul_v3' 

2020-06-25 14:10:18 - [TEST_STEP][PASSED] - if (technicalCompetence != ""): Text 'Coba ya' is set on object 'Object Repository/Rizka/Admin/Admin - Manage Test - Quiz - New Question/inputTechnicalCompetence_v2'

2020-06-25 14:10:18 - [TEST_STEP][PASSED] - setText(findTestObject("Rizka/Admin/Admin - Manage Test - Quiz - New Question/inputTechnicalCompetence_v2"), technicalCompetence, STOP_ON_FAILURE): Text 'Coba ya' is set on object 'Object Repository/Rizka/Admin/Admin - Manage Test - Quiz - New Question/inputTechnicalCompetence_v2'

2020-06-25 14:10:18 - [MESSAGE][PASSED] - Text 'Coba ya' is set on object 'Object Repository/Rizka/Admin/Admin - Manage Test - Quiz - New Question/inputTechnicalCompetence_v2'

2020-06-25 14:10:18 - [TEST_STEP][PASSED] - if (levelCompetence != ""): Actual text '' and expected text 'Alfabet' are not matched 

2020-06-25 14:10:18 - [TEST_STEP][PASSED] - setText(findTestObject("Rizka/Admin/Admin - Manage Test - Quiz - New Question/inputLevelCompetence_v2"), levelCompetence, STOP_ON_FAILURE): Text 'Alfabet' is set on object 'Object Repository/Rizka/Admin/Admin - Manage Test - Quiz - New Question/inputLevelCompetence_v2'

2020-06-25 14:10:20 - [MESSAGE][PASSED] - Text 'Alfabet' is set on object 'Object Repository/Rizka/Admin/Admin - Manage Test - Quiz - New Question/inputLevelCompetence_v2'

2020-06-25 14:10:20 - [TEST_STEP][PASSED] - if (levelCompetence == "Alfabet"): Actual text '' and expected text 'Alfabet' are not matched 

2020-06-25 14:10:20 - [TEST_STEP][PASSED] - atribut = getAttribute(findTestObject("Rizka/Admin/Admin - Manage Test - Quiz - New Question/inputLevelCompetence_v2"), "value"): Attribute 'value' of object 'Object Repository/Rizka/Admin/Admin - Manage Test - Quiz - New Question/inputLevelCompetence_v2' is: ''

2020-06-25 14:10:21 - [MESSAGE][PASSED] - Attribute 'value' of object 'Object Repository/Rizka/Admin/Admin - Manage Test - Quiz - New Question/inputLevelCompetence_v2' is: ''

2020-06-25 14:10:21 - [TEST_STEP][PASSED] - verifyNotMatch(atribut, levelCompetence, false): Actual text '' and expected text 'Alfabet' are not matched 

2020-06-25 14:10:21 - [MESSAGE][PASSED] - Actual text '' and expected text 'Alfabet' are not matched 

2020-06-25 14:10:21 - [TEST_STEP][PASSED] - if (levelCompetence != "Alfabet"): null]]></system-out>
         <system-err><![CDATA[]]></system-err>
      </testcase>
      <testcase name="Test Cases/Rizka/Admin/Manage Test/Admin - Manage Test - Quiz - New Question" time="102.865" classname="Test Cases/Rizka/Admin/Manage Test/Admin - Manage Test - Quiz - New Question" status="PASSED">
         <system-out><![CDATA[2020-06-25 14:10:21 - [TEST_CASE][PASSED] - Test Cases/Rizka/Admin/Manage Test/Admin - Manage Test - Quiz - New Question: Test Cases/Rizka/Admin/Manage Test/Admin - Manage Test - Quiz - New Question

2020-06-25 14:10:21 - [TEST_STEP][PASSED] - callTestCase(findTestCase("Rizka/Admin/AdminMainLogin"), [:], STOP_ON_FAILURE): Call Test Case 'Test Cases/Rizka/Admin/AdminMainLogin' successfully

2020-06-25 14:10:21 - [TEST_CASE][PASSED] - Test Cases/Rizka/Admin/AdminMainLogin: Test Cases/Rizka/Admin/AdminMainLogin

2020-06-25 14:10:21 - [TEST_STEP][PASSED] - openBrowser("https://appsrv1.deltadatamandiri.com/ACC_LMS_WEB/#/admNLmn"): Browser is opened with url: 'https://appsrv1.deltadatamandiri.com/ACC_LMS_WEB/#/admNLmn'

2020-06-25 14:10:21 - [MESSAGE][WARNING] - A browser is already opened. Closing browser and opening a new one

2020-06-25 14:10:23 - [MESSAGE][INFO] - Starting 'Chrome' driver

2020-06-25 14:10:52 - [MESSAGE][PASSED] - Browser is opened with url: 'https://appsrv1.deltadatamandiri.com/ACC_LMS_WEB/#/admNLmn'

2020-06-25 14:10:52 - [TEST_STEP][PASSED] - maximizeWindow(): Current window maximized

2020-06-25 14:10:53 - [MESSAGE][PASSED] - Current window maximized

2020-06-25 14:10:53 - [TEST_STEP][PASSED] - delay(15): Delayed 15 second(s)

2020-06-25 14:11:08 - [MESSAGE][PASSED] - Delayed 15 second(s)

2020-06-25 14:11:08 - [TEST_STEP][PASSED] - click(findTestObject("Rizka/Admin/Admin - Login/btnLogin")): Object: 'Object Repository/Rizka/Admin/Admin - Login/btnLogin' is clicked on

2020-06-25 14:11:09 - [MESSAGE][PASSED] - Object: 'Object Repository/Rizka/Admin/Admin - Login/btnLogin' is clicked on

2020-06-25 14:11:09 - [TEST_STEP][PASSED] - setText(findTestObject("Rizka/Admin/Admin - Login/txtUsername"), "11666"): Text '11666' is set on object 'Object Repository/Rizka/Admin/Admin - Login/txtUsername'

2020-06-25 14:11:10 - [MESSAGE][PASSED] - Text '11666' is set on object 'Object Repository/Rizka/Admin/Admin - Login/txtUsername'

2020-06-25 14:11:10 - [TEST_STEP][PASSED] - setText(findTestObject("Rizka/Admin/Admin - Login/txtPassword"), "Password3"): Text 'Password3' is set on object 'Object Repository/Rizka/Admin/Admin - Login/txtPassword'

2020-06-25 14:11:10 - [MESSAGE][PASSED] - Text 'Password3' is set on object 'Object Repository/Rizka/Admin/Admin - Login/txtPassword'

2020-06-25 14:11:10 - [TEST_STEP][PASSED] - click(findTestObject("Rizka/Admin/Admin - Login/btnEyePass")): Object: 'Object Repository/Rizka/Admin/Admin - Login/btnEyePass' is clicked on

2020-06-25 14:11:11 - [MESSAGE][PASSED] - Object: 'Object Repository/Rizka/Admin/Admin - Login/btnEyePass' is clicked on

2020-06-25 14:11:11 - [TEST_STEP][PASSED] - click(findTestObject("Rizka/Admin/Admin - Login/checkboxRememberMe")): Object: 'Object Repository/Rizka/Admin/Admin - Login/checkboxRememberMe' is clicked on

2020-06-25 14:11:11 - [MESSAGE][PASSED] - Object: 'Object Repository/Rizka/Admin/Admin - Login/checkboxRememberMe' is clicked on

2020-06-25 14:11:11 - [TEST_STEP][PASSED] - click(findTestObject("Rizka/Admin/Admin - Login/btnLogin2")): Object: 'Object Repository/Rizka/Admin/Admin - Login/btnLogin2' is clicked on

2020-06-25 14:11:12 - [MESSAGE][PASSED] - Object: 'Object Repository/Rizka/Admin/Admin - Login/btnLogin2' is clicked on

2020-06-25 14:11:12 - [TEST_STEP][PASSED] - delay(15): Delayed 15 second(s)

2020-06-25 14:11:27 - [MESSAGE][PASSED] - Delayed 15 second(s)

2020-06-25 14:11:27 - [MESSAGE][PASSED] - Call Test Case 'Test Cases/Rizka/Admin/AdminMainLogin' successfully

2020-06-25 14:11:27 - [TEST_STEP][PASSED] - click(findTestObject("Rizka/Admin/Admin - Manage Test - Quiz - Delete/btnTestManagement_v2")): Object: 'Object Repository/Rizka/Admin/Admin - Manage Test - Quiz - Delete/btnTestManagement_v2' is clicked on

2020-06-25 14:11:28 - [MESSAGE][PASSED] - Object: 'Object Repository/Rizka/Admin/Admin - Manage Test - Quiz - Delete/btnTestManagement_v2' is clicked on

2020-06-25 14:11:28 - [TEST_STEP][PASSED] - delay(7): Delayed 7 second(s)

2020-06-25 14:11:35 - [MESSAGE][PASSED] - Delayed 7 second(s)

2020-06-25 14:11:35 - [TEST_STEP][PASSED] - click(findTestObject("Rizka/Admin/Admin - Manage Test - Quiz - Delete/btnQuiz_v2")): Object: 'Object Repository/Rizka/Admin/Admin - Manage Test - Quiz - Delete/btnQuiz_v2' is clicked on

2020-06-25 14:11:35 - [MESSAGE][PASSED] - Object: 'Object Repository/Rizka/Admin/Admin - Manage Test - Quiz - Delete/btnQuiz_v2' is clicked on

2020-06-25 14:11:35 - [TEST_STEP][PASSED] - delay(7): Delayed 7 second(s)

2020-06-25 14:11:42 - [MESSAGE][PASSED] - Delayed 7 second(s)

2020-06-25 14:11:42 - [TEST_STEP][PASSED] - click(findTestObject("Rizka/Admin/Admin - Manage Test - Quiz - New Question/btnNewQuestion")): Object: 'Object Repository/Rizka/Admin/Admin - Manage Test - Quiz - New Question/btnNewQuestion' is clicked on

2020-06-25 14:11:50 - [MESSAGE][PASSED] - Object: 'Object Repository/Rizka/Admin/Admin - Manage Test - Quiz - New Question/btnNewQuestion' is clicked on

2020-06-25 14:11:50 - [TEST_STEP][PASSED] - delay(5): Delayed 5 second(s)

2020-06-25 14:11:55 - [MESSAGE][PASSED] - Delayed 5 second(s)

2020-06-25 14:11:55 - [TEST_STEP][PASSED] - if (tipeSoal != ""): null

2020-06-25 14:11:55 - [TEST_STEP][PASSED] - if (jobFunction != ""): null

2020-06-25 14:11:55 - [TEST_STEP][PASSED] - delay(3): Delayed 3 second(s)

2020-06-25 14:11:58 - [MESSAGE][PASSED] - Delayed 3 second(s)

2020-06-25 14:11:58 - [TEST_STEP][PASSED] - if (jobPosition != ""): null

2020-06-25 14:11:58 - [TEST_STEP][PASSED] - if (module != ""): null

2020-06-25 14:11:58 - [TEST_STEP][PASSED] - if (subModule != ""): null

2020-06-25 14:11:58 - [TEST_STEP][PASSED] - if (technicalCompetence != ""): null

2020-06-25 14:11:58 - [TEST_STEP][PASSED] - if (levelCompetence != ""): null

2020-06-25 14:11:58 - [TEST_STEP][PASSED] - if (levelCompetence != "Alfabet"): Object 'Object Repository/Rizka/Admin/Admin - Manage Test - Quiz - New Question/btnSubmit' is visible

2020-06-25 14:11:58 - [TEST_STEP][PASSED] - if (soalQuestion != ""): null

2020-06-25 14:11:58 - [TEST_STEP][PASSED] - if (tipeSoal == "Pilihan Ganda"): null

2020-06-25 14:11:58 - [TEST_STEP][PASSED] - if (condition == "passed"): null

2020-06-25 14:11:58 - [TEST_STEP][PASSED] - else: Object 'Object Repository/Rizka/Admin/Admin - Manage Test - Quiz - New Question/btnSubmit' is visible

2020-06-25 14:11:58 - [TEST_STEP][PASSED] - click(findTestObject("Rizka/Admin/Admin - Manage Test - Quiz - New Question/btnSubmit")): Object: 'Object Repository/Rizka/Admin/Admin - Manage Test - Quiz - New Question/btnSubmit' is clicked on

2020-06-25 14:11:59 - [MESSAGE][PASSED] - Object: 'Object Repository/Rizka/Admin/Admin - Manage Test - Quiz - New Question/btnSubmit' is clicked on

2020-06-25 14:11:59 - [TEST_STEP][PASSED] - delay(5): Delayed 5 second(s)

2020-06-25 14:12:04 - [MESSAGE][PASSED] - Delayed 5 second(s)

2020-06-25 14:12:04 - [TEST_STEP][PASSED] - verifyElementVisible(findTestObject("Rizka/Admin/Admin - Manage Test - Quiz - New Question/btnSubmit")): Object 'Object Repository/Rizka/Admin/Admin - Manage Test - Quiz - New Question/btnSubmit' is visible

2020-06-25 14:12:04 - [MESSAGE][PASSED] - Object 'Object Repository/Rizka/Admin/Admin - Manage Test - Quiz - New Question/btnSubmit' is visible]]></system-out>
         <system-err><![CDATA[]]></system-err>
      </testcase>
      <system-out><![CDATA[2020-06-25 13:55:04 - [TEST_SUITE][PASSED] - Admin - Manage Test - Quiz: Test Cases/Rizka/Admin/Manage Test/Admin - Manage Test - Quiz - New Question]]></system-out>
      <system-err><![CDATA[]]></system-err>
   </testsuite>
</testsuites>
