<?xml version="1.0" encoding="UTF-8"?>
<testsuites name="User-Forgot Password" time="100.345" tests="4" failures="0" errors="0">
   <testsuite name="User-Forgot Password" tests="4" failures="0" errors="0" time="100.345" timestamp="2020-05-26 16:05:12" hostname="Denna Leksanti - 192.168.152.1" id="Test Suites/Denna/User-Forgot Password">
      <properties>
         <property name="deviceName" value=""/>
         <property name="devicePlatform" value=""/>
         <property name="logFolder" value="C:\\Users\\Hari Sapto\\git\\LearningManagementWeb\\Reports\\20200526_160505\\Denna\\User-Forgot Password\\20200526_160505"/>
         <property name="logFiles" value="C:\\Users\\Hari Sapto\\git\\LearningManagementWeb\\Reports\\20200526_160505\\Denna\\User-Forgot Password\\20200526_160505\\execution0.log"/>
         <property name="attachments" value=""/>
         <property name="hostName" value="Denna Leksanti - 192.168.152.1"/>
         <property name="os" value="Windows 10 64bit"/>
         <property name="katalonVersion" value="7.0.8.1"/>
         <property name="browser" value="Chrome 81.0.4044.138"/>
         <property name="hostAddress" value="192.168.152.1"/>
         <property name="sessionId" value="e45c4c1383631ec6d9fc746d489894cb"/>
         <property name="seleniumVersion" value="3.141.59"/>
         <property name="proxyInformation" value="ProxyInformation{proxyOption=NO_PROXY, proxyServerType=HTTP, password=, proxyServerAddress=, proxyServerPort=0}"/>
         <property name="platform" value="Windows 10"/>
      </properties>
      <testcase name="Test Cases/Denna/User - Forgot Password" time="32.071" classname="Test Cases/Denna/User - Forgot Password" status="PASSED">
         <system-out><![CDATA[2020-05-26 16:05:12 - [TEST_CASE][PASSED] - Test Cases/Denna/User - Forgot Password: Test Cases/Denna/User - Forgot Password

2020-05-26 16:05:14 - [TEST_STEP][PASSED] - openBrowser(""): Browser is opened with url: ''

2020-05-26 16:05:14 - [MESSAGE][INFO] - Starting 'Chrome' driver

2020-05-26 16:05:14 - [MESSAGE][INFO] - Action delay is set to 0 seconds

2020-05-26 16:05:23 - [MESSAGE][PASSED] - Browser is opened with url: ''

2020-05-26 16:05:23 - [TEST_STEP][PASSED] - navigateToUrl("https://appsrv1.deltadatamandiri.com/ACC_LMS_WEB/#/Main"): Navigate to 'https://appsrv1.deltadatamandiri.com/ACC_LMS_WEB/#/Main' successfully

2020-05-26 16:05:31 - [MESSAGE][PASSED] - Navigate to 'https://appsrv1.deltadatamandiri.com/ACC_LMS_WEB/#/Main' successfully

2020-05-26 16:05:31 - [TEST_STEP][PASSED] - maximizeWindow(): Current window maximized

2020-05-26 16:05:33 - [MESSAGE][PASSED] - Current window maximized

2020-05-26 16:05:33 - [TEST_STEP][PASSED] - click(findTestObject("Denna/User - Forgot Password/button login")): Object: 'Object Repository/Denna/User - Forgot Password/button login' is clicked on

2020-05-26 16:05:36 - [MESSAGE][PASSED] - Object: 'Object Repository/Denna/User - Forgot Password/button login' is clicked on

2020-05-26 16:05:36 - [TEST_STEP][PASSED] - click(findTestObject("Object Repository/Denna/User - Forgot Password/button Forgot Password")): Object: 'Object Repository/Denna/User - Forgot Password/button Forgot Password' is clicked on

2020-05-26 16:05:37 - [MESSAGE][PASSED] - Object: 'Object Repository/Denna/User - Forgot Password/button Forgot Password' is clicked on

2020-05-26 16:05:37 - [TEST_STEP][PASSED] - setText(findTestObject("Denna/User - Forgot Password/input NPK npkUser"), NPK): Text '14426' is set on object 'Object Repository/Denna/User - Forgot Password/input NPK npkUser'

2020-05-26 16:05:38 - [MESSAGE][PASSED] - Text '14426' is set on object 'Object Repository/Denna/User - Forgot Password/input NPK npkUser'

2020-05-26 16:05:38 - [TEST_STEP][PASSED] - click(findTestObject("Object Repository/Denna/User - Forgot Password/button Kirim OTP")): Object: 'Object Repository/Denna/User - Forgot Password/button Kirim OTP' is clicked on

2020-05-26 16:05:38 - [MESSAGE][PASSED] - Object: 'Object Repository/Denna/User - Forgot Password/button Kirim OTP' is clicked on

2020-05-26 16:05:38 - [TEST_STEP][PASSED] - switch (Kondisi): null

2020-05-26 16:05:38 - [TEST_STEP][PASSED] - case "fail":: null

2020-05-26 16:05:38 - [TEST_STEP][PASSED] - setText(findTestObject("Denna/User - Forgot Password/input Icon newPassword"), newPassword): Text 'Passwordddddddddddddddddddddddddddddddddddddddddddddddd' is set on object 'Object Repository/Denna/User - Forgot Password/input Icon newPassword'

2020-05-26 16:05:41 - [MESSAGE][PASSED] - Text 'Passwordddddddddddddddddddddddddddddddddddddddddddddddd' is set on object 'Object Repository/Denna/User - Forgot Password/input Icon newPassword'

2020-05-26 16:05:41 - [TEST_STEP][PASSED] - setText(findTestObject("Denna/User - Forgot Password/input Icon newPasswordConfirm"), newPasswordConfirm): Text 'Passwordddddddddddddddddddddddddddddddddddddddddddddddd' is set on object 'Object Repository/Denna/User - Forgot Password/input Icon newPasswordConfirm'

2020-05-26 16:05:42 - [MESSAGE][PASSED] - Text 'Passwordddddddddddddddddddddddddddddddddddddddddddddddd' is set on object 'Object Repository/Denna/User - Forgot Password/input Icon newPasswordConfirm'

2020-05-26 16:05:42 - [TEST_STEP][PASSED] - click(findTestObject("Object Repository/Denna/User - Forgot Password/button RESET PASSWORD")): Object: 'Object Repository/Denna/User - Forgot Password/button RESET PASSWORD' is clicked on

2020-05-26 16:05:43 - [MESSAGE][PASSED] - Object: 'Object Repository/Denna/User - Forgot Password/button RESET PASSWORD' is clicked on

2020-05-26 16:05:43 - [TEST_STEP][PASSED] - if (Keterangan == "emptyAllPassword"): null

2020-05-26 16:05:43 - [TEST_STEP][PASSED] - else if (Keterangan == "emptyPasswordConfirm"): null

2020-05-26 16:05:43 - [TEST_STEP][PASSED] - else if (Keterangan == "emptyNewPassword"): null

2020-05-26 16:05:43 - [TEST_STEP][PASSED] - else if (Keterangan == "PasswordNotMatch"): null

2020-05-26 16:05:43 - [TEST_STEP][PASSED] - else if (Keterangan == "PasswordInvalid"): Object 'Object Repository/Denna/User - Forgot Password/label password must be at least 6 characters and contain uppercase lowercase letters and numbers' is visible

2020-05-26 16:05:43 - [TEST_STEP][PASSED] - verifyElementVisible(findTestObject("Denna/User - Forgot Password/label password must be at least 6 characters and contain uppercase lowercase letters and numbers")): Object 'Object Repository/Denna/User - Forgot Password/label password must be at least 6 characters and contain uppercase lowercase letters and numbers' is visible

2020-05-26 16:05:43 - [MESSAGE][PASSED] - Object 'Object Repository/Denna/User - Forgot Password/label password must be at least 6 characters and contain uppercase lowercase letters and numbers' is visible

2020-05-26 16:05:43 - [TEST_STEP][PASSED] - break: null

2020-05-26 16:05:43 - [TEST_STEP][PASSED] - closeBrowser(): Browser is closed

2020-05-26 16:05:44 - [MESSAGE][PASSED] - Browser is closed]]></system-out>
         <system-err><![CDATA[]]></system-err>
      </testcase>
      <testcase name="Test Cases/Denna/User - Forgot Password" time="24.009" classname="Test Cases/Denna/User - Forgot Password" status="PASSED">
         <system-out><![CDATA[2020-05-26 16:05:44 - [TEST_CASE][PASSED] - Test Cases/Denna/User - Forgot Password: Test Cases/Denna/User - Forgot Password

2020-05-26 16:05:45 - [TEST_STEP][PASSED] - openBrowser(""): Browser is opened with url: ''

2020-05-26 16:05:45 - [MESSAGE][INFO] - Starting 'Chrome' driver

2020-05-26 16:05:48 - [MESSAGE][PASSED] - Browser is opened with url: ''

2020-05-26 16:05:48 - [TEST_STEP][PASSED] - navigateToUrl("https://appsrv1.deltadatamandiri.com/ACC_LMS_WEB/#/Main"): Navigate to 'https://appsrv1.deltadatamandiri.com/ACC_LMS_WEB/#/Main' successfully

2020-05-26 16:05:56 - [MESSAGE][PASSED] - Navigate to 'https://appsrv1.deltadatamandiri.com/ACC_LMS_WEB/#/Main' successfully

2020-05-26 16:05:56 - [TEST_STEP][PASSED] - maximizeWindow(): Current window maximized

2020-05-26 16:05:58 - [MESSAGE][PASSED] - Current window maximized

2020-05-26 16:05:58 - [TEST_STEP][PASSED] - click(findTestObject("Denna/User - Forgot Password/button login")): Object: 'Object Repository/Denna/User - Forgot Password/button login' is clicked on

2020-05-26 16:06:00 - [MESSAGE][PASSED] - Object: 'Object Repository/Denna/User - Forgot Password/button login' is clicked on

2020-05-26 16:06:00 - [TEST_STEP][PASSED] - click(findTestObject("Object Repository/Denna/User - Forgot Password/button Forgot Password")): Object: 'Object Repository/Denna/User - Forgot Password/button Forgot Password' is clicked on

2020-05-26 16:06:02 - [MESSAGE][PASSED] - Object: 'Object Repository/Denna/User - Forgot Password/button Forgot Password' is clicked on

2020-05-26 16:06:02 - [TEST_STEP][PASSED] - setText(findTestObject("Denna/User - Forgot Password/input NPK npkUser"), NPK): Text '14426' is set on object 'Object Repository/Denna/User - Forgot Password/input NPK npkUser'

2020-05-26 16:06:02 - [MESSAGE][PASSED] - Text '14426' is set on object 'Object Repository/Denna/User - Forgot Password/input NPK npkUser'

2020-05-26 16:06:02 - [TEST_STEP][PASSED] - click(findTestObject("Object Repository/Denna/User - Forgot Password/button Kirim OTP")): Object: 'Object Repository/Denna/User - Forgot Password/button Kirim OTP' is clicked on

2020-05-26 16:06:03 - [MESSAGE][PASSED] - Object: 'Object Repository/Denna/User - Forgot Password/button Kirim OTP' is clicked on

2020-05-26 16:06:03 - [TEST_STEP][PASSED] - switch (Kondisi): null

2020-05-26 16:06:03 - [TEST_STEP][PASSED] - case "fail":: null

2020-05-26 16:06:03 - [TEST_STEP][PASSED] - setText(findTestObject("Denna/User - Forgot Password/input Icon newPassword"), newPassword): Text '123456' is set on object 'Object Repository/Denna/User - Forgot Password/input Icon newPassword'

2020-05-26 16:06:06 - [MESSAGE][PASSED] - Text '123456' is set on object 'Object Repository/Denna/User - Forgot Password/input Icon newPassword'

2020-05-26 16:06:06 - [TEST_STEP][PASSED] - setText(findTestObject("Denna/User - Forgot Password/input Icon newPasswordConfirm"), newPasswordConfirm): Text '123456' is set on object 'Object Repository/Denna/User - Forgot Password/input Icon newPasswordConfirm'

2020-05-26 16:06:07 - [MESSAGE][PASSED] - Text '123456' is set on object 'Object Repository/Denna/User - Forgot Password/input Icon newPasswordConfirm'

2020-05-26 16:06:07 - [TEST_STEP][PASSED] - click(findTestObject("Object Repository/Denna/User - Forgot Password/button RESET PASSWORD")): Object: 'Object Repository/Denna/User - Forgot Password/button RESET PASSWORD' is clicked on

2020-05-26 16:06:07 - [MESSAGE][PASSED] - Object: 'Object Repository/Denna/User - Forgot Password/button RESET PASSWORD' is clicked on

2020-05-26 16:06:07 - [TEST_STEP][PASSED] - if (Keterangan == "emptyAllPassword"): null

2020-05-26 16:06:07 - [TEST_STEP][PASSED] - else if (Keterangan == "emptyPasswordConfirm"): null

2020-05-26 16:06:07 - [TEST_STEP][PASSED] - else if (Keterangan == "emptyNewPassword"): null

2020-05-26 16:06:07 - [TEST_STEP][PASSED] - else if (Keterangan == "PasswordNotMatch"): null

2020-05-26 16:06:07 - [TEST_STEP][PASSED] - else if (Keterangan == "PasswordInvalid"): Object 'Object Repository/Denna/User - Forgot Password/label password must be at least 6 characters and contain uppercase lowercase letters and numbers' is visible

2020-05-26 16:06:07 - [TEST_STEP][PASSED] - verifyElementVisible(findTestObject("Denna/User - Forgot Password/label password must be at least 6 characters and contain uppercase lowercase letters and numbers")): Object 'Object Repository/Denna/User - Forgot Password/label password must be at least 6 characters and contain uppercase lowercase letters and numbers' is visible

2020-05-26 16:06:08 - [MESSAGE][PASSED] - Object 'Object Repository/Denna/User - Forgot Password/label password must be at least 6 characters and contain uppercase lowercase letters and numbers' is visible

2020-05-26 16:06:08 - [TEST_STEP][PASSED] - break: null

2020-05-26 16:06:08 - [TEST_STEP][PASSED] - closeBrowser(): Browser is closed

2020-05-26 16:06:09 - [MESSAGE][PASSED] - Browser is closed]]></system-out>
         <system-err><![CDATA[]]></system-err>
      </testcase>
      <testcase name="Test Cases/Denna/User - Forgot Password" time="21.752" classname="Test Cases/Denna/User - Forgot Password" status="PASSED">
         <system-out><![CDATA[2020-05-26 16:06:09 - [TEST_CASE][PASSED] - Test Cases/Denna/User - Forgot Password: Test Cases/Denna/User - Forgot Password

2020-05-26 16:06:09 - [TEST_STEP][PASSED] - openBrowser(""): Browser is opened with url: ''

2020-05-26 16:06:09 - [MESSAGE][INFO] - Starting 'Chrome' driver

2020-05-26 16:06:12 - [MESSAGE][PASSED] - Browser is opened with url: ''

2020-05-26 16:06:12 - [TEST_STEP][PASSED] - navigateToUrl("https://appsrv1.deltadatamandiri.com/ACC_LMS_WEB/#/Main"): Navigate to 'https://appsrv1.deltadatamandiri.com/ACC_LMS_WEB/#/Main' successfully

2020-05-26 16:06:19 - [MESSAGE][PASSED] - Navigate to 'https://appsrv1.deltadatamandiri.com/ACC_LMS_WEB/#/Main' successfully

2020-05-26 16:06:19 - [TEST_STEP][PASSED] - maximizeWindow(): Current window maximized

2020-05-26 16:06:21 - [MESSAGE][PASSED] - Current window maximized

2020-05-26 16:06:21 - [TEST_STEP][PASSED] - click(findTestObject("Denna/User - Forgot Password/button login")): Object: 'Object Repository/Denna/User - Forgot Password/button login' is clicked on

2020-05-26 16:06:23 - [MESSAGE][PASSED] - Object: 'Object Repository/Denna/User - Forgot Password/button login' is clicked on

2020-05-26 16:06:23 - [TEST_STEP][PASSED] - click(findTestObject("Object Repository/Denna/User - Forgot Password/button Forgot Password")): Object: 'Object Repository/Denna/User - Forgot Password/button Forgot Password' is clicked on

2020-05-26 16:06:25 - [MESSAGE][PASSED] - Object: 'Object Repository/Denna/User - Forgot Password/button Forgot Password' is clicked on

2020-05-26 16:06:25 - [TEST_STEP][PASSED] - setText(findTestObject("Denna/User - Forgot Password/input NPK npkUser"), NPK): Text '14426' is set on object 'Object Repository/Denna/User - Forgot Password/input NPK npkUser'

2020-05-26 16:06:25 - [MESSAGE][PASSED] - Text '14426' is set on object 'Object Repository/Denna/User - Forgot Password/input NPK npkUser'

2020-05-26 16:06:25 - [TEST_STEP][PASSED] - click(findTestObject("Object Repository/Denna/User - Forgot Password/button Kirim OTP")): Object: 'Object Repository/Denna/User - Forgot Password/button Kirim OTP' is clicked on

2020-05-26 16:06:26 - [MESSAGE][PASSED] - Object: 'Object Repository/Denna/User - Forgot Password/button Kirim OTP' is clicked on

2020-05-26 16:06:26 - [TEST_STEP][PASSED] - switch (Kondisi): null

2020-05-26 16:06:26 - [TEST_STEP][PASSED] - case "fail":: null

2020-05-26 16:06:26 - [TEST_STEP][PASSED] - setText(findTestObject("Denna/User - Forgot Password/input Icon newPassword"), newPassword): Text '!@#$%^&*()_' is set on object 'Object Repository/Denna/User - Forgot Password/input Icon newPassword'

2020-05-26 16:06:28 - [MESSAGE][PASSED] - Text '!@#$%^&*()_' is set on object 'Object Repository/Denna/User - Forgot Password/input Icon newPassword'

2020-05-26 16:06:28 - [TEST_STEP][PASSED] - setText(findTestObject("Denna/User - Forgot Password/input Icon newPasswordConfirm"), newPasswordConfirm): Text '!@#$%^&*()_' is set on object 'Object Repository/Denna/User - Forgot Password/input Icon newPasswordConfirm'

2020-05-26 16:06:29 - [MESSAGE][PASSED] - Text '!@#$%^&*()_' is set on object 'Object Repository/Denna/User - Forgot Password/input Icon newPasswordConfirm'

2020-05-26 16:06:29 - [TEST_STEP][PASSED] - click(findTestObject("Object Repository/Denna/User - Forgot Password/button RESET PASSWORD")): Object: 'Object Repository/Denna/User - Forgot Password/button RESET PASSWORD' is clicked on

2020-05-26 16:06:29 - [MESSAGE][PASSED] - Object: 'Object Repository/Denna/User - Forgot Password/button RESET PASSWORD' is clicked on

2020-05-26 16:06:29 - [TEST_STEP][PASSED] - if (Keterangan == "emptyAllPassword"): null

2020-05-26 16:06:29 - [TEST_STEP][PASSED] - else if (Keterangan == "emptyPasswordConfirm"): null

2020-05-26 16:06:29 - [TEST_STEP][PASSED] - else if (Keterangan == "emptyNewPassword"): null

2020-05-26 16:06:29 - [TEST_STEP][PASSED] - else if (Keterangan == "PasswordNotMatch"): null

2020-05-26 16:06:29 - [TEST_STEP][PASSED] - else if (Keterangan == "PasswordInvalid"): Object 'Object Repository/Denna/User - Forgot Password/label password must be at least 6 characters and contain uppercase lowercase letters and numbers' is visible

2020-05-26 16:06:29 - [TEST_STEP][PASSED] - verifyElementVisible(findTestObject("Denna/User - Forgot Password/label password must be at least 6 characters and contain uppercase lowercase letters and numbers")): Object 'Object Repository/Denna/User - Forgot Password/label password must be at least 6 characters and contain uppercase lowercase letters and numbers' is visible

2020-05-26 16:06:30 - [MESSAGE][PASSED] - Object 'Object Repository/Denna/User - Forgot Password/label password must be at least 6 characters and contain uppercase lowercase letters and numbers' is visible

2020-05-26 16:06:30 - [TEST_STEP][PASSED] - break: null

2020-05-26 16:06:30 - [TEST_STEP][PASSED] - closeBrowser(): Browser is closed

2020-05-26 16:06:30 - [MESSAGE][PASSED] - Browser is closed]]></system-out>
         <system-err><![CDATA[]]></system-err>
      </testcase>
      <testcase name="Test Cases/Denna/User - Forgot Password" time="21.662" classname="Test Cases/Denna/User - Forgot Password" status="PASSED">
         <system-out><![CDATA[2020-05-26 16:06:30 - [TEST_CASE][PASSED] - Test Cases/Denna/User - Forgot Password: Test Cases/Denna/User - Forgot Password

2020-05-26 16:06:30 - [TEST_STEP][PASSED] - openBrowser(""): Browser is opened with url: ''

2020-05-26 16:06:30 - [MESSAGE][INFO] - Starting 'Chrome' driver

2020-05-26 16:06:34 - [MESSAGE][PASSED] - Browser is opened with url: ''

2020-05-26 16:06:34 - [TEST_STEP][PASSED] - navigateToUrl("https://appsrv1.deltadatamandiri.com/ACC_LMS_WEB/#/Main"): Navigate to 'https://appsrv1.deltadatamandiri.com/ACC_LMS_WEB/#/Main' successfully

2020-05-26 16:06:41 - [MESSAGE][PASSED] - Navigate to 'https://appsrv1.deltadatamandiri.com/ACC_LMS_WEB/#/Main' successfully

2020-05-26 16:06:41 - [TEST_STEP][PASSED] - maximizeWindow(): Current window maximized

2020-05-26 16:06:43 - [MESSAGE][PASSED] - Current window maximized

2020-05-26 16:06:43 - [TEST_STEP][PASSED] - click(findTestObject("Denna/User - Forgot Password/button login")): Object: 'Object Repository/Denna/User - Forgot Password/button login' is clicked on

2020-05-26 16:06:45 - [MESSAGE][PASSED] - Object: 'Object Repository/Denna/User - Forgot Password/button login' is clicked on

2020-05-26 16:06:45 - [TEST_STEP][PASSED] - click(findTestObject("Object Repository/Denna/User - Forgot Password/button Forgot Password")): Object: 'Object Repository/Denna/User - Forgot Password/button Forgot Password' is clicked on

2020-05-26 16:06:46 - [MESSAGE][PASSED] - Object: 'Object Repository/Denna/User - Forgot Password/button Forgot Password' is clicked on

2020-05-26 16:06:46 - [TEST_STEP][PASSED] - setText(findTestObject("Denna/User - Forgot Password/input NPK npkUser"), NPK): Text '14426' is set on object 'Object Repository/Denna/User - Forgot Password/input NPK npkUser'

2020-05-26 16:06:47 - [MESSAGE][PASSED] - Text '14426' is set on object 'Object Repository/Denna/User - Forgot Password/input NPK npkUser'

2020-05-26 16:06:47 - [TEST_STEP][PASSED] - click(findTestObject("Object Repository/Denna/User - Forgot Password/button Kirim OTP")): Object: 'Object Repository/Denna/User - Forgot Password/button Kirim OTP' is clicked on

2020-05-26 16:06:47 - [MESSAGE][PASSED] - Object: 'Object Repository/Denna/User - Forgot Password/button Kirim OTP' is clicked on

2020-05-26 16:06:47 - [TEST_STEP][PASSED] - switch (Kondisi): null

2020-05-26 16:06:47 - [TEST_STEP][PASSED] - case "fail":: null

2020-05-26 16:06:47 - [TEST_STEP][PASSED] - setText(findTestObject("Denna/User - Forgot Password/input Icon newPassword"), newPassword): Text 'Paaaaaa!@#$%^&*()_' is set on object 'Object Repository/Denna/User - Forgot Password/input Icon newPassword'

2020-05-26 16:06:50 - [MESSAGE][PASSED] - Text 'Paaaaaa!@#$%^&*()_' is set on object 'Object Repository/Denna/User - Forgot Password/input Icon newPassword'

2020-05-26 16:06:50 - [TEST_STEP][PASSED] - setText(findTestObject("Denna/User - Forgot Password/input Icon newPasswordConfirm"), newPasswordConfirm): Text 'Paaaaaa!@#$%^&*()_' is set on object 'Object Repository/Denna/User - Forgot Password/input Icon newPasswordConfirm'

2020-05-26 16:06:50 - [MESSAGE][PASSED] - Text 'Paaaaaa!@#$%^&*()_' is set on object 'Object Repository/Denna/User - Forgot Password/input Icon newPasswordConfirm'

2020-05-26 16:06:50 - [TEST_STEP][PASSED] - click(findTestObject("Object Repository/Denna/User - Forgot Password/button RESET PASSWORD")): Object: 'Object Repository/Denna/User - Forgot Password/button RESET PASSWORD' is clicked on

2020-05-26 16:06:51 - [MESSAGE][PASSED] - Object: 'Object Repository/Denna/User - Forgot Password/button RESET PASSWORD' is clicked on

2020-05-26 16:06:51 - [TEST_STEP][PASSED] - if (Keterangan == "emptyAllPassword"): null

2020-05-26 16:06:51 - [TEST_STEP][PASSED] - else if (Keterangan == "emptyPasswordConfirm"): null

2020-05-26 16:06:51 - [TEST_STEP][PASSED] - else if (Keterangan == "emptyNewPassword"): null

2020-05-26 16:06:51 - [TEST_STEP][PASSED] - else if (Keterangan == "PasswordNotMatch"): null

2020-05-26 16:06:51 - [TEST_STEP][PASSED] - else if (Keterangan == "PasswordInvalid"): Object 'Object Repository/Denna/User - Forgot Password/label password must be at least 6 characters and contain uppercase lowercase letters and numbers' is visible

2020-05-26 16:06:51 - [TEST_STEP][PASSED] - verifyElementVisible(findTestObject("Denna/User - Forgot Password/label password must be at least 6 characters and contain uppercase lowercase letters and numbers")): Object 'Object Repository/Denna/User - Forgot Password/label password must be at least 6 characters and contain uppercase lowercase letters and numbers' is visible

2020-05-26 16:06:51 - [MESSAGE][PASSED] - Object 'Object Repository/Denna/User - Forgot Password/label password must be at least 6 characters and contain uppercase lowercase letters and numbers' is visible

2020-05-26 16:06:51 - [TEST_STEP][PASSED] - break: null

2020-05-26 16:06:51 - [TEST_STEP][PASSED] - closeBrowser(): Browser is closed

2020-05-26 16:06:52 - [MESSAGE][PASSED] - Browser is closed]]></system-out>
         <system-err><![CDATA[]]></system-err>
      </testcase>
      <system-out><![CDATA[2020-05-26 16:05:12 - [TEST_SUITE][PASSED] - User-Forgot Password: Test Cases/Denna/User - Forgot Password]]></system-out>
      <system-err><![CDATA[]]></system-err>
   </testsuite>
</testsuites>
