<?xml version="1.0" encoding="UTF-8"?>
<testsuites name="User-Forgot Password" time="142.307" tests="3" failures="0" errors="0">
   <testsuite name="User-Forgot Password" tests="3" failures="0" errors="0" time="142.307" timestamp="2020-05-14 16:53:51" hostname="Denna Leksanti - 192.168.152.1" id="Test Suites/Denna/User-Forgot Password">
      <properties>
         <property name="deviceName" value=""/>
         <property name="devicePlatform" value=""/>
         <property name="logFolder" value="C:\\Users\\Hari Sapto\\git\\LearningManagementWeb\\Reports\\20200514_165339\\Denna\\User-Forgot Password\\20200514_165339"/>
         <property name="logFiles" value="C:\\Users\\Hari Sapto\\git\\LearningManagementWeb\\Reports\\20200514_165339\\Denna\\User-Forgot Password\\20200514_165339\\execution0.log"/>
         <property name="attachments" value=""/>
         <property name="hostName" value="Denna Leksanti - 192.168.152.1"/>
         <property name="os" value="Windows 10 64bit"/>
         <property name="katalonVersion" value="7.0.8.1"/>
         <property name="browser" value="Chrome 81.0.4044.138"/>
         <property name="hostAddress" value="192.168.152.1"/>
         <property name="sessionId" value="628c060ddbac78b7017a2b8d629767a5"/>
         <property name="seleniumVersion" value="3.141.59"/>
         <property name="proxyInformation" value="ProxyInformation{proxyOption=NO_PROXY, proxyServerType=HTTP, password=, proxyServerAddress=, proxyServerPort=0}"/>
         <property name="platform" value="Windows 10"/>
      </properties>
      <testcase name="Test Cases/Denna/User - Forgot Password" time="45.345" classname="Test Cases/Denna/User - Forgot Password" status="PASSED">
         <system-out><![CDATA[2020-05-14 16:53:52 - [TEST_CASE][PASSED] - Test Cases/Denna/User - Forgot Password: Test Cases/Denna/User - Forgot Password

2020-05-14 16:53:52 - [TEST_STEP][PASSED] - openBrowser(""): Browser is opened with url: ''

2020-05-14 16:53:53 - [MESSAGE][INFO] - Starting 'Chrome' driver

2020-05-14 16:53:53 - [MESSAGE][INFO] - Action delay is set to 0 seconds

2020-05-14 16:54:03 - [MESSAGE][PASSED] - Browser is opened with url: ''

2020-05-14 16:54:03 - [TEST_STEP][PASSED] - navigateToUrl("https://appsrv1.deltadatamandiri.com/ACC_LMS_WEB/#/Main"): Navigate to 'https://appsrv1.deltadatamandiri.com/ACC_LMS_WEB/#/Main' successfully

2020-05-14 16:54:17 - [MESSAGE][PASSED] - Navigate to 'https://appsrv1.deltadatamandiri.com/ACC_LMS_WEB/#/Main' successfully

2020-05-14 16:54:17 - [TEST_STEP][PASSED] - maximizeWindow(): Current window maximized

2020-05-14 16:54:20 - [MESSAGE][PASSED] - Current window maximized

2020-05-14 16:54:20 - [TEST_STEP][PASSED] - click(findTestObject("Denna/User - Forgot Password/button login")): Object: 'Object Repository/Denna/User - Forgot Password/button login' is clicked on

2020-05-14 16:54:29 - [MESSAGE][PASSED] - Object: 'Object Repository/Denna/User - Forgot Password/button login' is clicked on

2020-05-14 16:54:29 - [TEST_STEP][PASSED] - click(findTestObject("Object Repository/Denna/User - Forgot Password/button Forgot Password")): Object: 'Object Repository/Denna/User - Forgot Password/button Forgot Password' is clicked on

2020-05-14 16:54:31 - [MESSAGE][PASSED] - Object: 'Object Repository/Denna/User - Forgot Password/button Forgot Password' is clicked on

2020-05-14 16:54:31 - [TEST_STEP][PASSED] - setText(findTestObject("Denna/User - Forgot Password/input NPK npkUser"), NPK): Text '55555' is set on object 'Object Repository/Denna/User - Forgot Password/input NPK npkUser'

2020-05-14 16:54:32 - [MESSAGE][PASSED] - Text '55555' is set on object 'Object Repository/Denna/User - Forgot Password/input NPK npkUser'

2020-05-14 16:54:32 - [TEST_STEP][PASSED] - click(findTestObject("Object Repository/Denna/User - Forgot Password/button Kirim OTP")): Object: 'Object Repository/Denna/User - Forgot Password/button Kirim OTP' is clicked on

2020-05-14 16:54:33 - [MESSAGE][PASSED] - Object: 'Object Repository/Denna/User - Forgot Password/button Kirim OTP' is clicked on

2020-05-14 16:54:33 - [TEST_STEP][PASSED] - switch (Kondisi): null

2020-05-14 16:54:33 - [TEST_STEP][PASSED] - case "fail1":: null

2020-05-14 16:54:33 - [TEST_STEP][PASSED] - if (Keterangan == "emptyNPK"): null

2020-05-14 16:54:33 - [TEST_STEP][PASSED] - break: null

2020-05-14 16:54:33 - [TEST_STEP][PASSED] - closeBrowser(): Browser is closed

2020-05-14 16:54:37 - [MESSAGE][PASSED] - Browser is closed]]></system-out>
         <system-err><![CDATA[]]></system-err>
      </testcase>
      <testcase name="Test Cases/Denna/User - Forgot Password" time="47.614" classname="Test Cases/Denna/User - Forgot Password" status="PASSED">
         <system-out><![CDATA[2020-05-14 16:54:37 - [TEST_CASE][PASSED] - Test Cases/Denna/User - Forgot Password: Test Cases/Denna/User - Forgot Password

2020-05-14 16:54:37 - [TEST_STEP][PASSED] - openBrowser(""): Browser is opened with url: ''

2020-05-14 16:54:37 - [MESSAGE][INFO] - Starting 'Chrome' driver

2020-05-14 16:54:44 - [MESSAGE][PASSED] - Browser is opened with url: ''

2020-05-14 16:54:44 - [TEST_STEP][PASSED] - navigateToUrl("https://appsrv1.deltadatamandiri.com/ACC_LMS_WEB/#/Main"): Navigate to 'https://appsrv1.deltadatamandiri.com/ACC_LMS_WEB/#/Main' successfully

2020-05-14 16:54:54 - [MESSAGE][PASSED] - Navigate to 'https://appsrv1.deltadatamandiri.com/ACC_LMS_WEB/#/Main' successfully

2020-05-14 16:54:54 - [TEST_STEP][PASSED] - maximizeWindow(): Current window maximized

2020-05-14 16:54:56 - [MESSAGE][PASSED] - Current window maximized

2020-05-14 16:54:56 - [TEST_STEP][PASSED] - click(findTestObject("Denna/User - Forgot Password/button login")): Object: 'Object Repository/Denna/User - Forgot Password/button login' is clicked on

2020-05-14 16:55:03 - [MESSAGE][PASSED] - Object: 'Object Repository/Denna/User - Forgot Password/button login' is clicked on

2020-05-14 16:55:03 - [TEST_STEP][PASSED] - click(findTestObject("Object Repository/Denna/User - Forgot Password/button Forgot Password")): Object: 'Object Repository/Denna/User - Forgot Password/button Forgot Password' is clicked on

2020-05-14 16:55:05 - [MESSAGE][PASSED] - Object: 'Object Repository/Denna/User - Forgot Password/button Forgot Password' is clicked on

2020-05-14 16:55:05 - [TEST_STEP][PASSED] - setText(findTestObject("Denna/User - Forgot Password/input NPK npkUser"), NPK): Text '14426' is set on object 'Object Repository/Denna/User - Forgot Password/input NPK npkUser'

2020-05-14 16:55:06 - [MESSAGE][PASSED] - Text '14426' is set on object 'Object Repository/Denna/User - Forgot Password/input NPK npkUser'

2020-05-14 16:55:06 - [TEST_STEP][PASSED] - click(findTestObject("Object Repository/Denna/User - Forgot Password/button Kirim OTP")): Object: 'Object Repository/Denna/User - Forgot Password/button Kirim OTP' is clicked on

2020-05-14 16:55:06 - [MESSAGE][PASSED] - Object: 'Object Repository/Denna/User - Forgot Password/button Kirim OTP' is clicked on

2020-05-14 16:55:06 - [TEST_STEP][PASSED] - switch (Kondisi): null

2020-05-14 16:55:06 - [TEST_STEP][PASSED] - case "fail":: null

2020-05-14 16:55:06 - [TEST_STEP][PASSED] - setText(findTestObject("Denna/User - Forgot Password/input Icon newPassword"), newPassword): Text 'Password2' is set on object 'Object Repository/Denna/User - Forgot Password/input Icon newPassword'

2020-05-14 16:55:09 - [MESSAGE][PASSED] - Text 'Password2' is set on object 'Object Repository/Denna/User - Forgot Password/input Icon newPassword'

2020-05-14 16:55:09 - [TEST_STEP][PASSED] - setText(findTestObject("Denna/User - Forgot Password/input Icon newPasswordConfirm"), newPasswordConfirm): Text 'Password2' is set on object 'Object Repository/Denna/User - Forgot Password/input Icon newPasswordConfirm'

2020-05-14 16:55:10 - [MESSAGE][PASSED] - Text 'Password2' is set on object 'Object Repository/Denna/User - Forgot Password/input Icon newPasswordConfirm'

2020-05-14 16:55:10 - [TEST_STEP][PASSED] - click(findTestObject("Object Repository/Denna/User - Forgot Password/button RESET PASSWORD")): Object: 'Object Repository/Denna/User - Forgot Password/button RESET PASSWORD' is clicked on

2020-05-14 16:55:10 - [MESSAGE][PASSED] - Object: 'Object Repository/Denna/User - Forgot Password/button RESET PASSWORD' is clicked on

2020-05-14 16:55:10 - [TEST_STEP][PASSED] - if (Keterangan == "emptyAllPassword"): null

2020-05-14 16:55:10 - [TEST_STEP][PASSED] - else if (Keterangan == "emptyPasswordConfirm"): null

2020-05-14 16:55:10 - [TEST_STEP][PASSED] - else if (Keterangan == "emptyNewPassword"): null

2020-05-14 16:55:10 - [TEST_STEP][PASSED] - else if (Keterangan == "PasswordNotMatch"): null

2020-05-14 16:55:10 - [TEST_STEP][PASSED] - else if (Keterangan == "PasswordInvalid"): null

2020-05-14 16:55:10 - [TEST_STEP][PASSED] - else if (Keterangan == "PasswordInvalidDefault"): null

2020-05-14 16:55:10 - [TEST_STEP][PASSED] - else if (Keterangan == "wrongOTP"): Object 'Object Repository/Denna/User - Forgot Password/label Account Confirmation' is visible

2020-05-14 16:55:10 - [TEST_STEP][PASSED] - setText(findTestObject("Object Repository/Denna/User - Forgot Password/input_Kode OTP_text1"), otp1): Text '1' is set on object 'Object Repository/Denna/User - Forgot Password/input_Kode OTP_text1'

2020-05-14 16:55:15 - [MESSAGE][PASSED] - Text '1' is set on object 'Object Repository/Denna/User - Forgot Password/input_Kode OTP_text1'

2020-05-14 16:55:15 - [TEST_STEP][PASSED] - setText(findTestObject("Object Repository/Denna/User - Forgot Password/input_Kode OTP_text2"), otp2): Text '9' is set on object 'Object Repository/Denna/User - Forgot Password/input_Kode OTP_text2'

2020-05-14 16:55:16 - [MESSAGE][PASSED] - Text '9' is set on object 'Object Repository/Denna/User - Forgot Password/input_Kode OTP_text2'

2020-05-14 16:55:16 - [TEST_STEP][PASSED] - setText(findTestObject("Object Repository/Denna/User - Forgot Password/input_Kode OTP_text3"), otp3): Text '9' is set on object 'Object Repository/Denna/User - Forgot Password/input_Kode OTP_text3'

2020-05-14 16:55:16 - [MESSAGE][PASSED] - Text '9' is set on object 'Object Repository/Denna/User - Forgot Password/input_Kode OTP_text3'

2020-05-14 16:55:16 - [TEST_STEP][PASSED] - setText(findTestObject("Object Repository/Denna/User - Forgot Password/input_Kode OTP_text4"), otp4): Text '9' is set on object 'Object Repository/Denna/User - Forgot Password/input_Kode OTP_text4'

2020-05-14 16:55:17 - [MESSAGE][PASSED] - Text '9' is set on object 'Object Repository/Denna/User - Forgot Password/input_Kode OTP_text4'

2020-05-14 16:55:17 - [TEST_STEP][PASSED] - setText(findTestObject("Object Repository/Denna/User - Forgot Password/input_Kode OTP_text5"), otp5): Text '8' is set on object 'Object Repository/Denna/User - Forgot Password/input_Kode OTP_text5'

2020-05-14 16:55:18 - [MESSAGE][PASSED] - Text '8' is set on object 'Object Repository/Denna/User - Forgot Password/input_Kode OTP_text5'

2020-05-14 16:55:18 - [TEST_STEP][PASSED] - setText(findTestObject("Object Repository/Denna/User - Forgot Password/input_Kode OTP_text6"), otp6): Text '9' is set on object 'Object Repository/Denna/User - Forgot Password/input_Kode OTP_text6'

2020-05-14 16:55:18 - [MESSAGE][PASSED] - Text '9' is set on object 'Object Repository/Denna/User - Forgot Password/input_Kode OTP_text6'

2020-05-14 16:55:18 - [TEST_STEP][PASSED] - click(findTestObject("Object Repository/Denna/User - Forgot Password/button Konfirmasi")): Object: 'Object Repository/Denna/User - Forgot Password/button Konfirmasi' is clicked on

2020-05-14 16:55:19 - [MESSAGE][PASSED] - Object: 'Object Repository/Denna/User - Forgot Password/button Konfirmasi' is clicked on

2020-05-14 16:55:19 - [TEST_STEP][PASSED] - verifyElementVisible(findTestObject("Denna/User - Forgot Password/label Account Confirmation")): Object 'Object Repository/Denna/User - Forgot Password/label Account Confirmation' is visible

2020-05-14 16:55:22 - [MESSAGE][PASSED] - Object 'Object Repository/Denna/User - Forgot Password/label Account Confirmation' is visible

2020-05-14 16:55:22 - [TEST_STEP][PASSED] - break: null

2020-05-14 16:55:22 - [TEST_STEP][PASSED] - closeBrowser(): Browser is closed

2020-05-14 16:55:25 - [MESSAGE][PASSED] - Browser is closed]]></system-out>
         <system-err><![CDATA[]]></system-err>
      </testcase>
      <testcase name="Test Cases/Denna/User - Forgot Password" time="48.325" classname="Test Cases/Denna/User - Forgot Password" status="PASSED">
         <system-out><![CDATA[2020-05-14 16:55:25 - [TEST_CASE][PASSED] - Test Cases/Denna/User - Forgot Password: Test Cases/Denna/User - Forgot Password

2020-05-14 16:55:25 - [TEST_STEP][PASSED] - openBrowser(""): Browser is opened with url: ''

2020-05-14 16:55:25 - [MESSAGE][INFO] - Starting 'Chrome' driver

2020-05-14 16:55:38 - [MESSAGE][PASSED] - Browser is opened with url: ''

2020-05-14 16:55:38 - [TEST_STEP][PASSED] - navigateToUrl("https://appsrv1.deltadatamandiri.com/ACC_LMS_WEB/#/Main"): Navigate to 'https://appsrv1.deltadatamandiri.com/ACC_LMS_WEB/#/Main' successfully

2020-05-14 16:55:46 - [MESSAGE][PASSED] - Navigate to 'https://appsrv1.deltadatamandiri.com/ACC_LMS_WEB/#/Main' successfully

2020-05-14 16:55:46 - [TEST_STEP][PASSED] - maximizeWindow(): Current window maximized

2020-05-14 16:55:48 - [MESSAGE][PASSED] - Current window maximized

2020-05-14 16:55:48 - [TEST_STEP][PASSED] - click(findTestObject("Denna/User - Forgot Password/button login")): Object: 'Object Repository/Denna/User - Forgot Password/button login' is clicked on

2020-05-14 16:55:52 - [MESSAGE][PASSED] - Object: 'Object Repository/Denna/User - Forgot Password/button login' is clicked on

2020-05-14 16:55:52 - [TEST_STEP][PASSED] - click(findTestObject("Object Repository/Denna/User - Forgot Password/button Forgot Password")): Object: 'Object Repository/Denna/User - Forgot Password/button Forgot Password' is clicked on

2020-05-14 16:55:53 - [MESSAGE][PASSED] - Object: 'Object Repository/Denna/User - Forgot Password/button Forgot Password' is clicked on

2020-05-14 16:55:53 - [TEST_STEP][PASSED] - setText(findTestObject("Denna/User - Forgot Password/input NPK npkUser"), NPK): Text '14426' is set on object 'Object Repository/Denna/User - Forgot Password/input NPK npkUser'

2020-05-14 16:55:53 - [MESSAGE][PASSED] - Text '14426' is set on object 'Object Repository/Denna/User - Forgot Password/input NPK npkUser'

2020-05-14 16:55:53 - [TEST_STEP][PASSED] - click(findTestObject("Object Repository/Denna/User - Forgot Password/button Kirim OTP")): Object: 'Object Repository/Denna/User - Forgot Password/button Kirim OTP' is clicked on

2020-05-14 16:55:54 - [MESSAGE][PASSED] - Object: 'Object Repository/Denna/User - Forgot Password/button Kirim OTP' is clicked on

2020-05-14 16:55:54 - [TEST_STEP][PASSED] - switch (Kondisi): null

2020-05-14 16:55:54 - [TEST_STEP][PASSED] - case "pass":: null

2020-05-14 16:55:54 - [TEST_STEP][PASSED] - setText(findTestObject("Denna/User - Forgot Password/input Icon newPassword"), newPassword): Text 'Password2' is set on object 'Object Repository/Denna/User - Forgot Password/input Icon newPassword'

2020-05-14 16:55:57 - [MESSAGE][PASSED] - Text 'Password2' is set on object 'Object Repository/Denna/User - Forgot Password/input Icon newPassword'

2020-05-14 16:55:57 - [TEST_STEP][PASSED] - setText(findTestObject("Denna/User - Forgot Password/input Icon newPasswordConfirm"), newPasswordConfirm): Text 'Password2' is set on object 'Object Repository/Denna/User - Forgot Password/input Icon newPasswordConfirm'

2020-05-14 16:55:57 - [MESSAGE][PASSED] - Text 'Password2' is set on object 'Object Repository/Denna/User - Forgot Password/input Icon newPasswordConfirm'

2020-05-14 16:55:57 - [TEST_STEP][PASSED] - click(findTestObject("Object Repository/Denna/User - Forgot Password/button RESET PASSWORD")): Object: 'Object Repository/Denna/User - Forgot Password/button RESET PASSWORD' is clicked on

2020-05-14 16:55:57 - [MESSAGE][PASSED] - Object: 'Object Repository/Denna/User - Forgot Password/button RESET PASSWORD' is clicked on

2020-05-14 16:55:57 - [TEST_STEP][PASSED] - setText(findTestObject("Object Repository/Denna/User - Forgot Password/input_Kode OTP_text1"), otp1): Text '2' is set on object 'Object Repository/Denna/User - Forgot Password/input_Kode OTP_text1'

2020-05-14 16:56:02 - [MESSAGE][PASSED] - Text '2' is set on object 'Object Repository/Denna/User - Forgot Password/input_Kode OTP_text1'

2020-05-14 16:56:02 - [TEST_STEP][PASSED] - setText(findTestObject("Object Repository/Denna/User - Forgot Password/input_Kode OTP_text2"), otp2): Text '4' is set on object 'Object Repository/Denna/User - Forgot Password/input_Kode OTP_text2'

2020-05-14 16:56:03 - [MESSAGE][PASSED] - Text '4' is set on object 'Object Repository/Denna/User - Forgot Password/input_Kode OTP_text2'

2020-05-14 16:56:03 - [TEST_STEP][PASSED] - setText(findTestObject("Object Repository/Denna/User - Forgot Password/input_Kode OTP_text3"), otp3): Text '9' is set on object 'Object Repository/Denna/User - Forgot Password/input_Kode OTP_text3'

2020-05-14 16:56:04 - [MESSAGE][PASSED] - Text '9' is set on object 'Object Repository/Denna/User - Forgot Password/input_Kode OTP_text3'

2020-05-14 16:56:04 - [TEST_STEP][PASSED] - setText(findTestObject("Object Repository/Denna/User - Forgot Password/input_Kode OTP_text4"), otp4): Text '9' is set on object 'Object Repository/Denna/User - Forgot Password/input_Kode OTP_text4'

2020-05-14 16:56:04 - [MESSAGE][PASSED] - Text '9' is set on object 'Object Repository/Denna/User - Forgot Password/input_Kode OTP_text4'

2020-05-14 16:56:04 - [TEST_STEP][PASSED] - setText(findTestObject("Object Repository/Denna/User - Forgot Password/input_Kode OTP_text5"), otp5): Text '2' is set on object 'Object Repository/Denna/User - Forgot Password/input_Kode OTP_text5'

2020-05-14 16:56:05 - [MESSAGE][PASSED] - Text '2' is set on object 'Object Repository/Denna/User - Forgot Password/input_Kode OTP_text5'

2020-05-14 16:56:05 - [TEST_STEP][PASSED] - setText(findTestObject("Object Repository/Denna/User - Forgot Password/input_Kode OTP_text6"), otp6): Text '1' is set on object 'Object Repository/Denna/User - Forgot Password/input_Kode OTP_text6'

2020-05-14 16:56:05 - [MESSAGE][PASSED] - Text '1' is set on object 'Object Repository/Denna/User - Forgot Password/input_Kode OTP_text6'

2020-05-14 16:56:05 - [TEST_STEP][PASSED] - click(findTestObject("Object Repository/Denna/User - Forgot Password/button Konfirmasi")): Object: 'Object Repository/Denna/User - Forgot Password/button Konfirmasi' is clicked on

2020-05-14 16:56:06 - [MESSAGE][PASSED] - Object: 'Object Repository/Denna/User - Forgot Password/button Konfirmasi' is clicked on

2020-05-14 16:56:06 - [TEST_STEP][PASSED] - verifyElementVisible(findTestObject("Denna/User - Forgot Password/label Password anda berhasil diganti Mohon login kembali menggunakan password baru")): Object 'Object Repository/Denna/User - Forgot Password/label Password anda berhasil diganti Mohon login kembali menggunakan password baru' is visible

2020-05-14 16:56:09 - [MESSAGE][PASSED] - Object 'Object Repository/Denna/User - Forgot Password/label Password anda berhasil diganti Mohon login kembali menggunakan password baru' is visible

2020-05-14 16:56:09 - [TEST_STEP][PASSED] - click(findTestObject("Object Repository/Denna/User - Forgot Password/button Back to Login Page")): Object: 'Object Repository/Denna/User - Forgot Password/button Back to Login Page' is clicked on

2020-05-14 16:56:10 - [MESSAGE][PASSED] - Object: 'Object Repository/Denna/User - Forgot Password/button Back to Login Page' is clicked on

2020-05-14 16:56:10 - [TEST_STEP][PASSED] - break: null

2020-05-14 16:56:10 - [TEST_STEP][PASSED] - closeBrowser(): Browser is closed

2020-05-14 16:56:13 - [MESSAGE][PASSED] - Browser is closed]]></system-out>
         <system-err><![CDATA[]]></system-err>
      </testcase>
      <system-out><![CDATA[2020-05-14 16:53:51 - [TEST_SUITE][PASSED] - User-Forgot Password: Test Cases/Denna/User - Forgot Password]]></system-out>
      <system-err><![CDATA[]]></system-err>
   </testsuite>
</testsuites>
