<?xml version="1.0" encoding="UTF-8"?>
<testsuites name="User - Logout" time="99.263" tests="1" failures="0" errors="0">
   <testsuite name="User - Logout" tests="1" failures="0" errors="0" time="99.263" timestamp="2020-05-15 15:37:08" hostname="Denna Leksanti - 192.168.152.1" id="Test Suites/Denna/User - Logout">
      <properties>
         <property name="deviceName" value=""/>
         <property name="devicePlatform" value=""/>
         <property name="logFolder" value="C:\\Users\\Hari Sapto\\git\\LearningManagementWeb\\Reports\\20200515_153656\\Denna\\User - Logout\\20200515_153656"/>
         <property name="logFiles" value="C:\\Users\\Hari Sapto\\git\\LearningManagementWeb\\Reports\\20200515_153656\\Denna\\User - Logout\\20200515_153656\\execution0.log"/>
         <property name="attachments" value=""/>
         <property name="hostName" value="Denna Leksanti - 192.168.152.1"/>
         <property name="os" value="Windows 10 64bit"/>
         <property name="katalonVersion" value="7.0.8.1"/>
         <property name="browser" value="Chrome 81.0.4044.138"/>
         <property name="hostAddress" value="192.168.152.1"/>
         <property name="sessionId" value="8f8fb62389514d3bc2542ebe3af740c6"/>
         <property name="seleniumVersion" value="3.141.59"/>
         <property name="proxyInformation" value="ProxyInformation{proxyOption=NO_PROXY, proxyServerType=HTTP, password=, proxyServerAddress=, proxyServerPort=0}"/>
         <property name="platform" value="Windows 10"/>
      </properties>
      <testcase name="Test Cases/Denna/User - Logout" time="98.781" classname="Test Cases/Denna/User - Logout" status="PASSED">
         <system-out><![CDATA[2020-05-15 15:37:08 - [TEST_CASE][PASSED] - Test Cases/Denna/User - Logout: Test Cases/Denna/User - Logout

2020-05-15 15:37:09 - [TEST_STEP][PASSED] - callTestCase(findTestCase("Denna/Login(User)"), [:], STOP_ON_FAILURE): Call Test Case 'Test Cases/Denna/Login(User)' successfully

2020-05-15 15:37:09 - [TEST_CASE][PASSED] - Test Cases/Denna/Login(User): Test Cases/Denna/Login(User)

2020-05-15 15:37:09 - [TEST_STEP][PASSED] - openBrowser(""): Browser is opened with url: ''

2020-05-15 15:37:10 - [MESSAGE][INFO] - Starting 'Chrome' driver

2020-05-15 15:37:10 - [MESSAGE][INFO] - Action delay is set to 0 seconds

2020-05-15 15:37:18 - [MESSAGE][PASSED] - Browser is opened with url: ''

2020-05-15 15:37:18 - [TEST_STEP][PASSED] - navigateToUrl("https://appsrv1.deltadatamandiri.com/ACC_LMS_WEB/#/Main"): Navigate to 'https://appsrv1.deltadatamandiri.com/ACC_LMS_WEB/#/Main' successfully

2020-05-15 15:37:51 - [MESSAGE][PASSED] - Navigate to 'https://appsrv1.deltadatamandiri.com/ACC_LMS_WEB/#/Main' successfully

2020-05-15 15:37:51 - [TEST_STEP][PASSED] - maximizeWindow(): Current window maximized

2020-05-15 15:37:53 - [MESSAGE][PASSED] - Current window maximized

2020-05-15 15:37:53 - [TEST_STEP][PASSED] - click(findTestObject("Denna/User-Login/button login")): Object: 'Object Repository/Denna/User-Login/button login' is clicked on

2020-05-15 15:37:58 - [MESSAGE][PASSED] - Object: 'Object Repository/Denna/User-Login/button login' is clicked on

2020-05-15 15:37:58 - [TEST_STEP][PASSED] - setText(findTestObject("Denna/User-Login/input NPK username"), "14426"): Text '14426' is set on object 'Object Repository/Denna/User-Login/input NPK username'

2020-05-15 15:37:58 - [MESSAGE][PASSED] - Text '14426' is set on object 'Object Repository/Denna/User-Login/input NPK username'

2020-05-15 15:37:58 - [TEST_STEP][PASSED] - setText(findTestObject("Denna/User-Login/inputPassword"), "Password2"): Text 'Password2' is set on object 'Object Repository/Denna/User-Login/inputPassword'

2020-05-15 15:37:59 - [MESSAGE][PASSED] - Text 'Password2' is set on object 'Object Repository/Denna/User-Login/inputPassword'

2020-05-15 15:37:59 - [TEST_STEP][PASSED] - click(findTestObject("Denna/User-Login/button login 1 masuk")): Object: 'Object Repository/Denna/User-Login/button login 1 masuk' is clicked on

2020-05-15 15:37:59 - [MESSAGE][PASSED] - Object: 'Object Repository/Denna/User-Login/button login 1 masuk' is clicked on

2020-05-15 15:37:59 - [TEST_STEP][PASSED] - verifyElementVisible(findTestObject("Denna/User-Login/button_My Learning IconMy Learning")): Object 'Object Repository/Denna/User-Login/button_My Learning IconMy Learning' is visible

2020-05-15 15:38:24 - [MESSAGE][PASSED] - Object 'Object Repository/Denna/User-Login/button_My Learning IconMy Learning' is visible

2020-05-15 15:38:24 - [MESSAGE][PASSED] - Call Test Case 'Test Cases/Denna/Login(User)' successfully

2020-05-15 15:38:24 - [TEST_STEP][PASSED] - click(findTestObject("Object Repository/Denna/User - Logout/icon Photo Profile")): Object: 'Object Repository/Denna/User - Logout/icon Photo Profile' is clicked on

2020-05-15 15:38:25 - [MESSAGE][PASSED] - Object: 'Object Repository/Denna/User - Logout/icon Photo Profile' is clicked on

2020-05-15 15:38:25 - [TEST_STEP][PASSED] - click(findTestObject("Object Repository/Denna/User - Logout/button Log  Out")): Object: 'Object Repository/Denna/User - Logout/button Log  Out' is clicked on

2020-05-15 15:38:29 - [MESSAGE][PASSED] - Object: 'Object Repository/Denna/User - Logout/button Log  Out' is clicked on

2020-05-15 15:38:29 - [TEST_STEP][PASSED] - delay(15): Delayed 15 second(s)

2020-05-15 15:38:44 - [MESSAGE][PASSED] - Delayed 15 second(s)

2020-05-15 15:38:44 - [TEST_STEP][PASSED] - verifyElementVisible(findTestObject("Denna/User-Login/button login")): Object 'Object Repository/Denna/User-Login/button login' is visible

2020-05-15 15:38:44 - [MESSAGE][PASSED] - Object 'Object Repository/Denna/User-Login/button login' is visible

2020-05-15 15:38:44 - [TEST_STEP][PASSED] - closeBrowser(): Browser is closed

2020-05-15 15:38:47 - [MESSAGE][PASSED] - Browser is closed]]></system-out>
         <system-err><![CDATA[]]></system-err>
      </testcase>
      <system-out><![CDATA[2020-05-15 15:37:08 - [TEST_SUITE][PASSED] - User - Logout: Test Cases/Denna/User - Logout]]></system-out>
      <system-err><![CDATA[]]></system-err>
   </testsuite>
</testsuites>
