<?xml version="1.0" encoding="UTF-8"?>
<testsuites name="Admin - Manage Test - Quiz" time="80.052" tests="1" failures="0" errors="0">
   <testsuite name="Admin - Manage Test - Quiz" tests="1" failures="0" errors="0" time="80.052" timestamp="2020-05-15 17:25:42" hostname="rizkajuliant20 - DESKTOP-NHES7H6" id="Test Suites/Rizka/Admin - Manage Test - Quiz">
      <properties>
         <property name="deviceName" value=""/>
         <property name="devicePlatform" value=""/>
         <property name="logFolder" value="D:\\MY WORLD\\WORKS (TUGAS)\\LearningManagementWeb\\Reports\\20200515_172532\\Rizka\\Admin - Manage Test - Quiz\\20200515_172532"/>
         <property name="logFiles" value="D:\\MY WORLD\\WORKS (TUGAS)\\LearningManagementWeb\\Reports\\20200515_172532\\Rizka\\Admin - Manage Test - Quiz\\20200515_172532\\execution0.log"/>
         <property name="attachments" value=""/>
         <property name="hostName" value="rizkajuliant20 - DESKTOP-NHES7H6"/>
         <property name="os" value="Windows 10 64bit"/>
         <property name="katalonVersion" value="7.2.1.1"/>
         <property name="browser" value="Chrome 81.0.4044.138"/>
         <property name="hostAddress" value="192.168.1.116"/>
         <property name="sessionId" value="43f1bb6180b3f449c58e41e97b809e9c"/>
         <property name="seleniumVersion" value="3.141.59"/>
         <property name="proxyInformation" value="ProxyInformation{proxyOption=NO_PROXY, proxyServerType=HTTP, password=, proxyServerAddress=, proxyServerPort=0, executionList=}"/>
         <property name="platform" value="Windows 10"/>
      </properties>
      <testcase name="Test Cases/Rizka/Admin - Manage Test - Quiz - Delete" time="77.896" classname="Test Cases/Rizka/Admin - Manage Test - Quiz - Delete" status="PASSED">
         <system-out><![CDATA[2020-05-15 17:25:42 - [TEST_CASE][PASSED] - Test Cases/Rizka/Admin - Manage Test - Quiz - Delete: Test Cases/Rizka/Admin - Manage Test - Quiz - Delete

2020-05-15 17:25:43 - [TEST_STEP][PASSED] - openBrowser(""): Browser is opened with url: ''

2020-05-15 17:25:44 - [MESSAGE][INFO] - Starting 'Chrome' driver

2020-05-15 17:25:44 - [MESSAGE][INFO] - Action delay is set to 0 seconds

2020-05-15 17:25:52 - [MESSAGE][PASSED] - Browser is opened with url: ''

2020-05-15 17:25:52 - [TEST_STEP][PASSED] - navigateToUrl("https://appsrv1.deltadatamandiri.com/ACC_LMS_WEB/#/admNLmn"): Navigate to 'https://appsrv1.deltadatamandiri.com/ACC_LMS_WEB/#/admNLmn' successfully

2020-05-15 17:26:01 - [MESSAGE][PASSED] - Navigate to 'https://appsrv1.deltadatamandiri.com/ACC_LMS_WEB/#/admNLmn' successfully

2020-05-15 17:26:01 - [TEST_STEP][PASSED] - delay(5): Delayed 5 second(s)

2020-05-15 17:26:06 - [MESSAGE][PASSED] - Delayed 5 second(s)

2020-05-15 17:26:06 - [TEST_STEP][PASSED] - click(findTestObject("Rizka/Admin - Login/btnLogin")): Object: 'Object Repository/Rizka/Admin - Login/btnLogin' is clicked on

2020-05-15 17:26:08 - [MESSAGE][PASSED] - Object: 'Object Repository/Rizka/Admin - Login/btnLogin' is clicked on

2020-05-15 17:26:08 - [TEST_STEP][PASSED] - setText(findTestObject("Rizka/Admin - Login/txtUsername"), "11666"): Text '11666' is set on object 'Object Repository/Rizka/Admin - Login/txtUsername'

2020-05-15 17:26:09 - [MESSAGE][PASSED] - Text '11666' is set on object 'Object Repository/Rizka/Admin - Login/txtUsername'

2020-05-15 17:26:09 - [TEST_STEP][PASSED] - setText(findTestObject("Rizka/Admin - Login/txtPassword"), "Password3"): Text 'Password3' is set on object 'Object Repository/Rizka/Admin - Login/txtPassword'

2020-05-15 17:26:09 - [MESSAGE][PASSED] - Text 'Password3' is set on object 'Object Repository/Rizka/Admin - Login/txtPassword'

2020-05-15 17:26:09 - [TEST_STEP][PASSED] - click(findTestObject("Rizka/Admin - Login/btnEyePass")): Object: 'Object Repository/Rizka/Admin - Login/btnEyePass' is clicked on

2020-05-15 17:26:10 - [MESSAGE][PASSED] - Object: 'Object Repository/Rizka/Admin - Login/btnEyePass' is clicked on

2020-05-15 17:26:10 - [TEST_STEP][PASSED] - click(findTestObject("Rizka/Admin - Login/checkboxRememberMe")): Object: 'Object Repository/Rizka/Admin - Login/checkboxRememberMe' is clicked on

2020-05-15 17:26:10 - [MESSAGE][PASSED] - Object: 'Object Repository/Rizka/Admin - Login/checkboxRememberMe' is clicked on

2020-05-15 17:26:10 - [TEST_STEP][PASSED] - click(findTestObject("Rizka/Admin - Login/btnLogin2")): Object: 'Object Repository/Rizka/Admin - Login/btnLogin2' is clicked on

2020-05-15 17:26:11 - [MESSAGE][PASSED] - Object: 'Object Repository/Rizka/Admin - Login/btnLogin2' is clicked on

2020-05-15 17:26:11 - [TEST_STEP][PASSED] - delay(20): Delayed 20 second(s)

2020-05-15 17:26:31 - [MESSAGE][PASSED] - Delayed 20 second(s)

2020-05-15 17:26:31 - [TEST_STEP][PASSED] - click(findTestObject("Object Repository/Rizka/Admin - Manage Test - Quiz - Edit/button_Manage Test")): Object: 'Object Repository/Rizka/Admin - Manage Test - Quiz - Edit/button_Manage Test' is clicked on

2020-05-15 17:26:31 - [MESSAGE][PASSED] - Object: 'Object Repository/Rizka/Admin - Manage Test - Quiz - Edit/button_Manage Test' is clicked on

2020-05-15 17:26:31 - [TEST_STEP][PASSED] - delay(10): Delayed 10 second(s)

2020-05-15 17:26:41 - [MESSAGE][PASSED] - Delayed 10 second(s)

2020-05-15 17:26:41 - [TEST_STEP][PASSED] - click(findTestObject("Rizka/Admin - Manage Test - Quiz - Edit/btnQuiz")): Object: 'Object Repository/Rizka/Admin - Manage Test - Quiz - Edit/btnQuiz' is clicked on

2020-05-15 17:26:42 - [MESSAGE][PASSED] - Object: 'Object Repository/Rizka/Admin - Manage Test - Quiz - Edit/btnQuiz' is clicked on

2020-05-15 17:26:42 - [TEST_STEP][PASSED] - click(findTestObject("Rizka/Admin - Manage Test - Quiz - Edit/btnManageTest")): Object: 'Object Repository/Rizka/Admin - Manage Test - Quiz - Edit/btnManageTest' is clicked on

2020-05-15 17:26:45 - [MESSAGE][PASSED] - Object: 'Object Repository/Rizka/Admin - Manage Test - Quiz - Edit/btnManageTest' is clicked on

2020-05-15 17:26:45 - [TEST_STEP][PASSED] - if (condition == "passed"): null

2020-05-15 17:26:45 - [TEST_STEP][PASSED] - else: Object 'Object Repository/Rizka/Admin - Manage Test - Quiz - Delete/label_Pengalihan kontrak dari nasabah lama ke nasabah baru yang akan melanjutkan pembayaran secara kredit disebut' is visible

2020-05-15 17:26:45 - [TEST_STEP][PASSED] - verifyElementVisible(findTestObject("Rizka/Admin - Manage Test - Quiz - Delete/i_NEOP Teller Cash  PDC dan FAB_app-icon wi wi-more-vert fa-2x")): Object 'Object Repository/Rizka/Admin - Manage Test - Quiz - Delete/i_NEOP Teller Cash  PDC dan FAB_app-icon wi wi-more-vert fa-2x' is visible

2020-05-15 17:26:54 - [MESSAGE][PASSED] - Object 'Object Repository/Rizka/Admin - Manage Test - Quiz - Delete/i_NEOP Teller Cash  PDC dan FAB_app-icon wi wi-more-vert fa-2x' is visible

2020-05-15 17:26:54 - [TEST_STEP][PASSED] - click(findTestObject("Rizka/Admin - Manage Test - Quiz - Delete/btnOptions2")): Object: 'Object Repository/Rizka/Admin - Manage Test - Quiz - Delete/btnOptions2' is clicked on

2020-05-15 17:26:55 - [MESSAGE][PASSED] - Object: 'Object Repository/Rizka/Admin - Manage Test - Quiz - Delete/btnOptions2' is clicked on

2020-05-15 17:26:55 - [TEST_STEP][PASSED] - click(findTestObject("Rizka/Admin - Manage Test - Quiz - Edit/btnDelete")): Object: 'Object Repository/Rizka/Admin - Manage Test - Quiz - Edit/btnDelete' is clicked on

2020-05-15 17:26:56 - [MESSAGE][PASSED] - Object: 'Object Repository/Rizka/Admin - Manage Test - Quiz - Edit/btnDelete' is clicked on

2020-05-15 17:26:56 - [TEST_STEP][PASSED] - delay(3): Delayed 3 second(s)

2020-05-15 17:26:59 - [MESSAGE][PASSED] - Delayed 3 second(s)

2020-05-15 17:26:59 - [TEST_STEP][PASSED] - click(findTestObject("Rizka/Admin - Manage Test - Quiz - Delete/span_CANCEL")): Object: 'Object Repository/Rizka/Admin - Manage Test - Quiz - Delete/span_CANCEL' is clicked on

2020-05-15 17:26:59 - [MESSAGE][PASSED] - Object: 'Object Repository/Rizka/Admin - Manage Test - Quiz - Delete/span_CANCEL' is clicked on

2020-05-15 17:26:59 - [TEST_STEP][PASSED] - verifyElementVisible(findTestObject("Rizka/Admin - Manage Test - Quiz - Delete/label_Pengalihan kontrak dari nasabah lama ke nasabah baru yang akan melanjutkan pembayaran secara kredit disebut")): Object 'Object Repository/Rizka/Admin - Manage Test - Quiz - Delete/label_Pengalihan kontrak dari nasabah lama ke nasabah baru yang akan melanjutkan pembayaran secara kredit disebut' is visible

2020-05-15 17:27:00 - [MESSAGE][PASSED] - Object 'Object Repository/Rizka/Admin - Manage Test - Quiz - Delete/label_Pengalihan kontrak dari nasabah lama ke nasabah baru yang akan melanjutkan pembayaran secara kredit disebut' is visible]]></system-out>
         <system-err><![CDATA[]]></system-err>
      </testcase>
      <system-out><![CDATA[2020-05-15 17:25:42 - [TEST_SUITE][PASSED] - Admin - Manage Test - Quiz: Test Cases/Rizka/Admin - Manage Test - Quiz - Delete]]></system-out>
      <system-err><![CDATA[]]></system-err>
   </testsuite>
</testsuites>
