<?xml version="1.0" encoding="UTF-8"?>
<testsuites name="Admin - Manage Test - Quiz" time="141.302" tests="1" failures="0" errors="0">
   <testsuite name="Admin - Manage Test - Quiz" tests="1" failures="0" errors="0" time="141.302" timestamp="2020-05-26 00:52:10" hostname="rizkajuliant20 - DESKTOP-NHES7H6" id="Test Suites/Rizka/Admin - Manage Test - Quiz">
      <properties>
         <property name="deviceName" value=""/>
         <property name="devicePlatform" value=""/>
         <property name="logFolder" value="D:\\MY WORLD\\WORKS (TUGAS)\\LearningManagementWeb\\Reports\\20200526_005159\\Rizka\\Admin - Manage Test - Quiz\\20200526_005159"/>
         <property name="logFiles" value="D:\\MY WORLD\\WORKS (TUGAS)\\LearningManagementWeb\\Reports\\20200526_005159\\Rizka\\Admin - Manage Test - Quiz\\20200526_005159\\execution0.log"/>
         <property name="attachments" value=""/>
         <property name="hostName" value="rizkajuliant20 - DESKTOP-NHES7H6"/>
         <property name="os" value="Windows 10 64bit"/>
         <property name="katalonVersion" value="7.2.1.1"/>
         <property name="browser" value="Chrome 81.0.4044.138"/>
         <property name="hostAddress" value="192.168.1.116"/>
         <property name="sessionId" value="d1ffd14ad6769397e8def8d4dad57f07"/>
         <property name="seleniumVersion" value="3.141.59"/>
         <property name="proxyInformation" value="ProxyInformation{proxyOption=NO_PROXY, proxyServerType=HTTP, password=, proxyServerAddress=, proxyServerPort=0, executionList=}"/>
         <property name="platform" value="Windows 10"/>
      </properties>
      <testcase name="Test Cases/Rizka/Admin - Manage Test - Quiz - Next Page" time="139.109" classname="Test Cases/Rizka/Admin - Manage Test - Quiz - Next Page" status="PASSED">
         <system-out><![CDATA[2020-05-26 00:52:11 - [TEST_CASE][PASSED] - Test Cases/Rizka/Admin - Manage Test - Quiz - Next Page: Test Cases/Rizka/Admin - Manage Test - Quiz - Next Page

2020-05-26 00:52:12 - [TEST_STEP][PASSED] - openBrowser(""): Browser is opened with url: ''

2020-05-26 00:52:13 - [MESSAGE][INFO] - Starting 'Chrome' driver

2020-05-26 00:52:13 - [MESSAGE][INFO] - Action delay is set to 0 seconds

2020-05-26 00:52:23 - [MESSAGE][PASSED] - Browser is opened with url: ''

2020-05-26 00:52:23 - [TEST_STEP][PASSED] - navigateToUrl("https://appsrv1.deltadatamandiri.com/ACC_LMS_WEB/#/admNLmn"): Navigate to 'https://appsrv1.deltadatamandiri.com/ACC_LMS_WEB/#/admNLmn' successfully

2020-05-26 00:52:58 - [MESSAGE][PASSED] - Navigate to 'https://appsrv1.deltadatamandiri.com/ACC_LMS_WEB/#/admNLmn' successfully

2020-05-26 00:52:58 - [TEST_STEP][PASSED] - delay(5): Delayed 5 second(s)

2020-05-26 00:53:03 - [MESSAGE][PASSED] - Delayed 5 second(s)

2020-05-26 00:53:03 - [TEST_STEP][PASSED] - click(findTestObject("Rizka/Admin - Login/btnLogin")): Object: 'Object Repository/Rizka/Admin - Login/btnLogin' is clicked on

2020-05-26 00:53:04 - [MESSAGE][PASSED] - Object: 'Object Repository/Rizka/Admin - Login/btnLogin' is clicked on

2020-05-26 00:53:04 - [TEST_STEP][PASSED] - setText(findTestObject("Rizka/Admin - Login/txtUsername"), "11666"): Text '11666' is set on object 'Object Repository/Rizka/Admin - Login/txtUsername'

2020-05-26 00:53:05 - [MESSAGE][PASSED] - Text '11666' is set on object 'Object Repository/Rizka/Admin - Login/txtUsername'

2020-05-26 00:53:05 - [TEST_STEP][PASSED] - setText(findTestObject("Rizka/Admin - Login/txtPassword"), "Password3"): Text 'Password3' is set on object 'Object Repository/Rizka/Admin - Login/txtPassword'

2020-05-26 00:53:06 - [MESSAGE][PASSED] - Text 'Password3' is set on object 'Object Repository/Rizka/Admin - Login/txtPassword'

2020-05-26 00:53:06 - [TEST_STEP][PASSED] - click(findTestObject("Rizka/Admin - Login/btnEyePass")): Object: 'Object Repository/Rizka/Admin - Login/btnEyePass' is clicked on

2020-05-26 00:53:06 - [MESSAGE][PASSED] - Object: 'Object Repository/Rizka/Admin - Login/btnEyePass' is clicked on

2020-05-26 00:53:06 - [TEST_STEP][PASSED] - click(findTestObject("Rizka/Admin - Login/checkboxRememberMe")): Object: 'Object Repository/Rizka/Admin - Login/checkboxRememberMe' is clicked on

2020-05-26 00:53:07 - [MESSAGE][PASSED] - Object: 'Object Repository/Rizka/Admin - Login/checkboxRememberMe' is clicked on

2020-05-26 00:53:07 - [TEST_STEP][PASSED] - click(findTestObject("Rizka/Admin - Login/btnLogin2")): Object: 'Object Repository/Rizka/Admin - Login/btnLogin2' is clicked on

2020-05-26 00:53:08 - [MESSAGE][PASSED] - Object: 'Object Repository/Rizka/Admin - Login/btnLogin2' is clicked on

2020-05-26 00:53:08 - [TEST_STEP][PASSED] - delay(20): Delayed 20 second(s)

2020-05-26 00:53:28 - [MESSAGE][PASSED] - Delayed 20 second(s)

2020-05-26 00:53:28 - [TEST_STEP][PASSED] - click(findTestObject("Rizka/Admin - Manage Test - Quiz - Next Page/btnManageTest")): Object: 'Object Repository/Rizka/Admin - Manage Test - Quiz - Next Page/btnManageTest' is clicked on

2020-05-26 00:53:28 - [MESSAGE][PASSED] - Object: 'Object Repository/Rizka/Admin - Manage Test - Quiz - Next Page/btnManageTest' is clicked on

2020-05-26 00:53:28 - [TEST_STEP][PASSED] - delay(10): Delayed 10 second(s)

2020-05-26 00:53:38 - [MESSAGE][PASSED] - Delayed 10 second(s)

2020-05-26 00:53:38 - [TEST_STEP][PASSED] - click(findTestObject("Rizka/Admin - Manage Test - Quiz - Next Page/btnQuiz")): Object: 'Object Repository/Rizka/Admin - Manage Test - Quiz - Next Page/btnQuiz' is clicked on

2020-05-26 00:53:39 - [MESSAGE][PASSED] - Object: 'Object Repository/Rizka/Admin - Manage Test - Quiz - Next Page/btnQuiz' is clicked on

2020-05-26 00:53:39 - [TEST_STEP][PASSED] - delay(5): Delayed 5 second(s)

2020-05-26 00:53:44 - [MESSAGE][PASSED] - Delayed 5 second(s)

2020-05-26 00:53:44 - [TEST_STEP][PASSED] - scrollToElement(findTestObject("Rizka/Admin - Manage Test - Quiz - Next Page/btnFirstPage"), 0): Scroll to object 'Object Repository/Rizka/Admin - Manage Test - Quiz - Next Page/btnFirstPage' successfully

2020-05-26 00:53:44 - [MESSAGE][WARNING] - Timeout '0' is invalid. Using default page load timeout: '30'

2020-05-26 00:54:13 - [MESSAGE][PASSED] - Scroll to object 'Object Repository/Rizka/Admin - Manage Test - Quiz - Next Page/btnFirstPage' successfully

2020-05-26 00:54:13 - [TEST_STEP][PASSED] - delay(5): Delayed 5 second(s)

2020-05-26 00:54:18 - [MESSAGE][PASSED] - Delayed 5 second(s)

2020-05-26 00:54:18 - [TEST_STEP][PASSED] - click(findTestObject("Rizka/Admin - Manage Test - Quiz - Next Page/btnNext")): Object: 'Object Repository/Rizka/Admin - Manage Test - Quiz - Next Page/btnNext' is clicked on

2020-05-26 00:54:19 - [MESSAGE][PASSED] - Object: 'Object Repository/Rizka/Admin - Manage Test - Quiz - Next Page/btnNext' is clicked on

2020-05-26 00:54:19 - [TEST_STEP][PASSED] - verifyElementClickable(findTestObject("Rizka/Admin - Manage Test - Quiz - Next Page/btnPrevious")): Object 'Object Repository/Rizka/Admin - Manage Test - Quiz - Next Page/btnPrevious' is clickable

2020-05-26 00:54:30 - [MESSAGE][PASSED] - Object 'Object Repository/Rizka/Admin - Manage Test - Quiz - Next Page/btnPrevious' is clickable]]></system-out>
         <system-err><![CDATA[]]></system-err>
      </testcase>
      <system-out><![CDATA[2020-05-26 00:52:10 - [TEST_SUITE][PASSED] - Admin - Manage Test - Quiz: Test Cases/Rizka/Admin - Manage Test - Quiz - Next Page]]></system-out>
      <system-err><![CDATA[]]></system-err>
   </testsuite>
</testsuites>
