<?xml version="1.0" encoding="UTF-8"?>
<testsuites name="User-Login" time="75.928" tests="1" failures="0" errors="0">
   <testsuite name="User-Login" tests="1" failures="0" errors="0" time="75.928" timestamp="2020-05-14 13:54:36" hostname="Denna Leksanti - 192.168.152.1" id="Test Suites/Denna/User-Login">
      <properties>
         <property name="deviceName" value=""/>
         <property name="devicePlatform" value=""/>
         <property name="logFolder" value="C:\\Users\\Hari Sapto\\git\\LearningManagementWeb\\Reports\\20200514_135405\\Denna\\User-Login\\20200514_135405"/>
         <property name="logFiles" value="C:\\Users\\Hari Sapto\\git\\LearningManagementWeb\\Reports\\20200514_135405\\Denna\\User-Login\\20200514_135405\\execution0.log"/>
         <property name="attachments" value=""/>
         <property name="hostName" value="Denna Leksanti - 192.168.152.1"/>
         <property name="os" value="Windows 10 64bit"/>
         <property name="katalonVersion" value="7.0.8.1"/>
         <property name="browser" value="Chrome 81.0.4044.138"/>
         <property name="hostAddress" value="192.168.152.1"/>
         <property name="sessionId" value="faae511553c2b55697c1f81a2f7924c5"/>
         <property name="seleniumVersion" value="3.141.59"/>
         <property name="proxyInformation" value="ProxyInformation{proxyOption=NO_PROXY, proxyServerType=HTTP, password=, proxyServerAddress=, proxyServerPort=0}"/>
         <property name="platform" value="Windows 10"/>
      </properties>
      <testcase name="Test Cases/Denna/User - Login" time="72.207" classname="Test Cases/Denna/User - Login" status="PASSED">
         <system-out><![CDATA[2020-05-14 13:54:37 - [TEST_CASE][PASSED] - Test Cases/Denna/User - Login: Test Cases/Denna/User - Login

2020-05-14 13:54:38 - [TEST_STEP][PASSED] - openBrowser(""): Browser is opened with url: ''

2020-05-14 13:54:38 - [MESSAGE][INFO] - Starting 'Chrome' driver

2020-05-14 13:54:39 - [MESSAGE][INFO] - Action delay is set to 0 seconds

2020-05-14 13:54:56 - [MESSAGE][PASSED] - Browser is opened with url: ''

2020-05-14 13:54:56 - [TEST_STEP][PASSED] - navigateToUrl("https://appsrv1.deltadatamandiri.com/ACC_LMS_WEB/#/Main"): Navigate to 'https://appsrv1.deltadatamandiri.com/ACC_LMS_WEB/#/Main' successfully

2020-05-14 13:55:08 - [MESSAGE][PASSED] - Navigate to 'https://appsrv1.deltadatamandiri.com/ACC_LMS_WEB/#/Main' successfully

2020-05-14 13:55:08 - [TEST_STEP][PASSED] - maximizeWindow(): Current window maximized

2020-05-14 13:55:10 - [MESSAGE][PASSED] - Current window maximized

2020-05-14 13:55:10 - [TEST_STEP][PASSED] - click(findTestObject("Denna/User-Login/button login")): Object: 'Object Repository/Denna/User-Login/button login' is clicked on

2020-05-14 13:55:19 - [MESSAGE][PASSED] - Object: 'Object Repository/Denna/User-Login/button login' is clicked on

2020-05-14 13:55:19 - [TEST_STEP][PASSED] - setText(findTestObject("Denna/User-Login/input NPK username"), NPK_Username): Text '14426' is set on object 'Object Repository/Denna/User-Login/input NPK username'

2020-05-14 13:55:22 - [MESSAGE][PASSED] - Text '14426' is set on object 'Object Repository/Denna/User-Login/input NPK username'

2020-05-14 13:55:22 - [TEST_STEP][PASSED] - setText(findTestObject("Denna/User-Login/inputPassword"), Password): Text 'Password2' is set on object 'Object Repository/Denna/User-Login/inputPassword'

2020-05-14 13:55:22 - [MESSAGE][PASSED] - Text 'Password2' is set on object 'Object Repository/Denna/User-Login/inputPassword'

2020-05-14 13:55:23 - [TEST_STEP][PASSED] - if (Keterangan == "remember"): Object 'Object Repository/Denna/User-Login/button Remember me' is checked

2020-05-14 13:55:23 - [TEST_STEP][PASSED] - check(findTestObject("Denna/User-Login/button Remember me")): Object 'Object Repository/Denna/User-Login/button Remember me' is checked

2020-05-14 13:55:24 - [MESSAGE][PASSED] - Object 'Object Repository/Denna/User-Login/button Remember me' is checked

2020-05-14 13:55:24 - [TEST_STEP][PASSED] - click(findTestObject("Denna/User-Login/button login 1 masuk")): Object: 'Object Repository/Denna/User-Login/button login 1 masuk' is clicked on

2020-05-14 13:55:24 - [MESSAGE][PASSED] - Object: 'Object Repository/Denna/User-Login/button login 1 masuk' is clicked on

2020-05-14 13:55:24 - [TEST_STEP][PASSED] - switch (Kondisi): null

2020-05-14 13:55:24 - [TEST_STEP][PASSED] - case "pass":: null

2020-05-14 13:55:24 - [TEST_STEP][PASSED] - verifyElementVisible(findTestObject("Denna/User-Login/button_My Learning IconMy Learning")): Object 'Object Repository/Denna/User-Login/button_My Learning IconMy Learning' is visible

2020-05-14 13:55:42 - [MESSAGE][PASSED] - Object 'Object Repository/Denna/User-Login/button_My Learning IconMy Learning' is visible

2020-05-14 13:55:42 - [TEST_STEP][PASSED] - break: null

2020-05-14 13:55:42 - [TEST_STEP][PASSED] - closeBrowser(): Browser is closed

2020-05-14 13:55:49 - [MESSAGE][PASSED] - Browser is closed]]></system-out>
         <system-err><![CDATA[]]></system-err>
      </testcase>
      <system-out><![CDATA[2020-05-14 13:54:36 - [TEST_SUITE][PASSED] - User-Login: Test Cases/Denna/User - Login]]></system-out>
      <system-err><![CDATA[]]></system-err>
   </testsuite>
</testsuites>
