<?xml version="1.0" encoding="UTF-8"?>
<testsuites name="Admin - Manage Test - Quiz" time="114.169" tests="1" failures="0" errors="0">
   <testsuite name="Admin - Manage Test - Quiz" tests="1" failures="0" errors="0" time="114.169" timestamp="2020-06-23 13:42:50" hostname="rizkajuliant20 - DESKTOP-NHES7H6" id="Test Suites/Rizka/Admin/Admin - Manage Test - Quiz">
      <properties>
         <property name="deviceName" value=""/>
         <property name="devicePlatform" value=""/>
         <property name="logFolder" value="D:\\MY WORLD\\WORKS (TUGAS)\\LearningManagementWeb\\Reports\\20200623_134235\\Rizka\\Admin\\Admin - Manage Test - Quiz\\20200623_134235"/>
         <property name="logFiles" value="D:\\MY WORLD\\WORKS (TUGAS)\\LearningManagementWeb\\Reports\\20200623_134235\\Rizka\\Admin\\Admin - Manage Test - Quiz\\20200623_134235\\execution0.log"/>
         <property name="attachments" value=""/>
         <property name="hostName" value="rizkajuliant20 - DESKTOP-NHES7H6"/>
         <property name="os" value="Windows 10 64bit"/>
         <property name="katalonVersion" value="7.2.1.1"/>
         <property name="browser" value="Chrome 83.0.4103.106"/>
         <property name="hostAddress" value="192.168.1.116"/>
         <property name="sessionId" value="1a39ed66bf695fbc7f7cb532893d2410"/>
         <property name="seleniumVersion" value="3.141.59"/>
         <property name="proxyInformation" value="ProxyInformation{proxyOption=NO_PROXY, proxyServerType=HTTP, password=, proxyServerAddress=, proxyServerPort=0, executionList=}"/>
         <property name="platform" value="Windows 10"/>
      </properties>
      <testcase name="Test Cases/Rizka/Admin/Manage Test/Admin - Manage Test - Quiz - Next Page" time="110.598" classname="Test Cases/Rizka/Admin/Manage Test/Admin - Manage Test - Quiz - Next Page" status="PASSED">
         <system-out><![CDATA[2020-06-23 13:42:52 - [TEST_CASE][PASSED] - Test Cases/Rizka/Admin/Manage Test/Admin - Manage Test - Quiz - Next Page: Test Cases/Rizka/Admin/Manage Test/Admin - Manage Test - Quiz - Next Page

2020-06-23 13:42:53 - [TEST_STEP][PASSED] - callTestCase(findTestCase("Rizka/Admin/AdminMainLogin"), [:], STOP_ON_FAILURE): Call Test Case 'Test Cases/Rizka/Admin/AdminMainLogin' successfully

2020-06-23 13:42:53 - [TEST_CASE][PASSED] - Test Cases/Rizka/Admin/AdminMainLogin: Test Cases/Rizka/Admin/AdminMainLogin

2020-06-23 13:42:54 - [TEST_STEP][PASSED] - openBrowser("https://appsrv1.deltadatamandiri.com/ACC_LMS_WEB/#/admNLmn"): Browser is opened with url: 'https://appsrv1.deltadatamandiri.com/ACC_LMS_WEB/#/admNLmn'

2020-06-23 13:42:54 - [MESSAGE][INFO] - Starting 'Chrome' driver

2020-06-23 13:42:55 - [MESSAGE][INFO] - Action delay is set to 0 seconds

2020-06-23 13:43:26 - [MESSAGE][PASSED] - Browser is opened with url: 'https://appsrv1.deltadatamandiri.com/ACC_LMS_WEB/#/admNLmn'

2020-06-23 13:43:26 - [TEST_STEP][PASSED] - maximizeWindow(): Current window maximized

2020-06-23 13:43:27 - [MESSAGE][PASSED] - Current window maximized

2020-06-23 13:43:27 - [TEST_STEP][PASSED] - delay(15): Delayed 15 second(s)

2020-06-23 13:43:42 - [MESSAGE][PASSED] - Delayed 15 second(s)

2020-06-23 13:43:42 - [TEST_STEP][PASSED] - click(findTestObject("Rizka/Admin/Admin - Login/btnLogin")): Object: 'Object Repository/Rizka/Admin/Admin - Login/btnLogin' is clicked on

2020-06-23 13:43:44 - [MESSAGE][PASSED] - Object: 'Object Repository/Rizka/Admin/Admin - Login/btnLogin' is clicked on

2020-06-23 13:43:44 - [TEST_STEP][PASSED] - setText(findTestObject("Rizka/Admin/Admin - Login/txtUsername"), "11666"): Text '11666' is set on object 'Object Repository/Rizka/Admin/Admin - Login/txtUsername'

2020-06-23 13:43:46 - [MESSAGE][PASSED] - Text '11666' is set on object 'Object Repository/Rizka/Admin/Admin - Login/txtUsername'

2020-06-23 13:43:46 - [TEST_STEP][PASSED] - setText(findTestObject("Rizka/Admin/Admin - Login/txtPassword"), "Password3"): Text 'Password3' is set on object 'Object Repository/Rizka/Admin/Admin - Login/txtPassword'

2020-06-23 13:43:46 - [MESSAGE][PASSED] - Text 'Password3' is set on object 'Object Repository/Rizka/Admin/Admin - Login/txtPassword'

2020-06-23 13:43:46 - [TEST_STEP][PASSED] - click(findTestObject("Rizka/Admin/Admin - Login/btnEyePass")): Object: 'Object Repository/Rizka/Admin/Admin - Login/btnEyePass' is clicked on

2020-06-23 13:43:47 - [MESSAGE][PASSED] - Object: 'Object Repository/Rizka/Admin/Admin - Login/btnEyePass' is clicked on

2020-06-23 13:43:47 - [TEST_STEP][PASSED] - click(findTestObject("Rizka/Admin/Admin - Login/checkboxRememberMe")): Object: 'Object Repository/Rizka/Admin/Admin - Login/checkboxRememberMe' is clicked on

2020-06-23 13:43:48 - [MESSAGE][PASSED] - Object: 'Object Repository/Rizka/Admin/Admin - Login/checkboxRememberMe' is clicked on

2020-06-23 13:43:48 - [TEST_STEP][PASSED] - click(findTestObject("Rizka/Admin/Admin - Login/btnLogin2")): Object: 'Object Repository/Rizka/Admin/Admin - Login/btnLogin2' is clicked on

2020-06-23 13:43:49 - [MESSAGE][PASSED] - Object: 'Object Repository/Rizka/Admin/Admin - Login/btnLogin2' is clicked on

2020-06-23 13:43:49 - [TEST_STEP][PASSED] - delay(15): Delayed 15 second(s)

2020-06-23 13:44:04 - [MESSAGE][PASSED] - Delayed 15 second(s)

2020-06-23 13:44:04 - [MESSAGE][PASSED] - Call Test Case 'Test Cases/Rizka/Admin/AdminMainLogin' successfully

2020-06-23 13:44:04 - [TEST_STEP][PASSED] - click(findTestObject("Rizka/Admin/Admin - Manage Test - Quiz - Delete/btnTestManagement_v2")): Object: 'Object Repository/Rizka/Admin/Admin - Manage Test - Quiz - Delete/btnTestManagement_v2' is clicked on

2020-06-23 13:44:05 - [MESSAGE][PASSED] - Object: 'Object Repository/Rizka/Admin/Admin - Manage Test - Quiz - Delete/btnTestManagement_v2' is clicked on

2020-06-23 13:44:05 - [TEST_STEP][PASSED] - delay(7): Delayed 7 second(s)

2020-06-23 13:44:12 - [MESSAGE][PASSED] - Delayed 7 second(s)

2020-06-23 13:44:12 - [TEST_STEP][PASSED] - click(findTestObject("Rizka/Admin/Admin - Manage Test - Quiz - Delete/btnQuiz_v2")): Object: 'Object Repository/Rizka/Admin/Admin - Manage Test - Quiz - Delete/btnQuiz_v2' is clicked on

2020-06-23 13:44:13 - [MESSAGE][PASSED] - Object: 'Object Repository/Rizka/Admin/Admin - Manage Test - Quiz - Delete/btnQuiz_v2' is clicked on

2020-06-23 13:44:13 - [TEST_STEP][PASSED] - delay(7): Delayed 7 second(s)

2020-06-23 13:44:20 - [MESSAGE][PASSED] - Delayed 7 second(s)

2020-06-23 13:44:20 - [TEST_STEP][PASSED] - scrollToElement(findTestObject("Rizka/Admin/Admin - Manage Test - Quiz - Next Page/btnNext_v2"), 0): Scroll to object 'Object Repository/Rizka/Admin/Admin - Manage Test - Quiz - Next Page/btnNext_v2' successfully

2020-06-23 13:44:20 - [MESSAGE][WARNING] - Timeout '0' is invalid. Using default page load timeout: '30'

2020-06-23 13:44:31 - [MESSAGE][PASSED] - Scroll to object 'Object Repository/Rizka/Admin/Admin - Manage Test - Quiz - Next Page/btnNext_v2' successfully

2020-06-23 13:44:31 - [TEST_STEP][PASSED] - delay(3): Delayed 3 second(s)

2020-06-23 13:44:34 - [MESSAGE][PASSED] - Delayed 3 second(s)

2020-06-23 13:44:34 - [TEST_STEP][PASSED] - click(findTestObject("Rizka/Admin/Admin - Manage Test - Quiz - Next Page/btnNext_v2")): Object: 'Object Repository/Rizka/Admin/Admin - Manage Test - Quiz - Next Page/btnNext_v2' is clicked on

2020-06-23 13:44:35 - [MESSAGE][PASSED] - Object: 'Object Repository/Rizka/Admin/Admin - Manage Test - Quiz - Next Page/btnNext_v2' is clicked on

2020-06-23 13:44:35 - [TEST_STEP][PASSED] - verifyElementClickable(findTestObject("Rizka/Admin/Admin - Manage Test - Quiz - Next Page/btnPrevious_v2")): Object 'Object Repository/Rizka/Admin/Admin - Manage Test - Quiz - Next Page/btnPrevious_v2' is clickable

2020-06-23 13:44:42 - [MESSAGE][PASSED] - Object 'Object Repository/Rizka/Admin/Admin - Manage Test - Quiz - Next Page/btnPrevious_v2' is clickable]]></system-out>
         <system-err><![CDATA[]]></system-err>
      </testcase>
      <system-out><![CDATA[2020-06-23 13:42:50 - [TEST_SUITE][PASSED] - Admin - Manage Test - Quiz: Test Cases/Rizka/Admin/Manage Test/Admin - Manage Test - Quiz - Next Page]]></system-out>
      <system-err><![CDATA[]]></system-err>
   </testsuite>
</testsuites>
