<?xml version="1.0" encoding="UTF-8"?>
<testsuites name="Admin - Manage Test - Quiz" time="1873.791" tests="14" failures="12" errors="0">
   <testsuite name="Admin - Manage Test - Quiz" tests="14" failures="12" errors="0" time="1873.791" timestamp="2020-05-27 17:50:43" hostname="rizkajuliant20 - DESKTOP-NHES7H6" id="Test Suites/Rizka/Admin/Admin - Manage Test - Quiz">
      <properties>
         <property name="deviceName" value=""/>
         <property name="devicePlatform" value=""/>
         <property name="logFolder" value="D:\\MY WORLD\\WORKS (TUGAS)\\LearningManagementWeb\\Reports\\20200527_175026\\Rizka\\Admin\\Admin - Manage Test - Quiz\\20200527_175026"/>
         <property name="logFiles" value="D:\\MY WORLD\\WORKS (TUGAS)\\LearningManagementWeb\\Reports\\20200527_175026\\Rizka\\Admin\\Admin - Manage Test - Quiz\\20200527_175026\\execution0.log"/>
         <property name="attachments" value="D:\\MY WORLD\\WORKS (TUGAS)\\LearningManagementWeb\\Reports\\20200527_175026\\Rizka\\Admin\\Admin - Manage Test - Quiz\\20200527_175026\\1590577033404.png, D:\\MY WORLD\\WORKS (TUGAS)\\LearningManagementWeb\\Reports\\20200527_175026\\Rizka\\Admin\\Admin - Manage Test - Quiz\\20200527_175026\\1590577147054.png, D:\\MY WORLD\\WORKS (TUGAS)\\LearningManagementWeb\\Reports\\20200527_175026\\Rizka\\Admin\\Admin - Manage Test - Quiz\\20200527_175026\\1590577428573.png, D:\\MY WORLD\\WORKS (TUGAS)\\LearningManagementWeb\\Reports\\20200527_175026\\Rizka\\Admin\\Admin - Manage Test - Quiz\\20200527_175026\\1590577559458.png, D:\\MY WORLD\\WORKS (TUGAS)\\LearningManagementWeb\\Reports\\20200527_175026\\Rizka\\Admin\\Admin - Manage Test - Quiz\\20200527_175026\\1590577705014.png, D:\\MY WORLD\\WORKS (TUGAS)\\LearningManagementWeb\\Reports\\20200527_175026\\Rizka\\Admin\\Admin - Manage Test - Quiz\\20200527_175026\\1590577808999.png, D:\\MY WORLD\\WORKS (TUGAS)\\LearningManagementWeb\\Reports\\20200527_175026\\Rizka\\Admin\\Admin - Manage Test - Quiz\\20200527_175026\\1590577948076.png, D:\\MY WORLD\\WORKS (TUGAS)\\LearningManagementWeb\\Reports\\20200527_175026\\Rizka\\Admin\\Admin - Manage Test - Quiz\\20200527_175026\\1590578062824.png, D:\\MY WORLD\\WORKS (TUGAS)\\LearningManagementWeb\\Reports\\20200527_175026\\Rizka\\Admin\\Admin - Manage Test - Quiz\\20200527_175026\\1590578063292.png, D:\\MY WORLD\\WORKS (TUGAS)\\LearningManagementWeb\\Reports\\20200527_175026\\Rizka\\Admin\\Admin - Manage Test - Quiz\\20200527_175026\\1590578215970.png, D:\\MY WORLD\\WORKS (TUGAS)\\LearningManagementWeb\\Reports\\20200527_175026\\Rizka\\Admin\\Admin - Manage Test - Quiz\\20200527_175026\\1590578216376.png, D:\\MY WORLD\\WORKS (TUGAS)\\LearningManagementWeb\\Reports\\20200527_175026\\Rizka\\Admin\\Admin - Manage Test - Quiz\\20200527_175026\\1590578340397.png, D:\\MY WORLD\\WORKS (TUGAS)\\LearningManagementWeb\\Reports\\20200527_175026\\Rizka\\Admin\\Admin - Manage Test - Quiz\\20200527_175026\\1590578340831.png, D:\\MY WORLD\\WORKS (TUGAS)\\LearningManagementWeb\\Reports\\20200527_175026\\Rizka\\Admin\\Admin - Manage Test - Quiz\\20200527_175026\\1590578487975.png, D:\\MY WORLD\\WORKS (TUGAS)\\LearningManagementWeb\\Reports\\20200527_175026\\Rizka\\Admin\\Admin - Manage Test - Quiz\\20200527_175026\\1590578488376.png"/>
         <property name="hostName" value="rizkajuliant20 - DESKTOP-NHES7H6"/>
         <property name="os" value="Windows 10 64bit"/>
         <property name="katalonVersion" value="7.2.1.1"/>
         <property name="browser" value="Chrome 81.0.4044.138"/>
         <property name="hostAddress" value="192.168.1.116"/>
         <property name="sessionId" value="7473d996b1d35114d83357ad7ab85fd1"/>
         <property name="seleniumVersion" value="3.141.59"/>
         <property name="proxyInformation" value="ProxyInformation{proxyOption=NO_PROXY, proxyServerType=HTTP, password=, proxyServerAddress=, proxyServerPort=0, executionList=}"/>
         <property name="platform" value="Windows 10"/>
      </properties>
      <testcase name="Test Cases/Rizka/Admin/Manage Test/Admin - Manage Test - Quiz - New Question" time="183.894" classname="Test Cases/Rizka/Admin/Manage Test/Admin - Manage Test - Quiz - New Question" status="PASSED">
         <system-out><![CDATA[2020-05-27 17:50:44 - [TEST_CASE][PASSED] - Test Cases/Rizka/Admin/Manage Test/Admin - Manage Test - Quiz - New Question: Test Cases/Rizka/Admin/Manage Test/Admin - Manage Test - Quiz - New Question

2020-05-27 17:50:45 - [TEST_STEP][PASSED] - callTestCase(findTestCase("Rizka/Admin/AdminMainLogin"), [:], STOP_ON_FAILURE): Call Test Case 'Test Cases/Rizka/Admin/AdminMainLogin' successfully

2020-05-27 17:50:45 - [TEST_CASE][PASSED] - Test Cases/Rizka/Admin/AdminMainLogin: Test Cases/Rizka/Admin/AdminMainLogin

2020-05-27 17:50:46 - [TEST_STEP][PASSED] - openBrowser("https://appsrv1.deltadatamandiri.com/ACC_LMS_WEB/#/admNLmn"): Browser is opened with url: 'https://appsrv1.deltadatamandiri.com/ACC_LMS_WEB/#/admNLmn'

2020-05-27 17:50:47 - [MESSAGE][INFO] - Starting 'Chrome' driver

2020-05-27 17:50:47 - [MESSAGE][INFO] - Action delay is set to 0 seconds

2020-05-27 17:51:34 - [MESSAGE][PASSED] - Browser is opened with url: 'https://appsrv1.deltadatamandiri.com/ACC_LMS_WEB/#/admNLmn'

2020-05-27 17:51:34 - [TEST_STEP][PASSED] - maximizeWindow(): Current window maximized

2020-05-27 17:51:36 - [MESSAGE][PASSED] - Current window maximized

2020-05-27 17:51:36 - [TEST_STEP][PASSED] - delay(15): Delayed 15 second(s)

2020-05-27 17:51:51 - [MESSAGE][PASSED] - Delayed 15 second(s)

2020-05-27 17:51:51 - [TEST_STEP][PASSED] - click(findTestObject("Rizka/Admin/Admin - Login/btnLogin")): Object: 'Object Repository/Rizka/Admin/Admin - Login/btnLogin' is clicked on

2020-05-27 17:51:51 - [MESSAGE][PASSED] - Object: 'Object Repository/Rizka/Admin/Admin - Login/btnLogin' is clicked on

2020-05-27 17:51:51 - [TEST_STEP][PASSED] - setText(findTestObject("Rizka/Admin/Admin - Login/txtUsername"), "11666"): Text '11666' is set on object 'Object Repository/Rizka/Admin/Admin - Login/txtUsername'

2020-05-27 17:51:52 - [MESSAGE][PASSED] - Text '11666' is set on object 'Object Repository/Rizka/Admin/Admin - Login/txtUsername'

2020-05-27 17:51:52 - [TEST_STEP][PASSED] - setText(findTestObject("Rizka/Admin/Admin - Login/txtPassword"), "Password3"): Text 'Password3' is set on object 'Object Repository/Rizka/Admin/Admin - Login/txtPassword'

2020-05-27 17:51:53 - [MESSAGE][PASSED] - Text 'Password3' is set on object 'Object Repository/Rizka/Admin/Admin - Login/txtPassword'

2020-05-27 17:51:53 - [TEST_STEP][PASSED] - click(findTestObject("Rizka/Admin/Admin - Login/btnEyePass")): Object: 'Object Repository/Rizka/Admin/Admin - Login/btnEyePass' is clicked on

2020-05-27 17:51:53 - [MESSAGE][PASSED] - Object: 'Object Repository/Rizka/Admin/Admin - Login/btnEyePass' is clicked on

2020-05-27 17:51:53 - [TEST_STEP][PASSED] - click(findTestObject("Rizka/Admin/Admin - Login/checkboxRememberMe")): Object: 'Object Repository/Rizka/Admin/Admin - Login/checkboxRememberMe' is clicked on

2020-05-27 17:51:54 - [MESSAGE][PASSED] - Object: 'Object Repository/Rizka/Admin/Admin - Login/checkboxRememberMe' is clicked on

2020-05-27 17:51:54 - [TEST_STEP][PASSED] - click(findTestObject("Rizka/Admin/Admin - Login/btnLogin2")): Object: 'Object Repository/Rizka/Admin/Admin - Login/btnLogin2' is clicked on

2020-05-27 17:51:54 - [MESSAGE][PASSED] - Object: 'Object Repository/Rizka/Admin/Admin - Login/btnLogin2' is clicked on

2020-05-27 17:51:54 - [TEST_STEP][PASSED] - delay(15): Delayed 15 second(s)

2020-05-27 17:52:09 - [MESSAGE][PASSED] - Delayed 15 second(s)

2020-05-27 17:52:09 - [MESSAGE][PASSED] - Call Test Case 'Test Cases/Rizka/Admin/AdminMainLogin' successfully

2020-05-27 17:52:09 - [TEST_STEP][PASSED] - click(findTestObject("Rizka/Admin/Admin - Manage Test - Quiz - New Question/btnManageTest")): Object: 'Object Repository/Rizka/Admin/Admin - Manage Test - Quiz - New Question/btnManageTest' is clicked on

2020-05-27 17:52:10 - [MESSAGE][PASSED] - Object: 'Object Repository/Rizka/Admin/Admin - Manage Test - Quiz - New Question/btnManageTest' is clicked on

2020-05-27 17:52:10 - [TEST_STEP][PASSED] - delay(5): Delayed 5 second(s)

2020-05-27 17:52:15 - [MESSAGE][PASSED] - Delayed 5 second(s)

2020-05-27 17:52:15 - [TEST_STEP][PASSED] - click(findTestObject("Rizka/Admin/Admin - Manage Test - Quiz - New Question/btnQuiz")): Object: 'Object Repository/Rizka/Admin/Admin - Manage Test - Quiz - New Question/btnQuiz' is clicked on

2020-05-27 17:52:15 - [MESSAGE][PASSED] - Object: 'Object Repository/Rizka/Admin/Admin - Manage Test - Quiz - New Question/btnQuiz' is clicked on

2020-05-27 17:52:15 - [TEST_STEP][PASSED] - delay(5): Delayed 5 second(s)

2020-05-27 17:52:20 - [MESSAGE][PASSED] - Delayed 5 second(s)

2020-05-27 17:52:20 - [TEST_STEP][PASSED] - click(findTestObject("Rizka/Admin/Admin - Manage Test - Quiz - New Question/btnNewQuestion")): Object: 'Object Repository/Rizka/Admin/Admin - Manage Test - Quiz - New Question/btnNewQuestion' is clicked on

2020-05-27 17:52:42 - [MESSAGE][PASSED] - Object: 'Object Repository/Rizka/Admin/Admin - Manage Test - Quiz - New Question/btnNewQuestion' is clicked on

2020-05-27 17:52:42 - [TEST_STEP][PASSED] - delay(5): Delayed 5 second(s)

2020-05-27 17:52:47 - [MESSAGE][PASSED] - Delayed 5 second(s)

2020-05-27 17:52:47 - [TEST_STEP][PASSED] - if (tipeSoal != ""): All options with label 'Pilihan Ganda' are selected in object 'Object Repository/Rizka/Admin/Admin - Manage Test - Quiz - New Question/fieldTipeSoal' 

2020-05-27 17:52:47 - [TEST_STEP][PASSED] - selectOptionByLabel(findTestObject("Rizka/Admin/Admin - Manage Test - Quiz - New Question/fieldTipeSoal"), tipeSoal, false): All options with label 'Pilihan Ganda' are selected in object 'Object Repository/Rizka/Admin/Admin - Manage Test - Quiz - New Question/fieldTipeSoal' 

2020-05-27 17:52:52 - [MESSAGE][PASSED] - All options with label 'Pilihan Ganda' are selected in object 'Object Repository/Rizka/Admin/Admin - Manage Test - Quiz - New Question/fieldTipeSoal' 

2020-05-27 17:52:52 - [TEST_STEP][PASSED] - if (jobFunction != ""): All options with label 'SALES' are selected in object 'Object Repository/Rizka/Admin/Admin - Manage Test - Quiz - New Question/fieldJobFunction' 

2020-05-27 17:52:52 - [TEST_STEP][PASSED] - selectOptionByLabel(findTestObject("Rizka/Admin/Admin - Manage Test - Quiz - New Question/fieldJobFunction"), jobFunction, false): All options with label 'SALES' are selected in object 'Object Repository/Rizka/Admin/Admin - Manage Test - Quiz - New Question/fieldJobFunction' 

2020-05-27 17:52:59 - [MESSAGE][PASSED] - All options with label 'SALES' are selected in object 'Object Repository/Rizka/Admin/Admin - Manage Test - Quiz - New Question/fieldJobFunction' 

2020-05-27 17:52:59 - [TEST_STEP][PASSED] - delay(3): Delayed 3 second(s)

2020-05-27 17:53:02 - [MESSAGE][PASSED] - Delayed 3 second(s)

2020-05-27 17:53:02 - [TEST_STEP][PASSED] - if (jobPosition != ""): All options with label 'SALES HEAD' are selected in object 'Object Repository/Rizka/Admin/Admin - Manage Test - Quiz - New Question/fieldJobPosition' 

2020-05-27 17:53:02 - [TEST_STEP][PASSED] - selectOptionByLabel(findTestObject("Rizka/Admin/Admin - Manage Test - Quiz - New Question/fieldJobPosition"), jobPosition, false): All options with label 'SALES HEAD' are selected in object 'Object Repository/Rizka/Admin/Admin - Manage Test - Quiz - New Question/fieldJobPosition' 

2020-05-27 17:53:04 - [MESSAGE][PASSED] - All options with label 'SALES HEAD' are selected in object 'Object Repository/Rizka/Admin/Admin - Manage Test - Quiz - New Question/fieldJobPosition' 

2020-05-27 17:53:04 - [TEST_STEP][PASSED] - if (module != ""): All options with label 'NEOP Sales' are selected in object 'Object Repository/Rizka/Admin/Admin - Manage Test - Quiz - New Question/fieldModul' 

2020-05-27 17:53:04 - [TEST_STEP][PASSED] - selectOptionByLabel(findTestObject("Rizka/Admin/Admin - Manage Test - Quiz - New Question/fieldModul"), module, false): All options with label 'NEOP Sales' are selected in object 'Object Repository/Rizka/Admin/Admin - Manage Test - Quiz - New Question/fieldModul' 

2020-05-27 17:53:04 - [MESSAGE][PASSED] - All options with label 'NEOP Sales' are selected in object 'Object Repository/Rizka/Admin/Admin - Manage Test - Quiz - New Question/fieldModul' 

2020-05-27 17:53:04 - [TEST_STEP][PASSED] - if (subModule != ""): All options with label '(Asuransi) Apa saja yang dijual?' are selected in object 'Object Repository/Rizka/Admin/Admin - Manage Test - Quiz - New Question/fieldSubModul' 

2020-05-27 17:53:04 - [TEST_STEP][PASSED] - selectOptionByLabel(findTestObject("Rizka/Admin/Admin - Manage Test - Quiz - New Question/fieldSubModul"), subModule, false): All options with label '(Asuransi) Apa saja yang dijual?' are selected in object 'Object Repository/Rizka/Admin/Admin - Manage Test - Quiz - New Question/fieldSubModul' 

2020-05-27 17:53:07 - [MESSAGE][PASSED] - All options with label '(Asuransi) Apa saja yang dijual?' are selected in object 'Object Repository/Rizka/Admin/Admin - Manage Test - Quiz - New Question/fieldSubModul' 

2020-05-27 17:53:07 - [TEST_STEP][PASSED] - if (technicalCompetence != ""): null

2020-05-27 17:53:07 - [TEST_STEP][PASSED] - if (levelCompetence != ""): null

2020-05-27 17:53:07 - [TEST_STEP][PASSED] - if (soalQuestion != ""): Text 'New Question (1)' is set on object 'Object Repository/Rizka/Admin/Admin - Manage Test - Quiz - New Question/fieldQuestion'

2020-05-27 17:53:07 - [TEST_STEP][PASSED] - setText(findTestObject("Rizka/Admin/Admin - Manage Test - Quiz - New Question/fieldQuestion"), soalQuestion): Text 'New Question (1)' is set on object 'Object Repository/Rizka/Admin/Admin - Manage Test - Quiz - New Question/fieldQuestion'

2020-05-27 17:53:10 - [MESSAGE][PASSED] - Text 'New Question (1)' is set on object 'Object Repository/Rizka/Admin/Admin - Manage Test - Quiz - New Question/fieldQuestion'

2020-05-27 17:53:10 - [TEST_STEP][PASSED] - if (tipeSoal == "Pilihan Ganda"): All options with label 'A' are selected in object 'Object Repository/Rizka/Admin/Admin - Manage Test - Quiz - New Question/fieldJawabanPilgan' 

2020-05-27 17:53:10 - [TEST_STEP][PASSED] - setText(findTestObject("Rizka/Admin/Admin - Manage Test - Quiz - New Question/fieldAnswerA"), jawabanA): Text 'Mobil' is set on object 'Object Repository/Rizka/Admin/Admin - Manage Test - Quiz - New Question/fieldAnswerA'

2020-05-27 17:53:11 - [MESSAGE][PASSED] - Text 'Mobil' is set on object 'Object Repository/Rizka/Admin/Admin - Manage Test - Quiz - New Question/fieldAnswerA'

2020-05-27 17:53:11 - [TEST_STEP][PASSED] - setText(findTestObject("Rizka/Admin/Admin - Manage Test - Quiz - New Question/fieldAnswerB"), jawabanB): Text 'Motor' is set on object 'Object Repository/Rizka/Admin/Admin - Manage Test - Quiz - New Question/fieldAnswerB'

2020-05-27 17:53:12 - [MESSAGE][PASSED] - Text 'Motor' is set on object 'Object Repository/Rizka/Admin/Admin - Manage Test - Quiz - New Question/fieldAnswerB'

2020-05-27 17:53:12 - [TEST_STEP][PASSED] - setText(findTestObject("Rizka/Admin/Admin - Manage Test - Quiz - New Question/fieldAnswerC"), jawabanC): Text 'Truk' is set on object 'Object Repository/Rizka/Admin/Admin - Manage Test - Quiz - New Question/fieldAnswerC'

2020-05-27 17:53:13 - [MESSAGE][PASSED] - Text 'Truk' is set on object 'Object Repository/Rizka/Admin/Admin - Manage Test - Quiz - New Question/fieldAnswerC'

2020-05-27 17:53:13 - [TEST_STEP][PASSED] - setText(findTestObject("Rizka/Admin/Admin - Manage Test - Quiz - New Question/fieldAnswerD"), jawabanD): Text 'Kelapa Sawit' is set on object 'Object Repository/Rizka/Admin/Admin - Manage Test - Quiz - New Question/fieldAnswerD'

2020-05-27 17:53:13 - [MESSAGE][PASSED] - Text 'Kelapa Sawit' is set on object 'Object Repository/Rizka/Admin/Admin - Manage Test - Quiz - New Question/fieldAnswerD'

2020-05-27 17:53:13 - [TEST_STEP][PASSED] - if (kunciJawabanPilgan != ""): All options with label 'A' are selected in object 'Object Repository/Rizka/Admin/Admin - Manage Test - Quiz - New Question/fieldJawabanPilgan' 

2020-05-27 17:53:13 - [TEST_STEP][PASSED] - selectOptionByLabel(findTestObject("Rizka/Admin/Admin - Manage Test - Quiz - New Question/fieldJawabanPilgan"), kunciJawabanPilgan, false): All options with label 'A' are selected in object 'Object Repository/Rizka/Admin/Admin - Manage Test - Quiz - New Question/fieldJawabanPilgan' 

2020-05-27 17:53:14 - [MESSAGE][PASSED] - All options with label 'A' are selected in object 'Object Repository/Rizka/Admin/Admin - Manage Test - Quiz - New Question/fieldJawabanPilgan' 

2020-05-27 17:53:14 - [TEST_STEP][PASSED] - if (condition == "passed"): Object 'Object Repository/Rizka/Admin/Admin - Manage Test - Quiz - New Question/label_Berikut adalah jenis dealer  dihandle oleh Sales officer new car adalah sebagai berikut kecuali' is visible

2020-05-27 17:53:14 - [TEST_STEP][PASSED] - click(findTestObject("Rizka/Admin/Admin - Manage Test - Quiz - New Question/btnSubmit")): Object: 'Object Repository/Rizka/Admin/Admin - Manage Test - Quiz - New Question/btnSubmit' is clicked on

2020-05-27 17:53:15 - [MESSAGE][PASSED] - Object: 'Object Repository/Rizka/Admin/Admin - Manage Test - Quiz - New Question/btnSubmit' is clicked on

2020-05-27 17:53:15 - [TEST_STEP][PASSED] - delay(5): Delayed 5 second(s)

2020-05-27 17:53:20 - [MESSAGE][PASSED] - Delayed 5 second(s)

2020-05-27 17:53:20 - [TEST_STEP][PASSED] - setText(findTestObject("Rizka/Admin/Admin - Manage Test - Quiz - Search/fieldSearch"), soalQuestion): Text 'New Question (1)' is set on object 'Object Repository/Rizka/Admin/Admin - Manage Test - Quiz - Search/fieldSearch'

2020-05-27 17:53:44 - [MESSAGE][PASSED] - Text 'New Question (1)' is set on object 'Object Repository/Rizka/Admin/Admin - Manage Test - Quiz - Search/fieldSearch'

2020-05-27 17:53:44 - [TEST_STEP][PASSED] - click(findTestObject("Rizka/Admin/Admin - Manage Test - Quiz - Search/btnSearch")): Object: 'Object Repository/Rizka/Admin/Admin - Manage Test - Quiz - Search/btnSearch' is clicked on

2020-05-27 17:53:44 - [MESSAGE][PASSED] - Object: 'Object Repository/Rizka/Admin/Admin - Manage Test - Quiz - Search/btnSearch' is clicked on

2020-05-27 17:53:44 - [TEST_STEP][PASSED] - delay(3): Delayed 3 second(s)

2020-05-27 17:53:47 - [MESSAGE][PASSED] - Delayed 3 second(s)

2020-05-27 17:53:47 - [TEST_STEP][PASSED] - verifyElementVisible(findTestObject("Rizka/Admin/Admin - Manage Test - Quiz - New Question/label_Berikut adalah jenis dealer  dihandle oleh Sales officer new car adalah sebagai berikut kecuali", ["text":soalQuestion]), STOP_ON_FAILURE): Object 'Object Repository/Rizka/Admin/Admin - Manage Test - Quiz - New Question/label_Berikut adalah jenis dealer  dihandle oleh Sales officer new car adalah sebagai berikut kecuali' is visible

2020-05-27 17:53:48 - [MESSAGE][PASSED] - Object 'Object Repository/Rizka/Admin/Admin - Manage Test - Quiz - New Question/label_Berikut adalah jenis dealer  dihandle oleh Sales officer new car adalah sebagai berikut kecuali' is visible]]></system-out>
         <system-err><![CDATA[]]></system-err>
      </testcase>
      <testcase name="Test Cases/Rizka/Admin/Manage Test/Admin - Manage Test - Quiz - New Question" time="205.319" classname="Test Cases/Rizka/Admin/Manage Test/Admin - Manage Test - Quiz - New Question" status="FAILED">
         <failure type="FAILED" message="Test Cases/Rizka/Admin/Manage Test/Admin - Manage Test - Quiz - New Question FAILED.
Reason:
com.kms.katalon.core.exception.StepFailedException: Unable to select option by label 'SALES' of object 'Object Repository/Rizka/Admin/Admin - Manage Test - Quiz - New Question/fieldJobFunction' 
	at com.kms.katalon.core.webui.keyword.internal.WebUIKeywordMain.stepFailed(WebUIKeywordMain.groovy:64)
	at com.kms.katalon.core.webui.keyword.internal.WebUIKeywordMain.runKeyword(WebUIKeywordMain.groovy:26)
	at com.kms.katalon.core.webui.keyword.builtin.SelectOptionByLabelKeyword.selectOptionByLabel(SelectOptionByLabelKeyword.groovy:98)
	at com.kms.katalon.core.webui.keyword.builtin.SelectOptionByLabelKeyword.execute(SelectOptionByLabelKeyword.groovy:71)
	at com.kms.katalon.core.keyword.internal.KeywordExecutor.executeKeywordForPlatform(KeywordExecutor.groovy:72)
	at com.kms.katalon.core.webui.keyword.WebUiBuiltInKeywords.selectOptionByLabel(WebUiBuiltInKeywords.groovy:1200)
	at com.kms.katalon.core.webui.keyword.WebUiBuiltInKeywords$selectOptionByLabel$3.call(Unknown Source)
	at Admin - Manage Test - Quiz - New Question.run(Admin - Manage Test - Quiz - New Question:38)
	at com.kms.katalon.core.main.ScriptEngine.run(ScriptEngine.java:194)
	at com.kms.katalon.core.main.ScriptEngine.runScriptAsRawText(ScriptEngine.java:119)
	at com.kms.katalon.core.main.TestCaseExecutor.runScript(TestCaseExecutor.java:337)
	at com.kms.katalon.core.main.TestCaseExecutor.doExecute(TestCaseExecutor.java:328)
	at com.kms.katalon.core.main.TestCaseExecutor.processExecutionPhase(TestCaseExecutor.java:307)
	at com.kms.katalon.core.main.TestCaseExecutor.accessMainPhase(TestCaseExecutor.java:299)
	at com.kms.katalon.core.main.TestCaseExecutor.execute(TestCaseExecutor.java:233)
	at com.kms.katalon.core.main.TestSuiteExecutor.accessTestCaseMainPhase(TestSuiteExecutor.java:169)
	at com.kms.katalon.core.main.TestSuiteExecutor.accessTestSuiteMainPhase(TestSuiteExecutor.java:142)
	at com.kms.katalon.core.main.TestSuiteExecutor.execute(TestSuiteExecutor.java:91)
	at com.kms.katalon.core.main.TestCaseMain.startTestSuite(TestCaseMain.java:157)
	at com.kms.katalon.core.main.TestCaseMain$startTestSuite$0.call(Unknown Source)
	at TempTestSuite1590576626088.run(TempTestSuite1590576626088.groovy:36)
Caused by: com.kms.katalon.core.webui.exception.WebElementNotFoundException: Web element with id: 'Object Repository/Rizka/Admin/Admin - Manage Test - Quiz - New Question/fieldJobFunction' located by 'By.xpath: //select[@id='widget-id4112']' not found
	at com.kms.katalon.core.webui.common.WebUiCommonHelper.findWebElement(WebUiCommonHelper.java:1154)
	at com.kms.katalon.core.webui.keyword.internal.WebUIAbstractKeyword.findWebElement(WebUIAbstractKeyword.groovy:27)
	at com.kms.katalon.core.webui.keyword.internal.WebUIAbstractKeyword.findWebElement(WebUIAbstractKeyword.groovy:26)
	at com.kms.katalon.core.webui.keyword.builtin.SelectOptionByLabelKeyword$_selectOptionByLabel_closure1.doCall(SelectOptionByLabelKeyword.groovy:86)
	at com.kms.katalon.core.webui.keyword.builtin.SelectOptionByLabelKeyword$_selectOptionByLabel_closure1.call(SelectOptionByLabelKeyword.groovy)
	at com.kms.katalon.core.webui.keyword.internal.WebUIKeywordMain.runKeyword(WebUIKeywordMain.groovy:20)
	... 19 more
"/>
         <system-out><![CDATA[2020-05-27 17:53:48 - [TEST_CASE][FAILED] - Test Cases/Rizka/Admin/Manage Test/Admin - Manage Test - Quiz - New Question: Test Cases/Rizka/Admin/Manage Test/Admin - Manage Test - Quiz - New Question FAILED.
Reason:
com.kms.katalon.core.exception.StepFailedException: Unable to select option by label 'SALES' of object 'Object Repository/Rizka/Admin/Admin - Manage Test - Quiz - New Question/fieldJobFunction' 
	at com.kms.katalon.core.webui.keyword.internal.WebUIKeywordMain.stepFailed(WebUIKeywordMain.groovy:64)
	at com.kms.katalon.core.webui.keyword.internal.WebUIKeywordMain.runKeyword(WebUIKeywordMain.groovy:26)
	at com.kms.katalon.core.webui.keyword.builtin.SelectOptionByLabelKeyword.selectOptionByLabel(SelectOptionByLabelKeyword.groovy:98)
	at com.kms.katalon.core.webui.keyword.builtin.SelectOptionByLabelKeyword.execute(SelectOptionByLabelKeyword.groovy:71)
	at com.kms.katalon.core.keyword.internal.KeywordExecutor.executeKeywordForPlatform(KeywordExecutor.groovy:72)
	at com.kms.katalon.core.webui.keyword.WebUiBuiltInKeywords.selectOptionByLabel(WebUiBuiltInKeywords.groovy:1200)
	at com.kms.katalon.core.webui.keyword.WebUiBuiltInKeywords$selectOptionByLabel$3.call(Unknown Source)
	at Admin - Manage Test - Quiz - New Question.run(Admin - Manage Test - Quiz - New Question:38)
	at com.kms.katalon.core.main.ScriptEngine.run(ScriptEngine.java:194)
	at com.kms.katalon.core.main.ScriptEngine.runScriptAsRawText(ScriptEngine.java:119)
	at com.kms.katalon.core.main.TestCaseExecutor.runScript(TestCaseExecutor.java:337)
	at com.kms.katalon.core.main.TestCaseExecutor.doExecute(TestCaseExecutor.java:328)
	at com.kms.katalon.core.main.TestCaseExecutor.processExecutionPhase(TestCaseExecutor.java:307)
	at com.kms.katalon.core.main.TestCaseExecutor.accessMainPhase(TestCaseExecutor.java:299)
	at com.kms.katalon.core.main.TestCaseExecutor.execute(TestCaseExecutor.java:233)
	at com.kms.katalon.core.main.TestSuiteExecutor.accessTestCaseMainPhase(TestSuiteExecutor.java:169)
	at com.kms.katalon.core.main.TestSuiteExecutor.accessTestSuiteMainPhase(TestSuiteExecutor.java:142)
	at com.kms.katalon.core.main.TestSuiteExecutor.execute(TestSuiteExecutor.java:91)
	at com.kms.katalon.core.main.TestCaseMain.startTestSuite(TestCaseMain.java:157)
	at com.kms.katalon.core.main.TestCaseMain$startTestSuite$0.call(Unknown Source)
	at TempTestSuite1590576626088.run(TempTestSuite1590576626088.groovy:36)
Caused by: com.kms.katalon.core.webui.exception.WebElementNotFoundException: Web element with id: 'Object Repository/Rizka/Admin/Admin - Manage Test - Quiz - New Question/fieldJobFunction' located by 'By.xpath: //select[@id='widget-id4112']' not found
	at com.kms.katalon.core.webui.common.WebUiCommonHelper.findWebElement(WebUiCommonHelper.java:1154)
	at com.kms.katalon.core.webui.keyword.internal.WebUIAbstractKeyword.findWebElement(WebUIAbstractKeyword.groovy:27)
	at com.kms.katalon.core.webui.keyword.internal.WebUIAbstractKeyword.findWebElement(WebUIAbstractKeyword.groovy:26)
	at com.kms.katalon.core.webui.keyword.builtin.SelectOptionByLabelKeyword$_selectOptionByLabel_closure1.doCall(SelectOptionByLabelKeyword.groovy:86)
	at com.kms.katalon.core.webui.keyword.builtin.SelectOptionByLabelKeyword$_selectOptionByLabel_closure1.call(SelectOptionByLabelKeyword.groovy)
	at com.kms.katalon.core.webui.keyword.internal.WebUIKeywordMain.runKeyword(WebUIKeywordMain.groovy:20)
	... 19 more


2020-05-27 17:53:48 - [TEST_STEP][PASSED] - callTestCase(findTestCase("Rizka/Admin/AdminMainLogin"), [:], STOP_ON_FAILURE): Call Test Case 'Test Cases/Rizka/Admin/AdminMainLogin' successfully

2020-05-27 17:53:48 - [TEST_CASE][PASSED] - Test Cases/Rizka/Admin/AdminMainLogin: Test Cases/Rizka/Admin/AdminMainLogin

2020-05-27 17:53:48 - [TEST_STEP][PASSED] - openBrowser("https://appsrv1.deltadatamandiri.com/ACC_LMS_WEB/#/admNLmn"): Browser is opened with url: 'https://appsrv1.deltadatamandiri.com/ACC_LMS_WEB/#/admNLmn'

2020-05-27 17:53:48 - [MESSAGE][WARNING] - A browser is already opened. Closing browser and opening a new one

2020-05-27 17:53:49 - [MESSAGE][INFO] - Starting 'Chrome' driver

2020-05-27 17:55:29 - [MESSAGE][PASSED] - Browser is opened with url: 'https://appsrv1.deltadatamandiri.com/ACC_LMS_WEB/#/admNLmn'

2020-05-27 17:55:29 - [TEST_STEP][PASSED] - maximizeWindow(): Current window maximized

2020-05-27 17:55:30 - [MESSAGE][PASSED] - Current window maximized

2020-05-27 17:55:30 - [TEST_STEP][PASSED] - delay(15): Delayed 15 second(s)

2020-05-27 17:55:45 - [MESSAGE][PASSED] - Delayed 15 second(s)

2020-05-27 17:55:45 - [TEST_STEP][PASSED] - click(findTestObject("Rizka/Admin/Admin - Login/btnLogin")): Object: 'Object Repository/Rizka/Admin/Admin - Login/btnLogin' is clicked on

2020-05-27 17:55:46 - [MESSAGE][PASSED] - Object: 'Object Repository/Rizka/Admin/Admin - Login/btnLogin' is clicked on

2020-05-27 17:55:46 - [TEST_STEP][PASSED] - setText(findTestObject("Rizka/Admin/Admin - Login/txtUsername"), "11666"): Text '11666' is set on object 'Object Repository/Rizka/Admin/Admin - Login/txtUsername'

2020-05-27 17:55:46 - [MESSAGE][PASSED] - Text '11666' is set on object 'Object Repository/Rizka/Admin/Admin - Login/txtUsername'

2020-05-27 17:55:46 - [TEST_STEP][PASSED] - setText(findTestObject("Rizka/Admin/Admin - Login/txtPassword"), "Password3"): Text 'Password3' is set on object 'Object Repository/Rizka/Admin/Admin - Login/txtPassword'

2020-05-27 17:55:47 - [MESSAGE][PASSED] - Text 'Password3' is set on object 'Object Repository/Rizka/Admin/Admin - Login/txtPassword'

2020-05-27 17:55:47 - [TEST_STEP][PASSED] - click(findTestObject("Rizka/Admin/Admin - Login/btnEyePass")): Object: 'Object Repository/Rizka/Admin/Admin - Login/btnEyePass' is clicked on

2020-05-27 17:55:47 - [MESSAGE][PASSED] - Object: 'Object Repository/Rizka/Admin/Admin - Login/btnEyePass' is clicked on

2020-05-27 17:55:47 - [TEST_STEP][PASSED] - click(findTestObject("Rizka/Admin/Admin - Login/checkboxRememberMe")): Object: 'Object Repository/Rizka/Admin/Admin - Login/checkboxRememberMe' is clicked on

2020-05-27 17:55:48 - [MESSAGE][PASSED] - Object: 'Object Repository/Rizka/Admin/Admin - Login/checkboxRememberMe' is clicked on

2020-05-27 17:55:48 - [TEST_STEP][PASSED] - click(findTestObject("Rizka/Admin/Admin - Login/btnLogin2")): Object: 'Object Repository/Rizka/Admin/Admin - Login/btnLogin2' is clicked on

2020-05-27 17:55:48 - [MESSAGE][PASSED] - Object: 'Object Repository/Rizka/Admin/Admin - Login/btnLogin2' is clicked on

2020-05-27 17:55:48 - [TEST_STEP][PASSED] - delay(15): Delayed 15 second(s)

2020-05-27 17:56:03 - [MESSAGE][PASSED] - Delayed 15 second(s)

2020-05-27 17:56:03 - [MESSAGE][PASSED] - Call Test Case 'Test Cases/Rizka/Admin/AdminMainLogin' successfully

2020-05-27 17:56:03 - [TEST_STEP][PASSED] - click(findTestObject("Rizka/Admin/Admin - Manage Test - Quiz - New Question/btnManageTest")): Object: 'Object Repository/Rizka/Admin/Admin - Manage Test - Quiz - New Question/btnManageTest' is clicked on

2020-05-27 17:56:04 - [MESSAGE][PASSED] - Object: 'Object Repository/Rizka/Admin/Admin - Manage Test - Quiz - New Question/btnManageTest' is clicked on

2020-05-27 17:56:04 - [TEST_STEP][PASSED] - delay(5): Delayed 5 second(s)

2020-05-27 17:56:09 - [MESSAGE][PASSED] - Delayed 5 second(s)

2020-05-27 17:56:09 - [TEST_STEP][PASSED] - click(findTestObject("Rizka/Admin/Admin - Manage Test - Quiz - New Question/btnQuiz")): Object: 'Object Repository/Rizka/Admin/Admin - Manage Test - Quiz - New Question/btnQuiz' is clicked on

2020-05-27 17:56:09 - [MESSAGE][PASSED] - Object: 'Object Repository/Rizka/Admin/Admin - Manage Test - Quiz - New Question/btnQuiz' is clicked on

2020-05-27 17:56:09 - [TEST_STEP][PASSED] - delay(5): Delayed 5 second(s)

2020-05-27 17:56:14 - [MESSAGE][PASSED] - Delayed 5 second(s)

2020-05-27 17:56:14 - [TEST_STEP][PASSED] - click(findTestObject("Rizka/Admin/Admin - Manage Test - Quiz - New Question/btnNewQuestion")): Object: 'Object Repository/Rizka/Admin/Admin - Manage Test - Quiz - New Question/btnNewQuestion' is clicked on

2020-05-27 17:56:18 - [MESSAGE][PASSED] - Object: 'Object Repository/Rizka/Admin/Admin - Manage Test - Quiz - New Question/btnNewQuestion' is clicked on

2020-05-27 17:56:18 - [TEST_STEP][PASSED] - delay(5): Delayed 5 second(s)

2020-05-27 17:56:23 - [MESSAGE][PASSED] - Delayed 5 second(s)

2020-05-27 17:56:23 - [TEST_STEP][PASSED] - if (tipeSoal != ""): All options with label 'Benar / Salah' are selected in object 'Object Repository/Rizka/Admin/Admin - Manage Test - Quiz - New Question/fieldTipeSoal' 

2020-05-27 17:56:23 - [TEST_STEP][PASSED] - selectOptionByLabel(findTestObject("Rizka/Admin/Admin - Manage Test - Quiz - New Question/fieldTipeSoal"), tipeSoal, false): All options with label 'Benar / Salah' are selected in object 'Object Repository/Rizka/Admin/Admin - Manage Test - Quiz - New Question/fieldTipeSoal' 

2020-05-27 17:56:31 - [MESSAGE][PASSED] - All options with label 'Benar / Salah' are selected in object 'Object Repository/Rizka/Admin/Admin - Manage Test - Quiz - New Question/fieldTipeSoal' 

2020-05-27 17:56:31 - [TEST_STEP][FAILED] - if (jobFunction != ""): Unable to select option by label 'SALES' of object 'Object Repository/Rizka/Admin/Admin - Manage Test - Quiz - New Question/fieldJobFunction'  (Root cause: com.kms.katalon.core.exception.StepFailedException: Unable to select option by label 'SALES' of object 'Object Repository/Rizka/Admin/Admin - Manage Test - Quiz - New Question/fieldJobFunction' 
	at com.kms.katalon.core.webui.keyword.internal.WebUIKeywordMain.stepFailed(WebUIKeywordMain.groovy:64)
	at com.kms.katalon.core.webui.keyword.internal.WebUIKeywordMain.runKeyword(WebUIKeywordMain.groovy:26)
	at com.kms.katalon.core.webui.keyword.builtin.SelectOptionByLabelKeyword.selectOptionByLabel(SelectOptionByLabelKeyword.groovy:98)
	at com.kms.katalon.core.webui.keyword.builtin.SelectOptionByLabelKeyword.execute(SelectOptionByLabelKeyword.groovy:71)
	at com.kms.katalon.core.keyword.internal.KeywordExecutor.executeKeywordForPlatform(KeywordExecutor.groovy:72)
	at com.kms.katalon.core.webui.keyword.WebUiBuiltInKeywords.selectOptionByLabel(WebUiBuiltInKeywords.groovy:1200)
	at com.kms.katalon.core.webui.keyword.WebUiBuiltInKeywords$selectOptionByLabel$3.call(Unknown Source)
	at Admin - Manage Test - Quiz - New Question.run(Admin - Manage Test - Quiz - New Question:38)
	at com.kms.katalon.core.main.ScriptEngine.run(ScriptEngine.java:194)
	at com.kms.katalon.core.main.ScriptEngine.runScriptAsRawText(ScriptEngine.java:119)
	at com.kms.katalon.core.main.TestCaseExecutor.runScript(TestCaseExecutor.java:337)
	at com.kms.katalon.core.main.TestCaseExecutor.doExecute(TestCaseExecutor.java:328)
	at com.kms.katalon.core.main.TestCaseExecutor.processExecutionPhase(TestCaseExecutor.java:307)
	at com.kms.katalon.core.main.TestCaseExecutor.accessMainPhase(TestCaseExecutor.java:299)
	at com.kms.katalon.core.main.TestCaseExecutor.execute(TestCaseExecutor.java:233)
	at com.kms.katalon.core.main.TestSuiteExecutor.accessTestCaseMainPhase(TestSuiteExecutor.java:169)
	at com.kms.katalon.core.main.TestSuiteExecutor.accessTestSuiteMainPhase(TestSuiteExecutor.java:142)
	at com.kms.katalon.core.main.TestSuiteExecutor.execute(TestSuiteExecutor.java:91)
	at com.kms.katalon.core.main.TestCaseMain.startTestSuite(TestCaseMain.java:157)
	at com.kms.katalon.core.main.TestCaseMain$startTestSuite$0.call(Unknown Source)
	at TempTestSuite1590576626088.run(TempTestSuite1590576626088.groovy:36)
Caused by: com.kms.katalon.core.webui.exception.WebElementNotFoundException: Web element with id: 'Object Repository/Rizka/Admin/Admin - Manage Test - Quiz - New Question/fieldJobFunction' located by 'By.xpath: //select[@id='widget-id4112']' not found
	at com.kms.katalon.core.webui.common.WebUiCommonHelper.findWebElement(WebUiCommonHelper.java:1154)
	at com.kms.katalon.core.webui.keyword.internal.WebUIAbstractKeyword.findWebElement(WebUIAbstractKeyword.groovy:27)
	at com.kms.katalon.core.webui.keyword.internal.WebUIAbstractKeyword.findWebElement(WebUIAbstractKeyword.groovy:26)
	at com.kms.katalon.core.webui.keyword.builtin.SelectOptionByLabelKeyword$_selectOptionByLabel_closure1.doCall(SelectOptionByLabelKeyword.groovy:86)
	at com.kms.katalon.core.webui.keyword.builtin.SelectOptionByLabelKeyword$_selectOptionByLabel_closure1.call(SelectOptionByLabelKeyword.groovy)
	at com.kms.katalon.core.webui.keyword.internal.WebUIKeywordMain.runKeyword(WebUIKeywordMain.groovy:20)
	at com.kms.katalon.core.webui.keyword.builtin.SelectOptionByLabelKeyword.selectOptionByLabel(SelectOptionByLabelKeyword.groovy:98)
	at com.kms.katalon.core.webui.keyword.builtin.SelectOptionByLabelKeyword.execute(SelectOptionByLabelKeyword.groovy:71)
	at com.kms.katalon.core.keyword.internal.KeywordExecutor.executeKeywordForPlatform(KeywordExecutor.groovy:72)
	at com.kms.katalon.core.webui.keyword.WebUiBuiltInKeywords.selectOptionByLabel(WebUiBuiltInKeywords.groovy:1200)
	at com.kms.katalon.core.webui.keyword.WebUiBuiltInKeywords$selectOptionByLabel$3.call(Unknown Source)
	at Script1590439026622.run(Script1590439026622.groovy:38)
	... 13 more
)

2020-05-27 17:56:31 - [TEST_STEP][FAILED] - selectOptionByLabel(findTestObject("Rizka/Admin/Admin - Manage Test - Quiz - New Question/fieldJobFunction"), jobFunction, false): Unable to select option by label 'SALES' of object 'Object Repository/Rizka/Admin/Admin - Manage Test - Quiz - New Question/fieldJobFunction'  (Root cause: com.kms.katalon.core.exception.StepFailedException: Unable to select option by label 'SALES' of object 'Object Repository/Rizka/Admin/Admin - Manage Test - Quiz - New Question/fieldJobFunction' 
	at com.kms.katalon.core.webui.keyword.internal.WebUIKeywordMain.stepFailed(WebUIKeywordMain.groovy:64)
	at com.kms.katalon.core.webui.keyword.internal.WebUIKeywordMain.runKeyword(WebUIKeywordMain.groovy:26)
	at com.kms.katalon.core.webui.keyword.builtin.SelectOptionByLabelKeyword.selectOptionByLabel(SelectOptionByLabelKeyword.groovy:98)
	at com.kms.katalon.core.webui.keyword.builtin.SelectOptionByLabelKeyword.execute(SelectOptionByLabelKeyword.groovy:71)
	at com.kms.katalon.core.keyword.internal.KeywordExecutor.executeKeywordForPlatform(KeywordExecutor.groovy:72)
	at com.kms.katalon.core.webui.keyword.WebUiBuiltInKeywords.selectOptionByLabel(WebUiBuiltInKeywords.groovy:1200)
	at com.kms.katalon.core.webui.keyword.WebUiBuiltInKeywords$selectOptionByLabel$3.call(Unknown Source)
	at Admin - Manage Test - Quiz - New Question.run(Admin - Manage Test - Quiz - New Question:38)
	at com.kms.katalon.core.main.ScriptEngine.run(ScriptEngine.java:194)
	at com.kms.katalon.core.main.ScriptEngine.runScriptAsRawText(ScriptEngine.java:119)
	at com.kms.katalon.core.main.TestCaseExecutor.runScript(TestCaseExecutor.java:337)
	at com.kms.katalon.core.main.TestCaseExecutor.doExecute(TestCaseExecutor.java:328)
	at com.kms.katalon.core.main.TestCaseExecutor.processExecutionPhase(TestCaseExecutor.java:307)
	at com.kms.katalon.core.main.TestCaseExecutor.accessMainPhase(TestCaseExecutor.java:299)
	at com.kms.katalon.core.main.TestCaseExecutor.execute(TestCaseExecutor.java:233)
	at com.kms.katalon.core.main.TestSuiteExecutor.accessTestCaseMainPhase(TestSuiteExecutor.java:169)
	at com.kms.katalon.core.main.TestSuiteExecutor.accessTestSuiteMainPhase(TestSuiteExecutor.java:142)
	at com.kms.katalon.core.main.TestSuiteExecutor.execute(TestSuiteExecutor.java:91)
	at com.kms.katalon.core.main.TestCaseMain.startTestSuite(TestCaseMain.java:157)
	at com.kms.katalon.core.main.TestCaseMain$startTestSuite$0.call(Unknown Source)
	at TempTestSuite1590576626088.run(TempTestSuite1590576626088.groovy:36)
Caused by: com.kms.katalon.core.webui.exception.WebElementNotFoundException: Web element with id: 'Object Repository/Rizka/Admin/Admin - Manage Test - Quiz - New Question/fieldJobFunction' located by 'By.xpath: //select[@id='widget-id4112']' not found
	at com.kms.katalon.core.webui.common.WebUiCommonHelper.findWebElement(WebUiCommonHelper.java:1154)
	at com.kms.katalon.core.webui.keyword.internal.WebUIAbstractKeyword.findWebElement(WebUIAbstractKeyword.groovy:27)
	at com.kms.katalon.core.webui.keyword.internal.WebUIAbstractKeyword.findWebElement(WebUIAbstractKeyword.groovy:26)
	at com.kms.katalon.core.webui.keyword.builtin.SelectOptionByLabelKeyword$_selectOptionByLabel_closure1.doCall(SelectOptionByLabelKeyword.groovy:86)
	at com.kms.katalon.core.webui.keyword.builtin.SelectOptionByLabelKeyword$_selectOptionByLabel_closure1.call(SelectOptionByLabelKeyword.groovy)
	at com.kms.katalon.core.webui.keyword.internal.WebUIKeywordMain.runKeyword(WebUIKeywordMain.groovy:20)
	at com.kms.katalon.core.webui.keyword.builtin.SelectOptionByLabelKeyword.selectOptionByLabel(SelectOptionByLabelKeyword.groovy:98)
	at com.kms.katalon.core.webui.keyword.builtin.SelectOptionByLabelKeyword.execute(SelectOptionByLabelKeyword.groovy:71)
	at com.kms.katalon.core.keyword.internal.KeywordExecutor.executeKeywordForPlatform(KeywordExecutor.groovy:72)
	at com.kms.katalon.core.webui.keyword.WebUiBuiltInKeywords.selectOptionByLabel(WebUiBuiltInKeywords.groovy:1200)
	at com.kms.katalon.core.webui.keyword.WebUiBuiltInKeywords$selectOptionByLabel$3.call(Unknown Source)
	at Script1590439026622.run(Script1590439026622.groovy:38)
	... 13 more
)

2020-05-27 17:57:13 - [MESSAGE][INFO] - Unable to find the element located by 'By.xpath: //select[@id='widget-id4112']'. Please recheck the objects properties to make sure the desired element is located. 

2020-05-27 17:57:13 - [MESSAGE][FAILED] - Unable to select option by label 'SALES' of object 'Object Repository/Rizka/Admin/Admin - Manage Test - Quiz - New Question/fieldJobFunction'  (Root cause: com.kms.katalon.core.exception.StepFailedException: Unable to select option by label 'SALES' of object 'Object Repository/Rizka/Admin/Admin - Manage Test - Quiz - New Question/fieldJobFunction' 
	at com.kms.katalon.core.webui.keyword.internal.WebUIKeywordMain.stepFailed(WebUIKeywordMain.groovy:64)
	at com.kms.katalon.core.webui.keyword.internal.WebUIKeywordMain.runKeyword(WebUIKeywordMain.groovy:26)
	at com.kms.katalon.core.webui.keyword.builtin.SelectOptionByLabelKeyword.selectOptionByLabel(SelectOptionByLabelKeyword.groovy:98)
	at com.kms.katalon.core.webui.keyword.builtin.SelectOptionByLabelKeyword.execute(SelectOptionByLabelKeyword.groovy:71)
	at com.kms.katalon.core.keyword.internal.KeywordExecutor.executeKeywordForPlatform(KeywordExecutor.groovy:72)
	at com.kms.katalon.core.webui.keyword.WebUiBuiltInKeywords.selectOptionByLabel(WebUiBuiltInKeywords.groovy:1200)
	at com.kms.katalon.core.webui.keyword.WebUiBuiltInKeywords$selectOptionByLabel$3.call(Unknown Source)
	at Admin - Manage Test - Quiz - New Question.run(Admin - Manage Test - Quiz - New Question:38)
	at com.kms.katalon.core.main.ScriptEngine.run(ScriptEngine.java:194)
	at com.kms.katalon.core.main.ScriptEngine.runScriptAsRawText(ScriptEngine.java:119)
	at com.kms.katalon.core.main.TestCaseExecutor.runScript(TestCaseExecutor.java:337)
	at com.kms.katalon.core.main.TestCaseExecutor.doExecute(TestCaseExecutor.java:328)
	at com.kms.katalon.core.main.TestCaseExecutor.processExecutionPhase(TestCaseExecutor.java:307)
	at com.kms.katalon.core.main.TestCaseExecutor.accessMainPhase(TestCaseExecutor.java:299)
	at com.kms.katalon.core.main.TestCaseExecutor.execute(TestCaseExecutor.java:233)
	at com.kms.katalon.core.main.TestSuiteExecutor.accessTestCaseMainPhase(TestSuiteExecutor.java:169)
	at com.kms.katalon.core.main.TestSuiteExecutor.accessTestSuiteMainPhase(TestSuiteExecutor.java:142)
	at com.kms.katalon.core.main.TestSuiteExecutor.execute(TestSuiteExecutor.java:91)
	at com.kms.katalon.core.main.TestCaseMain.startTestSuite(TestCaseMain.java:157)
	at com.kms.katalon.core.main.TestCaseMain$startTestSuite$0.call(Unknown Source)
	at TempTestSuite1590576626088.run(TempTestSuite1590576626088.groovy:36)
Caused by: com.kms.katalon.core.webui.exception.WebElementNotFoundException: Web element with id: 'Object Repository/Rizka/Admin/Admin - Manage Test - Quiz - New Question/fieldJobFunction' located by 'By.xpath: //select[@id='widget-id4112']' not found
	at com.kms.katalon.core.webui.common.WebUiCommonHelper.findWebElement(WebUiCommonHelper.java:1154)
	at com.kms.katalon.core.webui.keyword.internal.WebUIAbstractKeyword.findWebElement(WebUIAbstractKeyword.groovy:27)
	at com.kms.katalon.core.webui.keyword.internal.WebUIAbstractKeyword.findWebElement(WebUIAbstractKeyword.groovy:26)
	at com.kms.katalon.core.webui.keyword.builtin.SelectOptionByLabelKeyword$_selectOptionByLabel_closure1.doCall(SelectOptionByLabelKeyword.groovy:86)
	at com.kms.katalon.core.webui.keyword.builtin.SelectOptionByLabelKeyword$_selectOptionByLabel_closure1.call(SelectOptionByLabelKeyword.groovy)
	at com.kms.katalon.core.webui.keyword.internal.WebUIKeywordMain.runKeyword(WebUIKeywordMain.groovy:20)
	at com.kms.katalon.core.webui.keyword.builtin.SelectOptionByLabelKeyword.selectOptionByLabel(SelectOptionByLabelKeyword.groovy:98)
	at com.kms.katalon.core.webui.keyword.builtin.SelectOptionByLabelKeyword.execute(SelectOptionByLabelKeyword.groovy:71)
	at com.kms.katalon.core.keyword.internal.KeywordExecutor.executeKeywordForPlatform(KeywordExecutor.groovy:72)
	at com.kms.katalon.core.webui.keyword.WebUiBuiltInKeywords.selectOptionByLabel(WebUiBuiltInKeywords.groovy:1200)
	at com.kms.katalon.core.webui.keyword.WebUiBuiltInKeywords$selectOptionByLabel$3.call(Unknown Source)
	at Script1590439026622.run(Script1590439026622.groovy:38)
	... 13 more
)
[[ATTACHMENT|D:\\MY WORLD\\WORKS (TUGAS)\\LearningManagementWeb\\Reports\\20200527_175026\\Rizka\\Admin\\Admin - Manage Test - Quiz\\20200527_175026\\1590577033404.png]]]]></system-out>
         <system-err><![CDATA[2020-05-27 17:53:48 - [TEST_CASE][FAILED] - Test Cases/Rizka/Admin/Manage Test/Admin - Manage Test - Quiz - New Question: Test Cases/Rizka/Admin/Manage Test/Admin - Manage Test - Quiz - New Question FAILED.
Reason:
com.kms.katalon.core.exception.StepFailedException: Unable to select option by label 'SALES' of object 'Object Repository/Rizka/Admin/Admin - Manage Test - Quiz - New Question/fieldJobFunction' 
	at com.kms.katalon.core.webui.keyword.internal.WebUIKeywordMain.stepFailed(WebUIKeywordMain.groovy:64)
	at com.kms.katalon.core.webui.keyword.internal.WebUIKeywordMain.runKeyword(WebUIKeywordMain.groovy:26)
	at com.kms.katalon.core.webui.keyword.builtin.SelectOptionByLabelKeyword.selectOptionByLabel(SelectOptionByLabelKeyword.groovy:98)
	at com.kms.katalon.core.webui.keyword.builtin.SelectOptionByLabelKeyword.execute(SelectOptionByLabelKeyword.groovy:71)
	at com.kms.katalon.core.keyword.internal.KeywordExecutor.executeKeywordForPlatform(KeywordExecutor.groovy:72)
	at com.kms.katalon.core.webui.keyword.WebUiBuiltInKeywords.selectOptionByLabel(WebUiBuiltInKeywords.groovy:1200)
	at com.kms.katalon.core.webui.keyword.WebUiBuiltInKeywords$selectOptionByLabel$3.call(Unknown Source)
	at Admin - Manage Test - Quiz - New Question.run(Admin - Manage Test - Quiz - New Question:38)
	at com.kms.katalon.core.main.ScriptEngine.run(ScriptEngine.java:194)
	at com.kms.katalon.core.main.ScriptEngine.runScriptAsRawText(ScriptEngine.java:119)
	at com.kms.katalon.core.main.TestCaseExecutor.runScript(TestCaseExecutor.java:337)
	at com.kms.katalon.core.main.TestCaseExecutor.doExecute(TestCaseExecutor.java:328)
	at com.kms.katalon.core.main.TestCaseExecutor.processExecutionPhase(TestCaseExecutor.java:307)
	at com.kms.katalon.core.main.TestCaseExecutor.accessMainPhase(TestCaseExecutor.java:299)
	at com.kms.katalon.core.main.TestCaseExecutor.execute(TestCaseExecutor.java:233)
	at com.kms.katalon.core.main.TestSuiteExecutor.accessTestCaseMainPhase(TestSuiteExecutor.java:169)
	at com.kms.katalon.core.main.TestSuiteExecutor.accessTestSuiteMainPhase(TestSuiteExecutor.java:142)
	at com.kms.katalon.core.main.TestSuiteExecutor.execute(TestSuiteExecutor.java:91)
	at com.kms.katalon.core.main.TestCaseMain.startTestSuite(TestCaseMain.java:157)
	at com.kms.katalon.core.main.TestCaseMain$startTestSuite$0.call(Unknown Source)
	at TempTestSuite1590576626088.run(TempTestSuite1590576626088.groovy:36)
Caused by: com.kms.katalon.core.webui.exception.WebElementNotFoundException: Web element with id: 'Object Repository/Rizka/Admin/Admin - Manage Test - Quiz - New Question/fieldJobFunction' located by 'By.xpath: //select[@id='widget-id4112']' not found
	at com.kms.katalon.core.webui.common.WebUiCommonHelper.findWebElement(WebUiCommonHelper.java:1154)
	at com.kms.katalon.core.webui.keyword.internal.WebUIAbstractKeyword.findWebElement(WebUIAbstractKeyword.groovy:27)
	at com.kms.katalon.core.webui.keyword.internal.WebUIAbstractKeyword.findWebElement(WebUIAbstractKeyword.groovy:26)
	at com.kms.katalon.core.webui.keyword.builtin.SelectOptionByLabelKeyword$_selectOptionByLabel_closure1.doCall(SelectOptionByLabelKeyword.groovy:86)
	at com.kms.katalon.core.webui.keyword.builtin.SelectOptionByLabelKeyword$_selectOptionByLabel_closure1.call(SelectOptionByLabelKeyword.groovy)
	at com.kms.katalon.core.webui.keyword.internal.WebUIKeywordMain.runKeyword(WebUIKeywordMain.groovy:20)
	... 19 more]]></system-err>
      </testcase>
      <testcase name="Test Cases/Rizka/Admin/Manage Test/Admin - Manage Test - Quiz - New Question" time="113.299" classname="Test Cases/Rizka/Admin/Manage Test/Admin - Manage Test - Quiz - New Question" status="FAILED">
         <failure type="FAILED" message="Test Cases/Rizka/Admin/Manage Test/Admin - Manage Test - Quiz - New Question FAILED.
Reason:
com.kms.katalon.core.exception.StepFailedException: Unable to select option by label 'SALES MANAGER' of object 'Object Repository/Rizka/Admin/Admin - Manage Test - Quiz - New Question/fieldJobPosition' 
	at com.kms.katalon.core.webui.keyword.internal.WebUIKeywordMain.stepFailed(WebUIKeywordMain.groovy:64)
	at com.kms.katalon.core.webui.keyword.internal.WebUIKeywordMain.runKeyword(WebUIKeywordMain.groovy:26)
	at com.kms.katalon.core.webui.keyword.builtin.SelectOptionByLabelKeyword.selectOptionByLabel(SelectOptionByLabelKeyword.groovy:98)
	at com.kms.katalon.core.webui.keyword.builtin.SelectOptionByLabelKeyword.execute(SelectOptionByLabelKeyword.groovy:71)
	at com.kms.katalon.core.keyword.internal.KeywordExecutor.executeKeywordForPlatform(KeywordExecutor.groovy:72)
	at com.kms.katalon.core.webui.keyword.WebUiBuiltInKeywords.selectOptionByLabel(WebUiBuiltInKeywords.groovy:1200)
	at com.kms.katalon.core.webui.keyword.WebUiBuiltInKeywords$selectOptionByLabel$3.call(Unknown Source)
	at Admin - Manage Test - Quiz - New Question.run(Admin - Manage Test - Quiz - New Question:45)
	at com.kms.katalon.core.main.ScriptEngine.run(ScriptEngine.java:194)
	at com.kms.katalon.core.main.ScriptEngine.runScriptAsRawText(ScriptEngine.java:119)
	at com.kms.katalon.core.main.TestCaseExecutor.runScript(TestCaseExecutor.java:337)
	at com.kms.katalon.core.main.TestCaseExecutor.doExecute(TestCaseExecutor.java:328)
	at com.kms.katalon.core.main.TestCaseExecutor.processExecutionPhase(TestCaseExecutor.java:307)
	at com.kms.katalon.core.main.TestCaseExecutor.accessMainPhase(TestCaseExecutor.java:299)
	at com.kms.katalon.core.main.TestCaseExecutor.execute(TestCaseExecutor.java:233)
	at com.kms.katalon.core.main.TestSuiteExecutor.accessTestCaseMainPhase(TestSuiteExecutor.java:169)
	at com.kms.katalon.core.main.TestSuiteExecutor.accessTestSuiteMainPhase(TestSuiteExecutor.java:142)
	at com.kms.katalon.core.main.TestSuiteExecutor.execute(TestSuiteExecutor.java:91)
	at com.kms.katalon.core.main.TestCaseMain.startTestSuite(TestCaseMain.java:157)
	at com.kms.katalon.core.main.TestCaseMain$startTestSuite$0.call(Unknown Source)
	at TempTestSuite1590576626088.run(TempTestSuite1590576626088.groovy:36)
Caused by: org.openqa.selenium.NoSuchElementException: Cannot locate element with text: SALES MANAGER
For documentation on this error, please visit: https://www.seleniumhq.org/exceptions/no_such_element.html
Build info: version: '3.141.59', revision: 'e82be7d358', time: '2018-11-14T08:25:53'
System info: host: 'DESKTOP-NHES7H6', ip: '192.168.1.116', os.name: 'Windows 10', os.arch: 'amd64', os.version: '10.0', java.version: '1.8.0_181'
Driver info: driver.version: unknown
	at org.openqa.selenium.support.ui.Select.selectByVisibleText(Select.java:147)
	at com.kms.katalon.core.webui.common.WebUiCommonHelper.selectOrDeselectOptionsByLabel(WebUiCommonHelper.java:310)
	at com.kms.katalon.core.webui.keyword.builtin.SelectOptionByLabelKeyword$_selectOptionByLabel_closure1.doCall(SelectOptionByLabelKeyword.groovy:87)
	at com.kms.katalon.core.webui.keyword.builtin.SelectOptionByLabelKeyword$_selectOptionByLabel_closure1.call(SelectOptionByLabelKeyword.groovy)
	at com.kms.katalon.core.webui.keyword.internal.WebUIKeywordMain.runKeyword(WebUIKeywordMain.groovy:20)
	... 19 more
"/>
         <system-out><![CDATA[2020-05-27 17:57:14 - [TEST_CASE][FAILED] - Test Cases/Rizka/Admin/Manage Test/Admin - Manage Test - Quiz - New Question: Test Cases/Rizka/Admin/Manage Test/Admin - Manage Test - Quiz - New Question FAILED.
Reason:
com.kms.katalon.core.exception.StepFailedException: Unable to select option by label 'SALES MANAGER' of object 'Object Repository/Rizka/Admin/Admin - Manage Test - Quiz - New Question/fieldJobPosition' 
	at com.kms.katalon.core.webui.keyword.internal.WebUIKeywordMain.stepFailed(WebUIKeywordMain.groovy:64)
	at com.kms.katalon.core.webui.keyword.internal.WebUIKeywordMain.runKeyword(WebUIKeywordMain.groovy:26)
	at com.kms.katalon.core.webui.keyword.builtin.SelectOptionByLabelKeyword.selectOptionByLabel(SelectOptionByLabelKeyword.groovy:98)
	at com.kms.katalon.core.webui.keyword.builtin.SelectOptionByLabelKeyword.execute(SelectOptionByLabelKeyword.groovy:71)
	at com.kms.katalon.core.keyword.internal.KeywordExecutor.executeKeywordForPlatform(KeywordExecutor.groovy:72)
	at com.kms.katalon.core.webui.keyword.WebUiBuiltInKeywords.selectOptionByLabel(WebUiBuiltInKeywords.groovy:1200)
	at com.kms.katalon.core.webui.keyword.WebUiBuiltInKeywords$selectOptionByLabel$3.call(Unknown Source)
	at Admin - Manage Test - Quiz - New Question.run(Admin - Manage Test - Quiz - New Question:45)
	at com.kms.katalon.core.main.ScriptEngine.run(ScriptEngine.java:194)
	at com.kms.katalon.core.main.ScriptEngine.runScriptAsRawText(ScriptEngine.java:119)
	at com.kms.katalon.core.main.TestCaseExecutor.runScript(TestCaseExecutor.java:337)
	at com.kms.katalon.core.main.TestCaseExecutor.doExecute(TestCaseExecutor.java:328)
	at com.kms.katalon.core.main.TestCaseExecutor.processExecutionPhase(TestCaseExecutor.java:307)
	at com.kms.katalon.core.main.TestCaseExecutor.accessMainPhase(TestCaseExecutor.java:299)
	at com.kms.katalon.core.main.TestCaseExecutor.execute(TestCaseExecutor.java:233)
	at com.kms.katalon.core.main.TestSuiteExecutor.accessTestCaseMainPhase(TestSuiteExecutor.java:169)
	at com.kms.katalon.core.main.TestSuiteExecutor.accessTestSuiteMainPhase(TestSuiteExecutor.java:142)
	at com.kms.katalon.core.main.TestSuiteExecutor.execute(TestSuiteExecutor.java:91)
	at com.kms.katalon.core.main.TestCaseMain.startTestSuite(TestCaseMain.java:157)
	at com.kms.katalon.core.main.TestCaseMain$startTestSuite$0.call(Unknown Source)
	at TempTestSuite1590576626088.run(TempTestSuite1590576626088.groovy:36)
Caused by: org.openqa.selenium.NoSuchElementException: Cannot locate element with text: SALES MANAGER
For documentation on this error, please visit: https://www.seleniumhq.org/exceptions/no_such_element.html
Build info: version: '3.141.59', revision: 'e82be7d358', time: '2018-11-14T08:25:53'
System info: host: 'DESKTOP-NHES7H6', ip: '192.168.1.116', os.name: 'Windows 10', os.arch: 'amd64', os.version: '10.0', java.version: '1.8.0_181'
Driver info: driver.version: unknown
	at org.openqa.selenium.support.ui.Select.selectByVisibleText(Select.java:147)
	at com.kms.katalon.core.webui.common.WebUiCommonHelper.selectOrDeselectOptionsByLabel(WebUiCommonHelper.java:310)
	at com.kms.katalon.core.webui.keyword.builtin.SelectOptionByLabelKeyword$_selectOptionByLabel_closure1.doCall(SelectOptionByLabelKeyword.groovy:87)
	at com.kms.katalon.core.webui.keyword.builtin.SelectOptionByLabelKeyword$_selectOptionByLabel_closure1.call(SelectOptionByLabelKeyword.groovy)
	at com.kms.katalon.core.webui.keyword.internal.WebUIKeywordMain.runKeyword(WebUIKeywordMain.groovy:20)
	... 19 more


2020-05-27 17:57:14 - [TEST_STEP][PASSED] - callTestCase(findTestCase("Rizka/Admin/AdminMainLogin"), [:], STOP_ON_FAILURE): Call Test Case 'Test Cases/Rizka/Admin/AdminMainLogin' successfully

2020-05-27 17:57:14 - [TEST_CASE][PASSED] - Test Cases/Rizka/Admin/AdminMainLogin: Test Cases/Rizka/Admin/AdminMainLogin

2020-05-27 17:57:14 - [TEST_STEP][PASSED] - openBrowser("https://appsrv1.deltadatamandiri.com/ACC_LMS_WEB/#/admNLmn"): Browser is opened with url: 'https://appsrv1.deltadatamandiri.com/ACC_LMS_WEB/#/admNLmn'

2020-05-27 17:57:14 - [MESSAGE][WARNING] - A browser is already opened. Closing browser and opening a new one

2020-05-27 17:57:15 - [MESSAGE][INFO] - Starting 'Chrome' driver

2020-05-27 17:57:43 - [MESSAGE][PASSED] - Browser is opened with url: 'https://appsrv1.deltadatamandiri.com/ACC_LMS_WEB/#/admNLmn'

2020-05-27 17:57:43 - [TEST_STEP][PASSED] - maximizeWindow(): Current window maximized

2020-05-27 17:57:45 - [MESSAGE][PASSED] - Current window maximized

2020-05-27 17:57:45 - [TEST_STEP][PASSED] - delay(15): Delayed 15 second(s)

2020-05-27 17:58:00 - [MESSAGE][PASSED] - Delayed 15 second(s)

2020-05-27 17:58:00 - [TEST_STEP][PASSED] - click(findTestObject("Rizka/Admin/Admin - Login/btnLogin")): Object: 'Object Repository/Rizka/Admin/Admin - Login/btnLogin' is clicked on

2020-05-27 17:58:01 - [MESSAGE][PASSED] - Object: 'Object Repository/Rizka/Admin/Admin - Login/btnLogin' is clicked on

2020-05-27 17:58:01 - [TEST_STEP][PASSED] - setText(findTestObject("Rizka/Admin/Admin - Login/txtUsername"), "11666"): Text '11666' is set on object 'Object Repository/Rizka/Admin/Admin - Login/txtUsername'

2020-05-27 17:58:01 - [MESSAGE][PASSED] - Text '11666' is set on object 'Object Repository/Rizka/Admin/Admin - Login/txtUsername'

2020-05-27 17:58:01 - [TEST_STEP][PASSED] - setText(findTestObject("Rizka/Admin/Admin - Login/txtPassword"), "Password3"): Text 'Password3' is set on object 'Object Repository/Rizka/Admin/Admin - Login/txtPassword'

2020-05-27 17:58:02 - [MESSAGE][PASSED] - Text 'Password3' is set on object 'Object Repository/Rizka/Admin/Admin - Login/txtPassword'

2020-05-27 17:58:02 - [TEST_STEP][PASSED] - click(findTestObject("Rizka/Admin/Admin - Login/btnEyePass")): Object: 'Object Repository/Rizka/Admin/Admin - Login/btnEyePass' is clicked on

2020-05-27 17:58:03 - [MESSAGE][PASSED] - Object: 'Object Repository/Rizka/Admin/Admin - Login/btnEyePass' is clicked on

2020-05-27 17:58:03 - [TEST_STEP][PASSED] - click(findTestObject("Rizka/Admin/Admin - Login/checkboxRememberMe")): Object: 'Object Repository/Rizka/Admin/Admin - Login/checkboxRememberMe' is clicked on

2020-05-27 17:58:03 - [MESSAGE][PASSED] - Object: 'Object Repository/Rizka/Admin/Admin - Login/checkboxRememberMe' is clicked on

2020-05-27 17:58:03 - [TEST_STEP][PASSED] - click(findTestObject("Rizka/Admin/Admin - Login/btnLogin2")): Object: 'Object Repository/Rizka/Admin/Admin - Login/btnLogin2' is clicked on

2020-05-27 17:58:04 - [MESSAGE][PASSED] - Object: 'Object Repository/Rizka/Admin/Admin - Login/btnLogin2' is clicked on

2020-05-27 17:58:04 - [TEST_STEP][PASSED] - delay(15): Delayed 15 second(s)

2020-05-27 17:58:19 - [MESSAGE][PASSED] - Delayed 15 second(s)

2020-05-27 17:58:19 - [MESSAGE][PASSED] - Call Test Case 'Test Cases/Rizka/Admin/AdminMainLogin' successfully

2020-05-27 17:58:19 - [TEST_STEP][PASSED] - click(findTestObject("Rizka/Admin/Admin - Manage Test - Quiz - New Question/btnManageTest")): Object: 'Object Repository/Rizka/Admin/Admin - Manage Test - Quiz - New Question/btnManageTest' is clicked on

2020-05-27 17:58:19 - [MESSAGE][PASSED] - Object: 'Object Repository/Rizka/Admin/Admin - Manage Test - Quiz - New Question/btnManageTest' is clicked on

2020-05-27 17:58:19 - [TEST_STEP][PASSED] - delay(5): Delayed 5 second(s)

2020-05-27 17:58:24 - [MESSAGE][PASSED] - Delayed 5 second(s)

2020-05-27 17:58:24 - [TEST_STEP][PASSED] - click(findTestObject("Rizka/Admin/Admin - Manage Test - Quiz - New Question/btnQuiz")): Object: 'Object Repository/Rizka/Admin/Admin - Manage Test - Quiz - New Question/btnQuiz' is clicked on

2020-05-27 17:58:25 - [MESSAGE][PASSED] - Object: 'Object Repository/Rizka/Admin/Admin - Manage Test - Quiz - New Question/btnQuiz' is clicked on

2020-05-27 17:58:25 - [TEST_STEP][PASSED] - delay(5): Delayed 5 second(s)

2020-05-27 17:58:30 - [MESSAGE][PASSED] - Delayed 5 second(s)

2020-05-27 17:58:30 - [TEST_STEP][PASSED] - click(findTestObject("Rizka/Admin/Admin - Manage Test - Quiz - New Question/btnNewQuestion")): Object: 'Object Repository/Rizka/Admin/Admin - Manage Test - Quiz - New Question/btnNewQuestion' is clicked on

2020-05-27 17:58:50 - [MESSAGE][PASSED] - Object: 'Object Repository/Rizka/Admin/Admin - Manage Test - Quiz - New Question/btnNewQuestion' is clicked on

2020-05-27 17:58:50 - [TEST_STEP][PASSED] - delay(5): Delayed 5 second(s)

2020-05-27 17:58:55 - [MESSAGE][PASSED] - Delayed 5 second(s)

2020-05-27 17:58:55 - [TEST_STEP][PASSED] - if (tipeSoal != ""): All options with label 'Benar / Salah' are selected in object 'Object Repository/Rizka/Admin/Admin - Manage Test - Quiz - New Question/fieldTipeSoal' 

2020-05-27 17:58:55 - [TEST_STEP][PASSED] - selectOptionByLabel(findTestObject("Rizka/Admin/Admin - Manage Test - Quiz - New Question/fieldTipeSoal"), tipeSoal, false): All options with label 'Benar / Salah' are selected in object 'Object Repository/Rizka/Admin/Admin - Manage Test - Quiz - New Question/fieldTipeSoal' 

2020-05-27 17:58:59 - [MESSAGE][PASSED] - All options with label 'Benar / Salah' are selected in object 'Object Repository/Rizka/Admin/Admin - Manage Test - Quiz - New Question/fieldTipeSoal' 

2020-05-27 17:58:59 - [TEST_STEP][PASSED] - if (jobFunction != ""): null

2020-05-27 17:58:59 - [TEST_STEP][PASSED] - delay(3): Delayed 3 second(s)

2020-05-27 17:59:02 - [MESSAGE][PASSED] - Delayed 3 second(s)

2020-05-27 17:59:02 - [TEST_STEP][FAILED] - if (jobPosition != ""): Unable to select option by label 'SALES MANAGER' of object 'Object Repository/Rizka/Admin/Admin - Manage Test - Quiz - New Question/fieldJobPosition'  (Root cause: com.kms.katalon.core.exception.StepFailedException: Unable to select option by label 'SALES MANAGER' of object 'Object Repository/Rizka/Admin/Admin - Manage Test - Quiz - New Question/fieldJobPosition' 
	at com.kms.katalon.core.webui.keyword.internal.WebUIKeywordMain.stepFailed(WebUIKeywordMain.groovy:64)
	at com.kms.katalon.core.webui.keyword.internal.WebUIKeywordMain.runKeyword(WebUIKeywordMain.groovy:26)
	at com.kms.katalon.core.webui.keyword.builtin.SelectOptionByLabelKeyword.selectOptionByLabel(SelectOptionByLabelKeyword.groovy:98)
	at com.kms.katalon.core.webui.keyword.builtin.SelectOptionByLabelKeyword.execute(SelectOptionByLabelKeyword.groovy:71)
	at com.kms.katalon.core.keyword.internal.KeywordExecutor.executeKeywordForPlatform(KeywordExecutor.groovy:72)
	at com.kms.katalon.core.webui.keyword.WebUiBuiltInKeywords.selectOptionByLabel(WebUiBuiltInKeywords.groovy:1200)
	at com.kms.katalon.core.webui.keyword.WebUiBuiltInKeywords$selectOptionByLabel$3.call(Unknown Source)
	at Admin - Manage Test - Quiz - New Question.run(Admin - Manage Test - Quiz - New Question:45)
	at com.kms.katalon.core.main.ScriptEngine.run(ScriptEngine.java:194)
	at com.kms.katalon.core.main.ScriptEngine.runScriptAsRawText(ScriptEngine.java:119)
	at com.kms.katalon.core.main.TestCaseExecutor.runScript(TestCaseExecutor.java:337)
	at com.kms.katalon.core.main.TestCaseExecutor.doExecute(TestCaseExecutor.java:328)
	at com.kms.katalon.core.main.TestCaseExecutor.processExecutionPhase(TestCaseExecutor.java:307)
	at com.kms.katalon.core.main.TestCaseExecutor.accessMainPhase(TestCaseExecutor.java:299)
	at com.kms.katalon.core.main.TestCaseExecutor.execute(TestCaseExecutor.java:233)
	at com.kms.katalon.core.main.TestSuiteExecutor.accessTestCaseMainPhase(TestSuiteExecutor.java:169)
	at com.kms.katalon.core.main.TestSuiteExecutor.accessTestSuiteMainPhase(TestSuiteExecutor.java:142)
	at com.kms.katalon.core.main.TestSuiteExecutor.execute(TestSuiteExecutor.java:91)
	at com.kms.katalon.core.main.TestCaseMain.startTestSuite(TestCaseMain.java:157)
	at com.kms.katalon.core.main.TestCaseMain$startTestSuite$0.call(Unknown Source)
	at TempTestSuite1590576626088.run(TempTestSuite1590576626088.groovy:36)
Caused by: org.openqa.selenium.NoSuchElementException: Cannot locate element with text: SALES MANAGER
For documentation on this error, please visit: https://www.seleniumhq.org/exceptions/no_such_element.html
Build info: version: '3.141.59', revision: 'e82be7d358', time: '2018-11-14T08:25:53'
System info: host: 'DESKTOP-NHES7H6', ip: '192.168.1.116', os.name: 'Windows 10', os.arch: 'amd64', os.version: '10.0', java.version: '1.8.0_181'
Driver info: driver.version: unknown
	at org.openqa.selenium.support.ui.Select.selectByVisibleText(Select.java:147)
	at com.kms.katalon.core.webui.common.WebUiCommonHelper.selectOrDeselectOptionsByLabel(WebUiCommonHelper.java:310)
	at com.kms.katalon.core.webui.keyword.builtin.SelectOptionByLabelKeyword$_selectOptionByLabel_closure1.doCall(SelectOptionByLabelKeyword.groovy:87)
	at com.kms.katalon.core.webui.keyword.builtin.SelectOptionByLabelKeyword$_selectOptionByLabel_closure1.call(SelectOptionByLabelKeyword.groovy)
	at com.kms.katalon.core.webui.keyword.internal.WebUIKeywordMain.runKeyword(WebUIKeywordMain.groovy:20)
	at com.kms.katalon.core.webui.keyword.builtin.SelectOptionByLabelKeyword.selectOptionByLabel(SelectOptionByLabelKeyword.groovy:98)
	at com.kms.katalon.core.webui.keyword.builtin.SelectOptionByLabelKeyword.execute(SelectOptionByLabelKeyword.groovy:71)
	at com.kms.katalon.core.keyword.internal.KeywordExecutor.executeKeywordForPlatform(KeywordExecutor.groovy:72)
	at com.kms.katalon.core.webui.keyword.WebUiBuiltInKeywords.selectOptionByLabel(WebUiBuiltInKeywords.groovy:1200)
	at com.kms.katalon.core.webui.keyword.WebUiBuiltInKeywords$selectOptionByLabel$3.call(Unknown Source)
	at Script1590439026622.run(Script1590439026622.groovy:45)
	... 13 more
)

2020-05-27 17:59:02 - [TEST_STEP][FAILED] - selectOptionByLabel(findTestObject("Rizka/Admin/Admin - Manage Test - Quiz - New Question/fieldJobPosition"), jobPosition, false): Unable to select option by label 'SALES MANAGER' of object 'Object Repository/Rizka/Admin/Admin - Manage Test - Quiz - New Question/fieldJobPosition'  (Root cause: com.kms.katalon.core.exception.StepFailedException: Unable to select option by label 'SALES MANAGER' of object 'Object Repository/Rizka/Admin/Admin - Manage Test - Quiz - New Question/fieldJobPosition' 
	at com.kms.katalon.core.webui.keyword.internal.WebUIKeywordMain.stepFailed(WebUIKeywordMain.groovy:64)
	at com.kms.katalon.core.webui.keyword.internal.WebUIKeywordMain.runKeyword(WebUIKeywordMain.groovy:26)
	at com.kms.katalon.core.webui.keyword.builtin.SelectOptionByLabelKeyword.selectOptionByLabel(SelectOptionByLabelKeyword.groovy:98)
	at com.kms.katalon.core.webui.keyword.builtin.SelectOptionByLabelKeyword.execute(SelectOptionByLabelKeyword.groovy:71)
	at com.kms.katalon.core.keyword.internal.KeywordExecutor.executeKeywordForPlatform(KeywordExecutor.groovy:72)
	at com.kms.katalon.core.webui.keyword.WebUiBuiltInKeywords.selectOptionByLabel(WebUiBuiltInKeywords.groovy:1200)
	at com.kms.katalon.core.webui.keyword.WebUiBuiltInKeywords$selectOptionByLabel$3.call(Unknown Source)
	at Admin - Manage Test - Quiz - New Question.run(Admin - Manage Test - Quiz - New Question:45)
	at com.kms.katalon.core.main.ScriptEngine.run(ScriptEngine.java:194)
	at com.kms.katalon.core.main.ScriptEngine.runScriptAsRawText(ScriptEngine.java:119)
	at com.kms.katalon.core.main.TestCaseExecutor.runScript(TestCaseExecutor.java:337)
	at com.kms.katalon.core.main.TestCaseExecutor.doExecute(TestCaseExecutor.java:328)
	at com.kms.katalon.core.main.TestCaseExecutor.processExecutionPhase(TestCaseExecutor.java:307)
	at com.kms.katalon.core.main.TestCaseExecutor.accessMainPhase(TestCaseExecutor.java:299)
	at com.kms.katalon.core.main.TestCaseExecutor.execute(TestCaseExecutor.java:233)
	at com.kms.katalon.core.main.TestSuiteExecutor.accessTestCaseMainPhase(TestSuiteExecutor.java:169)
	at com.kms.katalon.core.main.TestSuiteExecutor.accessTestSuiteMainPhase(TestSuiteExecutor.java:142)
	at com.kms.katalon.core.main.TestSuiteExecutor.execute(TestSuiteExecutor.java:91)
	at com.kms.katalon.core.main.TestCaseMain.startTestSuite(TestCaseMain.java:157)
	at com.kms.katalon.core.main.TestCaseMain$startTestSuite$0.call(Unknown Source)
	at TempTestSuite1590576626088.run(TempTestSuite1590576626088.groovy:36)
Caused by: org.openqa.selenium.NoSuchElementException: Cannot locate element with text: SALES MANAGER
For documentation on this error, please visit: https://www.seleniumhq.org/exceptions/no_such_element.html
Build info: version: '3.141.59', revision: 'e82be7d358', time: '2018-11-14T08:25:53'
System info: host: 'DESKTOP-NHES7H6', ip: '192.168.1.116', os.name: 'Windows 10', os.arch: 'amd64', os.version: '10.0', java.version: '1.8.0_181'
Driver info: driver.version: unknown
	at org.openqa.selenium.support.ui.Select.selectByVisibleText(Select.java:147)
	at com.kms.katalon.core.webui.common.WebUiCommonHelper.selectOrDeselectOptionsByLabel(WebUiCommonHelper.java:310)
	at com.kms.katalon.core.webui.keyword.builtin.SelectOptionByLabelKeyword$_selectOptionByLabel_closure1.doCall(SelectOptionByLabelKeyword.groovy:87)
	at com.kms.katalon.core.webui.keyword.builtin.SelectOptionByLabelKeyword$_selectOptionByLabel_closure1.call(SelectOptionByLabelKeyword.groovy)
	at com.kms.katalon.core.webui.keyword.internal.WebUIKeywordMain.runKeyword(WebUIKeywordMain.groovy:20)
	at com.kms.katalon.core.webui.keyword.builtin.SelectOptionByLabelKeyword.selectOptionByLabel(SelectOptionByLabelKeyword.groovy:98)
	at com.kms.katalon.core.webui.keyword.builtin.SelectOptionByLabelKeyword.execute(SelectOptionByLabelKeyword.groovy:71)
	at com.kms.katalon.core.keyword.internal.KeywordExecutor.executeKeywordForPlatform(KeywordExecutor.groovy:72)
	at com.kms.katalon.core.webui.keyword.WebUiBuiltInKeywords.selectOptionByLabel(WebUiBuiltInKeywords.groovy:1200)
	at com.kms.katalon.core.webui.keyword.WebUiBuiltInKeywords$selectOptionByLabel$3.call(Unknown Source)
	at Script1590439026622.run(Script1590439026622.groovy:45)
	... 13 more
)

2020-05-27 17:59:07 - [MESSAGE][FAILED] - Unable to select option by label 'SALES MANAGER' of object 'Object Repository/Rizka/Admin/Admin - Manage Test - Quiz - New Question/fieldJobPosition'  (Root cause: com.kms.katalon.core.exception.StepFailedException: Unable to select option by label 'SALES MANAGER' of object 'Object Repository/Rizka/Admin/Admin - Manage Test - Quiz - New Question/fieldJobPosition' 
	at com.kms.katalon.core.webui.keyword.internal.WebUIKeywordMain.stepFailed(WebUIKeywordMain.groovy:64)
	at com.kms.katalon.core.webui.keyword.internal.WebUIKeywordMain.runKeyword(WebUIKeywordMain.groovy:26)
	at com.kms.katalon.core.webui.keyword.builtin.SelectOptionByLabelKeyword.selectOptionByLabel(SelectOptionByLabelKeyword.groovy:98)
	at com.kms.katalon.core.webui.keyword.builtin.SelectOptionByLabelKeyword.execute(SelectOptionByLabelKeyword.groovy:71)
	at com.kms.katalon.core.keyword.internal.KeywordExecutor.executeKeywordForPlatform(KeywordExecutor.groovy:72)
	at com.kms.katalon.core.webui.keyword.WebUiBuiltInKeywords.selectOptionByLabel(WebUiBuiltInKeywords.groovy:1200)
	at com.kms.katalon.core.webui.keyword.WebUiBuiltInKeywords$selectOptionByLabel$3.call(Unknown Source)
	at Admin - Manage Test - Quiz - New Question.run(Admin - Manage Test - Quiz - New Question:45)
	at com.kms.katalon.core.main.ScriptEngine.run(ScriptEngine.java:194)
	at com.kms.katalon.core.main.ScriptEngine.runScriptAsRawText(ScriptEngine.java:119)
	at com.kms.katalon.core.main.TestCaseExecutor.runScript(TestCaseExecutor.java:337)
	at com.kms.katalon.core.main.TestCaseExecutor.doExecute(TestCaseExecutor.java:328)
	at com.kms.katalon.core.main.TestCaseExecutor.processExecutionPhase(TestCaseExecutor.java:307)
	at com.kms.katalon.core.main.TestCaseExecutor.accessMainPhase(TestCaseExecutor.java:299)
	at com.kms.katalon.core.main.TestCaseExecutor.execute(TestCaseExecutor.java:233)
	at com.kms.katalon.core.main.TestSuiteExecutor.accessTestCaseMainPhase(TestSuiteExecutor.java:169)
	at com.kms.katalon.core.main.TestSuiteExecutor.accessTestSuiteMainPhase(TestSuiteExecutor.java:142)
	at com.kms.katalon.core.main.TestSuiteExecutor.execute(TestSuiteExecutor.java:91)
	at com.kms.katalon.core.main.TestCaseMain.startTestSuite(TestCaseMain.java:157)
	at com.kms.katalon.core.main.TestCaseMain$startTestSuite$0.call(Unknown Source)
	at TempTestSuite1590576626088.run(TempTestSuite1590576626088.groovy:36)
Caused by: org.openqa.selenium.NoSuchElementException: Cannot locate element with text: SALES MANAGER
For documentation on this error, please visit: https://www.seleniumhq.org/exceptions/no_such_element.html
Build info: version: '3.141.59', revision: 'e82be7d358', time: '2018-11-14T08:25:53'
System info: host: 'DESKTOP-NHES7H6', ip: '192.168.1.116', os.name: 'Windows 10', os.arch: 'amd64', os.version: '10.0', java.version: '1.8.0_181'
Driver info: driver.version: unknown
	at org.openqa.selenium.support.ui.Select.selectByVisibleText(Select.java:147)
	at com.kms.katalon.core.webui.common.WebUiCommonHelper.selectOrDeselectOptionsByLabel(WebUiCommonHelper.java:310)
	at com.kms.katalon.core.webui.keyword.builtin.SelectOptionByLabelKeyword$_selectOptionByLabel_closure1.doCall(SelectOptionByLabelKeyword.groovy:87)
	at com.kms.katalon.core.webui.keyword.builtin.SelectOptionByLabelKeyword$_selectOptionByLabel_closure1.call(SelectOptionByLabelKeyword.groovy)
	at com.kms.katalon.core.webui.keyword.internal.WebUIKeywordMain.runKeyword(WebUIKeywordMain.groovy:20)
	at com.kms.katalon.core.webui.keyword.builtin.SelectOptionByLabelKeyword.selectOptionByLabel(SelectOptionByLabelKeyword.groovy:98)
	at com.kms.katalon.core.webui.keyword.builtin.SelectOptionByLabelKeyword.execute(SelectOptionByLabelKeyword.groovy:71)
	at com.kms.katalon.core.keyword.internal.KeywordExecutor.executeKeywordForPlatform(KeywordExecutor.groovy:72)
	at com.kms.katalon.core.webui.keyword.WebUiBuiltInKeywords.selectOptionByLabel(WebUiBuiltInKeywords.groovy:1200)
	at com.kms.katalon.core.webui.keyword.WebUiBuiltInKeywords$selectOptionByLabel$3.call(Unknown Source)
	at Script1590439026622.run(Script1590439026622.groovy:45)
	... 13 more
)
[[ATTACHMENT|D:\\MY WORLD\\WORKS (TUGAS)\\LearningManagementWeb\\Reports\\20200527_175026\\Rizka\\Admin\\Admin - Manage Test - Quiz\\20200527_175026\\1590577147054.png]]]]></system-out>
         <system-err><![CDATA[2020-05-27 17:57:14 - [TEST_CASE][FAILED] - Test Cases/Rizka/Admin/Manage Test/Admin - Manage Test - Quiz - New Question: Test Cases/Rizka/Admin/Manage Test/Admin - Manage Test - Quiz - New Question FAILED.
Reason:
com.kms.katalon.core.exception.StepFailedException: Unable to select option by label 'SALES MANAGER' of object 'Object Repository/Rizka/Admin/Admin - Manage Test - Quiz - New Question/fieldJobPosition' 
	at com.kms.katalon.core.webui.keyword.internal.WebUIKeywordMain.stepFailed(WebUIKeywordMain.groovy:64)
	at com.kms.katalon.core.webui.keyword.internal.WebUIKeywordMain.runKeyword(WebUIKeywordMain.groovy:26)
	at com.kms.katalon.core.webui.keyword.builtin.SelectOptionByLabelKeyword.selectOptionByLabel(SelectOptionByLabelKeyword.groovy:98)
	at com.kms.katalon.core.webui.keyword.builtin.SelectOptionByLabelKeyword.execute(SelectOptionByLabelKeyword.groovy:71)
	at com.kms.katalon.core.keyword.internal.KeywordExecutor.executeKeywordForPlatform(KeywordExecutor.groovy:72)
	at com.kms.katalon.core.webui.keyword.WebUiBuiltInKeywords.selectOptionByLabel(WebUiBuiltInKeywords.groovy:1200)
	at com.kms.katalon.core.webui.keyword.WebUiBuiltInKeywords$selectOptionByLabel$3.call(Unknown Source)
	at Admin - Manage Test - Quiz - New Question.run(Admin - Manage Test - Quiz - New Question:45)
	at com.kms.katalon.core.main.ScriptEngine.run(ScriptEngine.java:194)
	at com.kms.katalon.core.main.ScriptEngine.runScriptAsRawText(ScriptEngine.java:119)
	at com.kms.katalon.core.main.TestCaseExecutor.runScript(TestCaseExecutor.java:337)
	at com.kms.katalon.core.main.TestCaseExecutor.doExecute(TestCaseExecutor.java:328)
	at com.kms.katalon.core.main.TestCaseExecutor.processExecutionPhase(TestCaseExecutor.java:307)
	at com.kms.katalon.core.main.TestCaseExecutor.accessMainPhase(TestCaseExecutor.java:299)
	at com.kms.katalon.core.main.TestCaseExecutor.execute(TestCaseExecutor.java:233)
	at com.kms.katalon.core.main.TestSuiteExecutor.accessTestCaseMainPhase(TestSuiteExecutor.java:169)
	at com.kms.katalon.core.main.TestSuiteExecutor.accessTestSuiteMainPhase(TestSuiteExecutor.java:142)
	at com.kms.katalon.core.main.TestSuiteExecutor.execute(TestSuiteExecutor.java:91)
	at com.kms.katalon.core.main.TestCaseMain.startTestSuite(TestCaseMain.java:157)
	at com.kms.katalon.core.main.TestCaseMain$startTestSuite$0.call(Unknown Source)
	at TempTestSuite1590576626088.run(TempTestSuite1590576626088.groovy:36)
Caused by: org.openqa.selenium.NoSuchElementException: Cannot locate element with text: SALES MANAGER
For documentation on this error, please visit: https://www.seleniumhq.org/exceptions/no_such_element.html
Build info: version: '3.141.59', revision: 'e82be7d358', time: '2018-11-14T08:25:53'
System info: host: 'DESKTOP-NHES7H6', ip: '192.168.1.116', os.name: 'Windows 10', os.arch: 'amd64', os.version: '10.0', java.version: '1.8.0_181'
Driver info: driver.version: unknown
	at org.openqa.selenium.support.ui.Select.selectByVisibleText(Select.java:147)
	at com.kms.katalon.core.webui.common.WebUiCommonHelper.selectOrDeselectOptionsByLabel(WebUiCommonHelper.java:310)
	at com.kms.katalon.core.webui.keyword.builtin.SelectOptionByLabelKeyword$_selectOptionByLabel_closure1.doCall(SelectOptionByLabelKeyword.groovy:87)
	at com.kms.katalon.core.webui.keyword.builtin.SelectOptionByLabelKeyword$_selectOptionByLabel_closure1.call(SelectOptionByLabelKeyword.groovy)
	at com.kms.katalon.core.webui.keyword.internal.WebUIKeywordMain.runKeyword(WebUIKeywordMain.groovy:20)
	... 19 more]]></system-err>
      </testcase>
      <testcase name="Test Cases/Rizka/Admin/Manage Test/Admin - Manage Test - Quiz - New Question" time="152.04" classname="Test Cases/Rizka/Admin/Manage Test/Admin - Manage Test - Quiz - New Question" status="PASSED">
         <system-out><![CDATA[2020-05-27 17:59:07 - [TEST_CASE][PASSED] - Test Cases/Rizka/Admin/Manage Test/Admin - Manage Test - Quiz - New Question: Test Cases/Rizka/Admin/Manage Test/Admin - Manage Test - Quiz - New Question

2020-05-27 17:59:07 - [TEST_STEP][PASSED] - callTestCase(findTestCase("Rizka/Admin/AdminMainLogin"), [:], STOP_ON_FAILURE): Call Test Case 'Test Cases/Rizka/Admin/AdminMainLogin' successfully

2020-05-27 17:59:08 - [TEST_CASE][PASSED] - Test Cases/Rizka/Admin/AdminMainLogin: Test Cases/Rizka/Admin/AdminMainLogin

2020-05-27 17:59:08 - [TEST_STEP][PASSED] - openBrowser("https://appsrv1.deltadatamandiri.com/ACC_LMS_WEB/#/admNLmn"): Browser is opened with url: 'https://appsrv1.deltadatamandiri.com/ACC_LMS_WEB/#/admNLmn'

2020-05-27 17:59:08 - [MESSAGE][WARNING] - A browser is already opened. Closing browser and opening a new one

2020-05-27 17:59:09 - [MESSAGE][INFO] - Starting 'Chrome' driver

2020-05-27 17:59:37 - [MESSAGE][PASSED] - Browser is opened with url: 'https://appsrv1.deltadatamandiri.com/ACC_LMS_WEB/#/admNLmn'

2020-05-27 17:59:37 - [TEST_STEP][PASSED] - maximizeWindow(): Current window maximized

2020-05-27 17:59:39 - [MESSAGE][PASSED] - Current window maximized

2020-05-27 17:59:39 - [TEST_STEP][PASSED] - delay(15): Delayed 15 second(s)

2020-05-27 17:59:54 - [MESSAGE][PASSED] - Delayed 15 second(s)

2020-05-27 17:59:54 - [TEST_STEP][PASSED] - click(findTestObject("Rizka/Admin/Admin - Login/btnLogin")): Object: 'Object Repository/Rizka/Admin/Admin - Login/btnLogin' is clicked on

2020-05-27 17:59:54 - [MESSAGE][PASSED] - Object: 'Object Repository/Rizka/Admin/Admin - Login/btnLogin' is clicked on

2020-05-27 17:59:54 - [TEST_STEP][PASSED] - setText(findTestObject("Rizka/Admin/Admin - Login/txtUsername"), "11666"): Text '11666' is set on object 'Object Repository/Rizka/Admin/Admin - Login/txtUsername'

2020-05-27 17:59:55 - [MESSAGE][PASSED] - Text '11666' is set on object 'Object Repository/Rizka/Admin/Admin - Login/txtUsername'

2020-05-27 17:59:55 - [TEST_STEP][PASSED] - setText(findTestObject("Rizka/Admin/Admin - Login/txtPassword"), "Password3"): Text 'Password3' is set on object 'Object Repository/Rizka/Admin/Admin - Login/txtPassword'

2020-05-27 17:59:55 - [MESSAGE][PASSED] - Text 'Password3' is set on object 'Object Repository/Rizka/Admin/Admin - Login/txtPassword'

2020-05-27 17:59:55 - [TEST_STEP][PASSED] - click(findTestObject("Rizka/Admin/Admin - Login/btnEyePass")): Object: 'Object Repository/Rizka/Admin/Admin - Login/btnEyePass' is clicked on

2020-05-27 17:59:56 - [MESSAGE][PASSED] - Object: 'Object Repository/Rizka/Admin/Admin - Login/btnEyePass' is clicked on

2020-05-27 17:59:56 - [TEST_STEP][PASSED] - click(findTestObject("Rizka/Admin/Admin - Login/checkboxRememberMe")): Object: 'Object Repository/Rizka/Admin/Admin - Login/checkboxRememberMe' is clicked on

2020-05-27 17:59:56 - [MESSAGE][PASSED] - Object: 'Object Repository/Rizka/Admin/Admin - Login/checkboxRememberMe' is clicked on

2020-05-27 17:59:56 - [TEST_STEP][PASSED] - click(findTestObject("Rizka/Admin/Admin - Login/btnLogin2")): Object: 'Object Repository/Rizka/Admin/Admin - Login/btnLogin2' is clicked on

2020-05-27 17:59:57 - [MESSAGE][PASSED] - Object: 'Object Repository/Rizka/Admin/Admin - Login/btnLogin2' is clicked on

2020-05-27 17:59:57 - [TEST_STEP][PASSED] - delay(15): Delayed 15 second(s)

2020-05-27 18:00:12 - [MESSAGE][PASSED] - Delayed 15 second(s)

2020-05-27 18:00:12 - [MESSAGE][PASSED] - Call Test Case 'Test Cases/Rizka/Admin/AdminMainLogin' successfully

2020-05-27 18:00:12 - [TEST_STEP][PASSED] - click(findTestObject("Rizka/Admin/Admin - Manage Test - Quiz - New Question/btnManageTest")): Object: 'Object Repository/Rizka/Admin/Admin - Manage Test - Quiz - New Question/btnManageTest' is clicked on

2020-05-27 18:00:12 - [MESSAGE][PASSED] - Object: 'Object Repository/Rizka/Admin/Admin - Manage Test - Quiz - New Question/btnManageTest' is clicked on

2020-05-27 18:00:12 - [TEST_STEP][PASSED] - delay(5): Delayed 5 second(s)

2020-05-27 18:00:17 - [MESSAGE][PASSED] - Delayed 5 second(s)

2020-05-27 18:00:17 - [TEST_STEP][PASSED] - click(findTestObject("Rizka/Admin/Admin - Manage Test - Quiz - New Question/btnQuiz")): Object: 'Object Repository/Rizka/Admin/Admin - Manage Test - Quiz - New Question/btnQuiz' is clicked on

2020-05-27 18:00:18 - [MESSAGE][PASSED] - Object: 'Object Repository/Rizka/Admin/Admin - Manage Test - Quiz - New Question/btnQuiz' is clicked on

2020-05-27 18:00:18 - [TEST_STEP][PASSED] - delay(5): Delayed 5 second(s)

2020-05-27 18:00:23 - [MESSAGE][PASSED] - Delayed 5 second(s)

2020-05-27 18:00:23 - [TEST_STEP][PASSED] - click(findTestObject("Rizka/Admin/Admin - Manage Test - Quiz - New Question/btnNewQuestion")): Object: 'Object Repository/Rizka/Admin/Admin - Manage Test - Quiz - New Question/btnNewQuestion' is clicked on

2020-05-27 18:00:41 - [MESSAGE][PASSED] - Object: 'Object Repository/Rizka/Admin/Admin - Manage Test - Quiz - New Question/btnNewQuestion' is clicked on

2020-05-27 18:00:41 - [TEST_STEP][PASSED] - delay(5): Delayed 5 second(s)

2020-05-27 18:00:46 - [MESSAGE][PASSED] - Delayed 5 second(s)

2020-05-27 18:00:46 - [TEST_STEP][PASSED] - if (tipeSoal != ""): All options with label 'Benar / Salah' are selected in object 'Object Repository/Rizka/Admin/Admin - Manage Test - Quiz - New Question/fieldTipeSoal' 

2020-05-27 18:00:46 - [TEST_STEP][PASSED] - selectOptionByLabel(findTestObject("Rizka/Admin/Admin - Manage Test - Quiz - New Question/fieldTipeSoal"), tipeSoal, false): All options with label 'Benar / Salah' are selected in object 'Object Repository/Rizka/Admin/Admin - Manage Test - Quiz - New Question/fieldTipeSoal' 

2020-05-27 18:00:52 - [MESSAGE][PASSED] - All options with label 'Benar / Salah' are selected in object 'Object Repository/Rizka/Admin/Admin - Manage Test - Quiz - New Question/fieldTipeSoal' 

2020-05-27 18:00:52 - [TEST_STEP][PASSED] - if (jobFunction != ""): null

2020-05-27 18:00:52 - [TEST_STEP][PASSED] - delay(3): Delayed 3 second(s)

2020-05-27 18:00:55 - [MESSAGE][PASSED] - Delayed 3 second(s)

2020-05-27 18:00:55 - [TEST_STEP][PASSED] - if (jobPosition != ""): null

2020-05-27 18:00:55 - [TEST_STEP][PASSED] - if (module != ""): All options with label 'NEOP RCCA' are selected in object 'Object Repository/Rizka/Admin/Admin - Manage Test - Quiz - New Question/fieldModul' 

2020-05-27 18:00:55 - [TEST_STEP][PASSED] - selectOptionByLabel(findTestObject("Rizka/Admin/Admin - Manage Test - Quiz - New Question/fieldModul"), module, false): All options with label 'NEOP RCCA' are selected in object 'Object Repository/Rizka/Admin/Admin - Manage Test - Quiz - New Question/fieldModul' 

2020-05-27 18:00:59 - [MESSAGE][PASSED] - All options with label 'NEOP RCCA' are selected in object 'Object Repository/Rizka/Admin/Admin - Manage Test - Quiz - New Question/fieldModul' 

2020-05-27 18:00:59 - [TEST_STEP][PASSED] - if (subModule != ""): All options with label 'Post-Test' are selected in object 'Object Repository/Rizka/Admin/Admin - Manage Test - Quiz - New Question/fieldSubModul' 

2020-05-27 18:00:59 - [TEST_STEP][PASSED] - selectOptionByLabel(findTestObject("Rizka/Admin/Admin - Manage Test - Quiz - New Question/fieldSubModul"), subModule, false): All options with label 'Post-Test' are selected in object 'Object Repository/Rizka/Admin/Admin - Manage Test - Quiz - New Question/fieldSubModul' 

2020-05-27 18:01:03 - [MESSAGE][PASSED] - All options with label 'Post-Test' are selected in object 'Object Repository/Rizka/Admin/Admin - Manage Test - Quiz - New Question/fieldSubModul' 

2020-05-27 18:01:03 - [TEST_STEP][PASSED] - if (technicalCompetence != ""): Text 'Coba ya' is set on object 'Object Repository/Rizka/Admin/Admin - Manage Test - Quiz - New Question/fieldTechnicalCompetence'

2020-05-27 18:01:03 - [TEST_STEP][PASSED] - setText(findTestObject("Rizka/Admin/Admin - Manage Test - Quiz - New Question/fieldTechnicalCompetence"), technicalCompetence, STOP_ON_FAILURE): Text 'Coba ya' is set on object 'Object Repository/Rizka/Admin/Admin - Manage Test - Quiz - New Question/fieldTechnicalCompetence'

2020-05-27 18:01:04 - [MESSAGE][PASSED] - Text 'Coba ya' is set on object 'Object Repository/Rizka/Admin/Admin - Manage Test - Quiz - New Question/fieldTechnicalCompetence'

2020-05-27 18:01:04 - [TEST_STEP][PASSED] - if (levelCompetence != ""): Text '12' is set on object 'Object Repository/Rizka/Admin/Admin - Manage Test - Quiz - New Question/fieldLevelCompetence'

2020-05-27 18:01:04 - [TEST_STEP][PASSED] - setText(findTestObject("Rizka/Admin/Admin - Manage Test - Quiz - New Question/fieldLevelCompetence"), levelCompetence, STOP_ON_FAILURE): Text '12' is set on object 'Object Repository/Rizka/Admin/Admin - Manage Test - Quiz - New Question/fieldLevelCompetence'

2020-05-27 18:01:06 - [MESSAGE][PASSED] - Text '12' is set on object 'Object Repository/Rizka/Admin/Admin - Manage Test - Quiz - New Question/fieldLevelCompetence'

2020-05-27 18:01:06 - [TEST_STEP][PASSED] - if (soalQuestion != ""): Text 'New Question (4)' is set on object 'Object Repository/Rizka/Admin/Admin - Manage Test - Quiz - New Question/fieldQuestion'

2020-05-27 18:01:06 - [TEST_STEP][PASSED] - setText(findTestObject("Rizka/Admin/Admin - Manage Test - Quiz - New Question/fieldQuestion"), soalQuestion): Text 'New Question (4)' is set on object 'Object Repository/Rizka/Admin/Admin - Manage Test - Quiz - New Question/fieldQuestion'

2020-05-27 18:01:07 - [MESSAGE][PASSED] - Text 'New Question (4)' is set on object 'Object Repository/Rizka/Admin/Admin - Manage Test - Quiz - New Question/fieldQuestion'

2020-05-27 18:01:07 - [TEST_STEP][PASSED] - if (tipeSoal == "Pilihan Ganda"): null

2020-05-27 18:01:07 - [TEST_STEP][PASSED] - else if (tipeSoal == "Benar / Salah"): All options with label 'Salah' are selected in object 'Object Repository/Rizka/Admin/Admin - Manage Test - Quiz - New Question/fieldBenarSalah' 

2020-05-27 18:01:07 - [TEST_STEP][PASSED] - selectOptionByLabel(findTestObject("Rizka/Admin/Admin - Manage Test - Quiz - New Question/fieldBenarSalah"), kunciJawaban, false): All options with label 'Salah' are selected in object 'Object Repository/Rizka/Admin/Admin - Manage Test - Quiz - New Question/fieldBenarSalah' 

2020-05-27 18:01:08 - [MESSAGE][PASSED] - All options with label 'Salah' are selected in object 'Object Repository/Rizka/Admin/Admin - Manage Test - Quiz - New Question/fieldBenarSalah' 

2020-05-27 18:01:08 - [TEST_STEP][PASSED] - if (condition == "passed"): Object 'Object Repository/Rizka/Admin/Admin - Manage Test - Quiz - New Question/label_Berikut adalah jenis dealer  dihandle oleh Sales officer new car adalah sebagai berikut kecuali' is visible

2020-05-27 18:01:08 - [TEST_STEP][PASSED] - click(findTestObject("Rizka/Admin/Admin - Manage Test - Quiz - New Question/btnSubmit")): Object: 'Object Repository/Rizka/Admin/Admin - Manage Test - Quiz - New Question/btnSubmit' is clicked on

2020-05-27 18:01:08 - [MESSAGE][PASSED] - Object: 'Object Repository/Rizka/Admin/Admin - Manage Test - Quiz - New Question/btnSubmit' is clicked on

2020-05-27 18:01:08 - [TEST_STEP][PASSED] - delay(5): Delayed 5 second(s)

2020-05-27 18:01:13 - [MESSAGE][PASSED] - Delayed 5 second(s)

2020-05-27 18:01:13 - [TEST_STEP][PASSED] - setText(findTestObject("Rizka/Admin/Admin - Manage Test - Quiz - Search/fieldSearch"), soalQuestion): Text 'New Question (4)' is set on object 'Object Repository/Rizka/Admin/Admin - Manage Test - Quiz - Search/fieldSearch'

2020-05-27 18:01:15 - [MESSAGE][PASSED] - Text 'New Question (4)' is set on object 'Object Repository/Rizka/Admin/Admin - Manage Test - Quiz - Search/fieldSearch'

2020-05-27 18:01:15 - [TEST_STEP][PASSED] - click(findTestObject("Rizka/Admin/Admin - Manage Test - Quiz - Search/btnSearch")): Object: 'Object Repository/Rizka/Admin/Admin - Manage Test - Quiz - Search/btnSearch' is clicked on

2020-05-27 18:01:36 - [MESSAGE][PASSED] - Object: 'Object Repository/Rizka/Admin/Admin - Manage Test - Quiz - Search/btnSearch' is clicked on

2020-05-27 18:01:36 - [TEST_STEP][PASSED] - delay(3): Delayed 3 second(s)

2020-05-27 18:01:39 - [MESSAGE][PASSED] - Delayed 3 second(s)

2020-05-27 18:01:39 - [TEST_STEP][PASSED] - verifyElementVisible(findTestObject("Rizka/Admin/Admin - Manage Test - Quiz - New Question/label_Berikut adalah jenis dealer  dihandle oleh Sales officer new car adalah sebagai berikut kecuali", ["text":soalQuestion]), STOP_ON_FAILURE): Object 'Object Repository/Rizka/Admin/Admin - Manage Test - Quiz - New Question/label_Berikut adalah jenis dealer  dihandle oleh Sales officer new car adalah sebagai berikut kecuali' is visible

2020-05-27 18:01:39 - [MESSAGE][PASSED] - Object 'Object Repository/Rizka/Admin/Admin - Manage Test - Quiz - New Question/label_Berikut adalah jenis dealer  dihandle oleh Sales officer new car adalah sebagai berikut kecuali' is visible]]></system-out>
         <system-err><![CDATA[]]></system-err>
      </testcase>
      <testcase name="Test Cases/Rizka/Admin/Manage Test/Admin - Manage Test - Quiz - New Question" time="128.973" classname="Test Cases/Rizka/Admin/Manage Test/Admin - Manage Test - Quiz - New Question" status="FAILED">
         <failure type="FAILED" message="Test Cases/Rizka/Admin/Manage Test/Admin - Manage Test - Quiz - New Question FAILED.
Reason:
com.kms.katalon.core.exception.StepFailedException: Unable to select option by label 'SALES' of object 'Object Repository/Rizka/Admin/Admin - Manage Test - Quiz - New Question/fieldJobFunction' 
	at com.kms.katalon.core.webui.keyword.internal.WebUIKeywordMain.stepFailed(WebUIKeywordMain.groovy:64)
	at com.kms.katalon.core.webui.keyword.internal.WebUIKeywordMain.runKeyword(WebUIKeywordMain.groovy:26)
	at com.kms.katalon.core.webui.keyword.builtin.SelectOptionByLabelKeyword.selectOptionByLabel(SelectOptionByLabelKeyword.groovy:98)
	at com.kms.katalon.core.webui.keyword.builtin.SelectOptionByLabelKeyword.execute(SelectOptionByLabelKeyword.groovy:71)
	at com.kms.katalon.core.keyword.internal.KeywordExecutor.executeKeywordForPlatform(KeywordExecutor.groovy:72)
	at com.kms.katalon.core.webui.keyword.WebUiBuiltInKeywords.selectOptionByLabel(WebUiBuiltInKeywords.groovy:1200)
	at com.kms.katalon.core.webui.keyword.WebUiBuiltInKeywords$selectOptionByLabel$3.call(Unknown Source)
	at Admin - Manage Test - Quiz - New Question.run(Admin - Manage Test - Quiz - New Question:38)
	at com.kms.katalon.core.main.ScriptEngine.run(ScriptEngine.java:194)
	at com.kms.katalon.core.main.ScriptEngine.runScriptAsRawText(ScriptEngine.java:119)
	at com.kms.katalon.core.main.TestCaseExecutor.runScript(TestCaseExecutor.java:337)
	at com.kms.katalon.core.main.TestCaseExecutor.doExecute(TestCaseExecutor.java:328)
	at com.kms.katalon.core.main.TestCaseExecutor.processExecutionPhase(TestCaseExecutor.java:307)
	at com.kms.katalon.core.main.TestCaseExecutor.accessMainPhase(TestCaseExecutor.java:299)
	at com.kms.katalon.core.main.TestCaseExecutor.execute(TestCaseExecutor.java:233)
	at com.kms.katalon.core.main.TestSuiteExecutor.accessTestCaseMainPhase(TestSuiteExecutor.java:169)
	at com.kms.katalon.core.main.TestSuiteExecutor.accessTestSuiteMainPhase(TestSuiteExecutor.java:142)
	at com.kms.katalon.core.main.TestSuiteExecutor.execute(TestSuiteExecutor.java:91)
	at com.kms.katalon.core.main.TestCaseMain.startTestSuite(TestCaseMain.java:157)
	at com.kms.katalon.core.main.TestCaseMain$startTestSuite$0.call(Unknown Source)
	at TempTestSuite1590576626088.run(TempTestSuite1590576626088.groovy:36)
Caused by: com.kms.katalon.core.webui.exception.WebElementNotFoundException: Web element with id: 'Object Repository/Rizka/Admin/Admin - Manage Test - Quiz - New Question/fieldJobFunction' located by 'By.xpath: //select[@id='widget-id4112']' not found
	at com.kms.katalon.core.webui.common.WebUiCommonHelper.findWebElement(WebUiCommonHelper.java:1154)
	at com.kms.katalon.core.webui.keyword.internal.WebUIAbstractKeyword.findWebElement(WebUIAbstractKeyword.groovy:27)
	at com.kms.katalon.core.webui.keyword.internal.WebUIAbstractKeyword.findWebElement(WebUIAbstractKeyword.groovy:26)
	at com.kms.katalon.core.webui.keyword.builtin.SelectOptionByLabelKeyword$_selectOptionByLabel_closure1.doCall(SelectOptionByLabelKeyword.groovy:86)
	at com.kms.katalon.core.webui.keyword.builtin.SelectOptionByLabelKeyword$_selectOptionByLabel_closure1.call(SelectOptionByLabelKeyword.groovy)
	at com.kms.katalon.core.webui.keyword.internal.WebUIKeywordMain.runKeyword(WebUIKeywordMain.groovy:20)
	... 19 more
"/>
         <system-out><![CDATA[2020-05-27 18:01:40 - [TEST_CASE][FAILED] - Test Cases/Rizka/Admin/Manage Test/Admin - Manage Test - Quiz - New Question: Test Cases/Rizka/Admin/Manage Test/Admin - Manage Test - Quiz - New Question FAILED.
Reason:
com.kms.katalon.core.exception.StepFailedException: Unable to select option by label 'SALES' of object 'Object Repository/Rizka/Admin/Admin - Manage Test - Quiz - New Question/fieldJobFunction' 
	at com.kms.katalon.core.webui.keyword.internal.WebUIKeywordMain.stepFailed(WebUIKeywordMain.groovy:64)
	at com.kms.katalon.core.webui.keyword.internal.WebUIKeywordMain.runKeyword(WebUIKeywordMain.groovy:26)
	at com.kms.katalon.core.webui.keyword.builtin.SelectOptionByLabelKeyword.selectOptionByLabel(SelectOptionByLabelKeyword.groovy:98)
	at com.kms.katalon.core.webui.keyword.builtin.SelectOptionByLabelKeyword.execute(SelectOptionByLabelKeyword.groovy:71)
	at com.kms.katalon.core.keyword.internal.KeywordExecutor.executeKeywordForPlatform(KeywordExecutor.groovy:72)
	at com.kms.katalon.core.webui.keyword.WebUiBuiltInKeywords.selectOptionByLabel(WebUiBuiltInKeywords.groovy:1200)
	at com.kms.katalon.core.webui.keyword.WebUiBuiltInKeywords$selectOptionByLabel$3.call(Unknown Source)
	at Admin - Manage Test - Quiz - New Question.run(Admin - Manage Test - Quiz - New Question:38)
	at com.kms.katalon.core.main.ScriptEngine.run(ScriptEngine.java:194)
	at com.kms.katalon.core.main.ScriptEngine.runScriptAsRawText(ScriptEngine.java:119)
	at com.kms.katalon.core.main.TestCaseExecutor.runScript(TestCaseExecutor.java:337)
	at com.kms.katalon.core.main.TestCaseExecutor.doExecute(TestCaseExecutor.java:328)
	at com.kms.katalon.core.main.TestCaseExecutor.processExecutionPhase(TestCaseExecutor.java:307)
	at com.kms.katalon.core.main.TestCaseExecutor.accessMainPhase(TestCaseExecutor.java:299)
	at com.kms.katalon.core.main.TestCaseExecutor.execute(TestCaseExecutor.java:233)
	at com.kms.katalon.core.main.TestSuiteExecutor.accessTestCaseMainPhase(TestSuiteExecutor.java:169)
	at com.kms.katalon.core.main.TestSuiteExecutor.accessTestSuiteMainPhase(TestSuiteExecutor.java:142)
	at com.kms.katalon.core.main.TestSuiteExecutor.execute(TestSuiteExecutor.java:91)
	at com.kms.katalon.core.main.TestCaseMain.startTestSuite(TestCaseMain.java:157)
	at com.kms.katalon.core.main.TestCaseMain$startTestSuite$0.call(Unknown Source)
	at TempTestSuite1590576626088.run(TempTestSuite1590576626088.groovy:36)
Caused by: com.kms.katalon.core.webui.exception.WebElementNotFoundException: Web element with id: 'Object Repository/Rizka/Admin/Admin - Manage Test - Quiz - New Question/fieldJobFunction' located by 'By.xpath: //select[@id='widget-id4112']' not found
	at com.kms.katalon.core.webui.common.WebUiCommonHelper.findWebElement(WebUiCommonHelper.java:1154)
	at com.kms.katalon.core.webui.keyword.internal.WebUIAbstractKeyword.findWebElement(WebUIAbstractKeyword.groovy:27)
	at com.kms.katalon.core.webui.keyword.internal.WebUIAbstractKeyword.findWebElement(WebUIAbstractKeyword.groovy:26)
	at com.kms.katalon.core.webui.keyword.builtin.SelectOptionByLabelKeyword$_selectOptionByLabel_closure1.doCall(SelectOptionByLabelKeyword.groovy:86)
	at com.kms.katalon.core.webui.keyword.builtin.SelectOptionByLabelKeyword$_selectOptionByLabel_closure1.call(SelectOptionByLabelKeyword.groovy)
	at com.kms.katalon.core.webui.keyword.internal.WebUIKeywordMain.runKeyword(WebUIKeywordMain.groovy:20)
	... 19 more


2020-05-27 18:01:40 - [TEST_STEP][PASSED] - callTestCase(findTestCase("Rizka/Admin/AdminMainLogin"), [:], STOP_ON_FAILURE): Call Test Case 'Test Cases/Rizka/Admin/AdminMainLogin' successfully

2020-05-27 18:01:40 - [TEST_CASE][PASSED] - Test Cases/Rizka/Admin/AdminMainLogin: Test Cases/Rizka/Admin/AdminMainLogin

2020-05-27 18:01:40 - [TEST_STEP][PASSED] - openBrowser("https://appsrv1.deltadatamandiri.com/ACC_LMS_WEB/#/admNLmn"): Browser is opened with url: 'https://appsrv1.deltadatamandiri.com/ACC_LMS_WEB/#/admNLmn'

2020-05-27 18:01:40 - [MESSAGE][WARNING] - A browser is already opened. Closing browser and opening a new one

2020-05-27 18:01:41 - [MESSAGE][INFO] - Starting 'Chrome' driver

2020-05-27 18:02:09 - [MESSAGE][PASSED] - Browser is opened with url: 'https://appsrv1.deltadatamandiri.com/ACC_LMS_WEB/#/admNLmn'

2020-05-27 18:02:09 - [TEST_STEP][PASSED] - maximizeWindow(): Current window maximized

2020-05-27 18:02:10 - [MESSAGE][PASSED] - Current window maximized

2020-05-27 18:02:10 - [TEST_STEP][PASSED] - delay(15): Delayed 15 second(s)

2020-05-27 18:02:25 - [MESSAGE][PASSED] - Delayed 15 second(s)

2020-05-27 18:02:25 - [TEST_STEP][PASSED] - click(findTestObject("Rizka/Admin/Admin - Login/btnLogin")): Object: 'Object Repository/Rizka/Admin/Admin - Login/btnLogin' is clicked on

2020-05-27 18:02:25 - [MESSAGE][PASSED] - Object: 'Object Repository/Rizka/Admin/Admin - Login/btnLogin' is clicked on

2020-05-27 18:02:25 - [TEST_STEP][PASSED] - setText(findTestObject("Rizka/Admin/Admin - Login/txtUsername"), "11666"): Text '11666' is set on object 'Object Repository/Rizka/Admin/Admin - Login/txtUsername'

2020-05-27 18:02:26 - [MESSAGE][PASSED] - Text '11666' is set on object 'Object Repository/Rizka/Admin/Admin - Login/txtUsername'

2020-05-27 18:02:26 - [TEST_STEP][PASSED] - setText(findTestObject("Rizka/Admin/Admin - Login/txtPassword"), "Password3"): Text 'Password3' is set on object 'Object Repository/Rizka/Admin/Admin - Login/txtPassword'

2020-05-27 18:02:27 - [MESSAGE][PASSED] - Text 'Password3' is set on object 'Object Repository/Rizka/Admin/Admin - Login/txtPassword'

2020-05-27 18:02:27 - [TEST_STEP][PASSED] - click(findTestObject("Rizka/Admin/Admin - Login/btnEyePass")): Object: 'Object Repository/Rizka/Admin/Admin - Login/btnEyePass' is clicked on

2020-05-27 18:02:27 - [MESSAGE][PASSED] - Object: 'Object Repository/Rizka/Admin/Admin - Login/btnEyePass' is clicked on

2020-05-27 18:02:27 - [TEST_STEP][PASSED] - click(findTestObject("Rizka/Admin/Admin - Login/checkboxRememberMe")): Object: 'Object Repository/Rizka/Admin/Admin - Login/checkboxRememberMe' is clicked on

2020-05-27 18:02:28 - [MESSAGE][PASSED] - Object: 'Object Repository/Rizka/Admin/Admin - Login/checkboxRememberMe' is clicked on

2020-05-27 18:02:28 - [TEST_STEP][PASSED] - click(findTestObject("Rizka/Admin/Admin - Login/btnLogin2")): Object: 'Object Repository/Rizka/Admin/Admin - Login/btnLogin2' is clicked on

2020-05-27 18:02:28 - [MESSAGE][PASSED] - Object: 'Object Repository/Rizka/Admin/Admin - Login/btnLogin2' is clicked on

2020-05-27 18:02:28 - [TEST_STEP][PASSED] - delay(15): Delayed 15 second(s)

2020-05-27 18:02:43 - [MESSAGE][PASSED] - Delayed 15 second(s)

2020-05-27 18:02:43 - [MESSAGE][PASSED] - Call Test Case 'Test Cases/Rizka/Admin/AdminMainLogin' successfully

2020-05-27 18:02:43 - [TEST_STEP][PASSED] - click(findTestObject("Rizka/Admin/Admin - Manage Test - Quiz - New Question/btnManageTest")): Object: 'Object Repository/Rizka/Admin/Admin - Manage Test - Quiz - New Question/btnManageTest' is clicked on

2020-05-27 18:02:46 - [MESSAGE][PASSED] - Object: 'Object Repository/Rizka/Admin/Admin - Manage Test - Quiz - New Question/btnManageTest' is clicked on

2020-05-27 18:02:46 - [TEST_STEP][PASSED] - delay(5): Delayed 5 second(s)

2020-05-27 18:02:51 - [MESSAGE][PASSED] - Delayed 5 second(s)

2020-05-27 18:02:51 - [TEST_STEP][PASSED] - click(findTestObject("Rizka/Admin/Admin - Manage Test - Quiz - New Question/btnQuiz")): Object: 'Object Repository/Rizka/Admin/Admin - Manage Test - Quiz - New Question/btnQuiz' is clicked on

2020-05-27 18:02:51 - [MESSAGE][PASSED] - Object: 'Object Repository/Rizka/Admin/Admin - Manage Test - Quiz - New Question/btnQuiz' is clicked on

2020-05-27 18:02:51 - [TEST_STEP][PASSED] - delay(5): Delayed 5 second(s)

2020-05-27 18:02:56 - [MESSAGE][PASSED] - Delayed 5 second(s)

2020-05-27 18:02:56 - [TEST_STEP][PASSED] - click(findTestObject("Rizka/Admin/Admin - Manage Test - Quiz - New Question/btnNewQuestion")): Object: 'Object Repository/Rizka/Admin/Admin - Manage Test - Quiz - New Question/btnNewQuestion' is clicked on

2020-05-27 18:03:01 - [MESSAGE][PASSED] - Object: 'Object Repository/Rizka/Admin/Admin - Manage Test - Quiz - New Question/btnNewQuestion' is clicked on

2020-05-27 18:03:01 - [TEST_STEP][PASSED] - delay(5): Delayed 5 second(s)

2020-05-27 18:03:06 - [MESSAGE][PASSED] - Delayed 5 second(s)

2020-05-27 18:03:06 - [TEST_STEP][PASSED] - if (tipeSoal != ""): null

2020-05-27 18:03:06 - [TEST_STEP][FAILED] - if (jobFunction != ""): Unable to select option by label 'SALES' of object 'Object Repository/Rizka/Admin/Admin - Manage Test - Quiz - New Question/fieldJobFunction'  (Root cause: com.kms.katalon.core.exception.StepFailedException: Unable to select option by label 'SALES' of object 'Object Repository/Rizka/Admin/Admin - Manage Test - Quiz - New Question/fieldJobFunction' 
	at com.kms.katalon.core.webui.keyword.internal.WebUIKeywordMain.stepFailed(WebUIKeywordMain.groovy:64)
	at com.kms.katalon.core.webui.keyword.internal.WebUIKeywordMain.runKeyword(WebUIKeywordMain.groovy:26)
	at com.kms.katalon.core.webui.keyword.builtin.SelectOptionByLabelKeyword.selectOptionByLabel(SelectOptionByLabelKeyword.groovy:98)
	at com.kms.katalon.core.webui.keyword.builtin.SelectOptionByLabelKeyword.execute(SelectOptionByLabelKeyword.groovy:71)
	at com.kms.katalon.core.keyword.internal.KeywordExecutor.executeKeywordForPlatform(KeywordExecutor.groovy:72)
	at com.kms.katalon.core.webui.keyword.WebUiBuiltInKeywords.selectOptionByLabel(WebUiBuiltInKeywords.groovy:1200)
	at com.kms.katalon.core.webui.keyword.WebUiBuiltInKeywords$selectOptionByLabel$3.call(Unknown Source)
	at Admin - Manage Test - Quiz - New Question.run(Admin - Manage Test - Quiz - New Question:38)
	at com.kms.katalon.core.main.ScriptEngine.run(ScriptEngine.java:194)
	at com.kms.katalon.core.main.ScriptEngine.runScriptAsRawText(ScriptEngine.java:119)
	at com.kms.katalon.core.main.TestCaseExecutor.runScript(TestCaseExecutor.java:337)
	at com.kms.katalon.core.main.TestCaseExecutor.doExecute(TestCaseExecutor.java:328)
	at com.kms.katalon.core.main.TestCaseExecutor.processExecutionPhase(TestCaseExecutor.java:307)
	at com.kms.katalon.core.main.TestCaseExecutor.accessMainPhase(TestCaseExecutor.java:299)
	at com.kms.katalon.core.main.TestCaseExecutor.execute(TestCaseExecutor.java:233)
	at com.kms.katalon.core.main.TestSuiteExecutor.accessTestCaseMainPhase(TestSuiteExecutor.java:169)
	at com.kms.katalon.core.main.TestSuiteExecutor.accessTestSuiteMainPhase(TestSuiteExecutor.java:142)
	at com.kms.katalon.core.main.TestSuiteExecutor.execute(TestSuiteExecutor.java:91)
	at com.kms.katalon.core.main.TestCaseMain.startTestSuite(TestCaseMain.java:157)
	at com.kms.katalon.core.main.TestCaseMain$startTestSuite$0.call(Unknown Source)
	at TempTestSuite1590576626088.run(TempTestSuite1590576626088.groovy:36)
Caused by: com.kms.katalon.core.webui.exception.WebElementNotFoundException: Web element with id: 'Object Repository/Rizka/Admin/Admin - Manage Test - Quiz - New Question/fieldJobFunction' located by 'By.xpath: //select[@id='widget-id4112']' not found
	at com.kms.katalon.core.webui.common.WebUiCommonHelper.findWebElement(WebUiCommonHelper.java:1154)
	at com.kms.katalon.core.webui.keyword.internal.WebUIAbstractKeyword.findWebElement(WebUIAbstractKeyword.groovy:27)
	at com.kms.katalon.core.webui.keyword.internal.WebUIAbstractKeyword.findWebElement(WebUIAbstractKeyword.groovy:26)
	at com.kms.katalon.core.webui.keyword.builtin.SelectOptionByLabelKeyword$_selectOptionByLabel_closure1.doCall(SelectOptionByLabelKeyword.groovy:86)
	at com.kms.katalon.core.webui.keyword.builtin.SelectOptionByLabelKeyword$_selectOptionByLabel_closure1.call(SelectOptionByLabelKeyword.groovy)
	at com.kms.katalon.core.webui.keyword.internal.WebUIKeywordMain.runKeyword(WebUIKeywordMain.groovy:20)
	at com.kms.katalon.core.webui.keyword.builtin.SelectOptionByLabelKeyword.selectOptionByLabel(SelectOptionByLabelKeyword.groovy:98)
	at com.kms.katalon.core.webui.keyword.builtin.SelectOptionByLabelKeyword.execute(SelectOptionByLabelKeyword.groovy:71)
	at com.kms.katalon.core.keyword.internal.KeywordExecutor.executeKeywordForPlatform(KeywordExecutor.groovy:72)
	at com.kms.katalon.core.webui.keyword.WebUiBuiltInKeywords.selectOptionByLabel(WebUiBuiltInKeywords.groovy:1200)
	at com.kms.katalon.core.webui.keyword.WebUiBuiltInKeywords$selectOptionByLabel$3.call(Unknown Source)
	at Script1590439026622.run(Script1590439026622.groovy:38)
	... 13 more
)

2020-05-27 18:03:06 - [TEST_STEP][FAILED] - selectOptionByLabel(findTestObject("Rizka/Admin/Admin - Manage Test - Quiz - New Question/fieldJobFunction"), jobFunction, false): Unable to select option by label 'SALES' of object 'Object Repository/Rizka/Admin/Admin - Manage Test - Quiz - New Question/fieldJobFunction'  (Root cause: com.kms.katalon.core.exception.StepFailedException: Unable to select option by label 'SALES' of object 'Object Repository/Rizka/Admin/Admin - Manage Test - Quiz - New Question/fieldJobFunction' 
	at com.kms.katalon.core.webui.keyword.internal.WebUIKeywordMain.stepFailed(WebUIKeywordMain.groovy:64)
	at com.kms.katalon.core.webui.keyword.internal.WebUIKeywordMain.runKeyword(WebUIKeywordMain.groovy:26)
	at com.kms.katalon.core.webui.keyword.builtin.SelectOptionByLabelKeyword.selectOptionByLabel(SelectOptionByLabelKeyword.groovy:98)
	at com.kms.katalon.core.webui.keyword.builtin.SelectOptionByLabelKeyword.execute(SelectOptionByLabelKeyword.groovy:71)
	at com.kms.katalon.core.keyword.internal.KeywordExecutor.executeKeywordForPlatform(KeywordExecutor.groovy:72)
	at com.kms.katalon.core.webui.keyword.WebUiBuiltInKeywords.selectOptionByLabel(WebUiBuiltInKeywords.groovy:1200)
	at com.kms.katalon.core.webui.keyword.WebUiBuiltInKeywords$selectOptionByLabel$3.call(Unknown Source)
	at Admin - Manage Test - Quiz - New Question.run(Admin - Manage Test - Quiz - New Question:38)
	at com.kms.katalon.core.main.ScriptEngine.run(ScriptEngine.java:194)
	at com.kms.katalon.core.main.ScriptEngine.runScriptAsRawText(ScriptEngine.java:119)
	at com.kms.katalon.core.main.TestCaseExecutor.runScript(TestCaseExecutor.java:337)
	at com.kms.katalon.core.main.TestCaseExecutor.doExecute(TestCaseExecutor.java:328)
	at com.kms.katalon.core.main.TestCaseExecutor.processExecutionPhase(TestCaseExecutor.java:307)
	at com.kms.katalon.core.main.TestCaseExecutor.accessMainPhase(TestCaseExecutor.java:299)
	at com.kms.katalon.core.main.TestCaseExecutor.execute(TestCaseExecutor.java:233)
	at com.kms.katalon.core.main.TestSuiteExecutor.accessTestCaseMainPhase(TestSuiteExecutor.java:169)
	at com.kms.katalon.core.main.TestSuiteExecutor.accessTestSuiteMainPhase(TestSuiteExecutor.java:142)
	at com.kms.katalon.core.main.TestSuiteExecutor.execute(TestSuiteExecutor.java:91)
	at com.kms.katalon.core.main.TestCaseMain.startTestSuite(TestCaseMain.java:157)
	at com.kms.katalon.core.main.TestCaseMain$startTestSuite$0.call(Unknown Source)
	at TempTestSuite1590576626088.run(TempTestSuite1590576626088.groovy:36)
Caused by: com.kms.katalon.core.webui.exception.WebElementNotFoundException: Web element with id: 'Object Repository/Rizka/Admin/Admin - Manage Test - Quiz - New Question/fieldJobFunction' located by 'By.xpath: //select[@id='widget-id4112']' not found
	at com.kms.katalon.core.webui.common.WebUiCommonHelper.findWebElement(WebUiCommonHelper.java:1154)
	at com.kms.katalon.core.webui.keyword.internal.WebUIAbstractKeyword.findWebElement(WebUIAbstractKeyword.groovy:27)
	at com.kms.katalon.core.webui.keyword.internal.WebUIAbstractKeyword.findWebElement(WebUIAbstractKeyword.groovy:26)
	at com.kms.katalon.core.webui.keyword.builtin.SelectOptionByLabelKeyword$_selectOptionByLabel_closure1.doCall(SelectOptionByLabelKeyword.groovy:86)
	at com.kms.katalon.core.webui.keyword.builtin.SelectOptionByLabelKeyword$_selectOptionByLabel_closure1.call(SelectOptionByLabelKeyword.groovy)
	at com.kms.katalon.core.webui.keyword.internal.WebUIKeywordMain.runKeyword(WebUIKeywordMain.groovy:20)
	at com.kms.katalon.core.webui.keyword.builtin.SelectOptionByLabelKeyword.selectOptionByLabel(SelectOptionByLabelKeyword.groovy:98)
	at com.kms.katalon.core.webui.keyword.builtin.SelectOptionByLabelKeyword.execute(SelectOptionByLabelKeyword.groovy:71)
	at com.kms.katalon.core.keyword.internal.KeywordExecutor.executeKeywordForPlatform(KeywordExecutor.groovy:72)
	at com.kms.katalon.core.webui.keyword.WebUiBuiltInKeywords.selectOptionByLabel(WebUiBuiltInKeywords.groovy:1200)
	at com.kms.katalon.core.webui.keyword.WebUiBuiltInKeywords$selectOptionByLabel$3.call(Unknown Source)
	at Script1590439026622.run(Script1590439026622.groovy:38)
	... 13 more
)

2020-05-27 18:03:48 - [MESSAGE][INFO] - Unable to find the element located by 'By.xpath: //select[@id='widget-id4112']'. Please recheck the objects properties to make sure the desired element is located. 

2020-05-27 18:03:49 - [MESSAGE][FAILED] - Unable to select option by label 'SALES' of object 'Object Repository/Rizka/Admin/Admin - Manage Test - Quiz - New Question/fieldJobFunction'  (Root cause: com.kms.katalon.core.exception.StepFailedException: Unable to select option by label 'SALES' of object 'Object Repository/Rizka/Admin/Admin - Manage Test - Quiz - New Question/fieldJobFunction' 
	at com.kms.katalon.core.webui.keyword.internal.WebUIKeywordMain.stepFailed(WebUIKeywordMain.groovy:64)
	at com.kms.katalon.core.webui.keyword.internal.WebUIKeywordMain.runKeyword(WebUIKeywordMain.groovy:26)
	at com.kms.katalon.core.webui.keyword.builtin.SelectOptionByLabelKeyword.selectOptionByLabel(SelectOptionByLabelKeyword.groovy:98)
	at com.kms.katalon.core.webui.keyword.builtin.SelectOptionByLabelKeyword.execute(SelectOptionByLabelKeyword.groovy:71)
	at com.kms.katalon.core.keyword.internal.KeywordExecutor.executeKeywordForPlatform(KeywordExecutor.groovy:72)
	at com.kms.katalon.core.webui.keyword.WebUiBuiltInKeywords.selectOptionByLabel(WebUiBuiltInKeywords.groovy:1200)
	at com.kms.katalon.core.webui.keyword.WebUiBuiltInKeywords$selectOptionByLabel$3.call(Unknown Source)
	at Admin - Manage Test - Quiz - New Question.run(Admin - Manage Test - Quiz - New Question:38)
	at com.kms.katalon.core.main.ScriptEngine.run(ScriptEngine.java:194)
	at com.kms.katalon.core.main.ScriptEngine.runScriptAsRawText(ScriptEngine.java:119)
	at com.kms.katalon.core.main.TestCaseExecutor.runScript(TestCaseExecutor.java:337)
	at com.kms.katalon.core.main.TestCaseExecutor.doExecute(TestCaseExecutor.java:328)
	at com.kms.katalon.core.main.TestCaseExecutor.processExecutionPhase(TestCaseExecutor.java:307)
	at com.kms.katalon.core.main.TestCaseExecutor.accessMainPhase(TestCaseExecutor.java:299)
	at com.kms.katalon.core.main.TestCaseExecutor.execute(TestCaseExecutor.java:233)
	at com.kms.katalon.core.main.TestSuiteExecutor.accessTestCaseMainPhase(TestSuiteExecutor.java:169)
	at com.kms.katalon.core.main.TestSuiteExecutor.accessTestSuiteMainPhase(TestSuiteExecutor.java:142)
	at com.kms.katalon.core.main.TestSuiteExecutor.execute(TestSuiteExecutor.java:91)
	at com.kms.katalon.core.main.TestCaseMain.startTestSuite(TestCaseMain.java:157)
	at com.kms.katalon.core.main.TestCaseMain$startTestSuite$0.call(Unknown Source)
	at TempTestSuite1590576626088.run(TempTestSuite1590576626088.groovy:36)
Caused by: com.kms.katalon.core.webui.exception.WebElementNotFoundException: Web element with id: 'Object Repository/Rizka/Admin/Admin - Manage Test - Quiz - New Question/fieldJobFunction' located by 'By.xpath: //select[@id='widget-id4112']' not found
	at com.kms.katalon.core.webui.common.WebUiCommonHelper.findWebElement(WebUiCommonHelper.java:1154)
	at com.kms.katalon.core.webui.keyword.internal.WebUIAbstractKeyword.findWebElement(WebUIAbstractKeyword.groovy:27)
	at com.kms.katalon.core.webui.keyword.internal.WebUIAbstractKeyword.findWebElement(WebUIAbstractKeyword.groovy:26)
	at com.kms.katalon.core.webui.keyword.builtin.SelectOptionByLabelKeyword$_selectOptionByLabel_closure1.doCall(SelectOptionByLabelKeyword.groovy:86)
	at com.kms.katalon.core.webui.keyword.builtin.SelectOptionByLabelKeyword$_selectOptionByLabel_closure1.call(SelectOptionByLabelKeyword.groovy)
	at com.kms.katalon.core.webui.keyword.internal.WebUIKeywordMain.runKeyword(WebUIKeywordMain.groovy:20)
	at com.kms.katalon.core.webui.keyword.builtin.SelectOptionByLabelKeyword.selectOptionByLabel(SelectOptionByLabelKeyword.groovy:98)
	at com.kms.katalon.core.webui.keyword.builtin.SelectOptionByLabelKeyword.execute(SelectOptionByLabelKeyword.groovy:71)
	at com.kms.katalon.core.keyword.internal.KeywordExecutor.executeKeywordForPlatform(KeywordExecutor.groovy:72)
	at com.kms.katalon.core.webui.keyword.WebUiBuiltInKeywords.selectOptionByLabel(WebUiBuiltInKeywords.groovy:1200)
	at com.kms.katalon.core.webui.keyword.WebUiBuiltInKeywords$selectOptionByLabel$3.call(Unknown Source)
	at Script1590439026622.run(Script1590439026622.groovy:38)
	... 13 more
)
[[ATTACHMENT|D:\\MY WORLD\\WORKS (TUGAS)\\LearningManagementWeb\\Reports\\20200527_175026\\Rizka\\Admin\\Admin - Manage Test - Quiz\\20200527_175026\\1590577428573.png]]]]></system-out>
         <system-err><![CDATA[2020-05-27 18:01:40 - [TEST_CASE][FAILED] - Test Cases/Rizka/Admin/Manage Test/Admin - Manage Test - Quiz - New Question: Test Cases/Rizka/Admin/Manage Test/Admin - Manage Test - Quiz - New Question FAILED.
Reason:
com.kms.katalon.core.exception.StepFailedException: Unable to select option by label 'SALES' of object 'Object Repository/Rizka/Admin/Admin - Manage Test - Quiz - New Question/fieldJobFunction' 
	at com.kms.katalon.core.webui.keyword.internal.WebUIKeywordMain.stepFailed(WebUIKeywordMain.groovy:64)
	at com.kms.katalon.core.webui.keyword.internal.WebUIKeywordMain.runKeyword(WebUIKeywordMain.groovy:26)
	at com.kms.katalon.core.webui.keyword.builtin.SelectOptionByLabelKeyword.selectOptionByLabel(SelectOptionByLabelKeyword.groovy:98)
	at com.kms.katalon.core.webui.keyword.builtin.SelectOptionByLabelKeyword.execute(SelectOptionByLabelKeyword.groovy:71)
	at com.kms.katalon.core.keyword.internal.KeywordExecutor.executeKeywordForPlatform(KeywordExecutor.groovy:72)
	at com.kms.katalon.core.webui.keyword.WebUiBuiltInKeywords.selectOptionByLabel(WebUiBuiltInKeywords.groovy:1200)
	at com.kms.katalon.core.webui.keyword.WebUiBuiltInKeywords$selectOptionByLabel$3.call(Unknown Source)
	at Admin - Manage Test - Quiz - New Question.run(Admin - Manage Test - Quiz - New Question:38)
	at com.kms.katalon.core.main.ScriptEngine.run(ScriptEngine.java:194)
	at com.kms.katalon.core.main.ScriptEngine.runScriptAsRawText(ScriptEngine.java:119)
	at com.kms.katalon.core.main.TestCaseExecutor.runScript(TestCaseExecutor.java:337)
	at com.kms.katalon.core.main.TestCaseExecutor.doExecute(TestCaseExecutor.java:328)
	at com.kms.katalon.core.main.TestCaseExecutor.processExecutionPhase(TestCaseExecutor.java:307)
	at com.kms.katalon.core.main.TestCaseExecutor.accessMainPhase(TestCaseExecutor.java:299)
	at com.kms.katalon.core.main.TestCaseExecutor.execute(TestCaseExecutor.java:233)
	at com.kms.katalon.core.main.TestSuiteExecutor.accessTestCaseMainPhase(TestSuiteExecutor.java:169)
	at com.kms.katalon.core.main.TestSuiteExecutor.accessTestSuiteMainPhase(TestSuiteExecutor.java:142)
	at com.kms.katalon.core.main.TestSuiteExecutor.execute(TestSuiteExecutor.java:91)
	at com.kms.katalon.core.main.TestCaseMain.startTestSuite(TestCaseMain.java:157)
	at com.kms.katalon.core.main.TestCaseMain$startTestSuite$0.call(Unknown Source)
	at TempTestSuite1590576626088.run(TempTestSuite1590576626088.groovy:36)
Caused by: com.kms.katalon.core.webui.exception.WebElementNotFoundException: Web element with id: 'Object Repository/Rizka/Admin/Admin - Manage Test - Quiz - New Question/fieldJobFunction' located by 'By.xpath: //select[@id='widget-id4112']' not found
	at com.kms.katalon.core.webui.common.WebUiCommonHelper.findWebElement(WebUiCommonHelper.java:1154)
	at com.kms.katalon.core.webui.keyword.internal.WebUIAbstractKeyword.findWebElement(WebUIAbstractKeyword.groovy:27)
	at com.kms.katalon.core.webui.keyword.internal.WebUIAbstractKeyword.findWebElement(WebUIAbstractKeyword.groovy:26)
	at com.kms.katalon.core.webui.keyword.builtin.SelectOptionByLabelKeyword$_selectOptionByLabel_closure1.doCall(SelectOptionByLabelKeyword.groovy:86)
	at com.kms.katalon.core.webui.keyword.builtin.SelectOptionByLabelKeyword$_selectOptionByLabel_closure1.call(SelectOptionByLabelKeyword.groovy)
	at com.kms.katalon.core.webui.keyword.internal.WebUIKeywordMain.runKeyword(WebUIKeywordMain.groovy:20)
	... 19 more]]></system-err>
      </testcase>
      <testcase name="Test Cases/Rizka/Admin/Manage Test/Admin - Manage Test - Quiz - New Question" time="130.428" classname="Test Cases/Rizka/Admin/Manage Test/Admin - Manage Test - Quiz - New Question" status="FAILED">
         <failure type="FAILED" message="Test Cases/Rizka/Admin/Manage Test/Admin - Manage Test - Quiz - New Question FAILED.
Reason:
com.kms.katalon.core.exception.StepFailedException: Unable to select option by label 'SALES MANAGER' of object 'Object Repository/Rizka/Admin/Admin - Manage Test - Quiz - New Question/fieldJobPosition' 
	at com.kms.katalon.core.webui.keyword.internal.WebUIKeywordMain.stepFailed(WebUIKeywordMain.groovy:64)
	at com.kms.katalon.core.webui.keyword.internal.WebUIKeywordMain.runKeyword(WebUIKeywordMain.groovy:26)
	at com.kms.katalon.core.webui.keyword.builtin.SelectOptionByLabelKeyword.selectOptionByLabel(SelectOptionByLabelKeyword.groovy:98)
	at com.kms.katalon.core.webui.keyword.builtin.SelectOptionByLabelKeyword.execute(SelectOptionByLabelKeyword.groovy:71)
	at com.kms.katalon.core.keyword.internal.KeywordExecutor.executeKeywordForPlatform(KeywordExecutor.groovy:72)
	at com.kms.katalon.core.webui.keyword.WebUiBuiltInKeywords.selectOptionByLabel(WebUiBuiltInKeywords.groovy:1200)
	at com.kms.katalon.core.webui.keyword.WebUiBuiltInKeywords$selectOptionByLabel$3.call(Unknown Source)
	at Admin - Manage Test - Quiz - New Question.run(Admin - Manage Test - Quiz - New Question:45)
	at com.kms.katalon.core.main.ScriptEngine.run(ScriptEngine.java:194)
	at com.kms.katalon.core.main.ScriptEngine.runScriptAsRawText(ScriptEngine.java:119)
	at com.kms.katalon.core.main.TestCaseExecutor.runScript(TestCaseExecutor.java:337)
	at com.kms.katalon.core.main.TestCaseExecutor.doExecute(TestCaseExecutor.java:328)
	at com.kms.katalon.core.main.TestCaseExecutor.processExecutionPhase(TestCaseExecutor.java:307)
	at com.kms.katalon.core.main.TestCaseExecutor.accessMainPhase(TestCaseExecutor.java:299)
	at com.kms.katalon.core.main.TestCaseExecutor.execute(TestCaseExecutor.java:233)
	at com.kms.katalon.core.main.TestSuiteExecutor.accessTestCaseMainPhase(TestSuiteExecutor.java:169)
	at com.kms.katalon.core.main.TestSuiteExecutor.accessTestSuiteMainPhase(TestSuiteExecutor.java:142)
	at com.kms.katalon.core.main.TestSuiteExecutor.execute(TestSuiteExecutor.java:91)
	at com.kms.katalon.core.main.TestCaseMain.startTestSuite(TestCaseMain.java:157)
	at com.kms.katalon.core.main.TestCaseMain$startTestSuite$0.call(Unknown Source)
	at TempTestSuite1590576626088.run(TempTestSuite1590576626088.groovy:36)
Caused by: org.openqa.selenium.NoSuchElementException: Cannot locate element with text: SALES MANAGER
For documentation on this error, please visit: https://www.seleniumhq.org/exceptions/no_such_element.html
Build info: version: '3.141.59', revision: 'e82be7d358', time: '2018-11-14T08:25:53'
System info: host: 'DESKTOP-NHES7H6', ip: '192.168.1.116', os.name: 'Windows 10', os.arch: 'amd64', os.version: '10.0', java.version: '1.8.0_181'
Driver info: driver.version: unknown
	at org.openqa.selenium.support.ui.Select.selectByVisibleText(Select.java:147)
	at com.kms.katalon.core.webui.common.WebUiCommonHelper.selectOrDeselectOptionsByLabel(WebUiCommonHelper.java:310)
	at com.kms.katalon.core.webui.keyword.builtin.SelectOptionByLabelKeyword$_selectOptionByLabel_closure1.doCall(SelectOptionByLabelKeyword.groovy:87)
	at com.kms.katalon.core.webui.keyword.builtin.SelectOptionByLabelKeyword$_selectOptionByLabel_closure1.call(SelectOptionByLabelKeyword.groovy)
	at com.kms.katalon.core.webui.keyword.internal.WebUIKeywordMain.runKeyword(WebUIKeywordMain.groovy:20)
	... 19 more
"/>
         <system-out><![CDATA[2020-05-27 18:03:49 - [TEST_CASE][FAILED] - Test Cases/Rizka/Admin/Manage Test/Admin - Manage Test - Quiz - New Question: Test Cases/Rizka/Admin/Manage Test/Admin - Manage Test - Quiz - New Question FAILED.
Reason:
com.kms.katalon.core.exception.StepFailedException: Unable to select option by label 'SALES MANAGER' of object 'Object Repository/Rizka/Admin/Admin - Manage Test - Quiz - New Question/fieldJobPosition' 
	at com.kms.katalon.core.webui.keyword.internal.WebUIKeywordMain.stepFailed(WebUIKeywordMain.groovy:64)
	at com.kms.katalon.core.webui.keyword.internal.WebUIKeywordMain.runKeyword(WebUIKeywordMain.groovy:26)
	at com.kms.katalon.core.webui.keyword.builtin.SelectOptionByLabelKeyword.selectOptionByLabel(SelectOptionByLabelKeyword.groovy:98)
	at com.kms.katalon.core.webui.keyword.builtin.SelectOptionByLabelKeyword.execute(SelectOptionByLabelKeyword.groovy:71)
	at com.kms.katalon.core.keyword.internal.KeywordExecutor.executeKeywordForPlatform(KeywordExecutor.groovy:72)
	at com.kms.katalon.core.webui.keyword.WebUiBuiltInKeywords.selectOptionByLabel(WebUiBuiltInKeywords.groovy:1200)
	at com.kms.katalon.core.webui.keyword.WebUiBuiltInKeywords$selectOptionByLabel$3.call(Unknown Source)
	at Admin - Manage Test - Quiz - New Question.run(Admin - Manage Test - Quiz - New Question:45)
	at com.kms.katalon.core.main.ScriptEngine.run(ScriptEngine.java:194)
	at com.kms.katalon.core.main.ScriptEngine.runScriptAsRawText(ScriptEngine.java:119)
	at com.kms.katalon.core.main.TestCaseExecutor.runScript(TestCaseExecutor.java:337)
	at com.kms.katalon.core.main.TestCaseExecutor.doExecute(TestCaseExecutor.java:328)
	at com.kms.katalon.core.main.TestCaseExecutor.processExecutionPhase(TestCaseExecutor.java:307)
	at com.kms.katalon.core.main.TestCaseExecutor.accessMainPhase(TestCaseExecutor.java:299)
	at com.kms.katalon.core.main.TestCaseExecutor.execute(TestCaseExecutor.java:233)
	at com.kms.katalon.core.main.TestSuiteExecutor.accessTestCaseMainPhase(TestSuiteExecutor.java:169)
	at com.kms.katalon.core.main.TestSuiteExecutor.accessTestSuiteMainPhase(TestSuiteExecutor.java:142)
	at com.kms.katalon.core.main.TestSuiteExecutor.execute(TestSuiteExecutor.java:91)
	at com.kms.katalon.core.main.TestCaseMain.startTestSuite(TestCaseMain.java:157)
	at com.kms.katalon.core.main.TestCaseMain$startTestSuite$0.call(Unknown Source)
	at TempTestSuite1590576626088.run(TempTestSuite1590576626088.groovy:36)
Caused by: org.openqa.selenium.NoSuchElementException: Cannot locate element with text: SALES MANAGER
For documentation on this error, please visit: https://www.seleniumhq.org/exceptions/no_such_element.html
Build info: version: '3.141.59', revision: 'e82be7d358', time: '2018-11-14T08:25:53'
System info: host: 'DESKTOP-NHES7H6', ip: '192.168.1.116', os.name: 'Windows 10', os.arch: 'amd64', os.version: '10.0', java.version: '1.8.0_181'
Driver info: driver.version: unknown
	at org.openqa.selenium.support.ui.Select.selectByVisibleText(Select.java:147)
	at com.kms.katalon.core.webui.common.WebUiCommonHelper.selectOrDeselectOptionsByLabel(WebUiCommonHelper.java:310)
	at com.kms.katalon.core.webui.keyword.builtin.SelectOptionByLabelKeyword$_selectOptionByLabel_closure1.doCall(SelectOptionByLabelKeyword.groovy:87)
	at com.kms.katalon.core.webui.keyword.builtin.SelectOptionByLabelKeyword$_selectOptionByLabel_closure1.call(SelectOptionByLabelKeyword.groovy)
	at com.kms.katalon.core.webui.keyword.internal.WebUIKeywordMain.runKeyword(WebUIKeywordMain.groovy:20)
	... 19 more


2020-05-27 18:03:49 - [TEST_STEP][PASSED] - callTestCase(findTestCase("Rizka/Admin/AdminMainLogin"), [:], STOP_ON_FAILURE): Call Test Case 'Test Cases/Rizka/Admin/AdminMainLogin' successfully

2020-05-27 18:03:49 - [TEST_CASE][PASSED] - Test Cases/Rizka/Admin/AdminMainLogin: Test Cases/Rizka/Admin/AdminMainLogin

2020-05-27 18:03:49 - [TEST_STEP][PASSED] - openBrowser("https://appsrv1.deltadatamandiri.com/ACC_LMS_WEB/#/admNLmn"): Browser is opened with url: 'https://appsrv1.deltadatamandiri.com/ACC_LMS_WEB/#/admNLmn'

2020-05-27 18:03:49 - [MESSAGE][WARNING] - A browser is already opened. Closing browser and opening a new one

2020-05-27 18:03:50 - [MESSAGE][INFO] - Starting 'Chrome' driver

2020-05-27 18:04:32 - [MESSAGE][PASSED] - Browser is opened with url: 'https://appsrv1.deltadatamandiri.com/ACC_LMS_WEB/#/admNLmn'

2020-05-27 18:04:32 - [TEST_STEP][PASSED] - maximizeWindow(): Current window maximized

2020-05-27 18:04:33 - [MESSAGE][PASSED] - Current window maximized

2020-05-27 18:04:33 - [TEST_STEP][PASSED] - delay(15): Delayed 15 second(s)

2020-05-27 18:04:48 - [MESSAGE][PASSED] - Delayed 15 second(s)

2020-05-27 18:04:48 - [TEST_STEP][PASSED] - click(findTestObject("Rizka/Admin/Admin - Login/btnLogin")): Object: 'Object Repository/Rizka/Admin/Admin - Login/btnLogin' is clicked on

2020-05-27 18:04:48 - [MESSAGE][PASSED] - Object: 'Object Repository/Rizka/Admin/Admin - Login/btnLogin' is clicked on

2020-05-27 18:04:48 - [TEST_STEP][PASSED] - setText(findTestObject("Rizka/Admin/Admin - Login/txtUsername"), "11666"): Text '11666' is set on object 'Object Repository/Rizka/Admin/Admin - Login/txtUsername'

2020-05-27 18:04:49 - [MESSAGE][PASSED] - Text '11666' is set on object 'Object Repository/Rizka/Admin/Admin - Login/txtUsername'

2020-05-27 18:04:49 - [TEST_STEP][PASSED] - setText(findTestObject("Rizka/Admin/Admin - Login/txtPassword"), "Password3"): Text 'Password3' is set on object 'Object Repository/Rizka/Admin/Admin - Login/txtPassword'

2020-05-27 18:04:50 - [MESSAGE][PASSED] - Text 'Password3' is set on object 'Object Repository/Rizka/Admin/Admin - Login/txtPassword'

2020-05-27 18:04:50 - [TEST_STEP][PASSED] - click(findTestObject("Rizka/Admin/Admin - Login/btnEyePass")): Object: 'Object Repository/Rizka/Admin/Admin - Login/btnEyePass' is clicked on

2020-05-27 18:04:50 - [MESSAGE][PASSED] - Object: 'Object Repository/Rizka/Admin/Admin - Login/btnEyePass' is clicked on

2020-05-27 18:04:50 - [TEST_STEP][PASSED] - click(findTestObject("Rizka/Admin/Admin - Login/checkboxRememberMe")): Object: 'Object Repository/Rizka/Admin/Admin - Login/checkboxRememberMe' is clicked on

2020-05-27 18:04:50 - [MESSAGE][PASSED] - Object: 'Object Repository/Rizka/Admin/Admin - Login/checkboxRememberMe' is clicked on

2020-05-27 18:04:50 - [TEST_STEP][PASSED] - click(findTestObject("Rizka/Admin/Admin - Login/btnLogin2")): Object: 'Object Repository/Rizka/Admin/Admin - Login/btnLogin2' is clicked on

2020-05-27 18:04:51 - [MESSAGE][PASSED] - Object: 'Object Repository/Rizka/Admin/Admin - Login/btnLogin2' is clicked on

2020-05-27 18:04:51 - [TEST_STEP][PASSED] - delay(15): Delayed 15 second(s)

2020-05-27 18:05:06 - [MESSAGE][PASSED] - Delayed 15 second(s)

2020-05-27 18:05:06 - [MESSAGE][PASSED] - Call Test Case 'Test Cases/Rizka/Admin/AdminMainLogin' successfully

2020-05-27 18:05:06 - [TEST_STEP][PASSED] - click(findTestObject("Rizka/Admin/Admin - Manage Test - Quiz - New Question/btnManageTest")): Object: 'Object Repository/Rizka/Admin/Admin - Manage Test - Quiz - New Question/btnManageTest' is clicked on

2020-05-27 18:05:07 - [MESSAGE][PASSED] - Object: 'Object Repository/Rizka/Admin/Admin - Manage Test - Quiz - New Question/btnManageTest' is clicked on

2020-05-27 18:05:07 - [TEST_STEP][PASSED] - delay(5): Delayed 5 second(s)

2020-05-27 18:05:12 - [MESSAGE][PASSED] - Delayed 5 second(s)

2020-05-27 18:05:12 - [TEST_STEP][PASSED] - click(findTestObject("Rizka/Admin/Admin - Manage Test - Quiz - New Question/btnQuiz")): Object: 'Object Repository/Rizka/Admin/Admin - Manage Test - Quiz - New Question/btnQuiz' is clicked on

2020-05-27 18:05:12 - [MESSAGE][PASSED] - Object: 'Object Repository/Rizka/Admin/Admin - Manage Test - Quiz - New Question/btnQuiz' is clicked on

2020-05-27 18:05:12 - [TEST_STEP][PASSED] - delay(5): Delayed 5 second(s)

2020-05-27 18:05:17 - [MESSAGE][PASSED] - Delayed 5 second(s)

2020-05-27 18:05:17 - [TEST_STEP][PASSED] - click(findTestObject("Rizka/Admin/Admin - Manage Test - Quiz - New Question/btnNewQuestion")): Object: 'Object Repository/Rizka/Admin/Admin - Manage Test - Quiz - New Question/btnNewQuestion' is clicked on

2020-05-27 18:05:39 - [MESSAGE][PASSED] - Object: 'Object Repository/Rizka/Admin/Admin - Manage Test - Quiz - New Question/btnNewQuestion' is clicked on

2020-05-27 18:05:39 - [TEST_STEP][PASSED] - delay(5): Delayed 5 second(s)

2020-05-27 18:05:44 - [MESSAGE][PASSED] - Delayed 5 second(s)

2020-05-27 18:05:44 - [TEST_STEP][PASSED] - if (tipeSoal != ""): All options with label 'Benar / Salah' are selected in object 'Object Repository/Rizka/Admin/Admin - Manage Test - Quiz - New Question/fieldTipeSoal' 

2020-05-27 18:05:44 - [TEST_STEP][PASSED] - selectOptionByLabel(findTestObject("Rizka/Admin/Admin - Manage Test - Quiz - New Question/fieldTipeSoal"), tipeSoal, false): All options with label 'Benar / Salah' are selected in object 'Object Repository/Rizka/Admin/Admin - Manage Test - Quiz - New Question/fieldTipeSoal' 

2020-05-27 18:05:51 - [MESSAGE][PASSED] - All options with label 'Benar / Salah' are selected in object 'Object Repository/Rizka/Admin/Admin - Manage Test - Quiz - New Question/fieldTipeSoal' 

2020-05-27 18:05:51 - [TEST_STEP][PASSED] - if (jobFunction != ""): null

2020-05-27 18:05:51 - [TEST_STEP][PASSED] - delay(3): Delayed 3 second(s)

2020-05-27 18:05:54 - [MESSAGE][PASSED] - Delayed 3 second(s)

2020-05-27 18:05:54 - [TEST_STEP][FAILED] - if (jobPosition != ""): Unable to select option by label 'SALES MANAGER' of object 'Object Repository/Rizka/Admin/Admin - Manage Test - Quiz - New Question/fieldJobPosition'  (Root cause: com.kms.katalon.core.exception.StepFailedException: Unable to select option by label 'SALES MANAGER' of object 'Object Repository/Rizka/Admin/Admin - Manage Test - Quiz - New Question/fieldJobPosition' 
	at com.kms.katalon.core.webui.keyword.internal.WebUIKeywordMain.stepFailed(WebUIKeywordMain.groovy:64)
	at com.kms.katalon.core.webui.keyword.internal.WebUIKeywordMain.runKeyword(WebUIKeywordMain.groovy:26)
	at com.kms.katalon.core.webui.keyword.builtin.SelectOptionByLabelKeyword.selectOptionByLabel(SelectOptionByLabelKeyword.groovy:98)
	at com.kms.katalon.core.webui.keyword.builtin.SelectOptionByLabelKeyword.execute(SelectOptionByLabelKeyword.groovy:71)
	at com.kms.katalon.core.keyword.internal.KeywordExecutor.executeKeywordForPlatform(KeywordExecutor.groovy:72)
	at com.kms.katalon.core.webui.keyword.WebUiBuiltInKeywords.selectOptionByLabel(WebUiBuiltInKeywords.groovy:1200)
	at com.kms.katalon.core.webui.keyword.WebUiBuiltInKeywords$selectOptionByLabel$3.call(Unknown Source)
	at Admin - Manage Test - Quiz - New Question.run(Admin - Manage Test - Quiz - New Question:45)
	at com.kms.katalon.core.main.ScriptEngine.run(ScriptEngine.java:194)
	at com.kms.katalon.core.main.ScriptEngine.runScriptAsRawText(ScriptEngine.java:119)
	at com.kms.katalon.core.main.TestCaseExecutor.runScript(TestCaseExecutor.java:337)
	at com.kms.katalon.core.main.TestCaseExecutor.doExecute(TestCaseExecutor.java:328)
	at com.kms.katalon.core.main.TestCaseExecutor.processExecutionPhase(TestCaseExecutor.java:307)
	at com.kms.katalon.core.main.TestCaseExecutor.accessMainPhase(TestCaseExecutor.java:299)
	at com.kms.katalon.core.main.TestCaseExecutor.execute(TestCaseExecutor.java:233)
	at com.kms.katalon.core.main.TestSuiteExecutor.accessTestCaseMainPhase(TestSuiteExecutor.java:169)
	at com.kms.katalon.core.main.TestSuiteExecutor.accessTestSuiteMainPhase(TestSuiteExecutor.java:142)
	at com.kms.katalon.core.main.TestSuiteExecutor.execute(TestSuiteExecutor.java:91)
	at com.kms.katalon.core.main.TestCaseMain.startTestSuite(TestCaseMain.java:157)
	at com.kms.katalon.core.main.TestCaseMain$startTestSuite$0.call(Unknown Source)
	at TempTestSuite1590576626088.run(TempTestSuite1590576626088.groovy:36)
Caused by: org.openqa.selenium.NoSuchElementException: Cannot locate element with text: SALES MANAGER
For documentation on this error, please visit: https://www.seleniumhq.org/exceptions/no_such_element.html
Build info: version: '3.141.59', revision: 'e82be7d358', time: '2018-11-14T08:25:53'
System info: host: 'DESKTOP-NHES7H6', ip: '192.168.1.116', os.name: 'Windows 10', os.arch: 'amd64', os.version: '10.0', java.version: '1.8.0_181'
Driver info: driver.version: unknown
	at org.openqa.selenium.support.ui.Select.selectByVisibleText(Select.java:147)
	at com.kms.katalon.core.webui.common.WebUiCommonHelper.selectOrDeselectOptionsByLabel(WebUiCommonHelper.java:310)
	at com.kms.katalon.core.webui.keyword.builtin.SelectOptionByLabelKeyword$_selectOptionByLabel_closure1.doCall(SelectOptionByLabelKeyword.groovy:87)
	at com.kms.katalon.core.webui.keyword.builtin.SelectOptionByLabelKeyword$_selectOptionByLabel_closure1.call(SelectOptionByLabelKeyword.groovy)
	at com.kms.katalon.core.webui.keyword.internal.WebUIKeywordMain.runKeyword(WebUIKeywordMain.groovy:20)
	at com.kms.katalon.core.webui.keyword.builtin.SelectOptionByLabelKeyword.selectOptionByLabel(SelectOptionByLabelKeyword.groovy:98)
	at com.kms.katalon.core.webui.keyword.builtin.SelectOptionByLabelKeyword.execute(SelectOptionByLabelKeyword.groovy:71)
	at com.kms.katalon.core.keyword.internal.KeywordExecutor.executeKeywordForPlatform(KeywordExecutor.groovy:72)
	at com.kms.katalon.core.webui.keyword.WebUiBuiltInKeywords.selectOptionByLabel(WebUiBuiltInKeywords.groovy:1200)
	at com.kms.katalon.core.webui.keyword.WebUiBuiltInKeywords$selectOptionByLabel$3.call(Unknown Source)
	at Script1590439026622.run(Script1590439026622.groovy:45)
	... 13 more
)

2020-05-27 18:05:54 - [TEST_STEP][FAILED] - selectOptionByLabel(findTestObject("Rizka/Admin/Admin - Manage Test - Quiz - New Question/fieldJobPosition"), jobPosition, false): Unable to select option by label 'SALES MANAGER' of object 'Object Repository/Rizka/Admin/Admin - Manage Test - Quiz - New Question/fieldJobPosition'  (Root cause: com.kms.katalon.core.exception.StepFailedException: Unable to select option by label 'SALES MANAGER' of object 'Object Repository/Rizka/Admin/Admin - Manage Test - Quiz - New Question/fieldJobPosition' 
	at com.kms.katalon.core.webui.keyword.internal.WebUIKeywordMain.stepFailed(WebUIKeywordMain.groovy:64)
	at com.kms.katalon.core.webui.keyword.internal.WebUIKeywordMain.runKeyword(WebUIKeywordMain.groovy:26)
	at com.kms.katalon.core.webui.keyword.builtin.SelectOptionByLabelKeyword.selectOptionByLabel(SelectOptionByLabelKeyword.groovy:98)
	at com.kms.katalon.core.webui.keyword.builtin.SelectOptionByLabelKeyword.execute(SelectOptionByLabelKeyword.groovy:71)
	at com.kms.katalon.core.keyword.internal.KeywordExecutor.executeKeywordForPlatform(KeywordExecutor.groovy:72)
	at com.kms.katalon.core.webui.keyword.WebUiBuiltInKeywords.selectOptionByLabel(WebUiBuiltInKeywords.groovy:1200)
	at com.kms.katalon.core.webui.keyword.WebUiBuiltInKeywords$selectOptionByLabel$3.call(Unknown Source)
	at Admin - Manage Test - Quiz - New Question.run(Admin - Manage Test - Quiz - New Question:45)
	at com.kms.katalon.core.main.ScriptEngine.run(ScriptEngine.java:194)
	at com.kms.katalon.core.main.ScriptEngine.runScriptAsRawText(ScriptEngine.java:119)
	at com.kms.katalon.core.main.TestCaseExecutor.runScript(TestCaseExecutor.java:337)
	at com.kms.katalon.core.main.TestCaseExecutor.doExecute(TestCaseExecutor.java:328)
	at com.kms.katalon.core.main.TestCaseExecutor.processExecutionPhase(TestCaseExecutor.java:307)
	at com.kms.katalon.core.main.TestCaseExecutor.accessMainPhase(TestCaseExecutor.java:299)
	at com.kms.katalon.core.main.TestCaseExecutor.execute(TestCaseExecutor.java:233)
	at com.kms.katalon.core.main.TestSuiteExecutor.accessTestCaseMainPhase(TestSuiteExecutor.java:169)
	at com.kms.katalon.core.main.TestSuiteExecutor.accessTestSuiteMainPhase(TestSuiteExecutor.java:142)
	at com.kms.katalon.core.main.TestSuiteExecutor.execute(TestSuiteExecutor.java:91)
	at com.kms.katalon.core.main.TestCaseMain.startTestSuite(TestCaseMain.java:157)
	at com.kms.katalon.core.main.TestCaseMain$startTestSuite$0.call(Unknown Source)
	at TempTestSuite1590576626088.run(TempTestSuite1590576626088.groovy:36)
Caused by: org.openqa.selenium.NoSuchElementException: Cannot locate element with text: SALES MANAGER
For documentation on this error, please visit: https://www.seleniumhq.org/exceptions/no_such_element.html
Build info: version: '3.141.59', revision: 'e82be7d358', time: '2018-11-14T08:25:53'
System info: host: 'DESKTOP-NHES7H6', ip: '192.168.1.116', os.name: 'Windows 10', os.arch: 'amd64', os.version: '10.0', java.version: '1.8.0_181'
Driver info: driver.version: unknown
	at org.openqa.selenium.support.ui.Select.selectByVisibleText(Select.java:147)
	at com.kms.katalon.core.webui.common.WebUiCommonHelper.selectOrDeselectOptionsByLabel(WebUiCommonHelper.java:310)
	at com.kms.katalon.core.webui.keyword.builtin.SelectOptionByLabelKeyword$_selectOptionByLabel_closure1.doCall(SelectOptionByLabelKeyword.groovy:87)
	at com.kms.katalon.core.webui.keyword.builtin.SelectOptionByLabelKeyword$_selectOptionByLabel_closure1.call(SelectOptionByLabelKeyword.groovy)
	at com.kms.katalon.core.webui.keyword.internal.WebUIKeywordMain.runKeyword(WebUIKeywordMain.groovy:20)
	at com.kms.katalon.core.webui.keyword.builtin.SelectOptionByLabelKeyword.selectOptionByLabel(SelectOptionByLabelKeyword.groovy:98)
	at com.kms.katalon.core.webui.keyword.builtin.SelectOptionByLabelKeyword.execute(SelectOptionByLabelKeyword.groovy:71)
	at com.kms.katalon.core.keyword.internal.KeywordExecutor.executeKeywordForPlatform(KeywordExecutor.groovy:72)
	at com.kms.katalon.core.webui.keyword.WebUiBuiltInKeywords.selectOptionByLabel(WebUiBuiltInKeywords.groovy:1200)
	at com.kms.katalon.core.webui.keyword.WebUiBuiltInKeywords$selectOptionByLabel$3.call(Unknown Source)
	at Script1590439026622.run(Script1590439026622.groovy:45)
	... 13 more
)

2020-05-27 18:05:59 - [MESSAGE][FAILED] - Unable to select option by label 'SALES MANAGER' of object 'Object Repository/Rizka/Admin/Admin - Manage Test - Quiz - New Question/fieldJobPosition'  (Root cause: com.kms.katalon.core.exception.StepFailedException: Unable to select option by label 'SALES MANAGER' of object 'Object Repository/Rizka/Admin/Admin - Manage Test - Quiz - New Question/fieldJobPosition' 
	at com.kms.katalon.core.webui.keyword.internal.WebUIKeywordMain.stepFailed(WebUIKeywordMain.groovy:64)
	at com.kms.katalon.core.webui.keyword.internal.WebUIKeywordMain.runKeyword(WebUIKeywordMain.groovy:26)
	at com.kms.katalon.core.webui.keyword.builtin.SelectOptionByLabelKeyword.selectOptionByLabel(SelectOptionByLabelKeyword.groovy:98)
	at com.kms.katalon.core.webui.keyword.builtin.SelectOptionByLabelKeyword.execute(SelectOptionByLabelKeyword.groovy:71)
	at com.kms.katalon.core.keyword.internal.KeywordExecutor.executeKeywordForPlatform(KeywordExecutor.groovy:72)
	at com.kms.katalon.core.webui.keyword.WebUiBuiltInKeywords.selectOptionByLabel(WebUiBuiltInKeywords.groovy:1200)
	at com.kms.katalon.core.webui.keyword.WebUiBuiltInKeywords$selectOptionByLabel$3.call(Unknown Source)
	at Admin - Manage Test - Quiz - New Question.run(Admin - Manage Test - Quiz - New Question:45)
	at com.kms.katalon.core.main.ScriptEngine.run(ScriptEngine.java:194)
	at com.kms.katalon.core.main.ScriptEngine.runScriptAsRawText(ScriptEngine.java:119)
	at com.kms.katalon.core.main.TestCaseExecutor.runScript(TestCaseExecutor.java:337)
	at com.kms.katalon.core.main.TestCaseExecutor.doExecute(TestCaseExecutor.java:328)
	at com.kms.katalon.core.main.TestCaseExecutor.processExecutionPhase(TestCaseExecutor.java:307)
	at com.kms.katalon.core.main.TestCaseExecutor.accessMainPhase(TestCaseExecutor.java:299)
	at com.kms.katalon.core.main.TestCaseExecutor.execute(TestCaseExecutor.java:233)
	at com.kms.katalon.core.main.TestSuiteExecutor.accessTestCaseMainPhase(TestSuiteExecutor.java:169)
	at com.kms.katalon.core.main.TestSuiteExecutor.accessTestSuiteMainPhase(TestSuiteExecutor.java:142)
	at com.kms.katalon.core.main.TestSuiteExecutor.execute(TestSuiteExecutor.java:91)
	at com.kms.katalon.core.main.TestCaseMain.startTestSuite(TestCaseMain.java:157)
	at com.kms.katalon.core.main.TestCaseMain$startTestSuite$0.call(Unknown Source)
	at TempTestSuite1590576626088.run(TempTestSuite1590576626088.groovy:36)
Caused by: org.openqa.selenium.NoSuchElementException: Cannot locate element with text: SALES MANAGER
For documentation on this error, please visit: https://www.seleniumhq.org/exceptions/no_such_element.html
Build info: version: '3.141.59', revision: 'e82be7d358', time: '2018-11-14T08:25:53'
System info: host: 'DESKTOP-NHES7H6', ip: '192.168.1.116', os.name: 'Windows 10', os.arch: 'amd64', os.version: '10.0', java.version: '1.8.0_181'
Driver info: driver.version: unknown
	at org.openqa.selenium.support.ui.Select.selectByVisibleText(Select.java:147)
	at com.kms.katalon.core.webui.common.WebUiCommonHelper.selectOrDeselectOptionsByLabel(WebUiCommonHelper.java:310)
	at com.kms.katalon.core.webui.keyword.builtin.SelectOptionByLabelKeyword$_selectOptionByLabel_closure1.doCall(SelectOptionByLabelKeyword.groovy:87)
	at com.kms.katalon.core.webui.keyword.builtin.SelectOptionByLabelKeyword$_selectOptionByLabel_closure1.call(SelectOptionByLabelKeyword.groovy)
	at com.kms.katalon.core.webui.keyword.internal.WebUIKeywordMain.runKeyword(WebUIKeywordMain.groovy:20)
	at com.kms.katalon.core.webui.keyword.builtin.SelectOptionByLabelKeyword.selectOptionByLabel(SelectOptionByLabelKeyword.groovy:98)
	at com.kms.katalon.core.webui.keyword.builtin.SelectOptionByLabelKeyword.execute(SelectOptionByLabelKeyword.groovy:71)
	at com.kms.katalon.core.keyword.internal.KeywordExecutor.executeKeywordForPlatform(KeywordExecutor.groovy:72)
	at com.kms.katalon.core.webui.keyword.WebUiBuiltInKeywords.selectOptionByLabel(WebUiBuiltInKeywords.groovy:1200)
	at com.kms.katalon.core.webui.keyword.WebUiBuiltInKeywords$selectOptionByLabel$3.call(Unknown Source)
	at Script1590439026622.run(Script1590439026622.groovy:45)
	... 13 more
)
[[ATTACHMENT|D:\\MY WORLD\\WORKS (TUGAS)\\LearningManagementWeb\\Reports\\20200527_175026\\Rizka\\Admin\\Admin - Manage Test - Quiz\\20200527_175026\\1590577559458.png]]]]></system-out>
         <system-err><![CDATA[2020-05-27 18:03:49 - [TEST_CASE][FAILED] - Test Cases/Rizka/Admin/Manage Test/Admin - Manage Test - Quiz - New Question: Test Cases/Rizka/Admin/Manage Test/Admin - Manage Test - Quiz - New Question FAILED.
Reason:
com.kms.katalon.core.exception.StepFailedException: Unable to select option by label 'SALES MANAGER' of object 'Object Repository/Rizka/Admin/Admin - Manage Test - Quiz - New Question/fieldJobPosition' 
	at com.kms.katalon.core.webui.keyword.internal.WebUIKeywordMain.stepFailed(WebUIKeywordMain.groovy:64)
	at com.kms.katalon.core.webui.keyword.internal.WebUIKeywordMain.runKeyword(WebUIKeywordMain.groovy:26)
	at com.kms.katalon.core.webui.keyword.builtin.SelectOptionByLabelKeyword.selectOptionByLabel(SelectOptionByLabelKeyword.groovy:98)
	at com.kms.katalon.core.webui.keyword.builtin.SelectOptionByLabelKeyword.execute(SelectOptionByLabelKeyword.groovy:71)
	at com.kms.katalon.core.keyword.internal.KeywordExecutor.executeKeywordForPlatform(KeywordExecutor.groovy:72)
	at com.kms.katalon.core.webui.keyword.WebUiBuiltInKeywords.selectOptionByLabel(WebUiBuiltInKeywords.groovy:1200)
	at com.kms.katalon.core.webui.keyword.WebUiBuiltInKeywords$selectOptionByLabel$3.call(Unknown Source)
	at Admin - Manage Test - Quiz - New Question.run(Admin - Manage Test - Quiz - New Question:45)
	at com.kms.katalon.core.main.ScriptEngine.run(ScriptEngine.java:194)
	at com.kms.katalon.core.main.ScriptEngine.runScriptAsRawText(ScriptEngine.java:119)
	at com.kms.katalon.core.main.TestCaseExecutor.runScript(TestCaseExecutor.java:337)
	at com.kms.katalon.core.main.TestCaseExecutor.doExecute(TestCaseExecutor.java:328)
	at com.kms.katalon.core.main.TestCaseExecutor.processExecutionPhase(TestCaseExecutor.java:307)
	at com.kms.katalon.core.main.TestCaseExecutor.accessMainPhase(TestCaseExecutor.java:299)
	at com.kms.katalon.core.main.TestCaseExecutor.execute(TestCaseExecutor.java:233)
	at com.kms.katalon.core.main.TestSuiteExecutor.accessTestCaseMainPhase(TestSuiteExecutor.java:169)
	at com.kms.katalon.core.main.TestSuiteExecutor.accessTestSuiteMainPhase(TestSuiteExecutor.java:142)
	at com.kms.katalon.core.main.TestSuiteExecutor.execute(TestSuiteExecutor.java:91)
	at com.kms.katalon.core.main.TestCaseMain.startTestSuite(TestCaseMain.java:157)
	at com.kms.katalon.core.main.TestCaseMain$startTestSuite$0.call(Unknown Source)
	at TempTestSuite1590576626088.run(TempTestSuite1590576626088.groovy:36)
Caused by: org.openqa.selenium.NoSuchElementException: Cannot locate element with text: SALES MANAGER
For documentation on this error, please visit: https://www.seleniumhq.org/exceptions/no_such_element.html
Build info: version: '3.141.59', revision: 'e82be7d358', time: '2018-11-14T08:25:53'
System info: host: 'DESKTOP-NHES7H6', ip: '192.168.1.116', os.name: 'Windows 10', os.arch: 'amd64', os.version: '10.0', java.version: '1.8.0_181'
Driver info: driver.version: unknown
	at org.openqa.selenium.support.ui.Select.selectByVisibleText(Select.java:147)
	at com.kms.katalon.core.webui.common.WebUiCommonHelper.selectOrDeselectOptionsByLabel(WebUiCommonHelper.java:310)
	at com.kms.katalon.core.webui.keyword.builtin.SelectOptionByLabelKeyword$_selectOptionByLabel_closure1.doCall(SelectOptionByLabelKeyword.groovy:87)
	at com.kms.katalon.core.webui.keyword.builtin.SelectOptionByLabelKeyword$_selectOptionByLabel_closure1.call(SelectOptionByLabelKeyword.groovy)
	at com.kms.katalon.core.webui.keyword.internal.WebUIKeywordMain.runKeyword(WebUIKeywordMain.groovy:20)
	... 19 more]]></system-err>
      </testcase>
      <testcase name="Test Cases/Rizka/Admin/Manage Test/Admin - Manage Test - Quiz - New Question" time="145.427" classname="Test Cases/Rizka/Admin/Manage Test/Admin - Manage Test - Quiz - New Question" status="FAILED">
         <failure type="FAILED" message="Test Cases/Rizka/Admin/Manage Test/Admin - Manage Test - Quiz - New Question FAILED.
Reason:
com.kms.katalon.core.exception.StepFailedException: Unable to select option by label 'Post-Test' of object 'Object Repository/Rizka/Admin/Admin - Manage Test - Quiz - New Question/fieldSubModul' 
	at com.kms.katalon.core.webui.keyword.internal.WebUIKeywordMain.stepFailed(WebUIKeywordMain.groovy:64)
	at com.kms.katalon.core.webui.keyword.internal.WebUIKeywordMain.runKeyword(WebUIKeywordMain.groovy:26)
	at com.kms.katalon.core.webui.keyword.builtin.SelectOptionByLabelKeyword.selectOptionByLabel(SelectOptionByLabelKeyword.groovy:98)
	at com.kms.katalon.core.webui.keyword.builtin.SelectOptionByLabelKeyword.execute(SelectOptionByLabelKeyword.groovy:71)
	at com.kms.katalon.core.keyword.internal.KeywordExecutor.executeKeywordForPlatform(KeywordExecutor.groovy:72)
	at com.kms.katalon.core.webui.keyword.WebUiBuiltInKeywords.selectOptionByLabel(WebUiBuiltInKeywords.groovy:1200)
	at com.kms.katalon.core.webui.keyword.WebUiBuiltInKeywords$selectOptionByLabel$3.call(Unknown Source)
	at Admin - Manage Test - Quiz - New Question.run(Admin - Manage Test - Quiz - New Question:55)
	at com.kms.katalon.core.main.ScriptEngine.run(ScriptEngine.java:194)
	at com.kms.katalon.core.main.ScriptEngine.runScriptAsRawText(ScriptEngine.java:119)
	at com.kms.katalon.core.main.TestCaseExecutor.runScript(TestCaseExecutor.java:337)
	at com.kms.katalon.core.main.TestCaseExecutor.doExecute(TestCaseExecutor.java:328)
	at com.kms.katalon.core.main.TestCaseExecutor.processExecutionPhase(TestCaseExecutor.java:307)
	at com.kms.katalon.core.main.TestCaseExecutor.accessMainPhase(TestCaseExecutor.java:299)
	at com.kms.katalon.core.main.TestCaseExecutor.execute(TestCaseExecutor.java:233)
	at com.kms.katalon.core.main.TestSuiteExecutor.accessTestCaseMainPhase(TestSuiteExecutor.java:169)
	at com.kms.katalon.core.main.TestSuiteExecutor.accessTestSuiteMainPhase(TestSuiteExecutor.java:142)
	at com.kms.katalon.core.main.TestSuiteExecutor.execute(TestSuiteExecutor.java:91)
	at com.kms.katalon.core.main.TestCaseMain.startTestSuite(TestCaseMain.java:157)
	at com.kms.katalon.core.main.TestCaseMain$startTestSuite$0.call(Unknown Source)
	at TempTestSuite1590576626088.run(TempTestSuite1590576626088.groovy:36)
Caused by: org.openqa.selenium.NoSuchElementException: Cannot locate element with text: Post-Test
For documentation on this error, please visit: https://www.seleniumhq.org/exceptions/no_such_element.html
Build info: version: '3.141.59', revision: 'e82be7d358', time: '2018-11-14T08:25:53'
System info: host: 'DESKTOP-NHES7H6', ip: '192.168.1.116', os.name: 'Windows 10', os.arch: 'amd64', os.version: '10.0', java.version: '1.8.0_181'
Driver info: driver.version: unknown
	at org.openqa.selenium.support.ui.Select.selectByVisibleText(Select.java:147)
	at com.kms.katalon.core.webui.common.WebUiCommonHelper.selectOrDeselectOptionsByLabel(WebUiCommonHelper.java:310)
	at com.kms.katalon.core.webui.keyword.builtin.SelectOptionByLabelKeyword$_selectOptionByLabel_closure1.doCall(SelectOptionByLabelKeyword.groovy:87)
	at com.kms.katalon.core.webui.keyword.builtin.SelectOptionByLabelKeyword$_selectOptionByLabel_closure1.call(SelectOptionByLabelKeyword.groovy)
	at com.kms.katalon.core.webui.keyword.internal.WebUIKeywordMain.runKeyword(WebUIKeywordMain.groovy:20)
	... 19 more
"/>
         <system-out><![CDATA[2020-05-27 18:06:00 - [TEST_CASE][FAILED] - Test Cases/Rizka/Admin/Manage Test/Admin - Manage Test - Quiz - New Question: Test Cases/Rizka/Admin/Manage Test/Admin - Manage Test - Quiz - New Question FAILED.
Reason:
com.kms.katalon.core.exception.StepFailedException: Unable to select option by label 'Post-Test' of object 'Object Repository/Rizka/Admin/Admin - Manage Test - Quiz - New Question/fieldSubModul' 
	at com.kms.katalon.core.webui.keyword.internal.WebUIKeywordMain.stepFailed(WebUIKeywordMain.groovy:64)
	at com.kms.katalon.core.webui.keyword.internal.WebUIKeywordMain.runKeyword(WebUIKeywordMain.groovy:26)
	at com.kms.katalon.core.webui.keyword.builtin.SelectOptionByLabelKeyword.selectOptionByLabel(SelectOptionByLabelKeyword.groovy:98)
	at com.kms.katalon.core.webui.keyword.builtin.SelectOptionByLabelKeyword.execute(SelectOptionByLabelKeyword.groovy:71)
	at com.kms.katalon.core.keyword.internal.KeywordExecutor.executeKeywordForPlatform(KeywordExecutor.groovy:72)
	at com.kms.katalon.core.webui.keyword.WebUiBuiltInKeywords.selectOptionByLabel(WebUiBuiltInKeywords.groovy:1200)
	at com.kms.katalon.core.webui.keyword.WebUiBuiltInKeywords$selectOptionByLabel$3.call(Unknown Source)
	at Admin - Manage Test - Quiz - New Question.run(Admin - Manage Test - Quiz - New Question:55)
	at com.kms.katalon.core.main.ScriptEngine.run(ScriptEngine.java:194)
	at com.kms.katalon.core.main.ScriptEngine.runScriptAsRawText(ScriptEngine.java:119)
	at com.kms.katalon.core.main.TestCaseExecutor.runScript(TestCaseExecutor.java:337)
	at com.kms.katalon.core.main.TestCaseExecutor.doExecute(TestCaseExecutor.java:328)
	at com.kms.katalon.core.main.TestCaseExecutor.processExecutionPhase(TestCaseExecutor.java:307)
	at com.kms.katalon.core.main.TestCaseExecutor.accessMainPhase(TestCaseExecutor.java:299)
	at com.kms.katalon.core.main.TestCaseExecutor.execute(TestCaseExecutor.java:233)
	at com.kms.katalon.core.main.TestSuiteExecutor.accessTestCaseMainPhase(TestSuiteExecutor.java:169)
	at com.kms.katalon.core.main.TestSuiteExecutor.accessTestSuiteMainPhase(TestSuiteExecutor.java:142)
	at com.kms.katalon.core.main.TestSuiteExecutor.execute(TestSuiteExecutor.java:91)
	at com.kms.katalon.core.main.TestCaseMain.startTestSuite(TestCaseMain.java:157)
	at com.kms.katalon.core.main.TestCaseMain$startTestSuite$0.call(Unknown Source)
	at TempTestSuite1590576626088.run(TempTestSuite1590576626088.groovy:36)
Caused by: org.openqa.selenium.NoSuchElementException: Cannot locate element with text: Post-Test
For documentation on this error, please visit: https://www.seleniumhq.org/exceptions/no_such_element.html
Build info: version: '3.141.59', revision: 'e82be7d358', time: '2018-11-14T08:25:53'
System info: host: 'DESKTOP-NHES7H6', ip: '192.168.1.116', os.name: 'Windows 10', os.arch: 'amd64', os.version: '10.0', java.version: '1.8.0_181'
Driver info: driver.version: unknown
	at org.openqa.selenium.support.ui.Select.selectByVisibleText(Select.java:147)
	at com.kms.katalon.core.webui.common.WebUiCommonHelper.selectOrDeselectOptionsByLabel(WebUiCommonHelper.java:310)
	at com.kms.katalon.core.webui.keyword.builtin.SelectOptionByLabelKeyword$_selectOptionByLabel_closure1.doCall(SelectOptionByLabelKeyword.groovy:87)
	at com.kms.katalon.core.webui.keyword.builtin.SelectOptionByLabelKeyword$_selectOptionByLabel_closure1.call(SelectOptionByLabelKeyword.groovy)
	at com.kms.katalon.core.webui.keyword.internal.WebUIKeywordMain.runKeyword(WebUIKeywordMain.groovy:20)
	... 19 more


2020-05-27 18:06:00 - [TEST_STEP][PASSED] - callTestCase(findTestCase("Rizka/Admin/AdminMainLogin"), [:], STOP_ON_FAILURE): Call Test Case 'Test Cases/Rizka/Admin/AdminMainLogin' successfully

2020-05-27 18:06:00 - [TEST_CASE][PASSED] - Test Cases/Rizka/Admin/AdminMainLogin: Test Cases/Rizka/Admin/AdminMainLogin

2020-05-27 18:06:00 - [TEST_STEP][PASSED] - openBrowser("https://appsrv1.deltadatamandiri.com/ACC_LMS_WEB/#/admNLmn"): Browser is opened with url: 'https://appsrv1.deltadatamandiri.com/ACC_LMS_WEB/#/admNLmn'

2020-05-27 18:06:00 - [MESSAGE][WARNING] - A browser is already opened. Closing browser and opening a new one

2020-05-27 18:06:01 - [MESSAGE][INFO] - Starting 'Chrome' driver

2020-05-27 18:06:55 - [MESSAGE][PASSED] - Browser is opened with url: 'https://appsrv1.deltadatamandiri.com/ACC_LMS_WEB/#/admNLmn'

2020-05-27 18:06:55 - [TEST_STEP][PASSED] - maximizeWindow(): Current window maximized

2020-05-27 18:06:57 - [MESSAGE][PASSED] - Current window maximized

2020-05-27 18:06:57 - [TEST_STEP][PASSED] - delay(15): Delayed 15 second(s)

2020-05-27 18:07:12 - [MESSAGE][PASSED] - Delayed 15 second(s)

2020-05-27 18:07:12 - [TEST_STEP][PASSED] - click(findTestObject("Rizka/Admin/Admin - Login/btnLogin")): Object: 'Object Repository/Rizka/Admin/Admin - Login/btnLogin' is clicked on

2020-05-27 18:07:12 - [MESSAGE][PASSED] - Object: 'Object Repository/Rizka/Admin/Admin - Login/btnLogin' is clicked on

2020-05-27 18:07:12 - [TEST_STEP][PASSED] - setText(findTestObject("Rizka/Admin/Admin - Login/txtUsername"), "11666"): Text '11666' is set on object 'Object Repository/Rizka/Admin/Admin - Login/txtUsername'

2020-05-27 18:07:13 - [MESSAGE][PASSED] - Text '11666' is set on object 'Object Repository/Rizka/Admin/Admin - Login/txtUsername'

2020-05-27 18:07:13 - [TEST_STEP][PASSED] - setText(findTestObject("Rizka/Admin/Admin - Login/txtPassword"), "Password3"): Text 'Password3' is set on object 'Object Repository/Rizka/Admin/Admin - Login/txtPassword'

2020-05-27 18:07:13 - [MESSAGE][PASSED] - Text 'Password3' is set on object 'Object Repository/Rizka/Admin/Admin - Login/txtPassword'

2020-05-27 18:07:13 - [TEST_STEP][PASSED] - click(findTestObject("Rizka/Admin/Admin - Login/btnEyePass")): Object: 'Object Repository/Rizka/Admin/Admin - Login/btnEyePass' is clicked on

2020-05-27 18:07:14 - [MESSAGE][PASSED] - Object: 'Object Repository/Rizka/Admin/Admin - Login/btnEyePass' is clicked on

2020-05-27 18:07:14 - [TEST_STEP][PASSED] - click(findTestObject("Rizka/Admin/Admin - Login/checkboxRememberMe")): Object: 'Object Repository/Rizka/Admin/Admin - Login/checkboxRememberMe' is clicked on

2020-05-27 18:07:14 - [MESSAGE][PASSED] - Object: 'Object Repository/Rizka/Admin/Admin - Login/checkboxRememberMe' is clicked on

2020-05-27 18:07:14 - [TEST_STEP][PASSED] - click(findTestObject("Rizka/Admin/Admin - Login/btnLogin2")): Object: 'Object Repository/Rizka/Admin/Admin - Login/btnLogin2' is clicked on

2020-05-27 18:07:15 - [MESSAGE][PASSED] - Object: 'Object Repository/Rizka/Admin/Admin - Login/btnLogin2' is clicked on

2020-05-27 18:07:15 - [TEST_STEP][PASSED] - delay(15): Delayed 15 second(s)

2020-05-27 18:07:30 - [MESSAGE][PASSED] - Delayed 15 second(s)

2020-05-27 18:07:30 - [MESSAGE][PASSED] - Call Test Case 'Test Cases/Rizka/Admin/AdminMainLogin' successfully

2020-05-27 18:07:30 - [TEST_STEP][PASSED] - click(findTestObject("Rizka/Admin/Admin - Manage Test - Quiz - New Question/btnManageTest")): Object: 'Object Repository/Rizka/Admin/Admin - Manage Test - Quiz - New Question/btnManageTest' is clicked on

2020-05-27 18:07:30 - [MESSAGE][PASSED] - Object: 'Object Repository/Rizka/Admin/Admin - Manage Test - Quiz - New Question/btnManageTest' is clicked on

2020-05-27 18:07:30 - [TEST_STEP][PASSED] - delay(5): Delayed 5 second(s)

2020-05-27 18:07:35 - [MESSAGE][PASSED] - Delayed 5 second(s)

2020-05-27 18:07:35 - [TEST_STEP][PASSED] - click(findTestObject("Rizka/Admin/Admin - Manage Test - Quiz - New Question/btnQuiz")): Object: 'Object Repository/Rizka/Admin/Admin - Manage Test - Quiz - New Question/btnQuiz' is clicked on

2020-05-27 18:07:36 - [MESSAGE][PASSED] - Object: 'Object Repository/Rizka/Admin/Admin - Manage Test - Quiz - New Question/btnQuiz' is clicked on

2020-05-27 18:07:36 - [TEST_STEP][PASSED] - delay(5): Delayed 5 second(s)

2020-05-27 18:07:41 - [MESSAGE][PASSED] - Delayed 5 second(s)

2020-05-27 18:07:41 - [TEST_STEP][PASSED] - click(findTestObject("Rizka/Admin/Admin - Manage Test - Quiz - New Question/btnNewQuestion")): Object: 'Object Repository/Rizka/Admin/Admin - Manage Test - Quiz - New Question/btnNewQuestion' is clicked on

2020-05-27 18:08:01 - [MESSAGE][PASSED] - Object: 'Object Repository/Rizka/Admin/Admin - Manage Test - Quiz - New Question/btnNewQuestion' is clicked on

2020-05-27 18:08:01 - [TEST_STEP][PASSED] - delay(5): Delayed 5 second(s)

2020-05-27 18:08:06 - [MESSAGE][PASSED] - Delayed 5 second(s)

2020-05-27 18:08:06 - [TEST_STEP][PASSED] - if (tipeSoal != ""): All options with label 'Benar / Salah' are selected in object 'Object Repository/Rizka/Admin/Admin - Manage Test - Quiz - New Question/fieldTipeSoal' 

2020-05-27 18:08:06 - [TEST_STEP][PASSED] - selectOptionByLabel(findTestObject("Rizka/Admin/Admin - Manage Test - Quiz - New Question/fieldTipeSoal"), tipeSoal, false): All options with label 'Benar / Salah' are selected in object 'Object Repository/Rizka/Admin/Admin - Manage Test - Quiz - New Question/fieldTipeSoal' 

2020-05-27 18:08:11 - [MESSAGE][PASSED] - All options with label 'Benar / Salah' are selected in object 'Object Repository/Rizka/Admin/Admin - Manage Test - Quiz - New Question/fieldTipeSoal' 

2020-05-27 18:08:11 - [TEST_STEP][PASSED] - if (jobFunction != ""): All options with label 'SALES' are selected in object 'Object Repository/Rizka/Admin/Admin - Manage Test - Quiz - New Question/fieldJobFunction' 

2020-05-27 18:08:11 - [TEST_STEP][PASSED] - selectOptionByLabel(findTestObject("Rizka/Admin/Admin - Manage Test - Quiz - New Question/fieldJobFunction"), jobFunction, false): All options with label 'SALES' are selected in object 'Object Repository/Rizka/Admin/Admin - Manage Test - Quiz - New Question/fieldJobFunction' 

2020-05-27 18:08:20 - [MESSAGE][PASSED] - All options with label 'SALES' are selected in object 'Object Repository/Rizka/Admin/Admin - Manage Test - Quiz - New Question/fieldJobFunction' 

2020-05-27 18:08:20 - [TEST_STEP][PASSED] - delay(3): Delayed 3 second(s)

2020-05-27 18:08:23 - [MESSAGE][PASSED] - Delayed 3 second(s)

2020-05-27 18:08:23 - [TEST_STEP][PASSED] - if (jobPosition != ""): All options with label 'SALES MANAGER' are selected in object 'Object Repository/Rizka/Admin/Admin - Manage Test - Quiz - New Question/fieldJobPosition' 

2020-05-27 18:08:23 - [TEST_STEP][PASSED] - selectOptionByLabel(findTestObject("Rizka/Admin/Admin - Manage Test - Quiz - New Question/fieldJobPosition"), jobPosition, false): All options with label 'SALES MANAGER' are selected in object 'Object Repository/Rizka/Admin/Admin - Manage Test - Quiz - New Question/fieldJobPosition' 

2020-05-27 18:08:24 - [MESSAGE][PASSED] - All options with label 'SALES MANAGER' are selected in object 'Object Repository/Rizka/Admin/Admin - Manage Test - Quiz - New Question/fieldJobPosition' 

2020-05-27 18:08:24 - [TEST_STEP][PASSED] - if (module != ""): null

2020-05-27 18:08:24 - [TEST_STEP][FAILED] - if (subModule != ""): Unable to select option by label 'Post-Test' of object 'Object Repository/Rizka/Admin/Admin - Manage Test - Quiz - New Question/fieldSubModul'  (Root cause: com.kms.katalon.core.exception.StepFailedException: Unable to select option by label 'Post-Test' of object 'Object Repository/Rizka/Admin/Admin - Manage Test - Quiz - New Question/fieldSubModul' 
	at com.kms.katalon.core.webui.keyword.internal.WebUIKeywordMain.stepFailed(WebUIKeywordMain.groovy:64)
	at com.kms.katalon.core.webui.keyword.internal.WebUIKeywordMain.runKeyword(WebUIKeywordMain.groovy:26)
	at com.kms.katalon.core.webui.keyword.builtin.SelectOptionByLabelKeyword.selectOptionByLabel(SelectOptionByLabelKeyword.groovy:98)
	at com.kms.katalon.core.webui.keyword.builtin.SelectOptionByLabelKeyword.execute(SelectOptionByLabelKeyword.groovy:71)
	at com.kms.katalon.core.keyword.internal.KeywordExecutor.executeKeywordForPlatform(KeywordExecutor.groovy:72)
	at com.kms.katalon.core.webui.keyword.WebUiBuiltInKeywords.selectOptionByLabel(WebUiBuiltInKeywords.groovy:1200)
	at com.kms.katalon.core.webui.keyword.WebUiBuiltInKeywords$selectOptionByLabel$3.call(Unknown Source)
	at Admin - Manage Test - Quiz - New Question.run(Admin - Manage Test - Quiz - New Question:55)
	at com.kms.katalon.core.main.ScriptEngine.run(ScriptEngine.java:194)
	at com.kms.katalon.core.main.ScriptEngine.runScriptAsRawText(ScriptEngine.java:119)
	at com.kms.katalon.core.main.TestCaseExecutor.runScript(TestCaseExecutor.java:337)
	at com.kms.katalon.core.main.TestCaseExecutor.doExecute(TestCaseExecutor.java:328)
	at com.kms.katalon.core.main.TestCaseExecutor.processExecutionPhase(TestCaseExecutor.java:307)
	at com.kms.katalon.core.main.TestCaseExecutor.accessMainPhase(TestCaseExecutor.java:299)
	at com.kms.katalon.core.main.TestCaseExecutor.execute(TestCaseExecutor.java:233)
	at com.kms.katalon.core.main.TestSuiteExecutor.accessTestCaseMainPhase(TestSuiteExecutor.java:169)
	at com.kms.katalon.core.main.TestSuiteExecutor.accessTestSuiteMainPhase(TestSuiteExecutor.java:142)
	at com.kms.katalon.core.main.TestSuiteExecutor.execute(TestSuiteExecutor.java:91)
	at com.kms.katalon.core.main.TestCaseMain.startTestSuite(TestCaseMain.java:157)
	at com.kms.katalon.core.main.TestCaseMain$startTestSuite$0.call(Unknown Source)
	at TempTestSuite1590576626088.run(TempTestSuite1590576626088.groovy:36)
Caused by: org.openqa.selenium.NoSuchElementException: Cannot locate element with text: Post-Test
For documentation on this error, please visit: https://www.seleniumhq.org/exceptions/no_such_element.html
Build info: version: '3.141.59', revision: 'e82be7d358', time: '2018-11-14T08:25:53'
System info: host: 'DESKTOP-NHES7H6', ip: '192.168.1.116', os.name: 'Windows 10', os.arch: 'amd64', os.version: '10.0', java.version: '1.8.0_181'
Driver info: driver.version: unknown
	at org.openqa.selenium.support.ui.Select.selectByVisibleText(Select.java:147)
	at com.kms.katalon.core.webui.common.WebUiCommonHelper.selectOrDeselectOptionsByLabel(WebUiCommonHelper.java:310)
	at com.kms.katalon.core.webui.keyword.builtin.SelectOptionByLabelKeyword$_selectOptionByLabel_closure1.doCall(SelectOptionByLabelKeyword.groovy:87)
	at com.kms.katalon.core.webui.keyword.builtin.SelectOptionByLabelKeyword$_selectOptionByLabel_closure1.call(SelectOptionByLabelKeyword.groovy)
	at com.kms.katalon.core.webui.keyword.internal.WebUIKeywordMain.runKeyword(WebUIKeywordMain.groovy:20)
	at com.kms.katalon.core.webui.keyword.builtin.SelectOptionByLabelKeyword.selectOptionByLabel(SelectOptionByLabelKeyword.groovy:98)
	at com.kms.katalon.core.webui.keyword.builtin.SelectOptionByLabelKeyword.execute(SelectOptionByLabelKeyword.groovy:71)
	at com.kms.katalon.core.keyword.internal.KeywordExecutor.executeKeywordForPlatform(KeywordExecutor.groovy:72)
	at com.kms.katalon.core.webui.keyword.WebUiBuiltInKeywords.selectOptionByLabel(WebUiBuiltInKeywords.groovy:1200)
	at com.kms.katalon.core.webui.keyword.WebUiBuiltInKeywords$selectOptionByLabel$3.call(Unknown Source)
	at Script1590439026622.run(Script1590439026622.groovy:55)
	... 13 more
)

2020-05-27 18:08:24 - [TEST_STEP][FAILED] - selectOptionByLabel(findTestObject("Rizka/Admin/Admin - Manage Test - Quiz - New Question/fieldSubModul"), subModule, false): Unable to select option by label 'Post-Test' of object 'Object Repository/Rizka/Admin/Admin - Manage Test - Quiz - New Question/fieldSubModul'  (Root cause: com.kms.katalon.core.exception.StepFailedException: Unable to select option by label 'Post-Test' of object 'Object Repository/Rizka/Admin/Admin - Manage Test - Quiz - New Question/fieldSubModul' 
	at com.kms.katalon.core.webui.keyword.internal.WebUIKeywordMain.stepFailed(WebUIKeywordMain.groovy:64)
	at com.kms.katalon.core.webui.keyword.internal.WebUIKeywordMain.runKeyword(WebUIKeywordMain.groovy:26)
	at com.kms.katalon.core.webui.keyword.builtin.SelectOptionByLabelKeyword.selectOptionByLabel(SelectOptionByLabelKeyword.groovy:98)
	at com.kms.katalon.core.webui.keyword.builtin.SelectOptionByLabelKeyword.execute(SelectOptionByLabelKeyword.groovy:71)
	at com.kms.katalon.core.keyword.internal.KeywordExecutor.executeKeywordForPlatform(KeywordExecutor.groovy:72)
	at com.kms.katalon.core.webui.keyword.WebUiBuiltInKeywords.selectOptionByLabel(WebUiBuiltInKeywords.groovy:1200)
	at com.kms.katalon.core.webui.keyword.WebUiBuiltInKeywords$selectOptionByLabel$3.call(Unknown Source)
	at Admin - Manage Test - Quiz - New Question.run(Admin - Manage Test - Quiz - New Question:55)
	at com.kms.katalon.core.main.ScriptEngine.run(ScriptEngine.java:194)
	at com.kms.katalon.core.main.ScriptEngine.runScriptAsRawText(ScriptEngine.java:119)
	at com.kms.katalon.core.main.TestCaseExecutor.runScript(TestCaseExecutor.java:337)
	at com.kms.katalon.core.main.TestCaseExecutor.doExecute(TestCaseExecutor.java:328)
	at com.kms.katalon.core.main.TestCaseExecutor.processExecutionPhase(TestCaseExecutor.java:307)
	at com.kms.katalon.core.main.TestCaseExecutor.accessMainPhase(TestCaseExecutor.java:299)
	at com.kms.katalon.core.main.TestCaseExecutor.execute(TestCaseExecutor.java:233)
	at com.kms.katalon.core.main.TestSuiteExecutor.accessTestCaseMainPhase(TestSuiteExecutor.java:169)
	at com.kms.katalon.core.main.TestSuiteExecutor.accessTestSuiteMainPhase(TestSuiteExecutor.java:142)
	at com.kms.katalon.core.main.TestSuiteExecutor.execute(TestSuiteExecutor.java:91)
	at com.kms.katalon.core.main.TestCaseMain.startTestSuite(TestCaseMain.java:157)
	at com.kms.katalon.core.main.TestCaseMain$startTestSuite$0.call(Unknown Source)
	at TempTestSuite1590576626088.run(TempTestSuite1590576626088.groovy:36)
Caused by: org.openqa.selenium.NoSuchElementException: Cannot locate element with text: Post-Test
For documentation on this error, please visit: https://www.seleniumhq.org/exceptions/no_such_element.html
Build info: version: '3.141.59', revision: 'e82be7d358', time: '2018-11-14T08:25:53'
System info: host: 'DESKTOP-NHES7H6', ip: '192.168.1.116', os.name: 'Windows 10', os.arch: 'amd64', os.version: '10.0', java.version: '1.8.0_181'
Driver info: driver.version: unknown
	at org.openqa.selenium.support.ui.Select.selectByVisibleText(Select.java:147)
	at com.kms.katalon.core.webui.common.WebUiCommonHelper.selectOrDeselectOptionsByLabel(WebUiCommonHelper.java:310)
	at com.kms.katalon.core.webui.keyword.builtin.SelectOptionByLabelKeyword$_selectOptionByLabel_closure1.doCall(SelectOptionByLabelKeyword.groovy:87)
	at com.kms.katalon.core.webui.keyword.builtin.SelectOptionByLabelKeyword$_selectOptionByLabel_closure1.call(SelectOptionByLabelKeyword.groovy)
	at com.kms.katalon.core.webui.keyword.internal.WebUIKeywordMain.runKeyword(WebUIKeywordMain.groovy:20)
	at com.kms.katalon.core.webui.keyword.builtin.SelectOptionByLabelKeyword.selectOptionByLabel(SelectOptionByLabelKeyword.groovy:98)
	at com.kms.katalon.core.webui.keyword.builtin.SelectOptionByLabelKeyword.execute(SelectOptionByLabelKeyword.groovy:71)
	at com.kms.katalon.core.keyword.internal.KeywordExecutor.executeKeywordForPlatform(KeywordExecutor.groovy:72)
	at com.kms.katalon.core.webui.keyword.WebUiBuiltInKeywords.selectOptionByLabel(WebUiBuiltInKeywords.groovy:1200)
	at com.kms.katalon.core.webui.keyword.WebUiBuiltInKeywords$selectOptionByLabel$3.call(Unknown Source)
	at Script1590439026622.run(Script1590439026622.groovy:55)
	... 13 more
)

2020-05-27 18:08:25 - [MESSAGE][FAILED] - Unable to select option by label 'Post-Test' of object 'Object Repository/Rizka/Admin/Admin - Manage Test - Quiz - New Question/fieldSubModul'  (Root cause: com.kms.katalon.core.exception.StepFailedException: Unable to select option by label 'Post-Test' of object 'Object Repository/Rizka/Admin/Admin - Manage Test - Quiz - New Question/fieldSubModul' 
	at com.kms.katalon.core.webui.keyword.internal.WebUIKeywordMain.stepFailed(WebUIKeywordMain.groovy:64)
	at com.kms.katalon.core.webui.keyword.internal.WebUIKeywordMain.runKeyword(WebUIKeywordMain.groovy:26)
	at com.kms.katalon.core.webui.keyword.builtin.SelectOptionByLabelKeyword.selectOptionByLabel(SelectOptionByLabelKeyword.groovy:98)
	at com.kms.katalon.core.webui.keyword.builtin.SelectOptionByLabelKeyword.execute(SelectOptionByLabelKeyword.groovy:71)
	at com.kms.katalon.core.keyword.internal.KeywordExecutor.executeKeywordForPlatform(KeywordExecutor.groovy:72)
	at com.kms.katalon.core.webui.keyword.WebUiBuiltInKeywords.selectOptionByLabel(WebUiBuiltInKeywords.groovy:1200)
	at com.kms.katalon.core.webui.keyword.WebUiBuiltInKeywords$selectOptionByLabel$3.call(Unknown Source)
	at Admin - Manage Test - Quiz - New Question.run(Admin - Manage Test - Quiz - New Question:55)
	at com.kms.katalon.core.main.ScriptEngine.run(ScriptEngine.java:194)
	at com.kms.katalon.core.main.ScriptEngine.runScriptAsRawText(ScriptEngine.java:119)
	at com.kms.katalon.core.main.TestCaseExecutor.runScript(TestCaseExecutor.java:337)
	at com.kms.katalon.core.main.TestCaseExecutor.doExecute(TestCaseExecutor.java:328)
	at com.kms.katalon.core.main.TestCaseExecutor.processExecutionPhase(TestCaseExecutor.java:307)
	at com.kms.katalon.core.main.TestCaseExecutor.accessMainPhase(TestCaseExecutor.java:299)
	at com.kms.katalon.core.main.TestCaseExecutor.execute(TestCaseExecutor.java:233)
	at com.kms.katalon.core.main.TestSuiteExecutor.accessTestCaseMainPhase(TestSuiteExecutor.java:169)
	at com.kms.katalon.core.main.TestSuiteExecutor.accessTestSuiteMainPhase(TestSuiteExecutor.java:142)
	at com.kms.katalon.core.main.TestSuiteExecutor.execute(TestSuiteExecutor.java:91)
	at com.kms.katalon.core.main.TestCaseMain.startTestSuite(TestCaseMain.java:157)
	at com.kms.katalon.core.main.TestCaseMain$startTestSuite$0.call(Unknown Source)
	at TempTestSuite1590576626088.run(TempTestSuite1590576626088.groovy:36)
Caused by: org.openqa.selenium.NoSuchElementException: Cannot locate element with text: Post-Test
For documentation on this error, please visit: https://www.seleniumhq.org/exceptions/no_such_element.html
Build info: version: '3.141.59', revision: 'e82be7d358', time: '2018-11-14T08:25:53'
System info: host: 'DESKTOP-NHES7H6', ip: '192.168.1.116', os.name: 'Windows 10', os.arch: 'amd64', os.version: '10.0', java.version: '1.8.0_181'
Driver info: driver.version: unknown
	at org.openqa.selenium.support.ui.Select.selectByVisibleText(Select.java:147)
	at com.kms.katalon.core.webui.common.WebUiCommonHelper.selectOrDeselectOptionsByLabel(WebUiCommonHelper.java:310)
	at com.kms.katalon.core.webui.keyword.builtin.SelectOptionByLabelKeyword$_selectOptionByLabel_closure1.doCall(SelectOptionByLabelKeyword.groovy:87)
	at com.kms.katalon.core.webui.keyword.builtin.SelectOptionByLabelKeyword$_selectOptionByLabel_closure1.call(SelectOptionByLabelKeyword.groovy)
	at com.kms.katalon.core.webui.keyword.internal.WebUIKeywordMain.runKeyword(WebUIKeywordMain.groovy:20)
	at com.kms.katalon.core.webui.keyword.builtin.SelectOptionByLabelKeyword.selectOptionByLabel(SelectOptionByLabelKeyword.groovy:98)
	at com.kms.katalon.core.webui.keyword.builtin.SelectOptionByLabelKeyword.execute(SelectOptionByLabelKeyword.groovy:71)
	at com.kms.katalon.core.keyword.internal.KeywordExecutor.executeKeywordForPlatform(KeywordExecutor.groovy:72)
	at com.kms.katalon.core.webui.keyword.WebUiBuiltInKeywords.selectOptionByLabel(WebUiBuiltInKeywords.groovy:1200)
	at com.kms.katalon.core.webui.keyword.WebUiBuiltInKeywords$selectOptionByLabel$3.call(Unknown Source)
	at Script1590439026622.run(Script1590439026622.groovy:55)
	... 13 more
)
[[ATTACHMENT|D:\\MY WORLD\\WORKS (TUGAS)\\LearningManagementWeb\\Reports\\20200527_175026\\Rizka\\Admin\\Admin - Manage Test - Quiz\\20200527_175026\\1590577705014.png]]]]></system-out>
         <system-err><![CDATA[2020-05-27 18:06:00 - [TEST_CASE][FAILED] - Test Cases/Rizka/Admin/Manage Test/Admin - Manage Test - Quiz - New Question: Test Cases/Rizka/Admin/Manage Test/Admin - Manage Test - Quiz - New Question FAILED.
Reason:
com.kms.katalon.core.exception.StepFailedException: Unable to select option by label 'Post-Test' of object 'Object Repository/Rizka/Admin/Admin - Manage Test - Quiz - New Question/fieldSubModul' 
	at com.kms.katalon.core.webui.keyword.internal.WebUIKeywordMain.stepFailed(WebUIKeywordMain.groovy:64)
	at com.kms.katalon.core.webui.keyword.internal.WebUIKeywordMain.runKeyword(WebUIKeywordMain.groovy:26)
	at com.kms.katalon.core.webui.keyword.builtin.SelectOptionByLabelKeyword.selectOptionByLabel(SelectOptionByLabelKeyword.groovy:98)
	at com.kms.katalon.core.webui.keyword.builtin.SelectOptionByLabelKeyword.execute(SelectOptionByLabelKeyword.groovy:71)
	at com.kms.katalon.core.keyword.internal.KeywordExecutor.executeKeywordForPlatform(KeywordExecutor.groovy:72)
	at com.kms.katalon.core.webui.keyword.WebUiBuiltInKeywords.selectOptionByLabel(WebUiBuiltInKeywords.groovy:1200)
	at com.kms.katalon.core.webui.keyword.WebUiBuiltInKeywords$selectOptionByLabel$3.call(Unknown Source)
	at Admin - Manage Test - Quiz - New Question.run(Admin - Manage Test - Quiz - New Question:55)
	at com.kms.katalon.core.main.ScriptEngine.run(ScriptEngine.java:194)
	at com.kms.katalon.core.main.ScriptEngine.runScriptAsRawText(ScriptEngine.java:119)
	at com.kms.katalon.core.main.TestCaseExecutor.runScript(TestCaseExecutor.java:337)
	at com.kms.katalon.core.main.TestCaseExecutor.doExecute(TestCaseExecutor.java:328)
	at com.kms.katalon.core.main.TestCaseExecutor.processExecutionPhase(TestCaseExecutor.java:307)
	at com.kms.katalon.core.main.TestCaseExecutor.accessMainPhase(TestCaseExecutor.java:299)
	at com.kms.katalon.core.main.TestCaseExecutor.execute(TestCaseExecutor.java:233)
	at com.kms.katalon.core.main.TestSuiteExecutor.accessTestCaseMainPhase(TestSuiteExecutor.java:169)
	at com.kms.katalon.core.main.TestSuiteExecutor.accessTestSuiteMainPhase(TestSuiteExecutor.java:142)
	at com.kms.katalon.core.main.TestSuiteExecutor.execute(TestSuiteExecutor.java:91)
	at com.kms.katalon.core.main.TestCaseMain.startTestSuite(TestCaseMain.java:157)
	at com.kms.katalon.core.main.TestCaseMain$startTestSuite$0.call(Unknown Source)
	at TempTestSuite1590576626088.run(TempTestSuite1590576626088.groovy:36)
Caused by: org.openqa.selenium.NoSuchElementException: Cannot locate element with text: Post-Test
For documentation on this error, please visit: https://www.seleniumhq.org/exceptions/no_such_element.html
Build info: version: '3.141.59', revision: 'e82be7d358', time: '2018-11-14T08:25:53'
System info: host: 'DESKTOP-NHES7H6', ip: '192.168.1.116', os.name: 'Windows 10', os.arch: 'amd64', os.version: '10.0', java.version: '1.8.0_181'
Driver info: driver.version: unknown
	at org.openqa.selenium.support.ui.Select.selectByVisibleText(Select.java:147)
	at com.kms.katalon.core.webui.common.WebUiCommonHelper.selectOrDeselectOptionsByLabel(WebUiCommonHelper.java:310)
	at com.kms.katalon.core.webui.keyword.builtin.SelectOptionByLabelKeyword$_selectOptionByLabel_closure1.doCall(SelectOptionByLabelKeyword.groovy:87)
	at com.kms.katalon.core.webui.keyword.builtin.SelectOptionByLabelKeyword$_selectOptionByLabel_closure1.call(SelectOptionByLabelKeyword.groovy)
	at com.kms.katalon.core.webui.keyword.internal.WebUIKeywordMain.runKeyword(WebUIKeywordMain.groovy:20)
	... 19 more]]></system-err>
      </testcase>
      <testcase name="Test Cases/Rizka/Admin/Manage Test/Admin - Manage Test - Quiz - New Question" time="103.806" classname="Test Cases/Rizka/Admin/Manage Test/Admin - Manage Test - Quiz - New Question" status="FAILED">
         <failure type="FAILED" message="Test Cases/Rizka/Admin/Manage Test/Admin - Manage Test - Quiz - New Question FAILED.
Reason:
com.kms.katalon.core.exception.StepFailedException: Unable to click on object 'Object Repository/Rizka/Admin/Admin - Manage Test - Quiz - New Question/btnManageTest'
	at com.kms.katalon.core.webui.keyword.internal.WebUIKeywordMain.stepFailed(WebUIKeywordMain.groovy:64)
	at com.kms.katalon.core.webui.keyword.internal.WebUIKeywordMain.runKeyword(WebUIKeywordMain.groovy:26)
	at com.kms.katalon.core.webui.keyword.builtin.ClickKeyword.click(ClickKeyword.groovy:102)
	at com.kms.katalon.core.webui.keyword.builtin.ClickKeyword.execute(ClickKeyword.groovy:43)
	at com.kms.katalon.core.keyword.internal.KeywordExecutor.executeKeywordForPlatform(KeywordExecutor.groovy:72)
	at com.kms.katalon.core.webui.keyword.WebUiBuiltInKeywords.click(WebUiBuiltInKeywords.groovy:616)
	at com.kms.katalon.core.webui.keyword.WebUiBuiltInKeywords$click$1.call(Unknown Source)
	at Admin - Manage Test - Quiz - New Question.run(Admin - Manage Test - Quiz - New Question:20)
	at com.kms.katalon.core.main.ScriptEngine.run(ScriptEngine.java:194)
	at com.kms.katalon.core.main.ScriptEngine.runScriptAsRawText(ScriptEngine.java:119)
	at com.kms.katalon.core.main.TestCaseExecutor.runScript(TestCaseExecutor.java:337)
	at com.kms.katalon.core.main.TestCaseExecutor.doExecute(TestCaseExecutor.java:328)
	at com.kms.katalon.core.main.TestCaseExecutor.processExecutionPhase(TestCaseExecutor.java:307)
	at com.kms.katalon.core.main.TestCaseExecutor.accessMainPhase(TestCaseExecutor.java:299)
	at com.kms.katalon.core.main.TestCaseExecutor.execute(TestCaseExecutor.java:233)
	at com.kms.katalon.core.main.TestSuiteExecutor.accessTestCaseMainPhase(TestSuiteExecutor.java:169)
	at com.kms.katalon.core.main.TestSuiteExecutor.accessTestSuiteMainPhase(TestSuiteExecutor.java:142)
	at com.kms.katalon.core.main.TestSuiteExecutor.execute(TestSuiteExecutor.java:91)
	at com.kms.katalon.core.main.TestCaseMain.startTestSuite(TestCaseMain.java:157)
	at com.kms.katalon.core.main.TestCaseMain$startTestSuite$0.call(Unknown Source)
	at TempTestSuite1590576626088.run(TempTestSuite1590576626088.groovy:36)
Caused by: com.kms.katalon.core.webui.exception.WebElementNotFoundException: Web element with id: 'Object Repository/Rizka/Admin/Admin - Manage Test - Quiz - New Question/btnManageTest' located by 'By.xpath: //body[@id='ng-app']/app-root/app-page-outlet/app-page-dashboardadmin/div/main/div/aside/app-partial-leftnavadmin/section/ul/li[5]/div/button/span' not found
	at com.kms.katalon.core.webui.common.WebUiCommonHelper.findWebElement(WebUiCommonHelper.java:1154)
	at com.kms.katalon.core.webui.keyword.internal.WebUIAbstractKeyword.findWebElement(WebUIAbstractKeyword.groovy:27)
	at com.kms.katalon.core.webui.keyword.internal.WebUIAbstractKeyword.findWebElement(WebUIAbstractKeyword.groovy:26)
	at com.kms.katalon.core.webui.keyword.builtin.ClickKeyword$_click_closure1.doCall(ClickKeyword.groovy:67)
	at com.kms.katalon.core.webui.keyword.builtin.ClickKeyword$_click_closure1.call(ClickKeyword.groovy)
	at com.kms.katalon.core.webui.keyword.internal.WebUIKeywordMain.runKeyword(WebUIKeywordMain.groovy:20)
	... 19 more
"/>
         <system-out><![CDATA[2020-05-27 18:08:25 - [TEST_CASE][FAILED] - Test Cases/Rizka/Admin/Manage Test/Admin - Manage Test - Quiz - New Question: Test Cases/Rizka/Admin/Manage Test/Admin - Manage Test - Quiz - New Question FAILED.
Reason:
com.kms.katalon.core.exception.StepFailedException: Unable to click on object 'Object Repository/Rizka/Admin/Admin - Manage Test - Quiz - New Question/btnManageTest'
	at com.kms.katalon.core.webui.keyword.internal.WebUIKeywordMain.stepFailed(WebUIKeywordMain.groovy:64)
	at com.kms.katalon.core.webui.keyword.internal.WebUIKeywordMain.runKeyword(WebUIKeywordMain.groovy:26)
	at com.kms.katalon.core.webui.keyword.builtin.ClickKeyword.click(ClickKeyword.groovy:102)
	at com.kms.katalon.core.webui.keyword.builtin.ClickKeyword.execute(ClickKeyword.groovy:43)
	at com.kms.katalon.core.keyword.internal.KeywordExecutor.executeKeywordForPlatform(KeywordExecutor.groovy:72)
	at com.kms.katalon.core.webui.keyword.WebUiBuiltInKeywords.click(WebUiBuiltInKeywords.groovy:616)
	at com.kms.katalon.core.webui.keyword.WebUiBuiltInKeywords$click$1.call(Unknown Source)
	at Admin - Manage Test - Quiz - New Question.run(Admin - Manage Test - Quiz - New Question:20)
	at com.kms.katalon.core.main.ScriptEngine.run(ScriptEngine.java:194)
	at com.kms.katalon.core.main.ScriptEngine.runScriptAsRawText(ScriptEngine.java:119)
	at com.kms.katalon.core.main.TestCaseExecutor.runScript(TestCaseExecutor.java:337)
	at com.kms.katalon.core.main.TestCaseExecutor.doExecute(TestCaseExecutor.java:328)
	at com.kms.katalon.core.main.TestCaseExecutor.processExecutionPhase(TestCaseExecutor.java:307)
	at com.kms.katalon.core.main.TestCaseExecutor.accessMainPhase(TestCaseExecutor.java:299)
	at com.kms.katalon.core.main.TestCaseExecutor.execute(TestCaseExecutor.java:233)
	at com.kms.katalon.core.main.TestSuiteExecutor.accessTestCaseMainPhase(TestSuiteExecutor.java:169)
	at com.kms.katalon.core.main.TestSuiteExecutor.accessTestSuiteMainPhase(TestSuiteExecutor.java:142)
	at com.kms.katalon.core.main.TestSuiteExecutor.execute(TestSuiteExecutor.java:91)
	at com.kms.katalon.core.main.TestCaseMain.startTestSuite(TestCaseMain.java:157)
	at com.kms.katalon.core.main.TestCaseMain$startTestSuite$0.call(Unknown Source)
	at TempTestSuite1590576626088.run(TempTestSuite1590576626088.groovy:36)
Caused by: com.kms.katalon.core.webui.exception.WebElementNotFoundException: Web element with id: 'Object Repository/Rizka/Admin/Admin - Manage Test - Quiz - New Question/btnManageTest' located by 'By.xpath: //body[@id='ng-app']/app-root/app-page-outlet/app-page-dashboardadmin/div/main/div/aside/app-partial-leftnavadmin/section/ul/li[5]/div/button/span' not found
	at com.kms.katalon.core.webui.common.WebUiCommonHelper.findWebElement(WebUiCommonHelper.java:1154)
	at com.kms.katalon.core.webui.keyword.internal.WebUIAbstractKeyword.findWebElement(WebUIAbstractKeyword.groovy:27)
	at com.kms.katalon.core.webui.keyword.internal.WebUIAbstractKeyword.findWebElement(WebUIAbstractKeyword.groovy:26)
	at com.kms.katalon.core.webui.keyword.builtin.ClickKeyword$_click_closure1.doCall(ClickKeyword.groovy:67)
	at com.kms.katalon.core.webui.keyword.builtin.ClickKeyword$_click_closure1.call(ClickKeyword.groovy)
	at com.kms.katalon.core.webui.keyword.internal.WebUIKeywordMain.runKeyword(WebUIKeywordMain.groovy:20)
	... 19 more


2020-05-27 18:08:25 - [TEST_STEP][PASSED] - callTestCase(findTestCase("Rizka/Admin/AdminMainLogin"), [:], STOP_ON_FAILURE): Call Test Case 'Test Cases/Rizka/Admin/AdminMainLogin' successfully

2020-05-27 18:08:25 - [TEST_CASE][PASSED] - Test Cases/Rizka/Admin/AdminMainLogin: Test Cases/Rizka/Admin/AdminMainLogin

2020-05-27 18:08:25 - [TEST_STEP][PASSED] - openBrowser("https://appsrv1.deltadatamandiri.com/ACC_LMS_WEB/#/admNLmn"): Browser is opened with url: 'https://appsrv1.deltadatamandiri.com/ACC_LMS_WEB/#/admNLmn'

2020-05-27 18:08:25 - [MESSAGE][WARNING] - A browser is already opened. Closing browser and opening a new one

2020-05-27 18:08:26 - [MESSAGE][INFO] - Starting 'Chrome' driver

2020-05-27 18:08:49 - [MESSAGE][PASSED] - Browser is opened with url: 'https://appsrv1.deltadatamandiri.com/ACC_LMS_WEB/#/admNLmn'

2020-05-27 18:08:49 - [TEST_STEP][PASSED] - maximizeWindow(): Current window maximized

2020-05-27 18:08:50 - [MESSAGE][PASSED] - Current window maximized

2020-05-27 18:08:50 - [TEST_STEP][PASSED] - delay(15): Delayed 15 second(s)

2020-05-27 18:09:05 - [MESSAGE][PASSED] - Delayed 15 second(s)

2020-05-27 18:09:05 - [TEST_STEP][PASSED] - click(findTestObject("Rizka/Admin/Admin - Login/btnLogin")): Object: 'Object Repository/Rizka/Admin/Admin - Login/btnLogin' is clicked on

2020-05-27 18:09:06 - [MESSAGE][PASSED] - Object: 'Object Repository/Rizka/Admin/Admin - Login/btnLogin' is clicked on

2020-05-27 18:09:06 - [TEST_STEP][PASSED] - setText(findTestObject("Rizka/Admin/Admin - Login/txtUsername"), "11666"): Text '11666' is set on object 'Object Repository/Rizka/Admin/Admin - Login/txtUsername'

2020-05-27 18:09:06 - [MESSAGE][PASSED] - Text '11666' is set on object 'Object Repository/Rizka/Admin/Admin - Login/txtUsername'

2020-05-27 18:09:06 - [TEST_STEP][PASSED] - setText(findTestObject("Rizka/Admin/Admin - Login/txtPassword"), "Password3"): Text 'Password3' is set on object 'Object Repository/Rizka/Admin/Admin - Login/txtPassword'

2020-05-27 18:09:07 - [MESSAGE][PASSED] - Text 'Password3' is set on object 'Object Repository/Rizka/Admin/Admin - Login/txtPassword'

2020-05-27 18:09:07 - [TEST_STEP][PASSED] - click(findTestObject("Rizka/Admin/Admin - Login/btnEyePass")): Object: 'Object Repository/Rizka/Admin/Admin - Login/btnEyePass' is clicked on

2020-05-27 18:09:07 - [MESSAGE][PASSED] - Object: 'Object Repository/Rizka/Admin/Admin - Login/btnEyePass' is clicked on

2020-05-27 18:09:08 - [TEST_STEP][PASSED] - click(findTestObject("Rizka/Admin/Admin - Login/checkboxRememberMe")): Object: 'Object Repository/Rizka/Admin/Admin - Login/checkboxRememberMe' is clicked on

2020-05-27 18:09:08 - [MESSAGE][PASSED] - Object: 'Object Repository/Rizka/Admin/Admin - Login/checkboxRememberMe' is clicked on

2020-05-27 18:09:08 - [TEST_STEP][PASSED] - click(findTestObject("Rizka/Admin/Admin - Login/btnLogin2")): Object: 'Object Repository/Rizka/Admin/Admin - Login/btnLogin2' is clicked on

2020-05-27 18:09:08 - [MESSAGE][PASSED] - Object: 'Object Repository/Rizka/Admin/Admin - Login/btnLogin2' is clicked on

2020-05-27 18:09:08 - [TEST_STEP][PASSED] - delay(15): Delayed 15 second(s)

2020-05-27 18:09:23 - [MESSAGE][PASSED] - Delayed 15 second(s)

2020-05-27 18:09:23 - [MESSAGE][PASSED] - Call Test Case 'Test Cases/Rizka/Admin/AdminMainLogin' successfully

2020-05-27 18:09:23 - [TEST_STEP][FAILED] - click(findTestObject("Rizka/Admin/Admin - Manage Test - Quiz - New Question/btnManageTest")): Unable to click on object 'Object Repository/Rizka/Admin/Admin - Manage Test - Quiz - New Question/btnManageTest' (Root cause: com.kms.katalon.core.exception.StepFailedException: Unable to click on object 'Object Repository/Rizka/Admin/Admin - Manage Test - Quiz - New Question/btnManageTest'
	at com.kms.katalon.core.webui.keyword.internal.WebUIKeywordMain.stepFailed(WebUIKeywordMain.groovy:64)
	at com.kms.katalon.core.webui.keyword.internal.WebUIKeywordMain.runKeyword(WebUIKeywordMain.groovy:26)
	at com.kms.katalon.core.webui.keyword.builtin.ClickKeyword.click(ClickKeyword.groovy:102)
	at com.kms.katalon.core.webui.keyword.builtin.ClickKeyword.execute(ClickKeyword.groovy:43)
	at com.kms.katalon.core.keyword.internal.KeywordExecutor.executeKeywordForPlatform(KeywordExecutor.groovy:72)
	at com.kms.katalon.core.webui.keyword.WebUiBuiltInKeywords.click(WebUiBuiltInKeywords.groovy:616)
	at com.kms.katalon.core.webui.keyword.WebUiBuiltInKeywords$click$1.call(Unknown Source)
	at Admin - Manage Test - Quiz - New Question.run(Admin - Manage Test - Quiz - New Question:20)
	at com.kms.katalon.core.main.ScriptEngine.run(ScriptEngine.java:194)
	at com.kms.katalon.core.main.ScriptEngine.runScriptAsRawText(ScriptEngine.java:119)
	at com.kms.katalon.core.main.TestCaseExecutor.runScript(TestCaseExecutor.java:337)
	at com.kms.katalon.core.main.TestCaseExecutor.doExecute(TestCaseExecutor.java:328)
	at com.kms.katalon.core.main.TestCaseExecutor.processExecutionPhase(TestCaseExecutor.java:307)
	at com.kms.katalon.core.main.TestCaseExecutor.accessMainPhase(TestCaseExecutor.java:299)
	at com.kms.katalon.core.main.TestCaseExecutor.execute(TestCaseExecutor.java:233)
	at com.kms.katalon.core.main.TestSuiteExecutor.accessTestCaseMainPhase(TestSuiteExecutor.java:169)
	at com.kms.katalon.core.main.TestSuiteExecutor.accessTestSuiteMainPhase(TestSuiteExecutor.java:142)
	at com.kms.katalon.core.main.TestSuiteExecutor.execute(TestSuiteExecutor.java:91)
	at com.kms.katalon.core.main.TestCaseMain.startTestSuite(TestCaseMain.java:157)
	at com.kms.katalon.core.main.TestCaseMain$startTestSuite$0.call(Unknown Source)
	at TempTestSuite1590576626088.run(TempTestSuite1590576626088.groovy:36)
Caused by: com.kms.katalon.core.webui.exception.WebElementNotFoundException: Web element with id: 'Object Repository/Rizka/Admin/Admin - Manage Test - Quiz - New Question/btnManageTest' located by 'By.xpath: //body[@id='ng-app']/app-root/app-page-outlet/app-page-dashboardadmin/div/main/div/aside/app-partial-leftnavadmin/section/ul/li[5]/div/button/span' not found
	at com.kms.katalon.core.webui.common.WebUiCommonHelper.findWebElement(WebUiCommonHelper.java:1154)
	at com.kms.katalon.core.webui.keyword.internal.WebUIAbstractKeyword.findWebElement(WebUIAbstractKeyword.groovy:27)
	at com.kms.katalon.core.webui.keyword.internal.WebUIAbstractKeyword.findWebElement(WebUIAbstractKeyword.groovy:26)
	at com.kms.katalon.core.webui.keyword.builtin.ClickKeyword$_click_closure1.doCall(ClickKeyword.groovy:67)
	at com.kms.katalon.core.webui.keyword.builtin.ClickKeyword$_click_closure1.call(ClickKeyword.groovy)
	at com.kms.katalon.core.webui.keyword.internal.WebUIKeywordMain.runKeyword(WebUIKeywordMain.groovy:20)
	at com.kms.katalon.core.webui.keyword.builtin.ClickKeyword.click(ClickKeyword.groovy:102)
	at com.kms.katalon.core.webui.keyword.builtin.ClickKeyword.execute(ClickKeyword.groovy:43)
	at com.kms.katalon.core.keyword.internal.KeywordExecutor.executeKeywordForPlatform(KeywordExecutor.groovy:72)
	at com.kms.katalon.core.webui.keyword.WebUiBuiltInKeywords.click(WebUiBuiltInKeywords.groovy:616)
	at com.kms.katalon.core.webui.keyword.WebUiBuiltInKeywords$click$1.call(Unknown Source)
	at Script1590439026622.run(Script1590439026622.groovy:20)
	... 13 more
)

2020-05-27 18:10:08 - [MESSAGE][INFO] - Unable to find the element located by 'By.xpath: //body[@id='ng-app']/app-root/app-page-outlet/app-page-dashboardadmin/div/main/div/aside/app-partial-leftnavadmin/section/ul/li[5]/div/button/span'. Please recheck the objects properties to make sure the desired element is located. 

2020-05-27 18:10:09 - [MESSAGE][FAILED] - Unable to click on object 'Object Repository/Rizka/Admin/Admin - Manage Test - Quiz - New Question/btnManageTest' (Root cause: com.kms.katalon.core.exception.StepFailedException: Unable to click on object 'Object Repository/Rizka/Admin/Admin - Manage Test - Quiz - New Question/btnManageTest'
	at com.kms.katalon.core.webui.keyword.internal.WebUIKeywordMain.stepFailed(WebUIKeywordMain.groovy:64)
	at com.kms.katalon.core.webui.keyword.internal.WebUIKeywordMain.runKeyword(WebUIKeywordMain.groovy:26)
	at com.kms.katalon.core.webui.keyword.builtin.ClickKeyword.click(ClickKeyword.groovy:102)
	at com.kms.katalon.core.webui.keyword.builtin.ClickKeyword.execute(ClickKeyword.groovy:43)
	at com.kms.katalon.core.keyword.internal.KeywordExecutor.executeKeywordForPlatform(KeywordExecutor.groovy:72)
	at com.kms.katalon.core.webui.keyword.WebUiBuiltInKeywords.click(WebUiBuiltInKeywords.groovy:616)
	at com.kms.katalon.core.webui.keyword.WebUiBuiltInKeywords$click$1.call(Unknown Source)
	at Admin - Manage Test - Quiz - New Question.run(Admin - Manage Test - Quiz - New Question:20)
	at com.kms.katalon.core.main.ScriptEngine.run(ScriptEngine.java:194)
	at com.kms.katalon.core.main.ScriptEngine.runScriptAsRawText(ScriptEngine.java:119)
	at com.kms.katalon.core.main.TestCaseExecutor.runScript(TestCaseExecutor.java:337)
	at com.kms.katalon.core.main.TestCaseExecutor.doExecute(TestCaseExecutor.java:328)
	at com.kms.katalon.core.main.TestCaseExecutor.processExecutionPhase(TestCaseExecutor.java:307)
	at com.kms.katalon.core.main.TestCaseExecutor.accessMainPhase(TestCaseExecutor.java:299)
	at com.kms.katalon.core.main.TestCaseExecutor.execute(TestCaseExecutor.java:233)
	at com.kms.katalon.core.main.TestSuiteExecutor.accessTestCaseMainPhase(TestSuiteExecutor.java:169)
	at com.kms.katalon.core.main.TestSuiteExecutor.accessTestSuiteMainPhase(TestSuiteExecutor.java:142)
	at com.kms.katalon.core.main.TestSuiteExecutor.execute(TestSuiteExecutor.java:91)
	at com.kms.katalon.core.main.TestCaseMain.startTestSuite(TestCaseMain.java:157)
	at com.kms.katalon.core.main.TestCaseMain$startTestSuite$0.call(Unknown Source)
	at TempTestSuite1590576626088.run(TempTestSuite1590576626088.groovy:36)
Caused by: com.kms.katalon.core.webui.exception.WebElementNotFoundException: Web element with id: 'Object Repository/Rizka/Admin/Admin - Manage Test - Quiz - New Question/btnManageTest' located by 'By.xpath: //body[@id='ng-app']/app-root/app-page-outlet/app-page-dashboardadmin/div/main/div/aside/app-partial-leftnavadmin/section/ul/li[5]/div/button/span' not found
	at com.kms.katalon.core.webui.common.WebUiCommonHelper.findWebElement(WebUiCommonHelper.java:1154)
	at com.kms.katalon.core.webui.keyword.internal.WebUIAbstractKeyword.findWebElement(WebUIAbstractKeyword.groovy:27)
	at com.kms.katalon.core.webui.keyword.internal.WebUIAbstractKeyword.findWebElement(WebUIAbstractKeyword.groovy:26)
	at com.kms.katalon.core.webui.keyword.builtin.ClickKeyword$_click_closure1.doCall(ClickKeyword.groovy:67)
	at com.kms.katalon.core.webui.keyword.builtin.ClickKeyword$_click_closure1.call(ClickKeyword.groovy)
	at com.kms.katalon.core.webui.keyword.internal.WebUIKeywordMain.runKeyword(WebUIKeywordMain.groovy:20)
	at com.kms.katalon.core.webui.keyword.builtin.ClickKeyword.click(ClickKeyword.groovy:102)
	at com.kms.katalon.core.webui.keyword.builtin.ClickKeyword.execute(ClickKeyword.groovy:43)
	at com.kms.katalon.core.keyword.internal.KeywordExecutor.executeKeywordForPlatform(KeywordExecutor.groovy:72)
	at com.kms.katalon.core.webui.keyword.WebUiBuiltInKeywords.click(WebUiBuiltInKeywords.groovy:616)
	at com.kms.katalon.core.webui.keyword.WebUiBuiltInKeywords$click$1.call(Unknown Source)
	at Script1590439026622.run(Script1590439026622.groovy:20)
	... 13 more
)
[[ATTACHMENT|D:\\MY WORLD\\WORKS (TUGAS)\\LearningManagementWeb\\Reports\\20200527_175026\\Rizka\\Admin\\Admin - Manage Test - Quiz\\20200527_175026\\1590577808999.png]]]]></system-out>
         <system-err><![CDATA[2020-05-27 18:08:25 - [TEST_CASE][FAILED] - Test Cases/Rizka/Admin/Manage Test/Admin - Manage Test - Quiz - New Question: Test Cases/Rizka/Admin/Manage Test/Admin - Manage Test - Quiz - New Question FAILED.
Reason:
com.kms.katalon.core.exception.StepFailedException: Unable to click on object 'Object Repository/Rizka/Admin/Admin - Manage Test - Quiz - New Question/btnManageTest'
	at com.kms.katalon.core.webui.keyword.internal.WebUIKeywordMain.stepFailed(WebUIKeywordMain.groovy:64)
	at com.kms.katalon.core.webui.keyword.internal.WebUIKeywordMain.runKeyword(WebUIKeywordMain.groovy:26)
	at com.kms.katalon.core.webui.keyword.builtin.ClickKeyword.click(ClickKeyword.groovy:102)
	at com.kms.katalon.core.webui.keyword.builtin.ClickKeyword.execute(ClickKeyword.groovy:43)
	at com.kms.katalon.core.keyword.internal.KeywordExecutor.executeKeywordForPlatform(KeywordExecutor.groovy:72)
	at com.kms.katalon.core.webui.keyword.WebUiBuiltInKeywords.click(WebUiBuiltInKeywords.groovy:616)
	at com.kms.katalon.core.webui.keyword.WebUiBuiltInKeywords$click$1.call(Unknown Source)
	at Admin - Manage Test - Quiz - New Question.run(Admin - Manage Test - Quiz - New Question:20)
	at com.kms.katalon.core.main.ScriptEngine.run(ScriptEngine.java:194)
	at com.kms.katalon.core.main.ScriptEngine.runScriptAsRawText(ScriptEngine.java:119)
	at com.kms.katalon.core.main.TestCaseExecutor.runScript(TestCaseExecutor.java:337)
	at com.kms.katalon.core.main.TestCaseExecutor.doExecute(TestCaseExecutor.java:328)
	at com.kms.katalon.core.main.TestCaseExecutor.processExecutionPhase(TestCaseExecutor.java:307)
	at com.kms.katalon.core.main.TestCaseExecutor.accessMainPhase(TestCaseExecutor.java:299)
	at com.kms.katalon.core.main.TestCaseExecutor.execute(TestCaseExecutor.java:233)
	at com.kms.katalon.core.main.TestSuiteExecutor.accessTestCaseMainPhase(TestSuiteExecutor.java:169)
	at com.kms.katalon.core.main.TestSuiteExecutor.accessTestSuiteMainPhase(TestSuiteExecutor.java:142)
	at com.kms.katalon.core.main.TestSuiteExecutor.execute(TestSuiteExecutor.java:91)
	at com.kms.katalon.core.main.TestCaseMain.startTestSuite(TestCaseMain.java:157)
	at com.kms.katalon.core.main.TestCaseMain$startTestSuite$0.call(Unknown Source)
	at TempTestSuite1590576626088.run(TempTestSuite1590576626088.groovy:36)
Caused by: com.kms.katalon.core.webui.exception.WebElementNotFoundException: Web element with id: 'Object Repository/Rizka/Admin/Admin - Manage Test - Quiz - New Question/btnManageTest' located by 'By.xpath: //body[@id='ng-app']/app-root/app-page-outlet/app-page-dashboardadmin/div/main/div/aside/app-partial-leftnavadmin/section/ul/li[5]/div/button/span' not found
	at com.kms.katalon.core.webui.common.WebUiCommonHelper.findWebElement(WebUiCommonHelper.java:1154)
	at com.kms.katalon.core.webui.keyword.internal.WebUIAbstractKeyword.findWebElement(WebUIAbstractKeyword.groovy:27)
	at com.kms.katalon.core.webui.keyword.internal.WebUIAbstractKeyword.findWebElement(WebUIAbstractKeyword.groovy:26)
	at com.kms.katalon.core.webui.keyword.builtin.ClickKeyword$_click_closure1.doCall(ClickKeyword.groovy:67)
	at com.kms.katalon.core.webui.keyword.builtin.ClickKeyword$_click_closure1.call(ClickKeyword.groovy)
	at com.kms.katalon.core.webui.keyword.internal.WebUIKeywordMain.runKeyword(WebUIKeywordMain.groovy:20)
	... 19 more]]></system-err>
      </testcase>
      <testcase name="Test Cases/Rizka/Admin/Manage Test/Admin - Manage Test - Quiz - New Question" time="138.561" classname="Test Cases/Rizka/Admin/Manage Test/Admin - Manage Test - Quiz - New Question" status="FAILED">
         <failure type="FAILED" message="Test Cases/Rizka/Admin/Manage Test/Admin - Manage Test - Quiz - New Question FAILED.
Reason:
com.kms.katalon.core.exception.StepFailedException: Unable to select option by label 'SALES' of object 'Object Repository/Rizka/Admin/Admin - Manage Test - Quiz - New Question/fieldJobFunction' 
	at com.kms.katalon.core.webui.keyword.internal.WebUIKeywordMain.stepFailed(WebUIKeywordMain.groovy:64)
	at com.kms.katalon.core.webui.keyword.internal.WebUIKeywordMain.runKeyword(WebUIKeywordMain.groovy:26)
	at com.kms.katalon.core.webui.keyword.builtin.SelectOptionByLabelKeyword.selectOptionByLabel(SelectOptionByLabelKeyword.groovy:98)
	at com.kms.katalon.core.webui.keyword.builtin.SelectOptionByLabelKeyword.execute(SelectOptionByLabelKeyword.groovy:71)
	at com.kms.katalon.core.keyword.internal.KeywordExecutor.executeKeywordForPlatform(KeywordExecutor.groovy:72)
	at com.kms.katalon.core.webui.keyword.WebUiBuiltInKeywords.selectOptionByLabel(WebUiBuiltInKeywords.groovy:1200)
	at com.kms.katalon.core.webui.keyword.WebUiBuiltInKeywords$selectOptionByLabel$3.call(Unknown Source)
	at Admin - Manage Test - Quiz - New Question.run(Admin - Manage Test - Quiz - New Question:38)
	at com.kms.katalon.core.main.ScriptEngine.run(ScriptEngine.java:194)
	at com.kms.katalon.core.main.ScriptEngine.runScriptAsRawText(ScriptEngine.java:119)
	at com.kms.katalon.core.main.TestCaseExecutor.runScript(TestCaseExecutor.java:337)
	at com.kms.katalon.core.main.TestCaseExecutor.doExecute(TestCaseExecutor.java:328)
	at com.kms.katalon.core.main.TestCaseExecutor.processExecutionPhase(TestCaseExecutor.java:307)
	at com.kms.katalon.core.main.TestCaseExecutor.accessMainPhase(TestCaseExecutor.java:299)
	at com.kms.katalon.core.main.TestCaseExecutor.execute(TestCaseExecutor.java:233)
	at com.kms.katalon.core.main.TestSuiteExecutor.accessTestCaseMainPhase(TestSuiteExecutor.java:169)
	at com.kms.katalon.core.main.TestSuiteExecutor.accessTestSuiteMainPhase(TestSuiteExecutor.java:142)
	at com.kms.katalon.core.main.TestSuiteExecutor.execute(TestSuiteExecutor.java:91)
	at com.kms.katalon.core.main.TestCaseMain.startTestSuite(TestCaseMain.java:157)
	at com.kms.katalon.core.main.TestCaseMain$startTestSuite$0.call(Unknown Source)
	at TempTestSuite1590576626088.run(TempTestSuite1590576626088.groovy:36)
Caused by: com.kms.katalon.core.webui.exception.WebElementNotFoundException: Web element with id: 'Object Repository/Rizka/Admin/Admin - Manage Test - Quiz - New Question/fieldJobFunction' located by 'By.xpath: //select[@id='widget-id4112']' not found
	at com.kms.katalon.core.webui.common.WebUiCommonHelper.findWebElement(WebUiCommonHelper.java:1154)
	at com.kms.katalon.core.webui.keyword.internal.WebUIAbstractKeyword.findWebElement(WebUIAbstractKeyword.groovy:27)
	at com.kms.katalon.core.webui.keyword.internal.WebUIAbstractKeyword.findWebElement(WebUIAbstractKeyword.groovy:26)
	at com.kms.katalon.core.webui.keyword.builtin.SelectOptionByLabelKeyword$_selectOptionByLabel_closure1.doCall(SelectOptionByLabelKeyword.groovy:86)
	at com.kms.katalon.core.webui.keyword.builtin.SelectOptionByLabelKeyword$_selectOptionByLabel_closure1.call(SelectOptionByLabelKeyword.groovy)
	at com.kms.katalon.core.webui.keyword.internal.WebUIKeywordMain.runKeyword(WebUIKeywordMain.groovy:20)
	... 19 more
"/>
         <system-out><![CDATA[2020-05-27 18:10:09 - [TEST_CASE][FAILED] - Test Cases/Rizka/Admin/Manage Test/Admin - Manage Test - Quiz - New Question: Test Cases/Rizka/Admin/Manage Test/Admin - Manage Test - Quiz - New Question FAILED.
Reason:
com.kms.katalon.core.exception.StepFailedException: Unable to select option by label 'SALES' of object 'Object Repository/Rizka/Admin/Admin - Manage Test - Quiz - New Question/fieldJobFunction' 
	at com.kms.katalon.core.webui.keyword.internal.WebUIKeywordMain.stepFailed(WebUIKeywordMain.groovy:64)
	at com.kms.katalon.core.webui.keyword.internal.WebUIKeywordMain.runKeyword(WebUIKeywordMain.groovy:26)
	at com.kms.katalon.core.webui.keyword.builtin.SelectOptionByLabelKeyword.selectOptionByLabel(SelectOptionByLabelKeyword.groovy:98)
	at com.kms.katalon.core.webui.keyword.builtin.SelectOptionByLabelKeyword.execute(SelectOptionByLabelKeyword.groovy:71)
	at com.kms.katalon.core.keyword.internal.KeywordExecutor.executeKeywordForPlatform(KeywordExecutor.groovy:72)
	at com.kms.katalon.core.webui.keyword.WebUiBuiltInKeywords.selectOptionByLabel(WebUiBuiltInKeywords.groovy:1200)
	at com.kms.katalon.core.webui.keyword.WebUiBuiltInKeywords$selectOptionByLabel$3.call(Unknown Source)
	at Admin - Manage Test - Quiz - New Question.run(Admin - Manage Test - Quiz - New Question:38)
	at com.kms.katalon.core.main.ScriptEngine.run(ScriptEngine.java:194)
	at com.kms.katalon.core.main.ScriptEngine.runScriptAsRawText(ScriptEngine.java:119)
	at com.kms.katalon.core.main.TestCaseExecutor.runScript(TestCaseExecutor.java:337)
	at com.kms.katalon.core.main.TestCaseExecutor.doExecute(TestCaseExecutor.java:328)
	at com.kms.katalon.core.main.TestCaseExecutor.processExecutionPhase(TestCaseExecutor.java:307)
	at com.kms.katalon.core.main.TestCaseExecutor.accessMainPhase(TestCaseExecutor.java:299)
	at com.kms.katalon.core.main.TestCaseExecutor.execute(TestCaseExecutor.java:233)
	at com.kms.katalon.core.main.TestSuiteExecutor.accessTestCaseMainPhase(TestSuiteExecutor.java:169)
	at com.kms.katalon.core.main.TestSuiteExecutor.accessTestSuiteMainPhase(TestSuiteExecutor.java:142)
	at com.kms.katalon.core.main.TestSuiteExecutor.execute(TestSuiteExecutor.java:91)
	at com.kms.katalon.core.main.TestCaseMain.startTestSuite(TestCaseMain.java:157)
	at com.kms.katalon.core.main.TestCaseMain$startTestSuite$0.call(Unknown Source)
	at TempTestSuite1590576626088.run(TempTestSuite1590576626088.groovy:36)
Caused by: com.kms.katalon.core.webui.exception.WebElementNotFoundException: Web element with id: 'Object Repository/Rizka/Admin/Admin - Manage Test - Quiz - New Question/fieldJobFunction' located by 'By.xpath: //select[@id='widget-id4112']' not found
	at com.kms.katalon.core.webui.common.WebUiCommonHelper.findWebElement(WebUiCommonHelper.java:1154)
	at com.kms.katalon.core.webui.keyword.internal.WebUIAbstractKeyword.findWebElement(WebUIAbstractKeyword.groovy:27)
	at com.kms.katalon.core.webui.keyword.internal.WebUIAbstractKeyword.findWebElement(WebUIAbstractKeyword.groovy:26)
	at com.kms.katalon.core.webui.keyword.builtin.SelectOptionByLabelKeyword$_selectOptionByLabel_closure1.doCall(SelectOptionByLabelKeyword.groovy:86)
	at com.kms.katalon.core.webui.keyword.builtin.SelectOptionByLabelKeyword$_selectOptionByLabel_closure1.call(SelectOptionByLabelKeyword.groovy)
	at com.kms.katalon.core.webui.keyword.internal.WebUIKeywordMain.runKeyword(WebUIKeywordMain.groovy:20)
	... 19 more


2020-05-27 18:10:09 - [TEST_STEP][PASSED] - callTestCase(findTestCase("Rizka/Admin/AdminMainLogin"), [:], STOP_ON_FAILURE): Call Test Case 'Test Cases/Rizka/Admin/AdminMainLogin' successfully

2020-05-27 18:10:09 - [TEST_CASE][PASSED] - Test Cases/Rizka/Admin/AdminMainLogin: Test Cases/Rizka/Admin/AdminMainLogin

2020-05-27 18:10:09 - [TEST_STEP][PASSED] - openBrowser("https://appsrv1.deltadatamandiri.com/ACC_LMS_WEB/#/admNLmn"): Browser is opened with url: 'https://appsrv1.deltadatamandiri.com/ACC_LMS_WEB/#/admNLmn'

2020-05-27 18:10:10 - [MESSAGE][WARNING] - A browser is already opened. Closing browser and opening a new one

2020-05-27 18:10:11 - [MESSAGE][INFO] - Starting 'Chrome' driver

2020-05-27 18:10:48 - [MESSAGE][PASSED] - Browser is opened with url: 'https://appsrv1.deltadatamandiri.com/ACC_LMS_WEB/#/admNLmn'

2020-05-27 18:10:48 - [TEST_STEP][PASSED] - maximizeWindow(): Current window maximized

2020-05-27 18:10:49 - [MESSAGE][PASSED] - Current window maximized

2020-05-27 18:10:49 - [TEST_STEP][PASSED] - delay(15): Delayed 15 second(s)

2020-05-27 18:11:04 - [MESSAGE][PASSED] - Delayed 15 second(s)

2020-05-27 18:11:04 - [TEST_STEP][PASSED] - click(findTestObject("Rizka/Admin/Admin - Login/btnLogin")): Object: 'Object Repository/Rizka/Admin/Admin - Login/btnLogin' is clicked on

2020-05-27 18:11:05 - [MESSAGE][PASSED] - Object: 'Object Repository/Rizka/Admin/Admin - Login/btnLogin' is clicked on

2020-05-27 18:11:05 - [TEST_STEP][PASSED] - setText(findTestObject("Rizka/Admin/Admin - Login/txtUsername"), "11666"): Text '11666' is set on object 'Object Repository/Rizka/Admin/Admin - Login/txtUsername'

2020-05-27 18:11:05 - [MESSAGE][PASSED] - Text '11666' is set on object 'Object Repository/Rizka/Admin/Admin - Login/txtUsername'

2020-05-27 18:11:05 - [TEST_STEP][PASSED] - setText(findTestObject("Rizka/Admin/Admin - Login/txtPassword"), "Password3"): Text 'Password3' is set on object 'Object Repository/Rizka/Admin/Admin - Login/txtPassword'

2020-05-27 18:11:06 - [MESSAGE][PASSED] - Text 'Password3' is set on object 'Object Repository/Rizka/Admin/Admin - Login/txtPassword'

2020-05-27 18:11:06 - [TEST_STEP][PASSED] - click(findTestObject("Rizka/Admin/Admin - Login/btnEyePass")): Object: 'Object Repository/Rizka/Admin/Admin - Login/btnEyePass' is clicked on

2020-05-27 18:11:06 - [MESSAGE][PASSED] - Object: 'Object Repository/Rizka/Admin/Admin - Login/btnEyePass' is clicked on

2020-05-27 18:11:06 - [TEST_STEP][PASSED] - click(findTestObject("Rizka/Admin/Admin - Login/checkboxRememberMe")): Object: 'Object Repository/Rizka/Admin/Admin - Login/checkboxRememberMe' is clicked on

2020-05-27 18:11:07 - [MESSAGE][PASSED] - Object: 'Object Repository/Rizka/Admin/Admin - Login/checkboxRememberMe' is clicked on

2020-05-27 18:11:07 - [TEST_STEP][PASSED] - click(findTestObject("Rizka/Admin/Admin - Login/btnLogin2")): Object: 'Object Repository/Rizka/Admin/Admin - Login/btnLogin2' is clicked on

2020-05-27 18:11:07 - [MESSAGE][PASSED] - Object: 'Object Repository/Rizka/Admin/Admin - Login/btnLogin2' is clicked on

2020-05-27 18:11:07 - [TEST_STEP][PASSED] - delay(15): Delayed 15 second(s)

2020-05-27 18:11:22 - [MESSAGE][PASSED] - Delayed 15 second(s)

2020-05-27 18:11:22 - [MESSAGE][PASSED] - Call Test Case 'Test Cases/Rizka/Admin/AdminMainLogin' successfully

2020-05-27 18:11:22 - [TEST_STEP][PASSED] - click(findTestObject("Rizka/Admin/Admin - Manage Test - Quiz - New Question/btnManageTest")): Object: 'Object Repository/Rizka/Admin/Admin - Manage Test - Quiz - New Question/btnManageTest' is clicked on

2020-05-27 18:11:23 - [MESSAGE][PASSED] - Object: 'Object Repository/Rizka/Admin/Admin - Manage Test - Quiz - New Question/btnManageTest' is clicked on

2020-05-27 18:11:23 - [TEST_STEP][PASSED] - delay(5): Delayed 5 second(s)

2020-05-27 18:11:28 - [MESSAGE][PASSED] - Delayed 5 second(s)

2020-05-27 18:11:28 - [TEST_STEP][PASSED] - click(findTestObject("Rizka/Admin/Admin - Manage Test - Quiz - New Question/btnQuiz")): Object: 'Object Repository/Rizka/Admin/Admin - Manage Test - Quiz - New Question/btnQuiz' is clicked on

2020-05-27 18:11:28 - [MESSAGE][PASSED] - Object: 'Object Repository/Rizka/Admin/Admin - Manage Test - Quiz - New Question/btnQuiz' is clicked on

2020-05-27 18:11:28 - [TEST_STEP][PASSED] - delay(5): Delayed 5 second(s)

2020-05-27 18:11:33 - [MESSAGE][PASSED] - Delayed 5 second(s)

2020-05-27 18:11:33 - [TEST_STEP][PASSED] - click(findTestObject("Rizka/Admin/Admin - Manage Test - Quiz - New Question/btnNewQuestion")): Object: 'Object Repository/Rizka/Admin/Admin - Manage Test - Quiz - New Question/btnNewQuestion' is clicked on

2020-05-27 18:11:35 - [MESSAGE][PASSED] - Object: 'Object Repository/Rizka/Admin/Admin - Manage Test - Quiz - New Question/btnNewQuestion' is clicked on

2020-05-27 18:11:35 - [TEST_STEP][PASSED] - delay(5): Delayed 5 second(s)

2020-05-27 18:11:40 - [MESSAGE][PASSED] - Delayed 5 second(s)

2020-05-27 18:11:40 - [TEST_STEP][PASSED] - if (tipeSoal != ""): All options with label 'Benar / Salah' are selected in object 'Object Repository/Rizka/Admin/Admin - Manage Test - Quiz - New Question/fieldTipeSoal' 

2020-05-27 18:11:40 - [TEST_STEP][PASSED] - selectOptionByLabel(findTestObject("Rizka/Admin/Admin - Manage Test - Quiz - New Question/fieldTipeSoal"), tipeSoal, false): All options with label 'Benar / Salah' are selected in object 'Object Repository/Rizka/Admin/Admin - Manage Test - Quiz - New Question/fieldTipeSoal' 

2020-05-27 18:11:45 - [MESSAGE][PASSED] - All options with label 'Benar / Salah' are selected in object 'Object Repository/Rizka/Admin/Admin - Manage Test - Quiz - New Question/fieldTipeSoal' 

2020-05-27 18:11:45 - [TEST_STEP][FAILED] - if (jobFunction != ""): Unable to select option by label 'SALES' of object 'Object Repository/Rizka/Admin/Admin - Manage Test - Quiz - New Question/fieldJobFunction'  (Root cause: com.kms.katalon.core.exception.StepFailedException: Unable to select option by label 'SALES' of object 'Object Repository/Rizka/Admin/Admin - Manage Test - Quiz - New Question/fieldJobFunction' 
	at com.kms.katalon.core.webui.keyword.internal.WebUIKeywordMain.stepFailed(WebUIKeywordMain.groovy:64)
	at com.kms.katalon.core.webui.keyword.internal.WebUIKeywordMain.runKeyword(WebUIKeywordMain.groovy:26)
	at com.kms.katalon.core.webui.keyword.builtin.SelectOptionByLabelKeyword.selectOptionByLabel(SelectOptionByLabelKeyword.groovy:98)
	at com.kms.katalon.core.webui.keyword.builtin.SelectOptionByLabelKeyword.execute(SelectOptionByLabelKeyword.groovy:71)
	at com.kms.katalon.core.keyword.internal.KeywordExecutor.executeKeywordForPlatform(KeywordExecutor.groovy:72)
	at com.kms.katalon.core.webui.keyword.WebUiBuiltInKeywords.selectOptionByLabel(WebUiBuiltInKeywords.groovy:1200)
	at com.kms.katalon.core.webui.keyword.WebUiBuiltInKeywords$selectOptionByLabel$3.call(Unknown Source)
	at Admin - Manage Test - Quiz - New Question.run(Admin - Manage Test - Quiz - New Question:38)
	at com.kms.katalon.core.main.ScriptEngine.run(ScriptEngine.java:194)
	at com.kms.katalon.core.main.ScriptEngine.runScriptAsRawText(ScriptEngine.java:119)
	at com.kms.katalon.core.main.TestCaseExecutor.runScript(TestCaseExecutor.java:337)
	at com.kms.katalon.core.main.TestCaseExecutor.doExecute(TestCaseExecutor.java:328)
	at com.kms.katalon.core.main.TestCaseExecutor.processExecutionPhase(TestCaseExecutor.java:307)
	at com.kms.katalon.core.main.TestCaseExecutor.accessMainPhase(TestCaseExecutor.java:299)
	at com.kms.katalon.core.main.TestCaseExecutor.execute(TestCaseExecutor.java:233)
	at com.kms.katalon.core.main.TestSuiteExecutor.accessTestCaseMainPhase(TestSuiteExecutor.java:169)
	at com.kms.katalon.core.main.TestSuiteExecutor.accessTestSuiteMainPhase(TestSuiteExecutor.java:142)
	at com.kms.katalon.core.main.TestSuiteExecutor.execute(TestSuiteExecutor.java:91)
	at com.kms.katalon.core.main.TestCaseMain.startTestSuite(TestCaseMain.java:157)
	at com.kms.katalon.core.main.TestCaseMain$startTestSuite$0.call(Unknown Source)
	at TempTestSuite1590576626088.run(TempTestSuite1590576626088.groovy:36)
Caused by: com.kms.katalon.core.webui.exception.WebElementNotFoundException: Web element with id: 'Object Repository/Rizka/Admin/Admin - Manage Test - Quiz - New Question/fieldJobFunction' located by 'By.xpath: //select[@id='widget-id4112']' not found
	at com.kms.katalon.core.webui.common.WebUiCommonHelper.findWebElement(WebUiCommonHelper.java:1154)
	at com.kms.katalon.core.webui.keyword.internal.WebUIAbstractKeyword.findWebElement(WebUIAbstractKeyword.groovy:27)
	at com.kms.katalon.core.webui.keyword.internal.WebUIAbstractKeyword.findWebElement(WebUIAbstractKeyword.groovy:26)
	at com.kms.katalon.core.webui.keyword.builtin.SelectOptionByLabelKeyword$_selectOptionByLabel_closure1.doCall(SelectOptionByLabelKeyword.groovy:86)
	at com.kms.katalon.core.webui.keyword.builtin.SelectOptionByLabelKeyword$_selectOptionByLabel_closure1.call(SelectOptionByLabelKeyword.groovy)
	at com.kms.katalon.core.webui.keyword.internal.WebUIKeywordMain.runKeyword(WebUIKeywordMain.groovy:20)
	at com.kms.katalon.core.webui.keyword.builtin.SelectOptionByLabelKeyword.selectOptionByLabel(SelectOptionByLabelKeyword.groovy:98)
	at com.kms.katalon.core.webui.keyword.builtin.SelectOptionByLabelKeyword.execute(SelectOptionByLabelKeyword.groovy:71)
	at com.kms.katalon.core.keyword.internal.KeywordExecutor.executeKeywordForPlatform(KeywordExecutor.groovy:72)
	at com.kms.katalon.core.webui.keyword.WebUiBuiltInKeywords.selectOptionByLabel(WebUiBuiltInKeywords.groovy:1200)
	at com.kms.katalon.core.webui.keyword.WebUiBuiltInKeywords$selectOptionByLabel$3.call(Unknown Source)
	at Script1590439026622.run(Script1590439026622.groovy:38)
	... 13 more
)

2020-05-27 18:11:45 - [TEST_STEP][FAILED] - selectOptionByLabel(findTestObject("Rizka/Admin/Admin - Manage Test - Quiz - New Question/fieldJobFunction"), jobFunction, false): Unable to select option by label 'SALES' of object 'Object Repository/Rizka/Admin/Admin - Manage Test - Quiz - New Question/fieldJobFunction'  (Root cause: com.kms.katalon.core.exception.StepFailedException: Unable to select option by label 'SALES' of object 'Object Repository/Rizka/Admin/Admin - Manage Test - Quiz - New Question/fieldJobFunction' 
	at com.kms.katalon.core.webui.keyword.internal.WebUIKeywordMain.stepFailed(WebUIKeywordMain.groovy:64)
	at com.kms.katalon.core.webui.keyword.internal.WebUIKeywordMain.runKeyword(WebUIKeywordMain.groovy:26)
	at com.kms.katalon.core.webui.keyword.builtin.SelectOptionByLabelKeyword.selectOptionByLabel(SelectOptionByLabelKeyword.groovy:98)
	at com.kms.katalon.core.webui.keyword.builtin.SelectOptionByLabelKeyword.execute(SelectOptionByLabelKeyword.groovy:71)
	at com.kms.katalon.core.keyword.internal.KeywordExecutor.executeKeywordForPlatform(KeywordExecutor.groovy:72)
	at com.kms.katalon.core.webui.keyword.WebUiBuiltInKeywords.selectOptionByLabel(WebUiBuiltInKeywords.groovy:1200)
	at com.kms.katalon.core.webui.keyword.WebUiBuiltInKeywords$selectOptionByLabel$3.call(Unknown Source)
	at Admin - Manage Test - Quiz - New Question.run(Admin - Manage Test - Quiz - New Question:38)
	at com.kms.katalon.core.main.ScriptEngine.run(ScriptEngine.java:194)
	at com.kms.katalon.core.main.ScriptEngine.runScriptAsRawText(ScriptEngine.java:119)
	at com.kms.katalon.core.main.TestCaseExecutor.runScript(TestCaseExecutor.java:337)
	at com.kms.katalon.core.main.TestCaseExecutor.doExecute(TestCaseExecutor.java:328)
	at com.kms.katalon.core.main.TestCaseExecutor.processExecutionPhase(TestCaseExecutor.java:307)
	at com.kms.katalon.core.main.TestCaseExecutor.accessMainPhase(TestCaseExecutor.java:299)
	at com.kms.katalon.core.main.TestCaseExecutor.execute(TestCaseExecutor.java:233)
	at com.kms.katalon.core.main.TestSuiteExecutor.accessTestCaseMainPhase(TestSuiteExecutor.java:169)
	at com.kms.katalon.core.main.TestSuiteExecutor.accessTestSuiteMainPhase(TestSuiteExecutor.java:142)
	at com.kms.katalon.core.main.TestSuiteExecutor.execute(TestSuiteExecutor.java:91)
	at com.kms.katalon.core.main.TestCaseMain.startTestSuite(TestCaseMain.java:157)
	at com.kms.katalon.core.main.TestCaseMain$startTestSuite$0.call(Unknown Source)
	at TempTestSuite1590576626088.run(TempTestSuite1590576626088.groovy:36)
Caused by: com.kms.katalon.core.webui.exception.WebElementNotFoundException: Web element with id: 'Object Repository/Rizka/Admin/Admin - Manage Test - Quiz - New Question/fieldJobFunction' located by 'By.xpath: //select[@id='widget-id4112']' not found
	at com.kms.katalon.core.webui.common.WebUiCommonHelper.findWebElement(WebUiCommonHelper.java:1154)
	at com.kms.katalon.core.webui.keyword.internal.WebUIAbstractKeyword.findWebElement(WebUIAbstractKeyword.groovy:27)
	at com.kms.katalon.core.webui.keyword.internal.WebUIAbstractKeyword.findWebElement(WebUIAbstractKeyword.groovy:26)
	at com.kms.katalon.core.webui.keyword.builtin.SelectOptionByLabelKeyword$_selectOptionByLabel_closure1.doCall(SelectOptionByLabelKeyword.groovy:86)
	at com.kms.katalon.core.webui.keyword.builtin.SelectOptionByLabelKeyword$_selectOptionByLabel_closure1.call(SelectOptionByLabelKeyword.groovy)
	at com.kms.katalon.core.webui.keyword.internal.WebUIKeywordMain.runKeyword(WebUIKeywordMain.groovy:20)
	at com.kms.katalon.core.webui.keyword.builtin.SelectOptionByLabelKeyword.selectOptionByLabel(SelectOptionByLabelKeyword.groovy:98)
	at com.kms.katalon.core.webui.keyword.builtin.SelectOptionByLabelKeyword.execute(SelectOptionByLabelKeyword.groovy:71)
	at com.kms.katalon.core.keyword.internal.KeywordExecutor.executeKeywordForPlatform(KeywordExecutor.groovy:72)
	at com.kms.katalon.core.webui.keyword.WebUiBuiltInKeywords.selectOptionByLabel(WebUiBuiltInKeywords.groovy:1200)
	at com.kms.katalon.core.webui.keyword.WebUiBuiltInKeywords$selectOptionByLabel$3.call(Unknown Source)
	at Script1590439026622.run(Script1590439026622.groovy:38)
	... 13 more
)

2020-05-27 18:12:28 - [MESSAGE][INFO] - Unable to find the element located by 'By.xpath: //select[@id='widget-id4112']'. Please recheck the objects properties to make sure the desired element is located. 

2020-05-27 18:12:28 - [MESSAGE][FAILED] - Unable to select option by label 'SALES' of object 'Object Repository/Rizka/Admin/Admin - Manage Test - Quiz - New Question/fieldJobFunction'  (Root cause: com.kms.katalon.core.exception.StepFailedException: Unable to select option by label 'SALES' of object 'Object Repository/Rizka/Admin/Admin - Manage Test - Quiz - New Question/fieldJobFunction' 
	at com.kms.katalon.core.webui.keyword.internal.WebUIKeywordMain.stepFailed(WebUIKeywordMain.groovy:64)
	at com.kms.katalon.core.webui.keyword.internal.WebUIKeywordMain.runKeyword(WebUIKeywordMain.groovy:26)
	at com.kms.katalon.core.webui.keyword.builtin.SelectOptionByLabelKeyword.selectOptionByLabel(SelectOptionByLabelKeyword.groovy:98)
	at com.kms.katalon.core.webui.keyword.builtin.SelectOptionByLabelKeyword.execute(SelectOptionByLabelKeyword.groovy:71)
	at com.kms.katalon.core.keyword.internal.KeywordExecutor.executeKeywordForPlatform(KeywordExecutor.groovy:72)
	at com.kms.katalon.core.webui.keyword.WebUiBuiltInKeywords.selectOptionByLabel(WebUiBuiltInKeywords.groovy:1200)
	at com.kms.katalon.core.webui.keyword.WebUiBuiltInKeywords$selectOptionByLabel$3.call(Unknown Source)
	at Admin - Manage Test - Quiz - New Question.run(Admin - Manage Test - Quiz - New Question:38)
	at com.kms.katalon.core.main.ScriptEngine.run(ScriptEngine.java:194)
	at com.kms.katalon.core.main.ScriptEngine.runScriptAsRawText(ScriptEngine.java:119)
	at com.kms.katalon.core.main.TestCaseExecutor.runScript(TestCaseExecutor.java:337)
	at com.kms.katalon.core.main.TestCaseExecutor.doExecute(TestCaseExecutor.java:328)
	at com.kms.katalon.core.main.TestCaseExecutor.processExecutionPhase(TestCaseExecutor.java:307)
	at com.kms.katalon.core.main.TestCaseExecutor.accessMainPhase(TestCaseExecutor.java:299)
	at com.kms.katalon.core.main.TestCaseExecutor.execute(TestCaseExecutor.java:233)
	at com.kms.katalon.core.main.TestSuiteExecutor.accessTestCaseMainPhase(TestSuiteExecutor.java:169)
	at com.kms.katalon.core.main.TestSuiteExecutor.accessTestSuiteMainPhase(TestSuiteExecutor.java:142)
	at com.kms.katalon.core.main.TestSuiteExecutor.execute(TestSuiteExecutor.java:91)
	at com.kms.katalon.core.main.TestCaseMain.startTestSuite(TestCaseMain.java:157)
	at com.kms.katalon.core.main.TestCaseMain$startTestSuite$0.call(Unknown Source)
	at TempTestSuite1590576626088.run(TempTestSuite1590576626088.groovy:36)
Caused by: com.kms.katalon.core.webui.exception.WebElementNotFoundException: Web element with id: 'Object Repository/Rizka/Admin/Admin - Manage Test - Quiz - New Question/fieldJobFunction' located by 'By.xpath: //select[@id='widget-id4112']' not found
	at com.kms.katalon.core.webui.common.WebUiCommonHelper.findWebElement(WebUiCommonHelper.java:1154)
	at com.kms.katalon.core.webui.keyword.internal.WebUIAbstractKeyword.findWebElement(WebUIAbstractKeyword.groovy:27)
	at com.kms.katalon.core.webui.keyword.internal.WebUIAbstractKeyword.findWebElement(WebUIAbstractKeyword.groovy:26)
	at com.kms.katalon.core.webui.keyword.builtin.SelectOptionByLabelKeyword$_selectOptionByLabel_closure1.doCall(SelectOptionByLabelKeyword.groovy:86)
	at com.kms.katalon.core.webui.keyword.builtin.SelectOptionByLabelKeyword$_selectOptionByLabel_closure1.call(SelectOptionByLabelKeyword.groovy)
	at com.kms.katalon.core.webui.keyword.internal.WebUIKeywordMain.runKeyword(WebUIKeywordMain.groovy:20)
	at com.kms.katalon.core.webui.keyword.builtin.SelectOptionByLabelKeyword.selectOptionByLabel(SelectOptionByLabelKeyword.groovy:98)
	at com.kms.katalon.core.webui.keyword.builtin.SelectOptionByLabelKeyword.execute(SelectOptionByLabelKeyword.groovy:71)
	at com.kms.katalon.core.keyword.internal.KeywordExecutor.executeKeywordForPlatform(KeywordExecutor.groovy:72)
	at com.kms.katalon.core.webui.keyword.WebUiBuiltInKeywords.selectOptionByLabel(WebUiBuiltInKeywords.groovy:1200)
	at com.kms.katalon.core.webui.keyword.WebUiBuiltInKeywords$selectOptionByLabel$3.call(Unknown Source)
	at Script1590439026622.run(Script1590439026622.groovy:38)
	... 13 more
)
[[ATTACHMENT|D:\\MY WORLD\\WORKS (TUGAS)\\LearningManagementWeb\\Reports\\20200527_175026\\Rizka\\Admin\\Admin - Manage Test - Quiz\\20200527_175026\\1590577948076.png]]]]></system-out>
         <system-err><![CDATA[2020-05-27 18:10:09 - [TEST_CASE][FAILED] - Test Cases/Rizka/Admin/Manage Test/Admin - Manage Test - Quiz - New Question: Test Cases/Rizka/Admin/Manage Test/Admin - Manage Test - Quiz - New Question FAILED.
Reason:
com.kms.katalon.core.exception.StepFailedException: Unable to select option by label 'SALES' of object 'Object Repository/Rizka/Admin/Admin - Manage Test - Quiz - New Question/fieldJobFunction' 
	at com.kms.katalon.core.webui.keyword.internal.WebUIKeywordMain.stepFailed(WebUIKeywordMain.groovy:64)
	at com.kms.katalon.core.webui.keyword.internal.WebUIKeywordMain.runKeyword(WebUIKeywordMain.groovy:26)
	at com.kms.katalon.core.webui.keyword.builtin.SelectOptionByLabelKeyword.selectOptionByLabel(SelectOptionByLabelKeyword.groovy:98)
	at com.kms.katalon.core.webui.keyword.builtin.SelectOptionByLabelKeyword.execute(SelectOptionByLabelKeyword.groovy:71)
	at com.kms.katalon.core.keyword.internal.KeywordExecutor.executeKeywordForPlatform(KeywordExecutor.groovy:72)
	at com.kms.katalon.core.webui.keyword.WebUiBuiltInKeywords.selectOptionByLabel(WebUiBuiltInKeywords.groovy:1200)
	at com.kms.katalon.core.webui.keyword.WebUiBuiltInKeywords$selectOptionByLabel$3.call(Unknown Source)
	at Admin - Manage Test - Quiz - New Question.run(Admin - Manage Test - Quiz - New Question:38)
	at com.kms.katalon.core.main.ScriptEngine.run(ScriptEngine.java:194)
	at com.kms.katalon.core.main.ScriptEngine.runScriptAsRawText(ScriptEngine.java:119)
	at com.kms.katalon.core.main.TestCaseExecutor.runScript(TestCaseExecutor.java:337)
	at com.kms.katalon.core.main.TestCaseExecutor.doExecute(TestCaseExecutor.java:328)
	at com.kms.katalon.core.main.TestCaseExecutor.processExecutionPhase(TestCaseExecutor.java:307)
	at com.kms.katalon.core.main.TestCaseExecutor.accessMainPhase(TestCaseExecutor.java:299)
	at com.kms.katalon.core.main.TestCaseExecutor.execute(TestCaseExecutor.java:233)
	at com.kms.katalon.core.main.TestSuiteExecutor.accessTestCaseMainPhase(TestSuiteExecutor.java:169)
	at com.kms.katalon.core.main.TestSuiteExecutor.accessTestSuiteMainPhase(TestSuiteExecutor.java:142)
	at com.kms.katalon.core.main.TestSuiteExecutor.execute(TestSuiteExecutor.java:91)
	at com.kms.katalon.core.main.TestCaseMain.startTestSuite(TestCaseMain.java:157)
	at com.kms.katalon.core.main.TestCaseMain$startTestSuite$0.call(Unknown Source)
	at TempTestSuite1590576626088.run(TempTestSuite1590576626088.groovy:36)
Caused by: com.kms.katalon.core.webui.exception.WebElementNotFoundException: Web element with id: 'Object Repository/Rizka/Admin/Admin - Manage Test - Quiz - New Question/fieldJobFunction' located by 'By.xpath: //select[@id='widget-id4112']' not found
	at com.kms.katalon.core.webui.common.WebUiCommonHelper.findWebElement(WebUiCommonHelper.java:1154)
	at com.kms.katalon.core.webui.keyword.internal.WebUIAbstractKeyword.findWebElement(WebUIAbstractKeyword.groovy:27)
	at com.kms.katalon.core.webui.keyword.internal.WebUIAbstractKeyword.findWebElement(WebUIAbstractKeyword.groovy:26)
	at com.kms.katalon.core.webui.keyword.builtin.SelectOptionByLabelKeyword$_selectOptionByLabel_closure1.doCall(SelectOptionByLabelKeyword.groovy:86)
	at com.kms.katalon.core.webui.keyword.builtin.SelectOptionByLabelKeyword$_selectOptionByLabel_closure1.call(SelectOptionByLabelKeyword.groovy)
	at com.kms.katalon.core.webui.keyword.internal.WebUIKeywordMain.runKeyword(WebUIKeywordMain.groovy:20)
	... 19 more]]></system-err>
      </testcase>
      <testcase name="Test Cases/Rizka/Admin/Manage Test/Admin - Manage Test - Quiz - New Question" time="115.115" classname="Test Cases/Rizka/Admin/Manage Test/Admin - Manage Test - Quiz - New Question" status="FAILED">
         <failure type="FAILED" message="Test Cases/Rizka/Admin/Manage Test/Admin - Manage Test - Quiz - New Question FAILED.
Reason:
com.kms.katalon.core.exception.StepFailedException: Unable to verify object 'Object Repository/Rizka/Admin/Admin - Manage Test - Quiz - New Question/btnSubmit' to be NOT clickable
	at com.kms.katalon.core.webui.keyword.internal.WebUIKeywordMain.stepFailed(WebUIKeywordMain.groovy:64)
	at com.kms.katalon.core.webui.keyword.internal.WebUIKeywordMain.runKeyword(WebUIKeywordMain.groovy:26)
	at com.kms.katalon.core.webui.keyword.builtin.VerifyElementNotClickableKeyword.verifyElementNotClickable(VerifyElementNotClickableKeyword.groovy:96)
	at com.kms.katalon.core.webui.keyword.builtin.VerifyElementNotClickableKeyword.execute(VerifyElementNotClickableKeyword.groovy:67)
	at com.kms.katalon.core.keyword.internal.KeywordExecutor.executeKeywordForPlatform(KeywordExecutor.groovy:72)
	at com.kms.katalon.core.webui.keyword.WebUiBuiltInKeywords.verifyElementNotClickable(WebUiBuiltInKeywords.groovy:591)
	at com.kms.katalon.core.webui.keyword.WebUiBuiltInKeywords$verifyElementNotClickable$6.call(Unknown Source)
	at Admin - Manage Test - Quiz - New Question.run(Admin - Manage Test - Quiz - New Question:107)
	at com.kms.katalon.core.main.ScriptEngine.run(ScriptEngine.java:194)
	at com.kms.katalon.core.main.ScriptEngine.runScriptAsRawText(ScriptEngine.java:119)
	at com.kms.katalon.core.main.TestCaseExecutor.runScript(TestCaseExecutor.java:337)
	at com.kms.katalon.core.main.TestCaseExecutor.doExecute(TestCaseExecutor.java:328)
	at com.kms.katalon.core.main.TestCaseExecutor.processExecutionPhase(TestCaseExecutor.java:307)
	at com.kms.katalon.core.main.TestCaseExecutor.accessMainPhase(TestCaseExecutor.java:299)
	at com.kms.katalon.core.main.TestCaseExecutor.execute(TestCaseExecutor.java:233)
	at com.kms.katalon.core.main.TestSuiteExecutor.accessTestCaseMainPhase(TestSuiteExecutor.java:169)
	at com.kms.katalon.core.main.TestSuiteExecutor.accessTestSuiteMainPhase(TestSuiteExecutor.java:142)
	at com.kms.katalon.core.main.TestSuiteExecutor.execute(TestSuiteExecutor.java:91)
	at com.kms.katalon.core.main.TestCaseMain.startTestSuite(TestCaseMain.java:157)
	at com.kms.katalon.core.main.TestCaseMain$startTestSuite$0.call(Unknown Source)
	at TempTestSuite1590576626088.run(TempTestSuite1590576626088.groovy:36)
Caused by: com.kms.katalon.core.exception.StepFailedException: Object 'Object Repository/Rizka/Admin/Admin - Manage Test - Quiz - New Question/btnSubmit' is clickable
	at com.kms.katalon.core.webui.keyword.internal.WebUIKeywordMain.stepFailed(WebUIKeywordMain.groovy:64)
	at com.kms.katalon.core.webui.keyword.builtin.VerifyElementNotClickableKeyword$_verifyElementNotClickable_closure1.doCall(VerifyElementNotClickableKeyword.groovy:80)
	at com.kms.katalon.core.webui.keyword.builtin.VerifyElementNotClickableKeyword$_verifyElementNotClickable_closure1.call(VerifyElementNotClickableKeyword.groovy)
	at com.kms.katalon.core.webui.keyword.internal.WebUIKeywordMain.runKeyword(WebUIKeywordMain.groovy:20)
	... 19 more
"/>
         <system-out><![CDATA[2020-05-27 18:12:28 - [TEST_CASE][FAILED] - Test Cases/Rizka/Admin/Manage Test/Admin - Manage Test - Quiz - New Question: Test Cases/Rizka/Admin/Manage Test/Admin - Manage Test - Quiz - New Question FAILED.
Reason:
com.kms.katalon.core.exception.StepFailedException: Unable to verify object 'Object Repository/Rizka/Admin/Admin - Manage Test - Quiz - New Question/btnSubmit' to be NOT clickable
	at com.kms.katalon.core.webui.keyword.internal.WebUIKeywordMain.stepFailed(WebUIKeywordMain.groovy:64)
	at com.kms.katalon.core.webui.keyword.internal.WebUIKeywordMain.runKeyword(WebUIKeywordMain.groovy:26)
	at com.kms.katalon.core.webui.keyword.builtin.VerifyElementNotClickableKeyword.verifyElementNotClickable(VerifyElementNotClickableKeyword.groovy:96)
	at com.kms.katalon.core.webui.keyword.builtin.VerifyElementNotClickableKeyword.execute(VerifyElementNotClickableKeyword.groovy:67)
	at com.kms.katalon.core.keyword.internal.KeywordExecutor.executeKeywordForPlatform(KeywordExecutor.groovy:72)
	at com.kms.katalon.core.webui.keyword.WebUiBuiltInKeywords.verifyElementNotClickable(WebUiBuiltInKeywords.groovy:591)
	at com.kms.katalon.core.webui.keyword.WebUiBuiltInKeywords$verifyElementNotClickable$6.call(Unknown Source)
	at Admin - Manage Test - Quiz - New Question.run(Admin - Manage Test - Quiz - New Question:107)
	at com.kms.katalon.core.main.ScriptEngine.run(ScriptEngine.java:194)
	at com.kms.katalon.core.main.ScriptEngine.runScriptAsRawText(ScriptEngine.java:119)
	at com.kms.katalon.core.main.TestCaseExecutor.runScript(TestCaseExecutor.java:337)
	at com.kms.katalon.core.main.TestCaseExecutor.doExecute(TestCaseExecutor.java:328)
	at com.kms.katalon.core.main.TestCaseExecutor.processExecutionPhase(TestCaseExecutor.java:307)
	at com.kms.katalon.core.main.TestCaseExecutor.accessMainPhase(TestCaseExecutor.java:299)
	at com.kms.katalon.core.main.TestCaseExecutor.execute(TestCaseExecutor.java:233)
	at com.kms.katalon.core.main.TestSuiteExecutor.accessTestCaseMainPhase(TestSuiteExecutor.java:169)
	at com.kms.katalon.core.main.TestSuiteExecutor.accessTestSuiteMainPhase(TestSuiteExecutor.java:142)
	at com.kms.katalon.core.main.TestSuiteExecutor.execute(TestSuiteExecutor.java:91)
	at com.kms.katalon.core.main.TestCaseMain.startTestSuite(TestCaseMain.java:157)
	at com.kms.katalon.core.main.TestCaseMain$startTestSuite$0.call(Unknown Source)
	at TempTestSuite1590576626088.run(TempTestSuite1590576626088.groovy:36)
Caused by: com.kms.katalon.core.exception.StepFailedException: Object 'Object Repository/Rizka/Admin/Admin - Manage Test - Quiz - New Question/btnSubmit' is clickable
	at com.kms.katalon.core.webui.keyword.internal.WebUIKeywordMain.stepFailed(WebUIKeywordMain.groovy:64)
	at com.kms.katalon.core.webui.keyword.builtin.VerifyElementNotClickableKeyword$_verifyElementNotClickable_closure1.doCall(VerifyElementNotClickableKeyword.groovy:80)
	at com.kms.katalon.core.webui.keyword.builtin.VerifyElementNotClickableKeyword$_verifyElementNotClickable_closure1.call(VerifyElementNotClickableKeyword.groovy)
	at com.kms.katalon.core.webui.keyword.internal.WebUIKeywordMain.runKeyword(WebUIKeywordMain.groovy:20)
	... 19 more


2020-05-27 18:12:28 - [TEST_STEP][PASSED] - callTestCase(findTestCase("Rizka/Admin/AdminMainLogin"), [:], STOP_ON_FAILURE): Call Test Case 'Test Cases/Rizka/Admin/AdminMainLogin' successfully

2020-05-27 18:12:28 - [TEST_CASE][PASSED] - Test Cases/Rizka/Admin/AdminMainLogin: Test Cases/Rizka/Admin/AdminMainLogin

2020-05-27 18:12:28 - [TEST_STEP][PASSED] - openBrowser("https://appsrv1.deltadatamandiri.com/ACC_LMS_WEB/#/admNLmn"): Browser is opened with url: 'https://appsrv1.deltadatamandiri.com/ACC_LMS_WEB/#/admNLmn'

2020-05-27 18:12:28 - [MESSAGE][WARNING] - A browser is already opened. Closing browser and opening a new one

2020-05-27 18:12:29 - [MESSAGE][INFO] - Starting 'Chrome' driver

2020-05-27 18:12:55 - [MESSAGE][PASSED] - Browser is opened with url: 'https://appsrv1.deltadatamandiri.com/ACC_LMS_WEB/#/admNLmn'

2020-05-27 18:12:55 - [TEST_STEP][PASSED] - maximizeWindow(): Current window maximized

2020-05-27 18:12:56 - [MESSAGE][PASSED] - Current window maximized

2020-05-27 18:12:56 - [TEST_STEP][PASSED] - delay(15): Delayed 15 second(s)

2020-05-27 18:13:11 - [MESSAGE][PASSED] - Delayed 15 second(s)

2020-05-27 18:13:11 - [TEST_STEP][PASSED] - click(findTestObject("Rizka/Admin/Admin - Login/btnLogin")): Object: 'Object Repository/Rizka/Admin/Admin - Login/btnLogin' is clicked on

2020-05-27 18:13:12 - [MESSAGE][PASSED] - Object: 'Object Repository/Rizka/Admin/Admin - Login/btnLogin' is clicked on

2020-05-27 18:13:12 - [TEST_STEP][PASSED] - setText(findTestObject("Rizka/Admin/Admin - Login/txtUsername"), "11666"): Text '11666' is set on object 'Object Repository/Rizka/Admin/Admin - Login/txtUsername'

2020-05-27 18:13:13 - [MESSAGE][PASSED] - Text '11666' is set on object 'Object Repository/Rizka/Admin/Admin - Login/txtUsername'

2020-05-27 18:13:13 - [TEST_STEP][PASSED] - setText(findTestObject("Rizka/Admin/Admin - Login/txtPassword"), "Password3"): Text 'Password3' is set on object 'Object Repository/Rizka/Admin/Admin - Login/txtPassword'

2020-05-27 18:13:13 - [MESSAGE][PASSED] - Text 'Password3' is set on object 'Object Repository/Rizka/Admin/Admin - Login/txtPassword'

2020-05-27 18:13:13 - [TEST_STEP][PASSED] - click(findTestObject("Rizka/Admin/Admin - Login/btnEyePass")): Object: 'Object Repository/Rizka/Admin/Admin - Login/btnEyePass' is clicked on

2020-05-27 18:13:14 - [MESSAGE][PASSED] - Object: 'Object Repository/Rizka/Admin/Admin - Login/btnEyePass' is clicked on

2020-05-27 18:13:14 - [TEST_STEP][PASSED] - click(findTestObject("Rizka/Admin/Admin - Login/checkboxRememberMe")): Object: 'Object Repository/Rizka/Admin/Admin - Login/checkboxRememberMe' is clicked on

2020-05-27 18:13:14 - [MESSAGE][PASSED] - Object: 'Object Repository/Rizka/Admin/Admin - Login/checkboxRememberMe' is clicked on

2020-05-27 18:13:14 - [TEST_STEP][PASSED] - click(findTestObject("Rizka/Admin/Admin - Login/btnLogin2")): Object: 'Object Repository/Rizka/Admin/Admin - Login/btnLogin2' is clicked on

2020-05-27 18:13:15 - [MESSAGE][PASSED] - Object: 'Object Repository/Rizka/Admin/Admin - Login/btnLogin2' is clicked on

2020-05-27 18:13:15 - [TEST_STEP][PASSED] - delay(15): Delayed 15 second(s)

2020-05-27 18:13:30 - [MESSAGE][PASSED] - Delayed 15 second(s)

2020-05-27 18:13:30 - [MESSAGE][PASSED] - Call Test Case 'Test Cases/Rizka/Admin/AdminMainLogin' successfully

2020-05-27 18:13:30 - [TEST_STEP][PASSED] - click(findTestObject("Rizka/Admin/Admin - Manage Test - Quiz - New Question/btnManageTest")): Object: 'Object Repository/Rizka/Admin/Admin - Manage Test - Quiz - New Question/btnManageTest' is clicked on

2020-05-27 18:13:30 - [MESSAGE][PASSED] - Object: 'Object Repository/Rizka/Admin/Admin - Manage Test - Quiz - New Question/btnManageTest' is clicked on

2020-05-27 18:13:30 - [TEST_STEP][PASSED] - delay(5): Delayed 5 second(s)

2020-05-27 18:13:35 - [MESSAGE][PASSED] - Delayed 5 second(s)

2020-05-27 18:13:35 - [TEST_STEP][PASSED] - click(findTestObject("Rizka/Admin/Admin - Manage Test - Quiz - New Question/btnQuiz")): Object: 'Object Repository/Rizka/Admin/Admin - Manage Test - Quiz - New Question/btnQuiz' is clicked on

2020-05-27 18:13:36 - [MESSAGE][PASSED] - Object: 'Object Repository/Rizka/Admin/Admin - Manage Test - Quiz - New Question/btnQuiz' is clicked on

2020-05-27 18:13:36 - [TEST_STEP][PASSED] - delay(5): Delayed 5 second(s)

2020-05-27 18:13:41 - [MESSAGE][PASSED] - Delayed 5 second(s)

2020-05-27 18:13:41 - [TEST_STEP][PASSED] - click(findTestObject("Rizka/Admin/Admin - Manage Test - Quiz - New Question/btnNewQuestion")): Object: 'Object Repository/Rizka/Admin/Admin - Manage Test - Quiz - New Question/btnNewQuestion' is clicked on

2020-05-27 18:14:02 - [MESSAGE][PASSED] - Object: 'Object Repository/Rizka/Admin/Admin - Manage Test - Quiz - New Question/btnNewQuestion' is clicked on

2020-05-27 18:14:02 - [TEST_STEP][PASSED] - delay(5): Delayed 5 second(s)

2020-05-27 18:14:07 - [MESSAGE][PASSED] - Delayed 5 second(s)

2020-05-27 18:14:07 - [TEST_STEP][PASSED] - if (tipeSoal != ""): All options with label 'Benar / Salah' are selected in object 'Object Repository/Rizka/Admin/Admin - Manage Test - Quiz - New Question/fieldTipeSoal' 

2020-05-27 18:14:07 - [TEST_STEP][PASSED] - selectOptionByLabel(findTestObject("Rizka/Admin/Admin - Manage Test - Quiz - New Question/fieldTipeSoal"), tipeSoal, false): All options with label 'Benar / Salah' are selected in object 'Object Repository/Rizka/Admin/Admin - Manage Test - Quiz - New Question/fieldTipeSoal' 

2020-05-27 18:14:11 - [MESSAGE][PASSED] - All options with label 'Benar / Salah' are selected in object 'Object Repository/Rizka/Admin/Admin - Manage Test - Quiz - New Question/fieldTipeSoal' 

2020-05-27 18:14:11 - [TEST_STEP][PASSED] - if (jobFunction != ""): null

2020-05-27 18:14:11 - [TEST_STEP][PASSED] - delay(3): Delayed 3 second(s)

2020-05-27 18:14:14 - [MESSAGE][PASSED] - Delayed 3 second(s)

2020-05-27 18:14:14 - [TEST_STEP][PASSED] - if (jobPosition != ""): null

2020-05-27 18:14:14 - [TEST_STEP][PASSED] - if (module != ""): null

2020-05-27 18:14:14 - [TEST_STEP][PASSED] - if (subModule != ""): null

2020-05-27 18:14:14 - [TEST_STEP][PASSED] - if (technicalCompetence != ""): Text 'Coba ya' is set on object 'Object Repository/Rizka/Admin/Admin - Manage Test - Quiz - New Question/fieldTechnicalCompetence'

2020-05-27 18:14:14 - [TEST_STEP][PASSED] - setText(findTestObject("Rizka/Admin/Admin - Manage Test - Quiz - New Question/fieldTechnicalCompetence"), technicalCompetence, STOP_ON_FAILURE): Text 'Coba ya' is set on object 'Object Repository/Rizka/Admin/Admin - Manage Test - Quiz - New Question/fieldTechnicalCompetence'

2020-05-27 18:14:18 - [MESSAGE][PASSED] - Text 'Coba ya' is set on object 'Object Repository/Rizka/Admin/Admin - Manage Test - Quiz - New Question/fieldTechnicalCompetence'

2020-05-27 18:14:18 - [TEST_STEP][PASSED] - if (levelCompetence != ""): Text '12' is set on object 'Object Repository/Rizka/Admin/Admin - Manage Test - Quiz - New Question/fieldLevelCompetence'

2020-05-27 18:14:18 - [TEST_STEP][PASSED] - setText(findTestObject("Rizka/Admin/Admin - Manage Test - Quiz - New Question/fieldLevelCompetence"), levelCompetence, STOP_ON_FAILURE): Text '12' is set on object 'Object Repository/Rizka/Admin/Admin - Manage Test - Quiz - New Question/fieldLevelCompetence'

2020-05-27 18:14:19 - [MESSAGE][PASSED] - Text '12' is set on object 'Object Repository/Rizka/Admin/Admin - Manage Test - Quiz - New Question/fieldLevelCompetence'

2020-05-27 18:14:19 - [TEST_STEP][PASSED] - if (soalQuestion != ""): Text 'New Question (12)' is set on object 'Object Repository/Rizka/Admin/Admin - Manage Test - Quiz - New Question/fieldQuestion'

2020-05-27 18:14:19 - [TEST_STEP][PASSED] - setText(findTestObject("Rizka/Admin/Admin - Manage Test - Quiz - New Question/fieldQuestion"), soalQuestion): Text 'New Question (12)' is set on object 'Object Repository/Rizka/Admin/Admin - Manage Test - Quiz - New Question/fieldQuestion'

2020-05-27 18:14:21 - [MESSAGE][PASSED] - Text 'New Question (12)' is set on object 'Object Repository/Rizka/Admin/Admin - Manage Test - Quiz - New Question/fieldQuestion'

2020-05-27 18:14:21 - [TEST_STEP][PASSED] - if (tipeSoal == "Pilihan Ganda"): null

2020-05-27 18:14:21 - [TEST_STEP][PASSED] - else if (tipeSoal == "Benar / Salah"): All options with label 'Salah' are selected in object 'Object Repository/Rizka/Admin/Admin - Manage Test - Quiz - New Question/fieldBenarSalah' 

2020-05-27 18:14:21 - [TEST_STEP][PASSED] - selectOptionByLabel(findTestObject("Rizka/Admin/Admin - Manage Test - Quiz - New Question/fieldBenarSalah"), kunciJawaban, false): All options with label 'Salah' are selected in object 'Object Repository/Rizka/Admin/Admin - Manage Test - Quiz - New Question/fieldBenarSalah' 

2020-05-27 18:14:22 - [MESSAGE][PASSED] - All options with label 'Salah' are selected in object 'Object Repository/Rizka/Admin/Admin - Manage Test - Quiz - New Question/fieldBenarSalah' 

2020-05-27 18:14:22 - [TEST_STEP][PASSED] - if (condition == "passed"): null

2020-05-27 18:14:22 - [TEST_STEP][FAILED] - else: Unable to verify object 'Object Repository/Rizka/Admin/Admin - Manage Test - Quiz - New Question/btnSubmit' to be NOT clickable (Root cause: com.kms.katalon.core.exception.StepFailedException: Unable to verify object 'Object Repository/Rizka/Admin/Admin - Manage Test - Quiz - New Question/btnSubmit' to be NOT clickable
	at com.kms.katalon.core.webui.keyword.internal.WebUIKeywordMain.stepFailed(WebUIKeywordMain.groovy:64)
	at com.kms.katalon.core.webui.keyword.internal.WebUIKeywordMain.runKeyword(WebUIKeywordMain.groovy:26)
	at com.kms.katalon.core.webui.keyword.builtin.VerifyElementNotClickableKeyword.verifyElementNotClickable(VerifyElementNotClickableKeyword.groovy:96)
	at com.kms.katalon.core.webui.keyword.builtin.VerifyElementNotClickableKeyword.execute(VerifyElementNotClickableKeyword.groovy:67)
	at com.kms.katalon.core.keyword.internal.KeywordExecutor.executeKeywordForPlatform(KeywordExecutor.groovy:72)
	at com.kms.katalon.core.webui.keyword.WebUiBuiltInKeywords.verifyElementNotClickable(WebUiBuiltInKeywords.groovy:591)
	at com.kms.katalon.core.webui.keyword.WebUiBuiltInKeywords$verifyElementNotClickable$6.call(Unknown Source)
	at Admin - Manage Test - Quiz - New Question.run(Admin - Manage Test - Quiz - New Question:107)
	at com.kms.katalon.core.main.ScriptEngine.run(ScriptEngine.java:194)
	at com.kms.katalon.core.main.ScriptEngine.runScriptAsRawText(ScriptEngine.java:119)
	at com.kms.katalon.core.main.TestCaseExecutor.runScript(TestCaseExecutor.java:337)
	at com.kms.katalon.core.main.TestCaseExecutor.doExecute(TestCaseExecutor.java:328)
	at com.kms.katalon.core.main.TestCaseExecutor.processExecutionPhase(TestCaseExecutor.java:307)
	at com.kms.katalon.core.main.TestCaseExecutor.accessMainPhase(TestCaseExecutor.java:299)
	at com.kms.katalon.core.main.TestCaseExecutor.execute(TestCaseExecutor.java:233)
	at com.kms.katalon.core.main.TestSuiteExecutor.accessTestCaseMainPhase(TestSuiteExecutor.java:169)
	at com.kms.katalon.core.main.TestSuiteExecutor.accessTestSuiteMainPhase(TestSuiteExecutor.java:142)
	at com.kms.katalon.core.main.TestSuiteExecutor.execute(TestSuiteExecutor.java:91)
	at com.kms.katalon.core.main.TestCaseMain.startTestSuite(TestCaseMain.java:157)
	at com.kms.katalon.core.main.TestCaseMain$startTestSuite$0.call(Unknown Source)
	at TempTestSuite1590576626088.run(TempTestSuite1590576626088.groovy:36)
Caused by: com.kms.katalon.core.exception.StepFailedException: Object 'Object Repository/Rizka/Admin/Admin - Manage Test - Quiz - New Question/btnSubmit' is clickable
	at com.kms.katalon.core.webui.keyword.internal.WebUIKeywordMain.stepFailed(WebUIKeywordMain.groovy:64)
	at com.kms.katalon.core.webui.keyword.builtin.VerifyElementNotClickableKeyword$_verifyElementNotClickable_closure1.doCall(VerifyElementNotClickableKeyword.groovy:80)
	at com.kms.katalon.core.webui.keyword.builtin.VerifyElementNotClickableKeyword$_verifyElementNotClickable_closure1.call(VerifyElementNotClickableKeyword.groovy)
	at com.kms.katalon.core.webui.keyword.internal.WebUIKeywordMain.runKeyword(WebUIKeywordMain.groovy:20)
	... 19 more
)

2020-05-27 18:14:22 - [TEST_STEP][FAILED] - verifyElementNotClickable(findTestObject("Rizka/Admin/Admin - Manage Test - Quiz - New Question/btnSubmit")): Unable to verify object 'Object Repository/Rizka/Admin/Admin - Manage Test - Quiz - New Question/btnSubmit' to be NOT clickable (Root cause: com.kms.katalon.core.exception.StepFailedException: Unable to verify object 'Object Repository/Rizka/Admin/Admin - Manage Test - Quiz - New Question/btnSubmit' to be NOT clickable
	at com.kms.katalon.core.webui.keyword.internal.WebUIKeywordMain.stepFailed(WebUIKeywordMain.groovy:64)
	at com.kms.katalon.core.webui.keyword.internal.WebUIKeywordMain.runKeyword(WebUIKeywordMain.groovy:26)
	at com.kms.katalon.core.webui.keyword.builtin.VerifyElementNotClickableKeyword.verifyElementNotClickable(VerifyElementNotClickableKeyword.groovy:96)
	at com.kms.katalon.core.webui.keyword.builtin.VerifyElementNotClickableKeyword.execute(VerifyElementNotClickableKeyword.groovy:67)
	at com.kms.katalon.core.keyword.internal.KeywordExecutor.executeKeywordForPlatform(KeywordExecutor.groovy:72)
	at com.kms.katalon.core.webui.keyword.WebUiBuiltInKeywords.verifyElementNotClickable(WebUiBuiltInKeywords.groovy:591)
	at com.kms.katalon.core.webui.keyword.WebUiBuiltInKeywords$verifyElementNotClickable$6.call(Unknown Source)
	at Admin - Manage Test - Quiz - New Question.run(Admin - Manage Test - Quiz - New Question:107)
	at com.kms.katalon.core.main.ScriptEngine.run(ScriptEngine.java:194)
	at com.kms.katalon.core.main.ScriptEngine.runScriptAsRawText(ScriptEngine.java:119)
	at com.kms.katalon.core.main.TestCaseExecutor.runScript(TestCaseExecutor.java:337)
	at com.kms.katalon.core.main.TestCaseExecutor.doExecute(TestCaseExecutor.java:328)
	at com.kms.katalon.core.main.TestCaseExecutor.processExecutionPhase(TestCaseExecutor.java:307)
	at com.kms.katalon.core.main.TestCaseExecutor.accessMainPhase(TestCaseExecutor.java:299)
	at com.kms.katalon.core.main.TestCaseExecutor.execute(TestCaseExecutor.java:233)
	at com.kms.katalon.core.main.TestSuiteExecutor.accessTestCaseMainPhase(TestSuiteExecutor.java:169)
	at com.kms.katalon.core.main.TestSuiteExecutor.accessTestSuiteMainPhase(TestSuiteExecutor.java:142)
	at com.kms.katalon.core.main.TestSuiteExecutor.execute(TestSuiteExecutor.java:91)
	at com.kms.katalon.core.main.TestCaseMain.startTestSuite(TestCaseMain.java:157)
	at com.kms.katalon.core.main.TestCaseMain$startTestSuite$0.call(Unknown Source)
	at TempTestSuite1590576626088.run(TempTestSuite1590576626088.groovy:36)
Caused by: com.kms.katalon.core.exception.StepFailedException: Object 'Object Repository/Rizka/Admin/Admin - Manage Test - Quiz - New Question/btnSubmit' is clickable
	at com.kms.katalon.core.webui.keyword.internal.WebUIKeywordMain.stepFailed(WebUIKeywordMain.groovy:64)
	at com.kms.katalon.core.webui.keyword.builtin.VerifyElementNotClickableKeyword$_verifyElementNotClickable_closure1.doCall(VerifyElementNotClickableKeyword.groovy:80)
	at com.kms.katalon.core.webui.keyword.builtin.VerifyElementNotClickableKeyword$_verifyElementNotClickable_closure1.call(VerifyElementNotClickableKeyword.groovy)
	at com.kms.katalon.core.webui.keyword.internal.WebUIKeywordMain.runKeyword(WebUIKeywordMain.groovy:20)
	... 19 more
)

2020-05-27 18:14:23 - [MESSAGE][FAILED] - Object 'Object Repository/Rizka/Admin/Admin - Manage Test - Quiz - New Question/btnSubmit' is clickable (Root cause: com.kms.katalon.core.exception.StepFailedException: Object 'Object Repository/Rizka/Admin/Admin - Manage Test - Quiz - New Question/btnSubmit' is clickable
	at com.kms.katalon.core.webui.keyword.internal.WebUIKeywordMain.stepFailed(WebUIKeywordMain.groovy:64)
	at com.kms.katalon.core.webui.keyword.builtin.VerifyElementNotClickableKeyword$_verifyElementNotClickable_closure1.doCall(VerifyElementNotClickableKeyword.groovy:80)
	at com.kms.katalon.core.webui.keyword.builtin.VerifyElementNotClickableKeyword$_verifyElementNotClickable_closure1.call(VerifyElementNotClickableKeyword.groovy)
	at com.kms.katalon.core.webui.keyword.internal.WebUIKeywordMain.runKeyword(WebUIKeywordMain.groovy:20)
	at com.kms.katalon.core.webui.keyword.builtin.VerifyElementNotClickableKeyword.verifyElementNotClickable(VerifyElementNotClickableKeyword.groovy:96)
	at com.kms.katalon.core.webui.keyword.builtin.VerifyElementNotClickableKeyword.execute(VerifyElementNotClickableKeyword.groovy:67)
	at com.kms.katalon.core.keyword.internal.KeywordExecutor.executeKeywordForPlatform(KeywordExecutor.groovy:72)
	at com.kms.katalon.core.webui.keyword.WebUiBuiltInKeywords.verifyElementNotClickable(WebUiBuiltInKeywords.groovy:591)
	at com.kms.katalon.core.webui.keyword.WebUiBuiltInKeywords$verifyElementNotClickable$6.call(Unknown Source)
	at Admin - Manage Test - Quiz - New Question.run(Admin - Manage Test - Quiz - New Question:107)
	at com.kms.katalon.core.main.ScriptEngine.run(ScriptEngine.java:194)
	at com.kms.katalon.core.main.ScriptEngine.runScriptAsRawText(ScriptEngine.java:119)
	at com.kms.katalon.core.main.TestCaseExecutor.runScript(TestCaseExecutor.java:337)
	at com.kms.katalon.core.main.TestCaseExecutor.doExecute(TestCaseExecutor.java:328)
	at com.kms.katalon.core.main.TestCaseExecutor.processExecutionPhase(TestCaseExecutor.java:307)
	at com.kms.katalon.core.main.TestCaseExecutor.accessMainPhase(TestCaseExecutor.java:299)
	at com.kms.katalon.core.main.TestCaseExecutor.execute(TestCaseExecutor.java:233)
	at com.kms.katalon.core.main.TestSuiteExecutor.accessTestCaseMainPhase(TestSuiteExecutor.java:169)
	at com.kms.katalon.core.main.TestSuiteExecutor.accessTestSuiteMainPhase(TestSuiteExecutor.java:142)
	at com.kms.katalon.core.main.TestSuiteExecutor.execute(TestSuiteExecutor.java:91)
	at com.kms.katalon.core.main.TestCaseMain.startTestSuite(TestCaseMain.java:157)
	at com.kms.katalon.core.main.TestCaseMain$startTestSuite$0.call(Unknown Source)
	at TempTestSuite1590576626088.run(TempTestSuite1590576626088.groovy:36)
)
[[ATTACHMENT|D:\\MY WORLD\\WORKS (TUGAS)\\LearningManagementWeb\\Reports\\20200527_175026\\Rizka\\Admin\\Admin - Manage Test - Quiz\\20200527_175026\\1590578062824.png]]

2020-05-27 18:14:23 - [MESSAGE][FAILED] - Unable to verify object 'Object Repository/Rizka/Admin/Admin - Manage Test - Quiz - New Question/btnSubmit' to be NOT clickable (Root cause: com.kms.katalon.core.exception.StepFailedException: Unable to verify object 'Object Repository/Rizka/Admin/Admin - Manage Test - Quiz - New Question/btnSubmit' to be NOT clickable
	at com.kms.katalon.core.webui.keyword.internal.WebUIKeywordMain.stepFailed(WebUIKeywordMain.groovy:64)
	at com.kms.katalon.core.webui.keyword.internal.WebUIKeywordMain.runKeyword(WebUIKeywordMain.groovy:26)
	at com.kms.katalon.core.webui.keyword.builtin.VerifyElementNotClickableKeyword.verifyElementNotClickable(VerifyElementNotClickableKeyword.groovy:96)
	at com.kms.katalon.core.webui.keyword.builtin.VerifyElementNotClickableKeyword.execute(VerifyElementNotClickableKeyword.groovy:67)
	at com.kms.katalon.core.keyword.internal.KeywordExecutor.executeKeywordForPlatform(KeywordExecutor.groovy:72)
	at com.kms.katalon.core.webui.keyword.WebUiBuiltInKeywords.verifyElementNotClickable(WebUiBuiltInKeywords.groovy:591)
	at com.kms.katalon.core.webui.keyword.WebUiBuiltInKeywords$verifyElementNotClickable$6.call(Unknown Source)
	at Admin - Manage Test - Quiz - New Question.run(Admin - Manage Test - Quiz - New Question:107)
	at com.kms.katalon.core.main.ScriptEngine.run(ScriptEngine.java:194)
	at com.kms.katalon.core.main.ScriptEngine.runScriptAsRawText(ScriptEngine.java:119)
	at com.kms.katalon.core.main.TestCaseExecutor.runScript(TestCaseExecutor.java:337)
	at com.kms.katalon.core.main.TestCaseExecutor.doExecute(TestCaseExecutor.java:328)
	at com.kms.katalon.core.main.TestCaseExecutor.processExecutionPhase(TestCaseExecutor.java:307)
	at com.kms.katalon.core.main.TestCaseExecutor.accessMainPhase(TestCaseExecutor.java:299)
	at com.kms.katalon.core.main.TestCaseExecutor.execute(TestCaseExecutor.java:233)
	at com.kms.katalon.core.main.TestSuiteExecutor.accessTestCaseMainPhase(TestSuiteExecutor.java:169)
	at com.kms.katalon.core.main.TestSuiteExecutor.accessTestSuiteMainPhase(TestSuiteExecutor.java:142)
	at com.kms.katalon.core.main.TestSuiteExecutor.execute(TestSuiteExecutor.java:91)
	at com.kms.katalon.core.main.TestCaseMain.startTestSuite(TestCaseMain.java:157)
	at com.kms.katalon.core.main.TestCaseMain$startTestSuite$0.call(Unknown Source)
	at TempTestSuite1590576626088.run(TempTestSuite1590576626088.groovy:36)
Caused by: com.kms.katalon.core.exception.StepFailedException: Object 'Object Repository/Rizka/Admin/Admin - Manage Test - Quiz - New Question/btnSubmit' is clickable
	at com.kms.katalon.core.webui.keyword.internal.WebUIKeywordMain.stepFailed(WebUIKeywordMain.groovy:64)
	at com.kms.katalon.core.webui.keyword.builtin.VerifyElementNotClickableKeyword$_verifyElementNotClickable_closure1.doCall(VerifyElementNotClickableKeyword.groovy:80)
	at com.kms.katalon.core.webui.keyword.builtin.VerifyElementNotClickableKeyword$_verifyElementNotClickable_closure1.call(VerifyElementNotClickableKeyword.groovy)
	at com.kms.katalon.core.webui.keyword.internal.WebUIKeywordMain.runKeyword(WebUIKeywordMain.groovy:20)
	... 19 more
)
[[ATTACHMENT|D:\\MY WORLD\\WORKS (TUGAS)\\LearningManagementWeb\\Reports\\20200527_175026\\Rizka\\Admin\\Admin - Manage Test - Quiz\\20200527_175026\\1590578063292.png]]]]></system-out>
         <system-err><![CDATA[2020-05-27 18:12:28 - [TEST_CASE][FAILED] - Test Cases/Rizka/Admin/Manage Test/Admin - Manage Test - Quiz - New Question: Test Cases/Rizka/Admin/Manage Test/Admin - Manage Test - Quiz - New Question FAILED.
Reason:
com.kms.katalon.core.exception.StepFailedException: Unable to verify object 'Object Repository/Rizka/Admin/Admin - Manage Test - Quiz - New Question/btnSubmit' to be NOT clickable
	at com.kms.katalon.core.webui.keyword.internal.WebUIKeywordMain.stepFailed(WebUIKeywordMain.groovy:64)
	at com.kms.katalon.core.webui.keyword.internal.WebUIKeywordMain.runKeyword(WebUIKeywordMain.groovy:26)
	at com.kms.katalon.core.webui.keyword.builtin.VerifyElementNotClickableKeyword.verifyElementNotClickable(VerifyElementNotClickableKeyword.groovy:96)
	at com.kms.katalon.core.webui.keyword.builtin.VerifyElementNotClickableKeyword.execute(VerifyElementNotClickableKeyword.groovy:67)
	at com.kms.katalon.core.keyword.internal.KeywordExecutor.executeKeywordForPlatform(KeywordExecutor.groovy:72)
	at com.kms.katalon.core.webui.keyword.WebUiBuiltInKeywords.verifyElementNotClickable(WebUiBuiltInKeywords.groovy:591)
	at com.kms.katalon.core.webui.keyword.WebUiBuiltInKeywords$verifyElementNotClickable$6.call(Unknown Source)
	at Admin - Manage Test - Quiz - New Question.run(Admin - Manage Test - Quiz - New Question:107)
	at com.kms.katalon.core.main.ScriptEngine.run(ScriptEngine.java:194)
	at com.kms.katalon.core.main.ScriptEngine.runScriptAsRawText(ScriptEngine.java:119)
	at com.kms.katalon.core.main.TestCaseExecutor.runScript(TestCaseExecutor.java:337)
	at com.kms.katalon.core.main.TestCaseExecutor.doExecute(TestCaseExecutor.java:328)
	at com.kms.katalon.core.main.TestCaseExecutor.processExecutionPhase(TestCaseExecutor.java:307)
	at com.kms.katalon.core.main.TestCaseExecutor.accessMainPhase(TestCaseExecutor.java:299)
	at com.kms.katalon.core.main.TestCaseExecutor.execute(TestCaseExecutor.java:233)
	at com.kms.katalon.core.main.TestSuiteExecutor.accessTestCaseMainPhase(TestSuiteExecutor.java:169)
	at com.kms.katalon.core.main.TestSuiteExecutor.accessTestSuiteMainPhase(TestSuiteExecutor.java:142)
	at com.kms.katalon.core.main.TestSuiteExecutor.execute(TestSuiteExecutor.java:91)
	at com.kms.katalon.core.main.TestCaseMain.startTestSuite(TestCaseMain.java:157)
	at com.kms.katalon.core.main.TestCaseMain$startTestSuite$0.call(Unknown Source)
	at TempTestSuite1590576626088.run(TempTestSuite1590576626088.groovy:36)
Caused by: com.kms.katalon.core.exception.StepFailedException: Object 'Object Repository/Rizka/Admin/Admin - Manage Test - Quiz - New Question/btnSubmit' is clickable
	at com.kms.katalon.core.webui.keyword.internal.WebUIKeywordMain.stepFailed(WebUIKeywordMain.groovy:64)
	at com.kms.katalon.core.webui.keyword.builtin.VerifyElementNotClickableKeyword$_verifyElementNotClickable_closure1.doCall(VerifyElementNotClickableKeyword.groovy:80)
	at com.kms.katalon.core.webui.keyword.builtin.VerifyElementNotClickableKeyword$_verifyElementNotClickable_closure1.call(VerifyElementNotClickableKeyword.groovy)
	at com.kms.katalon.core.webui.keyword.internal.WebUIKeywordMain.runKeyword(WebUIKeywordMain.groovy:20)
	... 19 more]]></system-err>
      </testcase>
      <testcase name="Test Cases/Rizka/Admin/Manage Test/Admin - Manage Test - Quiz - New Question" time="152.788" classname="Test Cases/Rizka/Admin/Manage Test/Admin - Manage Test - Quiz - New Question" status="FAILED">
         <failure type="FAILED" message="Test Cases/Rizka/Admin/Manage Test/Admin - Manage Test - Quiz - New Question FAILED.
Reason:
com.kms.katalon.core.exception.StepFailedException: Unable to verify object 'Object Repository/Rizka/Admin/Admin - Manage Test - Quiz - New Question/btnSubmit' to be NOT clickable
	at com.kms.katalon.core.webui.keyword.internal.WebUIKeywordMain.stepFailed(WebUIKeywordMain.groovy:64)
	at com.kms.katalon.core.webui.keyword.internal.WebUIKeywordMain.runKeyword(WebUIKeywordMain.groovy:26)
	at com.kms.katalon.core.webui.keyword.builtin.VerifyElementNotClickableKeyword.verifyElementNotClickable(VerifyElementNotClickableKeyword.groovy:96)
	at com.kms.katalon.core.webui.keyword.builtin.VerifyElementNotClickableKeyword.execute(VerifyElementNotClickableKeyword.groovy:67)
	at com.kms.katalon.core.keyword.internal.KeywordExecutor.executeKeywordForPlatform(KeywordExecutor.groovy:72)
	at com.kms.katalon.core.webui.keyword.WebUiBuiltInKeywords.verifyElementNotClickable(WebUiBuiltInKeywords.groovy:591)
	at com.kms.katalon.core.webui.keyword.WebUiBuiltInKeywords$verifyElementNotClickable$6.call(Unknown Source)
	at Admin - Manage Test - Quiz - New Question.run(Admin - Manage Test - Quiz - New Question:107)
	at com.kms.katalon.core.main.ScriptEngine.run(ScriptEngine.java:194)
	at com.kms.katalon.core.main.ScriptEngine.runScriptAsRawText(ScriptEngine.java:119)
	at com.kms.katalon.core.main.TestCaseExecutor.runScript(TestCaseExecutor.java:337)
	at com.kms.katalon.core.main.TestCaseExecutor.doExecute(TestCaseExecutor.java:328)
	at com.kms.katalon.core.main.TestCaseExecutor.processExecutionPhase(TestCaseExecutor.java:307)
	at com.kms.katalon.core.main.TestCaseExecutor.accessMainPhase(TestCaseExecutor.java:299)
	at com.kms.katalon.core.main.TestCaseExecutor.execute(TestCaseExecutor.java:233)
	at com.kms.katalon.core.main.TestSuiteExecutor.accessTestCaseMainPhase(TestSuiteExecutor.java:169)
	at com.kms.katalon.core.main.TestSuiteExecutor.accessTestSuiteMainPhase(TestSuiteExecutor.java:142)
	at com.kms.katalon.core.main.TestSuiteExecutor.execute(TestSuiteExecutor.java:91)
	at com.kms.katalon.core.main.TestCaseMain.startTestSuite(TestCaseMain.java:157)
	at com.kms.katalon.core.main.TestCaseMain$startTestSuite$0.call(Unknown Source)
	at TempTestSuite1590576626088.run(TempTestSuite1590576626088.groovy:36)
Caused by: com.kms.katalon.core.exception.StepFailedException: Object 'Object Repository/Rizka/Admin/Admin - Manage Test - Quiz - New Question/btnSubmit' is clickable
	at com.kms.katalon.core.webui.keyword.internal.WebUIKeywordMain.stepFailed(WebUIKeywordMain.groovy:64)
	at com.kms.katalon.core.webui.keyword.builtin.VerifyElementNotClickableKeyword$_verifyElementNotClickable_closure1.doCall(VerifyElementNotClickableKeyword.groovy:80)
	at com.kms.katalon.core.webui.keyword.builtin.VerifyElementNotClickableKeyword$_verifyElementNotClickable_closure1.call(VerifyElementNotClickableKeyword.groovy)
	at com.kms.katalon.core.webui.keyword.internal.WebUIKeywordMain.runKeyword(WebUIKeywordMain.groovy:20)
	... 19 more
"/>
         <system-out><![CDATA[2020-05-27 18:14:23 - [TEST_CASE][FAILED] - Test Cases/Rizka/Admin/Manage Test/Admin - Manage Test - Quiz - New Question: Test Cases/Rizka/Admin/Manage Test/Admin - Manage Test - Quiz - New Question FAILED.
Reason:
com.kms.katalon.core.exception.StepFailedException: Unable to verify object 'Object Repository/Rizka/Admin/Admin - Manage Test - Quiz - New Question/btnSubmit' to be NOT clickable
	at com.kms.katalon.core.webui.keyword.internal.WebUIKeywordMain.stepFailed(WebUIKeywordMain.groovy:64)
	at com.kms.katalon.core.webui.keyword.internal.WebUIKeywordMain.runKeyword(WebUIKeywordMain.groovy:26)
	at com.kms.katalon.core.webui.keyword.builtin.VerifyElementNotClickableKeyword.verifyElementNotClickable(VerifyElementNotClickableKeyword.groovy:96)
	at com.kms.katalon.core.webui.keyword.builtin.VerifyElementNotClickableKeyword.execute(VerifyElementNotClickableKeyword.groovy:67)
	at com.kms.katalon.core.keyword.internal.KeywordExecutor.executeKeywordForPlatform(KeywordExecutor.groovy:72)
	at com.kms.katalon.core.webui.keyword.WebUiBuiltInKeywords.verifyElementNotClickable(WebUiBuiltInKeywords.groovy:591)
	at com.kms.katalon.core.webui.keyword.WebUiBuiltInKeywords$verifyElementNotClickable$6.call(Unknown Source)
	at Admin - Manage Test - Quiz - New Question.run(Admin - Manage Test - Quiz - New Question:107)
	at com.kms.katalon.core.main.ScriptEngine.run(ScriptEngine.java:194)
	at com.kms.katalon.core.main.ScriptEngine.runScriptAsRawText(ScriptEngine.java:119)
	at com.kms.katalon.core.main.TestCaseExecutor.runScript(TestCaseExecutor.java:337)
	at com.kms.katalon.core.main.TestCaseExecutor.doExecute(TestCaseExecutor.java:328)
	at com.kms.katalon.core.main.TestCaseExecutor.processExecutionPhase(TestCaseExecutor.java:307)
	at com.kms.katalon.core.main.TestCaseExecutor.accessMainPhase(TestCaseExecutor.java:299)
	at com.kms.katalon.core.main.TestCaseExecutor.execute(TestCaseExecutor.java:233)
	at com.kms.katalon.core.main.TestSuiteExecutor.accessTestCaseMainPhase(TestSuiteExecutor.java:169)
	at com.kms.katalon.core.main.TestSuiteExecutor.accessTestSuiteMainPhase(TestSuiteExecutor.java:142)
	at com.kms.katalon.core.main.TestSuiteExecutor.execute(TestSuiteExecutor.java:91)
	at com.kms.katalon.core.main.TestCaseMain.startTestSuite(TestCaseMain.java:157)
	at com.kms.katalon.core.main.TestCaseMain$startTestSuite$0.call(Unknown Source)
	at TempTestSuite1590576626088.run(TempTestSuite1590576626088.groovy:36)
Caused by: com.kms.katalon.core.exception.StepFailedException: Object 'Object Repository/Rizka/Admin/Admin - Manage Test - Quiz - New Question/btnSubmit' is clickable
	at com.kms.katalon.core.webui.keyword.internal.WebUIKeywordMain.stepFailed(WebUIKeywordMain.groovy:64)
	at com.kms.katalon.core.webui.keyword.builtin.VerifyElementNotClickableKeyword$_verifyElementNotClickable_closure1.doCall(VerifyElementNotClickableKeyword.groovy:80)
	at com.kms.katalon.core.webui.keyword.builtin.VerifyElementNotClickableKeyword$_verifyElementNotClickable_closure1.call(VerifyElementNotClickableKeyword.groovy)
	at com.kms.katalon.core.webui.keyword.internal.WebUIKeywordMain.runKeyword(WebUIKeywordMain.groovy:20)
	... 19 more


2020-05-27 18:14:24 - [TEST_STEP][PASSED] - callTestCase(findTestCase("Rizka/Admin/AdminMainLogin"), [:], STOP_ON_FAILURE): Call Test Case 'Test Cases/Rizka/Admin/AdminMainLogin' successfully

2020-05-27 18:14:24 - [TEST_CASE][PASSED] - Test Cases/Rizka/Admin/AdminMainLogin: Test Cases/Rizka/Admin/AdminMainLogin

2020-05-27 18:14:24 - [TEST_STEP][PASSED] - openBrowser("https://appsrv1.deltadatamandiri.com/ACC_LMS_WEB/#/admNLmn"): Browser is opened with url: 'https://appsrv1.deltadatamandiri.com/ACC_LMS_WEB/#/admNLmn'

2020-05-27 18:14:24 - [MESSAGE][WARNING] - A browser is already opened. Closing browser and opening a new one

2020-05-27 18:14:25 - [MESSAGE][INFO] - Starting 'Chrome' driver

2020-05-27 18:15:19 - [MESSAGE][PASSED] - Browser is opened with url: 'https://appsrv1.deltadatamandiri.com/ACC_LMS_WEB/#/admNLmn'

2020-05-27 18:15:19 - [TEST_STEP][PASSED] - maximizeWindow(): Current window maximized

2020-05-27 18:15:20 - [MESSAGE][PASSED] - Current window maximized

2020-05-27 18:15:20 - [TEST_STEP][PASSED] - delay(15): Delayed 15 second(s)

2020-05-27 18:15:35 - [MESSAGE][PASSED] - Delayed 15 second(s)

2020-05-27 18:15:35 - [TEST_STEP][PASSED] - click(findTestObject("Rizka/Admin/Admin - Login/btnLogin")): Object: 'Object Repository/Rizka/Admin/Admin - Login/btnLogin' is clicked on

2020-05-27 18:15:36 - [MESSAGE][PASSED] - Object: 'Object Repository/Rizka/Admin/Admin - Login/btnLogin' is clicked on

2020-05-27 18:15:36 - [TEST_STEP][PASSED] - setText(findTestObject("Rizka/Admin/Admin - Login/txtUsername"), "11666"): Text '11666' is set on object 'Object Repository/Rizka/Admin/Admin - Login/txtUsername'

2020-05-27 18:15:37 - [MESSAGE][PASSED] - Text '11666' is set on object 'Object Repository/Rizka/Admin/Admin - Login/txtUsername'

2020-05-27 18:15:37 - [TEST_STEP][PASSED] - setText(findTestObject("Rizka/Admin/Admin - Login/txtPassword"), "Password3"): Text 'Password3' is set on object 'Object Repository/Rizka/Admin/Admin - Login/txtPassword'

2020-05-27 18:15:37 - [MESSAGE][PASSED] - Text 'Password3' is set on object 'Object Repository/Rizka/Admin/Admin - Login/txtPassword'

2020-05-27 18:15:37 - [TEST_STEP][PASSED] - click(findTestObject("Rizka/Admin/Admin - Login/btnEyePass")): Object: 'Object Repository/Rizka/Admin/Admin - Login/btnEyePass' is clicked on

2020-05-27 18:15:38 - [MESSAGE][PASSED] - Object: 'Object Repository/Rizka/Admin/Admin - Login/btnEyePass' is clicked on

2020-05-27 18:15:38 - [TEST_STEP][PASSED] - click(findTestObject("Rizka/Admin/Admin - Login/checkboxRememberMe")): Object: 'Object Repository/Rizka/Admin/Admin - Login/checkboxRememberMe' is clicked on

2020-05-27 18:15:38 - [MESSAGE][PASSED] - Object: 'Object Repository/Rizka/Admin/Admin - Login/checkboxRememberMe' is clicked on

2020-05-27 18:15:38 - [TEST_STEP][PASSED] - click(findTestObject("Rizka/Admin/Admin - Login/btnLogin2")): Object: 'Object Repository/Rizka/Admin/Admin - Login/btnLogin2' is clicked on

2020-05-27 18:15:39 - [MESSAGE][PASSED] - Object: 'Object Repository/Rizka/Admin/Admin - Login/btnLogin2' is clicked on

2020-05-27 18:15:39 - [TEST_STEP][PASSED] - delay(15): Delayed 15 second(s)

2020-05-27 18:15:54 - [MESSAGE][PASSED] - Delayed 15 second(s)

2020-05-27 18:15:54 - [MESSAGE][PASSED] - Call Test Case 'Test Cases/Rizka/Admin/AdminMainLogin' successfully

2020-05-27 18:15:54 - [TEST_STEP][PASSED] - click(findTestObject("Rizka/Admin/Admin - Manage Test - Quiz - New Question/btnManageTest")): Object: 'Object Repository/Rizka/Admin/Admin - Manage Test - Quiz - New Question/btnManageTest' is clicked on

2020-05-27 18:15:54 - [MESSAGE][PASSED] - Object: 'Object Repository/Rizka/Admin/Admin - Manage Test - Quiz - New Question/btnManageTest' is clicked on

2020-05-27 18:15:54 - [TEST_STEP][PASSED] - delay(5): Delayed 5 second(s)

2020-05-27 18:15:59 - [MESSAGE][PASSED] - Delayed 5 second(s)

2020-05-27 18:15:59 - [TEST_STEP][PASSED] - click(findTestObject("Rizka/Admin/Admin - Manage Test - Quiz - New Question/btnQuiz")): Object: 'Object Repository/Rizka/Admin/Admin - Manage Test - Quiz - New Question/btnQuiz' is clicked on

2020-05-27 18:16:00 - [MESSAGE][PASSED] - Object: 'Object Repository/Rizka/Admin/Admin - Manage Test - Quiz - New Question/btnQuiz' is clicked on

2020-05-27 18:16:00 - [TEST_STEP][PASSED] - delay(5): Delayed 5 second(s)

2020-05-27 18:16:05 - [MESSAGE][PASSED] - Delayed 5 second(s)

2020-05-27 18:16:05 - [TEST_STEP][PASSED] - click(findTestObject("Rizka/Admin/Admin - Manage Test - Quiz - New Question/btnNewQuestion")): Object: 'Object Repository/Rizka/Admin/Admin - Manage Test - Quiz - New Question/btnNewQuestion' is clicked on

2020-05-27 18:16:25 - [MESSAGE][PASSED] - Object: 'Object Repository/Rizka/Admin/Admin - Manage Test - Quiz - New Question/btnNewQuestion' is clicked on

2020-05-27 18:16:25 - [TEST_STEP][PASSED] - delay(5): Delayed 5 second(s)

2020-05-27 18:16:30 - [MESSAGE][PASSED] - Delayed 5 second(s)

2020-05-27 18:16:30 - [TEST_STEP][PASSED] - if (tipeSoal != ""): All options with label 'Benar / Salah' are selected in object 'Object Repository/Rizka/Admin/Admin - Manage Test - Quiz - New Question/fieldTipeSoal' 

2020-05-27 18:16:30 - [TEST_STEP][PASSED] - selectOptionByLabel(findTestObject("Rizka/Admin/Admin - Manage Test - Quiz - New Question/fieldTipeSoal"), tipeSoal, false): All options with label 'Benar / Salah' are selected in object 'Object Repository/Rizka/Admin/Admin - Manage Test - Quiz - New Question/fieldTipeSoal' 

2020-05-27 18:16:35 - [MESSAGE][PASSED] - All options with label 'Benar / Salah' are selected in object 'Object Repository/Rizka/Admin/Admin - Manage Test - Quiz - New Question/fieldTipeSoal' 

2020-05-27 18:16:35 - [TEST_STEP][PASSED] - if (jobFunction != ""): All options with label 'SALES' are selected in object 'Object Repository/Rizka/Admin/Admin - Manage Test - Quiz - New Question/fieldJobFunction' 

2020-05-27 18:16:35 - [TEST_STEP][PASSED] - selectOptionByLabel(findTestObject("Rizka/Admin/Admin - Manage Test - Quiz - New Question/fieldJobFunction"), jobFunction, false): All options with label 'SALES' are selected in object 'Object Repository/Rizka/Admin/Admin - Manage Test - Quiz - New Question/fieldJobFunction' 

2020-05-27 18:16:42 - [MESSAGE][PASSED] - All options with label 'SALES' are selected in object 'Object Repository/Rizka/Admin/Admin - Manage Test - Quiz - New Question/fieldJobFunction' 

2020-05-27 18:16:42 - [TEST_STEP][PASSED] - delay(3): Delayed 3 second(s)

2020-05-27 18:16:45 - [MESSAGE][PASSED] - Delayed 3 second(s)

2020-05-27 18:16:45 - [TEST_STEP][PASSED] - if (jobPosition != ""): All options with label 'SALES MANAGER' are selected in object 'Object Repository/Rizka/Admin/Admin - Manage Test - Quiz - New Question/fieldJobPosition' 

2020-05-27 18:16:45 - [TEST_STEP][PASSED] - selectOptionByLabel(findTestObject("Rizka/Admin/Admin - Manage Test - Quiz - New Question/fieldJobPosition"), jobPosition, false): All options with label 'SALES MANAGER' are selected in object 'Object Repository/Rizka/Admin/Admin - Manage Test - Quiz - New Question/fieldJobPosition' 

2020-05-27 18:16:46 - [MESSAGE][PASSED] - All options with label 'SALES MANAGER' are selected in object 'Object Repository/Rizka/Admin/Admin - Manage Test - Quiz - New Question/fieldJobPosition' 

2020-05-27 18:16:46 - [TEST_STEP][PASSED] - if (module != ""): All options with label 'NEOP RCCA' are selected in object 'Object Repository/Rizka/Admin/Admin - Manage Test - Quiz - New Question/fieldModul' 

2020-05-27 18:16:46 - [TEST_STEP][PASSED] - selectOptionByLabel(findTestObject("Rizka/Admin/Admin - Manage Test - Quiz - New Question/fieldModul"), module, false): All options with label 'NEOP RCCA' are selected in object 'Object Repository/Rizka/Admin/Admin - Manage Test - Quiz - New Question/fieldModul' 

2020-05-27 18:16:47 - [MESSAGE][PASSED] - All options with label 'NEOP RCCA' are selected in object 'Object Repository/Rizka/Admin/Admin - Manage Test - Quiz - New Question/fieldModul' 

2020-05-27 18:16:47 - [TEST_STEP][PASSED] - if (subModule != ""): All options with label 'Post-Test' are selected in object 'Object Repository/Rizka/Admin/Admin - Manage Test - Quiz - New Question/fieldSubModul' 

2020-05-27 18:16:47 - [TEST_STEP][PASSED] - selectOptionByLabel(findTestObject("Rizka/Admin/Admin - Manage Test - Quiz - New Question/fieldSubModul"), subModule, false): All options with label 'Post-Test' are selected in object 'Object Repository/Rizka/Admin/Admin - Manage Test - Quiz - New Question/fieldSubModul' 

2020-05-27 18:16:50 - [MESSAGE][PASSED] - All options with label 'Post-Test' are selected in object 'Object Repository/Rizka/Admin/Admin - Manage Test - Quiz - New Question/fieldSubModul' 

2020-05-27 18:16:50 - [TEST_STEP][PASSED] - if (technicalCompetence != ""): Text 'Coba ya' is set on object 'Object Repository/Rizka/Admin/Admin - Manage Test - Quiz - New Question/fieldTechnicalCompetence'

2020-05-27 18:16:50 - [TEST_STEP][PASSED] - setText(findTestObject("Rizka/Admin/Admin - Manage Test - Quiz - New Question/fieldTechnicalCompetence"), technicalCompetence, STOP_ON_FAILURE): Text 'Coba ya' is set on object 'Object Repository/Rizka/Admin/Admin - Manage Test - Quiz - New Question/fieldTechnicalCompetence'

2020-05-27 18:16:51 - [MESSAGE][PASSED] - Text 'Coba ya' is set on object 'Object Repository/Rizka/Admin/Admin - Manage Test - Quiz - New Question/fieldTechnicalCompetence'

2020-05-27 18:16:51 - [TEST_STEP][PASSED] - if (levelCompetence != ""): Text '12' is set on object 'Object Repository/Rizka/Admin/Admin - Manage Test - Quiz - New Question/fieldLevelCompetence'

2020-05-27 18:16:51 - [TEST_STEP][PASSED] - setText(findTestObject("Rizka/Admin/Admin - Manage Test - Quiz - New Question/fieldLevelCompetence"), levelCompetence, STOP_ON_FAILURE): Text '12' is set on object 'Object Repository/Rizka/Admin/Admin - Manage Test - Quiz - New Question/fieldLevelCompetence'

2020-05-27 18:16:54 - [MESSAGE][PASSED] - Text '12' is set on object 'Object Repository/Rizka/Admin/Admin - Manage Test - Quiz - New Question/fieldLevelCompetence'

2020-05-27 18:16:54 - [TEST_STEP][PASSED] - if (soalQuestion != ""): Text 'New Question (12)' is set on object 'Object Repository/Rizka/Admin/Admin - Manage Test - Quiz - New Question/fieldQuestion'

2020-05-27 18:16:54 - [TEST_STEP][PASSED] - setText(findTestObject("Rizka/Admin/Admin - Manage Test - Quiz - New Question/fieldQuestion"), soalQuestion): Text 'New Question (12)' is set on object 'Object Repository/Rizka/Admin/Admin - Manage Test - Quiz - New Question/fieldQuestion'

2020-05-27 18:16:54 - [MESSAGE][PASSED] - Text 'New Question (12)' is set on object 'Object Repository/Rizka/Admin/Admin - Manage Test - Quiz - New Question/fieldQuestion'

2020-05-27 18:16:54 - [TEST_STEP][PASSED] - if (tipeSoal == "Pilihan Ganda"): null

2020-05-27 18:16:54 - [TEST_STEP][PASSED] - else if (tipeSoal == "Benar / Salah"): All options with label '' are selected in object 'Object Repository/Rizka/Admin/Admin - Manage Test - Quiz - New Question/fieldBenarSalah' 

2020-05-27 18:16:54 - [TEST_STEP][PASSED] - selectOptionByLabel(findTestObject("Rizka/Admin/Admin - Manage Test - Quiz - New Question/fieldBenarSalah"), kunciJawaban, false): All options with label '' are selected in object 'Object Repository/Rizka/Admin/Admin - Manage Test - Quiz - New Question/fieldBenarSalah' 

2020-05-27 18:16:55 - [MESSAGE][PASSED] - All options with label '' are selected in object 'Object Repository/Rizka/Admin/Admin - Manage Test - Quiz - New Question/fieldBenarSalah' 

2020-05-27 18:16:55 - [TEST_STEP][PASSED] - if (condition == "passed"): null

2020-05-27 18:16:55 - [TEST_STEP][FAILED] - else: Unable to verify object 'Object Repository/Rizka/Admin/Admin - Manage Test - Quiz - New Question/btnSubmit' to be NOT clickable (Root cause: com.kms.katalon.core.exception.StepFailedException: Unable to verify object 'Object Repository/Rizka/Admin/Admin - Manage Test - Quiz - New Question/btnSubmit' to be NOT clickable
	at com.kms.katalon.core.webui.keyword.internal.WebUIKeywordMain.stepFailed(WebUIKeywordMain.groovy:64)
	at com.kms.katalon.core.webui.keyword.internal.WebUIKeywordMain.runKeyword(WebUIKeywordMain.groovy:26)
	at com.kms.katalon.core.webui.keyword.builtin.VerifyElementNotClickableKeyword.verifyElementNotClickable(VerifyElementNotClickableKeyword.groovy:96)
	at com.kms.katalon.core.webui.keyword.builtin.VerifyElementNotClickableKeyword.execute(VerifyElementNotClickableKeyword.groovy:67)
	at com.kms.katalon.core.keyword.internal.KeywordExecutor.executeKeywordForPlatform(KeywordExecutor.groovy:72)
	at com.kms.katalon.core.webui.keyword.WebUiBuiltInKeywords.verifyElementNotClickable(WebUiBuiltInKeywords.groovy:591)
	at com.kms.katalon.core.webui.keyword.WebUiBuiltInKeywords$verifyElementNotClickable$6.call(Unknown Source)
	at Admin - Manage Test - Quiz - New Question.run(Admin - Manage Test - Quiz - New Question:107)
	at com.kms.katalon.core.main.ScriptEngine.run(ScriptEngine.java:194)
	at com.kms.katalon.core.main.ScriptEngine.runScriptAsRawText(ScriptEngine.java:119)
	at com.kms.katalon.core.main.TestCaseExecutor.runScript(TestCaseExecutor.java:337)
	at com.kms.katalon.core.main.TestCaseExecutor.doExecute(TestCaseExecutor.java:328)
	at com.kms.katalon.core.main.TestCaseExecutor.processExecutionPhase(TestCaseExecutor.java:307)
	at com.kms.katalon.core.main.TestCaseExecutor.accessMainPhase(TestCaseExecutor.java:299)
	at com.kms.katalon.core.main.TestCaseExecutor.execute(TestCaseExecutor.java:233)
	at com.kms.katalon.core.main.TestSuiteExecutor.accessTestCaseMainPhase(TestSuiteExecutor.java:169)
	at com.kms.katalon.core.main.TestSuiteExecutor.accessTestSuiteMainPhase(TestSuiteExecutor.java:142)
	at com.kms.katalon.core.main.TestSuiteExecutor.execute(TestSuiteExecutor.java:91)
	at com.kms.katalon.core.main.TestCaseMain.startTestSuite(TestCaseMain.java:157)
	at com.kms.katalon.core.main.TestCaseMain$startTestSuite$0.call(Unknown Source)
	at TempTestSuite1590576626088.run(TempTestSuite1590576626088.groovy:36)
Caused by: com.kms.katalon.core.exception.StepFailedException: Object 'Object Repository/Rizka/Admin/Admin - Manage Test - Quiz - New Question/btnSubmit' is clickable
	at com.kms.katalon.core.webui.keyword.internal.WebUIKeywordMain.stepFailed(WebUIKeywordMain.groovy:64)
	at com.kms.katalon.core.webui.keyword.builtin.VerifyElementNotClickableKeyword$_verifyElementNotClickable_closure1.doCall(VerifyElementNotClickableKeyword.groovy:80)
	at com.kms.katalon.core.webui.keyword.builtin.VerifyElementNotClickableKeyword$_verifyElementNotClickable_closure1.call(VerifyElementNotClickableKeyword.groovy)
	at com.kms.katalon.core.webui.keyword.internal.WebUIKeywordMain.runKeyword(WebUIKeywordMain.groovy:20)
	... 19 more
)

2020-05-27 18:16:55 - [TEST_STEP][FAILED] - verifyElementNotClickable(findTestObject("Rizka/Admin/Admin - Manage Test - Quiz - New Question/btnSubmit")): Unable to verify object 'Object Repository/Rizka/Admin/Admin - Manage Test - Quiz - New Question/btnSubmit' to be NOT clickable (Root cause: com.kms.katalon.core.exception.StepFailedException: Unable to verify object 'Object Repository/Rizka/Admin/Admin - Manage Test - Quiz - New Question/btnSubmit' to be NOT clickable
	at com.kms.katalon.core.webui.keyword.internal.WebUIKeywordMain.stepFailed(WebUIKeywordMain.groovy:64)
	at com.kms.katalon.core.webui.keyword.internal.WebUIKeywordMain.runKeyword(WebUIKeywordMain.groovy:26)
	at com.kms.katalon.core.webui.keyword.builtin.VerifyElementNotClickableKeyword.verifyElementNotClickable(VerifyElementNotClickableKeyword.groovy:96)
	at com.kms.katalon.core.webui.keyword.builtin.VerifyElementNotClickableKeyword.execute(VerifyElementNotClickableKeyword.groovy:67)
	at com.kms.katalon.core.keyword.internal.KeywordExecutor.executeKeywordForPlatform(KeywordExecutor.groovy:72)
	at com.kms.katalon.core.webui.keyword.WebUiBuiltInKeywords.verifyElementNotClickable(WebUiBuiltInKeywords.groovy:591)
	at com.kms.katalon.core.webui.keyword.WebUiBuiltInKeywords$verifyElementNotClickable$6.call(Unknown Source)
	at Admin - Manage Test - Quiz - New Question.run(Admin - Manage Test - Quiz - New Question:107)
	at com.kms.katalon.core.main.ScriptEngine.run(ScriptEngine.java:194)
	at com.kms.katalon.core.main.ScriptEngine.runScriptAsRawText(ScriptEngine.java:119)
	at com.kms.katalon.core.main.TestCaseExecutor.runScript(TestCaseExecutor.java:337)
	at com.kms.katalon.core.main.TestCaseExecutor.doExecute(TestCaseExecutor.java:328)
	at com.kms.katalon.core.main.TestCaseExecutor.processExecutionPhase(TestCaseExecutor.java:307)
	at com.kms.katalon.core.main.TestCaseExecutor.accessMainPhase(TestCaseExecutor.java:299)
	at com.kms.katalon.core.main.TestCaseExecutor.execute(TestCaseExecutor.java:233)
	at com.kms.katalon.core.main.TestSuiteExecutor.accessTestCaseMainPhase(TestSuiteExecutor.java:169)
	at com.kms.katalon.core.main.TestSuiteExecutor.accessTestSuiteMainPhase(TestSuiteExecutor.java:142)
	at com.kms.katalon.core.main.TestSuiteExecutor.execute(TestSuiteExecutor.java:91)
	at com.kms.katalon.core.main.TestCaseMain.startTestSuite(TestCaseMain.java:157)
	at com.kms.katalon.core.main.TestCaseMain$startTestSuite$0.call(Unknown Source)
	at TempTestSuite1590576626088.run(TempTestSuite1590576626088.groovy:36)
Caused by: com.kms.katalon.core.exception.StepFailedException: Object 'Object Repository/Rizka/Admin/Admin - Manage Test - Quiz - New Question/btnSubmit' is clickable
	at com.kms.katalon.core.webui.keyword.internal.WebUIKeywordMain.stepFailed(WebUIKeywordMain.groovy:64)
	at com.kms.katalon.core.webui.keyword.builtin.VerifyElementNotClickableKeyword$_verifyElementNotClickable_closure1.doCall(VerifyElementNotClickableKeyword.groovy:80)
	at com.kms.katalon.core.webui.keyword.builtin.VerifyElementNotClickableKeyword$_verifyElementNotClickable_closure1.call(VerifyElementNotClickableKeyword.groovy)
	at com.kms.katalon.core.webui.keyword.internal.WebUIKeywordMain.runKeyword(WebUIKeywordMain.groovy:20)
	... 19 more
)

2020-05-27 18:16:56 - [MESSAGE][FAILED] - Object 'Object Repository/Rizka/Admin/Admin - Manage Test - Quiz - New Question/btnSubmit' is clickable (Root cause: com.kms.katalon.core.exception.StepFailedException: Object 'Object Repository/Rizka/Admin/Admin - Manage Test - Quiz - New Question/btnSubmit' is clickable
	at com.kms.katalon.core.webui.keyword.internal.WebUIKeywordMain.stepFailed(WebUIKeywordMain.groovy:64)
	at com.kms.katalon.core.webui.keyword.builtin.VerifyElementNotClickableKeyword$_verifyElementNotClickable_closure1.doCall(VerifyElementNotClickableKeyword.groovy:80)
	at com.kms.katalon.core.webui.keyword.builtin.VerifyElementNotClickableKeyword$_verifyElementNotClickable_closure1.call(VerifyElementNotClickableKeyword.groovy)
	at com.kms.katalon.core.webui.keyword.internal.WebUIKeywordMain.runKeyword(WebUIKeywordMain.groovy:20)
	at com.kms.katalon.core.webui.keyword.builtin.VerifyElementNotClickableKeyword.verifyElementNotClickable(VerifyElementNotClickableKeyword.groovy:96)
	at com.kms.katalon.core.webui.keyword.builtin.VerifyElementNotClickableKeyword.execute(VerifyElementNotClickableKeyword.groovy:67)
	at com.kms.katalon.core.keyword.internal.KeywordExecutor.executeKeywordForPlatform(KeywordExecutor.groovy:72)
	at com.kms.katalon.core.webui.keyword.WebUiBuiltInKeywords.verifyElementNotClickable(WebUiBuiltInKeywords.groovy:591)
	at com.kms.katalon.core.webui.keyword.WebUiBuiltInKeywords$verifyElementNotClickable$6.call(Unknown Source)
	at Admin - Manage Test - Quiz - New Question.run(Admin - Manage Test - Quiz - New Question:107)
	at com.kms.katalon.core.main.ScriptEngine.run(ScriptEngine.java:194)
	at com.kms.katalon.core.main.ScriptEngine.runScriptAsRawText(ScriptEngine.java:119)
	at com.kms.katalon.core.main.TestCaseExecutor.runScript(TestCaseExecutor.java:337)
	at com.kms.katalon.core.main.TestCaseExecutor.doExecute(TestCaseExecutor.java:328)
	at com.kms.katalon.core.main.TestCaseExecutor.processExecutionPhase(TestCaseExecutor.java:307)
	at com.kms.katalon.core.main.TestCaseExecutor.accessMainPhase(TestCaseExecutor.java:299)
	at com.kms.katalon.core.main.TestCaseExecutor.execute(TestCaseExecutor.java:233)
	at com.kms.katalon.core.main.TestSuiteExecutor.accessTestCaseMainPhase(TestSuiteExecutor.java:169)
	at com.kms.katalon.core.main.TestSuiteExecutor.accessTestSuiteMainPhase(TestSuiteExecutor.java:142)
	at com.kms.katalon.core.main.TestSuiteExecutor.execute(TestSuiteExecutor.java:91)
	at com.kms.katalon.core.main.TestCaseMain.startTestSuite(TestCaseMain.java:157)
	at com.kms.katalon.core.main.TestCaseMain$startTestSuite$0.call(Unknown Source)
	at TempTestSuite1590576626088.run(TempTestSuite1590576626088.groovy:36)
)
[[ATTACHMENT|D:\\MY WORLD\\WORKS (TUGAS)\\LearningManagementWeb\\Reports\\20200527_175026\\Rizka\\Admin\\Admin - Manage Test - Quiz\\20200527_175026\\1590578215970.png]]

2020-05-27 18:16:56 - [MESSAGE][FAILED] - Unable to verify object 'Object Repository/Rizka/Admin/Admin - Manage Test - Quiz - New Question/btnSubmit' to be NOT clickable (Root cause: com.kms.katalon.core.exception.StepFailedException: Unable to verify object 'Object Repository/Rizka/Admin/Admin - Manage Test - Quiz - New Question/btnSubmit' to be NOT clickable
	at com.kms.katalon.core.webui.keyword.internal.WebUIKeywordMain.stepFailed(WebUIKeywordMain.groovy:64)
	at com.kms.katalon.core.webui.keyword.internal.WebUIKeywordMain.runKeyword(WebUIKeywordMain.groovy:26)
	at com.kms.katalon.core.webui.keyword.builtin.VerifyElementNotClickableKeyword.verifyElementNotClickable(VerifyElementNotClickableKeyword.groovy:96)
	at com.kms.katalon.core.webui.keyword.builtin.VerifyElementNotClickableKeyword.execute(VerifyElementNotClickableKeyword.groovy:67)
	at com.kms.katalon.core.keyword.internal.KeywordExecutor.executeKeywordForPlatform(KeywordExecutor.groovy:72)
	at com.kms.katalon.core.webui.keyword.WebUiBuiltInKeywords.verifyElementNotClickable(WebUiBuiltInKeywords.groovy:591)
	at com.kms.katalon.core.webui.keyword.WebUiBuiltInKeywords$verifyElementNotClickable$6.call(Unknown Source)
	at Admin - Manage Test - Quiz - New Question.run(Admin - Manage Test - Quiz - New Question:107)
	at com.kms.katalon.core.main.ScriptEngine.run(ScriptEngine.java:194)
	at com.kms.katalon.core.main.ScriptEngine.runScriptAsRawText(ScriptEngine.java:119)
	at com.kms.katalon.core.main.TestCaseExecutor.runScript(TestCaseExecutor.java:337)
	at com.kms.katalon.core.main.TestCaseExecutor.doExecute(TestCaseExecutor.java:328)
	at com.kms.katalon.core.main.TestCaseExecutor.processExecutionPhase(TestCaseExecutor.java:307)
	at com.kms.katalon.core.main.TestCaseExecutor.accessMainPhase(TestCaseExecutor.java:299)
	at com.kms.katalon.core.main.TestCaseExecutor.execute(TestCaseExecutor.java:233)
	at com.kms.katalon.core.main.TestSuiteExecutor.accessTestCaseMainPhase(TestSuiteExecutor.java:169)
	at com.kms.katalon.core.main.TestSuiteExecutor.accessTestSuiteMainPhase(TestSuiteExecutor.java:142)
	at com.kms.katalon.core.main.TestSuiteExecutor.execute(TestSuiteExecutor.java:91)
	at com.kms.katalon.core.main.TestCaseMain.startTestSuite(TestCaseMain.java:157)
	at com.kms.katalon.core.main.TestCaseMain$startTestSuite$0.call(Unknown Source)
	at TempTestSuite1590576626088.run(TempTestSuite1590576626088.groovy:36)
Caused by: com.kms.katalon.core.exception.StepFailedException: Object 'Object Repository/Rizka/Admin/Admin - Manage Test - Quiz - New Question/btnSubmit' is clickable
	at com.kms.katalon.core.webui.keyword.internal.WebUIKeywordMain.stepFailed(WebUIKeywordMain.groovy:64)
	at com.kms.katalon.core.webui.keyword.builtin.VerifyElementNotClickableKeyword$_verifyElementNotClickable_closure1.doCall(VerifyElementNotClickableKeyword.groovy:80)
	at com.kms.katalon.core.webui.keyword.builtin.VerifyElementNotClickableKeyword$_verifyElementNotClickable_closure1.call(VerifyElementNotClickableKeyword.groovy)
	at com.kms.katalon.core.webui.keyword.internal.WebUIKeywordMain.runKeyword(WebUIKeywordMain.groovy:20)
	... 19 more
)
[[ATTACHMENT|D:\\MY WORLD\\WORKS (TUGAS)\\LearningManagementWeb\\Reports\\20200527_175026\\Rizka\\Admin\\Admin - Manage Test - Quiz\\20200527_175026\\1590578216376.png]]]]></system-out>
         <system-err><![CDATA[2020-05-27 18:14:23 - [TEST_CASE][FAILED] - Test Cases/Rizka/Admin/Manage Test/Admin - Manage Test - Quiz - New Question: Test Cases/Rizka/Admin/Manage Test/Admin - Manage Test - Quiz - New Question FAILED.
Reason:
com.kms.katalon.core.exception.StepFailedException: Unable to verify object 'Object Repository/Rizka/Admin/Admin - Manage Test - Quiz - New Question/btnSubmit' to be NOT clickable
	at com.kms.katalon.core.webui.keyword.internal.WebUIKeywordMain.stepFailed(WebUIKeywordMain.groovy:64)
	at com.kms.katalon.core.webui.keyword.internal.WebUIKeywordMain.runKeyword(WebUIKeywordMain.groovy:26)
	at com.kms.katalon.core.webui.keyword.builtin.VerifyElementNotClickableKeyword.verifyElementNotClickable(VerifyElementNotClickableKeyword.groovy:96)
	at com.kms.katalon.core.webui.keyword.builtin.VerifyElementNotClickableKeyword.execute(VerifyElementNotClickableKeyword.groovy:67)
	at com.kms.katalon.core.keyword.internal.KeywordExecutor.executeKeywordForPlatform(KeywordExecutor.groovy:72)
	at com.kms.katalon.core.webui.keyword.WebUiBuiltInKeywords.verifyElementNotClickable(WebUiBuiltInKeywords.groovy:591)
	at com.kms.katalon.core.webui.keyword.WebUiBuiltInKeywords$verifyElementNotClickable$6.call(Unknown Source)
	at Admin - Manage Test - Quiz - New Question.run(Admin - Manage Test - Quiz - New Question:107)
	at com.kms.katalon.core.main.ScriptEngine.run(ScriptEngine.java:194)
	at com.kms.katalon.core.main.ScriptEngine.runScriptAsRawText(ScriptEngine.java:119)
	at com.kms.katalon.core.main.TestCaseExecutor.runScript(TestCaseExecutor.java:337)
	at com.kms.katalon.core.main.TestCaseExecutor.doExecute(TestCaseExecutor.java:328)
	at com.kms.katalon.core.main.TestCaseExecutor.processExecutionPhase(TestCaseExecutor.java:307)
	at com.kms.katalon.core.main.TestCaseExecutor.accessMainPhase(TestCaseExecutor.java:299)
	at com.kms.katalon.core.main.TestCaseExecutor.execute(TestCaseExecutor.java:233)
	at com.kms.katalon.core.main.TestSuiteExecutor.accessTestCaseMainPhase(TestSuiteExecutor.java:169)
	at com.kms.katalon.core.main.TestSuiteExecutor.accessTestSuiteMainPhase(TestSuiteExecutor.java:142)
	at com.kms.katalon.core.main.TestSuiteExecutor.execute(TestSuiteExecutor.java:91)
	at com.kms.katalon.core.main.TestCaseMain.startTestSuite(TestCaseMain.java:157)
	at com.kms.katalon.core.main.TestCaseMain$startTestSuite$0.call(Unknown Source)
	at TempTestSuite1590576626088.run(TempTestSuite1590576626088.groovy:36)
Caused by: com.kms.katalon.core.exception.StepFailedException: Object 'Object Repository/Rizka/Admin/Admin - Manage Test - Quiz - New Question/btnSubmit' is clickable
	at com.kms.katalon.core.webui.keyword.internal.WebUIKeywordMain.stepFailed(WebUIKeywordMain.groovy:64)
	at com.kms.katalon.core.webui.keyword.builtin.VerifyElementNotClickableKeyword$_verifyElementNotClickable_closure1.doCall(VerifyElementNotClickableKeyword.groovy:80)
	at com.kms.katalon.core.webui.keyword.builtin.VerifyElementNotClickableKeyword$_verifyElementNotClickable_closure1.call(VerifyElementNotClickableKeyword.groovy)
	at com.kms.katalon.core.webui.keyword.internal.WebUIKeywordMain.runKeyword(WebUIKeywordMain.groovy:20)
	... 19 more]]></system-err>
      </testcase>
      <testcase name="Test Cases/Rizka/Admin/Manage Test/Admin - Manage Test - Quiz - New Question" time="124.28" classname="Test Cases/Rizka/Admin/Manage Test/Admin - Manage Test - Quiz - New Question" status="FAILED">
         <failure type="FAILED" message="Test Cases/Rizka/Admin/Manage Test/Admin - Manage Test - Quiz - New Question FAILED.
Reason:
com.kms.katalon.core.exception.StepFailedException: Unable to verify object 'Object Repository/Rizka/Admin/Admin - Manage Test - Quiz - New Question/btnSubmit' to be NOT clickable
	at com.kms.katalon.core.webui.keyword.internal.WebUIKeywordMain.stepFailed(WebUIKeywordMain.groovy:64)
	at com.kms.katalon.core.webui.keyword.internal.WebUIKeywordMain.runKeyword(WebUIKeywordMain.groovy:26)
	at com.kms.katalon.core.webui.keyword.builtin.VerifyElementNotClickableKeyword.verifyElementNotClickable(VerifyElementNotClickableKeyword.groovy:96)
	at com.kms.katalon.core.webui.keyword.builtin.VerifyElementNotClickableKeyword.execute(VerifyElementNotClickableKeyword.groovy:67)
	at com.kms.katalon.core.keyword.internal.KeywordExecutor.executeKeywordForPlatform(KeywordExecutor.groovy:72)
	at com.kms.katalon.core.webui.keyword.WebUiBuiltInKeywords.verifyElementNotClickable(WebUiBuiltInKeywords.groovy:591)
	at com.kms.katalon.core.webui.keyword.WebUiBuiltInKeywords$verifyElementNotClickable$6.call(Unknown Source)
	at Admin - Manage Test - Quiz - New Question.run(Admin - Manage Test - Quiz - New Question:107)
	at com.kms.katalon.core.main.ScriptEngine.run(ScriptEngine.java:194)
	at com.kms.katalon.core.main.ScriptEngine.runScriptAsRawText(ScriptEngine.java:119)
	at com.kms.katalon.core.main.TestCaseExecutor.runScript(TestCaseExecutor.java:337)
	at com.kms.katalon.core.main.TestCaseExecutor.doExecute(TestCaseExecutor.java:328)
	at com.kms.katalon.core.main.TestCaseExecutor.processExecutionPhase(TestCaseExecutor.java:307)
	at com.kms.katalon.core.main.TestCaseExecutor.accessMainPhase(TestCaseExecutor.java:299)
	at com.kms.katalon.core.main.TestCaseExecutor.execute(TestCaseExecutor.java:233)
	at com.kms.katalon.core.main.TestSuiteExecutor.accessTestCaseMainPhase(TestSuiteExecutor.java:169)
	at com.kms.katalon.core.main.TestSuiteExecutor.accessTestSuiteMainPhase(TestSuiteExecutor.java:142)
	at com.kms.katalon.core.main.TestSuiteExecutor.execute(TestSuiteExecutor.java:91)
	at com.kms.katalon.core.main.TestCaseMain.startTestSuite(TestCaseMain.java:157)
	at com.kms.katalon.core.main.TestCaseMain$startTestSuite$0.call(Unknown Source)
	at TempTestSuite1590576626088.run(TempTestSuite1590576626088.groovy:36)
Caused by: com.kms.katalon.core.exception.StepFailedException: Object 'Object Repository/Rizka/Admin/Admin - Manage Test - Quiz - New Question/btnSubmit' is clickable
	at com.kms.katalon.core.webui.keyword.internal.WebUIKeywordMain.stepFailed(WebUIKeywordMain.groovy:64)
	at com.kms.katalon.core.webui.keyword.builtin.VerifyElementNotClickableKeyword$_verifyElementNotClickable_closure1.doCall(VerifyElementNotClickableKeyword.groovy:80)
	at com.kms.katalon.core.webui.keyword.builtin.VerifyElementNotClickableKeyword$_verifyElementNotClickable_closure1.call(VerifyElementNotClickableKeyword.groovy)
	at com.kms.katalon.core.webui.keyword.internal.WebUIKeywordMain.runKeyword(WebUIKeywordMain.groovy:20)
	... 19 more
"/>
         <system-out><![CDATA[2020-05-27 18:16:56 - [TEST_CASE][FAILED] - Test Cases/Rizka/Admin/Manage Test/Admin - Manage Test - Quiz - New Question: Test Cases/Rizka/Admin/Manage Test/Admin - Manage Test - Quiz - New Question FAILED.
Reason:
com.kms.katalon.core.exception.StepFailedException: Unable to verify object 'Object Repository/Rizka/Admin/Admin - Manage Test - Quiz - New Question/btnSubmit' to be NOT clickable
	at com.kms.katalon.core.webui.keyword.internal.WebUIKeywordMain.stepFailed(WebUIKeywordMain.groovy:64)
	at com.kms.katalon.core.webui.keyword.internal.WebUIKeywordMain.runKeyword(WebUIKeywordMain.groovy:26)
	at com.kms.katalon.core.webui.keyword.builtin.VerifyElementNotClickableKeyword.verifyElementNotClickable(VerifyElementNotClickableKeyword.groovy:96)
	at com.kms.katalon.core.webui.keyword.builtin.VerifyElementNotClickableKeyword.execute(VerifyElementNotClickableKeyword.groovy:67)
	at com.kms.katalon.core.keyword.internal.KeywordExecutor.executeKeywordForPlatform(KeywordExecutor.groovy:72)
	at com.kms.katalon.core.webui.keyword.WebUiBuiltInKeywords.verifyElementNotClickable(WebUiBuiltInKeywords.groovy:591)
	at com.kms.katalon.core.webui.keyword.WebUiBuiltInKeywords$verifyElementNotClickable$6.call(Unknown Source)
	at Admin - Manage Test - Quiz - New Question.run(Admin - Manage Test - Quiz - New Question:107)
	at com.kms.katalon.core.main.ScriptEngine.run(ScriptEngine.java:194)
	at com.kms.katalon.core.main.ScriptEngine.runScriptAsRawText(ScriptEngine.java:119)
	at com.kms.katalon.core.main.TestCaseExecutor.runScript(TestCaseExecutor.java:337)
	at com.kms.katalon.core.main.TestCaseExecutor.doExecute(TestCaseExecutor.java:328)
	at com.kms.katalon.core.main.TestCaseExecutor.processExecutionPhase(TestCaseExecutor.java:307)
	at com.kms.katalon.core.main.TestCaseExecutor.accessMainPhase(TestCaseExecutor.java:299)
	at com.kms.katalon.core.main.TestCaseExecutor.execute(TestCaseExecutor.java:233)
	at com.kms.katalon.core.main.TestSuiteExecutor.accessTestCaseMainPhase(TestSuiteExecutor.java:169)
	at com.kms.katalon.core.main.TestSuiteExecutor.accessTestSuiteMainPhase(TestSuiteExecutor.java:142)
	at com.kms.katalon.core.main.TestSuiteExecutor.execute(TestSuiteExecutor.java:91)
	at com.kms.katalon.core.main.TestCaseMain.startTestSuite(TestCaseMain.java:157)
	at com.kms.katalon.core.main.TestCaseMain$startTestSuite$0.call(Unknown Source)
	at TempTestSuite1590576626088.run(TempTestSuite1590576626088.groovy:36)
Caused by: com.kms.katalon.core.exception.StepFailedException: Object 'Object Repository/Rizka/Admin/Admin - Manage Test - Quiz - New Question/btnSubmit' is clickable
	at com.kms.katalon.core.webui.keyword.internal.WebUIKeywordMain.stepFailed(WebUIKeywordMain.groovy:64)
	at com.kms.katalon.core.webui.keyword.builtin.VerifyElementNotClickableKeyword$_verifyElementNotClickable_closure1.doCall(VerifyElementNotClickableKeyword.groovy:80)
	at com.kms.katalon.core.webui.keyword.builtin.VerifyElementNotClickableKeyword$_verifyElementNotClickable_closure1.call(VerifyElementNotClickableKeyword.groovy)
	at com.kms.katalon.core.webui.keyword.internal.WebUIKeywordMain.runKeyword(WebUIKeywordMain.groovy:20)
	... 19 more


2020-05-27 18:16:56 - [TEST_STEP][PASSED] - callTestCase(findTestCase("Rizka/Admin/AdminMainLogin"), [:], STOP_ON_FAILURE): Call Test Case 'Test Cases/Rizka/Admin/AdminMainLogin' successfully

2020-05-27 18:16:57 - [TEST_CASE][PASSED] - Test Cases/Rizka/Admin/AdminMainLogin: Test Cases/Rizka/Admin/AdminMainLogin

2020-05-27 18:16:57 - [TEST_STEP][PASSED] - openBrowser("https://appsrv1.deltadatamandiri.com/ACC_LMS_WEB/#/admNLmn"): Browser is opened with url: 'https://appsrv1.deltadatamandiri.com/ACC_LMS_WEB/#/admNLmn'

2020-05-27 18:16:57 - [MESSAGE][WARNING] - A browser is already opened. Closing browser and opening a new one

2020-05-27 18:16:58 - [MESSAGE][INFO] - Starting 'Chrome' driver

2020-05-27 18:17:25 - [MESSAGE][PASSED] - Browser is opened with url: 'https://appsrv1.deltadatamandiri.com/ACC_LMS_WEB/#/admNLmn'

2020-05-27 18:17:25 - [TEST_STEP][PASSED] - maximizeWindow(): Current window maximized

2020-05-27 18:17:26 - [MESSAGE][PASSED] - Current window maximized

2020-05-27 18:17:26 - [TEST_STEP][PASSED] - delay(15): Delayed 15 second(s)

2020-05-27 18:17:41 - [MESSAGE][PASSED] - Delayed 15 second(s)

2020-05-27 18:17:41 - [TEST_STEP][PASSED] - click(findTestObject("Rizka/Admin/Admin - Login/btnLogin")): Object: 'Object Repository/Rizka/Admin/Admin - Login/btnLogin' is clicked on

2020-05-27 18:17:41 - [MESSAGE][PASSED] - Object: 'Object Repository/Rizka/Admin/Admin - Login/btnLogin' is clicked on

2020-05-27 18:17:41 - [TEST_STEP][PASSED] - setText(findTestObject("Rizka/Admin/Admin - Login/txtUsername"), "11666"): Text '11666' is set on object 'Object Repository/Rizka/Admin/Admin - Login/txtUsername'

2020-05-27 18:17:42 - [MESSAGE][PASSED] - Text '11666' is set on object 'Object Repository/Rizka/Admin/Admin - Login/txtUsername'

2020-05-27 18:17:42 - [TEST_STEP][PASSED] - setText(findTestObject("Rizka/Admin/Admin - Login/txtPassword"), "Password3"): Text 'Password3' is set on object 'Object Repository/Rizka/Admin/Admin - Login/txtPassword'

2020-05-27 18:17:42 - [MESSAGE][PASSED] - Text 'Password3' is set on object 'Object Repository/Rizka/Admin/Admin - Login/txtPassword'

2020-05-27 18:17:42 - [TEST_STEP][PASSED] - click(findTestObject("Rizka/Admin/Admin - Login/btnEyePass")): Object: 'Object Repository/Rizka/Admin/Admin - Login/btnEyePass' is clicked on

2020-05-27 18:17:43 - [MESSAGE][PASSED] - Object: 'Object Repository/Rizka/Admin/Admin - Login/btnEyePass' is clicked on

2020-05-27 18:17:43 - [TEST_STEP][PASSED] - click(findTestObject("Rizka/Admin/Admin - Login/checkboxRememberMe")): Object: 'Object Repository/Rizka/Admin/Admin - Login/checkboxRememberMe' is clicked on

2020-05-27 18:17:43 - [MESSAGE][PASSED] - Object: 'Object Repository/Rizka/Admin/Admin - Login/checkboxRememberMe' is clicked on

2020-05-27 18:17:43 - [TEST_STEP][PASSED] - click(findTestObject("Rizka/Admin/Admin - Login/btnLogin2")): Object: 'Object Repository/Rizka/Admin/Admin - Login/btnLogin2' is clicked on

2020-05-27 18:17:44 - [MESSAGE][PASSED] - Object: 'Object Repository/Rizka/Admin/Admin - Login/btnLogin2' is clicked on

2020-05-27 18:17:44 - [TEST_STEP][PASSED] - delay(15): Delayed 15 second(s)

2020-05-27 18:17:59 - [MESSAGE][PASSED] - Delayed 15 second(s)

2020-05-27 18:17:59 - [MESSAGE][PASSED] - Call Test Case 'Test Cases/Rizka/Admin/AdminMainLogin' successfully

2020-05-27 18:17:59 - [TEST_STEP][PASSED] - click(findTestObject("Rizka/Admin/Admin - Manage Test - Quiz - New Question/btnManageTest")): Object: 'Object Repository/Rizka/Admin/Admin - Manage Test - Quiz - New Question/btnManageTest' is clicked on

2020-05-27 18:17:59 - [MESSAGE][PASSED] - Object: 'Object Repository/Rizka/Admin/Admin - Manage Test - Quiz - New Question/btnManageTest' is clicked on

2020-05-27 18:17:59 - [TEST_STEP][PASSED] - delay(5): Delayed 5 second(s)

2020-05-27 18:18:04 - [MESSAGE][PASSED] - Delayed 5 second(s)

2020-05-27 18:18:04 - [TEST_STEP][PASSED] - click(findTestObject("Rizka/Admin/Admin - Manage Test - Quiz - New Question/btnQuiz")): Object: 'Object Repository/Rizka/Admin/Admin - Manage Test - Quiz - New Question/btnQuiz' is clicked on

2020-05-27 18:18:05 - [MESSAGE][PASSED] - Object: 'Object Repository/Rizka/Admin/Admin - Manage Test - Quiz - New Question/btnQuiz' is clicked on

2020-05-27 18:18:05 - [TEST_STEP][PASSED] - delay(5): Delayed 5 second(s)

2020-05-27 18:18:10 - [MESSAGE][PASSED] - Delayed 5 second(s)

2020-05-27 18:18:10 - [TEST_STEP][PASSED] - click(findTestObject("Rizka/Admin/Admin - Manage Test - Quiz - New Question/btnNewQuestion")): Object: 'Object Repository/Rizka/Admin/Admin - Manage Test - Quiz - New Question/btnNewQuestion' is clicked on

2020-05-27 18:18:30 - [MESSAGE][PASSED] - Object: 'Object Repository/Rizka/Admin/Admin - Manage Test - Quiz - New Question/btnNewQuestion' is clicked on

2020-05-27 18:18:30 - [TEST_STEP][PASSED] - delay(5): Delayed 5 second(s)

2020-05-27 18:18:35 - [MESSAGE][PASSED] - Delayed 5 second(s)

2020-05-27 18:18:35 - [TEST_STEP][PASSED] - if (tipeSoal != ""): All options with label 'Benar / Salah' are selected in object 'Object Repository/Rizka/Admin/Admin - Manage Test - Quiz - New Question/fieldTipeSoal' 

2020-05-27 18:18:35 - [TEST_STEP][PASSED] - selectOptionByLabel(findTestObject("Rizka/Admin/Admin - Manage Test - Quiz - New Question/fieldTipeSoal"), tipeSoal, false): All options with label 'Benar / Salah' are selected in object 'Object Repository/Rizka/Admin/Admin - Manage Test - Quiz - New Question/fieldTipeSoal' 

2020-05-27 18:18:40 - [MESSAGE][PASSED] - All options with label 'Benar / Salah' are selected in object 'Object Repository/Rizka/Admin/Admin - Manage Test - Quiz - New Question/fieldTipeSoal' 

2020-05-27 18:18:40 - [TEST_STEP][PASSED] - if (jobFunction != ""): All options with label 'SALES' are selected in object 'Object Repository/Rizka/Admin/Admin - Manage Test - Quiz - New Question/fieldJobFunction' 

2020-05-27 18:18:40 - [TEST_STEP][PASSED] - selectOptionByLabel(findTestObject("Rizka/Admin/Admin - Manage Test - Quiz - New Question/fieldJobFunction"), jobFunction, false): All options with label 'SALES' are selected in object 'Object Repository/Rizka/Admin/Admin - Manage Test - Quiz - New Question/fieldJobFunction' 

2020-05-27 18:18:48 - [MESSAGE][PASSED] - All options with label 'SALES' are selected in object 'Object Repository/Rizka/Admin/Admin - Manage Test - Quiz - New Question/fieldJobFunction' 

2020-05-27 18:18:48 - [TEST_STEP][PASSED] - delay(3): Delayed 3 second(s)

2020-05-27 18:18:51 - [MESSAGE][PASSED] - Delayed 3 second(s)

2020-05-27 18:18:51 - [TEST_STEP][PASSED] - if (jobPosition != ""): All options with label 'SALES MANAGER' are selected in object 'Object Repository/Rizka/Admin/Admin - Manage Test - Quiz - New Question/fieldJobPosition' 

2020-05-27 18:18:51 - [TEST_STEP][PASSED] - selectOptionByLabel(findTestObject("Rizka/Admin/Admin - Manage Test - Quiz - New Question/fieldJobPosition"), jobPosition, false): All options with label 'SALES MANAGER' are selected in object 'Object Repository/Rizka/Admin/Admin - Manage Test - Quiz - New Question/fieldJobPosition' 

2020-05-27 18:18:52 - [MESSAGE][PASSED] - All options with label 'SALES MANAGER' are selected in object 'Object Repository/Rizka/Admin/Admin - Manage Test - Quiz - New Question/fieldJobPosition' 

2020-05-27 18:18:52 - [TEST_STEP][PASSED] - if (module != ""): All options with label 'NEOP RCCA' are selected in object 'Object Repository/Rizka/Admin/Admin - Manage Test - Quiz - New Question/fieldModul' 

2020-05-27 18:18:52 - [TEST_STEP][PASSED] - selectOptionByLabel(findTestObject("Rizka/Admin/Admin - Manage Test - Quiz - New Question/fieldModul"), module, false): All options with label 'NEOP RCCA' are selected in object 'Object Repository/Rizka/Admin/Admin - Manage Test - Quiz - New Question/fieldModul' 

2020-05-27 18:18:52 - [MESSAGE][PASSED] - All options with label 'NEOP RCCA' are selected in object 'Object Repository/Rizka/Admin/Admin - Manage Test - Quiz - New Question/fieldModul' 

2020-05-27 18:18:52 - [TEST_STEP][PASSED] - if (subModule != ""): All options with label 'Post-Test' are selected in object 'Object Repository/Rizka/Admin/Admin - Manage Test - Quiz - New Question/fieldSubModul' 

2020-05-27 18:18:52 - [TEST_STEP][PASSED] - selectOptionByLabel(findTestObject("Rizka/Admin/Admin - Manage Test - Quiz - New Question/fieldSubModul"), subModule, false): All options with label 'Post-Test' are selected in object 'Object Repository/Rizka/Admin/Admin - Manage Test - Quiz - New Question/fieldSubModul' 

2020-05-27 18:18:55 - [MESSAGE][PASSED] - All options with label 'Post-Test' are selected in object 'Object Repository/Rizka/Admin/Admin - Manage Test - Quiz - New Question/fieldSubModul' 

2020-05-27 18:18:55 - [TEST_STEP][PASSED] - if (technicalCompetence != ""): null

2020-05-27 18:18:55 - [TEST_STEP][PASSED] - if (levelCompetence != ""): Text '12' is set on object 'Object Repository/Rizka/Admin/Admin - Manage Test - Quiz - New Question/fieldLevelCompetence'

2020-05-27 18:18:55 - [TEST_STEP][PASSED] - setText(findTestObject("Rizka/Admin/Admin - Manage Test - Quiz - New Question/fieldLevelCompetence"), levelCompetence, STOP_ON_FAILURE): Text '12' is set on object 'Object Repository/Rizka/Admin/Admin - Manage Test - Quiz - New Question/fieldLevelCompetence'

2020-05-27 18:18:56 - [MESSAGE][PASSED] - Text '12' is set on object 'Object Repository/Rizka/Admin/Admin - Manage Test - Quiz - New Question/fieldLevelCompetence'

2020-05-27 18:18:56 - [TEST_STEP][PASSED] - if (soalQuestion != ""): Text 'New Question (12)' is set on object 'Object Repository/Rizka/Admin/Admin - Manage Test - Quiz - New Question/fieldQuestion'

2020-05-27 18:18:56 - [TEST_STEP][PASSED] - setText(findTestObject("Rizka/Admin/Admin - Manage Test - Quiz - New Question/fieldQuestion"), soalQuestion): Text 'New Question (12)' is set on object 'Object Repository/Rizka/Admin/Admin - Manage Test - Quiz - New Question/fieldQuestion'

2020-05-27 18:18:58 - [MESSAGE][PASSED] - Text 'New Question (12)' is set on object 'Object Repository/Rizka/Admin/Admin - Manage Test - Quiz - New Question/fieldQuestion'

2020-05-27 18:18:58 - [TEST_STEP][PASSED] - if (tipeSoal == "Pilihan Ganda"): null

2020-05-27 18:18:58 - [TEST_STEP][PASSED] - else if (tipeSoal == "Benar / Salah"): All options with label 'Salah' are selected in object 'Object Repository/Rizka/Admin/Admin - Manage Test - Quiz - New Question/fieldBenarSalah' 

2020-05-27 18:18:58 - [TEST_STEP][PASSED] - selectOptionByLabel(findTestObject("Rizka/Admin/Admin - Manage Test - Quiz - New Question/fieldBenarSalah"), kunciJawaban, false): All options with label 'Salah' are selected in object 'Object Repository/Rizka/Admin/Admin - Manage Test - Quiz - New Question/fieldBenarSalah' 

2020-05-27 18:18:59 - [MESSAGE][PASSED] - All options with label 'Salah' are selected in object 'Object Repository/Rizka/Admin/Admin - Manage Test - Quiz - New Question/fieldBenarSalah' 

2020-05-27 18:18:59 - [TEST_STEP][PASSED] - if (condition == "passed"): null

2020-05-27 18:18:59 - [TEST_STEP][FAILED] - else: Unable to verify object 'Object Repository/Rizka/Admin/Admin - Manage Test - Quiz - New Question/btnSubmit' to be NOT clickable (Root cause: com.kms.katalon.core.exception.StepFailedException: Unable to verify object 'Object Repository/Rizka/Admin/Admin - Manage Test - Quiz - New Question/btnSubmit' to be NOT clickable
	at com.kms.katalon.core.webui.keyword.internal.WebUIKeywordMain.stepFailed(WebUIKeywordMain.groovy:64)
	at com.kms.katalon.core.webui.keyword.internal.WebUIKeywordMain.runKeyword(WebUIKeywordMain.groovy:26)
	at com.kms.katalon.core.webui.keyword.builtin.VerifyElementNotClickableKeyword.verifyElementNotClickable(VerifyElementNotClickableKeyword.groovy:96)
	at com.kms.katalon.core.webui.keyword.builtin.VerifyElementNotClickableKeyword.execute(VerifyElementNotClickableKeyword.groovy:67)
	at com.kms.katalon.core.keyword.internal.KeywordExecutor.executeKeywordForPlatform(KeywordExecutor.groovy:72)
	at com.kms.katalon.core.webui.keyword.WebUiBuiltInKeywords.verifyElementNotClickable(WebUiBuiltInKeywords.groovy:591)
	at com.kms.katalon.core.webui.keyword.WebUiBuiltInKeywords$verifyElementNotClickable$6.call(Unknown Source)
	at Admin - Manage Test - Quiz - New Question.run(Admin - Manage Test - Quiz - New Question:107)
	at com.kms.katalon.core.main.ScriptEngine.run(ScriptEngine.java:194)
	at com.kms.katalon.core.main.ScriptEngine.runScriptAsRawText(ScriptEngine.java:119)
	at com.kms.katalon.core.main.TestCaseExecutor.runScript(TestCaseExecutor.java:337)
	at com.kms.katalon.core.main.TestCaseExecutor.doExecute(TestCaseExecutor.java:328)
	at com.kms.katalon.core.main.TestCaseExecutor.processExecutionPhase(TestCaseExecutor.java:307)
	at com.kms.katalon.core.main.TestCaseExecutor.accessMainPhase(TestCaseExecutor.java:299)
	at com.kms.katalon.core.main.TestCaseExecutor.execute(TestCaseExecutor.java:233)
	at com.kms.katalon.core.main.TestSuiteExecutor.accessTestCaseMainPhase(TestSuiteExecutor.java:169)
	at com.kms.katalon.core.main.TestSuiteExecutor.accessTestSuiteMainPhase(TestSuiteExecutor.java:142)
	at com.kms.katalon.core.main.TestSuiteExecutor.execute(TestSuiteExecutor.java:91)
	at com.kms.katalon.core.main.TestCaseMain.startTestSuite(TestCaseMain.java:157)
	at com.kms.katalon.core.main.TestCaseMain$startTestSuite$0.call(Unknown Source)
	at TempTestSuite1590576626088.run(TempTestSuite1590576626088.groovy:36)
Caused by: com.kms.katalon.core.exception.StepFailedException: Object 'Object Repository/Rizka/Admin/Admin - Manage Test - Quiz - New Question/btnSubmit' is clickable
	at com.kms.katalon.core.webui.keyword.internal.WebUIKeywordMain.stepFailed(WebUIKeywordMain.groovy:64)
	at com.kms.katalon.core.webui.keyword.builtin.VerifyElementNotClickableKeyword$_verifyElementNotClickable_closure1.doCall(VerifyElementNotClickableKeyword.groovy:80)
	at com.kms.katalon.core.webui.keyword.builtin.VerifyElementNotClickableKeyword$_verifyElementNotClickable_closure1.call(VerifyElementNotClickableKeyword.groovy)
	at com.kms.katalon.core.webui.keyword.internal.WebUIKeywordMain.runKeyword(WebUIKeywordMain.groovy:20)
	... 19 more
)

2020-05-27 18:18:59 - [TEST_STEP][FAILED] - verifyElementNotClickable(findTestObject("Rizka/Admin/Admin - Manage Test - Quiz - New Question/btnSubmit")): Unable to verify object 'Object Repository/Rizka/Admin/Admin - Manage Test - Quiz - New Question/btnSubmit' to be NOT clickable (Root cause: com.kms.katalon.core.exception.StepFailedException: Unable to verify object 'Object Repository/Rizka/Admin/Admin - Manage Test - Quiz - New Question/btnSubmit' to be NOT clickable
	at com.kms.katalon.core.webui.keyword.internal.WebUIKeywordMain.stepFailed(WebUIKeywordMain.groovy:64)
	at com.kms.katalon.core.webui.keyword.internal.WebUIKeywordMain.runKeyword(WebUIKeywordMain.groovy:26)
	at com.kms.katalon.core.webui.keyword.builtin.VerifyElementNotClickableKeyword.verifyElementNotClickable(VerifyElementNotClickableKeyword.groovy:96)
	at com.kms.katalon.core.webui.keyword.builtin.VerifyElementNotClickableKeyword.execute(VerifyElementNotClickableKeyword.groovy:67)
	at com.kms.katalon.core.keyword.internal.KeywordExecutor.executeKeywordForPlatform(KeywordExecutor.groovy:72)
	at com.kms.katalon.core.webui.keyword.WebUiBuiltInKeywords.verifyElementNotClickable(WebUiBuiltInKeywords.groovy:591)
	at com.kms.katalon.core.webui.keyword.WebUiBuiltInKeywords$verifyElementNotClickable$6.call(Unknown Source)
	at Admin - Manage Test - Quiz - New Question.run(Admin - Manage Test - Quiz - New Question:107)
	at com.kms.katalon.core.main.ScriptEngine.run(ScriptEngine.java:194)
	at com.kms.katalon.core.main.ScriptEngine.runScriptAsRawText(ScriptEngine.java:119)
	at com.kms.katalon.core.main.TestCaseExecutor.runScript(TestCaseExecutor.java:337)
	at com.kms.katalon.core.main.TestCaseExecutor.doExecute(TestCaseExecutor.java:328)
	at com.kms.katalon.core.main.TestCaseExecutor.processExecutionPhase(TestCaseExecutor.java:307)
	at com.kms.katalon.core.main.TestCaseExecutor.accessMainPhase(TestCaseExecutor.java:299)
	at com.kms.katalon.core.main.TestCaseExecutor.execute(TestCaseExecutor.java:233)
	at com.kms.katalon.core.main.TestSuiteExecutor.accessTestCaseMainPhase(TestSuiteExecutor.java:169)
	at com.kms.katalon.core.main.TestSuiteExecutor.accessTestSuiteMainPhase(TestSuiteExecutor.java:142)
	at com.kms.katalon.core.main.TestSuiteExecutor.execute(TestSuiteExecutor.java:91)
	at com.kms.katalon.core.main.TestCaseMain.startTestSuite(TestCaseMain.java:157)
	at com.kms.katalon.core.main.TestCaseMain$startTestSuite$0.call(Unknown Source)
	at TempTestSuite1590576626088.run(TempTestSuite1590576626088.groovy:36)
Caused by: com.kms.katalon.core.exception.StepFailedException: Object 'Object Repository/Rizka/Admin/Admin - Manage Test - Quiz - New Question/btnSubmit' is clickable
	at com.kms.katalon.core.webui.keyword.internal.WebUIKeywordMain.stepFailed(WebUIKeywordMain.groovy:64)
	at com.kms.katalon.core.webui.keyword.builtin.VerifyElementNotClickableKeyword$_verifyElementNotClickable_closure1.doCall(VerifyElementNotClickableKeyword.groovy:80)
	at com.kms.katalon.core.webui.keyword.builtin.VerifyElementNotClickableKeyword$_verifyElementNotClickable_closure1.call(VerifyElementNotClickableKeyword.groovy)
	at com.kms.katalon.core.webui.keyword.internal.WebUIKeywordMain.runKeyword(WebUIKeywordMain.groovy:20)
	... 19 more
)

2020-05-27 18:19:00 - [MESSAGE][FAILED] - Object 'Object Repository/Rizka/Admin/Admin - Manage Test - Quiz - New Question/btnSubmit' is clickable (Root cause: com.kms.katalon.core.exception.StepFailedException: Object 'Object Repository/Rizka/Admin/Admin - Manage Test - Quiz - New Question/btnSubmit' is clickable
	at com.kms.katalon.core.webui.keyword.internal.WebUIKeywordMain.stepFailed(WebUIKeywordMain.groovy:64)
	at com.kms.katalon.core.webui.keyword.builtin.VerifyElementNotClickableKeyword$_verifyElementNotClickable_closure1.doCall(VerifyElementNotClickableKeyword.groovy:80)
	at com.kms.katalon.core.webui.keyword.builtin.VerifyElementNotClickableKeyword$_verifyElementNotClickable_closure1.call(VerifyElementNotClickableKeyword.groovy)
	at com.kms.katalon.core.webui.keyword.internal.WebUIKeywordMain.runKeyword(WebUIKeywordMain.groovy:20)
	at com.kms.katalon.core.webui.keyword.builtin.VerifyElementNotClickableKeyword.verifyElementNotClickable(VerifyElementNotClickableKeyword.groovy:96)
	at com.kms.katalon.core.webui.keyword.builtin.VerifyElementNotClickableKeyword.execute(VerifyElementNotClickableKeyword.groovy:67)
	at com.kms.katalon.core.keyword.internal.KeywordExecutor.executeKeywordForPlatform(KeywordExecutor.groovy:72)
	at com.kms.katalon.core.webui.keyword.WebUiBuiltInKeywords.verifyElementNotClickable(WebUiBuiltInKeywords.groovy:591)
	at com.kms.katalon.core.webui.keyword.WebUiBuiltInKeywords$verifyElementNotClickable$6.call(Unknown Source)
	at Admin - Manage Test - Quiz - New Question.run(Admin - Manage Test - Quiz - New Question:107)
	at com.kms.katalon.core.main.ScriptEngine.run(ScriptEngine.java:194)
	at com.kms.katalon.core.main.ScriptEngine.runScriptAsRawText(ScriptEngine.java:119)
	at com.kms.katalon.core.main.TestCaseExecutor.runScript(TestCaseExecutor.java:337)
	at com.kms.katalon.core.main.TestCaseExecutor.doExecute(TestCaseExecutor.java:328)
	at com.kms.katalon.core.main.TestCaseExecutor.processExecutionPhase(TestCaseExecutor.java:307)
	at com.kms.katalon.core.main.TestCaseExecutor.accessMainPhase(TestCaseExecutor.java:299)
	at com.kms.katalon.core.main.TestCaseExecutor.execute(TestCaseExecutor.java:233)
	at com.kms.katalon.core.main.TestSuiteExecutor.accessTestCaseMainPhase(TestSuiteExecutor.java:169)
	at com.kms.katalon.core.main.TestSuiteExecutor.accessTestSuiteMainPhase(TestSuiteExecutor.java:142)
	at com.kms.katalon.core.main.TestSuiteExecutor.execute(TestSuiteExecutor.java:91)
	at com.kms.katalon.core.main.TestCaseMain.startTestSuite(TestCaseMain.java:157)
	at com.kms.katalon.core.main.TestCaseMain$startTestSuite$0.call(Unknown Source)
	at TempTestSuite1590576626088.run(TempTestSuite1590576626088.groovy:36)
)
[[ATTACHMENT|D:\\MY WORLD\\WORKS (TUGAS)\\LearningManagementWeb\\Reports\\20200527_175026\\Rizka\\Admin\\Admin - Manage Test - Quiz\\20200527_175026\\1590578340397.png]]

2020-05-27 18:19:01 - [MESSAGE][FAILED] - Unable to verify object 'Object Repository/Rizka/Admin/Admin - Manage Test - Quiz - New Question/btnSubmit' to be NOT clickable (Root cause: com.kms.katalon.core.exception.StepFailedException: Unable to verify object 'Object Repository/Rizka/Admin/Admin - Manage Test - Quiz - New Question/btnSubmit' to be NOT clickable
	at com.kms.katalon.core.webui.keyword.internal.WebUIKeywordMain.stepFailed(WebUIKeywordMain.groovy:64)
	at com.kms.katalon.core.webui.keyword.internal.WebUIKeywordMain.runKeyword(WebUIKeywordMain.groovy:26)
	at com.kms.katalon.core.webui.keyword.builtin.VerifyElementNotClickableKeyword.verifyElementNotClickable(VerifyElementNotClickableKeyword.groovy:96)
	at com.kms.katalon.core.webui.keyword.builtin.VerifyElementNotClickableKeyword.execute(VerifyElementNotClickableKeyword.groovy:67)
	at com.kms.katalon.core.keyword.internal.KeywordExecutor.executeKeywordForPlatform(KeywordExecutor.groovy:72)
	at com.kms.katalon.core.webui.keyword.WebUiBuiltInKeywords.verifyElementNotClickable(WebUiBuiltInKeywords.groovy:591)
	at com.kms.katalon.core.webui.keyword.WebUiBuiltInKeywords$verifyElementNotClickable$6.call(Unknown Source)
	at Admin - Manage Test - Quiz - New Question.run(Admin - Manage Test - Quiz - New Question:107)
	at com.kms.katalon.core.main.ScriptEngine.run(ScriptEngine.java:194)
	at com.kms.katalon.core.main.ScriptEngine.runScriptAsRawText(ScriptEngine.java:119)
	at com.kms.katalon.core.main.TestCaseExecutor.runScript(TestCaseExecutor.java:337)
	at com.kms.katalon.core.main.TestCaseExecutor.doExecute(TestCaseExecutor.java:328)
	at com.kms.katalon.core.main.TestCaseExecutor.processExecutionPhase(TestCaseExecutor.java:307)
	at com.kms.katalon.core.main.TestCaseExecutor.accessMainPhase(TestCaseExecutor.java:299)
	at com.kms.katalon.core.main.TestCaseExecutor.execute(TestCaseExecutor.java:233)
	at com.kms.katalon.core.main.TestSuiteExecutor.accessTestCaseMainPhase(TestSuiteExecutor.java:169)
	at com.kms.katalon.core.main.TestSuiteExecutor.accessTestSuiteMainPhase(TestSuiteExecutor.java:142)
	at com.kms.katalon.core.main.TestSuiteExecutor.execute(TestSuiteExecutor.java:91)
	at com.kms.katalon.core.main.TestCaseMain.startTestSuite(TestCaseMain.java:157)
	at com.kms.katalon.core.main.TestCaseMain$startTestSuite$0.call(Unknown Source)
	at TempTestSuite1590576626088.run(TempTestSuite1590576626088.groovy:36)
Caused by: com.kms.katalon.core.exception.StepFailedException: Object 'Object Repository/Rizka/Admin/Admin - Manage Test - Quiz - New Question/btnSubmit' is clickable
	at com.kms.katalon.core.webui.keyword.internal.WebUIKeywordMain.stepFailed(WebUIKeywordMain.groovy:64)
	at com.kms.katalon.core.webui.keyword.builtin.VerifyElementNotClickableKeyword$_verifyElementNotClickable_closure1.doCall(VerifyElementNotClickableKeyword.groovy:80)
	at com.kms.katalon.core.webui.keyword.builtin.VerifyElementNotClickableKeyword$_verifyElementNotClickable_closure1.call(VerifyElementNotClickableKeyword.groovy)
	at com.kms.katalon.core.webui.keyword.internal.WebUIKeywordMain.runKeyword(WebUIKeywordMain.groovy:20)
	... 19 more
)
[[ATTACHMENT|D:\\MY WORLD\\WORKS (TUGAS)\\LearningManagementWeb\\Reports\\20200527_175026\\Rizka\\Admin\\Admin - Manage Test - Quiz\\20200527_175026\\1590578340831.png]]]]></system-out>
         <system-err><![CDATA[2020-05-27 18:16:56 - [TEST_CASE][FAILED] - Test Cases/Rizka/Admin/Manage Test/Admin - Manage Test - Quiz - New Question: Test Cases/Rizka/Admin/Manage Test/Admin - Manage Test - Quiz - New Question FAILED.
Reason:
com.kms.katalon.core.exception.StepFailedException: Unable to verify object 'Object Repository/Rizka/Admin/Admin - Manage Test - Quiz - New Question/btnSubmit' to be NOT clickable
	at com.kms.katalon.core.webui.keyword.internal.WebUIKeywordMain.stepFailed(WebUIKeywordMain.groovy:64)
	at com.kms.katalon.core.webui.keyword.internal.WebUIKeywordMain.runKeyword(WebUIKeywordMain.groovy:26)
	at com.kms.katalon.core.webui.keyword.builtin.VerifyElementNotClickableKeyword.verifyElementNotClickable(VerifyElementNotClickableKeyword.groovy:96)
	at com.kms.katalon.core.webui.keyword.builtin.VerifyElementNotClickableKeyword.execute(VerifyElementNotClickableKeyword.groovy:67)
	at com.kms.katalon.core.keyword.internal.KeywordExecutor.executeKeywordForPlatform(KeywordExecutor.groovy:72)
	at com.kms.katalon.core.webui.keyword.WebUiBuiltInKeywords.verifyElementNotClickable(WebUiBuiltInKeywords.groovy:591)
	at com.kms.katalon.core.webui.keyword.WebUiBuiltInKeywords$verifyElementNotClickable$6.call(Unknown Source)
	at Admin - Manage Test - Quiz - New Question.run(Admin - Manage Test - Quiz - New Question:107)
	at com.kms.katalon.core.main.ScriptEngine.run(ScriptEngine.java:194)
	at com.kms.katalon.core.main.ScriptEngine.runScriptAsRawText(ScriptEngine.java:119)
	at com.kms.katalon.core.main.TestCaseExecutor.runScript(TestCaseExecutor.java:337)
	at com.kms.katalon.core.main.TestCaseExecutor.doExecute(TestCaseExecutor.java:328)
	at com.kms.katalon.core.main.TestCaseExecutor.processExecutionPhase(TestCaseExecutor.java:307)
	at com.kms.katalon.core.main.TestCaseExecutor.accessMainPhase(TestCaseExecutor.java:299)
	at com.kms.katalon.core.main.TestCaseExecutor.execute(TestCaseExecutor.java:233)
	at com.kms.katalon.core.main.TestSuiteExecutor.accessTestCaseMainPhase(TestSuiteExecutor.java:169)
	at com.kms.katalon.core.main.TestSuiteExecutor.accessTestSuiteMainPhase(TestSuiteExecutor.java:142)
	at com.kms.katalon.core.main.TestSuiteExecutor.execute(TestSuiteExecutor.java:91)
	at com.kms.katalon.core.main.TestCaseMain.startTestSuite(TestCaseMain.java:157)
	at com.kms.katalon.core.main.TestCaseMain$startTestSuite$0.call(Unknown Source)
	at TempTestSuite1590576626088.run(TempTestSuite1590576626088.groovy:36)
Caused by: com.kms.katalon.core.exception.StepFailedException: Object 'Object Repository/Rizka/Admin/Admin - Manage Test - Quiz - New Question/btnSubmit' is clickable
	at com.kms.katalon.core.webui.keyword.internal.WebUIKeywordMain.stepFailed(WebUIKeywordMain.groovy:64)
	at com.kms.katalon.core.webui.keyword.builtin.VerifyElementNotClickableKeyword$_verifyElementNotClickable_closure1.doCall(VerifyElementNotClickableKeyword.groovy:80)
	at com.kms.katalon.core.webui.keyword.builtin.VerifyElementNotClickableKeyword$_verifyElementNotClickable_closure1.call(VerifyElementNotClickableKeyword.groovy)
	at com.kms.katalon.core.webui.keyword.internal.WebUIKeywordMain.runKeyword(WebUIKeywordMain.groovy:20)
	... 19 more]]></system-err>
      </testcase>
      <testcase name="Test Cases/Rizka/Admin/Manage Test/Admin - Manage Test - Quiz - New Question" time="147.29" classname="Test Cases/Rizka/Admin/Manage Test/Admin - Manage Test - Quiz - New Question" status="FAILED">
         <failure type="FAILED" message="Test Cases/Rizka/Admin/Manage Test/Admin - Manage Test - Quiz - New Question FAILED.
Reason:
com.kms.katalon.core.exception.StepFailedException: Unable to verify object 'Object Repository/Rizka/Admin/Admin - Manage Test - Quiz - New Question/btnSubmit' to be NOT clickable
	at com.kms.katalon.core.webui.keyword.internal.WebUIKeywordMain.stepFailed(WebUIKeywordMain.groovy:64)
	at com.kms.katalon.core.webui.keyword.internal.WebUIKeywordMain.runKeyword(WebUIKeywordMain.groovy:26)
	at com.kms.katalon.core.webui.keyword.builtin.VerifyElementNotClickableKeyword.verifyElementNotClickable(VerifyElementNotClickableKeyword.groovy:96)
	at com.kms.katalon.core.webui.keyword.builtin.VerifyElementNotClickableKeyword.execute(VerifyElementNotClickableKeyword.groovy:67)
	at com.kms.katalon.core.keyword.internal.KeywordExecutor.executeKeywordForPlatform(KeywordExecutor.groovy:72)
	at com.kms.katalon.core.webui.keyword.WebUiBuiltInKeywords.verifyElementNotClickable(WebUiBuiltInKeywords.groovy:591)
	at com.kms.katalon.core.webui.keyword.WebUiBuiltInKeywords$verifyElementNotClickable$6.call(Unknown Source)
	at Admin - Manage Test - Quiz - New Question.run(Admin - Manage Test - Quiz - New Question:107)
	at com.kms.katalon.core.main.ScriptEngine.run(ScriptEngine.java:194)
	at com.kms.katalon.core.main.ScriptEngine.runScriptAsRawText(ScriptEngine.java:119)
	at com.kms.katalon.core.main.TestCaseExecutor.runScript(TestCaseExecutor.java:337)
	at com.kms.katalon.core.main.TestCaseExecutor.doExecute(TestCaseExecutor.java:328)
	at com.kms.katalon.core.main.TestCaseExecutor.processExecutionPhase(TestCaseExecutor.java:307)
	at com.kms.katalon.core.main.TestCaseExecutor.accessMainPhase(TestCaseExecutor.java:299)
	at com.kms.katalon.core.main.TestCaseExecutor.execute(TestCaseExecutor.java:233)
	at com.kms.katalon.core.main.TestSuiteExecutor.accessTestCaseMainPhase(TestSuiteExecutor.java:169)
	at com.kms.katalon.core.main.TestSuiteExecutor.accessTestSuiteMainPhase(TestSuiteExecutor.java:142)
	at com.kms.katalon.core.main.TestSuiteExecutor.execute(TestSuiteExecutor.java:91)
	at com.kms.katalon.core.main.TestCaseMain.startTestSuite(TestCaseMain.java:157)
	at com.kms.katalon.core.main.TestCaseMain$startTestSuite$0.call(Unknown Source)
	at TempTestSuite1590576626088.run(TempTestSuite1590576626088.groovy:36)
Caused by: com.kms.katalon.core.exception.StepFailedException: Object 'Object Repository/Rizka/Admin/Admin - Manage Test - Quiz - New Question/btnSubmit' is clickable
	at com.kms.katalon.core.webui.keyword.internal.WebUIKeywordMain.stepFailed(WebUIKeywordMain.groovy:64)
	at com.kms.katalon.core.webui.keyword.builtin.VerifyElementNotClickableKeyword$_verifyElementNotClickable_closure1.doCall(VerifyElementNotClickableKeyword.groovy:80)
	at com.kms.katalon.core.webui.keyword.builtin.VerifyElementNotClickableKeyword$_verifyElementNotClickable_closure1.call(VerifyElementNotClickableKeyword.groovy)
	at com.kms.katalon.core.webui.keyword.internal.WebUIKeywordMain.runKeyword(WebUIKeywordMain.groovy:20)
	... 19 more
"/>
         <system-out><![CDATA[2020-05-27 18:19:01 - [TEST_CASE][FAILED] - Test Cases/Rizka/Admin/Manage Test/Admin - Manage Test - Quiz - New Question: Test Cases/Rizka/Admin/Manage Test/Admin - Manage Test - Quiz - New Question FAILED.
Reason:
com.kms.katalon.core.exception.StepFailedException: Unable to verify object 'Object Repository/Rizka/Admin/Admin - Manage Test - Quiz - New Question/btnSubmit' to be NOT clickable
	at com.kms.katalon.core.webui.keyword.internal.WebUIKeywordMain.stepFailed(WebUIKeywordMain.groovy:64)
	at com.kms.katalon.core.webui.keyword.internal.WebUIKeywordMain.runKeyword(WebUIKeywordMain.groovy:26)
	at com.kms.katalon.core.webui.keyword.builtin.VerifyElementNotClickableKeyword.verifyElementNotClickable(VerifyElementNotClickableKeyword.groovy:96)
	at com.kms.katalon.core.webui.keyword.builtin.VerifyElementNotClickableKeyword.execute(VerifyElementNotClickableKeyword.groovy:67)
	at com.kms.katalon.core.keyword.internal.KeywordExecutor.executeKeywordForPlatform(KeywordExecutor.groovy:72)
	at com.kms.katalon.core.webui.keyword.WebUiBuiltInKeywords.verifyElementNotClickable(WebUiBuiltInKeywords.groovy:591)
	at com.kms.katalon.core.webui.keyword.WebUiBuiltInKeywords$verifyElementNotClickable$6.call(Unknown Source)
	at Admin - Manage Test - Quiz - New Question.run(Admin - Manage Test - Quiz - New Question:107)
	at com.kms.katalon.core.main.ScriptEngine.run(ScriptEngine.java:194)
	at com.kms.katalon.core.main.ScriptEngine.runScriptAsRawText(ScriptEngine.java:119)
	at com.kms.katalon.core.main.TestCaseExecutor.runScript(TestCaseExecutor.java:337)
	at com.kms.katalon.core.main.TestCaseExecutor.doExecute(TestCaseExecutor.java:328)
	at com.kms.katalon.core.main.TestCaseExecutor.processExecutionPhase(TestCaseExecutor.java:307)
	at com.kms.katalon.core.main.TestCaseExecutor.accessMainPhase(TestCaseExecutor.java:299)
	at com.kms.katalon.core.main.TestCaseExecutor.execute(TestCaseExecutor.java:233)
	at com.kms.katalon.core.main.TestSuiteExecutor.accessTestCaseMainPhase(TestSuiteExecutor.java:169)
	at com.kms.katalon.core.main.TestSuiteExecutor.accessTestSuiteMainPhase(TestSuiteExecutor.java:142)
	at com.kms.katalon.core.main.TestSuiteExecutor.execute(TestSuiteExecutor.java:91)
	at com.kms.katalon.core.main.TestCaseMain.startTestSuite(TestCaseMain.java:157)
	at com.kms.katalon.core.main.TestCaseMain$startTestSuite$0.call(Unknown Source)
	at TempTestSuite1590576626088.run(TempTestSuite1590576626088.groovy:36)
Caused by: com.kms.katalon.core.exception.StepFailedException: Object 'Object Repository/Rizka/Admin/Admin - Manage Test - Quiz - New Question/btnSubmit' is clickable
	at com.kms.katalon.core.webui.keyword.internal.WebUIKeywordMain.stepFailed(WebUIKeywordMain.groovy:64)
	at com.kms.katalon.core.webui.keyword.builtin.VerifyElementNotClickableKeyword$_verifyElementNotClickable_closure1.doCall(VerifyElementNotClickableKeyword.groovy:80)
	at com.kms.katalon.core.webui.keyword.builtin.VerifyElementNotClickableKeyword$_verifyElementNotClickable_closure1.call(VerifyElementNotClickableKeyword.groovy)
	at com.kms.katalon.core.webui.keyword.internal.WebUIKeywordMain.runKeyword(WebUIKeywordMain.groovy:20)
	... 19 more


2020-05-27 18:19:01 - [TEST_STEP][PASSED] - callTestCase(findTestCase("Rizka/Admin/AdminMainLogin"), [:], STOP_ON_FAILURE): Call Test Case 'Test Cases/Rizka/Admin/AdminMainLogin' successfully

2020-05-27 18:19:01 - [TEST_CASE][PASSED] - Test Cases/Rizka/Admin/AdminMainLogin: Test Cases/Rizka/Admin/AdminMainLogin

2020-05-27 18:19:01 - [TEST_STEP][PASSED] - openBrowser("https://appsrv1.deltadatamandiri.com/ACC_LMS_WEB/#/admNLmn"): Browser is opened with url: 'https://appsrv1.deltadatamandiri.com/ACC_LMS_WEB/#/admNLmn'

2020-05-27 18:19:01 - [MESSAGE][WARNING] - A browser is already opened. Closing browser and opening a new one

2020-05-27 18:19:02 - [MESSAGE][INFO] - Starting 'Chrome' driver

2020-05-27 18:19:50 - [MESSAGE][PASSED] - Browser is opened with url: 'https://appsrv1.deltadatamandiri.com/ACC_LMS_WEB/#/admNLmn'

2020-05-27 18:19:50 - [TEST_STEP][PASSED] - maximizeWindow(): Current window maximized

2020-05-27 18:19:51 - [MESSAGE][PASSED] - Current window maximized

2020-05-27 18:19:51 - [TEST_STEP][PASSED] - delay(15): Delayed 15 second(s)

2020-05-27 18:20:06 - [MESSAGE][PASSED] - Delayed 15 second(s)

2020-05-27 18:20:06 - [TEST_STEP][PASSED] - click(findTestObject("Rizka/Admin/Admin - Login/btnLogin")): Object: 'Object Repository/Rizka/Admin/Admin - Login/btnLogin' is clicked on

2020-05-27 18:20:07 - [MESSAGE][PASSED] - Object: 'Object Repository/Rizka/Admin/Admin - Login/btnLogin' is clicked on

2020-05-27 18:20:07 - [TEST_STEP][PASSED] - setText(findTestObject("Rizka/Admin/Admin - Login/txtUsername"), "11666"): Text '11666' is set on object 'Object Repository/Rizka/Admin/Admin - Login/txtUsername'

2020-05-27 18:20:08 - [MESSAGE][PASSED] - Text '11666' is set on object 'Object Repository/Rizka/Admin/Admin - Login/txtUsername'

2020-05-27 18:20:08 - [TEST_STEP][PASSED] - setText(findTestObject("Rizka/Admin/Admin - Login/txtPassword"), "Password3"): Text 'Password3' is set on object 'Object Repository/Rizka/Admin/Admin - Login/txtPassword'

2020-05-27 18:20:09 - [MESSAGE][PASSED] - Text 'Password3' is set on object 'Object Repository/Rizka/Admin/Admin - Login/txtPassword'

2020-05-27 18:20:09 - [TEST_STEP][PASSED] - click(findTestObject("Rizka/Admin/Admin - Login/btnEyePass")): Object: 'Object Repository/Rizka/Admin/Admin - Login/btnEyePass' is clicked on

2020-05-27 18:20:09 - [MESSAGE][PASSED] - Object: 'Object Repository/Rizka/Admin/Admin - Login/btnEyePass' is clicked on

2020-05-27 18:20:09 - [TEST_STEP][PASSED] - click(findTestObject("Rizka/Admin/Admin - Login/checkboxRememberMe")): Object: 'Object Repository/Rizka/Admin/Admin - Login/checkboxRememberMe' is clicked on

2020-05-27 18:20:10 - [MESSAGE][PASSED] - Object: 'Object Repository/Rizka/Admin/Admin - Login/checkboxRememberMe' is clicked on

2020-05-27 18:20:10 - [TEST_STEP][PASSED] - click(findTestObject("Rizka/Admin/Admin - Login/btnLogin2")): Object: 'Object Repository/Rizka/Admin/Admin - Login/btnLogin2' is clicked on

2020-05-27 18:20:10 - [MESSAGE][PASSED] - Object: 'Object Repository/Rizka/Admin/Admin - Login/btnLogin2' is clicked on

2020-05-27 18:20:10 - [TEST_STEP][PASSED] - delay(15): Delayed 15 second(s)

2020-05-27 18:20:25 - [MESSAGE][PASSED] - Delayed 15 second(s)

2020-05-27 18:20:25 - [MESSAGE][PASSED] - Call Test Case 'Test Cases/Rizka/Admin/AdminMainLogin' successfully

2020-05-27 18:20:25 - [TEST_STEP][PASSED] - click(findTestObject("Rizka/Admin/Admin - Manage Test - Quiz - New Question/btnManageTest")): Object: 'Object Repository/Rizka/Admin/Admin - Manage Test - Quiz - New Question/btnManageTest' is clicked on

2020-05-27 18:20:26 - [MESSAGE][PASSED] - Object: 'Object Repository/Rizka/Admin/Admin - Manage Test - Quiz - New Question/btnManageTest' is clicked on

2020-05-27 18:20:26 - [TEST_STEP][PASSED] - delay(5): Delayed 5 second(s)

2020-05-27 18:20:31 - [MESSAGE][PASSED] - Delayed 5 second(s)

2020-05-27 18:20:31 - [TEST_STEP][PASSED] - click(findTestObject("Rizka/Admin/Admin - Manage Test - Quiz - New Question/btnQuiz")): Object: 'Object Repository/Rizka/Admin/Admin - Manage Test - Quiz - New Question/btnQuiz' is clicked on

2020-05-27 18:20:31 - [MESSAGE][PASSED] - Object: 'Object Repository/Rizka/Admin/Admin - Manage Test - Quiz - New Question/btnQuiz' is clicked on

2020-05-27 18:20:31 - [TEST_STEP][PASSED] - delay(5): Delayed 5 second(s)

2020-05-27 18:20:36 - [MESSAGE][PASSED] - Delayed 5 second(s)

2020-05-27 18:20:36 - [TEST_STEP][PASSED] - click(findTestObject("Rizka/Admin/Admin - Manage Test - Quiz - New Question/btnNewQuestion")): Object: 'Object Repository/Rizka/Admin/Admin - Manage Test - Quiz - New Question/btnNewQuestion' is clicked on

2020-05-27 18:20:57 - [MESSAGE][PASSED] - Object: 'Object Repository/Rizka/Admin/Admin - Manage Test - Quiz - New Question/btnNewQuestion' is clicked on

2020-05-27 18:20:57 - [TEST_STEP][PASSED] - delay(5): Delayed 5 second(s)

2020-05-27 18:21:02 - [MESSAGE][PASSED] - Delayed 5 second(s)

2020-05-27 18:21:02 - [TEST_STEP][PASSED] - if (tipeSoal != ""): All options with label 'Benar / Salah' are selected in object 'Object Repository/Rizka/Admin/Admin - Manage Test - Quiz - New Question/fieldTipeSoal' 

2020-05-27 18:21:02 - [TEST_STEP][PASSED] - selectOptionByLabel(findTestObject("Rizka/Admin/Admin - Manage Test - Quiz - New Question/fieldTipeSoal"), tipeSoal, false): All options with label 'Benar / Salah' are selected in object 'Object Repository/Rizka/Admin/Admin - Manage Test - Quiz - New Question/fieldTipeSoal' 

2020-05-27 18:21:08 - [MESSAGE][PASSED] - All options with label 'Benar / Salah' are selected in object 'Object Repository/Rizka/Admin/Admin - Manage Test - Quiz - New Question/fieldTipeSoal' 

2020-05-27 18:21:08 - [TEST_STEP][PASSED] - if (jobFunction != ""): All options with label 'SALES' are selected in object 'Object Repository/Rizka/Admin/Admin - Manage Test - Quiz - New Question/fieldJobFunction' 

2020-05-27 18:21:08 - [TEST_STEP][PASSED] - selectOptionByLabel(findTestObject("Rizka/Admin/Admin - Manage Test - Quiz - New Question/fieldJobFunction"), jobFunction, false): All options with label 'SALES' are selected in object 'Object Repository/Rizka/Admin/Admin - Manage Test - Quiz - New Question/fieldJobFunction' 

2020-05-27 18:21:16 - [MESSAGE][PASSED] - All options with label 'SALES' are selected in object 'Object Repository/Rizka/Admin/Admin - Manage Test - Quiz - New Question/fieldJobFunction' 

2020-05-27 18:21:16 - [TEST_STEP][PASSED] - delay(3): Delayed 3 second(s)

2020-05-27 18:21:19 - [MESSAGE][PASSED] - Delayed 3 second(s)

2020-05-27 18:21:19 - [TEST_STEP][PASSED] - if (jobPosition != ""): All options with label 'SALES MANAGER' are selected in object 'Object Repository/Rizka/Admin/Admin - Manage Test - Quiz - New Question/fieldJobPosition' 

2020-05-27 18:21:19 - [TEST_STEP][PASSED] - selectOptionByLabel(findTestObject("Rizka/Admin/Admin - Manage Test - Quiz - New Question/fieldJobPosition"), jobPosition, false): All options with label 'SALES MANAGER' are selected in object 'Object Repository/Rizka/Admin/Admin - Manage Test - Quiz - New Question/fieldJobPosition' 

2020-05-27 18:21:20 - [MESSAGE][PASSED] - All options with label 'SALES MANAGER' are selected in object 'Object Repository/Rizka/Admin/Admin - Manage Test - Quiz - New Question/fieldJobPosition' 

2020-05-27 18:21:20 - [TEST_STEP][PASSED] - if (module != ""): All options with label 'NEOP RCCA' are selected in object 'Object Repository/Rizka/Admin/Admin - Manage Test - Quiz - New Question/fieldModul' 

2020-05-27 18:21:20 - [TEST_STEP][PASSED] - selectOptionByLabel(findTestObject("Rizka/Admin/Admin - Manage Test - Quiz - New Question/fieldModul"), module, false): All options with label 'NEOP RCCA' are selected in object 'Object Repository/Rizka/Admin/Admin - Manage Test - Quiz - New Question/fieldModul' 

2020-05-27 18:21:20 - [MESSAGE][PASSED] - All options with label 'NEOP RCCA' are selected in object 'Object Repository/Rizka/Admin/Admin - Manage Test - Quiz - New Question/fieldModul' 

2020-05-27 18:21:20 - [TEST_STEP][PASSED] - if (subModule != ""): All options with label 'Post-Test' are selected in object 'Object Repository/Rizka/Admin/Admin - Manage Test - Quiz - New Question/fieldSubModul' 

2020-05-27 18:21:20 - [TEST_STEP][PASSED] - selectOptionByLabel(findTestObject("Rizka/Admin/Admin - Manage Test - Quiz - New Question/fieldSubModul"), subModule, false): All options with label 'Post-Test' are selected in object 'Object Repository/Rizka/Admin/Admin - Manage Test - Quiz - New Question/fieldSubModul' 

2020-05-27 18:21:23 - [MESSAGE][PASSED] - All options with label 'Post-Test' are selected in object 'Object Repository/Rizka/Admin/Admin - Manage Test - Quiz - New Question/fieldSubModul' 

2020-05-27 18:21:23 - [TEST_STEP][PASSED] - if (technicalCompetence != ""): Text 'Coba ya' is set on object 'Object Repository/Rizka/Admin/Admin - Manage Test - Quiz - New Question/fieldTechnicalCompetence'

2020-05-27 18:21:23 - [TEST_STEP][PASSED] - setText(findTestObject("Rizka/Admin/Admin - Manage Test - Quiz - New Question/fieldTechnicalCompetence"), technicalCompetence, STOP_ON_FAILURE): Text 'Coba ya' is set on object 'Object Repository/Rizka/Admin/Admin - Manage Test - Quiz - New Question/fieldTechnicalCompetence'

2020-05-27 18:21:26 - [MESSAGE][PASSED] - Text 'Coba ya' is set on object 'Object Repository/Rizka/Admin/Admin - Manage Test - Quiz - New Question/fieldTechnicalCompetence'

2020-05-27 18:21:26 - [TEST_STEP][PASSED] - if (levelCompetence != ""): null

2020-05-27 18:21:26 - [TEST_STEP][PASSED] - if (soalQuestion != ""): null

2020-05-27 18:21:26 - [TEST_STEP][PASSED] - if (tipeSoal == "Pilihan Ganda"): null

2020-05-27 18:21:26 - [TEST_STEP][PASSED] - else if (tipeSoal == "Benar / Salah"): All options with label 'Benar' are selected in object 'Object Repository/Rizka/Admin/Admin - Manage Test - Quiz - New Question/fieldBenarSalah' 

2020-05-27 18:21:26 - [TEST_STEP][PASSED] - selectOptionByLabel(findTestObject("Rizka/Admin/Admin - Manage Test - Quiz - New Question/fieldBenarSalah"), kunciJawaban, false): All options with label 'Benar' are selected in object 'Object Repository/Rizka/Admin/Admin - Manage Test - Quiz - New Question/fieldBenarSalah' 

2020-05-27 18:21:27 - [MESSAGE][PASSED] - All options with label 'Benar' are selected in object 'Object Repository/Rizka/Admin/Admin - Manage Test - Quiz - New Question/fieldBenarSalah' 

2020-05-27 18:21:27 - [TEST_STEP][PASSED] - if (condition == "passed"): null

2020-05-27 18:21:27 - [TEST_STEP][FAILED] - else: Unable to verify object 'Object Repository/Rizka/Admin/Admin - Manage Test - Quiz - New Question/btnSubmit' to be NOT clickable (Root cause: com.kms.katalon.core.exception.StepFailedException: Unable to verify object 'Object Repository/Rizka/Admin/Admin - Manage Test - Quiz - New Question/btnSubmit' to be NOT clickable
	at com.kms.katalon.core.webui.keyword.internal.WebUIKeywordMain.stepFailed(WebUIKeywordMain.groovy:64)
	at com.kms.katalon.core.webui.keyword.internal.WebUIKeywordMain.runKeyword(WebUIKeywordMain.groovy:26)
	at com.kms.katalon.core.webui.keyword.builtin.VerifyElementNotClickableKeyword.verifyElementNotClickable(VerifyElementNotClickableKeyword.groovy:96)
	at com.kms.katalon.core.webui.keyword.builtin.VerifyElementNotClickableKeyword.execute(VerifyElementNotClickableKeyword.groovy:67)
	at com.kms.katalon.core.keyword.internal.KeywordExecutor.executeKeywordForPlatform(KeywordExecutor.groovy:72)
	at com.kms.katalon.core.webui.keyword.WebUiBuiltInKeywords.verifyElementNotClickable(WebUiBuiltInKeywords.groovy:591)
	at com.kms.katalon.core.webui.keyword.WebUiBuiltInKeywords$verifyElementNotClickable$6.call(Unknown Source)
	at Admin - Manage Test - Quiz - New Question.run(Admin - Manage Test - Quiz - New Question:107)
	at com.kms.katalon.core.main.ScriptEngine.run(ScriptEngine.java:194)
	at com.kms.katalon.core.main.ScriptEngine.runScriptAsRawText(ScriptEngine.java:119)
	at com.kms.katalon.core.main.TestCaseExecutor.runScript(TestCaseExecutor.java:337)
	at com.kms.katalon.core.main.TestCaseExecutor.doExecute(TestCaseExecutor.java:328)
	at com.kms.katalon.core.main.TestCaseExecutor.processExecutionPhase(TestCaseExecutor.java:307)
	at com.kms.katalon.core.main.TestCaseExecutor.accessMainPhase(TestCaseExecutor.java:299)
	at com.kms.katalon.core.main.TestCaseExecutor.execute(TestCaseExecutor.java:233)
	at com.kms.katalon.core.main.TestSuiteExecutor.accessTestCaseMainPhase(TestSuiteExecutor.java:169)
	at com.kms.katalon.core.main.TestSuiteExecutor.accessTestSuiteMainPhase(TestSuiteExecutor.java:142)
	at com.kms.katalon.core.main.TestSuiteExecutor.execute(TestSuiteExecutor.java:91)
	at com.kms.katalon.core.main.TestCaseMain.startTestSuite(TestCaseMain.java:157)
	at com.kms.katalon.core.main.TestCaseMain$startTestSuite$0.call(Unknown Source)
	at TempTestSuite1590576626088.run(TempTestSuite1590576626088.groovy:36)
Caused by: com.kms.katalon.core.exception.StepFailedException: Object 'Object Repository/Rizka/Admin/Admin - Manage Test - Quiz - New Question/btnSubmit' is clickable
	at com.kms.katalon.core.webui.keyword.internal.WebUIKeywordMain.stepFailed(WebUIKeywordMain.groovy:64)
	at com.kms.katalon.core.webui.keyword.builtin.VerifyElementNotClickableKeyword$_verifyElementNotClickable_closure1.doCall(VerifyElementNotClickableKeyword.groovy:80)
	at com.kms.katalon.core.webui.keyword.builtin.VerifyElementNotClickableKeyword$_verifyElementNotClickable_closure1.call(VerifyElementNotClickableKeyword.groovy)
	at com.kms.katalon.core.webui.keyword.internal.WebUIKeywordMain.runKeyword(WebUIKeywordMain.groovy:20)
	... 19 more
)

2020-05-27 18:21:27 - [TEST_STEP][FAILED] - verifyElementNotClickable(findTestObject("Rizka/Admin/Admin - Manage Test - Quiz - New Question/btnSubmit")): Unable to verify object 'Object Repository/Rizka/Admin/Admin - Manage Test - Quiz - New Question/btnSubmit' to be NOT clickable (Root cause: com.kms.katalon.core.exception.StepFailedException: Unable to verify object 'Object Repository/Rizka/Admin/Admin - Manage Test - Quiz - New Question/btnSubmit' to be NOT clickable
	at com.kms.katalon.core.webui.keyword.internal.WebUIKeywordMain.stepFailed(WebUIKeywordMain.groovy:64)
	at com.kms.katalon.core.webui.keyword.internal.WebUIKeywordMain.runKeyword(WebUIKeywordMain.groovy:26)
	at com.kms.katalon.core.webui.keyword.builtin.VerifyElementNotClickableKeyword.verifyElementNotClickable(VerifyElementNotClickableKeyword.groovy:96)
	at com.kms.katalon.core.webui.keyword.builtin.VerifyElementNotClickableKeyword.execute(VerifyElementNotClickableKeyword.groovy:67)
	at com.kms.katalon.core.keyword.internal.KeywordExecutor.executeKeywordForPlatform(KeywordExecutor.groovy:72)
	at com.kms.katalon.core.webui.keyword.WebUiBuiltInKeywords.verifyElementNotClickable(WebUiBuiltInKeywords.groovy:591)
	at com.kms.katalon.core.webui.keyword.WebUiBuiltInKeywords$verifyElementNotClickable$6.call(Unknown Source)
	at Admin - Manage Test - Quiz - New Question.run(Admin - Manage Test - Quiz - New Question:107)
	at com.kms.katalon.core.main.ScriptEngine.run(ScriptEngine.java:194)
	at com.kms.katalon.core.main.ScriptEngine.runScriptAsRawText(ScriptEngine.java:119)
	at com.kms.katalon.core.main.TestCaseExecutor.runScript(TestCaseExecutor.java:337)
	at com.kms.katalon.core.main.TestCaseExecutor.doExecute(TestCaseExecutor.java:328)
	at com.kms.katalon.core.main.TestCaseExecutor.processExecutionPhase(TestCaseExecutor.java:307)
	at com.kms.katalon.core.main.TestCaseExecutor.accessMainPhase(TestCaseExecutor.java:299)
	at com.kms.katalon.core.main.TestCaseExecutor.execute(TestCaseExecutor.java:233)
	at com.kms.katalon.core.main.TestSuiteExecutor.accessTestCaseMainPhase(TestSuiteExecutor.java:169)
	at com.kms.katalon.core.main.TestSuiteExecutor.accessTestSuiteMainPhase(TestSuiteExecutor.java:142)
	at com.kms.katalon.core.main.TestSuiteExecutor.execute(TestSuiteExecutor.java:91)
	at com.kms.katalon.core.main.TestCaseMain.startTestSuite(TestCaseMain.java:157)
	at com.kms.katalon.core.main.TestCaseMain$startTestSuite$0.call(Unknown Source)
	at TempTestSuite1590576626088.run(TempTestSuite1590576626088.groovy:36)
Caused by: com.kms.katalon.core.exception.StepFailedException: Object 'Object Repository/Rizka/Admin/Admin - Manage Test - Quiz - New Question/btnSubmit' is clickable
	at com.kms.katalon.core.webui.keyword.internal.WebUIKeywordMain.stepFailed(WebUIKeywordMain.groovy:64)
	at com.kms.katalon.core.webui.keyword.builtin.VerifyElementNotClickableKeyword$_verifyElementNotClickable_closure1.doCall(VerifyElementNotClickableKeyword.groovy:80)
	at com.kms.katalon.core.webui.keyword.builtin.VerifyElementNotClickableKeyword$_verifyElementNotClickable_closure1.call(VerifyElementNotClickableKeyword.groovy)
	at com.kms.katalon.core.webui.keyword.internal.WebUIKeywordMain.runKeyword(WebUIKeywordMain.groovy:20)
	... 19 more
)

2020-05-27 18:21:28 - [MESSAGE][FAILED] - Object 'Object Repository/Rizka/Admin/Admin - Manage Test - Quiz - New Question/btnSubmit' is clickable (Root cause: com.kms.katalon.core.exception.StepFailedException: Object 'Object Repository/Rizka/Admin/Admin - Manage Test - Quiz - New Question/btnSubmit' is clickable
	at com.kms.katalon.core.webui.keyword.internal.WebUIKeywordMain.stepFailed(WebUIKeywordMain.groovy:64)
	at com.kms.katalon.core.webui.keyword.builtin.VerifyElementNotClickableKeyword$_verifyElementNotClickable_closure1.doCall(VerifyElementNotClickableKeyword.groovy:80)
	at com.kms.katalon.core.webui.keyword.builtin.VerifyElementNotClickableKeyword$_verifyElementNotClickable_closure1.call(VerifyElementNotClickableKeyword.groovy)
	at com.kms.katalon.core.webui.keyword.internal.WebUIKeywordMain.runKeyword(WebUIKeywordMain.groovy:20)
	at com.kms.katalon.core.webui.keyword.builtin.VerifyElementNotClickableKeyword.verifyElementNotClickable(VerifyElementNotClickableKeyword.groovy:96)
	at com.kms.katalon.core.webui.keyword.builtin.VerifyElementNotClickableKeyword.execute(VerifyElementNotClickableKeyword.groovy:67)
	at com.kms.katalon.core.keyword.internal.KeywordExecutor.executeKeywordForPlatform(KeywordExecutor.groovy:72)
	at com.kms.katalon.core.webui.keyword.WebUiBuiltInKeywords.verifyElementNotClickable(WebUiBuiltInKeywords.groovy:591)
	at com.kms.katalon.core.webui.keyword.WebUiBuiltInKeywords$verifyElementNotClickable$6.call(Unknown Source)
	at Admin - Manage Test - Quiz - New Question.run(Admin - Manage Test - Quiz - New Question:107)
	at com.kms.katalon.core.main.ScriptEngine.run(ScriptEngine.java:194)
	at com.kms.katalon.core.main.ScriptEngine.runScriptAsRawText(ScriptEngine.java:119)
	at com.kms.katalon.core.main.TestCaseExecutor.runScript(TestCaseExecutor.java:337)
	at com.kms.katalon.core.main.TestCaseExecutor.doExecute(TestCaseExecutor.java:328)
	at com.kms.katalon.core.main.TestCaseExecutor.processExecutionPhase(TestCaseExecutor.java:307)
	at com.kms.katalon.core.main.TestCaseExecutor.accessMainPhase(TestCaseExecutor.java:299)
	at com.kms.katalon.core.main.TestCaseExecutor.execute(TestCaseExecutor.java:233)
	at com.kms.katalon.core.main.TestSuiteExecutor.accessTestCaseMainPhase(TestSuiteExecutor.java:169)
	at com.kms.katalon.core.main.TestSuiteExecutor.accessTestSuiteMainPhase(TestSuiteExecutor.java:142)
	at com.kms.katalon.core.main.TestSuiteExecutor.execute(TestSuiteExecutor.java:91)
	at com.kms.katalon.core.main.TestCaseMain.startTestSuite(TestCaseMain.java:157)
	at com.kms.katalon.core.main.TestCaseMain$startTestSuite$0.call(Unknown Source)
	at TempTestSuite1590576626088.run(TempTestSuite1590576626088.groovy:36)
)
[[ATTACHMENT|D:\\MY WORLD\\WORKS (TUGAS)\\LearningManagementWeb\\Reports\\20200527_175026\\Rizka\\Admin\\Admin - Manage Test - Quiz\\20200527_175026\\1590578487975.png]]

2020-05-27 18:21:28 - [MESSAGE][FAILED] - Unable to verify object 'Object Repository/Rizka/Admin/Admin - Manage Test - Quiz - New Question/btnSubmit' to be NOT clickable (Root cause: com.kms.katalon.core.exception.StepFailedException: Unable to verify object 'Object Repository/Rizka/Admin/Admin - Manage Test - Quiz - New Question/btnSubmit' to be NOT clickable
	at com.kms.katalon.core.webui.keyword.internal.WebUIKeywordMain.stepFailed(WebUIKeywordMain.groovy:64)
	at com.kms.katalon.core.webui.keyword.internal.WebUIKeywordMain.runKeyword(WebUIKeywordMain.groovy:26)
	at com.kms.katalon.core.webui.keyword.builtin.VerifyElementNotClickableKeyword.verifyElementNotClickable(VerifyElementNotClickableKeyword.groovy:96)
	at com.kms.katalon.core.webui.keyword.builtin.VerifyElementNotClickableKeyword.execute(VerifyElementNotClickableKeyword.groovy:67)
	at com.kms.katalon.core.keyword.internal.KeywordExecutor.executeKeywordForPlatform(KeywordExecutor.groovy:72)
	at com.kms.katalon.core.webui.keyword.WebUiBuiltInKeywords.verifyElementNotClickable(WebUiBuiltInKeywords.groovy:591)
	at com.kms.katalon.core.webui.keyword.WebUiBuiltInKeywords$verifyElementNotClickable$6.call(Unknown Source)
	at Admin - Manage Test - Quiz - New Question.run(Admin - Manage Test - Quiz - New Question:107)
	at com.kms.katalon.core.main.ScriptEngine.run(ScriptEngine.java:194)
	at com.kms.katalon.core.main.ScriptEngine.runScriptAsRawText(ScriptEngine.java:119)
	at com.kms.katalon.core.main.TestCaseExecutor.runScript(TestCaseExecutor.java:337)
	at com.kms.katalon.core.main.TestCaseExecutor.doExecute(TestCaseExecutor.java:328)
	at com.kms.katalon.core.main.TestCaseExecutor.processExecutionPhase(TestCaseExecutor.java:307)
	at com.kms.katalon.core.main.TestCaseExecutor.accessMainPhase(TestCaseExecutor.java:299)
	at com.kms.katalon.core.main.TestCaseExecutor.execute(TestCaseExecutor.java:233)
	at com.kms.katalon.core.main.TestSuiteExecutor.accessTestCaseMainPhase(TestSuiteExecutor.java:169)
	at com.kms.katalon.core.main.TestSuiteExecutor.accessTestSuiteMainPhase(TestSuiteExecutor.java:142)
	at com.kms.katalon.core.main.TestSuiteExecutor.execute(TestSuiteExecutor.java:91)
	at com.kms.katalon.core.main.TestCaseMain.startTestSuite(TestCaseMain.java:157)
	at com.kms.katalon.core.main.TestCaseMain$startTestSuite$0.call(Unknown Source)
	at TempTestSuite1590576626088.run(TempTestSuite1590576626088.groovy:36)
Caused by: com.kms.katalon.core.exception.StepFailedException: Object 'Object Repository/Rizka/Admin/Admin - Manage Test - Quiz - New Question/btnSubmit' is clickable
	at com.kms.katalon.core.webui.keyword.internal.WebUIKeywordMain.stepFailed(WebUIKeywordMain.groovy:64)
	at com.kms.katalon.core.webui.keyword.builtin.VerifyElementNotClickableKeyword$_verifyElementNotClickable_closure1.doCall(VerifyElementNotClickableKeyword.groovy:80)
	at com.kms.katalon.core.webui.keyword.builtin.VerifyElementNotClickableKeyword$_verifyElementNotClickable_closure1.call(VerifyElementNotClickableKeyword.groovy)
	at com.kms.katalon.core.webui.keyword.internal.WebUIKeywordMain.runKeyword(WebUIKeywordMain.groovy:20)
	... 19 more
)
[[ATTACHMENT|D:\\MY WORLD\\WORKS (TUGAS)\\LearningManagementWeb\\Reports\\20200527_175026\\Rizka\\Admin\\Admin - Manage Test - Quiz\\20200527_175026\\1590578488376.png]]]]></system-out>
         <system-err><![CDATA[2020-05-27 18:19:01 - [TEST_CASE][FAILED] - Test Cases/Rizka/Admin/Manage Test/Admin - Manage Test - Quiz - New Question: Test Cases/Rizka/Admin/Manage Test/Admin - Manage Test - Quiz - New Question FAILED.
Reason:
com.kms.katalon.core.exception.StepFailedException: Unable to verify object 'Object Repository/Rizka/Admin/Admin - Manage Test - Quiz - New Question/btnSubmit' to be NOT clickable
	at com.kms.katalon.core.webui.keyword.internal.WebUIKeywordMain.stepFailed(WebUIKeywordMain.groovy:64)
	at com.kms.katalon.core.webui.keyword.internal.WebUIKeywordMain.runKeyword(WebUIKeywordMain.groovy:26)
	at com.kms.katalon.core.webui.keyword.builtin.VerifyElementNotClickableKeyword.verifyElementNotClickable(VerifyElementNotClickableKeyword.groovy:96)
	at com.kms.katalon.core.webui.keyword.builtin.VerifyElementNotClickableKeyword.execute(VerifyElementNotClickableKeyword.groovy:67)
	at com.kms.katalon.core.keyword.internal.KeywordExecutor.executeKeywordForPlatform(KeywordExecutor.groovy:72)
	at com.kms.katalon.core.webui.keyword.WebUiBuiltInKeywords.verifyElementNotClickable(WebUiBuiltInKeywords.groovy:591)
	at com.kms.katalon.core.webui.keyword.WebUiBuiltInKeywords$verifyElementNotClickable$6.call(Unknown Source)
	at Admin - Manage Test - Quiz - New Question.run(Admin - Manage Test - Quiz - New Question:107)
	at com.kms.katalon.core.main.ScriptEngine.run(ScriptEngine.java:194)
	at com.kms.katalon.core.main.ScriptEngine.runScriptAsRawText(ScriptEngine.java:119)
	at com.kms.katalon.core.main.TestCaseExecutor.runScript(TestCaseExecutor.java:337)
	at com.kms.katalon.core.main.TestCaseExecutor.doExecute(TestCaseExecutor.java:328)
	at com.kms.katalon.core.main.TestCaseExecutor.processExecutionPhase(TestCaseExecutor.java:307)
	at com.kms.katalon.core.main.TestCaseExecutor.accessMainPhase(TestCaseExecutor.java:299)
	at com.kms.katalon.core.main.TestCaseExecutor.execute(TestCaseExecutor.java:233)
	at com.kms.katalon.core.main.TestSuiteExecutor.accessTestCaseMainPhase(TestSuiteExecutor.java:169)
	at com.kms.katalon.core.main.TestSuiteExecutor.accessTestSuiteMainPhase(TestSuiteExecutor.java:142)
	at com.kms.katalon.core.main.TestSuiteExecutor.execute(TestSuiteExecutor.java:91)
	at com.kms.katalon.core.main.TestCaseMain.startTestSuite(TestCaseMain.java:157)
	at com.kms.katalon.core.main.TestCaseMain$startTestSuite$0.call(Unknown Source)
	at TempTestSuite1590576626088.run(TempTestSuite1590576626088.groovy:36)
Caused by: com.kms.katalon.core.exception.StepFailedException: Object 'Object Repository/Rizka/Admin/Admin - Manage Test - Quiz - New Question/btnSubmit' is clickable
	at com.kms.katalon.core.webui.keyword.internal.WebUIKeywordMain.stepFailed(WebUIKeywordMain.groovy:64)
	at com.kms.katalon.core.webui.keyword.builtin.VerifyElementNotClickableKeyword$_verifyElementNotClickable_closure1.doCall(VerifyElementNotClickableKeyword.groovy:80)
	at com.kms.katalon.core.webui.keyword.builtin.VerifyElementNotClickableKeyword$_verifyElementNotClickable_closure1.call(VerifyElementNotClickableKeyword.groovy)
	at com.kms.katalon.core.webui.keyword.internal.WebUIKeywordMain.runKeyword(WebUIKeywordMain.groovy:20)
	... 19 more]]></system-err>
      </testcase>
      <testcase name="Test Cases/Rizka/Admin/Manage Test/Admin - Manage Test - Quiz - New Question" time="24.04" classname="Test Cases/Rizka/Admin/Manage Test/Admin - Manage Test - Quiz - New Question" status="FAILED">
         <failure type="FAILED" message="Test Cases/Rizka/Admin/Manage Test/Admin - Manage Test - Quiz - New Question FAILED.
Reason:
com.kms.katalon.core.exception.StepFailedException: Call Test Case 'Test Cases/Rizka/Admin/AdminMainLogin' failed
	at com.kms.katalon.core.keyword.builtin.CallTestCaseKeyword$_callTestCase_closure1.doCall(CallTestCaseKeyword.groovy:63)
	at com.kms.katalon.core.keyword.builtin.CallTestCaseKeyword$_callTestCase_closure1.call(CallTestCaseKeyword.groovy)
	at com.kms.katalon.core.keyword.internal.KeywordMain.runKeyword(KeywordMain.groovy:68)
	at com.kms.katalon.core.keyword.builtin.CallTestCaseKeyword.callTestCase(CallTestCaseKeyword.groovy:81)
	at com.kms.katalon.core.keyword.builtin.CallTestCaseKeyword.execute(CallTestCaseKeyword.groovy:44)
	at com.kms.katalon.core.keyword.internal.KeywordExecutor.executeKeywordForPlatform(KeywordExecutor.groovy:72)
	at com.kms.katalon.core.keyword.BuiltinKeywords.callTestCase(BuiltinKeywords.groovy:334)
	at Admin - Manage Test - Quiz - New Question.run(Admin - Manage Test - Quiz - New Question:18)
	at com.kms.katalon.core.main.ScriptEngine.run(ScriptEngine.java:194)
	at com.kms.katalon.core.main.ScriptEngine.runScriptAsRawText(ScriptEngine.java:119)
	at com.kms.katalon.core.main.TestCaseExecutor.runScript(TestCaseExecutor.java:337)
	at com.kms.katalon.core.main.TestCaseExecutor.doExecute(TestCaseExecutor.java:328)
	at com.kms.katalon.core.main.TestCaseExecutor.processExecutionPhase(TestCaseExecutor.java:307)
	at com.kms.katalon.core.main.TestCaseExecutor.accessMainPhase(TestCaseExecutor.java:299)
	at com.kms.katalon.core.main.TestCaseExecutor.execute(TestCaseExecutor.java:233)
	at com.kms.katalon.core.main.TestSuiteExecutor.accessTestCaseMainPhase(TestSuiteExecutor.java:169)
	at com.kms.katalon.core.main.TestSuiteExecutor.accessTestSuiteMainPhase(TestSuiteExecutor.java:142)
	at com.kms.katalon.core.main.TestSuiteExecutor.execute(TestSuiteExecutor.java:91)
	at com.kms.katalon.core.main.TestCaseMain.startTestSuite(TestCaseMain.java:157)
	at com.kms.katalon.core.main.TestCaseMain$startTestSuite$0.call(Unknown Source)
	at TempTestSuite1590576626088.run(TempTestSuite1590576626088.groovy:36)
Caused by: com.kms.katalon.core.exception.StepFailedException: Unable to open browser with url: 'https://appsrv1.deltadatamandiri.com/ACC_LMS_WEB/#/admNLmn'
	at com.kms.katalon.core.webui.keyword.internal.WebUIKeywordMain.stepFailed(WebUIKeywordMain.groovy:64)
	at com.kms.katalon.core.webui.keyword.internal.WebUIKeywordMain.runKeyword(WebUIKeywordMain.groovy:26)
	at com.kms.katalon.core.webui.keyword.builtin.OpenBrowserKeyword.openBrowser(OpenBrowserKeyword.groovy:81)
	at com.kms.katalon.core.webui.keyword.builtin.OpenBrowserKeyword.execute(OpenBrowserKeyword.groovy:67)
	at com.kms.katalon.core.keyword.internal.KeywordExecutor.executeKeywordForPlatform(KeywordExecutor.groovy:72)
	at com.kms.katalon.core.webui.keyword.WebUiBuiltInKeywords.openBrowser(WebUiBuiltInKeywords.groovy:60)
	at com.kms.katalon.core.webui.keyword.WebUiBuiltInKeywords$openBrowser.call(Unknown Source)
	at AdminMainLogin.run(AdminMainLogin:18)
	at com.kms.katalon.core.main.ScriptEngine.run(ScriptEngine.java:194)
	at com.kms.katalon.core.main.ScriptEngine.runScriptAsRawText(ScriptEngine.java:119)
	at com.kms.katalon.core.main.TestCaseExecutor.runScript(TestCaseExecutor.java:337)
	at com.kms.katalon.core.main.TestCaseExecutor.doExecute(TestCaseExecutor.java:328)
	at com.kms.katalon.core.main.TestCaseExecutor.processExecutionPhase(TestCaseExecutor.java:307)
	at com.kms.katalon.core.main.TestCaseExecutor.accessMainPhase(TestCaseExecutor.java:299)
	at com.kms.katalon.core.main.TestCaseExecutor.execute(TestCaseExecutor.java:233)
	at com.kms.katalon.core.main.TestCaseMain.runTestCase(TestCaseMain.java:114)
	at com.kms.katalon.core.keyword.builtin.CallTestCaseKeyword$_callTestCase_closure1.doCall(CallTestCaseKeyword.groovy:59)
	... 20 more
Caused by: org.openqa.selenium.WebDriverException: disconnected: Unable to receive message from renderer
  (Session info: chrome=81.0.4044.138)
Build info: version: '3.141.59', revision: 'e82be7d358', time: '2018-11-14T08:25:53'
System info: host: 'DESKTOP-NHES7H6', ip: '192.168.1.116', os.name: 'Windows 10', os.arch: 'amd64', os.version: '10.0', java.version: '1.8.0_181'
Driver info: com.kms.katalon.selenium.driver.CChromeDriver
Capabilities {acceptInsecureCerts: false, browserName: chrome, browserVersion: 81.0.4044.138, chrome: {chromedriverVersion: 81.0.4044.138 (8c6c7ba89cc9..., userDataDir: C:\Users\ASUS\AppData\Local...}, goog:chromeOptions: {debuggerAddress: localhost:61294}, javascriptEnabled: true, networkConnectionEnabled: false, pageLoadStrategy: normal, platform: WINDOWS, platformName: WINDOWS, proxy: Proxy(), setWindowRect: true, strictFileInteractability: false, timeouts: {implicit: 0, pageLoad: 300000, script: 30000}, unhandledPromptBehavior: dismiss and notify, webauthn:virtualAuthenticators: true}
Session ID: 7473d996b1d35114d83357ad7ab85fd1
	at org.openqa.selenium.remote.http.W3CHttpResponseCodec.createException(W3CHttpResponseCodec.java:187)
	at org.openqa.selenium.remote.http.W3CHttpResponseCodec.decode(W3CHttpResponseCodec.java:122)
	at org.openqa.selenium.remote.http.W3CHttpResponseCodec.decode(W3CHttpResponseCodec.java:49)
	at org.openqa.selenium.remote.HttpCommandExecutor.execute(HttpCommandExecutor.java:158)
	at org.openqa.selenium.remote.service.DriverCommandExecutor.execute(DriverCommandExecutor.java:83)
	at org.openqa.selenium.remote.RemoteWebDriver.execute(RemoteWebDriver.java:552)
	at com.kms.katalon.selenium.driver.CChromeDriver.execute(CChromeDriver.java:19)
	at org.openqa.selenium.remote.RemoteWebDriver.get(RemoteWebDriver.java:277)
	at org.openqa.selenium.support.events.EventFiringWebDriver.lambda$new$1(EventFiringWebDriver.java:105)
	at com.sun.proxy.$Proxy9.get(Unknown Source)
	at org.openqa.selenium.support.events.EventFiringWebDriver.get(EventFiringWebDriver.java:165)
	at com.kms.katalon.core.webui.keyword.builtin.OpenBrowserKeyword$_openBrowser_closure1.doCall(OpenBrowserKeyword.groovy:78)
	at com.kms.katalon.core.webui.keyword.builtin.OpenBrowserKeyword$_openBrowser_closure1.call(OpenBrowserKeyword.groovy)
	at com.kms.katalon.core.webui.keyword.internal.WebUIKeywordMain.runKeyword(WebUIKeywordMain.groovy:20)
	... 35 more
"/>
         <system-out><![CDATA[2020-05-27 18:21:28 - [TEST_CASE][FAILED] - Test Cases/Rizka/Admin/Manage Test/Admin - Manage Test - Quiz - New Question: Test Cases/Rizka/Admin/Manage Test/Admin - Manage Test - Quiz - New Question FAILED.
Reason:
com.kms.katalon.core.exception.StepFailedException: Call Test Case 'Test Cases/Rizka/Admin/AdminMainLogin' failed
	at com.kms.katalon.core.keyword.builtin.CallTestCaseKeyword$_callTestCase_closure1.doCall(CallTestCaseKeyword.groovy:63)
	at com.kms.katalon.core.keyword.builtin.CallTestCaseKeyword$_callTestCase_closure1.call(CallTestCaseKeyword.groovy)
	at com.kms.katalon.core.keyword.internal.KeywordMain.runKeyword(KeywordMain.groovy:68)
	at com.kms.katalon.core.keyword.builtin.CallTestCaseKeyword.callTestCase(CallTestCaseKeyword.groovy:81)
	at com.kms.katalon.core.keyword.builtin.CallTestCaseKeyword.execute(CallTestCaseKeyword.groovy:44)
	at com.kms.katalon.core.keyword.internal.KeywordExecutor.executeKeywordForPlatform(KeywordExecutor.groovy:72)
	at com.kms.katalon.core.keyword.BuiltinKeywords.callTestCase(BuiltinKeywords.groovy:334)
	at Admin - Manage Test - Quiz - New Question.run(Admin - Manage Test - Quiz - New Question:18)
	at com.kms.katalon.core.main.ScriptEngine.run(ScriptEngine.java:194)
	at com.kms.katalon.core.main.ScriptEngine.runScriptAsRawText(ScriptEngine.java:119)
	at com.kms.katalon.core.main.TestCaseExecutor.runScript(TestCaseExecutor.java:337)
	at com.kms.katalon.core.main.TestCaseExecutor.doExecute(TestCaseExecutor.java:328)
	at com.kms.katalon.core.main.TestCaseExecutor.processExecutionPhase(TestCaseExecutor.java:307)
	at com.kms.katalon.core.main.TestCaseExecutor.accessMainPhase(TestCaseExecutor.java:299)
	at com.kms.katalon.core.main.TestCaseExecutor.execute(TestCaseExecutor.java:233)
	at com.kms.katalon.core.main.TestSuiteExecutor.accessTestCaseMainPhase(TestSuiteExecutor.java:169)
	at com.kms.katalon.core.main.TestSuiteExecutor.accessTestSuiteMainPhase(TestSuiteExecutor.java:142)
	at com.kms.katalon.core.main.TestSuiteExecutor.execute(TestSuiteExecutor.java:91)
	at com.kms.katalon.core.main.TestCaseMain.startTestSuite(TestCaseMain.java:157)
	at com.kms.katalon.core.main.TestCaseMain$startTestSuite$0.call(Unknown Source)
	at TempTestSuite1590576626088.run(TempTestSuite1590576626088.groovy:36)
Caused by: com.kms.katalon.core.exception.StepFailedException: Unable to open browser with url: 'https://appsrv1.deltadatamandiri.com/ACC_LMS_WEB/#/admNLmn'
	at com.kms.katalon.core.webui.keyword.internal.WebUIKeywordMain.stepFailed(WebUIKeywordMain.groovy:64)
	at com.kms.katalon.core.webui.keyword.internal.WebUIKeywordMain.runKeyword(WebUIKeywordMain.groovy:26)
	at com.kms.katalon.core.webui.keyword.builtin.OpenBrowserKeyword.openBrowser(OpenBrowserKeyword.groovy:81)
	at com.kms.katalon.core.webui.keyword.builtin.OpenBrowserKeyword.execute(OpenBrowserKeyword.groovy:67)
	at com.kms.katalon.core.keyword.internal.KeywordExecutor.executeKeywordForPlatform(KeywordExecutor.groovy:72)
	at com.kms.katalon.core.webui.keyword.WebUiBuiltInKeywords.openBrowser(WebUiBuiltInKeywords.groovy:60)
	at com.kms.katalon.core.webui.keyword.WebUiBuiltInKeywords$openBrowser.call(Unknown Source)
	at AdminMainLogin.run(AdminMainLogin:18)
	at com.kms.katalon.core.main.ScriptEngine.run(ScriptEngine.java:194)
	at com.kms.katalon.core.main.ScriptEngine.runScriptAsRawText(ScriptEngine.java:119)
	at com.kms.katalon.core.main.TestCaseExecutor.runScript(TestCaseExecutor.java:337)
	at com.kms.katalon.core.main.TestCaseExecutor.doExecute(TestCaseExecutor.java:328)
	at com.kms.katalon.core.main.TestCaseExecutor.processExecutionPhase(TestCaseExecutor.java:307)
	at com.kms.katalon.core.main.TestCaseExecutor.accessMainPhase(TestCaseExecutor.java:299)
	at com.kms.katalon.core.main.TestCaseExecutor.execute(TestCaseExecutor.java:233)
	at com.kms.katalon.core.main.TestCaseMain.runTestCase(TestCaseMain.java:114)
	at com.kms.katalon.core.keyword.builtin.CallTestCaseKeyword$_callTestCase_closure1.doCall(CallTestCaseKeyword.groovy:59)
	... 20 more
Caused by: org.openqa.selenium.WebDriverException: disconnected: Unable to receive message from renderer
  (Session info: chrome=81.0.4044.138)
Build info: version: '3.141.59', revision: 'e82be7d358', time: '2018-11-14T08:25:53'
System info: host: 'DESKTOP-NHES7H6', ip: '192.168.1.116', os.name: 'Windows 10', os.arch: 'amd64', os.version: '10.0', java.version: '1.8.0_181'
Driver info: com.kms.katalon.selenium.driver.CChromeDriver
Capabilities {acceptInsecureCerts: false, browserName: chrome, browserVersion: 81.0.4044.138, chrome: {chromedriverVersion: 81.0.4044.138 (8c6c7ba89cc9..., userDataDir: C:\Users\ASUS\AppData\Local...}, goog:chromeOptions: {debuggerAddress: localhost:61294}, javascriptEnabled: true, networkConnectionEnabled: false, pageLoadStrategy: normal, platform: WINDOWS, platformName: WINDOWS, proxy: Proxy(), setWindowRect: true, strictFileInteractability: false, timeouts: {implicit: 0, pageLoad: 300000, script: 30000}, unhandledPromptBehavior: dismiss and notify, webauthn:virtualAuthenticators: true}
Session ID: 7473d996b1d35114d83357ad7ab85fd1
	at org.openqa.selenium.remote.http.W3CHttpResponseCodec.createException(W3CHttpResponseCodec.java:187)
	at org.openqa.selenium.remote.http.W3CHttpResponseCodec.decode(W3CHttpResponseCodec.java:122)
	at org.openqa.selenium.remote.http.W3CHttpResponseCodec.decode(W3CHttpResponseCodec.java:49)
	at org.openqa.selenium.remote.HttpCommandExecutor.execute(HttpCommandExecutor.java:158)
	at org.openqa.selenium.remote.service.DriverCommandExecutor.execute(DriverCommandExecutor.java:83)
	at org.openqa.selenium.remote.RemoteWebDriver.execute(RemoteWebDriver.java:552)
	at com.kms.katalon.selenium.driver.CChromeDriver.execute(CChromeDriver.java:19)
	at org.openqa.selenium.remote.RemoteWebDriver.get(RemoteWebDriver.java:277)
	at org.openqa.selenium.support.events.EventFiringWebDriver.lambda$new$1(EventFiringWebDriver.java:105)
	at com.sun.proxy.$Proxy9.get(Unknown Source)
	at org.openqa.selenium.support.events.EventFiringWebDriver.get(EventFiringWebDriver.java:165)
	at com.kms.katalon.core.webui.keyword.builtin.OpenBrowserKeyword$_openBrowser_closure1.doCall(OpenBrowserKeyword.groovy:78)
	at com.kms.katalon.core.webui.keyword.builtin.OpenBrowserKeyword$_openBrowser_closure1.call(OpenBrowserKeyword.groovy)
	at com.kms.katalon.core.webui.keyword.internal.WebUIKeywordMain.runKeyword(WebUIKeywordMain.groovy:20)
	... 35 more


2020-05-27 18:21:28 - [TEST_STEP][FAILED] - callTestCase(findTestCase("Rizka/Admin/AdminMainLogin"), [:], STOP_ON_FAILURE): Unable to call Test Case 'Test Cases/Rizka/Admin/AdminMainLogin' (Root cause: com.kms.katalon.core.exception.StepFailedException: Call Test Case 'Test Cases/Rizka/Admin/AdminMainLogin' failed
	at com.kms.katalon.core.keyword.builtin.CallTestCaseKeyword$_callTestCase_closure1.doCall(CallTestCaseKeyword.groovy:63)
	at com.kms.katalon.core.keyword.builtin.CallTestCaseKeyword$_callTestCase_closure1.call(CallTestCaseKeyword.groovy)
	at com.kms.katalon.core.keyword.internal.KeywordMain.runKeyword(KeywordMain.groovy:68)
	at com.kms.katalon.core.keyword.builtin.CallTestCaseKeyword.callTestCase(CallTestCaseKeyword.groovy:81)
	at com.kms.katalon.core.keyword.builtin.CallTestCaseKeyword.execute(CallTestCaseKeyword.groovy:44)
	at com.kms.katalon.core.keyword.internal.KeywordExecutor.executeKeywordForPlatform(KeywordExecutor.groovy:72)
	at com.kms.katalon.core.keyword.BuiltinKeywords.callTestCase(BuiltinKeywords.groovy:334)
	at Admin - Manage Test - Quiz - New Question.run(Admin - Manage Test - Quiz - New Question:18)
	at com.kms.katalon.core.main.ScriptEngine.run(ScriptEngine.java:194)
	at com.kms.katalon.core.main.ScriptEngine.runScriptAsRawText(ScriptEngine.java:119)
	at com.kms.katalon.core.main.TestCaseExecutor.runScript(TestCaseExecutor.java:337)
	at com.kms.katalon.core.main.TestCaseExecutor.doExecute(TestCaseExecutor.java:328)
	at com.kms.katalon.core.main.TestCaseExecutor.processExecutionPhase(TestCaseExecutor.java:307)
	at com.kms.katalon.core.main.TestCaseExecutor.accessMainPhase(TestCaseExecutor.java:299)
	at com.kms.katalon.core.main.TestCaseExecutor.execute(TestCaseExecutor.java:233)
	at com.kms.katalon.core.main.TestSuiteExecutor.accessTestCaseMainPhase(TestSuiteExecutor.java:169)
	at com.kms.katalon.core.main.TestSuiteExecutor.accessTestSuiteMainPhase(TestSuiteExecutor.java:142)
	at com.kms.katalon.core.main.TestSuiteExecutor.execute(TestSuiteExecutor.java:91)
	at com.kms.katalon.core.main.TestCaseMain.startTestSuite(TestCaseMain.java:157)
	at com.kms.katalon.core.main.TestCaseMain$startTestSuite$0.call(Unknown Source)
	at TempTestSuite1590576626088.run(TempTestSuite1590576626088.groovy:36)
Caused by: com.kms.katalon.core.exception.StepFailedException: Unable to open browser with url: 'https://appsrv1.deltadatamandiri.com/ACC_LMS_WEB/#/admNLmn'
	at com.kms.katalon.core.webui.keyword.internal.WebUIKeywordMain.stepFailed(WebUIKeywordMain.groovy:64)
	at com.kms.katalon.core.webui.keyword.internal.WebUIKeywordMain.runKeyword(WebUIKeywordMain.groovy:26)
	at com.kms.katalon.core.webui.keyword.builtin.OpenBrowserKeyword.openBrowser(OpenBrowserKeyword.groovy:81)
	at com.kms.katalon.core.webui.keyword.builtin.OpenBrowserKeyword.execute(OpenBrowserKeyword.groovy:67)
	at com.kms.katalon.core.keyword.internal.KeywordExecutor.executeKeywordForPlatform(KeywordExecutor.groovy:72)
	at com.kms.katalon.core.webui.keyword.WebUiBuiltInKeywords.openBrowser(WebUiBuiltInKeywords.groovy:60)
	at com.kms.katalon.core.webui.keyword.WebUiBuiltInKeywords$openBrowser.call(Unknown Source)
	at AdminMainLogin.run(AdminMainLogin:18)
	at com.kms.katalon.core.main.ScriptEngine.run(ScriptEngine.java:194)
	at com.kms.katalon.core.main.ScriptEngine.runScriptAsRawText(ScriptEngine.java:119)
	at com.kms.katalon.core.main.TestCaseExecutor.runScript(TestCaseExecutor.java:337)
	at com.kms.katalon.core.main.TestCaseExecutor.doExecute(TestCaseExecutor.java:328)
	at com.kms.katalon.core.main.TestCaseExecutor.processExecutionPhase(TestCaseExecutor.java:307)
	at com.kms.katalon.core.main.TestCaseExecutor.accessMainPhase(TestCaseExecutor.java:299)
	at com.kms.katalon.core.main.TestCaseExecutor.execute(TestCaseExecutor.java:233)
	at com.kms.katalon.core.main.TestCaseMain.runTestCase(TestCaseMain.java:114)
	at com.kms.katalon.core.keyword.builtin.CallTestCaseKeyword$_callTestCase_closure1.doCall(CallTestCaseKeyword.groovy:59)
	... 20 more
Caused by: org.openqa.selenium.WebDriverException: disconnected: Unable to receive message from renderer
  (Session info: chrome=81.0.4044.138)
Build info: version: '3.141.59', revision: 'e82be7d358', time: '2018-11-14T08:25:53'
System info: host: 'DESKTOP-NHES7H6', ip: '192.168.1.116', os.name: 'Windows 10', os.arch: 'amd64', os.version: '10.0', java.version: '1.8.0_181'
Driver info: com.kms.katalon.selenium.driver.CChromeDriver
Capabilities {acceptInsecureCerts: false, browserName: chrome, browserVersion: 81.0.4044.138, chrome: {chromedriverVersion: 81.0.4044.138 (8c6c7ba89cc9..., userDataDir: C:\Users\ASUS\AppData\Local...}, goog:chromeOptions: {debuggerAddress: localhost:61294}, javascriptEnabled: true, networkConnectionEnabled: false, pageLoadStrategy: normal, platform: WINDOWS, platformName: WINDOWS, proxy: Proxy(), setWindowRect: true, strictFileInteractability: false, timeouts: {implicit: 0, pageLoad: 300000, script: 30000}, unhandledPromptBehavior: dismiss and notify, webauthn:virtualAuthenticators: true}
Session ID: 7473d996b1d35114d83357ad7ab85fd1
	at org.openqa.selenium.remote.http.W3CHttpResponseCodec.createException(W3CHttpResponseCodec.java:187)
	at org.openqa.selenium.remote.http.W3CHttpResponseCodec.decode(W3CHttpResponseCodec.java:122)
	at org.openqa.selenium.remote.http.W3CHttpResponseCodec.decode(W3CHttpResponseCodec.java:49)
	at org.openqa.selenium.remote.HttpCommandExecutor.execute(HttpCommandExecutor.java:158)
	at org.openqa.selenium.remote.service.DriverCommandExecutor.execute(DriverCommandExecutor.java:83)
	at org.openqa.selenium.remote.RemoteWebDriver.execute(RemoteWebDriver.java:552)
	at com.kms.katalon.selenium.driver.CChromeDriver.execute(CChromeDriver.java:19)
	at org.openqa.selenium.remote.RemoteWebDriver.get(RemoteWebDriver.java:277)
	at org.openqa.selenium.support.events.EventFiringWebDriver.lambda$new$1(EventFiringWebDriver.java:105)
	at com.sun.proxy.$Proxy9.get(Unknown Source)
	at org.openqa.selenium.support.events.EventFiringWebDriver.get(EventFiringWebDriver.java:165)
	at com.kms.katalon.core.webui.keyword.builtin.OpenBrowserKeyword$_openBrowser_closure1.doCall(OpenBrowserKeyword.groovy:78)
	at com.kms.katalon.core.webui.keyword.builtin.OpenBrowserKeyword$_openBrowser_closure1.call(OpenBrowserKeyword.groovy)
	at com.kms.katalon.core.webui.keyword.internal.WebUIKeywordMain.runKeyword(WebUIKeywordMain.groovy:20)
	... 35 more
)

2020-05-27 18:21:28 - [TEST_CASE][FAILED] - Test Cases/Rizka/Admin/AdminMainLogin: Test Cases/Rizka/Admin/AdminMainLogin FAILED.
Reason:
com.kms.katalon.core.exception.StepFailedException: Unable to open browser with url: 'https://appsrv1.deltadatamandiri.com/ACC_LMS_WEB/#/admNLmn'
	at com.kms.katalon.core.webui.keyword.internal.WebUIKeywordMain.stepFailed(WebUIKeywordMain.groovy:64)
	at com.kms.katalon.core.webui.keyword.internal.WebUIKeywordMain.runKeyword(WebUIKeywordMain.groovy:26)
	at com.kms.katalon.core.webui.keyword.builtin.OpenBrowserKeyword.openBrowser(OpenBrowserKeyword.groovy:81)
	at com.kms.katalon.core.webui.keyword.builtin.OpenBrowserKeyword.execute(OpenBrowserKeyword.groovy:67)
	at com.kms.katalon.core.keyword.internal.KeywordExecutor.executeKeywordForPlatform(KeywordExecutor.groovy:72)
	at com.kms.katalon.core.webui.keyword.WebUiBuiltInKeywords.openBrowser(WebUiBuiltInKeywords.groovy:60)
	at com.kms.katalon.core.webui.keyword.WebUiBuiltInKeywords$openBrowser.call(Unknown Source)
	at AdminMainLogin.run(AdminMainLogin:18)
	at com.kms.katalon.core.main.ScriptEngine.run(ScriptEngine.java:194)
	at com.kms.katalon.core.main.ScriptEngine.runScriptAsRawText(ScriptEngine.java:119)
	at com.kms.katalon.core.main.TestCaseExecutor.runScript(TestCaseExecutor.java:337)
	at com.kms.katalon.core.main.TestCaseExecutor.doExecute(TestCaseExecutor.java:328)
	at com.kms.katalon.core.main.TestCaseExecutor.processExecutionPhase(TestCaseExecutor.java:307)
	at com.kms.katalon.core.main.TestCaseExecutor.accessMainPhase(TestCaseExecutor.java:299)
	at com.kms.katalon.core.main.TestCaseExecutor.execute(TestCaseExecutor.java:233)
	at com.kms.katalon.core.main.TestCaseMain.runTestCase(TestCaseMain.java:114)
	at com.kms.katalon.core.keyword.builtin.CallTestCaseKeyword$_callTestCase_closure1.doCall(CallTestCaseKeyword.groovy:59)
	at com.kms.katalon.core.keyword.builtin.CallTestCaseKeyword$_callTestCase_closure1.call(CallTestCaseKeyword.groovy)
	at com.kms.katalon.core.keyword.internal.KeywordMain.runKeyword(KeywordMain.groovy:68)
	at com.kms.katalon.core.keyword.builtin.CallTestCaseKeyword.callTestCase(CallTestCaseKeyword.groovy:81)
	at com.kms.katalon.core.keyword.builtin.CallTestCaseKeyword.execute(CallTestCaseKeyword.groovy:44)
	at com.kms.katalon.core.keyword.internal.KeywordExecutor.executeKeywordForPlatform(KeywordExecutor.groovy:72)
	at com.kms.katalon.core.keyword.BuiltinKeywords.callTestCase(BuiltinKeywords.groovy:334)
	at Admin - Manage Test - Quiz - New Question.run(Admin - Manage Test - Quiz - New Question:18)
	at com.kms.katalon.core.main.ScriptEngine.run(ScriptEngine.java:194)
	at com.kms.katalon.core.main.ScriptEngine.runScriptAsRawText(ScriptEngine.java:119)
	at com.kms.katalon.core.main.TestCaseExecutor.runScript(TestCaseExecutor.java:337)
	at com.kms.katalon.core.main.TestCaseExecutor.doExecute(TestCaseExecutor.java:328)
	at com.kms.katalon.core.main.TestCaseExecutor.processExecutionPhase(TestCaseExecutor.java:307)
	at com.kms.katalon.core.main.TestCaseExecutor.accessMainPhase(TestCaseExecutor.java:299)
	at com.kms.katalon.core.main.TestCaseExecutor.execute(TestCaseExecutor.java:233)
	at com.kms.katalon.core.main.TestSuiteExecutor.accessTestCaseMainPhase(TestSuiteExecutor.java:169)
	at com.kms.katalon.core.main.TestSuiteExecutor.accessTestSuiteMainPhase(TestSuiteExecutor.java:142)
	at com.kms.katalon.core.main.TestSuiteExecutor.execute(TestSuiteExecutor.java:91)
	at com.kms.katalon.core.main.TestCaseMain.startTestSuite(TestCaseMain.java:157)
	at com.kms.katalon.core.main.TestCaseMain$startTestSuite$0.call(Unknown Source)
	at TempTestSuite1590576626088.run(TempTestSuite1590576626088.groovy:36)
Caused by: org.openqa.selenium.WebDriverException: disconnected: Unable to receive message from renderer
  (Session info: chrome=81.0.4044.138)
Build info: version: '3.141.59', revision: 'e82be7d358', time: '2018-11-14T08:25:53'
System info: host: 'DESKTOP-NHES7H6', ip: '192.168.1.116', os.name: 'Windows 10', os.arch: 'amd64', os.version: '10.0', java.version: '1.8.0_181'
Driver info: com.kms.katalon.selenium.driver.CChromeDriver
Capabilities {acceptInsecureCerts: false, browserName: chrome, browserVersion: 81.0.4044.138, chrome: {chromedriverVersion: 81.0.4044.138 (8c6c7ba89cc9..., userDataDir: C:\Users\ASUS\AppData\Local...}, goog:chromeOptions: {debuggerAddress: localhost:61294}, javascriptEnabled: true, networkConnectionEnabled: false, pageLoadStrategy: normal, platform: WINDOWS, platformName: WINDOWS, proxy: Proxy(), setWindowRect: true, strictFileInteractability: false, timeouts: {implicit: 0, pageLoad: 300000, script: 30000}, unhandledPromptBehavior: dismiss and notify, webauthn:virtualAuthenticators: true}
Session ID: 7473d996b1d35114d83357ad7ab85fd1
	at org.openqa.selenium.remote.http.W3CHttpResponseCodec.createException(W3CHttpResponseCodec.java:187)
	at org.openqa.selenium.remote.http.W3CHttpResponseCodec.decode(W3CHttpResponseCodec.java:122)
	at org.openqa.selenium.remote.http.W3CHttpResponseCodec.decode(W3CHttpResponseCodec.java:49)
	at org.openqa.selenium.remote.HttpCommandExecutor.execute(HttpCommandExecutor.java:158)
	at org.openqa.selenium.remote.service.DriverCommandExecutor.execute(DriverCommandExecutor.java:83)
	at org.openqa.selenium.remote.RemoteWebDriver.execute(RemoteWebDriver.java:552)
	at com.kms.katalon.selenium.driver.CChromeDriver.execute(CChromeDriver.java:19)
	at org.openqa.selenium.remote.RemoteWebDriver.get(RemoteWebDriver.java:277)
	at org.openqa.selenium.support.events.EventFiringWebDriver.lambda$new$1(EventFiringWebDriver.java:105)
	at com.sun.proxy.$Proxy9.get(Unknown Source)
	at org.openqa.selenium.support.events.EventFiringWebDriver.get(EventFiringWebDriver.java:165)
	at com.kms.katalon.core.webui.keyword.builtin.OpenBrowserKeyword$_openBrowser_closure1.doCall(OpenBrowserKeyword.groovy:78)
	at com.kms.katalon.core.webui.keyword.builtin.OpenBrowserKeyword$_openBrowser_closure1.call(OpenBrowserKeyword.groovy)
	at com.kms.katalon.core.webui.keyword.internal.WebUIKeywordMain.runKeyword(WebUIKeywordMain.groovy:20)
	... 35 more


2020-05-27 18:21:28 - [TEST_STEP][FAILED] - openBrowser("https://appsrv1.deltadatamandiri.com/ACC_LMS_WEB/#/admNLmn"): Unable to open browser with url: 'https://appsrv1.deltadatamandiri.com/ACC_LMS_WEB/#/admNLmn' (Root cause: com.kms.katalon.core.exception.StepFailedException: Unable to open browser with url: 'https://appsrv1.deltadatamandiri.com/ACC_LMS_WEB/#/admNLmn'
	at com.kms.katalon.core.webui.keyword.internal.WebUIKeywordMain.stepFailed(WebUIKeywordMain.groovy:64)
	at com.kms.katalon.core.webui.keyword.internal.WebUIKeywordMain.runKeyword(WebUIKeywordMain.groovy:26)
	at com.kms.katalon.core.webui.keyword.builtin.OpenBrowserKeyword.openBrowser(OpenBrowserKeyword.groovy:81)
	at com.kms.katalon.core.webui.keyword.builtin.OpenBrowserKeyword.execute(OpenBrowserKeyword.groovy:67)
	at com.kms.katalon.core.keyword.internal.KeywordExecutor.executeKeywordForPlatform(KeywordExecutor.groovy:72)
	at com.kms.katalon.core.webui.keyword.WebUiBuiltInKeywords.openBrowser(WebUiBuiltInKeywords.groovy:60)
	at com.kms.katalon.core.webui.keyword.WebUiBuiltInKeywords$openBrowser.call(Unknown Source)
	at AdminMainLogin.run(AdminMainLogin:18)
	at com.kms.katalon.core.main.ScriptEngine.run(ScriptEngine.java:194)
	at com.kms.katalon.core.main.ScriptEngine.runScriptAsRawText(ScriptEngine.java:119)
	at com.kms.katalon.core.main.TestCaseExecutor.runScript(TestCaseExecutor.java:337)
	at com.kms.katalon.core.main.TestCaseExecutor.doExecute(TestCaseExecutor.java:328)
	at com.kms.katalon.core.main.TestCaseExecutor.processExecutionPhase(TestCaseExecutor.java:307)
	at com.kms.katalon.core.main.TestCaseExecutor.accessMainPhase(TestCaseExecutor.java:299)
	at com.kms.katalon.core.main.TestCaseExecutor.execute(TestCaseExecutor.java:233)
	at com.kms.katalon.core.main.TestCaseMain.runTestCase(TestCaseMain.java:114)
	at com.kms.katalon.core.keyword.builtin.CallTestCaseKeyword$_callTestCase_closure1.doCall(CallTestCaseKeyword.groovy:59)
	at com.kms.katalon.core.keyword.builtin.CallTestCaseKeyword$_callTestCase_closure1.call(CallTestCaseKeyword.groovy)
	at com.kms.katalon.core.keyword.internal.KeywordMain.runKeyword(KeywordMain.groovy:68)
	at com.kms.katalon.core.keyword.builtin.CallTestCaseKeyword.callTestCase(CallTestCaseKeyword.groovy:81)
	at com.kms.katalon.core.keyword.builtin.CallTestCaseKeyword.execute(CallTestCaseKeyword.groovy:44)
	at com.kms.katalon.core.keyword.internal.KeywordExecutor.executeKeywordForPlatform(KeywordExecutor.groovy:72)
	at com.kms.katalon.core.keyword.BuiltinKeywords.callTestCase(BuiltinKeywords.groovy:334)
	at Admin - Manage Test - Quiz - New Question.run(Admin - Manage Test - Quiz - New Question:18)
	at com.kms.katalon.core.main.ScriptEngine.run(ScriptEngine.java:194)
	at com.kms.katalon.core.main.ScriptEngine.runScriptAsRawText(ScriptEngine.java:119)
	at com.kms.katalon.core.main.TestCaseExecutor.runScript(TestCaseExecutor.java:337)
	at com.kms.katalon.core.main.TestCaseExecutor.doExecute(TestCaseExecutor.java:328)
	at com.kms.katalon.core.main.TestCaseExecutor.processExecutionPhase(TestCaseExecutor.java:307)
	at com.kms.katalon.core.main.TestCaseExecutor.accessMainPhase(TestCaseExecutor.java:299)
	at com.kms.katalon.core.main.TestCaseExecutor.execute(TestCaseExecutor.java:233)
	at com.kms.katalon.core.main.TestSuiteExecutor.accessTestCaseMainPhase(TestSuiteExecutor.java:169)
	at com.kms.katalon.core.main.TestSuiteExecutor.accessTestSuiteMainPhase(TestSuiteExecutor.java:142)
	at com.kms.katalon.core.main.TestSuiteExecutor.execute(TestSuiteExecutor.java:91)
	at com.kms.katalon.core.main.TestCaseMain.startTestSuite(TestCaseMain.java:157)
	at com.kms.katalon.core.main.TestCaseMain$startTestSuite$0.call(Unknown Source)
	at TempTestSuite1590576626088.run(TempTestSuite1590576626088.groovy:36)
Caused by: org.openqa.selenium.WebDriverException: disconnected: Unable to receive message from renderer
  (Session info: chrome=81.0.4044.138)
Build info: version: '3.141.59', revision: 'e82be7d358', time: '2018-11-14T08:25:53'
System info: host: 'DESKTOP-NHES7H6', ip: '192.168.1.116', os.name: 'Windows 10', os.arch: 'amd64', os.version: '10.0', java.version: '1.8.0_181'
Driver info: com.kms.katalon.selenium.driver.CChromeDriver
Capabilities {acceptInsecureCerts: false, browserName: chrome, browserVersion: 81.0.4044.138, chrome: {chromedriverVersion: 81.0.4044.138 (8c6c7ba89cc9..., userDataDir: C:\Users\ASUS\AppData\Local...}, goog:chromeOptions: {debuggerAddress: localhost:61294}, javascriptEnabled: true, networkConnectionEnabled: false, pageLoadStrategy: normal, platform: WINDOWS, platformName: WINDOWS, proxy: Proxy(), setWindowRect: true, strictFileInteractability: false, timeouts: {implicit: 0, pageLoad: 300000, script: 30000}, unhandledPromptBehavior: dismiss and notify, webauthn:virtualAuthenticators: true}
Session ID: 7473d996b1d35114d83357ad7ab85fd1
	at org.openqa.selenium.remote.http.W3CHttpResponseCodec.createException(W3CHttpResponseCodec.java:187)
	at org.openqa.selenium.remote.http.W3CHttpResponseCodec.decode(W3CHttpResponseCodec.java:122)
	at org.openqa.selenium.remote.http.W3CHttpResponseCodec.decode(W3CHttpResponseCodec.java:49)
	at org.openqa.selenium.remote.HttpCommandExecutor.execute(HttpCommandExecutor.java:158)
	at org.openqa.selenium.remote.service.DriverCommandExecutor.execute(DriverCommandExecutor.java:83)
	at org.openqa.selenium.remote.RemoteWebDriver.execute(RemoteWebDriver.java:552)
	at com.kms.katalon.selenium.driver.CChromeDriver.execute(CChromeDriver.java:19)
	at org.openqa.selenium.remote.RemoteWebDriver.get(RemoteWebDriver.java:277)
	at org.openqa.selenium.support.events.EventFiringWebDriver.lambda$new$1(EventFiringWebDriver.java:105)
	at com.sun.proxy.$Proxy9.get(Unknown Source)
	at org.openqa.selenium.support.events.EventFiringWebDriver.get(EventFiringWebDriver.java:165)
	at com.kms.katalon.core.webui.keyword.builtin.OpenBrowserKeyword$_openBrowser_closure1.doCall(OpenBrowserKeyword.groovy:78)
	at com.kms.katalon.core.webui.keyword.builtin.OpenBrowserKeyword$_openBrowser_closure1.call(OpenBrowserKeyword.groovy)
	at com.kms.katalon.core.webui.keyword.internal.WebUIKeywordMain.runKeyword(WebUIKeywordMain.groovy:20)
	at com.kms.katalon.core.webui.keyword.builtin.OpenBrowserKeyword.openBrowser(OpenBrowserKeyword.groovy:81)
	at com.kms.katalon.core.webui.keyword.builtin.OpenBrowserKeyword.execute(OpenBrowserKeyword.groovy:67)
	at com.kms.katalon.core.keyword.internal.KeywordExecutor.executeKeywordForPlatform(KeywordExecutor.groovy:72)
	at com.kms.katalon.core.webui.keyword.WebUiBuiltInKeywords.openBrowser(WebUiBuiltInKeywords.groovy:60)
	at com.kms.katalon.core.webui.keyword.WebUiBuiltInKeywords$openBrowser.call(Unknown Source)
	at Script1590551759291.run(Script1590551759291.groovy:18)
	at com.kms.katalon.core.main.ScriptEngine.run(ScriptEngine.java:194)
	at com.kms.katalon.core.main.ScriptEngine.runScriptAsRawText(ScriptEngine.java:119)
	at com.kms.katalon.core.main.TestCaseExecutor.runScript(TestCaseExecutor.java:337)
	at com.kms.katalon.core.main.TestCaseExecutor.doExecute(TestCaseExecutor.java:328)
	at com.kms.katalon.core.main.TestCaseExecutor.processExecutionPhase(TestCaseExecutor.java:307)
	at com.kms.katalon.core.main.TestCaseExecutor.accessMainPhase(TestCaseExecutor.java:299)
	at com.kms.katalon.core.main.TestCaseExecutor.execute(TestCaseExecutor.java:233)
	at com.kms.katalon.core.main.TestCaseMain.runTestCase(TestCaseMain.java:114)
	at com.kms.katalon.core.keyword.builtin.CallTestCaseKeyword$_callTestCase_closure1.doCall(CallTestCaseKeyword.groovy:59)
	at com.kms.katalon.core.keyword.builtin.CallTestCaseKeyword$_callTestCase_closure1.call(CallTestCaseKeyword.groovy)
	at com.kms.katalon.core.keyword.internal.KeywordMain.runKeyword(KeywordMain.groovy:68)
	at com.kms.katalon.core.keyword.builtin.CallTestCaseKeyword.callTestCase(CallTestCaseKeyword.groovy:81)
	at com.kms.katalon.core.keyword.builtin.CallTestCaseKeyword.execute(CallTestCaseKeyword.groovy:44)
	at com.kms.katalon.core.keyword.internal.KeywordExecutor.executeKeywordForPlatform(KeywordExecutor.groovy:72)
	at com.kms.katalon.core.keyword.BuiltinKeywords.callTestCase(BuiltinKeywords.groovy:334)
	at Script1590439026622.run(Script1590439026622.groovy:18)
	... 13 more
)

2020-05-27 18:21:28 - [MESSAGE][WARNING] - A browser is already opened. Closing browser and opening a new one

2020-05-27 18:21:30 - [MESSAGE][INFO] - Starting 'Chrome' driver

2020-05-27 18:21:52 - [MESSAGE][FAILED] - Unable to open browser with url: 'https://appsrv1.deltadatamandiri.com/ACC_LMS_WEB/#/admNLmn' (Root cause: com.kms.katalon.core.exception.StepFailedException: Unable to open browser with url: 'https://appsrv1.deltadatamandiri.com/ACC_LMS_WEB/#/admNLmn'
	at com.kms.katalon.core.webui.keyword.internal.WebUIKeywordMain.stepFailed(WebUIKeywordMain.groovy:64)
	at com.kms.katalon.core.webui.keyword.internal.WebUIKeywordMain.runKeyword(WebUIKeywordMain.groovy:26)
	at com.kms.katalon.core.webui.keyword.builtin.OpenBrowserKeyword.openBrowser(OpenBrowserKeyword.groovy:81)
	at com.kms.katalon.core.webui.keyword.builtin.OpenBrowserKeyword.execute(OpenBrowserKeyword.groovy:67)
	at com.kms.katalon.core.keyword.internal.KeywordExecutor.executeKeywordForPlatform(KeywordExecutor.groovy:72)
	at com.kms.katalon.core.webui.keyword.WebUiBuiltInKeywords.openBrowser(WebUiBuiltInKeywords.groovy:60)
	at com.kms.katalon.core.webui.keyword.WebUiBuiltInKeywords$openBrowser.call(Unknown Source)
	at AdminMainLogin.run(AdminMainLogin:18)
	at com.kms.katalon.core.main.ScriptEngine.run(ScriptEngine.java:194)
	at com.kms.katalon.core.main.ScriptEngine.runScriptAsRawText(ScriptEngine.java:119)
	at com.kms.katalon.core.main.TestCaseExecutor.runScript(TestCaseExecutor.java:337)
	at com.kms.katalon.core.main.TestCaseExecutor.doExecute(TestCaseExecutor.java:328)
	at com.kms.katalon.core.main.TestCaseExecutor.processExecutionPhase(TestCaseExecutor.java:307)
	at com.kms.katalon.core.main.TestCaseExecutor.accessMainPhase(TestCaseExecutor.java:299)
	at com.kms.katalon.core.main.TestCaseExecutor.execute(TestCaseExecutor.java:233)
	at com.kms.katalon.core.main.TestCaseMain.runTestCase(TestCaseMain.java:114)
	at com.kms.katalon.core.keyword.builtin.CallTestCaseKeyword$_callTestCase_closure1.doCall(CallTestCaseKeyword.groovy:59)
	at com.kms.katalon.core.keyword.builtin.CallTestCaseKeyword$_callTestCase_closure1.call(CallTestCaseKeyword.groovy)
	at com.kms.katalon.core.keyword.internal.KeywordMain.runKeyword(KeywordMain.groovy:68)
	at com.kms.katalon.core.keyword.builtin.CallTestCaseKeyword.callTestCase(CallTestCaseKeyword.groovy:81)
	at com.kms.katalon.core.keyword.builtin.CallTestCaseKeyword.execute(CallTestCaseKeyword.groovy:44)
	at com.kms.katalon.core.keyword.internal.KeywordExecutor.executeKeywordForPlatform(KeywordExecutor.groovy:72)
	at com.kms.katalon.core.keyword.BuiltinKeywords.callTestCase(BuiltinKeywords.groovy:334)
	at Admin - Manage Test - Quiz - New Question.run(Admin - Manage Test - Quiz - New Question:18)
	at com.kms.katalon.core.main.ScriptEngine.run(ScriptEngine.java:194)
	at com.kms.katalon.core.main.ScriptEngine.runScriptAsRawText(ScriptEngine.java:119)
	at com.kms.katalon.core.main.TestCaseExecutor.runScript(TestCaseExecutor.java:337)
	at com.kms.katalon.core.main.TestCaseExecutor.doExecute(TestCaseExecutor.java:328)
	at com.kms.katalon.core.main.TestCaseExecutor.processExecutionPhase(TestCaseExecutor.java:307)
	at com.kms.katalon.core.main.TestCaseExecutor.accessMainPhase(TestCaseExecutor.java:299)
	at com.kms.katalon.core.main.TestCaseExecutor.execute(TestCaseExecutor.java:233)
	at com.kms.katalon.core.main.TestSuiteExecutor.accessTestCaseMainPhase(TestSuiteExecutor.java:169)
	at com.kms.katalon.core.main.TestSuiteExecutor.accessTestSuiteMainPhase(TestSuiteExecutor.java:142)
	at com.kms.katalon.core.main.TestSuiteExecutor.execute(TestSuiteExecutor.java:91)
	at com.kms.katalon.core.main.TestCaseMain.startTestSuite(TestCaseMain.java:157)
	at com.kms.katalon.core.main.TestCaseMain$startTestSuite$0.call(Unknown Source)
	at TempTestSuite1590576626088.run(TempTestSuite1590576626088.groovy:36)
Caused by: org.openqa.selenium.WebDriverException: disconnected: Unable to receive message from renderer
  (Session info: chrome=81.0.4044.138)
Build info: version: '3.141.59', revision: 'e82be7d358', time: '2018-11-14T08:25:53'
System info: host: 'DESKTOP-NHES7H6', ip: '192.168.1.116', os.name: 'Windows 10', os.arch: 'amd64', os.version: '10.0', java.version: '1.8.0_181'
Driver info: com.kms.katalon.selenium.driver.CChromeDriver
Capabilities {acceptInsecureCerts: false, browserName: chrome, browserVersion: 81.0.4044.138, chrome: {chromedriverVersion: 81.0.4044.138 (8c6c7ba89cc9..., userDataDir: C:\Users\ASUS\AppData\Local...}, goog:chromeOptions: {debuggerAddress: localhost:61294}, javascriptEnabled: true, networkConnectionEnabled: false, pageLoadStrategy: normal, platform: WINDOWS, platformName: WINDOWS, proxy: Proxy(), setWindowRect: true, strictFileInteractability: false, timeouts: {implicit: 0, pageLoad: 300000, script: 30000}, unhandledPromptBehavior: dismiss and notify, webauthn:virtualAuthenticators: true}
Session ID: 7473d996b1d35114d83357ad7ab85fd1
	at org.openqa.selenium.remote.http.W3CHttpResponseCodec.createException(W3CHttpResponseCodec.java:187)
	at org.openqa.selenium.remote.http.W3CHttpResponseCodec.decode(W3CHttpResponseCodec.java:122)
	at org.openqa.selenium.remote.http.W3CHttpResponseCodec.decode(W3CHttpResponseCodec.java:49)
	at org.openqa.selenium.remote.HttpCommandExecutor.execute(HttpCommandExecutor.java:158)
	at org.openqa.selenium.remote.service.DriverCommandExecutor.execute(DriverCommandExecutor.java:83)
	at org.openqa.selenium.remote.RemoteWebDriver.execute(RemoteWebDriver.java:552)
	at com.kms.katalon.selenium.driver.CChromeDriver.execute(CChromeDriver.java:19)
	at org.openqa.selenium.remote.RemoteWebDriver.get(RemoteWebDriver.java:277)
	at org.openqa.selenium.support.events.EventFiringWebDriver.lambda$new$1(EventFiringWebDriver.java:105)
	at com.sun.proxy.$Proxy9.get(Unknown Source)
	at org.openqa.selenium.support.events.EventFiringWebDriver.get(EventFiringWebDriver.java:165)
	at com.kms.katalon.core.webui.keyword.builtin.OpenBrowserKeyword$_openBrowser_closure1.doCall(OpenBrowserKeyword.groovy:78)
	at com.kms.katalon.core.webui.keyword.builtin.OpenBrowserKeyword$_openBrowser_closure1.call(OpenBrowserKeyword.groovy)
	at com.kms.katalon.core.webui.keyword.internal.WebUIKeywordMain.runKeyword(WebUIKeywordMain.groovy:20)
	at com.kms.katalon.core.webui.keyword.builtin.OpenBrowserKeyword.openBrowser(OpenBrowserKeyword.groovy:81)
	at com.kms.katalon.core.webui.keyword.builtin.OpenBrowserKeyword.execute(OpenBrowserKeyword.groovy:67)
	at com.kms.katalon.core.keyword.internal.KeywordExecutor.executeKeywordForPlatform(KeywordExecutor.groovy:72)
	at com.kms.katalon.core.webui.keyword.WebUiBuiltInKeywords.openBrowser(WebUiBuiltInKeywords.groovy:60)
	at com.kms.katalon.core.webui.keyword.WebUiBuiltInKeywords$openBrowser.call(Unknown Source)
	at Script1590551759291.run(Script1590551759291.groovy:18)
	at com.kms.katalon.core.main.ScriptEngine.run(ScriptEngine.java:194)
	at com.kms.katalon.core.main.ScriptEngine.runScriptAsRawText(ScriptEngine.java:119)
	at com.kms.katalon.core.main.TestCaseExecutor.runScript(TestCaseExecutor.java:337)
	at com.kms.katalon.core.main.TestCaseExecutor.doExecute(TestCaseExecutor.java:328)
	at com.kms.katalon.core.main.TestCaseExecutor.processExecutionPhase(TestCaseExecutor.java:307)
	at com.kms.katalon.core.main.TestCaseExecutor.accessMainPhase(TestCaseExecutor.java:299)
	at com.kms.katalon.core.main.TestCaseExecutor.execute(TestCaseExecutor.java:233)
	at com.kms.katalon.core.main.TestCaseMain.runTestCase(TestCaseMain.java:114)
	at com.kms.katalon.core.keyword.builtin.CallTestCaseKeyword$_callTestCase_closure1.doCall(CallTestCaseKeyword.groovy:59)
	at com.kms.katalon.core.keyword.builtin.CallTestCaseKeyword$_callTestCase_closure1.call(CallTestCaseKeyword.groovy)
	at com.kms.katalon.core.keyword.internal.KeywordMain.runKeyword(KeywordMain.groovy:68)
	at com.kms.katalon.core.keyword.builtin.CallTestCaseKeyword.callTestCase(CallTestCaseKeyword.groovy:81)
	at com.kms.katalon.core.keyword.builtin.CallTestCaseKeyword.execute(CallTestCaseKeyword.groovy:44)
	at com.kms.katalon.core.keyword.internal.KeywordExecutor.executeKeywordForPlatform(KeywordExecutor.groovy:72)
	at com.kms.katalon.core.keyword.BuiltinKeywords.callTestCase(BuiltinKeywords.groovy:334)
	at Script1590439026622.run(Script1590439026622.groovy:18)
	... 13 more
)

2020-05-27 18:21:52 - [MESSAGE][FAILED] - Unable to call Test Case 'Test Cases/Rizka/Admin/AdminMainLogin' (Root cause: com.kms.katalon.core.exception.StepFailedException: Call Test Case 'Test Cases/Rizka/Admin/AdminMainLogin' failed
	at com.kms.katalon.core.keyword.builtin.CallTestCaseKeyword$_callTestCase_closure1.doCall(CallTestCaseKeyword.groovy:63)
	at com.kms.katalon.core.keyword.builtin.CallTestCaseKeyword$_callTestCase_closure1.call(CallTestCaseKeyword.groovy)
	at com.kms.katalon.core.keyword.internal.KeywordMain.runKeyword(KeywordMain.groovy:68)
	at com.kms.katalon.core.keyword.builtin.CallTestCaseKeyword.callTestCase(CallTestCaseKeyword.groovy:81)
	at com.kms.katalon.core.keyword.builtin.CallTestCaseKeyword.execute(CallTestCaseKeyword.groovy:44)
	at com.kms.katalon.core.keyword.internal.KeywordExecutor.executeKeywordForPlatform(KeywordExecutor.groovy:72)
	at com.kms.katalon.core.keyword.BuiltinKeywords.callTestCase(BuiltinKeywords.groovy:334)
	at Admin - Manage Test - Quiz - New Question.run(Admin - Manage Test - Quiz - New Question:18)
	at com.kms.katalon.core.main.ScriptEngine.run(ScriptEngine.java:194)
	at com.kms.katalon.core.main.ScriptEngine.runScriptAsRawText(ScriptEngine.java:119)
	at com.kms.katalon.core.main.TestCaseExecutor.runScript(TestCaseExecutor.java:337)
	at com.kms.katalon.core.main.TestCaseExecutor.doExecute(TestCaseExecutor.java:328)
	at com.kms.katalon.core.main.TestCaseExecutor.processExecutionPhase(TestCaseExecutor.java:307)
	at com.kms.katalon.core.main.TestCaseExecutor.accessMainPhase(TestCaseExecutor.java:299)
	at com.kms.katalon.core.main.TestCaseExecutor.execute(TestCaseExecutor.java:233)
	at com.kms.katalon.core.main.TestSuiteExecutor.accessTestCaseMainPhase(TestSuiteExecutor.java:169)
	at com.kms.katalon.core.main.TestSuiteExecutor.accessTestSuiteMainPhase(TestSuiteExecutor.java:142)
	at com.kms.katalon.core.main.TestSuiteExecutor.execute(TestSuiteExecutor.java:91)
	at com.kms.katalon.core.main.TestCaseMain.startTestSuite(TestCaseMain.java:157)
	at com.kms.katalon.core.main.TestCaseMain$startTestSuite$0.call(Unknown Source)
	at TempTestSuite1590576626088.run(TempTestSuite1590576626088.groovy:36)
Caused by: com.kms.katalon.core.exception.StepFailedException: Unable to open browser with url: 'https://appsrv1.deltadatamandiri.com/ACC_LMS_WEB/#/admNLmn'
	at com.kms.katalon.core.webui.keyword.internal.WebUIKeywordMain.stepFailed(WebUIKeywordMain.groovy:64)
	at com.kms.katalon.core.webui.keyword.internal.WebUIKeywordMain.runKeyword(WebUIKeywordMain.groovy:26)
	at com.kms.katalon.core.webui.keyword.builtin.OpenBrowserKeyword.openBrowser(OpenBrowserKeyword.groovy:81)
	at com.kms.katalon.core.webui.keyword.builtin.OpenBrowserKeyword.execute(OpenBrowserKeyword.groovy:67)
	at com.kms.katalon.core.keyword.internal.KeywordExecutor.executeKeywordForPlatform(KeywordExecutor.groovy:72)
	at com.kms.katalon.core.webui.keyword.WebUiBuiltInKeywords.openBrowser(WebUiBuiltInKeywords.groovy:60)
	at com.kms.katalon.core.webui.keyword.WebUiBuiltInKeywords$openBrowser.call(Unknown Source)
	at AdminMainLogin.run(AdminMainLogin:18)
	at com.kms.katalon.core.main.ScriptEngine.run(ScriptEngine.java:194)
	at com.kms.katalon.core.main.ScriptEngine.runScriptAsRawText(ScriptEngine.java:119)
	at com.kms.katalon.core.main.TestCaseExecutor.runScript(TestCaseExecutor.java:337)
	at com.kms.katalon.core.main.TestCaseExecutor.doExecute(TestCaseExecutor.java:328)
	at com.kms.katalon.core.main.TestCaseExecutor.processExecutionPhase(TestCaseExecutor.java:307)
	at com.kms.katalon.core.main.TestCaseExecutor.accessMainPhase(TestCaseExecutor.java:299)
	at com.kms.katalon.core.main.TestCaseExecutor.execute(TestCaseExecutor.java:233)
	at com.kms.katalon.core.main.TestCaseMain.runTestCase(TestCaseMain.java:114)
	at com.kms.katalon.core.keyword.builtin.CallTestCaseKeyword$_callTestCase_closure1.doCall(CallTestCaseKeyword.groovy:59)
	... 20 more
Caused by: org.openqa.selenium.WebDriverException: disconnected: Unable to receive message from renderer
  (Session info: chrome=81.0.4044.138)
Build info: version: '3.141.59', revision: 'e82be7d358', time: '2018-11-14T08:25:53'
System info: host: 'DESKTOP-NHES7H6', ip: '192.168.1.116', os.name: 'Windows 10', os.arch: 'amd64', os.version: '10.0', java.version: '1.8.0_181'
Driver info: com.kms.katalon.selenium.driver.CChromeDriver
Capabilities {acceptInsecureCerts: false, browserName: chrome, browserVersion: 81.0.4044.138, chrome: {chromedriverVersion: 81.0.4044.138 (8c6c7ba89cc9..., userDataDir: C:\Users\ASUS\AppData\Local...}, goog:chromeOptions: {debuggerAddress: localhost:61294}, javascriptEnabled: true, networkConnectionEnabled: false, pageLoadStrategy: normal, platform: WINDOWS, platformName: WINDOWS, proxy: Proxy(), setWindowRect: true, strictFileInteractability: false, timeouts: {implicit: 0, pageLoad: 300000, script: 30000}, unhandledPromptBehavior: dismiss and notify, webauthn:virtualAuthenticators: true}
Session ID: 7473d996b1d35114d83357ad7ab85fd1
	at org.openqa.selenium.remote.http.W3CHttpResponseCodec.createException(W3CHttpResponseCodec.java:187)
	at org.openqa.selenium.remote.http.W3CHttpResponseCodec.decode(W3CHttpResponseCodec.java:122)
	at org.openqa.selenium.remote.http.W3CHttpResponseCodec.decode(W3CHttpResponseCodec.java:49)
	at org.openqa.selenium.remote.HttpCommandExecutor.execute(HttpCommandExecutor.java:158)
	at org.openqa.selenium.remote.service.DriverCommandExecutor.execute(DriverCommandExecutor.java:83)
	at org.openqa.selenium.remote.RemoteWebDriver.execute(RemoteWebDriver.java:552)
	at com.kms.katalon.selenium.driver.CChromeDriver.execute(CChromeDriver.java:19)
	at org.openqa.selenium.remote.RemoteWebDriver.get(RemoteWebDriver.java:277)
	at org.openqa.selenium.support.events.EventFiringWebDriver.lambda$new$1(EventFiringWebDriver.java:105)
	at com.sun.proxy.$Proxy9.get(Unknown Source)
	at org.openqa.selenium.support.events.EventFiringWebDriver.get(EventFiringWebDriver.java:165)
	at com.kms.katalon.core.webui.keyword.builtin.OpenBrowserKeyword$_openBrowser_closure1.doCall(OpenBrowserKeyword.groovy:78)
	at com.kms.katalon.core.webui.keyword.builtin.OpenBrowserKeyword$_openBrowser_closure1.call(OpenBrowserKeyword.groovy)
	at com.kms.katalon.core.webui.keyword.internal.WebUIKeywordMain.runKeyword(WebUIKeywordMain.groovy:20)
	... 35 more
)]]></system-out>
         <system-err><![CDATA[2020-05-27 18:21:28 - [TEST_CASE][FAILED] - Test Cases/Rizka/Admin/Manage Test/Admin - Manage Test - Quiz - New Question: Test Cases/Rizka/Admin/Manage Test/Admin - Manage Test - Quiz - New Question FAILED.
Reason:
com.kms.katalon.core.exception.StepFailedException: Call Test Case 'Test Cases/Rizka/Admin/AdminMainLogin' failed
	at com.kms.katalon.core.keyword.builtin.CallTestCaseKeyword$_callTestCase_closure1.doCall(CallTestCaseKeyword.groovy:63)
	at com.kms.katalon.core.keyword.builtin.CallTestCaseKeyword$_callTestCase_closure1.call(CallTestCaseKeyword.groovy)
	at com.kms.katalon.core.keyword.internal.KeywordMain.runKeyword(KeywordMain.groovy:68)
	at com.kms.katalon.core.keyword.builtin.CallTestCaseKeyword.callTestCase(CallTestCaseKeyword.groovy:81)
	at com.kms.katalon.core.keyword.builtin.CallTestCaseKeyword.execute(CallTestCaseKeyword.groovy:44)
	at com.kms.katalon.core.keyword.internal.KeywordExecutor.executeKeywordForPlatform(KeywordExecutor.groovy:72)
	at com.kms.katalon.core.keyword.BuiltinKeywords.callTestCase(BuiltinKeywords.groovy:334)
	at Admin - Manage Test - Quiz - New Question.run(Admin - Manage Test - Quiz - New Question:18)
	at com.kms.katalon.core.main.ScriptEngine.run(ScriptEngine.java:194)
	at com.kms.katalon.core.main.ScriptEngine.runScriptAsRawText(ScriptEngine.java:119)
	at com.kms.katalon.core.main.TestCaseExecutor.runScript(TestCaseExecutor.java:337)
	at com.kms.katalon.core.main.TestCaseExecutor.doExecute(TestCaseExecutor.java:328)
	at com.kms.katalon.core.main.TestCaseExecutor.processExecutionPhase(TestCaseExecutor.java:307)
	at com.kms.katalon.core.main.TestCaseExecutor.accessMainPhase(TestCaseExecutor.java:299)
	at com.kms.katalon.core.main.TestCaseExecutor.execute(TestCaseExecutor.java:233)
	at com.kms.katalon.core.main.TestSuiteExecutor.accessTestCaseMainPhase(TestSuiteExecutor.java:169)
	at com.kms.katalon.core.main.TestSuiteExecutor.accessTestSuiteMainPhase(TestSuiteExecutor.java:142)
	at com.kms.katalon.core.main.TestSuiteExecutor.execute(TestSuiteExecutor.java:91)
	at com.kms.katalon.core.main.TestCaseMain.startTestSuite(TestCaseMain.java:157)
	at com.kms.katalon.core.main.TestCaseMain$startTestSuite$0.call(Unknown Source)
	at TempTestSuite1590576626088.run(TempTestSuite1590576626088.groovy:36)
Caused by: com.kms.katalon.core.exception.StepFailedException: Unable to open browser with url: 'https://appsrv1.deltadatamandiri.com/ACC_LMS_WEB/#/admNLmn'
	at com.kms.katalon.core.webui.keyword.internal.WebUIKeywordMain.stepFailed(WebUIKeywordMain.groovy:64)
	at com.kms.katalon.core.webui.keyword.internal.WebUIKeywordMain.runKeyword(WebUIKeywordMain.groovy:26)
	at com.kms.katalon.core.webui.keyword.builtin.OpenBrowserKeyword.openBrowser(OpenBrowserKeyword.groovy:81)
	at com.kms.katalon.core.webui.keyword.builtin.OpenBrowserKeyword.execute(OpenBrowserKeyword.groovy:67)
	at com.kms.katalon.core.keyword.internal.KeywordExecutor.executeKeywordForPlatform(KeywordExecutor.groovy:72)
	at com.kms.katalon.core.webui.keyword.WebUiBuiltInKeywords.openBrowser(WebUiBuiltInKeywords.groovy:60)
	at com.kms.katalon.core.webui.keyword.WebUiBuiltInKeywords$openBrowser.call(Unknown Source)
	at AdminMainLogin.run(AdminMainLogin:18)
	at com.kms.katalon.core.main.ScriptEngine.run(ScriptEngine.java:194)
	at com.kms.katalon.core.main.ScriptEngine.runScriptAsRawText(ScriptEngine.java:119)
	at com.kms.katalon.core.main.TestCaseExecutor.runScript(TestCaseExecutor.java:337)
	at com.kms.katalon.core.main.TestCaseExecutor.doExecute(TestCaseExecutor.java:328)
	at com.kms.katalon.core.main.TestCaseExecutor.processExecutionPhase(TestCaseExecutor.java:307)
	at com.kms.katalon.core.main.TestCaseExecutor.accessMainPhase(TestCaseExecutor.java:299)
	at com.kms.katalon.core.main.TestCaseExecutor.execute(TestCaseExecutor.java:233)
	at com.kms.katalon.core.main.TestCaseMain.runTestCase(TestCaseMain.java:114)
	at com.kms.katalon.core.keyword.builtin.CallTestCaseKeyword$_callTestCase_closure1.doCall(CallTestCaseKeyword.groovy:59)
	... 20 more
Caused by: org.openqa.selenium.WebDriverException: disconnected: Unable to receive message from renderer
  (Session info: chrome=81.0.4044.138)
Build info: version: '3.141.59', revision: 'e82be7d358', time: '2018-11-14T08:25:53'
System info: host: 'DESKTOP-NHES7H6', ip: '192.168.1.116', os.name: 'Windows 10', os.arch: 'amd64', os.version: '10.0', java.version: '1.8.0_181'
Driver info: com.kms.katalon.selenium.driver.CChromeDriver
Capabilities {acceptInsecureCerts: false, browserName: chrome, browserVersion: 81.0.4044.138, chrome: {chromedriverVersion: 81.0.4044.138 (8c6c7ba89cc9..., userDataDir: C:\Users\ASUS\AppData\Local...}, goog:chromeOptions: {debuggerAddress: localhost:61294}, javascriptEnabled: true, networkConnectionEnabled: false, pageLoadStrategy: normal, platform: WINDOWS, platformName: WINDOWS, proxy: Proxy(), setWindowRect: true, strictFileInteractability: false, timeouts: {implicit: 0, pageLoad: 300000, script: 30000}, unhandledPromptBehavior: dismiss and notify, webauthn:virtualAuthenticators: true}
Session ID: 7473d996b1d35114d83357ad7ab85fd1
	at org.openqa.selenium.remote.http.W3CHttpResponseCodec.createException(W3CHttpResponseCodec.java:187)
	at org.openqa.selenium.remote.http.W3CHttpResponseCodec.decode(W3CHttpResponseCodec.java:122)
	at org.openqa.selenium.remote.http.W3CHttpResponseCodec.decode(W3CHttpResponseCodec.java:49)
	at org.openqa.selenium.remote.HttpCommandExecutor.execute(HttpCommandExecutor.java:158)
	at org.openqa.selenium.remote.service.DriverCommandExecutor.execute(DriverCommandExecutor.java:83)
	at org.openqa.selenium.remote.RemoteWebDriver.execute(RemoteWebDriver.java:552)
	at com.kms.katalon.selenium.driver.CChromeDriver.execute(CChromeDriver.java:19)
	at org.openqa.selenium.remote.RemoteWebDriver.get(RemoteWebDriver.java:277)
	at org.openqa.selenium.support.events.EventFiringWebDriver.lambda$new$1(EventFiringWebDriver.java:105)
	at com.sun.proxy.$Proxy9.get(Unknown Source)
	at org.openqa.selenium.support.events.EventFiringWebDriver.get(EventFiringWebDriver.java:165)
	at com.kms.katalon.core.webui.keyword.builtin.OpenBrowserKeyword$_openBrowser_closure1.doCall(OpenBrowserKeyword.groovy:78)
	at com.kms.katalon.core.webui.keyword.builtin.OpenBrowserKeyword$_openBrowser_closure1.call(OpenBrowserKeyword.groovy)
	at com.kms.katalon.core.webui.keyword.internal.WebUIKeywordMain.runKeyword(WebUIKeywordMain.groovy:20)
	... 35 more]]></system-err>
      </testcase>
      <system-out><![CDATA[2020-05-27 17:50:43 - [TEST_SUITE][FAILED] - Admin - Manage Test - Quiz: Test Cases/Rizka/Admin/Manage Test/Admin - Manage Test - Quiz - New Question FAILED.
Reason:
com.kms.katalon.core.exception.StepFailedException: Unable to select option by label 'SALES' of object 'Object Repository/Rizka/Admin/Admin - Manage Test - Quiz - New Question/fieldJobFunction' 
	at com.kms.katalon.core.webui.keyword.internal.WebUIKeywordMain.stepFailed(WebUIKeywordMain.groovy:64)
	at com.kms.katalon.core.webui.keyword.internal.WebUIKeywordMain.runKeyword(WebUIKeywordMain.groovy:26)
	at com.kms.katalon.core.webui.keyword.builtin.SelectOptionByLabelKeyword.selectOptionByLabel(SelectOptionByLabelKeyword.groovy:98)
	at com.kms.katalon.core.webui.keyword.builtin.SelectOptionByLabelKeyword.execute(SelectOptionByLabelKeyword.groovy:71)
	at com.kms.katalon.core.keyword.internal.KeywordExecutor.executeKeywordForPlatform(KeywordExecutor.groovy:72)
	at com.kms.katalon.core.webui.keyword.WebUiBuiltInKeywords.selectOptionByLabel(WebUiBuiltInKeywords.groovy:1200)
	at com.kms.katalon.core.webui.keyword.WebUiBuiltInKeywords$selectOptionByLabel$3.call(Unknown Source)
	at Admin - Manage Test - Quiz - New Question.run(Admin - Manage Test - Quiz - New Question:38)
	at com.kms.katalon.core.main.ScriptEngine.run(ScriptEngine.java:194)
	at com.kms.katalon.core.main.ScriptEngine.runScriptAsRawText(ScriptEngine.java:119)
	at com.kms.katalon.core.main.TestCaseExecutor.runScript(TestCaseExecutor.java:337)
	at com.kms.katalon.core.main.TestCaseExecutor.doExecute(TestCaseExecutor.java:328)
	at com.kms.katalon.core.main.TestCaseExecutor.processExecutionPhase(TestCaseExecutor.java:307)
	at com.kms.katalon.core.main.TestCaseExecutor.accessMainPhase(TestCaseExecutor.java:299)
	at com.kms.katalon.core.main.TestCaseExecutor.execute(TestCaseExecutor.java:233)
	at com.kms.katalon.core.main.TestSuiteExecutor.accessTestCaseMainPhase(TestSuiteExecutor.java:169)
	at com.kms.katalon.core.main.TestSuiteExecutor.accessTestSuiteMainPhase(TestSuiteExecutor.java:142)
	at com.kms.katalon.core.main.TestSuiteExecutor.execute(TestSuiteExecutor.java:91)
	at com.kms.katalon.core.main.TestCaseMain.startTestSuite(TestCaseMain.java:157)
	at com.kms.katalon.core.main.TestCaseMain$startTestSuite$0.call(Unknown Source)
	at TempTestSuite1590576626088.run(TempTestSuite1590576626088.groovy:36)
Caused by: com.kms.katalon.core.webui.exception.WebElementNotFoundException: Web element with id: 'Object Repository/Rizka/Admin/Admin - Manage Test - Quiz - New Question/fieldJobFunction' located by 'By.xpath: //select[@id='widget-id4112']' not found
	at com.kms.katalon.core.webui.common.WebUiCommonHelper.findWebElement(WebUiCommonHelper.java:1154)
	at com.kms.katalon.core.webui.keyword.internal.WebUIAbstractKeyword.findWebElement(WebUIAbstractKeyword.groovy:27)
	at com.kms.katalon.core.webui.keyword.internal.WebUIAbstractKeyword.findWebElement(WebUIAbstractKeyword.groovy:26)
	at com.kms.katalon.core.webui.keyword.builtin.SelectOptionByLabelKeyword$_selectOptionByLabel_closure1.doCall(SelectOptionByLabelKeyword.groovy:86)
	at com.kms.katalon.core.webui.keyword.builtin.SelectOptionByLabelKeyword$_selectOptionByLabel_closure1.call(SelectOptionByLabelKeyword.groovy)
	at com.kms.katalon.core.webui.keyword.internal.WebUIKeywordMain.runKeyword(WebUIKeywordMain.groovy:20)
	... 19 more]]></system-out>
      <system-err><![CDATA[2020-05-27 17:50:43 - [TEST_SUITE][FAILED] - Admin - Manage Test - Quiz: Test Cases/Rizka/Admin/Manage Test/Admin - Manage Test - Quiz - New Question FAILED.
Reason:
com.kms.katalon.core.exception.StepFailedException: Unable to select option by label 'SALES' of object 'Object Repository/Rizka/Admin/Admin - Manage Test - Quiz - New Question/fieldJobFunction' 
	at com.kms.katalon.core.webui.keyword.internal.WebUIKeywordMain.stepFailed(WebUIKeywordMain.groovy:64)
	at com.kms.katalon.core.webui.keyword.internal.WebUIKeywordMain.runKeyword(WebUIKeywordMain.groovy:26)
	at com.kms.katalon.core.webui.keyword.builtin.SelectOptionByLabelKeyword.selectOptionByLabel(SelectOptionByLabelKeyword.groovy:98)
	at com.kms.katalon.core.webui.keyword.builtin.SelectOptionByLabelKeyword.execute(SelectOptionByLabelKeyword.groovy:71)
	at com.kms.katalon.core.keyword.internal.KeywordExecutor.executeKeywordForPlatform(KeywordExecutor.groovy:72)
	at com.kms.katalon.core.webui.keyword.WebUiBuiltInKeywords.selectOptionByLabel(WebUiBuiltInKeywords.groovy:1200)
	at com.kms.katalon.core.webui.keyword.WebUiBuiltInKeywords$selectOptionByLabel$3.call(Unknown Source)
	at Admin - Manage Test - Quiz - New Question.run(Admin - Manage Test - Quiz - New Question:38)
	at com.kms.katalon.core.main.ScriptEngine.run(ScriptEngine.java:194)
	at com.kms.katalon.core.main.ScriptEngine.runScriptAsRawText(ScriptEngine.java:119)
	at com.kms.katalon.core.main.TestCaseExecutor.runScript(TestCaseExecutor.java:337)
	at com.kms.katalon.core.main.TestCaseExecutor.doExecute(TestCaseExecutor.java:328)
	at com.kms.katalon.core.main.TestCaseExecutor.processExecutionPhase(TestCaseExecutor.java:307)
	at com.kms.katalon.core.main.TestCaseExecutor.accessMainPhase(TestCaseExecutor.java:299)
	at com.kms.katalon.core.main.TestCaseExecutor.execute(TestCaseExecutor.java:233)
	at com.kms.katalon.core.main.TestSuiteExecutor.accessTestCaseMainPhase(TestSuiteExecutor.java:169)
	at com.kms.katalon.core.main.TestSuiteExecutor.accessTestSuiteMainPhase(TestSuiteExecutor.java:142)
	at com.kms.katalon.core.main.TestSuiteExecutor.execute(TestSuiteExecutor.java:91)
	at com.kms.katalon.core.main.TestCaseMain.startTestSuite(TestCaseMain.java:157)
	at com.kms.katalon.core.main.TestCaseMain$startTestSuite$0.call(Unknown Source)
	at TempTestSuite1590576626088.run(TempTestSuite1590576626088.groovy:36)
Caused by: com.kms.katalon.core.webui.exception.WebElementNotFoundException: Web element with id: 'Object Repository/Rizka/Admin/Admin - Manage Test - Quiz - New Question/fieldJobFunction' located by 'By.xpath: //select[@id='widget-id4112']' not found
	at com.kms.katalon.core.webui.common.WebUiCommonHelper.findWebElement(WebUiCommonHelper.java:1154)
	at com.kms.katalon.core.webui.keyword.internal.WebUIAbstractKeyword.findWebElement(WebUIAbstractKeyword.groovy:27)
	at com.kms.katalon.core.webui.keyword.internal.WebUIAbstractKeyword.findWebElement(WebUIAbstractKeyword.groovy:26)
	at com.kms.katalon.core.webui.keyword.builtin.SelectOptionByLabelKeyword$_selectOptionByLabel_closure1.doCall(SelectOptionByLabelKeyword.groovy:86)
	at com.kms.katalon.core.webui.keyword.builtin.SelectOptionByLabelKeyword$_selectOptionByLabel_closure1.call(SelectOptionByLabelKeyword.groovy)
	at com.kms.katalon.core.webui.keyword.internal.WebUIKeywordMain.runKeyword(WebUIKeywordMain.groovy:20)
	... 19 more]]></system-err>
   </testsuite>
</testsuites>
