<?xml version="1.0" encoding="UTF-8"?>
<testsuites name="Admin - Manage Test - Quiz" time="169.352" tests="1" failures="1" errors="0">
   <testsuite name="Admin - Manage Test - Quiz" tests="1" failures="1" errors="0" time="169.352" timestamp="2020-05-15 15:53:03" hostname="rizkajuliant20 - DESKTOP-NHES7H6" id="Test Suites/Rizka/Admin - Manage Test - Quiz">
      <properties>
         <property name="deviceName" value=""/>
         <property name="devicePlatform" value=""/>
         <property name="logFolder" value="D:\\MY WORLD\\WORKS (TUGAS)\\LearningManagementWeb\\Reports\\20200515_155246\\Rizka\\Admin - Manage Test - Quiz\\20200515_155246"/>
         <property name="logFiles" value="D:\\MY WORLD\\WORKS (TUGAS)\\LearningManagementWeb\\Reports\\20200515_155246\\Rizka\\Admin - Manage Test - Quiz\\20200515_155246\\execution0.log"/>
         <property name="attachments" value="D:\\MY WORLD\\WORKS (TUGAS)\\LearningManagementWeb\\Reports\\20200515_155246\\Rizka\\Admin - Manage Test - Quiz\\20200515_155246\\1589532947570.png, D:\\MY WORLD\\WORKS (TUGAS)\\LearningManagementWeb\\Reports\\20200515_155246\\Rizka\\Admin - Manage Test - Quiz\\20200515_155246\\1589532948553.png"/>
         <property name="hostName" value="rizkajuliant20 - DESKTOP-NHES7H6"/>
         <property name="os" value="Windows 10 64bit"/>
         <property name="katalonVersion" value="7.2.1.1"/>
         <property name="browser" value="Chrome 81.0.4044.138"/>
         <property name="hostAddress" value="192.168.1.116"/>
         <property name="sessionId" value="23522545dab18a34ba6227e6c616043d"/>
         <property name="seleniumVersion" value="3.141.59"/>
         <property name="proxyInformation" value="ProxyInformation{proxyOption=NO_PROXY, proxyServerType=HTTP, password=, proxyServerAddress=, proxyServerPort=0, executionList=}"/>
         <property name="platform" value="Windows 10"/>
      </properties>
      <testcase name="Test Cases/Rizka/Admin - Manage Test - Quiz - Edit" time="164.475" classname="Test Cases/Rizka/Admin - Manage Test - Quiz - Edit" status="FAILED">
         <failure type="FAILED" message="Test Cases/Rizka/Admin - Manage Test - Quiz - Edit FAILED.
Reason:
com.kms.katalon.core.exception.StepFailedException: Unable to verify option is selected by label 'SALES' in object 'Object Repository/Rizka/Admin - Manage Test - Quiz - Edit/select_jobfunction2' 
	at com.kms.katalon.core.webui.keyword.internal.WebUIKeywordMain.stepFailed(WebUIKeywordMain.groovy:64)
	at com.kms.katalon.core.webui.keyword.internal.WebUIKeywordMain.runKeyword(WebUIKeywordMain.groovy:26)
	at com.kms.katalon.core.webui.keyword.builtin.VerifyOptionSelectedByLabelKeyword.verifyOptionSelectedByLabel(VerifyOptionSelectedByLabelKeyword.groovy:106)
	at com.kms.katalon.core.webui.keyword.builtin.VerifyOptionSelectedByLabelKeyword.execute(VerifyOptionSelectedByLabelKeyword.groovy:70)
	at com.kms.katalon.core.keyword.internal.KeywordExecutor.executeKeywordForPlatform(KeywordExecutor.groovy:72)
	at com.kms.katalon.core.webui.keyword.WebUiBuiltInKeywords.verifyOptionSelectedByLabel(WebUiBuiltInKeywords.groovy:2153)
	at com.kms.katalon.core.webui.keyword.WebUiBuiltInKeywords$verifyOptionSelectedByLabel$5.call(Unknown Source)
	at Admin - Manage Test - Quiz - Edit.run(Admin - Manage Test - Quiz - Edit:105)
	at com.kms.katalon.core.main.ScriptEngine.run(ScriptEngine.java:194)
	at com.kms.katalon.core.main.ScriptEngine.runScriptAsRawText(ScriptEngine.java:119)
	at com.kms.katalon.core.main.TestCaseExecutor.runScript(TestCaseExecutor.java:337)
	at com.kms.katalon.core.main.TestCaseExecutor.doExecute(TestCaseExecutor.java:328)
	at com.kms.katalon.core.main.TestCaseExecutor.processExecutionPhase(TestCaseExecutor.java:307)
	at com.kms.katalon.core.main.TestCaseExecutor.accessMainPhase(TestCaseExecutor.java:299)
	at com.kms.katalon.core.main.TestCaseExecutor.execute(TestCaseExecutor.java:233)
	at com.kms.katalon.core.main.TestSuiteExecutor.accessTestCaseMainPhase(TestSuiteExecutor.java:169)
	at com.kms.katalon.core.main.TestSuiteExecutor.accessTestSuiteMainPhase(TestSuiteExecutor.java:142)
	at com.kms.katalon.core.main.TestSuiteExecutor.execute(TestSuiteExecutor.java:91)
	at com.kms.katalon.core.main.TestCaseMain.startTestSuite(TestCaseMain.java:157)
	at com.kms.katalon.core.main.TestCaseMain$startTestSuite$0.call(Unknown Source)
	at TempTestSuite1589532766654.run(TempTestSuite1589532766654.groovy:36)
Caused by: com.kms.katalon.core.exception.StepFailedException: Only 0 in 1 option(s) with label 'SALES' is/are selected in object 'Object Repository/Rizka/Admin - Manage Test - Quiz - Edit/select_jobfunction2' 
	at com.kms.katalon.core.webui.keyword.internal.WebUIKeywordMain.stepFailed(WebUIKeywordMain.groovy:64)
	at com.kms.katalon.core.webui.keyword.builtin.VerifyOptionSelectedByLabelKeyword$_verifyOptionSelectedByLabel_closure1.doCall(VerifyOptionSelectedByLabelKeyword.groovy:94)
	at com.kms.katalon.core.webui.keyword.builtin.VerifyOptionSelectedByLabelKeyword$_verifyOptionSelectedByLabel_closure1.call(VerifyOptionSelectedByLabelKeyword.groovy)
	at com.kms.katalon.core.webui.keyword.internal.WebUIKeywordMain.runKeyword(WebUIKeywordMain.groovy:20)
	... 19 more
"/>
         <system-out><![CDATA[2020-05-15 15:53:04 - [TEST_CASE][FAILED] - Test Cases/Rizka/Admin - Manage Test - Quiz - Edit: Test Cases/Rizka/Admin - Manage Test - Quiz - Edit FAILED.
Reason:
com.kms.katalon.core.exception.StepFailedException: Unable to verify option is selected by label 'SALES' in object 'Object Repository/Rizka/Admin - Manage Test - Quiz - Edit/select_jobfunction2' 
	at com.kms.katalon.core.webui.keyword.internal.WebUIKeywordMain.stepFailed(WebUIKeywordMain.groovy:64)
	at com.kms.katalon.core.webui.keyword.internal.WebUIKeywordMain.runKeyword(WebUIKeywordMain.groovy:26)
	at com.kms.katalon.core.webui.keyword.builtin.VerifyOptionSelectedByLabelKeyword.verifyOptionSelectedByLabel(VerifyOptionSelectedByLabelKeyword.groovy:106)
	at com.kms.katalon.core.webui.keyword.builtin.VerifyOptionSelectedByLabelKeyword.execute(VerifyOptionSelectedByLabelKeyword.groovy:70)
	at com.kms.katalon.core.keyword.internal.KeywordExecutor.executeKeywordForPlatform(KeywordExecutor.groovy:72)
	at com.kms.katalon.core.webui.keyword.WebUiBuiltInKeywords.verifyOptionSelectedByLabel(WebUiBuiltInKeywords.groovy:2153)
	at com.kms.katalon.core.webui.keyword.WebUiBuiltInKeywords$verifyOptionSelectedByLabel$5.call(Unknown Source)
	at Admin - Manage Test - Quiz - Edit.run(Admin - Manage Test - Quiz - Edit:105)
	at com.kms.katalon.core.main.ScriptEngine.run(ScriptEngine.java:194)
	at com.kms.katalon.core.main.ScriptEngine.runScriptAsRawText(ScriptEngine.java:119)
	at com.kms.katalon.core.main.TestCaseExecutor.runScript(TestCaseExecutor.java:337)
	at com.kms.katalon.core.main.TestCaseExecutor.doExecute(TestCaseExecutor.java:328)
	at com.kms.katalon.core.main.TestCaseExecutor.processExecutionPhase(TestCaseExecutor.java:307)
	at com.kms.katalon.core.main.TestCaseExecutor.accessMainPhase(TestCaseExecutor.java:299)
	at com.kms.katalon.core.main.TestCaseExecutor.execute(TestCaseExecutor.java:233)
	at com.kms.katalon.core.main.TestSuiteExecutor.accessTestCaseMainPhase(TestSuiteExecutor.java:169)
	at com.kms.katalon.core.main.TestSuiteExecutor.accessTestSuiteMainPhase(TestSuiteExecutor.java:142)
	at com.kms.katalon.core.main.TestSuiteExecutor.execute(TestSuiteExecutor.java:91)
	at com.kms.katalon.core.main.TestCaseMain.startTestSuite(TestCaseMain.java:157)
	at com.kms.katalon.core.main.TestCaseMain$startTestSuite$0.call(Unknown Source)
	at TempTestSuite1589532766654.run(TempTestSuite1589532766654.groovy:36)
Caused by: com.kms.katalon.core.exception.StepFailedException: Only 0 in 1 option(s) with label 'SALES' is/are selected in object 'Object Repository/Rizka/Admin - Manage Test - Quiz - Edit/select_jobfunction2' 
	at com.kms.katalon.core.webui.keyword.internal.WebUIKeywordMain.stepFailed(WebUIKeywordMain.groovy:64)
	at com.kms.katalon.core.webui.keyword.builtin.VerifyOptionSelectedByLabelKeyword$_verifyOptionSelectedByLabel_closure1.doCall(VerifyOptionSelectedByLabelKeyword.groovy:94)
	at com.kms.katalon.core.webui.keyword.builtin.VerifyOptionSelectedByLabelKeyword$_verifyOptionSelectedByLabel_closure1.call(VerifyOptionSelectedByLabelKeyword.groovy)
	at com.kms.katalon.core.webui.keyword.internal.WebUIKeywordMain.runKeyword(WebUIKeywordMain.groovy:20)
	... 19 more


2020-05-15 15:53:06 - [TEST_STEP][PASSED] - openBrowser(""): Browser is opened with url: ''

2020-05-15 15:53:07 - [MESSAGE][INFO] - Starting 'Chrome' driver

2020-05-15 15:53:07 - [MESSAGE][INFO] - Action delay is set to 0 seconds

2020-05-15 15:53:18 - [MESSAGE][PASSED] - Browser is opened with url: ''

2020-05-15 15:53:18 - [TEST_STEP][PASSED] - navigateToUrl("https://appsrv1.deltadatamandiri.com/ACC_LMS_WEB/#/admNLmn"): Navigate to 'https://appsrv1.deltadatamandiri.com/ACC_LMS_WEB/#/admNLmn' successfully

2020-05-15 15:53:38 - [MESSAGE][PASSED] - Navigate to 'https://appsrv1.deltadatamandiri.com/ACC_LMS_WEB/#/admNLmn' successfully

2020-05-15 15:53:38 - [TEST_STEP][PASSED] - delay(5): Delayed 5 second(s)

2020-05-15 15:53:43 - [MESSAGE][PASSED] - Delayed 5 second(s)

2020-05-15 15:53:43 - [TEST_STEP][PASSED] - click(findTestObject("Rizka/Admin - Login/btnLogin")): Object: 'Object Repository/Rizka/Admin - Login/btnLogin' is clicked on

2020-05-15 15:53:45 - [MESSAGE][PASSED] - Object: 'Object Repository/Rizka/Admin - Login/btnLogin' is clicked on

2020-05-15 15:53:45 - [TEST_STEP][PASSED] - setText(findTestObject("Rizka/Admin - Login/txtUsername"), "11666"): Text '11666' is set on object 'Object Repository/Rizka/Admin - Login/txtUsername'

2020-05-15 15:53:47 - [MESSAGE][PASSED] - Text '11666' is set on object 'Object Repository/Rizka/Admin - Login/txtUsername'

2020-05-15 15:53:47 - [TEST_STEP][PASSED] - setText(findTestObject("Rizka/Admin - Login/txtPassword"), "Password3"): Text 'Password3' is set on object 'Object Repository/Rizka/Admin - Login/txtPassword'

2020-05-15 15:53:49 - [MESSAGE][PASSED] - Text 'Password3' is set on object 'Object Repository/Rizka/Admin - Login/txtPassword'

2020-05-15 15:53:49 - [TEST_STEP][PASSED] - click(findTestObject("Rizka/Admin - Login/btnEyePass")): Object: 'Object Repository/Rizka/Admin - Login/btnEyePass' is clicked on

2020-05-15 15:53:49 - [MESSAGE][PASSED] - Object: 'Object Repository/Rizka/Admin - Login/btnEyePass' is clicked on

2020-05-15 15:53:49 - [TEST_STEP][PASSED] - click(findTestObject("Rizka/Admin - Login/checkboxRememberMe")): Object: 'Object Repository/Rizka/Admin - Login/checkboxRememberMe' is clicked on

2020-05-15 15:53:50 - [MESSAGE][PASSED] - Object: 'Object Repository/Rizka/Admin - Login/checkboxRememberMe' is clicked on

2020-05-15 15:53:50 - [TEST_STEP][PASSED] - click(findTestObject("Rizka/Admin - Login/btnLogin2")): Object: 'Object Repository/Rizka/Admin - Login/btnLogin2' is clicked on

2020-05-15 15:53:51 - [MESSAGE][PASSED] - Object: 'Object Repository/Rizka/Admin - Login/btnLogin2' is clicked on

2020-05-15 15:53:51 - [TEST_STEP][PASSED] - delay(20): Delayed 20 second(s)

2020-05-15 15:54:11 - [MESSAGE][PASSED] - Delayed 20 second(s)

2020-05-15 15:54:11 - [TEST_STEP][PASSED] - click(findTestObject("Object Repository/Rizka/Admin - Manage Test - Quiz - Edit/button_Manage Test")): Object: 'Object Repository/Rizka/Admin - Manage Test - Quiz - Edit/button_Manage Test' is clicked on

2020-05-15 15:54:15 - [MESSAGE][PASSED] - Object: 'Object Repository/Rizka/Admin - Manage Test - Quiz - Edit/button_Manage Test' is clicked on

2020-05-15 15:54:15 - [TEST_STEP][PASSED] - delay(10): Delayed 10 second(s)

2020-05-15 15:54:25 - [MESSAGE][PASSED] - Delayed 10 second(s)

2020-05-15 15:54:25 - [TEST_STEP][PASSED] - click(findTestObject("Rizka/Admin - Manage Test - Quiz - Edit/btnQuiz")): Object: 'Object Repository/Rizka/Admin - Manage Test - Quiz - Edit/btnQuiz' is clicked on

2020-05-15 15:54:26 - [MESSAGE][PASSED] - Object: 'Object Repository/Rizka/Admin - Manage Test - Quiz - Edit/btnQuiz' is clicked on

2020-05-15 15:54:26 - [TEST_STEP][PASSED] - click(findTestObject("Rizka/Admin - Manage Test - Quiz - Edit/btnManageTest")): Object: 'Object Repository/Rizka/Admin - Manage Test - Quiz - Edit/btnManageTest' is clicked on

2020-05-15 15:54:29 - [MESSAGE][PASSED] - Object: 'Object Repository/Rizka/Admin - Manage Test - Quiz - Edit/btnManageTest' is clicked on

2020-05-15 15:54:29 - [TEST_STEP][PASSED] - click(findTestObject("Rizka/Admin - Manage Test - Quiz - Edit/btnOptionsEditDelete")): Object: 'Object Repository/Rizka/Admin - Manage Test - Quiz - Edit/btnOptionsEditDelete' is clicked on

2020-05-15 15:54:42 - [MESSAGE][PASSED] - Object: 'Object Repository/Rizka/Admin - Manage Test - Quiz - Edit/btnOptionsEditDelete' is clicked on

2020-05-15 15:54:42 - [TEST_STEP][PASSED] - click(findTestObject("Rizka/Admin - Manage Test - Quiz - Edit/btnEdit")): Object: 'Object Repository/Rizka/Admin - Manage Test - Quiz - Edit/btnEdit' is clicked on

2020-05-15 15:54:43 - [MESSAGE][PASSED] - Object: 'Object Repository/Rizka/Admin - Manage Test - Quiz - Edit/btnEdit' is clicked on

2020-05-15 15:54:43 - [TEST_STEP][PASSED] - delay(10): Delayed 10 second(s)

2020-05-15 15:54:53 - [MESSAGE][PASSED] - Delayed 10 second(s)

2020-05-15 15:54:53 - [TEST_STEP][PASSED] - selectOptionByLabel(findTestObject("Rizka/Admin - Manage Test - Quiz - Edit/tipeSoal"), tipeSoal, false): All options with label 'Pilihan Ganda' are selected in object 'Object Repository/Rizka/Admin - Manage Test - Quiz - Edit/tipeSoal' 

2020-05-15 15:54:54 - [MESSAGE][PASSED] - All options with label 'Pilihan Ganda' are selected in object 'Object Repository/Rizka/Admin - Manage Test - Quiz - Edit/tipeSoal' 

2020-05-15 15:54:54 - [TEST_STEP][PASSED] - selectOptionByLabel(findTestObject("Rizka/Admin - Manage Test - Quiz - Edit/jobFunction"), jobFunction, false): All options with label 'SALES' are selected in object 'Object Repository/Rizka/Admin - Manage Test - Quiz - Edit/jobFunction' 

2020-05-15 15:54:55 - [MESSAGE][PASSED] - All options with label 'SALES' are selected in object 'Object Repository/Rizka/Admin - Manage Test - Quiz - Edit/jobFunction' 

2020-05-15 15:54:55 - [TEST_STEP][PASSED] - delay(5): Delayed 5 second(s)

2020-05-15 15:55:00 - [MESSAGE][PASSED] - Delayed 5 second(s)

2020-05-15 15:55:00 - [TEST_STEP][PASSED] - selectOptionByLabel(findTestObject("Rizka/Admin - Manage Test - Quiz - Edit/jobPosition"), jobPosition, false): All options with label 'SALES HEAD' are selected in object 'Object Repository/Rizka/Admin - Manage Test - Quiz - Edit/jobPosition' 

2020-05-15 15:55:00 - [MESSAGE][PASSED] - All options with label 'SALES HEAD' are selected in object 'Object Repository/Rizka/Admin - Manage Test - Quiz - Edit/jobPosition' 

2020-05-15 15:55:00 - [TEST_STEP][PASSED] - selectOptionByLabel(findTestObject("Rizka/Admin - Manage Test - Quiz - Edit/module"), module, false): All options with label 'NEOP Sales' are selected in object 'Object Repository/Rizka/Admin - Manage Test - Quiz - Edit/module' 

2020-05-15 15:55:01 - [MESSAGE][PASSED] - All options with label 'NEOP Sales' are selected in object 'Object Repository/Rizka/Admin - Manage Test - Quiz - Edit/module' 

2020-05-15 15:55:01 - [TEST_STEP][PASSED] - selectOptionByLabel(findTestObject("Rizka/Admin - Manage Test - Quiz - Edit/subModule-learningPoint"), subModule, false): All options with label '(Asuransi) Apa saja yang dijual?' are selected in object 'Object Repository/Rizka/Admin - Manage Test - Quiz - Edit/subModule-learningPoint' 

2020-05-15 15:55:02 - [MESSAGE][PASSED] - All options with label '(Asuransi) Apa saja yang dijual?' are selected in object 'Object Repository/Rizka/Admin - Manage Test - Quiz - Edit/subModule-learningPoint' 

2020-05-15 15:55:02 - [TEST_STEP][PASSED] - setText(findTestObject("Rizka/Admin - Manage Test - Quiz - Edit/technicalCompetence"), technicalCompetence, STOP_ON_FAILURE): Text '-' is set on object 'Object Repository/Rizka/Admin - Manage Test - Quiz - Edit/technicalCompetence'

2020-05-15 15:55:03 - [MESSAGE][PASSED] - Text '-' is set on object 'Object Repository/Rizka/Admin - Manage Test - Quiz - Edit/technicalCompetence'

2020-05-15 15:55:03 - [TEST_STEP][PASSED] - setText(findTestObject("Rizka/Admin - Manage Test - Quiz - Edit/levelCompetence"), levelCompetence, STOP_ON_FAILURE): Text '-' is set on object 'Object Repository/Rizka/Admin - Manage Test - Quiz - Edit/levelCompetence'

2020-05-15 15:55:03 - [MESSAGE][PASSED] - Text '-' is set on object 'Object Repository/Rizka/Admin - Manage Test - Quiz - Edit/levelCompetence'

2020-05-15 15:55:03 - [TEST_STEP][PASSED] - setText(findTestObject("Rizka/Admin - Manage Test - Quiz - Edit/txtSoal"), soalQuestion): Text 'Apa yang ditawarkan ACC?' is set on object 'Object Repository/Rizka/Admin - Manage Test - Quiz - Edit/txtSoal'

2020-05-15 15:55:04 - [MESSAGE][PASSED] - Text 'Apa yang ditawarkan ACC?' is set on object 'Object Repository/Rizka/Admin - Manage Test - Quiz - Edit/txtSoal'

2020-05-15 15:55:04 - [TEST_STEP][PASSED] - if (tipeSoal == "Pilihan Ganda"): All options with label 'A' are selected in object 'Object Repository/Rizka/Admin - Manage Test - Quiz - Edit/kunciJawabanPilgan' 

2020-05-15 15:55:04 - [TEST_STEP][PASSED] - setText(findTestObject("Rizka/Admin - Manage Test - Quiz - Edit/input_Jawaban A_answerA"), jawabanA): Text 'Mobil' is set on object 'Object Repository/Rizka/Admin - Manage Test - Quiz - Edit/input_Jawaban A_answerA'

2020-05-15 15:55:05 - [MESSAGE][PASSED] - Text 'Mobil' is set on object 'Object Repository/Rizka/Admin - Manage Test - Quiz - Edit/input_Jawaban A_answerA'

2020-05-15 15:55:05 - [TEST_STEP][PASSED] - setText(findTestObject("Rizka/Admin - Manage Test - Quiz - Edit/input_Jawaban B_answerB"), jawabanB): Text 'Motor' is set on object 'Object Repository/Rizka/Admin - Manage Test - Quiz - Edit/input_Jawaban B_answerB'

2020-05-15 15:55:06 - [MESSAGE][PASSED] - Text 'Motor' is set on object 'Object Repository/Rizka/Admin - Manage Test - Quiz - Edit/input_Jawaban B_answerB'

2020-05-15 15:55:06 - [TEST_STEP][PASSED] - setText(findTestObject("Rizka/Admin - Manage Test - Quiz - Edit/input_Jawaban C_answerC"), jawabanC): Text 'Truk' is set on object 'Object Repository/Rizka/Admin - Manage Test - Quiz - Edit/input_Jawaban C_answerC'

2020-05-15 15:55:07 - [MESSAGE][PASSED] - Text 'Truk' is set on object 'Object Repository/Rizka/Admin - Manage Test - Quiz - Edit/input_Jawaban C_answerC'

2020-05-15 15:55:07 - [TEST_STEP][PASSED] - setText(findTestObject("Rizka/Admin - Manage Test - Quiz - Edit/input_Jawaban D_answerD"), jawabanD): Text 'Kelapa Sawit' is set on object 'Object Repository/Rizka/Admin - Manage Test - Quiz - Edit/input_Jawaban D_answerD'

2020-05-15 15:55:08 - [MESSAGE][PASSED] - Text 'Kelapa Sawit' is set on object 'Object Repository/Rizka/Admin - Manage Test - Quiz - Edit/input_Jawaban D_answerD'

2020-05-15 15:55:08 - [TEST_STEP][PASSED] - selectOptionByLabel(findTestObject("Rizka/Admin - Manage Test - Quiz - Edit/kunciJawabanPilgan"), kunciJawabanPilgan, false): All options with label 'A' are selected in object 'Object Repository/Rizka/Admin - Manage Test - Quiz - Edit/kunciJawabanPilgan' 

2020-05-15 15:55:09 - [MESSAGE][PASSED] - All options with label 'A' are selected in object 'Object Repository/Rizka/Admin - Manage Test - Quiz - Edit/kunciJawabanPilgan' 

2020-05-15 15:55:09 - [TEST_STEP][PASSED] - click(findTestObject("Rizka/Admin - Manage Test - Quiz - Edit/btnSubmit")): Object: 'Object Repository/Rizka/Admin - Manage Test - Quiz - Edit/btnSubmit' is clicked on

2020-05-15 15:55:09 - [MESSAGE][PASSED] - Object: 'Object Repository/Rizka/Admin - Manage Test - Quiz - Edit/btnSubmit' is clicked on

2020-05-15 15:55:09 - [TEST_STEP][PASSED] - delay(10): Delayed 10 second(s)

2020-05-15 15:55:19 - [MESSAGE][PASSED] - Delayed 10 second(s)

2020-05-15 15:55:19 - [TEST_STEP][FAILED] - if (condition == "passed"): Unable to verify option is selected by label 'SALES' in object 'Object Repository/Rizka/Admin - Manage Test - Quiz - Edit/select_jobfunction2'  (Root cause: com.kms.katalon.core.exception.StepFailedException: Unable to verify option is selected by label 'SALES' in object 'Object Repository/Rizka/Admin - Manage Test - Quiz - Edit/select_jobfunction2' 
	at com.kms.katalon.core.webui.keyword.internal.WebUIKeywordMain.stepFailed(WebUIKeywordMain.groovy:64)
	at com.kms.katalon.core.webui.keyword.internal.WebUIKeywordMain.runKeyword(WebUIKeywordMain.groovy:26)
	at com.kms.katalon.core.webui.keyword.builtin.VerifyOptionSelectedByLabelKeyword.verifyOptionSelectedByLabel(VerifyOptionSelectedByLabelKeyword.groovy:106)
	at com.kms.katalon.core.webui.keyword.builtin.VerifyOptionSelectedByLabelKeyword.execute(VerifyOptionSelectedByLabelKeyword.groovy:70)
	at com.kms.katalon.core.keyword.internal.KeywordExecutor.executeKeywordForPlatform(KeywordExecutor.groovy:72)
	at com.kms.katalon.core.webui.keyword.WebUiBuiltInKeywords.verifyOptionSelectedByLabel(WebUiBuiltInKeywords.groovy:2153)
	at com.kms.katalon.core.webui.keyword.WebUiBuiltInKeywords$verifyOptionSelectedByLabel$5.call(Unknown Source)
	at Admin - Manage Test - Quiz - Edit.run(Admin - Manage Test - Quiz - Edit:105)
	at com.kms.katalon.core.main.ScriptEngine.run(ScriptEngine.java:194)
	at com.kms.katalon.core.main.ScriptEngine.runScriptAsRawText(ScriptEngine.java:119)
	at com.kms.katalon.core.main.TestCaseExecutor.runScript(TestCaseExecutor.java:337)
	at com.kms.katalon.core.main.TestCaseExecutor.doExecute(TestCaseExecutor.java:328)
	at com.kms.katalon.core.main.TestCaseExecutor.processExecutionPhase(TestCaseExecutor.java:307)
	at com.kms.katalon.core.main.TestCaseExecutor.accessMainPhase(TestCaseExecutor.java:299)
	at com.kms.katalon.core.main.TestCaseExecutor.execute(TestCaseExecutor.java:233)
	at com.kms.katalon.core.main.TestSuiteExecutor.accessTestCaseMainPhase(TestSuiteExecutor.java:169)
	at com.kms.katalon.core.main.TestSuiteExecutor.accessTestSuiteMainPhase(TestSuiteExecutor.java:142)
	at com.kms.katalon.core.main.TestSuiteExecutor.execute(TestSuiteExecutor.java:91)
	at com.kms.katalon.core.main.TestCaseMain.startTestSuite(TestCaseMain.java:157)
	at com.kms.katalon.core.main.TestCaseMain$startTestSuite$0.call(Unknown Source)
	at TempTestSuite1589532766654.run(TempTestSuite1589532766654.groovy:36)
Caused by: com.kms.katalon.core.exception.StepFailedException: Only 0 in 1 option(s) with label 'SALES' is/are selected in object 'Object Repository/Rizka/Admin - Manage Test - Quiz - Edit/select_jobfunction2' 
	at com.kms.katalon.core.webui.keyword.internal.WebUIKeywordMain.stepFailed(WebUIKeywordMain.groovy:64)
	at com.kms.katalon.core.webui.keyword.builtin.VerifyOptionSelectedByLabelKeyword$_verifyOptionSelectedByLabel_closure1.doCall(VerifyOptionSelectedByLabelKeyword.groovy:94)
	at com.kms.katalon.core.webui.keyword.builtin.VerifyOptionSelectedByLabelKeyword$_verifyOptionSelectedByLabel_closure1.call(VerifyOptionSelectedByLabelKeyword.groovy)
	at com.kms.katalon.core.webui.keyword.internal.WebUIKeywordMain.runKeyword(WebUIKeywordMain.groovy:20)
	... 19 more
)

2020-05-15 15:55:19 - [TEST_STEP][PASSED] - click(findTestObject("Rizka/Admin - Manage Test - Quiz - Edit/btnOptionsEditDelete")): Object: 'Object Repository/Rizka/Admin - Manage Test - Quiz - Edit/btnOptionsEditDelete' is clicked on

2020-05-15 15:55:30 - [MESSAGE][PASSED] - Object: 'Object Repository/Rizka/Admin - Manage Test - Quiz - Edit/btnOptionsEditDelete' is clicked on

2020-05-15 15:55:30 - [TEST_STEP][PASSED] - delay(5): Delayed 5 second(s)

2020-05-15 15:55:35 - [MESSAGE][PASSED] - Delayed 5 second(s)

2020-05-15 15:55:35 - [TEST_STEP][PASSED] - click(findTestObject("Rizka/Admin - Manage Test - Quiz - Edit/btnEdit")): Object: 'Object Repository/Rizka/Admin - Manage Test - Quiz - Edit/btnEdit' is clicked on

2020-05-15 15:55:36 - [MESSAGE][PASSED] - Object: 'Object Repository/Rizka/Admin - Manage Test - Quiz - Edit/btnEdit' is clicked on

2020-05-15 15:55:36 - [TEST_STEP][PASSED] - delay(5): Delayed 5 second(s)

2020-05-15 15:55:41 - [MESSAGE][PASSED] - Delayed 5 second(s)

2020-05-15 15:55:41 - [TEST_STEP][PASSED] - verifyOptionSelectedByLabel(findTestObject("Rizka/Admin - Manage Test - Quiz - Edit/select_tipesoal2"), tipeSoal, false, 0): All options with label 'Pilihan Ganda' are selected in object 'Object Repository/Rizka/Admin - Manage Test - Quiz - Edit/select_tipesoal2' 

2020-05-15 15:55:42 - [MESSAGE][WARNING] - Timeout '0' is invalid. Using default page load timeout: '30'

2020-05-15 15:55:45 - [MESSAGE][PASSED] - All options with label 'Pilihan Ganda' are selected in object 'Object Repository/Rizka/Admin - Manage Test - Quiz - Edit/select_tipesoal2' 

2020-05-15 15:55:45 - [TEST_STEP][FAILED] - verifyOptionSelectedByLabel(findTestObject("Rizka/Admin - Manage Test - Quiz - Edit/select_jobfunction2"), jobFunction, false, 0): Unable to verify option is selected by label 'SALES' in object 'Object Repository/Rizka/Admin - Manage Test - Quiz - Edit/select_jobfunction2'  (Root cause: com.kms.katalon.core.exception.StepFailedException: Unable to verify option is selected by label 'SALES' in object 'Object Repository/Rizka/Admin - Manage Test - Quiz - Edit/select_jobfunction2' 
	at com.kms.katalon.core.webui.keyword.internal.WebUIKeywordMain.stepFailed(WebUIKeywordMain.groovy:64)
	at com.kms.katalon.core.webui.keyword.internal.WebUIKeywordMain.runKeyword(WebUIKeywordMain.groovy:26)
	at com.kms.katalon.core.webui.keyword.builtin.VerifyOptionSelectedByLabelKeyword.verifyOptionSelectedByLabel(VerifyOptionSelectedByLabelKeyword.groovy:106)
	at com.kms.katalon.core.webui.keyword.builtin.VerifyOptionSelectedByLabelKeyword.execute(VerifyOptionSelectedByLabelKeyword.groovy:70)
	at com.kms.katalon.core.keyword.internal.KeywordExecutor.executeKeywordForPlatform(KeywordExecutor.groovy:72)
	at com.kms.katalon.core.webui.keyword.WebUiBuiltInKeywords.verifyOptionSelectedByLabel(WebUiBuiltInKeywords.groovy:2153)
	at com.kms.katalon.core.webui.keyword.WebUiBuiltInKeywords$verifyOptionSelectedByLabel$5.call(Unknown Source)
	at Admin - Manage Test - Quiz - Edit.run(Admin - Manage Test - Quiz - Edit:105)
	at com.kms.katalon.core.main.ScriptEngine.run(ScriptEngine.java:194)
	at com.kms.katalon.core.main.ScriptEngine.runScriptAsRawText(ScriptEngine.java:119)
	at com.kms.katalon.core.main.TestCaseExecutor.runScript(TestCaseExecutor.java:337)
	at com.kms.katalon.core.main.TestCaseExecutor.doExecute(TestCaseExecutor.java:328)
	at com.kms.katalon.core.main.TestCaseExecutor.processExecutionPhase(TestCaseExecutor.java:307)
	at com.kms.katalon.core.main.TestCaseExecutor.accessMainPhase(TestCaseExecutor.java:299)
	at com.kms.katalon.core.main.TestCaseExecutor.execute(TestCaseExecutor.java:233)
	at com.kms.katalon.core.main.TestSuiteExecutor.accessTestCaseMainPhase(TestSuiteExecutor.java:169)
	at com.kms.katalon.core.main.TestSuiteExecutor.accessTestSuiteMainPhase(TestSuiteExecutor.java:142)
	at com.kms.katalon.core.main.TestSuiteExecutor.execute(TestSuiteExecutor.java:91)
	at com.kms.katalon.core.main.TestCaseMain.startTestSuite(TestCaseMain.java:157)
	at com.kms.katalon.core.main.TestCaseMain$startTestSuite$0.call(Unknown Source)
	at TempTestSuite1589532766654.run(TempTestSuite1589532766654.groovy:36)
Caused by: com.kms.katalon.core.exception.StepFailedException: Only 0 in 1 option(s) with label 'SALES' is/are selected in object 'Object Repository/Rizka/Admin - Manage Test - Quiz - Edit/select_jobfunction2' 
	at com.kms.katalon.core.webui.keyword.internal.WebUIKeywordMain.stepFailed(WebUIKeywordMain.groovy:64)
	at com.kms.katalon.core.webui.keyword.builtin.VerifyOptionSelectedByLabelKeyword$_verifyOptionSelectedByLabel_closure1.doCall(VerifyOptionSelectedByLabelKeyword.groovy:94)
	at com.kms.katalon.core.webui.keyword.builtin.VerifyOptionSelectedByLabelKeyword$_verifyOptionSelectedByLabel_closure1.call(VerifyOptionSelectedByLabelKeyword.groovy)
	at com.kms.katalon.core.webui.keyword.internal.WebUIKeywordMain.runKeyword(WebUIKeywordMain.groovy:20)
	... 19 more
)

2020-05-15 15:55:45 - [MESSAGE][WARNING] - Timeout '0' is invalid. Using default page load timeout: '30'

2020-05-15 15:55:48 - [MESSAGE][FAILED] - Only 0 in 1 option(s) with label 'SALES' is/are selected in object 'Object Repository/Rizka/Admin - Manage Test - Quiz - Edit/select_jobfunction2'  (Root cause: com.kms.katalon.core.exception.StepFailedException: Only 0 in 1 option(s) with label 'SALES' is/are selected in object 'Object Repository/Rizka/Admin - Manage Test - Quiz - Edit/select_jobfunction2' 
	at com.kms.katalon.core.webui.keyword.internal.WebUIKeywordMain.stepFailed(WebUIKeywordMain.groovy:64)
	at com.kms.katalon.core.webui.keyword.builtin.VerifyOptionSelectedByLabelKeyword$_verifyOptionSelectedByLabel_closure1.doCall(VerifyOptionSelectedByLabelKeyword.groovy:94)
	at com.kms.katalon.core.webui.keyword.builtin.VerifyOptionSelectedByLabelKeyword$_verifyOptionSelectedByLabel_closure1.call(VerifyOptionSelectedByLabelKeyword.groovy)
	at com.kms.katalon.core.webui.keyword.internal.WebUIKeywordMain.runKeyword(WebUIKeywordMain.groovy:20)
	at com.kms.katalon.core.webui.keyword.builtin.VerifyOptionSelectedByLabelKeyword.verifyOptionSelectedByLabel(VerifyOptionSelectedByLabelKeyword.groovy:106)
	at com.kms.katalon.core.webui.keyword.builtin.VerifyOptionSelectedByLabelKeyword.execute(VerifyOptionSelectedByLabelKeyword.groovy:70)
	at com.kms.katalon.core.keyword.internal.KeywordExecutor.executeKeywordForPlatform(KeywordExecutor.groovy:72)
	at com.kms.katalon.core.webui.keyword.WebUiBuiltInKeywords.verifyOptionSelectedByLabel(WebUiBuiltInKeywords.groovy:2153)
	at com.kms.katalon.core.webui.keyword.WebUiBuiltInKeywords$verifyOptionSelectedByLabel$5.call(Unknown Source)
	at Admin - Manage Test - Quiz - Edit.run(Admin - Manage Test - Quiz - Edit:105)
	at com.kms.katalon.core.main.ScriptEngine.run(ScriptEngine.java:194)
	at com.kms.katalon.core.main.ScriptEngine.runScriptAsRawText(ScriptEngine.java:119)
	at com.kms.katalon.core.main.TestCaseExecutor.runScript(TestCaseExecutor.java:337)
	at com.kms.katalon.core.main.TestCaseExecutor.doExecute(TestCaseExecutor.java:328)
	at com.kms.katalon.core.main.TestCaseExecutor.processExecutionPhase(TestCaseExecutor.java:307)
	at com.kms.katalon.core.main.TestCaseExecutor.accessMainPhase(TestCaseExecutor.java:299)
	at com.kms.katalon.core.main.TestCaseExecutor.execute(TestCaseExecutor.java:233)
	at com.kms.katalon.core.main.TestSuiteExecutor.accessTestCaseMainPhase(TestSuiteExecutor.java:169)
	at com.kms.katalon.core.main.TestSuiteExecutor.accessTestSuiteMainPhase(TestSuiteExecutor.java:142)
	at com.kms.katalon.core.main.TestSuiteExecutor.execute(TestSuiteExecutor.java:91)
	at com.kms.katalon.core.main.TestCaseMain.startTestSuite(TestCaseMain.java:157)
	at com.kms.katalon.core.main.TestCaseMain$startTestSuite$0.call(Unknown Source)
	at TempTestSuite1589532766654.run(TempTestSuite1589532766654.groovy:36)
)
[[ATTACHMENT|D:\\MY WORLD\\WORKS (TUGAS)\\LearningManagementWeb\\Reports\\20200515_155246\\Rizka\\Admin - Manage Test - Quiz\\20200515_155246\\1589532947570.png]]

2020-05-15 15:55:48 - [MESSAGE][FAILED] - Unable to verify option is selected by label 'SALES' in object 'Object Repository/Rizka/Admin - Manage Test - Quiz - Edit/select_jobfunction2'  (Root cause: com.kms.katalon.core.exception.StepFailedException: Unable to verify option is selected by label 'SALES' in object 'Object Repository/Rizka/Admin - Manage Test - Quiz - Edit/select_jobfunction2' 
	at com.kms.katalon.core.webui.keyword.internal.WebUIKeywordMain.stepFailed(WebUIKeywordMain.groovy:64)
	at com.kms.katalon.core.webui.keyword.internal.WebUIKeywordMain.runKeyword(WebUIKeywordMain.groovy:26)
	at com.kms.katalon.core.webui.keyword.builtin.VerifyOptionSelectedByLabelKeyword.verifyOptionSelectedByLabel(VerifyOptionSelectedByLabelKeyword.groovy:106)
	at com.kms.katalon.core.webui.keyword.builtin.VerifyOptionSelectedByLabelKeyword.execute(VerifyOptionSelectedByLabelKeyword.groovy:70)
	at com.kms.katalon.core.keyword.internal.KeywordExecutor.executeKeywordForPlatform(KeywordExecutor.groovy:72)
	at com.kms.katalon.core.webui.keyword.WebUiBuiltInKeywords.verifyOptionSelectedByLabel(WebUiBuiltInKeywords.groovy:2153)
	at com.kms.katalon.core.webui.keyword.WebUiBuiltInKeywords$verifyOptionSelectedByLabel$5.call(Unknown Source)
	at Admin - Manage Test - Quiz - Edit.run(Admin - Manage Test - Quiz - Edit:105)
	at com.kms.katalon.core.main.ScriptEngine.run(ScriptEngine.java:194)
	at com.kms.katalon.core.main.ScriptEngine.runScriptAsRawText(ScriptEngine.java:119)
	at com.kms.katalon.core.main.TestCaseExecutor.runScript(TestCaseExecutor.java:337)
	at com.kms.katalon.core.main.TestCaseExecutor.doExecute(TestCaseExecutor.java:328)
	at com.kms.katalon.core.main.TestCaseExecutor.processExecutionPhase(TestCaseExecutor.java:307)
	at com.kms.katalon.core.main.TestCaseExecutor.accessMainPhase(TestCaseExecutor.java:299)
	at com.kms.katalon.core.main.TestCaseExecutor.execute(TestCaseExecutor.java:233)
	at com.kms.katalon.core.main.TestSuiteExecutor.accessTestCaseMainPhase(TestSuiteExecutor.java:169)
	at com.kms.katalon.core.main.TestSuiteExecutor.accessTestSuiteMainPhase(TestSuiteExecutor.java:142)
	at com.kms.katalon.core.main.TestSuiteExecutor.execute(TestSuiteExecutor.java:91)
	at com.kms.katalon.core.main.TestCaseMain.startTestSuite(TestCaseMain.java:157)
	at com.kms.katalon.core.main.TestCaseMain$startTestSuite$0.call(Unknown Source)
	at TempTestSuite1589532766654.run(TempTestSuite1589532766654.groovy:36)
Caused by: com.kms.katalon.core.exception.StepFailedException: Only 0 in 1 option(s) with label 'SALES' is/are selected in object 'Object Repository/Rizka/Admin - Manage Test - Quiz - Edit/select_jobfunction2' 
	at com.kms.katalon.core.webui.keyword.internal.WebUIKeywordMain.stepFailed(WebUIKeywordMain.groovy:64)
	at com.kms.katalon.core.webui.keyword.builtin.VerifyOptionSelectedByLabelKeyword$_verifyOptionSelectedByLabel_closure1.doCall(VerifyOptionSelectedByLabelKeyword.groovy:94)
	at com.kms.katalon.core.webui.keyword.builtin.VerifyOptionSelectedByLabelKeyword$_verifyOptionSelectedByLabel_closure1.call(VerifyOptionSelectedByLabelKeyword.groovy)
	at com.kms.katalon.core.webui.keyword.internal.WebUIKeywordMain.runKeyword(WebUIKeywordMain.groovy:20)
	... 19 more
)
[[ATTACHMENT|D:\\MY WORLD\\WORKS (TUGAS)\\LearningManagementWeb\\Reports\\20200515_155246\\Rizka\\Admin - Manage Test - Quiz\\20200515_155246\\1589532948553.png]]]]></system-out>
         <system-err><![CDATA[2020-05-15 15:53:04 - [TEST_CASE][FAILED] - Test Cases/Rizka/Admin - Manage Test - Quiz - Edit: Test Cases/Rizka/Admin - Manage Test - Quiz - Edit FAILED.
Reason:
com.kms.katalon.core.exception.StepFailedException: Unable to verify option is selected by label 'SALES' in object 'Object Repository/Rizka/Admin - Manage Test - Quiz - Edit/select_jobfunction2' 
	at com.kms.katalon.core.webui.keyword.internal.WebUIKeywordMain.stepFailed(WebUIKeywordMain.groovy:64)
	at com.kms.katalon.core.webui.keyword.internal.WebUIKeywordMain.runKeyword(WebUIKeywordMain.groovy:26)
	at com.kms.katalon.core.webui.keyword.builtin.VerifyOptionSelectedByLabelKeyword.verifyOptionSelectedByLabel(VerifyOptionSelectedByLabelKeyword.groovy:106)
	at com.kms.katalon.core.webui.keyword.builtin.VerifyOptionSelectedByLabelKeyword.execute(VerifyOptionSelectedByLabelKeyword.groovy:70)
	at com.kms.katalon.core.keyword.internal.KeywordExecutor.executeKeywordForPlatform(KeywordExecutor.groovy:72)
	at com.kms.katalon.core.webui.keyword.WebUiBuiltInKeywords.verifyOptionSelectedByLabel(WebUiBuiltInKeywords.groovy:2153)
	at com.kms.katalon.core.webui.keyword.WebUiBuiltInKeywords$verifyOptionSelectedByLabel$5.call(Unknown Source)
	at Admin - Manage Test - Quiz - Edit.run(Admin - Manage Test - Quiz - Edit:105)
	at com.kms.katalon.core.main.ScriptEngine.run(ScriptEngine.java:194)
	at com.kms.katalon.core.main.ScriptEngine.runScriptAsRawText(ScriptEngine.java:119)
	at com.kms.katalon.core.main.TestCaseExecutor.runScript(TestCaseExecutor.java:337)
	at com.kms.katalon.core.main.TestCaseExecutor.doExecute(TestCaseExecutor.java:328)
	at com.kms.katalon.core.main.TestCaseExecutor.processExecutionPhase(TestCaseExecutor.java:307)
	at com.kms.katalon.core.main.TestCaseExecutor.accessMainPhase(TestCaseExecutor.java:299)
	at com.kms.katalon.core.main.TestCaseExecutor.execute(TestCaseExecutor.java:233)
	at com.kms.katalon.core.main.TestSuiteExecutor.accessTestCaseMainPhase(TestSuiteExecutor.java:169)
	at com.kms.katalon.core.main.TestSuiteExecutor.accessTestSuiteMainPhase(TestSuiteExecutor.java:142)
	at com.kms.katalon.core.main.TestSuiteExecutor.execute(TestSuiteExecutor.java:91)
	at com.kms.katalon.core.main.TestCaseMain.startTestSuite(TestCaseMain.java:157)
	at com.kms.katalon.core.main.TestCaseMain$startTestSuite$0.call(Unknown Source)
	at TempTestSuite1589532766654.run(TempTestSuite1589532766654.groovy:36)
Caused by: com.kms.katalon.core.exception.StepFailedException: Only 0 in 1 option(s) with label 'SALES' is/are selected in object 'Object Repository/Rizka/Admin - Manage Test - Quiz - Edit/select_jobfunction2' 
	at com.kms.katalon.core.webui.keyword.internal.WebUIKeywordMain.stepFailed(WebUIKeywordMain.groovy:64)
	at com.kms.katalon.core.webui.keyword.builtin.VerifyOptionSelectedByLabelKeyword$_verifyOptionSelectedByLabel_closure1.doCall(VerifyOptionSelectedByLabelKeyword.groovy:94)
	at com.kms.katalon.core.webui.keyword.builtin.VerifyOptionSelectedByLabelKeyword$_verifyOptionSelectedByLabel_closure1.call(VerifyOptionSelectedByLabelKeyword.groovy)
	at com.kms.katalon.core.webui.keyword.internal.WebUIKeywordMain.runKeyword(WebUIKeywordMain.groovy:20)
	... 19 more]]></system-err>
      </testcase>
      <system-out><![CDATA[2020-05-15 15:53:03 - [TEST_SUITE][FAILED] - Admin - Manage Test - Quiz: Test Cases/Rizka/Admin - Manage Test - Quiz - Edit FAILED.
Reason:
com.kms.katalon.core.exception.StepFailedException: Unable to verify option is selected by label 'SALES' in object 'Object Repository/Rizka/Admin - Manage Test - Quiz - Edit/select_jobfunction2' 
	at com.kms.katalon.core.webui.keyword.internal.WebUIKeywordMain.stepFailed(WebUIKeywordMain.groovy:64)
	at com.kms.katalon.core.webui.keyword.internal.WebUIKeywordMain.runKeyword(WebUIKeywordMain.groovy:26)
	at com.kms.katalon.core.webui.keyword.builtin.VerifyOptionSelectedByLabelKeyword.verifyOptionSelectedByLabel(VerifyOptionSelectedByLabelKeyword.groovy:106)
	at com.kms.katalon.core.webui.keyword.builtin.VerifyOptionSelectedByLabelKeyword.execute(VerifyOptionSelectedByLabelKeyword.groovy:70)
	at com.kms.katalon.core.keyword.internal.KeywordExecutor.executeKeywordForPlatform(KeywordExecutor.groovy:72)
	at com.kms.katalon.core.webui.keyword.WebUiBuiltInKeywords.verifyOptionSelectedByLabel(WebUiBuiltInKeywords.groovy:2153)
	at com.kms.katalon.core.webui.keyword.WebUiBuiltInKeywords$verifyOptionSelectedByLabel$5.call(Unknown Source)
	at Admin - Manage Test - Quiz - Edit.run(Admin - Manage Test - Quiz - Edit:105)
	at com.kms.katalon.core.main.ScriptEngine.run(ScriptEngine.java:194)
	at com.kms.katalon.core.main.ScriptEngine.runScriptAsRawText(ScriptEngine.java:119)
	at com.kms.katalon.core.main.TestCaseExecutor.runScript(TestCaseExecutor.java:337)
	at com.kms.katalon.core.main.TestCaseExecutor.doExecute(TestCaseExecutor.java:328)
	at com.kms.katalon.core.main.TestCaseExecutor.processExecutionPhase(TestCaseExecutor.java:307)
	at com.kms.katalon.core.main.TestCaseExecutor.accessMainPhase(TestCaseExecutor.java:299)
	at com.kms.katalon.core.main.TestCaseExecutor.execute(TestCaseExecutor.java:233)
	at com.kms.katalon.core.main.TestSuiteExecutor.accessTestCaseMainPhase(TestSuiteExecutor.java:169)
	at com.kms.katalon.core.main.TestSuiteExecutor.accessTestSuiteMainPhase(TestSuiteExecutor.java:142)
	at com.kms.katalon.core.main.TestSuiteExecutor.execute(TestSuiteExecutor.java:91)
	at com.kms.katalon.core.main.TestCaseMain.startTestSuite(TestCaseMain.java:157)
	at com.kms.katalon.core.main.TestCaseMain$startTestSuite$0.call(Unknown Source)
	at TempTestSuite1589532766654.run(TempTestSuite1589532766654.groovy:36)
Caused by: com.kms.katalon.core.exception.StepFailedException: Only 0 in 1 option(s) with label 'SALES' is/are selected in object 'Object Repository/Rizka/Admin - Manage Test - Quiz - Edit/select_jobfunction2' 
	at com.kms.katalon.core.webui.keyword.internal.WebUIKeywordMain.stepFailed(WebUIKeywordMain.groovy:64)
	at com.kms.katalon.core.webui.keyword.builtin.VerifyOptionSelectedByLabelKeyword$_verifyOptionSelectedByLabel_closure1.doCall(VerifyOptionSelectedByLabelKeyword.groovy:94)
	at com.kms.katalon.core.webui.keyword.builtin.VerifyOptionSelectedByLabelKeyword$_verifyOptionSelectedByLabel_closure1.call(VerifyOptionSelectedByLabelKeyword.groovy)
	at com.kms.katalon.core.webui.keyword.internal.WebUIKeywordMain.runKeyword(WebUIKeywordMain.groovy:20)
	... 19 more]]></system-out>
      <system-err><![CDATA[2020-05-15 15:53:03 - [TEST_SUITE][FAILED] - Admin - Manage Test - Quiz: Test Cases/Rizka/Admin - Manage Test - Quiz - Edit FAILED.
Reason:
com.kms.katalon.core.exception.StepFailedException: Unable to verify option is selected by label 'SALES' in object 'Object Repository/Rizka/Admin - Manage Test - Quiz - Edit/select_jobfunction2' 
	at com.kms.katalon.core.webui.keyword.internal.WebUIKeywordMain.stepFailed(WebUIKeywordMain.groovy:64)
	at com.kms.katalon.core.webui.keyword.internal.WebUIKeywordMain.runKeyword(WebUIKeywordMain.groovy:26)
	at com.kms.katalon.core.webui.keyword.builtin.VerifyOptionSelectedByLabelKeyword.verifyOptionSelectedByLabel(VerifyOptionSelectedByLabelKeyword.groovy:106)
	at com.kms.katalon.core.webui.keyword.builtin.VerifyOptionSelectedByLabelKeyword.execute(VerifyOptionSelectedByLabelKeyword.groovy:70)
	at com.kms.katalon.core.keyword.internal.KeywordExecutor.executeKeywordForPlatform(KeywordExecutor.groovy:72)
	at com.kms.katalon.core.webui.keyword.WebUiBuiltInKeywords.verifyOptionSelectedByLabel(WebUiBuiltInKeywords.groovy:2153)
	at com.kms.katalon.core.webui.keyword.WebUiBuiltInKeywords$verifyOptionSelectedByLabel$5.call(Unknown Source)
	at Admin - Manage Test - Quiz - Edit.run(Admin - Manage Test - Quiz - Edit:105)
	at com.kms.katalon.core.main.ScriptEngine.run(ScriptEngine.java:194)
	at com.kms.katalon.core.main.ScriptEngine.runScriptAsRawText(ScriptEngine.java:119)
	at com.kms.katalon.core.main.TestCaseExecutor.runScript(TestCaseExecutor.java:337)
	at com.kms.katalon.core.main.TestCaseExecutor.doExecute(TestCaseExecutor.java:328)
	at com.kms.katalon.core.main.TestCaseExecutor.processExecutionPhase(TestCaseExecutor.java:307)
	at com.kms.katalon.core.main.TestCaseExecutor.accessMainPhase(TestCaseExecutor.java:299)
	at com.kms.katalon.core.main.TestCaseExecutor.execute(TestCaseExecutor.java:233)
	at com.kms.katalon.core.main.TestSuiteExecutor.accessTestCaseMainPhase(TestSuiteExecutor.java:169)
	at com.kms.katalon.core.main.TestSuiteExecutor.accessTestSuiteMainPhase(TestSuiteExecutor.java:142)
	at com.kms.katalon.core.main.TestSuiteExecutor.execute(TestSuiteExecutor.java:91)
	at com.kms.katalon.core.main.TestCaseMain.startTestSuite(TestCaseMain.java:157)
	at com.kms.katalon.core.main.TestCaseMain$startTestSuite$0.call(Unknown Source)
	at TempTestSuite1589532766654.run(TempTestSuite1589532766654.groovy:36)
Caused by: com.kms.katalon.core.exception.StepFailedException: Only 0 in 1 option(s) with label 'SALES' is/are selected in object 'Object Repository/Rizka/Admin - Manage Test - Quiz - Edit/select_jobfunction2' 
	at com.kms.katalon.core.webui.keyword.internal.WebUIKeywordMain.stepFailed(WebUIKeywordMain.groovy:64)
	at com.kms.katalon.core.webui.keyword.builtin.VerifyOptionSelectedByLabelKeyword$_verifyOptionSelectedByLabel_closure1.doCall(VerifyOptionSelectedByLabelKeyword.groovy:94)
	at com.kms.katalon.core.webui.keyword.builtin.VerifyOptionSelectedByLabelKeyword$_verifyOptionSelectedByLabel_closure1.call(VerifyOptionSelectedByLabelKeyword.groovy)
	at com.kms.katalon.core.webui.keyword.internal.WebUIKeywordMain.runKeyword(WebUIKeywordMain.groovy:20)
	... 19 more]]></system-err>
   </testsuite>
</testsuites>
