<?xml version="1.0" encoding="UTF-8"?>
<testsuites name="User - FAQ - Search" time="43.624" tests="1" failures="0" errors="0">
   <testsuite name="User - FAQ - Search" tests="1" failures="0" errors="0" time="43.624" timestamp="2020-05-26 15:31:28" hostname="Denna Leksanti - 192.168.152.1" id="Test Suites/Denna/User - FAQ - Search">
      <properties>
         <property name="deviceName" value=""/>
         <property name="devicePlatform" value=""/>
         <property name="logFolder" value="C:\\Users\\Hari Sapto\\git\\LearningManagementWeb\\Reports\\20200526_153120\\Denna\\User - FAQ - Search\\20200526_153120"/>
         <property name="logFiles" value="C:\\Users\\Hari Sapto\\git\\LearningManagementWeb\\Reports\\20200526_153120\\Denna\\User - FAQ - Search\\20200526_153120\\execution0.log"/>
         <property name="attachments" value=""/>
         <property name="hostName" value="Denna Leksanti - 192.168.152.1"/>
         <property name="os" value="Windows 10 64bit"/>
         <property name="katalonVersion" value="7.0.8.1"/>
         <property name="browser" value="Chrome 81.0.4044.138"/>
         <property name="hostAddress" value="192.168.152.1"/>
         <property name="sessionId" value="9cccf6ad398d14cb2f475672fca10dc1"/>
         <property name="seleniumVersion" value="3.141.59"/>
         <property name="proxyInformation" value="ProxyInformation{proxyOption=NO_PROXY, proxyServerType=HTTP, password=, proxyServerAddress=, proxyServerPort=0}"/>
         <property name="platform" value="Windows 10"/>
      </properties>
      <testcase name="Test Cases/Denna/User - FAQ - Search" time="42.686" classname="Test Cases/Denna/User - FAQ - Search" status="PASSED">
         <system-out><![CDATA[2020-05-26 15:31:29 - [TEST_CASE][PASSED] - Test Cases/Denna/User - FAQ - Search: Test Cases/Denna/User - FAQ - Search

2020-05-26 15:31:30 - [TEST_STEP][PASSED] - callTestCase(findTestCase("Denna/Login(User)"), [:], STOP_ON_FAILURE): Call Test Case 'Test Cases/Denna/Login(User)' successfully

2020-05-26 15:31:30 - [TEST_CASE][PASSED] - Test Cases/Denna/Login(User): Test Cases/Denna/Login(User)

2020-05-26 15:31:30 - [TEST_STEP][PASSED] - openBrowser("https://appsrv1.deltadatamandiri.com/ACC_LMS_WEB/#/Main"): Browser is opened with url: 'https://appsrv1.deltadatamandiri.com/ACC_LMS_WEB/#/Main'

2020-05-26 15:31:30 - [MESSAGE][INFO] - Starting 'Chrome' driver

2020-05-26 15:31:30 - [MESSAGE][INFO] - Action delay is set to 0 seconds

2020-05-26 15:31:43 - [MESSAGE][PASSED] - Browser is opened with url: 'https://appsrv1.deltadatamandiri.com/ACC_LMS_WEB/#/Main'

2020-05-26 15:31:43 - [TEST_STEP][PASSED] - maximizeWindow(): Current window maximized

2020-05-26 15:31:45 - [MESSAGE][PASSED] - Current window maximized

2020-05-26 15:31:45 - [TEST_STEP][PASSED] - click(findTestObject("Denna/User-Login/button login")): Object: 'Object Repository/Denna/User-Login/button login' is clicked on

2020-05-26 15:31:47 - [MESSAGE][PASSED] - Object: 'Object Repository/Denna/User-Login/button login' is clicked on

2020-05-26 15:31:47 - [TEST_STEP][PASSED] - setText(findTestObject("Denna/User-Login/input NPK username"), "14426"): Text '14426' is set on object 'Object Repository/Denna/User-Login/input NPK username'

2020-05-26 15:31:48 - [MESSAGE][PASSED] - Text '14426' is set on object 'Object Repository/Denna/User-Login/input NPK username'

2020-05-26 15:31:48 - [TEST_STEP][PASSED] - setText(findTestObject("Denna/User-Login/inputPassword"), "Password2"): Text 'Password2' is set on object 'Object Repository/Denna/User-Login/inputPassword'

2020-05-26 15:31:48 - [MESSAGE][PASSED] - Text 'Password2' is set on object 'Object Repository/Denna/User-Login/inputPassword'

2020-05-26 15:31:48 - [TEST_STEP][PASSED] - click(findTestObject("Denna/User-Login/button login 1 masuk")): Object: 'Object Repository/Denna/User-Login/button login 1 masuk' is clicked on

2020-05-26 15:31:49 - [MESSAGE][PASSED] - Object: 'Object Repository/Denna/User-Login/button login 1 masuk' is clicked on

2020-05-26 15:31:49 - [TEST_STEP][PASSED] - verifyElementVisible(findTestObject("Denna/User-Login/button_My Learning IconMy Learning")): Object 'Object Repository/Denna/User-Login/button_My Learning IconMy Learning' is visible

2020-05-26 15:31:58 - [MESSAGE][PASSED] - Object 'Object Repository/Denna/User-Login/button_My Learning IconMy Learning' is visible

2020-05-26 15:31:58 - [MESSAGE][PASSED] - Call Test Case 'Test Cases/Denna/Login(User)' successfully

2020-05-26 15:31:58 - [TEST_STEP][PASSED] - click(findTestObject("Object Repository/Denna/User - FAQ - Search/button menu My Learning")): Object: 'Object Repository/Denna/User - FAQ - Search/button menu My Learning' is clicked on

2020-05-26 15:32:05 - [MESSAGE][PASSED] - Object: 'Object Repository/Denna/User - FAQ - Search/button menu My Learning' is clicked on

2020-05-26 15:32:05 - [TEST_STEP][PASSED] - click(findTestObject("Object Repository/Denna/User - FAQ - Search/button FAQ")): Object: 'Object Repository/Denna/User - FAQ - Search/button FAQ' is clicked on

2020-05-26 15:32:05 - [MESSAGE][PASSED] - Object: 'Object Repository/Denna/User - FAQ - Search/button FAQ' is clicked on

2020-05-26 15:32:06 - [TEST_STEP][PASSED] - setText(findTestObject("Object Repository/Denna/User - FAQ - Search/input search"), search): Text 'Apa itu modul General Knowledge ?' is set on object 'Object Repository/Denna/User - FAQ - Search/input search'

2020-05-26 15:32:07 - [MESSAGE][PASSED] - Text 'Apa itu modul General Knowledge ?' is set on object 'Object Repository/Denna/User - FAQ - Search/input search'

2020-05-26 15:32:07 - [TEST_STEP][PASSED] - if (keterangan == "notFound"): null

2020-05-26 15:32:07 - [TEST_STEP][PASSED] - else: NOT_RUN: verifyEqual(search1, search)

2020-05-26 15:32:07 - [TEST_STEP][PASSED] - verifyElementVisible(findTestObject("Denna/User - FAQ - Search/content2")): Object 'Object Repository/Denna/User - FAQ - Search/content2' is visible

2020-05-26 15:32:11 - [MESSAGE][PASSED] - Object 'Object Repository/Denna/User - FAQ - Search/content2' is visible

2020-05-26 15:32:11 - [TEST_STEP][NOT_RUN] - search1 = getAttribute(findTestObject("Denna/User - FAQ - Search/content2 - Copy"), "value"): NOT_RUN: search1 = getAttribute(findTestObject("Denna/User - FAQ - Search/content2 - Copy"), "value")

2020-05-26 15:32:11 - [MESSAGE][NOT_RUN] - NOT_RUN: search1 = getAttribute(findTestObject("Denna/User - FAQ - Search/content2 - Copy"), "value")

2020-05-26 15:32:11 - [TEST_STEP][NOT_RUN] - verifyEqual(search1, search): NOT_RUN: verifyEqual(search1, search)

2020-05-26 15:32:11 - [MESSAGE][NOT_RUN] - NOT_RUN: verifyEqual(search1, search)

2020-05-26 15:32:11 - [TEST_STEP][PASSED] - closeBrowser(): Browser is closed

2020-05-26 15:32:11 - [MESSAGE][PASSED] - Browser is closed]]></system-out>
         <system-err><![CDATA[]]></system-err>
      </testcase>
      <system-out><![CDATA[2020-05-26 15:31:28 - [TEST_SUITE][PASSED] - User - FAQ - Search: Test Cases/Denna/User - FAQ - Search]]></system-out>
      <system-err><![CDATA[]]></system-err>
   </testsuite>
</testsuites>
