<?xml version="1.0" encoding="UTF-8"?>
<testsuites name="Admin_Manage FAQ - New FAQ" time="63.662" tests="1" failures="0" errors="0">
   <testsuite name="Admin_Manage FAQ - New FAQ" tests="1" failures="0" errors="0" time="63.662" timestamp="2020-05-28 14:16:45" hostname="asus - LAPTOP-FC1SHEB6" id="Test Suites/Alda/Admin_Manage FAQ - New FAQ">
      <properties>
         <property name="deviceName" value=""/>
         <property name="devicePlatform" value=""/>
         <property name="logFolder" value="C:\\Users\\asus\\git\\LMS27Mei\\Reports\\20200528_141630\\Alda\\Admin_Manage FAQ - New FAQ\\20200528_141630"/>
         <property name="logFiles" value="C:\\Users\\asus\\git\\LMS27Mei\\Reports\\20200528_141630\\Alda\\Admin_Manage FAQ - New FAQ\\20200528_141630\\execution0.log"/>
         <property name="attachments" value=""/>
         <property name="hostName" value="asus - LAPTOP-FC1SHEB6"/>
         <property name="os" value="Windows 10 64bit"/>
         <property name="katalonVersion" value="7.0.7.1"/>
         <property name="browser" value="Chrome 83.0.4103.61"/>
         <property name="hostAddress" value="192.168.100.15"/>
         <property name="sessionId" value="1db4ac70b3e471202ef8b5d6cf681613"/>
         <property name="seleniumVersion" value="3.141.59"/>
         <property name="proxyInformation" value="ProxyInformation{proxyOption=NO_PROXY, proxyServerType=HTTP, password=, proxyServerAddress=, proxyServerPort=0}"/>
         <property name="platform" value="Windows 10"/>
      </properties>
      <testcase name="Test Cases/Alda/Admin - Manage FAQ/New FAQ" time="63.09" classname="Test Cases/Alda/Admin - Manage FAQ/New FAQ" status="INCOMPLETE">
         <system-out><![CDATA[2020-05-28 14:16:46 - [TEST_CASE][INCOMPLETE] - Test Cases/Alda/Admin - Manage FAQ/New FAQ: null

2020-05-28 14:16:46 - [TEST_STEP][INCOMPLETE] - callTestCase(findTestCase("Rizka/Admin/Custom/Admin - Login"), ["username":"11666", "password":"Password3", "rememberMe":"yes", "condition":"passed"], STOP_ON_FAILURE): null

2020-05-28 14:16:47 - [TEST_CASE][INCOMPLETE] - Test Cases/Rizka/Admin/Custom/Admin - Login: null

2020-05-28 14:16:47 - [TEST_STEP][PASSED] - openBrowser("https://appsrv1.deltadatamandiri.com/ACC_LMS_WEB/#/admNLmn"): Browser is opened with url: 'https://appsrv1.deltadatamandiri.com/ACC_LMS_WEB/#/admNLmn'

2020-05-28 14:16:47 - [MESSAGE][INFO] - Starting 'Chrome' driver

2020-05-28 14:16:47 - [MESSAGE][INFO] - Action delay is set to 0 seconds

2020-05-28 14:17:48 - [MESSAGE][PASSED] - Browser is opened with url: 'https://appsrv1.deltadatamandiri.com/ACC_LMS_WEB/#/admNLmn'

2020-05-28 14:17:48 - [TEST_STEP][PASSED] - maximizeWindow(): Current window maximized

2020-05-28 14:17:49 - [MESSAGE][PASSED] - Current window maximized

2020-05-28 14:17:49 - [TEST_STEP][INCOMPLETE] - delay(30): null]]></system-out>
         <system-err><![CDATA[2020-05-28 14:16:46 - [TEST_CASE][INCOMPLETE] - Test Cases/Alda/Admin - Manage FAQ/New FAQ: null]]></system-err>
      </testcase>
      <system-out><![CDATA[2020-05-28 14:16:45 - [TEST_SUITE][INCOMPLETE] - Admin_Manage FAQ - New FAQ: null]]></system-out>
      <system-err><![CDATA[2020-05-28 14:16:45 - [TEST_SUITE][INCOMPLETE] - Admin_Manage FAQ - New FAQ: null]]></system-err>
   </testsuite>
</testsuites>
