<?xml version="1.0" encoding="UTF-8"?>
<testsuites name="User-Login" time="38.19" tests="1" failures="0" errors="0">
   <testsuite name="User-Login" tests="1" failures="0" errors="0" time="38.19" timestamp="2020-05-13 12:07:17" hostname="Denna Leksanti - 192.168.152.1" id="Test Suites/Denna/User-Login">
      <properties>
         <property name="deviceName" value=""/>
         <property name="devicePlatform" value=""/>
         <property name="logFolder" value="C:\\Users\\Hari Sapto\\git\\LearningManagementWeb\\Reports\\20200513_120714\\Denna\\User-Login\\20200513_120714"/>
         <property name="logFiles" value="C:\\Users\\Hari Sapto\\git\\LearningManagementWeb\\Reports\\20200513_120714\\Denna\\User-Login\\20200513_120714\\execution0.log"/>
         <property name="attachments" value=""/>
         <property name="hostName" value="Denna Leksanti - 192.168.152.1"/>
         <property name="os" value="Windows 10 64bit"/>
         <property name="katalonVersion" value="7.0.8.1"/>
         <property name="browser" value="Firefox 61.0"/>
         <property name="hostAddress" value="192.168.152.1"/>
         <property name="sessionId" value="604e2a3e-b06b-4c4f-8252-1085d88a73f7"/>
         <property name="seleniumVersion" value="3.141.59"/>
         <property name="proxyInformation" value="ProxyInformation{proxyOption=NO_PROXY, proxyServerType=HTTP, password=, proxyServerAddress=, proxyServerPort=0}"/>
         <property name="platform" value="Windows 10"/>
      </properties>
      <testcase name="Test Cases/Denna/User - Login" time="35.822" classname="Test Cases/Denna/User - Login" status="PASSED">
         <system-out><![CDATA[2020-05-13 12:07:18 - [TEST_CASE][PASSED] - Test Cases/Denna/User - Login: Test Cases/Denna/User - Login

2020-05-13 12:07:19 - [TEST_STEP][PASSED] - openBrowser(""): Browser is opened with url: ''

2020-05-13 12:07:19 - [MESSAGE][INFO] - Starting 'Firefox' driver

2020-05-13 12:07:19 - [MESSAGE][INFO] - Action delay is set to 0 seconds

2020-05-13 12:07:32 - [MESSAGE][PASSED] - Browser is opened with url: ''

2020-05-13 12:07:32 - [TEST_STEP][PASSED] - navigateToUrl("https://appsrv1.deltadatamandiri.com/ACC_LMS_WEB/#/Main"): Navigate to 'https://appsrv1.deltadatamandiri.com/ACC_LMS_WEB/#/Main' successfully

2020-05-13 12:07:46 - [MESSAGE][PASSED] - Navigate to 'https://appsrv1.deltadatamandiri.com/ACC_LMS_WEB/#/Main' successfully

2020-05-13 12:07:46 - [TEST_STEP][PASSED] - maximizeWindow(): Current window maximized

2020-05-13 12:07:46 - [MESSAGE][PASSED] - Current window maximized

2020-05-13 12:07:46 - [TEST_STEP][PASSED] - click(findTestObject("Denna/User-Login/button login")): Object: 'Object Repository/Denna/User-Login/button login' is clicked on

2020-05-13 12:07:50 - [MESSAGE][ERROR] - TypeError: rect is undefined
Build info: version: '3.141.59', revision: 'e82be7d358', time: '2018-11-14T08:25:53'
System info: host: 'DESKTOP-ETRGFK2', ip: '192.168.152.1', os.name: 'Windows 10', os.arch: 'amd64', os.version: '10.0', java.version: '1.8.0_181'
Driver info: com.kms.katalon.core.webui.driver.firefox.CGeckoDriver
Capabilities {acceptInsecureCerts: true, browserName: firefox, browserVersion: 61.0.2, javascriptEnabled: true, moz:accessibilityChecks: false, moz:geckodriverVersion: 0.23.0, moz:headless: false, moz:processID: 14244, moz:profile: C:\Users\Hari Sapto\AppData..., moz:useNonSpecCompliantPointerOrigin: false, moz:webdriverClick: true, pageLoadStrategy: normal, platform: XP, platformName: XP, platformVersion: 10.0, proxy: Proxy(direct), rotatable: false, timeouts: {implicit: 0, pageLoad: 300000, script: 30000}}
Session ID: 604e2a3e-b06b-4c4f-8252-1085d88a73f7

2020-05-13 12:07:52 - [MESSAGE][PASSED] - Object: 'Object Repository/Denna/User-Login/button login' is clicked on

2020-05-13 12:07:52 - [TEST_STEP][PASSED] - setText(findTestObject("Denna/User-Login/input NPK username"), NPK_Username): Text '' is set on object 'Object Repository/Denna/User-Login/input NPK username'

2020-05-13 12:07:52 - [MESSAGE][PASSED] - Text '' is set on object 'Object Repository/Denna/User-Login/input NPK username'

2020-05-13 12:07:52 - [TEST_STEP][PASSED] - setEncryptedText(findTestObject("Denna/User-Login/inputPassword"), Password): Text ****** has been set on object 'Object Repository/Denna/User-Login/inputPassword'

2020-05-13 12:07:53 - [MESSAGE][PASSED] - Text ****** has been set on object 'Object Repository/Denna/User-Login/inputPassword'

2020-05-13 12:07:53 - [TEST_STEP][PASSED] - click(findTestObject("Denna/User-Login/button login 1 masuk")): Object: 'Object Repository/Denna/User-Login/button login 1 masuk' is clicked on

2020-05-13 12:07:53 - [MESSAGE][PASSED] - Object: 'Object Repository/Denna/User-Login/button login 1 masuk' is clicked on

2020-05-13 12:07:53 - [TEST_STEP][PASSED] - switch (Kondisi): null

2020-05-13 12:07:53 - [TEST_STEP][PASSED] - case "fail":: null

2020-05-13 12:07:53 - [TEST_STEP][PASSED] - if (Keterangan == "npkPasswordEmpty"): Object 'Object Repository/Denna/User-Login/button login 1 masuk' is visible

2020-05-13 12:07:53 - [TEST_STEP][PASSED] - verifyElementVisible(findTestObject("Denna/User-Login/button login 1 masuk")): Object 'Object Repository/Denna/User-Login/button login 1 masuk' is visible

2020-05-13 12:07:54 - [MESSAGE][PASSED] - Object 'Object Repository/Denna/User-Login/button login 1 masuk' is visible

2020-05-13 12:07:54 - [TEST_STEP][PASSED] - break: null]]></system-out>
         <system-err><![CDATA[]]></system-err>
      </testcase>
      <system-out><![CDATA[2020-05-13 12:07:17 - [TEST_SUITE][PASSED] - User-Login: Test Cases/Denna/User - Login]]></system-out>
      <system-err><![CDATA[]]></system-err>
   </testsuite>
</testsuites>
