<?xml version="1.0" encoding="UTF-8"?>
<testsuites name="User-Forgot Password" time="24.44" tests="1" failures="0" errors="0">
   <testsuite name="User-Forgot Password" tests="1" failures="0" errors="0" time="24.44" timestamp="2020-05-26 16:56:50" hostname="Denna Leksanti - 192.168.152.1" id="Test Suites/Denna/User-Forgot Password">
      <properties>
         <property name="deviceName" value=""/>
         <property name="devicePlatform" value=""/>
         <property name="logFolder" value="C:\\Users\\Hari Sapto\\git\\LearningManagementWeb\\Reports\\20200526_165642\\Denna\\User-Forgot Password\\20200526_165642"/>
         <property name="logFiles" value="C:\\Users\\Hari Sapto\\git\\LearningManagementWeb\\Reports\\20200526_165642\\Denna\\User-Forgot Password\\20200526_165642\\execution0.log"/>
         <property name="attachments" value=""/>
         <property name="hostName" value="Denna Leksanti - 192.168.152.1"/>
         <property name="os" value="Windows 10 64bit"/>
         <property name="katalonVersion" value="7.0.8.1"/>
         <property name="browser" value="Chrome 81.0.4044.138"/>
         <property name="hostAddress" value="192.168.152.1"/>
         <property name="sessionId" value="01c7f2375a83ca1960435ff5d3c4333b"/>
         <property name="seleniumVersion" value="3.141.59"/>
         <property name="proxyInformation" value="ProxyInformation{proxyOption=NO_PROXY, proxyServerType=HTTP, password=, proxyServerAddress=, proxyServerPort=0}"/>
         <property name="platform" value="Windows 10"/>
      </properties>
      <testcase name="Test Cases/Denna/User - Forgot Password" time="24.038" classname="Test Cases/Denna/User - Forgot Password" status="PASSED">
         <system-out><![CDATA[2020-05-26 16:56:50 - [TEST_CASE][PASSED] - Test Cases/Denna/User - Forgot Password: Test Cases/Denna/User - Forgot Password

2020-05-26 16:56:51 - [TEST_STEP][PASSED] - openBrowser(""): Browser is opened with url: ''

2020-05-26 16:56:51 - [MESSAGE][INFO] - Starting 'Chrome' driver

2020-05-26 16:56:51 - [MESSAGE][INFO] - Action delay is set to 0 seconds

2020-05-26 16:56:56 - [MESSAGE][PASSED] - Browser is opened with url: ''

2020-05-26 16:56:56 - [TEST_STEP][PASSED] - navigateToUrl("https://appsrv1.deltadatamandiri.com/ACC_LMS_WEB/#/Main"): Navigate to 'https://appsrv1.deltadatamandiri.com/ACC_LMS_WEB/#/Main' successfully

2020-05-26 16:57:03 - [MESSAGE][PASSED] - Navigate to 'https://appsrv1.deltadatamandiri.com/ACC_LMS_WEB/#/Main' successfully

2020-05-26 16:57:03 - [TEST_STEP][PASSED] - maximizeWindow(): Current window maximized

2020-05-26 16:57:05 - [MESSAGE][PASSED] - Current window maximized

2020-05-26 16:57:05 - [TEST_STEP][PASSED] - click(findTestObject("Denna/User - Forgot Password/button login")): Object: 'Object Repository/Denna/User - Forgot Password/button login' is clicked on

2020-05-26 16:57:07 - [MESSAGE][ERROR] - javascript error: Failed to execute 'elementsFromPoint' on 'Document': The provided double value is non-finite.
  (Session info: chrome=81.0.4044.138)
Build info: version: '3.141.59', revision: 'e82be7d358', time: '2018-11-14T08:25:53'
System info: host: 'DESKTOP-ETRGFK2', ip: '192.168.152.1', os.name: 'Windows 10', os.arch: 'amd64', os.version: '10.0', java.version: '1.8.0_181'
Driver info: com.kms.katalon.selenium.driver.CChromeDriver
Capabilities {acceptInsecureCerts: false, browserName: chrome, browserVersion: 81.0.4044.138, chrome: {chromedriverVersion: 81.0.4044.138 (8c6c7ba89cc9..., userDataDir: C:\Users\HARISA~1\AppData\L...}, goog:chromeOptions: {debuggerAddress: localhost:8882}, javascriptEnabled: true, networkConnectionEnabled: false, pageLoadStrategy: normal, platform: WINDOWS, platformName: WINDOWS, proxy: Proxy(), setWindowRect: true, strictFileInteractability: false, timeouts: {implicit: 0, pageLoad: 300000, script: 30000}, unhandledPromptBehavior: dismiss and notify, webauthn:virtualAuthenticators: true}
Session ID: 01c7f2375a83ca1960435ff5d3c4333b

2020-05-26 16:57:07 - [MESSAGE][PASSED] - Object: 'Object Repository/Denna/User - Forgot Password/button login' is clicked on

2020-05-26 16:57:07 - [TEST_STEP][PASSED] - click(findTestObject("Object Repository/Denna/User - Forgot Password/button Forgot Password")): Object: 'Object Repository/Denna/User - Forgot Password/button Forgot Password' is clicked on

2020-05-26 16:57:08 - [MESSAGE][PASSED] - Object: 'Object Repository/Denna/User - Forgot Password/button Forgot Password' is clicked on

2020-05-26 16:57:08 - [TEST_STEP][PASSED] - setText(findTestObject("Denna/User - Forgot Password/input NPK npkUser"), NPK): Text '14426' is set on object 'Object Repository/Denna/User - Forgot Password/input NPK npkUser'

2020-05-26 16:57:09 - [MESSAGE][PASSED] - Text '14426' is set on object 'Object Repository/Denna/User - Forgot Password/input NPK npkUser'

2020-05-26 16:57:09 - [TEST_STEP][PASSED] - click(findTestObject("Object Repository/Denna/User - Forgot Password/button Kirim OTP")): Object: 'Object Repository/Denna/User - Forgot Password/button Kirim OTP' is clicked on

2020-05-26 16:57:09 - [MESSAGE][PASSED] - Object: 'Object Repository/Denna/User - Forgot Password/button Kirim OTP' is clicked on

2020-05-26 16:57:09 - [TEST_STEP][PASSED] - switch (Kondisi): null

2020-05-26 16:57:09 - [TEST_STEP][PASSED] - case "fail":: null

2020-05-26 16:57:09 - [TEST_STEP][PASSED] - setText(findTestObject("Denna/User - Forgot Password/input Icon newPassword"), newPassword): Text '' is set on object 'Object Repository/Denna/User - Forgot Password/input Icon newPassword'

2020-05-26 16:57:12 - [MESSAGE][PASSED] - Text '' is set on object 'Object Repository/Denna/User - Forgot Password/input Icon newPassword'

2020-05-26 16:57:12 - [TEST_STEP][PASSED] - setText(findTestObject("Denna/User - Forgot Password/input Icon newPasswordConfirm"), newPasswordConfirm): Text 'Password2' is set on object 'Object Repository/Denna/User - Forgot Password/input Icon newPasswordConfirm'

2020-05-26 16:57:12 - [MESSAGE][PASSED] - Text 'Password2' is set on object 'Object Repository/Denna/User - Forgot Password/input Icon newPasswordConfirm'

2020-05-26 16:57:12 - [TEST_STEP][PASSED] - click(findTestObject("Object Repository/Denna/User - Forgot Password/button RESET PASSWORD")): Object: 'Object Repository/Denna/User - Forgot Password/button RESET PASSWORD' is clicked on

2020-05-26 16:57:13 - [MESSAGE][PASSED] - Object: 'Object Repository/Denna/User - Forgot Password/button RESET PASSWORD' is clicked on

2020-05-26 16:57:13 - [TEST_STEP][PASSED] - if (Keterangan == "emptyAllPassword"): null

2020-05-26 16:57:13 - [TEST_STEP][PASSED] - else if (Keterangan == "emptyPasswordConfirm"): null

2020-05-26 16:57:13 - [TEST_STEP][PASSED] - else if (Keterangan == "emptyNewPassword"): Object 'Object Repository/Denna/User - Forgot Password/label password must be at least 6 characters and contain uppercase lowercase letters and numbers' is visible

2020-05-26 16:57:13 - [TEST_STEP][PASSED] - verifyElementVisible(findTestObject("Denna/User - Forgot Password/label password must be at least 6 characters and contain uppercase lowercase letters and numbers")): Object 'Object Repository/Denna/User - Forgot Password/label password must be at least 6 characters and contain uppercase lowercase letters and numbers' is visible

2020-05-26 16:57:13 - [MESSAGE][PASSED] - Object 'Object Repository/Denna/User - Forgot Password/label password must be at least 6 characters and contain uppercase lowercase letters and numbers' is visible

2020-05-26 16:57:13 - [TEST_STEP][PASSED] - break: null

2020-05-26 16:57:13 - [TEST_STEP][PASSED] - closeBrowser(): Browser is closed

2020-05-26 16:57:14 - [MESSAGE][PASSED] - Browser is closed]]></system-out>
         <system-err><![CDATA[]]></system-err>
      </testcase>
      <system-out><![CDATA[2020-05-26 16:56:50 - [TEST_SUITE][PASSED] - User-Forgot Password: Test Cases/Denna/User - Forgot Password]]></system-out>
      <system-err><![CDATA[]]></system-err>
   </testsuite>
</testsuites>
