<?xml version="1.0" encoding="UTF-8"?>
<testsuites name="Admin - Manage Test - Quiz" time="155.192" tests="1" failures="0" errors="0">
   <testsuite name="Admin - Manage Test - Quiz" tests="1" failures="0" errors="0" time="155.192" timestamp="2020-05-26 00:37:24" hostname="rizkajuliant20 - DESKTOP-NHES7H6" id="Test Suites/Rizka/Admin - Manage Test - Quiz">
      <properties>
         <property name="deviceName" value=""/>
         <property name="devicePlatform" value=""/>
         <property name="logFolder" value="D:\\MY WORLD\\WORKS (TUGAS)\\LearningManagementWeb\\Reports\\20200526_003715\\Rizka\\Admin - Manage Test - Quiz\\20200526_003715"/>
         <property name="logFiles" value="D:\\MY WORLD\\WORKS (TUGAS)\\LearningManagementWeb\\Reports\\20200526_003715\\Rizka\\Admin - Manage Test - Quiz\\20200526_003715\\execution0.log"/>
         <property name="attachments" value=""/>
         <property name="hostName" value="rizkajuliant20 - DESKTOP-NHES7H6"/>
         <property name="os" value="Windows 10 64bit"/>
         <property name="katalonVersion" value="7.2.1.1"/>
         <property name="browser" value="Chrome 81.0.4044.138"/>
         <property name="hostAddress" value="192.168.1.116"/>
         <property name="sessionId" value="3ac00d440d60ae0a3166e5a7d149b4a6"/>
         <property name="seleniumVersion" value="3.141.59"/>
         <property name="proxyInformation" value="ProxyInformation{proxyOption=NO_PROXY, proxyServerType=HTTP, password=, proxyServerAddress=, proxyServerPort=0, executionList=}"/>
         <property name="platform" value="Windows 10"/>
      </properties>
      <testcase name="Test Cases/Rizka/Admin - Manage Test - Quiz - Next Page" time="153.383" classname="Test Cases/Rizka/Admin - Manage Test - Quiz - Next Page" status="PASSED">
         <system-out><![CDATA[2020-05-26 00:37:25 - [TEST_CASE][PASSED] - Test Cases/Rizka/Admin - Manage Test - Quiz - Next Page: Test Cases/Rizka/Admin - Manage Test - Quiz - Next Page

2020-05-26 00:37:26 - [TEST_STEP][PASSED] - openBrowser(""): Browser is opened with url: ''

2020-05-26 00:37:27 - [MESSAGE][INFO] - Starting 'Chrome' driver

2020-05-26 00:37:27 - [MESSAGE][INFO] - Action delay is set to 0 seconds

2020-05-26 00:37:36 - [MESSAGE][PASSED] - Browser is opened with url: ''

2020-05-26 00:37:36 - [TEST_STEP][PASSED] - navigateToUrl("https://appsrv1.deltadatamandiri.com/ACC_LMS_WEB/#/admNLmn"): Navigate to 'https://appsrv1.deltadatamandiri.com/ACC_LMS_WEB/#/admNLmn' successfully

2020-05-26 00:38:26 - [MESSAGE][PASSED] - Navigate to 'https://appsrv1.deltadatamandiri.com/ACC_LMS_WEB/#/admNLmn' successfully

2020-05-26 00:38:26 - [TEST_STEP][PASSED] - delay(5): Delayed 5 second(s)

2020-05-26 00:38:32 - [MESSAGE][PASSED] - Delayed 5 second(s)

2020-05-26 00:38:32 - [TEST_STEP][PASSED] - click(findTestObject("Rizka/Admin - Login/btnLogin")): Object: 'Object Repository/Rizka/Admin - Login/btnLogin' is clicked on

2020-05-26 00:38:34 - [MESSAGE][ERROR] - javascript error: Failed to execute 'elementsFromPoint' on 'Document': The provided double value is non-finite.
  (Session info: chrome=81.0.4044.138)
Build info: version: '3.141.59', revision: 'e82be7d358', time: '2018-11-14T08:25:53'
System info: host: 'DESKTOP-NHES7H6', ip: '192.168.1.116', os.name: 'Windows 10', os.arch: 'amd64', os.version: '10.0', java.version: '1.8.0_181'
Driver info: com.kms.katalon.selenium.driver.CChromeDriver
Capabilities {acceptInsecureCerts: false, browserName: chrome, browserVersion: 81.0.4044.138, chrome: {chromedriverVersion: 81.0.4044.138 (8c6c7ba89cc9..., userDataDir: C:\Users\ASUS\AppData\Local...}, goog:chromeOptions: {debuggerAddress: localhost:56020}, javascriptEnabled: true, networkConnectionEnabled: false, pageLoadStrategy: normal, platform: WINDOWS, platformName: WINDOWS, proxy: Proxy(), setWindowRect: true, strictFileInteractability: false, timeouts: {implicit: 0, pageLoad: 300000, script: 30000}, unhandledPromptBehavior: dismiss and notify, webauthn:virtualAuthenticators: true}
Session ID: 3ac00d440d60ae0a3166e5a7d149b4a6

2020-05-26 00:38:35 - [MESSAGE][PASSED] - Object: 'Object Repository/Rizka/Admin - Login/btnLogin' is clicked on

2020-05-26 00:38:35 - [TEST_STEP][PASSED] - setText(findTestObject("Rizka/Admin - Login/txtUsername"), "11666"): Text '11666' is set on object 'Object Repository/Rizka/Admin - Login/txtUsername'

2020-05-26 00:38:36 - [MESSAGE][PASSED] - Text '11666' is set on object 'Object Repository/Rizka/Admin - Login/txtUsername'

2020-05-26 00:38:36 - [TEST_STEP][PASSED] - setText(findTestObject("Rizka/Admin - Login/txtPassword"), "Password3"): Text 'Password3' is set on object 'Object Repository/Rizka/Admin - Login/txtPassword'

2020-05-26 00:38:36 - [MESSAGE][PASSED] - Text 'Password3' is set on object 'Object Repository/Rizka/Admin - Login/txtPassword'

2020-05-26 00:38:36 - [TEST_STEP][PASSED] - click(findTestObject("Rizka/Admin - Login/btnEyePass")): Object: 'Object Repository/Rizka/Admin - Login/btnEyePass' is clicked on

2020-05-26 00:38:37 - [MESSAGE][PASSED] - Object: 'Object Repository/Rizka/Admin - Login/btnEyePass' is clicked on

2020-05-26 00:38:37 - [TEST_STEP][PASSED] - click(findTestObject("Rizka/Admin - Login/checkboxRememberMe")): Object: 'Object Repository/Rizka/Admin - Login/checkboxRememberMe' is clicked on

2020-05-26 00:38:37 - [MESSAGE][PASSED] - Object: 'Object Repository/Rizka/Admin - Login/checkboxRememberMe' is clicked on

2020-05-26 00:38:37 - [TEST_STEP][PASSED] - click(findTestObject("Rizka/Admin - Login/btnLogin2")): Object: 'Object Repository/Rizka/Admin - Login/btnLogin2' is clicked on

2020-05-26 00:38:38 - [MESSAGE][PASSED] - Object: 'Object Repository/Rizka/Admin - Login/btnLogin2' is clicked on

2020-05-26 00:38:38 - [TEST_STEP][PASSED] - delay(20): Delayed 20 second(s)

2020-05-26 00:38:58 - [MESSAGE][PASSED] - Delayed 20 second(s)

2020-05-26 00:38:58 - [TEST_STEP][PASSED] - click(findTestObject("Rizka/Admin - Manage Test - Quiz - Next Page/btnManageTest")): Object: 'Object Repository/Rizka/Admin - Manage Test - Quiz - Next Page/btnManageTest' is clicked on

2020-05-26 00:38:58 - [MESSAGE][PASSED] - Object: 'Object Repository/Rizka/Admin - Manage Test - Quiz - Next Page/btnManageTest' is clicked on

2020-05-26 00:38:58 - [TEST_STEP][PASSED] - delay(10): Delayed 10 second(s)

2020-05-26 00:39:08 - [MESSAGE][PASSED] - Delayed 10 second(s)

2020-05-26 00:39:08 - [TEST_STEP][PASSED] - click(findTestObject("Rizka/Admin - Manage Test - Quiz - Next Page/btnQuiz")): Object: 'Object Repository/Rizka/Admin - Manage Test - Quiz - Next Page/btnQuiz' is clicked on

2020-05-26 00:39:09 - [MESSAGE][PASSED] - Object: 'Object Repository/Rizka/Admin - Manage Test - Quiz - Next Page/btnQuiz' is clicked on

2020-05-26 00:39:09 - [TEST_STEP][PASSED] - delay(5): Delayed 5 second(s)

2020-05-26 00:39:14 - [MESSAGE][PASSED] - Delayed 5 second(s)

2020-05-26 00:39:14 - [TEST_STEP][PASSED] - scrollToElement(findTestObject("Rizka/Admin - Manage Test - Quiz - Next Page/btnFirstPage"), 0): Scroll to object 'Object Repository/Rizka/Admin - Manage Test - Quiz - Next Page/btnFirstPage' successfully

2020-05-26 00:39:14 - [MESSAGE][WARNING] - Timeout '0' is invalid. Using default page load timeout: '30'

2020-05-26 00:39:39 - [MESSAGE][PASSED] - Scroll to object 'Object Repository/Rizka/Admin - Manage Test - Quiz - Next Page/btnFirstPage' successfully

2020-05-26 00:39:39 - [TEST_STEP][PASSED] - delay(5): Delayed 5 second(s)

2020-05-26 00:39:44 - [MESSAGE][PASSED] - Delayed 5 second(s)

2020-05-26 00:39:44 - [TEST_STEP][PASSED] - click(findTestObject("Rizka/Admin - Manage Test - Quiz - Next Page/btnNext")): Object: 'Object Repository/Rizka/Admin - Manage Test - Quiz - Next Page/btnNext' is clicked on

2020-05-26 00:39:45 - [MESSAGE][PASSED] - Object: 'Object Repository/Rizka/Admin - Manage Test - Quiz - Next Page/btnNext' is clicked on

2020-05-26 00:39:45 - [TEST_STEP][PASSED] - verifyElementClickable(findTestObject("Rizka/Admin - Manage Test - Quiz - Next Page/btnPrevious")): Object 'Object Repository/Rizka/Admin - Manage Test - Quiz - Next Page/btnPrevious' is clickable

2020-05-26 00:39:58 - [MESSAGE][PASSED] - Object 'Object Repository/Rizka/Admin - Manage Test - Quiz - Next Page/btnPrevious' is clickable]]></system-out>
         <system-err><![CDATA[]]></system-err>
      </testcase>
      <system-out><![CDATA[2020-05-26 00:37:24 - [TEST_SUITE][PASSED] - Admin - Manage Test - Quiz: Test Cases/Rizka/Admin - Manage Test - Quiz - Next Page]]></system-out>
      <system-err><![CDATA[]]></system-err>
   </testsuite>
</testsuites>
