<?xml version="1.0" encoding="UTF-8"?>
<testsuites name="Admin - Manage Test - Quiz" time="122.388" tests="1" failures="0" errors="0">
   <testsuite name="Admin - Manage Test - Quiz" tests="1" failures="0" errors="0" time="122.388" timestamp="2020-06-22 13:18:14" hostname="rizkajuliant20 - DESKTOP-NHES7H6" id="Test Suites/Rizka/Admin/Admin - Manage Test - Quiz">
      <properties>
         <property name="deviceName" value=""/>
         <property name="devicePlatform" value=""/>
         <property name="logFolder" value="D:\\MY WORLD\\WORKS (TUGAS)\\LearningManagementWeb\\Reports\\20200622_131759\\Rizka\\Admin\\Admin - Manage Test - Quiz\\20200622_131759"/>
         <property name="logFiles" value="D:\\MY WORLD\\WORKS (TUGAS)\\LearningManagementWeb\\Reports\\20200622_131759\\Rizka\\Admin\\Admin - Manage Test - Quiz\\20200622_131759\\execution0.log"/>
         <property name="attachments" value=""/>
         <property name="hostName" value="rizkajuliant20 - DESKTOP-NHES7H6"/>
         <property name="os" value="Windows 10 64bit"/>
         <property name="katalonVersion" value="7.2.1.1"/>
         <property name="browser" value="Chrome 83.0.4103.106"/>
         <property name="hostAddress" value="192.168.1.116"/>
         <property name="sessionId" value="09d8d93501f7c1b8ff3dfb87894da5a6"/>
         <property name="seleniumVersion" value="3.141.59"/>
         <property name="proxyInformation" value="ProxyInformation{proxyOption=NO_PROXY, proxyServerType=HTTP, password=, proxyServerAddress=, proxyServerPort=0, executionList=}"/>
         <property name="platform" value="Windows 10"/>
      </properties>
      <testcase name="Test Cases/Rizka/Admin/Manage Test/Admin - Manage Test - Quiz - Delete" time="119.715" classname="Test Cases/Rizka/Admin/Manage Test/Admin - Manage Test - Quiz - Delete" status="PASSED">
         <system-out><![CDATA[2020-06-22 13:18:15 - [TEST_CASE][PASSED] - Test Cases/Rizka/Admin/Manage Test/Admin - Manage Test - Quiz - Delete: Test Cases/Rizka/Admin/Manage Test/Admin - Manage Test - Quiz - Delete

2020-06-22 13:18:17 - [TEST_STEP][PASSED] - callTestCase(findTestCase("Rizka/Admin/AdminMainLogin"), [:], STOP_ON_FAILURE): Call Test Case 'Test Cases/Rizka/Admin/AdminMainLogin' successfully

2020-06-22 13:18:17 - [TEST_CASE][PASSED] - Test Cases/Rizka/Admin/AdminMainLogin: Test Cases/Rizka/Admin/AdminMainLogin

2020-06-22 13:18:18 - [TEST_STEP][PASSED] - openBrowser("https://appsrv1.deltadatamandiri.com/ACC_LMS_WEB/#/admNLmn"): Browser is opened with url: 'https://appsrv1.deltadatamandiri.com/ACC_LMS_WEB/#/admNLmn'

2020-06-22 13:18:18 - [MESSAGE][INFO] - Starting 'Chrome' driver

2020-06-22 13:18:18 - [MESSAGE][INFO] - Action delay is set to 0 seconds

2020-06-22 13:18:49 - [MESSAGE][PASSED] - Browser is opened with url: 'https://appsrv1.deltadatamandiri.com/ACC_LMS_WEB/#/admNLmn'

2020-06-22 13:18:49 - [TEST_STEP][PASSED] - maximizeWindow(): Current window maximized

2020-06-22 13:18:51 - [MESSAGE][PASSED] - Current window maximized

2020-06-22 13:18:51 - [TEST_STEP][PASSED] - delay(15): Delayed 15 second(s)

2020-06-22 13:19:06 - [MESSAGE][PASSED] - Delayed 15 second(s)

2020-06-22 13:19:06 - [TEST_STEP][PASSED] - click(findTestObject("Rizka/Admin/Admin - Login/btnLogin")): Object: 'Object Repository/Rizka/Admin/Admin - Login/btnLogin' is clicked on

2020-06-22 13:19:07 - [MESSAGE][PASSED] - Object: 'Object Repository/Rizka/Admin/Admin - Login/btnLogin' is clicked on

2020-06-22 13:19:07 - [TEST_STEP][PASSED] - setText(findTestObject("Rizka/Admin/Admin - Login/txtUsername"), "11666"): Text '11666' is set on object 'Object Repository/Rizka/Admin/Admin - Login/txtUsername'

2020-06-22 13:19:08 - [MESSAGE][PASSED] - Text '11666' is set on object 'Object Repository/Rizka/Admin/Admin - Login/txtUsername'

2020-06-22 13:19:08 - [TEST_STEP][PASSED] - setText(findTestObject("Rizka/Admin/Admin - Login/txtPassword"), "Password3"): Text 'Password3' is set on object 'Object Repository/Rizka/Admin/Admin - Login/txtPassword'

2020-06-22 13:19:08 - [MESSAGE][PASSED] - Text 'Password3' is set on object 'Object Repository/Rizka/Admin/Admin - Login/txtPassword'

2020-06-22 13:19:08 - [TEST_STEP][PASSED] - click(findTestObject("Rizka/Admin/Admin - Login/btnEyePass")): Object: 'Object Repository/Rizka/Admin/Admin - Login/btnEyePass' is clicked on

2020-06-22 13:19:09 - [MESSAGE][PASSED] - Object: 'Object Repository/Rizka/Admin/Admin - Login/btnEyePass' is clicked on

2020-06-22 13:19:09 - [TEST_STEP][PASSED] - click(findTestObject("Rizka/Admin/Admin - Login/checkboxRememberMe")): Object: 'Object Repository/Rizka/Admin/Admin - Login/checkboxRememberMe' is clicked on

2020-06-22 13:19:10 - [MESSAGE][PASSED] - Object: 'Object Repository/Rizka/Admin/Admin - Login/checkboxRememberMe' is clicked on

2020-06-22 13:19:10 - [TEST_STEP][PASSED] - click(findTestObject("Rizka/Admin/Admin - Login/btnLogin2")): Object: 'Object Repository/Rizka/Admin/Admin - Login/btnLogin2' is clicked on

2020-06-22 13:19:11 - [MESSAGE][PASSED] - Object: 'Object Repository/Rizka/Admin/Admin - Login/btnLogin2' is clicked on

2020-06-22 13:19:11 - [TEST_STEP][PASSED] - delay(15): Delayed 15 second(s)

2020-06-22 13:19:26 - [MESSAGE][PASSED] - Delayed 15 second(s)

2020-06-22 13:19:26 - [MESSAGE][PASSED] - Call Test Case 'Test Cases/Rizka/Admin/AdminMainLogin' successfully

2020-06-22 13:19:26 - [TEST_STEP][PASSED] - click(findTestObject("Rizka/Admin/Admin - Manage Test - Quiz - Delete/btnTestManagement_v2")): Object: 'Object Repository/Rizka/Admin/Admin - Manage Test - Quiz - Delete/btnTestManagement_v2' is clicked on

2020-06-22 13:19:27 - [MESSAGE][PASSED] - Object: 'Object Repository/Rizka/Admin/Admin - Manage Test - Quiz - Delete/btnTestManagement_v2' is clicked on

2020-06-22 13:19:27 - [TEST_STEP][PASSED] - delay(7): Delayed 7 second(s)

2020-06-22 13:19:34 - [MESSAGE][PASSED] - Delayed 7 second(s)

2020-06-22 13:19:34 - [TEST_STEP][PASSED] - click(findTestObject("Rizka/Admin/Admin - Manage Test - Quiz - Delete/btnQuiz_v2")): Object: 'Object Repository/Rizka/Admin/Admin - Manage Test - Quiz - Delete/btnQuiz_v2' is clicked on

2020-06-22 13:19:35 - [MESSAGE][PASSED] - Object: 'Object Repository/Rizka/Admin/Admin - Manage Test - Quiz - Delete/btnQuiz_v2' is clicked on

2020-06-22 13:19:35 - [TEST_STEP][PASSED] - delay(7): Delayed 7 second(s)

2020-06-22 13:19:42 - [MESSAGE][PASSED] - Delayed 7 second(s)

2020-06-22 13:19:42 - [TEST_STEP][PASSED] - setText(findTestObject("Rizka/Admin/Admin - Manage Test - Quiz - Delete/fieldSearch_v2"), namaSoal): Text 'COBA 1' is set on object 'Object Repository/Rizka/Admin/Admin - Manage Test - Quiz - Delete/fieldSearch_v2'

2020-06-22 13:19:53 - [MESSAGE][PASSED] - Text 'COBA 1' is set on object 'Object Repository/Rizka/Admin/Admin - Manage Test - Quiz - Delete/fieldSearch_v2'

2020-06-22 13:19:53 - [TEST_STEP][PASSED] - sendKeys(findTestObject("Rizka/Admin/Admin - Manage Test - Quiz - Delete/fieldSearch_v2"), Keys.chord(ENTER)): Keys 'ENTER + ' sent to object: 'Object Repository/Rizka/Admin/Admin - Manage Test - Quiz - Delete/fieldSearch_v2'

2020-06-22 13:19:54 - [MESSAGE][PASSED] - Keys 'ENTER + ' sent to object: 'Object Repository/Rizka/Admin/Admin - Manage Test - Quiz - Delete/fieldSearch_v2'

2020-06-22 13:19:54 - [TEST_STEP][PASSED] - delay(5): Delayed 5 second(s)

2020-06-22 13:19:59 - [MESSAGE][PASSED] - Delayed 5 second(s)

2020-06-22 13:19:59 - [TEST_STEP][PASSED] - click(findTestObject("Rizka/Admin/Admin - Manage Test - Quiz - Delete/btnSettings_v2")): Object: 'Object Repository/Rizka/Admin/Admin - Manage Test - Quiz - Delete/btnSettings_v2' is clicked on

2020-06-22 13:20:00 - [MESSAGE][PASSED] - Object: 'Object Repository/Rizka/Admin/Admin - Manage Test - Quiz - Delete/btnSettings_v2' is clicked on

2020-06-22 13:20:00 - [TEST_STEP][PASSED] - click(findTestObject("Rizka/Admin/Admin - Manage Test - Quiz - Delete/btnDelete_v2")): Object: 'Object Repository/Rizka/Admin/Admin - Manage Test - Quiz - Delete/btnDelete_v2' is clicked on

2020-06-22 13:20:00 - [MESSAGE][PASSED] - Object: 'Object Repository/Rizka/Admin/Admin - Manage Test - Quiz - Delete/btnDelete_v2' is clicked on

2020-06-22 13:20:00 - [TEST_STEP][PASSED] - if (condition == "passed"): null

2020-06-22 13:20:00 - [TEST_STEP][PASSED] - else: Object 'Object Repository/Rizka/Admin/Admin - Manage Test - Quiz - Delete/alertNoDataFound_v2' is NOT visible

2020-06-22 13:20:00 - [TEST_STEP][PASSED] - click(findTestObject("Rizka/Admin/Admin - Manage Test - Quiz - Delete/btnCancel_v2")): Object: 'Object Repository/Rizka/Admin/Admin - Manage Test - Quiz - Delete/btnCancel_v2' is clicked on

2020-06-22 13:20:01 - [MESSAGE][PASSED] - Object: 'Object Repository/Rizka/Admin/Admin - Manage Test - Quiz - Delete/btnCancel_v2' is clicked on

2020-06-22 13:20:01 - [TEST_STEP][PASSED] - delay(7): Delayed 7 second(s)

2020-06-22 13:20:08 - [MESSAGE][PASSED] - Delayed 7 second(s)

2020-06-22 13:20:08 - [TEST_STEP][PASSED] - setText(findTestObject("Rizka/Admin/Admin - Manage Test - Quiz - Delete/fieldSearch_v2"), namaSoal): Text 'COBA 1' is set on object 'Object Repository/Rizka/Admin/Admin - Manage Test - Quiz - Delete/fieldSearch_v2'

2020-06-22 13:20:09 - [MESSAGE][PASSED] - Text 'COBA 1' is set on object 'Object Repository/Rizka/Admin/Admin - Manage Test - Quiz - Delete/fieldSearch_v2'

2020-06-22 13:20:09 - [TEST_STEP][PASSED] - sendKeys(findTestObject("Rizka/Admin/Admin - Manage Test - Quiz - Delete/fieldSearch_v2"), Keys.chord(ENTER)): Keys 'ENTER + ' sent to object: 'Object Repository/Rizka/Admin/Admin - Manage Test - Quiz - Delete/fieldSearch_v2'

2020-06-22 13:20:09 - [MESSAGE][PASSED] - Keys 'ENTER + ' sent to object: 'Object Repository/Rizka/Admin/Admin - Manage Test - Quiz - Delete/fieldSearch_v2'

2020-06-22 13:20:09 - [TEST_STEP][PASSED] - delay(5): Delayed 5 second(s)

2020-06-22 13:20:14 - [MESSAGE][PASSED] - Delayed 5 second(s)

2020-06-22 13:20:14 - [TEST_STEP][PASSED] - verifyElementNotVisible(findTestObject("Rizka/Admin/Admin - Manage Test - Quiz - Delete/alertNoDataFound_v2")): Object 'Object Repository/Rizka/Admin/Admin - Manage Test - Quiz - Delete/alertNoDataFound_v2' is NOT visible

2020-06-22 13:20:15 - [MESSAGE][PASSED] - Object 'Object Repository/Rizka/Admin/Admin - Manage Test - Quiz - Delete/alertNoDataFound_v2' is NOT visible]]></system-out>
         <system-err><![CDATA[]]></system-err>
      </testcase>
      <system-out><![CDATA[2020-06-22 13:18:14 - [TEST_SUITE][PASSED] - Admin - Manage Test - Quiz: Test Cases/Rizka/Admin/Manage Test/Admin - Manage Test - Quiz - Delete]]></system-out>
      <system-err><![CDATA[]]></system-err>
   </testsuite>
</testsuites>
