<?xml version="1.0" encoding="UTF-8"?>
<testsuites name="Admin - Logout" time="85.288" tests="1" failures="0" errors="0">
   <testsuite name="Admin - Logout" tests="1" failures="0" errors="0" time="85.288" timestamp="2020-05-15 14:15:47" hostname="rizkajuliant20 - DESKTOP-NHES7H6" id="Test Suites/Rizka/Admin - Logout">
      <properties>
         <property name="deviceName" value=""/>
         <property name="devicePlatform" value=""/>
         <property name="logFolder" value="D:\\MY WORLD\\WORKS (TUGAS)\\LearningManagementWeb\\Reports\\20200515_141535\\Rizka\\Admin - Logout\\20200515_141535"/>
         <property name="logFiles" value="D:\\MY WORLD\\WORKS (TUGAS)\\LearningManagementWeb\\Reports\\20200515_141535\\Rizka\\Admin - Logout\\20200515_141535\\execution0.log"/>
         <property name="attachments" value=""/>
         <property name="hostName" value="rizkajuliant20 - DESKTOP-NHES7H6"/>
         <property name="os" value="Windows 10 64bit"/>
         <property name="katalonVersion" value="7.2.1.1"/>
         <property name="browser" value="Chrome 81.0.4044.138"/>
         <property name="hostAddress" value="192.168.1.116"/>
         <property name="sessionId" value="9fdf7bb9b45678af5d3810851d9536da"/>
         <property name="seleniumVersion" value="3.141.59"/>
         <property name="proxyInformation" value="ProxyInformation{proxyOption=NO_PROXY, proxyServerType=HTTP, password=, proxyServerAddress=, proxyServerPort=0, executionList=}"/>
         <property name="platform" value="Windows 10"/>
      </properties>
      <testcase name="Test Cases/Rizka/Admin - Logout" time="83.153" classname="Test Cases/Rizka/Admin - Logout" status="PASSED">
         <system-out><![CDATA[2020-05-15 14:15:48 - [TEST_CASE][PASSED] - Test Cases/Rizka/Admin - Logout: Test Cases/Rizka/Admin - Logout

2020-05-15 14:15:49 - [TEST_STEP][PASSED] - openBrowser(""): Browser is opened with url: ''

2020-05-15 14:15:49 - [MESSAGE][INFO] - Starting 'Chrome' driver

2020-05-15 14:15:50 - [MESSAGE][INFO] - Action delay is set to 0 seconds

2020-05-15 14:15:58 - [MESSAGE][PASSED] - Browser is opened with url: ''

2020-05-15 14:15:58 - [TEST_STEP][PASSED] - navigateToUrl("https://appsrv1.deltadatamandiri.com/ACC_LMS_WEB/#/admNLmn"): Navigate to 'https://appsrv1.deltadatamandiri.com/ACC_LMS_WEB/#/admNLmn' successfully

2020-05-15 14:16:16 - [MESSAGE][PASSED] - Navigate to 'https://appsrv1.deltadatamandiri.com/ACC_LMS_WEB/#/admNLmn' successfully

2020-05-15 14:16:16 - [TEST_STEP][PASSED] - delay(5): Delayed 5 second(s)

2020-05-15 14:16:21 - [MESSAGE][PASSED] - Delayed 5 second(s)

2020-05-15 14:16:21 - [TEST_STEP][PASSED] - click(findTestObject("Rizka/Admin - Login/btnLogin")): Object: 'Object Repository/Rizka/Admin - Login/btnLogin' is clicked on

2020-05-15 14:16:23 - [MESSAGE][PASSED] - Object: 'Object Repository/Rizka/Admin - Login/btnLogin' is clicked on

2020-05-15 14:16:23 - [TEST_STEP][PASSED] - setText(findTestObject("Rizka/Admin - Login/txtUsername"), "11666"): Text '11666' is set on object 'Object Repository/Rizka/Admin - Login/txtUsername'

2020-05-15 14:16:24 - [MESSAGE][PASSED] - Text '11666' is set on object 'Object Repository/Rizka/Admin - Login/txtUsername'

2020-05-15 14:16:24 - [TEST_STEP][PASSED] - setText(findTestObject("Rizka/Admin - Login/txtPassword"), "Password3"): Text 'Password3' is set on object 'Object Repository/Rizka/Admin - Login/txtPassword'

2020-05-15 14:16:24 - [MESSAGE][PASSED] - Text 'Password3' is set on object 'Object Repository/Rizka/Admin - Login/txtPassword'

2020-05-15 14:16:24 - [TEST_STEP][PASSED] - click(findTestObject("Rizka/Admin - Login/btnEyePass")): Object: 'Object Repository/Rizka/Admin - Login/btnEyePass' is clicked on

2020-05-15 14:16:25 - [MESSAGE][PASSED] - Object: 'Object Repository/Rizka/Admin - Login/btnEyePass' is clicked on

2020-05-15 14:16:25 - [TEST_STEP][PASSED] - click(findTestObject("Rizka/Admin - Login/checkboxRememberMe")): Object: 'Object Repository/Rizka/Admin - Login/checkboxRememberMe' is clicked on

2020-05-15 14:16:26 - [MESSAGE][PASSED] - Object: 'Object Repository/Rizka/Admin - Login/checkboxRememberMe' is clicked on

2020-05-15 14:16:26 - [TEST_STEP][PASSED] - click(findTestObject("Rizka/Admin - Login/btnLogin2")): Object: 'Object Repository/Rizka/Admin - Login/btnLogin2' is clicked on

2020-05-15 14:16:26 - [MESSAGE][PASSED] - Object: 'Object Repository/Rizka/Admin - Login/btnLogin2' is clicked on

2020-05-15 14:16:26 - [TEST_STEP][PASSED] - delay(20): Delayed 20 second(s)

2020-05-15 14:16:46 - [MESSAGE][PASSED] - Delayed 20 second(s)

2020-05-15 14:16:46 - [TEST_STEP][PASSED] - click(findTestObject("Rizka/Admin - Logout/userImage")): Object: 'Object Repository/Rizka/Admin - Logout/userImage' is clicked on

2020-05-15 14:16:54 - [MESSAGE][PASSED] - Object: 'Object Repository/Rizka/Admin - Logout/userImage' is clicked on

2020-05-15 14:16:54 - [TEST_STEP][PASSED] - click(findTestObject("Rizka/Admin - Logout/btnLogout")): Object: 'Object Repository/Rizka/Admin - Logout/btnLogout' is clicked on

2020-05-15 14:16:55 - [MESSAGE][PASSED] - Object: 'Object Repository/Rizka/Admin - Logout/btnLogout' is clicked on

2020-05-15 14:16:55 - [TEST_STEP][PASSED] - delay(7): Delayed 7 second(s)

2020-05-15 14:17:02 - [MESSAGE][PASSED] - Delayed 7 second(s)

2020-05-15 14:17:02 - [TEST_STEP][PASSED] - if (condition == "passed"): Object 'Object Repository/Rizka/Admin - Logout/btnLogin' is visible

2020-05-15 14:17:02 - [TEST_STEP][PASSED] - verifyElementVisible(findTestObject("Rizka/Admin - Logout/btnLogin")): Object 'Object Repository/Rizka/Admin - Logout/btnLogin' is visible

2020-05-15 14:17:11 - [MESSAGE][PASSED] - Object 'Object Repository/Rizka/Admin - Logout/btnLogin' is visible]]></system-out>
         <system-err><![CDATA[]]></system-err>
      </testcase>
      <system-out><![CDATA[2020-05-15 14:15:47 - [TEST_SUITE][PASSED] - Admin - Logout: Test Cases/Rizka/Admin - Logout]]></system-out>
      <system-err><![CDATA[]]></system-err>
   </testsuite>
</testsuites>
