<?xml version="1.0" encoding="UTF-8"?>
<testsuites name="Admin - Manage Modules" time="97.472" tests="1" failures="0" errors="0">
   <testsuite name="Admin - Manage Modules" tests="1" failures="0" errors="0" time="97.472" timestamp="2020-05-27 12:54:26" hostname="rizkajuliant20 - DESKTOP-NHES7H6" id="Test Suites/Rizka/Admin/Admin - Manage Modules">
      <properties>
         <property name="deviceName" value=""/>
         <property name="devicePlatform" value=""/>
         <property name="logFolder" value="D:\\MY WORLD\\WORKS (TUGAS)\\LearningManagementWeb\\Reports\\20200527_125416\\Rizka\\Admin\\Admin - Manage Modules\\20200527_125416"/>
         <property name="logFiles" value="D:\\MY WORLD\\WORKS (TUGAS)\\LearningManagementWeb\\Reports\\20200527_125416\\Rizka\\Admin\\Admin - Manage Modules\\20200527_125416\\execution0.log"/>
         <property name="attachments" value=""/>
         <property name="hostName" value="rizkajuliant20 - DESKTOP-NHES7H6"/>
         <property name="os" value="Windows 10 64bit"/>
         <property name="katalonVersion" value="7.2.1.1"/>
         <property name="browser" value="Chrome 81.0.4044.138"/>
         <property name="hostAddress" value="192.168.1.116"/>
         <property name="sessionId" value="a0fe0b3b60213d370272fca102c2261d"/>
         <property name="seleniumVersion" value="3.141.59"/>
         <property name="proxyInformation" value="ProxyInformation{proxyOption=NO_PROXY, proxyServerType=HTTP, password=, proxyServerAddress=, proxyServerPort=0, executionList=}"/>
         <property name="platform" value="Windows 10"/>
      </properties>
      <testcase name="Test Cases/Rizka/Admin/Manage Modules/Admin - Manage Modules - Next Page" time="95.268" classname="Test Cases/Rizka/Admin/Manage Modules/Admin - Manage Modules - Next Page" status="PASSED">
         <system-out><![CDATA[2020-05-27 12:54:27 - [TEST_CASE][PASSED] - Test Cases/Rizka/Admin/Manage Modules/Admin - Manage Modules - Next Page: Test Cases/Rizka/Admin/Manage Modules/Admin - Manage Modules - Next Page

2020-05-27 12:54:28 - [TEST_STEP][PASSED] - callTestCase(findTestCase("Rizka/Admin/AdminMainLogin"), [:], STOP_ON_FAILURE): Call Test Case 'Test Cases/Rizka/Admin/AdminMainLogin' successfully

2020-05-27 12:54:28 - [TEST_CASE][PASSED] - Test Cases/Rizka/Admin/AdminMainLogin: Test Cases/Rizka/Admin/AdminMainLogin

2020-05-27 12:54:29 - [TEST_STEP][PASSED] - openBrowser("https://appsrv1.deltadatamandiri.com/ACC_LMS_WEB/#/admNLmn"): Browser is opened with url: 'https://appsrv1.deltadatamandiri.com/ACC_LMS_WEB/#/admNLmn'

2020-05-27 12:54:29 - [MESSAGE][INFO] - Starting 'Chrome' driver

2020-05-27 12:54:29 - [MESSAGE][INFO] - Action delay is set to 0 seconds

2020-05-27 12:55:04 - [MESSAGE][PASSED] - Browser is opened with url: 'https://appsrv1.deltadatamandiri.com/ACC_LMS_WEB/#/admNLmn'

2020-05-27 12:55:04 - [TEST_STEP][PASSED] - maximizeWindow(): Current window maximized

2020-05-27 12:55:05 - [MESSAGE][PASSED] - Current window maximized

2020-05-27 12:55:05 - [TEST_STEP][PASSED] - delay(5): Delayed 5 second(s)

2020-05-27 12:55:10 - [MESSAGE][PASSED] - Delayed 5 second(s)

2020-05-27 12:55:10 - [TEST_STEP][PASSED] - click(findTestObject("Rizka/Admin/Admin - Login/btnLogin")): Object: 'Object Repository/Rizka/Admin/Admin - Login/btnLogin' is clicked on

2020-05-27 12:55:12 - [MESSAGE][PASSED] - Object: 'Object Repository/Rizka/Admin/Admin - Login/btnLogin' is clicked on

2020-05-27 12:55:12 - [TEST_STEP][PASSED] - setText(findTestObject("Rizka/Admin/Admin - Login/txtUsername"), "11666"): Text '11666' is set on object 'Object Repository/Rizka/Admin/Admin - Login/txtUsername'

2020-05-27 12:55:13 - [MESSAGE][PASSED] - Text '11666' is set on object 'Object Repository/Rizka/Admin/Admin - Login/txtUsername'

2020-05-27 12:55:13 - [TEST_STEP][PASSED] - setText(findTestObject("Rizka/Admin/Admin - Login/txtPassword"), "Password3"): Text 'Password3' is set on object 'Object Repository/Rizka/Admin/Admin - Login/txtPassword'

2020-05-27 12:55:14 - [MESSAGE][PASSED] - Text 'Password3' is set on object 'Object Repository/Rizka/Admin/Admin - Login/txtPassword'

2020-05-27 12:55:14 - [TEST_STEP][PASSED] - click(findTestObject("Rizka/Admin/Admin - Login/btnEyePass")): Object: 'Object Repository/Rizka/Admin/Admin - Login/btnEyePass' is clicked on

2020-05-27 12:55:14 - [MESSAGE][PASSED] - Object: 'Object Repository/Rizka/Admin/Admin - Login/btnEyePass' is clicked on

2020-05-27 12:55:14 - [TEST_STEP][PASSED] - click(findTestObject("Rizka/Admin/Admin - Login/checkboxRememberMe")): Object: 'Object Repository/Rizka/Admin/Admin - Login/checkboxRememberMe' is clicked on

2020-05-27 12:55:15 - [MESSAGE][PASSED] - Object: 'Object Repository/Rizka/Admin/Admin - Login/checkboxRememberMe' is clicked on

2020-05-27 12:55:15 - [TEST_STEP][PASSED] - click(findTestObject("Rizka/Admin/Admin - Login/btnLogin2")): Object: 'Object Repository/Rizka/Admin/Admin - Login/btnLogin2' is clicked on

2020-05-27 12:55:16 - [MESSAGE][PASSED] - Object: 'Object Repository/Rizka/Admin/Admin - Login/btnLogin2' is clicked on

2020-05-27 12:55:16 - [TEST_STEP][PASSED] - delay(10): Delayed 10 second(s)

2020-05-27 12:55:26 - [MESSAGE][PASSED] - Delayed 10 second(s)

2020-05-27 12:55:26 - [MESSAGE][PASSED] - Call Test Case 'Test Cases/Rizka/Admin/AdminMainLogin' successfully

2020-05-27 12:55:26 - [TEST_STEP][PASSED] - click(findTestObject("Rizka/Admin/Admin - Manage Modules - Search/button_Modules")): Object: 'Object Repository/Rizka/Admin/Admin - Manage Modules - Search/button_Modules' is clicked on

2020-05-27 12:55:30 - [MESSAGE][PASSED] - Object: 'Object Repository/Rizka/Admin/Admin - Manage Modules - Search/button_Modules' is clicked on

2020-05-27 12:55:30 - [TEST_STEP][PASSED] - delay(3): Delayed 3 second(s)

2020-05-27 12:55:33 - [MESSAGE][PASSED] - Delayed 3 second(s)

2020-05-27 12:55:33 - [TEST_STEP][PASSED] - click(findTestObject("Rizka/Admin/Admin - Manage Modules - Search/a_Manage Modules")): Object: 'Object Repository/Rizka/Admin/Admin - Manage Modules - Search/a_Manage Modules' is clicked on

2020-05-27 12:55:34 - [MESSAGE][PASSED] - Object: 'Object Repository/Rizka/Admin/Admin - Manage Modules - Search/a_Manage Modules' is clicked on

2020-05-27 12:55:34 - [TEST_STEP][PASSED] - delay(3): Delayed 3 second(s)

2020-05-27 12:55:37 - [MESSAGE][PASSED] - Delayed 3 second(s)

2020-05-27 12:55:37 - [TEST_STEP][PASSED] - scrollToElement(findTestObject("Rizka/Admin/Admin - Manage Modules - Next Page/btnNextPage"), 0): Scroll to object 'Object Repository/Rizka/Admin/Admin - Manage Modules - Next Page/btnNextPage' successfully

2020-05-27 12:55:37 - [MESSAGE][WARNING] - Timeout '0' is invalid. Using default page load timeout: '30'

2020-05-27 12:55:53 - [MESSAGE][PASSED] - Scroll to object 'Object Repository/Rizka/Admin/Admin - Manage Modules - Next Page/btnNextPage' successfully

2020-05-27 12:55:53 - [TEST_STEP][PASSED] - delay(3): Delayed 3 second(s)

2020-05-27 12:55:56 - [MESSAGE][PASSED] - Delayed 3 second(s)

2020-05-27 12:55:56 - [TEST_STEP][PASSED] - click(findTestObject("Rizka/Admin/Admin - Manage Modules - Next Page/btnNextPage")): Object: 'Object Repository/Rizka/Admin/Admin - Manage Modules - Next Page/btnNextPage' is clicked on

2020-05-27 12:55:57 - [MESSAGE][PASSED] - Object: 'Object Repository/Rizka/Admin/Admin - Manage Modules - Next Page/btnNextPage' is clicked on

2020-05-27 12:55:57 - [TEST_STEP][PASSED] - verifyElementClickable(findTestObject("Rizka/Admin/Admin - Manage Modules - Next Page/btnPreviousPage")): Object 'Object Repository/Rizka/Admin/Admin - Manage Modules - Next Page/btnPreviousPage' is clickable

2020-05-27 12:56:02 - [MESSAGE][PASSED] - Object 'Object Repository/Rizka/Admin/Admin - Manage Modules - Next Page/btnPreviousPage' is clickable]]></system-out>
         <system-err><![CDATA[]]></system-err>
      </testcase>
      <system-out><![CDATA[2020-05-27 12:54:26 - [TEST_SUITE][PASSED] - Admin - Manage Modules: Test Cases/Rizka/Admin/Manage Modules/Admin - Manage Modules - Next Page]]></system-out>
      <system-err><![CDATA[]]></system-err>
   </testsuite>
</testsuites>
