<?xml version="1.0" encoding="UTF-8"?>
<testsuites name="User - Logout" time="105.473" tests="1" failures="0" errors="0">
   <testsuite name="User - Logout" tests="1" failures="0" errors="0" time="105.473" timestamp="2020-06-11 19:46:23" hostname="rizkajuliant20 - DESKTOP-NHES7H6" id="Test Suites/Denna/User - Logout">
      <properties>
         <property name="deviceName" value=""/>
         <property name="devicePlatform" value=""/>
         <property name="logFolder" value="D:\\MY WORLD\\WORKS (TUGAS)\\LearningManagementWeb\\Reports\\20200611_194600\\Denna\\User - Logout\\20200611_194600"/>
         <property name="logFiles" value="D:\\MY WORLD\\WORKS (TUGAS)\\LearningManagementWeb\\Reports\\20200611_194600\\Denna\\User - Logout\\20200611_194600\\execution0.log"/>
         <property name="attachments" value=""/>
         <property name="hostName" value="rizkajuliant20 - DESKTOP-NHES7H6"/>
         <property name="os" value="Windows 10 64bit"/>
         <property name="katalonVersion" value="7.2.1.1"/>
         <property name="browser" value="Chrome 83.0.4103.97"/>
         <property name="hostAddress" value="192.168.1.116"/>
         <property name="sessionId" value="38132cd7a11b145046135b338c0247be"/>
         <property name="seleniumVersion" value="3.141.59"/>
         <property name="proxyInformation" value="ProxyInformation{proxyOption=NO_PROXY, proxyServerType=HTTP, password=, proxyServerAddress=, proxyServerPort=0, executionList=}"/>
         <property name="platform" value="Windows 10"/>
      </properties>
      <testcase name="Test Cases/Denna/User - Logout" time="104.106" classname="Test Cases/Denna/User - Logout" status="PASSED">
         <system-out><![CDATA[2020-06-11 19:46:24 - [TEST_CASE][PASSED] - Test Cases/Denna/User - Logout: Test Cases/Denna/User - Logout

2020-06-11 19:46:26 - [TEST_STEP][PASSED] - callTestCase(findTestCase("Denna/Login(User)"), [:], STOP_ON_FAILURE): Call Test Case 'Test Cases/Denna/Login(User)' successfully

2020-06-11 19:46:26 - [TEST_CASE][PASSED] - Test Cases/Denna/Login(User): Test Cases/Denna/Login(User)

2020-06-11 19:46:27 - [TEST_STEP][PASSED] - openBrowser("https://appsrv1.deltadatamandiri.com/ACC_LMS_WEB/#/Main?redirectTo=onlineLearning"): Browser is opened with url: 'https://appsrv1.deltadatamandiri.com/ACC_LMS_WEB/#/Main?redirectTo=onlineLearning'

2020-06-11 19:46:28 - [MESSAGE][INFO] - Starting 'Chrome' driver

2020-06-11 19:46:28 - [MESSAGE][INFO] - Action delay is set to 0 seconds

2020-06-11 19:47:06 - [MESSAGE][PASSED] - Browser is opened with url: 'https://appsrv1.deltadatamandiri.com/ACC_LMS_WEB/#/Main?redirectTo=onlineLearning'

2020-06-11 19:47:06 - [TEST_STEP][PASSED] - maximizeWindow(): Current window maximized

2020-06-11 19:47:08 - [MESSAGE][PASSED] - Current window maximized

2020-06-11 19:47:08 - [TEST_STEP][PASSED] - click(findTestObject("Denna/User-Login/button login")): Object: 'Object Repository/Denna/User-Login/button login' is clicked on

2020-06-11 19:47:13 - [MESSAGE][PASSED] - Object: 'Object Repository/Denna/User-Login/button login' is clicked on

2020-06-11 19:47:13 - [TEST_STEP][PASSED] - setText(findTestObject("Denna/User-Login/input NPK username"), "06677"): Text '06677' is set on object 'Object Repository/Denna/User-Login/input NPK username'

2020-06-11 19:47:14 - [MESSAGE][PASSED] - Text '06677' is set on object 'Object Repository/Denna/User-Login/input NPK username'

2020-06-11 19:47:14 - [TEST_STEP][PASSED] - setText(findTestObject("Denna/User-Login/inputPassword"), "#@ccPerfect2o19#"): Text '#@ccPerfect2o19#' is set on object 'Object Repository/Denna/User-Login/inputPassword'

2020-06-11 19:47:15 - [MESSAGE][PASSED] - Text '#@ccPerfect2o19#' is set on object 'Object Repository/Denna/User-Login/inputPassword'

2020-06-11 19:47:15 - [TEST_STEP][PASSED] - click(findTestObject("Denna/User-Login/button login 1 masuk")): Object: 'Object Repository/Denna/User-Login/button login 1 masuk' is clicked on

2020-06-11 19:47:15 - [MESSAGE][PASSED] - Object: 'Object Repository/Denna/User-Login/button login 1 masuk' is clicked on

2020-06-11 19:47:15 - [TEST_STEP][PASSED] - verifyElementVisible(findTestObject("Denna/User-Login/button_My Learning IconMy Learning")): Object 'Object Repository/Denna/User-Login/button_My Learning IconMy Learning' is visible

2020-06-11 19:47:26 - [MESSAGE][PASSED] - Object 'Object Repository/Denna/User-Login/button_My Learning IconMy Learning' is visible

2020-06-11 19:47:26 - [MESSAGE][PASSED] - Call Test Case 'Test Cases/Denna/Login(User)' successfully

2020-06-11 19:47:26 - [TEST_STEP][PASSED] - click(findTestObject("Object Repository/Denna/User - Logout/icon Photo Profile")): Object: 'Object Repository/Denna/User - Logout/icon Photo Profile' is clicked on

2020-06-11 19:47:40 - [MESSAGE][PASSED] - Object: 'Object Repository/Denna/User - Logout/icon Photo Profile' is clicked on

2020-06-11 19:47:40 - [TEST_STEP][PASSED] - click(findTestObject("Rizka/Admin/Admin - Logout/logout_v2")): Object: 'Object Repository/Rizka/Admin/Admin - Logout/logout_v2' is clicked on

2020-06-11 19:47:52 - [MESSAGE][PASSED] - Object: 'Object Repository/Rizka/Admin/Admin - Logout/logout_v2' is clicked on

2020-06-11 19:47:52 - [TEST_STEP][PASSED] - delay(15): Delayed 15 second(s)

2020-06-11 19:48:07 - [MESSAGE][PASSED] - Delayed 15 second(s)

2020-06-11 19:48:07 - [TEST_STEP][PASSED] - verifyElementVisible(findTestObject("Rizka/Admin/Admin - Login/btnLogin")): Object 'Object Repository/Rizka/Admin/Admin - Login/btnLogin' is visible

2020-06-11 19:48:07 - [MESSAGE][PASSED] - Object 'Object Repository/Rizka/Admin/Admin - Login/btnLogin' is visible

2020-06-11 19:48:07 - [TEST_STEP][PASSED] - closeBrowser(): Browser is closed

2020-06-11 19:48:08 - [MESSAGE][PASSED] - Browser is closed]]></system-out>
         <system-err><![CDATA[]]></system-err>
      </testcase>
      <system-out><![CDATA[2020-06-11 19:46:23 - [TEST_SUITE][PASSED] - User - Logout: Test Cases/Denna/User - Logout]]></system-out>
      <system-err><![CDATA[]]></system-err>
   </testsuite>
</testsuites>
