<?xml version="1.0" encoding="UTF-8"?>
<testsuites name="Online Learning" time="139.45" tests="2" failures="1" errors="0">
   <testsuite name="Online Learning" tests="2" failures="1" errors="0" time="139.45" timestamp="2020-06-08 13:27:22" hostname="ASUS - LAPTOP-D0TPACJ1" id="Test Suites/Christi/Online Learning">
      <properties>
         <property name="deviceName" value=""/>
         <property name="devicePlatform" value=""/>
         <property name="logFolder" value="C:\\Users\\ASUS\\git\\LearningManagementWeb\\Reports\\20200608_132704\\Christi\\Online Learning\\20200608_132704"/>
         <property name="logFiles" value="C:\\Users\\ASUS\\git\\LearningManagementWeb\\Reports\\20200608_132704\\Christi\\Online Learning\\20200608_132704\\execution0.log"/>
         <property name="attachments" value="C:\\Users\\ASUS\\git\\LearningManagementWeb\\Reports\\20200608_132704\\Christi\\Online Learning\\20200608_132704\\1591597710076.png"/>
         <property name="hostName" value="ASUS - LAPTOP-D0TPACJ1"/>
         <property name="os" value="Windows 10 64bit"/>
         <property name="katalonVersion" value="7.0.10.1"/>
         <property name="browser" value="Chrome 83.0.4103.61"/>
         <property name="hostAddress" value="192.168.100.227"/>
         <property name="sessionId" value="d327738fcf29fe95dd2649c25d5cde50"/>
         <property name="seleniumVersion" value="3.141.59"/>
         <property name="proxyInformation" value="ProxyInformation{proxyOption=NO_PROXY, proxyServerType=HTTP, password=, proxyServerAddress=, proxyServerPort=0}"/>
         <property name="platform" value="Windows 10"/>
      </properties>
      <testcase name="Test Cases/Christi/User/Online Learning - Search" time="67.756" classname="Test Cases/Christi/User/Online Learning - Search" status="FAILED">
         <failure type="FAILED" message="Test Cases/Christi/User/Online Learning - Search FAILED.
Reason:
com.kms.katalon.core.exception.StepFailedException: Unable to click on object 'Object Repository/Christi/Page_Homepage/i_My Learning Icon_app-icon wi wi-menu fa-lg'
	at com.kms.katalon.core.webui.keyword.internal.WebUIKeywordMain.stepFailed(WebUIKeywordMain.groovy:64)
	at com.kms.katalon.core.webui.keyword.internal.WebUIKeywordMain.runKeyword(WebUIKeywordMain.groovy:26)
	at com.kms.katalon.core.webui.keyword.builtin.ClickKeyword.click(ClickKeyword.groovy:99)
	at com.kms.katalon.core.webui.keyword.builtin.ClickKeyword.execute(ClickKeyword.groovy:43)
	at com.kms.katalon.core.keyword.internal.KeywordExecutor.executeKeywordForPlatform(KeywordExecutor.groovy:60)
	at com.kms.katalon.core.webui.keyword.WebUiBuiltInKeywords.click(WebUiBuiltInKeywords.groovy:616)
	at com.kms.katalon.core.webui.keyword.WebUiBuiltInKeywords$click$1.call(Unknown Source)
	at Online Learning - Search.run(Online Learning - Search:20)
	at com.kms.katalon.core.main.ScriptEngine.run(ScriptEngine.java:194)
	at com.kms.katalon.core.main.ScriptEngine.runScriptAsRawText(ScriptEngine.java:119)
	at com.kms.katalon.core.main.TestCaseExecutor.runScript(TestCaseExecutor.java:337)
	at com.kms.katalon.core.main.TestCaseExecutor.doExecute(TestCaseExecutor.java:328)
	at com.kms.katalon.core.main.TestCaseExecutor.processExecutionPhase(TestCaseExecutor.java:307)
	at com.kms.katalon.core.main.TestCaseExecutor.accessMainPhase(TestCaseExecutor.java:299)
	at com.kms.katalon.core.main.TestCaseExecutor.execute(TestCaseExecutor.java:233)
	at com.kms.katalon.core.main.TestSuiteExecutor.accessTestCaseMainPhase(TestSuiteExecutor.java:169)
	at com.kms.katalon.core.main.TestSuiteExecutor.accessTestSuiteMainPhase(TestSuiteExecutor.java:142)
	at com.kms.katalon.core.main.TestSuiteExecutor.execute(TestSuiteExecutor.java:91)
	at com.kms.katalon.core.main.TestCaseMain.startTestSuite(TestCaseMain.java:157)
	at com.kms.katalon.core.main.TestCaseMain$startTestSuite$0.call(Unknown Source)
	at TempTestSuite1591597624466.run(TempTestSuite1591597624466.groovy:36)
Caused by: com.kms.katalon.core.webui.exception.WebElementNotFoundException: Web element with id: 'Object Repository/Christi/Page_Homepage/i_My Learning Icon_app-icon wi wi-menu fa-lg' located by 'By.xpath: //div[@id='menu1']/button/i' not found
	at com.kms.katalon.core.webui.common.WebUiCommonHelper.findWebElement(WebUiCommonHelper.java:1113)
	at com.kms.katalon.core.webui.keyword.internal.WebUIAbstractKeyword.findWebElement(WebUIAbstractKeyword.groovy:27)
	at com.kms.katalon.core.webui.keyword.internal.WebUIAbstractKeyword.findWebElement(WebUIAbstractKeyword.groovy:26)
	at com.kms.katalon.core.webui.keyword.builtin.ClickKeyword$_click_closure1.doCall(ClickKeyword.groovy:68)
	at com.kms.katalon.core.webui.keyword.builtin.ClickKeyword$_click_closure1.call(ClickKeyword.groovy)
	at com.kms.katalon.core.webui.keyword.internal.WebUIKeywordMain.runKeyword(WebUIKeywordMain.groovy:20)
	... 19 more
"/>
         <system-out><![CDATA[2020-06-08 13:27:22 - [TEST_CASE][FAILED] - Test Cases/Christi/User/Online Learning - Search: Test Cases/Christi/User/Online Learning - Search FAILED.
Reason:
com.kms.katalon.core.exception.StepFailedException: Unable to click on object 'Object Repository/Christi/Page_Homepage/i_My Learning Icon_app-icon wi wi-menu fa-lg'
	at com.kms.katalon.core.webui.keyword.internal.WebUIKeywordMain.stepFailed(WebUIKeywordMain.groovy:64)
	at com.kms.katalon.core.webui.keyword.internal.WebUIKeywordMain.runKeyword(WebUIKeywordMain.groovy:26)
	at com.kms.katalon.core.webui.keyword.builtin.ClickKeyword.click(ClickKeyword.groovy:99)
	at com.kms.katalon.core.webui.keyword.builtin.ClickKeyword.execute(ClickKeyword.groovy:43)
	at com.kms.katalon.core.keyword.internal.KeywordExecutor.executeKeywordForPlatform(KeywordExecutor.groovy:60)
	at com.kms.katalon.core.webui.keyword.WebUiBuiltInKeywords.click(WebUiBuiltInKeywords.groovy:616)
	at com.kms.katalon.core.webui.keyword.WebUiBuiltInKeywords$click$1.call(Unknown Source)
	at Online Learning - Search.run(Online Learning - Search:20)
	at com.kms.katalon.core.main.ScriptEngine.run(ScriptEngine.java:194)
	at com.kms.katalon.core.main.ScriptEngine.runScriptAsRawText(ScriptEngine.java:119)
	at com.kms.katalon.core.main.TestCaseExecutor.runScript(TestCaseExecutor.java:337)
	at com.kms.katalon.core.main.TestCaseExecutor.doExecute(TestCaseExecutor.java:328)
	at com.kms.katalon.core.main.TestCaseExecutor.processExecutionPhase(TestCaseExecutor.java:307)
	at com.kms.katalon.core.main.TestCaseExecutor.accessMainPhase(TestCaseExecutor.java:299)
	at com.kms.katalon.core.main.TestCaseExecutor.execute(TestCaseExecutor.java:233)
	at com.kms.katalon.core.main.TestSuiteExecutor.accessTestCaseMainPhase(TestSuiteExecutor.java:169)
	at com.kms.katalon.core.main.TestSuiteExecutor.accessTestSuiteMainPhase(TestSuiteExecutor.java:142)
	at com.kms.katalon.core.main.TestSuiteExecutor.execute(TestSuiteExecutor.java:91)
	at com.kms.katalon.core.main.TestCaseMain.startTestSuite(TestCaseMain.java:157)
	at com.kms.katalon.core.main.TestCaseMain$startTestSuite$0.call(Unknown Source)
	at TempTestSuite1591597624466.run(TempTestSuite1591597624466.groovy:36)
Caused by: com.kms.katalon.core.webui.exception.WebElementNotFoundException: Web element with id: 'Object Repository/Christi/Page_Homepage/i_My Learning Icon_app-icon wi wi-menu fa-lg' located by 'By.xpath: //div[@id='menu1']/button/i' not found
	at com.kms.katalon.core.webui.common.WebUiCommonHelper.findWebElement(WebUiCommonHelper.java:1113)
	at com.kms.katalon.core.webui.keyword.internal.WebUIAbstractKeyword.findWebElement(WebUIAbstractKeyword.groovy:27)
	at com.kms.katalon.core.webui.keyword.internal.WebUIAbstractKeyword.findWebElement(WebUIAbstractKeyword.groovy:26)
	at com.kms.katalon.core.webui.keyword.builtin.ClickKeyword$_click_closure1.doCall(ClickKeyword.groovy:68)
	at com.kms.katalon.core.webui.keyword.builtin.ClickKeyword$_click_closure1.call(ClickKeyword.groovy)
	at com.kms.katalon.core.webui.keyword.internal.WebUIKeywordMain.runKeyword(WebUIKeywordMain.groovy:20)
	... 19 more


2020-06-08 13:27:23 - [TEST_STEP][PASSED] - callTestCase(findTestCase("Christi/User/user login"), ["username":"14426", "password":"Password2"], STOP_ON_FAILURE): Call Test Case 'Test Cases/Christi/User/user login' successfully

2020-06-08 13:27:24 - [TEST_CASE][PASSED] - Test Cases/Christi/User/user login: Test Cases/Christi/User/user login

2020-06-08 13:27:24 - [TEST_STEP][PASSED] - openBrowser(""): Browser is opened with url: ''

2020-06-08 13:27:25 - [MESSAGE][INFO] - Starting 'Chrome' driver

2020-06-08 13:27:25 - [MESSAGE][INFO] - Action delay is set to 0 seconds

2020-06-08 13:27:32 - [MESSAGE][PASSED] - Browser is opened with url: ''

2020-06-08 13:27:32 - [TEST_STEP][PASSED] - navigateToUrl("https://appsrv1.deltadatamandiri.com/ACC_LMS_WEB/#/Main"): Navigate to 'https://appsrv1.deltadatamandiri.com/ACC_LMS_WEB/#/Main' successfully

2020-06-08 13:27:40 - [MESSAGE][PASSED] - Navigate to 'https://appsrv1.deltadatamandiri.com/ACC_LMS_WEB/#/Main' successfully

2020-06-08 13:27:40 - [TEST_STEP][PASSED] - click(findTestObject("Object Repository/Christi/Page_Main/span_login")): Object: 'Object Repository/Christi/Page_Main/span_login' is clicked on

2020-06-08 13:27:48 - [MESSAGE][PASSED] - Object: 'Object Repository/Christi/Page_Main/span_login' is clicked on

2020-06-08 13:27:48 - [TEST_STEP][PASSED] - delay(3): Delayed 3 second(s)

2020-06-08 13:27:51 - [MESSAGE][PASSED] - Delayed 3 second(s)

2020-06-08 13:27:51 - [TEST_STEP][PASSED] - setText(findTestObject("Object Repository/Christi/Page_Main/input_NPK_username"), username): Text '14426' is set on object 'Object Repository/Christi/Page_Main/input_NPK_username'

2020-06-08 13:27:52 - [MESSAGE][PASSED] - Text '14426' is set on object 'Object Repository/Christi/Page_Main/input_NPK_username'

2020-06-08 13:27:52 - [TEST_STEP][PASSED] - setText(findTestObject("Object Repository/Christi/Page_Main/input_Password_password"), password): Text 'Password2' is set on object 'Object Repository/Christi/Page_Main/input_Password_password'

2020-06-08 13:27:53 - [MESSAGE][PASSED] - Text 'Password2' is set on object 'Object Repository/Christi/Page_Main/input_Password_password'

2020-06-08 13:27:53 - [TEST_STEP][PASSED] - click(findTestObject("Object Repository/Christi/Page_Main/span_Remember me")): Object: 'Object Repository/Christi/Page_Main/span_Remember me' is clicked on

2020-06-08 13:27:53 - [MESSAGE][PASSED] - Object: 'Object Repository/Christi/Page_Main/span_Remember me' is clicked on

2020-06-08 13:27:53 - [TEST_STEP][PASSED] - click(findTestObject("Object Repository/Christi/Page_Main/span_login_1")): Object: 'Object Repository/Christi/Page_Main/span_login_1' is clicked on

2020-06-08 13:27:54 - [MESSAGE][PASSED] - Object: 'Object Repository/Christi/Page_Main/span_login_1' is clicked on

2020-06-08 13:27:54 - [TEST_STEP][PASSED] - delay(5): Delayed 5 second(s)

2020-06-08 13:27:59 - [MESSAGE][PASSED] - Delayed 5 second(s)

2020-06-08 13:27:59 - [MESSAGE][PASSED] - Call Test Case 'Test Cases/Christi/User/user login' successfully

2020-06-08 13:27:59 - [TEST_STEP][FAILED] - click(findTestObject("Christi/Page_Homepage/i_My Learning Icon_app-icon wi wi-menu fa-lg")): Unable to click on object 'Object Repository/Christi/Page_Homepage/i_My Learning Icon_app-icon wi wi-menu fa-lg' (Root cause: com.kms.katalon.core.exception.StepFailedException: Unable to click on object 'Object Repository/Christi/Page_Homepage/i_My Learning Icon_app-icon wi wi-menu fa-lg'
	at com.kms.katalon.core.webui.keyword.internal.WebUIKeywordMain.stepFailed(WebUIKeywordMain.groovy:64)
	at com.kms.katalon.core.webui.keyword.internal.WebUIKeywordMain.runKeyword(WebUIKeywordMain.groovy:26)
	at com.kms.katalon.core.webui.keyword.builtin.ClickKeyword.click(ClickKeyword.groovy:99)
	at com.kms.katalon.core.webui.keyword.builtin.ClickKeyword.execute(ClickKeyword.groovy:43)
	at com.kms.katalon.core.keyword.internal.KeywordExecutor.executeKeywordForPlatform(KeywordExecutor.groovy:60)
	at com.kms.katalon.core.webui.keyword.WebUiBuiltInKeywords.click(WebUiBuiltInKeywords.groovy:616)
	at com.kms.katalon.core.webui.keyword.WebUiBuiltInKeywords$click$1.call(Unknown Source)
	at Online Learning - Search.run(Online Learning - Search:20)
	at com.kms.katalon.core.main.ScriptEngine.run(ScriptEngine.java:194)
	at com.kms.katalon.core.main.ScriptEngine.runScriptAsRawText(ScriptEngine.java:119)
	at com.kms.katalon.core.main.TestCaseExecutor.runScript(TestCaseExecutor.java:337)
	at com.kms.katalon.core.main.TestCaseExecutor.doExecute(TestCaseExecutor.java:328)
	at com.kms.katalon.core.main.TestCaseExecutor.processExecutionPhase(TestCaseExecutor.java:307)
	at com.kms.katalon.core.main.TestCaseExecutor.accessMainPhase(TestCaseExecutor.java:299)
	at com.kms.katalon.core.main.TestCaseExecutor.execute(TestCaseExecutor.java:233)
	at com.kms.katalon.core.main.TestSuiteExecutor.accessTestCaseMainPhase(TestSuiteExecutor.java:169)
	at com.kms.katalon.core.main.TestSuiteExecutor.accessTestSuiteMainPhase(TestSuiteExecutor.java:142)
	at com.kms.katalon.core.main.TestSuiteExecutor.execute(TestSuiteExecutor.java:91)
	at com.kms.katalon.core.main.TestCaseMain.startTestSuite(TestCaseMain.java:157)
	at com.kms.katalon.core.main.TestCaseMain$startTestSuite$0.call(Unknown Source)
	at TempTestSuite1591597624466.run(TempTestSuite1591597624466.groovy:36)
Caused by: com.kms.katalon.core.webui.exception.WebElementNotFoundException: Web element with id: 'Object Repository/Christi/Page_Homepage/i_My Learning Icon_app-icon wi wi-menu fa-lg' located by 'By.xpath: //div[@id='menu1']/button/i' not found
	at com.kms.katalon.core.webui.common.WebUiCommonHelper.findWebElement(WebUiCommonHelper.java:1113)
	at com.kms.katalon.core.webui.keyword.internal.WebUIAbstractKeyword.findWebElement(WebUIAbstractKeyword.groovy:27)
	at com.kms.katalon.core.webui.keyword.internal.WebUIAbstractKeyword.findWebElement(WebUIAbstractKeyword.groovy:26)
	at com.kms.katalon.core.webui.keyword.builtin.ClickKeyword$_click_closure1.doCall(ClickKeyword.groovy:68)
	at com.kms.katalon.core.webui.keyword.builtin.ClickKeyword$_click_closure1.call(ClickKeyword.groovy)
	at com.kms.katalon.core.webui.keyword.internal.WebUIKeywordMain.runKeyword(WebUIKeywordMain.groovy:20)
	at com.kms.katalon.core.webui.keyword.builtin.ClickKeyword.click(ClickKeyword.groovy:99)
	at com.kms.katalon.core.webui.keyword.builtin.ClickKeyword.execute(ClickKeyword.groovy:43)
	at com.kms.katalon.core.keyword.internal.KeywordExecutor.executeKeywordForPlatform(KeywordExecutor.groovy:60)
	at com.kms.katalon.core.webui.keyword.WebUiBuiltInKeywords.click(WebUiBuiltInKeywords.groovy:616)
	at com.kms.katalon.core.webui.keyword.WebUiBuiltInKeywords$click$1.call(Unknown Source)
	at Script1589340452370.run(Script1589340452370.groovy:20)
	... 13 more
)

2020-06-08 13:28:30 - [MESSAGE][INFO] - Unable to find the element located by 'By.xpath: //div[@id='menu1']/button/i'. Please recheck the objects properties to make sure the desired element is located. 

2020-06-08 13:28:30 - [MESSAGE][FAILED] - Unable to click on object 'Object Repository/Christi/Page_Homepage/i_My Learning Icon_app-icon wi wi-menu fa-lg' (Root cause: com.kms.katalon.core.exception.StepFailedException: Unable to click on object 'Object Repository/Christi/Page_Homepage/i_My Learning Icon_app-icon wi wi-menu fa-lg'
	at com.kms.katalon.core.webui.keyword.internal.WebUIKeywordMain.stepFailed(WebUIKeywordMain.groovy:64)
	at com.kms.katalon.core.webui.keyword.internal.WebUIKeywordMain.runKeyword(WebUIKeywordMain.groovy:26)
	at com.kms.katalon.core.webui.keyword.builtin.ClickKeyword.click(ClickKeyword.groovy:99)
	at com.kms.katalon.core.webui.keyword.builtin.ClickKeyword.execute(ClickKeyword.groovy:43)
	at com.kms.katalon.core.keyword.internal.KeywordExecutor.executeKeywordForPlatform(KeywordExecutor.groovy:60)
	at com.kms.katalon.core.webui.keyword.WebUiBuiltInKeywords.click(WebUiBuiltInKeywords.groovy:616)
	at com.kms.katalon.core.webui.keyword.WebUiBuiltInKeywords$click$1.call(Unknown Source)
	at Online Learning - Search.run(Online Learning - Search:20)
	at com.kms.katalon.core.main.ScriptEngine.run(ScriptEngine.java:194)
	at com.kms.katalon.core.main.ScriptEngine.runScriptAsRawText(ScriptEngine.java:119)
	at com.kms.katalon.core.main.TestCaseExecutor.runScript(TestCaseExecutor.java:337)
	at com.kms.katalon.core.main.TestCaseExecutor.doExecute(TestCaseExecutor.java:328)
	at com.kms.katalon.core.main.TestCaseExecutor.processExecutionPhase(TestCaseExecutor.java:307)
	at com.kms.katalon.core.main.TestCaseExecutor.accessMainPhase(TestCaseExecutor.java:299)
	at com.kms.katalon.core.main.TestCaseExecutor.execute(TestCaseExecutor.java:233)
	at com.kms.katalon.core.main.TestSuiteExecutor.accessTestCaseMainPhase(TestSuiteExecutor.java:169)
	at com.kms.katalon.core.main.TestSuiteExecutor.accessTestSuiteMainPhase(TestSuiteExecutor.java:142)
	at com.kms.katalon.core.main.TestSuiteExecutor.execute(TestSuiteExecutor.java:91)
	at com.kms.katalon.core.main.TestCaseMain.startTestSuite(TestCaseMain.java:157)
	at com.kms.katalon.core.main.TestCaseMain$startTestSuite$0.call(Unknown Source)
	at TempTestSuite1591597624466.run(TempTestSuite1591597624466.groovy:36)
Caused by: com.kms.katalon.core.webui.exception.WebElementNotFoundException: Web element with id: 'Object Repository/Christi/Page_Homepage/i_My Learning Icon_app-icon wi wi-menu fa-lg' located by 'By.xpath: //div[@id='menu1']/button/i' not found
	at com.kms.katalon.core.webui.common.WebUiCommonHelper.findWebElement(WebUiCommonHelper.java:1113)
	at com.kms.katalon.core.webui.keyword.internal.WebUIAbstractKeyword.findWebElement(WebUIAbstractKeyword.groovy:27)
	at com.kms.katalon.core.webui.keyword.internal.WebUIAbstractKeyword.findWebElement(WebUIAbstractKeyword.groovy:26)
	at com.kms.katalon.core.webui.keyword.builtin.ClickKeyword$_click_closure1.doCall(ClickKeyword.groovy:68)
	at com.kms.katalon.core.webui.keyword.builtin.ClickKeyword$_click_closure1.call(ClickKeyword.groovy)
	at com.kms.katalon.core.webui.keyword.internal.WebUIKeywordMain.runKeyword(WebUIKeywordMain.groovy:20)
	at com.kms.katalon.core.webui.keyword.builtin.ClickKeyword.click(ClickKeyword.groovy:99)
	at com.kms.katalon.core.webui.keyword.builtin.ClickKeyword.execute(ClickKeyword.groovy:43)
	at com.kms.katalon.core.keyword.internal.KeywordExecutor.executeKeywordForPlatform(KeywordExecutor.groovy:60)
	at com.kms.katalon.core.webui.keyword.WebUiBuiltInKeywords.click(WebUiBuiltInKeywords.groovy:616)
	at com.kms.katalon.core.webui.keyword.WebUiBuiltInKeywords$click$1.call(Unknown Source)
	at Script1589340452370.run(Script1589340452370.groovy:20)
	... 13 more
)
[[ATTACHMENT|C:\\Users\\ASUS\\git\\LearningManagementWeb\\Reports\\20200608_132704\\Christi\\Online Learning\\20200608_132704\\1591597710076.png]]]]></system-out>
         <system-err><![CDATA[2020-06-08 13:27:22 - [TEST_CASE][FAILED] - Test Cases/Christi/User/Online Learning - Search: Test Cases/Christi/User/Online Learning - Search FAILED.
Reason:
com.kms.katalon.core.exception.StepFailedException: Unable to click on object 'Object Repository/Christi/Page_Homepage/i_My Learning Icon_app-icon wi wi-menu fa-lg'
	at com.kms.katalon.core.webui.keyword.internal.WebUIKeywordMain.stepFailed(WebUIKeywordMain.groovy:64)
	at com.kms.katalon.core.webui.keyword.internal.WebUIKeywordMain.runKeyword(WebUIKeywordMain.groovy:26)
	at com.kms.katalon.core.webui.keyword.builtin.ClickKeyword.click(ClickKeyword.groovy:99)
	at com.kms.katalon.core.webui.keyword.builtin.ClickKeyword.execute(ClickKeyword.groovy:43)
	at com.kms.katalon.core.keyword.internal.KeywordExecutor.executeKeywordForPlatform(KeywordExecutor.groovy:60)
	at com.kms.katalon.core.webui.keyword.WebUiBuiltInKeywords.click(WebUiBuiltInKeywords.groovy:616)
	at com.kms.katalon.core.webui.keyword.WebUiBuiltInKeywords$click$1.call(Unknown Source)
	at Online Learning - Search.run(Online Learning - Search:20)
	at com.kms.katalon.core.main.ScriptEngine.run(ScriptEngine.java:194)
	at com.kms.katalon.core.main.ScriptEngine.runScriptAsRawText(ScriptEngine.java:119)
	at com.kms.katalon.core.main.TestCaseExecutor.runScript(TestCaseExecutor.java:337)
	at com.kms.katalon.core.main.TestCaseExecutor.doExecute(TestCaseExecutor.java:328)
	at com.kms.katalon.core.main.TestCaseExecutor.processExecutionPhase(TestCaseExecutor.java:307)
	at com.kms.katalon.core.main.TestCaseExecutor.accessMainPhase(TestCaseExecutor.java:299)
	at com.kms.katalon.core.main.TestCaseExecutor.execute(TestCaseExecutor.java:233)
	at com.kms.katalon.core.main.TestSuiteExecutor.accessTestCaseMainPhase(TestSuiteExecutor.java:169)
	at com.kms.katalon.core.main.TestSuiteExecutor.accessTestSuiteMainPhase(TestSuiteExecutor.java:142)
	at com.kms.katalon.core.main.TestSuiteExecutor.execute(TestSuiteExecutor.java:91)
	at com.kms.katalon.core.main.TestCaseMain.startTestSuite(TestCaseMain.java:157)
	at com.kms.katalon.core.main.TestCaseMain$startTestSuite$0.call(Unknown Source)
	at TempTestSuite1591597624466.run(TempTestSuite1591597624466.groovy:36)
Caused by: com.kms.katalon.core.webui.exception.WebElementNotFoundException: Web element with id: 'Object Repository/Christi/Page_Homepage/i_My Learning Icon_app-icon wi wi-menu fa-lg' located by 'By.xpath: //div[@id='menu1']/button/i' not found
	at com.kms.katalon.core.webui.common.WebUiCommonHelper.findWebElement(WebUiCommonHelper.java:1113)
	at com.kms.katalon.core.webui.keyword.internal.WebUIAbstractKeyword.findWebElement(WebUIAbstractKeyword.groovy:27)
	at com.kms.katalon.core.webui.keyword.internal.WebUIAbstractKeyword.findWebElement(WebUIAbstractKeyword.groovy:26)
	at com.kms.katalon.core.webui.keyword.builtin.ClickKeyword$_click_closure1.doCall(ClickKeyword.groovy:68)
	at com.kms.katalon.core.webui.keyword.builtin.ClickKeyword$_click_closure1.call(ClickKeyword.groovy)
	at com.kms.katalon.core.webui.keyword.internal.WebUIKeywordMain.runKeyword(WebUIKeywordMain.groovy:20)
	... 19 more]]></system-err>
      </testcase>
      <testcase name="Test Cases/Christi/User/Online Learning - Search" time="70.716" classname="Test Cases/Christi/User/Online Learning - Search" status="PASSED">
         <system-out><![CDATA[2020-06-08 13:28:30 - [TEST_CASE][PASSED] - Test Cases/Christi/User/Online Learning - Search: Test Cases/Christi/User/Online Learning - Search

2020-06-08 13:28:30 - [TEST_STEP][PASSED] - callTestCase(findTestCase("Christi/User/user login"), ["username":"14426", "password":"Password2"], STOP_ON_FAILURE): Call Test Case 'Test Cases/Christi/User/user login' successfully

2020-06-08 13:28:30 - [TEST_CASE][PASSED] - Test Cases/Christi/User/user login: Test Cases/Christi/User/user login

2020-06-08 13:28:30 - [TEST_STEP][PASSED] - openBrowser(""): Browser is opened with url: ''

2020-06-08 13:28:30 - [MESSAGE][WARNING] - A browser is already opened. Closing browser and opening a new one

2020-06-08 13:28:31 - [MESSAGE][INFO] - Starting 'Chrome' driver

2020-06-08 13:28:34 - [MESSAGE][PASSED] - Browser is opened with url: ''

2020-06-08 13:28:34 - [TEST_STEP][PASSED] - navigateToUrl("https://appsrv1.deltadatamandiri.com/ACC_LMS_WEB/#/Main"): Navigate to 'https://appsrv1.deltadatamandiri.com/ACC_LMS_WEB/#/Main' successfully

2020-06-08 13:28:41 - [MESSAGE][PASSED] - Navigate to 'https://appsrv1.deltadatamandiri.com/ACC_LMS_WEB/#/Main' successfully

2020-06-08 13:28:41 - [TEST_STEP][PASSED] - click(findTestObject("Object Repository/Christi/Page_Main/span_login")): Object: 'Object Repository/Christi/Page_Main/span_login' is clicked on

2020-06-08 13:28:46 - [MESSAGE][PASSED] - Object: 'Object Repository/Christi/Page_Main/span_login' is clicked on

2020-06-08 13:28:46 - [TEST_STEP][PASSED] - delay(3): Delayed 3 second(s)

2020-06-08 13:28:49 - [MESSAGE][PASSED] - Delayed 3 second(s)

2020-06-08 13:28:49 - [TEST_STEP][PASSED] - setText(findTestObject("Object Repository/Christi/Page_Main/input_NPK_username"), username): Text '14426' is set on object 'Object Repository/Christi/Page_Main/input_NPK_username'

2020-06-08 13:28:50 - [MESSAGE][PASSED] - Text '14426' is set on object 'Object Repository/Christi/Page_Main/input_NPK_username'

2020-06-08 13:28:50 - [TEST_STEP][PASSED] - setText(findTestObject("Object Repository/Christi/Page_Main/input_Password_password"), password): Text 'Password2' is set on object 'Object Repository/Christi/Page_Main/input_Password_password'

2020-06-08 13:28:51 - [MESSAGE][PASSED] - Text 'Password2' is set on object 'Object Repository/Christi/Page_Main/input_Password_password'

2020-06-08 13:28:51 - [TEST_STEP][PASSED] - click(findTestObject("Object Repository/Christi/Page_Main/span_Remember me")): Object: 'Object Repository/Christi/Page_Main/span_Remember me' is clicked on

2020-06-08 13:28:51 - [MESSAGE][PASSED] - Object: 'Object Repository/Christi/Page_Main/span_Remember me' is clicked on

2020-06-08 13:28:51 - [TEST_STEP][PASSED] - click(findTestObject("Object Repository/Christi/Page_Main/span_login_1")): Object: 'Object Repository/Christi/Page_Main/span_login_1' is clicked on

2020-06-08 13:28:51 - [MESSAGE][PASSED] - Object: 'Object Repository/Christi/Page_Main/span_login_1' is clicked on

2020-06-08 13:28:51 - [TEST_STEP][PASSED] - delay(5): Delayed 5 second(s)

2020-06-08 13:28:56 - [MESSAGE][PASSED] - Delayed 5 second(s)

2020-06-08 13:28:56 - [MESSAGE][PASSED] - Call Test Case 'Test Cases/Christi/User/user login' successfully

2020-06-08 13:28:56 - [TEST_STEP][PASSED] - click(findTestObject("Christi/Page_Homepage/i_My Learning Icon_app-icon wi wi-menu fa-lg")): Object: 'Object Repository/Christi/Page_Homepage/i_My Learning Icon_app-icon wi wi-menu fa-lg' is clicked on

2020-06-08 13:29:15 - [MESSAGE][PASSED] - Object: 'Object Repository/Christi/Page_Homepage/i_My Learning Icon_app-icon wi wi-menu fa-lg' is clicked on

2020-06-08 13:29:15 - [TEST_STEP][PASSED] - click(findTestObject("Christi/Page_Homepage/span_Online Learning"), STOP_ON_FAILURE): Object: 'Object Repository/Christi/Page_Homepage/span_Online Learning' is clicked on

2020-06-08 13:29:15 - [MESSAGE][PASSED] - Object: 'Object Repository/Christi/Page_Homepage/span_Online Learning' is clicked on

2020-06-08 13:29:15 - [TEST_STEP][PASSED] - delay(3): Delayed 3 second(s)

2020-06-08 13:29:18 - [MESSAGE][PASSED] - Delayed 3 second(s)

2020-06-08 13:29:18 - [TEST_STEP][PASSED] - setText(findTestObject("Christi/Page_Job Functions/input_Back button_searchModul"), search_module): Text 'WELCOMING KIT' is set on object 'Object Repository/Christi/Page_Job Functions/input_Back button_searchModul'

2020-06-08 13:29:31 - [MESSAGE][PASSED] - Text 'WELCOMING KIT' is set on object 'Object Repository/Christi/Page_Job Functions/input_Back button_searchModul'

2020-06-08 13:29:31 - [TEST_STEP][PASSED] - click(findTestObject("Object Repository/Christi/Page_Job Functions/button_Clear button_app-search-button wi wi-search")): Object: 'Object Repository/Christi/Page_Job Functions/button_Clear button_app-search-button wi wi-search' is clicked on

2020-06-08 13:29:32 - [MESSAGE][PASSED] - Object: 'Object Repository/Christi/Page_Job Functions/button_Clear button_app-search-button wi wi-search' is clicked on

2020-06-08 13:29:32 - [TEST_STEP][PASSED] - delay(3): Delayed 3 second(s)

2020-06-08 13:29:35 - [MESSAGE][PASSED] - Delayed 3 second(s)

2020-06-08 13:29:35 - [TEST_STEP][PASSED] - if (expected == "pass"): Object 'Object Repository/Christi/Page_Online Learning Search Result/label_Ditemukan modul dengan kata kunci' is present

2020-06-08 13:29:35 - [TEST_STEP][PASSED] - verifyElementPresent(findTestObject("Christi/Page_Online Learning Search Result/label_Ditemukan modul dengan kata kunci"), 0): Object 'Object Repository/Christi/Page_Online Learning Search Result/label_Ditemukan modul dengan kata kunci' is present

2020-06-08 13:29:35 - [MESSAGE][WARNING] - Timeout '0' is invalid. Using default page load timeout: '30'

2020-06-08 13:29:40 - [MESSAGE][PASSED] - Object 'Object Repository/Christi/Page_Online Learning Search Result/label_Ditemukan modul dengan kata kunci' is present

2020-06-08 13:29:40 - [TEST_STEP][PASSED] - closeBrowser(): Browser is closed

2020-06-08 13:29:41 - [MESSAGE][PASSED] - Browser is closed]]></system-out>
         <system-err><![CDATA[]]></system-err>
      </testcase>
      <system-out><![CDATA[2020-06-08 13:27:22 - [TEST_SUITE][FAILED] - Online Learning: Test Cases/Christi/User/Online Learning - Search FAILED.
Reason:
com.kms.katalon.core.exception.StepFailedException: Unable to click on object 'Object Repository/Christi/Page_Homepage/i_My Learning Icon_app-icon wi wi-menu fa-lg'
	at com.kms.katalon.core.webui.keyword.internal.WebUIKeywordMain.stepFailed(WebUIKeywordMain.groovy:64)
	at com.kms.katalon.core.webui.keyword.internal.WebUIKeywordMain.runKeyword(WebUIKeywordMain.groovy:26)
	at com.kms.katalon.core.webui.keyword.builtin.ClickKeyword.click(ClickKeyword.groovy:99)
	at com.kms.katalon.core.webui.keyword.builtin.ClickKeyword.execute(ClickKeyword.groovy:43)
	at com.kms.katalon.core.keyword.internal.KeywordExecutor.executeKeywordForPlatform(KeywordExecutor.groovy:60)
	at com.kms.katalon.core.webui.keyword.WebUiBuiltInKeywords.click(WebUiBuiltInKeywords.groovy:616)
	at com.kms.katalon.core.webui.keyword.WebUiBuiltInKeywords$click$1.call(Unknown Source)
	at Online Learning - Search.run(Online Learning - Search:20)
	at com.kms.katalon.core.main.ScriptEngine.run(ScriptEngine.java:194)
	at com.kms.katalon.core.main.ScriptEngine.runScriptAsRawText(ScriptEngine.java:119)
	at com.kms.katalon.core.main.TestCaseExecutor.runScript(TestCaseExecutor.java:337)
	at com.kms.katalon.core.main.TestCaseExecutor.doExecute(TestCaseExecutor.java:328)
	at com.kms.katalon.core.main.TestCaseExecutor.processExecutionPhase(TestCaseExecutor.java:307)
	at com.kms.katalon.core.main.TestCaseExecutor.accessMainPhase(TestCaseExecutor.java:299)
	at com.kms.katalon.core.main.TestCaseExecutor.execute(TestCaseExecutor.java:233)
	at com.kms.katalon.core.main.TestSuiteExecutor.accessTestCaseMainPhase(TestSuiteExecutor.java:169)
	at com.kms.katalon.core.main.TestSuiteExecutor.accessTestSuiteMainPhase(TestSuiteExecutor.java:142)
	at com.kms.katalon.core.main.TestSuiteExecutor.execute(TestSuiteExecutor.java:91)
	at com.kms.katalon.core.main.TestCaseMain.startTestSuite(TestCaseMain.java:157)
	at com.kms.katalon.core.main.TestCaseMain$startTestSuite$0.call(Unknown Source)
	at TempTestSuite1591597624466.run(TempTestSuite1591597624466.groovy:36)
Caused by: com.kms.katalon.core.webui.exception.WebElementNotFoundException: Web element with id: 'Object Repository/Christi/Page_Homepage/i_My Learning Icon_app-icon wi wi-menu fa-lg' located by 'By.xpath: //div[@id='menu1']/button/i' not found
	at com.kms.katalon.core.webui.common.WebUiCommonHelper.findWebElement(WebUiCommonHelper.java:1113)
	at com.kms.katalon.core.webui.keyword.internal.WebUIAbstractKeyword.findWebElement(WebUIAbstractKeyword.groovy:27)
	at com.kms.katalon.core.webui.keyword.internal.WebUIAbstractKeyword.findWebElement(WebUIAbstractKeyword.groovy:26)
	at com.kms.katalon.core.webui.keyword.builtin.ClickKeyword$_click_closure1.doCall(ClickKeyword.groovy:68)
	at com.kms.katalon.core.webui.keyword.builtin.ClickKeyword$_click_closure1.call(ClickKeyword.groovy)
	at com.kms.katalon.core.webui.keyword.internal.WebUIKeywordMain.runKeyword(WebUIKeywordMain.groovy:20)
	... 19 more]]></system-out>
      <system-err><![CDATA[2020-06-08 13:27:22 - [TEST_SUITE][FAILED] - Online Learning: Test Cases/Christi/User/Online Learning - Search FAILED.
Reason:
com.kms.katalon.core.exception.StepFailedException: Unable to click on object 'Object Repository/Christi/Page_Homepage/i_My Learning Icon_app-icon wi wi-menu fa-lg'
	at com.kms.katalon.core.webui.keyword.internal.WebUIKeywordMain.stepFailed(WebUIKeywordMain.groovy:64)
	at com.kms.katalon.core.webui.keyword.internal.WebUIKeywordMain.runKeyword(WebUIKeywordMain.groovy:26)
	at com.kms.katalon.core.webui.keyword.builtin.ClickKeyword.click(ClickKeyword.groovy:99)
	at com.kms.katalon.core.webui.keyword.builtin.ClickKeyword.execute(ClickKeyword.groovy:43)
	at com.kms.katalon.core.keyword.internal.KeywordExecutor.executeKeywordForPlatform(KeywordExecutor.groovy:60)
	at com.kms.katalon.core.webui.keyword.WebUiBuiltInKeywords.click(WebUiBuiltInKeywords.groovy:616)
	at com.kms.katalon.core.webui.keyword.WebUiBuiltInKeywords$click$1.call(Unknown Source)
	at Online Learning - Search.run(Online Learning - Search:20)
	at com.kms.katalon.core.main.ScriptEngine.run(ScriptEngine.java:194)
	at com.kms.katalon.core.main.ScriptEngine.runScriptAsRawText(ScriptEngine.java:119)
	at com.kms.katalon.core.main.TestCaseExecutor.runScript(TestCaseExecutor.java:337)
	at com.kms.katalon.core.main.TestCaseExecutor.doExecute(TestCaseExecutor.java:328)
	at com.kms.katalon.core.main.TestCaseExecutor.processExecutionPhase(TestCaseExecutor.java:307)
	at com.kms.katalon.core.main.TestCaseExecutor.accessMainPhase(TestCaseExecutor.java:299)
	at com.kms.katalon.core.main.TestCaseExecutor.execute(TestCaseExecutor.java:233)
	at com.kms.katalon.core.main.TestSuiteExecutor.accessTestCaseMainPhase(TestSuiteExecutor.java:169)
	at com.kms.katalon.core.main.TestSuiteExecutor.accessTestSuiteMainPhase(TestSuiteExecutor.java:142)
	at com.kms.katalon.core.main.TestSuiteExecutor.execute(TestSuiteExecutor.java:91)
	at com.kms.katalon.core.main.TestCaseMain.startTestSuite(TestCaseMain.java:157)
	at com.kms.katalon.core.main.TestCaseMain$startTestSuite$0.call(Unknown Source)
	at TempTestSuite1591597624466.run(TempTestSuite1591597624466.groovy:36)
Caused by: com.kms.katalon.core.webui.exception.WebElementNotFoundException: Web element with id: 'Object Repository/Christi/Page_Homepage/i_My Learning Icon_app-icon wi wi-menu fa-lg' located by 'By.xpath: //div[@id='menu1']/button/i' not found
	at com.kms.katalon.core.webui.common.WebUiCommonHelper.findWebElement(WebUiCommonHelper.java:1113)
	at com.kms.katalon.core.webui.keyword.internal.WebUIAbstractKeyword.findWebElement(WebUIAbstractKeyword.groovy:27)
	at com.kms.katalon.core.webui.keyword.internal.WebUIAbstractKeyword.findWebElement(WebUIAbstractKeyword.groovy:26)
	at com.kms.katalon.core.webui.keyword.builtin.ClickKeyword$_click_closure1.doCall(ClickKeyword.groovy:68)
	at com.kms.katalon.core.webui.keyword.builtin.ClickKeyword$_click_closure1.call(ClickKeyword.groovy)
	at com.kms.katalon.core.webui.keyword.internal.WebUIKeywordMain.runKeyword(WebUIKeywordMain.groovy:20)
	... 19 more]]></system-err>
   </testsuite>
</testsuites>
