<?xml version="1.0" encoding="UTF-8"?>
<testsuites name="Admin - Manage Test - Quiz" time="269.095" tests="1" failures="0" errors="0">
   <testsuite name="Admin - Manage Test - Quiz" tests="1" failures="0" errors="0" time="269.095" timestamp="2020-05-13 21:03:34" hostname="rizkajuliant20 - DESKTOP-NHES7H6" id="Test Suites/Rizka/Admin - Manage Test - Quiz">
      <properties>
         <property name="deviceName" value=""/>
         <property name="devicePlatform" value=""/>
         <property name="logFolder" value="D:\\MY WORLD\\WORKS (TUGAS)\\LearningManagementWeb\\Reports\\20200513_210321\\Rizka\\Admin - Manage Test - Quiz\\20200513_210321"/>
         <property name="logFiles" value="D:\\MY WORLD\\WORKS (TUGAS)\\LearningManagementWeb\\Reports\\20200513_210321\\Rizka\\Admin - Manage Test - Quiz\\20200513_210321\\execution0.log"/>
         <property name="attachments" value=""/>
         <property name="hostName" value="rizkajuliant20 - DESKTOP-NHES7H6"/>
         <property name="os" value="Windows 10 64bit"/>
         <property name="katalonVersion" value="7.2.1.1"/>
         <property name="browser" value="Chrome 81.0.4044.138"/>
         <property name="hostAddress" value="192.168.1.116"/>
         <property name="sessionId" value="cfbd10f5fb7a3a6f8dd0471e11acd632"/>
         <property name="seleniumVersion" value="3.141.59"/>
         <property name="proxyInformation" value="ProxyInformation{proxyOption=NO_PROXY, proxyServerType=HTTP, password=, proxyServerAddress=, proxyServerPort=0, executionList=}"/>
         <property name="platform" value="Windows 10"/>
      </properties>
      <testcase name="Test Cases/Rizka/Admin - Manage Test - Quiz - Edit" time="266.489" classname="Test Cases/Rizka/Admin - Manage Test - Quiz - Edit" status="PASSED">
         <system-out><![CDATA[2020-05-13 21:03:35 - [TEST_CASE][PASSED] - Test Cases/Rizka/Admin - Manage Test - Quiz - Edit: Test Cases/Rizka/Admin - Manage Test - Quiz - Edit

2020-05-13 21:03:36 - [TEST_STEP][PASSED] - openBrowser(""): Browser is opened with url: ''

2020-05-13 21:03:37 - [MESSAGE][INFO] - Starting 'Chrome' driver

2020-05-13 21:03:37 - [MESSAGE][INFO] - Action delay is set to 0 seconds

2020-05-13 21:03:46 - [MESSAGE][PASSED] - Browser is opened with url: ''

2020-05-13 21:03:46 - [TEST_STEP][PASSED] - navigateToUrl("https://appsrv1.deltadatamandiri.com/ACC_LMS_WEB/#/admNLmn"): Navigate to 'https://appsrv1.deltadatamandiri.com/ACC_LMS_WEB/#/admNLmn' successfully

2020-05-13 21:04:12 - [MESSAGE][PASSED] - Navigate to 'https://appsrv1.deltadatamandiri.com/ACC_LMS_WEB/#/admNLmn' successfully

2020-05-13 21:04:12 - [TEST_STEP][PASSED] - delay(5): Delayed 5 second(s)

2020-05-13 21:04:17 - [MESSAGE][PASSED] - Delayed 5 second(s)

2020-05-13 21:04:17 - [TEST_STEP][PASSED] - click(findTestObject("Rizka/Admin - Login/btnLogin")): Object: 'Object Repository/Rizka/Admin - Login/btnLogin' is clicked on

2020-05-13 21:04:18 - [MESSAGE][PASSED] - Object: 'Object Repository/Rizka/Admin - Login/btnLogin' is clicked on

2020-05-13 21:04:18 - [TEST_STEP][PASSED] - setText(findTestObject("Rizka/Admin - Login/txtUsername"), "11666"): Text '11666' is set on object 'Object Repository/Rizka/Admin - Login/txtUsername'

2020-05-13 21:04:18 - [MESSAGE][PASSED] - Text '11666' is set on object 'Object Repository/Rizka/Admin - Login/txtUsername'

2020-05-13 21:04:18 - [TEST_STEP][PASSED] - setText(findTestObject("Rizka/Admin - Login/txtPassword"), "Password3"): Text 'Password3' is set on object 'Object Repository/Rizka/Admin - Login/txtPassword'

2020-05-13 21:04:19 - [MESSAGE][PASSED] - Text 'Password3' is set on object 'Object Repository/Rizka/Admin - Login/txtPassword'

2020-05-13 21:04:19 - [TEST_STEP][PASSED] - click(findTestObject("Rizka/Admin - Login/btnEyePass")): Object: 'Object Repository/Rizka/Admin - Login/btnEyePass' is clicked on

2020-05-13 21:04:20 - [MESSAGE][PASSED] - Object: 'Object Repository/Rizka/Admin - Login/btnEyePass' is clicked on

2020-05-13 21:04:20 - [TEST_STEP][PASSED] - click(findTestObject("Rizka/Admin - Login/checkboxRememberMe")): Object: 'Object Repository/Rizka/Admin - Login/checkboxRememberMe' is clicked on

2020-05-13 21:04:20 - [MESSAGE][PASSED] - Object: 'Object Repository/Rizka/Admin - Login/checkboxRememberMe' is clicked on

2020-05-13 21:04:20 - [TEST_STEP][PASSED] - click(findTestObject("Rizka/Admin - Login/btnLogin2")): Object: 'Object Repository/Rizka/Admin - Login/btnLogin2' is clicked on

2020-05-13 21:04:21 - [MESSAGE][PASSED] - Object: 'Object Repository/Rizka/Admin - Login/btnLogin2' is clicked on

2020-05-13 21:04:21 - [TEST_STEP][PASSED] - delay(20): Delayed 20 second(s)

2020-05-13 21:04:41 - [MESSAGE][PASSED] - Delayed 20 second(s)

2020-05-13 21:04:41 - [TEST_STEP][PASSED] - click(findTestObject("Object Repository/Rizka/Admin - Manage Test - Quiz - Edit/button_Manage Test")): Object: 'Object Repository/Rizka/Admin - Manage Test - Quiz - Edit/button_Manage Test' is clicked on

2020-05-13 21:04:41 - [MESSAGE][PASSED] - Object: 'Object Repository/Rizka/Admin - Manage Test - Quiz - Edit/button_Manage Test' is clicked on

2020-05-13 21:04:41 - [TEST_STEP][PASSED] - delay(10): Delayed 10 second(s)

2020-05-13 21:04:51 - [MESSAGE][PASSED] - Delayed 10 second(s)

2020-05-13 21:04:51 - [TEST_STEP][PASSED] - click(findTestObject("Rizka/Admin - Manage Test - Quiz - Edit/btnQuiz")): Object: 'Object Repository/Rizka/Admin - Manage Test - Quiz - Edit/btnQuiz' is clicked on

2020-05-13 21:04:52 - [MESSAGE][PASSED] - Object: 'Object Repository/Rizka/Admin - Manage Test - Quiz - Edit/btnQuiz' is clicked on

2020-05-13 21:04:52 - [TEST_STEP][PASSED] - click(findTestObject("Rizka/Admin - Manage Test - Quiz - Edit/btnManageTest")): Object: 'Object Repository/Rizka/Admin - Manage Test - Quiz - Edit/btnManageTest' is clicked on

2020-05-13 21:04:55 - [MESSAGE][PASSED] - Object: 'Object Repository/Rizka/Admin - Manage Test - Quiz - Edit/btnManageTest' is clicked on

2020-05-13 21:04:55 - [TEST_STEP][PASSED] - click(findTestObject("Rizka/Admin - Manage Test - Quiz - Edit/btnOptionsEditDelete")): Object: 'Object Repository/Rizka/Admin - Manage Test - Quiz - Edit/btnOptionsEditDelete' is clicked on

2020-05-13 21:05:04 - [MESSAGE][PASSED] - Object: 'Object Repository/Rizka/Admin - Manage Test - Quiz - Edit/btnOptionsEditDelete' is clicked on

2020-05-13 21:05:04 - [TEST_STEP][PASSED] - click(findTestObject("Rizka/Admin - Manage Test - Quiz - Edit/btnEdit")): Object: 'Object Repository/Rizka/Admin - Manage Test - Quiz - Edit/btnEdit' is clicked on

2020-05-13 21:05:05 - [MESSAGE][PASSED] - Object: 'Object Repository/Rizka/Admin - Manage Test - Quiz - Edit/btnEdit' is clicked on

2020-05-13 21:05:05 - [TEST_STEP][PASSED] - delay(10): Delayed 10 second(s)

2020-05-13 21:05:15 - [MESSAGE][PASSED] - Delayed 10 second(s)

2020-05-13 21:05:15 - [TEST_STEP][PASSED] - selectOptionByLabel(findTestObject("Rizka/Admin - Manage Test - Quiz - Edit/tipeSoal"), tipeSoal, false): All options with label 'Pilihan Ganda' are selected in object 'Object Repository/Rizka/Admin - Manage Test - Quiz - Edit/tipeSoal' 

2020-05-13 21:05:16 - [MESSAGE][PASSED] - All options with label 'Pilihan Ganda' are selected in object 'Object Repository/Rizka/Admin - Manage Test - Quiz - Edit/tipeSoal' 

2020-05-13 21:05:16 - [TEST_STEP][PASSED] - selectOptionByLabel(findTestObject("Rizka/Admin - Manage Test - Quiz - Edit/jobFunction"), jobFunction, false): All options with label 'SALES' are selected in object 'Object Repository/Rizka/Admin - Manage Test - Quiz - Edit/jobFunction' 

2020-05-13 21:05:16 - [MESSAGE][PASSED] - All options with label 'SALES' are selected in object 'Object Repository/Rizka/Admin - Manage Test - Quiz - Edit/jobFunction' 

2020-05-13 21:05:16 - [TEST_STEP][PASSED] - delay(5): Delayed 5 second(s)

2020-05-13 21:05:21 - [MESSAGE][PASSED] - Delayed 5 second(s)

2020-05-13 21:05:21 - [TEST_STEP][PASSED] - selectOptionByLabel(findTestObject("Rizka/Admin - Manage Test - Quiz - Edit/jobPosition"), jobPosition, false): All options with label 'SALES HEAD' are selected in object 'Object Repository/Rizka/Admin - Manage Test - Quiz - Edit/jobPosition' 

2020-05-13 21:05:22 - [MESSAGE][PASSED] - All options with label 'SALES HEAD' are selected in object 'Object Repository/Rizka/Admin - Manage Test - Quiz - Edit/jobPosition' 

2020-05-13 21:05:22 - [TEST_STEP][PASSED] - selectOptionByLabel(findTestObject("Rizka/Admin - Manage Test - Quiz - Edit/module"), module, false): All options with label 'NEOP Sales' are selected in object 'Object Repository/Rizka/Admin - Manage Test - Quiz - Edit/module' 

2020-05-13 21:05:23 - [MESSAGE][PASSED] - All options with label 'NEOP Sales' are selected in object 'Object Repository/Rizka/Admin - Manage Test - Quiz - Edit/module' 

2020-05-13 21:05:23 - [TEST_STEP][PASSED] - selectOptionByLabel(findTestObject("Rizka/Admin - Manage Test - Quiz - Edit/subModule-learningPoint"), subModule, false): All options with label '(Asuransi) Apa saja yang dijual?' are selected in object 'Object Repository/Rizka/Admin - Manage Test - Quiz - Edit/subModule-learningPoint' 

2020-05-13 21:05:23 - [MESSAGE][PASSED] - All options with label '(Asuransi) Apa saja yang dijual?' are selected in object 'Object Repository/Rizka/Admin - Manage Test - Quiz - Edit/subModule-learningPoint' 

2020-05-13 21:05:23 - [TEST_STEP][PASSED] - setText(findTestObject("Rizka/Admin - Manage Test - Quiz - Edit/technicalCompetence"), technicalCompetence, STOP_ON_FAILURE): Text '-' is set on object 'Object Repository/Rizka/Admin - Manage Test - Quiz - Edit/technicalCompetence'

2020-05-13 21:05:24 - [MESSAGE][PASSED] - Text '-' is set on object 'Object Repository/Rizka/Admin - Manage Test - Quiz - Edit/technicalCompetence'

2020-05-13 21:05:24 - [TEST_STEP][PASSED] - setText(findTestObject("Rizka/Admin - Manage Test - Quiz - Edit/levelCompetence"), levelCompetence, STOP_ON_FAILURE): Text '-' is set on object 'Object Repository/Rizka/Admin - Manage Test - Quiz - Edit/levelCompetence'

2020-05-13 21:05:24 - [MESSAGE][PASSED] - Text '-' is set on object 'Object Repository/Rizka/Admin - Manage Test - Quiz - Edit/levelCompetence'

2020-05-13 21:05:24 - [TEST_STEP][PASSED] - setText(findTestObject("Rizka/Admin - Manage Test - Quiz - Edit/txtSoal"), soalQuestion): Text 'Apa yang ditawarkan ACC?' is set on object 'Object Repository/Rizka/Admin - Manage Test - Quiz - Edit/txtSoal'

2020-05-13 21:05:25 - [MESSAGE][PASSED] - Text 'Apa yang ditawarkan ACC?' is set on object 'Object Repository/Rizka/Admin - Manage Test - Quiz - Edit/txtSoal'

2020-05-13 21:05:25 - [TEST_STEP][PASSED] - if (tipeSoal == "Pilihan Ganda"): All options with label 'A' are selected in object 'Object Repository/Rizka/Admin - Manage Test - Quiz - Edit/kunciJawabanPilgan' 

2020-05-13 21:05:25 - [TEST_STEP][PASSED] - setText(findTestObject("Rizka/Admin - Manage Test - Quiz - Edit/input_Jawaban A_answerA"), jawabanA): Text 'Mobil' is set on object 'Object Repository/Rizka/Admin - Manage Test - Quiz - Edit/input_Jawaban A_answerA'

2020-05-13 21:05:26 - [MESSAGE][PASSED] - Text 'Mobil' is set on object 'Object Repository/Rizka/Admin - Manage Test - Quiz - Edit/input_Jawaban A_answerA'

2020-05-13 21:05:26 - [TEST_STEP][PASSED] - setText(findTestObject("Rizka/Admin - Manage Test - Quiz - Edit/input_Jawaban B_answerB"), jawabanB): Text 'Motor' is set on object 'Object Repository/Rizka/Admin - Manage Test - Quiz - Edit/input_Jawaban B_answerB'

2020-05-13 21:05:26 - [MESSAGE][PASSED] - Text 'Motor' is set on object 'Object Repository/Rizka/Admin - Manage Test - Quiz - Edit/input_Jawaban B_answerB'

2020-05-13 21:05:26 - [TEST_STEP][PASSED] - setText(findTestObject("Rizka/Admin - Manage Test - Quiz - Edit/input_Jawaban C_answerC"), jawabanC): Text 'Truk' is set on object 'Object Repository/Rizka/Admin - Manage Test - Quiz - Edit/input_Jawaban C_answerC'

2020-05-13 21:05:27 - [MESSAGE][PASSED] - Text 'Truk' is set on object 'Object Repository/Rizka/Admin - Manage Test - Quiz - Edit/input_Jawaban C_answerC'

2020-05-13 21:05:27 - [TEST_STEP][PASSED] - setText(findTestObject("Rizka/Admin - Manage Test - Quiz - Edit/input_Jawaban D_answerD"), jawabanD): Text 'Kelapa Sawit' is set on object 'Object Repository/Rizka/Admin - Manage Test - Quiz - Edit/input_Jawaban D_answerD'

2020-05-13 21:05:28 - [MESSAGE][PASSED] - Text 'Kelapa Sawit' is set on object 'Object Repository/Rizka/Admin - Manage Test - Quiz - Edit/input_Jawaban D_answerD'

2020-05-13 21:05:28 - [TEST_STEP][PASSED] - selectOptionByLabel(findTestObject("Rizka/Admin - Manage Test - Quiz - Edit/kunciJawabanPilgan"), kunciJawabanPilgan, false): All options with label 'A' are selected in object 'Object Repository/Rizka/Admin - Manage Test - Quiz - Edit/kunciJawabanPilgan' 

2020-05-13 21:05:28 - [MESSAGE][PASSED] - All options with label 'A' are selected in object 'Object Repository/Rizka/Admin - Manage Test - Quiz - Edit/kunciJawabanPilgan' 

2020-05-13 21:05:28 - [TEST_STEP][PASSED] - click(findTestObject("Rizka/Admin - Manage Test - Quiz - Edit/btnSubmit")): Object: 'Object Repository/Rizka/Admin - Manage Test - Quiz - Edit/btnSubmit' is clicked on

2020-05-13 21:05:29 - [MESSAGE][PASSED] - Object: 'Object Repository/Rizka/Admin - Manage Test - Quiz - Edit/btnSubmit' is clicked on

2020-05-13 21:05:29 - [TEST_STEP][PASSED] - delay(10): Delayed 10 second(s)

2020-05-13 21:05:39 - [MESSAGE][PASSED] - Delayed 10 second(s)

2020-05-13 21:05:39 - [TEST_STEP][PASSED] - if (condition == "passed"): Object 'Object Repository/Rizka/Admin - Manage Test - Quiz - Edit/jobPosition - Copy' is not present

2020-05-13 21:05:39 - [TEST_STEP][PASSED] - click(findTestObject("Rizka/Admin - Manage Test - Quiz - Edit/btnOptionsEditDelete")): Object: 'Object Repository/Rizka/Admin - Manage Test - Quiz - Edit/btnOptionsEditDelete' is clicked on

2020-05-13 21:05:43 - [MESSAGE][PASSED] - Object: 'Object Repository/Rizka/Admin - Manage Test - Quiz - Edit/btnOptionsEditDelete' is clicked on

2020-05-13 21:05:43 - [TEST_STEP][PASSED] - click(findTestObject("Rizka/Admin - Manage Test - Quiz - Edit/btnEdit")): Object: 'Object Repository/Rizka/Admin - Manage Test - Quiz - Edit/btnEdit' is clicked on

2020-05-13 21:05:44 - [MESSAGE][PASSED] - Object: 'Object Repository/Rizka/Admin - Manage Test - Quiz - Edit/btnEdit' is clicked on

2020-05-13 21:05:44 - [TEST_STEP][PASSED] - delay(5): Delayed 5 second(s)

2020-05-13 21:05:49 - [MESSAGE][PASSED] - Delayed 5 second(s)

2020-05-13 21:05:49 - [TEST_STEP][PASSED] - verifyElementAttributeValue(findTestObject("Rizka/Admin - Manage Test - Quiz - Edit/txtSoal - Copy", ["text":soalQuestion]), "text", soalQuestion, 0): Object 'Object Repository/Rizka/Admin - Manage Test - Quiz - Edit/txtSoal - Copy' is not present

2020-05-13 21:05:49 - [MESSAGE][WARNING] - Timeout '0' is invalid. Using default page load timeout: '30'

2020-05-13 21:06:32 - [MESSAGE][INFO] - Unable to find the element located by 'By.xpath: //*[@id = 'widget-id2231' and (contains(text(), 'Apa yang ditawarkan ACC?') or contains(., 'Apa yang ditawarkan ACC?'))]'. Please recheck the objects properties to make sure the desired element is located. 

2020-05-13 21:06:32 - [MESSAGE][WARNING] - Object 'Object Repository/Rizka/Admin - Manage Test - Quiz - Edit/txtSoal - Copy' is not present

2020-05-13 21:06:32 - [TEST_STEP][PASSED] - verifyElementAttributeValue(findTestObject("Rizka/Admin - Manage Test - Quiz - Edit/jobFunction - Copy"), "text", jobFunction, 0): Object 'Object Repository/Rizka/Admin - Manage Test - Quiz - Edit/jobFunction - Copy' is not present

2020-05-13 21:06:32 - [MESSAGE][WARNING] - Timeout '0' is invalid. Using default page load timeout: '30'

2020-05-13 21:07:17 - [MESSAGE][INFO] - Unable to find the element located by 'By.xpath: //*[@id = 'widget-id2198' and (contains(text(), '${text}') or contains(., '${text}'))]'. Please recheck the objects properties to make sure the desired element is located. 

2020-05-13 21:07:17 - [MESSAGE][WARNING] - Object 'Object Repository/Rizka/Admin - Manage Test - Quiz - Edit/jobFunction - Copy' is not present

2020-05-13 21:07:17 - [TEST_STEP][PASSED] - verifyElementAttributeValue(findTestObject("Rizka/Admin - Manage Test - Quiz - Edit/jobPosition - Copy"), "text", soalQuestion, 0): Object 'Object Repository/Rizka/Admin - Manage Test - Quiz - Edit/jobPosition - Copy' is not present

2020-05-13 21:07:17 - [MESSAGE][WARNING] - Timeout '0' is invalid. Using default page load timeout: '30'

2020-05-13 21:08:01 - [MESSAGE][INFO] - Unable to find the element located by 'By.xpath: //*[@id = 'widget-id2202' and (contains(text(), '${text}') or contains(., '${text}'))]'. Please recheck the objects properties to make sure the desired element is located. 

2020-05-13 21:08:01 - [MESSAGE][WARNING] - Object 'Object Repository/Rizka/Admin - Manage Test - Quiz - Edit/jobPosition - Copy' is not present]]></system-out>
         <system-err><![CDATA[]]></system-err>
      </testcase>
      <system-out><![CDATA[2020-05-13 21:03:34 - [TEST_SUITE][PASSED] - Admin - Manage Test - Quiz: Test Cases/Rizka/Admin - Manage Test - Quiz - Edit]]></system-out>
      <system-err><![CDATA[]]></system-err>
   </testsuite>
</testsuites>
