<?xml version="1.0" encoding="UTF-8"?>
<testsuites name="Admin_Manage FAQ - New FAQ" time="58.975" tests="1" failures="0" errors="0">
   <testsuite name="Admin_Manage FAQ - New FAQ" tests="1" failures="0" errors="0" time="58.975" timestamp="2020-06-17 17:35:05" hostname="ASUS - LAPTOP-D0TPACJ1" id="Test Suites/Alda/Admin_Manage FAQ - New FAQ">
      <properties>
         <property name="deviceName" value=""/>
         <property name="devicePlatform" value=""/>
         <property name="logFolder" value="C:\\Users\\ASUS\\git\\LearningManagementWebs\\Reports\\20200617_173446\\Alda\\Admin_Manage FAQ - New FAQ\\20200617_173446"/>
         <property name="logFiles" value="C:\\Users\\ASUS\\git\\LearningManagementWebs\\Reports\\20200617_173446\\Alda\\Admin_Manage FAQ - New FAQ\\20200617_173446\\execution0.log"/>
         <property name="attachments" value=""/>
         <property name="hostName" value="ASUS - LAPTOP-D0TPACJ1"/>
         <property name="os" value="Windows 10 64bit"/>
         <property name="katalonVersion" value="7.0.10.1"/>
         <property name="browser" value="Chrome 83.0.4103.106"/>
         <property name="hostAddress" value="192.168.100.227"/>
         <property name="sessionId" value="e42a0d7ae63718beb12060af3e6b91fc"/>
         <property name="seleniumVersion" value="3.141.59"/>
         <property name="proxyInformation" value="ProxyInformation{proxyOption=NO_PROXY, proxyServerType=HTTP, password=, proxyServerAddress=, proxyServerPort=0}"/>
         <property name="platform" value="Windows 10"/>
      </properties>
      <testcase name="Test Cases/Alda/Admin - Manage FAQ/New FAQ" time="56.317" classname="Test Cases/Alda/Admin - Manage FAQ/New FAQ" status="PASSED">
         <system-out><![CDATA[2020-06-17 17:35:06 - [TEST_CASE][PASSED] - Test Cases/Alda/Admin - Manage FAQ/New FAQ: Test Cases/Alda/Admin - Manage FAQ/New FAQ

2020-06-17 17:35:07 - [TEST_STEP][PASSED] - callTestCase(findTestCase("Christi/Admin/admin login"), ["username":"11666", "password":"Password3"], STOP_ON_FAILURE): Call Test Case 'Test Cases/Christi/Admin/admin login' successfully

2020-06-17 17:35:08 - [TEST_CASE][PASSED] - Test Cases/Christi/Admin/admin login: Test Cases/Christi/Admin/admin login

2020-06-17 17:35:09 - [TEST_STEP][PASSED] - openBrowser(""): Browser is opened with url: ''

2020-06-17 17:35:10 - [MESSAGE][INFO] - Starting 'Chrome' driver

2020-06-17 17:35:10 - [MESSAGE][INFO] - Action delay is set to 0 seconds

2020-06-17 17:35:17 - [MESSAGE][PASSED] - Browser is opened with url: ''

2020-06-17 17:35:17 - [TEST_STEP][PASSED] - navigateToUrl("https://appsrv1.deltadatamandiri.com/ACC_LMS_WEB/#/admNLmn"): Navigate to 'https://appsrv1.deltadatamandiri.com/ACC_LMS_WEB/#/admNLmn' successfully

2020-06-17 17:35:25 - [MESSAGE][PASSED] - Navigate to 'https://appsrv1.deltadatamandiri.com/ACC_LMS_WEB/#/admNLmn' successfully

2020-06-17 17:35:25 - [TEST_STEP][PASSED] - click(findTestObject("Christi/Page_Main/button_login")): Object: 'Object Repository/Christi/Page_Main/button_login' is clicked on

2020-06-17 17:35:31 - [MESSAGE][PASSED] - Object: 'Object Repository/Christi/Page_Main/button_login' is clicked on

2020-06-17 17:35:31 - [TEST_STEP][PASSED] - delay(3): Delayed 3 second(s)

2020-06-17 17:35:34 - [MESSAGE][PASSED] - Delayed 3 second(s)

2020-06-17 17:35:34 - [TEST_STEP][PASSED] - setText(findTestObject("Object Repository/Christi/Page_Main/input_NPK_username"), username): Text '11666' is set on object 'Object Repository/Christi/Page_Main/input_NPK_username'

2020-06-17 17:35:35 - [MESSAGE][PASSED] - Text '11666' is set on object 'Object Repository/Christi/Page_Main/input_NPK_username'

2020-06-17 17:35:35 - [TEST_STEP][PASSED] - setText(findTestObject("Object Repository/Christi/Page_Main/input_Password_password"), password): Text 'Password3' is set on object 'Object Repository/Christi/Page_Main/input_Password_password'

2020-06-17 17:35:35 - [MESSAGE][PASSED] - Text 'Password3' is set on object 'Object Repository/Christi/Page_Main/input_Password_password'

2020-06-17 17:35:35 - [TEST_STEP][PASSED] - delay(5): Delayed 5 second(s)

2020-06-17 17:35:40 - [MESSAGE][PASSED] - Delayed 5 second(s)

2020-06-17 17:35:40 - [TEST_STEP][PASSED] - click(findTestObject("Rizka/Admin/Admin - Login/btnLogin2")): Object: 'Object Repository/Rizka/Admin/Admin - Login/btnLogin2' is clicked on

2020-06-17 17:35:41 - [MESSAGE][PASSED] - Object: 'Object Repository/Rizka/Admin/Admin - Login/btnLogin2' is clicked on

2020-06-17 17:35:41 - [TEST_STEP][PASSED] - delay(5): Delayed 5 second(s)

2020-06-17 17:35:46 - [MESSAGE][PASSED] - Delayed 5 second(s)

2020-06-17 17:35:46 - [MESSAGE][PASSED] - Call Test Case 'Test Cases/Christi/Admin/admin login' successfully

2020-06-17 17:35:46 - [TEST_STEP][PASSED] - click(findTestObject("Christi/Page_Dashboard Admin/span_Manage FAQ")): Object: 'Object Repository/Christi/Page_Dashboard Admin/span_Manage FAQ' is clicked on

2020-06-17 17:35:49 - [MESSAGE][PASSED] - Object: 'Object Repository/Christi/Page_Dashboard Admin/span_Manage FAQ' is clicked on

2020-06-17 17:35:49 - [TEST_STEP][PASSED] - click(findTestObject("Object Repository/Alda/Admin - Manage FAQ/Page_Manage Faq/btn_new_faq")): Object: 'Object Repository/Alda/Admin - Manage FAQ/Page_Manage Faq/btn_new_faq' is clicked on

2020-06-17 17:35:52 - [MESSAGE][PASSED] - Object: 'Object Repository/Alda/Admin - Manage FAQ/Page_Manage Faq/btn_new_faq' is clicked on

2020-06-17 17:35:52 - [TEST_STEP][PASSED] - setText(findTestObject("Object Repository/Alda/Admin - Manage FAQ/Page_Manage Faq/input_question"), var_question): Text 'question13' is set on object 'Object Repository/Alda/Admin - Manage FAQ/Page_Manage Faq/input_question'

2020-06-17 17:35:53 - [MESSAGE][PASSED] - Text 'question13' is set on object 'Object Repository/Alda/Admin - Manage FAQ/Page_Manage Faq/input_question'

2020-06-17 17:35:53 - [TEST_STEP][PASSED] - setText(findTestObject("Object Repository/Alda/Admin - Manage FAQ/Page_Manage Faq/input_answer"), var_answer): Text 'answer13' is set on object 'Object Repository/Alda/Admin - Manage FAQ/Page_Manage Faq/input_answer'

2020-06-17 17:35:54 - [MESSAGE][PASSED] - Text 'answer13' is set on object 'Object Repository/Alda/Admin - Manage FAQ/Page_Manage Faq/input_answer'

2020-06-17 17:35:54 - [TEST_STEP][PASSED] - if (optional_gambar == "ya"): null

2020-06-17 17:35:54 - [TEST_STEP][PASSED] - if (optional_tag == "ya"): Keys 'ENTER + ' sent to object: 'Object Repository/Alda/Admin - Manage FAQ/Page_Manage Faq/input_tag'

2020-06-17 17:35:54 - [TEST_STEP][PASSED] - click(findTestObject("Object Repository/Alda/Admin - Manage FAQ/Page_Manage Faq/input_tag"), STOP_ON_FAILURE): Object: 'Object Repository/Alda/Admin - Manage FAQ/Page_Manage Faq/input_tag' is clicked on

2020-06-17 17:35:55 - [MESSAGE][PASSED] - Object: 'Object Repository/Alda/Admin - Manage FAQ/Page_Manage Faq/input_tag' is clicked on

2020-06-17 17:35:55 - [TEST_STEP][PASSED] - setText(findTestObject("Object Repository/Alda/Admin - Manage FAQ/Page_Manage Faq/input_tag"), var_tag, STOP_ON_FAILURE): Text 'ujian' is set on object 'Object Repository/Alda/Admin - Manage FAQ/Page_Manage Faq/input_tag'

2020-06-17 17:35:55 - [MESSAGE][PASSED] - Text 'ujian' is set on object 'Object Repository/Alda/Admin - Manage FAQ/Page_Manage Faq/input_tag'

2020-06-17 17:35:55 - [TEST_STEP][PASSED] - sendKeys(findTestObject("Alda/Admin - Manage FAQ/Page_Manage Faq/input_tag"), Keys.chord(ENTER), STOP_ON_FAILURE): Keys 'ENTER + ' sent to object: 'Object Repository/Alda/Admin - Manage FAQ/Page_Manage Faq/input_tag'

2020-06-17 17:35:56 - [MESSAGE][PASSED] - Keys 'ENTER + ' sent to object: 'Object Repository/Alda/Admin - Manage FAQ/Page_Manage Faq/input_tag'

2020-06-17 17:35:56 - [TEST_STEP][PASSED] - click(findTestObject("Object Repository/Alda/Admin - Manage FAQ/Page_Manage Faq/btn_save")): Object: 'Object Repository/Alda/Admin - Manage FAQ/Page_Manage Faq/btn_save' is clicked on

2020-06-17 17:35:57 - [MESSAGE][PASSED] - Object: 'Object Repository/Alda/Admin - Manage FAQ/Page_Manage Faq/btn_save' is clicked on

2020-06-17 17:35:57 - [TEST_STEP][PASSED] - if (expected_output == "pass"): Object 'Object Repository/Alda/Admin - Manage FAQ/Page_Manage Faq/label_new_faq_success' is visible

2020-06-17 17:35:57 - [TEST_STEP][PASSED] - verifyElementVisible(findTestObject("Alda/Admin - Manage FAQ/Page_Manage Faq/label_new_faq_success", ["text":var_question])): Object 'Object Repository/Alda/Admin - Manage FAQ/Page_Manage Faq/label_new_faq_success' is visible

2020-06-17 17:36:02 - [MESSAGE][PASSED] - Object 'Object Repository/Alda/Admin - Manage FAQ/Page_Manage Faq/label_new_faq_success' is visible]]></system-out>
         <system-err><![CDATA[]]></system-err>
      </testcase>
      <system-out><![CDATA[2020-06-17 17:35:05 - [TEST_SUITE][PASSED] - Admin_Manage FAQ - New FAQ: Test Cases/Alda/Admin - Manage FAQ/New FAQ]]></system-out>
      <system-err><![CDATA[]]></system-err>
   </testsuite>
</testsuites>
