<?xml version="1.0" encoding="UTF-8"?>
<testsuites name="User - Minta Dukungan" time="145.638" tests="2" failures="0" errors="0">
   <testsuite name="User - Minta Dukungan" tests="2" failures="0" errors="0" time="145.638" timestamp="2020-06-15 12:07:03" hostname="rizkajuliant20 - DESKTOP-NHES7H6" id="Test Suites/Denna/User - Minta Dukungan">
      <properties>
         <property name="deviceName" value=""/>
         <property name="devicePlatform" value=""/>
         <property name="logFolder" value="D:\\MY WORLD\\WORKS (TUGAS)\\LearningManagementWeb\\Reports\\20200615_120651\\Denna\\User - Minta Dukungan\\20200615_120651"/>
         <property name="logFiles" value="D:\\MY WORLD\\WORKS (TUGAS)\\LearningManagementWeb\\Reports\\20200615_120651\\Denna\\User - Minta Dukungan\\20200615_120651\\execution0.log"/>
         <property name="attachments" value=""/>
         <property name="hostName" value="rizkajuliant20 - DESKTOP-NHES7H6"/>
         <property name="os" value="Windows 10 64bit"/>
         <property name="katalonVersion" value="7.2.1.1"/>
         <property name="browser" value="Chrome 83.0.4103.97"/>
         <property name="hostAddress" value="192.168.1.116"/>
         <property name="sessionId" value="023859c115683090fc09348b715a71da"/>
         <property name="seleniumVersion" value="3.141.59"/>
         <property name="proxyInformation" value="ProxyInformation{proxyOption=NO_PROXY, proxyServerType=HTTP, password=, proxyServerAddress=, proxyServerPort=0, executionList=}"/>
         <property name="platform" value="Windows 10"/>
      </properties>
      <testcase name="Test Cases/Denna/User - Minta Dukungan" time="75.127" classname="Test Cases/Denna/User - Minta Dukungan" status="PASSED">
         <system-out><![CDATA[2020-06-15 12:07:04 - [TEST_CASE][PASSED] - Test Cases/Denna/User - Minta Dukungan: Test Cases/Denna/User - Minta Dukungan

2020-06-15 12:07:05 - [TEST_STEP][PASSED] - callTestCase(findTestCase("Denna/Login(User)"), [:], STOP_ON_FAILURE): Call Test Case 'Test Cases/Denna/Login(User)' successfully

2020-06-15 12:07:05 - [TEST_CASE][PASSED] - Test Cases/Denna/Login(User): Test Cases/Denna/Login(User)

2020-06-15 12:07:06 - [TEST_STEP][PASSED] - openBrowser("https://appsrv1.deltadatamandiri.com/ACC_LMS_WEB/#/Main?redirectTo=onlineLearning"): Browser is opened with url: 'https://appsrv1.deltadatamandiri.com/ACC_LMS_WEB/#/Main?redirectTo=onlineLearning'

2020-06-15 12:07:06 - [MESSAGE][INFO] - Starting 'Chrome' driver

2020-06-15 12:07:06 - [MESSAGE][INFO] - Action delay is set to 0 seconds

2020-06-15 12:07:34 - [MESSAGE][PASSED] - Browser is opened with url: 'https://appsrv1.deltadatamandiri.com/ACC_LMS_WEB/#/Main?redirectTo=onlineLearning'

2020-06-15 12:07:34 - [TEST_STEP][PASSED] - maximizeWindow(): Current window maximized

2020-06-15 12:07:35 - [MESSAGE][PASSED] - Current window maximized

2020-06-15 12:07:35 - [TEST_STEP][PASSED] - delay(15): Delayed 15 second(s)

2020-06-15 12:07:50 - [MESSAGE][PASSED] - Delayed 15 second(s)

2020-06-15 12:07:50 - [TEST_STEP][PASSED] - click(findTestObject("Denna/User-Login/button login")): Object: 'Object Repository/Denna/User-Login/button login' is clicked on

2020-06-15 12:07:51 - [MESSAGE][PASSED] - Object: 'Object Repository/Denna/User-Login/button login' is clicked on

2020-06-15 12:07:51 - [TEST_STEP][PASSED] - setText(findTestObject("Denna/User-Login/input NPK username"), "06677"): Text '06677' is set on object 'Object Repository/Denna/User-Login/input NPK username'

2020-06-15 12:07:51 - [MESSAGE][PASSED] - Text '06677' is set on object 'Object Repository/Denna/User-Login/input NPK username'

2020-06-15 12:07:51 - [TEST_STEP][PASSED] - setText(findTestObject("Denna/User-Login/inputPassword"), "#@ccPerfect2o19#"): Text '#@ccPerfect2o19#' is set on object 'Object Repository/Denna/User-Login/inputPassword'

2020-06-15 12:07:52 - [MESSAGE][PASSED] - Text '#@ccPerfect2o19#' is set on object 'Object Repository/Denna/User-Login/inputPassword'

2020-06-15 12:07:52 - [TEST_STEP][PASSED] - click(findTestObject("Denna/User-Login/button login 1 masuk")): Object: 'Object Repository/Denna/User-Login/button login 1 masuk' is clicked on

2020-06-15 12:07:53 - [MESSAGE][PASSED] - Object: 'Object Repository/Denna/User-Login/button login 1 masuk' is clicked on

2020-06-15 12:07:53 - [TEST_STEP][PASSED] - verifyElementVisible(findTestObject("Denna/User-Login/button_My Learning IconMy Learning")): Object 'Object Repository/Denna/User-Login/button_My Learning IconMy Learning' is visible

2020-06-15 12:07:59 - [MESSAGE][PASSED] - Object 'Object Repository/Denna/User-Login/button_My Learning IconMy Learning' is visible

2020-06-15 12:07:59 - [MESSAGE][PASSED] - Call Test Case 'Test Cases/Denna/Login(User)' successfully

2020-06-15 12:07:59 - [TEST_STEP][PASSED] - click(findTestObject("Object Repository/Denna/User - Minta Dukungan/profile")): Object: 'Object Repository/Denna/User - Minta Dukungan/profile' is clicked on

2020-06-15 12:08:11 - [MESSAGE][PASSED] - Object: 'Object Repository/Denna/User - Minta Dukungan/profile' is clicked on

2020-06-15 12:08:11 - [TEST_STEP][PASSED] - click(findTestObject("Denna/User - Minta Dukungan/btnMintaDukungan_v2")): Object: 'Object Repository/Denna/User - Minta Dukungan/btnMintaDukungan_v2' is clicked on

2020-06-15 12:08:13 - [MESSAGE][PASSED] - Object: 'Object Repository/Denna/User - Minta Dukungan/btnMintaDukungan_v2' is clicked on

2020-06-15 12:08:13 - [TEST_STEP][PASSED] - setText(findTestObject("Denna/User - Minta Dukungan/fieldMasukan_v2"), issue): Text '' is set on object 'Object Repository/Denna/User - Minta Dukungan/fieldMasukan_v2'

2020-06-15 12:08:16 - [MESSAGE][PASSED] - Text '' is set on object 'Object Repository/Denna/User - Minta Dukungan/fieldMasukan_v2'

2020-06-15 12:08:16 - [TEST_STEP][PASSED] - click(findTestObject("Denna/User - Minta Dukungan/btnKirim_v2")): Object: 'Object Repository/Denna/User - Minta Dukungan/btnKirim_v2' is clicked on

2020-06-15 12:08:17 - [MESSAGE][PASSED] - Object: 'Object Repository/Denna/User - Minta Dukungan/btnKirim_v2' is clicked on

2020-06-15 12:08:17 - [TEST_STEP][PASSED] - if (keterangan == "emptyIssue"): Object 'Object Repository/Denna/User - Minta Dukungan/alertIsEmpty_v2' is visible

2020-06-15 12:08:17 - [TEST_STEP][PASSED] - verifyElementVisible(findTestObject("Denna/User - Minta Dukungan/alertIsEmpty_v2")): Object 'Object Repository/Denna/User - Minta Dukungan/alertIsEmpty_v2' is visible

2020-06-15 12:08:17 - [MESSAGE][PASSED] - Object 'Object Repository/Denna/User - Minta Dukungan/alertIsEmpty_v2' is visible

2020-06-15 12:08:17 - [TEST_STEP][PASSED] - closeBrowser(): Browser is closed

2020-06-15 12:08:19 - [MESSAGE][PASSED] - Browser is closed]]></system-out>
         <system-err><![CDATA[]]></system-err>
      </testcase>
      <testcase name="Test Cases/Denna/User - Minta Dukungan" time="69.106" classname="Test Cases/Denna/User - Minta Dukungan" status="PASSED">
         <system-out><![CDATA[2020-06-15 12:08:19 - [TEST_CASE][PASSED] - Test Cases/Denna/User - Minta Dukungan: Test Cases/Denna/User - Minta Dukungan

2020-06-15 12:08:19 - [TEST_STEP][PASSED] - callTestCase(findTestCase("Denna/Login(User)"), [:], STOP_ON_FAILURE): Call Test Case 'Test Cases/Denna/Login(User)' successfully

2020-06-15 12:08:19 - [TEST_CASE][PASSED] - Test Cases/Denna/Login(User): Test Cases/Denna/Login(User)

2020-06-15 12:08:19 - [TEST_STEP][PASSED] - openBrowser("https://appsrv1.deltadatamandiri.com/ACC_LMS_WEB/#/Main?redirectTo=onlineLearning"): Browser is opened with url: 'https://appsrv1.deltadatamandiri.com/ACC_LMS_WEB/#/Main?redirectTo=onlineLearning'

2020-06-15 12:08:19 - [MESSAGE][INFO] - Starting 'Chrome' driver

2020-06-15 12:08:39 - [MESSAGE][PASSED] - Browser is opened with url: 'https://appsrv1.deltadatamandiri.com/ACC_LMS_WEB/#/Main?redirectTo=onlineLearning'

2020-06-15 12:08:39 - [TEST_STEP][PASSED] - maximizeWindow(): Current window maximized

2020-06-15 12:08:40 - [MESSAGE][PASSED] - Current window maximized

2020-06-15 12:08:40 - [TEST_STEP][PASSED] - delay(15): Delayed 15 second(s)

2020-06-15 12:08:55 - [MESSAGE][PASSED] - Delayed 15 second(s)

2020-06-15 12:08:55 - [TEST_STEP][PASSED] - click(findTestObject("Denna/User-Login/button login")): Object: 'Object Repository/Denna/User-Login/button login' is clicked on

2020-06-15 12:08:55 - [MESSAGE][PASSED] - Object: 'Object Repository/Denna/User-Login/button login' is clicked on

2020-06-15 12:08:55 - [TEST_STEP][PASSED] - setText(findTestObject("Denna/User-Login/input NPK username"), "06677"): Text '06677' is set on object 'Object Repository/Denna/User-Login/input NPK username'

2020-06-15 12:08:56 - [MESSAGE][PASSED] - Text '06677' is set on object 'Object Repository/Denna/User-Login/input NPK username'

2020-06-15 12:08:56 - [TEST_STEP][PASSED] - setText(findTestObject("Denna/User-Login/inputPassword"), "#@ccPerfect2o19#"): Text '#@ccPerfect2o19#' is set on object 'Object Repository/Denna/User-Login/inputPassword'

2020-06-15 12:08:57 - [MESSAGE][PASSED] - Text '#@ccPerfect2o19#' is set on object 'Object Repository/Denna/User-Login/inputPassword'

2020-06-15 12:08:57 - [TEST_STEP][PASSED] - click(findTestObject("Denna/User-Login/button login 1 masuk")): Object: 'Object Repository/Denna/User-Login/button login 1 masuk' is clicked on

2020-06-15 12:08:57 - [MESSAGE][PASSED] - Object: 'Object Repository/Denna/User-Login/button login 1 masuk' is clicked on

2020-06-15 12:08:57 - [TEST_STEP][PASSED] - verifyElementVisible(findTestObject("Denna/User-Login/button_My Learning IconMy Learning")): Object 'Object Repository/Denna/User-Login/button_My Learning IconMy Learning' is visible

2020-06-15 12:09:03 - [MESSAGE][PASSED] - Object 'Object Repository/Denna/User-Login/button_My Learning IconMy Learning' is visible

2020-06-15 12:09:03 - [MESSAGE][PASSED] - Call Test Case 'Test Cases/Denna/Login(User)' successfully

2020-06-15 12:09:03 - [TEST_STEP][PASSED] - click(findTestObject("Object Repository/Denna/User - Minta Dukungan/profile")): Object: 'Object Repository/Denna/User - Minta Dukungan/profile' is clicked on

2020-06-15 12:09:16 - [MESSAGE][PASSED] - Object: 'Object Repository/Denna/User - Minta Dukungan/profile' is clicked on

2020-06-15 12:09:16 - [TEST_STEP][PASSED] - click(findTestObject("Denna/User - Minta Dukungan/btnMintaDukungan_v2")): Object: 'Object Repository/Denna/User - Minta Dukungan/btnMintaDukungan_v2' is clicked on

2020-06-15 12:09:18 - [MESSAGE][PASSED] - Object: 'Object Repository/Denna/User - Minta Dukungan/btnMintaDukungan_v2' is clicked on

2020-06-15 12:09:18 - [TEST_STEP][PASSED] - setText(findTestObject("Denna/User - Minta Dukungan/fieldMasukan_v2"), issue): Text 'issue testing' is set on object 'Object Repository/Denna/User - Minta Dukungan/fieldMasukan_v2'

2020-06-15 12:09:23 - [MESSAGE][PASSED] - Text 'issue testing' is set on object 'Object Repository/Denna/User - Minta Dukungan/fieldMasukan_v2'

2020-06-15 12:09:23 - [TEST_STEP][PASSED] - click(findTestObject("Denna/User - Minta Dukungan/btnKirim_v2")): Object: 'Object Repository/Denna/User - Minta Dukungan/btnKirim_v2' is clicked on

2020-06-15 12:09:23 - [MESSAGE][PASSED] - Object: 'Object Repository/Denna/User - Minta Dukungan/btnKirim_v2' is clicked on

2020-06-15 12:09:23 - [TEST_STEP][PASSED] - if (keterangan == "emptyIssue"): null

2020-06-15 12:09:23 - [TEST_STEP][PASSED] - else: Object 'Object Repository/Denna/User - Minta Dukungan/notifSuccess_v2' is visible

2020-06-15 12:09:23 - [TEST_STEP][PASSED] - verifyElementVisible(findTestObject("Denna/User - Minta Dukungan/notifSuccess_v2"), STOP_ON_FAILURE): Object 'Object Repository/Denna/User - Minta Dukungan/notifSuccess_v2' is visible

2020-06-15 12:09:27 - [MESSAGE][PASSED] - Object 'Object Repository/Denna/User - Minta Dukungan/notifSuccess_v2' is visible

2020-06-15 12:09:27 - [TEST_STEP][PASSED] - closeBrowser(): Browser is closed

2020-06-15 12:09:28 - [MESSAGE][PASSED] - Browser is closed]]></system-out>
         <system-err><![CDATA[]]></system-err>
      </testcase>
      <system-out><![CDATA[2020-06-15 12:07:03 - [TEST_SUITE][PASSED] - User - Minta Dukungan: Test Cases/Denna/User - Minta Dukungan]]></system-out>
      <system-err><![CDATA[]]></system-err>
   </testsuite>
</testsuites>
