<?xml version="1.0" encoding="UTF-8"?>
<testsuites name="Admin_Manage FAQ - Edit" time="1315.349" tests="12" failures="6" errors="0">
   <testsuite name="Admin_Manage FAQ - Edit" tests="12" failures="6" errors="0" time="1315.349" timestamp="2020-06-17 18:10:48" hostname="ASUS - LAPTOP-D0TPACJ1" id="Test Suites/Alda/Admin_Manage FAQ - Edit">
      <properties>
         <property name="deviceName" value=""/>
         <property name="devicePlatform" value=""/>
         <property name="logFolder" value="C:\\Users\\ASUS\\git\\LearningManagementWebs\\Reports\\20200617_181024\\Alda\\Admin_Manage FAQ - Edit\\20200617_181024"/>
         <property name="logFiles" value="C:\\Users\\ASUS\\git\\LearningManagementWebs\\Reports\\20200617_181024\\Alda\\Admin_Manage FAQ - Edit\\20200617_181024\\execution0.log"/>
         <property name="attachments" value="C:\\Users\\ASUS\\git\\LearningManagementWebs\\Reports\\20200617_181024\\Alda\\Admin_Manage FAQ - Edit\\20200617_181024\\1592392628350.png, C:\\Users\\ASUS\\git\\LearningManagementWebs\\Reports\\20200617_181024\\Alda\\Admin_Manage FAQ - Edit\\20200617_181024\\1592392629673.png, C:\\Users\\ASUS\\git\\LearningManagementWebs\\Reports\\20200617_181024\\Alda\\Admin_Manage FAQ - Edit\\20200617_181024\\1592392794245.png, C:\\Users\\ASUS\\git\\LearningManagementWebs\\Reports\\20200617_181024\\Alda\\Admin_Manage FAQ - Edit\\20200617_181024\\1592392794663.png, C:\\Users\\ASUS\\git\\LearningManagementWebs\\Reports\\20200617_181024\\Alda\\Admin_Manage FAQ - Edit\\20200617_181024\\1592392922781.png, C:\\Users\\ASUS\\git\\LearningManagementWebs\\Reports\\20200617_181024\\Alda\\Admin_Manage FAQ - Edit\\20200617_181024\\1592392923188.png, C:\\Users\\ASUS\\git\\LearningManagementWebs\\Reports\\20200617_181024\\Alda\\Admin_Manage FAQ - Edit\\20200617_181024\\1592393147511.png, C:\\Users\\ASUS\\git\\LearningManagementWebs\\Reports\\20200617_181024\\Alda\\Admin_Manage FAQ - Edit\\20200617_181024\\1592393147900.png, C:\\Users\\ASUS\\git\\LearningManagementWebs\\Reports\\20200617_181024\\Alda\\Admin_Manage FAQ - Edit\\20200617_181024\\1592393336076.png, C:\\Users\\ASUS\\git\\LearningManagementWebs\\Reports\\20200617_181024\\Alda\\Admin_Manage FAQ - Edit\\20200617_181024\\1592393558156.png, C:\\Users\\ASUS\\git\\LearningManagementWebs\\Reports\\20200617_181024\\Alda\\Admin_Manage FAQ - Edit\\20200617_181024\\1592393559289.png"/>
         <property name="hostName" value="ASUS - LAPTOP-D0TPACJ1"/>
         <property name="os" value="Windows 10 64bit"/>
         <property name="katalonVersion" value="7.0.10.1"/>
         <property name="browser" value="Chrome 83.0.4103.106"/>
         <property name="hostAddress" value="192.168.100.227"/>
         <property name="sessionId" value="b77b97d8dba53e7fbe7b590e92a8ee04"/>
         <property name="seleniumVersion" value="3.141.59"/>
         <property name="proxyInformation" value="ProxyInformation{proxyOption=NO_PROXY, proxyServerType=HTTP, password=, proxyServerAddress=, proxyServerPort=0}"/>
         <property name="platform" value="Windows 10"/>
      </properties>
      <testcase name="Test Cases/Alda/Admin - Manage FAQ/Edit" time="106.051" classname="Test Cases/Alda/Admin - Manage FAQ/Edit" status="PASSED">
         <system-out><![CDATA[2020-06-17 18:10:49 - [TEST_CASE][PASSED] - Test Cases/Alda/Admin - Manage FAQ/Edit: Test Cases/Alda/Admin - Manage FAQ/Edit

2020-06-17 18:10:50 - [TEST_STEP][PASSED] - callTestCase(findTestCase("Alda/Admin - Manage FAQ/Search"), ["var_search":var_search, "expected_output":""], STOP_ON_FAILURE): Call Test Case 'Test Cases/Alda/Admin - Manage FAQ/Search' successfully

2020-06-17 18:10:51 - [TEST_CASE][PASSED] - Test Cases/Alda/Admin - Manage FAQ/Search: Test Cases/Alda/Admin - Manage FAQ/Search

2020-06-17 18:10:51 - [TEST_STEP][PASSED] - callTestCase(findTestCase("Christi/Admin/admin login"), ["username":"11666", "password":"Password3"], STOP_ON_FAILURE): Call Test Case 'Test Cases/Christi/Admin/admin login' successfully

2020-06-17 18:10:51 - [TEST_CASE][PASSED] - Test Cases/Christi/Admin/admin login: Test Cases/Christi/Admin/admin login

2020-06-17 18:10:52 - [TEST_STEP][PASSED] - openBrowser(""): Browser is opened with url: ''

2020-06-17 18:10:52 - [MESSAGE][INFO] - Starting 'Chrome' driver

2020-06-17 18:10:53 - [MESSAGE][INFO] - Action delay is set to 0 seconds

2020-06-17 18:10:58 - [MESSAGE][PASSED] - Browser is opened with url: ''

2020-06-17 18:10:58 - [TEST_STEP][PASSED] - navigateToUrl("https://appsrv1.deltadatamandiri.com/ACC_LMS_WEB/#/admNLmn"): Navigate to 'https://appsrv1.deltadatamandiri.com/ACC_LMS_WEB/#/admNLmn' successfully

2020-06-17 18:11:28 - [MESSAGE][PASSED] - Navigate to 'https://appsrv1.deltadatamandiri.com/ACC_LMS_WEB/#/admNLmn' successfully

2020-06-17 18:11:28 - [TEST_STEP][PASSED] - click(findTestObject("Christi/Page_Main/button_login")): Object: 'Object Repository/Christi/Page_Main/button_login' is clicked on

2020-06-17 18:11:37 - [MESSAGE][PASSED] - Object: 'Object Repository/Christi/Page_Main/button_login' is clicked on

2020-06-17 18:11:37 - [TEST_STEP][PASSED] - delay(3): Delayed 3 second(s)

2020-06-17 18:11:40 - [MESSAGE][PASSED] - Delayed 3 second(s)

2020-06-17 18:11:40 - [TEST_STEP][PASSED] - setText(findTestObject("Object Repository/Christi/Page_Main/input_NPK_username"), username): Text '11666' is set on object 'Object Repository/Christi/Page_Main/input_NPK_username'

2020-06-17 18:11:41 - [MESSAGE][PASSED] - Text '11666' is set on object 'Object Repository/Christi/Page_Main/input_NPK_username'

2020-06-17 18:11:41 - [TEST_STEP][PASSED] - setText(findTestObject("Object Repository/Christi/Page_Main/input_Password_password"), password): Text 'Password3' is set on object 'Object Repository/Christi/Page_Main/input_Password_password'

2020-06-17 18:11:41 - [MESSAGE][PASSED] - Text 'Password3' is set on object 'Object Repository/Christi/Page_Main/input_Password_password'

2020-06-17 18:11:41 - [TEST_STEP][PASSED] - delay(5): Delayed 5 second(s)

2020-06-17 18:11:46 - [MESSAGE][PASSED] - Delayed 5 second(s)

2020-06-17 18:11:46 - [TEST_STEP][PASSED] - click(findTestObject("Rizka/Admin/Admin - Login/btnLogin2")): Object: 'Object Repository/Rizka/Admin/Admin - Login/btnLogin2' is clicked on

2020-06-17 18:11:47 - [MESSAGE][PASSED] - Object: 'Object Repository/Rizka/Admin/Admin - Login/btnLogin2' is clicked on

2020-06-17 18:11:47 - [TEST_STEP][PASSED] - delay(5): Delayed 5 second(s)

2020-06-17 18:11:52 - [MESSAGE][PASSED] - Delayed 5 second(s)

2020-06-17 18:11:52 - [MESSAGE][PASSED] - Call Test Case 'Test Cases/Christi/Admin/admin login' successfully

2020-06-17 18:11:52 - [TEST_STEP][PASSED] - delay(5): Delayed 5 second(s)

2020-06-17 18:11:57 - [MESSAGE][PASSED] - Delayed 5 second(s)

2020-06-17 18:11:57 - [TEST_STEP][PASSED] - click(findTestObject("Christi/Page_Dashboard Admin/span_Manage FAQ")): Object: 'Object Repository/Christi/Page_Dashboard Admin/span_Manage FAQ' is clicked on

2020-06-17 18:11:59 - [MESSAGE][PASSED] - Object: 'Object Repository/Christi/Page_Dashboard Admin/span_Manage FAQ' is clicked on

2020-06-17 18:11:59 - [TEST_STEP][PASSED] - click(findTestObject("Alda/Admin - Manage FAQ/Page_Manage Faq/input_search")): Object: 'Object Repository/Alda/Admin - Manage FAQ/Page_Manage Faq/input_search' is clicked on

2020-06-17 18:12:02 - [MESSAGE][PASSED] - Object: 'Object Repository/Alda/Admin - Manage FAQ/Page_Manage Faq/input_search' is clicked on

2020-06-17 18:12:02 - [TEST_STEP][PASSED] - setText(findTestObject("Alda/Admin - Manage FAQ/Page_Manage Faq/input_search"), var_search): Text 'question9' is set on object 'Object Repository/Alda/Admin - Manage FAQ/Page_Manage Faq/input_search'

2020-06-17 18:12:04 - [MESSAGE][PASSED] - Text 'question9' is set on object 'Object Repository/Alda/Admin - Manage FAQ/Page_Manage Faq/input_search'

2020-06-17 18:12:04 - [TEST_STEP][PASSED] - click(findTestObject("Christi/Page_Manage Faq/button_Clear button_app-search-button wi wi-search"), STOP_ON_FAILURE): Object: 'Object Repository/Christi/Page_Manage Faq/button_Clear button_app-search-button wi wi-search' is clicked on

2020-06-17 18:12:05 - [MESSAGE][PASSED] - Object: 'Object Repository/Christi/Page_Manage Faq/button_Clear button_app-search-button wi wi-search' is clicked on

2020-06-17 18:12:05 - [TEST_STEP][PASSED] - if (expected_output == "found"): null

2020-06-17 18:12:05 - [MESSAGE][PASSED] - Call Test Case 'Test Cases/Alda/Admin - Manage FAQ/Search' successfully

2020-06-17 18:12:05 - [TEST_STEP][PASSED] - delay(5): Delayed 5 second(s)

2020-06-17 18:12:10 - [MESSAGE][PASSED] - Delayed 5 second(s)

2020-06-17 18:12:10 - [TEST_STEP][PASSED] - click(findTestObject("Alda/Admin - Manage FAQ/Page_Manage Faq/btn_edit")): Object: 'Object Repository/Alda/Admin - Manage FAQ/Page_Manage Faq/btn_edit' is clicked on

2020-06-17 18:12:11 - [MESSAGE][PASSED] - Object: 'Object Repository/Alda/Admin - Manage FAQ/Page_Manage Faq/btn_edit' is clicked on

2020-06-17 18:12:11 - [TEST_STEP][PASSED] - verifyElementVisible(findTestObject("Object Repository/Alda/Admin - Manage FAQ/Page_Manage Faq/header_edit_page")): Object 'Object Repository/Alda/Admin - Manage FAQ/Page_Manage Faq/header_edit_page' is visible

2020-06-17 18:12:14 - [MESSAGE][PASSED] - Object 'Object Repository/Alda/Admin - Manage FAQ/Page_Manage Faq/header_edit_page' is visible

2020-06-17 18:12:14 - [TEST_STEP][PASSED] - switch (opsi_edit): null

2020-06-17 18:12:14 - [TEST_STEP][PASSED] - case "all":: null

2020-06-17 18:12:14 - [TEST_STEP][PASSED] - clearText(findTestObject("Alda/Admin - Manage FAQ/Page_Manage Faq/edit_question"), STOP_ON_FAILURE): Text of object 'Object Repository/Alda/Admin - Manage FAQ/Page_Manage Faq/edit_question' is cleared

2020-06-17 18:12:16 - [MESSAGE][PASSED] - Text of object 'Object Repository/Alda/Admin - Manage FAQ/Page_Manage Faq/edit_question' is cleared

2020-06-17 18:12:16 - [TEST_STEP][PASSED] - setText(findTestObject("Alda/Admin - Manage FAQ/Page_Manage Faq/edit_question"), var_question_new): Text 'question 5 adalah?' is set on object 'Object Repository/Alda/Admin - Manage FAQ/Page_Manage Faq/edit_question'

2020-06-17 18:12:16 - [MESSAGE][PASSED] - Text 'question 5 adalah?' is set on object 'Object Repository/Alda/Admin - Manage FAQ/Page_Manage Faq/edit_question'

2020-06-17 18:12:16 - [TEST_STEP][PASSED] - clearText(findTestObject("Alda/Admin - Manage FAQ/Page_Manage Faq/edit_answer"), STOP_ON_FAILURE): Text of object 'Object Repository/Alda/Admin - Manage FAQ/Page_Manage Faq/edit_answer' is cleared

2020-06-17 18:12:17 - [MESSAGE][PASSED] - Text of object 'Object Repository/Alda/Admin - Manage FAQ/Page_Manage Faq/edit_answer' is cleared

2020-06-17 18:12:17 - [TEST_STEP][PASSED] - setText(findTestObject("Alda/Admin - Manage FAQ/Page_Manage Faq/edit_answer"), var_answer_new): Text 'jawaban pertanyaan 5' is set on object 'Object Repository/Alda/Admin - Manage FAQ/Page_Manage Faq/edit_answer'

2020-06-17 18:12:18 - [MESSAGE][PASSED] - Text 'jawaban pertanyaan 5' is set on object 'Object Repository/Alda/Admin - Manage FAQ/Page_Manage Faq/edit_answer'

2020-06-17 18:12:18 - [TEST_STEP][PASSED] - uploadFile(findTestObject("Alda/Admin - Manage FAQ/Page_Manage Faq/edit_gambar"), var_gambar_new): File 'C:\Users\ASUS\git\LearningManagementWebs\gambar_alda.jpg' sent to object: 'Object Repository/Alda/Admin - Manage FAQ/Page_Manage Faq/edit_gambar'

2020-06-17 18:12:19 - [MESSAGE][PASSED] - File 'C:\Users\ASUS\git\LearningManagementWebs\gambar_alda.jpg' sent to object: 'Object Repository/Alda/Admin - Manage FAQ/Page_Manage Faq/edit_gambar'

2020-06-17 18:12:19 - [TEST_STEP][NOT_RUN] - if (expected_image == "success"): NOT_RUN: verifyElementVisible(findTestObject("Object Repository/Alda/Admin - Manage FAQ/Page_Manage Faq/alert_success_upload_image"))

2020-06-17 18:12:19 - [TEST_STEP][NOT_RUN] - verifyElementVisible(findTestObject("Object Repository/Alda/Admin - Manage FAQ/Page_Manage Faq/alert_success_upload_image")): NOT_RUN: verifyElementVisible(findTestObject("Object Repository/Alda/Admin - Manage FAQ/Page_Manage Faq/alert_success_upload_image"))

2020-06-17 18:12:19 - [MESSAGE][NOT_RUN] - NOT_RUN: verifyElementVisible(findTestObject("Object Repository/Alda/Admin - Manage FAQ/Page_Manage Faq/alert_success_upload_image"))

2020-06-17 18:12:19 - [TEST_STEP][PASSED] - click(findTestObject("Alda/Admin - Manage FAQ/Page_Manage Faq/edit_tag")): Object: 'Object Repository/Alda/Admin - Manage FAQ/Page_Manage Faq/edit_tag' is clicked on

2020-06-17 18:12:19 - [MESSAGE][PASSED] - Object: 'Object Repository/Alda/Admin - Manage FAQ/Page_Manage Faq/edit_tag' is clicked on

2020-06-17 18:12:19 - [TEST_STEP][PASSED] - setText(findTestObject("Alda/Admin - Manage FAQ/Page_Manage Faq/edit_tag"), var_tag_new): Text 'pertanyaan' is set on object 'Object Repository/Alda/Admin - Manage FAQ/Page_Manage Faq/edit_tag'

2020-06-17 18:12:21 - [MESSAGE][PASSED] - Text 'pertanyaan' is set on object 'Object Repository/Alda/Admin - Manage FAQ/Page_Manage Faq/edit_tag'

2020-06-17 18:12:21 - [TEST_STEP][PASSED] - sendKeys(findTestObject("Alda/Admin - Manage FAQ/Page_Manage Faq/edit_tag"), Keys.chord(ENTER)): Keys 'ENTER + ' sent to object: 'Object Repository/Alda/Admin - Manage FAQ/Page_Manage Faq/edit_tag'

2020-06-17 18:12:21 - [MESSAGE][PASSED] - Keys 'ENTER + ' sent to object: 'Object Repository/Alda/Admin - Manage FAQ/Page_Manage Faq/edit_tag'

2020-06-17 18:12:21 - [TEST_STEP][PASSED] - break: null

2020-06-17 18:12:21 - [TEST_STEP][PASSED] - switch (expected_output): null

2020-06-17 18:12:21 - [TEST_STEP][PASSED] - case "pass":: null

2020-06-17 18:12:21 - [TEST_STEP][PASSED] - click(findTestObject("Object Repository/Alda/Admin - Manage FAQ/Page_Manage Faq/btn_save_edit")): Object: 'Object Repository/Alda/Admin - Manage FAQ/Page_Manage Faq/btn_save_edit' is clicked on

2020-06-17 18:12:22 - [MESSAGE][PASSED] - Object: 'Object Repository/Alda/Admin - Manage FAQ/Page_Manage Faq/btn_save_edit' is clicked on

2020-06-17 18:12:22 - [TEST_STEP][PASSED] - delay(3): Delayed 3 second(s)

2020-06-17 18:12:25 - [MESSAGE][PASSED] - Delayed 3 second(s)

2020-06-17 18:12:25 - [TEST_STEP][PASSED] - clearText(findTestObject("Alda/Admin - Manage FAQ/Page_Manage Faq/input_search")): Text of object 'Object Repository/Alda/Admin - Manage FAQ/Page_Manage Faq/input_search' is cleared

2020-06-17 18:12:30 - [MESSAGE][PASSED] - Text of object 'Object Repository/Alda/Admin - Manage FAQ/Page_Manage Faq/input_search' is cleared

2020-06-17 18:12:30 - [TEST_STEP][PASSED] - click(findTestObject("Alda/Admin - Manage FAQ/Page_Manage Faq/input_search")): Object: 'Object Repository/Alda/Admin - Manage FAQ/Page_Manage Faq/input_search' is clicked on

2020-06-17 18:12:30 - [MESSAGE][PASSED] - Object: 'Object Repository/Alda/Admin - Manage FAQ/Page_Manage Faq/input_search' is clicked on

2020-06-17 18:12:30 - [TEST_STEP][PASSED] - setText(findTestObject("Alda/Admin - Manage FAQ/Page_Manage Faq/input_search"), var_search_after_edit): Text 'question 5 adalah?' is set on object 'Object Repository/Alda/Admin - Manage FAQ/Page_Manage Faq/input_search'

2020-06-17 18:12:31 - [MESSAGE][PASSED] - Text 'question 5 adalah?' is set on object 'Object Repository/Alda/Admin - Manage FAQ/Page_Manage Faq/input_search'

2020-06-17 18:12:31 - [TEST_STEP][PASSED] - sendKeys(findTestObject("Alda/Admin - Manage FAQ/Page_Manage Faq/input_search"), Keys.chord(ENTER)): Keys 'ENTER + ' sent to object: 'Object Repository/Alda/Admin - Manage FAQ/Page_Manage Faq/input_search'

2020-06-17 18:12:31 - [MESSAGE][PASSED] - Keys 'ENTER + ' sent to object: 'Object Repository/Alda/Admin - Manage FAQ/Page_Manage Faq/input_search'

2020-06-17 18:12:31 - [TEST_STEP][PASSED] - verifyElementVisible(findTestObject("Alda/Admin - Manage FAQ/Page_Manage Faq/label_search_visible - Copy", ["text":var_search_after_edit])): Object 'Object Repository/Alda/Admin - Manage FAQ/Page_Manage Faq/label_search_visible - Copy' is visible

2020-06-17 18:12:34 - [MESSAGE][PASSED] - Object 'Object Repository/Alda/Admin - Manage FAQ/Page_Manage Faq/label_search_visible - Copy' is visible

2020-06-17 18:12:34 - [TEST_STEP][PASSED] - break: null

2020-06-17 18:12:34 - [TEST_STEP][PASSED] - closeBrowser(): Browser is closed

2020-06-17 18:12:35 - [MESSAGE][PASSED] - Browser is closed]]></system-out>
         <system-err><![CDATA[]]></system-err>
      </testcase>
      <testcase name="Test Cases/Alda/Admin - Manage FAQ/Edit" time="80.622" classname="Test Cases/Alda/Admin - Manage FAQ/Edit" status="PASSED">
         <system-out><![CDATA[2020-06-17 18:12:36 - [TEST_CASE][PASSED] - Test Cases/Alda/Admin - Manage FAQ/Edit: Test Cases/Alda/Admin - Manage FAQ/Edit

2020-06-17 18:12:36 - [TEST_STEP][PASSED] - callTestCase(findTestCase("Alda/Admin - Manage FAQ/Search"), ["var_search":var_search, "expected_output":""], STOP_ON_FAILURE): Call Test Case 'Test Cases/Alda/Admin - Manage FAQ/Search' successfully

2020-06-17 18:12:36 - [TEST_CASE][PASSED] - Test Cases/Alda/Admin - Manage FAQ/Search: Test Cases/Alda/Admin - Manage FAQ/Search

2020-06-17 18:12:36 - [TEST_STEP][PASSED] - callTestCase(findTestCase("Christi/Admin/admin login"), ["username":"11666", "password":"Password3"], STOP_ON_FAILURE): Call Test Case 'Test Cases/Christi/Admin/admin login' successfully

2020-06-17 18:12:36 - [TEST_CASE][PASSED] - Test Cases/Christi/Admin/admin login: Test Cases/Christi/Admin/admin login

2020-06-17 18:12:36 - [TEST_STEP][PASSED] - openBrowser(""): Browser is opened with url: ''

2020-06-17 18:12:36 - [MESSAGE][INFO] - Starting 'Chrome' driver

2020-06-17 18:12:39 - [MESSAGE][PASSED] - Browser is opened with url: ''

2020-06-17 18:12:39 - [TEST_STEP][PASSED] - navigateToUrl("https://appsrv1.deltadatamandiri.com/ACC_LMS_WEB/#/admNLmn"): Navigate to 'https://appsrv1.deltadatamandiri.com/ACC_LMS_WEB/#/admNLmn' successfully

2020-06-17 18:13:04 - [MESSAGE][PASSED] - Navigate to 'https://appsrv1.deltadatamandiri.com/ACC_LMS_WEB/#/admNLmn' successfully

2020-06-17 18:13:04 - [TEST_STEP][PASSED] - click(findTestObject("Christi/Page_Main/button_login")): Object: 'Object Repository/Christi/Page_Main/button_login' is clicked on

2020-06-17 18:13:09 - [MESSAGE][ERROR] - javascript error: Failed to execute 'elementsFromPoint' on 'Document': The provided double value is non-finite.
  (Session info: chrome=83.0.4103.106)
Build info: version: '3.141.59', revision: 'e82be7d358', time: '2018-11-14T08:25:53'
System info: host: 'LAPTOP-D0TPACJ1', ip: '192.168.100.227', os.name: 'Windows 10', os.arch: 'amd64', os.version: '10.0', java.version: '1.8.0_181'
Driver info: com.kms.katalon.selenium.driver.CChromeDriver
Capabilities {acceptInsecureCerts: false, browserName: chrome, browserVersion: 83.0.4103.106, chrome: {chromedriverVersion: 83.0.4103.39 (ccbf011cb2d2b..., userDataDir: C:\Users\ASUS\AppData\Local...}, goog:chromeOptions: {debuggerAddress: localhost:62231}, javascriptEnabled: true, networkConnectionEnabled: false, pageLoadStrategy: normal, platform: WINDOWS, platformName: WINDOWS, proxy: Proxy(), setWindowRect: true, strictFileInteractability: false, timeouts: {implicit: 0, pageLoad: 300000, script: 30000}, unhandledPromptBehavior: dismiss and notify, webauthn:virtualAuthenticators: true}
Session ID: 109b71ef1a8c90b73d442a1276f24ba4

2020-06-17 18:13:10 - [MESSAGE][PASSED] - Object: 'Object Repository/Christi/Page_Main/button_login' is clicked on

2020-06-17 18:13:10 - [TEST_STEP][PASSED] - delay(3): Delayed 3 second(s)

2020-06-17 18:13:13 - [MESSAGE][PASSED] - Delayed 3 second(s)

2020-06-17 18:13:13 - [TEST_STEP][PASSED] - setText(findTestObject("Object Repository/Christi/Page_Main/input_NPK_username"), username): Text '11666' is set on object 'Object Repository/Christi/Page_Main/input_NPK_username'

2020-06-17 18:13:13 - [MESSAGE][PASSED] - Text '11666' is set on object 'Object Repository/Christi/Page_Main/input_NPK_username'

2020-06-17 18:13:13 - [TEST_STEP][PASSED] - setText(findTestObject("Object Repository/Christi/Page_Main/input_Password_password"), password): Text 'Password3' is set on object 'Object Repository/Christi/Page_Main/input_Password_password'

2020-06-17 18:13:14 - [MESSAGE][PASSED] - Text 'Password3' is set on object 'Object Repository/Christi/Page_Main/input_Password_password'

2020-06-17 18:13:14 - [TEST_STEP][PASSED] - delay(5): Delayed 5 second(s)

2020-06-17 18:13:19 - [MESSAGE][PASSED] - Delayed 5 second(s)

2020-06-17 18:13:19 - [TEST_STEP][PASSED] - click(findTestObject("Rizka/Admin/Admin - Login/btnLogin2")): Object: 'Object Repository/Rizka/Admin/Admin - Login/btnLogin2' is clicked on

2020-06-17 18:13:19 - [MESSAGE][PASSED] - Object: 'Object Repository/Rizka/Admin/Admin - Login/btnLogin2' is clicked on

2020-06-17 18:13:19 - [TEST_STEP][PASSED] - delay(5): Delayed 5 second(s)

2020-06-17 18:13:24 - [MESSAGE][PASSED] - Delayed 5 second(s)

2020-06-17 18:13:24 - [MESSAGE][PASSED] - Call Test Case 'Test Cases/Christi/Admin/admin login' successfully

2020-06-17 18:13:24 - [TEST_STEP][PASSED] - delay(5): Delayed 5 second(s)

2020-06-17 18:13:29 - [MESSAGE][PASSED] - Delayed 5 second(s)

2020-06-17 18:13:29 - [TEST_STEP][PASSED] - click(findTestObject("Christi/Page_Dashboard Admin/span_Manage FAQ")): Object: 'Object Repository/Christi/Page_Dashboard Admin/span_Manage FAQ' is clicked on

2020-06-17 18:13:30 - [MESSAGE][PASSED] - Object: 'Object Repository/Christi/Page_Dashboard Admin/span_Manage FAQ' is clicked on

2020-06-17 18:13:30 - [TEST_STEP][PASSED] - click(findTestObject("Alda/Admin - Manage FAQ/Page_Manage Faq/input_search")): Object: 'Object Repository/Alda/Admin - Manage FAQ/Page_Manage Faq/input_search' is clicked on

2020-06-17 18:13:33 - [MESSAGE][PASSED] - Object: 'Object Repository/Alda/Admin - Manage FAQ/Page_Manage Faq/input_search' is clicked on

2020-06-17 18:13:33 - [TEST_STEP][PASSED] - setText(findTestObject("Alda/Admin - Manage FAQ/Page_Manage Faq/input_search"), var_search): Text 'question 5 adalah?' is set on object 'Object Repository/Alda/Admin - Manage FAQ/Page_Manage Faq/input_search'

2020-06-17 18:13:36 - [MESSAGE][PASSED] - Text 'question 5 adalah?' is set on object 'Object Repository/Alda/Admin - Manage FAQ/Page_Manage Faq/input_search'

2020-06-17 18:13:36 - [TEST_STEP][PASSED] - click(findTestObject("Christi/Page_Manage Faq/button_Clear button_app-search-button wi wi-search"), STOP_ON_FAILURE): Object: 'Object Repository/Christi/Page_Manage Faq/button_Clear button_app-search-button wi wi-search' is clicked on

2020-06-17 18:13:37 - [MESSAGE][PASSED] - Object: 'Object Repository/Christi/Page_Manage Faq/button_Clear button_app-search-button wi wi-search' is clicked on

2020-06-17 18:13:37 - [TEST_STEP][PASSED] - if (expected_output == "found"): null

2020-06-17 18:13:37 - [MESSAGE][PASSED] - Call Test Case 'Test Cases/Alda/Admin - Manage FAQ/Search' successfully

2020-06-17 18:13:37 - [TEST_STEP][PASSED] - delay(5): Delayed 5 second(s)

2020-06-17 18:13:42 - [MESSAGE][PASSED] - Delayed 5 second(s)

2020-06-17 18:13:42 - [TEST_STEP][PASSED] - click(findTestObject("Alda/Admin - Manage FAQ/Page_Manage Faq/btn_edit")): Object: 'Object Repository/Alda/Admin - Manage FAQ/Page_Manage Faq/btn_edit' is clicked on

2020-06-17 18:13:43 - [MESSAGE][PASSED] - Object: 'Object Repository/Alda/Admin - Manage FAQ/Page_Manage Faq/btn_edit' is clicked on

2020-06-17 18:13:43 - [TEST_STEP][PASSED] - verifyElementVisible(findTestObject("Object Repository/Alda/Admin - Manage FAQ/Page_Manage Faq/header_edit_page")): Object 'Object Repository/Alda/Admin - Manage FAQ/Page_Manage Faq/header_edit_page' is visible

2020-06-17 18:13:49 - [MESSAGE][PASSED] - Object 'Object Repository/Alda/Admin - Manage FAQ/Page_Manage Faq/header_edit_page' is visible

2020-06-17 18:13:49 - [TEST_STEP][PASSED] - switch (opsi_edit): null

2020-06-17 18:13:49 - [TEST_STEP][PASSED] - case "all":: null

2020-06-17 18:13:49 - [TEST_STEP][PASSED] - clearText(findTestObject("Alda/Admin - Manage FAQ/Page_Manage Faq/edit_question"), STOP_ON_FAILURE): Text of object 'Object Repository/Alda/Admin - Manage FAQ/Page_Manage Faq/edit_question' is cleared

2020-06-17 18:13:49 - [MESSAGE][PASSED] - Text of object 'Object Repository/Alda/Admin - Manage FAQ/Page_Manage Faq/edit_question' is cleared

2020-06-17 18:13:49 - [TEST_STEP][PASSED] - setText(findTestObject("Alda/Admin - Manage FAQ/Page_Manage Faq/edit_question"), var_question_new): Text 'question5' is set on object 'Object Repository/Alda/Admin - Manage FAQ/Page_Manage Faq/edit_question'

2020-06-17 18:13:50 - [MESSAGE][PASSED] - Text 'question5' is set on object 'Object Repository/Alda/Admin - Manage FAQ/Page_Manage Faq/edit_question'

2020-06-17 18:13:50 - [TEST_STEP][PASSED] - clearText(findTestObject("Alda/Admin - Manage FAQ/Page_Manage Faq/edit_answer"), STOP_ON_FAILURE): Text of object 'Object Repository/Alda/Admin - Manage FAQ/Page_Manage Faq/edit_answer' is cleared

2020-06-17 18:13:51 - [MESSAGE][PASSED] - Text of object 'Object Repository/Alda/Admin - Manage FAQ/Page_Manage Faq/edit_answer' is cleared

2020-06-17 18:13:51 - [TEST_STEP][PASSED] - setText(findTestObject("Alda/Admin - Manage FAQ/Page_Manage Faq/edit_answer"), var_answer_new): Text 'answer5' is set on object 'Object Repository/Alda/Admin - Manage FAQ/Page_Manage Faq/edit_answer'

2020-06-17 18:13:51 - [MESSAGE][PASSED] - Text 'answer5' is set on object 'Object Repository/Alda/Admin - Manage FAQ/Page_Manage Faq/edit_answer'

2020-06-17 18:13:51 - [TEST_STEP][PASSED] - uploadFile(findTestObject("Alda/Admin - Manage FAQ/Page_Manage Faq/edit_gambar"), var_gambar_new): File 'C:\Users\ASUS\git\LearningManagementWebs\gambar_alda.jpg' sent to object: 'Object Repository/Alda/Admin - Manage FAQ/Page_Manage Faq/edit_gambar'

2020-06-17 18:13:52 - [MESSAGE][PASSED] - File 'C:\Users\ASUS\git\LearningManagementWebs\gambar_alda.jpg' sent to object: 'Object Repository/Alda/Admin - Manage FAQ/Page_Manage Faq/edit_gambar'

2020-06-17 18:13:52 - [TEST_STEP][NOT_RUN] - if (expected_image == "success"): NOT_RUN: verifyElementVisible(findTestObject("Object Repository/Alda/Admin - Manage FAQ/Page_Manage Faq/alert_success_upload_image"))

2020-06-17 18:13:52 - [TEST_STEP][NOT_RUN] - verifyElementVisible(findTestObject("Object Repository/Alda/Admin - Manage FAQ/Page_Manage Faq/alert_success_upload_image")): NOT_RUN: verifyElementVisible(findTestObject("Object Repository/Alda/Admin - Manage FAQ/Page_Manage Faq/alert_success_upload_image"))

2020-06-17 18:13:52 - [MESSAGE][NOT_RUN] - NOT_RUN: verifyElementVisible(findTestObject("Object Repository/Alda/Admin - Manage FAQ/Page_Manage Faq/alert_success_upload_image"))

2020-06-17 18:13:52 - [TEST_STEP][PASSED] - click(findTestObject("Alda/Admin - Manage FAQ/Page_Manage Faq/edit_tag")): Object: 'Object Repository/Alda/Admin - Manage FAQ/Page_Manage Faq/edit_tag' is clicked on

2020-06-17 18:13:53 - [MESSAGE][PASSED] - Object: 'Object Repository/Alda/Admin - Manage FAQ/Page_Manage Faq/edit_tag' is clicked on

2020-06-17 18:13:53 - [TEST_STEP][PASSED] - setText(findTestObject("Alda/Admin - Manage FAQ/Page_Manage Faq/edit_tag"), var_tag_new): Text 'apaaja' is set on object 'Object Repository/Alda/Admin - Manage FAQ/Page_Manage Faq/edit_tag'

2020-06-17 18:13:54 - [MESSAGE][PASSED] - Text 'apaaja' is set on object 'Object Repository/Alda/Admin - Manage FAQ/Page_Manage Faq/edit_tag'

2020-06-17 18:13:54 - [TEST_STEP][PASSED] - sendKeys(findTestObject("Alda/Admin - Manage FAQ/Page_Manage Faq/edit_tag"), Keys.chord(ENTER)): Keys 'ENTER + ' sent to object: 'Object Repository/Alda/Admin - Manage FAQ/Page_Manage Faq/edit_tag'

2020-06-17 18:13:55 - [MESSAGE][PASSED] - Keys 'ENTER + ' sent to object: 'Object Repository/Alda/Admin - Manage FAQ/Page_Manage Faq/edit_tag'

2020-06-17 18:13:55 - [TEST_STEP][PASSED] - break: null

2020-06-17 18:13:55 - [TEST_STEP][PASSED] - switch (expected_output): null

2020-06-17 18:13:55 - [TEST_STEP][PASSED] - case "cancel":: null

2020-06-17 18:13:55 - [TEST_STEP][PASSED] - click(findTestObject("Object Repository/Alda/Admin - Manage FAQ/Page_Manage Faq/btn_cancel_edit")): Object: 'Object Repository/Alda/Admin - Manage FAQ/Page_Manage Faq/btn_cancel_edit' is clicked on

2020-06-17 18:13:55 - [MESSAGE][PASSED] - Object: 'Object Repository/Alda/Admin - Manage FAQ/Page_Manage Faq/btn_cancel_edit' is clicked on

2020-06-17 18:13:55 - [TEST_STEP][PASSED] - break: null

2020-06-17 18:13:55 - [TEST_STEP][PASSED] - closeBrowser(): Browser is closed

2020-06-17 18:13:56 - [MESSAGE][PASSED] - Browser is closed]]></system-out>
         <system-err><![CDATA[]]></system-err>
      </testcase>
      <testcase name="Test Cases/Alda/Admin - Manage FAQ/Edit" time="77.273" classname="Test Cases/Alda/Admin - Manage FAQ/Edit" status="PASSED">
         <system-out><![CDATA[2020-06-17 18:13:56 - [TEST_CASE][PASSED] - Test Cases/Alda/Admin - Manage FAQ/Edit: Test Cases/Alda/Admin - Manage FAQ/Edit

2020-06-17 18:13:56 - [TEST_STEP][PASSED] - callTestCase(findTestCase("Alda/Admin - Manage FAQ/Search"), ["var_search":var_search, "expected_output":""], STOP_ON_FAILURE): Call Test Case 'Test Cases/Alda/Admin - Manage FAQ/Search' successfully

2020-06-17 18:13:57 - [TEST_CASE][PASSED] - Test Cases/Alda/Admin - Manage FAQ/Search: Test Cases/Alda/Admin - Manage FAQ/Search

2020-06-17 18:13:57 - [TEST_STEP][PASSED] - callTestCase(findTestCase("Christi/Admin/admin login"), ["username":"11666", "password":"Password3"], STOP_ON_FAILURE): Call Test Case 'Test Cases/Christi/Admin/admin login' successfully

2020-06-17 18:13:57 - [TEST_CASE][PASSED] - Test Cases/Christi/Admin/admin login: Test Cases/Christi/Admin/admin login

2020-06-17 18:13:57 - [TEST_STEP][PASSED] - openBrowser(""): Browser is opened with url: ''

2020-06-17 18:13:57 - [MESSAGE][INFO] - Starting 'Chrome' driver

2020-06-17 18:14:00 - [MESSAGE][PASSED] - Browser is opened with url: ''

2020-06-17 18:14:00 - [TEST_STEP][PASSED] - navigateToUrl("https://appsrv1.deltadatamandiri.com/ACC_LMS_WEB/#/admNLmn"): Navigate to 'https://appsrv1.deltadatamandiri.com/ACC_LMS_WEB/#/admNLmn' successfully

2020-06-17 18:14:23 - [MESSAGE][PASSED] - Navigate to 'https://appsrv1.deltadatamandiri.com/ACC_LMS_WEB/#/admNLmn' successfully

2020-06-17 18:14:23 - [TEST_STEP][PASSED] - click(findTestObject("Christi/Page_Main/button_login")): Object: 'Object Repository/Christi/Page_Main/button_login' is clicked on

2020-06-17 18:14:30 - [MESSAGE][ERROR] - javascript error: Failed to execute 'elementsFromPoint' on 'Document': The provided double value is non-finite.
  (Session info: chrome=83.0.4103.106)
Build info: version: '3.141.59', revision: 'e82be7d358', time: '2018-11-14T08:25:53'
System info: host: 'LAPTOP-D0TPACJ1', ip: '192.168.100.227', os.name: 'Windows 10', os.arch: 'amd64', os.version: '10.0', java.version: '1.8.0_181'
Driver info: com.kms.katalon.selenium.driver.CChromeDriver
Capabilities {acceptInsecureCerts: false, browserName: chrome, browserVersion: 83.0.4103.106, chrome: {chromedriverVersion: 83.0.4103.39 (ccbf011cb2d2b..., userDataDir: C:\Users\ASUS\AppData\Local...}, goog:chromeOptions: {debuggerAddress: localhost:62332}, javascriptEnabled: true, networkConnectionEnabled: false, pageLoadStrategy: normal, platform: WINDOWS, platformName: WINDOWS, proxy: Proxy(), setWindowRect: true, strictFileInteractability: false, timeouts: {implicit: 0, pageLoad: 300000, script: 30000}, unhandledPromptBehavior: dismiss and notify, webauthn:virtualAuthenticators: true}
Session ID: c1f3b6b509327dd6f3d7e752c7001029

2020-06-17 18:14:31 - [MESSAGE][PASSED] - Object: 'Object Repository/Christi/Page_Main/button_login' is clicked on

2020-06-17 18:14:31 - [TEST_STEP][PASSED] - delay(3): Delayed 3 second(s)

2020-06-17 18:14:34 - [MESSAGE][PASSED] - Delayed 3 second(s)

2020-06-17 18:14:34 - [TEST_STEP][PASSED] - setText(findTestObject("Object Repository/Christi/Page_Main/input_NPK_username"), username): Text '11666' is set on object 'Object Repository/Christi/Page_Main/input_NPK_username'

2020-06-17 18:14:34 - [MESSAGE][PASSED] - Text '11666' is set on object 'Object Repository/Christi/Page_Main/input_NPK_username'

2020-06-17 18:14:34 - [TEST_STEP][PASSED] - setText(findTestObject("Object Repository/Christi/Page_Main/input_Password_password"), password): Text 'Password3' is set on object 'Object Repository/Christi/Page_Main/input_Password_password'

2020-06-17 18:14:35 - [MESSAGE][PASSED] - Text 'Password3' is set on object 'Object Repository/Christi/Page_Main/input_Password_password'

2020-06-17 18:14:35 - [TEST_STEP][PASSED] - delay(5): Delayed 5 second(s)

2020-06-17 18:14:40 - [MESSAGE][PASSED] - Delayed 5 second(s)

2020-06-17 18:14:40 - [TEST_STEP][PASSED] - click(findTestObject("Rizka/Admin/Admin - Login/btnLogin2")): Object: 'Object Repository/Rizka/Admin/Admin - Login/btnLogin2' is clicked on

2020-06-17 18:14:41 - [MESSAGE][PASSED] - Object: 'Object Repository/Rizka/Admin/Admin - Login/btnLogin2' is clicked on

2020-06-17 18:14:41 - [TEST_STEP][PASSED] - delay(5): Delayed 5 second(s)

2020-06-17 18:14:46 - [MESSAGE][PASSED] - Delayed 5 second(s)

2020-06-17 18:14:46 - [MESSAGE][PASSED] - Call Test Case 'Test Cases/Christi/Admin/admin login' successfully

2020-06-17 18:14:46 - [TEST_STEP][PASSED] - delay(5): Delayed 5 second(s)

2020-06-17 18:14:51 - [MESSAGE][PASSED] - Delayed 5 second(s)

2020-06-17 18:14:51 - [TEST_STEP][PASSED] - click(findTestObject("Christi/Page_Dashboard Admin/span_Manage FAQ")): Object: 'Object Repository/Christi/Page_Dashboard Admin/span_Manage FAQ' is clicked on

2020-06-17 18:14:51 - [MESSAGE][PASSED] - Object: 'Object Repository/Christi/Page_Dashboard Admin/span_Manage FAQ' is clicked on

2020-06-17 18:14:51 - [TEST_STEP][PASSED] - click(findTestObject("Alda/Admin - Manage FAQ/Page_Manage Faq/input_search")): Object: 'Object Repository/Alda/Admin - Manage FAQ/Page_Manage Faq/input_search' is clicked on

2020-06-17 18:14:53 - [MESSAGE][PASSED] - Object: 'Object Repository/Alda/Admin - Manage FAQ/Page_Manage Faq/input_search' is clicked on

2020-06-17 18:14:53 - [TEST_STEP][PASSED] - setText(findTestObject("Alda/Admin - Manage FAQ/Page_Manage Faq/input_search"), var_search): Text 'question 5 adalah?' is set on object 'Object Repository/Alda/Admin - Manage FAQ/Page_Manage Faq/input_search'

2020-06-17 18:14:55 - [MESSAGE][PASSED] - Text 'question 5 adalah?' is set on object 'Object Repository/Alda/Admin - Manage FAQ/Page_Manage Faq/input_search'

2020-06-17 18:14:55 - [TEST_STEP][PASSED] - click(findTestObject("Christi/Page_Manage Faq/button_Clear button_app-search-button wi wi-search"), STOP_ON_FAILURE): Object: 'Object Repository/Christi/Page_Manage Faq/button_Clear button_app-search-button wi wi-search' is clicked on

2020-06-17 18:14:56 - [MESSAGE][PASSED] - Object: 'Object Repository/Christi/Page_Manage Faq/button_Clear button_app-search-button wi wi-search' is clicked on

2020-06-17 18:14:56 - [TEST_STEP][PASSED] - if (expected_output == "found"): null

2020-06-17 18:14:56 - [MESSAGE][PASSED] - Call Test Case 'Test Cases/Alda/Admin - Manage FAQ/Search' successfully

2020-06-17 18:14:56 - [TEST_STEP][PASSED] - delay(5): Delayed 5 second(s)

2020-06-17 18:15:01 - [MESSAGE][PASSED] - Delayed 5 second(s)

2020-06-17 18:15:01 - [TEST_STEP][PASSED] - click(findTestObject("Alda/Admin - Manage FAQ/Page_Manage Faq/btn_edit")): Object: 'Object Repository/Alda/Admin - Manage FAQ/Page_Manage Faq/btn_edit' is clicked on

2020-06-17 18:15:01 - [MESSAGE][PASSED] - Object: 'Object Repository/Alda/Admin - Manage FAQ/Page_Manage Faq/btn_edit' is clicked on

2020-06-17 18:15:01 - [TEST_STEP][PASSED] - verifyElementVisible(findTestObject("Object Repository/Alda/Admin - Manage FAQ/Page_Manage Faq/header_edit_page")): Object 'Object Repository/Alda/Admin - Manage FAQ/Page_Manage Faq/header_edit_page' is visible

2020-06-17 18:15:07 - [MESSAGE][PASSED] - Object 'Object Repository/Alda/Admin - Manage FAQ/Page_Manage Faq/header_edit_page' is visible

2020-06-17 18:15:07 - [TEST_STEP][PASSED] - switch (opsi_edit): null

2020-06-17 18:15:07 - [TEST_STEP][PASSED] - case "all":: null

2020-06-17 18:15:07 - [TEST_STEP][PASSED] - clearText(findTestObject("Alda/Admin - Manage FAQ/Page_Manage Faq/edit_question"), STOP_ON_FAILURE): Text of object 'Object Repository/Alda/Admin - Manage FAQ/Page_Manage Faq/edit_question' is cleared

2020-06-17 18:15:08 - [MESSAGE][PASSED] - Text of object 'Object Repository/Alda/Admin - Manage FAQ/Page_Manage Faq/edit_question' is cleared

2020-06-17 18:15:08 - [TEST_STEP][PASSED] - setText(findTestObject("Alda/Admin - Manage FAQ/Page_Manage Faq/edit_question"), var_question_new): Text 'question5' is set on object 'Object Repository/Alda/Admin - Manage FAQ/Page_Manage Faq/edit_question'

2020-06-17 18:15:08 - [MESSAGE][PASSED] - Text 'question5' is set on object 'Object Repository/Alda/Admin - Manage FAQ/Page_Manage Faq/edit_question'

2020-06-17 18:15:08 - [TEST_STEP][PASSED] - clearText(findTestObject("Alda/Admin - Manage FAQ/Page_Manage Faq/edit_answer"), STOP_ON_FAILURE): Text of object 'Object Repository/Alda/Admin - Manage FAQ/Page_Manage Faq/edit_answer' is cleared

2020-06-17 18:15:09 - [MESSAGE][PASSED] - Text of object 'Object Repository/Alda/Admin - Manage FAQ/Page_Manage Faq/edit_answer' is cleared

2020-06-17 18:15:09 - [TEST_STEP][PASSED] - setText(findTestObject("Alda/Admin - Manage FAQ/Page_Manage Faq/edit_answer"), var_answer_new): Text 'answer5' is set on object 'Object Repository/Alda/Admin - Manage FAQ/Page_Manage Faq/edit_answer'

2020-06-17 18:15:09 - [MESSAGE][PASSED] - Text 'answer5' is set on object 'Object Repository/Alda/Admin - Manage FAQ/Page_Manage Faq/edit_answer'

2020-06-17 18:15:09 - [TEST_STEP][PASSED] - uploadFile(findTestObject("Alda/Admin - Manage FAQ/Page_Manage Faq/edit_gambar"), var_gambar_new): File 'C:\Users\ASUS\git\LearningManagementWebs\gambar_alda.gif' sent to object: 'Object Repository/Alda/Admin - Manage FAQ/Page_Manage Faq/edit_gambar'

2020-06-17 18:15:10 - [MESSAGE][PASSED] - File 'C:\Users\ASUS\git\LearningManagementWebs\gambar_alda.gif' sent to object: 'Object Repository/Alda/Admin - Manage FAQ/Page_Manage Faq/edit_gambar'

2020-06-17 18:15:10 - [TEST_STEP][PASSED] - if (expected_image == "success"): null

2020-06-17 18:15:10 - [TEST_STEP][PASSED] - else if (expected_image == "error"): Object 'Object Repository/Alda/Admin - Manage FAQ/Page_Manage Faq/alert_error_upload_image' is visible

2020-06-17 18:15:10 - [TEST_STEP][PASSED] - verifyElementVisible(findTestObject("Object Repository/Alda/Admin - Manage FAQ/Page_Manage Faq/alert_error_upload_image")): Object 'Object Repository/Alda/Admin - Manage FAQ/Page_Manage Faq/alert_error_upload_image' is visible

2020-06-17 18:15:11 - [MESSAGE][PASSED] - Object 'Object Repository/Alda/Admin - Manage FAQ/Page_Manage Faq/alert_error_upload_image' is visible

2020-06-17 18:15:11 - [TEST_STEP][PASSED] - click(findTestObject("Alda/Admin - Manage FAQ/Page_Manage Faq/edit_tag")): Object: 'Object Repository/Alda/Admin - Manage FAQ/Page_Manage Faq/edit_tag' is clicked on

2020-06-17 18:15:11 - [MESSAGE][PASSED] - Object: 'Object Repository/Alda/Admin - Manage FAQ/Page_Manage Faq/edit_tag' is clicked on

2020-06-17 18:15:11 - [TEST_STEP][PASSED] - setText(findTestObject("Alda/Admin - Manage FAQ/Page_Manage Faq/edit_tag"), var_tag_new): Text '' is set on object 'Object Repository/Alda/Admin - Manage FAQ/Page_Manage Faq/edit_tag'

2020-06-17 18:15:12 - [MESSAGE][PASSED] - Text '' is set on object 'Object Repository/Alda/Admin - Manage FAQ/Page_Manage Faq/edit_tag'

2020-06-17 18:15:12 - [TEST_STEP][PASSED] - sendKeys(findTestObject("Alda/Admin - Manage FAQ/Page_Manage Faq/edit_tag"), Keys.chord(ENTER)): Keys 'ENTER + ' sent to object: 'Object Repository/Alda/Admin - Manage FAQ/Page_Manage Faq/edit_tag'

2020-06-17 18:15:13 - [MESSAGE][PASSED] - Keys 'ENTER + ' sent to object: 'Object Repository/Alda/Admin - Manage FAQ/Page_Manage Faq/edit_tag'

2020-06-17 18:15:13 - [TEST_STEP][PASSED] - break: null

2020-06-17 18:15:13 - [TEST_STEP][PASSED] - switch (expected_output): null

2020-06-17 18:15:13 - [TEST_STEP][PASSED] - closeBrowser(): Browser is closed

2020-06-17 18:15:14 - [MESSAGE][PASSED] - Browser is closed]]></system-out>
         <system-err><![CDATA[]]></system-err>
      </testcase>
      <testcase name="Test Cases/Alda/Admin - Manage FAQ/Edit" time="115.86" classname="Test Cases/Alda/Admin - Manage FAQ/Edit" status="FAILED">
         <failure type="FAILED" message="Test Cases/Alda/Admin - Manage FAQ/Edit FAILED.
Reason:
com.kms.katalon.core.exception.StepFailedException: Unable to verify object 'Object Repository/Alda/Admin - Manage FAQ/Page_Manage Faq/alert_error' is visible
	at com.kms.katalon.core.webui.keyword.internal.WebUIKeywordMain.stepFailed(WebUIKeywordMain.groovy:64)
	at com.kms.katalon.core.webui.keyword.internal.WebUIKeywordMain.runKeyword(WebUIKeywordMain.groovy:26)
	at com.kms.katalon.core.webui.keyword.builtin.VerifyElementVisibleKeyword.verifyElementVisible(VerifyElementVisibleKeyword.groovy:97)
	at com.kms.katalon.core.webui.keyword.builtin.VerifyElementVisibleKeyword.execute(VerifyElementVisibleKeyword.groovy:67)
	at com.kms.katalon.core.keyword.internal.KeywordExecutor.executeKeywordForPlatform(KeywordExecutor.groovy:60)
	at com.kms.katalon.core.webui.keyword.WebUiBuiltInKeywords.verifyElementVisible(WebUiBuiltInKeywords.groovy:372)
	at com.kms.katalon.core.webui.keyword.WebUiBuiltInKeywords$verifyElementVisible$4.call(Unknown Source)
	at Edit.run(Edit:117)
	at com.kms.katalon.core.main.ScriptEngine.run(ScriptEngine.java:194)
	at com.kms.katalon.core.main.ScriptEngine.runScriptAsRawText(ScriptEngine.java:119)
	at com.kms.katalon.core.main.TestCaseExecutor.runScript(TestCaseExecutor.java:337)
	at com.kms.katalon.core.main.TestCaseExecutor.doExecute(TestCaseExecutor.java:328)
	at com.kms.katalon.core.main.TestCaseExecutor.processExecutionPhase(TestCaseExecutor.java:307)
	at com.kms.katalon.core.main.TestCaseExecutor.accessMainPhase(TestCaseExecutor.java:299)
	at com.kms.katalon.core.main.TestCaseExecutor.execute(TestCaseExecutor.java:233)
	at com.kms.katalon.core.main.TestSuiteExecutor.accessTestCaseMainPhase(TestSuiteExecutor.java:169)
	at com.kms.katalon.core.main.TestSuiteExecutor.accessTestSuiteMainPhase(TestSuiteExecutor.java:142)
	at com.kms.katalon.core.main.TestSuiteExecutor.execute(TestSuiteExecutor.java:91)
	at com.kms.katalon.core.main.TestCaseMain.startTestSuite(TestCaseMain.java:157)
	at com.kms.katalon.core.main.TestCaseMain$startTestSuite$0.call(Unknown Source)
	at TempTestSuite1592392224239.run(TempTestSuite1592392224239.groovy:36)
Caused by: com.kms.katalon.core.exception.StepFailedException: Web element with id: 'Object Repository/Alda/Admin - Manage FAQ/Page_Manage Faq/alert_error' located by 'By.xpath: id(&quot;ng-app&quot;)/modal-container[@class=&quot;modal fade in&quot;]/app-page-managefaq[1]/div[@class=&quot;modal-dialog app-dialog modal-dialog app-alert-dialog&quot;]/div[@class=&quot;modal-content&quot;]/div[@class=&quot;app-dialog-header modal-header&quot;]/h4[@class=&quot;app-dialog-title modal-title&quot;][count(. | //*[(text() = 'Alert' or . = 'Alert')]) = count(//*[(text() = 'Alert' or . = 'Alert')])]' not found
	at com.kms.katalon.core.webui.keyword.internal.WebUIKeywordMain.stepFailed(WebUIKeywordMain.groovy:64)
	at com.kms.katalon.core.webui.keyword.builtin.VerifyElementVisibleKeyword$_verifyElementVisible_closure1.doCall(VerifyElementVisibleKeyword.groovy:89)
	at com.kms.katalon.core.webui.keyword.builtin.VerifyElementVisibleKeyword$_verifyElementVisible_closure1.call(VerifyElementVisibleKeyword.groovy)
	at com.kms.katalon.core.webui.keyword.internal.WebUIKeywordMain.runKeyword(WebUIKeywordMain.groovy:20)
	... 19 more
"/>
         <system-out><![CDATA[2020-06-17 18:15:14 - [TEST_CASE][FAILED] - Test Cases/Alda/Admin - Manage FAQ/Edit: Test Cases/Alda/Admin - Manage FAQ/Edit FAILED.
Reason:
com.kms.katalon.core.exception.StepFailedException: Unable to verify object 'Object Repository/Alda/Admin - Manage FAQ/Page_Manage Faq/alert_error' is visible
	at com.kms.katalon.core.webui.keyword.internal.WebUIKeywordMain.stepFailed(WebUIKeywordMain.groovy:64)
	at com.kms.katalon.core.webui.keyword.internal.WebUIKeywordMain.runKeyword(WebUIKeywordMain.groovy:26)
	at com.kms.katalon.core.webui.keyword.builtin.VerifyElementVisibleKeyword.verifyElementVisible(VerifyElementVisibleKeyword.groovy:97)
	at com.kms.katalon.core.webui.keyword.builtin.VerifyElementVisibleKeyword.execute(VerifyElementVisibleKeyword.groovy:67)
	at com.kms.katalon.core.keyword.internal.KeywordExecutor.executeKeywordForPlatform(KeywordExecutor.groovy:60)
	at com.kms.katalon.core.webui.keyword.WebUiBuiltInKeywords.verifyElementVisible(WebUiBuiltInKeywords.groovy:372)
	at com.kms.katalon.core.webui.keyword.WebUiBuiltInKeywords$verifyElementVisible$4.call(Unknown Source)
	at Edit.run(Edit:117)
	at com.kms.katalon.core.main.ScriptEngine.run(ScriptEngine.java:194)
	at com.kms.katalon.core.main.ScriptEngine.runScriptAsRawText(ScriptEngine.java:119)
	at com.kms.katalon.core.main.TestCaseExecutor.runScript(TestCaseExecutor.java:337)
	at com.kms.katalon.core.main.TestCaseExecutor.doExecute(TestCaseExecutor.java:328)
	at com.kms.katalon.core.main.TestCaseExecutor.processExecutionPhase(TestCaseExecutor.java:307)
	at com.kms.katalon.core.main.TestCaseExecutor.accessMainPhase(TestCaseExecutor.java:299)
	at com.kms.katalon.core.main.TestCaseExecutor.execute(TestCaseExecutor.java:233)
	at com.kms.katalon.core.main.TestSuiteExecutor.accessTestCaseMainPhase(TestSuiteExecutor.java:169)
	at com.kms.katalon.core.main.TestSuiteExecutor.accessTestSuiteMainPhase(TestSuiteExecutor.java:142)
	at com.kms.katalon.core.main.TestSuiteExecutor.execute(TestSuiteExecutor.java:91)
	at com.kms.katalon.core.main.TestCaseMain.startTestSuite(TestCaseMain.java:157)
	at com.kms.katalon.core.main.TestCaseMain$startTestSuite$0.call(Unknown Source)
	at TempTestSuite1592392224239.run(TempTestSuite1592392224239.groovy:36)
Caused by: com.kms.katalon.core.exception.StepFailedException: Web element with id: 'Object Repository/Alda/Admin - Manage FAQ/Page_Manage Faq/alert_error' located by 'By.xpath: id("ng-app")/modal-container[@class="modal fade in"]/app-page-managefaq[1]/div[@class="modal-dialog app-dialog modal-dialog app-alert-dialog"]/div[@class="modal-content"]/div[@class="app-dialog-header modal-header"]/h4[@class="app-dialog-title modal-title"][count(. | //*[(text() = 'Alert' or . = 'Alert')]) = count(//*[(text() = 'Alert' or . = 'Alert')])]' not found
	at com.kms.katalon.core.webui.keyword.internal.WebUIKeywordMain.stepFailed(WebUIKeywordMain.groovy:64)
	at com.kms.katalon.core.webui.keyword.builtin.VerifyElementVisibleKeyword$_verifyElementVisible_closure1.doCall(VerifyElementVisibleKeyword.groovy:89)
	at com.kms.katalon.core.webui.keyword.builtin.VerifyElementVisibleKeyword$_verifyElementVisible_closure1.call(VerifyElementVisibleKeyword.groovy)
	at com.kms.katalon.core.webui.keyword.internal.WebUIKeywordMain.runKeyword(WebUIKeywordMain.groovy:20)
	... 19 more


2020-06-17 18:15:14 - [TEST_STEP][PASSED] - callTestCase(findTestCase("Alda/Admin - Manage FAQ/Search"), ["var_search":var_search, "expected_output":""], STOP_ON_FAILURE): Call Test Case 'Test Cases/Alda/Admin - Manage FAQ/Search' successfully

2020-06-17 18:15:14 - [TEST_CASE][PASSED] - Test Cases/Alda/Admin - Manage FAQ/Search: Test Cases/Alda/Admin - Manage FAQ/Search

2020-06-17 18:15:14 - [TEST_STEP][PASSED] - callTestCase(findTestCase("Christi/Admin/admin login"), ["username":"11666", "password":"Password3"], STOP_ON_FAILURE): Call Test Case 'Test Cases/Christi/Admin/admin login' successfully

2020-06-17 18:15:14 - [TEST_CASE][PASSED] - Test Cases/Christi/Admin/admin login: Test Cases/Christi/Admin/admin login

2020-06-17 18:15:14 - [TEST_STEP][PASSED] - openBrowser(""): Browser is opened with url: ''

2020-06-17 18:15:14 - [MESSAGE][INFO] - Starting 'Chrome' driver

2020-06-17 18:15:17 - [MESSAGE][PASSED] - Browser is opened with url: ''

2020-06-17 18:15:17 - [TEST_STEP][PASSED] - navigateToUrl("https://appsrv1.deltadatamandiri.com/ACC_LMS_WEB/#/admNLmn"): Navigate to 'https://appsrv1.deltadatamandiri.com/ACC_LMS_WEB/#/admNLmn' successfully

2020-06-17 18:15:35 - [MESSAGE][PASSED] - Navigate to 'https://appsrv1.deltadatamandiri.com/ACC_LMS_WEB/#/admNLmn' successfully

2020-06-17 18:15:35 - [TEST_STEP][PASSED] - click(findTestObject("Christi/Page_Main/button_login")): Object: 'Object Repository/Christi/Page_Main/button_login' is clicked on

2020-06-17 18:15:40 - [MESSAGE][ERROR] - javascript error: Failed to execute 'elementsFromPoint' on 'Document': The provided double value is non-finite.
  (Session info: chrome=83.0.4103.106)
Build info: version: '3.141.59', revision: 'e82be7d358', time: '2018-11-14T08:25:53'
System info: host: 'LAPTOP-D0TPACJ1', ip: '192.168.100.227', os.name: 'Windows 10', os.arch: 'amd64', os.version: '10.0', java.version: '1.8.0_181'
Driver info: com.kms.katalon.selenium.driver.CChromeDriver
Capabilities {acceptInsecureCerts: false, browserName: chrome, browserVersion: 83.0.4103.106, chrome: {chromedriverVersion: 83.0.4103.39 (ccbf011cb2d2b..., userDataDir: C:\Users\ASUS\AppData\Local...}, goog:chromeOptions: {debuggerAddress: localhost:62418}, javascriptEnabled: true, networkConnectionEnabled: false, pageLoadStrategy: normal, platform: WINDOWS, platformName: WINDOWS, proxy: Proxy(), setWindowRect: true, strictFileInteractability: false, timeouts: {implicit: 0, pageLoad: 300000, script: 30000}, unhandledPromptBehavior: dismiss and notify, webauthn:virtualAuthenticators: true}
Session ID: 1c09a24be5b0ab10f92d57ac3a1b65eb

2020-06-17 18:15:42 - [MESSAGE][PASSED] - Object: 'Object Repository/Christi/Page_Main/button_login' is clicked on

2020-06-17 18:15:42 - [TEST_STEP][PASSED] - delay(3): Delayed 3 second(s)

2020-06-17 18:15:45 - [MESSAGE][PASSED] - Delayed 3 second(s)

2020-06-17 18:15:45 - [TEST_STEP][PASSED] - setText(findTestObject("Object Repository/Christi/Page_Main/input_NPK_username"), username): Text '11666' is set on object 'Object Repository/Christi/Page_Main/input_NPK_username'

2020-06-17 18:15:46 - [MESSAGE][PASSED] - Text '11666' is set on object 'Object Repository/Christi/Page_Main/input_NPK_username'

2020-06-17 18:15:46 - [TEST_STEP][PASSED] - setText(findTestObject("Object Repository/Christi/Page_Main/input_Password_password"), password): Text 'Password3' is set on object 'Object Repository/Christi/Page_Main/input_Password_password'

2020-06-17 18:15:46 - [MESSAGE][PASSED] - Text 'Password3' is set on object 'Object Repository/Christi/Page_Main/input_Password_password'

2020-06-17 18:15:46 - [TEST_STEP][PASSED] - delay(5): Delayed 5 second(s)

2020-06-17 18:15:51 - [MESSAGE][PASSED] - Delayed 5 second(s)

2020-06-17 18:15:51 - [TEST_STEP][PASSED] - click(findTestObject("Rizka/Admin/Admin - Login/btnLogin2")): Object: 'Object Repository/Rizka/Admin/Admin - Login/btnLogin2' is clicked on

2020-06-17 18:15:52 - [MESSAGE][PASSED] - Object: 'Object Repository/Rizka/Admin/Admin - Login/btnLogin2' is clicked on

2020-06-17 18:15:52 - [TEST_STEP][PASSED] - delay(5): Delayed 5 second(s)

2020-06-17 18:15:57 - [MESSAGE][PASSED] - Delayed 5 second(s)

2020-06-17 18:15:57 - [MESSAGE][PASSED] - Call Test Case 'Test Cases/Christi/Admin/admin login' successfully

2020-06-17 18:15:57 - [TEST_STEP][PASSED] - delay(5): Delayed 5 second(s)

2020-06-17 18:16:02 - [MESSAGE][PASSED] - Delayed 5 second(s)

2020-06-17 18:16:02 - [TEST_STEP][PASSED] - click(findTestObject("Christi/Page_Dashboard Admin/span_Manage FAQ")): Object: 'Object Repository/Christi/Page_Dashboard Admin/span_Manage FAQ' is clicked on

2020-06-17 18:16:02 - [MESSAGE][PASSED] - Object: 'Object Repository/Christi/Page_Dashboard Admin/span_Manage FAQ' is clicked on

2020-06-17 18:16:02 - [TEST_STEP][PASSED] - click(findTestObject("Alda/Admin - Manage FAQ/Page_Manage Faq/input_search")): Object: 'Object Repository/Alda/Admin - Manage FAQ/Page_Manage Faq/input_search' is clicked on

2020-06-17 18:16:05 - [MESSAGE][PASSED] - Object: 'Object Repository/Alda/Admin - Manage FAQ/Page_Manage Faq/input_search' is clicked on

2020-06-17 18:16:05 - [TEST_STEP][PASSED] - setText(findTestObject("Alda/Admin - Manage FAQ/Page_Manage Faq/input_search"), var_search): Text 'question7' is set on object 'Object Repository/Alda/Admin - Manage FAQ/Page_Manage Faq/input_search'

2020-06-17 18:16:07 - [MESSAGE][PASSED] - Text 'question7' is set on object 'Object Repository/Alda/Admin - Manage FAQ/Page_Manage Faq/input_search'

2020-06-17 18:16:07 - [TEST_STEP][PASSED] - click(findTestObject("Christi/Page_Manage Faq/button_Clear button_app-search-button wi wi-search"), STOP_ON_FAILURE): Object: 'Object Repository/Christi/Page_Manage Faq/button_Clear button_app-search-button wi wi-search' is clicked on

2020-06-17 18:16:08 - [MESSAGE][PASSED] - Object: 'Object Repository/Christi/Page_Manage Faq/button_Clear button_app-search-button wi wi-search' is clicked on

2020-06-17 18:16:08 - [TEST_STEP][PASSED] - if (expected_output == "found"): null

2020-06-17 18:16:08 - [MESSAGE][PASSED] - Call Test Case 'Test Cases/Alda/Admin - Manage FAQ/Search' successfully

2020-06-17 18:16:08 - [TEST_STEP][PASSED] - delay(5): Delayed 5 second(s)

2020-06-17 18:16:13 - [MESSAGE][PASSED] - Delayed 5 second(s)

2020-06-17 18:16:13 - [TEST_STEP][PASSED] - click(findTestObject("Alda/Admin - Manage FAQ/Page_Manage Faq/btn_edit")): Object: 'Object Repository/Alda/Admin - Manage FAQ/Page_Manage Faq/btn_edit' is clicked on

2020-06-17 18:16:13 - [MESSAGE][PASSED] - Object: 'Object Repository/Alda/Admin - Manage FAQ/Page_Manage Faq/btn_edit' is clicked on

2020-06-17 18:16:13 - [TEST_STEP][PASSED] - verifyElementVisible(findTestObject("Object Repository/Alda/Admin - Manage FAQ/Page_Manage Faq/header_edit_page")): Object 'Object Repository/Alda/Admin - Manage FAQ/Page_Manage Faq/header_edit_page' is visible

2020-06-17 18:16:16 - [MESSAGE][PASSED] - Object 'Object Repository/Alda/Admin - Manage FAQ/Page_Manage Faq/header_edit_page' is visible

2020-06-17 18:16:16 - [TEST_STEP][PASSED] - switch (opsi_edit): null

2020-06-17 18:16:16 - [TEST_STEP][PASSED] - case "all":: null

2020-06-17 18:16:16 - [TEST_STEP][PASSED] - clearText(findTestObject("Alda/Admin - Manage FAQ/Page_Manage Faq/edit_question"), STOP_ON_FAILURE): Text of object 'Object Repository/Alda/Admin - Manage FAQ/Page_Manage Faq/edit_question' is cleared

2020-06-17 18:16:17 - [MESSAGE][PASSED] - Text of object 'Object Repository/Alda/Admin - Manage FAQ/Page_Manage Faq/edit_question' is cleared

2020-06-17 18:16:17 - [TEST_STEP][PASSED] - setText(findTestObject("Alda/Admin - Manage FAQ/Page_Manage Faq/edit_question"), var_question_new): Text '' is set on object 'Object Repository/Alda/Admin - Manage FAQ/Page_Manage Faq/edit_question'

2020-06-17 18:16:17 - [MESSAGE][PASSED] - Text '' is set on object 'Object Repository/Alda/Admin - Manage FAQ/Page_Manage Faq/edit_question'

2020-06-17 18:16:17 - [TEST_STEP][PASSED] - clearText(findTestObject("Alda/Admin - Manage FAQ/Page_Manage Faq/edit_answer"), STOP_ON_FAILURE): Text of object 'Object Repository/Alda/Admin - Manage FAQ/Page_Manage Faq/edit_answer' is cleared

2020-06-17 18:16:18 - [MESSAGE][PASSED] - Text of object 'Object Repository/Alda/Admin - Manage FAQ/Page_Manage Faq/edit_answer' is cleared

2020-06-17 18:16:18 - [TEST_STEP][PASSED] - setText(findTestObject("Alda/Admin - Manage FAQ/Page_Manage Faq/edit_answer"), var_answer_new): Text '' is set on object 'Object Repository/Alda/Admin - Manage FAQ/Page_Manage Faq/edit_answer'

2020-06-17 18:16:18 - [MESSAGE][PASSED] - Text '' is set on object 'Object Repository/Alda/Admin - Manage FAQ/Page_Manage Faq/edit_answer'

2020-06-17 18:16:18 - [TEST_STEP][PASSED] - uploadFile(findTestObject("Alda/Admin - Manage FAQ/Page_Manage Faq/edit_gambar"), var_gambar_new): File 'C:\Users\ASUS\git\LearningManagementWebs\gambar_alda.jpg' sent to object: 'Object Repository/Alda/Admin - Manage FAQ/Page_Manage Faq/edit_gambar'

2020-06-17 18:16:19 - [MESSAGE][PASSED] - File 'C:\Users\ASUS\git\LearningManagementWebs\gambar_alda.jpg' sent to object: 'Object Repository/Alda/Admin - Manage FAQ/Page_Manage Faq/edit_gambar'

2020-06-17 18:16:19 - [TEST_STEP][NOT_RUN] - if (expected_image == "success"): NOT_RUN: verifyElementVisible(findTestObject("Object Repository/Alda/Admin - Manage FAQ/Page_Manage Faq/alert_success_upload_image"))

2020-06-17 18:16:19 - [TEST_STEP][NOT_RUN] - verifyElementVisible(findTestObject("Object Repository/Alda/Admin - Manage FAQ/Page_Manage Faq/alert_success_upload_image")): NOT_RUN: verifyElementVisible(findTestObject("Object Repository/Alda/Admin - Manage FAQ/Page_Manage Faq/alert_success_upload_image"))

2020-06-17 18:16:19 - [MESSAGE][NOT_RUN] - NOT_RUN: verifyElementVisible(findTestObject("Object Repository/Alda/Admin - Manage FAQ/Page_Manage Faq/alert_success_upload_image"))

2020-06-17 18:16:19 - [TEST_STEP][PASSED] - click(findTestObject("Alda/Admin - Manage FAQ/Page_Manage Faq/edit_tag")): Object: 'Object Repository/Alda/Admin - Manage FAQ/Page_Manage Faq/edit_tag' is clicked on

2020-06-17 18:16:19 - [MESSAGE][PASSED] - Object: 'Object Repository/Alda/Admin - Manage FAQ/Page_Manage Faq/edit_tag' is clicked on

2020-06-17 18:16:19 - [TEST_STEP][PASSED] - setText(findTestObject("Alda/Admin - Manage FAQ/Page_Manage Faq/edit_tag"), var_tag_new): Text 'apaaja' is set on object 'Object Repository/Alda/Admin - Manage FAQ/Page_Manage Faq/edit_tag'

2020-06-17 18:16:20 - [MESSAGE][PASSED] - Text 'apaaja' is set on object 'Object Repository/Alda/Admin - Manage FAQ/Page_Manage Faq/edit_tag'

2020-06-17 18:16:20 - [TEST_STEP][PASSED] - sendKeys(findTestObject("Alda/Admin - Manage FAQ/Page_Manage Faq/edit_tag"), Keys.chord(ENTER)): Keys 'ENTER + ' sent to object: 'Object Repository/Alda/Admin - Manage FAQ/Page_Manage Faq/edit_tag'

2020-06-17 18:16:21 - [MESSAGE][PASSED] - Keys 'ENTER + ' sent to object: 'Object Repository/Alda/Admin - Manage FAQ/Page_Manage Faq/edit_tag'

2020-06-17 18:16:21 - [TEST_STEP][PASSED] - break: null

2020-06-17 18:16:21 - [TEST_STEP][FAILED] - switch (expected_output): Unable to verify object 'Object Repository/Alda/Admin - Manage FAQ/Page_Manage Faq/alert_error' is visible (Root cause: com.kms.katalon.core.exception.StepFailedException: Unable to verify object 'Object Repository/Alda/Admin - Manage FAQ/Page_Manage Faq/alert_error' is visible
	at com.kms.katalon.core.webui.keyword.internal.WebUIKeywordMain.stepFailed(WebUIKeywordMain.groovy:64)
	at com.kms.katalon.core.webui.keyword.internal.WebUIKeywordMain.runKeyword(WebUIKeywordMain.groovy:26)
	at com.kms.katalon.core.webui.keyword.builtin.VerifyElementVisibleKeyword.verifyElementVisible(VerifyElementVisibleKeyword.groovy:97)
	at com.kms.katalon.core.webui.keyword.builtin.VerifyElementVisibleKeyword.execute(VerifyElementVisibleKeyword.groovy:67)
	at com.kms.katalon.core.keyword.internal.KeywordExecutor.executeKeywordForPlatform(KeywordExecutor.groovy:60)
	at com.kms.katalon.core.webui.keyword.WebUiBuiltInKeywords.verifyElementVisible(WebUiBuiltInKeywords.groovy:372)
	at com.kms.katalon.core.webui.keyword.WebUiBuiltInKeywords$verifyElementVisible$4.call(Unknown Source)
	at Edit.run(Edit:117)
	at com.kms.katalon.core.main.ScriptEngine.run(ScriptEngine.java:194)
	at com.kms.katalon.core.main.ScriptEngine.runScriptAsRawText(ScriptEngine.java:119)
	at com.kms.katalon.core.main.TestCaseExecutor.runScript(TestCaseExecutor.java:337)
	at com.kms.katalon.core.main.TestCaseExecutor.doExecute(TestCaseExecutor.java:328)
	at com.kms.katalon.core.main.TestCaseExecutor.processExecutionPhase(TestCaseExecutor.java:307)
	at com.kms.katalon.core.main.TestCaseExecutor.accessMainPhase(TestCaseExecutor.java:299)
	at com.kms.katalon.core.main.TestCaseExecutor.execute(TestCaseExecutor.java:233)
	at com.kms.katalon.core.main.TestSuiteExecutor.accessTestCaseMainPhase(TestSuiteExecutor.java:169)
	at com.kms.katalon.core.main.TestSuiteExecutor.accessTestSuiteMainPhase(TestSuiteExecutor.java:142)
	at com.kms.katalon.core.main.TestSuiteExecutor.execute(TestSuiteExecutor.java:91)
	at com.kms.katalon.core.main.TestCaseMain.startTestSuite(TestCaseMain.java:157)
	at com.kms.katalon.core.main.TestCaseMain$startTestSuite$0.call(Unknown Source)
	at TempTestSuite1592392224239.run(TempTestSuite1592392224239.groovy:36)
Caused by: com.kms.katalon.core.exception.StepFailedException: Web element with id: 'Object Repository/Alda/Admin - Manage FAQ/Page_Manage Faq/alert_error' located by 'By.xpath: id("ng-app")/modal-container[@class="modal fade in"]/app-page-managefaq[1]/div[@class="modal-dialog app-dialog modal-dialog app-alert-dialog"]/div[@class="modal-content"]/div[@class="app-dialog-header modal-header"]/h4[@class="app-dialog-title modal-title"][count(. | //*[(text() = 'Alert' or . = 'Alert')]) = count(//*[(text() = 'Alert' or . = 'Alert')])]' not found
	at com.kms.katalon.core.webui.keyword.internal.WebUIKeywordMain.stepFailed(WebUIKeywordMain.groovy:64)
	at com.kms.katalon.core.webui.keyword.builtin.VerifyElementVisibleKeyword$_verifyElementVisible_closure1.doCall(VerifyElementVisibleKeyword.groovy:89)
	at com.kms.katalon.core.webui.keyword.builtin.VerifyElementVisibleKeyword$_verifyElementVisible_closure1.call(VerifyElementVisibleKeyword.groovy)
	at com.kms.katalon.core.webui.keyword.internal.WebUIKeywordMain.runKeyword(WebUIKeywordMain.groovy:20)
	... 19 more
)

2020-06-17 18:16:21 - [TEST_STEP][FAILED] - case "fail":: Unable to verify object 'Object Repository/Alda/Admin - Manage FAQ/Page_Manage Faq/alert_error' is visible (Root cause: com.kms.katalon.core.exception.StepFailedException: Unable to verify object 'Object Repository/Alda/Admin - Manage FAQ/Page_Manage Faq/alert_error' is visible
	at com.kms.katalon.core.webui.keyword.internal.WebUIKeywordMain.stepFailed(WebUIKeywordMain.groovy:64)
	at com.kms.katalon.core.webui.keyword.internal.WebUIKeywordMain.runKeyword(WebUIKeywordMain.groovy:26)
	at com.kms.katalon.core.webui.keyword.builtin.VerifyElementVisibleKeyword.verifyElementVisible(VerifyElementVisibleKeyword.groovy:97)
	at com.kms.katalon.core.webui.keyword.builtin.VerifyElementVisibleKeyword.execute(VerifyElementVisibleKeyword.groovy:67)
	at com.kms.katalon.core.keyword.internal.KeywordExecutor.executeKeywordForPlatform(KeywordExecutor.groovy:60)
	at com.kms.katalon.core.webui.keyword.WebUiBuiltInKeywords.verifyElementVisible(WebUiBuiltInKeywords.groovy:372)
	at com.kms.katalon.core.webui.keyword.WebUiBuiltInKeywords$verifyElementVisible$4.call(Unknown Source)
	at Edit.run(Edit:117)
	at com.kms.katalon.core.main.ScriptEngine.run(ScriptEngine.java:194)
	at com.kms.katalon.core.main.ScriptEngine.runScriptAsRawText(ScriptEngine.java:119)
	at com.kms.katalon.core.main.TestCaseExecutor.runScript(TestCaseExecutor.java:337)
	at com.kms.katalon.core.main.TestCaseExecutor.doExecute(TestCaseExecutor.java:328)
	at com.kms.katalon.core.main.TestCaseExecutor.processExecutionPhase(TestCaseExecutor.java:307)
	at com.kms.katalon.core.main.TestCaseExecutor.accessMainPhase(TestCaseExecutor.java:299)
	at com.kms.katalon.core.main.TestCaseExecutor.execute(TestCaseExecutor.java:233)
	at com.kms.katalon.core.main.TestSuiteExecutor.accessTestCaseMainPhase(TestSuiteExecutor.java:169)
	at com.kms.katalon.core.main.TestSuiteExecutor.accessTestSuiteMainPhase(TestSuiteExecutor.java:142)
	at com.kms.katalon.core.main.TestSuiteExecutor.execute(TestSuiteExecutor.java:91)
	at com.kms.katalon.core.main.TestCaseMain.startTestSuite(TestCaseMain.java:157)
	at com.kms.katalon.core.main.TestCaseMain$startTestSuite$0.call(Unknown Source)
	at TempTestSuite1592392224239.run(TempTestSuite1592392224239.groovy:36)
Caused by: com.kms.katalon.core.exception.StepFailedException: Web element with id: 'Object Repository/Alda/Admin - Manage FAQ/Page_Manage Faq/alert_error' located by 'By.xpath: id("ng-app")/modal-container[@class="modal fade in"]/app-page-managefaq[1]/div[@class="modal-dialog app-dialog modal-dialog app-alert-dialog"]/div[@class="modal-content"]/div[@class="app-dialog-header modal-header"]/h4[@class="app-dialog-title modal-title"][count(. | //*[(text() = 'Alert' or . = 'Alert')]) = count(//*[(text() = 'Alert' or . = 'Alert')])]' not found
	at com.kms.katalon.core.webui.keyword.internal.WebUIKeywordMain.stepFailed(WebUIKeywordMain.groovy:64)
	at com.kms.katalon.core.webui.keyword.builtin.VerifyElementVisibleKeyword$_verifyElementVisible_closure1.doCall(VerifyElementVisibleKeyword.groovy:89)
	at com.kms.katalon.core.webui.keyword.builtin.VerifyElementVisibleKeyword$_verifyElementVisible_closure1.call(VerifyElementVisibleKeyword.groovy)
	at com.kms.katalon.core.webui.keyword.internal.WebUIKeywordMain.runKeyword(WebUIKeywordMain.groovy:20)
	... 19 more
)

2020-06-17 18:16:21 - [TEST_STEP][PASSED] - click(findTestObject("Object Repository/Alda/Admin - Manage FAQ/Page_Manage Faq/btn_save_edit")): Object: 'Object Repository/Alda/Admin - Manage FAQ/Page_Manage Faq/btn_save_edit' is clicked on

2020-06-17 18:16:22 - [MESSAGE][PASSED] - Object: 'Object Repository/Alda/Admin - Manage FAQ/Page_Manage Faq/btn_save_edit' is clicked on

2020-06-17 18:16:22 - [TEST_STEP][PASSED] - delay(3): Delayed 3 second(s)

2020-06-17 18:16:25 - [MESSAGE][PASSED] - Delayed 3 second(s)

2020-06-17 18:16:25 - [TEST_STEP][FAILED] - verifyElementVisible(findTestObject("Alda/Admin - Manage FAQ/Page_Manage Faq/alert_error")): Unable to verify object 'Object Repository/Alda/Admin - Manage FAQ/Page_Manage Faq/alert_error' is visible (Root cause: com.kms.katalon.core.exception.StepFailedException: Unable to verify object 'Object Repository/Alda/Admin - Manage FAQ/Page_Manage Faq/alert_error' is visible
	at com.kms.katalon.core.webui.keyword.internal.WebUIKeywordMain.stepFailed(WebUIKeywordMain.groovy:64)
	at com.kms.katalon.core.webui.keyword.internal.WebUIKeywordMain.runKeyword(WebUIKeywordMain.groovy:26)
	at com.kms.katalon.core.webui.keyword.builtin.VerifyElementVisibleKeyword.verifyElementVisible(VerifyElementVisibleKeyword.groovy:97)
	at com.kms.katalon.core.webui.keyword.builtin.VerifyElementVisibleKeyword.execute(VerifyElementVisibleKeyword.groovy:67)
	at com.kms.katalon.core.keyword.internal.KeywordExecutor.executeKeywordForPlatform(KeywordExecutor.groovy:60)
	at com.kms.katalon.core.webui.keyword.WebUiBuiltInKeywords.verifyElementVisible(WebUiBuiltInKeywords.groovy:372)
	at com.kms.katalon.core.webui.keyword.WebUiBuiltInKeywords$verifyElementVisible$4.call(Unknown Source)
	at Edit.run(Edit:117)
	at com.kms.katalon.core.main.ScriptEngine.run(ScriptEngine.java:194)
	at com.kms.katalon.core.main.ScriptEngine.runScriptAsRawText(ScriptEngine.java:119)
	at com.kms.katalon.core.main.TestCaseExecutor.runScript(TestCaseExecutor.java:337)
	at com.kms.katalon.core.main.TestCaseExecutor.doExecute(TestCaseExecutor.java:328)
	at com.kms.katalon.core.main.TestCaseExecutor.processExecutionPhase(TestCaseExecutor.java:307)
	at com.kms.katalon.core.main.TestCaseExecutor.accessMainPhase(TestCaseExecutor.java:299)
	at com.kms.katalon.core.main.TestCaseExecutor.execute(TestCaseExecutor.java:233)
	at com.kms.katalon.core.main.TestSuiteExecutor.accessTestCaseMainPhase(TestSuiteExecutor.java:169)
	at com.kms.katalon.core.main.TestSuiteExecutor.accessTestSuiteMainPhase(TestSuiteExecutor.java:142)
	at com.kms.katalon.core.main.TestSuiteExecutor.execute(TestSuiteExecutor.java:91)
	at com.kms.katalon.core.main.TestCaseMain.startTestSuite(TestCaseMain.java:157)
	at com.kms.katalon.core.main.TestCaseMain$startTestSuite$0.call(Unknown Source)
	at TempTestSuite1592392224239.run(TempTestSuite1592392224239.groovy:36)
Caused by: com.kms.katalon.core.exception.StepFailedException: Web element with id: 'Object Repository/Alda/Admin - Manage FAQ/Page_Manage Faq/alert_error' located by 'By.xpath: id("ng-app")/modal-container[@class="modal fade in"]/app-page-managefaq[1]/div[@class="modal-dialog app-dialog modal-dialog app-alert-dialog"]/div[@class="modal-content"]/div[@class="app-dialog-header modal-header"]/h4[@class="app-dialog-title modal-title"][count(. | //*[(text() = 'Alert' or . = 'Alert')]) = count(//*[(text() = 'Alert' or . = 'Alert')])]' not found
	at com.kms.katalon.core.webui.keyword.internal.WebUIKeywordMain.stepFailed(WebUIKeywordMain.groovy:64)
	at com.kms.katalon.core.webui.keyword.builtin.VerifyElementVisibleKeyword$_verifyElementVisible_closure1.doCall(VerifyElementVisibleKeyword.groovy:89)
	at com.kms.katalon.core.webui.keyword.builtin.VerifyElementVisibleKeyword$_verifyElementVisible_closure1.call(VerifyElementVisibleKeyword.groovy)
	at com.kms.katalon.core.webui.keyword.internal.WebUIKeywordMain.runKeyword(WebUIKeywordMain.groovy:20)
	... 19 more
)

2020-06-17 18:17:08 - [MESSAGE][INFO] - Unable to find the element located by 'By.xpath: id("ng-app")/modal-container[@class="modal fade in"]/app-page-managefaq[1]/div[@class="modal-dialog app-dialog modal-dialog app-alert-dialog"]/div[@class="modal-content"]/div[@class="app-dialog-header modal-header"]/h4[@class="app-dialog-title modal-title"][count(. | //*[(text() = 'Alert' or . = 'Alert')]) = count(//*[(text() = 'Alert' or . = 'Alert')])]'. Please recheck the objects properties to make sure the desired element is located. 

2020-06-17 18:17:09 - [MESSAGE][FAILED] - Web element with id: 'Object Repository/Alda/Admin - Manage FAQ/Page_Manage Faq/alert_error' located by 'By.xpath: id("ng-app")/modal-container[@class="modal fade in"]/app-page-managefaq[1]/div[@class="modal-dialog app-dialog modal-dialog app-alert-dialog"]/div[@class="modal-content"]/div[@class="app-dialog-header modal-header"]/h4[@class="app-dialog-title modal-title"][count(. | //*[(text() = 'Alert' or . = 'Alert')]) = count(//*[(text() = 'Alert' or . = 'Alert')])]' not found (Root cause: com.kms.katalon.core.exception.StepFailedException: Web element with id: 'Object Repository/Alda/Admin - Manage FAQ/Page_Manage Faq/alert_error' located by 'By.xpath: id("ng-app")/modal-container[@class="modal fade in"]/app-page-managefaq[1]/div[@class="modal-dialog app-dialog modal-dialog app-alert-dialog"]/div[@class="modal-content"]/div[@class="app-dialog-header modal-header"]/h4[@class="app-dialog-title modal-title"][count(. | //*[(text() = 'Alert' or . = 'Alert')]) = count(//*[(text() = 'Alert' or . = 'Alert')])]' not found
	at com.kms.katalon.core.webui.keyword.internal.WebUIKeywordMain.stepFailed(WebUIKeywordMain.groovy:64)
	at com.kms.katalon.core.webui.keyword.builtin.VerifyElementVisibleKeyword$_verifyElementVisible_closure1.doCall(VerifyElementVisibleKeyword.groovy:89)
	at com.kms.katalon.core.webui.keyword.builtin.VerifyElementVisibleKeyword$_verifyElementVisible_closure1.call(VerifyElementVisibleKeyword.groovy)
	at com.kms.katalon.core.webui.keyword.internal.WebUIKeywordMain.runKeyword(WebUIKeywordMain.groovy:20)
	at com.kms.katalon.core.webui.keyword.builtin.VerifyElementVisibleKeyword.verifyElementVisible(VerifyElementVisibleKeyword.groovy:97)
	at com.kms.katalon.core.webui.keyword.builtin.VerifyElementVisibleKeyword.execute(VerifyElementVisibleKeyword.groovy:67)
	at com.kms.katalon.core.keyword.internal.KeywordExecutor.executeKeywordForPlatform(KeywordExecutor.groovy:60)
	at com.kms.katalon.core.webui.keyword.WebUiBuiltInKeywords.verifyElementVisible(WebUiBuiltInKeywords.groovy:372)
	at com.kms.katalon.core.webui.keyword.WebUiBuiltInKeywords$verifyElementVisible$4.call(Unknown Source)
	at Edit.run(Edit:117)
	at com.kms.katalon.core.main.ScriptEngine.run(ScriptEngine.java:194)
	at com.kms.katalon.core.main.ScriptEngine.runScriptAsRawText(ScriptEngine.java:119)
	at com.kms.katalon.core.main.TestCaseExecutor.runScript(TestCaseExecutor.java:337)
	at com.kms.katalon.core.main.TestCaseExecutor.doExecute(TestCaseExecutor.java:328)
	at com.kms.katalon.core.main.TestCaseExecutor.processExecutionPhase(TestCaseExecutor.java:307)
	at com.kms.katalon.core.main.TestCaseExecutor.accessMainPhase(TestCaseExecutor.java:299)
	at com.kms.katalon.core.main.TestCaseExecutor.execute(TestCaseExecutor.java:233)
	at com.kms.katalon.core.main.TestSuiteExecutor.accessTestCaseMainPhase(TestSuiteExecutor.java:169)
	at com.kms.katalon.core.main.TestSuiteExecutor.accessTestSuiteMainPhase(TestSuiteExecutor.java:142)
	at com.kms.katalon.core.main.TestSuiteExecutor.execute(TestSuiteExecutor.java:91)
	at com.kms.katalon.core.main.TestCaseMain.startTestSuite(TestCaseMain.java:157)
	at com.kms.katalon.core.main.TestCaseMain$startTestSuite$0.call(Unknown Source)
	at TempTestSuite1592392224239.run(TempTestSuite1592392224239.groovy:36)
)
[[ATTACHMENT|C:\\Users\\ASUS\\git\\LearningManagementWebs\\Reports\\20200617_181024\\Alda\\Admin_Manage FAQ - Edit\\20200617_181024\\1592392628350.png]]

2020-06-17 18:17:10 - [MESSAGE][FAILED] - Unable to verify object 'Object Repository/Alda/Admin - Manage FAQ/Page_Manage Faq/alert_error' is visible (Root cause: com.kms.katalon.core.exception.StepFailedException: Unable to verify object 'Object Repository/Alda/Admin - Manage FAQ/Page_Manage Faq/alert_error' is visible
	at com.kms.katalon.core.webui.keyword.internal.WebUIKeywordMain.stepFailed(WebUIKeywordMain.groovy:64)
	at com.kms.katalon.core.webui.keyword.internal.WebUIKeywordMain.runKeyword(WebUIKeywordMain.groovy:26)
	at com.kms.katalon.core.webui.keyword.builtin.VerifyElementVisibleKeyword.verifyElementVisible(VerifyElementVisibleKeyword.groovy:97)
	at com.kms.katalon.core.webui.keyword.builtin.VerifyElementVisibleKeyword.execute(VerifyElementVisibleKeyword.groovy:67)
	at com.kms.katalon.core.keyword.internal.KeywordExecutor.executeKeywordForPlatform(KeywordExecutor.groovy:60)
	at com.kms.katalon.core.webui.keyword.WebUiBuiltInKeywords.verifyElementVisible(WebUiBuiltInKeywords.groovy:372)
	at com.kms.katalon.core.webui.keyword.WebUiBuiltInKeywords$verifyElementVisible$4.call(Unknown Source)
	at Edit.run(Edit:117)
	at com.kms.katalon.core.main.ScriptEngine.run(ScriptEngine.java:194)
	at com.kms.katalon.core.main.ScriptEngine.runScriptAsRawText(ScriptEngine.java:119)
	at com.kms.katalon.core.main.TestCaseExecutor.runScript(TestCaseExecutor.java:337)
	at com.kms.katalon.core.main.TestCaseExecutor.doExecute(TestCaseExecutor.java:328)
	at com.kms.katalon.core.main.TestCaseExecutor.processExecutionPhase(TestCaseExecutor.java:307)
	at com.kms.katalon.core.main.TestCaseExecutor.accessMainPhase(TestCaseExecutor.java:299)
	at com.kms.katalon.core.main.TestCaseExecutor.execute(TestCaseExecutor.java:233)
	at com.kms.katalon.core.main.TestSuiteExecutor.accessTestCaseMainPhase(TestSuiteExecutor.java:169)
	at com.kms.katalon.core.main.TestSuiteExecutor.accessTestSuiteMainPhase(TestSuiteExecutor.java:142)
	at com.kms.katalon.core.main.TestSuiteExecutor.execute(TestSuiteExecutor.java:91)
	at com.kms.katalon.core.main.TestCaseMain.startTestSuite(TestCaseMain.java:157)
	at com.kms.katalon.core.main.TestCaseMain$startTestSuite$0.call(Unknown Source)
	at TempTestSuite1592392224239.run(TempTestSuite1592392224239.groovy:36)
Caused by: com.kms.katalon.core.exception.StepFailedException: Web element with id: 'Object Repository/Alda/Admin - Manage FAQ/Page_Manage Faq/alert_error' located by 'By.xpath: id("ng-app")/modal-container[@class="modal fade in"]/app-page-managefaq[1]/div[@class="modal-dialog app-dialog modal-dialog app-alert-dialog"]/div[@class="modal-content"]/div[@class="app-dialog-header modal-header"]/h4[@class="app-dialog-title modal-title"][count(. | //*[(text() = 'Alert' or . = 'Alert')]) = count(//*[(text() = 'Alert' or . = 'Alert')])]' not found
	at com.kms.katalon.core.webui.keyword.internal.WebUIKeywordMain.stepFailed(WebUIKeywordMain.groovy:64)
	at com.kms.katalon.core.webui.keyword.builtin.VerifyElementVisibleKeyword$_verifyElementVisible_closure1.doCall(VerifyElementVisibleKeyword.groovy:89)
	at com.kms.katalon.core.webui.keyword.builtin.VerifyElementVisibleKeyword$_verifyElementVisible_closure1.call(VerifyElementVisibleKeyword.groovy)
	at com.kms.katalon.core.webui.keyword.internal.WebUIKeywordMain.runKeyword(WebUIKeywordMain.groovy:20)
	... 19 more
)
[[ATTACHMENT|C:\\Users\\ASUS\\git\\LearningManagementWebs\\Reports\\20200617_181024\\Alda\\Admin_Manage FAQ - Edit\\20200617_181024\\1592392629673.png]]]]></system-out>
         <system-err><![CDATA[2020-06-17 18:15:14 - [TEST_CASE][FAILED] - Test Cases/Alda/Admin - Manage FAQ/Edit: Test Cases/Alda/Admin - Manage FAQ/Edit FAILED.
Reason:
com.kms.katalon.core.exception.StepFailedException: Unable to verify object 'Object Repository/Alda/Admin - Manage FAQ/Page_Manage Faq/alert_error' is visible
	at com.kms.katalon.core.webui.keyword.internal.WebUIKeywordMain.stepFailed(WebUIKeywordMain.groovy:64)
	at com.kms.katalon.core.webui.keyword.internal.WebUIKeywordMain.runKeyword(WebUIKeywordMain.groovy:26)
	at com.kms.katalon.core.webui.keyword.builtin.VerifyElementVisibleKeyword.verifyElementVisible(VerifyElementVisibleKeyword.groovy:97)
	at com.kms.katalon.core.webui.keyword.builtin.VerifyElementVisibleKeyword.execute(VerifyElementVisibleKeyword.groovy:67)
	at com.kms.katalon.core.keyword.internal.KeywordExecutor.executeKeywordForPlatform(KeywordExecutor.groovy:60)
	at com.kms.katalon.core.webui.keyword.WebUiBuiltInKeywords.verifyElementVisible(WebUiBuiltInKeywords.groovy:372)
	at com.kms.katalon.core.webui.keyword.WebUiBuiltInKeywords$verifyElementVisible$4.call(Unknown Source)
	at Edit.run(Edit:117)
	at com.kms.katalon.core.main.ScriptEngine.run(ScriptEngine.java:194)
	at com.kms.katalon.core.main.ScriptEngine.runScriptAsRawText(ScriptEngine.java:119)
	at com.kms.katalon.core.main.TestCaseExecutor.runScript(TestCaseExecutor.java:337)
	at com.kms.katalon.core.main.TestCaseExecutor.doExecute(TestCaseExecutor.java:328)
	at com.kms.katalon.core.main.TestCaseExecutor.processExecutionPhase(TestCaseExecutor.java:307)
	at com.kms.katalon.core.main.TestCaseExecutor.accessMainPhase(TestCaseExecutor.java:299)
	at com.kms.katalon.core.main.TestCaseExecutor.execute(TestCaseExecutor.java:233)
	at com.kms.katalon.core.main.TestSuiteExecutor.accessTestCaseMainPhase(TestSuiteExecutor.java:169)
	at com.kms.katalon.core.main.TestSuiteExecutor.accessTestSuiteMainPhase(TestSuiteExecutor.java:142)
	at com.kms.katalon.core.main.TestSuiteExecutor.execute(TestSuiteExecutor.java:91)
	at com.kms.katalon.core.main.TestCaseMain.startTestSuite(TestCaseMain.java:157)
	at com.kms.katalon.core.main.TestCaseMain$startTestSuite$0.call(Unknown Source)
	at TempTestSuite1592392224239.run(TempTestSuite1592392224239.groovy:36)
Caused by: com.kms.katalon.core.exception.StepFailedException: Web element with id: 'Object Repository/Alda/Admin - Manage FAQ/Page_Manage Faq/alert_error' located by 'By.xpath: id("ng-app")/modal-container[@class="modal fade in"]/app-page-managefaq[1]/div[@class="modal-dialog app-dialog modal-dialog app-alert-dialog"]/div[@class="modal-content"]/div[@class="app-dialog-header modal-header"]/h4[@class="app-dialog-title modal-title"][count(. | //*[(text() = 'Alert' or . = 'Alert')]) = count(//*[(text() = 'Alert' or . = 'Alert')])]' not found
	at com.kms.katalon.core.webui.keyword.internal.WebUIKeywordMain.stepFailed(WebUIKeywordMain.groovy:64)
	at com.kms.katalon.core.webui.keyword.builtin.VerifyElementVisibleKeyword$_verifyElementVisible_closure1.doCall(VerifyElementVisibleKeyword.groovy:89)
	at com.kms.katalon.core.webui.keyword.builtin.VerifyElementVisibleKeyword$_verifyElementVisible_closure1.call(VerifyElementVisibleKeyword.groovy)
	at com.kms.katalon.core.webui.keyword.internal.WebUIKeywordMain.runKeyword(WebUIKeywordMain.groovy:20)
	... 19 more]]></system-err>
      </testcase>
      <testcase name="Test Cases/Alda/Admin - Manage FAQ/Edit" time="163.991" classname="Test Cases/Alda/Admin - Manage FAQ/Edit" status="FAILED">
         <failure type="FAILED" message="Test Cases/Alda/Admin - Manage FAQ/Edit FAILED.
Reason:
com.kms.katalon.core.exception.StepFailedException: Unable to verify object 'Object Repository/Alda/Admin - Manage FAQ/Page_Manage Faq/alert_error' is visible
	at com.kms.katalon.core.webui.keyword.internal.WebUIKeywordMain.stepFailed(WebUIKeywordMain.groovy:64)
	at com.kms.katalon.core.webui.keyword.internal.WebUIKeywordMain.runKeyword(WebUIKeywordMain.groovy:26)
	at com.kms.katalon.core.webui.keyword.builtin.VerifyElementVisibleKeyword.verifyElementVisible(VerifyElementVisibleKeyword.groovy:97)
	at com.kms.katalon.core.webui.keyword.builtin.VerifyElementVisibleKeyword.execute(VerifyElementVisibleKeyword.groovy:67)
	at com.kms.katalon.core.keyword.internal.KeywordExecutor.executeKeywordForPlatform(KeywordExecutor.groovy:60)
	at com.kms.katalon.core.webui.keyword.WebUiBuiltInKeywords.verifyElementVisible(WebUiBuiltInKeywords.groovy:372)
	at com.kms.katalon.core.webui.keyword.WebUiBuiltInKeywords$verifyElementVisible$4.call(Unknown Source)
	at Edit.run(Edit:117)
	at com.kms.katalon.core.main.ScriptEngine.run(ScriptEngine.java:194)
	at com.kms.katalon.core.main.ScriptEngine.runScriptAsRawText(ScriptEngine.java:119)
	at com.kms.katalon.core.main.TestCaseExecutor.runScript(TestCaseExecutor.java:337)
	at com.kms.katalon.core.main.TestCaseExecutor.doExecute(TestCaseExecutor.java:328)
	at com.kms.katalon.core.main.TestCaseExecutor.processExecutionPhase(TestCaseExecutor.java:307)
	at com.kms.katalon.core.main.TestCaseExecutor.accessMainPhase(TestCaseExecutor.java:299)
	at com.kms.katalon.core.main.TestCaseExecutor.execute(TestCaseExecutor.java:233)
	at com.kms.katalon.core.main.TestSuiteExecutor.accessTestCaseMainPhase(TestSuiteExecutor.java:169)
	at com.kms.katalon.core.main.TestSuiteExecutor.accessTestSuiteMainPhase(TestSuiteExecutor.java:142)
	at com.kms.katalon.core.main.TestSuiteExecutor.execute(TestSuiteExecutor.java:91)
	at com.kms.katalon.core.main.TestCaseMain.startTestSuite(TestCaseMain.java:157)
	at com.kms.katalon.core.main.TestCaseMain$startTestSuite$0.call(Unknown Source)
	at TempTestSuite1592392224239.run(TempTestSuite1592392224239.groovy:36)
Caused by: com.kms.katalon.core.exception.StepFailedException: Web element with id: 'Object Repository/Alda/Admin - Manage FAQ/Page_Manage Faq/alert_error' located by 'By.xpath: //body[@id='ng-app']/modal-container[2]/app-page-managefaq/div/div/div/h4' not found
	at com.kms.katalon.core.webui.keyword.internal.WebUIKeywordMain.stepFailed(WebUIKeywordMain.groovy:64)
	at com.kms.katalon.core.webui.keyword.builtin.VerifyElementVisibleKeyword$_verifyElementVisible_closure1.doCall(VerifyElementVisibleKeyword.groovy:89)
	at com.kms.katalon.core.webui.keyword.builtin.VerifyElementVisibleKeyword$_verifyElementVisible_closure1.call(VerifyElementVisibleKeyword.groovy)
	at com.kms.katalon.core.webui.keyword.internal.WebUIKeywordMain.runKeyword(WebUIKeywordMain.groovy:20)
	... 19 more
"/>
         <system-out><![CDATA[2020-06-17 18:17:11 - [TEST_CASE][FAILED] - Test Cases/Alda/Admin - Manage FAQ/Edit: Test Cases/Alda/Admin - Manage FAQ/Edit FAILED.
Reason:
com.kms.katalon.core.exception.StepFailedException: Unable to verify object 'Object Repository/Alda/Admin - Manage FAQ/Page_Manage Faq/alert_error' is visible
	at com.kms.katalon.core.webui.keyword.internal.WebUIKeywordMain.stepFailed(WebUIKeywordMain.groovy:64)
	at com.kms.katalon.core.webui.keyword.internal.WebUIKeywordMain.runKeyword(WebUIKeywordMain.groovy:26)
	at com.kms.katalon.core.webui.keyword.builtin.VerifyElementVisibleKeyword.verifyElementVisible(VerifyElementVisibleKeyword.groovy:97)
	at com.kms.katalon.core.webui.keyword.builtin.VerifyElementVisibleKeyword.execute(VerifyElementVisibleKeyword.groovy:67)
	at com.kms.katalon.core.keyword.internal.KeywordExecutor.executeKeywordForPlatform(KeywordExecutor.groovy:60)
	at com.kms.katalon.core.webui.keyword.WebUiBuiltInKeywords.verifyElementVisible(WebUiBuiltInKeywords.groovy:372)
	at com.kms.katalon.core.webui.keyword.WebUiBuiltInKeywords$verifyElementVisible$4.call(Unknown Source)
	at Edit.run(Edit:117)
	at com.kms.katalon.core.main.ScriptEngine.run(ScriptEngine.java:194)
	at com.kms.katalon.core.main.ScriptEngine.runScriptAsRawText(ScriptEngine.java:119)
	at com.kms.katalon.core.main.TestCaseExecutor.runScript(TestCaseExecutor.java:337)
	at com.kms.katalon.core.main.TestCaseExecutor.doExecute(TestCaseExecutor.java:328)
	at com.kms.katalon.core.main.TestCaseExecutor.processExecutionPhase(TestCaseExecutor.java:307)
	at com.kms.katalon.core.main.TestCaseExecutor.accessMainPhase(TestCaseExecutor.java:299)
	at com.kms.katalon.core.main.TestCaseExecutor.execute(TestCaseExecutor.java:233)
	at com.kms.katalon.core.main.TestSuiteExecutor.accessTestCaseMainPhase(TestSuiteExecutor.java:169)
	at com.kms.katalon.core.main.TestSuiteExecutor.accessTestSuiteMainPhase(TestSuiteExecutor.java:142)
	at com.kms.katalon.core.main.TestSuiteExecutor.execute(TestSuiteExecutor.java:91)
	at com.kms.katalon.core.main.TestCaseMain.startTestSuite(TestCaseMain.java:157)
	at com.kms.katalon.core.main.TestCaseMain$startTestSuite$0.call(Unknown Source)
	at TempTestSuite1592392224239.run(TempTestSuite1592392224239.groovy:36)
Caused by: com.kms.katalon.core.exception.StepFailedException: Web element with id: 'Object Repository/Alda/Admin - Manage FAQ/Page_Manage Faq/alert_error' located by 'By.xpath: //body[@id='ng-app']/modal-container[2]/app-page-managefaq/div/div/div/h4' not found
	at com.kms.katalon.core.webui.keyword.internal.WebUIKeywordMain.stepFailed(WebUIKeywordMain.groovy:64)
	at com.kms.katalon.core.webui.keyword.builtin.VerifyElementVisibleKeyword$_verifyElementVisible_closure1.doCall(VerifyElementVisibleKeyword.groovy:89)
	at com.kms.katalon.core.webui.keyword.builtin.VerifyElementVisibleKeyword$_verifyElementVisible_closure1.call(VerifyElementVisibleKeyword.groovy)
	at com.kms.katalon.core.webui.keyword.internal.WebUIKeywordMain.runKeyword(WebUIKeywordMain.groovy:20)
	... 19 more


2020-06-17 18:17:11 - [TEST_STEP][PASSED] - callTestCase(findTestCase("Alda/Admin - Manage FAQ/Search"), ["var_search":var_search, "expected_output":""], STOP_ON_FAILURE): Call Test Case 'Test Cases/Alda/Admin - Manage FAQ/Search' successfully

2020-06-17 18:17:11 - [TEST_CASE][PASSED] - Test Cases/Alda/Admin - Manage FAQ/Search: Test Cases/Alda/Admin - Manage FAQ/Search

2020-06-17 18:17:11 - [TEST_STEP][PASSED] - callTestCase(findTestCase("Christi/Admin/admin login"), ["username":"11666", "password":"Password3"], STOP_ON_FAILURE): Call Test Case 'Test Cases/Christi/Admin/admin login' successfully

2020-06-17 18:17:11 - [TEST_CASE][PASSED] - Test Cases/Christi/Admin/admin login: Test Cases/Christi/Admin/admin login

2020-06-17 18:17:11 - [TEST_STEP][PASSED] - openBrowser(""): Browser is opened with url: ''

2020-06-17 18:17:11 - [MESSAGE][WARNING] - A browser is already opened. Closing browser and opening a new one

2020-06-17 18:17:18 - [MESSAGE][INFO] - Starting 'Chrome' driver

2020-06-17 18:17:21 - [MESSAGE][PASSED] - Browser is opened with url: ''

2020-06-17 18:17:21 - [TEST_STEP][PASSED] - navigateToUrl("https://appsrv1.deltadatamandiri.com/ACC_LMS_WEB/#/admNLmn"): Navigate to 'https://appsrv1.deltadatamandiri.com/ACC_LMS_WEB/#/admNLmn' successfully

2020-06-17 18:17:44 - [MESSAGE][PASSED] - Navigate to 'https://appsrv1.deltadatamandiri.com/ACC_LMS_WEB/#/admNLmn' successfully

2020-06-17 18:17:44 - [TEST_STEP][PASSED] - click(findTestObject("Christi/Page_Main/button_login")): Object: 'Object Repository/Christi/Page_Main/button_login' is clicked on

2020-06-17 18:17:50 - [MESSAGE][ERROR] - javascript error: Failed to execute 'elementsFromPoint' on 'Document': The provided double value is non-finite.
  (Session info: chrome=83.0.4103.106)
Build info: version: '3.141.59', revision: 'e82be7d358', time: '2018-11-14T08:25:53'
System info: host: 'LAPTOP-D0TPACJ1', ip: '192.168.100.227', os.name: 'Windows 10', os.arch: 'amd64', os.version: '10.0', java.version: '1.8.0_181'
Driver info: com.kms.katalon.selenium.driver.CChromeDriver
Capabilities {acceptInsecureCerts: false, browserName: chrome, browserVersion: 83.0.4103.106, chrome: {chromedriverVersion: 83.0.4103.39 (ccbf011cb2d2b..., userDataDir: C:\Users\ASUS\AppData\Local...}, goog:chromeOptions: {debuggerAddress: localhost:62518}, javascriptEnabled: true, networkConnectionEnabled: false, pageLoadStrategy: normal, platform: WINDOWS, platformName: WINDOWS, proxy: Proxy(), setWindowRect: true, strictFileInteractability: false, timeouts: {implicit: 0, pageLoad: 300000, script: 30000}, unhandledPromptBehavior: dismiss and notify, webauthn:virtualAuthenticators: true}
Session ID: f31b39235b2511bab6958a7a050b1104

2020-06-17 18:17:52 - [MESSAGE][PASSED] - Object: 'Object Repository/Christi/Page_Main/button_login' is clicked on

2020-06-17 18:17:52 - [TEST_STEP][PASSED] - delay(3): Delayed 3 second(s)

2020-06-17 18:17:55 - [MESSAGE][PASSED] - Delayed 3 second(s)

2020-06-17 18:17:55 - [TEST_STEP][PASSED] - setText(findTestObject("Object Repository/Christi/Page_Main/input_NPK_username"), username): Text '11666' is set on object 'Object Repository/Christi/Page_Main/input_NPK_username'

2020-06-17 18:17:56 - [MESSAGE][PASSED] - Text '11666' is set on object 'Object Repository/Christi/Page_Main/input_NPK_username'

2020-06-17 18:17:56 - [TEST_STEP][PASSED] - setText(findTestObject("Object Repository/Christi/Page_Main/input_Password_password"), password): Text 'Password3' is set on object 'Object Repository/Christi/Page_Main/input_Password_password'

2020-06-17 18:17:56 - [MESSAGE][PASSED] - Text 'Password3' is set on object 'Object Repository/Christi/Page_Main/input_Password_password'

2020-06-17 18:17:56 - [TEST_STEP][PASSED] - delay(5): Delayed 5 second(s)

2020-06-17 18:18:01 - [MESSAGE][PASSED] - Delayed 5 second(s)

2020-06-17 18:18:01 - [TEST_STEP][PASSED] - click(findTestObject("Rizka/Admin/Admin - Login/btnLogin2")): Object: 'Object Repository/Rizka/Admin/Admin - Login/btnLogin2' is clicked on

2020-06-17 18:18:02 - [MESSAGE][PASSED] - Object: 'Object Repository/Rizka/Admin/Admin - Login/btnLogin2' is clicked on

2020-06-17 18:18:02 - [TEST_STEP][PASSED] - delay(5): Delayed 5 second(s)

2020-06-17 18:18:07 - [MESSAGE][PASSED] - Delayed 5 second(s)

2020-06-17 18:18:07 - [MESSAGE][PASSED] - Call Test Case 'Test Cases/Christi/Admin/admin login' successfully

2020-06-17 18:18:07 - [TEST_STEP][PASSED] - delay(5): Delayed 5 second(s)

2020-06-17 18:18:12 - [MESSAGE][PASSED] - Delayed 5 second(s)

2020-06-17 18:18:12 - [TEST_STEP][PASSED] - click(findTestObject("Christi/Page_Dashboard Admin/span_Manage FAQ")): Object: 'Object Repository/Christi/Page_Dashboard Admin/span_Manage FAQ' is clicked on

2020-06-17 18:18:43 - [MESSAGE][PASSED] - Object: 'Object Repository/Christi/Page_Dashboard Admin/span_Manage FAQ' is clicked on

2020-06-17 18:18:43 - [TEST_STEP][PASSED] - click(findTestObject("Alda/Admin - Manage FAQ/Page_Manage Faq/input_search")): Object: 'Object Repository/Alda/Admin - Manage FAQ/Page_Manage Faq/input_search' is clicked on

2020-06-17 18:18:45 - [MESSAGE][PASSED] - Object: 'Object Repository/Alda/Admin - Manage FAQ/Page_Manage Faq/input_search' is clicked on

2020-06-17 18:18:45 - [TEST_STEP][PASSED] - setText(findTestObject("Alda/Admin - Manage FAQ/Page_Manage Faq/input_search"), var_search): Text 'question7' is set on object 'Object Repository/Alda/Admin - Manage FAQ/Page_Manage Faq/input_search'

2020-06-17 18:18:48 - [MESSAGE][PASSED] - Text 'question7' is set on object 'Object Repository/Alda/Admin - Manage FAQ/Page_Manage Faq/input_search'

2020-06-17 18:18:48 - [TEST_STEP][PASSED] - click(findTestObject("Christi/Page_Manage Faq/button_Clear button_app-search-button wi wi-search"), STOP_ON_FAILURE): Object: 'Object Repository/Christi/Page_Manage Faq/button_Clear button_app-search-button wi wi-search' is clicked on

2020-06-17 18:18:49 - [MESSAGE][PASSED] - Object: 'Object Repository/Christi/Page_Manage Faq/button_Clear button_app-search-button wi wi-search' is clicked on

2020-06-17 18:18:49 - [TEST_STEP][PASSED] - if (expected_output == "found"): null

2020-06-17 18:18:49 - [MESSAGE][PASSED] - Call Test Case 'Test Cases/Alda/Admin - Manage FAQ/Search' successfully

2020-06-17 18:18:49 - [TEST_STEP][PASSED] - delay(5): Delayed 5 second(s)

2020-06-17 18:18:54 - [MESSAGE][PASSED] - Delayed 5 second(s)

2020-06-17 18:18:54 - [TEST_STEP][PASSED] - click(findTestObject("Alda/Admin - Manage FAQ/Page_Manage Faq/btn_edit")): Object: 'Object Repository/Alda/Admin - Manage FAQ/Page_Manage Faq/btn_edit' is clicked on

2020-06-17 18:18:54 - [MESSAGE][PASSED] - Object: 'Object Repository/Alda/Admin - Manage FAQ/Page_Manage Faq/btn_edit' is clicked on

2020-06-17 18:18:54 - [TEST_STEP][PASSED] - verifyElementVisible(findTestObject("Object Repository/Alda/Admin - Manage FAQ/Page_Manage Faq/header_edit_page")): Object 'Object Repository/Alda/Admin - Manage FAQ/Page_Manage Faq/header_edit_page' is visible

2020-06-17 18:19:00 - [MESSAGE][PASSED] - Object 'Object Repository/Alda/Admin - Manage FAQ/Page_Manage Faq/header_edit_page' is visible

2020-06-17 18:19:00 - [TEST_STEP][PASSED] - switch (opsi_edit): null

2020-06-17 18:19:00 - [TEST_STEP][PASSED] - case "all":: null

2020-06-17 18:19:00 - [TEST_STEP][PASSED] - clearText(findTestObject("Alda/Admin - Manage FAQ/Page_Manage Faq/edit_question"), STOP_ON_FAILURE): Text of object 'Object Repository/Alda/Admin - Manage FAQ/Page_Manage Faq/edit_question' is cleared

2020-06-17 18:19:00 - [MESSAGE][PASSED] - Text of object 'Object Repository/Alda/Admin - Manage FAQ/Page_Manage Faq/edit_question' is cleared

2020-06-17 18:19:00 - [TEST_STEP][PASSED] - setText(findTestObject("Alda/Admin - Manage FAQ/Page_Manage Faq/edit_question"), var_question_new): Text 'question5' is set on object 'Object Repository/Alda/Admin - Manage FAQ/Page_Manage Faq/edit_question'

2020-06-17 18:19:01 - [MESSAGE][PASSED] - Text 'question5' is set on object 'Object Repository/Alda/Admin - Manage FAQ/Page_Manage Faq/edit_question'

2020-06-17 18:19:01 - [TEST_STEP][PASSED] - clearText(findTestObject("Alda/Admin - Manage FAQ/Page_Manage Faq/edit_answer"), STOP_ON_FAILURE): Text of object 'Object Repository/Alda/Admin - Manage FAQ/Page_Manage Faq/edit_answer' is cleared

2020-06-17 18:19:01 - [MESSAGE][PASSED] - Text of object 'Object Repository/Alda/Admin - Manage FAQ/Page_Manage Faq/edit_answer' is cleared

2020-06-17 18:19:01 - [TEST_STEP][PASSED] - setText(findTestObject("Alda/Admin - Manage FAQ/Page_Manage Faq/edit_answer"), var_answer_new): Text '' is set on object 'Object Repository/Alda/Admin - Manage FAQ/Page_Manage Faq/edit_answer'

2020-06-17 18:19:02 - [MESSAGE][PASSED] - Text '' is set on object 'Object Repository/Alda/Admin - Manage FAQ/Page_Manage Faq/edit_answer'

2020-06-17 18:19:02 - [TEST_STEP][PASSED] - uploadFile(findTestObject("Alda/Admin - Manage FAQ/Page_Manage Faq/edit_gambar"), var_gambar_new): File 'C:\Users\ASUS\git\LearningManagementWebs\gambar_alda.jpg' sent to object: 'Object Repository/Alda/Admin - Manage FAQ/Page_Manage Faq/edit_gambar'

2020-06-17 18:19:02 - [MESSAGE][PASSED] - File 'C:\Users\ASUS\git\LearningManagementWebs\gambar_alda.jpg' sent to object: 'Object Repository/Alda/Admin - Manage FAQ/Page_Manage Faq/edit_gambar'

2020-06-17 18:19:02 - [TEST_STEP][NOT_RUN] - if (expected_image == "success"): NOT_RUN: verifyElementVisible(findTestObject("Object Repository/Alda/Admin - Manage FAQ/Page_Manage Faq/alert_success_upload_image"))

2020-06-17 18:19:02 - [TEST_STEP][NOT_RUN] - verifyElementVisible(findTestObject("Object Repository/Alda/Admin - Manage FAQ/Page_Manage Faq/alert_success_upload_image")): NOT_RUN: verifyElementVisible(findTestObject("Object Repository/Alda/Admin - Manage FAQ/Page_Manage Faq/alert_success_upload_image"))

2020-06-17 18:19:02 - [MESSAGE][NOT_RUN] - NOT_RUN: verifyElementVisible(findTestObject("Object Repository/Alda/Admin - Manage FAQ/Page_Manage Faq/alert_success_upload_image"))

2020-06-17 18:19:02 - [TEST_STEP][PASSED] - click(findTestObject("Alda/Admin - Manage FAQ/Page_Manage Faq/edit_tag")): Object: 'Object Repository/Alda/Admin - Manage FAQ/Page_Manage Faq/edit_tag' is clicked on

2020-06-17 18:19:03 - [MESSAGE][PASSED] - Object: 'Object Repository/Alda/Admin - Manage FAQ/Page_Manage Faq/edit_tag' is clicked on

2020-06-17 18:19:03 - [TEST_STEP][PASSED] - setText(findTestObject("Alda/Admin - Manage FAQ/Page_Manage Faq/edit_tag"), var_tag_new): Text 'apaaja' is set on object 'Object Repository/Alda/Admin - Manage FAQ/Page_Manage Faq/edit_tag'

2020-06-17 18:19:04 - [MESSAGE][PASSED] - Text 'apaaja' is set on object 'Object Repository/Alda/Admin - Manage FAQ/Page_Manage Faq/edit_tag'

2020-06-17 18:19:04 - [TEST_STEP][PASSED] - sendKeys(findTestObject("Alda/Admin - Manage FAQ/Page_Manage Faq/edit_tag"), Keys.chord(ENTER)): Keys 'ENTER + ' sent to object: 'Object Repository/Alda/Admin - Manage FAQ/Page_Manage Faq/edit_tag'

2020-06-17 18:19:05 - [MESSAGE][PASSED] - Keys 'ENTER + ' sent to object: 'Object Repository/Alda/Admin - Manage FAQ/Page_Manage Faq/edit_tag'

2020-06-17 18:19:05 - [TEST_STEP][PASSED] - break: null

2020-06-17 18:19:05 - [TEST_STEP][FAILED] - switch (expected_output): Unable to verify object 'Object Repository/Alda/Admin - Manage FAQ/Page_Manage Faq/alert_error' is visible (Root cause: com.kms.katalon.core.exception.StepFailedException: Unable to verify object 'Object Repository/Alda/Admin - Manage FAQ/Page_Manage Faq/alert_error' is visible
	at com.kms.katalon.core.webui.keyword.internal.WebUIKeywordMain.stepFailed(WebUIKeywordMain.groovy:64)
	at com.kms.katalon.core.webui.keyword.internal.WebUIKeywordMain.runKeyword(WebUIKeywordMain.groovy:26)
	at com.kms.katalon.core.webui.keyword.builtin.VerifyElementVisibleKeyword.verifyElementVisible(VerifyElementVisibleKeyword.groovy:97)
	at com.kms.katalon.core.webui.keyword.builtin.VerifyElementVisibleKeyword.execute(VerifyElementVisibleKeyword.groovy:67)
	at com.kms.katalon.core.keyword.internal.KeywordExecutor.executeKeywordForPlatform(KeywordExecutor.groovy:60)
	at com.kms.katalon.core.webui.keyword.WebUiBuiltInKeywords.verifyElementVisible(WebUiBuiltInKeywords.groovy:372)
	at com.kms.katalon.core.webui.keyword.WebUiBuiltInKeywords$verifyElementVisible$4.call(Unknown Source)
	at Edit.run(Edit:117)
	at com.kms.katalon.core.main.ScriptEngine.run(ScriptEngine.java:194)
	at com.kms.katalon.core.main.ScriptEngine.runScriptAsRawText(ScriptEngine.java:119)
	at com.kms.katalon.core.main.TestCaseExecutor.runScript(TestCaseExecutor.java:337)
	at com.kms.katalon.core.main.TestCaseExecutor.doExecute(TestCaseExecutor.java:328)
	at com.kms.katalon.core.main.TestCaseExecutor.processExecutionPhase(TestCaseExecutor.java:307)
	at com.kms.katalon.core.main.TestCaseExecutor.accessMainPhase(TestCaseExecutor.java:299)
	at com.kms.katalon.core.main.TestCaseExecutor.execute(TestCaseExecutor.java:233)
	at com.kms.katalon.core.main.TestSuiteExecutor.accessTestCaseMainPhase(TestSuiteExecutor.java:169)
	at com.kms.katalon.core.main.TestSuiteExecutor.accessTestSuiteMainPhase(TestSuiteExecutor.java:142)
	at com.kms.katalon.core.main.TestSuiteExecutor.execute(TestSuiteExecutor.java:91)
	at com.kms.katalon.core.main.TestCaseMain.startTestSuite(TestCaseMain.java:157)
	at com.kms.katalon.core.main.TestCaseMain$startTestSuite$0.call(Unknown Source)
	at TempTestSuite1592392224239.run(TempTestSuite1592392224239.groovy:36)
Caused by: com.kms.katalon.core.exception.StepFailedException: Web element with id: 'Object Repository/Alda/Admin - Manage FAQ/Page_Manage Faq/alert_error' located by 'By.xpath: //body[@id='ng-app']/modal-container[2]/app-page-managefaq/div/div/div/h4' not found
	at com.kms.katalon.core.webui.keyword.internal.WebUIKeywordMain.stepFailed(WebUIKeywordMain.groovy:64)
	at com.kms.katalon.core.webui.keyword.builtin.VerifyElementVisibleKeyword$_verifyElementVisible_closure1.doCall(VerifyElementVisibleKeyword.groovy:89)
	at com.kms.katalon.core.webui.keyword.builtin.VerifyElementVisibleKeyword$_verifyElementVisible_closure1.call(VerifyElementVisibleKeyword.groovy)
	at com.kms.katalon.core.webui.keyword.internal.WebUIKeywordMain.runKeyword(WebUIKeywordMain.groovy:20)
	... 19 more
)

2020-06-17 18:19:05 - [TEST_STEP][FAILED] - case "fail":: Unable to verify object 'Object Repository/Alda/Admin - Manage FAQ/Page_Manage Faq/alert_error' is visible (Root cause: com.kms.katalon.core.exception.StepFailedException: Unable to verify object 'Object Repository/Alda/Admin - Manage FAQ/Page_Manage Faq/alert_error' is visible
	at com.kms.katalon.core.webui.keyword.internal.WebUIKeywordMain.stepFailed(WebUIKeywordMain.groovy:64)
	at com.kms.katalon.core.webui.keyword.internal.WebUIKeywordMain.runKeyword(WebUIKeywordMain.groovy:26)
	at com.kms.katalon.core.webui.keyword.builtin.VerifyElementVisibleKeyword.verifyElementVisible(VerifyElementVisibleKeyword.groovy:97)
	at com.kms.katalon.core.webui.keyword.builtin.VerifyElementVisibleKeyword.execute(VerifyElementVisibleKeyword.groovy:67)
	at com.kms.katalon.core.keyword.internal.KeywordExecutor.executeKeywordForPlatform(KeywordExecutor.groovy:60)
	at com.kms.katalon.core.webui.keyword.WebUiBuiltInKeywords.verifyElementVisible(WebUiBuiltInKeywords.groovy:372)
	at com.kms.katalon.core.webui.keyword.WebUiBuiltInKeywords$verifyElementVisible$4.call(Unknown Source)
	at Edit.run(Edit:117)
	at com.kms.katalon.core.main.ScriptEngine.run(ScriptEngine.java:194)
	at com.kms.katalon.core.main.ScriptEngine.runScriptAsRawText(ScriptEngine.java:119)
	at com.kms.katalon.core.main.TestCaseExecutor.runScript(TestCaseExecutor.java:337)
	at com.kms.katalon.core.main.TestCaseExecutor.doExecute(TestCaseExecutor.java:328)
	at com.kms.katalon.core.main.TestCaseExecutor.processExecutionPhase(TestCaseExecutor.java:307)
	at com.kms.katalon.core.main.TestCaseExecutor.accessMainPhase(TestCaseExecutor.java:299)
	at com.kms.katalon.core.main.TestCaseExecutor.execute(TestCaseExecutor.java:233)
	at com.kms.katalon.core.main.TestSuiteExecutor.accessTestCaseMainPhase(TestSuiteExecutor.java:169)
	at com.kms.katalon.core.main.TestSuiteExecutor.accessTestSuiteMainPhase(TestSuiteExecutor.java:142)
	at com.kms.katalon.core.main.TestSuiteExecutor.execute(TestSuiteExecutor.java:91)
	at com.kms.katalon.core.main.TestCaseMain.startTestSuite(TestCaseMain.java:157)
	at com.kms.katalon.core.main.TestCaseMain$startTestSuite$0.call(Unknown Source)
	at TempTestSuite1592392224239.run(TempTestSuite1592392224239.groovy:36)
Caused by: com.kms.katalon.core.exception.StepFailedException: Web element with id: 'Object Repository/Alda/Admin - Manage FAQ/Page_Manage Faq/alert_error' located by 'By.xpath: //body[@id='ng-app']/modal-container[2]/app-page-managefaq/div/div/div/h4' not found
	at com.kms.katalon.core.webui.keyword.internal.WebUIKeywordMain.stepFailed(WebUIKeywordMain.groovy:64)
	at com.kms.katalon.core.webui.keyword.builtin.VerifyElementVisibleKeyword$_verifyElementVisible_closure1.doCall(VerifyElementVisibleKeyword.groovy:89)
	at com.kms.katalon.core.webui.keyword.builtin.VerifyElementVisibleKeyword$_verifyElementVisible_closure1.call(VerifyElementVisibleKeyword.groovy)
	at com.kms.katalon.core.webui.keyword.internal.WebUIKeywordMain.runKeyword(WebUIKeywordMain.groovy:20)
	... 19 more
)

2020-06-17 18:19:05 - [TEST_STEP][PASSED] - click(findTestObject("Object Repository/Alda/Admin - Manage FAQ/Page_Manage Faq/btn_save_edit")): Object: 'Object Repository/Alda/Admin - Manage FAQ/Page_Manage Faq/btn_save_edit' is clicked on

2020-06-17 18:19:05 - [MESSAGE][PASSED] - Object: 'Object Repository/Alda/Admin - Manage FAQ/Page_Manage Faq/btn_save_edit' is clicked on

2020-06-17 18:19:05 - [TEST_STEP][PASSED] - delay(3): Delayed 3 second(s)

2020-06-17 18:19:08 - [MESSAGE][PASSED] - Delayed 3 second(s)

2020-06-17 18:19:08 - [TEST_STEP][FAILED] - verifyElementVisible(findTestObject("Alda/Admin - Manage FAQ/Page_Manage Faq/alert_error")): Unable to verify object 'Object Repository/Alda/Admin - Manage FAQ/Page_Manage Faq/alert_error' is visible (Root cause: com.kms.katalon.core.exception.StepFailedException: Unable to verify object 'Object Repository/Alda/Admin - Manage FAQ/Page_Manage Faq/alert_error' is visible
	at com.kms.katalon.core.webui.keyword.internal.WebUIKeywordMain.stepFailed(WebUIKeywordMain.groovy:64)
	at com.kms.katalon.core.webui.keyword.internal.WebUIKeywordMain.runKeyword(WebUIKeywordMain.groovy:26)
	at com.kms.katalon.core.webui.keyword.builtin.VerifyElementVisibleKeyword.verifyElementVisible(VerifyElementVisibleKeyword.groovy:97)
	at com.kms.katalon.core.webui.keyword.builtin.VerifyElementVisibleKeyword.execute(VerifyElementVisibleKeyword.groovy:67)
	at com.kms.katalon.core.keyword.internal.KeywordExecutor.executeKeywordForPlatform(KeywordExecutor.groovy:60)
	at com.kms.katalon.core.webui.keyword.WebUiBuiltInKeywords.verifyElementVisible(WebUiBuiltInKeywords.groovy:372)
	at com.kms.katalon.core.webui.keyword.WebUiBuiltInKeywords$verifyElementVisible$4.call(Unknown Source)
	at Edit.run(Edit:117)
	at com.kms.katalon.core.main.ScriptEngine.run(ScriptEngine.java:194)
	at com.kms.katalon.core.main.ScriptEngine.runScriptAsRawText(ScriptEngine.java:119)
	at com.kms.katalon.core.main.TestCaseExecutor.runScript(TestCaseExecutor.java:337)
	at com.kms.katalon.core.main.TestCaseExecutor.doExecute(TestCaseExecutor.java:328)
	at com.kms.katalon.core.main.TestCaseExecutor.processExecutionPhase(TestCaseExecutor.java:307)
	at com.kms.katalon.core.main.TestCaseExecutor.accessMainPhase(TestCaseExecutor.java:299)
	at com.kms.katalon.core.main.TestCaseExecutor.execute(TestCaseExecutor.java:233)
	at com.kms.katalon.core.main.TestSuiteExecutor.accessTestCaseMainPhase(TestSuiteExecutor.java:169)
	at com.kms.katalon.core.main.TestSuiteExecutor.accessTestSuiteMainPhase(TestSuiteExecutor.java:142)
	at com.kms.katalon.core.main.TestSuiteExecutor.execute(TestSuiteExecutor.java:91)
	at com.kms.katalon.core.main.TestCaseMain.startTestSuite(TestCaseMain.java:157)
	at com.kms.katalon.core.main.TestCaseMain$startTestSuite$0.call(Unknown Source)
	at TempTestSuite1592392224239.run(TempTestSuite1592392224239.groovy:36)
Caused by: com.kms.katalon.core.exception.StepFailedException: Web element with id: 'Object Repository/Alda/Admin - Manage FAQ/Page_Manage Faq/alert_error' located by 'By.xpath: //body[@id='ng-app']/modal-container[2]/app-page-managefaq/div/div/div/h4' not found
	at com.kms.katalon.core.webui.keyword.internal.WebUIKeywordMain.stepFailed(WebUIKeywordMain.groovy:64)
	at com.kms.katalon.core.webui.keyword.builtin.VerifyElementVisibleKeyword$_verifyElementVisible_closure1.doCall(VerifyElementVisibleKeyword.groovy:89)
	at com.kms.katalon.core.webui.keyword.builtin.VerifyElementVisibleKeyword$_verifyElementVisible_closure1.call(VerifyElementVisibleKeyword.groovy)
	at com.kms.katalon.core.webui.keyword.internal.WebUIKeywordMain.runKeyword(WebUIKeywordMain.groovy:20)
	... 19 more
)

2020-06-17 18:19:54 - [MESSAGE][INFO] - Unable to find the element located by 'By.xpath: //body[@id='ng-app']/modal-container[2]/app-page-managefaq/div/div/div/h4'. Please recheck the objects properties to make sure the desired element is located. 

2020-06-17 18:19:54 - [MESSAGE][FAILED] - Web element with id: 'Object Repository/Alda/Admin - Manage FAQ/Page_Manage Faq/alert_error' located by 'By.xpath: //body[@id='ng-app']/modal-container[2]/app-page-managefaq/div/div/div/h4' not found (Root cause: com.kms.katalon.core.exception.StepFailedException: Web element with id: 'Object Repository/Alda/Admin - Manage FAQ/Page_Manage Faq/alert_error' located by 'By.xpath: //body[@id='ng-app']/modal-container[2]/app-page-managefaq/div/div/div/h4' not found
	at com.kms.katalon.core.webui.keyword.internal.WebUIKeywordMain.stepFailed(WebUIKeywordMain.groovy:64)
	at com.kms.katalon.core.webui.keyword.builtin.VerifyElementVisibleKeyword$_verifyElementVisible_closure1.doCall(VerifyElementVisibleKeyword.groovy:89)
	at com.kms.katalon.core.webui.keyword.builtin.VerifyElementVisibleKeyword$_verifyElementVisible_closure1.call(VerifyElementVisibleKeyword.groovy)
	at com.kms.katalon.core.webui.keyword.internal.WebUIKeywordMain.runKeyword(WebUIKeywordMain.groovy:20)
	at com.kms.katalon.core.webui.keyword.builtin.VerifyElementVisibleKeyword.verifyElementVisible(VerifyElementVisibleKeyword.groovy:97)
	at com.kms.katalon.core.webui.keyword.builtin.VerifyElementVisibleKeyword.execute(VerifyElementVisibleKeyword.groovy:67)
	at com.kms.katalon.core.keyword.internal.KeywordExecutor.executeKeywordForPlatform(KeywordExecutor.groovy:60)
	at com.kms.katalon.core.webui.keyword.WebUiBuiltInKeywords.verifyElementVisible(WebUiBuiltInKeywords.groovy:372)
	at com.kms.katalon.core.webui.keyword.WebUiBuiltInKeywords$verifyElementVisible$4.call(Unknown Source)
	at Edit.run(Edit:117)
	at com.kms.katalon.core.main.ScriptEngine.run(ScriptEngine.java:194)
	at com.kms.katalon.core.main.ScriptEngine.runScriptAsRawText(ScriptEngine.java:119)
	at com.kms.katalon.core.main.TestCaseExecutor.runScript(TestCaseExecutor.java:337)
	at com.kms.katalon.core.main.TestCaseExecutor.doExecute(TestCaseExecutor.java:328)
	at com.kms.katalon.core.main.TestCaseExecutor.processExecutionPhase(TestCaseExecutor.java:307)
	at com.kms.katalon.core.main.TestCaseExecutor.accessMainPhase(TestCaseExecutor.java:299)
	at com.kms.katalon.core.main.TestCaseExecutor.execute(TestCaseExecutor.java:233)
	at com.kms.katalon.core.main.TestSuiteExecutor.accessTestCaseMainPhase(TestSuiteExecutor.java:169)
	at com.kms.katalon.core.main.TestSuiteExecutor.accessTestSuiteMainPhase(TestSuiteExecutor.java:142)
	at com.kms.katalon.core.main.TestSuiteExecutor.execute(TestSuiteExecutor.java:91)
	at com.kms.katalon.core.main.TestCaseMain.startTestSuite(TestCaseMain.java:157)
	at com.kms.katalon.core.main.TestCaseMain$startTestSuite$0.call(Unknown Source)
	at TempTestSuite1592392224239.run(TempTestSuite1592392224239.groovy:36)
)
[[ATTACHMENT|C:\\Users\\ASUS\\git\\LearningManagementWebs\\Reports\\20200617_181024\\Alda\\Admin_Manage FAQ - Edit\\20200617_181024\\1592392794245.png]]

2020-06-17 18:19:54 - [MESSAGE][FAILED] - Unable to verify object 'Object Repository/Alda/Admin - Manage FAQ/Page_Manage Faq/alert_error' is visible (Root cause: com.kms.katalon.core.exception.StepFailedException: Unable to verify object 'Object Repository/Alda/Admin - Manage FAQ/Page_Manage Faq/alert_error' is visible
	at com.kms.katalon.core.webui.keyword.internal.WebUIKeywordMain.stepFailed(WebUIKeywordMain.groovy:64)
	at com.kms.katalon.core.webui.keyword.internal.WebUIKeywordMain.runKeyword(WebUIKeywordMain.groovy:26)
	at com.kms.katalon.core.webui.keyword.builtin.VerifyElementVisibleKeyword.verifyElementVisible(VerifyElementVisibleKeyword.groovy:97)
	at com.kms.katalon.core.webui.keyword.builtin.VerifyElementVisibleKeyword.execute(VerifyElementVisibleKeyword.groovy:67)
	at com.kms.katalon.core.keyword.internal.KeywordExecutor.executeKeywordForPlatform(KeywordExecutor.groovy:60)
	at com.kms.katalon.core.webui.keyword.WebUiBuiltInKeywords.verifyElementVisible(WebUiBuiltInKeywords.groovy:372)
	at com.kms.katalon.core.webui.keyword.WebUiBuiltInKeywords$verifyElementVisible$4.call(Unknown Source)
	at Edit.run(Edit:117)
	at com.kms.katalon.core.main.ScriptEngine.run(ScriptEngine.java:194)
	at com.kms.katalon.core.main.ScriptEngine.runScriptAsRawText(ScriptEngine.java:119)
	at com.kms.katalon.core.main.TestCaseExecutor.runScript(TestCaseExecutor.java:337)
	at com.kms.katalon.core.main.TestCaseExecutor.doExecute(TestCaseExecutor.java:328)
	at com.kms.katalon.core.main.TestCaseExecutor.processExecutionPhase(TestCaseExecutor.java:307)
	at com.kms.katalon.core.main.TestCaseExecutor.accessMainPhase(TestCaseExecutor.java:299)
	at com.kms.katalon.core.main.TestCaseExecutor.execute(TestCaseExecutor.java:233)
	at com.kms.katalon.core.main.TestSuiteExecutor.accessTestCaseMainPhase(TestSuiteExecutor.java:169)
	at com.kms.katalon.core.main.TestSuiteExecutor.accessTestSuiteMainPhase(TestSuiteExecutor.java:142)
	at com.kms.katalon.core.main.TestSuiteExecutor.execute(TestSuiteExecutor.java:91)
	at com.kms.katalon.core.main.TestCaseMain.startTestSuite(TestCaseMain.java:157)
	at com.kms.katalon.core.main.TestCaseMain$startTestSuite$0.call(Unknown Source)
	at TempTestSuite1592392224239.run(TempTestSuite1592392224239.groovy:36)
Caused by: com.kms.katalon.core.exception.StepFailedException: Web element with id: 'Object Repository/Alda/Admin - Manage FAQ/Page_Manage Faq/alert_error' located by 'By.xpath: //body[@id='ng-app']/modal-container[2]/app-page-managefaq/div/div/div/h4' not found
	at com.kms.katalon.core.webui.keyword.internal.WebUIKeywordMain.stepFailed(WebUIKeywordMain.groovy:64)
	at com.kms.katalon.core.webui.keyword.builtin.VerifyElementVisibleKeyword$_verifyElementVisible_closure1.doCall(VerifyElementVisibleKeyword.groovy:89)
	at com.kms.katalon.core.webui.keyword.builtin.VerifyElementVisibleKeyword$_verifyElementVisible_closure1.call(VerifyElementVisibleKeyword.groovy)
	at com.kms.katalon.core.webui.keyword.internal.WebUIKeywordMain.runKeyword(WebUIKeywordMain.groovy:20)
	... 19 more
)
[[ATTACHMENT|C:\\Users\\ASUS\\git\\LearningManagementWebs\\Reports\\20200617_181024\\Alda\\Admin_Manage FAQ - Edit\\20200617_181024\\1592392794663.png]]]]></system-out>
         <system-err><![CDATA[2020-06-17 18:17:11 - [TEST_CASE][FAILED] - Test Cases/Alda/Admin - Manage FAQ/Edit: Test Cases/Alda/Admin - Manage FAQ/Edit FAILED.
Reason:
com.kms.katalon.core.exception.StepFailedException: Unable to verify object 'Object Repository/Alda/Admin - Manage FAQ/Page_Manage Faq/alert_error' is visible
	at com.kms.katalon.core.webui.keyword.internal.WebUIKeywordMain.stepFailed(WebUIKeywordMain.groovy:64)
	at com.kms.katalon.core.webui.keyword.internal.WebUIKeywordMain.runKeyword(WebUIKeywordMain.groovy:26)
	at com.kms.katalon.core.webui.keyword.builtin.VerifyElementVisibleKeyword.verifyElementVisible(VerifyElementVisibleKeyword.groovy:97)
	at com.kms.katalon.core.webui.keyword.builtin.VerifyElementVisibleKeyword.execute(VerifyElementVisibleKeyword.groovy:67)
	at com.kms.katalon.core.keyword.internal.KeywordExecutor.executeKeywordForPlatform(KeywordExecutor.groovy:60)
	at com.kms.katalon.core.webui.keyword.WebUiBuiltInKeywords.verifyElementVisible(WebUiBuiltInKeywords.groovy:372)
	at com.kms.katalon.core.webui.keyword.WebUiBuiltInKeywords$verifyElementVisible$4.call(Unknown Source)
	at Edit.run(Edit:117)
	at com.kms.katalon.core.main.ScriptEngine.run(ScriptEngine.java:194)
	at com.kms.katalon.core.main.ScriptEngine.runScriptAsRawText(ScriptEngine.java:119)
	at com.kms.katalon.core.main.TestCaseExecutor.runScript(TestCaseExecutor.java:337)
	at com.kms.katalon.core.main.TestCaseExecutor.doExecute(TestCaseExecutor.java:328)
	at com.kms.katalon.core.main.TestCaseExecutor.processExecutionPhase(TestCaseExecutor.java:307)
	at com.kms.katalon.core.main.TestCaseExecutor.accessMainPhase(TestCaseExecutor.java:299)
	at com.kms.katalon.core.main.TestCaseExecutor.execute(TestCaseExecutor.java:233)
	at com.kms.katalon.core.main.TestSuiteExecutor.accessTestCaseMainPhase(TestSuiteExecutor.java:169)
	at com.kms.katalon.core.main.TestSuiteExecutor.accessTestSuiteMainPhase(TestSuiteExecutor.java:142)
	at com.kms.katalon.core.main.TestSuiteExecutor.execute(TestSuiteExecutor.java:91)
	at com.kms.katalon.core.main.TestCaseMain.startTestSuite(TestCaseMain.java:157)
	at com.kms.katalon.core.main.TestCaseMain$startTestSuite$0.call(Unknown Source)
	at TempTestSuite1592392224239.run(TempTestSuite1592392224239.groovy:36)
Caused by: com.kms.katalon.core.exception.StepFailedException: Web element with id: 'Object Repository/Alda/Admin - Manage FAQ/Page_Manage Faq/alert_error' located by 'By.xpath: //body[@id='ng-app']/modal-container[2]/app-page-managefaq/div/div/div/h4' not found
	at com.kms.katalon.core.webui.keyword.internal.WebUIKeywordMain.stepFailed(WebUIKeywordMain.groovy:64)
	at com.kms.katalon.core.webui.keyword.builtin.VerifyElementVisibleKeyword$_verifyElementVisible_closure1.doCall(VerifyElementVisibleKeyword.groovy:89)
	at com.kms.katalon.core.webui.keyword.builtin.VerifyElementVisibleKeyword$_verifyElementVisible_closure1.call(VerifyElementVisibleKeyword.groovy)
	at com.kms.katalon.core.webui.keyword.internal.WebUIKeywordMain.runKeyword(WebUIKeywordMain.groovy:20)
	... 19 more]]></system-err>
      </testcase>
      <testcase name="Test Cases/Alda/Admin - Manage FAQ/Edit" time="127.914" classname="Test Cases/Alda/Admin - Manage FAQ/Edit" status="FAILED">
         <failure type="FAILED" message="Test Cases/Alda/Admin - Manage FAQ/Edit FAILED.
Reason:
com.kms.katalon.core.exception.StepFailedException: Unable to verify object 'Object Repository/Alda/Admin - Manage FAQ/Page_Manage Faq/alert_error' is visible
	at com.kms.katalon.core.webui.keyword.internal.WebUIKeywordMain.stepFailed(WebUIKeywordMain.groovy:64)
	at com.kms.katalon.core.webui.keyword.internal.WebUIKeywordMain.runKeyword(WebUIKeywordMain.groovy:26)
	at com.kms.katalon.core.webui.keyword.builtin.VerifyElementVisibleKeyword.verifyElementVisible(VerifyElementVisibleKeyword.groovy:97)
	at com.kms.katalon.core.webui.keyword.builtin.VerifyElementVisibleKeyword.execute(VerifyElementVisibleKeyword.groovy:67)
	at com.kms.katalon.core.keyword.internal.KeywordExecutor.executeKeywordForPlatform(KeywordExecutor.groovy:60)
	at com.kms.katalon.core.webui.keyword.WebUiBuiltInKeywords.verifyElementVisible(WebUiBuiltInKeywords.groovy:372)
	at com.kms.katalon.core.webui.keyword.WebUiBuiltInKeywords$verifyElementVisible$4.call(Unknown Source)
	at Edit.run(Edit:117)
	at com.kms.katalon.core.main.ScriptEngine.run(ScriptEngine.java:194)
	at com.kms.katalon.core.main.ScriptEngine.runScriptAsRawText(ScriptEngine.java:119)
	at com.kms.katalon.core.main.TestCaseExecutor.runScript(TestCaseExecutor.java:337)
	at com.kms.katalon.core.main.TestCaseExecutor.doExecute(TestCaseExecutor.java:328)
	at com.kms.katalon.core.main.TestCaseExecutor.processExecutionPhase(TestCaseExecutor.java:307)
	at com.kms.katalon.core.main.TestCaseExecutor.accessMainPhase(TestCaseExecutor.java:299)
	at com.kms.katalon.core.main.TestCaseExecutor.execute(TestCaseExecutor.java:233)
	at com.kms.katalon.core.main.TestSuiteExecutor.accessTestCaseMainPhase(TestSuiteExecutor.java:169)
	at com.kms.katalon.core.main.TestSuiteExecutor.accessTestSuiteMainPhase(TestSuiteExecutor.java:142)
	at com.kms.katalon.core.main.TestSuiteExecutor.execute(TestSuiteExecutor.java:91)
	at com.kms.katalon.core.main.TestCaseMain.startTestSuite(TestCaseMain.java:157)
	at com.kms.katalon.core.main.TestCaseMain$startTestSuite$0.call(Unknown Source)
	at TempTestSuite1592392224239.run(TempTestSuite1592392224239.groovy:36)
Caused by: com.kms.katalon.core.exception.StepFailedException: Web element with id: 'Object Repository/Alda/Admin - Manage FAQ/Page_Manage Faq/alert_error' located by 'By.xpath: //body[@id='ng-app']/modal-container[2]/app-page-managefaq/div/div/div/h4' not found
	at com.kms.katalon.core.webui.keyword.internal.WebUIKeywordMain.stepFailed(WebUIKeywordMain.groovy:64)
	at com.kms.katalon.core.webui.keyword.builtin.VerifyElementVisibleKeyword$_verifyElementVisible_closure1.doCall(VerifyElementVisibleKeyword.groovy:89)
	at com.kms.katalon.core.webui.keyword.builtin.VerifyElementVisibleKeyword$_verifyElementVisible_closure1.call(VerifyElementVisibleKeyword.groovy)
	at com.kms.katalon.core.webui.keyword.internal.WebUIKeywordMain.runKeyword(WebUIKeywordMain.groovy:20)
	... 19 more
"/>
         <system-out><![CDATA[2020-06-17 18:19:55 - [TEST_CASE][FAILED] - Test Cases/Alda/Admin - Manage FAQ/Edit: Test Cases/Alda/Admin - Manage FAQ/Edit FAILED.
Reason:
com.kms.katalon.core.exception.StepFailedException: Unable to verify object 'Object Repository/Alda/Admin - Manage FAQ/Page_Manage Faq/alert_error' is visible
	at com.kms.katalon.core.webui.keyword.internal.WebUIKeywordMain.stepFailed(WebUIKeywordMain.groovy:64)
	at com.kms.katalon.core.webui.keyword.internal.WebUIKeywordMain.runKeyword(WebUIKeywordMain.groovy:26)
	at com.kms.katalon.core.webui.keyword.builtin.VerifyElementVisibleKeyword.verifyElementVisible(VerifyElementVisibleKeyword.groovy:97)
	at com.kms.katalon.core.webui.keyword.builtin.VerifyElementVisibleKeyword.execute(VerifyElementVisibleKeyword.groovy:67)
	at com.kms.katalon.core.keyword.internal.KeywordExecutor.executeKeywordForPlatform(KeywordExecutor.groovy:60)
	at com.kms.katalon.core.webui.keyword.WebUiBuiltInKeywords.verifyElementVisible(WebUiBuiltInKeywords.groovy:372)
	at com.kms.katalon.core.webui.keyword.WebUiBuiltInKeywords$verifyElementVisible$4.call(Unknown Source)
	at Edit.run(Edit:117)
	at com.kms.katalon.core.main.ScriptEngine.run(ScriptEngine.java:194)
	at com.kms.katalon.core.main.ScriptEngine.runScriptAsRawText(ScriptEngine.java:119)
	at com.kms.katalon.core.main.TestCaseExecutor.runScript(TestCaseExecutor.java:337)
	at com.kms.katalon.core.main.TestCaseExecutor.doExecute(TestCaseExecutor.java:328)
	at com.kms.katalon.core.main.TestCaseExecutor.processExecutionPhase(TestCaseExecutor.java:307)
	at com.kms.katalon.core.main.TestCaseExecutor.accessMainPhase(TestCaseExecutor.java:299)
	at com.kms.katalon.core.main.TestCaseExecutor.execute(TestCaseExecutor.java:233)
	at com.kms.katalon.core.main.TestSuiteExecutor.accessTestCaseMainPhase(TestSuiteExecutor.java:169)
	at com.kms.katalon.core.main.TestSuiteExecutor.accessTestSuiteMainPhase(TestSuiteExecutor.java:142)
	at com.kms.katalon.core.main.TestSuiteExecutor.execute(TestSuiteExecutor.java:91)
	at com.kms.katalon.core.main.TestCaseMain.startTestSuite(TestCaseMain.java:157)
	at com.kms.katalon.core.main.TestCaseMain$startTestSuite$0.call(Unknown Source)
	at TempTestSuite1592392224239.run(TempTestSuite1592392224239.groovy:36)
Caused by: com.kms.katalon.core.exception.StepFailedException: Web element with id: 'Object Repository/Alda/Admin - Manage FAQ/Page_Manage Faq/alert_error' located by 'By.xpath: //body[@id='ng-app']/modal-container[2]/app-page-managefaq/div/div/div/h4' not found
	at com.kms.katalon.core.webui.keyword.internal.WebUIKeywordMain.stepFailed(WebUIKeywordMain.groovy:64)
	at com.kms.katalon.core.webui.keyword.builtin.VerifyElementVisibleKeyword$_verifyElementVisible_closure1.doCall(VerifyElementVisibleKeyword.groovy:89)
	at com.kms.katalon.core.webui.keyword.builtin.VerifyElementVisibleKeyword$_verifyElementVisible_closure1.call(VerifyElementVisibleKeyword.groovy)
	at com.kms.katalon.core.webui.keyword.internal.WebUIKeywordMain.runKeyword(WebUIKeywordMain.groovy:20)
	... 19 more


2020-06-17 18:19:55 - [TEST_STEP][PASSED] - callTestCase(findTestCase("Alda/Admin - Manage FAQ/Search"), ["var_search":var_search, "expected_output":""], STOP_ON_FAILURE): Call Test Case 'Test Cases/Alda/Admin - Manage FAQ/Search' successfully

2020-06-17 18:19:55 - [TEST_CASE][PASSED] - Test Cases/Alda/Admin - Manage FAQ/Search: Test Cases/Alda/Admin - Manage FAQ/Search

2020-06-17 18:19:55 - [TEST_STEP][PASSED] - callTestCase(findTestCase("Christi/Admin/admin login"), ["username":"11666", "password":"Password3"], STOP_ON_FAILURE): Call Test Case 'Test Cases/Christi/Admin/admin login' successfully

2020-06-17 18:19:55 - [TEST_CASE][PASSED] - Test Cases/Christi/Admin/admin login: Test Cases/Christi/Admin/admin login

2020-06-17 18:19:55 - [TEST_STEP][PASSED] - openBrowser(""): Browser is opened with url: ''

2020-06-17 18:19:55 - [MESSAGE][WARNING] - A browser is already opened. Closing browser and opening a new one

2020-06-17 18:19:59 - [MESSAGE][INFO] - Starting 'Chrome' driver

2020-06-17 18:20:03 - [MESSAGE][PASSED] - Browser is opened with url: ''

2020-06-17 18:20:03 - [TEST_STEP][PASSED] - navigateToUrl("https://appsrv1.deltadatamandiri.com/ACC_LMS_WEB/#/admNLmn"): Navigate to 'https://appsrv1.deltadatamandiri.com/ACC_LMS_WEB/#/admNLmn' successfully

2020-06-17 18:20:22 - [MESSAGE][PASSED] - Navigate to 'https://appsrv1.deltadatamandiri.com/ACC_LMS_WEB/#/admNLmn' successfully

2020-06-17 18:20:22 - [TEST_STEP][PASSED] - click(findTestObject("Christi/Page_Main/button_login")): Object: 'Object Repository/Christi/Page_Main/button_login' is clicked on

2020-06-17 18:20:27 - [MESSAGE][ERROR] - javascript error: Failed to execute 'elementsFromPoint' on 'Document': The provided double value is non-finite.
  (Session info: chrome=83.0.4103.106)
Build info: version: '3.141.59', revision: 'e82be7d358', time: '2018-11-14T08:25:53'
System info: host: 'LAPTOP-D0TPACJ1', ip: '192.168.100.227', os.name: 'Windows 10', os.arch: 'amd64', os.version: '10.0', java.version: '1.8.0_181'
Driver info: com.kms.katalon.selenium.driver.CChromeDriver
Capabilities {acceptInsecureCerts: false, browserName: chrome, browserVersion: 83.0.4103.106, chrome: {chromedriverVersion: 83.0.4103.39 (ccbf011cb2d2b..., userDataDir: C:\Users\ASUS\AppData\Local...}, goog:chromeOptions: {debuggerAddress: localhost:62647}, javascriptEnabled: true, networkConnectionEnabled: false, pageLoadStrategy: normal, platform: WINDOWS, platformName: WINDOWS, proxy: Proxy(), setWindowRect: true, strictFileInteractability: false, timeouts: {implicit: 0, pageLoad: 300000, script: 30000}, unhandledPromptBehavior: dismiss and notify, webauthn:virtualAuthenticators: true}
Session ID: bba6b3216b8d90aa5f5ae833f63d1619

2020-06-17 18:20:28 - [MESSAGE][PASSED] - Object: 'Object Repository/Christi/Page_Main/button_login' is clicked on

2020-06-17 18:20:28 - [TEST_STEP][PASSED] - delay(3): Delayed 3 second(s)

2020-06-17 18:20:31 - [MESSAGE][PASSED] - Delayed 3 second(s)

2020-06-17 18:20:31 - [TEST_STEP][PASSED] - setText(findTestObject("Object Repository/Christi/Page_Main/input_NPK_username"), username): Text '11666' is set on object 'Object Repository/Christi/Page_Main/input_NPK_username'

2020-06-17 18:20:33 - [MESSAGE][PASSED] - Text '11666' is set on object 'Object Repository/Christi/Page_Main/input_NPK_username'

2020-06-17 18:20:33 - [TEST_STEP][PASSED] - setText(findTestObject("Object Repository/Christi/Page_Main/input_Password_password"), password): Text 'Password3' is set on object 'Object Repository/Christi/Page_Main/input_Password_password'

2020-06-17 18:20:33 - [MESSAGE][PASSED] - Text 'Password3' is set on object 'Object Repository/Christi/Page_Main/input_Password_password'

2020-06-17 18:20:33 - [TEST_STEP][PASSED] - delay(5): Delayed 5 second(s)

2020-06-17 18:20:38 - [MESSAGE][PASSED] - Delayed 5 second(s)

2020-06-17 18:20:38 - [TEST_STEP][PASSED] - click(findTestObject("Rizka/Admin/Admin - Login/btnLogin2")): Object: 'Object Repository/Rizka/Admin/Admin - Login/btnLogin2' is clicked on

2020-06-17 18:20:39 - [MESSAGE][PASSED] - Object: 'Object Repository/Rizka/Admin/Admin - Login/btnLogin2' is clicked on

2020-06-17 18:20:39 - [TEST_STEP][PASSED] - delay(5): Delayed 5 second(s)

2020-06-17 18:20:44 - [MESSAGE][PASSED] - Delayed 5 second(s)

2020-06-17 18:20:44 - [MESSAGE][PASSED] - Call Test Case 'Test Cases/Christi/Admin/admin login' successfully

2020-06-17 18:20:44 - [TEST_STEP][PASSED] - delay(5): Delayed 5 second(s)

2020-06-17 18:20:49 - [MESSAGE][PASSED] - Delayed 5 second(s)

2020-06-17 18:20:49 - [TEST_STEP][PASSED] - click(findTestObject("Christi/Page_Dashboard Admin/span_Manage FAQ")): Object: 'Object Repository/Christi/Page_Dashboard Admin/span_Manage FAQ' is clicked on

2020-06-17 18:20:53 - [MESSAGE][PASSED] - Object: 'Object Repository/Christi/Page_Dashboard Admin/span_Manage FAQ' is clicked on

2020-06-17 18:20:53 - [TEST_STEP][PASSED] - click(findTestObject("Alda/Admin - Manage FAQ/Page_Manage Faq/input_search")): Object: 'Object Repository/Alda/Admin - Manage FAQ/Page_Manage Faq/input_search' is clicked on

2020-06-17 18:20:55 - [MESSAGE][PASSED] - Object: 'Object Repository/Alda/Admin - Manage FAQ/Page_Manage Faq/input_search' is clicked on

2020-06-17 18:20:55 - [TEST_STEP][PASSED] - setText(findTestObject("Alda/Admin - Manage FAQ/Page_Manage Faq/input_search"), var_search): Text 'question6' is set on object 'Object Repository/Alda/Admin - Manage FAQ/Page_Manage Faq/input_search'

2020-06-17 18:20:57 - [MESSAGE][PASSED] - Text 'question6' is set on object 'Object Repository/Alda/Admin - Manage FAQ/Page_Manage Faq/input_search'

2020-06-17 18:20:57 - [TEST_STEP][PASSED] - click(findTestObject("Christi/Page_Manage Faq/button_Clear button_app-search-button wi wi-search"), STOP_ON_FAILURE): Object: 'Object Repository/Christi/Page_Manage Faq/button_Clear button_app-search-button wi wi-search' is clicked on

2020-06-17 18:20:58 - [MESSAGE][PASSED] - Object: 'Object Repository/Christi/Page_Manage Faq/button_Clear button_app-search-button wi wi-search' is clicked on

2020-06-17 18:20:58 - [TEST_STEP][PASSED] - if (expected_output == "found"): null

2020-06-17 18:20:58 - [MESSAGE][PASSED] - Call Test Case 'Test Cases/Alda/Admin - Manage FAQ/Search' successfully

2020-06-17 18:20:58 - [TEST_STEP][PASSED] - delay(5): Delayed 5 second(s)

2020-06-17 18:21:03 - [MESSAGE][PASSED] - Delayed 5 second(s)

2020-06-17 18:21:03 - [TEST_STEP][PASSED] - click(findTestObject("Alda/Admin - Manage FAQ/Page_Manage Faq/btn_edit")): Object: 'Object Repository/Alda/Admin - Manage FAQ/Page_Manage Faq/btn_edit' is clicked on

2020-06-17 18:21:03 - [MESSAGE][PASSED] - Object: 'Object Repository/Alda/Admin - Manage FAQ/Page_Manage Faq/btn_edit' is clicked on

2020-06-17 18:21:03 - [TEST_STEP][PASSED] - verifyElementVisible(findTestObject("Object Repository/Alda/Admin - Manage FAQ/Page_Manage Faq/header_edit_page")): Object 'Object Repository/Alda/Admin - Manage FAQ/Page_Manage Faq/header_edit_page' is visible

2020-06-17 18:21:11 - [MESSAGE][PASSED] - Object 'Object Repository/Alda/Admin - Manage FAQ/Page_Manage Faq/header_edit_page' is visible

2020-06-17 18:21:11 - [TEST_STEP][PASSED] - switch (opsi_edit): null

2020-06-17 18:21:11 - [TEST_STEP][PASSED] - case "all":: null

2020-06-17 18:21:11 - [TEST_STEP][PASSED] - clearText(findTestObject("Alda/Admin - Manage FAQ/Page_Manage Faq/edit_question"), STOP_ON_FAILURE): Text of object 'Object Repository/Alda/Admin - Manage FAQ/Page_Manage Faq/edit_question' is cleared

2020-06-17 18:21:11 - [MESSAGE][PASSED] - Text of object 'Object Repository/Alda/Admin - Manage FAQ/Page_Manage Faq/edit_question' is cleared

2020-06-17 18:21:11 - [TEST_STEP][PASSED] - setText(findTestObject("Alda/Admin - Manage FAQ/Page_Manage Faq/edit_question"), var_question_new): Text '' is set on object 'Object Repository/Alda/Admin - Manage FAQ/Page_Manage Faq/edit_question'

2020-06-17 18:21:12 - [MESSAGE][PASSED] - Text '' is set on object 'Object Repository/Alda/Admin - Manage FAQ/Page_Manage Faq/edit_question'

2020-06-17 18:21:12 - [TEST_STEP][PASSED] - clearText(findTestObject("Alda/Admin - Manage FAQ/Page_Manage Faq/edit_answer"), STOP_ON_FAILURE): Text of object 'Object Repository/Alda/Admin - Manage FAQ/Page_Manage Faq/edit_answer' is cleared

2020-06-17 18:21:12 - [MESSAGE][PASSED] - Text of object 'Object Repository/Alda/Admin - Manage FAQ/Page_Manage Faq/edit_answer' is cleared

2020-06-17 18:21:12 - [TEST_STEP][PASSED] - setText(findTestObject("Alda/Admin - Manage FAQ/Page_Manage Faq/edit_answer"), var_answer_new): Text 'answer5' is set on object 'Object Repository/Alda/Admin - Manage FAQ/Page_Manage Faq/edit_answer'

2020-06-17 18:21:13 - [MESSAGE][PASSED] - Text 'answer5' is set on object 'Object Repository/Alda/Admin - Manage FAQ/Page_Manage Faq/edit_answer'

2020-06-17 18:21:13 - [TEST_STEP][PASSED] - uploadFile(findTestObject("Alda/Admin - Manage FAQ/Page_Manage Faq/edit_gambar"), var_gambar_new): File 'C:\Users\ASUS\git\LearningManagementWebs\gambar_alda.jpg' sent to object: 'Object Repository/Alda/Admin - Manage FAQ/Page_Manage Faq/edit_gambar'

2020-06-17 18:21:14 - [MESSAGE][PASSED] - File 'C:\Users\ASUS\git\LearningManagementWebs\gambar_alda.jpg' sent to object: 'Object Repository/Alda/Admin - Manage FAQ/Page_Manage Faq/edit_gambar'

2020-06-17 18:21:14 - [TEST_STEP][NOT_RUN] - if (expected_image == "success"): NOT_RUN: verifyElementVisible(findTestObject("Object Repository/Alda/Admin - Manage FAQ/Page_Manage Faq/alert_success_upload_image"))

2020-06-17 18:21:14 - [TEST_STEP][NOT_RUN] - verifyElementVisible(findTestObject("Object Repository/Alda/Admin - Manage FAQ/Page_Manage Faq/alert_success_upload_image")): NOT_RUN: verifyElementVisible(findTestObject("Object Repository/Alda/Admin - Manage FAQ/Page_Manage Faq/alert_success_upload_image"))

2020-06-17 18:21:14 - [MESSAGE][NOT_RUN] - NOT_RUN: verifyElementVisible(findTestObject("Object Repository/Alda/Admin - Manage FAQ/Page_Manage Faq/alert_success_upload_image"))

2020-06-17 18:21:14 - [TEST_STEP][PASSED] - click(findTestObject("Alda/Admin - Manage FAQ/Page_Manage Faq/edit_tag")): Object: 'Object Repository/Alda/Admin - Manage FAQ/Page_Manage Faq/edit_tag' is clicked on

2020-06-17 18:21:14 - [MESSAGE][PASSED] - Object: 'Object Repository/Alda/Admin - Manage FAQ/Page_Manage Faq/edit_tag' is clicked on

2020-06-17 18:21:14 - [TEST_STEP][PASSED] - setText(findTestObject("Alda/Admin - Manage FAQ/Page_Manage Faq/edit_tag"), var_tag_new): Text 'apaaja' is set on object 'Object Repository/Alda/Admin - Manage FAQ/Page_Manage Faq/edit_tag'

2020-06-17 18:21:15 - [MESSAGE][PASSED] - Text 'apaaja' is set on object 'Object Repository/Alda/Admin - Manage FAQ/Page_Manage Faq/edit_tag'

2020-06-17 18:21:15 - [TEST_STEP][PASSED] - sendKeys(findTestObject("Alda/Admin - Manage FAQ/Page_Manage Faq/edit_tag"), Keys.chord(ENTER)): Keys 'ENTER + ' sent to object: 'Object Repository/Alda/Admin - Manage FAQ/Page_Manage Faq/edit_tag'

2020-06-17 18:21:16 - [MESSAGE][PASSED] - Keys 'ENTER + ' sent to object: 'Object Repository/Alda/Admin - Manage FAQ/Page_Manage Faq/edit_tag'

2020-06-17 18:21:16 - [TEST_STEP][PASSED] - break: null

2020-06-17 18:21:16 - [TEST_STEP][FAILED] - switch (expected_output): Unable to verify object 'Object Repository/Alda/Admin - Manage FAQ/Page_Manage Faq/alert_error' is visible (Root cause: com.kms.katalon.core.exception.StepFailedException: Unable to verify object 'Object Repository/Alda/Admin - Manage FAQ/Page_Manage Faq/alert_error' is visible
	at com.kms.katalon.core.webui.keyword.internal.WebUIKeywordMain.stepFailed(WebUIKeywordMain.groovy:64)
	at com.kms.katalon.core.webui.keyword.internal.WebUIKeywordMain.runKeyword(WebUIKeywordMain.groovy:26)
	at com.kms.katalon.core.webui.keyword.builtin.VerifyElementVisibleKeyword.verifyElementVisible(VerifyElementVisibleKeyword.groovy:97)
	at com.kms.katalon.core.webui.keyword.builtin.VerifyElementVisibleKeyword.execute(VerifyElementVisibleKeyword.groovy:67)
	at com.kms.katalon.core.keyword.internal.KeywordExecutor.executeKeywordForPlatform(KeywordExecutor.groovy:60)
	at com.kms.katalon.core.webui.keyword.WebUiBuiltInKeywords.verifyElementVisible(WebUiBuiltInKeywords.groovy:372)
	at com.kms.katalon.core.webui.keyword.WebUiBuiltInKeywords$verifyElementVisible$4.call(Unknown Source)
	at Edit.run(Edit:117)
	at com.kms.katalon.core.main.ScriptEngine.run(ScriptEngine.java:194)
	at com.kms.katalon.core.main.ScriptEngine.runScriptAsRawText(ScriptEngine.java:119)
	at com.kms.katalon.core.main.TestCaseExecutor.runScript(TestCaseExecutor.java:337)
	at com.kms.katalon.core.main.TestCaseExecutor.doExecute(TestCaseExecutor.java:328)
	at com.kms.katalon.core.main.TestCaseExecutor.processExecutionPhase(TestCaseExecutor.java:307)
	at com.kms.katalon.core.main.TestCaseExecutor.accessMainPhase(TestCaseExecutor.java:299)
	at com.kms.katalon.core.main.TestCaseExecutor.execute(TestCaseExecutor.java:233)
	at com.kms.katalon.core.main.TestSuiteExecutor.accessTestCaseMainPhase(TestSuiteExecutor.java:169)
	at com.kms.katalon.core.main.TestSuiteExecutor.accessTestSuiteMainPhase(TestSuiteExecutor.java:142)
	at com.kms.katalon.core.main.TestSuiteExecutor.execute(TestSuiteExecutor.java:91)
	at com.kms.katalon.core.main.TestCaseMain.startTestSuite(TestCaseMain.java:157)
	at com.kms.katalon.core.main.TestCaseMain$startTestSuite$0.call(Unknown Source)
	at TempTestSuite1592392224239.run(TempTestSuite1592392224239.groovy:36)
Caused by: com.kms.katalon.core.exception.StepFailedException: Web element with id: 'Object Repository/Alda/Admin - Manage FAQ/Page_Manage Faq/alert_error' located by 'By.xpath: //body[@id='ng-app']/modal-container[2]/app-page-managefaq/div/div/div/h4' not found
	at com.kms.katalon.core.webui.keyword.internal.WebUIKeywordMain.stepFailed(WebUIKeywordMain.groovy:64)
	at com.kms.katalon.core.webui.keyword.builtin.VerifyElementVisibleKeyword$_verifyElementVisible_closure1.doCall(VerifyElementVisibleKeyword.groovy:89)
	at com.kms.katalon.core.webui.keyword.builtin.VerifyElementVisibleKeyword$_verifyElementVisible_closure1.call(VerifyElementVisibleKeyword.groovy)
	at com.kms.katalon.core.webui.keyword.internal.WebUIKeywordMain.runKeyword(WebUIKeywordMain.groovy:20)
	... 19 more
)

2020-06-17 18:21:16 - [TEST_STEP][FAILED] - case "fail":: Unable to verify object 'Object Repository/Alda/Admin - Manage FAQ/Page_Manage Faq/alert_error' is visible (Root cause: com.kms.katalon.core.exception.StepFailedException: Unable to verify object 'Object Repository/Alda/Admin - Manage FAQ/Page_Manage Faq/alert_error' is visible
	at com.kms.katalon.core.webui.keyword.internal.WebUIKeywordMain.stepFailed(WebUIKeywordMain.groovy:64)
	at com.kms.katalon.core.webui.keyword.internal.WebUIKeywordMain.runKeyword(WebUIKeywordMain.groovy:26)
	at com.kms.katalon.core.webui.keyword.builtin.VerifyElementVisibleKeyword.verifyElementVisible(VerifyElementVisibleKeyword.groovy:97)
	at com.kms.katalon.core.webui.keyword.builtin.VerifyElementVisibleKeyword.execute(VerifyElementVisibleKeyword.groovy:67)
	at com.kms.katalon.core.keyword.internal.KeywordExecutor.executeKeywordForPlatform(KeywordExecutor.groovy:60)
	at com.kms.katalon.core.webui.keyword.WebUiBuiltInKeywords.verifyElementVisible(WebUiBuiltInKeywords.groovy:372)
	at com.kms.katalon.core.webui.keyword.WebUiBuiltInKeywords$verifyElementVisible$4.call(Unknown Source)
	at Edit.run(Edit:117)
	at com.kms.katalon.core.main.ScriptEngine.run(ScriptEngine.java:194)
	at com.kms.katalon.core.main.ScriptEngine.runScriptAsRawText(ScriptEngine.java:119)
	at com.kms.katalon.core.main.TestCaseExecutor.runScript(TestCaseExecutor.java:337)
	at com.kms.katalon.core.main.TestCaseExecutor.doExecute(TestCaseExecutor.java:328)
	at com.kms.katalon.core.main.TestCaseExecutor.processExecutionPhase(TestCaseExecutor.java:307)
	at com.kms.katalon.core.main.TestCaseExecutor.accessMainPhase(TestCaseExecutor.java:299)
	at com.kms.katalon.core.main.TestCaseExecutor.execute(TestCaseExecutor.java:233)
	at com.kms.katalon.core.main.TestSuiteExecutor.accessTestCaseMainPhase(TestSuiteExecutor.java:169)
	at com.kms.katalon.core.main.TestSuiteExecutor.accessTestSuiteMainPhase(TestSuiteExecutor.java:142)
	at com.kms.katalon.core.main.TestSuiteExecutor.execute(TestSuiteExecutor.java:91)
	at com.kms.katalon.core.main.TestCaseMain.startTestSuite(TestCaseMain.java:157)
	at com.kms.katalon.core.main.TestCaseMain$startTestSuite$0.call(Unknown Source)
	at TempTestSuite1592392224239.run(TempTestSuite1592392224239.groovy:36)
Caused by: com.kms.katalon.core.exception.StepFailedException: Web element with id: 'Object Repository/Alda/Admin - Manage FAQ/Page_Manage Faq/alert_error' located by 'By.xpath: //body[@id='ng-app']/modal-container[2]/app-page-managefaq/div/div/div/h4' not found
	at com.kms.katalon.core.webui.keyword.internal.WebUIKeywordMain.stepFailed(WebUIKeywordMain.groovy:64)
	at com.kms.katalon.core.webui.keyword.builtin.VerifyElementVisibleKeyword$_verifyElementVisible_closure1.doCall(VerifyElementVisibleKeyword.groovy:89)
	at com.kms.katalon.core.webui.keyword.builtin.VerifyElementVisibleKeyword$_verifyElementVisible_closure1.call(VerifyElementVisibleKeyword.groovy)
	at com.kms.katalon.core.webui.keyword.internal.WebUIKeywordMain.runKeyword(WebUIKeywordMain.groovy:20)
	... 19 more
)

2020-06-17 18:21:16 - [TEST_STEP][PASSED] - click(findTestObject("Object Repository/Alda/Admin - Manage FAQ/Page_Manage Faq/btn_save_edit")): Object: 'Object Repository/Alda/Admin - Manage FAQ/Page_Manage Faq/btn_save_edit' is clicked on

2020-06-17 18:21:17 - [MESSAGE][PASSED] - Object: 'Object Repository/Alda/Admin - Manage FAQ/Page_Manage Faq/btn_save_edit' is clicked on

2020-06-17 18:21:17 - [TEST_STEP][PASSED] - delay(3): Delayed 3 second(s)

2020-06-17 18:21:20 - [MESSAGE][PASSED] - Delayed 3 second(s)

2020-06-17 18:21:20 - [TEST_STEP][FAILED] - verifyElementVisible(findTestObject("Alda/Admin - Manage FAQ/Page_Manage Faq/alert_error")): Unable to verify object 'Object Repository/Alda/Admin - Manage FAQ/Page_Manage Faq/alert_error' is visible (Root cause: com.kms.katalon.core.exception.StepFailedException: Unable to verify object 'Object Repository/Alda/Admin - Manage FAQ/Page_Manage Faq/alert_error' is visible
	at com.kms.katalon.core.webui.keyword.internal.WebUIKeywordMain.stepFailed(WebUIKeywordMain.groovy:64)
	at com.kms.katalon.core.webui.keyword.internal.WebUIKeywordMain.runKeyword(WebUIKeywordMain.groovy:26)
	at com.kms.katalon.core.webui.keyword.builtin.VerifyElementVisibleKeyword.verifyElementVisible(VerifyElementVisibleKeyword.groovy:97)
	at com.kms.katalon.core.webui.keyword.builtin.VerifyElementVisibleKeyword.execute(VerifyElementVisibleKeyword.groovy:67)
	at com.kms.katalon.core.keyword.internal.KeywordExecutor.executeKeywordForPlatform(KeywordExecutor.groovy:60)
	at com.kms.katalon.core.webui.keyword.WebUiBuiltInKeywords.verifyElementVisible(WebUiBuiltInKeywords.groovy:372)
	at com.kms.katalon.core.webui.keyword.WebUiBuiltInKeywords$verifyElementVisible$4.call(Unknown Source)
	at Edit.run(Edit:117)
	at com.kms.katalon.core.main.ScriptEngine.run(ScriptEngine.java:194)
	at com.kms.katalon.core.main.ScriptEngine.runScriptAsRawText(ScriptEngine.java:119)
	at com.kms.katalon.core.main.TestCaseExecutor.runScript(TestCaseExecutor.java:337)
	at com.kms.katalon.core.main.TestCaseExecutor.doExecute(TestCaseExecutor.java:328)
	at com.kms.katalon.core.main.TestCaseExecutor.processExecutionPhase(TestCaseExecutor.java:307)
	at com.kms.katalon.core.main.TestCaseExecutor.accessMainPhase(TestCaseExecutor.java:299)
	at com.kms.katalon.core.main.TestCaseExecutor.execute(TestCaseExecutor.java:233)
	at com.kms.katalon.core.main.TestSuiteExecutor.accessTestCaseMainPhase(TestSuiteExecutor.java:169)
	at com.kms.katalon.core.main.TestSuiteExecutor.accessTestSuiteMainPhase(TestSuiteExecutor.java:142)
	at com.kms.katalon.core.main.TestSuiteExecutor.execute(TestSuiteExecutor.java:91)
	at com.kms.katalon.core.main.TestCaseMain.startTestSuite(TestCaseMain.java:157)
	at com.kms.katalon.core.main.TestCaseMain$startTestSuite$0.call(Unknown Source)
	at TempTestSuite1592392224239.run(TempTestSuite1592392224239.groovy:36)
Caused by: com.kms.katalon.core.exception.StepFailedException: Web element with id: 'Object Repository/Alda/Admin - Manage FAQ/Page_Manage Faq/alert_error' located by 'By.xpath: //body[@id='ng-app']/modal-container[2]/app-page-managefaq/div/div/div/h4' not found
	at com.kms.katalon.core.webui.keyword.internal.WebUIKeywordMain.stepFailed(WebUIKeywordMain.groovy:64)
	at com.kms.katalon.core.webui.keyword.builtin.VerifyElementVisibleKeyword$_verifyElementVisible_closure1.doCall(VerifyElementVisibleKeyword.groovy:89)
	at com.kms.katalon.core.webui.keyword.builtin.VerifyElementVisibleKeyword$_verifyElementVisible_closure1.call(VerifyElementVisibleKeyword.groovy)
	at com.kms.katalon.core.webui.keyword.internal.WebUIKeywordMain.runKeyword(WebUIKeywordMain.groovy:20)
	... 19 more
)

2020-06-17 18:22:02 - [MESSAGE][INFO] - Unable to find the element located by 'By.xpath: //body[@id='ng-app']/modal-container[2]/app-page-managefaq/div/div/div/h4'. Please recheck the objects properties to make sure the desired element is located. 

2020-06-17 18:22:03 - [MESSAGE][FAILED] - Web element with id: 'Object Repository/Alda/Admin - Manage FAQ/Page_Manage Faq/alert_error' located by 'By.xpath: //body[@id='ng-app']/modal-container[2]/app-page-managefaq/div/div/div/h4' not found (Root cause: com.kms.katalon.core.exception.StepFailedException: Web element with id: 'Object Repository/Alda/Admin - Manage FAQ/Page_Manage Faq/alert_error' located by 'By.xpath: //body[@id='ng-app']/modal-container[2]/app-page-managefaq/div/div/div/h4' not found
	at com.kms.katalon.core.webui.keyword.internal.WebUIKeywordMain.stepFailed(WebUIKeywordMain.groovy:64)
	at com.kms.katalon.core.webui.keyword.builtin.VerifyElementVisibleKeyword$_verifyElementVisible_closure1.doCall(VerifyElementVisibleKeyword.groovy:89)
	at com.kms.katalon.core.webui.keyword.builtin.VerifyElementVisibleKeyword$_verifyElementVisible_closure1.call(VerifyElementVisibleKeyword.groovy)
	at com.kms.katalon.core.webui.keyword.internal.WebUIKeywordMain.runKeyword(WebUIKeywordMain.groovy:20)
	at com.kms.katalon.core.webui.keyword.builtin.VerifyElementVisibleKeyword.verifyElementVisible(VerifyElementVisibleKeyword.groovy:97)
	at com.kms.katalon.core.webui.keyword.builtin.VerifyElementVisibleKeyword.execute(VerifyElementVisibleKeyword.groovy:67)
	at com.kms.katalon.core.keyword.internal.KeywordExecutor.executeKeywordForPlatform(KeywordExecutor.groovy:60)
	at com.kms.katalon.core.webui.keyword.WebUiBuiltInKeywords.verifyElementVisible(WebUiBuiltInKeywords.groovy:372)
	at com.kms.katalon.core.webui.keyword.WebUiBuiltInKeywords$verifyElementVisible$4.call(Unknown Source)
	at Edit.run(Edit:117)
	at com.kms.katalon.core.main.ScriptEngine.run(ScriptEngine.java:194)
	at com.kms.katalon.core.main.ScriptEngine.runScriptAsRawText(ScriptEngine.java:119)
	at com.kms.katalon.core.main.TestCaseExecutor.runScript(TestCaseExecutor.java:337)
	at com.kms.katalon.core.main.TestCaseExecutor.doExecute(TestCaseExecutor.java:328)
	at com.kms.katalon.core.main.TestCaseExecutor.processExecutionPhase(TestCaseExecutor.java:307)
	at com.kms.katalon.core.main.TestCaseExecutor.accessMainPhase(TestCaseExecutor.java:299)
	at com.kms.katalon.core.main.TestCaseExecutor.execute(TestCaseExecutor.java:233)
	at com.kms.katalon.core.main.TestSuiteExecutor.accessTestCaseMainPhase(TestSuiteExecutor.java:169)
	at com.kms.katalon.core.main.TestSuiteExecutor.accessTestSuiteMainPhase(TestSuiteExecutor.java:142)
	at com.kms.katalon.core.main.TestSuiteExecutor.execute(TestSuiteExecutor.java:91)
	at com.kms.katalon.core.main.TestCaseMain.startTestSuite(TestCaseMain.java:157)
	at com.kms.katalon.core.main.TestCaseMain$startTestSuite$0.call(Unknown Source)
	at TempTestSuite1592392224239.run(TempTestSuite1592392224239.groovy:36)
)
[[ATTACHMENT|C:\\Users\\ASUS\\git\\LearningManagementWebs\\Reports\\20200617_181024\\Alda\\Admin_Manage FAQ - Edit\\20200617_181024\\1592392922781.png]]

2020-06-17 18:22:03 - [MESSAGE][FAILED] - Unable to verify object 'Object Repository/Alda/Admin - Manage FAQ/Page_Manage Faq/alert_error' is visible (Root cause: com.kms.katalon.core.exception.StepFailedException: Unable to verify object 'Object Repository/Alda/Admin - Manage FAQ/Page_Manage Faq/alert_error' is visible
	at com.kms.katalon.core.webui.keyword.internal.WebUIKeywordMain.stepFailed(WebUIKeywordMain.groovy:64)
	at com.kms.katalon.core.webui.keyword.internal.WebUIKeywordMain.runKeyword(WebUIKeywordMain.groovy:26)
	at com.kms.katalon.core.webui.keyword.builtin.VerifyElementVisibleKeyword.verifyElementVisible(VerifyElementVisibleKeyword.groovy:97)
	at com.kms.katalon.core.webui.keyword.builtin.VerifyElementVisibleKeyword.execute(VerifyElementVisibleKeyword.groovy:67)
	at com.kms.katalon.core.keyword.internal.KeywordExecutor.executeKeywordForPlatform(KeywordExecutor.groovy:60)
	at com.kms.katalon.core.webui.keyword.WebUiBuiltInKeywords.verifyElementVisible(WebUiBuiltInKeywords.groovy:372)
	at com.kms.katalon.core.webui.keyword.WebUiBuiltInKeywords$verifyElementVisible$4.call(Unknown Source)
	at Edit.run(Edit:117)
	at com.kms.katalon.core.main.ScriptEngine.run(ScriptEngine.java:194)
	at com.kms.katalon.core.main.ScriptEngine.runScriptAsRawText(ScriptEngine.java:119)
	at com.kms.katalon.core.main.TestCaseExecutor.runScript(TestCaseExecutor.java:337)
	at com.kms.katalon.core.main.TestCaseExecutor.doExecute(TestCaseExecutor.java:328)
	at com.kms.katalon.core.main.TestCaseExecutor.processExecutionPhase(TestCaseExecutor.java:307)
	at com.kms.katalon.core.main.TestCaseExecutor.accessMainPhase(TestCaseExecutor.java:299)
	at com.kms.katalon.core.main.TestCaseExecutor.execute(TestCaseExecutor.java:233)
	at com.kms.katalon.core.main.TestSuiteExecutor.accessTestCaseMainPhase(TestSuiteExecutor.java:169)
	at com.kms.katalon.core.main.TestSuiteExecutor.accessTestSuiteMainPhase(TestSuiteExecutor.java:142)
	at com.kms.katalon.core.main.TestSuiteExecutor.execute(TestSuiteExecutor.java:91)
	at com.kms.katalon.core.main.TestCaseMain.startTestSuite(TestCaseMain.java:157)
	at com.kms.katalon.core.main.TestCaseMain$startTestSuite$0.call(Unknown Source)
	at TempTestSuite1592392224239.run(TempTestSuite1592392224239.groovy:36)
Caused by: com.kms.katalon.core.exception.StepFailedException: Web element with id: 'Object Repository/Alda/Admin - Manage FAQ/Page_Manage Faq/alert_error' located by 'By.xpath: //body[@id='ng-app']/modal-container[2]/app-page-managefaq/div/div/div/h4' not found
	at com.kms.katalon.core.webui.keyword.internal.WebUIKeywordMain.stepFailed(WebUIKeywordMain.groovy:64)
	at com.kms.katalon.core.webui.keyword.builtin.VerifyElementVisibleKeyword$_verifyElementVisible_closure1.doCall(VerifyElementVisibleKeyword.groovy:89)
	at com.kms.katalon.core.webui.keyword.builtin.VerifyElementVisibleKeyword$_verifyElementVisible_closure1.call(VerifyElementVisibleKeyword.groovy)
	at com.kms.katalon.core.webui.keyword.internal.WebUIKeywordMain.runKeyword(WebUIKeywordMain.groovy:20)
	... 19 more
)
[[ATTACHMENT|C:\\Users\\ASUS\\git\\LearningManagementWebs\\Reports\\20200617_181024\\Alda\\Admin_Manage FAQ - Edit\\20200617_181024\\1592392923188.png]]]]></system-out>
         <system-err><![CDATA[2020-06-17 18:19:55 - [TEST_CASE][FAILED] - Test Cases/Alda/Admin - Manage FAQ/Edit: Test Cases/Alda/Admin - Manage FAQ/Edit FAILED.
Reason:
com.kms.katalon.core.exception.StepFailedException: Unable to verify object 'Object Repository/Alda/Admin - Manage FAQ/Page_Manage Faq/alert_error' is visible
	at com.kms.katalon.core.webui.keyword.internal.WebUIKeywordMain.stepFailed(WebUIKeywordMain.groovy:64)
	at com.kms.katalon.core.webui.keyword.internal.WebUIKeywordMain.runKeyword(WebUIKeywordMain.groovy:26)
	at com.kms.katalon.core.webui.keyword.builtin.VerifyElementVisibleKeyword.verifyElementVisible(VerifyElementVisibleKeyword.groovy:97)
	at com.kms.katalon.core.webui.keyword.builtin.VerifyElementVisibleKeyword.execute(VerifyElementVisibleKeyword.groovy:67)
	at com.kms.katalon.core.keyword.internal.KeywordExecutor.executeKeywordForPlatform(KeywordExecutor.groovy:60)
	at com.kms.katalon.core.webui.keyword.WebUiBuiltInKeywords.verifyElementVisible(WebUiBuiltInKeywords.groovy:372)
	at com.kms.katalon.core.webui.keyword.WebUiBuiltInKeywords$verifyElementVisible$4.call(Unknown Source)
	at Edit.run(Edit:117)
	at com.kms.katalon.core.main.ScriptEngine.run(ScriptEngine.java:194)
	at com.kms.katalon.core.main.ScriptEngine.runScriptAsRawText(ScriptEngine.java:119)
	at com.kms.katalon.core.main.TestCaseExecutor.runScript(TestCaseExecutor.java:337)
	at com.kms.katalon.core.main.TestCaseExecutor.doExecute(TestCaseExecutor.java:328)
	at com.kms.katalon.core.main.TestCaseExecutor.processExecutionPhase(TestCaseExecutor.java:307)
	at com.kms.katalon.core.main.TestCaseExecutor.accessMainPhase(TestCaseExecutor.java:299)
	at com.kms.katalon.core.main.TestCaseExecutor.execute(TestCaseExecutor.java:233)
	at com.kms.katalon.core.main.TestSuiteExecutor.accessTestCaseMainPhase(TestSuiteExecutor.java:169)
	at com.kms.katalon.core.main.TestSuiteExecutor.accessTestSuiteMainPhase(TestSuiteExecutor.java:142)
	at com.kms.katalon.core.main.TestSuiteExecutor.execute(TestSuiteExecutor.java:91)
	at com.kms.katalon.core.main.TestCaseMain.startTestSuite(TestCaseMain.java:157)
	at com.kms.katalon.core.main.TestCaseMain$startTestSuite$0.call(Unknown Source)
	at TempTestSuite1592392224239.run(TempTestSuite1592392224239.groovy:36)
Caused by: com.kms.katalon.core.exception.StepFailedException: Web element with id: 'Object Repository/Alda/Admin - Manage FAQ/Page_Manage Faq/alert_error' located by 'By.xpath: //body[@id='ng-app']/modal-container[2]/app-page-managefaq/div/div/div/h4' not found
	at com.kms.katalon.core.webui.keyword.internal.WebUIKeywordMain.stepFailed(WebUIKeywordMain.groovy:64)
	at com.kms.katalon.core.webui.keyword.builtin.VerifyElementVisibleKeyword$_verifyElementVisible_closure1.doCall(VerifyElementVisibleKeyword.groovy:89)
	at com.kms.katalon.core.webui.keyword.builtin.VerifyElementVisibleKeyword$_verifyElementVisible_closure1.call(VerifyElementVisibleKeyword.groovy)
	at com.kms.katalon.core.webui.keyword.internal.WebUIKeywordMain.runKeyword(WebUIKeywordMain.groovy:20)
	... 19 more]]></system-err>
      </testcase>
      <testcase name="Test Cases/Alda/Admin - Manage FAQ/Edit" time="100.544" classname="Test Cases/Alda/Admin - Manage FAQ/Edit" status="PASSED">
         <system-out><![CDATA[2020-06-17 18:22:03 - [TEST_CASE][PASSED] - Test Cases/Alda/Admin - Manage FAQ/Edit: Test Cases/Alda/Admin - Manage FAQ/Edit

2020-06-17 18:22:03 - [TEST_STEP][PASSED] - callTestCase(findTestCase("Alda/Admin - Manage FAQ/Search"), ["var_search":var_search, "expected_output":""], STOP_ON_FAILURE): Call Test Case 'Test Cases/Alda/Admin - Manage FAQ/Search' successfully

2020-06-17 18:22:03 - [TEST_CASE][PASSED] - Test Cases/Alda/Admin - Manage FAQ/Search: Test Cases/Alda/Admin - Manage FAQ/Search

2020-06-17 18:22:03 - [TEST_STEP][PASSED] - callTestCase(findTestCase("Christi/Admin/admin login"), ["username":"11666", "password":"Password3"], STOP_ON_FAILURE): Call Test Case 'Test Cases/Christi/Admin/admin login' successfully

2020-06-17 18:22:03 - [TEST_CASE][PASSED] - Test Cases/Christi/Admin/admin login: Test Cases/Christi/Admin/admin login

2020-06-17 18:22:03 - [TEST_STEP][PASSED] - openBrowser(""): Browser is opened with url: ''

2020-06-17 18:22:03 - [MESSAGE][WARNING] - A browser is already opened. Closing browser and opening a new one

2020-06-17 18:22:05 - [MESSAGE][INFO] - Starting 'Chrome' driver

2020-06-17 18:22:08 - [MESSAGE][PASSED] - Browser is opened with url: ''

2020-06-17 18:22:08 - [TEST_STEP][PASSED] - navigateToUrl("https://appsrv1.deltadatamandiri.com/ACC_LMS_WEB/#/admNLmn"): Navigate to 'https://appsrv1.deltadatamandiri.com/ACC_LMS_WEB/#/admNLmn' successfully

2020-06-17 18:22:37 - [MESSAGE][PASSED] - Navigate to 'https://appsrv1.deltadatamandiri.com/ACC_LMS_WEB/#/admNLmn' successfully

2020-06-17 18:22:37 - [TEST_STEP][PASSED] - click(findTestObject("Christi/Page_Main/button_login")): Object: 'Object Repository/Christi/Page_Main/button_login' is clicked on

2020-06-17 18:22:42 - [MESSAGE][ERROR] - javascript error: Failed to execute 'elementsFromPoint' on 'Document': The provided double value is non-finite.
  (Session info: chrome=83.0.4103.106)
Build info: version: '3.141.59', revision: 'e82be7d358', time: '2018-11-14T08:25:53'
System info: host: 'LAPTOP-D0TPACJ1', ip: '192.168.100.227', os.name: 'Windows 10', os.arch: 'amd64', os.version: '10.0', java.version: '1.8.0_181'
Driver info: com.kms.katalon.selenium.driver.CChromeDriver
Capabilities {acceptInsecureCerts: false, browserName: chrome, browserVersion: 83.0.4103.106, chrome: {chromedriverVersion: 83.0.4103.39 (ccbf011cb2d2b..., userDataDir: C:\Users\ASUS\AppData\Local...}, goog:chromeOptions: {debuggerAddress: localhost:62744}, javascriptEnabled: true, networkConnectionEnabled: false, pageLoadStrategy: normal, platform: WINDOWS, platformName: WINDOWS, proxy: Proxy(), setWindowRect: true, strictFileInteractability: false, timeouts: {implicit: 0, pageLoad: 300000, script: 30000}, unhandledPromptBehavior: dismiss and notify, webauthn:virtualAuthenticators: true}
Session ID: dcad32679272aaeae22992e2fdf5e370

2020-06-17 18:22:43 - [MESSAGE][PASSED] - Object: 'Object Repository/Christi/Page_Main/button_login' is clicked on

2020-06-17 18:22:43 - [TEST_STEP][PASSED] - delay(3): Delayed 3 second(s)

2020-06-17 18:22:46 - [MESSAGE][PASSED] - Delayed 3 second(s)

2020-06-17 18:22:46 - [TEST_STEP][PASSED] - setText(findTestObject("Object Repository/Christi/Page_Main/input_NPK_username"), username): Text '11666' is set on object 'Object Repository/Christi/Page_Main/input_NPK_username'

2020-06-17 18:22:47 - [MESSAGE][PASSED] - Text '11666' is set on object 'Object Repository/Christi/Page_Main/input_NPK_username'

2020-06-17 18:22:47 - [TEST_STEP][PASSED] - setText(findTestObject("Object Repository/Christi/Page_Main/input_Password_password"), password): Text 'Password3' is set on object 'Object Repository/Christi/Page_Main/input_Password_password'

2020-06-17 18:22:48 - [MESSAGE][PASSED] - Text 'Password3' is set on object 'Object Repository/Christi/Page_Main/input_Password_password'

2020-06-17 18:22:48 - [TEST_STEP][PASSED] - delay(5): Delayed 5 second(s)

2020-06-17 18:22:53 - [MESSAGE][PASSED] - Delayed 5 second(s)

2020-06-17 18:22:53 - [TEST_STEP][PASSED] - click(findTestObject("Rizka/Admin/Admin - Login/btnLogin2")): Object: 'Object Repository/Rizka/Admin/Admin - Login/btnLogin2' is clicked on

2020-06-17 18:22:53 - [MESSAGE][PASSED] - Object: 'Object Repository/Rizka/Admin/Admin - Login/btnLogin2' is clicked on

2020-06-17 18:22:53 - [TEST_STEP][PASSED] - delay(5): Delayed 5 second(s)

2020-06-17 18:22:58 - [MESSAGE][PASSED] - Delayed 5 second(s)

2020-06-17 18:22:58 - [MESSAGE][PASSED] - Call Test Case 'Test Cases/Christi/Admin/admin login' successfully

2020-06-17 18:22:58 - [TEST_STEP][PASSED] - delay(5): Delayed 5 second(s)

2020-06-17 18:23:03 - [MESSAGE][PASSED] - Delayed 5 second(s)

2020-06-17 18:23:03 - [TEST_STEP][PASSED] - click(findTestObject("Christi/Page_Dashboard Admin/span_Manage FAQ")): Object: 'Object Repository/Christi/Page_Dashboard Admin/span_Manage FAQ' is clicked on

2020-06-17 18:23:09 - [MESSAGE][PASSED] - Object: 'Object Repository/Christi/Page_Dashboard Admin/span_Manage FAQ' is clicked on

2020-06-17 18:23:09 - [TEST_STEP][PASSED] - click(findTestObject("Alda/Admin - Manage FAQ/Page_Manage Faq/input_search")): Object: 'Object Repository/Alda/Admin - Manage FAQ/Page_Manage Faq/input_search' is clicked on

2020-06-17 18:23:11 - [MESSAGE][PASSED] - Object: 'Object Repository/Alda/Admin - Manage FAQ/Page_Manage Faq/input_search' is clicked on

2020-06-17 18:23:11 - [TEST_STEP][PASSED] - setText(findTestObject("Alda/Admin - Manage FAQ/Page_Manage Faq/input_search"), var_search): Text 'question6' is set on object 'Object Repository/Alda/Admin - Manage FAQ/Page_Manage Faq/input_search'

2020-06-17 18:23:13 - [MESSAGE][PASSED] - Text 'question6' is set on object 'Object Repository/Alda/Admin - Manage FAQ/Page_Manage Faq/input_search'

2020-06-17 18:23:13 - [TEST_STEP][PASSED] - click(findTestObject("Christi/Page_Manage Faq/button_Clear button_app-search-button wi wi-search"), STOP_ON_FAILURE): Object: 'Object Repository/Christi/Page_Manage Faq/button_Clear button_app-search-button wi wi-search' is clicked on

2020-06-17 18:23:13 - [MESSAGE][PASSED] - Object: 'Object Repository/Christi/Page_Manage Faq/button_Clear button_app-search-button wi wi-search' is clicked on

2020-06-17 18:23:13 - [TEST_STEP][PASSED] - if (expected_output == "found"): null

2020-06-17 18:23:13 - [MESSAGE][PASSED] - Call Test Case 'Test Cases/Alda/Admin - Manage FAQ/Search' successfully

2020-06-17 18:23:13 - [TEST_STEP][PASSED] - delay(5): Delayed 5 second(s)

2020-06-17 18:23:18 - [MESSAGE][PASSED] - Delayed 5 second(s)

2020-06-17 18:23:18 - [TEST_STEP][PASSED] - click(findTestObject("Alda/Admin - Manage FAQ/Page_Manage Faq/btn_edit")): Object: 'Object Repository/Alda/Admin - Manage FAQ/Page_Manage Faq/btn_edit' is clicked on

2020-06-17 18:23:19 - [MESSAGE][PASSED] - Object: 'Object Repository/Alda/Admin - Manage FAQ/Page_Manage Faq/btn_edit' is clicked on

2020-06-17 18:23:19 - [TEST_STEP][PASSED] - verifyElementVisible(findTestObject("Object Repository/Alda/Admin - Manage FAQ/Page_Manage Faq/header_edit_page")): Object 'Object Repository/Alda/Admin - Manage FAQ/Page_Manage Faq/header_edit_page' is visible

2020-06-17 18:23:23 - [MESSAGE][PASSED] - Object 'Object Repository/Alda/Admin - Manage FAQ/Page_Manage Faq/header_edit_page' is visible

2020-06-17 18:23:23 - [TEST_STEP][PASSED] - switch (opsi_edit): null

2020-06-17 18:23:23 - [TEST_STEP][PASSED] - case "question_only":: null

2020-06-17 18:23:23 - [TEST_STEP][PASSED] - click(findTestObject("Alda/Admin - Manage FAQ/Page_Manage Faq/edit_question"), STOP_ON_FAILURE): Object: 'Object Repository/Alda/Admin - Manage FAQ/Page_Manage Faq/edit_question' is clicked on

2020-06-17 18:23:27 - [MESSAGE][PASSED] - Object: 'Object Repository/Alda/Admin - Manage FAQ/Page_Manage Faq/edit_question' is clicked on

2020-06-17 18:23:27 - [TEST_STEP][PASSED] - clearText(findTestObject("Alda/Admin - Manage FAQ/Page_Manage Faq/edit_question"), STOP_ON_FAILURE): Text of object 'Object Repository/Alda/Admin - Manage FAQ/Page_Manage Faq/edit_question' is cleared

2020-06-17 18:23:28 - [MESSAGE][PASSED] - Text of object 'Object Repository/Alda/Admin - Manage FAQ/Page_Manage Faq/edit_question' is cleared

2020-06-17 18:23:28 - [TEST_STEP][PASSED] - setText(findTestObject("Alda/Admin - Manage FAQ/Page_Manage Faq/edit_question"), var_question_new): Text 'question 6 adalah?' is set on object 'Object Repository/Alda/Admin - Manage FAQ/Page_Manage Faq/edit_question'

2020-06-17 18:23:28 - [MESSAGE][PASSED] - Text 'question 6 adalah?' is set on object 'Object Repository/Alda/Admin - Manage FAQ/Page_Manage Faq/edit_question'

2020-06-17 18:23:28 - [TEST_STEP][PASSED] - delay(2): Delayed 2 second(s)

2020-06-17 18:23:30 - [MESSAGE][PASSED] - Delayed 2 second(s)

2020-06-17 18:23:30 - [TEST_STEP][PASSED] - break: null

2020-06-17 18:23:30 - [TEST_STEP][PASSED] - switch (expected_output): null

2020-06-17 18:23:30 - [TEST_STEP][PASSED] - case "pass":: null

2020-06-17 18:23:30 - [TEST_STEP][PASSED] - click(findTestObject("Object Repository/Alda/Admin - Manage FAQ/Page_Manage Faq/btn_save_edit")): Object: 'Object Repository/Alda/Admin - Manage FAQ/Page_Manage Faq/btn_save_edit' is clicked on

2020-06-17 18:23:31 - [MESSAGE][PASSED] - Object: 'Object Repository/Alda/Admin - Manage FAQ/Page_Manage Faq/btn_save_edit' is clicked on

2020-06-17 18:23:31 - [TEST_STEP][PASSED] - delay(3): Delayed 3 second(s)

2020-06-17 18:23:34 - [MESSAGE][PASSED] - Delayed 3 second(s)

2020-06-17 18:23:34 - [TEST_STEP][PASSED] - clearText(findTestObject("Alda/Admin - Manage FAQ/Page_Manage Faq/input_search")): Text of object 'Object Repository/Alda/Admin - Manage FAQ/Page_Manage Faq/input_search' is cleared

2020-06-17 18:23:39 - [MESSAGE][PASSED] - Text of object 'Object Repository/Alda/Admin - Manage FAQ/Page_Manage Faq/input_search' is cleared

2020-06-17 18:23:39 - [TEST_STEP][PASSED] - click(findTestObject("Alda/Admin - Manage FAQ/Page_Manage Faq/input_search")): Object: 'Object Repository/Alda/Admin - Manage FAQ/Page_Manage Faq/input_search' is clicked on

2020-06-17 18:23:39 - [MESSAGE][PASSED] - Object: 'Object Repository/Alda/Admin - Manage FAQ/Page_Manage Faq/input_search' is clicked on

2020-06-17 18:23:39 - [TEST_STEP][PASSED] - setText(findTestObject("Alda/Admin - Manage FAQ/Page_Manage Faq/input_search"), var_search_after_edit): Text 'question 6 adalah?' is set on object 'Object Repository/Alda/Admin - Manage FAQ/Page_Manage Faq/input_search'

2020-06-17 18:23:40 - [MESSAGE][PASSED] - Text 'question 6 adalah?' is set on object 'Object Repository/Alda/Admin - Manage FAQ/Page_Manage Faq/input_search'

2020-06-17 18:23:40 - [TEST_STEP][PASSED] - sendKeys(findTestObject("Alda/Admin - Manage FAQ/Page_Manage Faq/input_search"), Keys.chord(ENTER)): Keys 'ENTER + ' sent to object: 'Object Repository/Alda/Admin - Manage FAQ/Page_Manage Faq/input_search'

2020-06-17 18:23:40 - [MESSAGE][PASSED] - Keys 'ENTER + ' sent to object: 'Object Repository/Alda/Admin - Manage FAQ/Page_Manage Faq/input_search'

2020-06-17 18:23:40 - [TEST_STEP][PASSED] - verifyElementVisible(findTestObject("Alda/Admin - Manage FAQ/Page_Manage Faq/label_search_visible - Copy", ["text":var_search_after_edit])): Object 'Object Repository/Alda/Admin - Manage FAQ/Page_Manage Faq/label_search_visible - Copy' is visible

2020-06-17 18:23:43 - [MESSAGE][PASSED] - Object 'Object Repository/Alda/Admin - Manage FAQ/Page_Manage Faq/label_search_visible - Copy' is visible

2020-06-17 18:23:43 - [TEST_STEP][PASSED] - break: null

2020-06-17 18:23:43 - [TEST_STEP][PASSED] - closeBrowser(): Browser is closed

2020-06-17 18:23:44 - [MESSAGE][PASSED] - Browser is closed]]></system-out>
         <system-err><![CDATA[]]></system-err>
      </testcase>
      <testcase name="Test Cases/Alda/Admin - Manage FAQ/Edit" time="124.216" classname="Test Cases/Alda/Admin - Manage FAQ/Edit" status="FAILED">
         <failure type="FAILED" message="Test Cases/Alda/Admin - Manage FAQ/Edit FAILED.
Reason:
com.kms.katalon.core.exception.StepFailedException: Unable to verify object 'Object Repository/Alda/Admin - Manage FAQ/Page_Manage Faq/alert_error' is visible
	at com.kms.katalon.core.webui.keyword.internal.WebUIKeywordMain.stepFailed(WebUIKeywordMain.groovy:64)
	at com.kms.katalon.core.webui.keyword.internal.WebUIKeywordMain.runKeyword(WebUIKeywordMain.groovy:26)
	at com.kms.katalon.core.webui.keyword.builtin.VerifyElementVisibleKeyword.verifyElementVisible(VerifyElementVisibleKeyword.groovy:97)
	at com.kms.katalon.core.webui.keyword.builtin.VerifyElementVisibleKeyword.execute(VerifyElementVisibleKeyword.groovy:67)
	at com.kms.katalon.core.keyword.internal.KeywordExecutor.executeKeywordForPlatform(KeywordExecutor.groovy:60)
	at com.kms.katalon.core.webui.keyword.WebUiBuiltInKeywords.verifyElementVisible(WebUiBuiltInKeywords.groovy:372)
	at com.kms.katalon.core.webui.keyword.WebUiBuiltInKeywords$verifyElementVisible$4.call(Unknown Source)
	at Edit.run(Edit:117)
	at com.kms.katalon.core.main.ScriptEngine.run(ScriptEngine.java:194)
	at com.kms.katalon.core.main.ScriptEngine.runScriptAsRawText(ScriptEngine.java:119)
	at com.kms.katalon.core.main.TestCaseExecutor.runScript(TestCaseExecutor.java:337)
	at com.kms.katalon.core.main.TestCaseExecutor.doExecute(TestCaseExecutor.java:328)
	at com.kms.katalon.core.main.TestCaseExecutor.processExecutionPhase(TestCaseExecutor.java:307)
	at com.kms.katalon.core.main.TestCaseExecutor.accessMainPhase(TestCaseExecutor.java:299)
	at com.kms.katalon.core.main.TestCaseExecutor.execute(TestCaseExecutor.java:233)
	at com.kms.katalon.core.main.TestSuiteExecutor.accessTestCaseMainPhase(TestSuiteExecutor.java:169)
	at com.kms.katalon.core.main.TestSuiteExecutor.accessTestSuiteMainPhase(TestSuiteExecutor.java:142)
	at com.kms.katalon.core.main.TestSuiteExecutor.execute(TestSuiteExecutor.java:91)
	at com.kms.katalon.core.main.TestCaseMain.startTestSuite(TestCaseMain.java:157)
	at com.kms.katalon.core.main.TestCaseMain$startTestSuite$0.call(Unknown Source)
	at TempTestSuite1592392224239.run(TempTestSuite1592392224239.groovy:36)
Caused by: com.kms.katalon.core.exception.StepFailedException: Web element with id: 'Object Repository/Alda/Admin - Manage FAQ/Page_Manage Faq/alert_error' located by 'By.xpath: //body[@id='ng-app']/modal-container[2]/app-page-managefaq/div/div/div/h4' not found
	at com.kms.katalon.core.webui.keyword.internal.WebUIKeywordMain.stepFailed(WebUIKeywordMain.groovy:64)
	at com.kms.katalon.core.webui.keyword.builtin.VerifyElementVisibleKeyword$_verifyElementVisible_closure1.doCall(VerifyElementVisibleKeyword.groovy:89)
	at com.kms.katalon.core.webui.keyword.builtin.VerifyElementVisibleKeyword$_verifyElementVisible_closure1.call(VerifyElementVisibleKeyword.groovy)
	at com.kms.katalon.core.webui.keyword.internal.WebUIKeywordMain.runKeyword(WebUIKeywordMain.groovy:20)
	... 19 more
"/>
         <system-out><![CDATA[2020-06-17 18:23:44 - [TEST_CASE][FAILED] - Test Cases/Alda/Admin - Manage FAQ/Edit: Test Cases/Alda/Admin - Manage FAQ/Edit FAILED.
Reason:
com.kms.katalon.core.exception.StepFailedException: Unable to verify object 'Object Repository/Alda/Admin - Manage FAQ/Page_Manage Faq/alert_error' is visible
	at com.kms.katalon.core.webui.keyword.internal.WebUIKeywordMain.stepFailed(WebUIKeywordMain.groovy:64)
	at com.kms.katalon.core.webui.keyword.internal.WebUIKeywordMain.runKeyword(WebUIKeywordMain.groovy:26)
	at com.kms.katalon.core.webui.keyword.builtin.VerifyElementVisibleKeyword.verifyElementVisible(VerifyElementVisibleKeyword.groovy:97)
	at com.kms.katalon.core.webui.keyword.builtin.VerifyElementVisibleKeyword.execute(VerifyElementVisibleKeyword.groovy:67)
	at com.kms.katalon.core.keyword.internal.KeywordExecutor.executeKeywordForPlatform(KeywordExecutor.groovy:60)
	at com.kms.katalon.core.webui.keyword.WebUiBuiltInKeywords.verifyElementVisible(WebUiBuiltInKeywords.groovy:372)
	at com.kms.katalon.core.webui.keyword.WebUiBuiltInKeywords$verifyElementVisible$4.call(Unknown Source)
	at Edit.run(Edit:117)
	at com.kms.katalon.core.main.ScriptEngine.run(ScriptEngine.java:194)
	at com.kms.katalon.core.main.ScriptEngine.runScriptAsRawText(ScriptEngine.java:119)
	at com.kms.katalon.core.main.TestCaseExecutor.runScript(TestCaseExecutor.java:337)
	at com.kms.katalon.core.main.TestCaseExecutor.doExecute(TestCaseExecutor.java:328)
	at com.kms.katalon.core.main.TestCaseExecutor.processExecutionPhase(TestCaseExecutor.java:307)
	at com.kms.katalon.core.main.TestCaseExecutor.accessMainPhase(TestCaseExecutor.java:299)
	at com.kms.katalon.core.main.TestCaseExecutor.execute(TestCaseExecutor.java:233)
	at com.kms.katalon.core.main.TestSuiteExecutor.accessTestCaseMainPhase(TestSuiteExecutor.java:169)
	at com.kms.katalon.core.main.TestSuiteExecutor.accessTestSuiteMainPhase(TestSuiteExecutor.java:142)
	at com.kms.katalon.core.main.TestSuiteExecutor.execute(TestSuiteExecutor.java:91)
	at com.kms.katalon.core.main.TestCaseMain.startTestSuite(TestCaseMain.java:157)
	at com.kms.katalon.core.main.TestCaseMain$startTestSuite$0.call(Unknown Source)
	at TempTestSuite1592392224239.run(TempTestSuite1592392224239.groovy:36)
Caused by: com.kms.katalon.core.exception.StepFailedException: Web element with id: 'Object Repository/Alda/Admin - Manage FAQ/Page_Manage Faq/alert_error' located by 'By.xpath: //body[@id='ng-app']/modal-container[2]/app-page-managefaq/div/div/div/h4' not found
	at com.kms.katalon.core.webui.keyword.internal.WebUIKeywordMain.stepFailed(WebUIKeywordMain.groovy:64)
	at com.kms.katalon.core.webui.keyword.builtin.VerifyElementVisibleKeyword$_verifyElementVisible_closure1.doCall(VerifyElementVisibleKeyword.groovy:89)
	at com.kms.katalon.core.webui.keyword.builtin.VerifyElementVisibleKeyword$_verifyElementVisible_closure1.call(VerifyElementVisibleKeyword.groovy)
	at com.kms.katalon.core.webui.keyword.internal.WebUIKeywordMain.runKeyword(WebUIKeywordMain.groovy:20)
	... 19 more


2020-06-17 18:23:44 - [TEST_STEP][PASSED] - callTestCase(findTestCase("Alda/Admin - Manage FAQ/Search"), ["var_search":var_search, "expected_output":""], STOP_ON_FAILURE): Call Test Case 'Test Cases/Alda/Admin - Manage FAQ/Search' successfully

2020-06-17 18:23:44 - [TEST_CASE][PASSED] - Test Cases/Alda/Admin - Manage FAQ/Search: Test Cases/Alda/Admin - Manage FAQ/Search

2020-06-17 18:23:44 - [TEST_STEP][PASSED] - callTestCase(findTestCase("Christi/Admin/admin login"), ["username":"11666", "password":"Password3"], STOP_ON_FAILURE): Call Test Case 'Test Cases/Christi/Admin/admin login' successfully

2020-06-17 18:23:44 - [TEST_CASE][PASSED] - Test Cases/Christi/Admin/admin login: Test Cases/Christi/Admin/admin login

2020-06-17 18:23:44 - [TEST_STEP][PASSED] - openBrowser(""): Browser is opened with url: ''

2020-06-17 18:23:44 - [MESSAGE][INFO] - Starting 'Chrome' driver

2020-06-17 18:23:50 - [MESSAGE][PASSED] - Browser is opened with url: ''

2020-06-17 18:23:50 - [TEST_STEP][PASSED] - navigateToUrl("https://appsrv1.deltadatamandiri.com/ACC_LMS_WEB/#/admNLmn"): Navigate to 'https://appsrv1.deltadatamandiri.com/ACC_LMS_WEB/#/admNLmn' successfully

2020-06-17 18:24:11 - [MESSAGE][PASSED] - Navigate to 'https://appsrv1.deltadatamandiri.com/ACC_LMS_WEB/#/admNLmn' successfully

2020-06-17 18:24:11 - [TEST_STEP][PASSED] - click(findTestObject("Christi/Page_Main/button_login")): Object: 'Object Repository/Christi/Page_Main/button_login' is clicked on

2020-06-17 18:24:17 - [MESSAGE][ERROR] - javascript error: Failed to execute 'elementsFromPoint' on 'Document': The provided double value is non-finite.
  (Session info: chrome=83.0.4103.106)
Build info: version: '3.141.59', revision: 'e82be7d358', time: '2018-11-14T08:25:53'
System info: host: 'LAPTOP-D0TPACJ1', ip: '192.168.100.227', os.name: 'Windows 10', os.arch: 'amd64', os.version: '10.0', java.version: '1.8.0_181'
Driver info: com.kms.katalon.selenium.driver.CChromeDriver
Capabilities {acceptInsecureCerts: false, browserName: chrome, browserVersion: 83.0.4103.106, chrome: {chromedriverVersion: 83.0.4103.39 (ccbf011cb2d2b..., userDataDir: C:\Users\ASUS\AppData\Local...}, goog:chromeOptions: {debuggerAddress: localhost:62836}, javascriptEnabled: true, networkConnectionEnabled: false, pageLoadStrategy: normal, platform: WINDOWS, platformName: WINDOWS, proxy: Proxy(), setWindowRect: true, strictFileInteractability: false, timeouts: {implicit: 0, pageLoad: 300000, script: 30000}, unhandledPromptBehavior: dismiss and notify, webauthn:virtualAuthenticators: true}
Session ID: 1d58eb9289a6644d1c1f8da6c5caeb4d

2020-06-17 18:24:17 - [MESSAGE][PASSED] - Object: 'Object Repository/Christi/Page_Main/button_login' is clicked on

2020-06-17 18:24:17 - [TEST_STEP][PASSED] - delay(3): Delayed 3 second(s)

2020-06-17 18:24:20 - [MESSAGE][PASSED] - Delayed 3 second(s)

2020-06-17 18:24:20 - [TEST_STEP][PASSED] - setText(findTestObject("Object Repository/Christi/Page_Main/input_NPK_username"), username): Text '11666' is set on object 'Object Repository/Christi/Page_Main/input_NPK_username'

2020-06-17 18:24:22 - [MESSAGE][PASSED] - Text '11666' is set on object 'Object Repository/Christi/Page_Main/input_NPK_username'

2020-06-17 18:24:22 - [TEST_STEP][PASSED] - setText(findTestObject("Object Repository/Christi/Page_Main/input_Password_password"), password): Text 'Password3' is set on object 'Object Repository/Christi/Page_Main/input_Password_password'

2020-06-17 18:24:22 - [MESSAGE][PASSED] - Text 'Password3' is set on object 'Object Repository/Christi/Page_Main/input_Password_password'

2020-06-17 18:24:22 - [TEST_STEP][PASSED] - delay(5): Delayed 5 second(s)

2020-06-17 18:24:27 - [MESSAGE][PASSED] - Delayed 5 second(s)

2020-06-17 18:24:27 - [TEST_STEP][PASSED] - click(findTestObject("Rizka/Admin/Admin - Login/btnLogin2")): Object: 'Object Repository/Rizka/Admin/Admin - Login/btnLogin2' is clicked on

2020-06-17 18:24:28 - [MESSAGE][PASSED] - Object: 'Object Repository/Rizka/Admin/Admin - Login/btnLogin2' is clicked on

2020-06-17 18:24:28 - [TEST_STEP][PASSED] - delay(5): Delayed 5 second(s)

2020-06-17 18:24:33 - [MESSAGE][PASSED] - Delayed 5 second(s)

2020-06-17 18:24:33 - [MESSAGE][PASSED] - Call Test Case 'Test Cases/Christi/Admin/admin login' successfully

2020-06-17 18:24:33 - [TEST_STEP][PASSED] - delay(5): Delayed 5 second(s)

2020-06-17 18:24:38 - [MESSAGE][PASSED] - Delayed 5 second(s)

2020-06-17 18:24:38 - [TEST_STEP][PASSED] - click(findTestObject("Christi/Page_Dashboard Admin/span_Manage FAQ")): Object: 'Object Repository/Christi/Page_Dashboard Admin/span_Manage FAQ' is clicked on

2020-06-17 18:24:38 - [MESSAGE][PASSED] - Object: 'Object Repository/Christi/Page_Dashboard Admin/span_Manage FAQ' is clicked on

2020-06-17 18:24:38 - [TEST_STEP][PASSED] - click(findTestObject("Alda/Admin - Manage FAQ/Page_Manage Faq/input_search")): Object: 'Object Repository/Alda/Admin - Manage FAQ/Page_Manage Faq/input_search' is clicked on

2020-06-17 18:24:41 - [MESSAGE][PASSED] - Object: 'Object Repository/Alda/Admin - Manage FAQ/Page_Manage Faq/input_search' is clicked on

2020-06-17 18:24:41 - [TEST_STEP][PASSED] - setText(findTestObject("Alda/Admin - Manage FAQ/Page_Manage Faq/input_search"), var_search): Text 'question 6 adalah?' is set on object 'Object Repository/Alda/Admin - Manage FAQ/Page_Manage Faq/input_search'

2020-06-17 18:24:44 - [MESSAGE][PASSED] - Text 'question 6 adalah?' is set on object 'Object Repository/Alda/Admin - Manage FAQ/Page_Manage Faq/input_search'

2020-06-17 18:24:44 - [TEST_STEP][PASSED] - click(findTestObject("Christi/Page_Manage Faq/button_Clear button_app-search-button wi wi-search"), STOP_ON_FAILURE): Object: 'Object Repository/Christi/Page_Manage Faq/button_Clear button_app-search-button wi wi-search' is clicked on

2020-06-17 18:24:44 - [MESSAGE][PASSED] - Object: 'Object Repository/Christi/Page_Manage Faq/button_Clear button_app-search-button wi wi-search' is clicked on

2020-06-17 18:24:44 - [TEST_STEP][PASSED] - if (expected_output == "found"): null

2020-06-17 18:24:44 - [MESSAGE][PASSED] - Call Test Case 'Test Cases/Alda/Admin - Manage FAQ/Search' successfully

2020-06-17 18:24:44 - [TEST_STEP][PASSED] - delay(5): Delayed 5 second(s)

2020-06-17 18:24:49 - [MESSAGE][PASSED] - Delayed 5 second(s)

2020-06-17 18:24:49 - [TEST_STEP][PASSED] - click(findTestObject("Alda/Admin - Manage FAQ/Page_Manage Faq/btn_edit")): Object: 'Object Repository/Alda/Admin - Manage FAQ/Page_Manage Faq/btn_edit' is clicked on

2020-06-17 18:24:50 - [MESSAGE][PASSED] - Object: 'Object Repository/Alda/Admin - Manage FAQ/Page_Manage Faq/btn_edit' is clicked on

2020-06-17 18:24:50 - [TEST_STEP][PASSED] - verifyElementVisible(findTestObject("Object Repository/Alda/Admin - Manage FAQ/Page_Manage Faq/header_edit_page")): Object 'Object Repository/Alda/Admin - Manage FAQ/Page_Manage Faq/header_edit_page' is visible

2020-06-17 18:24:57 - [MESSAGE][PASSED] - Object 'Object Repository/Alda/Admin - Manage FAQ/Page_Manage Faq/header_edit_page' is visible

2020-06-17 18:24:57 - [TEST_STEP][PASSED] - switch (opsi_edit): null

2020-06-17 18:24:57 - [TEST_STEP][PASSED] - case "question_only":: null

2020-06-17 18:24:57 - [TEST_STEP][PASSED] - click(findTestObject("Alda/Admin - Manage FAQ/Page_Manage Faq/edit_question"), STOP_ON_FAILURE): Object: 'Object Repository/Alda/Admin - Manage FAQ/Page_Manage Faq/edit_question' is clicked on

2020-06-17 18:24:58 - [MESSAGE][PASSED] - Object: 'Object Repository/Alda/Admin - Manage FAQ/Page_Manage Faq/edit_question' is clicked on

2020-06-17 18:24:58 - [TEST_STEP][PASSED] - clearText(findTestObject("Alda/Admin - Manage FAQ/Page_Manage Faq/edit_question"), STOP_ON_FAILURE): Text of object 'Object Repository/Alda/Admin - Manage FAQ/Page_Manage Faq/edit_question' is cleared

2020-06-17 18:24:58 - [MESSAGE][PASSED] - Text of object 'Object Repository/Alda/Admin - Manage FAQ/Page_Manage Faq/edit_question' is cleared

2020-06-17 18:24:58 - [TEST_STEP][PASSED] - setText(findTestObject("Alda/Admin - Manage FAQ/Page_Manage Faq/edit_question"), var_question_new): Text '' is set on object 'Object Repository/Alda/Admin - Manage FAQ/Page_Manage Faq/edit_question'

2020-06-17 18:24:59 - [MESSAGE][PASSED] - Text '' is set on object 'Object Repository/Alda/Admin - Manage FAQ/Page_Manage Faq/edit_question'

2020-06-17 18:24:59 - [TEST_STEP][PASSED] - delay(2): Delayed 2 second(s)

2020-06-17 18:25:01 - [MESSAGE][PASSED] - Delayed 2 second(s)

2020-06-17 18:25:01 - [TEST_STEP][PASSED] - break: null

2020-06-17 18:25:01 - [TEST_STEP][FAILED] - switch (expected_output): Unable to verify object 'Object Repository/Alda/Admin - Manage FAQ/Page_Manage Faq/alert_error' is visible (Root cause: com.kms.katalon.core.exception.StepFailedException: Unable to verify object 'Object Repository/Alda/Admin - Manage FAQ/Page_Manage Faq/alert_error' is visible
	at com.kms.katalon.core.webui.keyword.internal.WebUIKeywordMain.stepFailed(WebUIKeywordMain.groovy:64)
	at com.kms.katalon.core.webui.keyword.internal.WebUIKeywordMain.runKeyword(WebUIKeywordMain.groovy:26)
	at com.kms.katalon.core.webui.keyword.builtin.VerifyElementVisibleKeyword.verifyElementVisible(VerifyElementVisibleKeyword.groovy:97)
	at com.kms.katalon.core.webui.keyword.builtin.VerifyElementVisibleKeyword.execute(VerifyElementVisibleKeyword.groovy:67)
	at com.kms.katalon.core.keyword.internal.KeywordExecutor.executeKeywordForPlatform(KeywordExecutor.groovy:60)
	at com.kms.katalon.core.webui.keyword.WebUiBuiltInKeywords.verifyElementVisible(WebUiBuiltInKeywords.groovy:372)
	at com.kms.katalon.core.webui.keyword.WebUiBuiltInKeywords$verifyElementVisible$4.call(Unknown Source)
	at Edit.run(Edit:117)
	at com.kms.katalon.core.main.ScriptEngine.run(ScriptEngine.java:194)
	at com.kms.katalon.core.main.ScriptEngine.runScriptAsRawText(ScriptEngine.java:119)
	at com.kms.katalon.core.main.TestCaseExecutor.runScript(TestCaseExecutor.java:337)
	at com.kms.katalon.core.main.TestCaseExecutor.doExecute(TestCaseExecutor.java:328)
	at com.kms.katalon.core.main.TestCaseExecutor.processExecutionPhase(TestCaseExecutor.java:307)
	at com.kms.katalon.core.main.TestCaseExecutor.accessMainPhase(TestCaseExecutor.java:299)
	at com.kms.katalon.core.main.TestCaseExecutor.execute(TestCaseExecutor.java:233)
	at com.kms.katalon.core.main.TestSuiteExecutor.accessTestCaseMainPhase(TestSuiteExecutor.java:169)
	at com.kms.katalon.core.main.TestSuiteExecutor.accessTestSuiteMainPhase(TestSuiteExecutor.java:142)
	at com.kms.katalon.core.main.TestSuiteExecutor.execute(TestSuiteExecutor.java:91)
	at com.kms.katalon.core.main.TestCaseMain.startTestSuite(TestCaseMain.java:157)
	at com.kms.katalon.core.main.TestCaseMain$startTestSuite$0.call(Unknown Source)
	at TempTestSuite1592392224239.run(TempTestSuite1592392224239.groovy:36)
Caused by: com.kms.katalon.core.exception.StepFailedException: Web element with id: 'Object Repository/Alda/Admin - Manage FAQ/Page_Manage Faq/alert_error' located by 'By.xpath: //body[@id='ng-app']/modal-container[2]/app-page-managefaq/div/div/div/h4' not found
	at com.kms.katalon.core.webui.keyword.internal.WebUIKeywordMain.stepFailed(WebUIKeywordMain.groovy:64)
	at com.kms.katalon.core.webui.keyword.builtin.VerifyElementVisibleKeyword$_verifyElementVisible_closure1.doCall(VerifyElementVisibleKeyword.groovy:89)
	at com.kms.katalon.core.webui.keyword.builtin.VerifyElementVisibleKeyword$_verifyElementVisible_closure1.call(VerifyElementVisibleKeyword.groovy)
	at com.kms.katalon.core.webui.keyword.internal.WebUIKeywordMain.runKeyword(WebUIKeywordMain.groovy:20)
	... 19 more
)

2020-06-17 18:25:01 - [TEST_STEP][FAILED] - case "fail":: Unable to verify object 'Object Repository/Alda/Admin - Manage FAQ/Page_Manage Faq/alert_error' is visible (Root cause: com.kms.katalon.core.exception.StepFailedException: Unable to verify object 'Object Repository/Alda/Admin - Manage FAQ/Page_Manage Faq/alert_error' is visible
	at com.kms.katalon.core.webui.keyword.internal.WebUIKeywordMain.stepFailed(WebUIKeywordMain.groovy:64)
	at com.kms.katalon.core.webui.keyword.internal.WebUIKeywordMain.runKeyword(WebUIKeywordMain.groovy:26)
	at com.kms.katalon.core.webui.keyword.builtin.VerifyElementVisibleKeyword.verifyElementVisible(VerifyElementVisibleKeyword.groovy:97)
	at com.kms.katalon.core.webui.keyword.builtin.VerifyElementVisibleKeyword.execute(VerifyElementVisibleKeyword.groovy:67)
	at com.kms.katalon.core.keyword.internal.KeywordExecutor.executeKeywordForPlatform(KeywordExecutor.groovy:60)
	at com.kms.katalon.core.webui.keyword.WebUiBuiltInKeywords.verifyElementVisible(WebUiBuiltInKeywords.groovy:372)
	at com.kms.katalon.core.webui.keyword.WebUiBuiltInKeywords$verifyElementVisible$4.call(Unknown Source)
	at Edit.run(Edit:117)
	at com.kms.katalon.core.main.ScriptEngine.run(ScriptEngine.java:194)
	at com.kms.katalon.core.main.ScriptEngine.runScriptAsRawText(ScriptEngine.java:119)
	at com.kms.katalon.core.main.TestCaseExecutor.runScript(TestCaseExecutor.java:337)
	at com.kms.katalon.core.main.TestCaseExecutor.doExecute(TestCaseExecutor.java:328)
	at com.kms.katalon.core.main.TestCaseExecutor.processExecutionPhase(TestCaseExecutor.java:307)
	at com.kms.katalon.core.main.TestCaseExecutor.accessMainPhase(TestCaseExecutor.java:299)
	at com.kms.katalon.core.main.TestCaseExecutor.execute(TestCaseExecutor.java:233)
	at com.kms.katalon.core.main.TestSuiteExecutor.accessTestCaseMainPhase(TestSuiteExecutor.java:169)
	at com.kms.katalon.core.main.TestSuiteExecutor.accessTestSuiteMainPhase(TestSuiteExecutor.java:142)
	at com.kms.katalon.core.main.TestSuiteExecutor.execute(TestSuiteExecutor.java:91)
	at com.kms.katalon.core.main.TestCaseMain.startTestSuite(TestCaseMain.java:157)
	at com.kms.katalon.core.main.TestCaseMain$startTestSuite$0.call(Unknown Source)
	at TempTestSuite1592392224239.run(TempTestSuite1592392224239.groovy:36)
Caused by: com.kms.katalon.core.exception.StepFailedException: Web element with id: 'Object Repository/Alda/Admin - Manage FAQ/Page_Manage Faq/alert_error' located by 'By.xpath: //body[@id='ng-app']/modal-container[2]/app-page-managefaq/div/div/div/h4' not found
	at com.kms.katalon.core.webui.keyword.internal.WebUIKeywordMain.stepFailed(WebUIKeywordMain.groovy:64)
	at com.kms.katalon.core.webui.keyword.builtin.VerifyElementVisibleKeyword$_verifyElementVisible_closure1.doCall(VerifyElementVisibleKeyword.groovy:89)
	at com.kms.katalon.core.webui.keyword.builtin.VerifyElementVisibleKeyword$_verifyElementVisible_closure1.call(VerifyElementVisibleKeyword.groovy)
	at com.kms.katalon.core.webui.keyword.internal.WebUIKeywordMain.runKeyword(WebUIKeywordMain.groovy:20)
	... 19 more
)

2020-06-17 18:25:01 - [TEST_STEP][PASSED] - click(findTestObject("Object Repository/Alda/Admin - Manage FAQ/Page_Manage Faq/btn_save_edit")): Object: 'Object Repository/Alda/Admin - Manage FAQ/Page_Manage Faq/btn_save_edit' is clicked on

2020-06-17 18:25:01 - [MESSAGE][PASSED] - Object: 'Object Repository/Alda/Admin - Manage FAQ/Page_Manage Faq/btn_save_edit' is clicked on

2020-06-17 18:25:01 - [TEST_STEP][PASSED] - delay(3): Delayed 3 second(s)

2020-06-17 18:25:04 - [MESSAGE][PASSED] - Delayed 3 second(s)

2020-06-17 18:25:04 - [TEST_STEP][FAILED] - verifyElementVisible(findTestObject("Alda/Admin - Manage FAQ/Page_Manage Faq/alert_error")): Unable to verify object 'Object Repository/Alda/Admin - Manage FAQ/Page_Manage Faq/alert_error' is visible (Root cause: com.kms.katalon.core.exception.StepFailedException: Unable to verify object 'Object Repository/Alda/Admin - Manage FAQ/Page_Manage Faq/alert_error' is visible
	at com.kms.katalon.core.webui.keyword.internal.WebUIKeywordMain.stepFailed(WebUIKeywordMain.groovy:64)
	at com.kms.katalon.core.webui.keyword.internal.WebUIKeywordMain.runKeyword(WebUIKeywordMain.groovy:26)
	at com.kms.katalon.core.webui.keyword.builtin.VerifyElementVisibleKeyword.verifyElementVisible(VerifyElementVisibleKeyword.groovy:97)
	at com.kms.katalon.core.webui.keyword.builtin.VerifyElementVisibleKeyword.execute(VerifyElementVisibleKeyword.groovy:67)
	at com.kms.katalon.core.keyword.internal.KeywordExecutor.executeKeywordForPlatform(KeywordExecutor.groovy:60)
	at com.kms.katalon.core.webui.keyword.WebUiBuiltInKeywords.verifyElementVisible(WebUiBuiltInKeywords.groovy:372)
	at com.kms.katalon.core.webui.keyword.WebUiBuiltInKeywords$verifyElementVisible$4.call(Unknown Source)
	at Edit.run(Edit:117)
	at com.kms.katalon.core.main.ScriptEngine.run(ScriptEngine.java:194)
	at com.kms.katalon.core.main.ScriptEngine.runScriptAsRawText(ScriptEngine.java:119)
	at com.kms.katalon.core.main.TestCaseExecutor.runScript(TestCaseExecutor.java:337)
	at com.kms.katalon.core.main.TestCaseExecutor.doExecute(TestCaseExecutor.java:328)
	at com.kms.katalon.core.main.TestCaseExecutor.processExecutionPhase(TestCaseExecutor.java:307)
	at com.kms.katalon.core.main.TestCaseExecutor.accessMainPhase(TestCaseExecutor.java:299)
	at com.kms.katalon.core.main.TestCaseExecutor.execute(TestCaseExecutor.java:233)
	at com.kms.katalon.core.main.TestSuiteExecutor.accessTestCaseMainPhase(TestSuiteExecutor.java:169)
	at com.kms.katalon.core.main.TestSuiteExecutor.accessTestSuiteMainPhase(TestSuiteExecutor.java:142)
	at com.kms.katalon.core.main.TestSuiteExecutor.execute(TestSuiteExecutor.java:91)
	at com.kms.katalon.core.main.TestCaseMain.startTestSuite(TestCaseMain.java:157)
	at com.kms.katalon.core.main.TestCaseMain$startTestSuite$0.call(Unknown Source)
	at TempTestSuite1592392224239.run(TempTestSuite1592392224239.groovy:36)
Caused by: com.kms.katalon.core.exception.StepFailedException: Web element with id: 'Object Repository/Alda/Admin - Manage FAQ/Page_Manage Faq/alert_error' located by 'By.xpath: //body[@id='ng-app']/modal-container[2]/app-page-managefaq/div/div/div/h4' not found
	at com.kms.katalon.core.webui.keyword.internal.WebUIKeywordMain.stepFailed(WebUIKeywordMain.groovy:64)
	at com.kms.katalon.core.webui.keyword.builtin.VerifyElementVisibleKeyword$_verifyElementVisible_closure1.doCall(VerifyElementVisibleKeyword.groovy:89)
	at com.kms.katalon.core.webui.keyword.builtin.VerifyElementVisibleKeyword$_verifyElementVisible_closure1.call(VerifyElementVisibleKeyword.groovy)
	at com.kms.katalon.core.webui.keyword.internal.WebUIKeywordMain.runKeyword(WebUIKeywordMain.groovy:20)
	... 19 more
)

2020-06-17 18:25:47 - [MESSAGE][INFO] - Unable to find the element located by 'By.xpath: //body[@id='ng-app']/modal-container[2]/app-page-managefaq/div/div/div/h4'. Please recheck the objects properties to make sure the desired element is located. 

2020-06-17 18:25:47 - [MESSAGE][FAILED] - Web element with id: 'Object Repository/Alda/Admin - Manage FAQ/Page_Manage Faq/alert_error' located by 'By.xpath: //body[@id='ng-app']/modal-container[2]/app-page-managefaq/div/div/div/h4' not found (Root cause: com.kms.katalon.core.exception.StepFailedException: Web element with id: 'Object Repository/Alda/Admin - Manage FAQ/Page_Manage Faq/alert_error' located by 'By.xpath: //body[@id='ng-app']/modal-container[2]/app-page-managefaq/div/div/div/h4' not found
	at com.kms.katalon.core.webui.keyword.internal.WebUIKeywordMain.stepFailed(WebUIKeywordMain.groovy:64)
	at com.kms.katalon.core.webui.keyword.builtin.VerifyElementVisibleKeyword$_verifyElementVisible_closure1.doCall(VerifyElementVisibleKeyword.groovy:89)
	at com.kms.katalon.core.webui.keyword.builtin.VerifyElementVisibleKeyword$_verifyElementVisible_closure1.call(VerifyElementVisibleKeyword.groovy)
	at com.kms.katalon.core.webui.keyword.internal.WebUIKeywordMain.runKeyword(WebUIKeywordMain.groovy:20)
	at com.kms.katalon.core.webui.keyword.builtin.VerifyElementVisibleKeyword.verifyElementVisible(VerifyElementVisibleKeyword.groovy:97)
	at com.kms.katalon.core.webui.keyword.builtin.VerifyElementVisibleKeyword.execute(VerifyElementVisibleKeyword.groovy:67)
	at com.kms.katalon.core.keyword.internal.KeywordExecutor.executeKeywordForPlatform(KeywordExecutor.groovy:60)
	at com.kms.katalon.core.webui.keyword.WebUiBuiltInKeywords.verifyElementVisible(WebUiBuiltInKeywords.groovy:372)
	at com.kms.katalon.core.webui.keyword.WebUiBuiltInKeywords$verifyElementVisible$4.call(Unknown Source)
	at Edit.run(Edit:117)
	at com.kms.katalon.core.main.ScriptEngine.run(ScriptEngine.java:194)
	at com.kms.katalon.core.main.ScriptEngine.runScriptAsRawText(ScriptEngine.java:119)
	at com.kms.katalon.core.main.TestCaseExecutor.runScript(TestCaseExecutor.java:337)
	at com.kms.katalon.core.main.TestCaseExecutor.doExecute(TestCaseExecutor.java:328)
	at com.kms.katalon.core.main.TestCaseExecutor.processExecutionPhase(TestCaseExecutor.java:307)
	at com.kms.katalon.core.main.TestCaseExecutor.accessMainPhase(TestCaseExecutor.java:299)
	at com.kms.katalon.core.main.TestCaseExecutor.execute(TestCaseExecutor.java:233)
	at com.kms.katalon.core.main.TestSuiteExecutor.accessTestCaseMainPhase(TestSuiteExecutor.java:169)
	at com.kms.katalon.core.main.TestSuiteExecutor.accessTestSuiteMainPhase(TestSuiteExecutor.java:142)
	at com.kms.katalon.core.main.TestSuiteExecutor.execute(TestSuiteExecutor.java:91)
	at com.kms.katalon.core.main.TestCaseMain.startTestSuite(TestCaseMain.java:157)
	at com.kms.katalon.core.main.TestCaseMain$startTestSuite$0.call(Unknown Source)
	at TempTestSuite1592392224239.run(TempTestSuite1592392224239.groovy:36)
)
[[ATTACHMENT|C:\\Users\\ASUS\\git\\LearningManagementWebs\\Reports\\20200617_181024\\Alda\\Admin_Manage FAQ - Edit\\20200617_181024\\1592393147511.png]]

2020-06-17 18:25:48 - [MESSAGE][FAILED] - Unable to verify object 'Object Repository/Alda/Admin - Manage FAQ/Page_Manage Faq/alert_error' is visible (Root cause: com.kms.katalon.core.exception.StepFailedException: Unable to verify object 'Object Repository/Alda/Admin - Manage FAQ/Page_Manage Faq/alert_error' is visible
	at com.kms.katalon.core.webui.keyword.internal.WebUIKeywordMain.stepFailed(WebUIKeywordMain.groovy:64)
	at com.kms.katalon.core.webui.keyword.internal.WebUIKeywordMain.runKeyword(WebUIKeywordMain.groovy:26)
	at com.kms.katalon.core.webui.keyword.builtin.VerifyElementVisibleKeyword.verifyElementVisible(VerifyElementVisibleKeyword.groovy:97)
	at com.kms.katalon.core.webui.keyword.builtin.VerifyElementVisibleKeyword.execute(VerifyElementVisibleKeyword.groovy:67)
	at com.kms.katalon.core.keyword.internal.KeywordExecutor.executeKeywordForPlatform(KeywordExecutor.groovy:60)
	at com.kms.katalon.core.webui.keyword.WebUiBuiltInKeywords.verifyElementVisible(WebUiBuiltInKeywords.groovy:372)
	at com.kms.katalon.core.webui.keyword.WebUiBuiltInKeywords$verifyElementVisible$4.call(Unknown Source)
	at Edit.run(Edit:117)
	at com.kms.katalon.core.main.ScriptEngine.run(ScriptEngine.java:194)
	at com.kms.katalon.core.main.ScriptEngine.runScriptAsRawText(ScriptEngine.java:119)
	at com.kms.katalon.core.main.TestCaseExecutor.runScript(TestCaseExecutor.java:337)
	at com.kms.katalon.core.main.TestCaseExecutor.doExecute(TestCaseExecutor.java:328)
	at com.kms.katalon.core.main.TestCaseExecutor.processExecutionPhase(TestCaseExecutor.java:307)
	at com.kms.katalon.core.main.TestCaseExecutor.accessMainPhase(TestCaseExecutor.java:299)
	at com.kms.katalon.core.main.TestCaseExecutor.execute(TestCaseExecutor.java:233)
	at com.kms.katalon.core.main.TestSuiteExecutor.accessTestCaseMainPhase(TestSuiteExecutor.java:169)
	at com.kms.katalon.core.main.TestSuiteExecutor.accessTestSuiteMainPhase(TestSuiteExecutor.java:142)
	at com.kms.katalon.core.main.TestSuiteExecutor.execute(TestSuiteExecutor.java:91)
	at com.kms.katalon.core.main.TestCaseMain.startTestSuite(TestCaseMain.java:157)
	at com.kms.katalon.core.main.TestCaseMain$startTestSuite$0.call(Unknown Source)
	at TempTestSuite1592392224239.run(TempTestSuite1592392224239.groovy:36)
Caused by: com.kms.katalon.core.exception.StepFailedException: Web element with id: 'Object Repository/Alda/Admin - Manage FAQ/Page_Manage Faq/alert_error' located by 'By.xpath: //body[@id='ng-app']/modal-container[2]/app-page-managefaq/div/div/div/h4' not found
	at com.kms.katalon.core.webui.keyword.internal.WebUIKeywordMain.stepFailed(WebUIKeywordMain.groovy:64)
	at com.kms.katalon.core.webui.keyword.builtin.VerifyElementVisibleKeyword$_verifyElementVisible_closure1.doCall(VerifyElementVisibleKeyword.groovy:89)
	at com.kms.katalon.core.webui.keyword.builtin.VerifyElementVisibleKeyword$_verifyElementVisible_closure1.call(VerifyElementVisibleKeyword.groovy)
	at com.kms.katalon.core.webui.keyword.internal.WebUIKeywordMain.runKeyword(WebUIKeywordMain.groovy:20)
	... 19 more
)
[[ATTACHMENT|C:\\Users\\ASUS\\git\\LearningManagementWebs\\Reports\\20200617_181024\\Alda\\Admin_Manage FAQ - Edit\\20200617_181024\\1592393147900.png]]]]></system-out>
         <system-err><![CDATA[2020-06-17 18:23:44 - [TEST_CASE][FAILED] - Test Cases/Alda/Admin - Manage FAQ/Edit: Test Cases/Alda/Admin - Manage FAQ/Edit FAILED.
Reason:
com.kms.katalon.core.exception.StepFailedException: Unable to verify object 'Object Repository/Alda/Admin - Manage FAQ/Page_Manage Faq/alert_error' is visible
	at com.kms.katalon.core.webui.keyword.internal.WebUIKeywordMain.stepFailed(WebUIKeywordMain.groovy:64)
	at com.kms.katalon.core.webui.keyword.internal.WebUIKeywordMain.runKeyword(WebUIKeywordMain.groovy:26)
	at com.kms.katalon.core.webui.keyword.builtin.VerifyElementVisibleKeyword.verifyElementVisible(VerifyElementVisibleKeyword.groovy:97)
	at com.kms.katalon.core.webui.keyword.builtin.VerifyElementVisibleKeyword.execute(VerifyElementVisibleKeyword.groovy:67)
	at com.kms.katalon.core.keyword.internal.KeywordExecutor.executeKeywordForPlatform(KeywordExecutor.groovy:60)
	at com.kms.katalon.core.webui.keyword.WebUiBuiltInKeywords.verifyElementVisible(WebUiBuiltInKeywords.groovy:372)
	at com.kms.katalon.core.webui.keyword.WebUiBuiltInKeywords$verifyElementVisible$4.call(Unknown Source)
	at Edit.run(Edit:117)
	at com.kms.katalon.core.main.ScriptEngine.run(ScriptEngine.java:194)
	at com.kms.katalon.core.main.ScriptEngine.runScriptAsRawText(ScriptEngine.java:119)
	at com.kms.katalon.core.main.TestCaseExecutor.runScript(TestCaseExecutor.java:337)
	at com.kms.katalon.core.main.TestCaseExecutor.doExecute(TestCaseExecutor.java:328)
	at com.kms.katalon.core.main.TestCaseExecutor.processExecutionPhase(TestCaseExecutor.java:307)
	at com.kms.katalon.core.main.TestCaseExecutor.accessMainPhase(TestCaseExecutor.java:299)
	at com.kms.katalon.core.main.TestCaseExecutor.execute(TestCaseExecutor.java:233)
	at com.kms.katalon.core.main.TestSuiteExecutor.accessTestCaseMainPhase(TestSuiteExecutor.java:169)
	at com.kms.katalon.core.main.TestSuiteExecutor.accessTestSuiteMainPhase(TestSuiteExecutor.java:142)
	at com.kms.katalon.core.main.TestSuiteExecutor.execute(TestSuiteExecutor.java:91)
	at com.kms.katalon.core.main.TestCaseMain.startTestSuite(TestCaseMain.java:157)
	at com.kms.katalon.core.main.TestCaseMain$startTestSuite$0.call(Unknown Source)
	at TempTestSuite1592392224239.run(TempTestSuite1592392224239.groovy:36)
Caused by: com.kms.katalon.core.exception.StepFailedException: Web element with id: 'Object Repository/Alda/Admin - Manage FAQ/Page_Manage Faq/alert_error' located by 'By.xpath: //body[@id='ng-app']/modal-container[2]/app-page-managefaq/div/div/div/h4' not found
	at com.kms.katalon.core.webui.keyword.internal.WebUIKeywordMain.stepFailed(WebUIKeywordMain.groovy:64)
	at com.kms.katalon.core.webui.keyword.builtin.VerifyElementVisibleKeyword$_verifyElementVisible_closure1.doCall(VerifyElementVisibleKeyword.groovy:89)
	at com.kms.katalon.core.webui.keyword.builtin.VerifyElementVisibleKeyword$_verifyElementVisible_closure1.call(VerifyElementVisibleKeyword.groovy)
	at com.kms.katalon.core.webui.keyword.internal.WebUIKeywordMain.runKeyword(WebUIKeywordMain.groovy:20)
	... 19 more]]></system-err>
      </testcase>
      <testcase name="Test Cases/Alda/Admin - Manage FAQ/Edit" time="90.099" classname="Test Cases/Alda/Admin - Manage FAQ/Edit" status="PASSED">
         <system-out><![CDATA[2020-06-17 18:25:48 - [TEST_CASE][PASSED] - Test Cases/Alda/Admin - Manage FAQ/Edit: Test Cases/Alda/Admin - Manage FAQ/Edit

2020-06-17 18:25:48 - [TEST_STEP][PASSED] - callTestCase(findTestCase("Alda/Admin - Manage FAQ/Search"), ["var_search":var_search, "expected_output":""], STOP_ON_FAILURE): Call Test Case 'Test Cases/Alda/Admin - Manage FAQ/Search' successfully

2020-06-17 18:25:48 - [TEST_CASE][PASSED] - Test Cases/Alda/Admin - Manage FAQ/Search: Test Cases/Alda/Admin - Manage FAQ/Search

2020-06-17 18:25:49 - [TEST_STEP][PASSED] - callTestCase(findTestCase("Christi/Admin/admin login"), ["username":"11666", "password":"Password3"], STOP_ON_FAILURE): Call Test Case 'Test Cases/Christi/Admin/admin login' successfully

2020-06-17 18:25:49 - [TEST_CASE][PASSED] - Test Cases/Christi/Admin/admin login: Test Cases/Christi/Admin/admin login

2020-06-17 18:25:49 - [TEST_STEP][PASSED] - openBrowser(""): Browser is opened with url: ''

2020-06-17 18:25:49 - [MESSAGE][WARNING] - A browser is already opened. Closing browser and opening a new one

2020-06-17 18:25:50 - [MESSAGE][INFO] - Starting 'Chrome' driver

2020-06-17 18:25:54 - [MESSAGE][PASSED] - Browser is opened with url: ''

2020-06-17 18:25:54 - [TEST_STEP][PASSED] - navigateToUrl("https://appsrv1.deltadatamandiri.com/ACC_LMS_WEB/#/admNLmn"): Navigate to 'https://appsrv1.deltadatamandiri.com/ACC_LMS_WEB/#/admNLmn' successfully

2020-06-17 18:26:12 - [MESSAGE][PASSED] - Navigate to 'https://appsrv1.deltadatamandiri.com/ACC_LMS_WEB/#/admNLmn' successfully

2020-06-17 18:26:12 - [TEST_STEP][PASSED] - click(findTestObject("Christi/Page_Main/button_login")): Object: 'Object Repository/Christi/Page_Main/button_login' is clicked on

2020-06-17 18:26:22 - [MESSAGE][PASSED] - Object: 'Object Repository/Christi/Page_Main/button_login' is clicked on

2020-06-17 18:26:22 - [TEST_STEP][PASSED] - delay(3): Delayed 3 second(s)

2020-06-17 18:26:25 - [MESSAGE][PASSED] - Delayed 3 second(s)

2020-06-17 18:26:25 - [TEST_STEP][PASSED] - setText(findTestObject("Object Repository/Christi/Page_Main/input_NPK_username"), username): Text '11666' is set on object 'Object Repository/Christi/Page_Main/input_NPK_username'

2020-06-17 18:26:25 - [MESSAGE][PASSED] - Text '11666' is set on object 'Object Repository/Christi/Page_Main/input_NPK_username'

2020-06-17 18:26:25 - [TEST_STEP][PASSED] - setText(findTestObject("Object Repository/Christi/Page_Main/input_Password_password"), password): Text 'Password3' is set on object 'Object Repository/Christi/Page_Main/input_Password_password'

2020-06-17 18:26:26 - [MESSAGE][PASSED] - Text 'Password3' is set on object 'Object Repository/Christi/Page_Main/input_Password_password'

2020-06-17 18:26:26 - [TEST_STEP][PASSED] - delay(5): Delayed 5 second(s)

2020-06-17 18:26:31 - [MESSAGE][PASSED] - Delayed 5 second(s)

2020-06-17 18:26:31 - [TEST_STEP][PASSED] - click(findTestObject("Rizka/Admin/Admin - Login/btnLogin2")): Object: 'Object Repository/Rizka/Admin/Admin - Login/btnLogin2' is clicked on

2020-06-17 18:26:31 - [MESSAGE][PASSED] - Object: 'Object Repository/Rizka/Admin/Admin - Login/btnLogin2' is clicked on

2020-06-17 18:26:31 - [TEST_STEP][PASSED] - delay(5): Delayed 5 second(s)

2020-06-17 18:26:36 - [MESSAGE][PASSED] - Delayed 5 second(s)

2020-06-17 18:26:36 - [MESSAGE][PASSED] - Call Test Case 'Test Cases/Christi/Admin/admin login' successfully

2020-06-17 18:26:36 - [TEST_STEP][PASSED] - delay(5): Delayed 5 second(s)

2020-06-17 18:26:41 - [MESSAGE][PASSED] - Delayed 5 second(s)

2020-06-17 18:26:41 - [TEST_STEP][PASSED] - click(findTestObject("Christi/Page_Dashboard Admin/span_Manage FAQ")): Object: 'Object Repository/Christi/Page_Dashboard Admin/span_Manage FAQ' is clicked on

2020-06-17 18:26:42 - [MESSAGE][PASSED] - Object: 'Object Repository/Christi/Page_Dashboard Admin/span_Manage FAQ' is clicked on

2020-06-17 18:26:42 - [TEST_STEP][PASSED] - click(findTestObject("Alda/Admin - Manage FAQ/Page_Manage Faq/input_search")): Object: 'Object Repository/Alda/Admin - Manage FAQ/Page_Manage Faq/input_search' is clicked on

2020-06-17 18:26:45 - [MESSAGE][PASSED] - Object: 'Object Repository/Alda/Admin - Manage FAQ/Page_Manage Faq/input_search' is clicked on

2020-06-17 18:26:45 - [TEST_STEP][PASSED] - setText(findTestObject("Alda/Admin - Manage FAQ/Page_Manage Faq/input_search"), var_search): Text 'question 6 adalah?' is set on object 'Object Repository/Alda/Admin - Manage FAQ/Page_Manage Faq/input_search'

2020-06-17 18:26:47 - [MESSAGE][PASSED] - Text 'question 6 adalah?' is set on object 'Object Repository/Alda/Admin - Manage FAQ/Page_Manage Faq/input_search'

2020-06-17 18:26:47 - [TEST_STEP][PASSED] - click(findTestObject("Christi/Page_Manage Faq/button_Clear button_app-search-button wi wi-search"), STOP_ON_FAILURE): Object: 'Object Repository/Christi/Page_Manage Faq/button_Clear button_app-search-button wi wi-search' is clicked on

2020-06-17 18:26:47 - [MESSAGE][PASSED] - Object: 'Object Repository/Christi/Page_Manage Faq/button_Clear button_app-search-button wi wi-search' is clicked on

2020-06-17 18:26:47 - [TEST_STEP][PASSED] - if (expected_output == "found"): null

2020-06-17 18:26:47 - [MESSAGE][PASSED] - Call Test Case 'Test Cases/Alda/Admin - Manage FAQ/Search' successfully

2020-06-17 18:26:47 - [TEST_STEP][PASSED] - delay(5): Delayed 5 second(s)

2020-06-17 18:26:52 - [MESSAGE][PASSED] - Delayed 5 second(s)

2020-06-17 18:26:52 - [TEST_STEP][PASSED] - click(findTestObject("Alda/Admin - Manage FAQ/Page_Manage Faq/btn_edit")): Object: 'Object Repository/Alda/Admin - Manage FAQ/Page_Manage Faq/btn_edit' is clicked on

2020-06-17 18:26:53 - [MESSAGE][PASSED] - Object: 'Object Repository/Alda/Admin - Manage FAQ/Page_Manage Faq/btn_edit' is clicked on

2020-06-17 18:26:53 - [TEST_STEP][PASSED] - verifyElementVisible(findTestObject("Object Repository/Alda/Admin - Manage FAQ/Page_Manage Faq/header_edit_page")): Object 'Object Repository/Alda/Admin - Manage FAQ/Page_Manage Faq/header_edit_page' is visible

2020-06-17 18:27:01 - [MESSAGE][PASSED] - Object 'Object Repository/Alda/Admin - Manage FAQ/Page_Manage Faq/header_edit_page' is visible

2020-06-17 18:27:01 - [TEST_STEP][PASSED] - switch (opsi_edit): null

2020-06-17 18:27:01 - [TEST_STEP][PASSED] - case "answer_only":: null

2020-06-17 18:27:01 - [TEST_STEP][PASSED] - click(findTestObject("Alda/Admin - Manage FAQ/Page_Manage Faq/edit_answer"), STOP_ON_FAILURE): Object: 'Object Repository/Alda/Admin - Manage FAQ/Page_Manage Faq/edit_answer' is clicked on

2020-06-17 18:27:01 - [MESSAGE][PASSED] - Object: 'Object Repository/Alda/Admin - Manage FAQ/Page_Manage Faq/edit_answer' is clicked on

2020-06-17 18:27:01 - [TEST_STEP][PASSED] - clearText(findTestObject("Alda/Admin - Manage FAQ/Page_Manage Faq/edit_answer"), STOP_ON_FAILURE): Text of object 'Object Repository/Alda/Admin - Manage FAQ/Page_Manage Faq/edit_answer' is cleared

2020-06-17 18:27:02 - [MESSAGE][PASSED] - Text of object 'Object Repository/Alda/Admin - Manage FAQ/Page_Manage Faq/edit_answer' is cleared

2020-06-17 18:27:02 - [TEST_STEP][PASSED] - setText(findTestObject("Alda/Admin - Manage FAQ/Page_Manage Faq/edit_answer"), var_answer_new): Text 'answer6' is set on object 'Object Repository/Alda/Admin - Manage FAQ/Page_Manage Faq/edit_answer'

2020-06-17 18:27:02 - [MESSAGE][PASSED] - Text 'answer6' is set on object 'Object Repository/Alda/Admin - Manage FAQ/Page_Manage Faq/edit_answer'

2020-06-17 18:27:02 - [TEST_STEP][PASSED] - delay(2): Delayed 2 second(s)

2020-06-17 18:27:04 - [MESSAGE][PASSED] - Delayed 2 second(s)

2020-06-17 18:27:04 - [TEST_STEP][PASSED] - break: null

2020-06-17 18:27:04 - [TEST_STEP][PASSED] - switch (expected_output): null

2020-06-17 18:27:04 - [TEST_STEP][PASSED] - case "pass":: null

2020-06-17 18:27:04 - [TEST_STEP][PASSED] - click(findTestObject("Object Repository/Alda/Admin - Manage FAQ/Page_Manage Faq/btn_save_edit")): Object: 'Object Repository/Alda/Admin - Manage FAQ/Page_Manage Faq/btn_save_edit' is clicked on

2020-06-17 18:27:05 - [MESSAGE][PASSED] - Object: 'Object Repository/Alda/Admin - Manage FAQ/Page_Manage Faq/btn_save_edit' is clicked on

2020-06-17 18:27:05 - [TEST_STEP][PASSED] - delay(3): Delayed 3 second(s)

2020-06-17 18:27:08 - [MESSAGE][PASSED] - Delayed 3 second(s)

2020-06-17 18:27:08 - [TEST_STEP][PASSED] - clearText(findTestObject("Alda/Admin - Manage FAQ/Page_Manage Faq/input_search")): Text of object 'Object Repository/Alda/Admin - Manage FAQ/Page_Manage Faq/input_search' is cleared

2020-06-17 18:27:13 - [MESSAGE][PASSED] - Text of object 'Object Repository/Alda/Admin - Manage FAQ/Page_Manage Faq/input_search' is cleared

2020-06-17 18:27:13 - [TEST_STEP][PASSED] - click(findTestObject("Alda/Admin - Manage FAQ/Page_Manage Faq/input_search")): Object: 'Object Repository/Alda/Admin - Manage FAQ/Page_Manage Faq/input_search' is clicked on

2020-06-17 18:27:14 - [MESSAGE][PASSED] - Object: 'Object Repository/Alda/Admin - Manage FAQ/Page_Manage Faq/input_search' is clicked on

2020-06-17 18:27:14 - [TEST_STEP][PASSED] - setText(findTestObject("Alda/Admin - Manage FAQ/Page_Manage Faq/input_search"), var_search_after_edit): Text 'answer6' is set on object 'Object Repository/Alda/Admin - Manage FAQ/Page_Manage Faq/input_search'

2020-06-17 18:27:15 - [MESSAGE][PASSED] - Text 'answer6' is set on object 'Object Repository/Alda/Admin - Manage FAQ/Page_Manage Faq/input_search'

2020-06-17 18:27:15 - [TEST_STEP][PASSED] - sendKeys(findTestObject("Alda/Admin - Manage FAQ/Page_Manage Faq/input_search"), Keys.chord(ENTER)): Keys 'ENTER + ' sent to object: 'Object Repository/Alda/Admin - Manage FAQ/Page_Manage Faq/input_search'

2020-06-17 18:27:15 - [MESSAGE][PASSED] - Keys 'ENTER + ' sent to object: 'Object Repository/Alda/Admin - Manage FAQ/Page_Manage Faq/input_search'

2020-06-17 18:27:15 - [TEST_STEP][PASSED] - verifyElementVisible(findTestObject("Alda/Admin - Manage FAQ/Page_Manage Faq/label_search_visible - Copy", ["text":var_search_after_edit])): Object 'Object Repository/Alda/Admin - Manage FAQ/Page_Manage Faq/label_search_visible - Copy' is visible

2020-06-17 18:27:18 - [MESSAGE][PASSED] - Object 'Object Repository/Alda/Admin - Manage FAQ/Page_Manage Faq/label_search_visible - Copy' is visible

2020-06-17 18:27:18 - [TEST_STEP][PASSED] - break: null

2020-06-17 18:27:18 - [TEST_STEP][PASSED] - closeBrowser(): Browser is closed

2020-06-17 18:27:18 - [MESSAGE][PASSED] - Browser is closed]]></system-out>
         <system-err><![CDATA[]]></system-err>
      </testcase>
      <testcase name="Test Cases/Alda/Admin - Manage FAQ/Edit" time="97.491" classname="Test Cases/Alda/Admin - Manage FAQ/Edit" status="FAILED">
         <failure type="FAILED" message="Test Cases/Alda/Admin - Manage FAQ/Edit FAILED.
Reason:
com.kms.katalon.core.exception.StepFailedException: Call Test Case 'Test Cases/Alda/Admin - Manage FAQ/Search' failed
	at com.kms.katalon.core.keyword.builtin.CallTestCaseKeyword$_callTestCase_closure1.doCall(CallTestCaseKeyword.groovy:63)
	at com.kms.katalon.core.keyword.builtin.CallTestCaseKeyword$_callTestCase_closure1.call(CallTestCaseKeyword.groovy)
	at com.kms.katalon.core.keyword.internal.KeywordMain.runKeyword(KeywordMain.groovy:68)
	at com.kms.katalon.core.keyword.builtin.CallTestCaseKeyword.callTestCase(CallTestCaseKeyword.groovy:81)
	at com.kms.katalon.core.keyword.builtin.CallTestCaseKeyword.execute(CallTestCaseKeyword.groovy:44)
	at com.kms.katalon.core.keyword.internal.KeywordExecutor.executeKeywordForPlatform(KeywordExecutor.groovy:60)
	at com.kms.katalon.core.keyword.BuiltinKeywords.callTestCase(BuiltinKeywords.groovy:334)
	at Edit.run(Edit:19)
	at com.kms.katalon.core.main.ScriptEngine.run(ScriptEngine.java:194)
	at com.kms.katalon.core.main.ScriptEngine.runScriptAsRawText(ScriptEngine.java:119)
	at com.kms.katalon.core.main.TestCaseExecutor.runScript(TestCaseExecutor.java:337)
	at com.kms.katalon.core.main.TestCaseExecutor.doExecute(TestCaseExecutor.java:328)
	at com.kms.katalon.core.main.TestCaseExecutor.processExecutionPhase(TestCaseExecutor.java:307)
	at com.kms.katalon.core.main.TestCaseExecutor.accessMainPhase(TestCaseExecutor.java:299)
	at com.kms.katalon.core.main.TestCaseExecutor.execute(TestCaseExecutor.java:233)
	at com.kms.katalon.core.main.TestSuiteExecutor.accessTestCaseMainPhase(TestSuiteExecutor.java:169)
	at com.kms.katalon.core.main.TestSuiteExecutor.accessTestSuiteMainPhase(TestSuiteExecutor.java:142)
	at com.kms.katalon.core.main.TestSuiteExecutor.execute(TestSuiteExecutor.java:91)
	at com.kms.katalon.core.main.TestCaseMain.startTestSuite(TestCaseMain.java:157)
	at com.kms.katalon.core.main.TestCaseMain$startTestSuite$0.call(Unknown Source)
	at TempTestSuite1592392224239.run(TempTestSuite1592392224239.groovy:36)
Caused by: com.kms.katalon.core.exception.StepFailedException: Unable to click on object 'Object Repository/Christi/Page_Dashboard Admin/span_Manage FAQ'
	at com.kms.katalon.core.webui.keyword.internal.WebUIKeywordMain.stepFailed(WebUIKeywordMain.groovy:64)
	at com.kms.katalon.core.webui.keyword.internal.WebUIKeywordMain.runKeyword(WebUIKeywordMain.groovy:26)
	at com.kms.katalon.core.webui.keyword.builtin.ClickKeyword.click(ClickKeyword.groovy:99)
	at com.kms.katalon.core.webui.keyword.builtin.ClickKeyword.execute(ClickKeyword.groovy:43)
	at com.kms.katalon.core.keyword.internal.KeywordExecutor.executeKeywordForPlatform(KeywordExecutor.groovy:60)
	at com.kms.katalon.core.webui.keyword.WebUiBuiltInKeywords.click(WebUiBuiltInKeywords.groovy:616)
	at com.kms.katalon.core.webui.keyword.WebUiBuiltInKeywords$click$1.call(Unknown Source)
	at Search.run(Search:23)
	at com.kms.katalon.core.main.ScriptEngine.run(ScriptEngine.java:194)
	at com.kms.katalon.core.main.ScriptEngine.runScriptAsRawText(ScriptEngine.java:119)
	at com.kms.katalon.core.main.TestCaseExecutor.runScript(TestCaseExecutor.java:337)
	at com.kms.katalon.core.main.TestCaseExecutor.doExecute(TestCaseExecutor.java:328)
	at com.kms.katalon.core.main.TestCaseExecutor.processExecutionPhase(TestCaseExecutor.java:307)
	at com.kms.katalon.core.main.TestCaseExecutor.accessMainPhase(TestCaseExecutor.java:299)
	at com.kms.katalon.core.main.TestCaseExecutor.execute(TestCaseExecutor.java:233)
	at com.kms.katalon.core.main.TestCaseMain.runTestCase(TestCaseMain.java:114)
	at com.kms.katalon.core.keyword.builtin.CallTestCaseKeyword$_callTestCase_closure1.doCall(CallTestCaseKeyword.groovy:59)
	... 20 more
Caused by: com.kms.katalon.core.webui.exception.WebElementNotFoundException: Web element with id: 'Object Repository/Christi/Page_Dashboard Admin/span_Manage FAQ' located by 'By.xpath: //span[(text() = 'Manage FAQ' or . = 'Manage FAQ')]' not found
	at com.kms.katalon.core.webui.common.WebUiCommonHelper.findWebElement(WebUiCommonHelper.java:1113)
	at com.kms.katalon.core.webui.keyword.internal.WebUIAbstractKeyword.findWebElement(WebUIAbstractKeyword.groovy:27)
	at com.kms.katalon.core.webui.keyword.internal.WebUIAbstractKeyword.findWebElement(WebUIAbstractKeyword.groovy:26)
	at com.kms.katalon.core.webui.keyword.builtin.ClickKeyword$_click_closure1.doCall(ClickKeyword.groovy:68)
	at com.kms.katalon.core.webui.keyword.builtin.ClickKeyword$_click_closure1.call(ClickKeyword.groovy)
	at com.kms.katalon.core.webui.keyword.internal.WebUIKeywordMain.runKeyword(WebUIKeywordMain.groovy:20)
	... 35 more
"/>
         <system-out><![CDATA[2020-06-17 18:27:19 - [TEST_CASE][FAILED] - Test Cases/Alda/Admin - Manage FAQ/Edit: Test Cases/Alda/Admin - Manage FAQ/Edit FAILED.
Reason:
com.kms.katalon.core.exception.StepFailedException: Call Test Case 'Test Cases/Alda/Admin - Manage FAQ/Search' failed
	at com.kms.katalon.core.keyword.builtin.CallTestCaseKeyword$_callTestCase_closure1.doCall(CallTestCaseKeyword.groovy:63)
	at com.kms.katalon.core.keyword.builtin.CallTestCaseKeyword$_callTestCase_closure1.call(CallTestCaseKeyword.groovy)
	at com.kms.katalon.core.keyword.internal.KeywordMain.runKeyword(KeywordMain.groovy:68)
	at com.kms.katalon.core.keyword.builtin.CallTestCaseKeyword.callTestCase(CallTestCaseKeyword.groovy:81)
	at com.kms.katalon.core.keyword.builtin.CallTestCaseKeyword.execute(CallTestCaseKeyword.groovy:44)
	at com.kms.katalon.core.keyword.internal.KeywordExecutor.executeKeywordForPlatform(KeywordExecutor.groovy:60)
	at com.kms.katalon.core.keyword.BuiltinKeywords.callTestCase(BuiltinKeywords.groovy:334)
	at Edit.run(Edit:19)
	at com.kms.katalon.core.main.ScriptEngine.run(ScriptEngine.java:194)
	at com.kms.katalon.core.main.ScriptEngine.runScriptAsRawText(ScriptEngine.java:119)
	at com.kms.katalon.core.main.TestCaseExecutor.runScript(TestCaseExecutor.java:337)
	at com.kms.katalon.core.main.TestCaseExecutor.doExecute(TestCaseExecutor.java:328)
	at com.kms.katalon.core.main.TestCaseExecutor.processExecutionPhase(TestCaseExecutor.java:307)
	at com.kms.katalon.core.main.TestCaseExecutor.accessMainPhase(TestCaseExecutor.java:299)
	at com.kms.katalon.core.main.TestCaseExecutor.execute(TestCaseExecutor.java:233)
	at com.kms.katalon.core.main.TestSuiteExecutor.accessTestCaseMainPhase(TestSuiteExecutor.java:169)
	at com.kms.katalon.core.main.TestSuiteExecutor.accessTestSuiteMainPhase(TestSuiteExecutor.java:142)
	at com.kms.katalon.core.main.TestSuiteExecutor.execute(TestSuiteExecutor.java:91)
	at com.kms.katalon.core.main.TestCaseMain.startTestSuite(TestCaseMain.java:157)
	at com.kms.katalon.core.main.TestCaseMain$startTestSuite$0.call(Unknown Source)
	at TempTestSuite1592392224239.run(TempTestSuite1592392224239.groovy:36)
Caused by: com.kms.katalon.core.exception.StepFailedException: Unable to click on object 'Object Repository/Christi/Page_Dashboard Admin/span_Manage FAQ'
	at com.kms.katalon.core.webui.keyword.internal.WebUIKeywordMain.stepFailed(WebUIKeywordMain.groovy:64)
	at com.kms.katalon.core.webui.keyword.internal.WebUIKeywordMain.runKeyword(WebUIKeywordMain.groovy:26)
	at com.kms.katalon.core.webui.keyword.builtin.ClickKeyword.click(ClickKeyword.groovy:99)
	at com.kms.katalon.core.webui.keyword.builtin.ClickKeyword.execute(ClickKeyword.groovy:43)
	at com.kms.katalon.core.keyword.internal.KeywordExecutor.executeKeywordForPlatform(KeywordExecutor.groovy:60)
	at com.kms.katalon.core.webui.keyword.WebUiBuiltInKeywords.click(WebUiBuiltInKeywords.groovy:616)
	at com.kms.katalon.core.webui.keyword.WebUiBuiltInKeywords$click$1.call(Unknown Source)
	at Search.run(Search:23)
	at com.kms.katalon.core.main.ScriptEngine.run(ScriptEngine.java:194)
	at com.kms.katalon.core.main.ScriptEngine.runScriptAsRawText(ScriptEngine.java:119)
	at com.kms.katalon.core.main.TestCaseExecutor.runScript(TestCaseExecutor.java:337)
	at com.kms.katalon.core.main.TestCaseExecutor.doExecute(TestCaseExecutor.java:328)
	at com.kms.katalon.core.main.TestCaseExecutor.processExecutionPhase(TestCaseExecutor.java:307)
	at com.kms.katalon.core.main.TestCaseExecutor.accessMainPhase(TestCaseExecutor.java:299)
	at com.kms.katalon.core.main.TestCaseExecutor.execute(TestCaseExecutor.java:233)
	at com.kms.katalon.core.main.TestCaseMain.runTestCase(TestCaseMain.java:114)
	at com.kms.katalon.core.keyword.builtin.CallTestCaseKeyword$_callTestCase_closure1.doCall(CallTestCaseKeyword.groovy:59)
	... 20 more
Caused by: com.kms.katalon.core.webui.exception.WebElementNotFoundException: Web element with id: 'Object Repository/Christi/Page_Dashboard Admin/span_Manage FAQ' located by 'By.xpath: //span[(text() = 'Manage FAQ' or . = 'Manage FAQ')]' not found
	at com.kms.katalon.core.webui.common.WebUiCommonHelper.findWebElement(WebUiCommonHelper.java:1113)
	at com.kms.katalon.core.webui.keyword.internal.WebUIAbstractKeyword.findWebElement(WebUIAbstractKeyword.groovy:27)
	at com.kms.katalon.core.webui.keyword.internal.WebUIAbstractKeyword.findWebElement(WebUIAbstractKeyword.groovy:26)
	at com.kms.katalon.core.webui.keyword.builtin.ClickKeyword$_click_closure1.doCall(ClickKeyword.groovy:68)
	at com.kms.katalon.core.webui.keyword.builtin.ClickKeyword$_click_closure1.call(ClickKeyword.groovy)
	at com.kms.katalon.core.webui.keyword.internal.WebUIKeywordMain.runKeyword(WebUIKeywordMain.groovy:20)
	... 35 more


2020-06-17 18:27:19 - [TEST_STEP][FAILED] - callTestCase(findTestCase("Alda/Admin - Manage FAQ/Search"), ["var_search":var_search, "expected_output":""], STOP_ON_FAILURE): Unable to call Test Case 'Test Cases/Alda/Admin - Manage FAQ/Search' (Root cause: com.kms.katalon.core.exception.StepFailedException: Call Test Case 'Test Cases/Alda/Admin - Manage FAQ/Search' failed
	at com.kms.katalon.core.keyword.builtin.CallTestCaseKeyword$_callTestCase_closure1.doCall(CallTestCaseKeyword.groovy:63)
	at com.kms.katalon.core.keyword.builtin.CallTestCaseKeyword$_callTestCase_closure1.call(CallTestCaseKeyword.groovy)
	at com.kms.katalon.core.keyword.internal.KeywordMain.runKeyword(KeywordMain.groovy:68)
	at com.kms.katalon.core.keyword.builtin.CallTestCaseKeyword.callTestCase(CallTestCaseKeyword.groovy:81)
	at com.kms.katalon.core.keyword.builtin.CallTestCaseKeyword.execute(CallTestCaseKeyword.groovy:44)
	at com.kms.katalon.core.keyword.internal.KeywordExecutor.executeKeywordForPlatform(KeywordExecutor.groovy:60)
	at com.kms.katalon.core.keyword.BuiltinKeywords.callTestCase(BuiltinKeywords.groovy:334)
	at Edit.run(Edit:19)
	at com.kms.katalon.core.main.ScriptEngine.run(ScriptEngine.java:194)
	at com.kms.katalon.core.main.ScriptEngine.runScriptAsRawText(ScriptEngine.java:119)
	at com.kms.katalon.core.main.TestCaseExecutor.runScript(TestCaseExecutor.java:337)
	at com.kms.katalon.core.main.TestCaseExecutor.doExecute(TestCaseExecutor.java:328)
	at com.kms.katalon.core.main.TestCaseExecutor.processExecutionPhase(TestCaseExecutor.java:307)
	at com.kms.katalon.core.main.TestCaseExecutor.accessMainPhase(TestCaseExecutor.java:299)
	at com.kms.katalon.core.main.TestCaseExecutor.execute(TestCaseExecutor.java:233)
	at com.kms.katalon.core.main.TestSuiteExecutor.accessTestCaseMainPhase(TestSuiteExecutor.java:169)
	at com.kms.katalon.core.main.TestSuiteExecutor.accessTestSuiteMainPhase(TestSuiteExecutor.java:142)
	at com.kms.katalon.core.main.TestSuiteExecutor.execute(TestSuiteExecutor.java:91)
	at com.kms.katalon.core.main.TestCaseMain.startTestSuite(TestCaseMain.java:157)
	at com.kms.katalon.core.main.TestCaseMain$startTestSuite$0.call(Unknown Source)
	at TempTestSuite1592392224239.run(TempTestSuite1592392224239.groovy:36)
Caused by: com.kms.katalon.core.exception.StepFailedException: Unable to click on object 'Object Repository/Christi/Page_Dashboard Admin/span_Manage FAQ'
	at com.kms.katalon.core.webui.keyword.internal.WebUIKeywordMain.stepFailed(WebUIKeywordMain.groovy:64)
	at com.kms.katalon.core.webui.keyword.internal.WebUIKeywordMain.runKeyword(WebUIKeywordMain.groovy:26)
	at com.kms.katalon.core.webui.keyword.builtin.ClickKeyword.click(ClickKeyword.groovy:99)
	at com.kms.katalon.core.webui.keyword.builtin.ClickKeyword.execute(ClickKeyword.groovy:43)
	at com.kms.katalon.core.keyword.internal.KeywordExecutor.executeKeywordForPlatform(KeywordExecutor.groovy:60)
	at com.kms.katalon.core.webui.keyword.WebUiBuiltInKeywords.click(WebUiBuiltInKeywords.groovy:616)
	at com.kms.katalon.core.webui.keyword.WebUiBuiltInKeywords$click$1.call(Unknown Source)
	at Search.run(Search:23)
	at com.kms.katalon.core.main.ScriptEngine.run(ScriptEngine.java:194)
	at com.kms.katalon.core.main.ScriptEngine.runScriptAsRawText(ScriptEngine.java:119)
	at com.kms.katalon.core.main.TestCaseExecutor.runScript(TestCaseExecutor.java:337)
	at com.kms.katalon.core.main.TestCaseExecutor.doExecute(TestCaseExecutor.java:328)
	at com.kms.katalon.core.main.TestCaseExecutor.processExecutionPhase(TestCaseExecutor.java:307)
	at com.kms.katalon.core.main.TestCaseExecutor.accessMainPhase(TestCaseExecutor.java:299)
	at com.kms.katalon.core.main.TestCaseExecutor.execute(TestCaseExecutor.java:233)
	at com.kms.katalon.core.main.TestCaseMain.runTestCase(TestCaseMain.java:114)
	at com.kms.katalon.core.keyword.builtin.CallTestCaseKeyword$_callTestCase_closure1.doCall(CallTestCaseKeyword.groovy:59)
	... 20 more
Caused by: com.kms.katalon.core.webui.exception.WebElementNotFoundException: Web element with id: 'Object Repository/Christi/Page_Dashboard Admin/span_Manage FAQ' located by 'By.xpath: //span[(text() = 'Manage FAQ' or . = 'Manage FAQ')]' not found
	at com.kms.katalon.core.webui.common.WebUiCommonHelper.findWebElement(WebUiCommonHelper.java:1113)
	at com.kms.katalon.core.webui.keyword.internal.WebUIAbstractKeyword.findWebElement(WebUIAbstractKeyword.groovy:27)
	at com.kms.katalon.core.webui.keyword.internal.WebUIAbstractKeyword.findWebElement(WebUIAbstractKeyword.groovy:26)
	at com.kms.katalon.core.webui.keyword.builtin.ClickKeyword$_click_closure1.doCall(ClickKeyword.groovy:68)
	at com.kms.katalon.core.webui.keyword.builtin.ClickKeyword$_click_closure1.call(ClickKeyword.groovy)
	at com.kms.katalon.core.webui.keyword.internal.WebUIKeywordMain.runKeyword(WebUIKeywordMain.groovy:20)
	... 35 more
)

2020-06-17 18:27:19 - [TEST_CASE][FAILED] - Test Cases/Alda/Admin - Manage FAQ/Search: Test Cases/Alda/Admin - Manage FAQ/Search FAILED.
Reason:
com.kms.katalon.core.exception.StepFailedException: Unable to click on object 'Object Repository/Christi/Page_Dashboard Admin/span_Manage FAQ'
	at com.kms.katalon.core.webui.keyword.internal.WebUIKeywordMain.stepFailed(WebUIKeywordMain.groovy:64)
	at com.kms.katalon.core.webui.keyword.internal.WebUIKeywordMain.runKeyword(WebUIKeywordMain.groovy:26)
	at com.kms.katalon.core.webui.keyword.builtin.ClickKeyword.click(ClickKeyword.groovy:99)
	at com.kms.katalon.core.webui.keyword.builtin.ClickKeyword.execute(ClickKeyword.groovy:43)
	at com.kms.katalon.core.keyword.internal.KeywordExecutor.executeKeywordForPlatform(KeywordExecutor.groovy:60)
	at com.kms.katalon.core.webui.keyword.WebUiBuiltInKeywords.click(WebUiBuiltInKeywords.groovy:616)
	at com.kms.katalon.core.webui.keyword.WebUiBuiltInKeywords$click$1.call(Unknown Source)
	at Search.run(Search:23)
	at com.kms.katalon.core.main.ScriptEngine.run(ScriptEngine.java:194)
	at com.kms.katalon.core.main.ScriptEngine.runScriptAsRawText(ScriptEngine.java:119)
	at com.kms.katalon.core.main.TestCaseExecutor.runScript(TestCaseExecutor.java:337)
	at com.kms.katalon.core.main.TestCaseExecutor.doExecute(TestCaseExecutor.java:328)
	at com.kms.katalon.core.main.TestCaseExecutor.processExecutionPhase(TestCaseExecutor.java:307)
	at com.kms.katalon.core.main.TestCaseExecutor.accessMainPhase(TestCaseExecutor.java:299)
	at com.kms.katalon.core.main.TestCaseExecutor.execute(TestCaseExecutor.java:233)
	at com.kms.katalon.core.main.TestCaseMain.runTestCase(TestCaseMain.java:114)
	at com.kms.katalon.core.keyword.builtin.CallTestCaseKeyword$_callTestCase_closure1.doCall(CallTestCaseKeyword.groovy:59)
	at com.kms.katalon.core.keyword.builtin.CallTestCaseKeyword$_callTestCase_closure1.call(CallTestCaseKeyword.groovy)
	at com.kms.katalon.core.keyword.internal.KeywordMain.runKeyword(KeywordMain.groovy:68)
	at com.kms.katalon.core.keyword.builtin.CallTestCaseKeyword.callTestCase(CallTestCaseKeyword.groovy:81)
	at com.kms.katalon.core.keyword.builtin.CallTestCaseKeyword.execute(CallTestCaseKeyword.groovy:44)
	at com.kms.katalon.core.keyword.internal.KeywordExecutor.executeKeywordForPlatform(KeywordExecutor.groovy:60)
	at com.kms.katalon.core.keyword.BuiltinKeywords.callTestCase(BuiltinKeywords.groovy:334)
	at Edit.run(Edit:19)
	at com.kms.katalon.core.main.ScriptEngine.run(ScriptEngine.java:194)
	at com.kms.katalon.core.main.ScriptEngine.runScriptAsRawText(ScriptEngine.java:119)
	at com.kms.katalon.core.main.TestCaseExecutor.runScript(TestCaseExecutor.java:337)
	at com.kms.katalon.core.main.TestCaseExecutor.doExecute(TestCaseExecutor.java:328)
	at com.kms.katalon.core.main.TestCaseExecutor.processExecutionPhase(TestCaseExecutor.java:307)
	at com.kms.katalon.core.main.TestCaseExecutor.accessMainPhase(TestCaseExecutor.java:299)
	at com.kms.katalon.core.main.TestCaseExecutor.execute(TestCaseExecutor.java:233)
	at com.kms.katalon.core.main.TestSuiteExecutor.accessTestCaseMainPhase(TestSuiteExecutor.java:169)
	at com.kms.katalon.core.main.TestSuiteExecutor.accessTestSuiteMainPhase(TestSuiteExecutor.java:142)
	at com.kms.katalon.core.main.TestSuiteExecutor.execute(TestSuiteExecutor.java:91)
	at com.kms.katalon.core.main.TestCaseMain.startTestSuite(TestCaseMain.java:157)
	at com.kms.katalon.core.main.TestCaseMain$startTestSuite$0.call(Unknown Source)
	at TempTestSuite1592392224239.run(TempTestSuite1592392224239.groovy:36)
Caused by: com.kms.katalon.core.webui.exception.WebElementNotFoundException: Web element with id: 'Object Repository/Christi/Page_Dashboard Admin/span_Manage FAQ' located by 'By.xpath: //span[(text() = 'Manage FAQ' or . = 'Manage FAQ')]' not found
	at com.kms.katalon.core.webui.common.WebUiCommonHelper.findWebElement(WebUiCommonHelper.java:1113)
	at com.kms.katalon.core.webui.keyword.internal.WebUIAbstractKeyword.findWebElement(WebUIAbstractKeyword.groovy:27)
	at com.kms.katalon.core.webui.keyword.internal.WebUIAbstractKeyword.findWebElement(WebUIAbstractKeyword.groovy:26)
	at com.kms.katalon.core.webui.keyword.builtin.ClickKeyword$_click_closure1.doCall(ClickKeyword.groovy:68)
	at com.kms.katalon.core.webui.keyword.builtin.ClickKeyword$_click_closure1.call(ClickKeyword.groovy)
	at com.kms.katalon.core.webui.keyword.internal.WebUIKeywordMain.runKeyword(WebUIKeywordMain.groovy:20)
	... 35 more


2020-06-17 18:27:19 - [TEST_STEP][PASSED] - callTestCase(findTestCase("Christi/Admin/admin login"), ["username":"11666", "password":"Password3"], STOP_ON_FAILURE): Call Test Case 'Test Cases/Christi/Admin/admin login' successfully

2020-06-17 18:27:19 - [TEST_CASE][PASSED] - Test Cases/Christi/Admin/admin login: Test Cases/Christi/Admin/admin login

2020-06-17 18:27:19 - [TEST_STEP][PASSED] - openBrowser(""): Browser is opened with url: ''

2020-06-17 18:27:19 - [MESSAGE][INFO] - Starting 'Chrome' driver

2020-06-17 18:27:22 - [MESSAGE][PASSED] - Browser is opened with url: ''

2020-06-17 18:27:22 - [TEST_STEP][PASSED] - navigateToUrl("https://appsrv1.deltadatamandiri.com/ACC_LMS_WEB/#/admNLmn"): Navigate to 'https://appsrv1.deltadatamandiri.com/ACC_LMS_WEB/#/admNLmn' successfully

2020-06-17 18:27:55 - [MESSAGE][PASSED] - Navigate to 'https://appsrv1.deltadatamandiri.com/ACC_LMS_WEB/#/admNLmn' successfully

2020-06-17 18:27:55 - [TEST_STEP][PASSED] - click(findTestObject("Christi/Page_Main/button_login")): Object: 'Object Repository/Christi/Page_Main/button_login' is clicked on

2020-06-17 18:28:03 - [MESSAGE][ERROR] - javascript error: Failed to execute 'elementsFromPoint' on 'Document': The provided double value is non-finite.
  (Session info: chrome=83.0.4103.106)
Build info: version: '3.141.59', revision: 'e82be7d358', time: '2018-11-14T08:25:53'
System info: host: 'LAPTOP-D0TPACJ1', ip: '192.168.100.227', os.name: 'Windows 10', os.arch: 'amd64', os.version: '10.0', java.version: '1.8.0_181'
Driver info: com.kms.katalon.selenium.driver.CChromeDriver
Capabilities {acceptInsecureCerts: false, browserName: chrome, browserVersion: 83.0.4103.106, chrome: {chromedriverVersion: 83.0.4103.39 (ccbf011cb2d2b..., userDataDir: C:\Users\ASUS\AppData\Local...}, goog:chromeOptions: {debuggerAddress: localhost:63051}, javascriptEnabled: true, networkConnectionEnabled: false, pageLoadStrategy: normal, platform: WINDOWS, platformName: WINDOWS, proxy: Proxy(), setWindowRect: true, strictFileInteractability: false, timeouts: {implicit: 0, pageLoad: 300000, script: 30000}, unhandledPromptBehavior: dismiss and notify, webauthn:virtualAuthenticators: true}
Session ID: d5a27ef06c22b7afb317dc77b6778c8e

2020-06-17 18:28:05 - [MESSAGE][PASSED] - Object: 'Object Repository/Christi/Page_Main/button_login' is clicked on

2020-06-17 18:28:05 - [TEST_STEP][PASSED] - delay(3): Delayed 3 second(s)

2020-06-17 18:28:08 - [MESSAGE][PASSED] - Delayed 3 second(s)

2020-06-17 18:28:08 - [TEST_STEP][PASSED] - setText(findTestObject("Object Repository/Christi/Page_Main/input_NPK_username"), username): Text '11666' is set on object 'Object Repository/Christi/Page_Main/input_NPK_username'

2020-06-17 18:28:08 - [MESSAGE][PASSED] - Text '11666' is set on object 'Object Repository/Christi/Page_Main/input_NPK_username'

2020-06-17 18:28:08 - [TEST_STEP][PASSED] - setText(findTestObject("Object Repository/Christi/Page_Main/input_Password_password"), password): Text 'Password3' is set on object 'Object Repository/Christi/Page_Main/input_Password_password'

2020-06-17 18:28:09 - [MESSAGE][PASSED] - Text 'Password3' is set on object 'Object Repository/Christi/Page_Main/input_Password_password'

2020-06-17 18:28:09 - [TEST_STEP][PASSED] - delay(5): Delayed 5 second(s)

2020-06-17 18:28:14 - [MESSAGE][PASSED] - Delayed 5 second(s)

2020-06-17 18:28:14 - [TEST_STEP][PASSED] - click(findTestObject("Rizka/Admin/Admin - Login/btnLogin2")): Object: 'Object Repository/Rizka/Admin/Admin - Login/btnLogin2' is clicked on

2020-06-17 18:28:15 - [MESSAGE][PASSED] - Object: 'Object Repository/Rizka/Admin/Admin - Login/btnLogin2' is clicked on

2020-06-17 18:28:15 - [TEST_STEP][PASSED] - delay(5): Delayed 5 second(s)

2020-06-17 18:28:20 - [MESSAGE][PASSED] - Delayed 5 second(s)

2020-06-17 18:28:20 - [MESSAGE][PASSED] - Call Test Case 'Test Cases/Christi/Admin/admin login' successfully

2020-06-17 18:28:20 - [TEST_STEP][PASSED] - delay(5): Delayed 5 second(s)

2020-06-17 18:28:25 - [MESSAGE][PASSED] - Delayed 5 second(s)

2020-06-17 18:28:25 - [TEST_STEP][FAILED] - click(findTestObject("Christi/Page_Dashboard Admin/span_Manage FAQ")): Unable to click on object 'Object Repository/Christi/Page_Dashboard Admin/span_Manage FAQ' (Root cause: com.kms.katalon.core.exception.StepFailedException: Unable to click on object 'Object Repository/Christi/Page_Dashboard Admin/span_Manage FAQ'
	at com.kms.katalon.core.webui.keyword.internal.WebUIKeywordMain.stepFailed(WebUIKeywordMain.groovy:64)
	at com.kms.katalon.core.webui.keyword.internal.WebUIKeywordMain.runKeyword(WebUIKeywordMain.groovy:26)
	at com.kms.katalon.core.webui.keyword.builtin.ClickKeyword.click(ClickKeyword.groovy:99)
	at com.kms.katalon.core.webui.keyword.builtin.ClickKeyword.execute(ClickKeyword.groovy:43)
	at com.kms.katalon.core.keyword.internal.KeywordExecutor.executeKeywordForPlatform(KeywordExecutor.groovy:60)
	at com.kms.katalon.core.webui.keyword.WebUiBuiltInKeywords.click(WebUiBuiltInKeywords.groovy:616)
	at com.kms.katalon.core.webui.keyword.WebUiBuiltInKeywords$click$1.call(Unknown Source)
	at Search.run(Search:23)
	at com.kms.katalon.core.main.ScriptEngine.run(ScriptEngine.java:194)
	at com.kms.katalon.core.main.ScriptEngine.runScriptAsRawText(ScriptEngine.java:119)
	at com.kms.katalon.core.main.TestCaseExecutor.runScript(TestCaseExecutor.java:337)
	at com.kms.katalon.core.main.TestCaseExecutor.doExecute(TestCaseExecutor.java:328)
	at com.kms.katalon.core.main.TestCaseExecutor.processExecutionPhase(TestCaseExecutor.java:307)
	at com.kms.katalon.core.main.TestCaseExecutor.accessMainPhase(TestCaseExecutor.java:299)
	at com.kms.katalon.core.main.TestCaseExecutor.execute(TestCaseExecutor.java:233)
	at com.kms.katalon.core.main.TestCaseMain.runTestCase(TestCaseMain.java:114)
	at com.kms.katalon.core.keyword.builtin.CallTestCaseKeyword$_callTestCase_closure1.doCall(CallTestCaseKeyword.groovy:59)
	at com.kms.katalon.core.keyword.builtin.CallTestCaseKeyword$_callTestCase_closure1.call(CallTestCaseKeyword.groovy)
	at com.kms.katalon.core.keyword.internal.KeywordMain.runKeyword(KeywordMain.groovy:68)
	at com.kms.katalon.core.keyword.builtin.CallTestCaseKeyword.callTestCase(CallTestCaseKeyword.groovy:81)
	at com.kms.katalon.core.keyword.builtin.CallTestCaseKeyword.execute(CallTestCaseKeyword.groovy:44)
	at com.kms.katalon.core.keyword.internal.KeywordExecutor.executeKeywordForPlatform(KeywordExecutor.groovy:60)
	at com.kms.katalon.core.keyword.BuiltinKeywords.callTestCase(BuiltinKeywords.groovy:334)
	at Edit.run(Edit:19)
	at com.kms.katalon.core.main.ScriptEngine.run(ScriptEngine.java:194)
	at com.kms.katalon.core.main.ScriptEngine.runScriptAsRawText(ScriptEngine.java:119)
	at com.kms.katalon.core.main.TestCaseExecutor.runScript(TestCaseExecutor.java:337)
	at com.kms.katalon.core.main.TestCaseExecutor.doExecute(TestCaseExecutor.java:328)
	at com.kms.katalon.core.main.TestCaseExecutor.processExecutionPhase(TestCaseExecutor.java:307)
	at com.kms.katalon.core.main.TestCaseExecutor.accessMainPhase(TestCaseExecutor.java:299)
	at com.kms.katalon.core.main.TestCaseExecutor.execute(TestCaseExecutor.java:233)
	at com.kms.katalon.core.main.TestSuiteExecutor.accessTestCaseMainPhase(TestSuiteExecutor.java:169)
	at com.kms.katalon.core.main.TestSuiteExecutor.accessTestSuiteMainPhase(TestSuiteExecutor.java:142)
	at com.kms.katalon.core.main.TestSuiteExecutor.execute(TestSuiteExecutor.java:91)
	at com.kms.katalon.core.main.TestCaseMain.startTestSuite(TestCaseMain.java:157)
	at com.kms.katalon.core.main.TestCaseMain$startTestSuite$0.call(Unknown Source)
	at TempTestSuite1592392224239.run(TempTestSuite1592392224239.groovy:36)
Caused by: com.kms.katalon.core.webui.exception.WebElementNotFoundException: Web element with id: 'Object Repository/Christi/Page_Dashboard Admin/span_Manage FAQ' located by 'By.xpath: //span[(text() = 'Manage FAQ' or . = 'Manage FAQ')]' not found
	at com.kms.katalon.core.webui.common.WebUiCommonHelper.findWebElement(WebUiCommonHelper.java:1113)
	at com.kms.katalon.core.webui.keyword.internal.WebUIAbstractKeyword.findWebElement(WebUIAbstractKeyword.groovy:27)
	at com.kms.katalon.core.webui.keyword.internal.WebUIAbstractKeyword.findWebElement(WebUIAbstractKeyword.groovy:26)
	at com.kms.katalon.core.webui.keyword.builtin.ClickKeyword$_click_closure1.doCall(ClickKeyword.groovy:68)
	at com.kms.katalon.core.webui.keyword.builtin.ClickKeyword$_click_closure1.call(ClickKeyword.groovy)
	at com.kms.katalon.core.webui.keyword.internal.WebUIKeywordMain.runKeyword(WebUIKeywordMain.groovy:20)
	at com.kms.katalon.core.webui.keyword.builtin.ClickKeyword.click(ClickKeyword.groovy:99)
	at com.kms.katalon.core.webui.keyword.builtin.ClickKeyword.execute(ClickKeyword.groovy:43)
	at com.kms.katalon.core.keyword.internal.KeywordExecutor.executeKeywordForPlatform(KeywordExecutor.groovy:60)
	at com.kms.katalon.core.webui.keyword.WebUiBuiltInKeywords.click(WebUiBuiltInKeywords.groovy:616)
	at com.kms.katalon.core.webui.keyword.WebUiBuiltInKeywords$click$1.call(Unknown Source)
	at Script1590528297784.run(Script1590528297784.groovy:23)
	at com.kms.katalon.core.main.ScriptEngine.run(ScriptEngine.java:194)
	at com.kms.katalon.core.main.ScriptEngine.runScriptAsRawText(ScriptEngine.java:119)
	at com.kms.katalon.core.main.TestCaseExecutor.runScript(TestCaseExecutor.java:337)
	at com.kms.katalon.core.main.TestCaseExecutor.doExecute(TestCaseExecutor.java:328)
	at com.kms.katalon.core.main.TestCaseExecutor.processExecutionPhase(TestCaseExecutor.java:307)
	at com.kms.katalon.core.main.TestCaseExecutor.accessMainPhase(TestCaseExecutor.java:299)
	at com.kms.katalon.core.main.TestCaseExecutor.execute(TestCaseExecutor.java:233)
	at com.kms.katalon.core.main.TestCaseMain.runTestCase(TestCaseMain.java:114)
	at com.kms.katalon.core.keyword.builtin.CallTestCaseKeyword$_callTestCase_closure1.doCall(CallTestCaseKeyword.groovy:59)
	at com.kms.katalon.core.keyword.builtin.CallTestCaseKeyword$_callTestCase_closure1.call(CallTestCaseKeyword.groovy)
	at com.kms.katalon.core.keyword.internal.KeywordMain.runKeyword(KeywordMain.groovy:68)
	at com.kms.katalon.core.keyword.builtin.CallTestCaseKeyword.callTestCase(CallTestCaseKeyword.groovy:81)
	at com.kms.katalon.core.keyword.builtin.CallTestCaseKeyword.execute(CallTestCaseKeyword.groovy:44)
	at com.kms.katalon.core.keyword.internal.KeywordExecutor.executeKeywordForPlatform(KeywordExecutor.groovy:60)
	at com.kms.katalon.core.keyword.BuiltinKeywords.callTestCase(BuiltinKeywords.groovy:334)
	at Script1590528287645.run(Script1590528287645.groovy:19)
	... 13 more
)

2020-06-17 18:28:56 - [MESSAGE][INFO] - Unable to find the element located by 'By.xpath: //span[(text() = 'Manage FAQ' or . = 'Manage FAQ')]'. Please recheck the objects properties to make sure the desired element is located. 

2020-06-17 18:28:56 - [MESSAGE][FAILED] - Unable to click on object 'Object Repository/Christi/Page_Dashboard Admin/span_Manage FAQ' (Root cause: com.kms.katalon.core.exception.StepFailedException: Unable to click on object 'Object Repository/Christi/Page_Dashboard Admin/span_Manage FAQ'
	at com.kms.katalon.core.webui.keyword.internal.WebUIKeywordMain.stepFailed(WebUIKeywordMain.groovy:64)
	at com.kms.katalon.core.webui.keyword.internal.WebUIKeywordMain.runKeyword(WebUIKeywordMain.groovy:26)
	at com.kms.katalon.core.webui.keyword.builtin.ClickKeyword.click(ClickKeyword.groovy:99)
	at com.kms.katalon.core.webui.keyword.builtin.ClickKeyword.execute(ClickKeyword.groovy:43)
	at com.kms.katalon.core.keyword.internal.KeywordExecutor.executeKeywordForPlatform(KeywordExecutor.groovy:60)
	at com.kms.katalon.core.webui.keyword.WebUiBuiltInKeywords.click(WebUiBuiltInKeywords.groovy:616)
	at com.kms.katalon.core.webui.keyword.WebUiBuiltInKeywords$click$1.call(Unknown Source)
	at Search.run(Search:23)
	at com.kms.katalon.core.main.ScriptEngine.run(ScriptEngine.java:194)
	at com.kms.katalon.core.main.ScriptEngine.runScriptAsRawText(ScriptEngine.java:119)
	at com.kms.katalon.core.main.TestCaseExecutor.runScript(TestCaseExecutor.java:337)
	at com.kms.katalon.core.main.TestCaseExecutor.doExecute(TestCaseExecutor.java:328)
	at com.kms.katalon.core.main.TestCaseExecutor.processExecutionPhase(TestCaseExecutor.java:307)
	at com.kms.katalon.core.main.TestCaseExecutor.accessMainPhase(TestCaseExecutor.java:299)
	at com.kms.katalon.core.main.TestCaseExecutor.execute(TestCaseExecutor.java:233)
	at com.kms.katalon.core.main.TestCaseMain.runTestCase(TestCaseMain.java:114)
	at com.kms.katalon.core.keyword.builtin.CallTestCaseKeyword$_callTestCase_closure1.doCall(CallTestCaseKeyword.groovy:59)
	at com.kms.katalon.core.keyword.builtin.CallTestCaseKeyword$_callTestCase_closure1.call(CallTestCaseKeyword.groovy)
	at com.kms.katalon.core.keyword.internal.KeywordMain.runKeyword(KeywordMain.groovy:68)
	at com.kms.katalon.core.keyword.builtin.CallTestCaseKeyword.callTestCase(CallTestCaseKeyword.groovy:81)
	at com.kms.katalon.core.keyword.builtin.CallTestCaseKeyword.execute(CallTestCaseKeyword.groovy:44)
	at com.kms.katalon.core.keyword.internal.KeywordExecutor.executeKeywordForPlatform(KeywordExecutor.groovy:60)
	at com.kms.katalon.core.keyword.BuiltinKeywords.callTestCase(BuiltinKeywords.groovy:334)
	at Edit.run(Edit:19)
	at com.kms.katalon.core.main.ScriptEngine.run(ScriptEngine.java:194)
	at com.kms.katalon.core.main.ScriptEngine.runScriptAsRawText(ScriptEngine.java:119)
	at com.kms.katalon.core.main.TestCaseExecutor.runScript(TestCaseExecutor.java:337)
	at com.kms.katalon.core.main.TestCaseExecutor.doExecute(TestCaseExecutor.java:328)
	at com.kms.katalon.core.main.TestCaseExecutor.processExecutionPhase(TestCaseExecutor.java:307)
	at com.kms.katalon.core.main.TestCaseExecutor.accessMainPhase(TestCaseExecutor.java:299)
	at com.kms.katalon.core.main.TestCaseExecutor.execute(TestCaseExecutor.java:233)
	at com.kms.katalon.core.main.TestSuiteExecutor.accessTestCaseMainPhase(TestSuiteExecutor.java:169)
	at com.kms.katalon.core.main.TestSuiteExecutor.accessTestSuiteMainPhase(TestSuiteExecutor.java:142)
	at com.kms.katalon.core.main.TestSuiteExecutor.execute(TestSuiteExecutor.java:91)
	at com.kms.katalon.core.main.TestCaseMain.startTestSuite(TestCaseMain.java:157)
	at com.kms.katalon.core.main.TestCaseMain$startTestSuite$0.call(Unknown Source)
	at TempTestSuite1592392224239.run(TempTestSuite1592392224239.groovy:36)
Caused by: com.kms.katalon.core.webui.exception.WebElementNotFoundException: Web element with id: 'Object Repository/Christi/Page_Dashboard Admin/span_Manage FAQ' located by 'By.xpath: //span[(text() = 'Manage FAQ' or . = 'Manage FAQ')]' not found
	at com.kms.katalon.core.webui.common.WebUiCommonHelper.findWebElement(WebUiCommonHelper.java:1113)
	at com.kms.katalon.core.webui.keyword.internal.WebUIAbstractKeyword.findWebElement(WebUIAbstractKeyword.groovy:27)
	at com.kms.katalon.core.webui.keyword.internal.WebUIAbstractKeyword.findWebElement(WebUIAbstractKeyword.groovy:26)
	at com.kms.katalon.core.webui.keyword.builtin.ClickKeyword$_click_closure1.doCall(ClickKeyword.groovy:68)
	at com.kms.katalon.core.webui.keyword.builtin.ClickKeyword$_click_closure1.call(ClickKeyword.groovy)
	at com.kms.katalon.core.webui.keyword.internal.WebUIKeywordMain.runKeyword(WebUIKeywordMain.groovy:20)
	at com.kms.katalon.core.webui.keyword.builtin.ClickKeyword.click(ClickKeyword.groovy:99)
	at com.kms.katalon.core.webui.keyword.builtin.ClickKeyword.execute(ClickKeyword.groovy:43)
	at com.kms.katalon.core.keyword.internal.KeywordExecutor.executeKeywordForPlatform(KeywordExecutor.groovy:60)
	at com.kms.katalon.core.webui.keyword.WebUiBuiltInKeywords.click(WebUiBuiltInKeywords.groovy:616)
	at com.kms.katalon.core.webui.keyword.WebUiBuiltInKeywords$click$1.call(Unknown Source)
	at Script1590528297784.run(Script1590528297784.groovy:23)
	at com.kms.katalon.core.main.ScriptEngine.run(ScriptEngine.java:194)
	at com.kms.katalon.core.main.ScriptEngine.runScriptAsRawText(ScriptEngine.java:119)
	at com.kms.katalon.core.main.TestCaseExecutor.runScript(TestCaseExecutor.java:337)
	at com.kms.katalon.core.main.TestCaseExecutor.doExecute(TestCaseExecutor.java:328)
	at com.kms.katalon.core.main.TestCaseExecutor.processExecutionPhase(TestCaseExecutor.java:307)
	at com.kms.katalon.core.main.TestCaseExecutor.accessMainPhase(TestCaseExecutor.java:299)
	at com.kms.katalon.core.main.TestCaseExecutor.execute(TestCaseExecutor.java:233)
	at com.kms.katalon.core.main.TestCaseMain.runTestCase(TestCaseMain.java:114)
	at com.kms.katalon.core.keyword.builtin.CallTestCaseKeyword$_callTestCase_closure1.doCall(CallTestCaseKeyword.groovy:59)
	at com.kms.katalon.core.keyword.builtin.CallTestCaseKeyword$_callTestCase_closure1.call(CallTestCaseKeyword.groovy)
	at com.kms.katalon.core.keyword.internal.KeywordMain.runKeyword(KeywordMain.groovy:68)
	at com.kms.katalon.core.keyword.builtin.CallTestCaseKeyword.callTestCase(CallTestCaseKeyword.groovy:81)
	at com.kms.katalon.core.keyword.builtin.CallTestCaseKeyword.execute(CallTestCaseKeyword.groovy:44)
	at com.kms.katalon.core.keyword.internal.KeywordExecutor.executeKeywordForPlatform(KeywordExecutor.groovy:60)
	at com.kms.katalon.core.keyword.BuiltinKeywords.callTestCase(BuiltinKeywords.groovy:334)
	at Script1590528287645.run(Script1590528287645.groovy:19)
	... 13 more
)
[[ATTACHMENT|C:\\Users\\ASUS\\git\\LearningManagementWebs\\Reports\\20200617_181024\\Alda\\Admin_Manage FAQ - Edit\\20200617_181024\\1592393336076.png]]

2020-06-17 18:28:56 - [MESSAGE][FAILED] - Unable to call Test Case 'Test Cases/Alda/Admin - Manage FAQ/Search' (Root cause: com.kms.katalon.core.exception.StepFailedException: Call Test Case 'Test Cases/Alda/Admin - Manage FAQ/Search' failed
	at com.kms.katalon.core.keyword.builtin.CallTestCaseKeyword$_callTestCase_closure1.doCall(CallTestCaseKeyword.groovy:63)
	at com.kms.katalon.core.keyword.builtin.CallTestCaseKeyword$_callTestCase_closure1.call(CallTestCaseKeyword.groovy)
	at com.kms.katalon.core.keyword.internal.KeywordMain.runKeyword(KeywordMain.groovy:68)
	at com.kms.katalon.core.keyword.builtin.CallTestCaseKeyword.callTestCase(CallTestCaseKeyword.groovy:81)
	at com.kms.katalon.core.keyword.builtin.CallTestCaseKeyword.execute(CallTestCaseKeyword.groovy:44)
	at com.kms.katalon.core.keyword.internal.KeywordExecutor.executeKeywordForPlatform(KeywordExecutor.groovy:60)
	at com.kms.katalon.core.keyword.BuiltinKeywords.callTestCase(BuiltinKeywords.groovy:334)
	at Edit.run(Edit:19)
	at com.kms.katalon.core.main.ScriptEngine.run(ScriptEngine.java:194)
	at com.kms.katalon.core.main.ScriptEngine.runScriptAsRawText(ScriptEngine.java:119)
	at com.kms.katalon.core.main.TestCaseExecutor.runScript(TestCaseExecutor.java:337)
	at com.kms.katalon.core.main.TestCaseExecutor.doExecute(TestCaseExecutor.java:328)
	at com.kms.katalon.core.main.TestCaseExecutor.processExecutionPhase(TestCaseExecutor.java:307)
	at com.kms.katalon.core.main.TestCaseExecutor.accessMainPhase(TestCaseExecutor.java:299)
	at com.kms.katalon.core.main.TestCaseExecutor.execute(TestCaseExecutor.java:233)
	at com.kms.katalon.core.main.TestSuiteExecutor.accessTestCaseMainPhase(TestSuiteExecutor.java:169)
	at com.kms.katalon.core.main.TestSuiteExecutor.accessTestSuiteMainPhase(TestSuiteExecutor.java:142)
	at com.kms.katalon.core.main.TestSuiteExecutor.execute(TestSuiteExecutor.java:91)
	at com.kms.katalon.core.main.TestCaseMain.startTestSuite(TestCaseMain.java:157)
	at com.kms.katalon.core.main.TestCaseMain$startTestSuite$0.call(Unknown Source)
	at TempTestSuite1592392224239.run(TempTestSuite1592392224239.groovy:36)
Caused by: com.kms.katalon.core.exception.StepFailedException: Unable to click on object 'Object Repository/Christi/Page_Dashboard Admin/span_Manage FAQ'
	at com.kms.katalon.core.webui.keyword.internal.WebUIKeywordMain.stepFailed(WebUIKeywordMain.groovy:64)
	at com.kms.katalon.core.webui.keyword.internal.WebUIKeywordMain.runKeyword(WebUIKeywordMain.groovy:26)
	at com.kms.katalon.core.webui.keyword.builtin.ClickKeyword.click(ClickKeyword.groovy:99)
	at com.kms.katalon.core.webui.keyword.builtin.ClickKeyword.execute(ClickKeyword.groovy:43)
	at com.kms.katalon.core.keyword.internal.KeywordExecutor.executeKeywordForPlatform(KeywordExecutor.groovy:60)
	at com.kms.katalon.core.webui.keyword.WebUiBuiltInKeywords.click(WebUiBuiltInKeywords.groovy:616)
	at com.kms.katalon.core.webui.keyword.WebUiBuiltInKeywords$click$1.call(Unknown Source)
	at Search.run(Search:23)
	at com.kms.katalon.core.main.ScriptEngine.run(ScriptEngine.java:194)
	at com.kms.katalon.core.main.ScriptEngine.runScriptAsRawText(ScriptEngine.java:119)
	at com.kms.katalon.core.main.TestCaseExecutor.runScript(TestCaseExecutor.java:337)
	at com.kms.katalon.core.main.TestCaseExecutor.doExecute(TestCaseExecutor.java:328)
	at com.kms.katalon.core.main.TestCaseExecutor.processExecutionPhase(TestCaseExecutor.java:307)
	at com.kms.katalon.core.main.TestCaseExecutor.accessMainPhase(TestCaseExecutor.java:299)
	at com.kms.katalon.core.main.TestCaseExecutor.execute(TestCaseExecutor.java:233)
	at com.kms.katalon.core.main.TestCaseMain.runTestCase(TestCaseMain.java:114)
	at com.kms.katalon.core.keyword.builtin.CallTestCaseKeyword$_callTestCase_closure1.doCall(CallTestCaseKeyword.groovy:59)
	... 20 more
Caused by: com.kms.katalon.core.webui.exception.WebElementNotFoundException: Web element with id: 'Object Repository/Christi/Page_Dashboard Admin/span_Manage FAQ' located by 'By.xpath: //span[(text() = 'Manage FAQ' or . = 'Manage FAQ')]' not found
	at com.kms.katalon.core.webui.common.WebUiCommonHelper.findWebElement(WebUiCommonHelper.java:1113)
	at com.kms.katalon.core.webui.keyword.internal.WebUIAbstractKeyword.findWebElement(WebUIAbstractKeyword.groovy:27)
	at com.kms.katalon.core.webui.keyword.internal.WebUIAbstractKeyword.findWebElement(WebUIAbstractKeyword.groovy:26)
	at com.kms.katalon.core.webui.keyword.builtin.ClickKeyword$_click_closure1.doCall(ClickKeyword.groovy:68)
	at com.kms.katalon.core.webui.keyword.builtin.ClickKeyword$_click_closure1.call(ClickKeyword.groovy)
	at com.kms.katalon.core.webui.keyword.internal.WebUIKeywordMain.runKeyword(WebUIKeywordMain.groovy:20)
	... 35 more
)]]></system-out>
         <system-err><![CDATA[2020-06-17 18:27:19 - [TEST_CASE][FAILED] - Test Cases/Alda/Admin - Manage FAQ/Edit: Test Cases/Alda/Admin - Manage FAQ/Edit FAILED.
Reason:
com.kms.katalon.core.exception.StepFailedException: Call Test Case 'Test Cases/Alda/Admin - Manage FAQ/Search' failed
	at com.kms.katalon.core.keyword.builtin.CallTestCaseKeyword$_callTestCase_closure1.doCall(CallTestCaseKeyword.groovy:63)
	at com.kms.katalon.core.keyword.builtin.CallTestCaseKeyword$_callTestCase_closure1.call(CallTestCaseKeyword.groovy)
	at com.kms.katalon.core.keyword.internal.KeywordMain.runKeyword(KeywordMain.groovy:68)
	at com.kms.katalon.core.keyword.builtin.CallTestCaseKeyword.callTestCase(CallTestCaseKeyword.groovy:81)
	at com.kms.katalon.core.keyword.builtin.CallTestCaseKeyword.execute(CallTestCaseKeyword.groovy:44)
	at com.kms.katalon.core.keyword.internal.KeywordExecutor.executeKeywordForPlatform(KeywordExecutor.groovy:60)
	at com.kms.katalon.core.keyword.BuiltinKeywords.callTestCase(BuiltinKeywords.groovy:334)
	at Edit.run(Edit:19)
	at com.kms.katalon.core.main.ScriptEngine.run(ScriptEngine.java:194)
	at com.kms.katalon.core.main.ScriptEngine.runScriptAsRawText(ScriptEngine.java:119)
	at com.kms.katalon.core.main.TestCaseExecutor.runScript(TestCaseExecutor.java:337)
	at com.kms.katalon.core.main.TestCaseExecutor.doExecute(TestCaseExecutor.java:328)
	at com.kms.katalon.core.main.TestCaseExecutor.processExecutionPhase(TestCaseExecutor.java:307)
	at com.kms.katalon.core.main.TestCaseExecutor.accessMainPhase(TestCaseExecutor.java:299)
	at com.kms.katalon.core.main.TestCaseExecutor.execute(TestCaseExecutor.java:233)
	at com.kms.katalon.core.main.TestSuiteExecutor.accessTestCaseMainPhase(TestSuiteExecutor.java:169)
	at com.kms.katalon.core.main.TestSuiteExecutor.accessTestSuiteMainPhase(TestSuiteExecutor.java:142)
	at com.kms.katalon.core.main.TestSuiteExecutor.execute(TestSuiteExecutor.java:91)
	at com.kms.katalon.core.main.TestCaseMain.startTestSuite(TestCaseMain.java:157)
	at com.kms.katalon.core.main.TestCaseMain$startTestSuite$0.call(Unknown Source)
	at TempTestSuite1592392224239.run(TempTestSuite1592392224239.groovy:36)
Caused by: com.kms.katalon.core.exception.StepFailedException: Unable to click on object 'Object Repository/Christi/Page_Dashboard Admin/span_Manage FAQ'
	at com.kms.katalon.core.webui.keyword.internal.WebUIKeywordMain.stepFailed(WebUIKeywordMain.groovy:64)
	at com.kms.katalon.core.webui.keyword.internal.WebUIKeywordMain.runKeyword(WebUIKeywordMain.groovy:26)
	at com.kms.katalon.core.webui.keyword.builtin.ClickKeyword.click(ClickKeyword.groovy:99)
	at com.kms.katalon.core.webui.keyword.builtin.ClickKeyword.execute(ClickKeyword.groovy:43)
	at com.kms.katalon.core.keyword.internal.KeywordExecutor.executeKeywordForPlatform(KeywordExecutor.groovy:60)
	at com.kms.katalon.core.webui.keyword.WebUiBuiltInKeywords.click(WebUiBuiltInKeywords.groovy:616)
	at com.kms.katalon.core.webui.keyword.WebUiBuiltInKeywords$click$1.call(Unknown Source)
	at Search.run(Search:23)
	at com.kms.katalon.core.main.ScriptEngine.run(ScriptEngine.java:194)
	at com.kms.katalon.core.main.ScriptEngine.runScriptAsRawText(ScriptEngine.java:119)
	at com.kms.katalon.core.main.TestCaseExecutor.runScript(TestCaseExecutor.java:337)
	at com.kms.katalon.core.main.TestCaseExecutor.doExecute(TestCaseExecutor.java:328)
	at com.kms.katalon.core.main.TestCaseExecutor.processExecutionPhase(TestCaseExecutor.java:307)
	at com.kms.katalon.core.main.TestCaseExecutor.accessMainPhase(TestCaseExecutor.java:299)
	at com.kms.katalon.core.main.TestCaseExecutor.execute(TestCaseExecutor.java:233)
	at com.kms.katalon.core.main.TestCaseMain.runTestCase(TestCaseMain.java:114)
	at com.kms.katalon.core.keyword.builtin.CallTestCaseKeyword$_callTestCase_closure1.doCall(CallTestCaseKeyword.groovy:59)
	... 20 more
Caused by: com.kms.katalon.core.webui.exception.WebElementNotFoundException: Web element with id: 'Object Repository/Christi/Page_Dashboard Admin/span_Manage FAQ' located by 'By.xpath: //span[(text() = 'Manage FAQ' or . = 'Manage FAQ')]' not found
	at com.kms.katalon.core.webui.common.WebUiCommonHelper.findWebElement(WebUiCommonHelper.java:1113)
	at com.kms.katalon.core.webui.keyword.internal.WebUIAbstractKeyword.findWebElement(WebUIAbstractKeyword.groovy:27)
	at com.kms.katalon.core.webui.keyword.internal.WebUIAbstractKeyword.findWebElement(WebUIAbstractKeyword.groovy:26)
	at com.kms.katalon.core.webui.keyword.builtin.ClickKeyword$_click_closure1.doCall(ClickKeyword.groovy:68)
	at com.kms.katalon.core.webui.keyword.builtin.ClickKeyword$_click_closure1.call(ClickKeyword.groovy)
	at com.kms.katalon.core.webui.keyword.internal.WebUIKeywordMain.runKeyword(WebUIKeywordMain.groovy:20)
	... 35 more]]></system-err>
      </testcase>
      <testcase name="Test Cases/Alda/Admin - Manage FAQ/Edit" time="91.767" classname="Test Cases/Alda/Admin - Manage FAQ/Edit" status="PASSED">
         <system-out><![CDATA[2020-06-17 18:28:56 - [TEST_CASE][PASSED] - Test Cases/Alda/Admin - Manage FAQ/Edit: Test Cases/Alda/Admin - Manage FAQ/Edit

2020-06-17 18:28:56 - [TEST_STEP][PASSED] - callTestCase(findTestCase("Alda/Admin - Manage FAQ/Search"), ["var_search":var_search, "expected_output":""], STOP_ON_FAILURE): Call Test Case 'Test Cases/Alda/Admin - Manage FAQ/Search' successfully

2020-06-17 18:28:57 - [TEST_CASE][PASSED] - Test Cases/Alda/Admin - Manage FAQ/Search: Test Cases/Alda/Admin - Manage FAQ/Search

2020-06-17 18:28:57 - [TEST_STEP][PASSED] - callTestCase(findTestCase("Christi/Admin/admin login"), ["username":"11666", "password":"Password3"], STOP_ON_FAILURE): Call Test Case 'Test Cases/Christi/Admin/admin login' successfully

2020-06-17 18:28:57 - [TEST_CASE][PASSED] - Test Cases/Christi/Admin/admin login: Test Cases/Christi/Admin/admin login

2020-06-17 18:28:57 - [TEST_STEP][PASSED] - openBrowser(""): Browser is opened with url: ''

2020-06-17 18:28:57 - [MESSAGE][WARNING] - A browser is already opened. Closing browser and opening a new one

2020-06-17 18:28:58 - [MESSAGE][INFO] - Starting 'Chrome' driver

2020-06-17 18:29:01 - [MESSAGE][PASSED] - Browser is opened with url: ''

2020-06-17 18:29:01 - [TEST_STEP][PASSED] - navigateToUrl("https://appsrv1.deltadatamandiri.com/ACC_LMS_WEB/#/admNLmn"): Navigate to 'https://appsrv1.deltadatamandiri.com/ACC_LMS_WEB/#/admNLmn' successfully

2020-06-17 18:29:33 - [MESSAGE][PASSED] - Navigate to 'https://appsrv1.deltadatamandiri.com/ACC_LMS_WEB/#/admNLmn' successfully

2020-06-17 18:29:33 - [TEST_STEP][PASSED] - click(findTestObject("Christi/Page_Main/button_login")): Object: 'Object Repository/Christi/Page_Main/button_login' is clicked on

2020-06-17 18:29:40 - [MESSAGE][ERROR] - javascript error: Failed to execute 'elementsFromPoint' on 'Document': The provided double value is non-finite.
  (Session info: chrome=83.0.4103.106)
Build info: version: '3.141.59', revision: 'e82be7d358', time: '2018-11-14T08:25:53'
System info: host: 'LAPTOP-D0TPACJ1', ip: '192.168.100.227', os.name: 'Windows 10', os.arch: 'amd64', os.version: '10.0', java.version: '1.8.0_181'
Driver info: com.kms.katalon.selenium.driver.CChromeDriver
Capabilities {acceptInsecureCerts: false, browserName: chrome, browserVersion: 83.0.4103.106, chrome: {chromedriverVersion: 83.0.4103.39 (ccbf011cb2d2b..., userDataDir: C:\Users\ASUS\AppData\Local...}, goog:chromeOptions: {debuggerAddress: localhost:63127}, javascriptEnabled: true, networkConnectionEnabled: false, pageLoadStrategy: normal, platform: WINDOWS, platformName: WINDOWS, proxy: Proxy(), setWindowRect: true, strictFileInteractability: false, timeouts: {implicit: 0, pageLoad: 300000, script: 30000}, unhandledPromptBehavior: dismiss and notify, webauthn:virtualAuthenticators: true}
Session ID: e384e1bdb5c45448206203254c24c38a

2020-06-17 18:29:41 - [MESSAGE][PASSED] - Object: 'Object Repository/Christi/Page_Main/button_login' is clicked on

2020-06-17 18:29:41 - [TEST_STEP][PASSED] - delay(3): Delayed 3 second(s)

2020-06-17 18:29:44 - [MESSAGE][PASSED] - Delayed 3 second(s)

2020-06-17 18:29:44 - [TEST_STEP][PASSED] - setText(findTestObject("Object Repository/Christi/Page_Main/input_NPK_username"), username): Text '11666' is set on object 'Object Repository/Christi/Page_Main/input_NPK_username'

2020-06-17 18:29:44 - [MESSAGE][PASSED] - Text '11666' is set on object 'Object Repository/Christi/Page_Main/input_NPK_username'

2020-06-17 18:29:44 - [TEST_STEP][PASSED] - setText(findTestObject("Object Repository/Christi/Page_Main/input_Password_password"), password): Text 'Password3' is set on object 'Object Repository/Christi/Page_Main/input_Password_password'

2020-06-17 18:29:45 - [MESSAGE][PASSED] - Text 'Password3' is set on object 'Object Repository/Christi/Page_Main/input_Password_password'

2020-06-17 18:29:45 - [TEST_STEP][PASSED] - delay(5): Delayed 5 second(s)

2020-06-17 18:29:50 - [MESSAGE][PASSED] - Delayed 5 second(s)

2020-06-17 18:29:50 - [TEST_STEP][PASSED] - click(findTestObject("Rizka/Admin/Admin - Login/btnLogin2")): Object: 'Object Repository/Rizka/Admin/Admin - Login/btnLogin2' is clicked on

2020-06-17 18:29:51 - [MESSAGE][PASSED] - Object: 'Object Repository/Rizka/Admin/Admin - Login/btnLogin2' is clicked on

2020-06-17 18:29:51 - [TEST_STEP][PASSED] - delay(5): Delayed 5 second(s)

2020-06-17 18:29:56 - [MESSAGE][PASSED] - Delayed 5 second(s)

2020-06-17 18:29:56 - [MESSAGE][PASSED] - Call Test Case 'Test Cases/Christi/Admin/admin login' successfully

2020-06-17 18:29:56 - [TEST_STEP][PASSED] - delay(5): Delayed 5 second(s)

2020-06-17 18:30:01 - [MESSAGE][PASSED] - Delayed 5 second(s)

2020-06-17 18:30:01 - [TEST_STEP][PASSED] - click(findTestObject("Christi/Page_Dashboard Admin/span_Manage FAQ")): Object: 'Object Repository/Christi/Page_Dashboard Admin/span_Manage FAQ' is clicked on

2020-06-17 18:30:05 - [MESSAGE][PASSED] - Object: 'Object Repository/Christi/Page_Dashboard Admin/span_Manage FAQ' is clicked on

2020-06-17 18:30:05 - [TEST_STEP][PASSED] - click(findTestObject("Alda/Admin - Manage FAQ/Page_Manage Faq/input_search")): Object: 'Object Repository/Alda/Admin - Manage FAQ/Page_Manage Faq/input_search' is clicked on

2020-06-17 18:30:07 - [MESSAGE][PASSED] - Object: 'Object Repository/Alda/Admin - Manage FAQ/Page_Manage Faq/input_search' is clicked on

2020-06-17 18:30:07 - [TEST_STEP][PASSED] - setText(findTestObject("Alda/Admin - Manage FAQ/Page_Manage Faq/input_search"), var_search): Text 'question 6 adalah?' is set on object 'Object Repository/Alda/Admin - Manage FAQ/Page_Manage Faq/input_search'

2020-06-17 18:30:10 - [MESSAGE][PASSED] - Text 'question 6 adalah?' is set on object 'Object Repository/Alda/Admin - Manage FAQ/Page_Manage Faq/input_search'

2020-06-17 18:30:10 - [TEST_STEP][PASSED] - click(findTestObject("Christi/Page_Manage Faq/button_Clear button_app-search-button wi wi-search"), STOP_ON_FAILURE): Object: 'Object Repository/Christi/Page_Manage Faq/button_Clear button_app-search-button wi wi-search' is clicked on

2020-06-17 18:30:10 - [MESSAGE][PASSED] - Object: 'Object Repository/Christi/Page_Manage Faq/button_Clear button_app-search-button wi wi-search' is clicked on

2020-06-17 18:30:10 - [TEST_STEP][PASSED] - if (expected_output == "found"): null

2020-06-17 18:30:10 - [MESSAGE][PASSED] - Call Test Case 'Test Cases/Alda/Admin - Manage FAQ/Search' successfully

2020-06-17 18:30:10 - [TEST_STEP][PASSED] - delay(5): Delayed 5 second(s)

2020-06-17 18:30:15 - [MESSAGE][PASSED] - Delayed 5 second(s)

2020-06-17 18:30:15 - [TEST_STEP][PASSED] - click(findTestObject("Alda/Admin - Manage FAQ/Page_Manage Faq/btn_edit")): Object: 'Object Repository/Alda/Admin - Manage FAQ/Page_Manage Faq/btn_edit' is clicked on

2020-06-17 18:30:16 - [MESSAGE][PASSED] - Object: 'Object Repository/Alda/Admin - Manage FAQ/Page_Manage Faq/btn_edit' is clicked on

2020-06-17 18:30:16 - [TEST_STEP][PASSED] - verifyElementVisible(findTestObject("Object Repository/Alda/Admin - Manage FAQ/Page_Manage Faq/header_edit_page")): Object 'Object Repository/Alda/Admin - Manage FAQ/Page_Manage Faq/header_edit_page' is visible

2020-06-17 18:30:24 - [MESSAGE][PASSED] - Object 'Object Repository/Alda/Admin - Manage FAQ/Page_Manage Faq/header_edit_page' is visible

2020-06-17 18:30:24 - [TEST_STEP][PASSED] - switch (opsi_edit): null

2020-06-17 18:30:24 - [TEST_STEP][PASSED] - case "picture_only":: null

2020-06-17 18:30:24 - [TEST_STEP][PASSED] - uploadFile(findTestObject("Alda/Admin - Manage FAQ/Page_Manage Faq/edit_gambar"), var_gambar_new): File 'C:\Users\ASUS\git\LearningManagementWebs\gambar_edit_alda.jpg' sent to object: 'Object Repository/Alda/Admin - Manage FAQ/Page_Manage Faq/edit_gambar'

2020-06-17 18:30:24 - [MESSAGE][PASSED] - File 'C:\Users\ASUS\git\LearningManagementWebs\gambar_edit_alda.jpg' sent to object: 'Object Repository/Alda/Admin - Manage FAQ/Page_Manage Faq/edit_gambar'

2020-06-17 18:30:24 - [TEST_STEP][PASSED] - if (expected_image == "success"): Delayed 2 second(s)

2020-06-17 18:30:24 - [TEST_STEP][NOT_RUN] - verifyElementVisible(findTestObject("Object Repository/Alda/Admin - Manage FAQ/Page_Manage Faq/alert_success_upload_image")): NOT_RUN: verifyElementVisible(findTestObject("Object Repository/Alda/Admin - Manage FAQ/Page_Manage Faq/alert_success_upload_image"))

2020-06-17 18:30:24 - [MESSAGE][NOT_RUN] - NOT_RUN: verifyElementVisible(findTestObject("Object Repository/Alda/Admin - Manage FAQ/Page_Manage Faq/alert_success_upload_image"))

2020-06-17 18:30:24 - [TEST_STEP][PASSED] - delay(2): Delayed 2 second(s)

2020-06-17 18:30:26 - [MESSAGE][PASSED] - Delayed 2 second(s)

2020-06-17 18:30:26 - [TEST_STEP][PASSED] - break: null

2020-06-17 18:30:26 - [TEST_STEP][PASSED] - switch (expected_output): null

2020-06-17 18:30:26 - [TEST_STEP][PASSED] - case "pass_image":: null

2020-06-17 18:30:26 - [TEST_STEP][PASSED] - verifyElementVisible(findTestObject("Alda/Admin - Manage FAQ/Page_Manage Faq/label_search_visible - Copy", ["text":var_search_after_edit])): Object 'Object Repository/Alda/Admin - Manage FAQ/Page_Manage Faq/label_search_visible - Copy' is visible

2020-06-17 18:30:27 - [MESSAGE][PASSED] - Object 'Object Repository/Alda/Admin - Manage FAQ/Page_Manage Faq/label_search_visible - Copy' is visible

2020-06-17 18:30:27 - [TEST_STEP][PASSED] - click(findTestObject("Object Repository/Alda/Admin - Manage FAQ/Page_Manage Faq/btn_save_edit")): Object: 'Object Repository/Alda/Admin - Manage FAQ/Page_Manage Faq/btn_save_edit' is clicked on

2020-06-17 18:30:27 - [MESSAGE][PASSED] - Object: 'Object Repository/Alda/Admin - Manage FAQ/Page_Manage Faq/btn_save_edit' is clicked on

2020-06-17 18:30:27 - [TEST_STEP][PASSED] - break: null

2020-06-17 18:30:27 - [TEST_STEP][PASSED] - closeBrowser(): Browser is closed

2020-06-17 18:30:28 - [MESSAGE][PASSED] - Browser is closed]]></system-out>
         <system-err><![CDATA[]]></system-err>
      </testcase>
      <testcase name="Test Cases/Alda/Admin - Manage FAQ/Edit" time="131.369" classname="Test Cases/Alda/Admin - Manage FAQ/Edit" status="FAILED">
         <failure type="FAILED" message="Test Cases/Alda/Admin - Manage FAQ/Edit FAILED.
Reason:
com.kms.katalon.core.exception.StepFailedException: Unable to verify object 'Object Repository/Alda/Admin - Manage FAQ/Page_Manage Faq/alert_error_upload_image' is visible
	at com.kms.katalon.core.webui.keyword.internal.WebUIKeywordMain.stepFailed(WebUIKeywordMain.groovy:64)
	at com.kms.katalon.core.webui.keyword.internal.WebUIKeywordMain.runKeyword(WebUIKeywordMain.groovy:26)
	at com.kms.katalon.core.webui.keyword.builtin.VerifyElementVisibleKeyword.verifyElementVisible(VerifyElementVisibleKeyword.groovy:97)
	at com.kms.katalon.core.webui.keyword.builtin.VerifyElementVisibleKeyword.execute(VerifyElementVisibleKeyword.groovy:67)
	at com.kms.katalon.core.keyword.internal.KeywordExecutor.executeKeywordForPlatform(KeywordExecutor.groovy:60)
	at com.kms.katalon.core.webui.keyword.WebUiBuiltInKeywords.verifyElementVisible(WebUiBuiltInKeywords.groovy:372)
	at com.kms.katalon.core.webui.keyword.WebUiBuiltInKeywords$verifyElementVisible$4.call(Unknown Source)
	at Edit.run(Edit:81)
	at com.kms.katalon.core.main.ScriptEngine.run(ScriptEngine.java:194)
	at com.kms.katalon.core.main.ScriptEngine.runScriptAsRawText(ScriptEngine.java:119)
	at com.kms.katalon.core.main.TestCaseExecutor.runScript(TestCaseExecutor.java:337)
	at com.kms.katalon.core.main.TestCaseExecutor.doExecute(TestCaseExecutor.java:328)
	at com.kms.katalon.core.main.TestCaseExecutor.processExecutionPhase(TestCaseExecutor.java:307)
	at com.kms.katalon.core.main.TestCaseExecutor.accessMainPhase(TestCaseExecutor.java:299)
	at com.kms.katalon.core.main.TestCaseExecutor.execute(TestCaseExecutor.java:233)
	at com.kms.katalon.core.main.TestSuiteExecutor.accessTestCaseMainPhase(TestSuiteExecutor.java:169)
	at com.kms.katalon.core.main.TestSuiteExecutor.accessTestSuiteMainPhase(TestSuiteExecutor.java:142)
	at com.kms.katalon.core.main.TestSuiteExecutor.execute(TestSuiteExecutor.java:91)
	at com.kms.katalon.core.main.TestCaseMain.startTestSuite(TestCaseMain.java:157)
	at com.kms.katalon.core.main.TestCaseMain$startTestSuite$0.call(Unknown Source)
	at TempTestSuite1592392224239.run(TempTestSuite1592392224239.groovy:36)
Caused by: com.kms.katalon.core.exception.StepFailedException: Web element with id: 'Object Repository/Alda/Admin - Manage FAQ/Page_Manage Faq/alert_error_upload_image' located by 'By.xpath: //div[@id='toast-container']/div' not found
	at com.kms.katalon.core.webui.keyword.internal.WebUIKeywordMain.stepFailed(WebUIKeywordMain.groovy:64)
	at com.kms.katalon.core.webui.keyword.builtin.VerifyElementVisibleKeyword$_verifyElementVisible_closure1.doCall(VerifyElementVisibleKeyword.groovy:89)
	at com.kms.katalon.core.webui.keyword.builtin.VerifyElementVisibleKeyword$_verifyElementVisible_closure1.call(VerifyElementVisibleKeyword.groovy)
	at com.kms.katalon.core.webui.keyword.internal.WebUIKeywordMain.runKeyword(WebUIKeywordMain.groovy:20)
	... 19 more
"/>
         <system-out><![CDATA[2020-06-17 18:30:28 - [TEST_CASE][FAILED] - Test Cases/Alda/Admin - Manage FAQ/Edit: Test Cases/Alda/Admin - Manage FAQ/Edit FAILED.
Reason:
com.kms.katalon.core.exception.StepFailedException: Unable to verify object 'Object Repository/Alda/Admin - Manage FAQ/Page_Manage Faq/alert_error_upload_image' is visible
	at com.kms.katalon.core.webui.keyword.internal.WebUIKeywordMain.stepFailed(WebUIKeywordMain.groovy:64)
	at com.kms.katalon.core.webui.keyword.internal.WebUIKeywordMain.runKeyword(WebUIKeywordMain.groovy:26)
	at com.kms.katalon.core.webui.keyword.builtin.VerifyElementVisibleKeyword.verifyElementVisible(VerifyElementVisibleKeyword.groovy:97)
	at com.kms.katalon.core.webui.keyword.builtin.VerifyElementVisibleKeyword.execute(VerifyElementVisibleKeyword.groovy:67)
	at com.kms.katalon.core.keyword.internal.KeywordExecutor.executeKeywordForPlatform(KeywordExecutor.groovy:60)
	at com.kms.katalon.core.webui.keyword.WebUiBuiltInKeywords.verifyElementVisible(WebUiBuiltInKeywords.groovy:372)
	at com.kms.katalon.core.webui.keyword.WebUiBuiltInKeywords$verifyElementVisible$4.call(Unknown Source)
	at Edit.run(Edit:81)
	at com.kms.katalon.core.main.ScriptEngine.run(ScriptEngine.java:194)
	at com.kms.katalon.core.main.ScriptEngine.runScriptAsRawText(ScriptEngine.java:119)
	at com.kms.katalon.core.main.TestCaseExecutor.runScript(TestCaseExecutor.java:337)
	at com.kms.katalon.core.main.TestCaseExecutor.doExecute(TestCaseExecutor.java:328)
	at com.kms.katalon.core.main.TestCaseExecutor.processExecutionPhase(TestCaseExecutor.java:307)
	at com.kms.katalon.core.main.TestCaseExecutor.accessMainPhase(TestCaseExecutor.java:299)
	at com.kms.katalon.core.main.TestCaseExecutor.execute(TestCaseExecutor.java:233)
	at com.kms.katalon.core.main.TestSuiteExecutor.accessTestCaseMainPhase(TestSuiteExecutor.java:169)
	at com.kms.katalon.core.main.TestSuiteExecutor.accessTestSuiteMainPhase(TestSuiteExecutor.java:142)
	at com.kms.katalon.core.main.TestSuiteExecutor.execute(TestSuiteExecutor.java:91)
	at com.kms.katalon.core.main.TestCaseMain.startTestSuite(TestCaseMain.java:157)
	at com.kms.katalon.core.main.TestCaseMain$startTestSuite$0.call(Unknown Source)
	at TempTestSuite1592392224239.run(TempTestSuite1592392224239.groovy:36)
Caused by: com.kms.katalon.core.exception.StepFailedException: Web element with id: 'Object Repository/Alda/Admin - Manage FAQ/Page_Manage Faq/alert_error_upload_image' located by 'By.xpath: //div[@id='toast-container']/div' not found
	at com.kms.katalon.core.webui.keyword.internal.WebUIKeywordMain.stepFailed(WebUIKeywordMain.groovy:64)
	at com.kms.katalon.core.webui.keyword.builtin.VerifyElementVisibleKeyword$_verifyElementVisible_closure1.doCall(VerifyElementVisibleKeyword.groovy:89)
	at com.kms.katalon.core.webui.keyword.builtin.VerifyElementVisibleKeyword$_verifyElementVisible_closure1.call(VerifyElementVisibleKeyword.groovy)
	at com.kms.katalon.core.webui.keyword.internal.WebUIKeywordMain.runKeyword(WebUIKeywordMain.groovy:20)
	... 19 more


2020-06-17 18:30:28 - [TEST_STEP][PASSED] - callTestCase(findTestCase("Alda/Admin - Manage FAQ/Search"), ["var_search":var_search, "expected_output":""], STOP_ON_FAILURE): Call Test Case 'Test Cases/Alda/Admin - Manage FAQ/Search' successfully

2020-06-17 18:30:28 - [TEST_CASE][PASSED] - Test Cases/Alda/Admin - Manage FAQ/Search: Test Cases/Alda/Admin - Manage FAQ/Search

2020-06-17 18:30:28 - [TEST_STEP][PASSED] - callTestCase(findTestCase("Christi/Admin/admin login"), ["username":"11666", "password":"Password3"], STOP_ON_FAILURE): Call Test Case 'Test Cases/Christi/Admin/admin login' successfully

2020-06-17 18:30:28 - [TEST_CASE][PASSED] - Test Cases/Christi/Admin/admin login: Test Cases/Christi/Admin/admin login

2020-06-17 18:30:28 - [TEST_STEP][PASSED] - openBrowser(""): Browser is opened with url: ''

2020-06-17 18:30:28 - [MESSAGE][INFO] - Starting 'Chrome' driver

2020-06-17 18:30:32 - [MESSAGE][PASSED] - Browser is opened with url: ''

2020-06-17 18:30:32 - [TEST_STEP][PASSED] - navigateToUrl("https://appsrv1.deltadatamandiri.com/ACC_LMS_WEB/#/admNLmn"): Navigate to 'https://appsrv1.deltadatamandiri.com/ACC_LMS_WEB/#/admNLmn' successfully

2020-06-17 18:30:58 - [MESSAGE][PASSED] - Navigate to 'https://appsrv1.deltadatamandiri.com/ACC_LMS_WEB/#/admNLmn' successfully

2020-06-17 18:30:58 - [TEST_STEP][PASSED] - click(findTestObject("Christi/Page_Main/button_login")): Object: 'Object Repository/Christi/Page_Main/button_login' is clicked on

2020-06-17 18:31:05 - [MESSAGE][ERROR] - javascript error: Failed to execute 'elementsFromPoint' on 'Document': The provided double value is non-finite.
  (Session info: chrome=83.0.4103.106)
Build info: version: '3.141.59', revision: 'e82be7d358', time: '2018-11-14T08:25:53'
System info: host: 'LAPTOP-D0TPACJ1', ip: '192.168.100.227', os.name: 'Windows 10', os.arch: 'amd64', os.version: '10.0', java.version: '1.8.0_181'
Driver info: com.kms.katalon.selenium.driver.CChromeDriver
Capabilities {acceptInsecureCerts: false, browserName: chrome, browserVersion: 83.0.4103.106, chrome: {chromedriverVersion: 83.0.4103.39 (ccbf011cb2d2b..., userDataDir: C:\Users\ASUS\AppData\Local...}, goog:chromeOptions: {debuggerAddress: localhost:63214}, javascriptEnabled: true, networkConnectionEnabled: false, pageLoadStrategy: normal, platform: WINDOWS, platformName: WINDOWS, proxy: Proxy(), setWindowRect: true, strictFileInteractability: false, timeouts: {implicit: 0, pageLoad: 300000, script: 30000}, unhandledPromptBehavior: dismiss and notify, webauthn:virtualAuthenticators: true}
Session ID: b77b97d8dba53e7fbe7b590e92a8ee04

2020-06-17 18:31:06 - [MESSAGE][PASSED] - Object: 'Object Repository/Christi/Page_Main/button_login' is clicked on

2020-06-17 18:31:06 - [TEST_STEP][PASSED] - delay(3): Delayed 3 second(s)

2020-06-17 18:31:09 - [MESSAGE][PASSED] - Delayed 3 second(s)

2020-06-17 18:31:09 - [TEST_STEP][PASSED] - setText(findTestObject("Object Repository/Christi/Page_Main/input_NPK_username"), username): Text '11666' is set on object 'Object Repository/Christi/Page_Main/input_NPK_username'

2020-06-17 18:31:09 - [MESSAGE][PASSED] - Text '11666' is set on object 'Object Repository/Christi/Page_Main/input_NPK_username'

2020-06-17 18:31:09 - [TEST_STEP][PASSED] - setText(findTestObject("Object Repository/Christi/Page_Main/input_Password_password"), password): Text 'Password3' is set on object 'Object Repository/Christi/Page_Main/input_Password_password'

2020-06-17 18:31:10 - [MESSAGE][PASSED] - Text 'Password3' is set on object 'Object Repository/Christi/Page_Main/input_Password_password'

2020-06-17 18:31:10 - [TEST_STEP][PASSED] - delay(5): Delayed 5 second(s)

2020-06-17 18:31:15 - [MESSAGE][PASSED] - Delayed 5 second(s)

2020-06-17 18:31:15 - [TEST_STEP][PASSED] - click(findTestObject("Rizka/Admin/Admin - Login/btnLogin2")): Object: 'Object Repository/Rizka/Admin/Admin - Login/btnLogin2' is clicked on

2020-06-17 18:31:15 - [MESSAGE][PASSED] - Object: 'Object Repository/Rizka/Admin/Admin - Login/btnLogin2' is clicked on

2020-06-17 18:31:15 - [TEST_STEP][PASSED] - delay(5): Delayed 5 second(s)

2020-06-17 18:31:20 - [MESSAGE][PASSED] - Delayed 5 second(s)

2020-06-17 18:31:20 - [MESSAGE][PASSED] - Call Test Case 'Test Cases/Christi/Admin/admin login' successfully

2020-06-17 18:31:20 - [TEST_STEP][PASSED] - delay(5): Delayed 5 second(s)

2020-06-17 18:31:25 - [MESSAGE][PASSED] - Delayed 5 second(s)

2020-06-17 18:31:25 - [TEST_STEP][PASSED] - click(findTestObject("Christi/Page_Dashboard Admin/span_Manage FAQ")): Object: 'Object Repository/Christi/Page_Dashboard Admin/span_Manage FAQ' is clicked on

2020-06-17 18:31:26 - [MESSAGE][PASSED] - Object: 'Object Repository/Christi/Page_Dashboard Admin/span_Manage FAQ' is clicked on

2020-06-17 18:31:26 - [TEST_STEP][PASSED] - click(findTestObject("Alda/Admin - Manage FAQ/Page_Manage Faq/input_search")): Object: 'Object Repository/Alda/Admin - Manage FAQ/Page_Manage Faq/input_search' is clicked on

2020-06-17 18:31:28 - [MESSAGE][PASSED] - Object: 'Object Repository/Alda/Admin - Manage FAQ/Page_Manage Faq/input_search' is clicked on

2020-06-17 18:31:28 - [TEST_STEP][PASSED] - setText(findTestObject("Alda/Admin - Manage FAQ/Page_Manage Faq/input_search"), var_search): Text 'question 6 adalah?' is set on object 'Object Repository/Alda/Admin - Manage FAQ/Page_Manage Faq/input_search'

2020-06-17 18:31:30 - [MESSAGE][PASSED] - Text 'question 6 adalah?' is set on object 'Object Repository/Alda/Admin - Manage FAQ/Page_Manage Faq/input_search'

2020-06-17 18:31:30 - [TEST_STEP][PASSED] - click(findTestObject("Christi/Page_Manage Faq/button_Clear button_app-search-button wi wi-search"), STOP_ON_FAILURE): Object: 'Object Repository/Christi/Page_Manage Faq/button_Clear button_app-search-button wi wi-search' is clicked on

2020-06-17 18:31:31 - [MESSAGE][PASSED] - Object: 'Object Repository/Christi/Page_Manage Faq/button_Clear button_app-search-button wi wi-search' is clicked on

2020-06-17 18:31:31 - [TEST_STEP][PASSED] - if (expected_output == "found"): null

2020-06-17 18:31:31 - [MESSAGE][PASSED] - Call Test Case 'Test Cases/Alda/Admin - Manage FAQ/Search' successfully

2020-06-17 18:31:31 - [TEST_STEP][PASSED] - delay(5): Delayed 5 second(s)

2020-06-17 18:31:36 - [MESSAGE][PASSED] - Delayed 5 second(s)

2020-06-17 18:31:36 - [TEST_STEP][PASSED] - click(findTestObject("Alda/Admin - Manage FAQ/Page_Manage Faq/btn_edit")): Object: 'Object Repository/Alda/Admin - Manage FAQ/Page_Manage Faq/btn_edit' is clicked on

2020-06-17 18:31:36 - [MESSAGE][PASSED] - Object: 'Object Repository/Alda/Admin - Manage FAQ/Page_Manage Faq/btn_edit' is clicked on

2020-06-17 18:31:36 - [TEST_STEP][PASSED] - verifyElementVisible(findTestObject("Object Repository/Alda/Admin - Manage FAQ/Page_Manage Faq/header_edit_page")): Object 'Object Repository/Alda/Admin - Manage FAQ/Page_Manage Faq/header_edit_page' is visible

2020-06-17 18:31:44 - [MESSAGE][PASSED] - Object 'Object Repository/Alda/Admin - Manage FAQ/Page_Manage Faq/header_edit_page' is visible

2020-06-17 18:31:44 - [TEST_STEP][FAILED] - switch (opsi_edit): Unable to verify object 'Object Repository/Alda/Admin - Manage FAQ/Page_Manage Faq/alert_error_upload_image' is visible (Root cause: com.kms.katalon.core.exception.StepFailedException: Unable to verify object 'Object Repository/Alda/Admin - Manage FAQ/Page_Manage Faq/alert_error_upload_image' is visible
	at com.kms.katalon.core.webui.keyword.internal.WebUIKeywordMain.stepFailed(WebUIKeywordMain.groovy:64)
	at com.kms.katalon.core.webui.keyword.internal.WebUIKeywordMain.runKeyword(WebUIKeywordMain.groovy:26)
	at com.kms.katalon.core.webui.keyword.builtin.VerifyElementVisibleKeyword.verifyElementVisible(VerifyElementVisibleKeyword.groovy:97)
	at com.kms.katalon.core.webui.keyword.builtin.VerifyElementVisibleKeyword.execute(VerifyElementVisibleKeyword.groovy:67)
	at com.kms.katalon.core.keyword.internal.KeywordExecutor.executeKeywordForPlatform(KeywordExecutor.groovy:60)
	at com.kms.katalon.core.webui.keyword.WebUiBuiltInKeywords.verifyElementVisible(WebUiBuiltInKeywords.groovy:372)
	at com.kms.katalon.core.webui.keyword.WebUiBuiltInKeywords$verifyElementVisible$4.call(Unknown Source)
	at Edit.run(Edit:81)
	at com.kms.katalon.core.main.ScriptEngine.run(ScriptEngine.java:194)
	at com.kms.katalon.core.main.ScriptEngine.runScriptAsRawText(ScriptEngine.java:119)
	at com.kms.katalon.core.main.TestCaseExecutor.runScript(TestCaseExecutor.java:337)
	at com.kms.katalon.core.main.TestCaseExecutor.doExecute(TestCaseExecutor.java:328)
	at com.kms.katalon.core.main.TestCaseExecutor.processExecutionPhase(TestCaseExecutor.java:307)
	at com.kms.katalon.core.main.TestCaseExecutor.accessMainPhase(TestCaseExecutor.java:299)
	at com.kms.katalon.core.main.TestCaseExecutor.execute(TestCaseExecutor.java:233)
	at com.kms.katalon.core.main.TestSuiteExecutor.accessTestCaseMainPhase(TestSuiteExecutor.java:169)
	at com.kms.katalon.core.main.TestSuiteExecutor.accessTestSuiteMainPhase(TestSuiteExecutor.java:142)
	at com.kms.katalon.core.main.TestSuiteExecutor.execute(TestSuiteExecutor.java:91)
	at com.kms.katalon.core.main.TestCaseMain.startTestSuite(TestCaseMain.java:157)
	at com.kms.katalon.core.main.TestCaseMain$startTestSuite$0.call(Unknown Source)
	at TempTestSuite1592392224239.run(TempTestSuite1592392224239.groovy:36)
Caused by: com.kms.katalon.core.exception.StepFailedException: Web element with id: 'Object Repository/Alda/Admin - Manage FAQ/Page_Manage Faq/alert_error_upload_image' located by 'By.xpath: //div[@id='toast-container']/div' not found
	at com.kms.katalon.core.webui.keyword.internal.WebUIKeywordMain.stepFailed(WebUIKeywordMain.groovy:64)
	at com.kms.katalon.core.webui.keyword.builtin.VerifyElementVisibleKeyword$_verifyElementVisible_closure1.doCall(VerifyElementVisibleKeyword.groovy:89)
	at com.kms.katalon.core.webui.keyword.builtin.VerifyElementVisibleKeyword$_verifyElementVisible_closure1.call(VerifyElementVisibleKeyword.groovy)
	at com.kms.katalon.core.webui.keyword.internal.WebUIKeywordMain.runKeyword(WebUIKeywordMain.groovy:20)
	... 19 more
)

2020-06-17 18:31:44 - [TEST_STEP][FAILED] - case "picture_only":: Unable to verify object 'Object Repository/Alda/Admin - Manage FAQ/Page_Manage Faq/alert_error_upload_image' is visible (Root cause: com.kms.katalon.core.exception.StepFailedException: Unable to verify object 'Object Repository/Alda/Admin - Manage FAQ/Page_Manage Faq/alert_error_upload_image' is visible
	at com.kms.katalon.core.webui.keyword.internal.WebUIKeywordMain.stepFailed(WebUIKeywordMain.groovy:64)
	at com.kms.katalon.core.webui.keyword.internal.WebUIKeywordMain.runKeyword(WebUIKeywordMain.groovy:26)
	at com.kms.katalon.core.webui.keyword.builtin.VerifyElementVisibleKeyword.verifyElementVisible(VerifyElementVisibleKeyword.groovy:97)
	at com.kms.katalon.core.webui.keyword.builtin.VerifyElementVisibleKeyword.execute(VerifyElementVisibleKeyword.groovy:67)
	at com.kms.katalon.core.keyword.internal.KeywordExecutor.executeKeywordForPlatform(KeywordExecutor.groovy:60)
	at com.kms.katalon.core.webui.keyword.WebUiBuiltInKeywords.verifyElementVisible(WebUiBuiltInKeywords.groovy:372)
	at com.kms.katalon.core.webui.keyword.WebUiBuiltInKeywords$verifyElementVisible$4.call(Unknown Source)
	at Edit.run(Edit:81)
	at com.kms.katalon.core.main.ScriptEngine.run(ScriptEngine.java:194)
	at com.kms.katalon.core.main.ScriptEngine.runScriptAsRawText(ScriptEngine.java:119)
	at com.kms.katalon.core.main.TestCaseExecutor.runScript(TestCaseExecutor.java:337)
	at com.kms.katalon.core.main.TestCaseExecutor.doExecute(TestCaseExecutor.java:328)
	at com.kms.katalon.core.main.TestCaseExecutor.processExecutionPhase(TestCaseExecutor.java:307)
	at com.kms.katalon.core.main.TestCaseExecutor.accessMainPhase(TestCaseExecutor.java:299)
	at com.kms.katalon.core.main.TestCaseExecutor.execute(TestCaseExecutor.java:233)
	at com.kms.katalon.core.main.TestSuiteExecutor.accessTestCaseMainPhase(TestSuiteExecutor.java:169)
	at com.kms.katalon.core.main.TestSuiteExecutor.accessTestSuiteMainPhase(TestSuiteExecutor.java:142)
	at com.kms.katalon.core.main.TestSuiteExecutor.execute(TestSuiteExecutor.java:91)
	at com.kms.katalon.core.main.TestCaseMain.startTestSuite(TestCaseMain.java:157)
	at com.kms.katalon.core.main.TestCaseMain$startTestSuite$0.call(Unknown Source)
	at TempTestSuite1592392224239.run(TempTestSuite1592392224239.groovy:36)
Caused by: com.kms.katalon.core.exception.StepFailedException: Web element with id: 'Object Repository/Alda/Admin - Manage FAQ/Page_Manage Faq/alert_error_upload_image' located by 'By.xpath: //div[@id='toast-container']/div' not found
	at com.kms.katalon.core.webui.keyword.internal.WebUIKeywordMain.stepFailed(WebUIKeywordMain.groovy:64)
	at com.kms.katalon.core.webui.keyword.builtin.VerifyElementVisibleKeyword$_verifyElementVisible_closure1.doCall(VerifyElementVisibleKeyword.groovy:89)
	at com.kms.katalon.core.webui.keyword.builtin.VerifyElementVisibleKeyword$_verifyElementVisible_closure1.call(VerifyElementVisibleKeyword.groovy)
	at com.kms.katalon.core.webui.keyword.internal.WebUIKeywordMain.runKeyword(WebUIKeywordMain.groovy:20)
	... 19 more
)

2020-06-17 18:31:44 - [TEST_STEP][PASSED] - uploadFile(findTestObject("Alda/Admin - Manage FAQ/Page_Manage Faq/edit_gambar"), var_gambar_new): File 'C:\Users\ASUS\git\LearningManagementWebs\gambar_alda.jpg' sent to object: 'Object Repository/Alda/Admin - Manage FAQ/Page_Manage Faq/edit_gambar'

2020-06-17 18:31:45 - [MESSAGE][PASSED] - File 'C:\Users\ASUS\git\LearningManagementWebs\gambar_alda.jpg' sent to object: 'Object Repository/Alda/Admin - Manage FAQ/Page_Manage Faq/edit_gambar'

2020-06-17 18:31:45 - [TEST_STEP][PASSED] - if (expected_image == "success"): null

2020-06-17 18:31:45 - [TEST_STEP][FAILED] - else if (expected_image == "error"): Unable to verify object 'Object Repository/Alda/Admin - Manage FAQ/Page_Manage Faq/alert_error_upload_image' is visible (Root cause: com.kms.katalon.core.exception.StepFailedException: Unable to verify object 'Object Repository/Alda/Admin - Manage FAQ/Page_Manage Faq/alert_error_upload_image' is visible
	at com.kms.katalon.core.webui.keyword.internal.WebUIKeywordMain.stepFailed(WebUIKeywordMain.groovy:64)
	at com.kms.katalon.core.webui.keyword.internal.WebUIKeywordMain.runKeyword(WebUIKeywordMain.groovy:26)
	at com.kms.katalon.core.webui.keyword.builtin.VerifyElementVisibleKeyword.verifyElementVisible(VerifyElementVisibleKeyword.groovy:97)
	at com.kms.katalon.core.webui.keyword.builtin.VerifyElementVisibleKeyword.execute(VerifyElementVisibleKeyword.groovy:67)
	at com.kms.katalon.core.keyword.internal.KeywordExecutor.executeKeywordForPlatform(KeywordExecutor.groovy:60)
	at com.kms.katalon.core.webui.keyword.WebUiBuiltInKeywords.verifyElementVisible(WebUiBuiltInKeywords.groovy:372)
	at com.kms.katalon.core.webui.keyword.WebUiBuiltInKeywords$verifyElementVisible$4.call(Unknown Source)
	at Edit.run(Edit:81)
	at com.kms.katalon.core.main.ScriptEngine.run(ScriptEngine.java:194)
	at com.kms.katalon.core.main.ScriptEngine.runScriptAsRawText(ScriptEngine.java:119)
	at com.kms.katalon.core.main.TestCaseExecutor.runScript(TestCaseExecutor.java:337)
	at com.kms.katalon.core.main.TestCaseExecutor.doExecute(TestCaseExecutor.java:328)
	at com.kms.katalon.core.main.TestCaseExecutor.processExecutionPhase(TestCaseExecutor.java:307)
	at com.kms.katalon.core.main.TestCaseExecutor.accessMainPhase(TestCaseExecutor.java:299)
	at com.kms.katalon.core.main.TestCaseExecutor.execute(TestCaseExecutor.java:233)
	at com.kms.katalon.core.main.TestSuiteExecutor.accessTestCaseMainPhase(TestSuiteExecutor.java:169)
	at com.kms.katalon.core.main.TestSuiteExecutor.accessTestSuiteMainPhase(TestSuiteExecutor.java:142)
	at com.kms.katalon.core.main.TestSuiteExecutor.execute(TestSuiteExecutor.java:91)
	at com.kms.katalon.core.main.TestCaseMain.startTestSuite(TestCaseMain.java:157)
	at com.kms.katalon.core.main.TestCaseMain$startTestSuite$0.call(Unknown Source)
	at TempTestSuite1592392224239.run(TempTestSuite1592392224239.groovy:36)
Caused by: com.kms.katalon.core.exception.StepFailedException: Web element with id: 'Object Repository/Alda/Admin - Manage FAQ/Page_Manage Faq/alert_error_upload_image' located by 'By.xpath: //div[@id='toast-container']/div' not found
	at com.kms.katalon.core.webui.keyword.internal.WebUIKeywordMain.stepFailed(WebUIKeywordMain.groovy:64)
	at com.kms.katalon.core.webui.keyword.builtin.VerifyElementVisibleKeyword$_verifyElementVisible_closure1.doCall(VerifyElementVisibleKeyword.groovy:89)
	at com.kms.katalon.core.webui.keyword.builtin.VerifyElementVisibleKeyword$_verifyElementVisible_closure1.call(VerifyElementVisibleKeyword.groovy)
	at com.kms.katalon.core.webui.keyword.internal.WebUIKeywordMain.runKeyword(WebUIKeywordMain.groovy:20)
	... 19 more
)

2020-06-17 18:31:45 - [TEST_STEP][FAILED] - verifyElementVisible(findTestObject("Object Repository/Alda/Admin - Manage FAQ/Page_Manage Faq/alert_error_upload_image")): Unable to verify object 'Object Repository/Alda/Admin - Manage FAQ/Page_Manage Faq/alert_error_upload_image' is visible (Root cause: com.kms.katalon.core.exception.StepFailedException: Unable to verify object 'Object Repository/Alda/Admin - Manage FAQ/Page_Manage Faq/alert_error_upload_image' is visible
	at com.kms.katalon.core.webui.keyword.internal.WebUIKeywordMain.stepFailed(WebUIKeywordMain.groovy:64)
	at com.kms.katalon.core.webui.keyword.internal.WebUIKeywordMain.runKeyword(WebUIKeywordMain.groovy:26)
	at com.kms.katalon.core.webui.keyword.builtin.VerifyElementVisibleKeyword.verifyElementVisible(VerifyElementVisibleKeyword.groovy:97)
	at com.kms.katalon.core.webui.keyword.builtin.VerifyElementVisibleKeyword.execute(VerifyElementVisibleKeyword.groovy:67)
	at com.kms.katalon.core.keyword.internal.KeywordExecutor.executeKeywordForPlatform(KeywordExecutor.groovy:60)
	at com.kms.katalon.core.webui.keyword.WebUiBuiltInKeywords.verifyElementVisible(WebUiBuiltInKeywords.groovy:372)
	at com.kms.katalon.core.webui.keyword.WebUiBuiltInKeywords$verifyElementVisible$4.call(Unknown Source)
	at Edit.run(Edit:81)
	at com.kms.katalon.core.main.ScriptEngine.run(ScriptEngine.java:194)
	at com.kms.katalon.core.main.ScriptEngine.runScriptAsRawText(ScriptEngine.java:119)
	at com.kms.katalon.core.main.TestCaseExecutor.runScript(TestCaseExecutor.java:337)
	at com.kms.katalon.core.main.TestCaseExecutor.doExecute(TestCaseExecutor.java:328)
	at com.kms.katalon.core.main.TestCaseExecutor.processExecutionPhase(TestCaseExecutor.java:307)
	at com.kms.katalon.core.main.TestCaseExecutor.accessMainPhase(TestCaseExecutor.java:299)
	at com.kms.katalon.core.main.TestCaseExecutor.execute(TestCaseExecutor.java:233)
	at com.kms.katalon.core.main.TestSuiteExecutor.accessTestCaseMainPhase(TestSuiteExecutor.java:169)
	at com.kms.katalon.core.main.TestSuiteExecutor.accessTestSuiteMainPhase(TestSuiteExecutor.java:142)
	at com.kms.katalon.core.main.TestSuiteExecutor.execute(TestSuiteExecutor.java:91)
	at com.kms.katalon.core.main.TestCaseMain.startTestSuite(TestCaseMain.java:157)
	at com.kms.katalon.core.main.TestCaseMain$startTestSuite$0.call(Unknown Source)
	at TempTestSuite1592392224239.run(TempTestSuite1592392224239.groovy:36)
Caused by: com.kms.katalon.core.exception.StepFailedException: Web element with id: 'Object Repository/Alda/Admin - Manage FAQ/Page_Manage Faq/alert_error_upload_image' located by 'By.xpath: //div[@id='toast-container']/div' not found
	at com.kms.katalon.core.webui.keyword.internal.WebUIKeywordMain.stepFailed(WebUIKeywordMain.groovy:64)
	at com.kms.katalon.core.webui.keyword.builtin.VerifyElementVisibleKeyword$_verifyElementVisible_closure1.doCall(VerifyElementVisibleKeyword.groovy:89)
	at com.kms.katalon.core.webui.keyword.builtin.VerifyElementVisibleKeyword$_verifyElementVisible_closure1.call(VerifyElementVisibleKeyword.groovy)
	at com.kms.katalon.core.webui.keyword.internal.WebUIKeywordMain.runKeyword(WebUIKeywordMain.groovy:20)
	... 19 more
)

2020-06-17 18:32:38 - [MESSAGE][INFO] - Unable to find the element located by 'By.xpath: //div[@id='toast-container']/div'. Please recheck the objects properties to make sure the desired element is located. 

2020-06-17 18:32:39 - [MESSAGE][FAILED] - Web element with id: 'Object Repository/Alda/Admin - Manage FAQ/Page_Manage Faq/alert_error_upload_image' located by 'By.xpath: //div[@id='toast-container']/div' not found (Root cause: com.kms.katalon.core.exception.StepFailedException: Web element with id: 'Object Repository/Alda/Admin - Manage FAQ/Page_Manage Faq/alert_error_upload_image' located by 'By.xpath: //div[@id='toast-container']/div' not found
	at com.kms.katalon.core.webui.keyword.internal.WebUIKeywordMain.stepFailed(WebUIKeywordMain.groovy:64)
	at com.kms.katalon.core.webui.keyword.builtin.VerifyElementVisibleKeyword$_verifyElementVisible_closure1.doCall(VerifyElementVisibleKeyword.groovy:89)
	at com.kms.katalon.core.webui.keyword.builtin.VerifyElementVisibleKeyword$_verifyElementVisible_closure1.call(VerifyElementVisibleKeyword.groovy)
	at com.kms.katalon.core.webui.keyword.internal.WebUIKeywordMain.runKeyword(WebUIKeywordMain.groovy:20)
	at com.kms.katalon.core.webui.keyword.builtin.VerifyElementVisibleKeyword.verifyElementVisible(VerifyElementVisibleKeyword.groovy:97)
	at com.kms.katalon.core.webui.keyword.builtin.VerifyElementVisibleKeyword.execute(VerifyElementVisibleKeyword.groovy:67)
	at com.kms.katalon.core.keyword.internal.KeywordExecutor.executeKeywordForPlatform(KeywordExecutor.groovy:60)
	at com.kms.katalon.core.webui.keyword.WebUiBuiltInKeywords.verifyElementVisible(WebUiBuiltInKeywords.groovy:372)
	at com.kms.katalon.core.webui.keyword.WebUiBuiltInKeywords$verifyElementVisible$4.call(Unknown Source)
	at Edit.run(Edit:81)
	at com.kms.katalon.core.main.ScriptEngine.run(ScriptEngine.java:194)
	at com.kms.katalon.core.main.ScriptEngine.runScriptAsRawText(ScriptEngine.java:119)
	at com.kms.katalon.core.main.TestCaseExecutor.runScript(TestCaseExecutor.java:337)
	at com.kms.katalon.core.main.TestCaseExecutor.doExecute(TestCaseExecutor.java:328)
	at com.kms.katalon.core.main.TestCaseExecutor.processExecutionPhase(TestCaseExecutor.java:307)
	at com.kms.katalon.core.main.TestCaseExecutor.accessMainPhase(TestCaseExecutor.java:299)
	at com.kms.katalon.core.main.TestCaseExecutor.execute(TestCaseExecutor.java:233)
	at com.kms.katalon.core.main.TestSuiteExecutor.accessTestCaseMainPhase(TestSuiteExecutor.java:169)
	at com.kms.katalon.core.main.TestSuiteExecutor.accessTestSuiteMainPhase(TestSuiteExecutor.java:142)
	at com.kms.katalon.core.main.TestSuiteExecutor.execute(TestSuiteExecutor.java:91)
	at com.kms.katalon.core.main.TestCaseMain.startTestSuite(TestCaseMain.java:157)
	at com.kms.katalon.core.main.TestCaseMain$startTestSuite$0.call(Unknown Source)
	at TempTestSuite1592392224239.run(TempTestSuite1592392224239.groovy:36)
)
[[ATTACHMENT|C:\\Users\\ASUS\\git\\LearningManagementWebs\\Reports\\20200617_181024\\Alda\\Admin_Manage FAQ - Edit\\20200617_181024\\1592393558156.png]]

2020-06-17 18:32:40 - [MESSAGE][FAILED] - Unable to verify object 'Object Repository/Alda/Admin - Manage FAQ/Page_Manage Faq/alert_error_upload_image' is visible (Root cause: com.kms.katalon.core.exception.StepFailedException: Unable to verify object 'Object Repository/Alda/Admin - Manage FAQ/Page_Manage Faq/alert_error_upload_image' is visible
	at com.kms.katalon.core.webui.keyword.internal.WebUIKeywordMain.stepFailed(WebUIKeywordMain.groovy:64)
	at com.kms.katalon.core.webui.keyword.internal.WebUIKeywordMain.runKeyword(WebUIKeywordMain.groovy:26)
	at com.kms.katalon.core.webui.keyword.builtin.VerifyElementVisibleKeyword.verifyElementVisible(VerifyElementVisibleKeyword.groovy:97)
	at com.kms.katalon.core.webui.keyword.builtin.VerifyElementVisibleKeyword.execute(VerifyElementVisibleKeyword.groovy:67)
	at com.kms.katalon.core.keyword.internal.KeywordExecutor.executeKeywordForPlatform(KeywordExecutor.groovy:60)
	at com.kms.katalon.core.webui.keyword.WebUiBuiltInKeywords.verifyElementVisible(WebUiBuiltInKeywords.groovy:372)
	at com.kms.katalon.core.webui.keyword.WebUiBuiltInKeywords$verifyElementVisible$4.call(Unknown Source)
	at Edit.run(Edit:81)
	at com.kms.katalon.core.main.ScriptEngine.run(ScriptEngine.java:194)
	at com.kms.katalon.core.main.ScriptEngine.runScriptAsRawText(ScriptEngine.java:119)
	at com.kms.katalon.core.main.TestCaseExecutor.runScript(TestCaseExecutor.java:337)
	at com.kms.katalon.core.main.TestCaseExecutor.doExecute(TestCaseExecutor.java:328)
	at com.kms.katalon.core.main.TestCaseExecutor.processExecutionPhase(TestCaseExecutor.java:307)
	at com.kms.katalon.core.main.TestCaseExecutor.accessMainPhase(TestCaseExecutor.java:299)
	at com.kms.katalon.core.main.TestCaseExecutor.execute(TestCaseExecutor.java:233)
	at com.kms.katalon.core.main.TestSuiteExecutor.accessTestCaseMainPhase(TestSuiteExecutor.java:169)
	at com.kms.katalon.core.main.TestSuiteExecutor.accessTestSuiteMainPhase(TestSuiteExecutor.java:142)
	at com.kms.katalon.core.main.TestSuiteExecutor.execute(TestSuiteExecutor.java:91)
	at com.kms.katalon.core.main.TestCaseMain.startTestSuite(TestCaseMain.java:157)
	at com.kms.katalon.core.main.TestCaseMain$startTestSuite$0.call(Unknown Source)
	at TempTestSuite1592392224239.run(TempTestSuite1592392224239.groovy:36)
Caused by: com.kms.katalon.core.exception.StepFailedException: Web element with id: 'Object Repository/Alda/Admin - Manage FAQ/Page_Manage Faq/alert_error_upload_image' located by 'By.xpath: //div[@id='toast-container']/div' not found
	at com.kms.katalon.core.webui.keyword.internal.WebUIKeywordMain.stepFailed(WebUIKeywordMain.groovy:64)
	at com.kms.katalon.core.webui.keyword.builtin.VerifyElementVisibleKeyword$_verifyElementVisible_closure1.doCall(VerifyElementVisibleKeyword.groovy:89)
	at com.kms.katalon.core.webui.keyword.builtin.VerifyElementVisibleKeyword$_verifyElementVisible_closure1.call(VerifyElementVisibleKeyword.groovy)
	at com.kms.katalon.core.webui.keyword.internal.WebUIKeywordMain.runKeyword(WebUIKeywordMain.groovy:20)
	... 19 more
)
[[ATTACHMENT|C:\\Users\\ASUS\\git\\LearningManagementWebs\\Reports\\20200617_181024\\Alda\\Admin_Manage FAQ - Edit\\20200617_181024\\1592393559289.png]]]]></system-out>
         <system-err><![CDATA[2020-06-17 18:30:28 - [TEST_CASE][FAILED] - Test Cases/Alda/Admin - Manage FAQ/Edit: Test Cases/Alda/Admin - Manage FAQ/Edit FAILED.
Reason:
com.kms.katalon.core.exception.StepFailedException: Unable to verify object 'Object Repository/Alda/Admin - Manage FAQ/Page_Manage Faq/alert_error_upload_image' is visible
	at com.kms.katalon.core.webui.keyword.internal.WebUIKeywordMain.stepFailed(WebUIKeywordMain.groovy:64)
	at com.kms.katalon.core.webui.keyword.internal.WebUIKeywordMain.runKeyword(WebUIKeywordMain.groovy:26)
	at com.kms.katalon.core.webui.keyword.builtin.VerifyElementVisibleKeyword.verifyElementVisible(VerifyElementVisibleKeyword.groovy:97)
	at com.kms.katalon.core.webui.keyword.builtin.VerifyElementVisibleKeyword.execute(VerifyElementVisibleKeyword.groovy:67)
	at com.kms.katalon.core.keyword.internal.KeywordExecutor.executeKeywordForPlatform(KeywordExecutor.groovy:60)
	at com.kms.katalon.core.webui.keyword.WebUiBuiltInKeywords.verifyElementVisible(WebUiBuiltInKeywords.groovy:372)
	at com.kms.katalon.core.webui.keyword.WebUiBuiltInKeywords$verifyElementVisible$4.call(Unknown Source)
	at Edit.run(Edit:81)
	at com.kms.katalon.core.main.ScriptEngine.run(ScriptEngine.java:194)
	at com.kms.katalon.core.main.ScriptEngine.runScriptAsRawText(ScriptEngine.java:119)
	at com.kms.katalon.core.main.TestCaseExecutor.runScript(TestCaseExecutor.java:337)
	at com.kms.katalon.core.main.TestCaseExecutor.doExecute(TestCaseExecutor.java:328)
	at com.kms.katalon.core.main.TestCaseExecutor.processExecutionPhase(TestCaseExecutor.java:307)
	at com.kms.katalon.core.main.TestCaseExecutor.accessMainPhase(TestCaseExecutor.java:299)
	at com.kms.katalon.core.main.TestCaseExecutor.execute(TestCaseExecutor.java:233)
	at com.kms.katalon.core.main.TestSuiteExecutor.accessTestCaseMainPhase(TestSuiteExecutor.java:169)
	at com.kms.katalon.core.main.TestSuiteExecutor.accessTestSuiteMainPhase(TestSuiteExecutor.java:142)
	at com.kms.katalon.core.main.TestSuiteExecutor.execute(TestSuiteExecutor.java:91)
	at com.kms.katalon.core.main.TestCaseMain.startTestSuite(TestCaseMain.java:157)
	at com.kms.katalon.core.main.TestCaseMain$startTestSuite$0.call(Unknown Source)
	at TempTestSuite1592392224239.run(TempTestSuite1592392224239.groovy:36)
Caused by: com.kms.katalon.core.exception.StepFailedException: Web element with id: 'Object Repository/Alda/Admin - Manage FAQ/Page_Manage Faq/alert_error_upload_image' located by 'By.xpath: //div[@id='toast-container']/div' not found
	at com.kms.katalon.core.webui.keyword.internal.WebUIKeywordMain.stepFailed(WebUIKeywordMain.groovy:64)
	at com.kms.katalon.core.webui.keyword.builtin.VerifyElementVisibleKeyword$_verifyElementVisible_closure1.doCall(VerifyElementVisibleKeyword.groovy:89)
	at com.kms.katalon.core.webui.keyword.builtin.VerifyElementVisibleKeyword$_verifyElementVisible_closure1.call(VerifyElementVisibleKeyword.groovy)
	at com.kms.katalon.core.webui.keyword.internal.WebUIKeywordMain.runKeyword(WebUIKeywordMain.groovy:20)
	... 19 more]]></system-err>
      </testcase>
      <system-out><![CDATA[2020-06-17 18:10:48 - [TEST_SUITE][FAILED] - Admin_Manage FAQ - Edit: Test Cases/Alda/Admin - Manage FAQ/Edit FAILED.
Reason:
com.kms.katalon.core.exception.StepFailedException: Unable to verify object 'Object Repository/Alda/Admin - Manage FAQ/Page_Manage Faq/alert_error' is visible
	at com.kms.katalon.core.webui.keyword.internal.WebUIKeywordMain.stepFailed(WebUIKeywordMain.groovy:64)
	at com.kms.katalon.core.webui.keyword.internal.WebUIKeywordMain.runKeyword(WebUIKeywordMain.groovy:26)
	at com.kms.katalon.core.webui.keyword.builtin.VerifyElementVisibleKeyword.verifyElementVisible(VerifyElementVisibleKeyword.groovy:97)
	at com.kms.katalon.core.webui.keyword.builtin.VerifyElementVisibleKeyword.execute(VerifyElementVisibleKeyword.groovy:67)
	at com.kms.katalon.core.keyword.internal.KeywordExecutor.executeKeywordForPlatform(KeywordExecutor.groovy:60)
	at com.kms.katalon.core.webui.keyword.WebUiBuiltInKeywords.verifyElementVisible(WebUiBuiltInKeywords.groovy:372)
	at com.kms.katalon.core.webui.keyword.WebUiBuiltInKeywords$verifyElementVisible$4.call(Unknown Source)
	at Edit.run(Edit:117)
	at com.kms.katalon.core.main.ScriptEngine.run(ScriptEngine.java:194)
	at com.kms.katalon.core.main.ScriptEngine.runScriptAsRawText(ScriptEngine.java:119)
	at com.kms.katalon.core.main.TestCaseExecutor.runScript(TestCaseExecutor.java:337)
	at com.kms.katalon.core.main.TestCaseExecutor.doExecute(TestCaseExecutor.java:328)
	at com.kms.katalon.core.main.TestCaseExecutor.processExecutionPhase(TestCaseExecutor.java:307)
	at com.kms.katalon.core.main.TestCaseExecutor.accessMainPhase(TestCaseExecutor.java:299)
	at com.kms.katalon.core.main.TestCaseExecutor.execute(TestCaseExecutor.java:233)
	at com.kms.katalon.core.main.TestSuiteExecutor.accessTestCaseMainPhase(TestSuiteExecutor.java:169)
	at com.kms.katalon.core.main.TestSuiteExecutor.accessTestSuiteMainPhase(TestSuiteExecutor.java:142)
	at com.kms.katalon.core.main.TestSuiteExecutor.execute(TestSuiteExecutor.java:91)
	at com.kms.katalon.core.main.TestCaseMain.startTestSuite(TestCaseMain.java:157)
	at com.kms.katalon.core.main.TestCaseMain$startTestSuite$0.call(Unknown Source)
	at TempTestSuite1592392224239.run(TempTestSuite1592392224239.groovy:36)
Caused by: com.kms.katalon.core.exception.StepFailedException: Web element with id: 'Object Repository/Alda/Admin - Manage FAQ/Page_Manage Faq/alert_error' located by 'By.xpath: id("ng-app")/modal-container[@class="modal fade in"]/app-page-managefaq[1]/div[@class="modal-dialog app-dialog modal-dialog app-alert-dialog"]/div[@class="modal-content"]/div[@class="app-dialog-header modal-header"]/h4[@class="app-dialog-title modal-title"][count(. | //*[(text() = 'Alert' or . = 'Alert')]) = count(//*[(text() = 'Alert' or . = 'Alert')])]' not found
	at com.kms.katalon.core.webui.keyword.internal.WebUIKeywordMain.stepFailed(WebUIKeywordMain.groovy:64)
	at com.kms.katalon.core.webui.keyword.builtin.VerifyElementVisibleKeyword$_verifyElementVisible_closure1.doCall(VerifyElementVisibleKeyword.groovy:89)
	at com.kms.katalon.core.webui.keyword.builtin.VerifyElementVisibleKeyword$_verifyElementVisible_closure1.call(VerifyElementVisibleKeyword.groovy)
	at com.kms.katalon.core.webui.keyword.internal.WebUIKeywordMain.runKeyword(WebUIKeywordMain.groovy:20)
	... 19 more]]></system-out>
      <system-err><![CDATA[2020-06-17 18:10:48 - [TEST_SUITE][FAILED] - Admin_Manage FAQ - Edit: Test Cases/Alda/Admin - Manage FAQ/Edit FAILED.
Reason:
com.kms.katalon.core.exception.StepFailedException: Unable to verify object 'Object Repository/Alda/Admin - Manage FAQ/Page_Manage Faq/alert_error' is visible
	at com.kms.katalon.core.webui.keyword.internal.WebUIKeywordMain.stepFailed(WebUIKeywordMain.groovy:64)
	at com.kms.katalon.core.webui.keyword.internal.WebUIKeywordMain.runKeyword(WebUIKeywordMain.groovy:26)
	at com.kms.katalon.core.webui.keyword.builtin.VerifyElementVisibleKeyword.verifyElementVisible(VerifyElementVisibleKeyword.groovy:97)
	at com.kms.katalon.core.webui.keyword.builtin.VerifyElementVisibleKeyword.execute(VerifyElementVisibleKeyword.groovy:67)
	at com.kms.katalon.core.keyword.internal.KeywordExecutor.executeKeywordForPlatform(KeywordExecutor.groovy:60)
	at com.kms.katalon.core.webui.keyword.WebUiBuiltInKeywords.verifyElementVisible(WebUiBuiltInKeywords.groovy:372)
	at com.kms.katalon.core.webui.keyword.WebUiBuiltInKeywords$verifyElementVisible$4.call(Unknown Source)
	at Edit.run(Edit:117)
	at com.kms.katalon.core.main.ScriptEngine.run(ScriptEngine.java:194)
	at com.kms.katalon.core.main.ScriptEngine.runScriptAsRawText(ScriptEngine.java:119)
	at com.kms.katalon.core.main.TestCaseExecutor.runScript(TestCaseExecutor.java:337)
	at com.kms.katalon.core.main.TestCaseExecutor.doExecute(TestCaseExecutor.java:328)
	at com.kms.katalon.core.main.TestCaseExecutor.processExecutionPhase(TestCaseExecutor.java:307)
	at com.kms.katalon.core.main.TestCaseExecutor.accessMainPhase(TestCaseExecutor.java:299)
	at com.kms.katalon.core.main.TestCaseExecutor.execute(TestCaseExecutor.java:233)
	at com.kms.katalon.core.main.TestSuiteExecutor.accessTestCaseMainPhase(TestSuiteExecutor.java:169)
	at com.kms.katalon.core.main.TestSuiteExecutor.accessTestSuiteMainPhase(TestSuiteExecutor.java:142)
	at com.kms.katalon.core.main.TestSuiteExecutor.execute(TestSuiteExecutor.java:91)
	at com.kms.katalon.core.main.TestCaseMain.startTestSuite(TestCaseMain.java:157)
	at com.kms.katalon.core.main.TestCaseMain$startTestSuite$0.call(Unknown Source)
	at TempTestSuite1592392224239.run(TempTestSuite1592392224239.groovy:36)
Caused by: com.kms.katalon.core.exception.StepFailedException: Web element with id: 'Object Repository/Alda/Admin - Manage FAQ/Page_Manage Faq/alert_error' located by 'By.xpath: id("ng-app")/modal-container[@class="modal fade in"]/app-page-managefaq[1]/div[@class="modal-dialog app-dialog modal-dialog app-alert-dialog"]/div[@class="modal-content"]/div[@class="app-dialog-header modal-header"]/h4[@class="app-dialog-title modal-title"][count(. | //*[(text() = 'Alert' or . = 'Alert')]) = count(//*[(text() = 'Alert' or . = 'Alert')])]' not found
	at com.kms.katalon.core.webui.keyword.internal.WebUIKeywordMain.stepFailed(WebUIKeywordMain.groovy:64)
	at com.kms.katalon.core.webui.keyword.builtin.VerifyElementVisibleKeyword$_verifyElementVisible_closure1.doCall(VerifyElementVisibleKeyword.groovy:89)
	at com.kms.katalon.core.webui.keyword.builtin.VerifyElementVisibleKeyword$_verifyElementVisible_closure1.call(VerifyElementVisibleKeyword.groovy)
	at com.kms.katalon.core.webui.keyword.internal.WebUIKeywordMain.runKeyword(WebUIKeywordMain.groovy:20)
	... 19 more]]></system-err>
   </testsuite>
</testsuites>
