<?xml version="1.0" encoding="UTF-8"?>
<testsuites name="Admin - Manage Modules" time="223.362" tests="3" failures="0" errors="0">
   <testsuite name="Admin - Manage Modules" tests="3" failures="0" errors="0" time="223.362" timestamp="2020-05-19 15:23:48" hostname="rizkajuliant20 - DESKTOP-NHES7H6" id="Test Suites/Rizka/Admin - Manage Modules">
      <properties>
         <property name="deviceName" value=""/>
         <property name="devicePlatform" value=""/>
         <property name="logFolder" value="D:\\MY WORLD\\WORKS (TUGAS)\\LearningManagementWeb\\Reports\\20200519_152327\\Rizka\\Admin - Manage Modules\\20200519_152327"/>
         <property name="logFiles" value="D:\\MY WORLD\\WORKS (TUGAS)\\LearningManagementWeb\\Reports\\20200519_152327\\Rizka\\Admin - Manage Modules\\20200519_152327\\execution0.log"/>
         <property name="attachments" value=""/>
         <property name="hostName" value="rizkajuliant20 - DESKTOP-NHES7H6"/>
         <property name="os" value="Windows 10 64bit"/>
         <property name="katalonVersion" value="7.2.1.1"/>
         <property name="browser" value="Chrome 81.0.4044.138"/>
         <property name="hostAddress" value="192.168.1.116"/>
         <property name="sessionId" value="d9f61e751471c521b6ab9e0d21ff4410"/>
         <property name="seleniumVersion" value="3.141.59"/>
         <property name="proxyInformation" value="ProxyInformation{proxyOption=NO_PROXY, proxyServerType=HTTP, password=, proxyServerAddress=, proxyServerPort=0, executionList=}"/>
         <property name="platform" value="Windows 10"/>
      </properties>
      <testcase name="Test Cases/Rizka/Admin - Manage Modules" time="75.344" classname="Test Cases/Rizka/Admin - Manage Modules" status="PASSED">
         <system-out><![CDATA[2020-05-19 15:23:50 - [TEST_CASE][PASSED] - Test Cases/Rizka/Admin - Manage Modules: Test Cases/Rizka/Admin - Manage Modules

2020-05-19 15:23:51 - [TEST_STEP][PASSED] - openBrowser(""): Browser is opened with url: ''

2020-05-19 15:23:53 - [MESSAGE][INFO] - Starting 'Chrome' driver

2020-05-19 15:23:53 - [MESSAGE][INFO] - Action delay is set to 0 seconds

2020-05-19 15:24:03 - [MESSAGE][PASSED] - Browser is opened with url: ''

2020-05-19 15:24:03 - [TEST_STEP][PASSED] - navigateToUrl("https://appsrv1.deltadatamandiri.com/ACC_LMS_WEB/#/admNLmn"): Navigate to 'https://appsrv1.deltadatamandiri.com/ACC_LMS_WEB/#/admNLmn' successfully

2020-05-19 15:24:14 - [MESSAGE][PASSED] - Navigate to 'https://appsrv1.deltadatamandiri.com/ACC_LMS_WEB/#/admNLmn' successfully

2020-05-19 15:24:14 - [TEST_STEP][PASSED] - delay(5): Delayed 5 second(s)

2020-05-19 15:24:19 - [MESSAGE][PASSED] - Delayed 5 second(s)

2020-05-19 15:24:19 - [TEST_STEP][PASSED] - click(findTestObject("Rizka/Admin - Login/btnLogin")): Object: 'Object Repository/Rizka/Admin - Login/btnLogin' is clicked on

2020-05-19 15:24:21 - [MESSAGE][PASSED] - Object: 'Object Repository/Rizka/Admin - Login/btnLogin' is clicked on

2020-05-19 15:24:21 - [TEST_STEP][PASSED] - setText(findTestObject("Rizka/Admin - Login/txtUsername"), "11666"): Text '11666' is set on object 'Object Repository/Rizka/Admin - Login/txtUsername'

2020-05-19 15:24:22 - [MESSAGE][PASSED] - Text '11666' is set on object 'Object Repository/Rizka/Admin - Login/txtUsername'

2020-05-19 15:24:22 - [TEST_STEP][PASSED] - setText(findTestObject("Rizka/Admin - Login/txtPassword"), "Password3"): Text 'Password3' is set on object 'Object Repository/Rizka/Admin - Login/txtPassword'

2020-05-19 15:24:23 - [MESSAGE][PASSED] - Text 'Password3' is set on object 'Object Repository/Rizka/Admin - Login/txtPassword'

2020-05-19 15:24:23 - [TEST_STEP][PASSED] - click(findTestObject("Rizka/Admin - Login/btnEyePass")): Object: 'Object Repository/Rizka/Admin - Login/btnEyePass' is clicked on

2020-05-19 15:24:23 - [MESSAGE][PASSED] - Object: 'Object Repository/Rizka/Admin - Login/btnEyePass' is clicked on

2020-05-19 15:24:23 - [TEST_STEP][PASSED] - click(findTestObject("Rizka/Admin - Login/checkboxRememberMe")): Object: 'Object Repository/Rizka/Admin - Login/checkboxRememberMe' is clicked on

2020-05-19 15:24:24 - [MESSAGE][PASSED] - Object: 'Object Repository/Rizka/Admin - Login/checkboxRememberMe' is clicked on

2020-05-19 15:24:24 - [TEST_STEP][PASSED] - click(findTestObject("Rizka/Admin - Login/btnLogin2")): Object: 'Object Repository/Rizka/Admin - Login/btnLogin2' is clicked on

2020-05-19 15:24:24 - [MESSAGE][PASSED] - Object: 'Object Repository/Rizka/Admin - Login/btnLogin2' is clicked on

2020-05-19 15:24:24 - [TEST_STEP][PASSED] - delay(20): Delayed 20 second(s)

2020-05-19 15:24:44 - [MESSAGE][PASSED] - Delayed 20 second(s)

2020-05-19 15:24:44 - [TEST_STEP][PASSED] - click(findTestObject("Rizka/Admin - Manage Modules/btnManageModules")): Object: 'Object Repository/Rizka/Admin - Manage Modules/btnManageModules' is clicked on

2020-05-19 15:24:45 - [MESSAGE][PASSED] - Object: 'Object Repository/Rizka/Admin - Manage Modules/btnManageModules' is clicked on

2020-05-19 15:24:45 - [TEST_STEP][PASSED] - delay(5): Delayed 5 second(s)

2020-05-19 15:24:50 - [MESSAGE][PASSED] - Delayed 5 second(s)

2020-05-19 15:24:50 - [TEST_STEP][PASSED] - setText(findTestObject("Rizka/Admin - Manage Modules/inputSearch"), namaModul): Text 'security testing !@#$%^&*()__+_)' is set on object 'Object Repository/Rizka/Admin - Manage Modules/inputSearch'

2020-05-19 15:24:58 - [MESSAGE][PASSED] - Text 'security testing !@#$%^&*()__+_)' is set on object 'Object Repository/Rizka/Admin - Manage Modules/inputSearch'

2020-05-19 15:24:58 - [TEST_STEP][PASSED] - click(findTestObject("Rizka/Admin - Manage Modules/btnSearch")): Object: 'Object Repository/Rizka/Admin - Manage Modules/btnSearch' is clicked on

2020-05-19 15:24:59 - [MESSAGE][PASSED] - Object: 'Object Repository/Rizka/Admin - Manage Modules/btnSearch' is clicked on

2020-05-19 15:24:59 - [TEST_STEP][PASSED] - delay(5): Delayed 5 second(s)

2020-05-19 15:25:04 - [MESSAGE][PASSED] - Delayed 5 second(s)

2020-05-19 15:25:04 - [TEST_STEP][PASSED] - if (condition == "passed"): Object 'Object Repository/Rizka/Admin - Manage Modules/label_NEOP Teller Cash  PDC dan FAB' is visible

2020-05-19 15:25:04 - [TEST_STEP][PASSED] - verifyElementVisible(findTestObject("Rizka/Admin - Manage Modules/label_NEOP Teller Cash  PDC dan FAB", ["text":namaModul]), STOP_ON_FAILURE): Object 'Object Repository/Rizka/Admin - Manage Modules/label_NEOP Teller Cash  PDC dan FAB' is visible

2020-05-19 15:25:05 - [MESSAGE][PASSED] - Object 'Object Repository/Rizka/Admin - Manage Modules/label_NEOP Teller Cash  PDC dan FAB' is visible]]></system-out>
         <system-err><![CDATA[]]></system-err>
      </testcase>
      <testcase name="Test Cases/Rizka/Admin - Manage Modules" time="76.762" classname="Test Cases/Rizka/Admin - Manage Modules" status="PASSED">
         <system-out><![CDATA[2020-05-19 15:25:05 - [TEST_CASE][PASSED] - Test Cases/Rizka/Admin - Manage Modules: Test Cases/Rizka/Admin - Manage Modules

2020-05-19 15:25:05 - [TEST_STEP][PASSED] - openBrowser(""): Browser is opened with url: ''

2020-05-19 15:25:05 - [MESSAGE][WARNING] - A browser is already opened. Closing browser and opening a new one

2020-05-19 15:25:07 - [MESSAGE][INFO] - Starting 'Chrome' driver

2020-05-19 15:25:12 - [MESSAGE][PASSED] - Browser is opened with url: ''

2020-05-19 15:25:12 - [TEST_STEP][PASSED] - navigateToUrl("https://appsrv1.deltadatamandiri.com/ACC_LMS_WEB/#/admNLmn"): Navigate to 'https://appsrv1.deltadatamandiri.com/ACC_LMS_WEB/#/admNLmn' successfully

2020-05-19 15:25:30 - [MESSAGE][PASSED] - Navigate to 'https://appsrv1.deltadatamandiri.com/ACC_LMS_WEB/#/admNLmn' successfully

2020-05-19 15:25:30 - [TEST_STEP][PASSED] - delay(5): Delayed 5 second(s)

2020-05-19 15:25:35 - [MESSAGE][PASSED] - Delayed 5 second(s)

2020-05-19 15:25:35 - [TEST_STEP][PASSED] - click(findTestObject("Rizka/Admin - Login/btnLogin")): Object: 'Object Repository/Rizka/Admin - Login/btnLogin' is clicked on

2020-05-19 15:25:37 - [MESSAGE][PASSED] - Object: 'Object Repository/Rizka/Admin - Login/btnLogin' is clicked on

2020-05-19 15:25:37 - [TEST_STEP][PASSED] - setText(findTestObject("Rizka/Admin - Login/txtUsername"), "11666"): Text '11666' is set on object 'Object Repository/Rizka/Admin - Login/txtUsername'

2020-05-19 15:25:38 - [MESSAGE][PASSED] - Text '11666' is set on object 'Object Repository/Rizka/Admin - Login/txtUsername'

2020-05-19 15:25:38 - [TEST_STEP][PASSED] - setText(findTestObject("Rizka/Admin - Login/txtPassword"), "Password3"): Text 'Password3' is set on object 'Object Repository/Rizka/Admin - Login/txtPassword'

2020-05-19 15:25:39 - [MESSAGE][PASSED] - Text 'Password3' is set on object 'Object Repository/Rizka/Admin - Login/txtPassword'

2020-05-19 15:25:39 - [TEST_STEP][PASSED] - click(findTestObject("Rizka/Admin - Login/btnEyePass")): Object: 'Object Repository/Rizka/Admin - Login/btnEyePass' is clicked on

2020-05-19 15:25:40 - [MESSAGE][PASSED] - Object: 'Object Repository/Rizka/Admin - Login/btnEyePass' is clicked on

2020-05-19 15:25:40 - [TEST_STEP][PASSED] - click(findTestObject("Rizka/Admin - Login/checkboxRememberMe")): Object: 'Object Repository/Rizka/Admin - Login/checkboxRememberMe' is clicked on

2020-05-19 15:25:41 - [MESSAGE][PASSED] - Object: 'Object Repository/Rizka/Admin - Login/checkboxRememberMe' is clicked on

2020-05-19 15:25:41 - [TEST_STEP][PASSED] - click(findTestObject("Rizka/Admin - Login/btnLogin2")): Object: 'Object Repository/Rizka/Admin - Login/btnLogin2' is clicked on

2020-05-19 15:25:42 - [MESSAGE][PASSED] - Object: 'Object Repository/Rizka/Admin - Login/btnLogin2' is clicked on

2020-05-19 15:25:42 - [TEST_STEP][PASSED] - delay(20): Delayed 20 second(s)

2020-05-19 15:26:02 - [MESSAGE][PASSED] - Delayed 20 second(s)

2020-05-19 15:26:02 - [TEST_STEP][PASSED] - click(findTestObject("Rizka/Admin - Manage Modules/btnManageModules")): Object: 'Object Repository/Rizka/Admin - Manage Modules/btnManageModules' is clicked on

2020-05-19 15:26:04 - [MESSAGE][PASSED] - Object: 'Object Repository/Rizka/Admin - Manage Modules/btnManageModules' is clicked on

2020-05-19 15:26:04 - [TEST_STEP][PASSED] - delay(5): Delayed 5 second(s)

2020-05-19 15:26:09 - [MESSAGE][PASSED] - Delayed 5 second(s)

2020-05-19 15:26:09 - [TEST_STEP][PASSED] - setText(findTestObject("Rizka/Admin - Manage Modules/inputSearch"), namaModul): Text 'NEOP Teller Cash & PDC, dan FAB' is set on object 'Object Repository/Rizka/Admin - Manage Modules/inputSearch'

2020-05-19 15:26:15 - [MESSAGE][PASSED] - Text 'NEOP Teller Cash & PDC, dan FAB' is set on object 'Object Repository/Rizka/Admin - Manage Modules/inputSearch'

2020-05-19 15:26:15 - [TEST_STEP][PASSED] - click(findTestObject("Rizka/Admin - Manage Modules/btnSearch")): Object: 'Object Repository/Rizka/Admin - Manage Modules/btnSearch' is clicked on

2020-05-19 15:26:16 - [MESSAGE][PASSED] - Object: 'Object Repository/Rizka/Admin - Manage Modules/btnSearch' is clicked on

2020-05-19 15:26:16 - [TEST_STEP][PASSED] - delay(5): Delayed 5 second(s)

2020-05-19 15:26:21 - [MESSAGE][PASSED] - Delayed 5 second(s)

2020-05-19 15:26:21 - [TEST_STEP][PASSED] - if (condition == "passed"): Object 'Object Repository/Rizka/Admin - Manage Modules/label_NEOP Teller Cash  PDC dan FAB' is visible

2020-05-19 15:26:21 - [TEST_STEP][PASSED] - verifyElementVisible(findTestObject("Rizka/Admin - Manage Modules/label_NEOP Teller Cash  PDC dan FAB", ["text":namaModul]), STOP_ON_FAILURE): Object 'Object Repository/Rizka/Admin - Manage Modules/label_NEOP Teller Cash  PDC dan FAB' is visible

2020-05-19 15:26:22 - [MESSAGE][PASSED] - Object 'Object Repository/Rizka/Admin - Manage Modules/label_NEOP Teller Cash  PDC dan FAB' is visible]]></system-out>
         <system-err><![CDATA[]]></system-err>
      </testcase>
      <testcase name="Test Cases/Rizka/Admin - Manage Modules" time="68.289" classname="Test Cases/Rizka/Admin - Manage Modules" status="PASSED">
         <system-out><![CDATA[2020-05-19 15:26:22 - [TEST_CASE][PASSED] - Test Cases/Rizka/Admin - Manage Modules: Test Cases/Rizka/Admin - Manage Modules

2020-05-19 15:26:22 - [TEST_STEP][PASSED] - openBrowser(""): Browser is opened with url: ''

2020-05-19 15:26:22 - [MESSAGE][WARNING] - A browser is already opened. Closing browser and opening a new one

2020-05-19 15:26:23 - [MESSAGE][INFO] - Starting 'Chrome' driver

2020-05-19 15:26:27 - [MESSAGE][PASSED] - Browser is opened with url: ''

2020-05-19 15:26:27 - [TEST_STEP][PASSED] - navigateToUrl("https://appsrv1.deltadatamandiri.com/ACC_LMS_WEB/#/admNLmn"): Navigate to 'https://appsrv1.deltadatamandiri.com/ACC_LMS_WEB/#/admNLmn' successfully

2020-05-19 15:26:42 - [MESSAGE][PASSED] - Navigate to 'https://appsrv1.deltadatamandiri.com/ACC_LMS_WEB/#/admNLmn' successfully

2020-05-19 15:26:42 - [TEST_STEP][PASSED] - delay(5): Delayed 5 second(s)

2020-05-19 15:26:47 - [MESSAGE][PASSED] - Delayed 5 second(s)

2020-05-19 15:26:47 - [TEST_STEP][PASSED] - click(findTestObject("Rizka/Admin - Login/btnLogin")): Object: 'Object Repository/Rizka/Admin - Login/btnLogin' is clicked on

2020-05-19 15:26:49 - [MESSAGE][PASSED] - Object: 'Object Repository/Rizka/Admin - Login/btnLogin' is clicked on

2020-05-19 15:26:49 - [TEST_STEP][PASSED] - setText(findTestObject("Rizka/Admin - Login/txtUsername"), "11666"): Text '11666' is set on object 'Object Repository/Rizka/Admin - Login/txtUsername'

2020-05-19 15:26:50 - [MESSAGE][PASSED] - Text '11666' is set on object 'Object Repository/Rizka/Admin - Login/txtUsername'

2020-05-19 15:26:50 - [TEST_STEP][PASSED] - setText(findTestObject("Rizka/Admin - Login/txtPassword"), "Password3"): Text 'Password3' is set on object 'Object Repository/Rizka/Admin - Login/txtPassword'

2020-05-19 15:26:51 - [MESSAGE][PASSED] - Text 'Password3' is set on object 'Object Repository/Rizka/Admin - Login/txtPassword'

2020-05-19 15:26:51 - [TEST_STEP][PASSED] - click(findTestObject("Rizka/Admin - Login/btnEyePass")): Object: 'Object Repository/Rizka/Admin - Login/btnEyePass' is clicked on

2020-05-19 15:26:51 - [MESSAGE][PASSED] - Object: 'Object Repository/Rizka/Admin - Login/btnEyePass' is clicked on

2020-05-19 15:26:51 - [TEST_STEP][PASSED] - click(findTestObject("Rizka/Admin - Login/checkboxRememberMe")): Object: 'Object Repository/Rizka/Admin - Login/checkboxRememberMe' is clicked on

2020-05-19 15:26:52 - [MESSAGE][PASSED] - Object: 'Object Repository/Rizka/Admin - Login/checkboxRememberMe' is clicked on

2020-05-19 15:26:52 - [TEST_STEP][PASSED] - click(findTestObject("Rizka/Admin - Login/btnLogin2")): Object: 'Object Repository/Rizka/Admin - Login/btnLogin2' is clicked on

2020-05-19 15:26:53 - [MESSAGE][PASSED] - Object: 'Object Repository/Rizka/Admin - Login/btnLogin2' is clicked on

2020-05-19 15:26:53 - [TEST_STEP][PASSED] - delay(20): Delayed 20 second(s)

2020-05-19 15:27:13 - [MESSAGE][PASSED] - Delayed 20 second(s)

2020-05-19 15:27:13 - [TEST_STEP][PASSED] - click(findTestObject("Rizka/Admin - Manage Modules/btnManageModules")): Object: 'Object Repository/Rizka/Admin - Manage Modules/btnManageModules' is clicked on

2020-05-19 15:27:14 - [MESSAGE][PASSED] - Object: 'Object Repository/Rizka/Admin - Manage Modules/btnManageModules' is clicked on

2020-05-19 15:27:14 - [TEST_STEP][PASSED] - delay(5): Delayed 5 second(s)

2020-05-19 15:27:19 - [MESSAGE][PASSED] - Delayed 5 second(s)

2020-05-19 15:27:19 - [TEST_STEP][PASSED] - setText(findTestObject("Rizka/Admin - Manage Modules/inputSearch"), namaModul): Text 'Karyawan baru pada fungsi AR' is set on object 'Object Repository/Rizka/Admin - Manage Modules/inputSearch'

2020-05-19 15:27:24 - [MESSAGE][PASSED] - Text 'Karyawan baru pada fungsi AR' is set on object 'Object Repository/Rizka/Admin - Manage Modules/inputSearch'

2020-05-19 15:27:24 - [TEST_STEP][PASSED] - click(findTestObject("Rizka/Admin - Manage Modules/btnSearch")): Object: 'Object Repository/Rizka/Admin - Manage Modules/btnSearch' is clicked on

2020-05-19 15:27:25 - [MESSAGE][PASSED] - Object: 'Object Repository/Rizka/Admin - Manage Modules/btnSearch' is clicked on

2020-05-19 15:27:25 - [TEST_STEP][PASSED] - delay(5): Delayed 5 second(s)

2020-05-19 15:27:30 - [MESSAGE][PASSED] - Delayed 5 second(s)

2020-05-19 15:27:30 - [TEST_STEP][PASSED] - if (condition == "passed"): null

2020-05-19 15:27:30 - [TEST_STEP][PASSED] - else: Object 'Object Repository/Rizka/Admin - Manage Modules/alertNoDataFound' is present

2020-05-19 15:27:30 - [TEST_STEP][PASSED] - verifyElementPresent(findTestObject("Rizka/Admin - Manage Modules/alertNoDataFound"), 0): Object 'Object Repository/Rizka/Admin - Manage Modules/alertNoDataFound' is present

2020-05-19 15:27:30 - [MESSAGE][WARNING] - Timeout '0' is invalid. Using default page load timeout: '30'

2020-05-19 15:27:30 - [MESSAGE][PASSED] - Object 'Object Repository/Rizka/Admin - Manage Modules/alertNoDataFound' is present]]></system-out>
         <system-err><![CDATA[]]></system-err>
      </testcase>
      <system-out><![CDATA[2020-05-19 15:23:48 - [TEST_SUITE][PASSED] - Admin - Manage Modules: Test Cases/Rizka/Admin - Manage Modules]]></system-out>
      <system-err><![CDATA[]]></system-err>
   </testsuite>
</testsuites>
