<?xml version="1.0" encoding="UTF-8"?>
<testsuites name="Admin_Manage FAQ - Edit" time="1787.14" tests="14" failures="9" errors="0">
   <testsuite name="Admin_Manage FAQ - Edit" tests="14" failures="9" errors="0" time="1787.14" timestamp="2020-06-17 20:40:04" hostname="ASUS - LAPTOP-D0TPACJ1" id="Test Suites/Alda/Admin_Manage FAQ - Edit">
      <properties>
         <property name="deviceName" value=""/>
         <property name="devicePlatform" value=""/>
         <property name="logFolder" value="C:\\Users\\ASUS\\git\\LearningManagementWebs\\Reports\\20200617_203946\\Alda\\Admin_Manage FAQ - Edit\\20200617_203946"/>
         <property name="logFiles" value="C:\\Users\\ASUS\\git\\LearningManagementWebs\\Reports\\20200617_203946\\Alda\\Admin_Manage FAQ - Edit\\20200617_203946\\execution0.log"/>
         <property name="attachments" value="C:\\Users\\ASUS\\git\\LearningManagementWebs\\Reports\\20200617_203946\\Alda\\Admin_Manage FAQ - Edit\\20200617_203946\\1592401705948.png, C:\\Users\\ASUS\\git\\LearningManagementWebs\\Reports\\20200617_203946\\Alda\\Admin_Manage FAQ - Edit\\20200617_203946\\1592401706424.png, C:\\Users\\ASUS\\git\\LearningManagementWebs\\Reports\\20200617_203946\\Alda\\Admin_Manage FAQ - Edit\\20200617_203946\\1592401971154.png, C:\\Users\\ASUS\\git\\LearningManagementWebs\\Reports\\20200617_203946\\Alda\\Admin_Manage FAQ - Edit\\20200617_203946\\1592401971580.png, C:\\Users\\ASUS\\git\\LearningManagementWebs\\Reports\\20200617_203946\\Alda\\Admin_Manage FAQ - Edit\\20200617_203946\\1592402051492.png, C:\\Users\\ASUS\\git\\LearningManagementWebs\\Reports\\20200617_203946\\Alda\\Admin_Manage FAQ - Edit\\20200617_203946\\1592402195536.png, C:\\Users\\ASUS\\git\\LearningManagementWebs\\Reports\\20200617_203946\\Alda\\Admin_Manage FAQ - Edit\\20200617_203946\\1592402195875.png, C:\\Users\\ASUS\\git\\LearningManagementWebs\\Reports\\20200617_203946\\Alda\\Admin_Manage FAQ - Edit\\20200617_203946\\1592402332798.png, C:\\Users\\ASUS\\git\\LearningManagementWebs\\Reports\\20200617_203946\\Alda\\Admin_Manage FAQ - Edit\\20200617_203946\\1592402333163.png, C:\\Users\\ASUS\\git\\LearningManagementWebs\\Reports\\20200617_203946\\Alda\\Admin_Manage FAQ - Edit\\20200617_203946\\1592402475418.png, C:\\Users\\ASUS\\git\\LearningManagementWebs\\Reports\\20200617_203946\\Alda\\Admin_Manage FAQ - Edit\\20200617_203946\\1592402475756.png, C:\\Users\\ASUS\\git\\LearningManagementWebs\\Reports\\20200617_203946\\Alda\\Admin_Manage FAQ - Edit\\20200617_203946\\1592402709376.png, C:\\Users\\ASUS\\git\\LearningManagementWebs\\Reports\\20200617_203946\\Alda\\Admin_Manage FAQ - Edit\\20200617_203946\\1592402861927.png, C:\\Users\\ASUS\\git\\LearningManagementWebs\\Reports\\20200617_203946\\Alda\\Admin_Manage FAQ - Edit\\20200617_203946\\1592402862333.png, C:\\Users\\ASUS\\git\\LearningManagementWebs\\Reports\\20200617_203946\\Alda\\Admin_Manage FAQ - Edit\\20200617_203946\\1592402989282.png, C:\\Users\\ASUS\\git\\LearningManagementWebs\\Reports\\20200617_203946\\Alda\\Admin_Manage FAQ - Edit\\20200617_203946\\1592402989793.png"/>
         <property name="hostName" value="ASUS - LAPTOP-D0TPACJ1"/>
         <property name="os" value="Windows 10 64bit"/>
         <property name="katalonVersion" value="7.0.10.1"/>
         <property name="browser" value="Chrome 83.0.4103.106"/>
         <property name="hostAddress" value="192.168.100.227"/>
         <property name="sessionId" value="3e6486637a92dae1063d61eaa7aeee45"/>
         <property name="seleniumVersion" value="3.141.59"/>
         <property name="proxyInformation" value="ProxyInformation{proxyOption=NO_PROXY, proxyServerType=HTTP, password=, proxyServerAddress=, proxyServerPort=0}"/>
         <property name="platform" value="Windows 10"/>
      </properties>
      <testcase name="Test Cases/Alda/Admin - Manage FAQ/Edit" time="87.954" classname="Test Cases/Alda/Admin - Manage FAQ/Edit" status="PASSED">
         <system-out><![CDATA[2020-06-17 20:40:06 - [TEST_CASE][PASSED] - Test Cases/Alda/Admin - Manage FAQ/Edit: Test Cases/Alda/Admin - Manage FAQ/Edit

2020-06-17 20:40:07 - [TEST_STEP][PASSED] - callTestCase(findTestCase("Christi/Admin/admin login"), ["username":"11666", "password":"Password3"], STOP_ON_FAILURE): Call Test Case 'Test Cases/Christi/Admin/admin login' successfully

2020-06-17 20:40:07 - [TEST_CASE][PASSED] - Test Cases/Christi/Admin/admin login: Test Cases/Christi/Admin/admin login

2020-06-17 20:40:08 - [TEST_STEP][PASSED] - openBrowser(""): Browser is opened with url: ''

2020-06-17 20:40:08 - [MESSAGE][INFO] - Starting 'Chrome' driver

2020-06-17 20:40:08 - [MESSAGE][INFO] - Action delay is set to 0 seconds

2020-06-17 20:40:14 - [MESSAGE][PASSED] - Browser is opened with url: ''

2020-06-17 20:40:14 - [TEST_STEP][PASSED] - navigateToUrl("https://appsrv1.deltadatamandiri.com/ACC_LMS_WEB/#/admNLmn"): Navigate to 'https://appsrv1.deltadatamandiri.com/ACC_LMS_WEB/#/admNLmn' successfully

2020-06-17 20:40:49 - [MESSAGE][PASSED] - Navigate to 'https://appsrv1.deltadatamandiri.com/ACC_LMS_WEB/#/admNLmn' successfully

2020-06-17 20:40:49 - [TEST_STEP][PASSED] - click(findTestObject("Christi/Page_Main/button_login")): Object: 'Object Repository/Christi/Page_Main/button_login' is clicked on

2020-06-17 20:40:58 - [MESSAGE][ERROR] - javascript error: Failed to execute 'elementsFromPoint' on 'Document': The provided double value is non-finite.
  (Session info: chrome=83.0.4103.106)
Build info: version: '3.141.59', revision: 'e82be7d358', time: '2018-11-14T08:25:53'
System info: host: 'LAPTOP-D0TPACJ1', ip: '192.168.100.227', os.name: 'Windows 10', os.arch: 'amd64', os.version: '10.0', java.version: '1.8.0_181'
Driver info: com.kms.katalon.selenium.driver.CChromeDriver
Capabilities {acceptInsecureCerts: false, browserName: chrome, browserVersion: 83.0.4103.106, chrome: {chromedriverVersion: 83.0.4103.39 (ccbf011cb2d2b..., userDataDir: C:\Users\ASUS\AppData\Local...}, goog:chromeOptions: {debuggerAddress: localhost:65483}, javascriptEnabled: true, networkConnectionEnabled: false, pageLoadStrategy: normal, platform: WINDOWS, platformName: WINDOWS, proxy: Proxy(), setWindowRect: true, strictFileInteractability: false, timeouts: {implicit: 0, pageLoad: 300000, script: 30000}, unhandledPromptBehavior: dismiss and notify, webauthn:virtualAuthenticators: true}
Session ID: bddb14942862f578bd57b2a198fd8e08

2020-06-17 20:40:59 - [MESSAGE][PASSED] - Object: 'Object Repository/Christi/Page_Main/button_login' is clicked on

2020-06-17 20:40:59 - [TEST_STEP][PASSED] - delay(3): Delayed 3 second(s)

2020-06-17 20:41:02 - [MESSAGE][PASSED] - Delayed 3 second(s)

2020-06-17 20:41:02 - [TEST_STEP][PASSED] - setText(findTestObject("Object Repository/Christi/Page_Main/input_NPK_username"), username): Text '11666' is set on object 'Object Repository/Christi/Page_Main/input_NPK_username'

2020-06-17 20:41:02 - [MESSAGE][PASSED] - Text '11666' is set on object 'Object Repository/Christi/Page_Main/input_NPK_username'

2020-06-17 20:41:02 - [TEST_STEP][PASSED] - setText(findTestObject("Object Repository/Christi/Page_Main/input_Password_password"), password): Text 'Password3' is set on object 'Object Repository/Christi/Page_Main/input_Password_password'

2020-06-17 20:41:03 - [MESSAGE][PASSED] - Text 'Password3' is set on object 'Object Repository/Christi/Page_Main/input_Password_password'

2020-06-17 20:41:03 - [TEST_STEP][PASSED] - delay(5): Delayed 5 second(s)

2020-06-17 20:41:08 - [MESSAGE][PASSED] - Delayed 5 second(s)

2020-06-17 20:41:08 - [TEST_STEP][PASSED] - click(findTestObject("Rizka/Admin/Admin - Login/btnLogin2")): Object: 'Object Repository/Rizka/Admin/Admin - Login/btnLogin2' is clicked on

2020-06-17 20:41:09 - [MESSAGE][PASSED] - Object: 'Object Repository/Rizka/Admin/Admin - Login/btnLogin2' is clicked on

2020-06-17 20:41:09 - [TEST_STEP][PASSED] - delay(5): Delayed 5 second(s)

2020-06-17 20:41:14 - [MESSAGE][PASSED] - Delayed 5 second(s)

2020-06-17 20:41:14 - [MESSAGE][PASSED] - Call Test Case 'Test Cases/Christi/Admin/admin login' successfully

2020-06-17 20:41:14 - [TEST_STEP][PASSED] - delay(5): Delayed 5 second(s)

2020-06-17 20:41:19 - [MESSAGE][PASSED] - Delayed 5 second(s)

2020-06-17 20:41:19 - [TEST_STEP][PASSED] - click(findTestObject("Christi/Page_Dashboard Admin/span_Manage FAQ")): Object: 'Object Repository/Christi/Page_Dashboard Admin/span_Manage FAQ' is clicked on

2020-06-17 20:41:21 - [MESSAGE][PASSED] - Object: 'Object Repository/Christi/Page_Dashboard Admin/span_Manage FAQ' is clicked on

2020-06-17 20:41:21 - [TEST_STEP][PASSED] - click(findTestObject("Alda/Admin - Manage FAQ/Page_Manage Faq/input_search")): Object: 'Object Repository/Alda/Admin - Manage FAQ/Page_Manage Faq/input_search' is clicked on

2020-06-17 20:41:24 - [MESSAGE][PASSED] - Object: 'Object Repository/Alda/Admin - Manage FAQ/Page_Manage Faq/input_search' is clicked on

2020-06-17 20:41:24 - [TEST_STEP][PASSED] - setText(findTestObject("Alda/Admin - Manage FAQ/Page_Manage Faq/input_search"), var_search): Text 'xxxx' is set on object 'Object Repository/Alda/Admin - Manage FAQ/Page_Manage Faq/input_search'

2020-06-17 20:41:30 - [MESSAGE][PASSED] - Text 'xxxx' is set on object 'Object Repository/Alda/Admin - Manage FAQ/Page_Manage Faq/input_search'

2020-06-17 20:41:30 - [TEST_STEP][PASSED] - click(findTestObject("Christi/Page_Manage Faq/button_Clear button_app-search-button wi wi-search"), STOP_ON_FAILURE): Object: 'Object Repository/Christi/Page_Manage Faq/button_Clear button_app-search-button wi wi-search' is clicked on

2020-06-17 20:41:30 - [MESSAGE][PASSED] - Object: 'Object Repository/Christi/Page_Manage Faq/button_Clear button_app-search-button wi wi-search' is clicked on

2020-06-17 20:41:30 - [TEST_STEP][PASSED] - if (expected_search == "found"): null

2020-06-17 20:41:30 - [TEST_STEP][PASSED] - else if (expected_search == "not found"): Object 'Object Repository/Alda/Admin - Manage FAQ/Page_Manage Faq/label_searching_not_found' is visible

2020-06-17 20:41:30 - [TEST_STEP][PASSED] - verifyElementVisible(findTestObject("Alda/Admin - Manage FAQ/Page_Manage Faq/label_searching_not_found")): Object 'Object Repository/Alda/Admin - Manage FAQ/Page_Manage Faq/label_searching_not_found' is visible

2020-06-17 20:41:33 - [MESSAGE][PASSED] - Object 'Object Repository/Alda/Admin - Manage FAQ/Page_Manage Faq/label_searching_not_found' is visible

2020-06-17 20:41:33 - [TEST_STEP][PASSED] - closeBrowser(): Browser is closed

2020-06-17 20:41:34 - [MESSAGE][PASSED] - Browser is closed]]></system-out>
         <system-err><![CDATA[]]></system-err>
      </testcase>
      <testcase name="Test Cases/Alda/Admin - Manage FAQ/Edit" time="128.105" classname="Test Cases/Alda/Admin - Manage FAQ/Edit" status="PASSED">
         <system-out><![CDATA[2020-06-17 20:41:34 - [TEST_CASE][PASSED] - Test Cases/Alda/Admin - Manage FAQ/Edit: Test Cases/Alda/Admin - Manage FAQ/Edit

2020-06-17 20:41:34 - [TEST_STEP][PASSED] - callTestCase(findTestCase("Christi/Admin/admin login"), ["username":"11666", "password":"Password3"], STOP_ON_FAILURE): Call Test Case 'Test Cases/Christi/Admin/admin login' successfully

2020-06-17 20:41:34 - [TEST_CASE][PASSED] - Test Cases/Christi/Admin/admin login: Test Cases/Christi/Admin/admin login

2020-06-17 20:41:34 - [TEST_STEP][PASSED] - openBrowser(""): Browser is opened with url: ''

2020-06-17 20:41:34 - [MESSAGE][INFO] - Starting 'Chrome' driver

2020-06-17 20:41:37 - [MESSAGE][PASSED] - Browser is opened with url: ''

2020-06-17 20:41:37 - [TEST_STEP][PASSED] - navigateToUrl("https://appsrv1.deltadatamandiri.com/ACC_LMS_WEB/#/admNLmn"): Navigate to 'https://appsrv1.deltadatamandiri.com/ACC_LMS_WEB/#/admNLmn' successfully

2020-06-17 20:42:37 - [MESSAGE][PASSED] - Navigate to 'https://appsrv1.deltadatamandiri.com/ACC_LMS_WEB/#/admNLmn' successfully

2020-06-17 20:42:37 - [TEST_STEP][PASSED] - click(findTestObject("Christi/Page_Main/button_login")): Object: 'Object Repository/Christi/Page_Main/button_login' is clicked on

2020-06-17 20:42:45 - [MESSAGE][ERROR] - javascript error: Failed to execute 'elementsFromPoint' on 'Document': The provided double value is non-finite.
  (Session info: chrome=83.0.4103.106)
Build info: version: '3.141.59', revision: 'e82be7d358', time: '2018-11-14T08:25:53'
System info: host: 'LAPTOP-D0TPACJ1', ip: '192.168.100.227', os.name: 'Windows 10', os.arch: 'amd64', os.version: '10.0', java.version: '1.8.0_181'
Driver info: com.kms.katalon.selenium.driver.CChromeDriver
Capabilities {acceptInsecureCerts: false, browserName: chrome, browserVersion: 83.0.4103.106, chrome: {chromedriverVersion: 83.0.4103.39 (ccbf011cb2d2b..., userDataDir: C:\Users\ASUS\AppData\Local...}, goog:chromeOptions: {debuggerAddress: localhost:49177}, javascriptEnabled: true, networkConnectionEnabled: false, pageLoadStrategy: normal, platform: WINDOWS, platformName: WINDOWS, proxy: Proxy(), setWindowRect: true, strictFileInteractability: false, timeouts: {implicit: 0, pageLoad: 300000, script: 30000}, unhandledPromptBehavior: dismiss and notify, webauthn:virtualAuthenticators: true}
Session ID: 69f0b6b97b83c2c15977e615a758a4eb

2020-06-17 20:42:45 - [MESSAGE][PASSED] - Object: 'Object Repository/Christi/Page_Main/button_login' is clicked on

2020-06-17 20:42:45 - [TEST_STEP][PASSED] - delay(3): Delayed 3 second(s)

2020-06-17 20:42:48 - [MESSAGE][PASSED] - Delayed 3 second(s)

2020-06-17 20:42:48 - [TEST_STEP][PASSED] - setText(findTestObject("Object Repository/Christi/Page_Main/input_NPK_username"), username): Text '11666' is set on object 'Object Repository/Christi/Page_Main/input_NPK_username'

2020-06-17 20:42:49 - [MESSAGE][PASSED] - Text '11666' is set on object 'Object Repository/Christi/Page_Main/input_NPK_username'

2020-06-17 20:42:49 - [TEST_STEP][PASSED] - setText(findTestObject("Object Repository/Christi/Page_Main/input_Password_password"), password): Text 'Password3' is set on object 'Object Repository/Christi/Page_Main/input_Password_password'

2020-06-17 20:42:50 - [MESSAGE][PASSED] - Text 'Password3' is set on object 'Object Repository/Christi/Page_Main/input_Password_password'

2020-06-17 20:42:50 - [TEST_STEP][PASSED] - delay(5): Delayed 5 second(s)

2020-06-17 20:42:55 - [MESSAGE][PASSED] - Delayed 5 second(s)

2020-06-17 20:42:55 - [TEST_STEP][PASSED] - click(findTestObject("Rizka/Admin/Admin - Login/btnLogin2")): Object: 'Object Repository/Rizka/Admin/Admin - Login/btnLogin2' is clicked on

2020-06-17 20:42:55 - [MESSAGE][PASSED] - Object: 'Object Repository/Rizka/Admin/Admin - Login/btnLogin2' is clicked on

2020-06-17 20:42:55 - [TEST_STEP][PASSED] - delay(5): Delayed 5 second(s)

2020-06-17 20:43:00 - [MESSAGE][PASSED] - Delayed 5 second(s)

2020-06-17 20:43:00 - [MESSAGE][PASSED] - Call Test Case 'Test Cases/Christi/Admin/admin login' successfully

2020-06-17 20:43:00 - [TEST_STEP][PASSED] - delay(5): Delayed 5 second(s)

2020-06-17 20:43:05 - [MESSAGE][PASSED] - Delayed 5 second(s)

2020-06-17 20:43:05 - [TEST_STEP][PASSED] - click(findTestObject("Christi/Page_Dashboard Admin/span_Manage FAQ")): Object: 'Object Repository/Christi/Page_Dashboard Admin/span_Manage FAQ' is clicked on

2020-06-17 20:43:07 - [MESSAGE][PASSED] - Object: 'Object Repository/Christi/Page_Dashboard Admin/span_Manage FAQ' is clicked on

2020-06-17 20:43:07 - [TEST_STEP][PASSED] - click(findTestObject("Alda/Admin - Manage FAQ/Page_Manage Faq/input_search")): Object: 'Object Repository/Alda/Admin - Manage FAQ/Page_Manage Faq/input_search' is clicked on

2020-06-17 20:43:09 - [MESSAGE][PASSED] - Object: 'Object Repository/Alda/Admin - Manage FAQ/Page_Manage Faq/input_search' is clicked on

2020-06-17 20:43:09 - [TEST_STEP][PASSED] - setText(findTestObject("Alda/Admin - Manage FAQ/Page_Manage Faq/input_search"), var_search): Text 'question13' is set on object 'Object Repository/Alda/Admin - Manage FAQ/Page_Manage Faq/input_search'

2020-06-17 20:43:11 - [MESSAGE][PASSED] - Text 'question13' is set on object 'Object Repository/Alda/Admin - Manage FAQ/Page_Manage Faq/input_search'

2020-06-17 20:43:11 - [TEST_STEP][PASSED] - click(findTestObject("Christi/Page_Manage Faq/button_Clear button_app-search-button wi wi-search"), STOP_ON_FAILURE): Object: 'Object Repository/Christi/Page_Manage Faq/button_Clear button_app-search-button wi wi-search' is clicked on

2020-06-17 20:43:11 - [MESSAGE][PASSED] - Object: 'Object Repository/Christi/Page_Manage Faq/button_Clear button_app-search-button wi wi-search' is clicked on

2020-06-17 20:43:11 - [TEST_STEP][PASSED] - if (expected_search == "found"): Object: 'Object Repository/Christi/Page_Manage Faq/button_Clear button_app-search-button wi wi-search' is clicked on

2020-06-17 20:43:11 - [TEST_STEP][PASSED] - verifyElementVisible(findTestObject("Alda/Admin - Manage FAQ/Page_Manage Faq/label_search_visible", ["text":var_search])): Object 'Object Repository/Alda/Admin - Manage FAQ/Page_Manage Faq/label_search_visible' is visible

2020-06-17 20:43:14 - [MESSAGE][PASSED] - Object 'Object Repository/Alda/Admin - Manage FAQ/Page_Manage Faq/label_search_visible' is visible

2020-06-17 20:43:14 - [TEST_STEP][PASSED] - delay(5): Delayed 5 second(s)

2020-06-17 20:43:19 - [MESSAGE][PASSED] - Delayed 5 second(s)

2020-06-17 20:43:19 - [TEST_STEP][PASSED] - click(findTestObject("Alda/Admin - Manage FAQ/Page_Manage Faq/btn_edit")): Object: 'Object Repository/Alda/Admin - Manage FAQ/Page_Manage Faq/btn_edit' is clicked on

2020-06-17 20:43:20 - [MESSAGE][PASSED] - Object: 'Object Repository/Alda/Admin - Manage FAQ/Page_Manage Faq/btn_edit' is clicked on

2020-06-17 20:43:20 - [TEST_STEP][PASSED] - verifyElementVisible(findTestObject("Object Repository/Alda/Admin - Manage FAQ/Page_Manage Faq/header_edit_page")): Object 'Object Repository/Alda/Admin - Manage FAQ/Page_Manage Faq/header_edit_page' is visible

2020-06-17 20:43:26 - [MESSAGE][PASSED] - Object 'Object Repository/Alda/Admin - Manage FAQ/Page_Manage Faq/header_edit_page' is visible

2020-06-17 20:43:26 - [TEST_STEP][PASSED] - switch (opsi_edit.toString()): null

2020-06-17 20:43:26 - [TEST_STEP][PASSED] - case "all":: null

2020-06-17 20:43:26 - [TEST_STEP][PASSED] - clearText(findTestObject("Alda/Admin - Manage FAQ/Page_Manage Faq/edit_question"), STOP_ON_FAILURE): Text of object 'Object Repository/Alda/Admin - Manage FAQ/Page_Manage Faq/edit_question' is cleared

2020-06-17 20:43:27 - [MESSAGE][PASSED] - Text of object 'Object Repository/Alda/Admin - Manage FAQ/Page_Manage Faq/edit_question' is cleared

2020-06-17 20:43:27 - [TEST_STEP][PASSED] - if (var_question_new != ""): Text 'question 10 adalah?' is set on object 'Object Repository/Alda/Admin - Manage FAQ/Page_Manage Faq/edit_question'

2020-06-17 20:43:27 - [TEST_STEP][PASSED] - setText(findTestObject("Alda/Admin - Manage FAQ/Page_Manage Faq/edit_question"), var_question_new): Text 'question 10 adalah?' is set on object 'Object Repository/Alda/Admin - Manage FAQ/Page_Manage Faq/edit_question'

2020-06-17 20:43:27 - [MESSAGE][PASSED] - Text 'question 10 adalah?' is set on object 'Object Repository/Alda/Admin - Manage FAQ/Page_Manage Faq/edit_question'

2020-06-17 20:43:27 - [TEST_STEP][PASSED] - clearText(findTestObject("Alda/Admin - Manage FAQ/Page_Manage Faq/edit_answer"), STOP_ON_FAILURE): Text of object 'Object Repository/Alda/Admin - Manage FAQ/Page_Manage Faq/edit_answer' is cleared

2020-06-17 20:43:28 - [MESSAGE][PASSED] - Text of object 'Object Repository/Alda/Admin - Manage FAQ/Page_Manage Faq/edit_answer' is cleared

2020-06-17 20:43:28 - [TEST_STEP][PASSED] - if (var_answer_new != ""): Text 'jawaban pertanyaan 5' is set on object 'Object Repository/Alda/Admin - Manage FAQ/Page_Manage Faq/edit_answer'

2020-06-17 20:43:28 - [TEST_STEP][PASSED] - setText(findTestObject("Alda/Admin - Manage FAQ/Page_Manage Faq/edit_answer"), var_answer_new): Text 'jawaban pertanyaan 5' is set on object 'Object Repository/Alda/Admin - Manage FAQ/Page_Manage Faq/edit_answer'

2020-06-17 20:43:28 - [MESSAGE][PASSED] - Text 'jawaban pertanyaan 5' is set on object 'Object Repository/Alda/Admin - Manage FAQ/Page_Manage Faq/edit_answer'

2020-06-17 20:43:28 - [TEST_STEP][PASSED] - uploadFile(findTestObject("Alda/Admin - Manage FAQ/Page_Manage Faq/edit_gambar"), var_gambar_new): File 'C:\Users\ASUS\git\LearningManagementWebs\gambar_alda.jpg' sent to object: 'Object Repository/Alda/Admin - Manage FAQ/Page_Manage Faq/edit_gambar'

2020-06-17 20:43:29 - [MESSAGE][PASSED] - File 'C:\Users\ASUS\git\LearningManagementWebs\gambar_alda.jpg' sent to object: 'Object Repository/Alda/Admin - Manage FAQ/Page_Manage Faq/edit_gambar'

2020-06-17 20:43:29 - [TEST_STEP][PASSED] - if (var_gambar_new != ""): null

2020-06-17 20:43:29 - [TEST_STEP][PASSED] - if (expected_image == "file to big"): null

2020-06-17 20:43:29 - [TEST_STEP][PASSED] - if (var_tag_new != ""): Keys 'ENTER + ' sent to object: 'Object Repository/Alda/Admin - Manage FAQ/Page_Manage Faq/edit_tag'

2020-06-17 20:43:29 - [TEST_STEP][PASSED] - click(findTestObject("Alda/Admin - Manage FAQ/Page_Manage Faq/edit_tag")): Object: 'Object Repository/Alda/Admin - Manage FAQ/Page_Manage Faq/edit_tag' is clicked on

2020-06-17 20:43:30 - [MESSAGE][PASSED] - Object: 'Object Repository/Alda/Admin - Manage FAQ/Page_Manage Faq/edit_tag' is clicked on

2020-06-17 20:43:30 - [TEST_STEP][PASSED] - setText(findTestObject("Alda/Admin - Manage FAQ/Page_Manage Faq/edit_tag"), var_tag_new): Text 'pertanyaan' is set on object 'Object Repository/Alda/Admin - Manage FAQ/Page_Manage Faq/edit_tag'

2020-06-17 20:43:31 - [MESSAGE][PASSED] - Text 'pertanyaan' is set on object 'Object Repository/Alda/Admin - Manage FAQ/Page_Manage Faq/edit_tag'

2020-06-17 20:43:31 - [TEST_STEP][PASSED] - sendKeys(findTestObject("Alda/Admin - Manage FAQ/Page_Manage Faq/edit_tag"), Keys.chord(ENTER)): Keys 'ENTER + ' sent to object: 'Object Repository/Alda/Admin - Manage FAQ/Page_Manage Faq/edit_tag'

2020-06-17 20:43:32 - [MESSAGE][PASSED] - Keys 'ENTER + ' sent to object: 'Object Repository/Alda/Admin - Manage FAQ/Page_Manage Faq/edit_tag'

2020-06-17 20:43:32 - [TEST_STEP][PASSED] - break: null

2020-06-17 20:43:32 - [TEST_STEP][PASSED] - if (expected_output == "pass"): Object: 'Object Repository/Christi/Page_Manage Faq/button_Clear button_app-search-button wi wi-search' is clicked on

2020-06-17 20:43:32 - [TEST_STEP][PASSED] - click(findTestObject("Object Repository/Alda/Admin - Manage FAQ/Page_Manage Faq/btn_save_edit")): Object: 'Object Repository/Alda/Admin - Manage FAQ/Page_Manage Faq/btn_save_edit' is clicked on

2020-06-17 20:43:32 - [MESSAGE][PASSED] - Object: 'Object Repository/Alda/Admin - Manage FAQ/Page_Manage Faq/btn_save_edit' is clicked on

2020-06-17 20:43:32 - [TEST_STEP][PASSED] - delay(3): Delayed 3 second(s)

2020-06-17 20:43:35 - [MESSAGE][PASSED] - Delayed 3 second(s)

2020-06-17 20:43:35 - [TEST_STEP][PASSED] - click(findTestObject("Alda/Admin - Manage FAQ/Page_Manage Faq/input_search")): Object: 'Object Repository/Alda/Admin - Manage FAQ/Page_Manage Faq/input_search' is clicked on

2020-06-17 20:43:40 - [MESSAGE][PASSED] - Object: 'Object Repository/Alda/Admin - Manage FAQ/Page_Manage Faq/input_search' is clicked on

2020-06-17 20:43:40 - [TEST_STEP][PASSED] - setText(findTestObject("Alda/Admin - Manage FAQ/Page_Manage Faq/input_search"), var_search_after_edit): Text 'question 10 adalah?' is set on object 'Object Repository/Alda/Admin - Manage FAQ/Page_Manage Faq/input_search'

2020-06-17 20:43:41 - [MESSAGE][PASSED] - Text 'question 10 adalah?' is set on object 'Object Repository/Alda/Admin - Manage FAQ/Page_Manage Faq/input_search'

2020-06-17 20:43:41 - [TEST_STEP][PASSED] - click(findTestObject("Christi/Page_Manage Faq/button_Clear button_app-search-button wi wi-search"), STOP_ON_FAILURE): Object: 'Object Repository/Christi/Page_Manage Faq/button_Clear button_app-search-button wi wi-search' is clicked on

2020-06-17 20:43:41 - [MESSAGE][PASSED] - Object: 'Object Repository/Christi/Page_Manage Faq/button_Clear button_app-search-button wi wi-search' is clicked on

2020-06-17 20:43:41 - [TEST_STEP][PASSED] - closeBrowser(): Browser is closed

2020-06-17 20:43:42 - [MESSAGE][PASSED] - Browser is closed]]></system-out>
         <system-err><![CDATA[]]></system-err>
      </testcase>
      <testcase name="Test Cases/Alda/Admin - Manage FAQ/Edit" time="121.101" classname="Test Cases/Alda/Admin - Manage FAQ/Edit" status="PASSED">
         <system-out><![CDATA[2020-06-17 20:43:43 - [TEST_CASE][PASSED] - Test Cases/Alda/Admin - Manage FAQ/Edit: Test Cases/Alda/Admin - Manage FAQ/Edit

2020-06-17 20:43:43 - [TEST_STEP][PASSED] - callTestCase(findTestCase("Christi/Admin/admin login"), ["username":"11666", "password":"Password3"], STOP_ON_FAILURE): Call Test Case 'Test Cases/Christi/Admin/admin login' successfully

2020-06-17 20:43:43 - [TEST_CASE][PASSED] - Test Cases/Christi/Admin/admin login: Test Cases/Christi/Admin/admin login

2020-06-17 20:43:43 - [TEST_STEP][PASSED] - openBrowser(""): Browser is opened with url: ''

2020-06-17 20:43:43 - [MESSAGE][INFO] - Starting 'Chrome' driver

2020-06-17 20:43:46 - [MESSAGE][PASSED] - Browser is opened with url: ''

2020-06-17 20:43:46 - [TEST_STEP][PASSED] - navigateToUrl("https://appsrv1.deltadatamandiri.com/ACC_LMS_WEB/#/admNLmn"): Navigate to 'https://appsrv1.deltadatamandiri.com/ACC_LMS_WEB/#/admNLmn' successfully

2020-06-17 20:44:40 - [MESSAGE][PASSED] - Navigate to 'https://appsrv1.deltadatamandiri.com/ACC_LMS_WEB/#/admNLmn' successfully

2020-06-17 20:44:40 - [TEST_STEP][PASSED] - click(findTestObject("Christi/Page_Main/button_login")): Object: 'Object Repository/Christi/Page_Main/button_login' is clicked on

2020-06-17 20:44:49 - [MESSAGE][ERROR] - javascript error: Failed to execute 'elementsFromPoint' on 'Document': The provided double value is non-finite.
  (Session info: chrome=83.0.4103.106)
Build info: version: '3.141.59', revision: 'e82be7d358', time: '2018-11-14T08:25:53'
System info: host: 'LAPTOP-D0TPACJ1', ip: '192.168.100.227', os.name: 'Windows 10', os.arch: 'amd64', os.version: '10.0', java.version: '1.8.0_181'
Driver info: com.kms.katalon.selenium.driver.CChromeDriver
Capabilities {acceptInsecureCerts: false, browserName: chrome, browserVersion: 83.0.4103.106, chrome: {chromedriverVersion: 83.0.4103.39 (ccbf011cb2d2b..., userDataDir: C:\Users\ASUS\AppData\Local...}, goog:chromeOptions: {debuggerAddress: localhost:49261}, javascriptEnabled: true, networkConnectionEnabled: false, pageLoadStrategy: normal, platform: WINDOWS, platformName: WINDOWS, proxy: Proxy(), setWindowRect: true, strictFileInteractability: false, timeouts: {implicit: 0, pageLoad: 300000, script: 30000}, unhandledPromptBehavior: dismiss and notify, webauthn:virtualAuthenticators: true}
Session ID: 392f788e63bd39c9f2243edae5ee2796

2020-06-17 20:44:50 - [MESSAGE][PASSED] - Object: 'Object Repository/Christi/Page_Main/button_login' is clicked on

2020-06-17 20:44:50 - [TEST_STEP][PASSED] - delay(3): Delayed 3 second(s)

2020-06-17 20:44:53 - [MESSAGE][PASSED] - Delayed 3 second(s)

2020-06-17 20:44:53 - [TEST_STEP][PASSED] - setText(findTestObject("Object Repository/Christi/Page_Main/input_NPK_username"), username): Text '11666' is set on object 'Object Repository/Christi/Page_Main/input_NPK_username'

2020-06-17 20:44:54 - [MESSAGE][PASSED] - Text '11666' is set on object 'Object Repository/Christi/Page_Main/input_NPK_username'

2020-06-17 20:44:54 - [TEST_STEP][PASSED] - setText(findTestObject("Object Repository/Christi/Page_Main/input_Password_password"), password): Text 'Password3' is set on object 'Object Repository/Christi/Page_Main/input_Password_password'

2020-06-17 20:44:54 - [MESSAGE][PASSED] - Text 'Password3' is set on object 'Object Repository/Christi/Page_Main/input_Password_password'

2020-06-17 20:44:54 - [TEST_STEP][PASSED] - delay(5): Delayed 5 second(s)

2020-06-17 20:44:59 - [MESSAGE][PASSED] - Delayed 5 second(s)

2020-06-17 20:44:59 - [TEST_STEP][PASSED] - click(findTestObject("Rizka/Admin/Admin - Login/btnLogin2")): Object: 'Object Repository/Rizka/Admin/Admin - Login/btnLogin2' is clicked on

2020-06-17 20:45:00 - [MESSAGE][PASSED] - Object: 'Object Repository/Rizka/Admin/Admin - Login/btnLogin2' is clicked on

2020-06-17 20:45:00 - [TEST_STEP][PASSED] - delay(5): Delayed 5 second(s)

2020-06-17 20:45:05 - [MESSAGE][PASSED] - Delayed 5 second(s)

2020-06-17 20:45:05 - [MESSAGE][PASSED] - Call Test Case 'Test Cases/Christi/Admin/admin login' successfully

2020-06-17 20:45:05 - [TEST_STEP][PASSED] - delay(5): Delayed 5 second(s)

2020-06-17 20:45:10 - [MESSAGE][PASSED] - Delayed 5 second(s)

2020-06-17 20:45:10 - [TEST_STEP][PASSED] - click(findTestObject("Christi/Page_Dashboard Admin/span_Manage FAQ")): Object: 'Object Repository/Christi/Page_Dashboard Admin/span_Manage FAQ' is clicked on

2020-06-17 20:45:10 - [MESSAGE][PASSED] - Object: 'Object Repository/Christi/Page_Dashboard Admin/span_Manage FAQ' is clicked on

2020-06-17 20:45:10 - [TEST_STEP][PASSED] - click(findTestObject("Alda/Admin - Manage FAQ/Page_Manage Faq/input_search")): Object: 'Object Repository/Alda/Admin - Manage FAQ/Page_Manage Faq/input_search' is clicked on

2020-06-17 20:45:15 - [MESSAGE][PASSED] - Object: 'Object Repository/Alda/Admin - Manage FAQ/Page_Manage Faq/input_search' is clicked on

2020-06-17 20:45:15 - [TEST_STEP][PASSED] - setText(findTestObject("Alda/Admin - Manage FAQ/Page_Manage Faq/input_search"), var_search): Text 'question14' is set on object 'Object Repository/Alda/Admin - Manage FAQ/Page_Manage Faq/input_search'

2020-06-17 20:45:18 - [MESSAGE][PASSED] - Text 'question14' is set on object 'Object Repository/Alda/Admin - Manage FAQ/Page_Manage Faq/input_search'

2020-06-17 20:45:18 - [TEST_STEP][PASSED] - click(findTestObject("Christi/Page_Manage Faq/button_Clear button_app-search-button wi wi-search"), STOP_ON_FAILURE): Object: 'Object Repository/Christi/Page_Manage Faq/button_Clear button_app-search-button wi wi-search' is clicked on

2020-06-17 20:45:19 - [MESSAGE][PASSED] - Object: 'Object Repository/Christi/Page_Manage Faq/button_Clear button_app-search-button wi wi-search' is clicked on

2020-06-17 20:45:19 - [TEST_STEP][PASSED] - if (expected_search == "found"): Object: 'Object Repository/Christi/Page_Manage Faq/button_Clear button_app-search-button wi wi-search' is clicked on

2020-06-17 20:45:19 - [TEST_STEP][PASSED] - verifyElementVisible(findTestObject("Alda/Admin - Manage FAQ/Page_Manage Faq/label_search_visible", ["text":var_search])): Object 'Object Repository/Alda/Admin - Manage FAQ/Page_Manage Faq/label_search_visible' is visible

2020-06-17 20:45:21 - [MESSAGE][PASSED] - Object 'Object Repository/Alda/Admin - Manage FAQ/Page_Manage Faq/label_search_visible' is visible

2020-06-17 20:45:21 - [TEST_STEP][PASSED] - delay(5): Delayed 5 second(s)

2020-06-17 20:45:26 - [MESSAGE][PASSED] - Delayed 5 second(s)

2020-06-17 20:45:26 - [TEST_STEP][PASSED] - click(findTestObject("Alda/Admin - Manage FAQ/Page_Manage Faq/btn_edit")): Object: 'Object Repository/Alda/Admin - Manage FAQ/Page_Manage Faq/btn_edit' is clicked on

2020-06-17 20:45:27 - [MESSAGE][PASSED] - Object: 'Object Repository/Alda/Admin - Manage FAQ/Page_Manage Faq/btn_edit' is clicked on

2020-06-17 20:45:27 - [TEST_STEP][PASSED] - verifyElementVisible(findTestObject("Object Repository/Alda/Admin - Manage FAQ/Page_Manage Faq/header_edit_page")): Object 'Object Repository/Alda/Admin - Manage FAQ/Page_Manage Faq/header_edit_page' is visible

2020-06-17 20:45:31 - [MESSAGE][PASSED] - Object 'Object Repository/Alda/Admin - Manage FAQ/Page_Manage Faq/header_edit_page' is visible

2020-06-17 20:45:31 - [TEST_STEP][PASSED] - switch (opsi_edit.toString()): null

2020-06-17 20:45:31 - [TEST_STEP][PASSED] - case "question_only":: null

2020-06-17 20:45:31 - [TEST_STEP][PASSED] - clearText(findTestObject("Alda/Admin - Manage FAQ/Page_Manage Faq/edit_question"), STOP_ON_FAILURE): Text of object 'Object Repository/Alda/Admin - Manage FAQ/Page_Manage Faq/edit_question' is cleared

2020-06-17 20:45:32 - [MESSAGE][PASSED] - Text of object 'Object Repository/Alda/Admin - Manage FAQ/Page_Manage Faq/edit_question' is cleared

2020-06-17 20:45:32 - [TEST_STEP][PASSED] - if (var_question_new != ""): Text 'question 1 adalah?' is set on object 'Object Repository/Alda/Admin - Manage FAQ/Page_Manage Faq/edit_question'

2020-06-17 20:45:32 - [TEST_STEP][PASSED] - setText(findTestObject("Alda/Admin - Manage FAQ/Page_Manage Faq/edit_question"), var_question_new): Text 'question 1 adalah?' is set on object 'Object Repository/Alda/Admin - Manage FAQ/Page_Manage Faq/edit_question'

2020-06-17 20:45:33 - [MESSAGE][PASSED] - Text 'question 1 adalah?' is set on object 'Object Repository/Alda/Admin - Manage FAQ/Page_Manage Faq/edit_question'

2020-06-17 20:45:33 - [TEST_STEP][PASSED] - delay(2): Delayed 2 second(s)

2020-06-17 20:45:35 - [MESSAGE][PASSED] - Delayed 2 second(s)

2020-06-17 20:45:35 - [TEST_STEP][PASSED] - break: null

2020-06-17 20:45:35 - [TEST_STEP][PASSED] - if (expected_output == "pass"): Object: 'Object Repository/Christi/Page_Manage Faq/button_Clear button_app-search-button wi wi-search' is clicked on

2020-06-17 20:45:35 - [TEST_STEP][PASSED] - click(findTestObject("Object Repository/Alda/Admin - Manage FAQ/Page_Manage Faq/btn_save_edit")): Object: 'Object Repository/Alda/Admin - Manage FAQ/Page_Manage Faq/btn_save_edit' is clicked on

2020-06-17 20:45:35 - [MESSAGE][PASSED] - Object: 'Object Repository/Alda/Admin - Manage FAQ/Page_Manage Faq/btn_save_edit' is clicked on

2020-06-17 20:45:35 - [TEST_STEP][PASSED] - delay(3): Delayed 3 second(s)

2020-06-17 20:45:38 - [MESSAGE][PASSED] - Delayed 3 second(s)

2020-06-17 20:45:38 - [TEST_STEP][PASSED] - click(findTestObject("Alda/Admin - Manage FAQ/Page_Manage Faq/input_search")): Object: 'Object Repository/Alda/Admin - Manage FAQ/Page_Manage Faq/input_search' is clicked on

2020-06-17 20:45:41 - [MESSAGE][PASSED] - Object: 'Object Repository/Alda/Admin - Manage FAQ/Page_Manage Faq/input_search' is clicked on

2020-06-17 20:45:41 - [TEST_STEP][PASSED] - setText(findTestObject("Alda/Admin - Manage FAQ/Page_Manage Faq/input_search"), var_search_after_edit): Text 'question 1 adalah?' is set on object 'Object Repository/Alda/Admin - Manage FAQ/Page_Manage Faq/input_search'

2020-06-17 20:45:42 - [MESSAGE][PASSED] - Text 'question 1 adalah?' is set on object 'Object Repository/Alda/Admin - Manage FAQ/Page_Manage Faq/input_search'

2020-06-17 20:45:42 - [TEST_STEP][PASSED] - click(findTestObject("Christi/Page_Manage Faq/button_Clear button_app-search-button wi wi-search"), STOP_ON_FAILURE): Object: 'Object Repository/Christi/Page_Manage Faq/button_Clear button_app-search-button wi wi-search' is clicked on

2020-06-17 20:45:42 - [MESSAGE][PASSED] - Object: 'Object Repository/Christi/Page_Manage Faq/button_Clear button_app-search-button wi wi-search' is clicked on

2020-06-17 20:45:42 - [TEST_STEP][PASSED] - closeBrowser(): Browser is closed

2020-06-17 20:45:44 - [MESSAGE][PASSED] - Browser is closed]]></system-out>
         <system-err><![CDATA[]]></system-err>
      </testcase>
      <testcase name="Test Cases/Alda/Admin - Manage FAQ/Edit" time="162.337" classname="Test Cases/Alda/Admin - Manage FAQ/Edit" status="FAILED">
         <failure type="FAILED" message="Test Cases/Alda/Admin - Manage FAQ/Edit FAILED.
Reason:
com.kms.katalon.core.exception.StepFailedException: Unable to verify object 'Object Repository/Alda/Admin - Manage FAQ/Page_Manage Faq/btn_save_edit' is present
	at com.kms.katalon.core.webui.keyword.internal.WebUIKeywordMain.stepFailed(WebUIKeywordMain.groovy:64)
	at com.kms.katalon.core.webui.keyword.internal.WebUIKeywordMain.runKeyword(WebUIKeywordMain.groovy:26)
	at com.kms.katalon.core.webui.keyword.builtin.VerifyElementPresentKeyword.verifyElementPresent(VerifyElementPresentKeyword.groovy:92)
	at com.kms.katalon.core.webui.keyword.builtin.VerifyElementPresentKeyword.execute(VerifyElementPresentKeyword.groovy:68)
	at com.kms.katalon.core.keyword.internal.KeywordExecutor.executeKeywordForPlatform(KeywordExecutor.groovy:60)
	at com.kms.katalon.core.webui.keyword.WebUiBuiltInKeywords.verifyElementPresent(WebUiBuiltInKeywords.groovy:1434)
	at com.kms.katalon.core.webui.keyword.WebUiBuiltInKeywords$verifyElementPresent$9.call(Unknown Source)
	at Edit.run(Edit:131)
	at com.kms.katalon.core.main.ScriptEngine.run(ScriptEngine.java:194)
	at com.kms.katalon.core.main.ScriptEngine.runScriptAsRawText(ScriptEngine.java:119)
	at com.kms.katalon.core.main.TestCaseExecutor.runScript(TestCaseExecutor.java:337)
	at com.kms.katalon.core.main.TestCaseExecutor.doExecute(TestCaseExecutor.java:328)
	at com.kms.katalon.core.main.TestCaseExecutor.processExecutionPhase(TestCaseExecutor.java:307)
	at com.kms.katalon.core.main.TestCaseExecutor.accessMainPhase(TestCaseExecutor.java:299)
	at com.kms.katalon.core.main.TestCaseExecutor.execute(TestCaseExecutor.java:233)
	at com.kms.katalon.core.main.TestSuiteExecutor.accessTestCaseMainPhase(TestSuiteExecutor.java:169)
	at com.kms.katalon.core.main.TestSuiteExecutor.accessTestSuiteMainPhase(TestSuiteExecutor.java:142)
	at com.kms.katalon.core.main.TestSuiteExecutor.execute(TestSuiteExecutor.java:91)
	at com.kms.katalon.core.main.TestCaseMain.startTestSuite(TestCaseMain.java:157)
	at com.kms.katalon.core.main.TestCaseMain$startTestSuite$0.call(Unknown Source)
	at TempTestSuite1592401186095.run(TempTestSuite1592401186095.groovy:36)
Caused by: com.kms.katalon.core.exception.StepFailedException: com.kms.katalon.core.webui.exception.WebElementNotFoundException: Web element with id: 'Object Repository/Alda/Admin - Manage FAQ/Page_Manage Faq/btn_save_edit' located by 'By.xpath: //body[@id='ng-app']/modal-container/app-page-managefaq/div/div/div/div[2]/div/div[7]/div/button/span' not found
	at com.kms.katalon.core.webui.keyword.internal.WebUIKeywordMain.stepFailed(WebUIKeywordMain.groovy:64)
	at com.kms.katalon.core.webui.keyword.builtin.VerifyElementPresentKeyword$_verifyElementPresent_closure1.doCall(VerifyElementPresentKeyword.groovy:85)
	at com.kms.katalon.core.webui.keyword.builtin.VerifyElementPresentKeyword$_verifyElementPresent_closure1.call(VerifyElementPresentKeyword.groovy)
	at com.kms.katalon.core.webui.keyword.internal.WebUIKeywordMain.runKeyword(WebUIKeywordMain.groovy:20)
	... 19 more
"/>
         <system-out><![CDATA[2020-06-17 20:45:44 - [TEST_CASE][FAILED] - Test Cases/Alda/Admin - Manage FAQ/Edit: Test Cases/Alda/Admin - Manage FAQ/Edit FAILED.
Reason:
com.kms.katalon.core.exception.StepFailedException: Unable to verify object 'Object Repository/Alda/Admin - Manage FAQ/Page_Manage Faq/btn_save_edit' is present
	at com.kms.katalon.core.webui.keyword.internal.WebUIKeywordMain.stepFailed(WebUIKeywordMain.groovy:64)
	at com.kms.katalon.core.webui.keyword.internal.WebUIKeywordMain.runKeyword(WebUIKeywordMain.groovy:26)
	at com.kms.katalon.core.webui.keyword.builtin.VerifyElementPresentKeyword.verifyElementPresent(VerifyElementPresentKeyword.groovy:92)
	at com.kms.katalon.core.webui.keyword.builtin.VerifyElementPresentKeyword.execute(VerifyElementPresentKeyword.groovy:68)
	at com.kms.katalon.core.keyword.internal.KeywordExecutor.executeKeywordForPlatform(KeywordExecutor.groovy:60)
	at com.kms.katalon.core.webui.keyword.WebUiBuiltInKeywords.verifyElementPresent(WebUiBuiltInKeywords.groovy:1434)
	at com.kms.katalon.core.webui.keyword.WebUiBuiltInKeywords$verifyElementPresent$9.call(Unknown Source)
	at Edit.run(Edit:131)
	at com.kms.katalon.core.main.ScriptEngine.run(ScriptEngine.java:194)
	at com.kms.katalon.core.main.ScriptEngine.runScriptAsRawText(ScriptEngine.java:119)
	at com.kms.katalon.core.main.TestCaseExecutor.runScript(TestCaseExecutor.java:337)
	at com.kms.katalon.core.main.TestCaseExecutor.doExecute(TestCaseExecutor.java:328)
	at com.kms.katalon.core.main.TestCaseExecutor.processExecutionPhase(TestCaseExecutor.java:307)
	at com.kms.katalon.core.main.TestCaseExecutor.accessMainPhase(TestCaseExecutor.java:299)
	at com.kms.katalon.core.main.TestCaseExecutor.execute(TestCaseExecutor.java:233)
	at com.kms.katalon.core.main.TestSuiteExecutor.accessTestCaseMainPhase(TestSuiteExecutor.java:169)
	at com.kms.katalon.core.main.TestSuiteExecutor.accessTestSuiteMainPhase(TestSuiteExecutor.java:142)
	at com.kms.katalon.core.main.TestSuiteExecutor.execute(TestSuiteExecutor.java:91)
	at com.kms.katalon.core.main.TestCaseMain.startTestSuite(TestCaseMain.java:157)
	at com.kms.katalon.core.main.TestCaseMain$startTestSuite$0.call(Unknown Source)
	at TempTestSuite1592401186095.run(TempTestSuite1592401186095.groovy:36)
Caused by: com.kms.katalon.core.exception.StepFailedException: com.kms.katalon.core.webui.exception.WebElementNotFoundException: Web element with id: 'Object Repository/Alda/Admin - Manage FAQ/Page_Manage Faq/btn_save_edit' located by 'By.xpath: //body[@id='ng-app']/modal-container/app-page-managefaq/div/div/div/div[2]/div/div[7]/div/button/span' not found
	at com.kms.katalon.core.webui.keyword.internal.WebUIKeywordMain.stepFailed(WebUIKeywordMain.groovy:64)
	at com.kms.katalon.core.webui.keyword.builtin.VerifyElementPresentKeyword$_verifyElementPresent_closure1.doCall(VerifyElementPresentKeyword.groovy:85)
	at com.kms.katalon.core.webui.keyword.builtin.VerifyElementPresentKeyword$_verifyElementPresent_closure1.call(VerifyElementPresentKeyword.groovy)
	at com.kms.katalon.core.webui.keyword.internal.WebUIKeywordMain.runKeyword(WebUIKeywordMain.groovy:20)
	... 19 more


2020-06-17 20:45:44 - [TEST_STEP][PASSED] - callTestCase(findTestCase("Christi/Admin/admin login"), ["username":"11666", "password":"Password3"], STOP_ON_FAILURE): Call Test Case 'Test Cases/Christi/Admin/admin login' successfully

2020-06-17 20:45:44 - [TEST_CASE][PASSED] - Test Cases/Christi/Admin/admin login: Test Cases/Christi/Admin/admin login

2020-06-17 20:45:44 - [TEST_STEP][PASSED] - openBrowser(""): Browser is opened with url: ''

2020-06-17 20:45:44 - [MESSAGE][INFO] - Starting 'Chrome' driver

2020-06-17 20:45:47 - [MESSAGE][PASSED] - Browser is opened with url: ''

2020-06-17 20:45:47 - [TEST_STEP][PASSED] - navigateToUrl("https://appsrv1.deltadatamandiri.com/ACC_LMS_WEB/#/admNLmn"): Navigate to 'https://appsrv1.deltadatamandiri.com/ACC_LMS_WEB/#/admNLmn' successfully

2020-06-17 20:46:36 - [MESSAGE][PASSED] - Navigate to 'https://appsrv1.deltadatamandiri.com/ACC_LMS_WEB/#/admNLmn' successfully

2020-06-17 20:46:36 - [TEST_STEP][PASSED] - click(findTestObject("Christi/Page_Main/button_login")): Object: 'Object Repository/Christi/Page_Main/button_login' is clicked on

2020-06-17 20:46:53 - [MESSAGE][ERROR] - javascript error: Failed to execute 'elementsFromPoint' on 'Document': The provided double value is non-finite.
  (Session info: chrome=83.0.4103.106)
Build info: version: '3.141.59', revision: 'e82be7d358', time: '2018-11-14T08:25:53'
System info: host: 'LAPTOP-D0TPACJ1', ip: '192.168.100.227', os.name: 'Windows 10', os.arch: 'amd64', os.version: '10.0', java.version: '1.8.0_181'
Driver info: com.kms.katalon.selenium.driver.CChromeDriver
Capabilities {acceptInsecureCerts: false, browserName: chrome, browserVersion: 83.0.4103.106, chrome: {chromedriverVersion: 83.0.4103.39 (ccbf011cb2d2b..., userDataDir: C:\Users\ASUS\AppData\Local...}, goog:chromeOptions: {debuggerAddress: localhost:49347}, javascriptEnabled: true, networkConnectionEnabled: false, pageLoadStrategy: normal, platform: WINDOWS, platformName: WINDOWS, proxy: Proxy(), setWindowRect: true, strictFileInteractability: false, timeouts: {implicit: 0, pageLoad: 300000, script: 30000}, unhandledPromptBehavior: dismiss and notify, webauthn:virtualAuthenticators: true}
Session ID: 95876b977f6526dcbf19295fad282856

2020-06-17 20:46:54 - [MESSAGE][PASSED] - Object: 'Object Repository/Christi/Page_Main/button_login' is clicked on

2020-06-17 20:46:54 - [TEST_STEP][PASSED] - delay(3): Delayed 3 second(s)

2020-06-17 20:46:57 - [MESSAGE][PASSED] - Delayed 3 second(s)

2020-06-17 20:46:57 - [TEST_STEP][PASSED] - setText(findTestObject("Object Repository/Christi/Page_Main/input_NPK_username"), username): Text '11666' is set on object 'Object Repository/Christi/Page_Main/input_NPK_username'

2020-06-17 20:46:58 - [MESSAGE][PASSED] - Text '11666' is set on object 'Object Repository/Christi/Page_Main/input_NPK_username'

2020-06-17 20:46:58 - [TEST_STEP][PASSED] - setText(findTestObject("Object Repository/Christi/Page_Main/input_Password_password"), password): Text 'Password3' is set on object 'Object Repository/Christi/Page_Main/input_Password_password'

2020-06-17 20:46:58 - [MESSAGE][PASSED] - Text 'Password3' is set on object 'Object Repository/Christi/Page_Main/input_Password_password'

2020-06-17 20:46:58 - [TEST_STEP][PASSED] - delay(5): Delayed 5 second(s)

2020-06-17 20:47:03 - [MESSAGE][PASSED] - Delayed 5 second(s)

2020-06-17 20:47:03 - [TEST_STEP][PASSED] - click(findTestObject("Rizka/Admin/Admin - Login/btnLogin2")): Object: 'Object Repository/Rizka/Admin/Admin - Login/btnLogin2' is clicked on

2020-06-17 20:47:04 - [MESSAGE][PASSED] - Object: 'Object Repository/Rizka/Admin/Admin - Login/btnLogin2' is clicked on

2020-06-17 20:47:04 - [TEST_STEP][PASSED] - delay(5): Delayed 5 second(s)

2020-06-17 20:47:09 - [MESSAGE][PASSED] - Delayed 5 second(s)

2020-06-17 20:47:09 - [MESSAGE][PASSED] - Call Test Case 'Test Cases/Christi/Admin/admin login' successfully

2020-06-17 20:47:09 - [TEST_STEP][PASSED] - delay(5): Delayed 5 second(s)

2020-06-17 20:47:14 - [MESSAGE][PASSED] - Delayed 5 second(s)

2020-06-17 20:47:14 - [TEST_STEP][PASSED] - click(findTestObject("Christi/Page_Dashboard Admin/span_Manage FAQ")): Object: 'Object Repository/Christi/Page_Dashboard Admin/span_Manage FAQ' is clicked on

2020-06-17 20:47:15 - [MESSAGE][PASSED] - Object: 'Object Repository/Christi/Page_Dashboard Admin/span_Manage FAQ' is clicked on

2020-06-17 20:47:15 - [TEST_STEP][PASSED] - click(findTestObject("Alda/Admin - Manage FAQ/Page_Manage Faq/input_search")): Object: 'Object Repository/Alda/Admin - Manage FAQ/Page_Manage Faq/input_search' is clicked on

2020-06-17 20:47:17 - [MESSAGE][PASSED] - Object: 'Object Repository/Alda/Admin - Manage FAQ/Page_Manage Faq/input_search' is clicked on

2020-06-17 20:47:17 - [TEST_STEP][PASSED] - setText(findTestObject("Alda/Admin - Manage FAQ/Page_Manage Faq/input_search"), var_search): Text 'question 1 adalah?' is set on object 'Object Repository/Alda/Admin - Manage FAQ/Page_Manage Faq/input_search'

2020-06-17 20:47:21 - [MESSAGE][PASSED] - Text 'question 1 adalah?' is set on object 'Object Repository/Alda/Admin - Manage FAQ/Page_Manage Faq/input_search'

2020-06-17 20:47:21 - [TEST_STEP][PASSED] - click(findTestObject("Christi/Page_Manage Faq/button_Clear button_app-search-button wi wi-search"), STOP_ON_FAILURE): Object: 'Object Repository/Christi/Page_Manage Faq/button_Clear button_app-search-button wi wi-search' is clicked on

2020-06-17 20:47:22 - [MESSAGE][PASSED] - Object: 'Object Repository/Christi/Page_Manage Faq/button_Clear button_app-search-button wi wi-search' is clicked on

2020-06-17 20:47:22 - [TEST_STEP][FAILED] - if (expected_search == "found"): Unable to verify object 'Object Repository/Alda/Admin - Manage FAQ/Page_Manage Faq/btn_save_edit' is present (Root cause: com.kms.katalon.core.exception.StepFailedException: Unable to verify object 'Object Repository/Alda/Admin - Manage FAQ/Page_Manage Faq/btn_save_edit' is present
	at com.kms.katalon.core.webui.keyword.internal.WebUIKeywordMain.stepFailed(WebUIKeywordMain.groovy:64)
	at com.kms.katalon.core.webui.keyword.internal.WebUIKeywordMain.runKeyword(WebUIKeywordMain.groovy:26)
	at com.kms.katalon.core.webui.keyword.builtin.VerifyElementPresentKeyword.verifyElementPresent(VerifyElementPresentKeyword.groovy:92)
	at com.kms.katalon.core.webui.keyword.builtin.VerifyElementPresentKeyword.execute(VerifyElementPresentKeyword.groovy:68)
	at com.kms.katalon.core.keyword.internal.KeywordExecutor.executeKeywordForPlatform(KeywordExecutor.groovy:60)
	at com.kms.katalon.core.webui.keyword.WebUiBuiltInKeywords.verifyElementPresent(WebUiBuiltInKeywords.groovy:1434)
	at com.kms.katalon.core.webui.keyword.WebUiBuiltInKeywords$verifyElementPresent$9.call(Unknown Source)
	at Edit.run(Edit:131)
	at com.kms.katalon.core.main.ScriptEngine.run(ScriptEngine.java:194)
	at com.kms.katalon.core.main.ScriptEngine.runScriptAsRawText(ScriptEngine.java:119)
	at com.kms.katalon.core.main.TestCaseExecutor.runScript(TestCaseExecutor.java:337)
	at com.kms.katalon.core.main.TestCaseExecutor.doExecute(TestCaseExecutor.java:328)
	at com.kms.katalon.core.main.TestCaseExecutor.processExecutionPhase(TestCaseExecutor.java:307)
	at com.kms.katalon.core.main.TestCaseExecutor.accessMainPhase(TestCaseExecutor.java:299)
	at com.kms.katalon.core.main.TestCaseExecutor.execute(TestCaseExecutor.java:233)
	at com.kms.katalon.core.main.TestSuiteExecutor.accessTestCaseMainPhase(TestSuiteExecutor.java:169)
	at com.kms.katalon.core.main.TestSuiteExecutor.accessTestSuiteMainPhase(TestSuiteExecutor.java:142)
	at com.kms.katalon.core.main.TestSuiteExecutor.execute(TestSuiteExecutor.java:91)
	at com.kms.katalon.core.main.TestCaseMain.startTestSuite(TestCaseMain.java:157)
	at com.kms.katalon.core.main.TestCaseMain$startTestSuite$0.call(Unknown Source)
	at TempTestSuite1592401186095.run(TempTestSuite1592401186095.groovy:36)
Caused by: com.kms.katalon.core.exception.StepFailedException: com.kms.katalon.core.webui.exception.WebElementNotFoundException: Web element with id: 'Object Repository/Alda/Admin - Manage FAQ/Page_Manage Faq/btn_save_edit' located by 'By.xpath: //body[@id='ng-app']/modal-container/app-page-managefaq/div/div/div/div[2]/div/div[7]/div/button/span' not found
	at com.kms.katalon.core.webui.keyword.internal.WebUIKeywordMain.stepFailed(WebUIKeywordMain.groovy:64)
	at com.kms.katalon.core.webui.keyword.builtin.VerifyElementPresentKeyword$_verifyElementPresent_closure1.doCall(VerifyElementPresentKeyword.groovy:85)
	at com.kms.katalon.core.webui.keyword.builtin.VerifyElementPresentKeyword$_verifyElementPresent_closure1.call(VerifyElementPresentKeyword.groovy)
	at com.kms.katalon.core.webui.keyword.internal.WebUIKeywordMain.runKeyword(WebUIKeywordMain.groovy:20)
	... 19 more
)

2020-06-17 20:47:22 - [TEST_STEP][PASSED] - verifyElementVisible(findTestObject("Alda/Admin - Manage FAQ/Page_Manage Faq/label_search_visible", ["text":var_search])): Object 'Object Repository/Alda/Admin - Manage FAQ/Page_Manage Faq/label_search_visible' is visible

2020-06-17 20:47:25 - [MESSAGE][PASSED] - Object 'Object Repository/Alda/Admin - Manage FAQ/Page_Manage Faq/label_search_visible' is visible

2020-06-17 20:47:25 - [TEST_STEP][PASSED] - delay(5): Delayed 5 second(s)

2020-06-17 20:47:30 - [MESSAGE][PASSED] - Delayed 5 second(s)

2020-06-17 20:47:30 - [TEST_STEP][PASSED] - click(findTestObject("Alda/Admin - Manage FAQ/Page_Manage Faq/btn_edit")): Object: 'Object Repository/Alda/Admin - Manage FAQ/Page_Manage Faq/btn_edit' is clicked on

2020-06-17 20:47:31 - [MESSAGE][PASSED] - Object: 'Object Repository/Alda/Admin - Manage FAQ/Page_Manage Faq/btn_edit' is clicked on

2020-06-17 20:47:31 - [TEST_STEP][PASSED] - verifyElementVisible(findTestObject("Object Repository/Alda/Admin - Manage FAQ/Page_Manage Faq/header_edit_page")): Object 'Object Repository/Alda/Admin - Manage FAQ/Page_Manage Faq/header_edit_page' is visible

2020-06-17 20:47:34 - [MESSAGE][PASSED] - Object 'Object Repository/Alda/Admin - Manage FAQ/Page_Manage Faq/header_edit_page' is visible

2020-06-17 20:47:34 - [TEST_STEP][PASSED] - switch (opsi_edit.toString()): null

2020-06-17 20:47:34 - [TEST_STEP][PASSED] - case "question_only":: null

2020-06-17 20:47:34 - [TEST_STEP][PASSED] - clearText(findTestObject("Alda/Admin - Manage FAQ/Page_Manage Faq/edit_question"), STOP_ON_FAILURE): Text of object 'Object Repository/Alda/Admin - Manage FAQ/Page_Manage Faq/edit_question' is cleared

2020-06-17 20:47:35 - [MESSAGE][PASSED] - Text of object 'Object Repository/Alda/Admin - Manage FAQ/Page_Manage Faq/edit_question' is cleared

2020-06-17 20:47:35 - [TEST_STEP][PASSED] - if (var_question_new != ""): null

2020-06-17 20:47:35 - [TEST_STEP][PASSED] - delay(2): Delayed 2 second(s)

2020-06-17 20:47:37 - [MESSAGE][PASSED] - Delayed 2 second(s)

2020-06-17 20:47:37 - [TEST_STEP][PASSED] - break: null

2020-06-17 20:47:37 - [TEST_STEP][PASSED] - if (expected_output == "pass"): null

2020-06-17 20:47:37 - [TEST_STEP][FAILED] - else if (expected_output == "fail"): Unable to verify object 'Object Repository/Alda/Admin - Manage FAQ/Page_Manage Faq/btn_save_edit' is present (Root cause: com.kms.katalon.core.exception.StepFailedException: Unable to verify object 'Object Repository/Alda/Admin - Manage FAQ/Page_Manage Faq/btn_save_edit' is present
	at com.kms.katalon.core.webui.keyword.internal.WebUIKeywordMain.stepFailed(WebUIKeywordMain.groovy:64)
	at com.kms.katalon.core.webui.keyword.internal.WebUIKeywordMain.runKeyword(WebUIKeywordMain.groovy:26)
	at com.kms.katalon.core.webui.keyword.builtin.VerifyElementPresentKeyword.verifyElementPresent(VerifyElementPresentKeyword.groovy:92)
	at com.kms.katalon.core.webui.keyword.builtin.VerifyElementPresentKeyword.execute(VerifyElementPresentKeyword.groovy:68)
	at com.kms.katalon.core.keyword.internal.KeywordExecutor.executeKeywordForPlatform(KeywordExecutor.groovy:60)
	at com.kms.katalon.core.webui.keyword.WebUiBuiltInKeywords.verifyElementPresent(WebUiBuiltInKeywords.groovy:1434)
	at com.kms.katalon.core.webui.keyword.WebUiBuiltInKeywords$verifyElementPresent$9.call(Unknown Source)
	at Edit.run(Edit:131)
	at com.kms.katalon.core.main.ScriptEngine.run(ScriptEngine.java:194)
	at com.kms.katalon.core.main.ScriptEngine.runScriptAsRawText(ScriptEngine.java:119)
	at com.kms.katalon.core.main.TestCaseExecutor.runScript(TestCaseExecutor.java:337)
	at com.kms.katalon.core.main.TestCaseExecutor.doExecute(TestCaseExecutor.java:328)
	at com.kms.katalon.core.main.TestCaseExecutor.processExecutionPhase(TestCaseExecutor.java:307)
	at com.kms.katalon.core.main.TestCaseExecutor.accessMainPhase(TestCaseExecutor.java:299)
	at com.kms.katalon.core.main.TestCaseExecutor.execute(TestCaseExecutor.java:233)
	at com.kms.katalon.core.main.TestSuiteExecutor.accessTestCaseMainPhase(TestSuiteExecutor.java:169)
	at com.kms.katalon.core.main.TestSuiteExecutor.accessTestSuiteMainPhase(TestSuiteExecutor.java:142)
	at com.kms.katalon.core.main.TestSuiteExecutor.execute(TestSuiteExecutor.java:91)
	at com.kms.katalon.core.main.TestCaseMain.startTestSuite(TestCaseMain.java:157)
	at com.kms.katalon.core.main.TestCaseMain$startTestSuite$0.call(Unknown Source)
	at TempTestSuite1592401186095.run(TempTestSuite1592401186095.groovy:36)
Caused by: com.kms.katalon.core.exception.StepFailedException: com.kms.katalon.core.webui.exception.WebElementNotFoundException: Web element with id: 'Object Repository/Alda/Admin - Manage FAQ/Page_Manage Faq/btn_save_edit' located by 'By.xpath: //body[@id='ng-app']/modal-container/app-page-managefaq/div/div/div/div[2]/div/div[7]/div/button/span' not found
	at com.kms.katalon.core.webui.keyword.internal.WebUIKeywordMain.stepFailed(WebUIKeywordMain.groovy:64)
	at com.kms.katalon.core.webui.keyword.builtin.VerifyElementPresentKeyword$_verifyElementPresent_closure1.doCall(VerifyElementPresentKeyword.groovy:85)
	at com.kms.katalon.core.webui.keyword.builtin.VerifyElementPresentKeyword$_verifyElementPresent_closure1.call(VerifyElementPresentKeyword.groovy)
	at com.kms.katalon.core.webui.keyword.internal.WebUIKeywordMain.runKeyword(WebUIKeywordMain.groovy:20)
	... 19 more
)

2020-06-17 20:47:37 - [TEST_STEP][PASSED] - click(findTestObject("Object Repository/Alda/Admin - Manage FAQ/Page_Manage Faq/btn_save_edit")): Object: 'Object Repository/Alda/Admin - Manage FAQ/Page_Manage Faq/btn_save_edit' is clicked on

2020-06-17 20:47:38 - [MESSAGE][PASSED] - Object: 'Object Repository/Alda/Admin - Manage FAQ/Page_Manage Faq/btn_save_edit' is clicked on

2020-06-17 20:47:38 - [TEST_STEP][PASSED] - delay(3): Delayed 3 second(s)

2020-06-17 20:47:41 - [MESSAGE][PASSED] - Delayed 3 second(s)

2020-06-17 20:47:41 - [TEST_STEP][FAILED] - verifyElementPresent(findTestObject("Alda/Admin - Manage FAQ/Page_Manage Faq/btn_save_edit"), 0): Unable to verify object 'Object Repository/Alda/Admin - Manage FAQ/Page_Manage Faq/btn_save_edit' is present (Root cause: com.kms.katalon.core.exception.StepFailedException: Unable to verify object 'Object Repository/Alda/Admin - Manage FAQ/Page_Manage Faq/btn_save_edit' is present
	at com.kms.katalon.core.webui.keyword.internal.WebUIKeywordMain.stepFailed(WebUIKeywordMain.groovy:64)
	at com.kms.katalon.core.webui.keyword.internal.WebUIKeywordMain.runKeyword(WebUIKeywordMain.groovy:26)
	at com.kms.katalon.core.webui.keyword.builtin.VerifyElementPresentKeyword.verifyElementPresent(VerifyElementPresentKeyword.groovy:92)
	at com.kms.katalon.core.webui.keyword.builtin.VerifyElementPresentKeyword.execute(VerifyElementPresentKeyword.groovy:68)
	at com.kms.katalon.core.keyword.internal.KeywordExecutor.executeKeywordForPlatform(KeywordExecutor.groovy:60)
	at com.kms.katalon.core.webui.keyword.WebUiBuiltInKeywords.verifyElementPresent(WebUiBuiltInKeywords.groovy:1434)
	at com.kms.katalon.core.webui.keyword.WebUiBuiltInKeywords$verifyElementPresent$9.call(Unknown Source)
	at Edit.run(Edit:131)
	at com.kms.katalon.core.main.ScriptEngine.run(ScriptEngine.java:194)
	at com.kms.katalon.core.main.ScriptEngine.runScriptAsRawText(ScriptEngine.java:119)
	at com.kms.katalon.core.main.TestCaseExecutor.runScript(TestCaseExecutor.java:337)
	at com.kms.katalon.core.main.TestCaseExecutor.doExecute(TestCaseExecutor.java:328)
	at com.kms.katalon.core.main.TestCaseExecutor.processExecutionPhase(TestCaseExecutor.java:307)
	at com.kms.katalon.core.main.TestCaseExecutor.accessMainPhase(TestCaseExecutor.java:299)
	at com.kms.katalon.core.main.TestCaseExecutor.execute(TestCaseExecutor.java:233)
	at com.kms.katalon.core.main.TestSuiteExecutor.accessTestCaseMainPhase(TestSuiteExecutor.java:169)
	at com.kms.katalon.core.main.TestSuiteExecutor.accessTestSuiteMainPhase(TestSuiteExecutor.java:142)
	at com.kms.katalon.core.main.TestSuiteExecutor.execute(TestSuiteExecutor.java:91)
	at com.kms.katalon.core.main.TestCaseMain.startTestSuite(TestCaseMain.java:157)
	at com.kms.katalon.core.main.TestCaseMain$startTestSuite$0.call(Unknown Source)
	at TempTestSuite1592401186095.run(TempTestSuite1592401186095.groovy:36)
Caused by: com.kms.katalon.core.exception.StepFailedException: com.kms.katalon.core.webui.exception.WebElementNotFoundException: Web element with id: 'Object Repository/Alda/Admin - Manage FAQ/Page_Manage Faq/btn_save_edit' located by 'By.xpath: //body[@id='ng-app']/modal-container/app-page-managefaq/div/div/div/div[2]/div/div[7]/div/button/span' not found
	at com.kms.katalon.core.webui.keyword.internal.WebUIKeywordMain.stepFailed(WebUIKeywordMain.groovy:64)
	at com.kms.katalon.core.webui.keyword.builtin.VerifyElementPresentKeyword$_verifyElementPresent_closure1.doCall(VerifyElementPresentKeyword.groovy:85)
	at com.kms.katalon.core.webui.keyword.builtin.VerifyElementPresentKeyword$_verifyElementPresent_closure1.call(VerifyElementPresentKeyword.groovy)
	at com.kms.katalon.core.webui.keyword.internal.WebUIKeywordMain.runKeyword(WebUIKeywordMain.groovy:20)
	... 19 more
)

2020-06-17 20:47:41 - [MESSAGE][WARNING] - Timeout '0' is invalid. Using default page load timeout: '30'

2020-06-17 20:48:25 - [MESSAGE][INFO] - Unable to find the element located by 'By.xpath: //body[@id='ng-app']/modal-container/app-page-managefaq/div/div/div/div[2]/div/div[7]/div/button/span'. Please recheck the objects properties to make sure the desired element is located. 

2020-06-17 20:48:26 - [MESSAGE][FAILED] - com.kms.katalon.core.webui.exception.WebElementNotFoundException: Web element with id: 'Object Repository/Alda/Admin - Manage FAQ/Page_Manage Faq/btn_save_edit' located by 'By.xpath: //body[@id='ng-app']/modal-container/app-page-managefaq/div/div/div/div[2]/div/div[7]/div/button/span' not found (Root cause: com.kms.katalon.core.exception.StepFailedException: com.kms.katalon.core.webui.exception.WebElementNotFoundException: Web element with id: 'Object Repository/Alda/Admin - Manage FAQ/Page_Manage Faq/btn_save_edit' located by 'By.xpath: //body[@id='ng-app']/modal-container/app-page-managefaq/div/div/div/div[2]/div/div[7]/div/button/span' not found
	at com.kms.katalon.core.webui.keyword.internal.WebUIKeywordMain.stepFailed(WebUIKeywordMain.groovy:64)
	at com.kms.katalon.core.webui.keyword.builtin.VerifyElementPresentKeyword$_verifyElementPresent_closure1.doCall(VerifyElementPresentKeyword.groovy:85)
	at com.kms.katalon.core.webui.keyword.builtin.VerifyElementPresentKeyword$_verifyElementPresent_closure1.call(VerifyElementPresentKeyword.groovy)
	at com.kms.katalon.core.webui.keyword.internal.WebUIKeywordMain.runKeyword(WebUIKeywordMain.groovy:20)
	at com.kms.katalon.core.webui.keyword.builtin.VerifyElementPresentKeyword.verifyElementPresent(VerifyElementPresentKeyword.groovy:92)
	at com.kms.katalon.core.webui.keyword.builtin.VerifyElementPresentKeyword.execute(VerifyElementPresentKeyword.groovy:68)
	at com.kms.katalon.core.keyword.internal.KeywordExecutor.executeKeywordForPlatform(KeywordExecutor.groovy:60)
	at com.kms.katalon.core.webui.keyword.WebUiBuiltInKeywords.verifyElementPresent(WebUiBuiltInKeywords.groovy:1434)
	at com.kms.katalon.core.webui.keyword.WebUiBuiltInKeywords$verifyElementPresent$9.call(Unknown Source)
	at Edit.run(Edit:131)
	at com.kms.katalon.core.main.ScriptEngine.run(ScriptEngine.java:194)
	at com.kms.katalon.core.main.ScriptEngine.runScriptAsRawText(ScriptEngine.java:119)
	at com.kms.katalon.core.main.TestCaseExecutor.runScript(TestCaseExecutor.java:337)
	at com.kms.katalon.core.main.TestCaseExecutor.doExecute(TestCaseExecutor.java:328)
	at com.kms.katalon.core.main.TestCaseExecutor.processExecutionPhase(TestCaseExecutor.java:307)
	at com.kms.katalon.core.main.TestCaseExecutor.accessMainPhase(TestCaseExecutor.java:299)
	at com.kms.katalon.core.main.TestCaseExecutor.execute(TestCaseExecutor.java:233)
	at com.kms.katalon.core.main.TestSuiteExecutor.accessTestCaseMainPhase(TestSuiteExecutor.java:169)
	at com.kms.katalon.core.main.TestSuiteExecutor.accessTestSuiteMainPhase(TestSuiteExecutor.java:142)
	at com.kms.katalon.core.main.TestSuiteExecutor.execute(TestSuiteExecutor.java:91)
	at com.kms.katalon.core.main.TestCaseMain.startTestSuite(TestCaseMain.java:157)
	at com.kms.katalon.core.main.TestCaseMain$startTestSuite$0.call(Unknown Source)
	at TempTestSuite1592401186095.run(TempTestSuite1592401186095.groovy:36)
)
[[ATTACHMENT|C:\\Users\\ASUS\\git\\LearningManagementWebs\\Reports\\20200617_203946\\Alda\\Admin_Manage FAQ - Edit\\20200617_203946\\1592401705948.png]]

2020-06-17 20:48:26 - [MESSAGE][FAILED] - Unable to verify object 'Object Repository/Alda/Admin - Manage FAQ/Page_Manage Faq/btn_save_edit' is present (Root cause: com.kms.katalon.core.exception.StepFailedException: Unable to verify object 'Object Repository/Alda/Admin - Manage FAQ/Page_Manage Faq/btn_save_edit' is present
	at com.kms.katalon.core.webui.keyword.internal.WebUIKeywordMain.stepFailed(WebUIKeywordMain.groovy:64)
	at com.kms.katalon.core.webui.keyword.internal.WebUIKeywordMain.runKeyword(WebUIKeywordMain.groovy:26)
	at com.kms.katalon.core.webui.keyword.builtin.VerifyElementPresentKeyword.verifyElementPresent(VerifyElementPresentKeyword.groovy:92)
	at com.kms.katalon.core.webui.keyword.builtin.VerifyElementPresentKeyword.execute(VerifyElementPresentKeyword.groovy:68)
	at com.kms.katalon.core.keyword.internal.KeywordExecutor.executeKeywordForPlatform(KeywordExecutor.groovy:60)
	at com.kms.katalon.core.webui.keyword.WebUiBuiltInKeywords.verifyElementPresent(WebUiBuiltInKeywords.groovy:1434)
	at com.kms.katalon.core.webui.keyword.WebUiBuiltInKeywords$verifyElementPresent$9.call(Unknown Source)
	at Edit.run(Edit:131)
	at com.kms.katalon.core.main.ScriptEngine.run(ScriptEngine.java:194)
	at com.kms.katalon.core.main.ScriptEngine.runScriptAsRawText(ScriptEngine.java:119)
	at com.kms.katalon.core.main.TestCaseExecutor.runScript(TestCaseExecutor.java:337)
	at com.kms.katalon.core.main.TestCaseExecutor.doExecute(TestCaseExecutor.java:328)
	at com.kms.katalon.core.main.TestCaseExecutor.processExecutionPhase(TestCaseExecutor.java:307)
	at com.kms.katalon.core.main.TestCaseExecutor.accessMainPhase(TestCaseExecutor.java:299)
	at com.kms.katalon.core.main.TestCaseExecutor.execute(TestCaseExecutor.java:233)
	at com.kms.katalon.core.main.TestSuiteExecutor.accessTestCaseMainPhase(TestSuiteExecutor.java:169)
	at com.kms.katalon.core.main.TestSuiteExecutor.accessTestSuiteMainPhase(TestSuiteExecutor.java:142)
	at com.kms.katalon.core.main.TestSuiteExecutor.execute(TestSuiteExecutor.java:91)
	at com.kms.katalon.core.main.TestCaseMain.startTestSuite(TestCaseMain.java:157)
	at com.kms.katalon.core.main.TestCaseMain$startTestSuite$0.call(Unknown Source)
	at TempTestSuite1592401186095.run(TempTestSuite1592401186095.groovy:36)
Caused by: com.kms.katalon.core.exception.StepFailedException: com.kms.katalon.core.webui.exception.WebElementNotFoundException: Web element with id: 'Object Repository/Alda/Admin - Manage FAQ/Page_Manage Faq/btn_save_edit' located by 'By.xpath: //body[@id='ng-app']/modal-container/app-page-managefaq/div/div/div/div[2]/div/div[7]/div/button/span' not found
	at com.kms.katalon.core.webui.keyword.internal.WebUIKeywordMain.stepFailed(WebUIKeywordMain.groovy:64)
	at com.kms.katalon.core.webui.keyword.builtin.VerifyElementPresentKeyword$_verifyElementPresent_closure1.doCall(VerifyElementPresentKeyword.groovy:85)
	at com.kms.katalon.core.webui.keyword.builtin.VerifyElementPresentKeyword$_verifyElementPresent_closure1.call(VerifyElementPresentKeyword.groovy)
	at com.kms.katalon.core.webui.keyword.internal.WebUIKeywordMain.runKeyword(WebUIKeywordMain.groovy:20)
	... 19 more
)
[[ATTACHMENT|C:\\Users\\ASUS\\git\\LearningManagementWebs\\Reports\\20200617_203946\\Alda\\Admin_Manage FAQ - Edit\\20200617_203946\\1592401706424.png]]]]></system-out>
         <system-err><![CDATA[2020-06-17 20:45:44 - [TEST_CASE][FAILED] - Test Cases/Alda/Admin - Manage FAQ/Edit: Test Cases/Alda/Admin - Manage FAQ/Edit FAILED.
Reason:
com.kms.katalon.core.exception.StepFailedException: Unable to verify object 'Object Repository/Alda/Admin - Manage FAQ/Page_Manage Faq/btn_save_edit' is present
	at com.kms.katalon.core.webui.keyword.internal.WebUIKeywordMain.stepFailed(WebUIKeywordMain.groovy:64)
	at com.kms.katalon.core.webui.keyword.internal.WebUIKeywordMain.runKeyword(WebUIKeywordMain.groovy:26)
	at com.kms.katalon.core.webui.keyword.builtin.VerifyElementPresentKeyword.verifyElementPresent(VerifyElementPresentKeyword.groovy:92)
	at com.kms.katalon.core.webui.keyword.builtin.VerifyElementPresentKeyword.execute(VerifyElementPresentKeyword.groovy:68)
	at com.kms.katalon.core.keyword.internal.KeywordExecutor.executeKeywordForPlatform(KeywordExecutor.groovy:60)
	at com.kms.katalon.core.webui.keyword.WebUiBuiltInKeywords.verifyElementPresent(WebUiBuiltInKeywords.groovy:1434)
	at com.kms.katalon.core.webui.keyword.WebUiBuiltInKeywords$verifyElementPresent$9.call(Unknown Source)
	at Edit.run(Edit:131)
	at com.kms.katalon.core.main.ScriptEngine.run(ScriptEngine.java:194)
	at com.kms.katalon.core.main.ScriptEngine.runScriptAsRawText(ScriptEngine.java:119)
	at com.kms.katalon.core.main.TestCaseExecutor.runScript(TestCaseExecutor.java:337)
	at com.kms.katalon.core.main.TestCaseExecutor.doExecute(TestCaseExecutor.java:328)
	at com.kms.katalon.core.main.TestCaseExecutor.processExecutionPhase(TestCaseExecutor.java:307)
	at com.kms.katalon.core.main.TestCaseExecutor.accessMainPhase(TestCaseExecutor.java:299)
	at com.kms.katalon.core.main.TestCaseExecutor.execute(TestCaseExecutor.java:233)
	at com.kms.katalon.core.main.TestSuiteExecutor.accessTestCaseMainPhase(TestSuiteExecutor.java:169)
	at com.kms.katalon.core.main.TestSuiteExecutor.accessTestSuiteMainPhase(TestSuiteExecutor.java:142)
	at com.kms.katalon.core.main.TestSuiteExecutor.execute(TestSuiteExecutor.java:91)
	at com.kms.katalon.core.main.TestCaseMain.startTestSuite(TestCaseMain.java:157)
	at com.kms.katalon.core.main.TestCaseMain$startTestSuite$0.call(Unknown Source)
	at TempTestSuite1592401186095.run(TempTestSuite1592401186095.groovy:36)
Caused by: com.kms.katalon.core.exception.StepFailedException: com.kms.katalon.core.webui.exception.WebElementNotFoundException: Web element with id: 'Object Repository/Alda/Admin - Manage FAQ/Page_Manage Faq/btn_save_edit' located by 'By.xpath: //body[@id='ng-app']/modal-container/app-page-managefaq/div/div/div/div[2]/div/div[7]/div/button/span' not found
	at com.kms.katalon.core.webui.keyword.internal.WebUIKeywordMain.stepFailed(WebUIKeywordMain.groovy:64)
	at com.kms.katalon.core.webui.keyword.builtin.VerifyElementPresentKeyword$_verifyElementPresent_closure1.doCall(VerifyElementPresentKeyword.groovy:85)
	at com.kms.katalon.core.webui.keyword.builtin.VerifyElementPresentKeyword$_verifyElementPresent_closure1.call(VerifyElementPresentKeyword.groovy)
	at com.kms.katalon.core.webui.keyword.internal.WebUIKeywordMain.runKeyword(WebUIKeywordMain.groovy:20)
	... 19 more]]></system-err>
      </testcase>
      <testcase name="Test Cases/Alda/Admin - Manage FAQ/Edit" time="109.583" classname="Test Cases/Alda/Admin - Manage FAQ/Edit" status="PASSED">
         <system-out><![CDATA[2020-06-17 20:48:27 - [TEST_CASE][PASSED] - Test Cases/Alda/Admin - Manage FAQ/Edit: Test Cases/Alda/Admin - Manage FAQ/Edit

2020-06-17 20:48:27 - [TEST_STEP][PASSED] - callTestCase(findTestCase("Christi/Admin/admin login"), ["username":"11666", "password":"Password3"], STOP_ON_FAILURE): Call Test Case 'Test Cases/Christi/Admin/admin login' successfully

2020-06-17 20:48:27 - [TEST_CASE][PASSED] - Test Cases/Christi/Admin/admin login: Test Cases/Christi/Admin/admin login

2020-06-17 20:48:27 - [TEST_STEP][PASSED] - openBrowser(""): Browser is opened with url: ''

2020-06-17 20:48:27 - [MESSAGE][WARNING] - A browser is already opened. Closing browser and opening a new one

2020-06-17 20:48:28 - [MESSAGE][INFO] - Starting 'Chrome' driver

2020-06-17 20:48:31 - [MESSAGE][PASSED] - Browser is opened with url: ''

2020-06-17 20:48:31 - [TEST_STEP][PASSED] - navigateToUrl("https://appsrv1.deltadatamandiri.com/ACC_LMS_WEB/#/admNLmn"): Navigate to 'https://appsrv1.deltadatamandiri.com/ACC_LMS_WEB/#/admNLmn' successfully

2020-06-17 20:49:20 - [MESSAGE][PASSED] - Navigate to 'https://appsrv1.deltadatamandiri.com/ACC_LMS_WEB/#/admNLmn' successfully

2020-06-17 20:49:20 - [TEST_STEP][PASSED] - click(findTestObject("Christi/Page_Main/button_login")): Object: 'Object Repository/Christi/Page_Main/button_login' is clicked on

2020-06-17 20:49:25 - [MESSAGE][ERROR] - javascript error: Failed to execute 'elementsFromPoint' on 'Document': The provided double value is non-finite.
  (Session info: chrome=83.0.4103.106)
Build info: version: '3.141.59', revision: 'e82be7d358', time: '2018-11-14T08:25:53'
System info: host: 'LAPTOP-D0TPACJ1', ip: '192.168.100.227', os.name: 'Windows 10', os.arch: 'amd64', os.version: '10.0', java.version: '1.8.0_181'
Driver info: com.kms.katalon.selenium.driver.CChromeDriver
Capabilities {acceptInsecureCerts: false, browserName: chrome, browserVersion: 83.0.4103.106, chrome: {chromedriverVersion: 83.0.4103.39 (ccbf011cb2d2b..., userDataDir: C:\Users\ASUS\AppData\Local...}, goog:chromeOptions: {debuggerAddress: localhost:49441}, javascriptEnabled: true, networkConnectionEnabled: false, pageLoadStrategy: normal, platform: WINDOWS, platformName: WINDOWS, proxy: Proxy(), setWindowRect: true, strictFileInteractability: false, timeouts: {implicit: 0, pageLoad: 300000, script: 30000}, unhandledPromptBehavior: dismiss and notify, webauthn:virtualAuthenticators: true}
Session ID: 7ef8f70158728bcc16b79f370106d3d3

2020-06-17 20:49:26 - [MESSAGE][PASSED] - Object: 'Object Repository/Christi/Page_Main/button_login' is clicked on

2020-06-17 20:49:26 - [TEST_STEP][PASSED] - delay(3): Delayed 3 second(s)

2020-06-17 20:49:29 - [MESSAGE][PASSED] - Delayed 3 second(s)

2020-06-17 20:49:29 - [TEST_STEP][PASSED] - setText(findTestObject("Object Repository/Christi/Page_Main/input_NPK_username"), username): Text '11666' is set on object 'Object Repository/Christi/Page_Main/input_NPK_username'

2020-06-17 20:49:29 - [MESSAGE][PASSED] - Text '11666' is set on object 'Object Repository/Christi/Page_Main/input_NPK_username'

2020-06-17 20:49:29 - [TEST_STEP][PASSED] - setText(findTestObject("Object Repository/Christi/Page_Main/input_Password_password"), password): Text 'Password3' is set on object 'Object Repository/Christi/Page_Main/input_Password_password'

2020-06-17 20:49:30 - [MESSAGE][PASSED] - Text 'Password3' is set on object 'Object Repository/Christi/Page_Main/input_Password_password'

2020-06-17 20:49:30 - [TEST_STEP][PASSED] - delay(5): Delayed 5 second(s)

2020-06-17 20:49:35 - [MESSAGE][PASSED] - Delayed 5 second(s)

2020-06-17 20:49:35 - [TEST_STEP][PASSED] - click(findTestObject("Rizka/Admin/Admin - Login/btnLogin2")): Object: 'Object Repository/Rizka/Admin/Admin - Login/btnLogin2' is clicked on

2020-06-17 20:49:35 - [MESSAGE][PASSED] - Object: 'Object Repository/Rizka/Admin/Admin - Login/btnLogin2' is clicked on

2020-06-17 20:49:35 - [TEST_STEP][PASSED] - delay(5): Delayed 5 second(s)

2020-06-17 20:49:40 - [MESSAGE][PASSED] - Delayed 5 second(s)

2020-06-17 20:49:40 - [MESSAGE][PASSED] - Call Test Case 'Test Cases/Christi/Admin/admin login' successfully

2020-06-17 20:49:40 - [TEST_STEP][PASSED] - delay(5): Delayed 5 second(s)

2020-06-17 20:49:45 - [MESSAGE][PASSED] - Delayed 5 second(s)

2020-06-17 20:49:45 - [TEST_STEP][PASSED] - click(findTestObject("Christi/Page_Dashboard Admin/span_Manage FAQ")): Object: 'Object Repository/Christi/Page_Dashboard Admin/span_Manage FAQ' is clicked on

2020-06-17 20:49:46 - [MESSAGE][PASSED] - Object: 'Object Repository/Christi/Page_Dashboard Admin/span_Manage FAQ' is clicked on

2020-06-17 20:49:46 - [TEST_STEP][PASSED] - click(findTestObject("Alda/Admin - Manage FAQ/Page_Manage Faq/input_search")): Object: 'Object Repository/Alda/Admin - Manage FAQ/Page_Manage Faq/input_search' is clicked on

2020-06-17 20:49:48 - [MESSAGE][PASSED] - Object: 'Object Repository/Alda/Admin - Manage FAQ/Page_Manage Faq/input_search' is clicked on

2020-06-17 20:49:48 - [TEST_STEP][PASSED] - setText(findTestObject("Alda/Admin - Manage FAQ/Page_Manage Faq/input_search"), var_search): Text 'question 1 adalah?' is set on object 'Object Repository/Alda/Admin - Manage FAQ/Page_Manage Faq/input_search'

2020-06-17 20:49:50 - [MESSAGE][PASSED] - Text 'question 1 adalah?' is set on object 'Object Repository/Alda/Admin - Manage FAQ/Page_Manage Faq/input_search'

2020-06-17 20:49:50 - [TEST_STEP][PASSED] - click(findTestObject("Christi/Page_Manage Faq/button_Clear button_app-search-button wi wi-search"), STOP_ON_FAILURE): Object: 'Object Repository/Christi/Page_Manage Faq/button_Clear button_app-search-button wi wi-search' is clicked on

2020-06-17 20:49:51 - [MESSAGE][PASSED] - Object: 'Object Repository/Christi/Page_Manage Faq/button_Clear button_app-search-button wi wi-search' is clicked on

2020-06-17 20:49:51 - [TEST_STEP][PASSED] - if (expected_search == "found"): Object: 'Object Repository/Christi/Page_Manage Faq/button_Clear button_app-search-button wi wi-search' is clicked on

2020-06-17 20:49:51 - [TEST_STEP][PASSED] - verifyElementVisible(findTestObject("Alda/Admin - Manage FAQ/Page_Manage Faq/label_search_visible", ["text":var_search])): Object 'Object Repository/Alda/Admin - Manage FAQ/Page_Manage Faq/label_search_visible' is visible

2020-06-17 20:49:54 - [MESSAGE][PASSED] - Object 'Object Repository/Alda/Admin - Manage FAQ/Page_Manage Faq/label_search_visible' is visible

2020-06-17 20:49:54 - [TEST_STEP][PASSED] - delay(5): Delayed 5 second(s)

2020-06-17 20:49:59 - [MESSAGE][PASSED] - Delayed 5 second(s)

2020-06-17 20:49:59 - [TEST_STEP][PASSED] - click(findTestObject("Alda/Admin - Manage FAQ/Page_Manage Faq/btn_edit")): Object: 'Object Repository/Alda/Admin - Manage FAQ/Page_Manage Faq/btn_edit' is clicked on

2020-06-17 20:49:59 - [MESSAGE][PASSED] - Object: 'Object Repository/Alda/Admin - Manage FAQ/Page_Manage Faq/btn_edit' is clicked on

2020-06-17 20:49:59 - [TEST_STEP][PASSED] - verifyElementVisible(findTestObject("Object Repository/Alda/Admin - Manage FAQ/Page_Manage Faq/header_edit_page")): Object 'Object Repository/Alda/Admin - Manage FAQ/Page_Manage Faq/header_edit_page' is visible

2020-06-17 20:50:04 - [MESSAGE][PASSED] - Object 'Object Repository/Alda/Admin - Manage FAQ/Page_Manage Faq/header_edit_page' is visible

2020-06-17 20:50:04 - [TEST_STEP][PASSED] - switch (opsi_edit.toString()): null

2020-06-17 20:50:04 - [TEST_STEP][PASSED] - case "answer_only":: null

2020-06-17 20:50:04 - [TEST_STEP][PASSED] - clearText(findTestObject("Alda/Admin - Manage FAQ/Page_Manage Faq/edit_answer"), STOP_ON_FAILURE): Text of object 'Object Repository/Alda/Admin - Manage FAQ/Page_Manage Faq/edit_answer' is cleared

2020-06-17 20:50:04 - [MESSAGE][PASSED] - Text of object 'Object Repository/Alda/Admin - Manage FAQ/Page_Manage Faq/edit_answer' is cleared

2020-06-17 20:50:04 - [TEST_STEP][PASSED] - if (var_answer_new != ""): Text 'answer6' is set on object 'Object Repository/Alda/Admin - Manage FAQ/Page_Manage Faq/edit_answer'

2020-06-17 20:50:04 - [TEST_STEP][PASSED] - setText(findTestObject("Alda/Admin - Manage FAQ/Page_Manage Faq/edit_answer"), var_answer_new): Text 'answer6' is set on object 'Object Repository/Alda/Admin - Manage FAQ/Page_Manage Faq/edit_answer'

2020-06-17 20:50:05 - [MESSAGE][PASSED] - Text 'answer6' is set on object 'Object Repository/Alda/Admin - Manage FAQ/Page_Manage Faq/edit_answer'

2020-06-17 20:50:05 - [TEST_STEP][PASSED] - delay(2): Delayed 2 second(s)

2020-06-17 20:50:07 - [MESSAGE][PASSED] - Delayed 2 second(s)

2020-06-17 20:50:07 - [TEST_STEP][PASSED] - break: null

2020-06-17 20:50:07 - [TEST_STEP][PASSED] - if (expected_output == "pass"): Object: 'Object Repository/Christi/Page_Manage Faq/button_Clear button_app-search-button wi wi-search' is clicked on

2020-06-17 20:50:07 - [TEST_STEP][PASSED] - click(findTestObject("Object Repository/Alda/Admin - Manage FAQ/Page_Manage Faq/btn_save_edit")): Object: 'Object Repository/Alda/Admin - Manage FAQ/Page_Manage Faq/btn_save_edit' is clicked on

2020-06-17 20:50:07 - [MESSAGE][PASSED] - Object: 'Object Repository/Alda/Admin - Manage FAQ/Page_Manage Faq/btn_save_edit' is clicked on

2020-06-17 20:50:07 - [TEST_STEP][PASSED] - delay(3): Delayed 3 second(s)

2020-06-17 20:50:10 - [MESSAGE][PASSED] - Delayed 3 second(s)

2020-06-17 20:50:10 - [TEST_STEP][PASSED] - click(findTestObject("Alda/Admin - Manage FAQ/Page_Manage Faq/input_search")): Object: 'Object Repository/Alda/Admin - Manage FAQ/Page_Manage Faq/input_search' is clicked on

2020-06-17 20:50:14 - [MESSAGE][PASSED] - Object: 'Object Repository/Alda/Admin - Manage FAQ/Page_Manage Faq/input_search' is clicked on

2020-06-17 20:50:14 - [TEST_STEP][PASSED] - setText(findTestObject("Alda/Admin - Manage FAQ/Page_Manage Faq/input_search"), var_search_after_edit): Text 'answer6' is set on object 'Object Repository/Alda/Admin - Manage FAQ/Page_Manage Faq/input_search'

2020-06-17 20:50:14 - [MESSAGE][PASSED] - Text 'answer6' is set on object 'Object Repository/Alda/Admin - Manage FAQ/Page_Manage Faq/input_search'

2020-06-17 20:50:14 - [TEST_STEP][PASSED] - click(findTestObject("Christi/Page_Manage Faq/button_Clear button_app-search-button wi wi-search"), STOP_ON_FAILURE): Object: 'Object Repository/Christi/Page_Manage Faq/button_Clear button_app-search-button wi wi-search' is clicked on

2020-06-17 20:50:15 - [MESSAGE][PASSED] - Object: 'Object Repository/Christi/Page_Manage Faq/button_Clear button_app-search-button wi wi-search' is clicked on

2020-06-17 20:50:15 - [TEST_STEP][PASSED] - closeBrowser(): Browser is closed

2020-06-17 20:50:16 - [MESSAGE][PASSED] - Browser is closed]]></system-out>
         <system-err><![CDATA[]]></system-err>
      </testcase>
      <testcase name="Test Cases/Alda/Admin - Manage FAQ/Edit" time="155.078" classname="Test Cases/Alda/Admin - Manage FAQ/Edit" status="FAILED">
         <failure type="FAILED" message="Test Cases/Alda/Admin - Manage FAQ/Edit FAILED.
Reason:
com.kms.katalon.core.exception.StepFailedException: Unable to verify object 'Object Repository/Alda/Admin - Manage FAQ/Page_Manage Faq/btn_save_edit' is present
	at com.kms.katalon.core.webui.keyword.internal.WebUIKeywordMain.stepFailed(WebUIKeywordMain.groovy:64)
	at com.kms.katalon.core.webui.keyword.internal.WebUIKeywordMain.runKeyword(WebUIKeywordMain.groovy:26)
	at com.kms.katalon.core.webui.keyword.builtin.VerifyElementPresentKeyword.verifyElementPresent(VerifyElementPresentKeyword.groovy:92)
	at com.kms.katalon.core.webui.keyword.builtin.VerifyElementPresentKeyword.execute(VerifyElementPresentKeyword.groovy:68)
	at com.kms.katalon.core.keyword.internal.KeywordExecutor.executeKeywordForPlatform(KeywordExecutor.groovy:60)
	at com.kms.katalon.core.webui.keyword.WebUiBuiltInKeywords.verifyElementPresent(WebUiBuiltInKeywords.groovy:1434)
	at com.kms.katalon.core.webui.keyword.WebUiBuiltInKeywords$verifyElementPresent$9.call(Unknown Source)
	at Edit.run(Edit:131)
	at com.kms.katalon.core.main.ScriptEngine.run(ScriptEngine.java:194)
	at com.kms.katalon.core.main.ScriptEngine.runScriptAsRawText(ScriptEngine.java:119)
	at com.kms.katalon.core.main.TestCaseExecutor.runScript(TestCaseExecutor.java:337)
	at com.kms.katalon.core.main.TestCaseExecutor.doExecute(TestCaseExecutor.java:328)
	at com.kms.katalon.core.main.TestCaseExecutor.processExecutionPhase(TestCaseExecutor.java:307)
	at com.kms.katalon.core.main.TestCaseExecutor.accessMainPhase(TestCaseExecutor.java:299)
	at com.kms.katalon.core.main.TestCaseExecutor.execute(TestCaseExecutor.java:233)
	at com.kms.katalon.core.main.TestSuiteExecutor.accessTestCaseMainPhase(TestSuiteExecutor.java:169)
	at com.kms.katalon.core.main.TestSuiteExecutor.accessTestSuiteMainPhase(TestSuiteExecutor.java:142)
	at com.kms.katalon.core.main.TestSuiteExecutor.execute(TestSuiteExecutor.java:91)
	at com.kms.katalon.core.main.TestCaseMain.startTestSuite(TestCaseMain.java:157)
	at com.kms.katalon.core.main.TestCaseMain$startTestSuite$0.call(Unknown Source)
	at TempTestSuite1592401186095.run(TempTestSuite1592401186095.groovy:36)
Caused by: com.kms.katalon.core.exception.StepFailedException: com.kms.katalon.core.webui.exception.WebElementNotFoundException: Web element with id: 'Object Repository/Alda/Admin - Manage FAQ/Page_Manage Faq/btn_save_edit' located by 'By.xpath: //body[@id='ng-app']/modal-container/app-page-managefaq/div/div/div/div[2]/div/div[7]/div/button/span' not found
	at com.kms.katalon.core.webui.keyword.internal.WebUIKeywordMain.stepFailed(WebUIKeywordMain.groovy:64)
	at com.kms.katalon.core.webui.keyword.builtin.VerifyElementPresentKeyword$_verifyElementPresent_closure1.doCall(VerifyElementPresentKeyword.groovy:85)
	at com.kms.katalon.core.webui.keyword.builtin.VerifyElementPresentKeyword$_verifyElementPresent_closure1.call(VerifyElementPresentKeyword.groovy)
	at com.kms.katalon.core.webui.keyword.internal.WebUIKeywordMain.runKeyword(WebUIKeywordMain.groovy:20)
	... 19 more
"/>
         <system-out><![CDATA[2020-06-17 20:50:16 - [TEST_CASE][FAILED] - Test Cases/Alda/Admin - Manage FAQ/Edit: Test Cases/Alda/Admin - Manage FAQ/Edit FAILED.
Reason:
com.kms.katalon.core.exception.StepFailedException: Unable to verify object 'Object Repository/Alda/Admin - Manage FAQ/Page_Manage Faq/btn_save_edit' is present
	at com.kms.katalon.core.webui.keyword.internal.WebUIKeywordMain.stepFailed(WebUIKeywordMain.groovy:64)
	at com.kms.katalon.core.webui.keyword.internal.WebUIKeywordMain.runKeyword(WebUIKeywordMain.groovy:26)
	at com.kms.katalon.core.webui.keyword.builtin.VerifyElementPresentKeyword.verifyElementPresent(VerifyElementPresentKeyword.groovy:92)
	at com.kms.katalon.core.webui.keyword.builtin.VerifyElementPresentKeyword.execute(VerifyElementPresentKeyword.groovy:68)
	at com.kms.katalon.core.keyword.internal.KeywordExecutor.executeKeywordForPlatform(KeywordExecutor.groovy:60)
	at com.kms.katalon.core.webui.keyword.WebUiBuiltInKeywords.verifyElementPresent(WebUiBuiltInKeywords.groovy:1434)
	at com.kms.katalon.core.webui.keyword.WebUiBuiltInKeywords$verifyElementPresent$9.call(Unknown Source)
	at Edit.run(Edit:131)
	at com.kms.katalon.core.main.ScriptEngine.run(ScriptEngine.java:194)
	at com.kms.katalon.core.main.ScriptEngine.runScriptAsRawText(ScriptEngine.java:119)
	at com.kms.katalon.core.main.TestCaseExecutor.runScript(TestCaseExecutor.java:337)
	at com.kms.katalon.core.main.TestCaseExecutor.doExecute(TestCaseExecutor.java:328)
	at com.kms.katalon.core.main.TestCaseExecutor.processExecutionPhase(TestCaseExecutor.java:307)
	at com.kms.katalon.core.main.TestCaseExecutor.accessMainPhase(TestCaseExecutor.java:299)
	at com.kms.katalon.core.main.TestCaseExecutor.execute(TestCaseExecutor.java:233)
	at com.kms.katalon.core.main.TestSuiteExecutor.accessTestCaseMainPhase(TestSuiteExecutor.java:169)
	at com.kms.katalon.core.main.TestSuiteExecutor.accessTestSuiteMainPhase(TestSuiteExecutor.java:142)
	at com.kms.katalon.core.main.TestSuiteExecutor.execute(TestSuiteExecutor.java:91)
	at com.kms.katalon.core.main.TestCaseMain.startTestSuite(TestCaseMain.java:157)
	at com.kms.katalon.core.main.TestCaseMain$startTestSuite$0.call(Unknown Source)
	at TempTestSuite1592401186095.run(TempTestSuite1592401186095.groovy:36)
Caused by: com.kms.katalon.core.exception.StepFailedException: com.kms.katalon.core.webui.exception.WebElementNotFoundException: Web element with id: 'Object Repository/Alda/Admin - Manage FAQ/Page_Manage Faq/btn_save_edit' located by 'By.xpath: //body[@id='ng-app']/modal-container/app-page-managefaq/div/div/div/div[2]/div/div[7]/div/button/span' not found
	at com.kms.katalon.core.webui.keyword.internal.WebUIKeywordMain.stepFailed(WebUIKeywordMain.groovy:64)
	at com.kms.katalon.core.webui.keyword.builtin.VerifyElementPresentKeyword$_verifyElementPresent_closure1.doCall(VerifyElementPresentKeyword.groovy:85)
	at com.kms.katalon.core.webui.keyword.builtin.VerifyElementPresentKeyword$_verifyElementPresent_closure1.call(VerifyElementPresentKeyword.groovy)
	at com.kms.katalon.core.webui.keyword.internal.WebUIKeywordMain.runKeyword(WebUIKeywordMain.groovy:20)
	... 19 more


2020-06-17 20:50:16 - [TEST_STEP][PASSED] - callTestCase(findTestCase("Christi/Admin/admin login"), ["username":"11666", "password":"Password3"], STOP_ON_FAILURE): Call Test Case 'Test Cases/Christi/Admin/admin login' successfully

2020-06-17 20:50:16 - [TEST_CASE][PASSED] - Test Cases/Christi/Admin/admin login: Test Cases/Christi/Admin/admin login

2020-06-17 20:50:17 - [TEST_STEP][PASSED] - openBrowser(""): Browser is opened with url: ''

2020-06-17 20:50:17 - [MESSAGE][INFO] - Starting 'Chrome' driver

2020-06-17 20:50:20 - [MESSAGE][PASSED] - Browser is opened with url: ''

2020-06-17 20:50:20 - [TEST_STEP][PASSED] - navigateToUrl("https://appsrv1.deltadatamandiri.com/ACC_LMS_WEB/#/admNLmn"): Navigate to 'https://appsrv1.deltadatamandiri.com/ACC_LMS_WEB/#/admNLmn' successfully

2020-06-17 20:51:11 - [MESSAGE][PASSED] - Navigate to 'https://appsrv1.deltadatamandiri.com/ACC_LMS_WEB/#/admNLmn' successfully

2020-06-17 20:51:11 - [TEST_STEP][PASSED] - click(findTestObject("Christi/Page_Main/button_login")): Object: 'Object Repository/Christi/Page_Main/button_login' is clicked on

2020-06-17 20:51:19 - [MESSAGE][ERROR] - javascript error: Failed to execute 'elementsFromPoint' on 'Document': The provided double value is non-finite.
  (Session info: chrome=83.0.4103.106)
Build info: version: '3.141.59', revision: 'e82be7d358', time: '2018-11-14T08:25:53'
System info: host: 'LAPTOP-D0TPACJ1', ip: '192.168.100.227', os.name: 'Windows 10', os.arch: 'amd64', os.version: '10.0', java.version: '1.8.0_181'
Driver info: com.kms.katalon.selenium.driver.CChromeDriver
Capabilities {acceptInsecureCerts: false, browserName: chrome, browserVersion: 83.0.4103.106, chrome: {chromedriverVersion: 83.0.4103.39 (ccbf011cb2d2b..., userDataDir: C:\Users\ASUS\AppData\Local...}, goog:chromeOptions: {debuggerAddress: localhost:49529}, javascriptEnabled: true, networkConnectionEnabled: false, pageLoadStrategy: normal, platform: WINDOWS, platformName: WINDOWS, proxy: Proxy(), setWindowRect: true, strictFileInteractability: false, timeouts: {implicit: 0, pageLoad: 300000, script: 30000}, unhandledPromptBehavior: dismiss and notify, webauthn:virtualAuthenticators: true}
Session ID: 336c00a0ff14f62ce23ad826fac0ced1

2020-06-17 20:51:20 - [MESSAGE][PASSED] - Object: 'Object Repository/Christi/Page_Main/button_login' is clicked on

2020-06-17 20:51:20 - [TEST_STEP][PASSED] - delay(3): Delayed 3 second(s)

2020-06-17 20:51:23 - [MESSAGE][PASSED] - Delayed 3 second(s)

2020-06-17 20:51:23 - [TEST_STEP][PASSED] - setText(findTestObject("Object Repository/Christi/Page_Main/input_NPK_username"), username): Text '11666' is set on object 'Object Repository/Christi/Page_Main/input_NPK_username'

2020-06-17 20:51:24 - [MESSAGE][PASSED] - Text '11666' is set on object 'Object Repository/Christi/Page_Main/input_NPK_username'

2020-06-17 20:51:24 - [TEST_STEP][PASSED] - setText(findTestObject("Object Repository/Christi/Page_Main/input_Password_password"), password): Text 'Password3' is set on object 'Object Repository/Christi/Page_Main/input_Password_password'

2020-06-17 20:51:25 - [MESSAGE][PASSED] - Text 'Password3' is set on object 'Object Repository/Christi/Page_Main/input_Password_password'

2020-06-17 20:51:25 - [TEST_STEP][PASSED] - delay(5): Delayed 5 second(s)

2020-06-17 20:51:30 - [MESSAGE][PASSED] - Delayed 5 second(s)

2020-06-17 20:51:30 - [TEST_STEP][PASSED] - click(findTestObject("Rizka/Admin/Admin - Login/btnLogin2")): Object: 'Object Repository/Rizka/Admin/Admin - Login/btnLogin2' is clicked on

2020-06-17 20:51:30 - [MESSAGE][PASSED] - Object: 'Object Repository/Rizka/Admin/Admin - Login/btnLogin2' is clicked on

2020-06-17 20:51:30 - [TEST_STEP][PASSED] - delay(5): Delayed 5 second(s)

2020-06-17 20:51:35 - [MESSAGE][PASSED] - Delayed 5 second(s)

2020-06-17 20:51:35 - [MESSAGE][PASSED] - Call Test Case 'Test Cases/Christi/Admin/admin login' successfully

2020-06-17 20:51:35 - [TEST_STEP][PASSED] - delay(5): Delayed 5 second(s)

2020-06-17 20:51:40 - [MESSAGE][PASSED] - Delayed 5 second(s)

2020-06-17 20:51:40 - [TEST_STEP][PASSED] - click(findTestObject("Christi/Page_Dashboard Admin/span_Manage FAQ")): Object: 'Object Repository/Christi/Page_Dashboard Admin/span_Manage FAQ' is clicked on

2020-06-17 20:51:41 - [MESSAGE][PASSED] - Object: 'Object Repository/Christi/Page_Dashboard Admin/span_Manage FAQ' is clicked on

2020-06-17 20:51:41 - [TEST_STEP][PASSED] - click(findTestObject("Alda/Admin - Manage FAQ/Page_Manage Faq/input_search")): Object: 'Object Repository/Alda/Admin - Manage FAQ/Page_Manage Faq/input_search' is clicked on

2020-06-17 20:51:43 - [MESSAGE][PASSED] - Object: 'Object Repository/Alda/Admin - Manage FAQ/Page_Manage Faq/input_search' is clicked on

2020-06-17 20:51:43 - [TEST_STEP][PASSED] - setText(findTestObject("Alda/Admin - Manage FAQ/Page_Manage Faq/input_search"), var_search): Text 'question 1 adalah?' is set on object 'Object Repository/Alda/Admin - Manage FAQ/Page_Manage Faq/input_search'

2020-06-17 20:51:45 - [MESSAGE][PASSED] - Text 'question 1 adalah?' is set on object 'Object Repository/Alda/Admin - Manage FAQ/Page_Manage Faq/input_search'

2020-06-17 20:51:45 - [TEST_STEP][PASSED] - click(findTestObject("Christi/Page_Manage Faq/button_Clear button_app-search-button wi wi-search"), STOP_ON_FAILURE): Object: 'Object Repository/Christi/Page_Manage Faq/button_Clear button_app-search-button wi wi-search' is clicked on

2020-06-17 20:51:46 - [MESSAGE][PASSED] - Object: 'Object Repository/Christi/Page_Manage Faq/button_Clear button_app-search-button wi wi-search' is clicked on

2020-06-17 20:51:46 - [TEST_STEP][FAILED] - if (expected_search == "found"): Unable to verify object 'Object Repository/Alda/Admin - Manage FAQ/Page_Manage Faq/btn_save_edit' is present (Root cause: com.kms.katalon.core.exception.StepFailedException: Unable to verify object 'Object Repository/Alda/Admin - Manage FAQ/Page_Manage Faq/btn_save_edit' is present
	at com.kms.katalon.core.webui.keyword.internal.WebUIKeywordMain.stepFailed(WebUIKeywordMain.groovy:64)
	at com.kms.katalon.core.webui.keyword.internal.WebUIKeywordMain.runKeyword(WebUIKeywordMain.groovy:26)
	at com.kms.katalon.core.webui.keyword.builtin.VerifyElementPresentKeyword.verifyElementPresent(VerifyElementPresentKeyword.groovy:92)
	at com.kms.katalon.core.webui.keyword.builtin.VerifyElementPresentKeyword.execute(VerifyElementPresentKeyword.groovy:68)
	at com.kms.katalon.core.keyword.internal.KeywordExecutor.executeKeywordForPlatform(KeywordExecutor.groovy:60)
	at com.kms.katalon.core.webui.keyword.WebUiBuiltInKeywords.verifyElementPresent(WebUiBuiltInKeywords.groovy:1434)
	at com.kms.katalon.core.webui.keyword.WebUiBuiltInKeywords$verifyElementPresent$9.call(Unknown Source)
	at Edit.run(Edit:131)
	at com.kms.katalon.core.main.ScriptEngine.run(ScriptEngine.java:194)
	at com.kms.katalon.core.main.ScriptEngine.runScriptAsRawText(ScriptEngine.java:119)
	at com.kms.katalon.core.main.TestCaseExecutor.runScript(TestCaseExecutor.java:337)
	at com.kms.katalon.core.main.TestCaseExecutor.doExecute(TestCaseExecutor.java:328)
	at com.kms.katalon.core.main.TestCaseExecutor.processExecutionPhase(TestCaseExecutor.java:307)
	at com.kms.katalon.core.main.TestCaseExecutor.accessMainPhase(TestCaseExecutor.java:299)
	at com.kms.katalon.core.main.TestCaseExecutor.execute(TestCaseExecutor.java:233)
	at com.kms.katalon.core.main.TestSuiteExecutor.accessTestCaseMainPhase(TestSuiteExecutor.java:169)
	at com.kms.katalon.core.main.TestSuiteExecutor.accessTestSuiteMainPhase(TestSuiteExecutor.java:142)
	at com.kms.katalon.core.main.TestSuiteExecutor.execute(TestSuiteExecutor.java:91)
	at com.kms.katalon.core.main.TestCaseMain.startTestSuite(TestCaseMain.java:157)
	at com.kms.katalon.core.main.TestCaseMain$startTestSuite$0.call(Unknown Source)
	at TempTestSuite1592401186095.run(TempTestSuite1592401186095.groovy:36)
Caused by: com.kms.katalon.core.exception.StepFailedException: com.kms.katalon.core.webui.exception.WebElementNotFoundException: Web element with id: 'Object Repository/Alda/Admin - Manage FAQ/Page_Manage Faq/btn_save_edit' located by 'By.xpath: //body[@id='ng-app']/modal-container/app-page-managefaq/div/div/div/div[2]/div/div[7]/div/button/span' not found
	at com.kms.katalon.core.webui.keyword.internal.WebUIKeywordMain.stepFailed(WebUIKeywordMain.groovy:64)
	at com.kms.katalon.core.webui.keyword.builtin.VerifyElementPresentKeyword$_verifyElementPresent_closure1.doCall(VerifyElementPresentKeyword.groovy:85)
	at com.kms.katalon.core.webui.keyword.builtin.VerifyElementPresentKeyword$_verifyElementPresent_closure1.call(VerifyElementPresentKeyword.groovy)
	at com.kms.katalon.core.webui.keyword.internal.WebUIKeywordMain.runKeyword(WebUIKeywordMain.groovy:20)
	... 19 more
)

2020-06-17 20:51:46 - [TEST_STEP][PASSED] - verifyElementVisible(findTestObject("Alda/Admin - Manage FAQ/Page_Manage Faq/label_search_visible", ["text":var_search])): Object 'Object Repository/Alda/Admin - Manage FAQ/Page_Manage Faq/label_search_visible' is visible

2020-06-17 20:51:48 - [MESSAGE][PASSED] - Object 'Object Repository/Alda/Admin - Manage FAQ/Page_Manage Faq/label_search_visible' is visible

2020-06-17 20:51:48 - [TEST_STEP][PASSED] - delay(5): Delayed 5 second(s)

2020-06-17 20:51:53 - [MESSAGE][PASSED] - Delayed 5 second(s)

2020-06-17 20:51:53 - [TEST_STEP][PASSED] - click(findTestObject("Alda/Admin - Manage FAQ/Page_Manage Faq/btn_edit")): Object: 'Object Repository/Alda/Admin - Manage FAQ/Page_Manage Faq/btn_edit' is clicked on

2020-06-17 20:51:54 - [MESSAGE][PASSED] - Object: 'Object Repository/Alda/Admin - Manage FAQ/Page_Manage Faq/btn_edit' is clicked on

2020-06-17 20:51:54 - [TEST_STEP][PASSED] - verifyElementVisible(findTestObject("Object Repository/Alda/Admin - Manage FAQ/Page_Manage Faq/header_edit_page")): Object 'Object Repository/Alda/Admin - Manage FAQ/Page_Manage Faq/header_edit_page' is visible

2020-06-17 20:51:59 - [MESSAGE][PASSED] - Object 'Object Repository/Alda/Admin - Manage FAQ/Page_Manage Faq/header_edit_page' is visible

2020-06-17 20:51:59 - [TEST_STEP][PASSED] - switch (opsi_edit.toString()): null

2020-06-17 20:51:59 - [TEST_STEP][PASSED] - case "answer_only":: null

2020-06-17 20:51:59 - [TEST_STEP][PASSED] - clearText(findTestObject("Alda/Admin - Manage FAQ/Page_Manage Faq/edit_answer"), STOP_ON_FAILURE): Text of object 'Object Repository/Alda/Admin - Manage FAQ/Page_Manage Faq/edit_answer' is cleared

2020-06-17 20:52:00 - [MESSAGE][PASSED] - Text of object 'Object Repository/Alda/Admin - Manage FAQ/Page_Manage Faq/edit_answer' is cleared

2020-06-17 20:52:00 - [TEST_STEP][PASSED] - if (var_answer_new != ""): null

2020-06-17 20:52:00 - [TEST_STEP][PASSED] - delay(2): Delayed 2 second(s)

2020-06-17 20:52:02 - [MESSAGE][PASSED] - Delayed 2 second(s)

2020-06-17 20:52:02 - [TEST_STEP][PASSED] - break: null

2020-06-17 20:52:02 - [TEST_STEP][PASSED] - if (expected_output == "pass"): null

2020-06-17 20:52:02 - [TEST_STEP][FAILED] - else if (expected_output == "fail"): Unable to verify object 'Object Repository/Alda/Admin - Manage FAQ/Page_Manage Faq/btn_save_edit' is present (Root cause: com.kms.katalon.core.exception.StepFailedException: Unable to verify object 'Object Repository/Alda/Admin - Manage FAQ/Page_Manage Faq/btn_save_edit' is present
	at com.kms.katalon.core.webui.keyword.internal.WebUIKeywordMain.stepFailed(WebUIKeywordMain.groovy:64)
	at com.kms.katalon.core.webui.keyword.internal.WebUIKeywordMain.runKeyword(WebUIKeywordMain.groovy:26)
	at com.kms.katalon.core.webui.keyword.builtin.VerifyElementPresentKeyword.verifyElementPresent(VerifyElementPresentKeyword.groovy:92)
	at com.kms.katalon.core.webui.keyword.builtin.VerifyElementPresentKeyword.execute(VerifyElementPresentKeyword.groovy:68)
	at com.kms.katalon.core.keyword.internal.KeywordExecutor.executeKeywordForPlatform(KeywordExecutor.groovy:60)
	at com.kms.katalon.core.webui.keyword.WebUiBuiltInKeywords.verifyElementPresent(WebUiBuiltInKeywords.groovy:1434)
	at com.kms.katalon.core.webui.keyword.WebUiBuiltInKeywords$verifyElementPresent$9.call(Unknown Source)
	at Edit.run(Edit:131)
	at com.kms.katalon.core.main.ScriptEngine.run(ScriptEngine.java:194)
	at com.kms.katalon.core.main.ScriptEngine.runScriptAsRawText(ScriptEngine.java:119)
	at com.kms.katalon.core.main.TestCaseExecutor.runScript(TestCaseExecutor.java:337)
	at com.kms.katalon.core.main.TestCaseExecutor.doExecute(TestCaseExecutor.java:328)
	at com.kms.katalon.core.main.TestCaseExecutor.processExecutionPhase(TestCaseExecutor.java:307)
	at com.kms.katalon.core.main.TestCaseExecutor.accessMainPhase(TestCaseExecutor.java:299)
	at com.kms.katalon.core.main.TestCaseExecutor.execute(TestCaseExecutor.java:233)
	at com.kms.katalon.core.main.TestSuiteExecutor.accessTestCaseMainPhase(TestSuiteExecutor.java:169)
	at com.kms.katalon.core.main.TestSuiteExecutor.accessTestSuiteMainPhase(TestSuiteExecutor.java:142)
	at com.kms.katalon.core.main.TestSuiteExecutor.execute(TestSuiteExecutor.java:91)
	at com.kms.katalon.core.main.TestCaseMain.startTestSuite(TestCaseMain.java:157)
	at com.kms.katalon.core.main.TestCaseMain$startTestSuite$0.call(Unknown Source)
	at TempTestSuite1592401186095.run(TempTestSuite1592401186095.groovy:36)
Caused by: com.kms.katalon.core.exception.StepFailedException: com.kms.katalon.core.webui.exception.WebElementNotFoundException: Web element with id: 'Object Repository/Alda/Admin - Manage FAQ/Page_Manage Faq/btn_save_edit' located by 'By.xpath: //body[@id='ng-app']/modal-container/app-page-managefaq/div/div/div/div[2]/div/div[7]/div/button/span' not found
	at com.kms.katalon.core.webui.keyword.internal.WebUIKeywordMain.stepFailed(WebUIKeywordMain.groovy:64)
	at com.kms.katalon.core.webui.keyword.builtin.VerifyElementPresentKeyword$_verifyElementPresent_closure1.doCall(VerifyElementPresentKeyword.groovy:85)
	at com.kms.katalon.core.webui.keyword.builtin.VerifyElementPresentKeyword$_verifyElementPresent_closure1.call(VerifyElementPresentKeyword.groovy)
	at com.kms.katalon.core.webui.keyword.internal.WebUIKeywordMain.runKeyword(WebUIKeywordMain.groovy:20)
	... 19 more
)

2020-06-17 20:52:02 - [TEST_STEP][PASSED] - click(findTestObject("Object Repository/Alda/Admin - Manage FAQ/Page_Manage Faq/btn_save_edit")): Object: 'Object Repository/Alda/Admin - Manage FAQ/Page_Manage Faq/btn_save_edit' is clicked on

2020-06-17 20:52:03 - [MESSAGE][PASSED] - Object: 'Object Repository/Alda/Admin - Manage FAQ/Page_Manage Faq/btn_save_edit' is clicked on

2020-06-17 20:52:03 - [TEST_STEP][PASSED] - delay(3): Delayed 3 second(s)

2020-06-17 20:52:06 - [MESSAGE][PASSED] - Delayed 3 second(s)

2020-06-17 20:52:06 - [TEST_STEP][FAILED] - verifyElementPresent(findTestObject("Alda/Admin - Manage FAQ/Page_Manage Faq/btn_save_edit"), 0): Unable to verify object 'Object Repository/Alda/Admin - Manage FAQ/Page_Manage Faq/btn_save_edit' is present (Root cause: com.kms.katalon.core.exception.StepFailedException: Unable to verify object 'Object Repository/Alda/Admin - Manage FAQ/Page_Manage Faq/btn_save_edit' is present
	at com.kms.katalon.core.webui.keyword.internal.WebUIKeywordMain.stepFailed(WebUIKeywordMain.groovy:64)
	at com.kms.katalon.core.webui.keyword.internal.WebUIKeywordMain.runKeyword(WebUIKeywordMain.groovy:26)
	at com.kms.katalon.core.webui.keyword.builtin.VerifyElementPresentKeyword.verifyElementPresent(VerifyElementPresentKeyword.groovy:92)
	at com.kms.katalon.core.webui.keyword.builtin.VerifyElementPresentKeyword.execute(VerifyElementPresentKeyword.groovy:68)
	at com.kms.katalon.core.keyword.internal.KeywordExecutor.executeKeywordForPlatform(KeywordExecutor.groovy:60)
	at com.kms.katalon.core.webui.keyword.WebUiBuiltInKeywords.verifyElementPresent(WebUiBuiltInKeywords.groovy:1434)
	at com.kms.katalon.core.webui.keyword.WebUiBuiltInKeywords$verifyElementPresent$9.call(Unknown Source)
	at Edit.run(Edit:131)
	at com.kms.katalon.core.main.ScriptEngine.run(ScriptEngine.java:194)
	at com.kms.katalon.core.main.ScriptEngine.runScriptAsRawText(ScriptEngine.java:119)
	at com.kms.katalon.core.main.TestCaseExecutor.runScript(TestCaseExecutor.java:337)
	at com.kms.katalon.core.main.TestCaseExecutor.doExecute(TestCaseExecutor.java:328)
	at com.kms.katalon.core.main.TestCaseExecutor.processExecutionPhase(TestCaseExecutor.java:307)
	at com.kms.katalon.core.main.TestCaseExecutor.accessMainPhase(TestCaseExecutor.java:299)
	at com.kms.katalon.core.main.TestCaseExecutor.execute(TestCaseExecutor.java:233)
	at com.kms.katalon.core.main.TestSuiteExecutor.accessTestCaseMainPhase(TestSuiteExecutor.java:169)
	at com.kms.katalon.core.main.TestSuiteExecutor.accessTestSuiteMainPhase(TestSuiteExecutor.java:142)
	at com.kms.katalon.core.main.TestSuiteExecutor.execute(TestSuiteExecutor.java:91)
	at com.kms.katalon.core.main.TestCaseMain.startTestSuite(TestCaseMain.java:157)
	at com.kms.katalon.core.main.TestCaseMain$startTestSuite$0.call(Unknown Source)
	at TempTestSuite1592401186095.run(TempTestSuite1592401186095.groovy:36)
Caused by: com.kms.katalon.core.exception.StepFailedException: com.kms.katalon.core.webui.exception.WebElementNotFoundException: Web element with id: 'Object Repository/Alda/Admin - Manage FAQ/Page_Manage Faq/btn_save_edit' located by 'By.xpath: //body[@id='ng-app']/modal-container/app-page-managefaq/div/div/div/div[2]/div/div[7]/div/button/span' not found
	at com.kms.katalon.core.webui.keyword.internal.WebUIKeywordMain.stepFailed(WebUIKeywordMain.groovy:64)
	at com.kms.katalon.core.webui.keyword.builtin.VerifyElementPresentKeyword$_verifyElementPresent_closure1.doCall(VerifyElementPresentKeyword.groovy:85)
	at com.kms.katalon.core.webui.keyword.builtin.VerifyElementPresentKeyword$_verifyElementPresent_closure1.call(VerifyElementPresentKeyword.groovy)
	at com.kms.katalon.core.webui.keyword.internal.WebUIKeywordMain.runKeyword(WebUIKeywordMain.groovy:20)
	... 19 more
)

2020-06-17 20:52:06 - [MESSAGE][WARNING] - Timeout '0' is invalid. Using default page load timeout: '30'

2020-06-17 20:52:51 - [MESSAGE][INFO] - Unable to find the element located by 'By.xpath: //body[@id='ng-app']/modal-container/app-page-managefaq/div/div/div/div[2]/div/div[7]/div/button/span'. Please recheck the objects properties to make sure the desired element is located. 

2020-06-17 20:52:51 - [MESSAGE][FAILED] - com.kms.katalon.core.webui.exception.WebElementNotFoundException: Web element with id: 'Object Repository/Alda/Admin - Manage FAQ/Page_Manage Faq/btn_save_edit' located by 'By.xpath: //body[@id='ng-app']/modal-container/app-page-managefaq/div/div/div/div[2]/div/div[7]/div/button/span' not found (Root cause: com.kms.katalon.core.exception.StepFailedException: com.kms.katalon.core.webui.exception.WebElementNotFoundException: Web element with id: 'Object Repository/Alda/Admin - Manage FAQ/Page_Manage Faq/btn_save_edit' located by 'By.xpath: //body[@id='ng-app']/modal-container/app-page-managefaq/div/div/div/div[2]/div/div[7]/div/button/span' not found
	at com.kms.katalon.core.webui.keyword.internal.WebUIKeywordMain.stepFailed(WebUIKeywordMain.groovy:64)
	at com.kms.katalon.core.webui.keyword.builtin.VerifyElementPresentKeyword$_verifyElementPresent_closure1.doCall(VerifyElementPresentKeyword.groovy:85)
	at com.kms.katalon.core.webui.keyword.builtin.VerifyElementPresentKeyword$_verifyElementPresent_closure1.call(VerifyElementPresentKeyword.groovy)
	at com.kms.katalon.core.webui.keyword.internal.WebUIKeywordMain.runKeyword(WebUIKeywordMain.groovy:20)
	at com.kms.katalon.core.webui.keyword.builtin.VerifyElementPresentKeyword.verifyElementPresent(VerifyElementPresentKeyword.groovy:92)
	at com.kms.katalon.core.webui.keyword.builtin.VerifyElementPresentKeyword.execute(VerifyElementPresentKeyword.groovy:68)
	at com.kms.katalon.core.keyword.internal.KeywordExecutor.executeKeywordForPlatform(KeywordExecutor.groovy:60)
	at com.kms.katalon.core.webui.keyword.WebUiBuiltInKeywords.verifyElementPresent(WebUiBuiltInKeywords.groovy:1434)
	at com.kms.katalon.core.webui.keyword.WebUiBuiltInKeywords$verifyElementPresent$9.call(Unknown Source)
	at Edit.run(Edit:131)
	at com.kms.katalon.core.main.ScriptEngine.run(ScriptEngine.java:194)
	at com.kms.katalon.core.main.ScriptEngine.runScriptAsRawText(ScriptEngine.java:119)
	at com.kms.katalon.core.main.TestCaseExecutor.runScript(TestCaseExecutor.java:337)
	at com.kms.katalon.core.main.TestCaseExecutor.doExecute(TestCaseExecutor.java:328)
	at com.kms.katalon.core.main.TestCaseExecutor.processExecutionPhase(TestCaseExecutor.java:307)
	at com.kms.katalon.core.main.TestCaseExecutor.accessMainPhase(TestCaseExecutor.java:299)
	at com.kms.katalon.core.main.TestCaseExecutor.execute(TestCaseExecutor.java:233)
	at com.kms.katalon.core.main.TestSuiteExecutor.accessTestCaseMainPhase(TestSuiteExecutor.java:169)
	at com.kms.katalon.core.main.TestSuiteExecutor.accessTestSuiteMainPhase(TestSuiteExecutor.java:142)
	at com.kms.katalon.core.main.TestSuiteExecutor.execute(TestSuiteExecutor.java:91)
	at com.kms.katalon.core.main.TestCaseMain.startTestSuite(TestCaseMain.java:157)
	at com.kms.katalon.core.main.TestCaseMain$startTestSuite$0.call(Unknown Source)
	at TempTestSuite1592401186095.run(TempTestSuite1592401186095.groovy:36)
)
[[ATTACHMENT|C:\\Users\\ASUS\\git\\LearningManagementWebs\\Reports\\20200617_203946\\Alda\\Admin_Manage FAQ - Edit\\20200617_203946\\1592401971154.png]]

2020-06-17 20:52:51 - [MESSAGE][FAILED] - Unable to verify object 'Object Repository/Alda/Admin - Manage FAQ/Page_Manage Faq/btn_save_edit' is present (Root cause: com.kms.katalon.core.exception.StepFailedException: Unable to verify object 'Object Repository/Alda/Admin - Manage FAQ/Page_Manage Faq/btn_save_edit' is present
	at com.kms.katalon.core.webui.keyword.internal.WebUIKeywordMain.stepFailed(WebUIKeywordMain.groovy:64)
	at com.kms.katalon.core.webui.keyword.internal.WebUIKeywordMain.runKeyword(WebUIKeywordMain.groovy:26)
	at com.kms.katalon.core.webui.keyword.builtin.VerifyElementPresentKeyword.verifyElementPresent(VerifyElementPresentKeyword.groovy:92)
	at com.kms.katalon.core.webui.keyword.builtin.VerifyElementPresentKeyword.execute(VerifyElementPresentKeyword.groovy:68)
	at com.kms.katalon.core.keyword.internal.KeywordExecutor.executeKeywordForPlatform(KeywordExecutor.groovy:60)
	at com.kms.katalon.core.webui.keyword.WebUiBuiltInKeywords.verifyElementPresent(WebUiBuiltInKeywords.groovy:1434)
	at com.kms.katalon.core.webui.keyword.WebUiBuiltInKeywords$verifyElementPresent$9.call(Unknown Source)
	at Edit.run(Edit:131)
	at com.kms.katalon.core.main.ScriptEngine.run(ScriptEngine.java:194)
	at com.kms.katalon.core.main.ScriptEngine.runScriptAsRawText(ScriptEngine.java:119)
	at com.kms.katalon.core.main.TestCaseExecutor.runScript(TestCaseExecutor.java:337)
	at com.kms.katalon.core.main.TestCaseExecutor.doExecute(TestCaseExecutor.java:328)
	at com.kms.katalon.core.main.TestCaseExecutor.processExecutionPhase(TestCaseExecutor.java:307)
	at com.kms.katalon.core.main.TestCaseExecutor.accessMainPhase(TestCaseExecutor.java:299)
	at com.kms.katalon.core.main.TestCaseExecutor.execute(TestCaseExecutor.java:233)
	at com.kms.katalon.core.main.TestSuiteExecutor.accessTestCaseMainPhase(TestSuiteExecutor.java:169)
	at com.kms.katalon.core.main.TestSuiteExecutor.accessTestSuiteMainPhase(TestSuiteExecutor.java:142)
	at com.kms.katalon.core.main.TestSuiteExecutor.execute(TestSuiteExecutor.java:91)
	at com.kms.katalon.core.main.TestCaseMain.startTestSuite(TestCaseMain.java:157)
	at com.kms.katalon.core.main.TestCaseMain$startTestSuite$0.call(Unknown Source)
	at TempTestSuite1592401186095.run(TempTestSuite1592401186095.groovy:36)
Caused by: com.kms.katalon.core.exception.StepFailedException: com.kms.katalon.core.webui.exception.WebElementNotFoundException: Web element with id: 'Object Repository/Alda/Admin - Manage FAQ/Page_Manage Faq/btn_save_edit' located by 'By.xpath: //body[@id='ng-app']/modal-container/app-page-managefaq/div/div/div/div[2]/div/div[7]/div/button/span' not found
	at com.kms.katalon.core.webui.keyword.internal.WebUIKeywordMain.stepFailed(WebUIKeywordMain.groovy:64)
	at com.kms.katalon.core.webui.keyword.builtin.VerifyElementPresentKeyword$_verifyElementPresent_closure1.doCall(VerifyElementPresentKeyword.groovy:85)
	at com.kms.katalon.core.webui.keyword.builtin.VerifyElementPresentKeyword$_verifyElementPresent_closure1.call(VerifyElementPresentKeyword.groovy)
	at com.kms.katalon.core.webui.keyword.internal.WebUIKeywordMain.runKeyword(WebUIKeywordMain.groovy:20)
	... 19 more
)
[[ATTACHMENT|C:\\Users\\ASUS\\git\\LearningManagementWebs\\Reports\\20200617_203946\\Alda\\Admin_Manage FAQ - Edit\\20200617_203946\\1592401971580.png]]]]></system-out>
         <system-err><![CDATA[2020-06-17 20:50:16 - [TEST_CASE][FAILED] - Test Cases/Alda/Admin - Manage FAQ/Edit: Test Cases/Alda/Admin - Manage FAQ/Edit FAILED.
Reason:
com.kms.katalon.core.exception.StepFailedException: Unable to verify object 'Object Repository/Alda/Admin - Manage FAQ/Page_Manage Faq/btn_save_edit' is present
	at com.kms.katalon.core.webui.keyword.internal.WebUIKeywordMain.stepFailed(WebUIKeywordMain.groovy:64)
	at com.kms.katalon.core.webui.keyword.internal.WebUIKeywordMain.runKeyword(WebUIKeywordMain.groovy:26)
	at com.kms.katalon.core.webui.keyword.builtin.VerifyElementPresentKeyword.verifyElementPresent(VerifyElementPresentKeyword.groovy:92)
	at com.kms.katalon.core.webui.keyword.builtin.VerifyElementPresentKeyword.execute(VerifyElementPresentKeyword.groovy:68)
	at com.kms.katalon.core.keyword.internal.KeywordExecutor.executeKeywordForPlatform(KeywordExecutor.groovy:60)
	at com.kms.katalon.core.webui.keyword.WebUiBuiltInKeywords.verifyElementPresent(WebUiBuiltInKeywords.groovy:1434)
	at com.kms.katalon.core.webui.keyword.WebUiBuiltInKeywords$verifyElementPresent$9.call(Unknown Source)
	at Edit.run(Edit:131)
	at com.kms.katalon.core.main.ScriptEngine.run(ScriptEngine.java:194)
	at com.kms.katalon.core.main.ScriptEngine.runScriptAsRawText(ScriptEngine.java:119)
	at com.kms.katalon.core.main.TestCaseExecutor.runScript(TestCaseExecutor.java:337)
	at com.kms.katalon.core.main.TestCaseExecutor.doExecute(TestCaseExecutor.java:328)
	at com.kms.katalon.core.main.TestCaseExecutor.processExecutionPhase(TestCaseExecutor.java:307)
	at com.kms.katalon.core.main.TestCaseExecutor.accessMainPhase(TestCaseExecutor.java:299)
	at com.kms.katalon.core.main.TestCaseExecutor.execute(TestCaseExecutor.java:233)
	at com.kms.katalon.core.main.TestSuiteExecutor.accessTestCaseMainPhase(TestSuiteExecutor.java:169)
	at com.kms.katalon.core.main.TestSuiteExecutor.accessTestSuiteMainPhase(TestSuiteExecutor.java:142)
	at com.kms.katalon.core.main.TestSuiteExecutor.execute(TestSuiteExecutor.java:91)
	at com.kms.katalon.core.main.TestCaseMain.startTestSuite(TestCaseMain.java:157)
	at com.kms.katalon.core.main.TestCaseMain$startTestSuite$0.call(Unknown Source)
	at TempTestSuite1592401186095.run(TempTestSuite1592401186095.groovy:36)
Caused by: com.kms.katalon.core.exception.StepFailedException: com.kms.katalon.core.webui.exception.WebElementNotFoundException: Web element with id: 'Object Repository/Alda/Admin - Manage FAQ/Page_Manage Faq/btn_save_edit' located by 'By.xpath: //body[@id='ng-app']/modal-container/app-page-managefaq/div/div/div/div[2]/div/div[7]/div/button/span' not found
	at com.kms.katalon.core.webui.keyword.internal.WebUIKeywordMain.stepFailed(WebUIKeywordMain.groovy:64)
	at com.kms.katalon.core.webui.keyword.builtin.VerifyElementPresentKeyword$_verifyElementPresent_closure1.doCall(VerifyElementPresentKeyword.groovy:85)
	at com.kms.katalon.core.webui.keyword.builtin.VerifyElementPresentKeyword$_verifyElementPresent_closure1.call(VerifyElementPresentKeyword.groovy)
	at com.kms.katalon.core.webui.keyword.internal.WebUIKeywordMain.runKeyword(WebUIKeywordMain.groovy:20)
	... 19 more]]></system-err>
      </testcase>
      <testcase name="Test Cases/Alda/Admin - Manage FAQ/Edit" time="79.719" classname="Test Cases/Alda/Admin - Manage FAQ/Edit" status="FAILED">
         <failure type="FAILED" message="Test Cases/Alda/Admin - Manage FAQ/Edit FAILED.
Reason:
com.kms.katalon.core.exception.StepFailedException: Unable to upload file 'CC:\Users\ASUS\git\LearningManagementWebs\konten lms\PNG_GENERAL Icon.png' to object 'Object Repository/Alda/Admin - Manage FAQ/Page_Manage Faq/edit_gambar'
	at com.kms.katalon.core.webui.keyword.internal.WebUIKeywordMain.stepFailed(WebUIKeywordMain.groovy:64)
	at com.kms.katalon.core.webui.keyword.internal.WebUIKeywordMain.runKeyword(WebUIKeywordMain.groovy:26)
	at com.kms.katalon.core.webui.keyword.builtin.UploadFileKeyword.uploadFile(UploadFileKeyword.groovy:87)
	at com.kms.katalon.core.webui.keyword.builtin.UploadFileKeyword.execute(UploadFileKeyword.groovy:68)
	at com.kms.katalon.core.keyword.internal.KeywordExecutor.executeKeywordForPlatform(KeywordExecutor.groovy:60)
	at com.kms.katalon.core.webui.keyword.WebUiBuiltInKeywords.uploadFile(WebUiBuiltInKeywords.groovy:2945)
	at com.kms.katalon.core.webui.keyword.WebUiBuiltInKeywords$uploadFile$7.call(Unknown Source)
	at Edit.run(Edit:95)
	at com.kms.katalon.core.main.ScriptEngine.run(ScriptEngine.java:194)
	at com.kms.katalon.core.main.ScriptEngine.runScriptAsRawText(ScriptEngine.java:119)
	at com.kms.katalon.core.main.TestCaseExecutor.runScript(TestCaseExecutor.java:337)
	at com.kms.katalon.core.main.TestCaseExecutor.doExecute(TestCaseExecutor.java:328)
	at com.kms.katalon.core.main.TestCaseExecutor.processExecutionPhase(TestCaseExecutor.java:307)
	at com.kms.katalon.core.main.TestCaseExecutor.accessMainPhase(TestCaseExecutor.java:299)
	at com.kms.katalon.core.main.TestCaseExecutor.execute(TestCaseExecutor.java:233)
	at com.kms.katalon.core.main.TestSuiteExecutor.accessTestCaseMainPhase(TestSuiteExecutor.java:169)
	at com.kms.katalon.core.main.TestSuiteExecutor.accessTestSuiteMainPhase(TestSuiteExecutor.java:142)
	at com.kms.katalon.core.main.TestSuiteExecutor.execute(TestSuiteExecutor.java:91)
	at com.kms.katalon.core.main.TestCaseMain.startTestSuite(TestCaseMain.java:157)
	at com.kms.katalon.core.main.TestCaseMain$startTestSuite$0.call(Unknown Source)
	at TempTestSuite1592401186095.run(TempTestSuite1592401186095.groovy:36)
Caused by: org.openqa.selenium.InvalidArgumentException: invalid argument: File not found : CC:\Users\ASUS\git\LearningManagementWebs\konten lms\PNG_GENERAL Icon.png
  (Session info: chrome=83.0.4103.106)
Build info: version: '3.141.59', revision: 'e82be7d358', time: '2018-11-14T08:25:53'
System info: host: 'LAPTOP-D0TPACJ1', ip: '192.168.100.227', os.name: 'Windows 10', os.arch: 'amd64', os.version: '10.0', java.version: '1.8.0_181'
Driver info: com.kms.katalon.selenium.driver.CChromeDriver
Capabilities {acceptInsecureCerts: false, browserName: chrome, browserVersion: 83.0.4103.106, chrome: {chromedriverVersion: 83.0.4103.39 (ccbf011cb2d2b..., userDataDir: C:\Users\ASUS\AppData\Local...}, goog:chromeOptions: {debuggerAddress: localhost:49605}, javascriptEnabled: true, networkConnectionEnabled: false, pageLoadStrategy: normal, platform: WINDOWS, platformName: WINDOWS, proxy: Proxy(), setWindowRect: true, strictFileInteractability: false, timeouts: {implicit: 0, pageLoad: 300000, script: 30000}, unhandledPromptBehavior: dismiss and notify, webauthn:virtualAuthenticators: true}
Session ID: 87b6587c392f77f033fbe46dbfc925e9
	at org.openqa.selenium.remote.http.W3CHttpResponseCodec.createException(W3CHttpResponseCodec.java:187)
	at org.openqa.selenium.remote.http.W3CHttpResponseCodec.decode(W3CHttpResponseCodec.java:122)
	at org.openqa.selenium.remote.http.W3CHttpResponseCodec.decode(W3CHttpResponseCodec.java:49)
	at org.openqa.selenium.remote.HttpCommandExecutor.execute(HttpCommandExecutor.java:158)
	at org.openqa.selenium.remote.service.DriverCommandExecutor.execute(DriverCommandExecutor.java:83)
	at org.openqa.selenium.remote.RemoteWebDriver.execute(RemoteWebDriver.java:552)
	at com.kms.katalon.selenium.driver.CChromeDriver.execute(CChromeDriver.java:19)
	at org.openqa.selenium.remote.RemoteWebElement.execute(RemoteWebElement.java:285)
	at org.openqa.selenium.remote.RemoteWebElement.sendKeys(RemoteWebElement.java:106)
	at org.openqa.selenium.support.events.EventFiringWebDriver$EventFiringWebElement.lambda$new$0(EventFiringWebDriver.java:404)
	at com.sun.proxy.$Proxy9.sendKeys(Unknown Source)
	at org.openqa.selenium.support.events.EventFiringWebDriver$EventFiringWebElement.sendKeys(EventFiringWebDriver.java:429)
	at com.kms.katalon.core.webui.keyword.builtin.UploadFileKeyword$_uploadFile_closure1.doCall(UploadFileKeyword.groovy:80)
	at com.kms.katalon.core.webui.keyword.builtin.UploadFileKeyword$_uploadFile_closure1.call(UploadFileKeyword.groovy)
	at com.kms.katalon.core.webui.keyword.internal.WebUIKeywordMain.runKeyword(WebUIKeywordMain.groovy:20)
	... 19 more
"/>
         <system-out><![CDATA[2020-06-17 20:52:52 - [TEST_CASE][FAILED] - Test Cases/Alda/Admin - Manage FAQ/Edit: Test Cases/Alda/Admin - Manage FAQ/Edit FAILED.
Reason:
com.kms.katalon.core.exception.StepFailedException: Unable to upload file 'CC:\Users\ASUS\git\LearningManagementWebs\konten lms\PNG_GENERAL Icon.png' to object 'Object Repository/Alda/Admin - Manage FAQ/Page_Manage Faq/edit_gambar'
	at com.kms.katalon.core.webui.keyword.internal.WebUIKeywordMain.stepFailed(WebUIKeywordMain.groovy:64)
	at com.kms.katalon.core.webui.keyword.internal.WebUIKeywordMain.runKeyword(WebUIKeywordMain.groovy:26)
	at com.kms.katalon.core.webui.keyword.builtin.UploadFileKeyword.uploadFile(UploadFileKeyword.groovy:87)
	at com.kms.katalon.core.webui.keyword.builtin.UploadFileKeyword.execute(UploadFileKeyword.groovy:68)
	at com.kms.katalon.core.keyword.internal.KeywordExecutor.executeKeywordForPlatform(KeywordExecutor.groovy:60)
	at com.kms.katalon.core.webui.keyword.WebUiBuiltInKeywords.uploadFile(WebUiBuiltInKeywords.groovy:2945)
	at com.kms.katalon.core.webui.keyword.WebUiBuiltInKeywords$uploadFile$7.call(Unknown Source)
	at Edit.run(Edit:95)
	at com.kms.katalon.core.main.ScriptEngine.run(ScriptEngine.java:194)
	at com.kms.katalon.core.main.ScriptEngine.runScriptAsRawText(ScriptEngine.java:119)
	at com.kms.katalon.core.main.TestCaseExecutor.runScript(TestCaseExecutor.java:337)
	at com.kms.katalon.core.main.TestCaseExecutor.doExecute(TestCaseExecutor.java:328)
	at com.kms.katalon.core.main.TestCaseExecutor.processExecutionPhase(TestCaseExecutor.java:307)
	at com.kms.katalon.core.main.TestCaseExecutor.accessMainPhase(TestCaseExecutor.java:299)
	at com.kms.katalon.core.main.TestCaseExecutor.execute(TestCaseExecutor.java:233)
	at com.kms.katalon.core.main.TestSuiteExecutor.accessTestCaseMainPhase(TestSuiteExecutor.java:169)
	at com.kms.katalon.core.main.TestSuiteExecutor.accessTestSuiteMainPhase(TestSuiteExecutor.java:142)
	at com.kms.katalon.core.main.TestSuiteExecutor.execute(TestSuiteExecutor.java:91)
	at com.kms.katalon.core.main.TestCaseMain.startTestSuite(TestCaseMain.java:157)
	at com.kms.katalon.core.main.TestCaseMain$startTestSuite$0.call(Unknown Source)
	at TempTestSuite1592401186095.run(TempTestSuite1592401186095.groovy:36)
Caused by: org.openqa.selenium.InvalidArgumentException: invalid argument: File not found : CC:\Users\ASUS\git\LearningManagementWebs\konten lms\PNG_GENERAL Icon.png
  (Session info: chrome=83.0.4103.106)
Build info: version: '3.141.59', revision: 'e82be7d358', time: '2018-11-14T08:25:53'
System info: host: 'LAPTOP-D0TPACJ1', ip: '192.168.100.227', os.name: 'Windows 10', os.arch: 'amd64', os.version: '10.0', java.version: '1.8.0_181'
Driver info: com.kms.katalon.selenium.driver.CChromeDriver
Capabilities {acceptInsecureCerts: false, browserName: chrome, browserVersion: 83.0.4103.106, chrome: {chromedriverVersion: 83.0.4103.39 (ccbf011cb2d2b..., userDataDir: C:\Users\ASUS\AppData\Local...}, goog:chromeOptions: {debuggerAddress: localhost:49605}, javascriptEnabled: true, networkConnectionEnabled: false, pageLoadStrategy: normal, platform: WINDOWS, platformName: WINDOWS, proxy: Proxy(), setWindowRect: true, strictFileInteractability: false, timeouts: {implicit: 0, pageLoad: 300000, script: 30000}, unhandledPromptBehavior: dismiss and notify, webauthn:virtualAuthenticators: true}
Session ID: 87b6587c392f77f033fbe46dbfc925e9
	at org.openqa.selenium.remote.http.W3CHttpResponseCodec.createException(W3CHttpResponseCodec.java:187)
	at org.openqa.selenium.remote.http.W3CHttpResponseCodec.decode(W3CHttpResponseCodec.java:122)
	at org.openqa.selenium.remote.http.W3CHttpResponseCodec.decode(W3CHttpResponseCodec.java:49)
	at org.openqa.selenium.remote.HttpCommandExecutor.execute(HttpCommandExecutor.java:158)
	at org.openqa.selenium.remote.service.DriverCommandExecutor.execute(DriverCommandExecutor.java:83)
	at org.openqa.selenium.remote.RemoteWebDriver.execute(RemoteWebDriver.java:552)
	at com.kms.katalon.selenium.driver.CChromeDriver.execute(CChromeDriver.java:19)
	at org.openqa.selenium.remote.RemoteWebElement.execute(RemoteWebElement.java:285)
	at org.openqa.selenium.remote.RemoteWebElement.sendKeys(RemoteWebElement.java:106)
	at org.openqa.selenium.support.events.EventFiringWebDriver$EventFiringWebElement.lambda$new$0(EventFiringWebDriver.java:404)
	at com.sun.proxy.$Proxy9.sendKeys(Unknown Source)
	at org.openqa.selenium.support.events.EventFiringWebDriver$EventFiringWebElement.sendKeys(EventFiringWebDriver.java:429)
	at com.kms.katalon.core.webui.keyword.builtin.UploadFileKeyword$_uploadFile_closure1.doCall(UploadFileKeyword.groovy:80)
	at com.kms.katalon.core.webui.keyword.builtin.UploadFileKeyword$_uploadFile_closure1.call(UploadFileKeyword.groovy)
	at com.kms.katalon.core.webui.keyword.internal.WebUIKeywordMain.runKeyword(WebUIKeywordMain.groovy:20)
	... 19 more


2020-06-17 20:52:52 - [TEST_STEP][PASSED] - callTestCase(findTestCase("Christi/Admin/admin login"), ["username":"11666", "password":"Password3"], STOP_ON_FAILURE): Call Test Case 'Test Cases/Christi/Admin/admin login' successfully

2020-06-17 20:52:52 - [TEST_CASE][PASSED] - Test Cases/Christi/Admin/admin login: Test Cases/Christi/Admin/admin login

2020-06-17 20:52:52 - [TEST_STEP][PASSED] - openBrowser(""): Browser is opened with url: ''

2020-06-17 20:52:52 - [MESSAGE][WARNING] - A browser is already opened. Closing browser and opening a new one

2020-06-17 20:52:53 - [MESSAGE][INFO] - Starting 'Chrome' driver

2020-06-17 20:52:56 - [MESSAGE][PASSED] - Browser is opened with url: ''

2020-06-17 20:52:56 - [TEST_STEP][PASSED] - navigateToUrl("https://appsrv1.deltadatamandiri.com/ACC_LMS_WEB/#/admNLmn"): Navigate to 'https://appsrv1.deltadatamandiri.com/ACC_LMS_WEB/#/admNLmn' successfully

2020-06-17 20:53:24 - [MESSAGE][PASSED] - Navigate to 'https://appsrv1.deltadatamandiri.com/ACC_LMS_WEB/#/admNLmn' successfully

2020-06-17 20:53:24 - [TEST_STEP][PASSED] - click(findTestObject("Christi/Page_Main/button_login")): Object: 'Object Repository/Christi/Page_Main/button_login' is clicked on

2020-06-17 20:53:30 - [MESSAGE][ERROR] - javascript error: Failed to execute 'elementsFromPoint' on 'Document': The provided double value is non-finite.
  (Session info: chrome=83.0.4103.106)
Build info: version: '3.141.59', revision: 'e82be7d358', time: '2018-11-14T08:25:53'
System info: host: 'LAPTOP-D0TPACJ1', ip: '192.168.100.227', os.name: 'Windows 10', os.arch: 'amd64', os.version: '10.0', java.version: '1.8.0_181'
Driver info: com.kms.katalon.selenium.driver.CChromeDriver
Capabilities {acceptInsecureCerts: false, browserName: chrome, browserVersion: 83.0.4103.106, chrome: {chromedriverVersion: 83.0.4103.39 (ccbf011cb2d2b..., userDataDir: C:\Users\ASUS\AppData\Local...}, goog:chromeOptions: {debuggerAddress: localhost:49605}, javascriptEnabled: true, networkConnectionEnabled: false, pageLoadStrategy: normal, platform: WINDOWS, platformName: WINDOWS, proxy: Proxy(), setWindowRect: true, strictFileInteractability: false, timeouts: {implicit: 0, pageLoad: 300000, script: 30000}, unhandledPromptBehavior: dismiss and notify, webauthn:virtualAuthenticators: true}
Session ID: 87b6587c392f77f033fbe46dbfc925e9

2020-06-17 20:53:31 - [MESSAGE][PASSED] - Object: 'Object Repository/Christi/Page_Main/button_login' is clicked on

2020-06-17 20:53:31 - [TEST_STEP][PASSED] - delay(3): Delayed 3 second(s)

2020-06-17 20:53:34 - [MESSAGE][PASSED] - Delayed 3 second(s)

2020-06-17 20:53:34 - [TEST_STEP][PASSED] - setText(findTestObject("Object Repository/Christi/Page_Main/input_NPK_username"), username): Text '11666' is set on object 'Object Repository/Christi/Page_Main/input_NPK_username'

2020-06-17 20:53:35 - [MESSAGE][PASSED] - Text '11666' is set on object 'Object Repository/Christi/Page_Main/input_NPK_username'

2020-06-17 20:53:35 - [TEST_STEP][PASSED] - setText(findTestObject("Object Repository/Christi/Page_Main/input_Password_password"), password): Text 'Password3' is set on object 'Object Repository/Christi/Page_Main/input_Password_password'

2020-06-17 20:53:36 - [MESSAGE][PASSED] - Text 'Password3' is set on object 'Object Repository/Christi/Page_Main/input_Password_password'

2020-06-17 20:53:36 - [TEST_STEP][PASSED] - delay(5): Delayed 5 second(s)

2020-06-17 20:53:41 - [MESSAGE][PASSED] - Delayed 5 second(s)

2020-06-17 20:53:41 - [TEST_STEP][PASSED] - click(findTestObject("Rizka/Admin/Admin - Login/btnLogin2")): Object: 'Object Repository/Rizka/Admin/Admin - Login/btnLogin2' is clicked on

2020-06-17 20:53:41 - [MESSAGE][PASSED] - Object: 'Object Repository/Rizka/Admin/Admin - Login/btnLogin2' is clicked on

2020-06-17 20:53:41 - [TEST_STEP][PASSED] - delay(5): Delayed 5 second(s)

2020-06-17 20:53:46 - [MESSAGE][PASSED] - Delayed 5 second(s)

2020-06-17 20:53:46 - [MESSAGE][PASSED] - Call Test Case 'Test Cases/Christi/Admin/admin login' successfully

2020-06-17 20:53:46 - [TEST_STEP][PASSED] - delay(5): Delayed 5 second(s)

2020-06-17 20:53:51 - [MESSAGE][PASSED] - Delayed 5 second(s)

2020-06-17 20:53:51 - [TEST_STEP][PASSED] - click(findTestObject("Christi/Page_Dashboard Admin/span_Manage FAQ")): Object: 'Object Repository/Christi/Page_Dashboard Admin/span_Manage FAQ' is clicked on

2020-06-17 20:53:52 - [MESSAGE][PASSED] - Object: 'Object Repository/Christi/Page_Dashboard Admin/span_Manage FAQ' is clicked on

2020-06-17 20:53:52 - [TEST_STEP][PASSED] - click(findTestObject("Alda/Admin - Manage FAQ/Page_Manage Faq/input_search")): Object: 'Object Repository/Alda/Admin - Manage FAQ/Page_Manage Faq/input_search' is clicked on

2020-06-17 20:53:54 - [MESSAGE][PASSED] - Object: 'Object Repository/Alda/Admin - Manage FAQ/Page_Manage Faq/input_search' is clicked on

2020-06-17 20:53:54 - [TEST_STEP][PASSED] - setText(findTestObject("Alda/Admin - Manage FAQ/Page_Manage Faq/input_search"), var_search): Text 'question 1 adalah?' is set on object 'Object Repository/Alda/Admin - Manage FAQ/Page_Manage Faq/input_search'

2020-06-17 20:53:57 - [MESSAGE][PASSED] - Text 'question 1 adalah?' is set on object 'Object Repository/Alda/Admin - Manage FAQ/Page_Manage Faq/input_search'

2020-06-17 20:53:57 - [TEST_STEP][PASSED] - click(findTestObject("Christi/Page_Manage Faq/button_Clear button_app-search-button wi wi-search"), STOP_ON_FAILURE): Object: 'Object Repository/Christi/Page_Manage Faq/button_Clear button_app-search-button wi wi-search' is clicked on

2020-06-17 20:53:58 - [MESSAGE][PASSED] - Object: 'Object Repository/Christi/Page_Manage Faq/button_Clear button_app-search-button wi wi-search' is clicked on

2020-06-17 20:53:58 - [TEST_STEP][FAILED] - if (expected_search == "found"): Unable to upload file 'CC:\Users\ASUS\git\LearningManagementWebs\konten lms\PNG_GENERAL Icon.png' to object 'Object Repository/Alda/Admin - Manage FAQ/Page_Manage Faq/edit_gambar' (Root cause: com.kms.katalon.core.exception.StepFailedException: Unable to upload file 'CC:\Users\ASUS\git\LearningManagementWebs\konten lms\PNG_GENERAL Icon.png' to object 'Object Repository/Alda/Admin - Manage FAQ/Page_Manage Faq/edit_gambar'
	at com.kms.katalon.core.webui.keyword.internal.WebUIKeywordMain.stepFailed(WebUIKeywordMain.groovy:64)
	at com.kms.katalon.core.webui.keyword.internal.WebUIKeywordMain.runKeyword(WebUIKeywordMain.groovy:26)
	at com.kms.katalon.core.webui.keyword.builtin.UploadFileKeyword.uploadFile(UploadFileKeyword.groovy:87)
	at com.kms.katalon.core.webui.keyword.builtin.UploadFileKeyword.execute(UploadFileKeyword.groovy:68)
	at com.kms.katalon.core.keyword.internal.KeywordExecutor.executeKeywordForPlatform(KeywordExecutor.groovy:60)
	at com.kms.katalon.core.webui.keyword.WebUiBuiltInKeywords.uploadFile(WebUiBuiltInKeywords.groovy:2945)
	at com.kms.katalon.core.webui.keyword.WebUiBuiltInKeywords$uploadFile$7.call(Unknown Source)
	at Edit.run(Edit:95)
	at com.kms.katalon.core.main.ScriptEngine.run(ScriptEngine.java:194)
	at com.kms.katalon.core.main.ScriptEngine.runScriptAsRawText(ScriptEngine.java:119)
	at com.kms.katalon.core.main.TestCaseExecutor.runScript(TestCaseExecutor.java:337)
	at com.kms.katalon.core.main.TestCaseExecutor.doExecute(TestCaseExecutor.java:328)
	at com.kms.katalon.core.main.TestCaseExecutor.processExecutionPhase(TestCaseExecutor.java:307)
	at com.kms.katalon.core.main.TestCaseExecutor.accessMainPhase(TestCaseExecutor.java:299)
	at com.kms.katalon.core.main.TestCaseExecutor.execute(TestCaseExecutor.java:233)
	at com.kms.katalon.core.main.TestSuiteExecutor.accessTestCaseMainPhase(TestSuiteExecutor.java:169)
	at com.kms.katalon.core.main.TestSuiteExecutor.accessTestSuiteMainPhase(TestSuiteExecutor.java:142)
	at com.kms.katalon.core.main.TestSuiteExecutor.execute(TestSuiteExecutor.java:91)
	at com.kms.katalon.core.main.TestCaseMain.startTestSuite(TestCaseMain.java:157)
	at com.kms.katalon.core.main.TestCaseMain$startTestSuite$0.call(Unknown Source)
	at TempTestSuite1592401186095.run(TempTestSuite1592401186095.groovy:36)
Caused by: org.openqa.selenium.InvalidArgumentException: invalid argument: File not found : CC:\Users\ASUS\git\LearningManagementWebs\konten lms\PNG_GENERAL Icon.png
  (Session info: chrome=83.0.4103.106)
Build info: version: '3.141.59', revision: 'e82be7d358', time: '2018-11-14T08:25:53'
System info: host: 'LAPTOP-D0TPACJ1', ip: '192.168.100.227', os.name: 'Windows 10', os.arch: 'amd64', os.version: '10.0', java.version: '1.8.0_181'
Driver info: com.kms.katalon.selenium.driver.CChromeDriver
Capabilities {acceptInsecureCerts: false, browserName: chrome, browserVersion: 83.0.4103.106, chrome: {chromedriverVersion: 83.0.4103.39 (ccbf011cb2d2b..., userDataDir: C:\Users\ASUS\AppData\Local...}, goog:chromeOptions: {debuggerAddress: localhost:49605}, javascriptEnabled: true, networkConnectionEnabled: false, pageLoadStrategy: normal, platform: WINDOWS, platformName: WINDOWS, proxy: Proxy(), setWindowRect: true, strictFileInteractability: false, timeouts: {implicit: 0, pageLoad: 300000, script: 30000}, unhandledPromptBehavior: dismiss and notify, webauthn:virtualAuthenticators: true}
Session ID: 87b6587c392f77f033fbe46dbfc925e9
	at org.openqa.selenium.remote.http.W3CHttpResponseCodec.createException(W3CHttpResponseCodec.java:187)
	at org.openqa.selenium.remote.http.W3CHttpResponseCodec.decode(W3CHttpResponseCodec.java:122)
	at org.openqa.selenium.remote.http.W3CHttpResponseCodec.decode(W3CHttpResponseCodec.java:49)
	at org.openqa.selenium.remote.HttpCommandExecutor.execute(HttpCommandExecutor.java:158)
	at org.openqa.selenium.remote.service.DriverCommandExecutor.execute(DriverCommandExecutor.java:83)
	at org.openqa.selenium.remote.RemoteWebDriver.execute(RemoteWebDriver.java:552)
	at com.kms.katalon.selenium.driver.CChromeDriver.execute(CChromeDriver.java:19)
	at org.openqa.selenium.remote.RemoteWebElement.execute(RemoteWebElement.java:285)
	at org.openqa.selenium.remote.RemoteWebElement.sendKeys(RemoteWebElement.java:106)
	at org.openqa.selenium.support.events.EventFiringWebDriver$EventFiringWebElement.lambda$new$0(EventFiringWebDriver.java:404)
	at com.sun.proxy.$Proxy9.sendKeys(Unknown Source)
	at org.openqa.selenium.support.events.EventFiringWebDriver$EventFiringWebElement.sendKeys(EventFiringWebDriver.java:429)
	at com.kms.katalon.core.webui.keyword.builtin.UploadFileKeyword$_uploadFile_closure1.doCall(UploadFileKeyword.groovy:80)
	at com.kms.katalon.core.webui.keyword.builtin.UploadFileKeyword$_uploadFile_closure1.call(UploadFileKeyword.groovy)
	at com.kms.katalon.core.webui.keyword.internal.WebUIKeywordMain.runKeyword(WebUIKeywordMain.groovy:20)
	at com.kms.katalon.core.webui.keyword.builtin.UploadFileKeyword.uploadFile(UploadFileKeyword.groovy:87)
	at com.kms.katalon.core.webui.keyword.builtin.UploadFileKeyword.execute(UploadFileKeyword.groovy:68)
	at com.kms.katalon.core.keyword.internal.KeywordExecutor.executeKeywordForPlatform(KeywordExecutor.groovy:60)
	at com.kms.katalon.core.webui.keyword.WebUiBuiltInKeywords.uploadFile(WebUiBuiltInKeywords.groovy:2945)
	at com.kms.katalon.core.webui.keyword.WebUiBuiltInKeywords$uploadFile$7.call(Unknown Source)
	at Script1590528287645.run(Script1590528287645.groovy:95)
	... 13 more
)

2020-06-17 20:53:58 - [TEST_STEP][PASSED] - verifyElementVisible(findTestObject("Alda/Admin - Manage FAQ/Page_Manage Faq/label_search_visible", ["text":var_search])): Object 'Object Repository/Alda/Admin - Manage FAQ/Page_Manage Faq/label_search_visible' is visible

2020-06-17 20:54:00 - [MESSAGE][PASSED] - Object 'Object Repository/Alda/Admin - Manage FAQ/Page_Manage Faq/label_search_visible' is visible

2020-06-17 20:54:00 - [TEST_STEP][PASSED] - delay(5): Delayed 5 second(s)

2020-06-17 20:54:05 - [MESSAGE][PASSED] - Delayed 5 second(s)

2020-06-17 20:54:05 - [TEST_STEP][PASSED] - click(findTestObject("Alda/Admin - Manage FAQ/Page_Manage Faq/btn_edit")): Object: 'Object Repository/Alda/Admin - Manage FAQ/Page_Manage Faq/btn_edit' is clicked on

2020-06-17 20:54:06 - [MESSAGE][PASSED] - Object: 'Object Repository/Alda/Admin - Manage FAQ/Page_Manage Faq/btn_edit' is clicked on

2020-06-17 20:54:06 - [TEST_STEP][PASSED] - verifyElementVisible(findTestObject("Object Repository/Alda/Admin - Manage FAQ/Page_Manage Faq/header_edit_page")): Object 'Object Repository/Alda/Admin - Manage FAQ/Page_Manage Faq/header_edit_page' is visible

2020-06-17 20:54:09 - [MESSAGE][PASSED] - Object 'Object Repository/Alda/Admin - Manage FAQ/Page_Manage Faq/header_edit_page' is visible

2020-06-17 20:54:09 - [TEST_STEP][FAILED] - switch (opsi_edit.toString()): Unable to upload file 'CC:\Users\ASUS\git\LearningManagementWebs\konten lms\PNG_GENERAL Icon.png' to object 'Object Repository/Alda/Admin - Manage FAQ/Page_Manage Faq/edit_gambar' (Root cause: com.kms.katalon.core.exception.StepFailedException: Unable to upload file 'CC:\Users\ASUS\git\LearningManagementWebs\konten lms\PNG_GENERAL Icon.png' to object 'Object Repository/Alda/Admin - Manage FAQ/Page_Manage Faq/edit_gambar'
	at com.kms.katalon.core.webui.keyword.internal.WebUIKeywordMain.stepFailed(WebUIKeywordMain.groovy:64)
	at com.kms.katalon.core.webui.keyword.internal.WebUIKeywordMain.runKeyword(WebUIKeywordMain.groovy:26)
	at com.kms.katalon.core.webui.keyword.builtin.UploadFileKeyword.uploadFile(UploadFileKeyword.groovy:87)
	at com.kms.katalon.core.webui.keyword.builtin.UploadFileKeyword.execute(UploadFileKeyword.groovy:68)
	at com.kms.katalon.core.keyword.internal.KeywordExecutor.executeKeywordForPlatform(KeywordExecutor.groovy:60)
	at com.kms.katalon.core.webui.keyword.WebUiBuiltInKeywords.uploadFile(WebUiBuiltInKeywords.groovy:2945)
	at com.kms.katalon.core.webui.keyword.WebUiBuiltInKeywords$uploadFile$7.call(Unknown Source)
	at Edit.run(Edit:95)
	at com.kms.katalon.core.main.ScriptEngine.run(ScriptEngine.java:194)
	at com.kms.katalon.core.main.ScriptEngine.runScriptAsRawText(ScriptEngine.java:119)
	at com.kms.katalon.core.main.TestCaseExecutor.runScript(TestCaseExecutor.java:337)
	at com.kms.katalon.core.main.TestCaseExecutor.doExecute(TestCaseExecutor.java:328)
	at com.kms.katalon.core.main.TestCaseExecutor.processExecutionPhase(TestCaseExecutor.java:307)
	at com.kms.katalon.core.main.TestCaseExecutor.accessMainPhase(TestCaseExecutor.java:299)
	at com.kms.katalon.core.main.TestCaseExecutor.execute(TestCaseExecutor.java:233)
	at com.kms.katalon.core.main.TestSuiteExecutor.accessTestCaseMainPhase(TestSuiteExecutor.java:169)
	at com.kms.katalon.core.main.TestSuiteExecutor.accessTestSuiteMainPhase(TestSuiteExecutor.java:142)
	at com.kms.katalon.core.main.TestSuiteExecutor.execute(TestSuiteExecutor.java:91)
	at com.kms.katalon.core.main.TestCaseMain.startTestSuite(TestCaseMain.java:157)
	at com.kms.katalon.core.main.TestCaseMain$startTestSuite$0.call(Unknown Source)
	at TempTestSuite1592401186095.run(TempTestSuite1592401186095.groovy:36)
Caused by: org.openqa.selenium.InvalidArgumentException: invalid argument: File not found : CC:\Users\ASUS\git\LearningManagementWebs\konten lms\PNG_GENERAL Icon.png
  (Session info: chrome=83.0.4103.106)
Build info: version: '3.141.59', revision: 'e82be7d358', time: '2018-11-14T08:25:53'
System info: host: 'LAPTOP-D0TPACJ1', ip: '192.168.100.227', os.name: 'Windows 10', os.arch: 'amd64', os.version: '10.0', java.version: '1.8.0_181'
Driver info: com.kms.katalon.selenium.driver.CChromeDriver
Capabilities {acceptInsecureCerts: false, browserName: chrome, browserVersion: 83.0.4103.106, chrome: {chromedriverVersion: 83.0.4103.39 (ccbf011cb2d2b..., userDataDir: C:\Users\ASUS\AppData\Local...}, goog:chromeOptions: {debuggerAddress: localhost:49605}, javascriptEnabled: true, networkConnectionEnabled: false, pageLoadStrategy: normal, platform: WINDOWS, platformName: WINDOWS, proxy: Proxy(), setWindowRect: true, strictFileInteractability: false, timeouts: {implicit: 0, pageLoad: 300000, script: 30000}, unhandledPromptBehavior: dismiss and notify, webauthn:virtualAuthenticators: true}
Session ID: 87b6587c392f77f033fbe46dbfc925e9
	at org.openqa.selenium.remote.http.W3CHttpResponseCodec.createException(W3CHttpResponseCodec.java:187)
	at org.openqa.selenium.remote.http.W3CHttpResponseCodec.decode(W3CHttpResponseCodec.java:122)
	at org.openqa.selenium.remote.http.W3CHttpResponseCodec.decode(W3CHttpResponseCodec.java:49)
	at org.openqa.selenium.remote.HttpCommandExecutor.execute(HttpCommandExecutor.java:158)
	at org.openqa.selenium.remote.service.DriverCommandExecutor.execute(DriverCommandExecutor.java:83)
	at org.openqa.selenium.remote.RemoteWebDriver.execute(RemoteWebDriver.java:552)
	at com.kms.katalon.selenium.driver.CChromeDriver.execute(CChromeDriver.java:19)
	at org.openqa.selenium.remote.RemoteWebElement.execute(RemoteWebElement.java:285)
	at org.openqa.selenium.remote.RemoteWebElement.sendKeys(RemoteWebElement.java:106)
	at org.openqa.selenium.support.events.EventFiringWebDriver$EventFiringWebElement.lambda$new$0(EventFiringWebDriver.java:404)
	at com.sun.proxy.$Proxy9.sendKeys(Unknown Source)
	at org.openqa.selenium.support.events.EventFiringWebDriver$EventFiringWebElement.sendKeys(EventFiringWebDriver.java:429)
	at com.kms.katalon.core.webui.keyword.builtin.UploadFileKeyword$_uploadFile_closure1.doCall(UploadFileKeyword.groovy:80)
	at com.kms.katalon.core.webui.keyword.builtin.UploadFileKeyword$_uploadFile_closure1.call(UploadFileKeyword.groovy)
	at com.kms.katalon.core.webui.keyword.internal.WebUIKeywordMain.runKeyword(WebUIKeywordMain.groovy:20)
	at com.kms.katalon.core.webui.keyword.builtin.UploadFileKeyword.uploadFile(UploadFileKeyword.groovy:87)
	at com.kms.katalon.core.webui.keyword.builtin.UploadFileKeyword.execute(UploadFileKeyword.groovy:68)
	at com.kms.katalon.core.keyword.internal.KeywordExecutor.executeKeywordForPlatform(KeywordExecutor.groovy:60)
	at com.kms.katalon.core.webui.keyword.WebUiBuiltInKeywords.uploadFile(WebUiBuiltInKeywords.groovy:2945)
	at com.kms.katalon.core.webui.keyword.WebUiBuiltInKeywords$uploadFile$7.call(Unknown Source)
	at Script1590528287645.run(Script1590528287645.groovy:95)
	... 13 more
)

2020-06-17 20:54:09 - [TEST_STEP][FAILED] - case "picture_only":: Unable to upload file 'CC:\Users\ASUS\git\LearningManagementWebs\konten lms\PNG_GENERAL Icon.png' to object 'Object Repository/Alda/Admin - Manage FAQ/Page_Manage Faq/edit_gambar' (Root cause: com.kms.katalon.core.exception.StepFailedException: Unable to upload file 'CC:\Users\ASUS\git\LearningManagementWebs\konten lms\PNG_GENERAL Icon.png' to object 'Object Repository/Alda/Admin - Manage FAQ/Page_Manage Faq/edit_gambar'
	at com.kms.katalon.core.webui.keyword.internal.WebUIKeywordMain.stepFailed(WebUIKeywordMain.groovy:64)
	at com.kms.katalon.core.webui.keyword.internal.WebUIKeywordMain.runKeyword(WebUIKeywordMain.groovy:26)
	at com.kms.katalon.core.webui.keyword.builtin.UploadFileKeyword.uploadFile(UploadFileKeyword.groovy:87)
	at com.kms.katalon.core.webui.keyword.builtin.UploadFileKeyword.execute(UploadFileKeyword.groovy:68)
	at com.kms.katalon.core.keyword.internal.KeywordExecutor.executeKeywordForPlatform(KeywordExecutor.groovy:60)
	at com.kms.katalon.core.webui.keyword.WebUiBuiltInKeywords.uploadFile(WebUiBuiltInKeywords.groovy:2945)
	at com.kms.katalon.core.webui.keyword.WebUiBuiltInKeywords$uploadFile$7.call(Unknown Source)
	at Edit.run(Edit:95)
	at com.kms.katalon.core.main.ScriptEngine.run(ScriptEngine.java:194)
	at com.kms.katalon.core.main.ScriptEngine.runScriptAsRawText(ScriptEngine.java:119)
	at com.kms.katalon.core.main.TestCaseExecutor.runScript(TestCaseExecutor.java:337)
	at com.kms.katalon.core.main.TestCaseExecutor.doExecute(TestCaseExecutor.java:328)
	at com.kms.katalon.core.main.TestCaseExecutor.processExecutionPhase(TestCaseExecutor.java:307)
	at com.kms.katalon.core.main.TestCaseExecutor.accessMainPhase(TestCaseExecutor.java:299)
	at com.kms.katalon.core.main.TestCaseExecutor.execute(TestCaseExecutor.java:233)
	at com.kms.katalon.core.main.TestSuiteExecutor.accessTestCaseMainPhase(TestSuiteExecutor.java:169)
	at com.kms.katalon.core.main.TestSuiteExecutor.accessTestSuiteMainPhase(TestSuiteExecutor.java:142)
	at com.kms.katalon.core.main.TestSuiteExecutor.execute(TestSuiteExecutor.java:91)
	at com.kms.katalon.core.main.TestCaseMain.startTestSuite(TestCaseMain.java:157)
	at com.kms.katalon.core.main.TestCaseMain$startTestSuite$0.call(Unknown Source)
	at TempTestSuite1592401186095.run(TempTestSuite1592401186095.groovy:36)
Caused by: org.openqa.selenium.InvalidArgumentException: invalid argument: File not found : CC:\Users\ASUS\git\LearningManagementWebs\konten lms\PNG_GENERAL Icon.png
  (Session info: chrome=83.0.4103.106)
Build info: version: '3.141.59', revision: 'e82be7d358', time: '2018-11-14T08:25:53'
System info: host: 'LAPTOP-D0TPACJ1', ip: '192.168.100.227', os.name: 'Windows 10', os.arch: 'amd64', os.version: '10.0', java.version: '1.8.0_181'
Driver info: com.kms.katalon.selenium.driver.CChromeDriver
Capabilities {acceptInsecureCerts: false, browserName: chrome, browserVersion: 83.0.4103.106, chrome: {chromedriverVersion: 83.0.4103.39 (ccbf011cb2d2b..., userDataDir: C:\Users\ASUS\AppData\Local...}, goog:chromeOptions: {debuggerAddress: localhost:49605}, javascriptEnabled: true, networkConnectionEnabled: false, pageLoadStrategy: normal, platform: WINDOWS, platformName: WINDOWS, proxy: Proxy(), setWindowRect: true, strictFileInteractability: false, timeouts: {implicit: 0, pageLoad: 300000, script: 30000}, unhandledPromptBehavior: dismiss and notify, webauthn:virtualAuthenticators: true}
Session ID: 87b6587c392f77f033fbe46dbfc925e9
	at org.openqa.selenium.remote.http.W3CHttpResponseCodec.createException(W3CHttpResponseCodec.java:187)
	at org.openqa.selenium.remote.http.W3CHttpResponseCodec.decode(W3CHttpResponseCodec.java:122)
	at org.openqa.selenium.remote.http.W3CHttpResponseCodec.decode(W3CHttpResponseCodec.java:49)
	at org.openqa.selenium.remote.HttpCommandExecutor.execute(HttpCommandExecutor.java:158)
	at org.openqa.selenium.remote.service.DriverCommandExecutor.execute(DriverCommandExecutor.java:83)
	at org.openqa.selenium.remote.RemoteWebDriver.execute(RemoteWebDriver.java:552)
	at com.kms.katalon.selenium.driver.CChromeDriver.execute(CChromeDriver.java:19)
	at org.openqa.selenium.remote.RemoteWebElement.execute(RemoteWebElement.java:285)
	at org.openqa.selenium.remote.RemoteWebElement.sendKeys(RemoteWebElement.java:106)
	at org.openqa.selenium.support.events.EventFiringWebDriver$EventFiringWebElement.lambda$new$0(EventFiringWebDriver.java:404)
	at com.sun.proxy.$Proxy9.sendKeys(Unknown Source)
	at org.openqa.selenium.support.events.EventFiringWebDriver$EventFiringWebElement.sendKeys(EventFiringWebDriver.java:429)
	at com.kms.katalon.core.webui.keyword.builtin.UploadFileKeyword$_uploadFile_closure1.doCall(UploadFileKeyword.groovy:80)
	at com.kms.katalon.core.webui.keyword.builtin.UploadFileKeyword$_uploadFile_closure1.call(UploadFileKeyword.groovy)
	at com.kms.katalon.core.webui.keyword.internal.WebUIKeywordMain.runKeyword(WebUIKeywordMain.groovy:20)
	at com.kms.katalon.core.webui.keyword.builtin.UploadFileKeyword.uploadFile(UploadFileKeyword.groovy:87)
	at com.kms.katalon.core.webui.keyword.builtin.UploadFileKeyword.execute(UploadFileKeyword.groovy:68)
	at com.kms.katalon.core.keyword.internal.KeywordExecutor.executeKeywordForPlatform(KeywordExecutor.groovy:60)
	at com.kms.katalon.core.webui.keyword.WebUiBuiltInKeywords.uploadFile(WebUiBuiltInKeywords.groovy:2945)
	at com.kms.katalon.core.webui.keyword.WebUiBuiltInKeywords$uploadFile$7.call(Unknown Source)
	at Script1590528287645.run(Script1590528287645.groovy:95)
	... 13 more
)

2020-06-17 20:54:09 - [TEST_STEP][FAILED] - uploadFile(findTestObject("Alda/Admin - Manage FAQ/Page_Manage Faq/edit_gambar"), var_gambar_new): Unable to upload file 'CC:\Users\ASUS\git\LearningManagementWebs\konten lms\PNG_GENERAL Icon.png' to object 'Object Repository/Alda/Admin - Manage FAQ/Page_Manage Faq/edit_gambar' (Root cause: com.kms.katalon.core.exception.StepFailedException: Unable to upload file 'CC:\Users\ASUS\git\LearningManagementWebs\konten lms\PNG_GENERAL Icon.png' to object 'Object Repository/Alda/Admin - Manage FAQ/Page_Manage Faq/edit_gambar'
	at com.kms.katalon.core.webui.keyword.internal.WebUIKeywordMain.stepFailed(WebUIKeywordMain.groovy:64)
	at com.kms.katalon.core.webui.keyword.internal.WebUIKeywordMain.runKeyword(WebUIKeywordMain.groovy:26)
	at com.kms.katalon.core.webui.keyword.builtin.UploadFileKeyword.uploadFile(UploadFileKeyword.groovy:87)
	at com.kms.katalon.core.webui.keyword.builtin.UploadFileKeyword.execute(UploadFileKeyword.groovy:68)
	at com.kms.katalon.core.keyword.internal.KeywordExecutor.executeKeywordForPlatform(KeywordExecutor.groovy:60)
	at com.kms.katalon.core.webui.keyword.WebUiBuiltInKeywords.uploadFile(WebUiBuiltInKeywords.groovy:2945)
	at com.kms.katalon.core.webui.keyword.WebUiBuiltInKeywords$uploadFile$7.call(Unknown Source)
	at Edit.run(Edit:95)
	at com.kms.katalon.core.main.ScriptEngine.run(ScriptEngine.java:194)
	at com.kms.katalon.core.main.ScriptEngine.runScriptAsRawText(ScriptEngine.java:119)
	at com.kms.katalon.core.main.TestCaseExecutor.runScript(TestCaseExecutor.java:337)
	at com.kms.katalon.core.main.TestCaseExecutor.doExecute(TestCaseExecutor.java:328)
	at com.kms.katalon.core.main.TestCaseExecutor.processExecutionPhase(TestCaseExecutor.java:307)
	at com.kms.katalon.core.main.TestCaseExecutor.accessMainPhase(TestCaseExecutor.java:299)
	at com.kms.katalon.core.main.TestCaseExecutor.execute(TestCaseExecutor.java:233)
	at com.kms.katalon.core.main.TestSuiteExecutor.accessTestCaseMainPhase(TestSuiteExecutor.java:169)
	at com.kms.katalon.core.main.TestSuiteExecutor.accessTestSuiteMainPhase(TestSuiteExecutor.java:142)
	at com.kms.katalon.core.main.TestSuiteExecutor.execute(TestSuiteExecutor.java:91)
	at com.kms.katalon.core.main.TestCaseMain.startTestSuite(TestCaseMain.java:157)
	at com.kms.katalon.core.main.TestCaseMain$startTestSuite$0.call(Unknown Source)
	at TempTestSuite1592401186095.run(TempTestSuite1592401186095.groovy:36)
Caused by: org.openqa.selenium.InvalidArgumentException: invalid argument: File not found : CC:\Users\ASUS\git\LearningManagementWebs\konten lms\PNG_GENERAL Icon.png
  (Session info: chrome=83.0.4103.106)
Build info: version: '3.141.59', revision: 'e82be7d358', time: '2018-11-14T08:25:53'
System info: host: 'LAPTOP-D0TPACJ1', ip: '192.168.100.227', os.name: 'Windows 10', os.arch: 'amd64', os.version: '10.0', java.version: '1.8.0_181'
Driver info: com.kms.katalon.selenium.driver.CChromeDriver
Capabilities {acceptInsecureCerts: false, browserName: chrome, browserVersion: 83.0.4103.106, chrome: {chromedriverVersion: 83.0.4103.39 (ccbf011cb2d2b..., userDataDir: C:\Users\ASUS\AppData\Local...}, goog:chromeOptions: {debuggerAddress: localhost:49605}, javascriptEnabled: true, networkConnectionEnabled: false, pageLoadStrategy: normal, platform: WINDOWS, platformName: WINDOWS, proxy: Proxy(), setWindowRect: true, strictFileInteractability: false, timeouts: {implicit: 0, pageLoad: 300000, script: 30000}, unhandledPromptBehavior: dismiss and notify, webauthn:virtualAuthenticators: true}
Session ID: 87b6587c392f77f033fbe46dbfc925e9
	at org.openqa.selenium.remote.http.W3CHttpResponseCodec.createException(W3CHttpResponseCodec.java:187)
	at org.openqa.selenium.remote.http.W3CHttpResponseCodec.decode(W3CHttpResponseCodec.java:122)
	at org.openqa.selenium.remote.http.W3CHttpResponseCodec.decode(W3CHttpResponseCodec.java:49)
	at org.openqa.selenium.remote.HttpCommandExecutor.execute(HttpCommandExecutor.java:158)
	at org.openqa.selenium.remote.service.DriverCommandExecutor.execute(DriverCommandExecutor.java:83)
	at org.openqa.selenium.remote.RemoteWebDriver.execute(RemoteWebDriver.java:552)
	at com.kms.katalon.selenium.driver.CChromeDriver.execute(CChromeDriver.java:19)
	at org.openqa.selenium.remote.RemoteWebElement.execute(RemoteWebElement.java:285)
	at org.openqa.selenium.remote.RemoteWebElement.sendKeys(RemoteWebElement.java:106)
	at org.openqa.selenium.support.events.EventFiringWebDriver$EventFiringWebElement.lambda$new$0(EventFiringWebDriver.java:404)
	at com.sun.proxy.$Proxy9.sendKeys(Unknown Source)
	at org.openqa.selenium.support.events.EventFiringWebDriver$EventFiringWebElement.sendKeys(EventFiringWebDriver.java:429)
	at com.kms.katalon.core.webui.keyword.builtin.UploadFileKeyword$_uploadFile_closure1.doCall(UploadFileKeyword.groovy:80)
	at com.kms.katalon.core.webui.keyword.builtin.UploadFileKeyword$_uploadFile_closure1.call(UploadFileKeyword.groovy)
	at com.kms.katalon.core.webui.keyword.internal.WebUIKeywordMain.runKeyword(WebUIKeywordMain.groovy:20)
	at com.kms.katalon.core.webui.keyword.builtin.UploadFileKeyword.uploadFile(UploadFileKeyword.groovy:87)
	at com.kms.katalon.core.webui.keyword.builtin.UploadFileKeyword.execute(UploadFileKeyword.groovy:68)
	at com.kms.katalon.core.keyword.internal.KeywordExecutor.executeKeywordForPlatform(KeywordExecutor.groovy:60)
	at com.kms.katalon.core.webui.keyword.WebUiBuiltInKeywords.uploadFile(WebUiBuiltInKeywords.groovy:2945)
	at com.kms.katalon.core.webui.keyword.WebUiBuiltInKeywords$uploadFile$7.call(Unknown Source)
	at Script1590528287645.run(Script1590528287645.groovy:95)
	... 13 more
)

2020-06-17 20:54:11 - [MESSAGE][FAILED] - Unable to upload file 'CC:\Users\ASUS\git\LearningManagementWebs\konten lms\PNG_GENERAL Icon.png' to object 'Object Repository/Alda/Admin - Manage FAQ/Page_Manage Faq/edit_gambar' (Root cause: com.kms.katalon.core.exception.StepFailedException: Unable to upload file 'CC:\Users\ASUS\git\LearningManagementWebs\konten lms\PNG_GENERAL Icon.png' to object 'Object Repository/Alda/Admin - Manage FAQ/Page_Manage Faq/edit_gambar'
	at com.kms.katalon.core.webui.keyword.internal.WebUIKeywordMain.stepFailed(WebUIKeywordMain.groovy:64)
	at com.kms.katalon.core.webui.keyword.internal.WebUIKeywordMain.runKeyword(WebUIKeywordMain.groovy:26)
	at com.kms.katalon.core.webui.keyword.builtin.UploadFileKeyword.uploadFile(UploadFileKeyword.groovy:87)
	at com.kms.katalon.core.webui.keyword.builtin.UploadFileKeyword.execute(UploadFileKeyword.groovy:68)
	at com.kms.katalon.core.keyword.internal.KeywordExecutor.executeKeywordForPlatform(KeywordExecutor.groovy:60)
	at com.kms.katalon.core.webui.keyword.WebUiBuiltInKeywords.uploadFile(WebUiBuiltInKeywords.groovy:2945)
	at com.kms.katalon.core.webui.keyword.WebUiBuiltInKeywords$uploadFile$7.call(Unknown Source)
	at Edit.run(Edit:95)
	at com.kms.katalon.core.main.ScriptEngine.run(ScriptEngine.java:194)
	at com.kms.katalon.core.main.ScriptEngine.runScriptAsRawText(ScriptEngine.java:119)
	at com.kms.katalon.core.main.TestCaseExecutor.runScript(TestCaseExecutor.java:337)
	at com.kms.katalon.core.main.TestCaseExecutor.doExecute(TestCaseExecutor.java:328)
	at com.kms.katalon.core.main.TestCaseExecutor.processExecutionPhase(TestCaseExecutor.java:307)
	at com.kms.katalon.core.main.TestCaseExecutor.accessMainPhase(TestCaseExecutor.java:299)
	at com.kms.katalon.core.main.TestCaseExecutor.execute(TestCaseExecutor.java:233)
	at com.kms.katalon.core.main.TestSuiteExecutor.accessTestCaseMainPhase(TestSuiteExecutor.java:169)
	at com.kms.katalon.core.main.TestSuiteExecutor.accessTestSuiteMainPhase(TestSuiteExecutor.java:142)
	at com.kms.katalon.core.main.TestSuiteExecutor.execute(TestSuiteExecutor.java:91)
	at com.kms.katalon.core.main.TestCaseMain.startTestSuite(TestCaseMain.java:157)
	at com.kms.katalon.core.main.TestCaseMain$startTestSuite$0.call(Unknown Source)
	at TempTestSuite1592401186095.run(TempTestSuite1592401186095.groovy:36)
Caused by: org.openqa.selenium.InvalidArgumentException: invalid argument: File not found : CC:\Users\ASUS\git\LearningManagementWebs\konten lms\PNG_GENERAL Icon.png
  (Session info: chrome=83.0.4103.106)
Build info: version: '3.141.59', revision: 'e82be7d358', time: '2018-11-14T08:25:53'
System info: host: 'LAPTOP-D0TPACJ1', ip: '192.168.100.227', os.name: 'Windows 10', os.arch: 'amd64', os.version: '10.0', java.version: '1.8.0_181'
Driver info: com.kms.katalon.selenium.driver.CChromeDriver
Capabilities {acceptInsecureCerts: false, browserName: chrome, browserVersion: 83.0.4103.106, chrome: {chromedriverVersion: 83.0.4103.39 (ccbf011cb2d2b..., userDataDir: C:\Users\ASUS\AppData\Local...}, goog:chromeOptions: {debuggerAddress: localhost:49605}, javascriptEnabled: true, networkConnectionEnabled: false, pageLoadStrategy: normal, platform: WINDOWS, platformName: WINDOWS, proxy: Proxy(), setWindowRect: true, strictFileInteractability: false, timeouts: {implicit: 0, pageLoad: 300000, script: 30000}, unhandledPromptBehavior: dismiss and notify, webauthn:virtualAuthenticators: true}
Session ID: 87b6587c392f77f033fbe46dbfc925e9
	at org.openqa.selenium.remote.http.W3CHttpResponseCodec.createException(W3CHttpResponseCodec.java:187)
	at org.openqa.selenium.remote.http.W3CHttpResponseCodec.decode(W3CHttpResponseCodec.java:122)
	at org.openqa.selenium.remote.http.W3CHttpResponseCodec.decode(W3CHttpResponseCodec.java:49)
	at org.openqa.selenium.remote.HttpCommandExecutor.execute(HttpCommandExecutor.java:158)
	at org.openqa.selenium.remote.service.DriverCommandExecutor.execute(DriverCommandExecutor.java:83)
	at org.openqa.selenium.remote.RemoteWebDriver.execute(RemoteWebDriver.java:552)
	at com.kms.katalon.selenium.driver.CChromeDriver.execute(CChromeDriver.java:19)
	at org.openqa.selenium.remote.RemoteWebElement.execute(RemoteWebElement.java:285)
	at org.openqa.selenium.remote.RemoteWebElement.sendKeys(RemoteWebElement.java:106)
	at org.openqa.selenium.support.events.EventFiringWebDriver$EventFiringWebElement.lambda$new$0(EventFiringWebDriver.java:404)
	at com.sun.proxy.$Proxy9.sendKeys(Unknown Source)
	at org.openqa.selenium.support.events.EventFiringWebDriver$EventFiringWebElement.sendKeys(EventFiringWebDriver.java:429)
	at com.kms.katalon.core.webui.keyword.builtin.UploadFileKeyword$_uploadFile_closure1.doCall(UploadFileKeyword.groovy:80)
	at com.kms.katalon.core.webui.keyword.builtin.UploadFileKeyword$_uploadFile_closure1.call(UploadFileKeyword.groovy)
	at com.kms.katalon.core.webui.keyword.internal.WebUIKeywordMain.runKeyword(WebUIKeywordMain.groovy:20)
	at com.kms.katalon.core.webui.keyword.builtin.UploadFileKeyword.uploadFile(UploadFileKeyword.groovy:87)
	at com.kms.katalon.core.webui.keyword.builtin.UploadFileKeyword.execute(UploadFileKeyword.groovy:68)
	at com.kms.katalon.core.keyword.internal.KeywordExecutor.executeKeywordForPlatform(KeywordExecutor.groovy:60)
	at com.kms.katalon.core.webui.keyword.WebUiBuiltInKeywords.uploadFile(WebUiBuiltInKeywords.groovy:2945)
	at com.kms.katalon.core.webui.keyword.WebUiBuiltInKeywords$uploadFile$7.call(Unknown Source)
	at Script1590528287645.run(Script1590528287645.groovy:95)
	... 13 more
)
[[ATTACHMENT|C:\\Users\\ASUS\\git\\LearningManagementWebs\\Reports\\20200617_203946\\Alda\\Admin_Manage FAQ - Edit\\20200617_203946\\1592402051492.png]]]]></system-out>
         <system-err><![CDATA[2020-06-17 20:52:52 - [TEST_CASE][FAILED] - Test Cases/Alda/Admin - Manage FAQ/Edit: Test Cases/Alda/Admin - Manage FAQ/Edit FAILED.
Reason:
com.kms.katalon.core.exception.StepFailedException: Unable to upload file 'CC:\Users\ASUS\git\LearningManagementWebs\konten lms\PNG_GENERAL Icon.png' to object 'Object Repository/Alda/Admin - Manage FAQ/Page_Manage Faq/edit_gambar'
	at com.kms.katalon.core.webui.keyword.internal.WebUIKeywordMain.stepFailed(WebUIKeywordMain.groovy:64)
	at com.kms.katalon.core.webui.keyword.internal.WebUIKeywordMain.runKeyword(WebUIKeywordMain.groovy:26)
	at com.kms.katalon.core.webui.keyword.builtin.UploadFileKeyword.uploadFile(UploadFileKeyword.groovy:87)
	at com.kms.katalon.core.webui.keyword.builtin.UploadFileKeyword.execute(UploadFileKeyword.groovy:68)
	at com.kms.katalon.core.keyword.internal.KeywordExecutor.executeKeywordForPlatform(KeywordExecutor.groovy:60)
	at com.kms.katalon.core.webui.keyword.WebUiBuiltInKeywords.uploadFile(WebUiBuiltInKeywords.groovy:2945)
	at com.kms.katalon.core.webui.keyword.WebUiBuiltInKeywords$uploadFile$7.call(Unknown Source)
	at Edit.run(Edit:95)
	at com.kms.katalon.core.main.ScriptEngine.run(ScriptEngine.java:194)
	at com.kms.katalon.core.main.ScriptEngine.runScriptAsRawText(ScriptEngine.java:119)
	at com.kms.katalon.core.main.TestCaseExecutor.runScript(TestCaseExecutor.java:337)
	at com.kms.katalon.core.main.TestCaseExecutor.doExecute(TestCaseExecutor.java:328)
	at com.kms.katalon.core.main.TestCaseExecutor.processExecutionPhase(TestCaseExecutor.java:307)
	at com.kms.katalon.core.main.TestCaseExecutor.accessMainPhase(TestCaseExecutor.java:299)
	at com.kms.katalon.core.main.TestCaseExecutor.execute(TestCaseExecutor.java:233)
	at com.kms.katalon.core.main.TestSuiteExecutor.accessTestCaseMainPhase(TestSuiteExecutor.java:169)
	at com.kms.katalon.core.main.TestSuiteExecutor.accessTestSuiteMainPhase(TestSuiteExecutor.java:142)
	at com.kms.katalon.core.main.TestSuiteExecutor.execute(TestSuiteExecutor.java:91)
	at com.kms.katalon.core.main.TestCaseMain.startTestSuite(TestCaseMain.java:157)
	at com.kms.katalon.core.main.TestCaseMain$startTestSuite$0.call(Unknown Source)
	at TempTestSuite1592401186095.run(TempTestSuite1592401186095.groovy:36)
Caused by: org.openqa.selenium.InvalidArgumentException: invalid argument: File not found : CC:\Users\ASUS\git\LearningManagementWebs\konten lms\PNG_GENERAL Icon.png
  (Session info: chrome=83.0.4103.106)
Build info: version: '3.141.59', revision: 'e82be7d358', time: '2018-11-14T08:25:53'
System info: host: 'LAPTOP-D0TPACJ1', ip: '192.168.100.227', os.name: 'Windows 10', os.arch: 'amd64', os.version: '10.0', java.version: '1.8.0_181'
Driver info: com.kms.katalon.selenium.driver.CChromeDriver
Capabilities {acceptInsecureCerts: false, browserName: chrome, browserVersion: 83.0.4103.106, chrome: {chromedriverVersion: 83.0.4103.39 (ccbf011cb2d2b..., userDataDir: C:\Users\ASUS\AppData\Local...}, goog:chromeOptions: {debuggerAddress: localhost:49605}, javascriptEnabled: true, networkConnectionEnabled: false, pageLoadStrategy: normal, platform: WINDOWS, platformName: WINDOWS, proxy: Proxy(), setWindowRect: true, strictFileInteractability: false, timeouts: {implicit: 0, pageLoad: 300000, script: 30000}, unhandledPromptBehavior: dismiss and notify, webauthn:virtualAuthenticators: true}
Session ID: 87b6587c392f77f033fbe46dbfc925e9
	at org.openqa.selenium.remote.http.W3CHttpResponseCodec.createException(W3CHttpResponseCodec.java:187)
	at org.openqa.selenium.remote.http.W3CHttpResponseCodec.decode(W3CHttpResponseCodec.java:122)
	at org.openqa.selenium.remote.http.W3CHttpResponseCodec.decode(W3CHttpResponseCodec.java:49)
	at org.openqa.selenium.remote.HttpCommandExecutor.execute(HttpCommandExecutor.java:158)
	at org.openqa.selenium.remote.service.DriverCommandExecutor.execute(DriverCommandExecutor.java:83)
	at org.openqa.selenium.remote.RemoteWebDriver.execute(RemoteWebDriver.java:552)
	at com.kms.katalon.selenium.driver.CChromeDriver.execute(CChromeDriver.java:19)
	at org.openqa.selenium.remote.RemoteWebElement.execute(RemoteWebElement.java:285)
	at org.openqa.selenium.remote.RemoteWebElement.sendKeys(RemoteWebElement.java:106)
	at org.openqa.selenium.support.events.EventFiringWebDriver$EventFiringWebElement.lambda$new$0(EventFiringWebDriver.java:404)
	at com.sun.proxy.$Proxy9.sendKeys(Unknown Source)
	at org.openqa.selenium.support.events.EventFiringWebDriver$EventFiringWebElement.sendKeys(EventFiringWebDriver.java:429)
	at com.kms.katalon.core.webui.keyword.builtin.UploadFileKeyword$_uploadFile_closure1.doCall(UploadFileKeyword.groovy:80)
	at com.kms.katalon.core.webui.keyword.builtin.UploadFileKeyword$_uploadFile_closure1.call(UploadFileKeyword.groovy)
	at com.kms.katalon.core.webui.keyword.internal.WebUIKeywordMain.runKeyword(WebUIKeywordMain.groovy:20)
	... 19 more]]></system-err>
      </testcase>
      <testcase name="Test Cases/Alda/Admin - Manage FAQ/Edit" time="144.236" classname="Test Cases/Alda/Admin - Manage FAQ/Edit" status="FAILED">
         <failure type="FAILED" message="Test Cases/Alda/Admin - Manage FAQ/Edit FAILED.
Reason:
com.kms.katalon.core.exception.StepFailedException: Unable to verify object 'Object Repository/Alda/Admin - Manage FAQ/Page_Manage Faq/btn_save_edit' is present
	at com.kms.katalon.core.webui.keyword.internal.WebUIKeywordMain.stepFailed(WebUIKeywordMain.groovy:64)
	at com.kms.katalon.core.webui.keyword.internal.WebUIKeywordMain.runKeyword(WebUIKeywordMain.groovy:26)
	at com.kms.katalon.core.webui.keyword.builtin.VerifyElementPresentKeyword.verifyElementPresent(VerifyElementPresentKeyword.groovy:92)
	at com.kms.katalon.core.webui.keyword.builtin.VerifyElementPresentKeyword.execute(VerifyElementPresentKeyword.groovy:68)
	at com.kms.katalon.core.keyword.internal.KeywordExecutor.executeKeywordForPlatform(KeywordExecutor.groovy:60)
	at com.kms.katalon.core.webui.keyword.WebUiBuiltInKeywords.verifyElementPresent(WebUiBuiltInKeywords.groovy:1434)
	at com.kms.katalon.core.webui.keyword.WebUiBuiltInKeywords$verifyElementPresent$9.call(Unknown Source)
	at Edit.run(Edit:131)
	at com.kms.katalon.core.main.ScriptEngine.run(ScriptEngine.java:194)
	at com.kms.katalon.core.main.ScriptEngine.runScriptAsRawText(ScriptEngine.java:119)
	at com.kms.katalon.core.main.TestCaseExecutor.runScript(TestCaseExecutor.java:337)
	at com.kms.katalon.core.main.TestCaseExecutor.doExecute(TestCaseExecutor.java:328)
	at com.kms.katalon.core.main.TestCaseExecutor.processExecutionPhase(TestCaseExecutor.java:307)
	at com.kms.katalon.core.main.TestCaseExecutor.accessMainPhase(TestCaseExecutor.java:299)
	at com.kms.katalon.core.main.TestCaseExecutor.execute(TestCaseExecutor.java:233)
	at com.kms.katalon.core.main.TestSuiteExecutor.accessTestCaseMainPhase(TestSuiteExecutor.java:169)
	at com.kms.katalon.core.main.TestSuiteExecutor.accessTestSuiteMainPhase(TestSuiteExecutor.java:142)
	at com.kms.katalon.core.main.TestSuiteExecutor.execute(TestSuiteExecutor.java:91)
	at com.kms.katalon.core.main.TestCaseMain.startTestSuite(TestCaseMain.java:157)
	at com.kms.katalon.core.main.TestCaseMain$startTestSuite$0.call(Unknown Source)
	at TempTestSuite1592401186095.run(TempTestSuite1592401186095.groovy:36)
Caused by: com.kms.katalon.core.exception.StepFailedException: com.kms.katalon.core.webui.exception.WebElementNotFoundException: Web element with id: 'Object Repository/Alda/Admin - Manage FAQ/Page_Manage Faq/btn_save_edit' located by 'By.xpath: //body[@id='ng-app']/modal-container/app-page-managefaq/div/div/div/div[2]/div/div[7]/div/button/span' not found
	at com.kms.katalon.core.webui.keyword.internal.WebUIKeywordMain.stepFailed(WebUIKeywordMain.groovy:64)
	at com.kms.katalon.core.webui.keyword.builtin.VerifyElementPresentKeyword$_verifyElementPresent_closure1.doCall(VerifyElementPresentKeyword.groovy:85)
	at com.kms.katalon.core.webui.keyword.builtin.VerifyElementPresentKeyword$_verifyElementPresent_closure1.call(VerifyElementPresentKeyword.groovy)
	at com.kms.katalon.core.webui.keyword.internal.WebUIKeywordMain.runKeyword(WebUIKeywordMain.groovy:20)
	... 19 more
"/>
         <system-out><![CDATA[2020-06-17 20:54:11 - [TEST_CASE][FAILED] - Test Cases/Alda/Admin - Manage FAQ/Edit: Test Cases/Alda/Admin - Manage FAQ/Edit FAILED.
Reason:
com.kms.katalon.core.exception.StepFailedException: Unable to verify object 'Object Repository/Alda/Admin - Manage FAQ/Page_Manage Faq/btn_save_edit' is present
	at com.kms.katalon.core.webui.keyword.internal.WebUIKeywordMain.stepFailed(WebUIKeywordMain.groovy:64)
	at com.kms.katalon.core.webui.keyword.internal.WebUIKeywordMain.runKeyword(WebUIKeywordMain.groovy:26)
	at com.kms.katalon.core.webui.keyword.builtin.VerifyElementPresentKeyword.verifyElementPresent(VerifyElementPresentKeyword.groovy:92)
	at com.kms.katalon.core.webui.keyword.builtin.VerifyElementPresentKeyword.execute(VerifyElementPresentKeyword.groovy:68)
	at com.kms.katalon.core.keyword.internal.KeywordExecutor.executeKeywordForPlatform(KeywordExecutor.groovy:60)
	at com.kms.katalon.core.webui.keyword.WebUiBuiltInKeywords.verifyElementPresent(WebUiBuiltInKeywords.groovy:1434)
	at com.kms.katalon.core.webui.keyword.WebUiBuiltInKeywords$verifyElementPresent$9.call(Unknown Source)
	at Edit.run(Edit:131)
	at com.kms.katalon.core.main.ScriptEngine.run(ScriptEngine.java:194)
	at com.kms.katalon.core.main.ScriptEngine.runScriptAsRawText(ScriptEngine.java:119)
	at com.kms.katalon.core.main.TestCaseExecutor.runScript(TestCaseExecutor.java:337)
	at com.kms.katalon.core.main.TestCaseExecutor.doExecute(TestCaseExecutor.java:328)
	at com.kms.katalon.core.main.TestCaseExecutor.processExecutionPhase(TestCaseExecutor.java:307)
	at com.kms.katalon.core.main.TestCaseExecutor.accessMainPhase(TestCaseExecutor.java:299)
	at com.kms.katalon.core.main.TestCaseExecutor.execute(TestCaseExecutor.java:233)
	at com.kms.katalon.core.main.TestSuiteExecutor.accessTestCaseMainPhase(TestSuiteExecutor.java:169)
	at com.kms.katalon.core.main.TestSuiteExecutor.accessTestSuiteMainPhase(TestSuiteExecutor.java:142)
	at com.kms.katalon.core.main.TestSuiteExecutor.execute(TestSuiteExecutor.java:91)
	at com.kms.katalon.core.main.TestCaseMain.startTestSuite(TestCaseMain.java:157)
	at com.kms.katalon.core.main.TestCaseMain$startTestSuite$0.call(Unknown Source)
	at TempTestSuite1592401186095.run(TempTestSuite1592401186095.groovy:36)
Caused by: com.kms.katalon.core.exception.StepFailedException: com.kms.katalon.core.webui.exception.WebElementNotFoundException: Web element with id: 'Object Repository/Alda/Admin - Manage FAQ/Page_Manage Faq/btn_save_edit' located by 'By.xpath: //body[@id='ng-app']/modal-container/app-page-managefaq/div/div/div/div[2]/div/div[7]/div/button/span' not found
	at com.kms.katalon.core.webui.keyword.internal.WebUIKeywordMain.stepFailed(WebUIKeywordMain.groovy:64)
	at com.kms.katalon.core.webui.keyword.builtin.VerifyElementPresentKeyword$_verifyElementPresent_closure1.doCall(VerifyElementPresentKeyword.groovy:85)
	at com.kms.katalon.core.webui.keyword.builtin.VerifyElementPresentKeyword$_verifyElementPresent_closure1.call(VerifyElementPresentKeyword.groovy)
	at com.kms.katalon.core.webui.keyword.internal.WebUIKeywordMain.runKeyword(WebUIKeywordMain.groovy:20)
	... 19 more


2020-06-17 20:54:11 - [TEST_STEP][PASSED] - callTestCase(findTestCase("Christi/Admin/admin login"), ["username":"11666", "password":"Password3"], STOP_ON_FAILURE): Call Test Case 'Test Cases/Christi/Admin/admin login' successfully

2020-06-17 20:54:12 - [TEST_CASE][PASSED] - Test Cases/Christi/Admin/admin login: Test Cases/Christi/Admin/admin login

2020-06-17 20:54:12 - [TEST_STEP][PASSED] - openBrowser(""): Browser is opened with url: ''

2020-06-17 20:54:12 - [MESSAGE][WARNING] - A browser is already opened. Closing browser and opening a new one

2020-06-17 20:54:13 - [MESSAGE][INFO] - Starting 'Chrome' driver

2020-06-17 20:54:16 - [MESSAGE][PASSED] - Browser is opened with url: ''

2020-06-17 20:54:16 - [TEST_STEP][PASSED] - navigateToUrl("https://appsrv1.deltadatamandiri.com/ACC_LMS_WEB/#/admNLmn"): Navigate to 'https://appsrv1.deltadatamandiri.com/ACC_LMS_WEB/#/admNLmn' successfully

2020-06-17 20:54:59 - [MESSAGE][PASSED] - Navigate to 'https://appsrv1.deltadatamandiri.com/ACC_LMS_WEB/#/admNLmn' successfully

2020-06-17 20:54:59 - [TEST_STEP][PASSED] - click(findTestObject("Christi/Page_Main/button_login")): Object: 'Object Repository/Christi/Page_Main/button_login' is clicked on

2020-06-17 20:55:07 - [MESSAGE][ERROR] - javascript error: Failed to execute 'elementsFromPoint' on 'Document': The provided double value is non-finite.
  (Session info: chrome=83.0.4103.106)
Build info: version: '3.141.59', revision: 'e82be7d358', time: '2018-11-14T08:25:53'
System info: host: 'LAPTOP-D0TPACJ1', ip: '192.168.100.227', os.name: 'Windows 10', os.arch: 'amd64', os.version: '10.0', java.version: '1.8.0_181'
Driver info: com.kms.katalon.selenium.driver.CChromeDriver
Capabilities {acceptInsecureCerts: false, browserName: chrome, browserVersion: 83.0.4103.106, chrome: {chromedriverVersion: 83.0.4103.39 (ccbf011cb2d2b..., userDataDir: C:\Users\ASUS\AppData\Local...}, goog:chromeOptions: {debuggerAddress: localhost:49687}, javascriptEnabled: true, networkConnectionEnabled: false, pageLoadStrategy: normal, platform: WINDOWS, platformName: WINDOWS, proxy: Proxy(), setWindowRect: true, strictFileInteractability: false, timeouts: {implicit: 0, pageLoad: 300000, script: 30000}, unhandledPromptBehavior: dismiss and notify, webauthn:virtualAuthenticators: true}
Session ID: 65c2848c2a9a68ea1a1de2feb2b1486a

2020-06-17 20:55:08 - [MESSAGE][PASSED] - Object: 'Object Repository/Christi/Page_Main/button_login' is clicked on

2020-06-17 20:55:08 - [TEST_STEP][PASSED] - delay(3): Delayed 3 second(s)

2020-06-17 20:55:11 - [MESSAGE][PASSED] - Delayed 3 second(s)

2020-06-17 20:55:11 - [TEST_STEP][PASSED] - setText(findTestObject("Object Repository/Christi/Page_Main/input_NPK_username"), username): Text '11666' is set on object 'Object Repository/Christi/Page_Main/input_NPK_username'

2020-06-17 20:55:12 - [MESSAGE][PASSED] - Text '11666' is set on object 'Object Repository/Christi/Page_Main/input_NPK_username'

2020-06-17 20:55:12 - [TEST_STEP][PASSED] - setText(findTestObject("Object Repository/Christi/Page_Main/input_Password_password"), password): Text 'Password3' is set on object 'Object Repository/Christi/Page_Main/input_Password_password'

2020-06-17 20:55:13 - [MESSAGE][PASSED] - Text 'Password3' is set on object 'Object Repository/Christi/Page_Main/input_Password_password'

2020-06-17 20:55:13 - [TEST_STEP][PASSED] - delay(5): Delayed 5 second(s)

2020-06-17 20:55:18 - [MESSAGE][PASSED] - Delayed 5 second(s)

2020-06-17 20:55:18 - [TEST_STEP][PASSED] - click(findTestObject("Rizka/Admin/Admin - Login/btnLogin2")): Object: 'Object Repository/Rizka/Admin/Admin - Login/btnLogin2' is clicked on

2020-06-17 20:55:18 - [MESSAGE][PASSED] - Object: 'Object Repository/Rizka/Admin/Admin - Login/btnLogin2' is clicked on

2020-06-17 20:55:18 - [TEST_STEP][PASSED] - delay(5): Delayed 5 second(s)

2020-06-17 20:55:23 - [MESSAGE][PASSED] - Delayed 5 second(s)

2020-06-17 20:55:23 - [MESSAGE][PASSED] - Call Test Case 'Test Cases/Christi/Admin/admin login' successfully

2020-06-17 20:55:23 - [TEST_STEP][PASSED] - delay(5): Delayed 5 second(s)

2020-06-17 20:55:28 - [MESSAGE][PASSED] - Delayed 5 second(s)

2020-06-17 20:55:28 - [TEST_STEP][PASSED] - click(findTestObject("Christi/Page_Dashboard Admin/span_Manage FAQ")): Object: 'Object Repository/Christi/Page_Dashboard Admin/span_Manage FAQ' is clicked on

2020-06-17 20:55:28 - [MESSAGE][PASSED] - Object: 'Object Repository/Christi/Page_Dashboard Admin/span_Manage FAQ' is clicked on

2020-06-17 20:55:28 - [TEST_STEP][PASSED] - click(findTestObject("Alda/Admin - Manage FAQ/Page_Manage Faq/input_search")): Object: 'Object Repository/Alda/Admin - Manage FAQ/Page_Manage Faq/input_search' is clicked on

2020-06-17 20:55:31 - [MESSAGE][PASSED] - Object: 'Object Repository/Alda/Admin - Manage FAQ/Page_Manage Faq/input_search' is clicked on

2020-06-17 20:55:31 - [TEST_STEP][PASSED] - setText(findTestObject("Alda/Admin - Manage FAQ/Page_Manage Faq/input_search"), var_search): Text 'question 1 adalah?' is set on object 'Object Repository/Alda/Admin - Manage FAQ/Page_Manage Faq/input_search'

2020-06-17 20:55:34 - [MESSAGE][PASSED] - Text 'question 1 adalah?' is set on object 'Object Repository/Alda/Admin - Manage FAQ/Page_Manage Faq/input_search'

2020-06-17 20:55:34 - [TEST_STEP][PASSED] - click(findTestObject("Christi/Page_Manage Faq/button_Clear button_app-search-button wi wi-search"), STOP_ON_FAILURE): Object: 'Object Repository/Christi/Page_Manage Faq/button_Clear button_app-search-button wi wi-search' is clicked on

2020-06-17 20:55:34 - [MESSAGE][PASSED] - Object: 'Object Repository/Christi/Page_Manage Faq/button_Clear button_app-search-button wi wi-search' is clicked on

2020-06-17 20:55:34 - [TEST_STEP][FAILED] - if (expected_search == "found"): Unable to verify object 'Object Repository/Alda/Admin - Manage FAQ/Page_Manage Faq/btn_save_edit' is present (Root cause: com.kms.katalon.core.exception.StepFailedException: Unable to verify object 'Object Repository/Alda/Admin - Manage FAQ/Page_Manage Faq/btn_save_edit' is present
	at com.kms.katalon.core.webui.keyword.internal.WebUIKeywordMain.stepFailed(WebUIKeywordMain.groovy:64)
	at com.kms.katalon.core.webui.keyword.internal.WebUIKeywordMain.runKeyword(WebUIKeywordMain.groovy:26)
	at com.kms.katalon.core.webui.keyword.builtin.VerifyElementPresentKeyword.verifyElementPresent(VerifyElementPresentKeyword.groovy:92)
	at com.kms.katalon.core.webui.keyword.builtin.VerifyElementPresentKeyword.execute(VerifyElementPresentKeyword.groovy:68)
	at com.kms.katalon.core.keyword.internal.KeywordExecutor.executeKeywordForPlatform(KeywordExecutor.groovy:60)
	at com.kms.katalon.core.webui.keyword.WebUiBuiltInKeywords.verifyElementPresent(WebUiBuiltInKeywords.groovy:1434)
	at com.kms.katalon.core.webui.keyword.WebUiBuiltInKeywords$verifyElementPresent$9.call(Unknown Source)
	at Edit.run(Edit:131)
	at com.kms.katalon.core.main.ScriptEngine.run(ScriptEngine.java:194)
	at com.kms.katalon.core.main.ScriptEngine.runScriptAsRawText(ScriptEngine.java:119)
	at com.kms.katalon.core.main.TestCaseExecutor.runScript(TestCaseExecutor.java:337)
	at com.kms.katalon.core.main.TestCaseExecutor.doExecute(TestCaseExecutor.java:328)
	at com.kms.katalon.core.main.TestCaseExecutor.processExecutionPhase(TestCaseExecutor.java:307)
	at com.kms.katalon.core.main.TestCaseExecutor.accessMainPhase(TestCaseExecutor.java:299)
	at com.kms.katalon.core.main.TestCaseExecutor.execute(TestCaseExecutor.java:233)
	at com.kms.katalon.core.main.TestSuiteExecutor.accessTestCaseMainPhase(TestSuiteExecutor.java:169)
	at com.kms.katalon.core.main.TestSuiteExecutor.accessTestSuiteMainPhase(TestSuiteExecutor.java:142)
	at com.kms.katalon.core.main.TestSuiteExecutor.execute(TestSuiteExecutor.java:91)
	at com.kms.katalon.core.main.TestCaseMain.startTestSuite(TestCaseMain.java:157)
	at com.kms.katalon.core.main.TestCaseMain$startTestSuite$0.call(Unknown Source)
	at TempTestSuite1592401186095.run(TempTestSuite1592401186095.groovy:36)
Caused by: com.kms.katalon.core.exception.StepFailedException: com.kms.katalon.core.webui.exception.WebElementNotFoundException: Web element with id: 'Object Repository/Alda/Admin - Manage FAQ/Page_Manage Faq/btn_save_edit' located by 'By.xpath: //body[@id='ng-app']/modal-container/app-page-managefaq/div/div/div/div[2]/div/div[7]/div/button/span' not found
	at com.kms.katalon.core.webui.keyword.internal.WebUIKeywordMain.stepFailed(WebUIKeywordMain.groovy:64)
	at com.kms.katalon.core.webui.keyword.builtin.VerifyElementPresentKeyword$_verifyElementPresent_closure1.doCall(VerifyElementPresentKeyword.groovy:85)
	at com.kms.katalon.core.webui.keyword.builtin.VerifyElementPresentKeyword$_verifyElementPresent_closure1.call(VerifyElementPresentKeyword.groovy)
	at com.kms.katalon.core.webui.keyword.internal.WebUIKeywordMain.runKeyword(WebUIKeywordMain.groovy:20)
	... 19 more
)

2020-06-17 20:55:34 - [TEST_STEP][PASSED] - verifyElementVisible(findTestObject("Alda/Admin - Manage FAQ/Page_Manage Faq/label_search_visible", ["text":var_search])): Object 'Object Repository/Alda/Admin - Manage FAQ/Page_Manage Faq/label_search_visible' is visible

2020-06-17 20:55:37 - [MESSAGE][PASSED] - Object 'Object Repository/Alda/Admin - Manage FAQ/Page_Manage Faq/label_search_visible' is visible

2020-06-17 20:55:37 - [TEST_STEP][PASSED] - delay(5): Delayed 5 second(s)

2020-06-17 20:55:42 - [MESSAGE][PASSED] - Delayed 5 second(s)

2020-06-17 20:55:42 - [TEST_STEP][PASSED] - click(findTestObject("Alda/Admin - Manage FAQ/Page_Manage Faq/btn_edit")): Object: 'Object Repository/Alda/Admin - Manage FAQ/Page_Manage Faq/btn_edit' is clicked on

2020-06-17 20:55:42 - [MESSAGE][PASSED] - Object: 'Object Repository/Alda/Admin - Manage FAQ/Page_Manage Faq/btn_edit' is clicked on

2020-06-17 20:55:42 - [TEST_STEP][PASSED] - verifyElementVisible(findTestObject("Object Repository/Alda/Admin - Manage FAQ/Page_Manage Faq/header_edit_page")): Object 'Object Repository/Alda/Admin - Manage FAQ/Page_Manage Faq/header_edit_page' is visible

2020-06-17 20:55:46 - [MESSAGE][PASSED] - Object 'Object Repository/Alda/Admin - Manage FAQ/Page_Manage Faq/header_edit_page' is visible

2020-06-17 20:55:46 - [TEST_STEP][PASSED] - switch (opsi_edit.toString()): null

2020-06-17 20:55:46 - [TEST_STEP][PASSED] - case "picture_only":: null

2020-06-17 20:55:46 - [TEST_STEP][PASSED] - uploadFile(findTestObject("Alda/Admin - Manage FAQ/Page_Manage Faq/edit_gambar"), var_gambar_new): File 'C:\Users\ASUS\git\LearningManagementWebs\konten lms\Aristotles.jpg' sent to object: 'Object Repository/Alda/Admin - Manage FAQ/Page_Manage Faq/edit_gambar'

2020-06-17 20:55:47 - [MESSAGE][PASSED] - File 'C:\Users\ASUS\git\LearningManagementWebs\konten lms\Aristotles.jpg' sent to object: 'Object Repository/Alda/Admin - Manage FAQ/Page_Manage Faq/edit_gambar'

2020-06-17 20:55:47 - [TEST_STEP][PASSED] - if (expected_image == "success"): null

2020-06-17 20:55:47 - [TEST_STEP][PASSED] - break: null

2020-06-17 20:55:47 - [TEST_STEP][PASSED] - if (expected_output == "pass"): null

2020-06-17 20:55:47 - [TEST_STEP][FAILED] - else if (expected_output == "fail"): Unable to verify object 'Object Repository/Alda/Admin - Manage FAQ/Page_Manage Faq/btn_save_edit' is present (Root cause: com.kms.katalon.core.exception.StepFailedException: Unable to verify object 'Object Repository/Alda/Admin - Manage FAQ/Page_Manage Faq/btn_save_edit' is present
	at com.kms.katalon.core.webui.keyword.internal.WebUIKeywordMain.stepFailed(WebUIKeywordMain.groovy:64)
	at com.kms.katalon.core.webui.keyword.internal.WebUIKeywordMain.runKeyword(WebUIKeywordMain.groovy:26)
	at com.kms.katalon.core.webui.keyword.builtin.VerifyElementPresentKeyword.verifyElementPresent(VerifyElementPresentKeyword.groovy:92)
	at com.kms.katalon.core.webui.keyword.builtin.VerifyElementPresentKeyword.execute(VerifyElementPresentKeyword.groovy:68)
	at com.kms.katalon.core.keyword.internal.KeywordExecutor.executeKeywordForPlatform(KeywordExecutor.groovy:60)
	at com.kms.katalon.core.webui.keyword.WebUiBuiltInKeywords.verifyElementPresent(WebUiBuiltInKeywords.groovy:1434)
	at com.kms.katalon.core.webui.keyword.WebUiBuiltInKeywords$verifyElementPresent$9.call(Unknown Source)
	at Edit.run(Edit:131)
	at com.kms.katalon.core.main.ScriptEngine.run(ScriptEngine.java:194)
	at com.kms.katalon.core.main.ScriptEngine.runScriptAsRawText(ScriptEngine.java:119)
	at com.kms.katalon.core.main.TestCaseExecutor.runScript(TestCaseExecutor.java:337)
	at com.kms.katalon.core.main.TestCaseExecutor.doExecute(TestCaseExecutor.java:328)
	at com.kms.katalon.core.main.TestCaseExecutor.processExecutionPhase(TestCaseExecutor.java:307)
	at com.kms.katalon.core.main.TestCaseExecutor.accessMainPhase(TestCaseExecutor.java:299)
	at com.kms.katalon.core.main.TestCaseExecutor.execute(TestCaseExecutor.java:233)
	at com.kms.katalon.core.main.TestSuiteExecutor.accessTestCaseMainPhase(TestSuiteExecutor.java:169)
	at com.kms.katalon.core.main.TestSuiteExecutor.accessTestSuiteMainPhase(TestSuiteExecutor.java:142)
	at com.kms.katalon.core.main.TestSuiteExecutor.execute(TestSuiteExecutor.java:91)
	at com.kms.katalon.core.main.TestCaseMain.startTestSuite(TestCaseMain.java:157)
	at com.kms.katalon.core.main.TestCaseMain$startTestSuite$0.call(Unknown Source)
	at TempTestSuite1592401186095.run(TempTestSuite1592401186095.groovy:36)
Caused by: com.kms.katalon.core.exception.StepFailedException: com.kms.katalon.core.webui.exception.WebElementNotFoundException: Web element with id: 'Object Repository/Alda/Admin - Manage FAQ/Page_Manage Faq/btn_save_edit' located by 'By.xpath: //body[@id='ng-app']/modal-container/app-page-managefaq/div/div/div/div[2]/div/div[7]/div/button/span' not found
	at com.kms.katalon.core.webui.keyword.internal.WebUIKeywordMain.stepFailed(WebUIKeywordMain.groovy:64)
	at com.kms.katalon.core.webui.keyword.builtin.VerifyElementPresentKeyword$_verifyElementPresent_closure1.doCall(VerifyElementPresentKeyword.groovy:85)
	at com.kms.katalon.core.webui.keyword.builtin.VerifyElementPresentKeyword$_verifyElementPresent_closure1.call(VerifyElementPresentKeyword.groovy)
	at com.kms.katalon.core.webui.keyword.internal.WebUIKeywordMain.runKeyword(WebUIKeywordMain.groovy:20)
	... 19 more
)

2020-06-17 20:55:47 - [TEST_STEP][PASSED] - click(findTestObject("Object Repository/Alda/Admin - Manage FAQ/Page_Manage Faq/btn_save_edit")): Object: 'Object Repository/Alda/Admin - Manage FAQ/Page_Manage Faq/btn_save_edit' is clicked on

2020-06-17 20:55:47 - [MESSAGE][PASSED] - Object: 'Object Repository/Alda/Admin - Manage FAQ/Page_Manage Faq/btn_save_edit' is clicked on

2020-06-17 20:55:47 - [TEST_STEP][PASSED] - delay(3): Delayed 3 second(s)

2020-06-17 20:55:50 - [MESSAGE][PASSED] - Delayed 3 second(s)

2020-06-17 20:55:50 - [TEST_STEP][FAILED] - verifyElementPresent(findTestObject("Alda/Admin - Manage FAQ/Page_Manage Faq/btn_save_edit"), 0): Unable to verify object 'Object Repository/Alda/Admin - Manage FAQ/Page_Manage Faq/btn_save_edit' is present (Root cause: com.kms.katalon.core.exception.StepFailedException: Unable to verify object 'Object Repository/Alda/Admin - Manage FAQ/Page_Manage Faq/btn_save_edit' is present
	at com.kms.katalon.core.webui.keyword.internal.WebUIKeywordMain.stepFailed(WebUIKeywordMain.groovy:64)
	at com.kms.katalon.core.webui.keyword.internal.WebUIKeywordMain.runKeyword(WebUIKeywordMain.groovy:26)
	at com.kms.katalon.core.webui.keyword.builtin.VerifyElementPresentKeyword.verifyElementPresent(VerifyElementPresentKeyword.groovy:92)
	at com.kms.katalon.core.webui.keyword.builtin.VerifyElementPresentKeyword.execute(VerifyElementPresentKeyword.groovy:68)
	at com.kms.katalon.core.keyword.internal.KeywordExecutor.executeKeywordForPlatform(KeywordExecutor.groovy:60)
	at com.kms.katalon.core.webui.keyword.WebUiBuiltInKeywords.verifyElementPresent(WebUiBuiltInKeywords.groovy:1434)
	at com.kms.katalon.core.webui.keyword.WebUiBuiltInKeywords$verifyElementPresent$9.call(Unknown Source)
	at Edit.run(Edit:131)
	at com.kms.katalon.core.main.ScriptEngine.run(ScriptEngine.java:194)
	at com.kms.katalon.core.main.ScriptEngine.runScriptAsRawText(ScriptEngine.java:119)
	at com.kms.katalon.core.main.TestCaseExecutor.runScript(TestCaseExecutor.java:337)
	at com.kms.katalon.core.main.TestCaseExecutor.doExecute(TestCaseExecutor.java:328)
	at com.kms.katalon.core.main.TestCaseExecutor.processExecutionPhase(TestCaseExecutor.java:307)
	at com.kms.katalon.core.main.TestCaseExecutor.accessMainPhase(TestCaseExecutor.java:299)
	at com.kms.katalon.core.main.TestCaseExecutor.execute(TestCaseExecutor.java:233)
	at com.kms.katalon.core.main.TestSuiteExecutor.accessTestCaseMainPhase(TestSuiteExecutor.java:169)
	at com.kms.katalon.core.main.TestSuiteExecutor.accessTestSuiteMainPhase(TestSuiteExecutor.java:142)
	at com.kms.katalon.core.main.TestSuiteExecutor.execute(TestSuiteExecutor.java:91)
	at com.kms.katalon.core.main.TestCaseMain.startTestSuite(TestCaseMain.java:157)
	at com.kms.katalon.core.main.TestCaseMain$startTestSuite$0.call(Unknown Source)
	at TempTestSuite1592401186095.run(TempTestSuite1592401186095.groovy:36)
Caused by: com.kms.katalon.core.exception.StepFailedException: com.kms.katalon.core.webui.exception.WebElementNotFoundException: Web element with id: 'Object Repository/Alda/Admin - Manage FAQ/Page_Manage Faq/btn_save_edit' located by 'By.xpath: //body[@id='ng-app']/modal-container/app-page-managefaq/div/div/div/div[2]/div/div[7]/div/button/span' not found
	at com.kms.katalon.core.webui.keyword.internal.WebUIKeywordMain.stepFailed(WebUIKeywordMain.groovy:64)
	at com.kms.katalon.core.webui.keyword.builtin.VerifyElementPresentKeyword$_verifyElementPresent_closure1.doCall(VerifyElementPresentKeyword.groovy:85)
	at com.kms.katalon.core.webui.keyword.builtin.VerifyElementPresentKeyword$_verifyElementPresent_closure1.call(VerifyElementPresentKeyword.groovy)
	at com.kms.katalon.core.webui.keyword.internal.WebUIKeywordMain.runKeyword(WebUIKeywordMain.groovy:20)
	... 19 more
)

2020-06-17 20:55:51 - [MESSAGE][WARNING] - Timeout '0' is invalid. Using default page load timeout: '30'

2020-06-17 20:56:35 - [MESSAGE][INFO] - Unable to find the element located by 'By.xpath: //body[@id='ng-app']/modal-container/app-page-managefaq/div/div/div/div[2]/div/div[7]/div/button/span'. Please recheck the objects properties to make sure the desired element is located. 

2020-06-17 20:56:35 - [MESSAGE][FAILED] - com.kms.katalon.core.webui.exception.WebElementNotFoundException: Web element with id: 'Object Repository/Alda/Admin - Manage FAQ/Page_Manage Faq/btn_save_edit' located by 'By.xpath: //body[@id='ng-app']/modal-container/app-page-managefaq/div/div/div/div[2]/div/div[7]/div/button/span' not found (Root cause: com.kms.katalon.core.exception.StepFailedException: com.kms.katalon.core.webui.exception.WebElementNotFoundException: Web element with id: 'Object Repository/Alda/Admin - Manage FAQ/Page_Manage Faq/btn_save_edit' located by 'By.xpath: //body[@id='ng-app']/modal-container/app-page-managefaq/div/div/div/div[2]/div/div[7]/div/button/span' not found
	at com.kms.katalon.core.webui.keyword.internal.WebUIKeywordMain.stepFailed(WebUIKeywordMain.groovy:64)
	at com.kms.katalon.core.webui.keyword.builtin.VerifyElementPresentKeyword$_verifyElementPresent_closure1.doCall(VerifyElementPresentKeyword.groovy:85)
	at com.kms.katalon.core.webui.keyword.builtin.VerifyElementPresentKeyword$_verifyElementPresent_closure1.call(VerifyElementPresentKeyword.groovy)
	at com.kms.katalon.core.webui.keyword.internal.WebUIKeywordMain.runKeyword(WebUIKeywordMain.groovy:20)
	at com.kms.katalon.core.webui.keyword.builtin.VerifyElementPresentKeyword.verifyElementPresent(VerifyElementPresentKeyword.groovy:92)
	at com.kms.katalon.core.webui.keyword.builtin.VerifyElementPresentKeyword.execute(VerifyElementPresentKeyword.groovy:68)
	at com.kms.katalon.core.keyword.internal.KeywordExecutor.executeKeywordForPlatform(KeywordExecutor.groovy:60)
	at com.kms.katalon.core.webui.keyword.WebUiBuiltInKeywords.verifyElementPresent(WebUiBuiltInKeywords.groovy:1434)
	at com.kms.katalon.core.webui.keyword.WebUiBuiltInKeywords$verifyElementPresent$9.call(Unknown Source)
	at Edit.run(Edit:131)
	at com.kms.katalon.core.main.ScriptEngine.run(ScriptEngine.java:194)
	at com.kms.katalon.core.main.ScriptEngine.runScriptAsRawText(ScriptEngine.java:119)
	at com.kms.katalon.core.main.TestCaseExecutor.runScript(TestCaseExecutor.java:337)
	at com.kms.katalon.core.main.TestCaseExecutor.doExecute(TestCaseExecutor.java:328)
	at com.kms.katalon.core.main.TestCaseExecutor.processExecutionPhase(TestCaseExecutor.java:307)
	at com.kms.katalon.core.main.TestCaseExecutor.accessMainPhase(TestCaseExecutor.java:299)
	at com.kms.katalon.core.main.TestCaseExecutor.execute(TestCaseExecutor.java:233)
	at com.kms.katalon.core.main.TestSuiteExecutor.accessTestCaseMainPhase(TestSuiteExecutor.java:169)
	at com.kms.katalon.core.main.TestSuiteExecutor.accessTestSuiteMainPhase(TestSuiteExecutor.java:142)
	at com.kms.katalon.core.main.TestSuiteExecutor.execute(TestSuiteExecutor.java:91)
	at com.kms.katalon.core.main.TestCaseMain.startTestSuite(TestCaseMain.java:157)
	at com.kms.katalon.core.main.TestCaseMain$startTestSuite$0.call(Unknown Source)
	at TempTestSuite1592401186095.run(TempTestSuite1592401186095.groovy:36)
)
[[ATTACHMENT|C:\\Users\\ASUS\\git\\LearningManagementWebs\\Reports\\20200617_203946\\Alda\\Admin_Manage FAQ - Edit\\20200617_203946\\1592402195536.png]]

2020-06-17 20:56:36 - [MESSAGE][FAILED] - Unable to verify object 'Object Repository/Alda/Admin - Manage FAQ/Page_Manage Faq/btn_save_edit' is present (Root cause: com.kms.katalon.core.exception.StepFailedException: Unable to verify object 'Object Repository/Alda/Admin - Manage FAQ/Page_Manage Faq/btn_save_edit' is present
	at com.kms.katalon.core.webui.keyword.internal.WebUIKeywordMain.stepFailed(WebUIKeywordMain.groovy:64)
	at com.kms.katalon.core.webui.keyword.internal.WebUIKeywordMain.runKeyword(WebUIKeywordMain.groovy:26)
	at com.kms.katalon.core.webui.keyword.builtin.VerifyElementPresentKeyword.verifyElementPresent(VerifyElementPresentKeyword.groovy:92)
	at com.kms.katalon.core.webui.keyword.builtin.VerifyElementPresentKeyword.execute(VerifyElementPresentKeyword.groovy:68)
	at com.kms.katalon.core.keyword.internal.KeywordExecutor.executeKeywordForPlatform(KeywordExecutor.groovy:60)
	at com.kms.katalon.core.webui.keyword.WebUiBuiltInKeywords.verifyElementPresent(WebUiBuiltInKeywords.groovy:1434)
	at com.kms.katalon.core.webui.keyword.WebUiBuiltInKeywords$verifyElementPresent$9.call(Unknown Source)
	at Edit.run(Edit:131)
	at com.kms.katalon.core.main.ScriptEngine.run(ScriptEngine.java:194)
	at com.kms.katalon.core.main.ScriptEngine.runScriptAsRawText(ScriptEngine.java:119)
	at com.kms.katalon.core.main.TestCaseExecutor.runScript(TestCaseExecutor.java:337)
	at com.kms.katalon.core.main.TestCaseExecutor.doExecute(TestCaseExecutor.java:328)
	at com.kms.katalon.core.main.TestCaseExecutor.processExecutionPhase(TestCaseExecutor.java:307)
	at com.kms.katalon.core.main.TestCaseExecutor.accessMainPhase(TestCaseExecutor.java:299)
	at com.kms.katalon.core.main.TestCaseExecutor.execute(TestCaseExecutor.java:233)
	at com.kms.katalon.core.main.TestSuiteExecutor.accessTestCaseMainPhase(TestSuiteExecutor.java:169)
	at com.kms.katalon.core.main.TestSuiteExecutor.accessTestSuiteMainPhase(TestSuiteExecutor.java:142)
	at com.kms.katalon.core.main.TestSuiteExecutor.execute(TestSuiteExecutor.java:91)
	at com.kms.katalon.core.main.TestCaseMain.startTestSuite(TestCaseMain.java:157)
	at com.kms.katalon.core.main.TestCaseMain$startTestSuite$0.call(Unknown Source)
	at TempTestSuite1592401186095.run(TempTestSuite1592401186095.groovy:36)
Caused by: com.kms.katalon.core.exception.StepFailedException: com.kms.katalon.core.webui.exception.WebElementNotFoundException: Web element with id: 'Object Repository/Alda/Admin - Manage FAQ/Page_Manage Faq/btn_save_edit' located by 'By.xpath: //body[@id='ng-app']/modal-container/app-page-managefaq/div/div/div/div[2]/div/div[7]/div/button/span' not found
	at com.kms.katalon.core.webui.keyword.internal.WebUIKeywordMain.stepFailed(WebUIKeywordMain.groovy:64)
	at com.kms.katalon.core.webui.keyword.builtin.VerifyElementPresentKeyword$_verifyElementPresent_closure1.doCall(VerifyElementPresentKeyword.groovy:85)
	at com.kms.katalon.core.webui.keyword.builtin.VerifyElementPresentKeyword$_verifyElementPresent_closure1.call(VerifyElementPresentKeyword.groovy)
	at com.kms.katalon.core.webui.keyword.internal.WebUIKeywordMain.runKeyword(WebUIKeywordMain.groovy:20)
	... 19 more
)
[[ATTACHMENT|C:\\Users\\ASUS\\git\\LearningManagementWebs\\Reports\\20200617_203946\\Alda\\Admin_Manage FAQ - Edit\\20200617_203946\\1592402195875.png]]]]></system-out>
         <system-err><![CDATA[2020-06-17 20:54:11 - [TEST_CASE][FAILED] - Test Cases/Alda/Admin - Manage FAQ/Edit: Test Cases/Alda/Admin - Manage FAQ/Edit FAILED.
Reason:
com.kms.katalon.core.exception.StepFailedException: Unable to verify object 'Object Repository/Alda/Admin - Manage FAQ/Page_Manage Faq/btn_save_edit' is present
	at com.kms.katalon.core.webui.keyword.internal.WebUIKeywordMain.stepFailed(WebUIKeywordMain.groovy:64)
	at com.kms.katalon.core.webui.keyword.internal.WebUIKeywordMain.runKeyword(WebUIKeywordMain.groovy:26)
	at com.kms.katalon.core.webui.keyword.builtin.VerifyElementPresentKeyword.verifyElementPresent(VerifyElementPresentKeyword.groovy:92)
	at com.kms.katalon.core.webui.keyword.builtin.VerifyElementPresentKeyword.execute(VerifyElementPresentKeyword.groovy:68)
	at com.kms.katalon.core.keyword.internal.KeywordExecutor.executeKeywordForPlatform(KeywordExecutor.groovy:60)
	at com.kms.katalon.core.webui.keyword.WebUiBuiltInKeywords.verifyElementPresent(WebUiBuiltInKeywords.groovy:1434)
	at com.kms.katalon.core.webui.keyword.WebUiBuiltInKeywords$verifyElementPresent$9.call(Unknown Source)
	at Edit.run(Edit:131)
	at com.kms.katalon.core.main.ScriptEngine.run(ScriptEngine.java:194)
	at com.kms.katalon.core.main.ScriptEngine.runScriptAsRawText(ScriptEngine.java:119)
	at com.kms.katalon.core.main.TestCaseExecutor.runScript(TestCaseExecutor.java:337)
	at com.kms.katalon.core.main.TestCaseExecutor.doExecute(TestCaseExecutor.java:328)
	at com.kms.katalon.core.main.TestCaseExecutor.processExecutionPhase(TestCaseExecutor.java:307)
	at com.kms.katalon.core.main.TestCaseExecutor.accessMainPhase(TestCaseExecutor.java:299)
	at com.kms.katalon.core.main.TestCaseExecutor.execute(TestCaseExecutor.java:233)
	at com.kms.katalon.core.main.TestSuiteExecutor.accessTestCaseMainPhase(TestSuiteExecutor.java:169)
	at com.kms.katalon.core.main.TestSuiteExecutor.accessTestSuiteMainPhase(TestSuiteExecutor.java:142)
	at com.kms.katalon.core.main.TestSuiteExecutor.execute(TestSuiteExecutor.java:91)
	at com.kms.katalon.core.main.TestCaseMain.startTestSuite(TestCaseMain.java:157)
	at com.kms.katalon.core.main.TestCaseMain$startTestSuite$0.call(Unknown Source)
	at TempTestSuite1592401186095.run(TempTestSuite1592401186095.groovy:36)
Caused by: com.kms.katalon.core.exception.StepFailedException: com.kms.katalon.core.webui.exception.WebElementNotFoundException: Web element with id: 'Object Repository/Alda/Admin - Manage FAQ/Page_Manage Faq/btn_save_edit' located by 'By.xpath: //body[@id='ng-app']/modal-container/app-page-managefaq/div/div/div/div[2]/div/div[7]/div/button/span' not found
	at com.kms.katalon.core.webui.keyword.internal.WebUIKeywordMain.stepFailed(WebUIKeywordMain.groovy:64)
	at com.kms.katalon.core.webui.keyword.builtin.VerifyElementPresentKeyword$_verifyElementPresent_closure1.doCall(VerifyElementPresentKeyword.groovy:85)
	at com.kms.katalon.core.webui.keyword.builtin.VerifyElementPresentKeyword$_verifyElementPresent_closure1.call(VerifyElementPresentKeyword.groovy)
	at com.kms.katalon.core.webui.keyword.internal.WebUIKeywordMain.runKeyword(WebUIKeywordMain.groovy:20)
	... 19 more]]></system-err>
      </testcase>
      <testcase name="Test Cases/Alda/Admin - Manage FAQ/Edit" time="136.26" classname="Test Cases/Alda/Admin - Manage FAQ/Edit" status="FAILED">
         <failure type="FAILED" message="Test Cases/Alda/Admin - Manage FAQ/Edit FAILED.
Reason:
com.kms.katalon.core.exception.StepFailedException: Unable to verify object 'Object Repository/Alda/Admin - Manage FAQ/Page_Manage Faq/btn_save_edit' is present
	at com.kms.katalon.core.webui.keyword.internal.WebUIKeywordMain.stepFailed(WebUIKeywordMain.groovy:64)
	at com.kms.katalon.core.webui.keyword.internal.WebUIKeywordMain.runKeyword(WebUIKeywordMain.groovy:26)
	at com.kms.katalon.core.webui.keyword.builtin.VerifyElementPresentKeyword.verifyElementPresent(VerifyElementPresentKeyword.groovy:92)
	at com.kms.katalon.core.webui.keyword.builtin.VerifyElementPresentKeyword.execute(VerifyElementPresentKeyword.groovy:68)
	at com.kms.katalon.core.keyword.internal.KeywordExecutor.executeKeywordForPlatform(KeywordExecutor.groovy:60)
	at com.kms.katalon.core.webui.keyword.WebUiBuiltInKeywords.verifyElementPresent(WebUiBuiltInKeywords.groovy:1434)
	at com.kms.katalon.core.webui.keyword.WebUiBuiltInKeywords$verifyElementPresent$9.call(Unknown Source)
	at Edit.run(Edit:131)
	at com.kms.katalon.core.main.ScriptEngine.run(ScriptEngine.java:194)
	at com.kms.katalon.core.main.ScriptEngine.runScriptAsRawText(ScriptEngine.java:119)
	at com.kms.katalon.core.main.TestCaseExecutor.runScript(TestCaseExecutor.java:337)
	at com.kms.katalon.core.main.TestCaseExecutor.doExecute(TestCaseExecutor.java:328)
	at com.kms.katalon.core.main.TestCaseExecutor.processExecutionPhase(TestCaseExecutor.java:307)
	at com.kms.katalon.core.main.TestCaseExecutor.accessMainPhase(TestCaseExecutor.java:299)
	at com.kms.katalon.core.main.TestCaseExecutor.execute(TestCaseExecutor.java:233)
	at com.kms.katalon.core.main.TestSuiteExecutor.accessTestCaseMainPhase(TestSuiteExecutor.java:169)
	at com.kms.katalon.core.main.TestSuiteExecutor.accessTestSuiteMainPhase(TestSuiteExecutor.java:142)
	at com.kms.katalon.core.main.TestSuiteExecutor.execute(TestSuiteExecutor.java:91)
	at com.kms.katalon.core.main.TestCaseMain.startTestSuite(TestCaseMain.java:157)
	at com.kms.katalon.core.main.TestCaseMain$startTestSuite$0.call(Unknown Source)
	at TempTestSuite1592401186095.run(TempTestSuite1592401186095.groovy:36)
Caused by: com.kms.katalon.core.exception.StepFailedException: com.kms.katalon.core.webui.exception.WebElementNotFoundException: Web element with id: 'Object Repository/Alda/Admin - Manage FAQ/Page_Manage Faq/btn_save_edit' located by 'By.xpath: //body[@id='ng-app']/modal-container/app-page-managefaq/div/div/div/div[2]/div/div[7]/div/button/span' not found
	at com.kms.katalon.core.webui.keyword.internal.WebUIKeywordMain.stepFailed(WebUIKeywordMain.groovy:64)
	at com.kms.katalon.core.webui.keyword.builtin.VerifyElementPresentKeyword$_verifyElementPresent_closure1.doCall(VerifyElementPresentKeyword.groovy:85)
	at com.kms.katalon.core.webui.keyword.builtin.VerifyElementPresentKeyword$_verifyElementPresent_closure1.call(VerifyElementPresentKeyword.groovy)
	at com.kms.katalon.core.webui.keyword.internal.WebUIKeywordMain.runKeyword(WebUIKeywordMain.groovy:20)
	... 19 more
"/>
         <system-out><![CDATA[2020-06-17 20:56:37 - [TEST_CASE][FAILED] - Test Cases/Alda/Admin - Manage FAQ/Edit: Test Cases/Alda/Admin - Manage FAQ/Edit FAILED.
Reason:
com.kms.katalon.core.exception.StepFailedException: Unable to verify object 'Object Repository/Alda/Admin - Manage FAQ/Page_Manage Faq/btn_save_edit' is present
	at com.kms.katalon.core.webui.keyword.internal.WebUIKeywordMain.stepFailed(WebUIKeywordMain.groovy:64)
	at com.kms.katalon.core.webui.keyword.internal.WebUIKeywordMain.runKeyword(WebUIKeywordMain.groovy:26)
	at com.kms.katalon.core.webui.keyword.builtin.VerifyElementPresentKeyword.verifyElementPresent(VerifyElementPresentKeyword.groovy:92)
	at com.kms.katalon.core.webui.keyword.builtin.VerifyElementPresentKeyword.execute(VerifyElementPresentKeyword.groovy:68)
	at com.kms.katalon.core.keyword.internal.KeywordExecutor.executeKeywordForPlatform(KeywordExecutor.groovy:60)
	at com.kms.katalon.core.webui.keyword.WebUiBuiltInKeywords.verifyElementPresent(WebUiBuiltInKeywords.groovy:1434)
	at com.kms.katalon.core.webui.keyword.WebUiBuiltInKeywords$verifyElementPresent$9.call(Unknown Source)
	at Edit.run(Edit:131)
	at com.kms.katalon.core.main.ScriptEngine.run(ScriptEngine.java:194)
	at com.kms.katalon.core.main.ScriptEngine.runScriptAsRawText(ScriptEngine.java:119)
	at com.kms.katalon.core.main.TestCaseExecutor.runScript(TestCaseExecutor.java:337)
	at com.kms.katalon.core.main.TestCaseExecutor.doExecute(TestCaseExecutor.java:328)
	at com.kms.katalon.core.main.TestCaseExecutor.processExecutionPhase(TestCaseExecutor.java:307)
	at com.kms.katalon.core.main.TestCaseExecutor.accessMainPhase(TestCaseExecutor.java:299)
	at com.kms.katalon.core.main.TestCaseExecutor.execute(TestCaseExecutor.java:233)
	at com.kms.katalon.core.main.TestSuiteExecutor.accessTestCaseMainPhase(TestSuiteExecutor.java:169)
	at com.kms.katalon.core.main.TestSuiteExecutor.accessTestSuiteMainPhase(TestSuiteExecutor.java:142)
	at com.kms.katalon.core.main.TestSuiteExecutor.execute(TestSuiteExecutor.java:91)
	at com.kms.katalon.core.main.TestCaseMain.startTestSuite(TestCaseMain.java:157)
	at com.kms.katalon.core.main.TestCaseMain$startTestSuite$0.call(Unknown Source)
	at TempTestSuite1592401186095.run(TempTestSuite1592401186095.groovy:36)
Caused by: com.kms.katalon.core.exception.StepFailedException: com.kms.katalon.core.webui.exception.WebElementNotFoundException: Web element with id: 'Object Repository/Alda/Admin - Manage FAQ/Page_Manage Faq/btn_save_edit' located by 'By.xpath: //body[@id='ng-app']/modal-container/app-page-managefaq/div/div/div/div[2]/div/div[7]/div/button/span' not found
	at com.kms.katalon.core.webui.keyword.internal.WebUIKeywordMain.stepFailed(WebUIKeywordMain.groovy:64)
	at com.kms.katalon.core.webui.keyword.builtin.VerifyElementPresentKeyword$_verifyElementPresent_closure1.doCall(VerifyElementPresentKeyword.groovy:85)
	at com.kms.katalon.core.webui.keyword.builtin.VerifyElementPresentKeyword$_verifyElementPresent_closure1.call(VerifyElementPresentKeyword.groovy)
	at com.kms.katalon.core.webui.keyword.internal.WebUIKeywordMain.runKeyword(WebUIKeywordMain.groovy:20)
	... 19 more


2020-06-17 20:56:37 - [TEST_STEP][PASSED] - callTestCase(findTestCase("Christi/Admin/admin login"), ["username":"11666", "password":"Password3"], STOP_ON_FAILURE): Call Test Case 'Test Cases/Christi/Admin/admin login' successfully

2020-06-17 20:56:37 - [TEST_CASE][PASSED] - Test Cases/Christi/Admin/admin login: Test Cases/Christi/Admin/admin login

2020-06-17 20:56:37 - [TEST_STEP][PASSED] - openBrowser(""): Browser is opened with url: ''

2020-06-17 20:56:37 - [MESSAGE][WARNING] - A browser is already opened. Closing browser and opening a new one

2020-06-17 20:56:38 - [MESSAGE][INFO] - Starting 'Chrome' driver

2020-06-17 20:56:41 - [MESSAGE][PASSED] - Browser is opened with url: ''

2020-06-17 20:56:41 - [TEST_STEP][PASSED] - navigateToUrl("https://appsrv1.deltadatamandiri.com/ACC_LMS_WEB/#/admNLmn"): Navigate to 'https://appsrv1.deltadatamandiri.com/ACC_LMS_WEB/#/admNLmn' successfully

2020-06-17 20:57:13 - [MESSAGE][PASSED] - Navigate to 'https://appsrv1.deltadatamandiri.com/ACC_LMS_WEB/#/admNLmn' successfully

2020-06-17 20:57:13 - [TEST_STEP][PASSED] - click(findTestObject("Christi/Page_Main/button_login")): Object: 'Object Repository/Christi/Page_Main/button_login' is clicked on

2020-06-17 20:57:21 - [MESSAGE][ERROR] - javascript error: Failed to execute 'elementsFromPoint' on 'Document': The provided double value is non-finite.
  (Session info: chrome=83.0.4103.106)
Build info: version: '3.141.59', revision: 'e82be7d358', time: '2018-11-14T08:25:53'
System info: host: 'LAPTOP-D0TPACJ1', ip: '192.168.100.227', os.name: 'Windows 10', os.arch: 'amd64', os.version: '10.0', java.version: '1.8.0_181'
Driver info: com.kms.katalon.selenium.driver.CChromeDriver
Capabilities {acceptInsecureCerts: false, browserName: chrome, browserVersion: 83.0.4103.106, chrome: {chromedriverVersion: 83.0.4103.39 (ccbf011cb2d2b..., userDataDir: C:\Users\ASUS\AppData\Local...}, goog:chromeOptions: {debuggerAddress: localhost:49764}, javascriptEnabled: true, networkConnectionEnabled: false, pageLoadStrategy: normal, platform: WINDOWS, platformName: WINDOWS, proxy: Proxy(), setWindowRect: true, strictFileInteractability: false, timeouts: {implicit: 0, pageLoad: 300000, script: 30000}, unhandledPromptBehavior: dismiss and notify, webauthn:virtualAuthenticators: true}
Session ID: 4524144bf4f372551655b1e555c69e80

2020-06-17 20:57:26 - [MESSAGE][PASSED] - Object: 'Object Repository/Christi/Page_Main/button_login' is clicked on

2020-06-17 20:57:26 - [TEST_STEP][PASSED] - delay(3): Delayed 3 second(s)

2020-06-17 20:57:29 - [MESSAGE][PASSED] - Delayed 3 second(s)

2020-06-17 20:57:29 - [TEST_STEP][PASSED] - setText(findTestObject("Object Repository/Christi/Page_Main/input_NPK_username"), username): Text '11666' is set on object 'Object Repository/Christi/Page_Main/input_NPK_username'

2020-06-17 20:57:30 - [MESSAGE][PASSED] - Text '11666' is set on object 'Object Repository/Christi/Page_Main/input_NPK_username'

2020-06-17 20:57:30 - [TEST_STEP][PASSED] - setText(findTestObject("Object Repository/Christi/Page_Main/input_Password_password"), password): Text 'Password3' is set on object 'Object Repository/Christi/Page_Main/input_Password_password'

2020-06-17 20:57:30 - [MESSAGE][PASSED] - Text 'Password3' is set on object 'Object Repository/Christi/Page_Main/input_Password_password'

2020-06-17 20:57:30 - [TEST_STEP][PASSED] - delay(5): Delayed 5 second(s)

2020-06-17 20:57:35 - [MESSAGE][PASSED] - Delayed 5 second(s)

2020-06-17 20:57:35 - [TEST_STEP][PASSED] - click(findTestObject("Rizka/Admin/Admin - Login/btnLogin2")): Object: 'Object Repository/Rizka/Admin/Admin - Login/btnLogin2' is clicked on

2020-06-17 20:57:36 - [MESSAGE][PASSED] - Object: 'Object Repository/Rizka/Admin/Admin - Login/btnLogin2' is clicked on

2020-06-17 20:57:36 - [TEST_STEP][PASSED] - delay(5): Delayed 5 second(s)

2020-06-17 20:57:41 - [MESSAGE][PASSED] - Delayed 5 second(s)

2020-06-17 20:57:41 - [MESSAGE][PASSED] - Call Test Case 'Test Cases/Christi/Admin/admin login' successfully

2020-06-17 20:57:41 - [TEST_STEP][PASSED] - delay(5): Delayed 5 second(s)

2020-06-17 20:57:46 - [MESSAGE][PASSED] - Delayed 5 second(s)

2020-06-17 20:57:46 - [TEST_STEP][PASSED] - click(findTestObject("Christi/Page_Dashboard Admin/span_Manage FAQ")): Object: 'Object Repository/Christi/Page_Dashboard Admin/span_Manage FAQ' is clicked on

2020-06-17 20:57:48 - [MESSAGE][PASSED] - Object: 'Object Repository/Christi/Page_Dashboard Admin/span_Manage FAQ' is clicked on

2020-06-17 20:57:48 - [TEST_STEP][PASSED] - click(findTestObject("Alda/Admin - Manage FAQ/Page_Manage Faq/input_search")): Object: 'Object Repository/Alda/Admin - Manage FAQ/Page_Manage Faq/input_search' is clicked on

2020-06-17 20:57:50 - [MESSAGE][PASSED] - Object: 'Object Repository/Alda/Admin - Manage FAQ/Page_Manage Faq/input_search' is clicked on

2020-06-17 20:57:50 - [TEST_STEP][PASSED] - setText(findTestObject("Alda/Admin - Manage FAQ/Page_Manage Faq/input_search"), var_search): Text 'question 1 adalah?' is set on object 'Object Repository/Alda/Admin - Manage FAQ/Page_Manage Faq/input_search'

2020-06-17 20:57:52 - [MESSAGE][PASSED] - Text 'question 1 adalah?' is set on object 'Object Repository/Alda/Admin - Manage FAQ/Page_Manage Faq/input_search'

2020-06-17 20:57:52 - [TEST_STEP][PASSED] - click(findTestObject("Christi/Page_Manage Faq/button_Clear button_app-search-button wi wi-search"), STOP_ON_FAILURE): Object: 'Object Repository/Christi/Page_Manage Faq/button_Clear button_app-search-button wi wi-search' is clicked on

2020-06-17 20:57:52 - [MESSAGE][PASSED] - Object: 'Object Repository/Christi/Page_Manage Faq/button_Clear button_app-search-button wi wi-search' is clicked on

2020-06-17 20:57:52 - [TEST_STEP][FAILED] - if (expected_search == "found"): Unable to verify object 'Object Repository/Alda/Admin - Manage FAQ/Page_Manage Faq/btn_save_edit' is present (Root cause: com.kms.katalon.core.exception.StepFailedException: Unable to verify object 'Object Repository/Alda/Admin - Manage FAQ/Page_Manage Faq/btn_save_edit' is present
	at com.kms.katalon.core.webui.keyword.internal.WebUIKeywordMain.stepFailed(WebUIKeywordMain.groovy:64)
	at com.kms.katalon.core.webui.keyword.internal.WebUIKeywordMain.runKeyword(WebUIKeywordMain.groovy:26)
	at com.kms.katalon.core.webui.keyword.builtin.VerifyElementPresentKeyword.verifyElementPresent(VerifyElementPresentKeyword.groovy:92)
	at com.kms.katalon.core.webui.keyword.builtin.VerifyElementPresentKeyword.execute(VerifyElementPresentKeyword.groovy:68)
	at com.kms.katalon.core.keyword.internal.KeywordExecutor.executeKeywordForPlatform(KeywordExecutor.groovy:60)
	at com.kms.katalon.core.webui.keyword.WebUiBuiltInKeywords.verifyElementPresent(WebUiBuiltInKeywords.groovy:1434)
	at com.kms.katalon.core.webui.keyword.WebUiBuiltInKeywords$verifyElementPresent$9.call(Unknown Source)
	at Edit.run(Edit:131)
	at com.kms.katalon.core.main.ScriptEngine.run(ScriptEngine.java:194)
	at com.kms.katalon.core.main.ScriptEngine.runScriptAsRawText(ScriptEngine.java:119)
	at com.kms.katalon.core.main.TestCaseExecutor.runScript(TestCaseExecutor.java:337)
	at com.kms.katalon.core.main.TestCaseExecutor.doExecute(TestCaseExecutor.java:328)
	at com.kms.katalon.core.main.TestCaseExecutor.processExecutionPhase(TestCaseExecutor.java:307)
	at com.kms.katalon.core.main.TestCaseExecutor.accessMainPhase(TestCaseExecutor.java:299)
	at com.kms.katalon.core.main.TestCaseExecutor.execute(TestCaseExecutor.java:233)
	at com.kms.katalon.core.main.TestSuiteExecutor.accessTestCaseMainPhase(TestSuiteExecutor.java:169)
	at com.kms.katalon.core.main.TestSuiteExecutor.accessTestSuiteMainPhase(TestSuiteExecutor.java:142)
	at com.kms.katalon.core.main.TestSuiteExecutor.execute(TestSuiteExecutor.java:91)
	at com.kms.katalon.core.main.TestCaseMain.startTestSuite(TestCaseMain.java:157)
	at com.kms.katalon.core.main.TestCaseMain$startTestSuite$0.call(Unknown Source)
	at TempTestSuite1592401186095.run(TempTestSuite1592401186095.groovy:36)
Caused by: com.kms.katalon.core.exception.StepFailedException: com.kms.katalon.core.webui.exception.WebElementNotFoundException: Web element with id: 'Object Repository/Alda/Admin - Manage FAQ/Page_Manage Faq/btn_save_edit' located by 'By.xpath: //body[@id='ng-app']/modal-container/app-page-managefaq/div/div/div/div[2]/div/div[7]/div/button/span' not found
	at com.kms.katalon.core.webui.keyword.internal.WebUIKeywordMain.stepFailed(WebUIKeywordMain.groovy:64)
	at com.kms.katalon.core.webui.keyword.builtin.VerifyElementPresentKeyword$_verifyElementPresent_closure1.doCall(VerifyElementPresentKeyword.groovy:85)
	at com.kms.katalon.core.webui.keyword.builtin.VerifyElementPresentKeyword$_verifyElementPresent_closure1.call(VerifyElementPresentKeyword.groovy)
	at com.kms.katalon.core.webui.keyword.internal.WebUIKeywordMain.runKeyword(WebUIKeywordMain.groovy:20)
	... 19 more
)

2020-06-17 20:57:52 - [TEST_STEP][PASSED] - verifyElementVisible(findTestObject("Alda/Admin - Manage FAQ/Page_Manage Faq/label_search_visible", ["text":var_search])): Object 'Object Repository/Alda/Admin - Manage FAQ/Page_Manage Faq/label_search_visible' is visible

2020-06-17 20:57:55 - [MESSAGE][PASSED] - Object 'Object Repository/Alda/Admin - Manage FAQ/Page_Manage Faq/label_search_visible' is visible

2020-06-17 20:57:55 - [TEST_STEP][PASSED] - delay(5): Delayed 5 second(s)

2020-06-17 20:58:00 - [MESSAGE][PASSED] - Delayed 5 second(s)

2020-06-17 20:58:00 - [TEST_STEP][PASSED] - click(findTestObject("Alda/Admin - Manage FAQ/Page_Manage Faq/btn_edit")): Object: 'Object Repository/Alda/Admin - Manage FAQ/Page_Manage Faq/btn_edit' is clicked on

2020-06-17 20:58:00 - [MESSAGE][PASSED] - Object: 'Object Repository/Alda/Admin - Manage FAQ/Page_Manage Faq/btn_edit' is clicked on

2020-06-17 20:58:00 - [TEST_STEP][PASSED] - verifyElementVisible(findTestObject("Object Repository/Alda/Admin - Manage FAQ/Page_Manage Faq/header_edit_page")): Object 'Object Repository/Alda/Admin - Manage FAQ/Page_Manage Faq/header_edit_page' is visible

2020-06-17 20:58:04 - [MESSAGE][PASSED] - Object 'Object Repository/Alda/Admin - Manage FAQ/Page_Manage Faq/header_edit_page' is visible

2020-06-17 20:58:04 - [TEST_STEP][PASSED] - switch (opsi_edit.toString()): null

2020-06-17 20:58:04 - [TEST_STEP][PASSED] - case "picture_only":: null

2020-06-17 20:58:04 - [TEST_STEP][PASSED] - uploadFile(findTestObject("Alda/Admin - Manage FAQ/Page_Manage Faq/edit_gambar"), var_gambar_new): File 'C:\Users\ASUS\git\LearningManagementWebs\konten lms\01. What Business Are we in.pdf' sent to object: 'Object Repository/Alda/Admin - Manage FAQ/Page_Manage Faq/edit_gambar'

2020-06-17 20:58:05 - [MESSAGE][PASSED] - File 'C:\Users\ASUS\git\LearningManagementWebs\konten lms\01. What Business Are we in.pdf' sent to object: 'Object Repository/Alda/Admin - Manage FAQ/Page_Manage Faq/edit_gambar'

2020-06-17 20:58:05 - [TEST_STEP][PASSED] - if (expected_image == "success"): null

2020-06-17 20:58:05 - [TEST_STEP][PASSED] - break: null

2020-06-17 20:58:05 - [TEST_STEP][PASSED] - if (expected_output == "pass"): null

2020-06-17 20:58:05 - [TEST_STEP][FAILED] - else if (expected_output == "fail"): Unable to verify object 'Object Repository/Alda/Admin - Manage FAQ/Page_Manage Faq/btn_save_edit' is present (Root cause: com.kms.katalon.core.exception.StepFailedException: Unable to verify object 'Object Repository/Alda/Admin - Manage FAQ/Page_Manage Faq/btn_save_edit' is present
	at com.kms.katalon.core.webui.keyword.internal.WebUIKeywordMain.stepFailed(WebUIKeywordMain.groovy:64)
	at com.kms.katalon.core.webui.keyword.internal.WebUIKeywordMain.runKeyword(WebUIKeywordMain.groovy:26)
	at com.kms.katalon.core.webui.keyword.builtin.VerifyElementPresentKeyword.verifyElementPresent(VerifyElementPresentKeyword.groovy:92)
	at com.kms.katalon.core.webui.keyword.builtin.VerifyElementPresentKeyword.execute(VerifyElementPresentKeyword.groovy:68)
	at com.kms.katalon.core.keyword.internal.KeywordExecutor.executeKeywordForPlatform(KeywordExecutor.groovy:60)
	at com.kms.katalon.core.webui.keyword.WebUiBuiltInKeywords.verifyElementPresent(WebUiBuiltInKeywords.groovy:1434)
	at com.kms.katalon.core.webui.keyword.WebUiBuiltInKeywords$verifyElementPresent$9.call(Unknown Source)
	at Edit.run(Edit:131)
	at com.kms.katalon.core.main.ScriptEngine.run(ScriptEngine.java:194)
	at com.kms.katalon.core.main.ScriptEngine.runScriptAsRawText(ScriptEngine.java:119)
	at com.kms.katalon.core.main.TestCaseExecutor.runScript(TestCaseExecutor.java:337)
	at com.kms.katalon.core.main.TestCaseExecutor.doExecute(TestCaseExecutor.java:328)
	at com.kms.katalon.core.main.TestCaseExecutor.processExecutionPhase(TestCaseExecutor.java:307)
	at com.kms.katalon.core.main.TestCaseExecutor.accessMainPhase(TestCaseExecutor.java:299)
	at com.kms.katalon.core.main.TestCaseExecutor.execute(TestCaseExecutor.java:233)
	at com.kms.katalon.core.main.TestSuiteExecutor.accessTestCaseMainPhase(TestSuiteExecutor.java:169)
	at com.kms.katalon.core.main.TestSuiteExecutor.accessTestSuiteMainPhase(TestSuiteExecutor.java:142)
	at com.kms.katalon.core.main.TestSuiteExecutor.execute(TestSuiteExecutor.java:91)
	at com.kms.katalon.core.main.TestCaseMain.startTestSuite(TestCaseMain.java:157)
	at com.kms.katalon.core.main.TestCaseMain$startTestSuite$0.call(Unknown Source)
	at TempTestSuite1592401186095.run(TempTestSuite1592401186095.groovy:36)
Caused by: com.kms.katalon.core.exception.StepFailedException: com.kms.katalon.core.webui.exception.WebElementNotFoundException: Web element with id: 'Object Repository/Alda/Admin - Manage FAQ/Page_Manage Faq/btn_save_edit' located by 'By.xpath: //body[@id='ng-app']/modal-container/app-page-managefaq/div/div/div/div[2]/div/div[7]/div/button/span' not found
	at com.kms.katalon.core.webui.keyword.internal.WebUIKeywordMain.stepFailed(WebUIKeywordMain.groovy:64)
	at com.kms.katalon.core.webui.keyword.builtin.VerifyElementPresentKeyword$_verifyElementPresent_closure1.doCall(VerifyElementPresentKeyword.groovy:85)
	at com.kms.katalon.core.webui.keyword.builtin.VerifyElementPresentKeyword$_verifyElementPresent_closure1.call(VerifyElementPresentKeyword.groovy)
	at com.kms.katalon.core.webui.keyword.internal.WebUIKeywordMain.runKeyword(WebUIKeywordMain.groovy:20)
	... 19 more
)

2020-06-17 20:58:05 - [TEST_STEP][PASSED] - click(findTestObject("Object Repository/Alda/Admin - Manage FAQ/Page_Manage Faq/btn_save_edit")): Object: 'Object Repository/Alda/Admin - Manage FAQ/Page_Manage Faq/btn_save_edit' is clicked on

2020-06-17 20:58:06 - [MESSAGE][PASSED] - Object: 'Object Repository/Alda/Admin - Manage FAQ/Page_Manage Faq/btn_save_edit' is clicked on

2020-06-17 20:58:06 - [TEST_STEP][PASSED] - delay(3): Delayed 3 second(s)

2020-06-17 20:58:09 - [MESSAGE][PASSED] - Delayed 3 second(s)

2020-06-17 20:58:09 - [TEST_STEP][FAILED] - verifyElementPresent(findTestObject("Alda/Admin - Manage FAQ/Page_Manage Faq/btn_save_edit"), 0): Unable to verify object 'Object Repository/Alda/Admin - Manage FAQ/Page_Manage Faq/btn_save_edit' is present (Root cause: com.kms.katalon.core.exception.StepFailedException: Unable to verify object 'Object Repository/Alda/Admin - Manage FAQ/Page_Manage Faq/btn_save_edit' is present
	at com.kms.katalon.core.webui.keyword.internal.WebUIKeywordMain.stepFailed(WebUIKeywordMain.groovy:64)
	at com.kms.katalon.core.webui.keyword.internal.WebUIKeywordMain.runKeyword(WebUIKeywordMain.groovy:26)
	at com.kms.katalon.core.webui.keyword.builtin.VerifyElementPresentKeyword.verifyElementPresent(VerifyElementPresentKeyword.groovy:92)
	at com.kms.katalon.core.webui.keyword.builtin.VerifyElementPresentKeyword.execute(VerifyElementPresentKeyword.groovy:68)
	at com.kms.katalon.core.keyword.internal.KeywordExecutor.executeKeywordForPlatform(KeywordExecutor.groovy:60)
	at com.kms.katalon.core.webui.keyword.WebUiBuiltInKeywords.verifyElementPresent(WebUiBuiltInKeywords.groovy:1434)
	at com.kms.katalon.core.webui.keyword.WebUiBuiltInKeywords$verifyElementPresent$9.call(Unknown Source)
	at Edit.run(Edit:131)
	at com.kms.katalon.core.main.ScriptEngine.run(ScriptEngine.java:194)
	at com.kms.katalon.core.main.ScriptEngine.runScriptAsRawText(ScriptEngine.java:119)
	at com.kms.katalon.core.main.TestCaseExecutor.runScript(TestCaseExecutor.java:337)
	at com.kms.katalon.core.main.TestCaseExecutor.doExecute(TestCaseExecutor.java:328)
	at com.kms.katalon.core.main.TestCaseExecutor.processExecutionPhase(TestCaseExecutor.java:307)
	at com.kms.katalon.core.main.TestCaseExecutor.accessMainPhase(TestCaseExecutor.java:299)
	at com.kms.katalon.core.main.TestCaseExecutor.execute(TestCaseExecutor.java:233)
	at com.kms.katalon.core.main.TestSuiteExecutor.accessTestCaseMainPhase(TestSuiteExecutor.java:169)
	at com.kms.katalon.core.main.TestSuiteExecutor.accessTestSuiteMainPhase(TestSuiteExecutor.java:142)
	at com.kms.katalon.core.main.TestSuiteExecutor.execute(TestSuiteExecutor.java:91)
	at com.kms.katalon.core.main.TestCaseMain.startTestSuite(TestCaseMain.java:157)
	at com.kms.katalon.core.main.TestCaseMain$startTestSuite$0.call(Unknown Source)
	at TempTestSuite1592401186095.run(TempTestSuite1592401186095.groovy:36)
Caused by: com.kms.katalon.core.exception.StepFailedException: com.kms.katalon.core.webui.exception.WebElementNotFoundException: Web element with id: 'Object Repository/Alda/Admin - Manage FAQ/Page_Manage Faq/btn_save_edit' located by 'By.xpath: //body[@id='ng-app']/modal-container/app-page-managefaq/div/div/div/div[2]/div/div[7]/div/button/span' not found
	at com.kms.katalon.core.webui.keyword.internal.WebUIKeywordMain.stepFailed(WebUIKeywordMain.groovy:64)
	at com.kms.katalon.core.webui.keyword.builtin.VerifyElementPresentKeyword$_verifyElementPresent_closure1.doCall(VerifyElementPresentKeyword.groovy:85)
	at com.kms.katalon.core.webui.keyword.builtin.VerifyElementPresentKeyword$_verifyElementPresent_closure1.call(VerifyElementPresentKeyword.groovy)
	at com.kms.katalon.core.webui.keyword.internal.WebUIKeywordMain.runKeyword(WebUIKeywordMain.groovy:20)
	... 19 more
)

2020-06-17 20:58:09 - [MESSAGE][WARNING] - Timeout '0' is invalid. Using default page load timeout: '30'

2020-06-17 20:58:52 - [MESSAGE][INFO] - Unable to find the element located by 'By.xpath: //body[@id='ng-app']/modal-container/app-page-managefaq/div/div/div/div[2]/div/div[7]/div/button/span'. Please recheck the objects properties to make sure the desired element is located. 

2020-06-17 20:58:53 - [MESSAGE][FAILED] - com.kms.katalon.core.webui.exception.WebElementNotFoundException: Web element with id: 'Object Repository/Alda/Admin - Manage FAQ/Page_Manage Faq/btn_save_edit' located by 'By.xpath: //body[@id='ng-app']/modal-container/app-page-managefaq/div/div/div/div[2]/div/div[7]/div/button/span' not found (Root cause: com.kms.katalon.core.exception.StepFailedException: com.kms.katalon.core.webui.exception.WebElementNotFoundException: Web element with id: 'Object Repository/Alda/Admin - Manage FAQ/Page_Manage Faq/btn_save_edit' located by 'By.xpath: //body[@id='ng-app']/modal-container/app-page-managefaq/div/div/div/div[2]/div/div[7]/div/button/span' not found
	at com.kms.katalon.core.webui.keyword.internal.WebUIKeywordMain.stepFailed(WebUIKeywordMain.groovy:64)
	at com.kms.katalon.core.webui.keyword.builtin.VerifyElementPresentKeyword$_verifyElementPresent_closure1.doCall(VerifyElementPresentKeyword.groovy:85)
	at com.kms.katalon.core.webui.keyword.builtin.VerifyElementPresentKeyword$_verifyElementPresent_closure1.call(VerifyElementPresentKeyword.groovy)
	at com.kms.katalon.core.webui.keyword.internal.WebUIKeywordMain.runKeyword(WebUIKeywordMain.groovy:20)
	at com.kms.katalon.core.webui.keyword.builtin.VerifyElementPresentKeyword.verifyElementPresent(VerifyElementPresentKeyword.groovy:92)
	at com.kms.katalon.core.webui.keyword.builtin.VerifyElementPresentKeyword.execute(VerifyElementPresentKeyword.groovy:68)
	at com.kms.katalon.core.keyword.internal.KeywordExecutor.executeKeywordForPlatform(KeywordExecutor.groovy:60)
	at com.kms.katalon.core.webui.keyword.WebUiBuiltInKeywords.verifyElementPresent(WebUiBuiltInKeywords.groovy:1434)
	at com.kms.katalon.core.webui.keyword.WebUiBuiltInKeywords$verifyElementPresent$9.call(Unknown Source)
	at Edit.run(Edit:131)
	at com.kms.katalon.core.main.ScriptEngine.run(ScriptEngine.java:194)
	at com.kms.katalon.core.main.ScriptEngine.runScriptAsRawText(ScriptEngine.java:119)
	at com.kms.katalon.core.main.TestCaseExecutor.runScript(TestCaseExecutor.java:337)
	at com.kms.katalon.core.main.TestCaseExecutor.doExecute(TestCaseExecutor.java:328)
	at com.kms.katalon.core.main.TestCaseExecutor.processExecutionPhase(TestCaseExecutor.java:307)
	at com.kms.katalon.core.main.TestCaseExecutor.accessMainPhase(TestCaseExecutor.java:299)
	at com.kms.katalon.core.main.TestCaseExecutor.execute(TestCaseExecutor.java:233)
	at com.kms.katalon.core.main.TestSuiteExecutor.accessTestCaseMainPhase(TestSuiteExecutor.java:169)
	at com.kms.katalon.core.main.TestSuiteExecutor.accessTestSuiteMainPhase(TestSuiteExecutor.java:142)
	at com.kms.katalon.core.main.TestSuiteExecutor.execute(TestSuiteExecutor.java:91)
	at com.kms.katalon.core.main.TestCaseMain.startTestSuite(TestCaseMain.java:157)
	at com.kms.katalon.core.main.TestCaseMain$startTestSuite$0.call(Unknown Source)
	at TempTestSuite1592401186095.run(TempTestSuite1592401186095.groovy:36)
)
[[ATTACHMENT|C:\\Users\\ASUS\\git\\LearningManagementWebs\\Reports\\20200617_203946\\Alda\\Admin_Manage FAQ - Edit\\20200617_203946\\1592402332798.png]]

2020-06-17 20:58:53 - [MESSAGE][FAILED] - Unable to verify object 'Object Repository/Alda/Admin - Manage FAQ/Page_Manage Faq/btn_save_edit' is present (Root cause: com.kms.katalon.core.exception.StepFailedException: Unable to verify object 'Object Repository/Alda/Admin - Manage FAQ/Page_Manage Faq/btn_save_edit' is present
	at com.kms.katalon.core.webui.keyword.internal.WebUIKeywordMain.stepFailed(WebUIKeywordMain.groovy:64)
	at com.kms.katalon.core.webui.keyword.internal.WebUIKeywordMain.runKeyword(WebUIKeywordMain.groovy:26)
	at com.kms.katalon.core.webui.keyword.builtin.VerifyElementPresentKeyword.verifyElementPresent(VerifyElementPresentKeyword.groovy:92)
	at com.kms.katalon.core.webui.keyword.builtin.VerifyElementPresentKeyword.execute(VerifyElementPresentKeyword.groovy:68)
	at com.kms.katalon.core.keyword.internal.KeywordExecutor.executeKeywordForPlatform(KeywordExecutor.groovy:60)
	at com.kms.katalon.core.webui.keyword.WebUiBuiltInKeywords.verifyElementPresent(WebUiBuiltInKeywords.groovy:1434)
	at com.kms.katalon.core.webui.keyword.WebUiBuiltInKeywords$verifyElementPresent$9.call(Unknown Source)
	at Edit.run(Edit:131)
	at com.kms.katalon.core.main.ScriptEngine.run(ScriptEngine.java:194)
	at com.kms.katalon.core.main.ScriptEngine.runScriptAsRawText(ScriptEngine.java:119)
	at com.kms.katalon.core.main.TestCaseExecutor.runScript(TestCaseExecutor.java:337)
	at com.kms.katalon.core.main.TestCaseExecutor.doExecute(TestCaseExecutor.java:328)
	at com.kms.katalon.core.main.TestCaseExecutor.processExecutionPhase(TestCaseExecutor.java:307)
	at com.kms.katalon.core.main.TestCaseExecutor.accessMainPhase(TestCaseExecutor.java:299)
	at com.kms.katalon.core.main.TestCaseExecutor.execute(TestCaseExecutor.java:233)
	at com.kms.katalon.core.main.TestSuiteExecutor.accessTestCaseMainPhase(TestSuiteExecutor.java:169)
	at com.kms.katalon.core.main.TestSuiteExecutor.accessTestSuiteMainPhase(TestSuiteExecutor.java:142)
	at com.kms.katalon.core.main.TestSuiteExecutor.execute(TestSuiteExecutor.java:91)
	at com.kms.katalon.core.main.TestCaseMain.startTestSuite(TestCaseMain.java:157)
	at com.kms.katalon.core.main.TestCaseMain$startTestSuite$0.call(Unknown Source)
	at TempTestSuite1592401186095.run(TempTestSuite1592401186095.groovy:36)
Caused by: com.kms.katalon.core.exception.StepFailedException: com.kms.katalon.core.webui.exception.WebElementNotFoundException: Web element with id: 'Object Repository/Alda/Admin - Manage FAQ/Page_Manage Faq/btn_save_edit' located by 'By.xpath: //body[@id='ng-app']/modal-container/app-page-managefaq/div/div/div/div[2]/div/div[7]/div/button/span' not found
	at com.kms.katalon.core.webui.keyword.internal.WebUIKeywordMain.stepFailed(WebUIKeywordMain.groovy:64)
	at com.kms.katalon.core.webui.keyword.builtin.VerifyElementPresentKeyword$_verifyElementPresent_closure1.doCall(VerifyElementPresentKeyword.groovy:85)
	at com.kms.katalon.core.webui.keyword.builtin.VerifyElementPresentKeyword$_verifyElementPresent_closure1.call(VerifyElementPresentKeyword.groovy)
	at com.kms.katalon.core.webui.keyword.internal.WebUIKeywordMain.runKeyword(WebUIKeywordMain.groovy:20)
	... 19 more
)
[[ATTACHMENT|C:\\Users\\ASUS\\git\\LearningManagementWebs\\Reports\\20200617_203946\\Alda\\Admin_Manage FAQ - Edit\\20200617_203946\\1592402333163.png]]]]></system-out>
         <system-err><![CDATA[2020-06-17 20:56:37 - [TEST_CASE][FAILED] - Test Cases/Alda/Admin - Manage FAQ/Edit: Test Cases/Alda/Admin - Manage FAQ/Edit FAILED.
Reason:
com.kms.katalon.core.exception.StepFailedException: Unable to verify object 'Object Repository/Alda/Admin - Manage FAQ/Page_Manage Faq/btn_save_edit' is present
	at com.kms.katalon.core.webui.keyword.internal.WebUIKeywordMain.stepFailed(WebUIKeywordMain.groovy:64)
	at com.kms.katalon.core.webui.keyword.internal.WebUIKeywordMain.runKeyword(WebUIKeywordMain.groovy:26)
	at com.kms.katalon.core.webui.keyword.builtin.VerifyElementPresentKeyword.verifyElementPresent(VerifyElementPresentKeyword.groovy:92)
	at com.kms.katalon.core.webui.keyword.builtin.VerifyElementPresentKeyword.execute(VerifyElementPresentKeyword.groovy:68)
	at com.kms.katalon.core.keyword.internal.KeywordExecutor.executeKeywordForPlatform(KeywordExecutor.groovy:60)
	at com.kms.katalon.core.webui.keyword.WebUiBuiltInKeywords.verifyElementPresent(WebUiBuiltInKeywords.groovy:1434)
	at com.kms.katalon.core.webui.keyword.WebUiBuiltInKeywords$verifyElementPresent$9.call(Unknown Source)
	at Edit.run(Edit:131)
	at com.kms.katalon.core.main.ScriptEngine.run(ScriptEngine.java:194)
	at com.kms.katalon.core.main.ScriptEngine.runScriptAsRawText(ScriptEngine.java:119)
	at com.kms.katalon.core.main.TestCaseExecutor.runScript(TestCaseExecutor.java:337)
	at com.kms.katalon.core.main.TestCaseExecutor.doExecute(TestCaseExecutor.java:328)
	at com.kms.katalon.core.main.TestCaseExecutor.processExecutionPhase(TestCaseExecutor.java:307)
	at com.kms.katalon.core.main.TestCaseExecutor.accessMainPhase(TestCaseExecutor.java:299)
	at com.kms.katalon.core.main.TestCaseExecutor.execute(TestCaseExecutor.java:233)
	at com.kms.katalon.core.main.TestSuiteExecutor.accessTestCaseMainPhase(TestSuiteExecutor.java:169)
	at com.kms.katalon.core.main.TestSuiteExecutor.accessTestSuiteMainPhase(TestSuiteExecutor.java:142)
	at com.kms.katalon.core.main.TestSuiteExecutor.execute(TestSuiteExecutor.java:91)
	at com.kms.katalon.core.main.TestCaseMain.startTestSuite(TestCaseMain.java:157)
	at com.kms.katalon.core.main.TestCaseMain$startTestSuite$0.call(Unknown Source)
	at TempTestSuite1592401186095.run(TempTestSuite1592401186095.groovy:36)
Caused by: com.kms.katalon.core.exception.StepFailedException: com.kms.katalon.core.webui.exception.WebElementNotFoundException: Web element with id: 'Object Repository/Alda/Admin - Manage FAQ/Page_Manage Faq/btn_save_edit' located by 'By.xpath: //body[@id='ng-app']/modal-container/app-page-managefaq/div/div/div/div[2]/div/div[7]/div/button/span' not found
	at com.kms.katalon.core.webui.keyword.internal.WebUIKeywordMain.stepFailed(WebUIKeywordMain.groovy:64)
	at com.kms.katalon.core.webui.keyword.builtin.VerifyElementPresentKeyword$_verifyElementPresent_closure1.doCall(VerifyElementPresentKeyword.groovy:85)
	at com.kms.katalon.core.webui.keyword.builtin.VerifyElementPresentKeyword$_verifyElementPresent_closure1.call(VerifyElementPresentKeyword.groovy)
	at com.kms.katalon.core.webui.keyword.internal.WebUIKeywordMain.runKeyword(WebUIKeywordMain.groovy:20)
	... 19 more]]></system-err>
      </testcase>
      <testcase name="Test Cases/Alda/Admin - Manage FAQ/Edit" time="142.423" classname="Test Cases/Alda/Admin - Manage FAQ/Edit" status="FAILED">
         <failure type="FAILED" message="Test Cases/Alda/Admin - Manage FAQ/Edit FAILED.
Reason:
com.kms.katalon.core.exception.StepFailedException: Unable to verify object 'Object Repository/Alda/Admin - Manage FAQ/Page_Manage Faq/btn_save_edit' is present
	at com.kms.katalon.core.webui.keyword.internal.WebUIKeywordMain.stepFailed(WebUIKeywordMain.groovy:64)
	at com.kms.katalon.core.webui.keyword.internal.WebUIKeywordMain.runKeyword(WebUIKeywordMain.groovy:26)
	at com.kms.katalon.core.webui.keyword.builtin.VerifyElementPresentKeyword.verifyElementPresent(VerifyElementPresentKeyword.groovy:92)
	at com.kms.katalon.core.webui.keyword.builtin.VerifyElementPresentKeyword.execute(VerifyElementPresentKeyword.groovy:68)
	at com.kms.katalon.core.keyword.internal.KeywordExecutor.executeKeywordForPlatform(KeywordExecutor.groovy:60)
	at com.kms.katalon.core.webui.keyword.WebUiBuiltInKeywords.verifyElementPresent(WebUiBuiltInKeywords.groovy:1434)
	at com.kms.katalon.core.webui.keyword.WebUiBuiltInKeywords$verifyElementPresent$9.call(Unknown Source)
	at Edit.run(Edit:131)
	at com.kms.katalon.core.main.ScriptEngine.run(ScriptEngine.java:194)
	at com.kms.katalon.core.main.ScriptEngine.runScriptAsRawText(ScriptEngine.java:119)
	at com.kms.katalon.core.main.TestCaseExecutor.runScript(TestCaseExecutor.java:337)
	at com.kms.katalon.core.main.TestCaseExecutor.doExecute(TestCaseExecutor.java:328)
	at com.kms.katalon.core.main.TestCaseExecutor.processExecutionPhase(TestCaseExecutor.java:307)
	at com.kms.katalon.core.main.TestCaseExecutor.accessMainPhase(TestCaseExecutor.java:299)
	at com.kms.katalon.core.main.TestCaseExecutor.execute(TestCaseExecutor.java:233)
	at com.kms.katalon.core.main.TestSuiteExecutor.accessTestCaseMainPhase(TestSuiteExecutor.java:169)
	at com.kms.katalon.core.main.TestSuiteExecutor.accessTestSuiteMainPhase(TestSuiteExecutor.java:142)
	at com.kms.katalon.core.main.TestSuiteExecutor.execute(TestSuiteExecutor.java:91)
	at com.kms.katalon.core.main.TestCaseMain.startTestSuite(TestCaseMain.java:157)
	at com.kms.katalon.core.main.TestCaseMain$startTestSuite$0.call(Unknown Source)
	at TempTestSuite1592401186095.run(TempTestSuite1592401186095.groovy:36)
Caused by: com.kms.katalon.core.exception.StepFailedException: com.kms.katalon.core.webui.exception.WebElementNotFoundException: Web element with id: 'Object Repository/Alda/Admin - Manage FAQ/Page_Manage Faq/btn_save_edit' located by 'By.xpath: //body[@id='ng-app']/modal-container/app-page-managefaq/div/div/div/div[2]/div/div[7]/div/button/span' not found
	at com.kms.katalon.core.webui.keyword.internal.WebUIKeywordMain.stepFailed(WebUIKeywordMain.groovy:64)
	at com.kms.katalon.core.webui.keyword.builtin.VerifyElementPresentKeyword$_verifyElementPresent_closure1.doCall(VerifyElementPresentKeyword.groovy:85)
	at com.kms.katalon.core.webui.keyword.builtin.VerifyElementPresentKeyword$_verifyElementPresent_closure1.call(VerifyElementPresentKeyword.groovy)
	at com.kms.katalon.core.webui.keyword.internal.WebUIKeywordMain.runKeyword(WebUIKeywordMain.groovy:20)
	... 19 more
"/>
         <system-out><![CDATA[2020-06-17 20:58:53 - [TEST_CASE][FAILED] - Test Cases/Alda/Admin - Manage FAQ/Edit: Test Cases/Alda/Admin - Manage FAQ/Edit FAILED.
Reason:
com.kms.katalon.core.exception.StepFailedException: Unable to verify object 'Object Repository/Alda/Admin - Manage FAQ/Page_Manage Faq/btn_save_edit' is present
	at com.kms.katalon.core.webui.keyword.internal.WebUIKeywordMain.stepFailed(WebUIKeywordMain.groovy:64)
	at com.kms.katalon.core.webui.keyword.internal.WebUIKeywordMain.runKeyword(WebUIKeywordMain.groovy:26)
	at com.kms.katalon.core.webui.keyword.builtin.VerifyElementPresentKeyword.verifyElementPresent(VerifyElementPresentKeyword.groovy:92)
	at com.kms.katalon.core.webui.keyword.builtin.VerifyElementPresentKeyword.execute(VerifyElementPresentKeyword.groovy:68)
	at com.kms.katalon.core.keyword.internal.KeywordExecutor.executeKeywordForPlatform(KeywordExecutor.groovy:60)
	at com.kms.katalon.core.webui.keyword.WebUiBuiltInKeywords.verifyElementPresent(WebUiBuiltInKeywords.groovy:1434)
	at com.kms.katalon.core.webui.keyword.WebUiBuiltInKeywords$verifyElementPresent$9.call(Unknown Source)
	at Edit.run(Edit:131)
	at com.kms.katalon.core.main.ScriptEngine.run(ScriptEngine.java:194)
	at com.kms.katalon.core.main.ScriptEngine.runScriptAsRawText(ScriptEngine.java:119)
	at com.kms.katalon.core.main.TestCaseExecutor.runScript(TestCaseExecutor.java:337)
	at com.kms.katalon.core.main.TestCaseExecutor.doExecute(TestCaseExecutor.java:328)
	at com.kms.katalon.core.main.TestCaseExecutor.processExecutionPhase(TestCaseExecutor.java:307)
	at com.kms.katalon.core.main.TestCaseExecutor.accessMainPhase(TestCaseExecutor.java:299)
	at com.kms.katalon.core.main.TestCaseExecutor.execute(TestCaseExecutor.java:233)
	at com.kms.katalon.core.main.TestSuiteExecutor.accessTestCaseMainPhase(TestSuiteExecutor.java:169)
	at com.kms.katalon.core.main.TestSuiteExecutor.accessTestSuiteMainPhase(TestSuiteExecutor.java:142)
	at com.kms.katalon.core.main.TestSuiteExecutor.execute(TestSuiteExecutor.java:91)
	at com.kms.katalon.core.main.TestCaseMain.startTestSuite(TestCaseMain.java:157)
	at com.kms.katalon.core.main.TestCaseMain$startTestSuite$0.call(Unknown Source)
	at TempTestSuite1592401186095.run(TempTestSuite1592401186095.groovy:36)
Caused by: com.kms.katalon.core.exception.StepFailedException: com.kms.katalon.core.webui.exception.WebElementNotFoundException: Web element with id: 'Object Repository/Alda/Admin - Manage FAQ/Page_Manage Faq/btn_save_edit' located by 'By.xpath: //body[@id='ng-app']/modal-container/app-page-managefaq/div/div/div/div[2]/div/div[7]/div/button/span' not found
	at com.kms.katalon.core.webui.keyword.internal.WebUIKeywordMain.stepFailed(WebUIKeywordMain.groovy:64)
	at com.kms.katalon.core.webui.keyword.builtin.VerifyElementPresentKeyword$_verifyElementPresent_closure1.doCall(VerifyElementPresentKeyword.groovy:85)
	at com.kms.katalon.core.webui.keyword.builtin.VerifyElementPresentKeyword$_verifyElementPresent_closure1.call(VerifyElementPresentKeyword.groovy)
	at com.kms.katalon.core.webui.keyword.internal.WebUIKeywordMain.runKeyword(WebUIKeywordMain.groovy:20)
	... 19 more


2020-06-17 20:58:53 - [TEST_STEP][PASSED] - callTestCase(findTestCase("Christi/Admin/admin login"), ["username":"11666", "password":"Password3"], STOP_ON_FAILURE): Call Test Case 'Test Cases/Christi/Admin/admin login' successfully

2020-06-17 20:58:53 - [TEST_CASE][PASSED] - Test Cases/Christi/Admin/admin login: Test Cases/Christi/Admin/admin login

2020-06-17 20:58:53 - [TEST_STEP][PASSED] - openBrowser(""): Browser is opened with url: ''

2020-06-17 20:58:53 - [MESSAGE][WARNING] - A browser is already opened. Closing browser and opening a new one

2020-06-17 20:58:55 - [MESSAGE][INFO] - Starting 'Chrome' driver

2020-06-17 20:58:57 - [MESSAGE][PASSED] - Browser is opened with url: ''

2020-06-17 20:58:57 - [TEST_STEP][PASSED] - navigateToUrl("https://appsrv1.deltadatamandiri.com/ACC_LMS_WEB/#/admNLmn"): Navigate to 'https://appsrv1.deltadatamandiri.com/ACC_LMS_WEB/#/admNLmn' successfully

2020-06-17 20:59:39 - [MESSAGE][PASSED] - Navigate to 'https://appsrv1.deltadatamandiri.com/ACC_LMS_WEB/#/admNLmn' successfully

2020-06-17 20:59:39 - [TEST_STEP][PASSED] - click(findTestObject("Christi/Page_Main/button_login")): Object: 'Object Repository/Christi/Page_Main/button_login' is clicked on

2020-06-17 20:59:45 - [MESSAGE][ERROR] - javascript error: Failed to execute 'elementsFromPoint' on 'Document': The provided double value is non-finite.
  (Session info: chrome=83.0.4103.106)
Build info: version: '3.141.59', revision: 'e82be7d358', time: '2018-11-14T08:25:53'
System info: host: 'LAPTOP-D0TPACJ1', ip: '192.168.100.227', os.name: 'Windows 10', os.arch: 'amd64', os.version: '10.0', java.version: '1.8.0_181'
Driver info: com.kms.katalon.selenium.driver.CChromeDriver
Capabilities {acceptInsecureCerts: false, browserName: chrome, browserVersion: 83.0.4103.106, chrome: {chromedriverVersion: 83.0.4103.39 (ccbf011cb2d2b..., userDataDir: C:\Users\ASUS\AppData\Local...}, goog:chromeOptions: {debuggerAddress: localhost:49849}, javascriptEnabled: true, networkConnectionEnabled: false, pageLoadStrategy: normal, platform: WINDOWS, platformName: WINDOWS, proxy: Proxy(), setWindowRect: true, strictFileInteractability: false, timeouts: {implicit: 0, pageLoad: 300000, script: 30000}, unhandledPromptBehavior: dismiss and notify, webauthn:virtualAuthenticators: true}
Session ID: 6f852f80883fc6d0ab7e6a0ded767f5b

2020-06-17 20:59:46 - [MESSAGE][PASSED] - Object: 'Object Repository/Christi/Page_Main/button_login' is clicked on

2020-06-17 20:59:46 - [TEST_STEP][PASSED] - delay(3): Delayed 3 second(s)

2020-06-17 20:59:49 - [MESSAGE][PASSED] - Delayed 3 second(s)

2020-06-17 20:59:49 - [TEST_STEP][PASSED] - setText(findTestObject("Object Repository/Christi/Page_Main/input_NPK_username"), username): Text '11666' is set on object 'Object Repository/Christi/Page_Main/input_NPK_username'

2020-06-17 20:59:50 - [MESSAGE][PASSED] - Text '11666' is set on object 'Object Repository/Christi/Page_Main/input_NPK_username'

2020-06-17 20:59:50 - [TEST_STEP][PASSED] - setText(findTestObject("Object Repository/Christi/Page_Main/input_Password_password"), password): Text 'Password3' is set on object 'Object Repository/Christi/Page_Main/input_Password_password'

2020-06-17 20:59:50 - [MESSAGE][PASSED] - Text 'Password3' is set on object 'Object Repository/Christi/Page_Main/input_Password_password'

2020-06-17 20:59:50 - [TEST_STEP][PASSED] - delay(5): Delayed 5 second(s)

2020-06-17 20:59:55 - [MESSAGE][PASSED] - Delayed 5 second(s)

2020-06-17 20:59:55 - [TEST_STEP][PASSED] - click(findTestObject("Rizka/Admin/Admin - Login/btnLogin2")): Object: 'Object Repository/Rizka/Admin/Admin - Login/btnLogin2' is clicked on

2020-06-17 20:59:56 - [MESSAGE][PASSED] - Object: 'Object Repository/Rizka/Admin/Admin - Login/btnLogin2' is clicked on

2020-06-17 20:59:56 - [TEST_STEP][PASSED] - delay(5): Delayed 5 second(s)

2020-06-17 21:00:01 - [MESSAGE][PASSED] - Delayed 5 second(s)

2020-06-17 21:00:01 - [MESSAGE][PASSED] - Call Test Case 'Test Cases/Christi/Admin/admin login' successfully

2020-06-17 21:00:01 - [TEST_STEP][PASSED] - delay(5): Delayed 5 second(s)

2020-06-17 21:00:06 - [MESSAGE][PASSED] - Delayed 5 second(s)

2020-06-17 21:00:06 - [TEST_STEP][PASSED] - click(findTestObject("Christi/Page_Dashboard Admin/span_Manage FAQ")): Object: 'Object Repository/Christi/Page_Dashboard Admin/span_Manage FAQ' is clicked on

2020-06-17 21:00:08 - [MESSAGE][PASSED] - Object: 'Object Repository/Christi/Page_Dashboard Admin/span_Manage FAQ' is clicked on

2020-06-17 21:00:08 - [TEST_STEP][PASSED] - click(findTestObject("Alda/Admin - Manage FAQ/Page_Manage Faq/input_search")): Object: 'Object Repository/Alda/Admin - Manage FAQ/Page_Manage Faq/input_search' is clicked on

2020-06-17 21:00:10 - [MESSAGE][PASSED] - Object: 'Object Repository/Alda/Admin - Manage FAQ/Page_Manage Faq/input_search' is clicked on

2020-06-17 21:00:10 - [TEST_STEP][PASSED] - setText(findTestObject("Alda/Admin - Manage FAQ/Page_Manage Faq/input_search"), var_search): Text 'question 1 adalah?' is set on object 'Object Repository/Alda/Admin - Manage FAQ/Page_Manage Faq/input_search'

2020-06-17 21:00:12 - [MESSAGE][PASSED] - Text 'question 1 adalah?' is set on object 'Object Repository/Alda/Admin - Manage FAQ/Page_Manage Faq/input_search'

2020-06-17 21:00:12 - [TEST_STEP][PASSED] - click(findTestObject("Christi/Page_Manage Faq/button_Clear button_app-search-button wi wi-search"), STOP_ON_FAILURE): Object: 'Object Repository/Christi/Page_Manage Faq/button_Clear button_app-search-button wi wi-search' is clicked on

2020-06-17 21:00:13 - [MESSAGE][PASSED] - Object: 'Object Repository/Christi/Page_Manage Faq/button_Clear button_app-search-button wi wi-search' is clicked on

2020-06-17 21:00:13 - [TEST_STEP][FAILED] - if (expected_search == "found"): Unable to verify object 'Object Repository/Alda/Admin - Manage FAQ/Page_Manage Faq/btn_save_edit' is present (Root cause: com.kms.katalon.core.exception.StepFailedException: Unable to verify object 'Object Repository/Alda/Admin - Manage FAQ/Page_Manage Faq/btn_save_edit' is present
	at com.kms.katalon.core.webui.keyword.internal.WebUIKeywordMain.stepFailed(WebUIKeywordMain.groovy:64)
	at com.kms.katalon.core.webui.keyword.internal.WebUIKeywordMain.runKeyword(WebUIKeywordMain.groovy:26)
	at com.kms.katalon.core.webui.keyword.builtin.VerifyElementPresentKeyword.verifyElementPresent(VerifyElementPresentKeyword.groovy:92)
	at com.kms.katalon.core.webui.keyword.builtin.VerifyElementPresentKeyword.execute(VerifyElementPresentKeyword.groovy:68)
	at com.kms.katalon.core.keyword.internal.KeywordExecutor.executeKeywordForPlatform(KeywordExecutor.groovy:60)
	at com.kms.katalon.core.webui.keyword.WebUiBuiltInKeywords.verifyElementPresent(WebUiBuiltInKeywords.groovy:1434)
	at com.kms.katalon.core.webui.keyword.WebUiBuiltInKeywords$verifyElementPresent$9.call(Unknown Source)
	at Edit.run(Edit:131)
	at com.kms.katalon.core.main.ScriptEngine.run(ScriptEngine.java:194)
	at com.kms.katalon.core.main.ScriptEngine.runScriptAsRawText(ScriptEngine.java:119)
	at com.kms.katalon.core.main.TestCaseExecutor.runScript(TestCaseExecutor.java:337)
	at com.kms.katalon.core.main.TestCaseExecutor.doExecute(TestCaseExecutor.java:328)
	at com.kms.katalon.core.main.TestCaseExecutor.processExecutionPhase(TestCaseExecutor.java:307)
	at com.kms.katalon.core.main.TestCaseExecutor.accessMainPhase(TestCaseExecutor.java:299)
	at com.kms.katalon.core.main.TestCaseExecutor.execute(TestCaseExecutor.java:233)
	at com.kms.katalon.core.main.TestSuiteExecutor.accessTestCaseMainPhase(TestSuiteExecutor.java:169)
	at com.kms.katalon.core.main.TestSuiteExecutor.accessTestSuiteMainPhase(TestSuiteExecutor.java:142)
	at com.kms.katalon.core.main.TestSuiteExecutor.execute(TestSuiteExecutor.java:91)
	at com.kms.katalon.core.main.TestCaseMain.startTestSuite(TestCaseMain.java:157)
	at com.kms.katalon.core.main.TestCaseMain$startTestSuite$0.call(Unknown Source)
	at TempTestSuite1592401186095.run(TempTestSuite1592401186095.groovy:36)
Caused by: com.kms.katalon.core.exception.StepFailedException: com.kms.katalon.core.webui.exception.WebElementNotFoundException: Web element with id: 'Object Repository/Alda/Admin - Manage FAQ/Page_Manage Faq/btn_save_edit' located by 'By.xpath: //body[@id='ng-app']/modal-container/app-page-managefaq/div/div/div/div[2]/div/div[7]/div/button/span' not found
	at com.kms.katalon.core.webui.keyword.internal.WebUIKeywordMain.stepFailed(WebUIKeywordMain.groovy:64)
	at com.kms.katalon.core.webui.keyword.builtin.VerifyElementPresentKeyword$_verifyElementPresent_closure1.doCall(VerifyElementPresentKeyword.groovy:85)
	at com.kms.katalon.core.webui.keyword.builtin.VerifyElementPresentKeyword$_verifyElementPresent_closure1.call(VerifyElementPresentKeyword.groovy)
	at com.kms.katalon.core.webui.keyword.internal.WebUIKeywordMain.runKeyword(WebUIKeywordMain.groovy:20)
	... 19 more
)

2020-06-17 21:00:13 - [TEST_STEP][PASSED] - verifyElementVisible(findTestObject("Alda/Admin - Manage FAQ/Page_Manage Faq/label_search_visible", ["text":var_search])): Object 'Object Repository/Alda/Admin - Manage FAQ/Page_Manage Faq/label_search_visible' is visible

2020-06-17 21:00:15 - [MESSAGE][PASSED] - Object 'Object Repository/Alda/Admin - Manage FAQ/Page_Manage Faq/label_search_visible' is visible

2020-06-17 21:00:15 - [TEST_STEP][PASSED] - delay(5): Delayed 5 second(s)

2020-06-17 21:00:20 - [MESSAGE][PASSED] - Delayed 5 second(s)

2020-06-17 21:00:20 - [TEST_STEP][PASSED] - click(findTestObject("Alda/Admin - Manage FAQ/Page_Manage Faq/btn_edit")): Object: 'Object Repository/Alda/Admin - Manage FAQ/Page_Manage Faq/btn_edit' is clicked on

2020-06-17 21:00:21 - [MESSAGE][PASSED] - Object: 'Object Repository/Alda/Admin - Manage FAQ/Page_Manage Faq/btn_edit' is clicked on

2020-06-17 21:00:21 - [TEST_STEP][PASSED] - verifyElementVisible(findTestObject("Object Repository/Alda/Admin - Manage FAQ/Page_Manage Faq/header_edit_page")): Object 'Object Repository/Alda/Admin - Manage FAQ/Page_Manage Faq/header_edit_page' is visible

2020-06-17 21:00:26 - [MESSAGE][PASSED] - Object 'Object Repository/Alda/Admin - Manage FAQ/Page_Manage Faq/header_edit_page' is visible

2020-06-17 21:00:26 - [TEST_STEP][PASSED] - switch (opsi_edit.toString()): null

2020-06-17 21:00:26 - [TEST_STEP][PASSED] - case "picture_only":: null

2020-06-17 21:00:26 - [TEST_STEP][PASSED] - uploadFile(findTestObject("Alda/Admin - Manage FAQ/Page_Manage Faq/edit_gambar"), var_gambar_new): File 'C:\Users\ASUS\git\LearningManagementWebs\gambar_alda.gif' sent to object: 'Object Repository/Alda/Admin - Manage FAQ/Page_Manage Faq/edit_gambar'

2020-06-17 21:00:27 - [MESSAGE][PASSED] - File 'C:\Users\ASUS\git\LearningManagementWebs\gambar_alda.gif' sent to object: 'Object Repository/Alda/Admin - Manage FAQ/Page_Manage Faq/edit_gambar'

2020-06-17 21:00:27 - [TEST_STEP][PASSED] - if (expected_image == "success"): null

2020-06-17 21:00:27 - [TEST_STEP][PASSED] - break: null

2020-06-17 21:00:27 - [TEST_STEP][PASSED] - if (expected_output == "pass"): null

2020-06-17 21:00:27 - [TEST_STEP][FAILED] - else if (expected_output == "fail"): Unable to verify object 'Object Repository/Alda/Admin - Manage FAQ/Page_Manage Faq/btn_save_edit' is present (Root cause: com.kms.katalon.core.exception.StepFailedException: Unable to verify object 'Object Repository/Alda/Admin - Manage FAQ/Page_Manage Faq/btn_save_edit' is present
	at com.kms.katalon.core.webui.keyword.internal.WebUIKeywordMain.stepFailed(WebUIKeywordMain.groovy:64)
	at com.kms.katalon.core.webui.keyword.internal.WebUIKeywordMain.runKeyword(WebUIKeywordMain.groovy:26)
	at com.kms.katalon.core.webui.keyword.builtin.VerifyElementPresentKeyword.verifyElementPresent(VerifyElementPresentKeyword.groovy:92)
	at com.kms.katalon.core.webui.keyword.builtin.VerifyElementPresentKeyword.execute(VerifyElementPresentKeyword.groovy:68)
	at com.kms.katalon.core.keyword.internal.KeywordExecutor.executeKeywordForPlatform(KeywordExecutor.groovy:60)
	at com.kms.katalon.core.webui.keyword.WebUiBuiltInKeywords.verifyElementPresent(WebUiBuiltInKeywords.groovy:1434)
	at com.kms.katalon.core.webui.keyword.WebUiBuiltInKeywords$verifyElementPresent$9.call(Unknown Source)
	at Edit.run(Edit:131)
	at com.kms.katalon.core.main.ScriptEngine.run(ScriptEngine.java:194)
	at com.kms.katalon.core.main.ScriptEngine.runScriptAsRawText(ScriptEngine.java:119)
	at com.kms.katalon.core.main.TestCaseExecutor.runScript(TestCaseExecutor.java:337)
	at com.kms.katalon.core.main.TestCaseExecutor.doExecute(TestCaseExecutor.java:328)
	at com.kms.katalon.core.main.TestCaseExecutor.processExecutionPhase(TestCaseExecutor.java:307)
	at com.kms.katalon.core.main.TestCaseExecutor.accessMainPhase(TestCaseExecutor.java:299)
	at com.kms.katalon.core.main.TestCaseExecutor.execute(TestCaseExecutor.java:233)
	at com.kms.katalon.core.main.TestSuiteExecutor.accessTestCaseMainPhase(TestSuiteExecutor.java:169)
	at com.kms.katalon.core.main.TestSuiteExecutor.accessTestSuiteMainPhase(TestSuiteExecutor.java:142)
	at com.kms.katalon.core.main.TestSuiteExecutor.execute(TestSuiteExecutor.java:91)
	at com.kms.katalon.core.main.TestCaseMain.startTestSuite(TestCaseMain.java:157)
	at com.kms.katalon.core.main.TestCaseMain$startTestSuite$0.call(Unknown Source)
	at TempTestSuite1592401186095.run(TempTestSuite1592401186095.groovy:36)
Caused by: com.kms.katalon.core.exception.StepFailedException: com.kms.katalon.core.webui.exception.WebElementNotFoundException: Web element with id: 'Object Repository/Alda/Admin - Manage FAQ/Page_Manage Faq/btn_save_edit' located by 'By.xpath: //body[@id='ng-app']/modal-container/app-page-managefaq/div/div/div/div[2]/div/div[7]/div/button/span' not found
	at com.kms.katalon.core.webui.keyword.internal.WebUIKeywordMain.stepFailed(WebUIKeywordMain.groovy:64)
	at com.kms.katalon.core.webui.keyword.builtin.VerifyElementPresentKeyword$_verifyElementPresent_closure1.doCall(VerifyElementPresentKeyword.groovy:85)
	at com.kms.katalon.core.webui.keyword.builtin.VerifyElementPresentKeyword$_verifyElementPresent_closure1.call(VerifyElementPresentKeyword.groovy)
	at com.kms.katalon.core.webui.keyword.internal.WebUIKeywordMain.runKeyword(WebUIKeywordMain.groovy:20)
	... 19 more
)

2020-06-17 21:00:27 - [TEST_STEP][PASSED] - click(findTestObject("Object Repository/Alda/Admin - Manage FAQ/Page_Manage Faq/btn_save_edit")): Object: 'Object Repository/Alda/Admin - Manage FAQ/Page_Manage Faq/btn_save_edit' is clicked on

2020-06-17 21:00:27 - [MESSAGE][PASSED] - Object: 'Object Repository/Alda/Admin - Manage FAQ/Page_Manage Faq/btn_save_edit' is clicked on

2020-06-17 21:00:27 - [TEST_STEP][PASSED] - delay(3): Delayed 3 second(s)

2020-06-17 21:00:30 - [MESSAGE][PASSED] - Delayed 3 second(s)

2020-06-17 21:00:30 - [TEST_STEP][FAILED] - verifyElementPresent(findTestObject("Alda/Admin - Manage FAQ/Page_Manage Faq/btn_save_edit"), 0): Unable to verify object 'Object Repository/Alda/Admin - Manage FAQ/Page_Manage Faq/btn_save_edit' is present (Root cause: com.kms.katalon.core.exception.StepFailedException: Unable to verify object 'Object Repository/Alda/Admin - Manage FAQ/Page_Manage Faq/btn_save_edit' is present
	at com.kms.katalon.core.webui.keyword.internal.WebUIKeywordMain.stepFailed(WebUIKeywordMain.groovy:64)
	at com.kms.katalon.core.webui.keyword.internal.WebUIKeywordMain.runKeyword(WebUIKeywordMain.groovy:26)
	at com.kms.katalon.core.webui.keyword.builtin.VerifyElementPresentKeyword.verifyElementPresent(VerifyElementPresentKeyword.groovy:92)
	at com.kms.katalon.core.webui.keyword.builtin.VerifyElementPresentKeyword.execute(VerifyElementPresentKeyword.groovy:68)
	at com.kms.katalon.core.keyword.internal.KeywordExecutor.executeKeywordForPlatform(KeywordExecutor.groovy:60)
	at com.kms.katalon.core.webui.keyword.WebUiBuiltInKeywords.verifyElementPresent(WebUiBuiltInKeywords.groovy:1434)
	at com.kms.katalon.core.webui.keyword.WebUiBuiltInKeywords$verifyElementPresent$9.call(Unknown Source)
	at Edit.run(Edit:131)
	at com.kms.katalon.core.main.ScriptEngine.run(ScriptEngine.java:194)
	at com.kms.katalon.core.main.ScriptEngine.runScriptAsRawText(ScriptEngine.java:119)
	at com.kms.katalon.core.main.TestCaseExecutor.runScript(TestCaseExecutor.java:337)
	at com.kms.katalon.core.main.TestCaseExecutor.doExecute(TestCaseExecutor.java:328)
	at com.kms.katalon.core.main.TestCaseExecutor.processExecutionPhase(TestCaseExecutor.java:307)
	at com.kms.katalon.core.main.TestCaseExecutor.accessMainPhase(TestCaseExecutor.java:299)
	at com.kms.katalon.core.main.TestCaseExecutor.execute(TestCaseExecutor.java:233)
	at com.kms.katalon.core.main.TestSuiteExecutor.accessTestCaseMainPhase(TestSuiteExecutor.java:169)
	at com.kms.katalon.core.main.TestSuiteExecutor.accessTestSuiteMainPhase(TestSuiteExecutor.java:142)
	at com.kms.katalon.core.main.TestSuiteExecutor.execute(TestSuiteExecutor.java:91)
	at com.kms.katalon.core.main.TestCaseMain.startTestSuite(TestCaseMain.java:157)
	at com.kms.katalon.core.main.TestCaseMain$startTestSuite$0.call(Unknown Source)
	at TempTestSuite1592401186095.run(TempTestSuite1592401186095.groovy:36)
Caused by: com.kms.katalon.core.exception.StepFailedException: com.kms.katalon.core.webui.exception.WebElementNotFoundException: Web element with id: 'Object Repository/Alda/Admin - Manage FAQ/Page_Manage Faq/btn_save_edit' located by 'By.xpath: //body[@id='ng-app']/modal-container/app-page-managefaq/div/div/div/div[2]/div/div[7]/div/button/span' not found
	at com.kms.katalon.core.webui.keyword.internal.WebUIKeywordMain.stepFailed(WebUIKeywordMain.groovy:64)
	at com.kms.katalon.core.webui.keyword.builtin.VerifyElementPresentKeyword$_verifyElementPresent_closure1.doCall(VerifyElementPresentKeyword.groovy:85)
	at com.kms.katalon.core.webui.keyword.builtin.VerifyElementPresentKeyword$_verifyElementPresent_closure1.call(VerifyElementPresentKeyword.groovy)
	at com.kms.katalon.core.webui.keyword.internal.WebUIKeywordMain.runKeyword(WebUIKeywordMain.groovy:20)
	... 19 more
)

2020-06-17 21:00:31 - [MESSAGE][WARNING] - Timeout '0' is invalid. Using default page load timeout: '30'

2020-06-17 21:01:15 - [MESSAGE][INFO] - Unable to find the element located by 'By.xpath: //body[@id='ng-app']/modal-container/app-page-managefaq/div/div/div/div[2]/div/div[7]/div/button/span'. Please recheck the objects properties to make sure the desired element is located. 

2020-06-17 21:01:15 - [MESSAGE][FAILED] - com.kms.katalon.core.webui.exception.WebElementNotFoundException: Web element with id: 'Object Repository/Alda/Admin - Manage FAQ/Page_Manage Faq/btn_save_edit' located by 'By.xpath: //body[@id='ng-app']/modal-container/app-page-managefaq/div/div/div/div[2]/div/div[7]/div/button/span' not found (Root cause: com.kms.katalon.core.exception.StepFailedException: com.kms.katalon.core.webui.exception.WebElementNotFoundException: Web element with id: 'Object Repository/Alda/Admin - Manage FAQ/Page_Manage Faq/btn_save_edit' located by 'By.xpath: //body[@id='ng-app']/modal-container/app-page-managefaq/div/div/div/div[2]/div/div[7]/div/button/span' not found
	at com.kms.katalon.core.webui.keyword.internal.WebUIKeywordMain.stepFailed(WebUIKeywordMain.groovy:64)
	at com.kms.katalon.core.webui.keyword.builtin.VerifyElementPresentKeyword$_verifyElementPresent_closure1.doCall(VerifyElementPresentKeyword.groovy:85)
	at com.kms.katalon.core.webui.keyword.builtin.VerifyElementPresentKeyword$_verifyElementPresent_closure1.call(VerifyElementPresentKeyword.groovy)
	at com.kms.katalon.core.webui.keyword.internal.WebUIKeywordMain.runKeyword(WebUIKeywordMain.groovy:20)
	at com.kms.katalon.core.webui.keyword.builtin.VerifyElementPresentKeyword.verifyElementPresent(VerifyElementPresentKeyword.groovy:92)
	at com.kms.katalon.core.webui.keyword.builtin.VerifyElementPresentKeyword.execute(VerifyElementPresentKeyword.groovy:68)
	at com.kms.katalon.core.keyword.internal.KeywordExecutor.executeKeywordForPlatform(KeywordExecutor.groovy:60)
	at com.kms.katalon.core.webui.keyword.WebUiBuiltInKeywords.verifyElementPresent(WebUiBuiltInKeywords.groovy:1434)
	at com.kms.katalon.core.webui.keyword.WebUiBuiltInKeywords$verifyElementPresent$9.call(Unknown Source)
	at Edit.run(Edit:131)
	at com.kms.katalon.core.main.ScriptEngine.run(ScriptEngine.java:194)
	at com.kms.katalon.core.main.ScriptEngine.runScriptAsRawText(ScriptEngine.java:119)
	at com.kms.katalon.core.main.TestCaseExecutor.runScript(TestCaseExecutor.java:337)
	at com.kms.katalon.core.main.TestCaseExecutor.doExecute(TestCaseExecutor.java:328)
	at com.kms.katalon.core.main.TestCaseExecutor.processExecutionPhase(TestCaseExecutor.java:307)
	at com.kms.katalon.core.main.TestCaseExecutor.accessMainPhase(TestCaseExecutor.java:299)
	at com.kms.katalon.core.main.TestCaseExecutor.execute(TestCaseExecutor.java:233)
	at com.kms.katalon.core.main.TestSuiteExecutor.accessTestCaseMainPhase(TestSuiteExecutor.java:169)
	at com.kms.katalon.core.main.TestSuiteExecutor.accessTestSuiteMainPhase(TestSuiteExecutor.java:142)
	at com.kms.katalon.core.main.TestSuiteExecutor.execute(TestSuiteExecutor.java:91)
	at com.kms.katalon.core.main.TestCaseMain.startTestSuite(TestCaseMain.java:157)
	at com.kms.katalon.core.main.TestCaseMain$startTestSuite$0.call(Unknown Source)
	at TempTestSuite1592401186095.run(TempTestSuite1592401186095.groovy:36)
)
[[ATTACHMENT|C:\\Users\\ASUS\\git\\LearningManagementWebs\\Reports\\20200617_203946\\Alda\\Admin_Manage FAQ - Edit\\20200617_203946\\1592402475418.png]]

2020-06-17 21:01:16 - [MESSAGE][FAILED] - Unable to verify object 'Object Repository/Alda/Admin - Manage FAQ/Page_Manage Faq/btn_save_edit' is present (Root cause: com.kms.katalon.core.exception.StepFailedException: Unable to verify object 'Object Repository/Alda/Admin - Manage FAQ/Page_Manage Faq/btn_save_edit' is present
	at com.kms.katalon.core.webui.keyword.internal.WebUIKeywordMain.stepFailed(WebUIKeywordMain.groovy:64)
	at com.kms.katalon.core.webui.keyword.internal.WebUIKeywordMain.runKeyword(WebUIKeywordMain.groovy:26)
	at com.kms.katalon.core.webui.keyword.builtin.VerifyElementPresentKeyword.verifyElementPresent(VerifyElementPresentKeyword.groovy:92)
	at com.kms.katalon.core.webui.keyword.builtin.VerifyElementPresentKeyword.execute(VerifyElementPresentKeyword.groovy:68)
	at com.kms.katalon.core.keyword.internal.KeywordExecutor.executeKeywordForPlatform(KeywordExecutor.groovy:60)
	at com.kms.katalon.core.webui.keyword.WebUiBuiltInKeywords.verifyElementPresent(WebUiBuiltInKeywords.groovy:1434)
	at com.kms.katalon.core.webui.keyword.WebUiBuiltInKeywords$verifyElementPresent$9.call(Unknown Source)
	at Edit.run(Edit:131)
	at com.kms.katalon.core.main.ScriptEngine.run(ScriptEngine.java:194)
	at com.kms.katalon.core.main.ScriptEngine.runScriptAsRawText(ScriptEngine.java:119)
	at com.kms.katalon.core.main.TestCaseExecutor.runScript(TestCaseExecutor.java:337)
	at com.kms.katalon.core.main.TestCaseExecutor.doExecute(TestCaseExecutor.java:328)
	at com.kms.katalon.core.main.TestCaseExecutor.processExecutionPhase(TestCaseExecutor.java:307)
	at com.kms.katalon.core.main.TestCaseExecutor.accessMainPhase(TestCaseExecutor.java:299)
	at com.kms.katalon.core.main.TestCaseExecutor.execute(TestCaseExecutor.java:233)
	at com.kms.katalon.core.main.TestSuiteExecutor.accessTestCaseMainPhase(TestSuiteExecutor.java:169)
	at com.kms.katalon.core.main.TestSuiteExecutor.accessTestSuiteMainPhase(TestSuiteExecutor.java:142)
	at com.kms.katalon.core.main.TestSuiteExecutor.execute(TestSuiteExecutor.java:91)
	at com.kms.katalon.core.main.TestCaseMain.startTestSuite(TestCaseMain.java:157)
	at com.kms.katalon.core.main.TestCaseMain$startTestSuite$0.call(Unknown Source)
	at TempTestSuite1592401186095.run(TempTestSuite1592401186095.groovy:36)
Caused by: com.kms.katalon.core.exception.StepFailedException: com.kms.katalon.core.webui.exception.WebElementNotFoundException: Web element with id: 'Object Repository/Alda/Admin - Manage FAQ/Page_Manage Faq/btn_save_edit' located by 'By.xpath: //body[@id='ng-app']/modal-container/app-page-managefaq/div/div/div/div[2]/div/div[7]/div/button/span' not found
	at com.kms.katalon.core.webui.keyword.internal.WebUIKeywordMain.stepFailed(WebUIKeywordMain.groovy:64)
	at com.kms.katalon.core.webui.keyword.builtin.VerifyElementPresentKeyword$_verifyElementPresent_closure1.doCall(VerifyElementPresentKeyword.groovy:85)
	at com.kms.katalon.core.webui.keyword.builtin.VerifyElementPresentKeyword$_verifyElementPresent_closure1.call(VerifyElementPresentKeyword.groovy)
	at com.kms.katalon.core.webui.keyword.internal.WebUIKeywordMain.runKeyword(WebUIKeywordMain.groovy:20)
	... 19 more
)
[[ATTACHMENT|C:\\Users\\ASUS\\git\\LearningManagementWebs\\Reports\\20200617_203946\\Alda\\Admin_Manage FAQ - Edit\\20200617_203946\\1592402475756.png]]]]></system-out>
         <system-err><![CDATA[2020-06-17 20:58:53 - [TEST_CASE][FAILED] - Test Cases/Alda/Admin - Manage FAQ/Edit: Test Cases/Alda/Admin - Manage FAQ/Edit FAILED.
Reason:
com.kms.katalon.core.exception.StepFailedException: Unable to verify object 'Object Repository/Alda/Admin - Manage FAQ/Page_Manage Faq/btn_save_edit' is present
	at com.kms.katalon.core.webui.keyword.internal.WebUIKeywordMain.stepFailed(WebUIKeywordMain.groovy:64)
	at com.kms.katalon.core.webui.keyword.internal.WebUIKeywordMain.runKeyword(WebUIKeywordMain.groovy:26)
	at com.kms.katalon.core.webui.keyword.builtin.VerifyElementPresentKeyword.verifyElementPresent(VerifyElementPresentKeyword.groovy:92)
	at com.kms.katalon.core.webui.keyword.builtin.VerifyElementPresentKeyword.execute(VerifyElementPresentKeyword.groovy:68)
	at com.kms.katalon.core.keyword.internal.KeywordExecutor.executeKeywordForPlatform(KeywordExecutor.groovy:60)
	at com.kms.katalon.core.webui.keyword.WebUiBuiltInKeywords.verifyElementPresent(WebUiBuiltInKeywords.groovy:1434)
	at com.kms.katalon.core.webui.keyword.WebUiBuiltInKeywords$verifyElementPresent$9.call(Unknown Source)
	at Edit.run(Edit:131)
	at com.kms.katalon.core.main.ScriptEngine.run(ScriptEngine.java:194)
	at com.kms.katalon.core.main.ScriptEngine.runScriptAsRawText(ScriptEngine.java:119)
	at com.kms.katalon.core.main.TestCaseExecutor.runScript(TestCaseExecutor.java:337)
	at com.kms.katalon.core.main.TestCaseExecutor.doExecute(TestCaseExecutor.java:328)
	at com.kms.katalon.core.main.TestCaseExecutor.processExecutionPhase(TestCaseExecutor.java:307)
	at com.kms.katalon.core.main.TestCaseExecutor.accessMainPhase(TestCaseExecutor.java:299)
	at com.kms.katalon.core.main.TestCaseExecutor.execute(TestCaseExecutor.java:233)
	at com.kms.katalon.core.main.TestSuiteExecutor.accessTestCaseMainPhase(TestSuiteExecutor.java:169)
	at com.kms.katalon.core.main.TestSuiteExecutor.accessTestSuiteMainPhase(TestSuiteExecutor.java:142)
	at com.kms.katalon.core.main.TestSuiteExecutor.execute(TestSuiteExecutor.java:91)
	at com.kms.katalon.core.main.TestCaseMain.startTestSuite(TestCaseMain.java:157)
	at com.kms.katalon.core.main.TestCaseMain$startTestSuite$0.call(Unknown Source)
	at TempTestSuite1592401186095.run(TempTestSuite1592401186095.groovy:36)
Caused by: com.kms.katalon.core.exception.StepFailedException: com.kms.katalon.core.webui.exception.WebElementNotFoundException: Web element with id: 'Object Repository/Alda/Admin - Manage FAQ/Page_Manage Faq/btn_save_edit' located by 'By.xpath: //body[@id='ng-app']/modal-container/app-page-managefaq/div/div/div/div[2]/div/div[7]/div/button/span' not found
	at com.kms.katalon.core.webui.keyword.internal.WebUIKeywordMain.stepFailed(WebUIKeywordMain.groovy:64)
	at com.kms.katalon.core.webui.keyword.builtin.VerifyElementPresentKeyword$_verifyElementPresent_closure1.doCall(VerifyElementPresentKeyword.groovy:85)
	at com.kms.katalon.core.webui.keyword.builtin.VerifyElementPresentKeyword$_verifyElementPresent_closure1.call(VerifyElementPresentKeyword.groovy)
	at com.kms.katalon.core.webui.keyword.internal.WebUIKeywordMain.runKeyword(WebUIKeywordMain.groovy:20)
	... 19 more]]></system-err>
      </testcase>
      <testcase name="Test Cases/Alda/Admin - Manage FAQ/Edit" time="124.645" classname="Test Cases/Alda/Admin - Manage FAQ/Edit" status="PASSED">
         <system-out><![CDATA[2020-06-17 21:01:16 - [TEST_CASE][PASSED] - Test Cases/Alda/Admin - Manage FAQ/Edit: Test Cases/Alda/Admin - Manage FAQ/Edit

2020-06-17 21:01:16 - [TEST_STEP][PASSED] - callTestCase(findTestCase("Christi/Admin/admin login"), ["username":"11666", "password":"Password3"], STOP_ON_FAILURE): Call Test Case 'Test Cases/Christi/Admin/admin login' successfully

2020-06-17 21:01:16 - [TEST_CASE][PASSED] - Test Cases/Christi/Admin/admin login: Test Cases/Christi/Admin/admin login

2020-06-17 21:01:16 - [TEST_STEP][PASSED] - openBrowser(""): Browser is opened with url: ''

2020-06-17 21:01:16 - [MESSAGE][WARNING] - A browser is already opened. Closing browser and opening a new one

2020-06-17 21:01:17 - [MESSAGE][INFO] - Starting 'Chrome' driver

2020-06-17 21:01:20 - [MESSAGE][PASSED] - Browser is opened with url: ''

2020-06-17 21:01:20 - [TEST_STEP][PASSED] - navigateToUrl("https://appsrv1.deltadatamandiri.com/ACC_LMS_WEB/#/admNLmn"): Navigate to 'https://appsrv1.deltadatamandiri.com/ACC_LMS_WEB/#/admNLmn' successfully

2020-06-17 21:02:17 - [MESSAGE][PASSED] - Navigate to 'https://appsrv1.deltadatamandiri.com/ACC_LMS_WEB/#/admNLmn' successfully

2020-06-17 21:02:17 - [TEST_STEP][PASSED] - click(findTestObject("Christi/Page_Main/button_login")): Object: 'Object Repository/Christi/Page_Main/button_login' is clicked on

2020-06-17 21:02:33 - [MESSAGE][ERROR] - javascript error: Failed to execute 'elementsFromPoint' on 'Document': The provided double value is non-finite.
  (Session info: chrome=83.0.4103.106)
Build info: version: '3.141.59', revision: 'e82be7d358', time: '2018-11-14T08:25:53'
System info: host: 'LAPTOP-D0TPACJ1', ip: '192.168.100.227', os.name: 'Windows 10', os.arch: 'amd64', os.version: '10.0', java.version: '1.8.0_181'
Driver info: com.kms.katalon.selenium.driver.CChromeDriver
Capabilities {acceptInsecureCerts: false, browserName: chrome, browserVersion: 83.0.4103.106, chrome: {chromedriverVersion: 83.0.4103.39 (ccbf011cb2d2b..., userDataDir: C:\Users\ASUS\AppData\Local...}, goog:chromeOptions: {debuggerAddress: localhost:49924}, javascriptEnabled: true, networkConnectionEnabled: false, pageLoadStrategy: normal, platform: WINDOWS, platformName: WINDOWS, proxy: Proxy(), setWindowRect: true, strictFileInteractability: false, timeouts: {implicit: 0, pageLoad: 300000, script: 30000}, unhandledPromptBehavior: dismiss and notify, webauthn:virtualAuthenticators: true}
Session ID: ab5018146b511381cdc2b57a104d0f0b

2020-06-17 21:02:33 - [MESSAGE][PASSED] - Object: 'Object Repository/Christi/Page_Main/button_login' is clicked on

2020-06-17 21:02:33 - [TEST_STEP][PASSED] - delay(3): Delayed 3 second(s)

2020-06-17 21:02:36 - [MESSAGE][PASSED] - Delayed 3 second(s)

2020-06-17 21:02:36 - [TEST_STEP][PASSED] - setText(findTestObject("Object Repository/Christi/Page_Main/input_NPK_username"), username): Text '11666' is set on object 'Object Repository/Christi/Page_Main/input_NPK_username'

2020-06-17 21:02:37 - [MESSAGE][PASSED] - Text '11666' is set on object 'Object Repository/Christi/Page_Main/input_NPK_username'

2020-06-17 21:02:37 - [TEST_STEP][PASSED] - setText(findTestObject("Object Repository/Christi/Page_Main/input_Password_password"), password): Text 'Password3' is set on object 'Object Repository/Christi/Page_Main/input_Password_password'

2020-06-17 21:02:38 - [MESSAGE][PASSED] - Text 'Password3' is set on object 'Object Repository/Christi/Page_Main/input_Password_password'

2020-06-17 21:02:38 - [TEST_STEP][PASSED] - delay(5): Delayed 5 second(s)

2020-06-17 21:02:43 - [MESSAGE][PASSED] - Delayed 5 second(s)

2020-06-17 21:02:43 - [TEST_STEP][PASSED] - click(findTestObject("Rizka/Admin/Admin - Login/btnLogin2")): Object: 'Object Repository/Rizka/Admin/Admin - Login/btnLogin2' is clicked on

2020-06-17 21:02:43 - [MESSAGE][PASSED] - Object: 'Object Repository/Rizka/Admin/Admin - Login/btnLogin2' is clicked on

2020-06-17 21:02:43 - [TEST_STEP][PASSED] - delay(5): Delayed 5 second(s)

2020-06-17 21:02:48 - [MESSAGE][PASSED] - Delayed 5 second(s)

2020-06-17 21:02:48 - [MESSAGE][PASSED] - Call Test Case 'Test Cases/Christi/Admin/admin login' successfully

2020-06-17 21:02:48 - [TEST_STEP][PASSED] - delay(5): Delayed 5 second(s)

2020-06-17 21:02:53 - [MESSAGE][PASSED] - Delayed 5 second(s)

2020-06-17 21:02:53 - [TEST_STEP][PASSED] - click(findTestObject("Christi/Page_Dashboard Admin/span_Manage FAQ")): Object: 'Object Repository/Christi/Page_Dashboard Admin/span_Manage FAQ' is clicked on

2020-06-17 21:02:55 - [MESSAGE][PASSED] - Object: 'Object Repository/Christi/Page_Dashboard Admin/span_Manage FAQ' is clicked on

2020-06-17 21:02:55 - [TEST_STEP][PASSED] - click(findTestObject("Alda/Admin - Manage FAQ/Page_Manage Faq/input_search")): Object: 'Object Repository/Alda/Admin - Manage FAQ/Page_Manage Faq/input_search' is clicked on

2020-06-17 21:02:58 - [MESSAGE][PASSED] - Object: 'Object Repository/Alda/Admin - Manage FAQ/Page_Manage Faq/input_search' is clicked on

2020-06-17 21:02:58 - [TEST_STEP][PASSED] - setText(findTestObject("Alda/Admin - Manage FAQ/Page_Manage Faq/input_search"), var_search): Text 'question 1 adalah?' is set on object 'Object Repository/Alda/Admin - Manage FAQ/Page_Manage Faq/input_search'

2020-06-17 21:03:00 - [MESSAGE][PASSED] - Text 'question 1 adalah?' is set on object 'Object Repository/Alda/Admin - Manage FAQ/Page_Manage Faq/input_search'

2020-06-17 21:03:00 - [TEST_STEP][PASSED] - click(findTestObject("Christi/Page_Manage Faq/button_Clear button_app-search-button wi wi-search"), STOP_ON_FAILURE): Object: 'Object Repository/Christi/Page_Manage Faq/button_Clear button_app-search-button wi wi-search' is clicked on

2020-06-17 21:03:00 - [MESSAGE][PASSED] - Object: 'Object Repository/Christi/Page_Manage Faq/button_Clear button_app-search-button wi wi-search' is clicked on

2020-06-17 21:03:00 - [TEST_STEP][PASSED] - if (expected_search == "found"): Object: 'Object Repository/Christi/Page_Manage Faq/button_Clear button_app-search-button wi wi-search' is clicked on

2020-06-17 21:03:00 - [TEST_STEP][PASSED] - verifyElementVisible(findTestObject("Alda/Admin - Manage FAQ/Page_Manage Faq/label_search_visible", ["text":var_search])): Object 'Object Repository/Alda/Admin - Manage FAQ/Page_Manage Faq/label_search_visible' is visible

2020-06-17 21:03:03 - [MESSAGE][PASSED] - Object 'Object Repository/Alda/Admin - Manage FAQ/Page_Manage Faq/label_search_visible' is visible

2020-06-17 21:03:03 - [TEST_STEP][PASSED] - delay(5): Delayed 5 second(s)

2020-06-17 21:03:08 - [MESSAGE][PASSED] - Delayed 5 second(s)

2020-06-17 21:03:08 - [TEST_STEP][PASSED] - click(findTestObject("Alda/Admin - Manage FAQ/Page_Manage Faq/btn_edit")): Object: 'Object Repository/Alda/Admin - Manage FAQ/Page_Manage Faq/btn_edit' is clicked on

2020-06-17 21:03:09 - [MESSAGE][PASSED] - Object: 'Object Repository/Alda/Admin - Manage FAQ/Page_Manage Faq/btn_edit' is clicked on

2020-06-17 21:03:09 - [TEST_STEP][PASSED] - verifyElementVisible(findTestObject("Object Repository/Alda/Admin - Manage FAQ/Page_Manage Faq/header_edit_page")): Object 'Object Repository/Alda/Admin - Manage FAQ/Page_Manage Faq/header_edit_page' is visible

2020-06-17 21:03:12 - [MESSAGE][PASSED] - Object 'Object Repository/Alda/Admin - Manage FAQ/Page_Manage Faq/header_edit_page' is visible

2020-06-17 21:03:12 - [TEST_STEP][PASSED] - switch (opsi_edit.toString()): null

2020-06-17 21:03:12 - [TEST_STEP][PASSED] - if (expected_output == "pass"): Object: 'Object Repository/Christi/Page_Manage Faq/button_Clear button_app-search-button wi wi-search' is clicked on

2020-06-17 21:03:12 - [TEST_STEP][PASSED] - click(findTestObject("Object Repository/Alda/Admin - Manage FAQ/Page_Manage Faq/btn_save_edit")): Object: 'Object Repository/Alda/Admin - Manage FAQ/Page_Manage Faq/btn_save_edit' is clicked on

2020-06-17 21:03:13 - [MESSAGE][PASSED] - Object: 'Object Repository/Alda/Admin - Manage FAQ/Page_Manage Faq/btn_save_edit' is clicked on

2020-06-17 21:03:13 - [TEST_STEP][PASSED] - delay(3): Delayed 3 second(s)

2020-06-17 21:03:16 - [MESSAGE][PASSED] - Delayed 3 second(s)

2020-06-17 21:03:16 - [TEST_STEP][PASSED] - click(findTestObject("Alda/Admin - Manage FAQ/Page_Manage Faq/input_search")): Object: 'Object Repository/Alda/Admin - Manage FAQ/Page_Manage Faq/input_search' is clicked on

2020-06-17 21:03:18 - [MESSAGE][PASSED] - Object: 'Object Repository/Alda/Admin - Manage FAQ/Page_Manage Faq/input_search' is clicked on

2020-06-17 21:03:18 - [TEST_STEP][PASSED] - setText(findTestObject("Alda/Admin - Manage FAQ/Page_Manage Faq/input_search"), var_search_after_edit): Text 'tags xxx' is set on object 'Object Repository/Alda/Admin - Manage FAQ/Page_Manage Faq/input_search'

2020-06-17 21:03:19 - [MESSAGE][PASSED] - Text 'tags xxx' is set on object 'Object Repository/Alda/Admin - Manage FAQ/Page_Manage Faq/input_search'

2020-06-17 21:03:19 - [TEST_STEP][PASSED] - click(findTestObject("Christi/Page_Manage Faq/button_Clear button_app-search-button wi wi-search"), STOP_ON_FAILURE): Object: 'Object Repository/Christi/Page_Manage Faq/button_Clear button_app-search-button wi wi-search' is clicked on

2020-06-17 21:03:19 - [MESSAGE][PASSED] - Object: 'Object Repository/Christi/Page_Manage Faq/button_Clear button_app-search-button wi wi-search' is clicked on

2020-06-17 21:03:19 - [TEST_STEP][PASSED] - closeBrowser(): Browser is closed

2020-06-17 21:03:20 - [MESSAGE][PASSED] - Browser is closed]]></system-out>
         <system-err><![CDATA[]]></system-err>
      </testcase>
      <testcase name="Test Cases/Alda/Admin - Manage FAQ/Edit" time="109.165" classname="Test Cases/Alda/Admin - Manage FAQ/Edit" status="FAILED">
         <failure type="FAILED" message="Test Cases/Alda/Admin - Manage FAQ/Edit FAILED.
Reason:
com.kms.katalon.core.exception.StepFailedException: Call Test Case 'Test Cases/Christi/Admin/admin login' failed
	at com.kms.katalon.core.keyword.builtin.CallTestCaseKeyword$_callTestCase_closure1.doCall(CallTestCaseKeyword.groovy:63)
	at com.kms.katalon.core.keyword.builtin.CallTestCaseKeyword$_callTestCase_closure1.call(CallTestCaseKeyword.groovy)
	at com.kms.katalon.core.keyword.internal.KeywordMain.runKeyword(KeywordMain.groovy:68)
	at com.kms.katalon.core.keyword.builtin.CallTestCaseKeyword.callTestCase(CallTestCaseKeyword.groovy:81)
	at com.kms.katalon.core.keyword.builtin.CallTestCaseKeyword.execute(CallTestCaseKeyword.groovy:44)
	at com.kms.katalon.core.keyword.internal.KeywordExecutor.executeKeywordForPlatform(KeywordExecutor.groovy:60)
	at com.kms.katalon.core.keyword.BuiltinKeywords.callTestCase(BuiltinKeywords.groovy:334)
	at Edit.run(Edit:19)
	at com.kms.katalon.core.main.ScriptEngine.run(ScriptEngine.java:194)
	at com.kms.katalon.core.main.ScriptEngine.runScriptAsRawText(ScriptEngine.java:119)
	at com.kms.katalon.core.main.TestCaseExecutor.runScript(TestCaseExecutor.java:337)
	at com.kms.katalon.core.main.TestCaseExecutor.doExecute(TestCaseExecutor.java:328)
	at com.kms.katalon.core.main.TestCaseExecutor.processExecutionPhase(TestCaseExecutor.java:307)
	at com.kms.katalon.core.main.TestCaseExecutor.accessMainPhase(TestCaseExecutor.java:299)
	at com.kms.katalon.core.main.TestCaseExecutor.execute(TestCaseExecutor.java:233)
	at com.kms.katalon.core.main.TestSuiteExecutor.accessTestCaseMainPhase(TestSuiteExecutor.java:169)
	at com.kms.katalon.core.main.TestSuiteExecutor.accessTestSuiteMainPhase(TestSuiteExecutor.java:142)
	at com.kms.katalon.core.main.TestSuiteExecutor.execute(TestSuiteExecutor.java:91)
	at com.kms.katalon.core.main.TestCaseMain.startTestSuite(TestCaseMain.java:157)
	at com.kms.katalon.core.main.TestCaseMain$startTestSuite$0.call(Unknown Source)
	at TempTestSuite1592401186095.run(TempTestSuite1592401186095.groovy:36)
Caused by: com.kms.katalon.core.exception.StepFailedException: Unable to set text '11666' of object 'Object Repository/Christi/Page_Main/input_NPK_username'
	at com.kms.katalon.core.webui.keyword.internal.WebUIKeywordMain.stepFailed(WebUIKeywordMain.groovy:64)
	at com.kms.katalon.core.webui.keyword.internal.WebUIKeywordMain.runKeyword(WebUIKeywordMain.groovy:26)
	at com.kms.katalon.core.webui.keyword.builtin.SetTextKeyword.setText(SetTextKeyword.groovy:66)
	at com.kms.katalon.core.webui.keyword.builtin.SetTextKeyword.execute(SetTextKeyword.groovy:37)
	at com.kms.katalon.core.keyword.internal.KeywordExecutor.executeKeywordForPlatform(KeywordExecutor.groovy:60)
	at com.kms.katalon.core.webui.keyword.WebUiBuiltInKeywords.setText(WebUiBuiltInKeywords.groovy:950)
	at com.kms.katalon.core.webui.keyword.WebUiBuiltInKeywords$setText$2.call(Unknown Source)
	at admin login.run(admin login:26)
	at com.kms.katalon.core.main.ScriptEngine.run(ScriptEngine.java:194)
	at com.kms.katalon.core.main.ScriptEngine.runScriptAsRawText(ScriptEngine.java:119)
	at com.kms.katalon.core.main.TestCaseExecutor.runScript(TestCaseExecutor.java:337)
	at com.kms.katalon.core.main.TestCaseExecutor.doExecute(TestCaseExecutor.java:328)
	at com.kms.katalon.core.main.TestCaseExecutor.processExecutionPhase(TestCaseExecutor.java:307)
	at com.kms.katalon.core.main.TestCaseExecutor.accessMainPhase(TestCaseExecutor.java:299)
	at com.kms.katalon.core.main.TestCaseExecutor.execute(TestCaseExecutor.java:233)
	at com.kms.katalon.core.main.TestCaseMain.runTestCase(TestCaseMain.java:114)
	at com.kms.katalon.core.keyword.builtin.CallTestCaseKeyword$_callTestCase_closure1.doCall(CallTestCaseKeyword.groovy:59)
	... 20 more
Caused by: org.openqa.selenium.ElementNotInteractableException: element not interactable
  (Session info: chrome=83.0.4103.106)
Build info: version: '3.141.59', revision: 'e82be7d358', time: '2018-11-14T08:25:53'
System info: host: 'LAPTOP-D0TPACJ1', ip: '192.168.100.227', os.name: 'Windows 10', os.arch: 'amd64', os.version: '10.0', java.version: '1.8.0_181'
Driver info: com.kms.katalon.selenium.driver.CChromeDriver
Capabilities {acceptInsecureCerts: false, browserName: chrome, browserVersion: 83.0.4103.106, chrome: {chromedriverVersion: 83.0.4103.39 (ccbf011cb2d2b..., userDataDir: C:\Users\ASUS\AppData\Local...}, goog:chromeOptions: {debuggerAddress: localhost:50016}, javascriptEnabled: true, networkConnectionEnabled: false, pageLoadStrategy: normal, platform: WINDOWS, platformName: WINDOWS, proxy: Proxy(), setWindowRect: true, strictFileInteractability: false, timeouts: {implicit: 0, pageLoad: 300000, script: 30000}, unhandledPromptBehavior: dismiss and notify, webauthn:virtualAuthenticators: true}
Session ID: 46a1beca4dfdb47fa9c1d3b31be7211c
	at org.openqa.selenium.remote.http.W3CHttpResponseCodec.createException(W3CHttpResponseCodec.java:187)
	at org.openqa.selenium.remote.http.W3CHttpResponseCodec.decode(W3CHttpResponseCodec.java:122)
	at org.openqa.selenium.remote.http.W3CHttpResponseCodec.decode(W3CHttpResponseCodec.java:49)
	at org.openqa.selenium.remote.HttpCommandExecutor.execute(HttpCommandExecutor.java:158)
	at org.openqa.selenium.remote.service.DriverCommandExecutor.execute(DriverCommandExecutor.java:83)
	at org.openqa.selenium.remote.RemoteWebDriver.execute(RemoteWebDriver.java:552)
	at com.kms.katalon.selenium.driver.CChromeDriver.execute(CChromeDriver.java:19)
	at org.openqa.selenium.remote.RemoteWebElement.execute(RemoteWebElement.java:285)
	at org.openqa.selenium.remote.RemoteWebElement.clear(RemoteWebElement.java:124)
	at org.openqa.selenium.support.events.EventFiringWebDriver$EventFiringWebElement.lambda$new$0(EventFiringWebDriver.java:404)
	at com.sun.proxy.$Proxy9.clear(Unknown Source)
	at org.openqa.selenium.support.events.EventFiringWebDriver$EventFiringWebElement.clear(EventFiringWebDriver.java:436)
	at com.kms.katalon.core.webui.keyword.builtin.SetTextKeyword$_setText_closure1.doCall(SetTextKeyword.groovy:53)
	at com.kms.katalon.core.webui.keyword.builtin.SetTextKeyword$_setText_closure1.call(SetTextKeyword.groovy)
	at com.kms.katalon.core.webui.keyword.internal.WebUIKeywordMain.runKeyword(WebUIKeywordMain.groovy:20)
	... 35 more
"/>
         <system-out><![CDATA[2020-06-17 21:03:21 - [TEST_CASE][FAILED] - Test Cases/Alda/Admin - Manage FAQ/Edit: Test Cases/Alda/Admin - Manage FAQ/Edit FAILED.
Reason:
com.kms.katalon.core.exception.StepFailedException: Call Test Case 'Test Cases/Christi/Admin/admin login' failed
	at com.kms.katalon.core.keyword.builtin.CallTestCaseKeyword$_callTestCase_closure1.doCall(CallTestCaseKeyword.groovy:63)
	at com.kms.katalon.core.keyword.builtin.CallTestCaseKeyword$_callTestCase_closure1.call(CallTestCaseKeyword.groovy)
	at com.kms.katalon.core.keyword.internal.KeywordMain.runKeyword(KeywordMain.groovy:68)
	at com.kms.katalon.core.keyword.builtin.CallTestCaseKeyword.callTestCase(CallTestCaseKeyword.groovy:81)
	at com.kms.katalon.core.keyword.builtin.CallTestCaseKeyword.execute(CallTestCaseKeyword.groovy:44)
	at com.kms.katalon.core.keyword.internal.KeywordExecutor.executeKeywordForPlatform(KeywordExecutor.groovy:60)
	at com.kms.katalon.core.keyword.BuiltinKeywords.callTestCase(BuiltinKeywords.groovy:334)
	at Edit.run(Edit:19)
	at com.kms.katalon.core.main.ScriptEngine.run(ScriptEngine.java:194)
	at com.kms.katalon.core.main.ScriptEngine.runScriptAsRawText(ScriptEngine.java:119)
	at com.kms.katalon.core.main.TestCaseExecutor.runScript(TestCaseExecutor.java:337)
	at com.kms.katalon.core.main.TestCaseExecutor.doExecute(TestCaseExecutor.java:328)
	at com.kms.katalon.core.main.TestCaseExecutor.processExecutionPhase(TestCaseExecutor.java:307)
	at com.kms.katalon.core.main.TestCaseExecutor.accessMainPhase(TestCaseExecutor.java:299)
	at com.kms.katalon.core.main.TestCaseExecutor.execute(TestCaseExecutor.java:233)
	at com.kms.katalon.core.main.TestSuiteExecutor.accessTestCaseMainPhase(TestSuiteExecutor.java:169)
	at com.kms.katalon.core.main.TestSuiteExecutor.accessTestSuiteMainPhase(TestSuiteExecutor.java:142)
	at com.kms.katalon.core.main.TestSuiteExecutor.execute(TestSuiteExecutor.java:91)
	at com.kms.katalon.core.main.TestCaseMain.startTestSuite(TestCaseMain.java:157)
	at com.kms.katalon.core.main.TestCaseMain$startTestSuite$0.call(Unknown Source)
	at TempTestSuite1592401186095.run(TempTestSuite1592401186095.groovy:36)
Caused by: com.kms.katalon.core.exception.StepFailedException: Unable to set text '11666' of object 'Object Repository/Christi/Page_Main/input_NPK_username'
	at com.kms.katalon.core.webui.keyword.internal.WebUIKeywordMain.stepFailed(WebUIKeywordMain.groovy:64)
	at com.kms.katalon.core.webui.keyword.internal.WebUIKeywordMain.runKeyword(WebUIKeywordMain.groovy:26)
	at com.kms.katalon.core.webui.keyword.builtin.SetTextKeyword.setText(SetTextKeyword.groovy:66)
	at com.kms.katalon.core.webui.keyword.builtin.SetTextKeyword.execute(SetTextKeyword.groovy:37)
	at com.kms.katalon.core.keyword.internal.KeywordExecutor.executeKeywordForPlatform(KeywordExecutor.groovy:60)
	at com.kms.katalon.core.webui.keyword.WebUiBuiltInKeywords.setText(WebUiBuiltInKeywords.groovy:950)
	at com.kms.katalon.core.webui.keyword.WebUiBuiltInKeywords$setText$2.call(Unknown Source)
	at admin login.run(admin login:26)
	at com.kms.katalon.core.main.ScriptEngine.run(ScriptEngine.java:194)
	at com.kms.katalon.core.main.ScriptEngine.runScriptAsRawText(ScriptEngine.java:119)
	at com.kms.katalon.core.main.TestCaseExecutor.runScript(TestCaseExecutor.java:337)
	at com.kms.katalon.core.main.TestCaseExecutor.doExecute(TestCaseExecutor.java:328)
	at com.kms.katalon.core.main.TestCaseExecutor.processExecutionPhase(TestCaseExecutor.java:307)
	at com.kms.katalon.core.main.TestCaseExecutor.accessMainPhase(TestCaseExecutor.java:299)
	at com.kms.katalon.core.main.TestCaseExecutor.execute(TestCaseExecutor.java:233)
	at com.kms.katalon.core.main.TestCaseMain.runTestCase(TestCaseMain.java:114)
	at com.kms.katalon.core.keyword.builtin.CallTestCaseKeyword$_callTestCase_closure1.doCall(CallTestCaseKeyword.groovy:59)
	... 20 more
Caused by: org.openqa.selenium.ElementNotInteractableException: element not interactable
  (Session info: chrome=83.0.4103.106)
Build info: version: '3.141.59', revision: 'e82be7d358', time: '2018-11-14T08:25:53'
System info: host: 'LAPTOP-D0TPACJ1', ip: '192.168.100.227', os.name: 'Windows 10', os.arch: 'amd64', os.version: '10.0', java.version: '1.8.0_181'
Driver info: com.kms.katalon.selenium.driver.CChromeDriver
Capabilities {acceptInsecureCerts: false, browserName: chrome, browserVersion: 83.0.4103.106, chrome: {chromedriverVersion: 83.0.4103.39 (ccbf011cb2d2b..., userDataDir: C:\Users\ASUS\AppData\Local...}, goog:chromeOptions: {debuggerAddress: localhost:50016}, javascriptEnabled: true, networkConnectionEnabled: false, pageLoadStrategy: normal, platform: WINDOWS, platformName: WINDOWS, proxy: Proxy(), setWindowRect: true, strictFileInteractability: false, timeouts: {implicit: 0, pageLoad: 300000, script: 30000}, unhandledPromptBehavior: dismiss and notify, webauthn:virtualAuthenticators: true}
Session ID: 46a1beca4dfdb47fa9c1d3b31be7211c
	at org.openqa.selenium.remote.http.W3CHttpResponseCodec.createException(W3CHttpResponseCodec.java:187)
	at org.openqa.selenium.remote.http.W3CHttpResponseCodec.decode(W3CHttpResponseCodec.java:122)
	at org.openqa.selenium.remote.http.W3CHttpResponseCodec.decode(W3CHttpResponseCodec.java:49)
	at org.openqa.selenium.remote.HttpCommandExecutor.execute(HttpCommandExecutor.java:158)
	at org.openqa.selenium.remote.service.DriverCommandExecutor.execute(DriverCommandExecutor.java:83)
	at org.openqa.selenium.remote.RemoteWebDriver.execute(RemoteWebDriver.java:552)
	at com.kms.katalon.selenium.driver.CChromeDriver.execute(CChromeDriver.java:19)
	at org.openqa.selenium.remote.RemoteWebElement.execute(RemoteWebElement.java:285)
	at org.openqa.selenium.remote.RemoteWebElement.clear(RemoteWebElement.java:124)
	at org.openqa.selenium.support.events.EventFiringWebDriver$EventFiringWebElement.lambda$new$0(EventFiringWebDriver.java:404)
	at com.sun.proxy.$Proxy9.clear(Unknown Source)
	at org.openqa.selenium.support.events.EventFiringWebDriver$EventFiringWebElement.clear(EventFiringWebDriver.java:436)
	at com.kms.katalon.core.webui.keyword.builtin.SetTextKeyword$_setText_closure1.doCall(SetTextKeyword.groovy:53)
	at com.kms.katalon.core.webui.keyword.builtin.SetTextKeyword$_setText_closure1.call(SetTextKeyword.groovy)
	at com.kms.katalon.core.webui.keyword.internal.WebUIKeywordMain.runKeyword(WebUIKeywordMain.groovy:20)
	... 35 more


2020-06-17 21:03:21 - [TEST_STEP][FAILED] - callTestCase(findTestCase("Christi/Admin/admin login"), ["username":"11666", "password":"Password3"], STOP_ON_FAILURE): Unable to call Test Case 'Test Cases/Christi/Admin/admin login' (Root cause: com.kms.katalon.core.exception.StepFailedException: Call Test Case 'Test Cases/Christi/Admin/admin login' failed
	at com.kms.katalon.core.keyword.builtin.CallTestCaseKeyword$_callTestCase_closure1.doCall(CallTestCaseKeyword.groovy:63)
	at com.kms.katalon.core.keyword.builtin.CallTestCaseKeyword$_callTestCase_closure1.call(CallTestCaseKeyword.groovy)
	at com.kms.katalon.core.keyword.internal.KeywordMain.runKeyword(KeywordMain.groovy:68)
	at com.kms.katalon.core.keyword.builtin.CallTestCaseKeyword.callTestCase(CallTestCaseKeyword.groovy:81)
	at com.kms.katalon.core.keyword.builtin.CallTestCaseKeyword.execute(CallTestCaseKeyword.groovy:44)
	at com.kms.katalon.core.keyword.internal.KeywordExecutor.executeKeywordForPlatform(KeywordExecutor.groovy:60)
	at com.kms.katalon.core.keyword.BuiltinKeywords.callTestCase(BuiltinKeywords.groovy:334)
	at Edit.run(Edit:19)
	at com.kms.katalon.core.main.ScriptEngine.run(ScriptEngine.java:194)
	at com.kms.katalon.core.main.ScriptEngine.runScriptAsRawText(ScriptEngine.java:119)
	at com.kms.katalon.core.main.TestCaseExecutor.runScript(TestCaseExecutor.java:337)
	at com.kms.katalon.core.main.TestCaseExecutor.doExecute(TestCaseExecutor.java:328)
	at com.kms.katalon.core.main.TestCaseExecutor.processExecutionPhase(TestCaseExecutor.java:307)
	at com.kms.katalon.core.main.TestCaseExecutor.accessMainPhase(TestCaseExecutor.java:299)
	at com.kms.katalon.core.main.TestCaseExecutor.execute(TestCaseExecutor.java:233)
	at com.kms.katalon.core.main.TestSuiteExecutor.accessTestCaseMainPhase(TestSuiteExecutor.java:169)
	at com.kms.katalon.core.main.TestSuiteExecutor.accessTestSuiteMainPhase(TestSuiteExecutor.java:142)
	at com.kms.katalon.core.main.TestSuiteExecutor.execute(TestSuiteExecutor.java:91)
	at com.kms.katalon.core.main.TestCaseMain.startTestSuite(TestCaseMain.java:157)
	at com.kms.katalon.core.main.TestCaseMain$startTestSuite$0.call(Unknown Source)
	at TempTestSuite1592401186095.run(TempTestSuite1592401186095.groovy:36)
Caused by: com.kms.katalon.core.exception.StepFailedException: Unable to set text '11666' of object 'Object Repository/Christi/Page_Main/input_NPK_username'
	at com.kms.katalon.core.webui.keyword.internal.WebUIKeywordMain.stepFailed(WebUIKeywordMain.groovy:64)
	at com.kms.katalon.core.webui.keyword.internal.WebUIKeywordMain.runKeyword(WebUIKeywordMain.groovy:26)
	at com.kms.katalon.core.webui.keyword.builtin.SetTextKeyword.setText(SetTextKeyword.groovy:66)
	at com.kms.katalon.core.webui.keyword.builtin.SetTextKeyword.execute(SetTextKeyword.groovy:37)
	at com.kms.katalon.core.keyword.internal.KeywordExecutor.executeKeywordForPlatform(KeywordExecutor.groovy:60)
	at com.kms.katalon.core.webui.keyword.WebUiBuiltInKeywords.setText(WebUiBuiltInKeywords.groovy:950)
	at com.kms.katalon.core.webui.keyword.WebUiBuiltInKeywords$setText$2.call(Unknown Source)
	at admin login.run(admin login:26)
	at com.kms.katalon.core.main.ScriptEngine.run(ScriptEngine.java:194)
	at com.kms.katalon.core.main.ScriptEngine.runScriptAsRawText(ScriptEngine.java:119)
	at com.kms.katalon.core.main.TestCaseExecutor.runScript(TestCaseExecutor.java:337)
	at com.kms.katalon.core.main.TestCaseExecutor.doExecute(TestCaseExecutor.java:328)
	at com.kms.katalon.core.main.TestCaseExecutor.processExecutionPhase(TestCaseExecutor.java:307)
	at com.kms.katalon.core.main.TestCaseExecutor.accessMainPhase(TestCaseExecutor.java:299)
	at com.kms.katalon.core.main.TestCaseExecutor.execute(TestCaseExecutor.java:233)
	at com.kms.katalon.core.main.TestCaseMain.runTestCase(TestCaseMain.java:114)
	at com.kms.katalon.core.keyword.builtin.CallTestCaseKeyword$_callTestCase_closure1.doCall(CallTestCaseKeyword.groovy:59)
	... 20 more
Caused by: org.openqa.selenium.ElementNotInteractableException: element not interactable
  (Session info: chrome=83.0.4103.106)
Build info: version: '3.141.59', revision: 'e82be7d358', time: '2018-11-14T08:25:53'
System info: host: 'LAPTOP-D0TPACJ1', ip: '192.168.100.227', os.name: 'Windows 10', os.arch: 'amd64', os.version: '10.0', java.version: '1.8.0_181'
Driver info: com.kms.katalon.selenium.driver.CChromeDriver
Capabilities {acceptInsecureCerts: false, browserName: chrome, browserVersion: 83.0.4103.106, chrome: {chromedriverVersion: 83.0.4103.39 (ccbf011cb2d2b..., userDataDir: C:\Users\ASUS\AppData\Local...}, goog:chromeOptions: {debuggerAddress: localhost:50016}, javascriptEnabled: true, networkConnectionEnabled: false, pageLoadStrategy: normal, platform: WINDOWS, platformName: WINDOWS, proxy: Proxy(), setWindowRect: true, strictFileInteractability: false, timeouts: {implicit: 0, pageLoad: 300000, script: 30000}, unhandledPromptBehavior: dismiss and notify, webauthn:virtualAuthenticators: true}
Session ID: 46a1beca4dfdb47fa9c1d3b31be7211c
	at org.openqa.selenium.remote.http.W3CHttpResponseCodec.createException(W3CHttpResponseCodec.java:187)
	at org.openqa.selenium.remote.http.W3CHttpResponseCodec.decode(W3CHttpResponseCodec.java:122)
	at org.openqa.selenium.remote.http.W3CHttpResponseCodec.decode(W3CHttpResponseCodec.java:49)
	at org.openqa.selenium.remote.HttpCommandExecutor.execute(HttpCommandExecutor.java:158)
	at org.openqa.selenium.remote.service.DriverCommandExecutor.execute(DriverCommandExecutor.java:83)
	at org.openqa.selenium.remote.RemoteWebDriver.execute(RemoteWebDriver.java:552)
	at com.kms.katalon.selenium.driver.CChromeDriver.execute(CChromeDriver.java:19)
	at org.openqa.selenium.remote.RemoteWebElement.execute(RemoteWebElement.java:285)
	at org.openqa.selenium.remote.RemoteWebElement.clear(RemoteWebElement.java:124)
	at org.openqa.selenium.support.events.EventFiringWebDriver$EventFiringWebElement.lambda$new$0(EventFiringWebDriver.java:404)
	at com.sun.proxy.$Proxy9.clear(Unknown Source)
	at org.openqa.selenium.support.events.EventFiringWebDriver$EventFiringWebElement.clear(EventFiringWebDriver.java:436)
	at com.kms.katalon.core.webui.keyword.builtin.SetTextKeyword$_setText_closure1.doCall(SetTextKeyword.groovy:53)
	at com.kms.katalon.core.webui.keyword.builtin.SetTextKeyword$_setText_closure1.call(SetTextKeyword.groovy)
	at com.kms.katalon.core.webui.keyword.internal.WebUIKeywordMain.runKeyword(WebUIKeywordMain.groovy:20)
	... 35 more
)

2020-06-17 21:03:21 - [TEST_CASE][FAILED] - Test Cases/Christi/Admin/admin login: Test Cases/Christi/Admin/admin login FAILED.
Reason:
com.kms.katalon.core.exception.StepFailedException: Unable to set text '11666' of object 'Object Repository/Christi/Page_Main/input_NPK_username'
	at com.kms.katalon.core.webui.keyword.internal.WebUIKeywordMain.stepFailed(WebUIKeywordMain.groovy:64)
	at com.kms.katalon.core.webui.keyword.internal.WebUIKeywordMain.runKeyword(WebUIKeywordMain.groovy:26)
	at com.kms.katalon.core.webui.keyword.builtin.SetTextKeyword.setText(SetTextKeyword.groovy:66)
	at com.kms.katalon.core.webui.keyword.builtin.SetTextKeyword.execute(SetTextKeyword.groovy:37)
	at com.kms.katalon.core.keyword.internal.KeywordExecutor.executeKeywordForPlatform(KeywordExecutor.groovy:60)
	at com.kms.katalon.core.webui.keyword.WebUiBuiltInKeywords.setText(WebUiBuiltInKeywords.groovy:950)
	at com.kms.katalon.core.webui.keyword.WebUiBuiltInKeywords$setText$2.call(Unknown Source)
	at admin login.run(admin login:26)
	at com.kms.katalon.core.main.ScriptEngine.run(ScriptEngine.java:194)
	at com.kms.katalon.core.main.ScriptEngine.runScriptAsRawText(ScriptEngine.java:119)
	at com.kms.katalon.core.main.TestCaseExecutor.runScript(TestCaseExecutor.java:337)
	at com.kms.katalon.core.main.TestCaseExecutor.doExecute(TestCaseExecutor.java:328)
	at com.kms.katalon.core.main.TestCaseExecutor.processExecutionPhase(TestCaseExecutor.java:307)
	at com.kms.katalon.core.main.TestCaseExecutor.accessMainPhase(TestCaseExecutor.java:299)
	at com.kms.katalon.core.main.TestCaseExecutor.execute(TestCaseExecutor.java:233)
	at com.kms.katalon.core.main.TestCaseMain.runTestCase(TestCaseMain.java:114)
	at com.kms.katalon.core.keyword.builtin.CallTestCaseKeyword$_callTestCase_closure1.doCall(CallTestCaseKeyword.groovy:59)
	at com.kms.katalon.core.keyword.builtin.CallTestCaseKeyword$_callTestCase_closure1.call(CallTestCaseKeyword.groovy)
	at com.kms.katalon.core.keyword.internal.KeywordMain.runKeyword(KeywordMain.groovy:68)
	at com.kms.katalon.core.keyword.builtin.CallTestCaseKeyword.callTestCase(CallTestCaseKeyword.groovy:81)
	at com.kms.katalon.core.keyword.builtin.CallTestCaseKeyword.execute(CallTestCaseKeyword.groovy:44)
	at com.kms.katalon.core.keyword.internal.KeywordExecutor.executeKeywordForPlatform(KeywordExecutor.groovy:60)
	at com.kms.katalon.core.keyword.BuiltinKeywords.callTestCase(BuiltinKeywords.groovy:334)
	at Edit.run(Edit:19)
	at com.kms.katalon.core.main.ScriptEngine.run(ScriptEngine.java:194)
	at com.kms.katalon.core.main.ScriptEngine.runScriptAsRawText(ScriptEngine.java:119)
	at com.kms.katalon.core.main.TestCaseExecutor.runScript(TestCaseExecutor.java:337)
	at com.kms.katalon.core.main.TestCaseExecutor.doExecute(TestCaseExecutor.java:328)
	at com.kms.katalon.core.main.TestCaseExecutor.processExecutionPhase(TestCaseExecutor.java:307)
	at com.kms.katalon.core.main.TestCaseExecutor.accessMainPhase(TestCaseExecutor.java:299)
	at com.kms.katalon.core.main.TestCaseExecutor.execute(TestCaseExecutor.java:233)
	at com.kms.katalon.core.main.TestSuiteExecutor.accessTestCaseMainPhase(TestSuiteExecutor.java:169)
	at com.kms.katalon.core.main.TestSuiteExecutor.accessTestSuiteMainPhase(TestSuiteExecutor.java:142)
	at com.kms.katalon.core.main.TestSuiteExecutor.execute(TestSuiteExecutor.java:91)
	at com.kms.katalon.core.main.TestCaseMain.startTestSuite(TestCaseMain.java:157)
	at com.kms.katalon.core.main.TestCaseMain$startTestSuite$0.call(Unknown Source)
	at TempTestSuite1592401186095.run(TempTestSuite1592401186095.groovy:36)
Caused by: org.openqa.selenium.ElementNotInteractableException: element not interactable
  (Session info: chrome=83.0.4103.106)
Build info: version: '3.141.59', revision: 'e82be7d358', time: '2018-11-14T08:25:53'
System info: host: 'LAPTOP-D0TPACJ1', ip: '192.168.100.227', os.name: 'Windows 10', os.arch: 'amd64', os.version: '10.0', java.version: '1.8.0_181'
Driver info: com.kms.katalon.selenium.driver.CChromeDriver
Capabilities {acceptInsecureCerts: false, browserName: chrome, browserVersion: 83.0.4103.106, chrome: {chromedriverVersion: 83.0.4103.39 (ccbf011cb2d2b..., userDataDir: C:\Users\ASUS\AppData\Local...}, goog:chromeOptions: {debuggerAddress: localhost:50016}, javascriptEnabled: true, networkConnectionEnabled: false, pageLoadStrategy: normal, platform: WINDOWS, platformName: WINDOWS, proxy: Proxy(), setWindowRect: true, strictFileInteractability: false, timeouts: {implicit: 0, pageLoad: 300000, script: 30000}, unhandledPromptBehavior: dismiss and notify, webauthn:virtualAuthenticators: true}
Session ID: 46a1beca4dfdb47fa9c1d3b31be7211c
	at org.openqa.selenium.remote.http.W3CHttpResponseCodec.createException(W3CHttpResponseCodec.java:187)
	at org.openqa.selenium.remote.http.W3CHttpResponseCodec.decode(W3CHttpResponseCodec.java:122)
	at org.openqa.selenium.remote.http.W3CHttpResponseCodec.decode(W3CHttpResponseCodec.java:49)
	at org.openqa.selenium.remote.HttpCommandExecutor.execute(HttpCommandExecutor.java:158)
	at org.openqa.selenium.remote.service.DriverCommandExecutor.execute(DriverCommandExecutor.java:83)
	at org.openqa.selenium.remote.RemoteWebDriver.execute(RemoteWebDriver.java:552)
	at com.kms.katalon.selenium.driver.CChromeDriver.execute(CChromeDriver.java:19)
	at org.openqa.selenium.remote.RemoteWebElement.execute(RemoteWebElement.java:285)
	at org.openqa.selenium.remote.RemoteWebElement.clear(RemoteWebElement.java:124)
	at org.openqa.selenium.support.events.EventFiringWebDriver$EventFiringWebElement.lambda$new$0(EventFiringWebDriver.java:404)
	at com.sun.proxy.$Proxy9.clear(Unknown Source)
	at org.openqa.selenium.support.events.EventFiringWebDriver$EventFiringWebElement.clear(EventFiringWebDriver.java:436)
	at com.kms.katalon.core.webui.keyword.builtin.SetTextKeyword$_setText_closure1.doCall(SetTextKeyword.groovy:53)
	at com.kms.katalon.core.webui.keyword.builtin.SetTextKeyword$_setText_closure1.call(SetTextKeyword.groovy)
	at com.kms.katalon.core.webui.keyword.internal.WebUIKeywordMain.runKeyword(WebUIKeywordMain.groovy:20)
	... 35 more


2020-06-17 21:03:21 - [TEST_STEP][PASSED] - openBrowser(""): Browser is opened with url: ''

2020-06-17 21:03:21 - [MESSAGE][INFO] - Starting 'Chrome' driver

2020-06-17 21:03:23 - [MESSAGE][PASSED] - Browser is opened with url: ''

2020-06-17 21:03:23 - [TEST_STEP][PASSED] - navigateToUrl("https://appsrv1.deltadatamandiri.com/ACC_LMS_WEB/#/admNLmn"): Navigate to 'https://appsrv1.deltadatamandiri.com/ACC_LMS_WEB/#/admNLmn' successfully

2020-06-17 21:04:20 - [MESSAGE][PASSED] - Navigate to 'https://appsrv1.deltadatamandiri.com/ACC_LMS_WEB/#/admNLmn' successfully

2020-06-17 21:04:20 - [TEST_STEP][PASSED] - click(findTestObject("Christi/Page_Main/button_login")): Object: 'Object Repository/Christi/Page_Main/button_login' is clicked on

2020-06-17 21:04:34 - [MESSAGE][ERROR] - javascript error: Failed to execute 'elementsFromPoint' on 'Document': The provided double value is non-finite.
  (Session info: chrome=83.0.4103.106)
Build info: version: '3.141.59', revision: 'e82be7d358', time: '2018-11-14T08:25:53'
System info: host: 'LAPTOP-D0TPACJ1', ip: '192.168.100.227', os.name: 'Windows 10', os.arch: 'amd64', os.version: '10.0', java.version: '1.8.0_181'
Driver info: com.kms.katalon.selenium.driver.CChromeDriver
Capabilities {acceptInsecureCerts: false, browserName: chrome, browserVersion: 83.0.4103.106, chrome: {chromedriverVersion: 83.0.4103.39 (ccbf011cb2d2b..., userDataDir: C:\Users\ASUS\AppData\Local...}, goog:chromeOptions: {debuggerAddress: localhost:50016}, javascriptEnabled: true, networkConnectionEnabled: false, pageLoadStrategy: normal, platform: WINDOWS, platformName: WINDOWS, proxy: Proxy(), setWindowRect: true, strictFileInteractability: false, timeouts: {implicit: 0, pageLoad: 300000, script: 30000}, unhandledPromptBehavior: dismiss and notify, webauthn:virtualAuthenticators: true}
Session ID: 46a1beca4dfdb47fa9c1d3b31be7211c

2020-06-17 21:05:04 - [MESSAGE][ERROR] - javascript error: Failed to execute 'elementsFromPoint' on 'Document': The provided double value is non-finite.
  (Session info: chrome=83.0.4103.106)
Build info: version: '3.141.59', revision: 'e82be7d358', time: '2018-11-14T08:25:53'
System info: host: 'LAPTOP-D0TPACJ1', ip: '192.168.100.227', os.name: 'Windows 10', os.arch: 'amd64', os.version: '10.0', java.version: '1.8.0_181'
Driver info: com.kms.katalon.selenium.driver.CChromeDriver
Capabilities {acceptInsecureCerts: false, browserName: chrome, browserVersion: 83.0.4103.106, chrome: {chromedriverVersion: 83.0.4103.39 (ccbf011cb2d2b..., userDataDir: C:\Users\ASUS\AppData\Local...}, goog:chromeOptions: {debuggerAddress: localhost:50016}, javascriptEnabled: true, networkConnectionEnabled: false, pageLoadStrategy: normal, platform: WINDOWS, platformName: WINDOWS, proxy: Proxy(), setWindowRect: true, strictFileInteractability: false, timeouts: {implicit: 0, pageLoad: 300000, script: 30000}, unhandledPromptBehavior: dismiss and notify, webauthn:virtualAuthenticators: true}
Session ID: 46a1beca4dfdb47fa9c1d3b31be7211c

2020-06-17 21:05:04 - [MESSAGE][PASSED] - Object: 'Object Repository/Christi/Page_Main/button_login' is clicked on

2020-06-17 21:05:04 - [TEST_STEP][PASSED] - delay(3): Delayed 3 second(s)

2020-06-17 21:05:07 - [MESSAGE][PASSED] - Delayed 3 second(s)

2020-06-17 21:05:07 - [TEST_STEP][FAILED] - setText(findTestObject("Object Repository/Christi/Page_Main/input_NPK_username"), username): Unable to set text '11666' of object 'Object Repository/Christi/Page_Main/input_NPK_username' (Root cause: com.kms.katalon.core.exception.StepFailedException: Unable to set text '11666' of object 'Object Repository/Christi/Page_Main/input_NPK_username'
	at com.kms.katalon.core.webui.keyword.internal.WebUIKeywordMain.stepFailed(WebUIKeywordMain.groovy:64)
	at com.kms.katalon.core.webui.keyword.internal.WebUIKeywordMain.runKeyword(WebUIKeywordMain.groovy:26)
	at com.kms.katalon.core.webui.keyword.builtin.SetTextKeyword.setText(SetTextKeyword.groovy:66)
	at com.kms.katalon.core.webui.keyword.builtin.SetTextKeyword.execute(SetTextKeyword.groovy:37)
	at com.kms.katalon.core.keyword.internal.KeywordExecutor.executeKeywordForPlatform(KeywordExecutor.groovy:60)
	at com.kms.katalon.core.webui.keyword.WebUiBuiltInKeywords.setText(WebUiBuiltInKeywords.groovy:950)
	at com.kms.katalon.core.webui.keyword.WebUiBuiltInKeywords$setText$2.call(Unknown Source)
	at admin login.run(admin login:26)
	at com.kms.katalon.core.main.ScriptEngine.run(ScriptEngine.java:194)
	at com.kms.katalon.core.main.ScriptEngine.runScriptAsRawText(ScriptEngine.java:119)
	at com.kms.katalon.core.main.TestCaseExecutor.runScript(TestCaseExecutor.java:337)
	at com.kms.katalon.core.main.TestCaseExecutor.doExecute(TestCaseExecutor.java:328)
	at com.kms.katalon.core.main.TestCaseExecutor.processExecutionPhase(TestCaseExecutor.java:307)
	at com.kms.katalon.core.main.TestCaseExecutor.accessMainPhase(TestCaseExecutor.java:299)
	at com.kms.katalon.core.main.TestCaseExecutor.execute(TestCaseExecutor.java:233)
	at com.kms.katalon.core.main.TestCaseMain.runTestCase(TestCaseMain.java:114)
	at com.kms.katalon.core.keyword.builtin.CallTestCaseKeyword$_callTestCase_closure1.doCall(CallTestCaseKeyword.groovy:59)
	at com.kms.katalon.core.keyword.builtin.CallTestCaseKeyword$_callTestCase_closure1.call(CallTestCaseKeyword.groovy)
	at com.kms.katalon.core.keyword.internal.KeywordMain.runKeyword(KeywordMain.groovy:68)
	at com.kms.katalon.core.keyword.builtin.CallTestCaseKeyword.callTestCase(CallTestCaseKeyword.groovy:81)
	at com.kms.katalon.core.keyword.builtin.CallTestCaseKeyword.execute(CallTestCaseKeyword.groovy:44)
	at com.kms.katalon.core.keyword.internal.KeywordExecutor.executeKeywordForPlatform(KeywordExecutor.groovy:60)
	at com.kms.katalon.core.keyword.BuiltinKeywords.callTestCase(BuiltinKeywords.groovy:334)
	at Edit.run(Edit:19)
	at com.kms.katalon.core.main.ScriptEngine.run(ScriptEngine.java:194)
	at com.kms.katalon.core.main.ScriptEngine.runScriptAsRawText(ScriptEngine.java:119)
	at com.kms.katalon.core.main.TestCaseExecutor.runScript(TestCaseExecutor.java:337)
	at com.kms.katalon.core.main.TestCaseExecutor.doExecute(TestCaseExecutor.java:328)
	at com.kms.katalon.core.main.TestCaseExecutor.processExecutionPhase(TestCaseExecutor.java:307)
	at com.kms.katalon.core.main.TestCaseExecutor.accessMainPhase(TestCaseExecutor.java:299)
	at com.kms.katalon.core.main.TestCaseExecutor.execute(TestCaseExecutor.java:233)
	at com.kms.katalon.core.main.TestSuiteExecutor.accessTestCaseMainPhase(TestSuiteExecutor.java:169)
	at com.kms.katalon.core.main.TestSuiteExecutor.accessTestSuiteMainPhase(TestSuiteExecutor.java:142)
	at com.kms.katalon.core.main.TestSuiteExecutor.execute(TestSuiteExecutor.java:91)
	at com.kms.katalon.core.main.TestCaseMain.startTestSuite(TestCaseMain.java:157)
	at com.kms.katalon.core.main.TestCaseMain$startTestSuite$0.call(Unknown Source)
	at TempTestSuite1592401186095.run(TempTestSuite1592401186095.groovy:36)
Caused by: org.openqa.selenium.ElementNotInteractableException: element not interactable
  (Session info: chrome=83.0.4103.106)
Build info: version: '3.141.59', revision: 'e82be7d358', time: '2018-11-14T08:25:53'
System info: host: 'LAPTOP-D0TPACJ1', ip: '192.168.100.227', os.name: 'Windows 10', os.arch: 'amd64', os.version: '10.0', java.version: '1.8.0_181'
Driver info: com.kms.katalon.selenium.driver.CChromeDriver
Capabilities {acceptInsecureCerts: false, browserName: chrome, browserVersion: 83.0.4103.106, chrome: {chromedriverVersion: 83.0.4103.39 (ccbf011cb2d2b..., userDataDir: C:\Users\ASUS\AppData\Local...}, goog:chromeOptions: {debuggerAddress: localhost:50016}, javascriptEnabled: true, networkConnectionEnabled: false, pageLoadStrategy: normal, platform: WINDOWS, platformName: WINDOWS, proxy: Proxy(), setWindowRect: true, strictFileInteractability: false, timeouts: {implicit: 0, pageLoad: 300000, script: 30000}, unhandledPromptBehavior: dismiss and notify, webauthn:virtualAuthenticators: true}
Session ID: 46a1beca4dfdb47fa9c1d3b31be7211c
	at org.openqa.selenium.remote.http.W3CHttpResponseCodec.createException(W3CHttpResponseCodec.java:187)
	at org.openqa.selenium.remote.http.W3CHttpResponseCodec.decode(W3CHttpResponseCodec.java:122)
	at org.openqa.selenium.remote.http.W3CHttpResponseCodec.decode(W3CHttpResponseCodec.java:49)
	at org.openqa.selenium.remote.HttpCommandExecutor.execute(HttpCommandExecutor.java:158)
	at org.openqa.selenium.remote.service.DriverCommandExecutor.execute(DriverCommandExecutor.java:83)
	at org.openqa.selenium.remote.RemoteWebDriver.execute(RemoteWebDriver.java:552)
	at com.kms.katalon.selenium.driver.CChromeDriver.execute(CChromeDriver.java:19)
	at org.openqa.selenium.remote.RemoteWebElement.execute(RemoteWebElement.java:285)
	at org.openqa.selenium.remote.RemoteWebElement.clear(RemoteWebElement.java:124)
	at org.openqa.selenium.support.events.EventFiringWebDriver$EventFiringWebElement.lambda$new$0(EventFiringWebDriver.java:404)
	at com.sun.proxy.$Proxy9.clear(Unknown Source)
	at org.openqa.selenium.support.events.EventFiringWebDriver$EventFiringWebElement.clear(EventFiringWebDriver.java:436)
	at com.kms.katalon.core.webui.keyword.builtin.SetTextKeyword$_setText_closure1.doCall(SetTextKeyword.groovy:53)
	at com.kms.katalon.core.webui.keyword.builtin.SetTextKeyword$_setText_closure1.call(SetTextKeyword.groovy)
	at com.kms.katalon.core.webui.keyword.internal.WebUIKeywordMain.runKeyword(WebUIKeywordMain.groovy:20)
	at com.kms.katalon.core.webui.keyword.builtin.SetTextKeyword.setText(SetTextKeyword.groovy:66)
	at com.kms.katalon.core.webui.keyword.builtin.SetTextKeyword.execute(SetTextKeyword.groovy:37)
	at com.kms.katalon.core.keyword.internal.KeywordExecutor.executeKeywordForPlatform(KeywordExecutor.groovy:60)
	at com.kms.katalon.core.webui.keyword.WebUiBuiltInKeywords.setText(WebUiBuiltInKeywords.groovy:950)
	at com.kms.katalon.core.webui.keyword.WebUiBuiltInKeywords$setText$2.call(Unknown Source)
	at Script1589339888128.run(Script1589339888128.groovy:26)
	at com.kms.katalon.core.main.ScriptEngine.run(ScriptEngine.java:194)
	at com.kms.katalon.core.main.ScriptEngine.runScriptAsRawText(ScriptEngine.java:119)
	at com.kms.katalon.core.main.TestCaseExecutor.runScript(TestCaseExecutor.java:337)
	at com.kms.katalon.core.main.TestCaseExecutor.doExecute(TestCaseExecutor.java:328)
	at com.kms.katalon.core.main.TestCaseExecutor.processExecutionPhase(TestCaseExecutor.java:307)
	at com.kms.katalon.core.main.TestCaseExecutor.accessMainPhase(TestCaseExecutor.java:299)
	at com.kms.katalon.core.main.TestCaseExecutor.execute(TestCaseExecutor.java:233)
	at com.kms.katalon.core.main.TestCaseMain.runTestCase(TestCaseMain.java:114)
	at com.kms.katalon.core.keyword.builtin.CallTestCaseKeyword$_callTestCase_closure1.doCall(CallTestCaseKeyword.groovy:59)
	at com.kms.katalon.core.keyword.builtin.CallTestCaseKeyword$_callTestCase_closure1.call(CallTestCaseKeyword.groovy)
	at com.kms.katalon.core.keyword.internal.KeywordMain.runKeyword(KeywordMain.groovy:68)
	at com.kms.katalon.core.keyword.builtin.CallTestCaseKeyword.callTestCase(CallTestCaseKeyword.groovy:81)
	at com.kms.katalon.core.keyword.builtin.CallTestCaseKeyword.execute(CallTestCaseKeyword.groovy:44)
	at com.kms.katalon.core.keyword.internal.KeywordExecutor.executeKeywordForPlatform(KeywordExecutor.groovy:60)
	at com.kms.katalon.core.keyword.BuiltinKeywords.callTestCase(BuiltinKeywords.groovy:334)
	at Script1590528287645.run(Script1590528287645.groovy:19)
	... 13 more
)

2020-06-17 21:05:10 - [MESSAGE][FAILED] - Unable to set text '11666' of object 'Object Repository/Christi/Page_Main/input_NPK_username' (Root cause: com.kms.katalon.core.exception.StepFailedException: Unable to set text '11666' of object 'Object Repository/Christi/Page_Main/input_NPK_username'
	at com.kms.katalon.core.webui.keyword.internal.WebUIKeywordMain.stepFailed(WebUIKeywordMain.groovy:64)
	at com.kms.katalon.core.webui.keyword.internal.WebUIKeywordMain.runKeyword(WebUIKeywordMain.groovy:26)
	at com.kms.katalon.core.webui.keyword.builtin.SetTextKeyword.setText(SetTextKeyword.groovy:66)
	at com.kms.katalon.core.webui.keyword.builtin.SetTextKeyword.execute(SetTextKeyword.groovy:37)
	at com.kms.katalon.core.keyword.internal.KeywordExecutor.executeKeywordForPlatform(KeywordExecutor.groovy:60)
	at com.kms.katalon.core.webui.keyword.WebUiBuiltInKeywords.setText(WebUiBuiltInKeywords.groovy:950)
	at com.kms.katalon.core.webui.keyword.WebUiBuiltInKeywords$setText$2.call(Unknown Source)
	at admin login.run(admin login:26)
	at com.kms.katalon.core.main.ScriptEngine.run(ScriptEngine.java:194)
	at com.kms.katalon.core.main.ScriptEngine.runScriptAsRawText(ScriptEngine.java:119)
	at com.kms.katalon.core.main.TestCaseExecutor.runScript(TestCaseExecutor.java:337)
	at com.kms.katalon.core.main.TestCaseExecutor.doExecute(TestCaseExecutor.java:328)
	at com.kms.katalon.core.main.TestCaseExecutor.processExecutionPhase(TestCaseExecutor.java:307)
	at com.kms.katalon.core.main.TestCaseExecutor.accessMainPhase(TestCaseExecutor.java:299)
	at com.kms.katalon.core.main.TestCaseExecutor.execute(TestCaseExecutor.java:233)
	at com.kms.katalon.core.main.TestCaseMain.runTestCase(TestCaseMain.java:114)
	at com.kms.katalon.core.keyword.builtin.CallTestCaseKeyword$_callTestCase_closure1.doCall(CallTestCaseKeyword.groovy:59)
	at com.kms.katalon.core.keyword.builtin.CallTestCaseKeyword$_callTestCase_closure1.call(CallTestCaseKeyword.groovy)
	at com.kms.katalon.core.keyword.internal.KeywordMain.runKeyword(KeywordMain.groovy:68)
	at com.kms.katalon.core.keyword.builtin.CallTestCaseKeyword.callTestCase(CallTestCaseKeyword.groovy:81)
	at com.kms.katalon.core.keyword.builtin.CallTestCaseKeyword.execute(CallTestCaseKeyword.groovy:44)
	at com.kms.katalon.core.keyword.internal.KeywordExecutor.executeKeywordForPlatform(KeywordExecutor.groovy:60)
	at com.kms.katalon.core.keyword.BuiltinKeywords.callTestCase(BuiltinKeywords.groovy:334)
	at Edit.run(Edit:19)
	at com.kms.katalon.core.main.ScriptEngine.run(ScriptEngine.java:194)
	at com.kms.katalon.core.main.ScriptEngine.runScriptAsRawText(ScriptEngine.java:119)
	at com.kms.katalon.core.main.TestCaseExecutor.runScript(TestCaseExecutor.java:337)
	at com.kms.katalon.core.main.TestCaseExecutor.doExecute(TestCaseExecutor.java:328)
	at com.kms.katalon.core.main.TestCaseExecutor.processExecutionPhase(TestCaseExecutor.java:307)
	at com.kms.katalon.core.main.TestCaseExecutor.accessMainPhase(TestCaseExecutor.java:299)
	at com.kms.katalon.core.main.TestCaseExecutor.execute(TestCaseExecutor.java:233)
	at com.kms.katalon.core.main.TestSuiteExecutor.accessTestCaseMainPhase(TestSuiteExecutor.java:169)
	at com.kms.katalon.core.main.TestSuiteExecutor.accessTestSuiteMainPhase(TestSuiteExecutor.java:142)
	at com.kms.katalon.core.main.TestSuiteExecutor.execute(TestSuiteExecutor.java:91)
	at com.kms.katalon.core.main.TestCaseMain.startTestSuite(TestCaseMain.java:157)
	at com.kms.katalon.core.main.TestCaseMain$startTestSuite$0.call(Unknown Source)
	at TempTestSuite1592401186095.run(TempTestSuite1592401186095.groovy:36)
Caused by: org.openqa.selenium.ElementNotInteractableException: element not interactable
  (Session info: chrome=83.0.4103.106)
Build info: version: '3.141.59', revision: 'e82be7d358', time: '2018-11-14T08:25:53'
System info: host: 'LAPTOP-D0TPACJ1', ip: '192.168.100.227', os.name: 'Windows 10', os.arch: 'amd64', os.version: '10.0', java.version: '1.8.0_181'
Driver info: com.kms.katalon.selenium.driver.CChromeDriver
Capabilities {acceptInsecureCerts: false, browserName: chrome, browserVersion: 83.0.4103.106, chrome: {chromedriverVersion: 83.0.4103.39 (ccbf011cb2d2b..., userDataDir: C:\Users\ASUS\AppData\Local...}, goog:chromeOptions: {debuggerAddress: localhost:50016}, javascriptEnabled: true, networkConnectionEnabled: false, pageLoadStrategy: normal, platform: WINDOWS, platformName: WINDOWS, proxy: Proxy(), setWindowRect: true, strictFileInteractability: false, timeouts: {implicit: 0, pageLoad: 300000, script: 30000}, unhandledPromptBehavior: dismiss and notify, webauthn:virtualAuthenticators: true}
Session ID: 46a1beca4dfdb47fa9c1d3b31be7211c
	at org.openqa.selenium.remote.http.W3CHttpResponseCodec.createException(W3CHttpResponseCodec.java:187)
	at org.openqa.selenium.remote.http.W3CHttpResponseCodec.decode(W3CHttpResponseCodec.java:122)
	at org.openqa.selenium.remote.http.W3CHttpResponseCodec.decode(W3CHttpResponseCodec.java:49)
	at org.openqa.selenium.remote.HttpCommandExecutor.execute(HttpCommandExecutor.java:158)
	at org.openqa.selenium.remote.service.DriverCommandExecutor.execute(DriverCommandExecutor.java:83)
	at org.openqa.selenium.remote.RemoteWebDriver.execute(RemoteWebDriver.java:552)
	at com.kms.katalon.selenium.driver.CChromeDriver.execute(CChromeDriver.java:19)
	at org.openqa.selenium.remote.RemoteWebElement.execute(RemoteWebElement.java:285)
	at org.openqa.selenium.remote.RemoteWebElement.clear(RemoteWebElement.java:124)
	at org.openqa.selenium.support.events.EventFiringWebDriver$EventFiringWebElement.lambda$new$0(EventFiringWebDriver.java:404)
	at com.sun.proxy.$Proxy9.clear(Unknown Source)
	at org.openqa.selenium.support.events.EventFiringWebDriver$EventFiringWebElement.clear(EventFiringWebDriver.java:436)
	at com.kms.katalon.core.webui.keyword.builtin.SetTextKeyword$_setText_closure1.doCall(SetTextKeyword.groovy:53)
	at com.kms.katalon.core.webui.keyword.builtin.SetTextKeyword$_setText_closure1.call(SetTextKeyword.groovy)
	at com.kms.katalon.core.webui.keyword.internal.WebUIKeywordMain.runKeyword(WebUIKeywordMain.groovy:20)
	at com.kms.katalon.core.webui.keyword.builtin.SetTextKeyword.setText(SetTextKeyword.groovy:66)
	at com.kms.katalon.core.webui.keyword.builtin.SetTextKeyword.execute(SetTextKeyword.groovy:37)
	at com.kms.katalon.core.keyword.internal.KeywordExecutor.executeKeywordForPlatform(KeywordExecutor.groovy:60)
	at com.kms.katalon.core.webui.keyword.WebUiBuiltInKeywords.setText(WebUiBuiltInKeywords.groovy:950)
	at com.kms.katalon.core.webui.keyword.WebUiBuiltInKeywords$setText$2.call(Unknown Source)
	at Script1589339888128.run(Script1589339888128.groovy:26)
	at com.kms.katalon.core.main.ScriptEngine.run(ScriptEngine.java:194)
	at com.kms.katalon.core.main.ScriptEngine.runScriptAsRawText(ScriptEngine.java:119)
	at com.kms.katalon.core.main.TestCaseExecutor.runScript(TestCaseExecutor.java:337)
	at com.kms.katalon.core.main.TestCaseExecutor.doExecute(TestCaseExecutor.java:328)
	at com.kms.katalon.core.main.TestCaseExecutor.processExecutionPhase(TestCaseExecutor.java:307)
	at com.kms.katalon.core.main.TestCaseExecutor.accessMainPhase(TestCaseExecutor.java:299)
	at com.kms.katalon.core.main.TestCaseExecutor.execute(TestCaseExecutor.java:233)
	at com.kms.katalon.core.main.TestCaseMain.runTestCase(TestCaseMain.java:114)
	at com.kms.katalon.core.keyword.builtin.CallTestCaseKeyword$_callTestCase_closure1.doCall(CallTestCaseKeyword.groovy:59)
	at com.kms.katalon.core.keyword.builtin.CallTestCaseKeyword$_callTestCase_closure1.call(CallTestCaseKeyword.groovy)
	at com.kms.katalon.core.keyword.internal.KeywordMain.runKeyword(KeywordMain.groovy:68)
	at com.kms.katalon.core.keyword.builtin.CallTestCaseKeyword.callTestCase(CallTestCaseKeyword.groovy:81)
	at com.kms.katalon.core.keyword.builtin.CallTestCaseKeyword.execute(CallTestCaseKeyword.groovy:44)
	at com.kms.katalon.core.keyword.internal.KeywordExecutor.executeKeywordForPlatform(KeywordExecutor.groovy:60)
	at com.kms.katalon.core.keyword.BuiltinKeywords.callTestCase(BuiltinKeywords.groovy:334)
	at Script1590528287645.run(Script1590528287645.groovy:19)
	... 13 more
)
[[ATTACHMENT|C:\\Users\\ASUS\\git\\LearningManagementWebs\\Reports\\20200617_203946\\Alda\\Admin_Manage FAQ - Edit\\20200617_203946\\1592402709376.png]]

2020-06-17 21:05:10 - [MESSAGE][FAILED] - Unable to call Test Case 'Test Cases/Christi/Admin/admin login' (Root cause: com.kms.katalon.core.exception.StepFailedException: Call Test Case 'Test Cases/Christi/Admin/admin login' failed
	at com.kms.katalon.core.keyword.builtin.CallTestCaseKeyword$_callTestCase_closure1.doCall(CallTestCaseKeyword.groovy:63)
	at com.kms.katalon.core.keyword.builtin.CallTestCaseKeyword$_callTestCase_closure1.call(CallTestCaseKeyword.groovy)
	at com.kms.katalon.core.keyword.internal.KeywordMain.runKeyword(KeywordMain.groovy:68)
	at com.kms.katalon.core.keyword.builtin.CallTestCaseKeyword.callTestCase(CallTestCaseKeyword.groovy:81)
	at com.kms.katalon.core.keyword.builtin.CallTestCaseKeyword.execute(CallTestCaseKeyword.groovy:44)
	at com.kms.katalon.core.keyword.internal.KeywordExecutor.executeKeywordForPlatform(KeywordExecutor.groovy:60)
	at com.kms.katalon.core.keyword.BuiltinKeywords.callTestCase(BuiltinKeywords.groovy:334)
	at Edit.run(Edit:19)
	at com.kms.katalon.core.main.ScriptEngine.run(ScriptEngine.java:194)
	at com.kms.katalon.core.main.ScriptEngine.runScriptAsRawText(ScriptEngine.java:119)
	at com.kms.katalon.core.main.TestCaseExecutor.runScript(TestCaseExecutor.java:337)
	at com.kms.katalon.core.main.TestCaseExecutor.doExecute(TestCaseExecutor.java:328)
	at com.kms.katalon.core.main.TestCaseExecutor.processExecutionPhase(TestCaseExecutor.java:307)
	at com.kms.katalon.core.main.TestCaseExecutor.accessMainPhase(TestCaseExecutor.java:299)
	at com.kms.katalon.core.main.TestCaseExecutor.execute(TestCaseExecutor.java:233)
	at com.kms.katalon.core.main.TestSuiteExecutor.accessTestCaseMainPhase(TestSuiteExecutor.java:169)
	at com.kms.katalon.core.main.TestSuiteExecutor.accessTestSuiteMainPhase(TestSuiteExecutor.java:142)
	at com.kms.katalon.core.main.TestSuiteExecutor.execute(TestSuiteExecutor.java:91)
	at com.kms.katalon.core.main.TestCaseMain.startTestSuite(TestCaseMain.java:157)
	at com.kms.katalon.core.main.TestCaseMain$startTestSuite$0.call(Unknown Source)
	at TempTestSuite1592401186095.run(TempTestSuite1592401186095.groovy:36)
Caused by: com.kms.katalon.core.exception.StepFailedException: Unable to set text '11666' of object 'Object Repository/Christi/Page_Main/input_NPK_username'
	at com.kms.katalon.core.webui.keyword.internal.WebUIKeywordMain.stepFailed(WebUIKeywordMain.groovy:64)
	at com.kms.katalon.core.webui.keyword.internal.WebUIKeywordMain.runKeyword(WebUIKeywordMain.groovy:26)
	at com.kms.katalon.core.webui.keyword.builtin.SetTextKeyword.setText(SetTextKeyword.groovy:66)
	at com.kms.katalon.core.webui.keyword.builtin.SetTextKeyword.execute(SetTextKeyword.groovy:37)
	at com.kms.katalon.core.keyword.internal.KeywordExecutor.executeKeywordForPlatform(KeywordExecutor.groovy:60)
	at com.kms.katalon.core.webui.keyword.WebUiBuiltInKeywords.setText(WebUiBuiltInKeywords.groovy:950)
	at com.kms.katalon.core.webui.keyword.WebUiBuiltInKeywords$setText$2.call(Unknown Source)
	at admin login.run(admin login:26)
	at com.kms.katalon.core.main.ScriptEngine.run(ScriptEngine.java:194)
	at com.kms.katalon.core.main.ScriptEngine.runScriptAsRawText(ScriptEngine.java:119)
	at com.kms.katalon.core.main.TestCaseExecutor.runScript(TestCaseExecutor.java:337)
	at com.kms.katalon.core.main.TestCaseExecutor.doExecute(TestCaseExecutor.java:328)
	at com.kms.katalon.core.main.TestCaseExecutor.processExecutionPhase(TestCaseExecutor.java:307)
	at com.kms.katalon.core.main.TestCaseExecutor.accessMainPhase(TestCaseExecutor.java:299)
	at com.kms.katalon.core.main.TestCaseExecutor.execute(TestCaseExecutor.java:233)
	at com.kms.katalon.core.main.TestCaseMain.runTestCase(TestCaseMain.java:114)
	at com.kms.katalon.core.keyword.builtin.CallTestCaseKeyword$_callTestCase_closure1.doCall(CallTestCaseKeyword.groovy:59)
	... 20 more
Caused by: org.openqa.selenium.ElementNotInteractableException: element not interactable
  (Session info: chrome=83.0.4103.106)
Build info: version: '3.141.59', revision: 'e82be7d358', time: '2018-11-14T08:25:53'
System info: host: 'LAPTOP-D0TPACJ1', ip: '192.168.100.227', os.name: 'Windows 10', os.arch: 'amd64', os.version: '10.0', java.version: '1.8.0_181'
Driver info: com.kms.katalon.selenium.driver.CChromeDriver
Capabilities {acceptInsecureCerts: false, browserName: chrome, browserVersion: 83.0.4103.106, chrome: {chromedriverVersion: 83.0.4103.39 (ccbf011cb2d2b..., userDataDir: C:\Users\ASUS\AppData\Local...}, goog:chromeOptions: {debuggerAddress: localhost:50016}, javascriptEnabled: true, networkConnectionEnabled: false, pageLoadStrategy: normal, platform: WINDOWS, platformName: WINDOWS, proxy: Proxy(), setWindowRect: true, strictFileInteractability: false, timeouts: {implicit: 0, pageLoad: 300000, script: 30000}, unhandledPromptBehavior: dismiss and notify, webauthn:virtualAuthenticators: true}
Session ID: 46a1beca4dfdb47fa9c1d3b31be7211c
	at org.openqa.selenium.remote.http.W3CHttpResponseCodec.createException(W3CHttpResponseCodec.java:187)
	at org.openqa.selenium.remote.http.W3CHttpResponseCodec.decode(W3CHttpResponseCodec.java:122)
	at org.openqa.selenium.remote.http.W3CHttpResponseCodec.decode(W3CHttpResponseCodec.java:49)
	at org.openqa.selenium.remote.HttpCommandExecutor.execute(HttpCommandExecutor.java:158)
	at org.openqa.selenium.remote.service.DriverCommandExecutor.execute(DriverCommandExecutor.java:83)
	at org.openqa.selenium.remote.RemoteWebDriver.execute(RemoteWebDriver.java:552)
	at com.kms.katalon.selenium.driver.CChromeDriver.execute(CChromeDriver.java:19)
	at org.openqa.selenium.remote.RemoteWebElement.execute(RemoteWebElement.java:285)
	at org.openqa.selenium.remote.RemoteWebElement.clear(RemoteWebElement.java:124)
	at org.openqa.selenium.support.events.EventFiringWebDriver$EventFiringWebElement.lambda$new$0(EventFiringWebDriver.java:404)
	at com.sun.proxy.$Proxy9.clear(Unknown Source)
	at org.openqa.selenium.support.events.EventFiringWebDriver$EventFiringWebElement.clear(EventFiringWebDriver.java:436)
	at com.kms.katalon.core.webui.keyword.builtin.SetTextKeyword$_setText_closure1.doCall(SetTextKeyword.groovy:53)
	at com.kms.katalon.core.webui.keyword.builtin.SetTextKeyword$_setText_closure1.call(SetTextKeyword.groovy)
	at com.kms.katalon.core.webui.keyword.internal.WebUIKeywordMain.runKeyword(WebUIKeywordMain.groovy:20)
	... 35 more
)]]></system-out>
         <system-err><![CDATA[2020-06-17 21:03:21 - [TEST_CASE][FAILED] - Test Cases/Alda/Admin - Manage FAQ/Edit: Test Cases/Alda/Admin - Manage FAQ/Edit FAILED.
Reason:
com.kms.katalon.core.exception.StepFailedException: Call Test Case 'Test Cases/Christi/Admin/admin login' failed
	at com.kms.katalon.core.keyword.builtin.CallTestCaseKeyword$_callTestCase_closure1.doCall(CallTestCaseKeyword.groovy:63)
	at com.kms.katalon.core.keyword.builtin.CallTestCaseKeyword$_callTestCase_closure1.call(CallTestCaseKeyword.groovy)
	at com.kms.katalon.core.keyword.internal.KeywordMain.runKeyword(KeywordMain.groovy:68)
	at com.kms.katalon.core.keyword.builtin.CallTestCaseKeyword.callTestCase(CallTestCaseKeyword.groovy:81)
	at com.kms.katalon.core.keyword.builtin.CallTestCaseKeyword.execute(CallTestCaseKeyword.groovy:44)
	at com.kms.katalon.core.keyword.internal.KeywordExecutor.executeKeywordForPlatform(KeywordExecutor.groovy:60)
	at com.kms.katalon.core.keyword.BuiltinKeywords.callTestCase(BuiltinKeywords.groovy:334)
	at Edit.run(Edit:19)
	at com.kms.katalon.core.main.ScriptEngine.run(ScriptEngine.java:194)
	at com.kms.katalon.core.main.ScriptEngine.runScriptAsRawText(ScriptEngine.java:119)
	at com.kms.katalon.core.main.TestCaseExecutor.runScript(TestCaseExecutor.java:337)
	at com.kms.katalon.core.main.TestCaseExecutor.doExecute(TestCaseExecutor.java:328)
	at com.kms.katalon.core.main.TestCaseExecutor.processExecutionPhase(TestCaseExecutor.java:307)
	at com.kms.katalon.core.main.TestCaseExecutor.accessMainPhase(TestCaseExecutor.java:299)
	at com.kms.katalon.core.main.TestCaseExecutor.execute(TestCaseExecutor.java:233)
	at com.kms.katalon.core.main.TestSuiteExecutor.accessTestCaseMainPhase(TestSuiteExecutor.java:169)
	at com.kms.katalon.core.main.TestSuiteExecutor.accessTestSuiteMainPhase(TestSuiteExecutor.java:142)
	at com.kms.katalon.core.main.TestSuiteExecutor.execute(TestSuiteExecutor.java:91)
	at com.kms.katalon.core.main.TestCaseMain.startTestSuite(TestCaseMain.java:157)
	at com.kms.katalon.core.main.TestCaseMain$startTestSuite$0.call(Unknown Source)
	at TempTestSuite1592401186095.run(TempTestSuite1592401186095.groovy:36)
Caused by: com.kms.katalon.core.exception.StepFailedException: Unable to set text '11666' of object 'Object Repository/Christi/Page_Main/input_NPK_username'
	at com.kms.katalon.core.webui.keyword.internal.WebUIKeywordMain.stepFailed(WebUIKeywordMain.groovy:64)
	at com.kms.katalon.core.webui.keyword.internal.WebUIKeywordMain.runKeyword(WebUIKeywordMain.groovy:26)
	at com.kms.katalon.core.webui.keyword.builtin.SetTextKeyword.setText(SetTextKeyword.groovy:66)
	at com.kms.katalon.core.webui.keyword.builtin.SetTextKeyword.execute(SetTextKeyword.groovy:37)
	at com.kms.katalon.core.keyword.internal.KeywordExecutor.executeKeywordForPlatform(KeywordExecutor.groovy:60)
	at com.kms.katalon.core.webui.keyword.WebUiBuiltInKeywords.setText(WebUiBuiltInKeywords.groovy:950)
	at com.kms.katalon.core.webui.keyword.WebUiBuiltInKeywords$setText$2.call(Unknown Source)
	at admin login.run(admin login:26)
	at com.kms.katalon.core.main.ScriptEngine.run(ScriptEngine.java:194)
	at com.kms.katalon.core.main.ScriptEngine.runScriptAsRawText(ScriptEngine.java:119)
	at com.kms.katalon.core.main.TestCaseExecutor.runScript(TestCaseExecutor.java:337)
	at com.kms.katalon.core.main.TestCaseExecutor.doExecute(TestCaseExecutor.java:328)
	at com.kms.katalon.core.main.TestCaseExecutor.processExecutionPhase(TestCaseExecutor.java:307)
	at com.kms.katalon.core.main.TestCaseExecutor.accessMainPhase(TestCaseExecutor.java:299)
	at com.kms.katalon.core.main.TestCaseExecutor.execute(TestCaseExecutor.java:233)
	at com.kms.katalon.core.main.TestCaseMain.runTestCase(TestCaseMain.java:114)
	at com.kms.katalon.core.keyword.builtin.CallTestCaseKeyword$_callTestCase_closure1.doCall(CallTestCaseKeyword.groovy:59)
	... 20 more
Caused by: org.openqa.selenium.ElementNotInteractableException: element not interactable
  (Session info: chrome=83.0.4103.106)
Build info: version: '3.141.59', revision: 'e82be7d358', time: '2018-11-14T08:25:53'
System info: host: 'LAPTOP-D0TPACJ1', ip: '192.168.100.227', os.name: 'Windows 10', os.arch: 'amd64', os.version: '10.0', java.version: '1.8.0_181'
Driver info: com.kms.katalon.selenium.driver.CChromeDriver
Capabilities {acceptInsecureCerts: false, browserName: chrome, browserVersion: 83.0.4103.106, chrome: {chromedriverVersion: 83.0.4103.39 (ccbf011cb2d2b..., userDataDir: C:\Users\ASUS\AppData\Local...}, goog:chromeOptions: {debuggerAddress: localhost:50016}, javascriptEnabled: true, networkConnectionEnabled: false, pageLoadStrategy: normal, platform: WINDOWS, platformName: WINDOWS, proxy: Proxy(), setWindowRect: true, strictFileInteractability: false, timeouts: {implicit: 0, pageLoad: 300000, script: 30000}, unhandledPromptBehavior: dismiss and notify, webauthn:virtualAuthenticators: true}
Session ID: 46a1beca4dfdb47fa9c1d3b31be7211c
	at org.openqa.selenium.remote.http.W3CHttpResponseCodec.createException(W3CHttpResponseCodec.java:187)
	at org.openqa.selenium.remote.http.W3CHttpResponseCodec.decode(W3CHttpResponseCodec.java:122)
	at org.openqa.selenium.remote.http.W3CHttpResponseCodec.decode(W3CHttpResponseCodec.java:49)
	at org.openqa.selenium.remote.HttpCommandExecutor.execute(HttpCommandExecutor.java:158)
	at org.openqa.selenium.remote.service.DriverCommandExecutor.execute(DriverCommandExecutor.java:83)
	at org.openqa.selenium.remote.RemoteWebDriver.execute(RemoteWebDriver.java:552)
	at com.kms.katalon.selenium.driver.CChromeDriver.execute(CChromeDriver.java:19)
	at org.openqa.selenium.remote.RemoteWebElement.execute(RemoteWebElement.java:285)
	at org.openqa.selenium.remote.RemoteWebElement.clear(RemoteWebElement.java:124)
	at org.openqa.selenium.support.events.EventFiringWebDriver$EventFiringWebElement.lambda$new$0(EventFiringWebDriver.java:404)
	at com.sun.proxy.$Proxy9.clear(Unknown Source)
	at org.openqa.selenium.support.events.EventFiringWebDriver$EventFiringWebElement.clear(EventFiringWebDriver.java:436)
	at com.kms.katalon.core.webui.keyword.builtin.SetTextKeyword$_setText_closure1.doCall(SetTextKeyword.groovy:53)
	at com.kms.katalon.core.webui.keyword.builtin.SetTextKeyword$_setText_closure1.call(SetTextKeyword.groovy)
	at com.kms.katalon.core.webui.keyword.internal.WebUIKeywordMain.runKeyword(WebUIKeywordMain.groovy:20)
	... 35 more]]></system-err>
      </testcase>
      <testcase name="Test Cases/Alda/Admin - Manage FAQ/Edit" time="151.996" classname="Test Cases/Alda/Admin - Manage FAQ/Edit" status="FAILED">
         <failure type="FAILED" message="Test Cases/Alda/Admin - Manage FAQ/Edit FAILED.
Reason:
com.kms.katalon.core.exception.StepFailedException: Unable to verify object 'Object Repository/Alda/Admin - Manage FAQ/Page_Manage Faq/btn_save_edit' is present
	at com.kms.katalon.core.webui.keyword.internal.WebUIKeywordMain.stepFailed(WebUIKeywordMain.groovy:64)
	at com.kms.katalon.core.webui.keyword.internal.WebUIKeywordMain.runKeyword(WebUIKeywordMain.groovy:26)
	at com.kms.katalon.core.webui.keyword.builtin.VerifyElementPresentKeyword.verifyElementPresent(VerifyElementPresentKeyword.groovy:92)
	at com.kms.katalon.core.webui.keyword.builtin.VerifyElementPresentKeyword.execute(VerifyElementPresentKeyword.groovy:68)
	at com.kms.katalon.core.keyword.internal.KeywordExecutor.executeKeywordForPlatform(KeywordExecutor.groovy:60)
	at com.kms.katalon.core.webui.keyword.WebUiBuiltInKeywords.verifyElementPresent(WebUiBuiltInKeywords.groovy:1434)
	at com.kms.katalon.core.webui.keyword.WebUiBuiltInKeywords$verifyElementPresent$9.call(Unknown Source)
	at Edit.run(Edit:131)
	at com.kms.katalon.core.main.ScriptEngine.run(ScriptEngine.java:194)
	at com.kms.katalon.core.main.ScriptEngine.runScriptAsRawText(ScriptEngine.java:119)
	at com.kms.katalon.core.main.TestCaseExecutor.runScript(TestCaseExecutor.java:337)
	at com.kms.katalon.core.main.TestCaseExecutor.doExecute(TestCaseExecutor.java:328)
	at com.kms.katalon.core.main.TestCaseExecutor.processExecutionPhase(TestCaseExecutor.java:307)
	at com.kms.katalon.core.main.TestCaseExecutor.accessMainPhase(TestCaseExecutor.java:299)
	at com.kms.katalon.core.main.TestCaseExecutor.execute(TestCaseExecutor.java:233)
	at com.kms.katalon.core.main.TestSuiteExecutor.accessTestCaseMainPhase(TestSuiteExecutor.java:169)
	at com.kms.katalon.core.main.TestSuiteExecutor.accessTestSuiteMainPhase(TestSuiteExecutor.java:142)
	at com.kms.katalon.core.main.TestSuiteExecutor.execute(TestSuiteExecutor.java:91)
	at com.kms.katalon.core.main.TestCaseMain.startTestSuite(TestCaseMain.java:157)
	at com.kms.katalon.core.main.TestCaseMain$startTestSuite$0.call(Unknown Source)
	at TempTestSuite1592401186095.run(TempTestSuite1592401186095.groovy:36)
Caused by: com.kms.katalon.core.exception.StepFailedException: com.kms.katalon.core.webui.exception.WebElementNotFoundException: Web element with id: 'Object Repository/Alda/Admin - Manage FAQ/Page_Manage Faq/btn_save_edit' located by 'By.xpath: //body[@id='ng-app']/modal-container/app-page-managefaq/div/div/div/div[2]/div/div[7]/div/button/span' not found
	at com.kms.katalon.core.webui.keyword.internal.WebUIKeywordMain.stepFailed(WebUIKeywordMain.groovy:64)
	at com.kms.katalon.core.webui.keyword.builtin.VerifyElementPresentKeyword$_verifyElementPresent_closure1.doCall(VerifyElementPresentKeyword.groovy:85)
	at com.kms.katalon.core.webui.keyword.builtin.VerifyElementPresentKeyword$_verifyElementPresent_closure1.call(VerifyElementPresentKeyword.groovy)
	at com.kms.katalon.core.webui.keyword.internal.WebUIKeywordMain.runKeyword(WebUIKeywordMain.groovy:20)
	... 19 more
"/>
         <system-out><![CDATA[2020-06-17 21:05:10 - [TEST_CASE][FAILED] - Test Cases/Alda/Admin - Manage FAQ/Edit: Test Cases/Alda/Admin - Manage FAQ/Edit FAILED.
Reason:
com.kms.katalon.core.exception.StepFailedException: Unable to verify object 'Object Repository/Alda/Admin - Manage FAQ/Page_Manage Faq/btn_save_edit' is present
	at com.kms.katalon.core.webui.keyword.internal.WebUIKeywordMain.stepFailed(WebUIKeywordMain.groovy:64)
	at com.kms.katalon.core.webui.keyword.internal.WebUIKeywordMain.runKeyword(WebUIKeywordMain.groovy:26)
	at com.kms.katalon.core.webui.keyword.builtin.VerifyElementPresentKeyword.verifyElementPresent(VerifyElementPresentKeyword.groovy:92)
	at com.kms.katalon.core.webui.keyword.builtin.VerifyElementPresentKeyword.execute(VerifyElementPresentKeyword.groovy:68)
	at com.kms.katalon.core.keyword.internal.KeywordExecutor.executeKeywordForPlatform(KeywordExecutor.groovy:60)
	at com.kms.katalon.core.webui.keyword.WebUiBuiltInKeywords.verifyElementPresent(WebUiBuiltInKeywords.groovy:1434)
	at com.kms.katalon.core.webui.keyword.WebUiBuiltInKeywords$verifyElementPresent$9.call(Unknown Source)
	at Edit.run(Edit:131)
	at com.kms.katalon.core.main.ScriptEngine.run(ScriptEngine.java:194)
	at com.kms.katalon.core.main.ScriptEngine.runScriptAsRawText(ScriptEngine.java:119)
	at com.kms.katalon.core.main.TestCaseExecutor.runScript(TestCaseExecutor.java:337)
	at com.kms.katalon.core.main.TestCaseExecutor.doExecute(TestCaseExecutor.java:328)
	at com.kms.katalon.core.main.TestCaseExecutor.processExecutionPhase(TestCaseExecutor.java:307)
	at com.kms.katalon.core.main.TestCaseExecutor.accessMainPhase(TestCaseExecutor.java:299)
	at com.kms.katalon.core.main.TestCaseExecutor.execute(TestCaseExecutor.java:233)
	at com.kms.katalon.core.main.TestSuiteExecutor.accessTestCaseMainPhase(TestSuiteExecutor.java:169)
	at com.kms.katalon.core.main.TestSuiteExecutor.accessTestSuiteMainPhase(TestSuiteExecutor.java:142)
	at com.kms.katalon.core.main.TestSuiteExecutor.execute(TestSuiteExecutor.java:91)
	at com.kms.katalon.core.main.TestCaseMain.startTestSuite(TestCaseMain.java:157)
	at com.kms.katalon.core.main.TestCaseMain$startTestSuite$0.call(Unknown Source)
	at TempTestSuite1592401186095.run(TempTestSuite1592401186095.groovy:36)
Caused by: com.kms.katalon.core.exception.StepFailedException: com.kms.katalon.core.webui.exception.WebElementNotFoundException: Web element with id: 'Object Repository/Alda/Admin - Manage FAQ/Page_Manage Faq/btn_save_edit' located by 'By.xpath: //body[@id='ng-app']/modal-container/app-page-managefaq/div/div/div/div[2]/div/div[7]/div/button/span' not found
	at com.kms.katalon.core.webui.keyword.internal.WebUIKeywordMain.stepFailed(WebUIKeywordMain.groovy:64)
	at com.kms.katalon.core.webui.keyword.builtin.VerifyElementPresentKeyword$_verifyElementPresent_closure1.doCall(VerifyElementPresentKeyword.groovy:85)
	at com.kms.katalon.core.webui.keyword.builtin.VerifyElementPresentKeyword$_verifyElementPresent_closure1.call(VerifyElementPresentKeyword.groovy)
	at com.kms.katalon.core.webui.keyword.internal.WebUIKeywordMain.runKeyword(WebUIKeywordMain.groovy:20)
	... 19 more


2020-06-17 21:05:10 - [TEST_STEP][PASSED] - callTestCase(findTestCase("Christi/Admin/admin login"), ["username":"11666", "password":"Password3"], STOP_ON_FAILURE): Call Test Case 'Test Cases/Christi/Admin/admin login' successfully

2020-06-17 21:05:10 - [TEST_CASE][PASSED] - Test Cases/Christi/Admin/admin login: Test Cases/Christi/Admin/admin login

2020-06-17 21:05:10 - [TEST_STEP][PASSED] - openBrowser(""): Browser is opened with url: ''

2020-06-17 21:05:10 - [MESSAGE][WARNING] - A browser is already opened. Closing browser and opening a new one

2020-06-17 21:05:12 - [MESSAGE][INFO] - Starting 'Chrome' driver

2020-06-17 21:05:15 - [MESSAGE][PASSED] - Browser is opened with url: ''

2020-06-17 21:05:15 - [TEST_STEP][PASSED] - navigateToUrl("https://appsrv1.deltadatamandiri.com/ACC_LMS_WEB/#/admNLmn"): Navigate to 'https://appsrv1.deltadatamandiri.com/ACC_LMS_WEB/#/admNLmn' successfully

2020-06-17 21:05:57 - [MESSAGE][PASSED] - Navigate to 'https://appsrv1.deltadatamandiri.com/ACC_LMS_WEB/#/admNLmn' successfully

2020-06-17 21:05:57 - [TEST_STEP][PASSED] - click(findTestObject("Christi/Page_Main/button_login")): Object: 'Object Repository/Christi/Page_Main/button_login' is clicked on

2020-06-17 21:06:06 - [MESSAGE][ERROR] - javascript error: Failed to execute 'elementsFromPoint' on 'Document': The provided double value is non-finite.
  (Session info: chrome=83.0.4103.106)
Build info: version: '3.141.59', revision: 'e82be7d358', time: '2018-11-14T08:25:53'
System info: host: 'LAPTOP-D0TPACJ1', ip: '192.168.100.227', os.name: 'Windows 10', os.arch: 'amd64', os.version: '10.0', java.version: '1.8.0_181'
Driver info: com.kms.katalon.selenium.driver.CChromeDriver
Capabilities {acceptInsecureCerts: false, browserName: chrome, browserVersion: 83.0.4103.106, chrome: {chromedriverVersion: 83.0.4103.39 (ccbf011cb2d2b..., userDataDir: C:\Users\ASUS\AppData\Local...}, goog:chromeOptions: {debuggerAddress: localhost:50075}, javascriptEnabled: true, networkConnectionEnabled: false, pageLoadStrategy: normal, platform: WINDOWS, platformName: WINDOWS, proxy: Proxy(), setWindowRect: true, strictFileInteractability: false, timeouts: {implicit: 0, pageLoad: 300000, script: 30000}, unhandledPromptBehavior: dismiss and notify, webauthn:virtualAuthenticators: true}
Session ID: 87382329fd36fd83dc613bbaf1367f0e

2020-06-17 21:06:07 - [MESSAGE][PASSED] - Object: 'Object Repository/Christi/Page_Main/button_login' is clicked on

2020-06-17 21:06:07 - [TEST_STEP][PASSED] - delay(3): Delayed 3 second(s)

2020-06-17 21:06:10 - [MESSAGE][PASSED] - Delayed 3 second(s)

2020-06-17 21:06:10 - [TEST_STEP][PASSED] - setText(findTestObject("Object Repository/Christi/Page_Main/input_NPK_username"), username): Text '11666' is set on object 'Object Repository/Christi/Page_Main/input_NPK_username'

2020-06-17 21:06:11 - [MESSAGE][PASSED] - Text '11666' is set on object 'Object Repository/Christi/Page_Main/input_NPK_username'

2020-06-17 21:06:11 - [TEST_STEP][PASSED] - setText(findTestObject("Object Repository/Christi/Page_Main/input_Password_password"), password): Text 'Password3' is set on object 'Object Repository/Christi/Page_Main/input_Password_password'

2020-06-17 21:06:12 - [MESSAGE][PASSED] - Text 'Password3' is set on object 'Object Repository/Christi/Page_Main/input_Password_password'

2020-06-17 21:06:12 - [TEST_STEP][PASSED] - delay(5): Delayed 5 second(s)

2020-06-17 21:06:17 - [MESSAGE][PASSED] - Delayed 5 second(s)

2020-06-17 21:06:17 - [TEST_STEP][PASSED] - click(findTestObject("Rizka/Admin/Admin - Login/btnLogin2")): Object: 'Object Repository/Rizka/Admin/Admin - Login/btnLogin2' is clicked on

2020-06-17 21:06:18 - [MESSAGE][PASSED] - Object: 'Object Repository/Rizka/Admin/Admin - Login/btnLogin2' is clicked on

2020-06-17 21:06:18 - [TEST_STEP][PASSED] - delay(5): Delayed 5 second(s)

2020-06-17 21:06:23 - [MESSAGE][PASSED] - Delayed 5 second(s)

2020-06-17 21:06:23 - [MESSAGE][PASSED] - Call Test Case 'Test Cases/Christi/Admin/admin login' successfully

2020-06-17 21:06:23 - [TEST_STEP][PASSED] - delay(5): Delayed 5 second(s)

2020-06-17 21:06:28 - [MESSAGE][PASSED] - Delayed 5 second(s)

2020-06-17 21:06:28 - [TEST_STEP][PASSED] - click(findTestObject("Christi/Page_Dashboard Admin/span_Manage FAQ")): Object: 'Object Repository/Christi/Page_Dashboard Admin/span_Manage FAQ' is clicked on

2020-06-17 21:06:29 - [MESSAGE][PASSED] - Object: 'Object Repository/Christi/Page_Dashboard Admin/span_Manage FAQ' is clicked on

2020-06-17 21:06:29 - [TEST_STEP][PASSED] - click(findTestObject("Alda/Admin - Manage FAQ/Page_Manage Faq/input_search")): Object: 'Object Repository/Alda/Admin - Manage FAQ/Page_Manage Faq/input_search' is clicked on

2020-06-17 21:06:33 - [MESSAGE][PASSED] - Object: 'Object Repository/Alda/Admin - Manage FAQ/Page_Manage Faq/input_search' is clicked on

2020-06-17 21:06:33 - [TEST_STEP][PASSED] - setText(findTestObject("Alda/Admin - Manage FAQ/Page_Manage Faq/input_search"), var_search): Text 'question 1 adalah?' is set on object 'Object Repository/Alda/Admin - Manage FAQ/Page_Manage Faq/input_search'

2020-06-17 21:06:37 - [MESSAGE][PASSED] - Text 'question 1 adalah?' is set on object 'Object Repository/Alda/Admin - Manage FAQ/Page_Manage Faq/input_search'

2020-06-17 21:06:37 - [TEST_STEP][PASSED] - click(findTestObject("Christi/Page_Manage Faq/button_Clear button_app-search-button wi wi-search"), STOP_ON_FAILURE): Object: 'Object Repository/Christi/Page_Manage Faq/button_Clear button_app-search-button wi wi-search' is clicked on

2020-06-17 21:06:38 - [MESSAGE][PASSED] - Object: 'Object Repository/Christi/Page_Manage Faq/button_Clear button_app-search-button wi wi-search' is clicked on

2020-06-17 21:06:38 - [TEST_STEP][FAILED] - if (expected_search == "found"): Unable to verify object 'Object Repository/Alda/Admin - Manage FAQ/Page_Manage Faq/btn_save_edit' is present (Root cause: com.kms.katalon.core.exception.StepFailedException: Unable to verify object 'Object Repository/Alda/Admin - Manage FAQ/Page_Manage Faq/btn_save_edit' is present
	at com.kms.katalon.core.webui.keyword.internal.WebUIKeywordMain.stepFailed(WebUIKeywordMain.groovy:64)
	at com.kms.katalon.core.webui.keyword.internal.WebUIKeywordMain.runKeyword(WebUIKeywordMain.groovy:26)
	at com.kms.katalon.core.webui.keyword.builtin.VerifyElementPresentKeyword.verifyElementPresent(VerifyElementPresentKeyword.groovy:92)
	at com.kms.katalon.core.webui.keyword.builtin.VerifyElementPresentKeyword.execute(VerifyElementPresentKeyword.groovy:68)
	at com.kms.katalon.core.keyword.internal.KeywordExecutor.executeKeywordForPlatform(KeywordExecutor.groovy:60)
	at com.kms.katalon.core.webui.keyword.WebUiBuiltInKeywords.verifyElementPresent(WebUiBuiltInKeywords.groovy:1434)
	at com.kms.katalon.core.webui.keyword.WebUiBuiltInKeywords$verifyElementPresent$9.call(Unknown Source)
	at Edit.run(Edit:131)
	at com.kms.katalon.core.main.ScriptEngine.run(ScriptEngine.java:194)
	at com.kms.katalon.core.main.ScriptEngine.runScriptAsRawText(ScriptEngine.java:119)
	at com.kms.katalon.core.main.TestCaseExecutor.runScript(TestCaseExecutor.java:337)
	at com.kms.katalon.core.main.TestCaseExecutor.doExecute(TestCaseExecutor.java:328)
	at com.kms.katalon.core.main.TestCaseExecutor.processExecutionPhase(TestCaseExecutor.java:307)
	at com.kms.katalon.core.main.TestCaseExecutor.accessMainPhase(TestCaseExecutor.java:299)
	at com.kms.katalon.core.main.TestCaseExecutor.execute(TestCaseExecutor.java:233)
	at com.kms.katalon.core.main.TestSuiteExecutor.accessTestCaseMainPhase(TestSuiteExecutor.java:169)
	at com.kms.katalon.core.main.TestSuiteExecutor.accessTestSuiteMainPhase(TestSuiteExecutor.java:142)
	at com.kms.katalon.core.main.TestSuiteExecutor.execute(TestSuiteExecutor.java:91)
	at com.kms.katalon.core.main.TestCaseMain.startTestSuite(TestCaseMain.java:157)
	at com.kms.katalon.core.main.TestCaseMain$startTestSuite$0.call(Unknown Source)
	at TempTestSuite1592401186095.run(TempTestSuite1592401186095.groovy:36)
Caused by: com.kms.katalon.core.exception.StepFailedException: com.kms.katalon.core.webui.exception.WebElementNotFoundException: Web element with id: 'Object Repository/Alda/Admin - Manage FAQ/Page_Manage Faq/btn_save_edit' located by 'By.xpath: //body[@id='ng-app']/modal-container/app-page-managefaq/div/div/div/div[2]/div/div[7]/div/button/span' not found
	at com.kms.katalon.core.webui.keyword.internal.WebUIKeywordMain.stepFailed(WebUIKeywordMain.groovy:64)
	at com.kms.katalon.core.webui.keyword.builtin.VerifyElementPresentKeyword$_verifyElementPresent_closure1.doCall(VerifyElementPresentKeyword.groovy:85)
	at com.kms.katalon.core.webui.keyword.builtin.VerifyElementPresentKeyword$_verifyElementPresent_closure1.call(VerifyElementPresentKeyword.groovy)
	at com.kms.katalon.core.webui.keyword.internal.WebUIKeywordMain.runKeyword(WebUIKeywordMain.groovy:20)
	... 19 more
)

2020-06-17 21:06:38 - [TEST_STEP][PASSED] - verifyElementVisible(findTestObject("Alda/Admin - Manage FAQ/Page_Manage Faq/label_search_visible", ["text":var_search])): Object 'Object Repository/Alda/Admin - Manage FAQ/Page_Manage Faq/label_search_visible' is visible

2020-06-17 21:06:42 - [MESSAGE][PASSED] - Object 'Object Repository/Alda/Admin - Manage FAQ/Page_Manage Faq/label_search_visible' is visible

2020-06-17 21:06:42 - [TEST_STEP][PASSED] - delay(5): Delayed 5 second(s)

2020-06-17 21:06:47 - [MESSAGE][PASSED] - Delayed 5 second(s)

2020-06-17 21:06:47 - [TEST_STEP][PASSED] - click(findTestObject("Alda/Admin - Manage FAQ/Page_Manage Faq/btn_edit")): Object: 'Object Repository/Alda/Admin - Manage FAQ/Page_Manage Faq/btn_edit' is clicked on

2020-06-17 21:06:47 - [MESSAGE][PASSED] - Object: 'Object Repository/Alda/Admin - Manage FAQ/Page_Manage Faq/btn_edit' is clicked on

2020-06-17 21:06:47 - [TEST_STEP][PASSED] - verifyElementVisible(findTestObject("Object Repository/Alda/Admin - Manage FAQ/Page_Manage Faq/header_edit_page")): Object 'Object Repository/Alda/Admin - Manage FAQ/Page_Manage Faq/header_edit_page' is visible

2020-06-17 21:06:51 - [MESSAGE][PASSED] - Object 'Object Repository/Alda/Admin - Manage FAQ/Page_Manage Faq/header_edit_page' is visible

2020-06-17 21:06:51 - [TEST_STEP][PASSED] - switch (opsi_edit.toString()): null

2020-06-17 21:06:51 - [TEST_STEP][PASSED] - case "all":: null

2020-06-17 21:06:51 - [TEST_STEP][PASSED] - clearText(findTestObject("Alda/Admin - Manage FAQ/Page_Manage Faq/edit_question"), STOP_ON_FAILURE): Text of object 'Object Repository/Alda/Admin - Manage FAQ/Page_Manage Faq/edit_question' is cleared

2020-06-17 21:06:52 - [MESSAGE][PASSED] - Text of object 'Object Repository/Alda/Admin - Manage FAQ/Page_Manage Faq/edit_question' is cleared

2020-06-17 21:06:52 - [TEST_STEP][PASSED] - if (var_question_new != ""): Text 'question5' is set on object 'Object Repository/Alda/Admin - Manage FAQ/Page_Manage Faq/edit_question'

2020-06-17 21:06:52 - [TEST_STEP][PASSED] - setText(findTestObject("Alda/Admin - Manage FAQ/Page_Manage Faq/edit_question"), var_question_new): Text 'question5' is set on object 'Object Repository/Alda/Admin - Manage FAQ/Page_Manage Faq/edit_question'

2020-06-17 21:06:53 - [MESSAGE][PASSED] - Text 'question5' is set on object 'Object Repository/Alda/Admin - Manage FAQ/Page_Manage Faq/edit_question'

2020-06-17 21:06:53 - [TEST_STEP][PASSED] - clearText(findTestObject("Alda/Admin - Manage FAQ/Page_Manage Faq/edit_answer"), STOP_ON_FAILURE): Text of object 'Object Repository/Alda/Admin - Manage FAQ/Page_Manage Faq/edit_answer' is cleared

2020-06-17 21:06:53 - [MESSAGE][PASSED] - Text of object 'Object Repository/Alda/Admin - Manage FAQ/Page_Manage Faq/edit_answer' is cleared

2020-06-17 21:06:53 - [TEST_STEP][PASSED] - if (var_answer_new != ""): null

2020-06-17 21:06:53 - [TEST_STEP][PASSED] - uploadFile(findTestObject("Alda/Admin - Manage FAQ/Page_Manage Faq/edit_gambar"), var_gambar_new): File 'C:\Users\ASUS\git\LearningManagementWebs\gambar_alda.jpg' sent to object: 'Object Repository/Alda/Admin - Manage FAQ/Page_Manage Faq/edit_gambar'

2020-06-17 21:06:54 - [MESSAGE][PASSED] - File 'C:\Users\ASUS\git\LearningManagementWebs\gambar_alda.jpg' sent to object: 'Object Repository/Alda/Admin - Manage FAQ/Page_Manage Faq/edit_gambar'

2020-06-17 21:06:54 - [TEST_STEP][PASSED] - if (var_gambar_new != ""): null

2020-06-17 21:06:54 - [TEST_STEP][PASSED] - if (expected_image == "file to big"): null

2020-06-17 21:06:54 - [TEST_STEP][PASSED] - if (var_tag_new != ""): null

2020-06-17 21:06:54 - [TEST_STEP][PASSED] - break: null

2020-06-17 21:06:54 - [TEST_STEP][PASSED] - if (expected_output == "pass"): null

2020-06-17 21:06:54 - [TEST_STEP][FAILED] - else if (expected_output == "fail"): Unable to verify object 'Object Repository/Alda/Admin - Manage FAQ/Page_Manage Faq/btn_save_edit' is present (Root cause: com.kms.katalon.core.exception.StepFailedException: Unable to verify object 'Object Repository/Alda/Admin - Manage FAQ/Page_Manage Faq/btn_save_edit' is present
	at com.kms.katalon.core.webui.keyword.internal.WebUIKeywordMain.stepFailed(WebUIKeywordMain.groovy:64)
	at com.kms.katalon.core.webui.keyword.internal.WebUIKeywordMain.runKeyword(WebUIKeywordMain.groovy:26)
	at com.kms.katalon.core.webui.keyword.builtin.VerifyElementPresentKeyword.verifyElementPresent(VerifyElementPresentKeyword.groovy:92)
	at com.kms.katalon.core.webui.keyword.builtin.VerifyElementPresentKeyword.execute(VerifyElementPresentKeyword.groovy:68)
	at com.kms.katalon.core.keyword.internal.KeywordExecutor.executeKeywordForPlatform(KeywordExecutor.groovy:60)
	at com.kms.katalon.core.webui.keyword.WebUiBuiltInKeywords.verifyElementPresent(WebUiBuiltInKeywords.groovy:1434)
	at com.kms.katalon.core.webui.keyword.WebUiBuiltInKeywords$verifyElementPresent$9.call(Unknown Source)
	at Edit.run(Edit:131)
	at com.kms.katalon.core.main.ScriptEngine.run(ScriptEngine.java:194)
	at com.kms.katalon.core.main.ScriptEngine.runScriptAsRawText(ScriptEngine.java:119)
	at com.kms.katalon.core.main.TestCaseExecutor.runScript(TestCaseExecutor.java:337)
	at com.kms.katalon.core.main.TestCaseExecutor.doExecute(TestCaseExecutor.java:328)
	at com.kms.katalon.core.main.TestCaseExecutor.processExecutionPhase(TestCaseExecutor.java:307)
	at com.kms.katalon.core.main.TestCaseExecutor.accessMainPhase(TestCaseExecutor.java:299)
	at com.kms.katalon.core.main.TestCaseExecutor.execute(TestCaseExecutor.java:233)
	at com.kms.katalon.core.main.TestSuiteExecutor.accessTestCaseMainPhase(TestSuiteExecutor.java:169)
	at com.kms.katalon.core.main.TestSuiteExecutor.accessTestSuiteMainPhase(TestSuiteExecutor.java:142)
	at com.kms.katalon.core.main.TestSuiteExecutor.execute(TestSuiteExecutor.java:91)
	at com.kms.katalon.core.main.TestCaseMain.startTestSuite(TestCaseMain.java:157)
	at com.kms.katalon.core.main.TestCaseMain$startTestSuite$0.call(Unknown Source)
	at TempTestSuite1592401186095.run(TempTestSuite1592401186095.groovy:36)
Caused by: com.kms.katalon.core.exception.StepFailedException: com.kms.katalon.core.webui.exception.WebElementNotFoundException: Web element with id: 'Object Repository/Alda/Admin - Manage FAQ/Page_Manage Faq/btn_save_edit' located by 'By.xpath: //body[@id='ng-app']/modal-container/app-page-managefaq/div/div/div/div[2]/div/div[7]/div/button/span' not found
	at com.kms.katalon.core.webui.keyword.internal.WebUIKeywordMain.stepFailed(WebUIKeywordMain.groovy:64)
	at com.kms.katalon.core.webui.keyword.builtin.VerifyElementPresentKeyword$_verifyElementPresent_closure1.doCall(VerifyElementPresentKeyword.groovy:85)
	at com.kms.katalon.core.webui.keyword.builtin.VerifyElementPresentKeyword$_verifyElementPresent_closure1.call(VerifyElementPresentKeyword.groovy)
	at com.kms.katalon.core.webui.keyword.internal.WebUIKeywordMain.runKeyword(WebUIKeywordMain.groovy:20)
	... 19 more
)

2020-06-17 21:06:55 - [TEST_STEP][PASSED] - click(findTestObject("Object Repository/Alda/Admin - Manage FAQ/Page_Manage Faq/btn_save_edit")): Object: 'Object Repository/Alda/Admin - Manage FAQ/Page_Manage Faq/btn_save_edit' is clicked on

2020-06-17 21:06:55 - [MESSAGE][PASSED] - Object: 'Object Repository/Alda/Admin - Manage FAQ/Page_Manage Faq/btn_save_edit' is clicked on

2020-06-17 21:06:55 - [TEST_STEP][PASSED] - delay(3): Delayed 3 second(s)

2020-06-17 21:06:58 - [MESSAGE][PASSED] - Delayed 3 second(s)

2020-06-17 21:06:58 - [TEST_STEP][FAILED] - verifyElementPresent(findTestObject("Alda/Admin - Manage FAQ/Page_Manage Faq/btn_save_edit"), 0): Unable to verify object 'Object Repository/Alda/Admin - Manage FAQ/Page_Manage Faq/btn_save_edit' is present (Root cause: com.kms.katalon.core.exception.StepFailedException: Unable to verify object 'Object Repository/Alda/Admin - Manage FAQ/Page_Manage Faq/btn_save_edit' is present
	at com.kms.katalon.core.webui.keyword.internal.WebUIKeywordMain.stepFailed(WebUIKeywordMain.groovy:64)
	at com.kms.katalon.core.webui.keyword.internal.WebUIKeywordMain.runKeyword(WebUIKeywordMain.groovy:26)
	at com.kms.katalon.core.webui.keyword.builtin.VerifyElementPresentKeyword.verifyElementPresent(VerifyElementPresentKeyword.groovy:92)
	at com.kms.katalon.core.webui.keyword.builtin.VerifyElementPresentKeyword.execute(VerifyElementPresentKeyword.groovy:68)
	at com.kms.katalon.core.keyword.internal.KeywordExecutor.executeKeywordForPlatform(KeywordExecutor.groovy:60)
	at com.kms.katalon.core.webui.keyword.WebUiBuiltInKeywords.verifyElementPresent(WebUiBuiltInKeywords.groovy:1434)
	at com.kms.katalon.core.webui.keyword.WebUiBuiltInKeywords$verifyElementPresent$9.call(Unknown Source)
	at Edit.run(Edit:131)
	at com.kms.katalon.core.main.ScriptEngine.run(ScriptEngine.java:194)
	at com.kms.katalon.core.main.ScriptEngine.runScriptAsRawText(ScriptEngine.java:119)
	at com.kms.katalon.core.main.TestCaseExecutor.runScript(TestCaseExecutor.java:337)
	at com.kms.katalon.core.main.TestCaseExecutor.doExecute(TestCaseExecutor.java:328)
	at com.kms.katalon.core.main.TestCaseExecutor.processExecutionPhase(TestCaseExecutor.java:307)
	at com.kms.katalon.core.main.TestCaseExecutor.accessMainPhase(TestCaseExecutor.java:299)
	at com.kms.katalon.core.main.TestCaseExecutor.execute(TestCaseExecutor.java:233)
	at com.kms.katalon.core.main.TestSuiteExecutor.accessTestCaseMainPhase(TestSuiteExecutor.java:169)
	at com.kms.katalon.core.main.TestSuiteExecutor.accessTestSuiteMainPhase(TestSuiteExecutor.java:142)
	at com.kms.katalon.core.main.TestSuiteExecutor.execute(TestSuiteExecutor.java:91)
	at com.kms.katalon.core.main.TestCaseMain.startTestSuite(TestCaseMain.java:157)
	at com.kms.katalon.core.main.TestCaseMain$startTestSuite$0.call(Unknown Source)
	at TempTestSuite1592401186095.run(TempTestSuite1592401186095.groovy:36)
Caused by: com.kms.katalon.core.exception.StepFailedException: com.kms.katalon.core.webui.exception.WebElementNotFoundException: Web element with id: 'Object Repository/Alda/Admin - Manage FAQ/Page_Manage Faq/btn_save_edit' located by 'By.xpath: //body[@id='ng-app']/modal-container/app-page-managefaq/div/div/div/div[2]/div/div[7]/div/button/span' not found
	at com.kms.katalon.core.webui.keyword.internal.WebUIKeywordMain.stepFailed(WebUIKeywordMain.groovy:64)
	at com.kms.katalon.core.webui.keyword.builtin.VerifyElementPresentKeyword$_verifyElementPresent_closure1.doCall(VerifyElementPresentKeyword.groovy:85)
	at com.kms.katalon.core.webui.keyword.builtin.VerifyElementPresentKeyword$_verifyElementPresent_closure1.call(VerifyElementPresentKeyword.groovy)
	at com.kms.katalon.core.webui.keyword.internal.WebUIKeywordMain.runKeyword(WebUIKeywordMain.groovy:20)
	... 19 more
)

2020-06-17 21:06:58 - [MESSAGE][WARNING] - Timeout '0' is invalid. Using default page load timeout: '30'

2020-06-17 21:07:41 - [MESSAGE][INFO] - Unable to find the element located by 'By.xpath: //body[@id='ng-app']/modal-container/app-page-managefaq/div/div/div/div[2]/div/div[7]/div/button/span'. Please recheck the objects properties to make sure the desired element is located. 

2020-06-17 21:07:42 - [MESSAGE][FAILED] - com.kms.katalon.core.webui.exception.WebElementNotFoundException: Web element with id: 'Object Repository/Alda/Admin - Manage FAQ/Page_Manage Faq/btn_save_edit' located by 'By.xpath: //body[@id='ng-app']/modal-container/app-page-managefaq/div/div/div/div[2]/div/div[7]/div/button/span' not found (Root cause: com.kms.katalon.core.exception.StepFailedException: com.kms.katalon.core.webui.exception.WebElementNotFoundException: Web element with id: 'Object Repository/Alda/Admin - Manage FAQ/Page_Manage Faq/btn_save_edit' located by 'By.xpath: //body[@id='ng-app']/modal-container/app-page-managefaq/div/div/div/div[2]/div/div[7]/div/button/span' not found
	at com.kms.katalon.core.webui.keyword.internal.WebUIKeywordMain.stepFailed(WebUIKeywordMain.groovy:64)
	at com.kms.katalon.core.webui.keyword.builtin.VerifyElementPresentKeyword$_verifyElementPresent_closure1.doCall(VerifyElementPresentKeyword.groovy:85)
	at com.kms.katalon.core.webui.keyword.builtin.VerifyElementPresentKeyword$_verifyElementPresent_closure1.call(VerifyElementPresentKeyword.groovy)
	at com.kms.katalon.core.webui.keyword.internal.WebUIKeywordMain.runKeyword(WebUIKeywordMain.groovy:20)
	at com.kms.katalon.core.webui.keyword.builtin.VerifyElementPresentKeyword.verifyElementPresent(VerifyElementPresentKeyword.groovy:92)
	at com.kms.katalon.core.webui.keyword.builtin.VerifyElementPresentKeyword.execute(VerifyElementPresentKeyword.groovy:68)
	at com.kms.katalon.core.keyword.internal.KeywordExecutor.executeKeywordForPlatform(KeywordExecutor.groovy:60)
	at com.kms.katalon.core.webui.keyword.WebUiBuiltInKeywords.verifyElementPresent(WebUiBuiltInKeywords.groovy:1434)
	at com.kms.katalon.core.webui.keyword.WebUiBuiltInKeywords$verifyElementPresent$9.call(Unknown Source)
	at Edit.run(Edit:131)
	at com.kms.katalon.core.main.ScriptEngine.run(ScriptEngine.java:194)
	at com.kms.katalon.core.main.ScriptEngine.runScriptAsRawText(ScriptEngine.java:119)
	at com.kms.katalon.core.main.TestCaseExecutor.runScript(TestCaseExecutor.java:337)
	at com.kms.katalon.core.main.TestCaseExecutor.doExecute(TestCaseExecutor.java:328)
	at com.kms.katalon.core.main.TestCaseExecutor.processExecutionPhase(TestCaseExecutor.java:307)
	at com.kms.katalon.core.main.TestCaseExecutor.accessMainPhase(TestCaseExecutor.java:299)
	at com.kms.katalon.core.main.TestCaseExecutor.execute(TestCaseExecutor.java:233)
	at com.kms.katalon.core.main.TestSuiteExecutor.accessTestCaseMainPhase(TestSuiteExecutor.java:169)
	at com.kms.katalon.core.main.TestSuiteExecutor.accessTestSuiteMainPhase(TestSuiteExecutor.java:142)
	at com.kms.katalon.core.main.TestSuiteExecutor.execute(TestSuiteExecutor.java:91)
	at com.kms.katalon.core.main.TestCaseMain.startTestSuite(TestCaseMain.java:157)
	at com.kms.katalon.core.main.TestCaseMain$startTestSuite$0.call(Unknown Source)
	at TempTestSuite1592401186095.run(TempTestSuite1592401186095.groovy:36)
)
[[ATTACHMENT|C:\\Users\\ASUS\\git\\LearningManagementWebs\\Reports\\20200617_203946\\Alda\\Admin_Manage FAQ - Edit\\20200617_203946\\1592402861927.png]]

2020-06-17 21:07:42 - [MESSAGE][FAILED] - Unable to verify object 'Object Repository/Alda/Admin - Manage FAQ/Page_Manage Faq/btn_save_edit' is present (Root cause: com.kms.katalon.core.exception.StepFailedException: Unable to verify object 'Object Repository/Alda/Admin - Manage FAQ/Page_Manage Faq/btn_save_edit' is present
	at com.kms.katalon.core.webui.keyword.internal.WebUIKeywordMain.stepFailed(WebUIKeywordMain.groovy:64)
	at com.kms.katalon.core.webui.keyword.internal.WebUIKeywordMain.runKeyword(WebUIKeywordMain.groovy:26)
	at com.kms.katalon.core.webui.keyword.builtin.VerifyElementPresentKeyword.verifyElementPresent(VerifyElementPresentKeyword.groovy:92)
	at com.kms.katalon.core.webui.keyword.builtin.VerifyElementPresentKeyword.execute(VerifyElementPresentKeyword.groovy:68)
	at com.kms.katalon.core.keyword.internal.KeywordExecutor.executeKeywordForPlatform(KeywordExecutor.groovy:60)
	at com.kms.katalon.core.webui.keyword.WebUiBuiltInKeywords.verifyElementPresent(WebUiBuiltInKeywords.groovy:1434)
	at com.kms.katalon.core.webui.keyword.WebUiBuiltInKeywords$verifyElementPresent$9.call(Unknown Source)
	at Edit.run(Edit:131)
	at com.kms.katalon.core.main.ScriptEngine.run(ScriptEngine.java:194)
	at com.kms.katalon.core.main.ScriptEngine.runScriptAsRawText(ScriptEngine.java:119)
	at com.kms.katalon.core.main.TestCaseExecutor.runScript(TestCaseExecutor.java:337)
	at com.kms.katalon.core.main.TestCaseExecutor.doExecute(TestCaseExecutor.java:328)
	at com.kms.katalon.core.main.TestCaseExecutor.processExecutionPhase(TestCaseExecutor.java:307)
	at com.kms.katalon.core.main.TestCaseExecutor.accessMainPhase(TestCaseExecutor.java:299)
	at com.kms.katalon.core.main.TestCaseExecutor.execute(TestCaseExecutor.java:233)
	at com.kms.katalon.core.main.TestSuiteExecutor.accessTestCaseMainPhase(TestSuiteExecutor.java:169)
	at com.kms.katalon.core.main.TestSuiteExecutor.accessTestSuiteMainPhase(TestSuiteExecutor.java:142)
	at com.kms.katalon.core.main.TestSuiteExecutor.execute(TestSuiteExecutor.java:91)
	at com.kms.katalon.core.main.TestCaseMain.startTestSuite(TestCaseMain.java:157)
	at com.kms.katalon.core.main.TestCaseMain$startTestSuite$0.call(Unknown Source)
	at TempTestSuite1592401186095.run(TempTestSuite1592401186095.groovy:36)
Caused by: com.kms.katalon.core.exception.StepFailedException: com.kms.katalon.core.webui.exception.WebElementNotFoundException: Web element with id: 'Object Repository/Alda/Admin - Manage FAQ/Page_Manage Faq/btn_save_edit' located by 'By.xpath: //body[@id='ng-app']/modal-container/app-page-managefaq/div/div/div/div[2]/div/div[7]/div/button/span' not found
	at com.kms.katalon.core.webui.keyword.internal.WebUIKeywordMain.stepFailed(WebUIKeywordMain.groovy:64)
	at com.kms.katalon.core.webui.keyword.builtin.VerifyElementPresentKeyword$_verifyElementPresent_closure1.doCall(VerifyElementPresentKeyword.groovy:85)
	at com.kms.katalon.core.webui.keyword.builtin.VerifyElementPresentKeyword$_verifyElementPresent_closure1.call(VerifyElementPresentKeyword.groovy)
	at com.kms.katalon.core.webui.keyword.internal.WebUIKeywordMain.runKeyword(WebUIKeywordMain.groovy:20)
	... 19 more
)
[[ATTACHMENT|C:\\Users\\ASUS\\git\\LearningManagementWebs\\Reports\\20200617_203946\\Alda\\Admin_Manage FAQ - Edit\\20200617_203946\\1592402862333.png]]]]></system-out>
         <system-err><![CDATA[2020-06-17 21:05:10 - [TEST_CASE][FAILED] - Test Cases/Alda/Admin - Manage FAQ/Edit: Test Cases/Alda/Admin - Manage FAQ/Edit FAILED.
Reason:
com.kms.katalon.core.exception.StepFailedException: Unable to verify object 'Object Repository/Alda/Admin - Manage FAQ/Page_Manage Faq/btn_save_edit' is present
	at com.kms.katalon.core.webui.keyword.internal.WebUIKeywordMain.stepFailed(WebUIKeywordMain.groovy:64)
	at com.kms.katalon.core.webui.keyword.internal.WebUIKeywordMain.runKeyword(WebUIKeywordMain.groovy:26)
	at com.kms.katalon.core.webui.keyword.builtin.VerifyElementPresentKeyword.verifyElementPresent(VerifyElementPresentKeyword.groovy:92)
	at com.kms.katalon.core.webui.keyword.builtin.VerifyElementPresentKeyword.execute(VerifyElementPresentKeyword.groovy:68)
	at com.kms.katalon.core.keyword.internal.KeywordExecutor.executeKeywordForPlatform(KeywordExecutor.groovy:60)
	at com.kms.katalon.core.webui.keyword.WebUiBuiltInKeywords.verifyElementPresent(WebUiBuiltInKeywords.groovy:1434)
	at com.kms.katalon.core.webui.keyword.WebUiBuiltInKeywords$verifyElementPresent$9.call(Unknown Source)
	at Edit.run(Edit:131)
	at com.kms.katalon.core.main.ScriptEngine.run(ScriptEngine.java:194)
	at com.kms.katalon.core.main.ScriptEngine.runScriptAsRawText(ScriptEngine.java:119)
	at com.kms.katalon.core.main.TestCaseExecutor.runScript(TestCaseExecutor.java:337)
	at com.kms.katalon.core.main.TestCaseExecutor.doExecute(TestCaseExecutor.java:328)
	at com.kms.katalon.core.main.TestCaseExecutor.processExecutionPhase(TestCaseExecutor.java:307)
	at com.kms.katalon.core.main.TestCaseExecutor.accessMainPhase(TestCaseExecutor.java:299)
	at com.kms.katalon.core.main.TestCaseExecutor.execute(TestCaseExecutor.java:233)
	at com.kms.katalon.core.main.TestSuiteExecutor.accessTestCaseMainPhase(TestSuiteExecutor.java:169)
	at com.kms.katalon.core.main.TestSuiteExecutor.accessTestSuiteMainPhase(TestSuiteExecutor.java:142)
	at com.kms.katalon.core.main.TestSuiteExecutor.execute(TestSuiteExecutor.java:91)
	at com.kms.katalon.core.main.TestCaseMain.startTestSuite(TestCaseMain.java:157)
	at com.kms.katalon.core.main.TestCaseMain$startTestSuite$0.call(Unknown Source)
	at TempTestSuite1592401186095.run(TempTestSuite1592401186095.groovy:36)
Caused by: com.kms.katalon.core.exception.StepFailedException: com.kms.katalon.core.webui.exception.WebElementNotFoundException: Web element with id: 'Object Repository/Alda/Admin - Manage FAQ/Page_Manage Faq/btn_save_edit' located by 'By.xpath: //body[@id='ng-app']/modal-container/app-page-managefaq/div/div/div/div[2]/div/div[7]/div/button/span' not found
	at com.kms.katalon.core.webui.keyword.internal.WebUIKeywordMain.stepFailed(WebUIKeywordMain.groovy:64)
	at com.kms.katalon.core.webui.keyword.builtin.VerifyElementPresentKeyword$_verifyElementPresent_closure1.doCall(VerifyElementPresentKeyword.groovy:85)
	at com.kms.katalon.core.webui.keyword.builtin.VerifyElementPresentKeyword$_verifyElementPresent_closure1.call(VerifyElementPresentKeyword.groovy)
	at com.kms.katalon.core.webui.keyword.internal.WebUIKeywordMain.runKeyword(WebUIKeywordMain.groovy:20)
	... 19 more]]></system-err>
      </testcase>
      <testcase name="Test Cases/Alda/Admin - Manage FAQ/Edit" time="127.419" classname="Test Cases/Alda/Admin - Manage FAQ/Edit" status="FAILED">
         <failure type="FAILED" message="Test Cases/Alda/Admin - Manage FAQ/Edit FAILED.
Reason:
com.kms.katalon.core.exception.StepFailedException: Unable to verify object 'Object Repository/Alda/Admin - Manage FAQ/Page_Manage Faq/label_search_visible' is visible
	at com.kms.katalon.core.webui.keyword.internal.WebUIKeywordMain.stepFailed(WebUIKeywordMain.groovy:64)
	at com.kms.katalon.core.webui.keyword.internal.WebUIKeywordMain.runKeyword(WebUIKeywordMain.groovy:26)
	at com.kms.katalon.core.webui.keyword.builtin.VerifyElementVisibleKeyword.verifyElementVisible(VerifyElementVisibleKeyword.groovy:97)
	at com.kms.katalon.core.webui.keyword.builtin.VerifyElementVisibleKeyword.execute(VerifyElementVisibleKeyword.groovy:67)
	at com.kms.katalon.core.keyword.internal.KeywordExecutor.executeKeywordForPlatform(KeywordExecutor.groovy:60)
	at com.kms.katalon.core.webui.keyword.WebUiBuiltInKeywords.verifyElementVisible(WebUiBuiltInKeywords.groovy:372)
	at com.kms.katalon.core.webui.keyword.WebUiBuiltInKeywords$verifyElementVisible$4.call(Unknown Source)
	at Edit.run(Edit:32)
	at com.kms.katalon.core.main.ScriptEngine.run(ScriptEngine.java:194)
	at com.kms.katalon.core.main.ScriptEngine.runScriptAsRawText(ScriptEngine.java:119)
	at com.kms.katalon.core.main.TestCaseExecutor.runScript(TestCaseExecutor.java:337)
	at com.kms.katalon.core.main.TestCaseExecutor.doExecute(TestCaseExecutor.java:328)
	at com.kms.katalon.core.main.TestCaseExecutor.processExecutionPhase(TestCaseExecutor.java:307)
	at com.kms.katalon.core.main.TestCaseExecutor.accessMainPhase(TestCaseExecutor.java:299)
	at com.kms.katalon.core.main.TestCaseExecutor.execute(TestCaseExecutor.java:233)
	at com.kms.katalon.core.main.TestSuiteExecutor.accessTestCaseMainPhase(TestSuiteExecutor.java:169)
	at com.kms.katalon.core.main.TestSuiteExecutor.accessTestSuiteMainPhase(TestSuiteExecutor.java:142)
	at com.kms.katalon.core.main.TestSuiteExecutor.execute(TestSuiteExecutor.java:91)
	at com.kms.katalon.core.main.TestCaseMain.startTestSuite(TestCaseMain.java:157)
	at com.kms.katalon.core.main.TestCaseMain$startTestSuite$0.call(Unknown Source)
	at TempTestSuite1592401186095.run(TempTestSuite1592401186095.groovy:36)
Caused by: com.kms.katalon.core.exception.StepFailedException: Web element with id: 'Object Repository/Alda/Admin - Manage FAQ/Page_Manage Faq/label_search_visible' located by 'By.xpath: //label[(text() = 'question 1 adalah?' or . = 'question 1 adalah?')]' not found
	at com.kms.katalon.core.webui.keyword.internal.WebUIKeywordMain.stepFailed(WebUIKeywordMain.groovy:64)
	at com.kms.katalon.core.webui.keyword.builtin.VerifyElementVisibleKeyword$_verifyElementVisible_closure1.doCall(VerifyElementVisibleKeyword.groovy:89)
	at com.kms.katalon.core.webui.keyword.builtin.VerifyElementVisibleKeyword$_verifyElementVisible_closure1.call(VerifyElementVisibleKeyword.groovy)
	at com.kms.katalon.core.webui.keyword.internal.WebUIKeywordMain.runKeyword(WebUIKeywordMain.groovy:20)
	... 19 more
"/>
         <system-out><![CDATA[2020-06-17 21:07:42 - [TEST_CASE][FAILED] - Test Cases/Alda/Admin - Manage FAQ/Edit: Test Cases/Alda/Admin - Manage FAQ/Edit FAILED.
Reason:
com.kms.katalon.core.exception.StepFailedException: Unable to verify object 'Object Repository/Alda/Admin - Manage FAQ/Page_Manage Faq/label_search_visible' is visible
	at com.kms.katalon.core.webui.keyword.internal.WebUIKeywordMain.stepFailed(WebUIKeywordMain.groovy:64)
	at com.kms.katalon.core.webui.keyword.internal.WebUIKeywordMain.runKeyword(WebUIKeywordMain.groovy:26)
	at com.kms.katalon.core.webui.keyword.builtin.VerifyElementVisibleKeyword.verifyElementVisible(VerifyElementVisibleKeyword.groovy:97)
	at com.kms.katalon.core.webui.keyword.builtin.VerifyElementVisibleKeyword.execute(VerifyElementVisibleKeyword.groovy:67)
	at com.kms.katalon.core.keyword.internal.KeywordExecutor.executeKeywordForPlatform(KeywordExecutor.groovy:60)
	at com.kms.katalon.core.webui.keyword.WebUiBuiltInKeywords.verifyElementVisible(WebUiBuiltInKeywords.groovy:372)
	at com.kms.katalon.core.webui.keyword.WebUiBuiltInKeywords$verifyElementVisible$4.call(Unknown Source)
	at Edit.run(Edit:32)
	at com.kms.katalon.core.main.ScriptEngine.run(ScriptEngine.java:194)
	at com.kms.katalon.core.main.ScriptEngine.runScriptAsRawText(ScriptEngine.java:119)
	at com.kms.katalon.core.main.TestCaseExecutor.runScript(TestCaseExecutor.java:337)
	at com.kms.katalon.core.main.TestCaseExecutor.doExecute(TestCaseExecutor.java:328)
	at com.kms.katalon.core.main.TestCaseExecutor.processExecutionPhase(TestCaseExecutor.java:307)
	at com.kms.katalon.core.main.TestCaseExecutor.accessMainPhase(TestCaseExecutor.java:299)
	at com.kms.katalon.core.main.TestCaseExecutor.execute(TestCaseExecutor.java:233)
	at com.kms.katalon.core.main.TestSuiteExecutor.accessTestCaseMainPhase(TestSuiteExecutor.java:169)
	at com.kms.katalon.core.main.TestSuiteExecutor.accessTestSuiteMainPhase(TestSuiteExecutor.java:142)
	at com.kms.katalon.core.main.TestSuiteExecutor.execute(TestSuiteExecutor.java:91)
	at com.kms.katalon.core.main.TestCaseMain.startTestSuite(TestCaseMain.java:157)
	at com.kms.katalon.core.main.TestCaseMain$startTestSuite$0.call(Unknown Source)
	at TempTestSuite1592401186095.run(TempTestSuite1592401186095.groovy:36)
Caused by: com.kms.katalon.core.exception.StepFailedException: Web element with id: 'Object Repository/Alda/Admin - Manage FAQ/Page_Manage Faq/label_search_visible' located by 'By.xpath: //label[(text() = 'question 1 adalah?' or . = 'question 1 adalah?')]' not found
	at com.kms.katalon.core.webui.keyword.internal.WebUIKeywordMain.stepFailed(WebUIKeywordMain.groovy:64)
	at com.kms.katalon.core.webui.keyword.builtin.VerifyElementVisibleKeyword$_verifyElementVisible_closure1.doCall(VerifyElementVisibleKeyword.groovy:89)
	at com.kms.katalon.core.webui.keyword.builtin.VerifyElementVisibleKeyword$_verifyElementVisible_closure1.call(VerifyElementVisibleKeyword.groovy)
	at com.kms.katalon.core.webui.keyword.internal.WebUIKeywordMain.runKeyword(WebUIKeywordMain.groovy:20)
	... 19 more


2020-06-17 21:07:42 - [TEST_STEP][PASSED] - callTestCase(findTestCase("Christi/Admin/admin login"), ["username":"11666", "password":"Password3"], STOP_ON_FAILURE): Call Test Case 'Test Cases/Christi/Admin/admin login' successfully

2020-06-17 21:07:42 - [TEST_CASE][PASSED] - Test Cases/Christi/Admin/admin login: Test Cases/Christi/Admin/admin login

2020-06-17 21:07:43 - [TEST_STEP][PASSED] - openBrowser(""): Browser is opened with url: ''

2020-06-17 21:07:43 - [MESSAGE][WARNING] - A browser is already opened. Closing browser and opening a new one

2020-06-17 21:07:44 - [MESSAGE][INFO] - Starting 'Chrome' driver

2020-06-17 21:07:47 - [MESSAGE][PASSED] - Browser is opened with url: ''

2020-06-17 21:07:47 - [TEST_STEP][PASSED] - navigateToUrl("https://appsrv1.deltadatamandiri.com/ACC_LMS_WEB/#/admNLmn"): Navigate to 'https://appsrv1.deltadatamandiri.com/ACC_LMS_WEB/#/admNLmn' successfully

2020-06-17 21:08:25 - [MESSAGE][PASSED] - Navigate to 'https://appsrv1.deltadatamandiri.com/ACC_LMS_WEB/#/admNLmn' successfully

2020-06-17 21:08:25 - [TEST_STEP][PASSED] - click(findTestObject("Christi/Page_Main/button_login")): Object: 'Object Repository/Christi/Page_Main/button_login' is clicked on

2020-06-17 21:08:34 - [MESSAGE][ERROR] - javascript error: Failed to execute 'elementsFromPoint' on 'Document': The provided double value is non-finite.
  (Session info: chrome=83.0.4103.106)
Build info: version: '3.141.59', revision: 'e82be7d358', time: '2018-11-14T08:25:53'
System info: host: 'LAPTOP-D0TPACJ1', ip: '192.168.100.227', os.name: 'Windows 10', os.arch: 'amd64', os.version: '10.0', java.version: '1.8.0_181'
Driver info: com.kms.katalon.selenium.driver.CChromeDriver
Capabilities {acceptInsecureCerts: false, browserName: chrome, browserVersion: 83.0.4103.106, chrome: {chromedriverVersion: 83.0.4103.39 (ccbf011cb2d2b..., userDataDir: C:\Users\ASUS\AppData\Local...}, goog:chromeOptions: {debuggerAddress: localhost:50218}, javascriptEnabled: true, networkConnectionEnabled: false, pageLoadStrategy: normal, platform: WINDOWS, platformName: WINDOWS, proxy: Proxy(), setWindowRect: true, strictFileInteractability: false, timeouts: {implicit: 0, pageLoad: 300000, script: 30000}, unhandledPromptBehavior: dismiss and notify, webauthn:virtualAuthenticators: true}
Session ID: 3e6486637a92dae1063d61eaa7aeee45

2020-06-17 21:08:35 - [MESSAGE][PASSED] - Object: 'Object Repository/Christi/Page_Main/button_login' is clicked on

2020-06-17 21:08:35 - [TEST_STEP][PASSED] - delay(3): Delayed 3 second(s)

2020-06-17 21:08:38 - [MESSAGE][PASSED] - Delayed 3 second(s)

2020-06-17 21:08:38 - [TEST_STEP][PASSED] - setText(findTestObject("Object Repository/Christi/Page_Main/input_NPK_username"), username): Text '11666' is set on object 'Object Repository/Christi/Page_Main/input_NPK_username'

2020-06-17 21:08:39 - [MESSAGE][PASSED] - Text '11666' is set on object 'Object Repository/Christi/Page_Main/input_NPK_username'

2020-06-17 21:08:39 - [TEST_STEP][PASSED] - setText(findTestObject("Object Repository/Christi/Page_Main/input_Password_password"), password): Text 'Password3' is set on object 'Object Repository/Christi/Page_Main/input_Password_password'

2020-06-17 21:08:39 - [MESSAGE][PASSED] - Text 'Password3' is set on object 'Object Repository/Christi/Page_Main/input_Password_password'

2020-06-17 21:08:39 - [TEST_STEP][PASSED] - delay(5): Delayed 5 second(s)

2020-06-17 21:08:44 - [MESSAGE][PASSED] - Delayed 5 second(s)

2020-06-17 21:08:44 - [TEST_STEP][PASSED] - click(findTestObject("Rizka/Admin/Admin - Login/btnLogin2")): Object: 'Object Repository/Rizka/Admin/Admin - Login/btnLogin2' is clicked on

2020-06-17 21:08:45 - [MESSAGE][PASSED] - Object: 'Object Repository/Rizka/Admin/Admin - Login/btnLogin2' is clicked on

2020-06-17 21:08:45 - [TEST_STEP][PASSED] - delay(5): Delayed 5 second(s)

2020-06-17 21:08:50 - [MESSAGE][PASSED] - Delayed 5 second(s)

2020-06-17 21:08:50 - [MESSAGE][PASSED] - Call Test Case 'Test Cases/Christi/Admin/admin login' successfully

2020-06-17 21:08:50 - [TEST_STEP][PASSED] - delay(5): Delayed 5 second(s)

2020-06-17 21:08:55 - [MESSAGE][PASSED] - Delayed 5 second(s)

2020-06-17 21:08:55 - [TEST_STEP][PASSED] - click(findTestObject("Christi/Page_Dashboard Admin/span_Manage FAQ")): Object: 'Object Repository/Christi/Page_Dashboard Admin/span_Manage FAQ' is clicked on

2020-06-17 21:08:55 - [MESSAGE][PASSED] - Object: 'Object Repository/Christi/Page_Dashboard Admin/span_Manage FAQ' is clicked on

2020-06-17 21:08:55 - [TEST_STEP][PASSED] - click(findTestObject("Alda/Admin - Manage FAQ/Page_Manage Faq/input_search")): Object: 'Object Repository/Alda/Admin - Manage FAQ/Page_Manage Faq/input_search' is clicked on

2020-06-17 21:08:57 - [MESSAGE][PASSED] - Object: 'Object Repository/Alda/Admin - Manage FAQ/Page_Manage Faq/input_search' is clicked on

2020-06-17 21:08:57 - [TEST_STEP][PASSED] - setText(findTestObject("Alda/Admin - Manage FAQ/Page_Manage Faq/input_search"), var_search): Text 'question 1 adalah?' is set on object 'Object Repository/Alda/Admin - Manage FAQ/Page_Manage Faq/input_search'

2020-06-17 21:09:01 - [MESSAGE][PASSED] - Text 'question 1 adalah?' is set on object 'Object Repository/Alda/Admin - Manage FAQ/Page_Manage Faq/input_search'

2020-06-17 21:09:01 - [TEST_STEP][PASSED] - click(findTestObject("Christi/Page_Manage Faq/button_Clear button_app-search-button wi wi-search"), STOP_ON_FAILURE): Object: 'Object Repository/Christi/Page_Manage Faq/button_Clear button_app-search-button wi wi-search' is clicked on

2020-06-17 21:09:01 - [MESSAGE][PASSED] - Object: 'Object Repository/Christi/Page_Manage Faq/button_Clear button_app-search-button wi wi-search' is clicked on

2020-06-17 21:09:01 - [TEST_STEP][FAILED] - if (expected_search == "found"): Unable to verify object 'Object Repository/Alda/Admin - Manage FAQ/Page_Manage Faq/label_search_visible' is visible (Root cause: com.kms.katalon.core.exception.StepFailedException: Unable to verify object 'Object Repository/Alda/Admin - Manage FAQ/Page_Manage Faq/label_search_visible' is visible
	at com.kms.katalon.core.webui.keyword.internal.WebUIKeywordMain.stepFailed(WebUIKeywordMain.groovy:64)
	at com.kms.katalon.core.webui.keyword.internal.WebUIKeywordMain.runKeyword(WebUIKeywordMain.groovy:26)
	at com.kms.katalon.core.webui.keyword.builtin.VerifyElementVisibleKeyword.verifyElementVisible(VerifyElementVisibleKeyword.groovy:97)
	at com.kms.katalon.core.webui.keyword.builtin.VerifyElementVisibleKeyword.execute(VerifyElementVisibleKeyword.groovy:67)
	at com.kms.katalon.core.keyword.internal.KeywordExecutor.executeKeywordForPlatform(KeywordExecutor.groovy:60)
	at com.kms.katalon.core.webui.keyword.WebUiBuiltInKeywords.verifyElementVisible(WebUiBuiltInKeywords.groovy:372)
	at com.kms.katalon.core.webui.keyword.WebUiBuiltInKeywords$verifyElementVisible$4.call(Unknown Source)
	at Edit.run(Edit:32)
	at com.kms.katalon.core.main.ScriptEngine.run(ScriptEngine.java:194)
	at com.kms.katalon.core.main.ScriptEngine.runScriptAsRawText(ScriptEngine.java:119)
	at com.kms.katalon.core.main.TestCaseExecutor.runScript(TestCaseExecutor.java:337)
	at com.kms.katalon.core.main.TestCaseExecutor.doExecute(TestCaseExecutor.java:328)
	at com.kms.katalon.core.main.TestCaseExecutor.processExecutionPhase(TestCaseExecutor.java:307)
	at com.kms.katalon.core.main.TestCaseExecutor.accessMainPhase(TestCaseExecutor.java:299)
	at com.kms.katalon.core.main.TestCaseExecutor.execute(TestCaseExecutor.java:233)
	at com.kms.katalon.core.main.TestSuiteExecutor.accessTestCaseMainPhase(TestSuiteExecutor.java:169)
	at com.kms.katalon.core.main.TestSuiteExecutor.accessTestSuiteMainPhase(TestSuiteExecutor.java:142)
	at com.kms.katalon.core.main.TestSuiteExecutor.execute(TestSuiteExecutor.java:91)
	at com.kms.katalon.core.main.TestCaseMain.startTestSuite(TestCaseMain.java:157)
	at com.kms.katalon.core.main.TestCaseMain$startTestSuite$0.call(Unknown Source)
	at TempTestSuite1592401186095.run(TempTestSuite1592401186095.groovy:36)
Caused by: com.kms.katalon.core.exception.StepFailedException: Web element with id: 'Object Repository/Alda/Admin - Manage FAQ/Page_Manage Faq/label_search_visible' located by 'By.xpath: //label[(text() = 'question 1 adalah?' or . = 'question 1 adalah?')]' not found
	at com.kms.katalon.core.webui.keyword.internal.WebUIKeywordMain.stepFailed(WebUIKeywordMain.groovy:64)
	at com.kms.katalon.core.webui.keyword.builtin.VerifyElementVisibleKeyword$_verifyElementVisible_closure1.doCall(VerifyElementVisibleKeyword.groovy:89)
	at com.kms.katalon.core.webui.keyword.builtin.VerifyElementVisibleKeyword$_verifyElementVisible_closure1.call(VerifyElementVisibleKeyword.groovy)
	at com.kms.katalon.core.webui.keyword.internal.WebUIKeywordMain.runKeyword(WebUIKeywordMain.groovy:20)
	... 19 more
)

2020-06-17 21:09:01 - [TEST_STEP][FAILED] - verifyElementVisible(findTestObject("Alda/Admin - Manage FAQ/Page_Manage Faq/label_search_visible", ["text":var_search])): Unable to verify object 'Object Repository/Alda/Admin - Manage FAQ/Page_Manage Faq/label_search_visible' is visible (Root cause: com.kms.katalon.core.exception.StepFailedException: Unable to verify object 'Object Repository/Alda/Admin - Manage FAQ/Page_Manage Faq/label_search_visible' is visible
	at com.kms.katalon.core.webui.keyword.internal.WebUIKeywordMain.stepFailed(WebUIKeywordMain.groovy:64)
	at com.kms.katalon.core.webui.keyword.internal.WebUIKeywordMain.runKeyword(WebUIKeywordMain.groovy:26)
	at com.kms.katalon.core.webui.keyword.builtin.VerifyElementVisibleKeyword.verifyElementVisible(VerifyElementVisibleKeyword.groovy:97)
	at com.kms.katalon.core.webui.keyword.builtin.VerifyElementVisibleKeyword.execute(VerifyElementVisibleKeyword.groovy:67)
	at com.kms.katalon.core.keyword.internal.KeywordExecutor.executeKeywordForPlatform(KeywordExecutor.groovy:60)
	at com.kms.katalon.core.webui.keyword.WebUiBuiltInKeywords.verifyElementVisible(WebUiBuiltInKeywords.groovy:372)
	at com.kms.katalon.core.webui.keyword.WebUiBuiltInKeywords$verifyElementVisible$4.call(Unknown Source)
	at Edit.run(Edit:32)
	at com.kms.katalon.core.main.ScriptEngine.run(ScriptEngine.java:194)
	at com.kms.katalon.core.main.ScriptEngine.runScriptAsRawText(ScriptEngine.java:119)
	at com.kms.katalon.core.main.TestCaseExecutor.runScript(TestCaseExecutor.java:337)
	at com.kms.katalon.core.main.TestCaseExecutor.doExecute(TestCaseExecutor.java:328)
	at com.kms.katalon.core.main.TestCaseExecutor.processExecutionPhase(TestCaseExecutor.java:307)
	at com.kms.katalon.core.main.TestCaseExecutor.accessMainPhase(TestCaseExecutor.java:299)
	at com.kms.katalon.core.main.TestCaseExecutor.execute(TestCaseExecutor.java:233)
	at com.kms.katalon.core.main.TestSuiteExecutor.accessTestCaseMainPhase(TestSuiteExecutor.java:169)
	at com.kms.katalon.core.main.TestSuiteExecutor.accessTestSuiteMainPhase(TestSuiteExecutor.java:142)
	at com.kms.katalon.core.main.TestSuiteExecutor.execute(TestSuiteExecutor.java:91)
	at com.kms.katalon.core.main.TestCaseMain.startTestSuite(TestCaseMain.java:157)
	at com.kms.katalon.core.main.TestCaseMain$startTestSuite$0.call(Unknown Source)
	at TempTestSuite1592401186095.run(TempTestSuite1592401186095.groovy:36)
Caused by: com.kms.katalon.core.exception.StepFailedException: Web element with id: 'Object Repository/Alda/Admin - Manage FAQ/Page_Manage Faq/label_search_visible' located by 'By.xpath: //label[(text() = 'question 1 adalah?' or . = 'question 1 adalah?')]' not found
	at com.kms.katalon.core.webui.keyword.internal.WebUIKeywordMain.stepFailed(WebUIKeywordMain.groovy:64)
	at com.kms.katalon.core.webui.keyword.builtin.VerifyElementVisibleKeyword$_verifyElementVisible_closure1.doCall(VerifyElementVisibleKeyword.groovy:89)
	at com.kms.katalon.core.webui.keyword.builtin.VerifyElementVisibleKeyword$_verifyElementVisible_closure1.call(VerifyElementVisibleKeyword.groovy)
	at com.kms.katalon.core.webui.keyword.internal.WebUIKeywordMain.runKeyword(WebUIKeywordMain.groovy:20)
	... 19 more
)

2020-06-17 21:09:49 - [MESSAGE][INFO] - Unable to find the element located by 'By.xpath: //label[(text() = 'question 1 adalah?' or . = 'question 1 adalah?')]'. Please recheck the objects properties to make sure the desired element is located. 

2020-06-17 21:09:49 - [MESSAGE][FAILED] - Web element with id: 'Object Repository/Alda/Admin - Manage FAQ/Page_Manage Faq/label_search_visible' located by 'By.xpath: //label[(text() = 'question 1 adalah?' or . = 'question 1 adalah?')]' not found (Root cause: com.kms.katalon.core.exception.StepFailedException: Web element with id: 'Object Repository/Alda/Admin - Manage FAQ/Page_Manage Faq/label_search_visible' located by 'By.xpath: //label[(text() = 'question 1 adalah?' or . = 'question 1 adalah?')]' not found
	at com.kms.katalon.core.webui.keyword.internal.WebUIKeywordMain.stepFailed(WebUIKeywordMain.groovy:64)
	at com.kms.katalon.core.webui.keyword.builtin.VerifyElementVisibleKeyword$_verifyElementVisible_closure1.doCall(VerifyElementVisibleKeyword.groovy:89)
	at com.kms.katalon.core.webui.keyword.builtin.VerifyElementVisibleKeyword$_verifyElementVisible_closure1.call(VerifyElementVisibleKeyword.groovy)
	at com.kms.katalon.core.webui.keyword.internal.WebUIKeywordMain.runKeyword(WebUIKeywordMain.groovy:20)
	at com.kms.katalon.core.webui.keyword.builtin.VerifyElementVisibleKeyword.verifyElementVisible(VerifyElementVisibleKeyword.groovy:97)
	at com.kms.katalon.core.webui.keyword.builtin.VerifyElementVisibleKeyword.execute(VerifyElementVisibleKeyword.groovy:67)
	at com.kms.katalon.core.keyword.internal.KeywordExecutor.executeKeywordForPlatform(KeywordExecutor.groovy:60)
	at com.kms.katalon.core.webui.keyword.WebUiBuiltInKeywords.verifyElementVisible(WebUiBuiltInKeywords.groovy:372)
	at com.kms.katalon.core.webui.keyword.WebUiBuiltInKeywords$verifyElementVisible$4.call(Unknown Source)
	at Edit.run(Edit:32)
	at com.kms.katalon.core.main.ScriptEngine.run(ScriptEngine.java:194)
	at com.kms.katalon.core.main.ScriptEngine.runScriptAsRawText(ScriptEngine.java:119)
	at com.kms.katalon.core.main.TestCaseExecutor.runScript(TestCaseExecutor.java:337)
	at com.kms.katalon.core.main.TestCaseExecutor.doExecute(TestCaseExecutor.java:328)
	at com.kms.katalon.core.main.TestCaseExecutor.processExecutionPhase(TestCaseExecutor.java:307)
	at com.kms.katalon.core.main.TestCaseExecutor.accessMainPhase(TestCaseExecutor.java:299)
	at com.kms.katalon.core.main.TestCaseExecutor.execute(TestCaseExecutor.java:233)
	at com.kms.katalon.core.main.TestSuiteExecutor.accessTestCaseMainPhase(TestSuiteExecutor.java:169)
	at com.kms.katalon.core.main.TestSuiteExecutor.accessTestSuiteMainPhase(TestSuiteExecutor.java:142)
	at com.kms.katalon.core.main.TestSuiteExecutor.execute(TestSuiteExecutor.java:91)
	at com.kms.katalon.core.main.TestCaseMain.startTestSuite(TestCaseMain.java:157)
	at com.kms.katalon.core.main.TestCaseMain$startTestSuite$0.call(Unknown Source)
	at TempTestSuite1592401186095.run(TempTestSuite1592401186095.groovy:36)
)
[[ATTACHMENT|C:\\Users\\ASUS\\git\\LearningManagementWebs\\Reports\\20200617_203946\\Alda\\Admin_Manage FAQ - Edit\\20200617_203946\\1592402989282.png]]

2020-06-17 21:09:50 - [MESSAGE][FAILED] - Unable to verify object 'Object Repository/Alda/Admin - Manage FAQ/Page_Manage Faq/label_search_visible' is visible (Root cause: com.kms.katalon.core.exception.StepFailedException: Unable to verify object 'Object Repository/Alda/Admin - Manage FAQ/Page_Manage Faq/label_search_visible' is visible
	at com.kms.katalon.core.webui.keyword.internal.WebUIKeywordMain.stepFailed(WebUIKeywordMain.groovy:64)
	at com.kms.katalon.core.webui.keyword.internal.WebUIKeywordMain.runKeyword(WebUIKeywordMain.groovy:26)
	at com.kms.katalon.core.webui.keyword.builtin.VerifyElementVisibleKeyword.verifyElementVisible(VerifyElementVisibleKeyword.groovy:97)
	at com.kms.katalon.core.webui.keyword.builtin.VerifyElementVisibleKeyword.execute(VerifyElementVisibleKeyword.groovy:67)
	at com.kms.katalon.core.keyword.internal.KeywordExecutor.executeKeywordForPlatform(KeywordExecutor.groovy:60)
	at com.kms.katalon.core.webui.keyword.WebUiBuiltInKeywords.verifyElementVisible(WebUiBuiltInKeywords.groovy:372)
	at com.kms.katalon.core.webui.keyword.WebUiBuiltInKeywords$verifyElementVisible$4.call(Unknown Source)
	at Edit.run(Edit:32)
	at com.kms.katalon.core.main.ScriptEngine.run(ScriptEngine.java:194)
	at com.kms.katalon.core.main.ScriptEngine.runScriptAsRawText(ScriptEngine.java:119)
	at com.kms.katalon.core.main.TestCaseExecutor.runScript(TestCaseExecutor.java:337)
	at com.kms.katalon.core.main.TestCaseExecutor.doExecute(TestCaseExecutor.java:328)
	at com.kms.katalon.core.main.TestCaseExecutor.processExecutionPhase(TestCaseExecutor.java:307)
	at com.kms.katalon.core.main.TestCaseExecutor.accessMainPhase(TestCaseExecutor.java:299)
	at com.kms.katalon.core.main.TestCaseExecutor.execute(TestCaseExecutor.java:233)
	at com.kms.katalon.core.main.TestSuiteExecutor.accessTestCaseMainPhase(TestSuiteExecutor.java:169)
	at com.kms.katalon.core.main.TestSuiteExecutor.accessTestSuiteMainPhase(TestSuiteExecutor.java:142)
	at com.kms.katalon.core.main.TestSuiteExecutor.execute(TestSuiteExecutor.java:91)
	at com.kms.katalon.core.main.TestCaseMain.startTestSuite(TestCaseMain.java:157)
	at com.kms.katalon.core.main.TestCaseMain$startTestSuite$0.call(Unknown Source)
	at TempTestSuite1592401186095.run(TempTestSuite1592401186095.groovy:36)
Caused by: com.kms.katalon.core.exception.StepFailedException: Web element with id: 'Object Repository/Alda/Admin - Manage FAQ/Page_Manage Faq/label_search_visible' located by 'By.xpath: //label[(text() = 'question 1 adalah?' or . = 'question 1 adalah?')]' not found
	at com.kms.katalon.core.webui.keyword.internal.WebUIKeywordMain.stepFailed(WebUIKeywordMain.groovy:64)
	at com.kms.katalon.core.webui.keyword.builtin.VerifyElementVisibleKeyword$_verifyElementVisible_closure1.doCall(VerifyElementVisibleKeyword.groovy:89)
	at com.kms.katalon.core.webui.keyword.builtin.VerifyElementVisibleKeyword$_verifyElementVisible_closure1.call(VerifyElementVisibleKeyword.groovy)
	at com.kms.katalon.core.webui.keyword.internal.WebUIKeywordMain.runKeyword(WebUIKeywordMain.groovy:20)
	... 19 more
)
[[ATTACHMENT|C:\\Users\\ASUS\\git\\LearningManagementWebs\\Reports\\20200617_203946\\Alda\\Admin_Manage FAQ - Edit\\20200617_203946\\1592402989793.png]]]]></system-out>
         <system-err><![CDATA[2020-06-17 21:07:42 - [TEST_CASE][FAILED] - Test Cases/Alda/Admin - Manage FAQ/Edit: Test Cases/Alda/Admin - Manage FAQ/Edit FAILED.
Reason:
com.kms.katalon.core.exception.StepFailedException: Unable to verify object 'Object Repository/Alda/Admin - Manage FAQ/Page_Manage Faq/label_search_visible' is visible
	at com.kms.katalon.core.webui.keyword.internal.WebUIKeywordMain.stepFailed(WebUIKeywordMain.groovy:64)
	at com.kms.katalon.core.webui.keyword.internal.WebUIKeywordMain.runKeyword(WebUIKeywordMain.groovy:26)
	at com.kms.katalon.core.webui.keyword.builtin.VerifyElementVisibleKeyword.verifyElementVisible(VerifyElementVisibleKeyword.groovy:97)
	at com.kms.katalon.core.webui.keyword.builtin.VerifyElementVisibleKeyword.execute(VerifyElementVisibleKeyword.groovy:67)
	at com.kms.katalon.core.keyword.internal.KeywordExecutor.executeKeywordForPlatform(KeywordExecutor.groovy:60)
	at com.kms.katalon.core.webui.keyword.WebUiBuiltInKeywords.verifyElementVisible(WebUiBuiltInKeywords.groovy:372)
	at com.kms.katalon.core.webui.keyword.WebUiBuiltInKeywords$verifyElementVisible$4.call(Unknown Source)
	at Edit.run(Edit:32)
	at com.kms.katalon.core.main.ScriptEngine.run(ScriptEngine.java:194)
	at com.kms.katalon.core.main.ScriptEngine.runScriptAsRawText(ScriptEngine.java:119)
	at com.kms.katalon.core.main.TestCaseExecutor.runScript(TestCaseExecutor.java:337)
	at com.kms.katalon.core.main.TestCaseExecutor.doExecute(TestCaseExecutor.java:328)
	at com.kms.katalon.core.main.TestCaseExecutor.processExecutionPhase(TestCaseExecutor.java:307)
	at com.kms.katalon.core.main.TestCaseExecutor.accessMainPhase(TestCaseExecutor.java:299)
	at com.kms.katalon.core.main.TestCaseExecutor.execute(TestCaseExecutor.java:233)
	at com.kms.katalon.core.main.TestSuiteExecutor.accessTestCaseMainPhase(TestSuiteExecutor.java:169)
	at com.kms.katalon.core.main.TestSuiteExecutor.accessTestSuiteMainPhase(TestSuiteExecutor.java:142)
	at com.kms.katalon.core.main.TestSuiteExecutor.execute(TestSuiteExecutor.java:91)
	at com.kms.katalon.core.main.TestCaseMain.startTestSuite(TestCaseMain.java:157)
	at com.kms.katalon.core.main.TestCaseMain$startTestSuite$0.call(Unknown Source)
	at TempTestSuite1592401186095.run(TempTestSuite1592401186095.groovy:36)
Caused by: com.kms.katalon.core.exception.StepFailedException: Web element with id: 'Object Repository/Alda/Admin - Manage FAQ/Page_Manage Faq/label_search_visible' located by 'By.xpath: //label[(text() = 'question 1 adalah?' or . = 'question 1 adalah?')]' not found
	at com.kms.katalon.core.webui.keyword.internal.WebUIKeywordMain.stepFailed(WebUIKeywordMain.groovy:64)
	at com.kms.katalon.core.webui.keyword.builtin.VerifyElementVisibleKeyword$_verifyElementVisible_closure1.doCall(VerifyElementVisibleKeyword.groovy:89)
	at com.kms.katalon.core.webui.keyword.builtin.VerifyElementVisibleKeyword$_verifyElementVisible_closure1.call(VerifyElementVisibleKeyword.groovy)
	at com.kms.katalon.core.webui.keyword.internal.WebUIKeywordMain.runKeyword(WebUIKeywordMain.groovy:20)
	... 19 more]]></system-err>
      </testcase>
      <system-out><![CDATA[2020-06-17 20:40:04 - [TEST_SUITE][FAILED] - Admin_Manage FAQ - Edit: Test Cases/Alda/Admin - Manage FAQ/Edit FAILED.
Reason:
com.kms.katalon.core.exception.StepFailedException: Unable to verify object 'Object Repository/Alda/Admin - Manage FAQ/Page_Manage Faq/btn_save_edit' is present
	at com.kms.katalon.core.webui.keyword.internal.WebUIKeywordMain.stepFailed(WebUIKeywordMain.groovy:64)
	at com.kms.katalon.core.webui.keyword.internal.WebUIKeywordMain.runKeyword(WebUIKeywordMain.groovy:26)
	at com.kms.katalon.core.webui.keyword.builtin.VerifyElementPresentKeyword.verifyElementPresent(VerifyElementPresentKeyword.groovy:92)
	at com.kms.katalon.core.webui.keyword.builtin.VerifyElementPresentKeyword.execute(VerifyElementPresentKeyword.groovy:68)
	at com.kms.katalon.core.keyword.internal.KeywordExecutor.executeKeywordForPlatform(KeywordExecutor.groovy:60)
	at com.kms.katalon.core.webui.keyword.WebUiBuiltInKeywords.verifyElementPresent(WebUiBuiltInKeywords.groovy:1434)
	at com.kms.katalon.core.webui.keyword.WebUiBuiltInKeywords$verifyElementPresent$9.call(Unknown Source)
	at Edit.run(Edit:131)
	at com.kms.katalon.core.main.ScriptEngine.run(ScriptEngine.java:194)
	at com.kms.katalon.core.main.ScriptEngine.runScriptAsRawText(ScriptEngine.java:119)
	at com.kms.katalon.core.main.TestCaseExecutor.runScript(TestCaseExecutor.java:337)
	at com.kms.katalon.core.main.TestCaseExecutor.doExecute(TestCaseExecutor.java:328)
	at com.kms.katalon.core.main.TestCaseExecutor.processExecutionPhase(TestCaseExecutor.java:307)
	at com.kms.katalon.core.main.TestCaseExecutor.accessMainPhase(TestCaseExecutor.java:299)
	at com.kms.katalon.core.main.TestCaseExecutor.execute(TestCaseExecutor.java:233)
	at com.kms.katalon.core.main.TestSuiteExecutor.accessTestCaseMainPhase(TestSuiteExecutor.java:169)
	at com.kms.katalon.core.main.TestSuiteExecutor.accessTestSuiteMainPhase(TestSuiteExecutor.java:142)
	at com.kms.katalon.core.main.TestSuiteExecutor.execute(TestSuiteExecutor.java:91)
	at com.kms.katalon.core.main.TestCaseMain.startTestSuite(TestCaseMain.java:157)
	at com.kms.katalon.core.main.TestCaseMain$startTestSuite$0.call(Unknown Source)
	at TempTestSuite1592401186095.run(TempTestSuite1592401186095.groovy:36)
Caused by: com.kms.katalon.core.exception.StepFailedException: com.kms.katalon.core.webui.exception.WebElementNotFoundException: Web element with id: 'Object Repository/Alda/Admin - Manage FAQ/Page_Manage Faq/btn_save_edit' located by 'By.xpath: //body[@id='ng-app']/modal-container/app-page-managefaq/div/div/div/div[2]/div/div[7]/div/button/span' not found
	at com.kms.katalon.core.webui.keyword.internal.WebUIKeywordMain.stepFailed(WebUIKeywordMain.groovy:64)
	at com.kms.katalon.core.webui.keyword.builtin.VerifyElementPresentKeyword$_verifyElementPresent_closure1.doCall(VerifyElementPresentKeyword.groovy:85)
	at com.kms.katalon.core.webui.keyword.builtin.VerifyElementPresentKeyword$_verifyElementPresent_closure1.call(VerifyElementPresentKeyword.groovy)
	at com.kms.katalon.core.webui.keyword.internal.WebUIKeywordMain.runKeyword(WebUIKeywordMain.groovy:20)
	... 19 more]]></system-out>
      <system-err><![CDATA[2020-06-17 20:40:04 - [TEST_SUITE][FAILED] - Admin_Manage FAQ - Edit: Test Cases/Alda/Admin - Manage FAQ/Edit FAILED.
Reason:
com.kms.katalon.core.exception.StepFailedException: Unable to verify object 'Object Repository/Alda/Admin - Manage FAQ/Page_Manage Faq/btn_save_edit' is present
	at com.kms.katalon.core.webui.keyword.internal.WebUIKeywordMain.stepFailed(WebUIKeywordMain.groovy:64)
	at com.kms.katalon.core.webui.keyword.internal.WebUIKeywordMain.runKeyword(WebUIKeywordMain.groovy:26)
	at com.kms.katalon.core.webui.keyword.builtin.VerifyElementPresentKeyword.verifyElementPresent(VerifyElementPresentKeyword.groovy:92)
	at com.kms.katalon.core.webui.keyword.builtin.VerifyElementPresentKeyword.execute(VerifyElementPresentKeyword.groovy:68)
	at com.kms.katalon.core.keyword.internal.KeywordExecutor.executeKeywordForPlatform(KeywordExecutor.groovy:60)
	at com.kms.katalon.core.webui.keyword.WebUiBuiltInKeywords.verifyElementPresent(WebUiBuiltInKeywords.groovy:1434)
	at com.kms.katalon.core.webui.keyword.WebUiBuiltInKeywords$verifyElementPresent$9.call(Unknown Source)
	at Edit.run(Edit:131)
	at com.kms.katalon.core.main.ScriptEngine.run(ScriptEngine.java:194)
	at com.kms.katalon.core.main.ScriptEngine.runScriptAsRawText(ScriptEngine.java:119)
	at com.kms.katalon.core.main.TestCaseExecutor.runScript(TestCaseExecutor.java:337)
	at com.kms.katalon.core.main.TestCaseExecutor.doExecute(TestCaseExecutor.java:328)
	at com.kms.katalon.core.main.TestCaseExecutor.processExecutionPhase(TestCaseExecutor.java:307)
	at com.kms.katalon.core.main.TestCaseExecutor.accessMainPhase(TestCaseExecutor.java:299)
	at com.kms.katalon.core.main.TestCaseExecutor.execute(TestCaseExecutor.java:233)
	at com.kms.katalon.core.main.TestSuiteExecutor.accessTestCaseMainPhase(TestSuiteExecutor.java:169)
	at com.kms.katalon.core.main.TestSuiteExecutor.accessTestSuiteMainPhase(TestSuiteExecutor.java:142)
	at com.kms.katalon.core.main.TestSuiteExecutor.execute(TestSuiteExecutor.java:91)
	at com.kms.katalon.core.main.TestCaseMain.startTestSuite(TestCaseMain.java:157)
	at com.kms.katalon.core.main.TestCaseMain$startTestSuite$0.call(Unknown Source)
	at TempTestSuite1592401186095.run(TempTestSuite1592401186095.groovy:36)
Caused by: com.kms.katalon.core.exception.StepFailedException: com.kms.katalon.core.webui.exception.WebElementNotFoundException: Web element with id: 'Object Repository/Alda/Admin - Manage FAQ/Page_Manage Faq/btn_save_edit' located by 'By.xpath: //body[@id='ng-app']/modal-container/app-page-managefaq/div/div/div/div[2]/div/div[7]/div/button/span' not found
	at com.kms.katalon.core.webui.keyword.internal.WebUIKeywordMain.stepFailed(WebUIKeywordMain.groovy:64)
	at com.kms.katalon.core.webui.keyword.builtin.VerifyElementPresentKeyword$_verifyElementPresent_closure1.doCall(VerifyElementPresentKeyword.groovy:85)
	at com.kms.katalon.core.webui.keyword.builtin.VerifyElementPresentKeyword$_verifyElementPresent_closure1.call(VerifyElementPresentKeyword.groovy)
	at com.kms.katalon.core.webui.keyword.internal.WebUIKeywordMain.runKeyword(WebUIKeywordMain.groovy:20)
	... 19 more]]></system-err>
   </testsuite>
</testsuites>
