<?xml version="1.0" encoding="UTF-8"?>
<testsuites name="Admin - Change Password" time="253.417" tests="4" failures="0" errors="0">
   <testsuite name="Admin - Change Password" tests="4" failures="0" errors="0" time="253.417" timestamp="2020-05-22 16:57:15" hostname="rizkajuliant20 - DESKTOP-NHES7H6" id="Test Suites/Rizka/Admin - Change Password">
      <properties>
         <property name="deviceName" value=""/>
         <property name="devicePlatform" value=""/>
         <property name="logFolder" value="D:\\MY WORLD\\WORKS (TUGAS)\\LearningManagementWeb\\Reports\\20200522_165705\\Rizka\\Admin - Change Password\\20200522_165705"/>
         <property name="logFiles" value="D:\\MY WORLD\\WORKS (TUGAS)\\LearningManagementWeb\\Reports\\20200522_165705\\Rizka\\Admin - Change Password\\20200522_165705\\execution0.log"/>
         <property name="attachments" value=""/>
         <property name="hostName" value="rizkajuliant20 - DESKTOP-NHES7H6"/>
         <property name="os" value="Windows 10 64bit"/>
         <property name="katalonVersion" value="7.2.1.1"/>
         <property name="browser" value="Chrome 81.0.4044.138"/>
         <property name="hostAddress" value="192.168.1.116"/>
         <property name="sessionId" value="eb6ef44d57bc85587ac3e47900da01ea"/>
         <property name="seleniumVersion" value="3.141.59"/>
         <property name="proxyInformation" value="ProxyInformation{proxyOption=NO_PROXY, proxyServerType=HTTP, password=, proxyServerAddress=, proxyServerPort=0, executionList=}"/>
         <property name="platform" value="Windows 10"/>
      </properties>
      <testcase name="Test Cases/Rizka/Admin - Change Password" time="75.215" classname="Test Cases/Rizka/Admin - Change Password" status="PASSED">
         <system-out><![CDATA[2020-05-22 16:57:16 - [TEST_CASE][PASSED] - Test Cases/Rizka/Admin - Change Password: Test Cases/Rizka/Admin - Change Password

2020-05-22 16:57:18 - [TEST_STEP][PASSED] - openBrowser(""): Browser is opened with url: ''

2020-05-22 16:57:18 - [MESSAGE][INFO] - Starting 'Chrome' driver

2020-05-22 16:57:19 - [MESSAGE][INFO] - Action delay is set to 0 seconds

2020-05-22 16:57:27 - [MESSAGE][PASSED] - Browser is opened with url: ''

2020-05-22 16:57:27 - [TEST_STEP][PASSED] - navigateToUrl("https://appsrv1.deltadatamandiri.com/ACC_LMS_WEB/#/admNLmn"): Navigate to 'https://appsrv1.deltadatamandiri.com/ACC_LMS_WEB/#/admNLmn' successfully

2020-05-22 16:57:36 - [MESSAGE][PASSED] - Navigate to 'https://appsrv1.deltadatamandiri.com/ACC_LMS_WEB/#/admNLmn' successfully

2020-05-22 16:57:36 - [TEST_STEP][PASSED] - delay(5): Delayed 5 second(s)

2020-05-22 16:57:41 - [MESSAGE][PASSED] - Delayed 5 second(s)

2020-05-22 16:57:41 - [TEST_STEP][PASSED] - click(findTestObject("Rizka/Admin - Login/btnLogin")): Object: 'Object Repository/Rizka/Admin - Login/btnLogin' is clicked on

2020-05-22 16:57:42 - [MESSAGE][PASSED] - Object: 'Object Repository/Rizka/Admin - Login/btnLogin' is clicked on

2020-05-22 16:57:42 - [TEST_STEP][PASSED] - setText(findTestObject("Rizka/Admin - Login/txtUsername"), "11666"): Text '11666' is set on object 'Object Repository/Rizka/Admin - Login/txtUsername'

2020-05-22 16:57:43 - [MESSAGE][PASSED] - Text '11666' is set on object 'Object Repository/Rizka/Admin - Login/txtUsername'

2020-05-22 16:57:43 - [TEST_STEP][PASSED] - setText(findTestObject("Rizka/Admin - Login/txtPassword"), "Password3"): Text 'Password3' is set on object 'Object Repository/Rizka/Admin - Login/txtPassword'

2020-05-22 16:57:44 - [MESSAGE][PASSED] - Text 'Password3' is set on object 'Object Repository/Rizka/Admin - Login/txtPassword'

2020-05-22 16:57:44 - [TEST_STEP][PASSED] - click(findTestObject("Rizka/Admin - Login/btnEyePass")): Object: 'Object Repository/Rizka/Admin - Login/btnEyePass' is clicked on

2020-05-22 16:57:45 - [MESSAGE][PASSED] - Object: 'Object Repository/Rizka/Admin - Login/btnEyePass' is clicked on

2020-05-22 16:57:45 - [TEST_STEP][PASSED] - click(findTestObject("Rizka/Admin - Login/checkboxRememberMe")): Object: 'Object Repository/Rizka/Admin - Login/checkboxRememberMe' is clicked on

2020-05-22 16:57:45 - [MESSAGE][PASSED] - Object: 'Object Repository/Rizka/Admin - Login/checkboxRememberMe' is clicked on

2020-05-22 16:57:45 - [TEST_STEP][PASSED] - click(findTestObject("Rizka/Admin - Login/btnLogin2")): Object: 'Object Repository/Rizka/Admin - Login/btnLogin2' is clicked on

2020-05-22 16:57:46 - [MESSAGE][PASSED] - Object: 'Object Repository/Rizka/Admin - Login/btnLogin2' is clicked on

2020-05-22 16:57:46 - [TEST_STEP][PASSED] - delay(20): Delayed 20 second(s)

2020-05-22 16:58:06 - [MESSAGE][PASSED] - Delayed 20 second(s)

2020-05-22 16:58:06 - [TEST_STEP][PASSED] - click(findTestObject("Rizka/Admin - Change Password/btnMyProfile")): Object: 'Object Repository/Rizka/Admin - Change Password/btnMyProfile' is clicked on

2020-05-22 16:58:06 - [MESSAGE][PASSED] - Object: 'Object Repository/Rizka/Admin - Change Password/btnMyProfile' is clicked on

2020-05-22 16:58:06 - [TEST_STEP][PASSED] - delay(3): Delayed 3 second(s)

2020-05-22 16:58:09 - [MESSAGE][PASSED] - Delayed 3 second(s)

2020-05-22 16:58:09 - [TEST_STEP][PASSED] - click(findTestObject("Rizka/Admin - Change Password/btnChangePass")): Object: 'Object Repository/Rizka/Admin - Change Password/btnChangePass' is clicked on

2020-05-22 16:58:10 - [MESSAGE][PASSED] - Object: 'Object Repository/Rizka/Admin - Change Password/btnChangePass' is clicked on

2020-05-22 16:58:10 - [TEST_STEP][PASSED] - delay(5): Delayed 5 second(s)

2020-05-22 16:58:15 - [MESSAGE][PASSED] - Delayed 5 second(s)

2020-05-22 16:58:15 - [TEST_STEP][PASSED] - click(findTestObject("Rizka/Admin - Change Password/eyeCurrentPass")): Object: 'Object Repository/Rizka/Admin - Change Password/eyeCurrentPass' is clicked on

2020-05-22 16:58:16 - [MESSAGE][PASSED] - Object: 'Object Repository/Rizka/Admin - Change Password/eyeCurrentPass' is clicked on

2020-05-22 16:58:16 - [TEST_STEP][PASSED] - setText(findTestObject("Rizka/Admin - Change Password/txtCurrentPassword"), currentPass): Text 'Password3' is set on object 'Object Repository/Rizka/Admin - Change Password/txtCurrentPassword'

2020-05-22 16:58:16 - [MESSAGE][PASSED] - Text 'Password3' is set on object 'Object Repository/Rizka/Admin - Change Password/txtCurrentPassword'

2020-05-22 16:58:16 - [TEST_STEP][PASSED] - click(findTestObject("Rizka/Admin - Change Password/eyeNewPass")): Object: 'Object Repository/Rizka/Admin - Change Password/eyeNewPass' is clicked on

2020-05-22 16:58:17 - [MESSAGE][PASSED] - Object: 'Object Repository/Rizka/Admin - Change Password/eyeNewPass' is clicked on

2020-05-22 16:58:17 - [TEST_STEP][PASSED] - setText(findTestObject("Rizka/Admin - Change Password/txtNewPassword"), newPass): Text 'Password3' is set on object 'Object Repository/Rizka/Admin - Change Password/txtNewPassword'

2020-05-22 16:58:17 - [MESSAGE][PASSED] - Text 'Password3' is set on object 'Object Repository/Rizka/Admin - Change Password/txtNewPassword'

2020-05-22 16:58:17 - [TEST_STEP][PASSED] - click(findTestObject("Rizka/Admin - Change Password/eyeConfirmNewPass")): Object: 'Object Repository/Rizka/Admin - Change Password/eyeConfirmNewPass' is clicked on

2020-05-22 16:58:18 - [MESSAGE][PASSED] - Object: 'Object Repository/Rizka/Admin - Change Password/eyeConfirmNewPass' is clicked on

2020-05-22 16:58:18 - [TEST_STEP][PASSED] - setText(findTestObject("Rizka/Admin - Change Password/txtxNewPasswordConfirm"), confirmNewPass): Text 'Password3' is set on object 'Object Repository/Rizka/Admin - Change Password/txtxNewPasswordConfirm'

2020-05-22 16:58:18 - [MESSAGE][PASSED] - Text 'Password3' is set on object 'Object Repository/Rizka/Admin - Change Password/txtxNewPasswordConfirm'

2020-05-22 16:58:18 - [TEST_STEP][PASSED] - if (condition == "passed"): Object 'Object Repository/Rizka/Admin - Change Password/notifGantiPasswordSukses' is visible

2020-05-22 16:58:18 - [TEST_STEP][PASSED] - click(findTestObject("Rizka/Admin - Change Password/btnResetPassword")): Object: 'Object Repository/Rizka/Admin - Change Password/btnResetPassword' is clicked on

2020-05-22 16:58:19 - [MESSAGE][PASSED] - Object: 'Object Repository/Rizka/Admin - Change Password/btnResetPassword' is clicked on

2020-05-22 16:58:19 - [TEST_STEP][PASSED] - delay(5): Delayed 5 second(s)

2020-05-22 16:58:24 - [MESSAGE][PASSED] - Delayed 5 second(s)

2020-05-22 16:58:24 - [TEST_STEP][PASSED] - setText(findTestObject("Rizka/Admin - Change Password/input_Kode OTP_text1"), "2"): Text '2' is set on object 'Object Repository/Rizka/Admin - Change Password/input_Kode OTP_text1'

2020-05-22 16:58:25 - [MESSAGE][PASSED] - Text '2' is set on object 'Object Repository/Rizka/Admin - Change Password/input_Kode OTP_text1'

2020-05-22 16:58:25 - [TEST_STEP][PASSED] - setText(findTestObject("Rizka/Admin - Change Password/input_Kode OTP_text2"), "4"): Text '4' is set on object 'Object Repository/Rizka/Admin - Change Password/input_Kode OTP_text2'

2020-05-22 16:58:25 - [MESSAGE][PASSED] - Text '4' is set on object 'Object Repository/Rizka/Admin - Change Password/input_Kode OTP_text2'

2020-05-22 16:58:25 - [TEST_STEP][PASSED] - setText(findTestObject("Rizka/Admin - Change Password/input_Kode OTP_text3"), "9"): Text '9' is set on object 'Object Repository/Rizka/Admin - Change Password/input_Kode OTP_text3'

2020-05-22 16:58:26 - [MESSAGE][PASSED] - Text '9' is set on object 'Object Repository/Rizka/Admin - Change Password/input_Kode OTP_text3'

2020-05-22 16:58:26 - [TEST_STEP][PASSED] - setText(findTestObject("Rizka/Admin - Change Password/input_Kode OTP_text4"), "9"): Text '9' is set on object 'Object Repository/Rizka/Admin - Change Password/input_Kode OTP_text4'

2020-05-22 16:58:27 - [MESSAGE][PASSED] - Text '9' is set on object 'Object Repository/Rizka/Admin - Change Password/input_Kode OTP_text4'

2020-05-22 16:58:27 - [TEST_STEP][PASSED] - setText(findTestObject("Rizka/Admin - Change Password/input_Kode OTP_text5"), "2"): Text '2' is set on object 'Object Repository/Rizka/Admin - Change Password/input_Kode OTP_text5'

2020-05-22 16:58:28 - [MESSAGE][PASSED] - Text '2' is set on object 'Object Repository/Rizka/Admin - Change Password/input_Kode OTP_text5'

2020-05-22 16:58:28 - [TEST_STEP][PASSED] - setText(findTestObject("Rizka/Admin - Change Password/input_Kode OTP_text6"), "1"): Text '1' is set on object 'Object Repository/Rizka/Admin - Change Password/input_Kode OTP_text6'

2020-05-22 16:58:29 - [MESSAGE][PASSED] - Text '1' is set on object 'Object Repository/Rizka/Admin - Change Password/input_Kode OTP_text6'

2020-05-22 16:58:29 - [TEST_STEP][PASSED] - click(findTestObject("Rizka/Admin - Change Password/btnKonfirmasi")): Object: 'Object Repository/Rizka/Admin - Change Password/btnKonfirmasi' is clicked on

2020-05-22 16:58:29 - [MESSAGE][PASSED] - Object: 'Object Repository/Rizka/Admin - Change Password/btnKonfirmasi' is clicked on

2020-05-22 16:58:29 - [TEST_STEP][PASSED] - verifyElementVisible(findTestObject("Rizka/Admin - Change Password/notifGantiPasswordSukses")): Object 'Object Repository/Rizka/Admin - Change Password/notifGantiPasswordSukses' is visible

2020-05-22 16:58:31 - [MESSAGE][PASSED] - Object 'Object Repository/Rizka/Admin - Change Password/notifGantiPasswordSukses' is visible]]></system-out>
         <system-err><![CDATA[]]></system-err>
      </testcase>
      <testcase name="Test Cases/Rizka/Admin - Change Password" time="59.014" classname="Test Cases/Rizka/Admin - Change Password" status="PASSED">
         <system-out><![CDATA[2020-05-22 16:58:32 - [TEST_CASE][PASSED] - Test Cases/Rizka/Admin - Change Password: Test Cases/Rizka/Admin - Change Password

2020-05-22 16:58:32 - [TEST_STEP][PASSED] - openBrowser(""): Browser is opened with url: ''

2020-05-22 16:58:32 - [MESSAGE][WARNING] - A browser is already opened. Closing browser and opening a new one

2020-05-22 16:58:33 - [MESSAGE][INFO] - Starting 'Chrome' driver

2020-05-22 16:58:36 - [MESSAGE][PASSED] - Browser is opened with url: ''

2020-05-22 16:58:36 - [TEST_STEP][PASSED] - navigateToUrl("https://appsrv1.deltadatamandiri.com/ACC_LMS_WEB/#/admNLmn"): Navigate to 'https://appsrv1.deltadatamandiri.com/ACC_LMS_WEB/#/admNLmn' successfully

2020-05-22 16:58:48 - [MESSAGE][PASSED] - Navigate to 'https://appsrv1.deltadatamandiri.com/ACC_LMS_WEB/#/admNLmn' successfully

2020-05-22 16:58:48 - [TEST_STEP][PASSED] - delay(5): Delayed 5 second(s)

2020-05-22 16:58:53 - [MESSAGE][PASSED] - Delayed 5 second(s)

2020-05-22 16:58:53 - [TEST_STEP][PASSED] - click(findTestObject("Rizka/Admin - Login/btnLogin")): Object: 'Object Repository/Rizka/Admin - Login/btnLogin' is clicked on

2020-05-22 16:58:54 - [MESSAGE][PASSED] - Object: 'Object Repository/Rizka/Admin - Login/btnLogin' is clicked on

2020-05-22 16:58:54 - [TEST_STEP][PASSED] - setText(findTestObject("Rizka/Admin - Login/txtUsername"), "11666"): Text '11666' is set on object 'Object Repository/Rizka/Admin - Login/txtUsername'

2020-05-22 16:58:55 - [MESSAGE][PASSED] - Text '11666' is set on object 'Object Repository/Rizka/Admin - Login/txtUsername'

2020-05-22 16:58:55 - [TEST_STEP][PASSED] - setText(findTestObject("Rizka/Admin - Login/txtPassword"), "Password3"): Text 'Password3' is set on object 'Object Repository/Rizka/Admin - Login/txtPassword'

2020-05-22 16:58:56 - [MESSAGE][PASSED] - Text 'Password3' is set on object 'Object Repository/Rizka/Admin - Login/txtPassword'

2020-05-22 16:58:56 - [TEST_STEP][PASSED] - click(findTestObject("Rizka/Admin - Login/btnEyePass")): Object: 'Object Repository/Rizka/Admin - Login/btnEyePass' is clicked on

2020-05-22 16:58:56 - [MESSAGE][PASSED] - Object: 'Object Repository/Rizka/Admin - Login/btnEyePass' is clicked on

2020-05-22 16:58:56 - [TEST_STEP][PASSED] - click(findTestObject("Rizka/Admin - Login/checkboxRememberMe")): Object: 'Object Repository/Rizka/Admin - Login/checkboxRememberMe' is clicked on

2020-05-22 16:58:57 - [MESSAGE][PASSED] - Object: 'Object Repository/Rizka/Admin - Login/checkboxRememberMe' is clicked on

2020-05-22 16:58:57 - [TEST_STEP][PASSED] - click(findTestObject("Rizka/Admin - Login/btnLogin2")): Object: 'Object Repository/Rizka/Admin - Login/btnLogin2' is clicked on

2020-05-22 16:58:57 - [MESSAGE][PASSED] - Object: 'Object Repository/Rizka/Admin - Login/btnLogin2' is clicked on

2020-05-22 16:58:57 - [TEST_STEP][PASSED] - delay(20): Delayed 20 second(s)

2020-05-22 16:59:17 - [MESSAGE][PASSED] - Delayed 20 second(s)

2020-05-22 16:59:17 - [TEST_STEP][PASSED] - click(findTestObject("Rizka/Admin - Change Password/btnMyProfile")): Object: 'Object Repository/Rizka/Admin - Change Password/btnMyProfile' is clicked on

2020-05-22 16:59:18 - [MESSAGE][PASSED] - Object: 'Object Repository/Rizka/Admin - Change Password/btnMyProfile' is clicked on

2020-05-22 16:59:18 - [TEST_STEP][PASSED] - delay(3): Delayed 3 second(s)

2020-05-22 16:59:21 - [MESSAGE][PASSED] - Delayed 3 second(s)

2020-05-22 16:59:21 - [TEST_STEP][PASSED] - click(findTestObject("Rizka/Admin - Change Password/btnChangePass")): Object: 'Object Repository/Rizka/Admin - Change Password/btnChangePass' is clicked on

2020-05-22 16:59:22 - [MESSAGE][PASSED] - Object: 'Object Repository/Rizka/Admin - Change Password/btnChangePass' is clicked on

2020-05-22 16:59:22 - [TEST_STEP][PASSED] - delay(5): Delayed 5 second(s)

2020-05-22 16:59:27 - [MESSAGE][PASSED] - Delayed 5 second(s)

2020-05-22 16:59:27 - [TEST_STEP][PASSED] - click(findTestObject("Rizka/Admin - Change Password/eyeCurrentPass")): Object: 'Object Repository/Rizka/Admin - Change Password/eyeCurrentPass' is clicked on

2020-05-22 16:59:27 - [MESSAGE][PASSED] - Object: 'Object Repository/Rizka/Admin - Change Password/eyeCurrentPass' is clicked on

2020-05-22 16:59:27 - [TEST_STEP][PASSED] - setText(findTestObject("Rizka/Admin - Change Password/txtCurrentPassword"), currentPass): Text 'Password3' is set on object 'Object Repository/Rizka/Admin - Change Password/txtCurrentPassword'

2020-05-22 16:59:28 - [MESSAGE][PASSED] - Text 'Password3' is set on object 'Object Repository/Rizka/Admin - Change Password/txtCurrentPassword'

2020-05-22 16:59:28 - [TEST_STEP][PASSED] - click(findTestObject("Rizka/Admin - Change Password/eyeNewPass")): Object: 'Object Repository/Rizka/Admin - Change Password/eyeNewPass' is clicked on

2020-05-22 16:59:28 - [MESSAGE][PASSED] - Object: 'Object Repository/Rizka/Admin - Change Password/eyeNewPass' is clicked on

2020-05-22 16:59:28 - [TEST_STEP][PASSED] - setText(findTestObject("Rizka/Admin - Change Password/txtNewPassword"), newPass): Text 'Aa123456' is set on object 'Object Repository/Rizka/Admin - Change Password/txtNewPassword'

2020-05-22 16:59:29 - [MESSAGE][PASSED] - Text 'Aa123456' is set on object 'Object Repository/Rizka/Admin - Change Password/txtNewPassword'

2020-05-22 16:59:29 - [TEST_STEP][PASSED] - click(findTestObject("Rizka/Admin - Change Password/eyeConfirmNewPass")): Object: 'Object Repository/Rizka/Admin - Change Password/eyeConfirmNewPass' is clicked on

2020-05-22 16:59:29 - [MESSAGE][PASSED] - Object: 'Object Repository/Rizka/Admin - Change Password/eyeConfirmNewPass' is clicked on

2020-05-22 16:59:29 - [TEST_STEP][PASSED] - setText(findTestObject("Rizka/Admin - Change Password/txtxNewPasswordConfirm"), confirmNewPass): Text 'Aa123456' is set on object 'Object Repository/Rizka/Admin - Change Password/txtxNewPasswordConfirm'

2020-05-22 16:59:30 - [MESSAGE][PASSED] - Text 'Aa123456' is set on object 'Object Repository/Rizka/Admin - Change Password/txtxNewPasswordConfirm'

2020-05-22 16:59:30 - [TEST_STEP][PASSED] - if (condition == "passed"): null

2020-05-22 16:59:30 - [TEST_STEP][PASSED] - else if (condition == "cancelSave"): Object: 'Object Repository/Rizka/Admin - Change Password/btnCancel' is clicked on

2020-05-22 16:59:30 - [TEST_STEP][PASSED] - click(findTestObject("Rizka/Admin - Change Password/btnCancel")): Object: 'Object Repository/Rizka/Admin - Change Password/btnCancel' is clicked on

2020-05-22 16:59:31 - [MESSAGE][PASSED] - Object: 'Object Repository/Rizka/Admin - Change Password/btnCancel' is clicked on]]></system-out>
         <system-err><![CDATA[]]></system-err>
      </testcase>
      <testcase name="Test Cases/Rizka/Admin - Change Password" time="56.805" classname="Test Cases/Rizka/Admin - Change Password" status="PASSED">
         <system-out><![CDATA[2020-05-22 16:59:31 - [TEST_CASE][PASSED] - Test Cases/Rizka/Admin - Change Password: Test Cases/Rizka/Admin - Change Password

2020-05-22 16:59:31 - [TEST_STEP][PASSED] - openBrowser(""): Browser is opened with url: ''

2020-05-22 16:59:31 - [MESSAGE][WARNING] - A browser is already opened. Closing browser and opening a new one

2020-05-22 16:59:32 - [MESSAGE][INFO] - Starting 'Chrome' driver

2020-05-22 16:59:36 - [MESSAGE][PASSED] - Browser is opened with url: ''

2020-05-22 16:59:36 - [TEST_STEP][PASSED] - navigateToUrl("https://appsrv1.deltadatamandiri.com/ACC_LMS_WEB/#/admNLmn"): Navigate to 'https://appsrv1.deltadatamandiri.com/ACC_LMS_WEB/#/admNLmn' successfully

2020-05-22 16:59:45 - [MESSAGE][PASSED] - Navigate to 'https://appsrv1.deltadatamandiri.com/ACC_LMS_WEB/#/admNLmn' successfully

2020-05-22 16:59:45 - [TEST_STEP][PASSED] - delay(5): Delayed 5 second(s)

2020-05-22 16:59:50 - [MESSAGE][PASSED] - Delayed 5 second(s)

2020-05-22 16:59:50 - [TEST_STEP][PASSED] - click(findTestObject("Rizka/Admin - Login/btnLogin")): Object: 'Object Repository/Rizka/Admin - Login/btnLogin' is clicked on

2020-05-22 16:59:51 - [MESSAGE][PASSED] - Object: 'Object Repository/Rizka/Admin - Login/btnLogin' is clicked on

2020-05-22 16:59:51 - [TEST_STEP][PASSED] - setText(findTestObject("Rizka/Admin - Login/txtUsername"), "11666"): Text '11666' is set on object 'Object Repository/Rizka/Admin - Login/txtUsername'

2020-05-22 16:59:51 - [MESSAGE][PASSED] - Text '11666' is set on object 'Object Repository/Rizka/Admin - Login/txtUsername'

2020-05-22 16:59:51 - [TEST_STEP][PASSED] - setText(findTestObject("Rizka/Admin - Login/txtPassword"), "Password3"): Text 'Password3' is set on object 'Object Repository/Rizka/Admin - Login/txtPassword'

2020-05-22 16:59:52 - [MESSAGE][PASSED] - Text 'Password3' is set on object 'Object Repository/Rizka/Admin - Login/txtPassword'

2020-05-22 16:59:52 - [TEST_STEP][PASSED] - click(findTestObject("Rizka/Admin - Login/btnEyePass")): Object: 'Object Repository/Rizka/Admin - Login/btnEyePass' is clicked on

2020-05-22 16:59:53 - [MESSAGE][PASSED] - Object: 'Object Repository/Rizka/Admin - Login/btnEyePass' is clicked on

2020-05-22 16:59:53 - [TEST_STEP][PASSED] - click(findTestObject("Rizka/Admin - Login/checkboxRememberMe")): Object: 'Object Repository/Rizka/Admin - Login/checkboxRememberMe' is clicked on

2020-05-22 16:59:53 - [MESSAGE][PASSED] - Object: 'Object Repository/Rizka/Admin - Login/checkboxRememberMe' is clicked on

2020-05-22 16:59:53 - [TEST_STEP][PASSED] - click(findTestObject("Rizka/Admin - Login/btnLogin2")): Object: 'Object Repository/Rizka/Admin - Login/btnLogin2' is clicked on

2020-05-22 16:59:54 - [MESSAGE][PASSED] - Object: 'Object Repository/Rizka/Admin - Login/btnLogin2' is clicked on

2020-05-22 16:59:54 - [TEST_STEP][PASSED] - delay(20): Delayed 20 second(s)

2020-05-22 17:00:14 - [MESSAGE][PASSED] - Delayed 20 second(s)

2020-05-22 17:00:14 - [TEST_STEP][PASSED] - click(findTestObject("Rizka/Admin - Change Password/btnMyProfile")): Object: 'Object Repository/Rizka/Admin - Change Password/btnMyProfile' is clicked on

2020-05-22 17:00:14 - [MESSAGE][PASSED] - Object: 'Object Repository/Rizka/Admin - Change Password/btnMyProfile' is clicked on

2020-05-22 17:00:14 - [TEST_STEP][PASSED] - delay(3): Delayed 3 second(s)

2020-05-22 17:00:17 - [MESSAGE][PASSED] - Delayed 3 second(s)

2020-05-22 17:00:17 - [TEST_STEP][PASSED] - click(findTestObject("Rizka/Admin - Change Password/btnChangePass")): Object: 'Object Repository/Rizka/Admin - Change Password/btnChangePass' is clicked on

2020-05-22 17:00:18 - [MESSAGE][PASSED] - Object: 'Object Repository/Rizka/Admin - Change Password/btnChangePass' is clicked on

2020-05-22 17:00:18 - [TEST_STEP][PASSED] - delay(5): Delayed 5 second(s)

2020-05-22 17:00:23 - [MESSAGE][PASSED] - Delayed 5 second(s)

2020-05-22 17:00:23 - [TEST_STEP][PASSED] - click(findTestObject("Rizka/Admin - Change Password/eyeCurrentPass")): Object: 'Object Repository/Rizka/Admin - Change Password/eyeCurrentPass' is clicked on

2020-05-22 17:00:24 - [MESSAGE][PASSED] - Object: 'Object Repository/Rizka/Admin - Change Password/eyeCurrentPass' is clicked on

2020-05-22 17:00:24 - [TEST_STEP][PASSED] - setText(findTestObject("Rizka/Admin - Change Password/txtCurrentPassword"), currentPass): Text 'Password3' is set on object 'Object Repository/Rizka/Admin - Change Password/txtCurrentPassword'

2020-05-22 17:00:24 - [MESSAGE][PASSED] - Text 'Password3' is set on object 'Object Repository/Rizka/Admin - Change Password/txtCurrentPassword'

2020-05-22 17:00:24 - [TEST_STEP][PASSED] - click(findTestObject("Rizka/Admin - Change Password/eyeNewPass")): Object: 'Object Repository/Rizka/Admin - Change Password/eyeNewPass' is clicked on

2020-05-22 17:00:25 - [MESSAGE][PASSED] - Object: 'Object Repository/Rizka/Admin - Change Password/eyeNewPass' is clicked on

2020-05-22 17:00:25 - [TEST_STEP][PASSED] - setText(findTestObject("Rizka/Admin - Change Password/txtNewPassword"), newPass): Text 'lalalala' is set on object 'Object Repository/Rizka/Admin - Change Password/txtNewPassword'

2020-05-22 17:00:25 - [MESSAGE][PASSED] - Text 'lalalala' is set on object 'Object Repository/Rizka/Admin - Change Password/txtNewPassword'

2020-05-22 17:00:25 - [TEST_STEP][PASSED] - click(findTestObject("Rizka/Admin - Change Password/eyeConfirmNewPass")): Object: 'Object Repository/Rizka/Admin - Change Password/eyeConfirmNewPass' is clicked on

2020-05-22 17:00:26 - [MESSAGE][PASSED] - Object: 'Object Repository/Rizka/Admin - Change Password/eyeConfirmNewPass' is clicked on

2020-05-22 17:00:26 - [TEST_STEP][PASSED] - setText(findTestObject("Rizka/Admin - Change Password/txtxNewPasswordConfirm"), confirmNewPass): Text 'A123456' is set on object 'Object Repository/Rizka/Admin - Change Password/txtxNewPasswordConfirm'

2020-05-22 17:00:26 - [MESSAGE][PASSED] - Text 'A123456' is set on object 'Object Repository/Rizka/Admin - Change Password/txtxNewPasswordConfirm'

2020-05-22 17:00:26 - [TEST_STEP][PASSED] - if (condition == "passed"): null

2020-05-22 17:00:26 - [TEST_STEP][PASSED] - else if (condition == "cancelSave"): null

2020-05-22 17:00:26 - [TEST_STEP][PASSED] - else: Object 'Object Repository/Rizka/Admin - Change Password/alert1' is visible

2020-05-22 17:00:26 - [TEST_STEP][PASSED] - click(findTestObject("Rizka/Admin - Change Password/btnResetPassword")): Object: 'Object Repository/Rizka/Admin - Change Password/btnResetPassword' is clicked on

2020-05-22 17:00:27 - [MESSAGE][PASSED] - Object: 'Object Repository/Rizka/Admin - Change Password/btnResetPassword' is clicked on

2020-05-22 17:00:27 - [TEST_STEP][PASSED] - verifyElementVisible(findTestObject("Rizka/Admin - Change Password/alert1")): Object 'Object Repository/Rizka/Admin - Change Password/alert1' is visible

2020-05-22 17:00:27 - [MESSAGE][PASSED] - Object 'Object Repository/Rizka/Admin - Change Password/alert1' is visible]]></system-out>
         <system-err><![CDATA[]]></system-err>
      </testcase>
      <testcase name="Test Cases/Rizka/Admin - Change Password" time="59.109" classname="Test Cases/Rizka/Admin - Change Password" status="PASSED">
         <system-out><![CDATA[2020-05-22 17:00:27 - [TEST_CASE][PASSED] - Test Cases/Rizka/Admin - Change Password: Test Cases/Rizka/Admin - Change Password

2020-05-22 17:00:28 - [TEST_STEP][PASSED] - openBrowser(""): Browser is opened with url: ''

2020-05-22 17:00:28 - [MESSAGE][WARNING] - A browser is already opened. Closing browser and opening a new one

2020-05-22 17:00:29 - [MESSAGE][INFO] - Starting 'Chrome' driver

2020-05-22 17:00:33 - [MESSAGE][PASSED] - Browser is opened with url: ''

2020-05-22 17:00:33 - [TEST_STEP][PASSED] - navigateToUrl("https://appsrv1.deltadatamandiri.com/ACC_LMS_WEB/#/admNLmn"): Navigate to 'https://appsrv1.deltadatamandiri.com/ACC_LMS_WEB/#/admNLmn' successfully

2020-05-22 17:00:43 - [MESSAGE][PASSED] - Navigate to 'https://appsrv1.deltadatamandiri.com/ACC_LMS_WEB/#/admNLmn' successfully

2020-05-22 17:00:43 - [TEST_STEP][PASSED] - delay(5): Delayed 5 second(s)

2020-05-22 17:00:48 - [MESSAGE][PASSED] - Delayed 5 second(s)

2020-05-22 17:00:48 - [TEST_STEP][PASSED] - click(findTestObject("Rizka/Admin - Login/btnLogin")): Object: 'Object Repository/Rizka/Admin - Login/btnLogin' is clicked on

2020-05-22 17:00:50 - [MESSAGE][PASSED] - Object: 'Object Repository/Rizka/Admin - Login/btnLogin' is clicked on

2020-05-22 17:00:50 - [TEST_STEP][PASSED] - setText(findTestObject("Rizka/Admin - Login/txtUsername"), "11666"): Text '11666' is set on object 'Object Repository/Rizka/Admin - Login/txtUsername'

2020-05-22 17:00:51 - [MESSAGE][PASSED] - Text '11666' is set on object 'Object Repository/Rizka/Admin - Login/txtUsername'

2020-05-22 17:00:51 - [TEST_STEP][PASSED] - setText(findTestObject("Rizka/Admin - Login/txtPassword"), "Password3"): Text 'Password3' is set on object 'Object Repository/Rizka/Admin - Login/txtPassword'

2020-05-22 17:00:51 - [MESSAGE][PASSED] - Text 'Password3' is set on object 'Object Repository/Rizka/Admin - Login/txtPassword'

2020-05-22 17:00:51 - [TEST_STEP][PASSED] - click(findTestObject("Rizka/Admin - Login/btnEyePass")): Object: 'Object Repository/Rizka/Admin - Login/btnEyePass' is clicked on

2020-05-22 17:00:52 - [MESSAGE][PASSED] - Object: 'Object Repository/Rizka/Admin - Login/btnEyePass' is clicked on

2020-05-22 17:00:52 - [TEST_STEP][PASSED] - click(findTestObject("Rizka/Admin - Login/checkboxRememberMe")): Object: 'Object Repository/Rizka/Admin - Login/checkboxRememberMe' is clicked on

2020-05-22 17:00:52 - [MESSAGE][PASSED] - Object: 'Object Repository/Rizka/Admin - Login/checkboxRememberMe' is clicked on

2020-05-22 17:00:52 - [TEST_STEP][PASSED] - click(findTestObject("Rizka/Admin - Login/btnLogin2")): Object: 'Object Repository/Rizka/Admin - Login/btnLogin2' is clicked on

2020-05-22 17:00:53 - [MESSAGE][PASSED] - Object: 'Object Repository/Rizka/Admin - Login/btnLogin2' is clicked on

2020-05-22 17:00:53 - [TEST_STEP][PASSED] - delay(20): Delayed 20 second(s)

2020-05-22 17:01:13 - [MESSAGE][PASSED] - Delayed 20 second(s)

2020-05-22 17:01:13 - [TEST_STEP][PASSED] - click(findTestObject("Rizka/Admin - Change Password/btnMyProfile")): Object: 'Object Repository/Rizka/Admin - Change Password/btnMyProfile' is clicked on

2020-05-22 17:01:14 - [MESSAGE][PASSED] - Object: 'Object Repository/Rizka/Admin - Change Password/btnMyProfile' is clicked on

2020-05-22 17:01:14 - [TEST_STEP][PASSED] - delay(3): Delayed 3 second(s)

2020-05-22 17:01:17 - [MESSAGE][PASSED] - Delayed 3 second(s)

2020-05-22 17:01:17 - [TEST_STEP][PASSED] - click(findTestObject("Rizka/Admin - Change Password/btnChangePass")): Object: 'Object Repository/Rizka/Admin - Change Password/btnChangePass' is clicked on

2020-05-22 17:01:17 - [MESSAGE][PASSED] - Object: 'Object Repository/Rizka/Admin - Change Password/btnChangePass' is clicked on

2020-05-22 17:01:17 - [TEST_STEP][PASSED] - delay(5): Delayed 5 second(s)

2020-05-22 17:01:22 - [MESSAGE][PASSED] - Delayed 5 second(s)

2020-05-22 17:01:22 - [TEST_STEP][PASSED] - click(findTestObject("Rizka/Admin - Change Password/eyeCurrentPass")): Object: 'Object Repository/Rizka/Admin - Change Password/eyeCurrentPass' is clicked on

2020-05-22 17:01:23 - [MESSAGE][PASSED] - Object: 'Object Repository/Rizka/Admin - Change Password/eyeCurrentPass' is clicked on

2020-05-22 17:01:23 - [TEST_STEP][PASSED] - setText(findTestObject("Rizka/Admin - Change Password/txtCurrentPassword"), currentPass): Text 'Password3' is set on object 'Object Repository/Rizka/Admin - Change Password/txtCurrentPassword'

2020-05-22 17:01:24 - [MESSAGE][PASSED] - Text 'Password3' is set on object 'Object Repository/Rizka/Admin - Change Password/txtCurrentPassword'

2020-05-22 17:01:24 - [TEST_STEP][PASSED] - click(findTestObject("Rizka/Admin - Change Password/eyeNewPass")): Object: 'Object Repository/Rizka/Admin - Change Password/eyeNewPass' is clicked on

2020-05-22 17:01:24 - [MESSAGE][PASSED] - Object: 'Object Repository/Rizka/Admin - Change Password/eyeNewPass' is clicked on

2020-05-22 17:01:24 - [TEST_STEP][PASSED] - setText(findTestObject("Rizka/Admin - Change Password/txtNewPassword"), newPass): Text '' is set on object 'Object Repository/Rizka/Admin - Change Password/txtNewPassword'

2020-05-22 17:01:25 - [MESSAGE][PASSED] - Text '' is set on object 'Object Repository/Rizka/Admin - Change Password/txtNewPassword'

2020-05-22 17:01:25 - [TEST_STEP][PASSED] - click(findTestObject("Rizka/Admin - Change Password/eyeConfirmNewPass")): Object: 'Object Repository/Rizka/Admin - Change Password/eyeConfirmNewPass' is clicked on

2020-05-22 17:01:25 - [MESSAGE][PASSED] - Object: 'Object Repository/Rizka/Admin - Change Password/eyeConfirmNewPass' is clicked on

2020-05-22 17:01:25 - [TEST_STEP][PASSED] - setText(findTestObject("Rizka/Admin - Change Password/txtxNewPasswordConfirm"), confirmNewPass): Text '' is set on object 'Object Repository/Rizka/Admin - Change Password/txtxNewPasswordConfirm'

2020-05-22 17:01:26 - [MESSAGE][PASSED] - Text '' is set on object 'Object Repository/Rizka/Admin - Change Password/txtxNewPasswordConfirm'

2020-05-22 17:01:26 - [TEST_STEP][PASSED] - if (condition == "passed"): null

2020-05-22 17:01:26 - [TEST_STEP][PASSED] - else if (condition == "cancelSave"): null

2020-05-22 17:01:26 - [TEST_STEP][PASSED] - else: Object 'Object Repository/Rizka/Admin - Change Password/alert1' is visible

2020-05-22 17:01:26 - [TEST_STEP][PASSED] - click(findTestObject("Rizka/Admin - Change Password/btnResetPassword")): Object: 'Object Repository/Rizka/Admin - Change Password/btnResetPassword' is clicked on

2020-05-22 17:01:26 - [MESSAGE][PASSED] - Object: 'Object Repository/Rizka/Admin - Change Password/btnResetPassword' is clicked on

2020-05-22 17:01:26 - [TEST_STEP][PASSED] - verifyElementVisible(findTestObject("Rizka/Admin - Change Password/alert1")): Object 'Object Repository/Rizka/Admin - Change Password/alert1' is visible

2020-05-22 17:01:27 - [MESSAGE][PASSED] - Object 'Object Repository/Rizka/Admin - Change Password/alert1' is visible]]></system-out>
         <system-err><![CDATA[]]></system-err>
      </testcase>
      <system-out><![CDATA[2020-05-22 16:57:15 - [TEST_SUITE][PASSED] - Admin - Change Password: Test Cases/Rizka/Admin - Change Password]]></system-out>
      <system-err><![CDATA[]]></system-err>
   </testsuite>
</testsuites>
