<?xml version="1.0" encoding="UTF-8"?>
<testsuites name="Admin - Manage Test - Quiz" time="216.19" tests="1" failures="1" errors="0">
   <testsuite name="Admin - Manage Test - Quiz" tests="1" failures="1" errors="0" time="216.19" timestamp="2020-06-05 14:07:49" hostname="rizkajuliant20 - DESKTOP-NHES7H6" id="Test Suites/Rizka/Admin/Admin - Manage Test - Quiz">
      <properties>
         <property name="deviceName" value=""/>
         <property name="devicePlatform" value=""/>
         <property name="logFolder" value="D:\\MY WORLD\\WORKS (TUGAS)\\LearningManagementWeb\\Reports\\20200605_140734\\Rizka\\Admin\\Admin - Manage Test - Quiz\\20200605_140734"/>
         <property name="logFiles" value="D:\\MY WORLD\\WORKS (TUGAS)\\LearningManagementWeb\\Reports\\20200605_140734\\Rizka\\Admin\\Admin - Manage Test - Quiz\\20200605_140734\\execution0.log"/>
         <property name="attachments" value="D:\\MY WORLD\\WORKS (TUGAS)\\LearningManagementWeb\\Reports\\20200605_140734\\Rizka\\Admin\\Admin - Manage Test - Quiz\\20200605_140734\\1591341083533.png, D:\\MY WORLD\\WORKS (TUGAS)\\LearningManagementWeb\\Reports\\20200605_140734\\Rizka\\Admin\\Admin - Manage Test - Quiz\\20200605_140734\\1591341083943.png"/>
         <property name="hostName" value="rizkajuliant20 - DESKTOP-NHES7H6"/>
         <property name="os" value="Windows 10 64bit"/>
         <property name="katalonVersion" value="7.2.1.1"/>
         <property name="browser" value="Chrome 83.0.4103.97"/>
         <property name="hostAddress" value="192.168.1.116"/>
         <property name="sessionId" value="a9c19a814a156f1910aa54aa338115bb"/>
         <property name="seleniumVersion" value="3.141.59"/>
         <property name="proxyInformation" value="ProxyInformation{proxyOption=NO_PROXY, proxyServerType=HTTP, password=, proxyServerAddress=, proxyServerPort=0, executionList=}"/>
         <property name="platform" value="Windows 10"/>
      </properties>
      <testcase name="Test Cases/Rizka/Admin/Manage Test/Admin - Manage Test - Quiz - Edit" time="212.761" classname="Test Cases/Rizka/Admin/Manage Test/Admin - Manage Test - Quiz - Edit" status="FAILED">
         <failure type="FAILED" message="Test Cases/Rizka/Admin/Manage Test/Admin - Manage Test - Quiz - Edit FAILED.
Reason:
com.kms.katalon.core.exception.StepFailedException: Unable to verify option is selected by label 'SALES' in object 'Object Repository/Rizka/Admin/Admin - Manage Test - Quiz - Edit/inputJobFunction_v3' 
	at com.kms.katalon.core.webui.keyword.internal.WebUIKeywordMain.stepFailed(WebUIKeywordMain.groovy:64)
	at com.kms.katalon.core.webui.keyword.internal.WebUIKeywordMain.runKeyword(WebUIKeywordMain.groovy:26)
	at com.kms.katalon.core.webui.keyword.builtin.VerifyOptionSelectedByLabelKeyword.verifyOptionSelectedByLabel(VerifyOptionSelectedByLabelKeyword.groovy:106)
	at com.kms.katalon.core.webui.keyword.builtin.VerifyOptionSelectedByLabelKeyword.execute(VerifyOptionSelectedByLabelKeyword.groovy:70)
	at com.kms.katalon.core.keyword.internal.KeywordExecutor.executeKeywordForPlatform(KeywordExecutor.groovy:72)
	at com.kms.katalon.core.webui.keyword.WebUiBuiltInKeywords.verifyOptionSelectedByLabel(WebUiBuiltInKeywords.groovy:2153)
	at com.kms.katalon.core.webui.keyword.WebUiBuiltInKeywords$verifyOptionSelectedByLabel$4.call(Unknown Source)
	at Admin - Manage Test - Quiz - Edit.run(Admin - Manage Test - Quiz - Edit:133)
	at com.kms.katalon.core.main.ScriptEngine.run(ScriptEngine.java:194)
	at com.kms.katalon.core.main.ScriptEngine.runScriptAsRawText(ScriptEngine.java:119)
	at com.kms.katalon.core.main.TestCaseExecutor.runScript(TestCaseExecutor.java:337)
	at com.kms.katalon.core.main.TestCaseExecutor.doExecute(TestCaseExecutor.java:328)
	at com.kms.katalon.core.main.TestCaseExecutor.processExecutionPhase(TestCaseExecutor.java:307)
	at com.kms.katalon.core.main.TestCaseExecutor.accessMainPhase(TestCaseExecutor.java:299)
	at com.kms.katalon.core.main.TestCaseExecutor.execute(TestCaseExecutor.java:233)
	at com.kms.katalon.core.main.TestSuiteExecutor.accessTestCaseMainPhase(TestSuiteExecutor.java:169)
	at com.kms.katalon.core.main.TestSuiteExecutor.accessTestSuiteMainPhase(TestSuiteExecutor.java:142)
	at com.kms.katalon.core.main.TestSuiteExecutor.execute(TestSuiteExecutor.java:91)
	at com.kms.katalon.core.main.TestCaseMain.startTestSuite(TestCaseMain.java:157)
	at com.kms.katalon.core.main.TestCaseMain$startTestSuite$0.call(Unknown Source)
	at TempTestSuite1591340854447.run(TempTestSuite1591340854447.groovy:36)
Caused by: com.kms.katalon.core.exception.StepFailedException: Only 0 in 1 option(s) with label 'SALES' is/are selected in object 'Object Repository/Rizka/Admin/Admin - Manage Test - Quiz - Edit/inputJobFunction_v3' 
	at com.kms.katalon.core.webui.keyword.internal.WebUIKeywordMain.stepFailed(WebUIKeywordMain.groovy:64)
	at com.kms.katalon.core.webui.keyword.builtin.VerifyOptionSelectedByLabelKeyword$_verifyOptionSelectedByLabel_closure1.doCall(VerifyOptionSelectedByLabelKeyword.groovy:94)
	at com.kms.katalon.core.webui.keyword.builtin.VerifyOptionSelectedByLabelKeyword$_verifyOptionSelectedByLabel_closure1.call(VerifyOptionSelectedByLabelKeyword.groovy)
	at com.kms.katalon.core.webui.keyword.internal.WebUIKeywordMain.runKeyword(WebUIKeywordMain.groovy:20)
	... 19 more
"/>
         <system-out><![CDATA[2020-06-05 14:07:51 - [TEST_CASE][FAILED] - Test Cases/Rizka/Admin/Manage Test/Admin - Manage Test - Quiz - Edit: Test Cases/Rizka/Admin/Manage Test/Admin - Manage Test - Quiz - Edit FAILED.
Reason:
com.kms.katalon.core.exception.StepFailedException: Unable to verify option is selected by label 'SALES' in object 'Object Repository/Rizka/Admin/Admin - Manage Test - Quiz - Edit/inputJobFunction_v3' 
	at com.kms.katalon.core.webui.keyword.internal.WebUIKeywordMain.stepFailed(WebUIKeywordMain.groovy:64)
	at com.kms.katalon.core.webui.keyword.internal.WebUIKeywordMain.runKeyword(WebUIKeywordMain.groovy:26)
	at com.kms.katalon.core.webui.keyword.builtin.VerifyOptionSelectedByLabelKeyword.verifyOptionSelectedByLabel(VerifyOptionSelectedByLabelKeyword.groovy:106)
	at com.kms.katalon.core.webui.keyword.builtin.VerifyOptionSelectedByLabelKeyword.execute(VerifyOptionSelectedByLabelKeyword.groovy:70)
	at com.kms.katalon.core.keyword.internal.KeywordExecutor.executeKeywordForPlatform(KeywordExecutor.groovy:72)
	at com.kms.katalon.core.webui.keyword.WebUiBuiltInKeywords.verifyOptionSelectedByLabel(WebUiBuiltInKeywords.groovy:2153)
	at com.kms.katalon.core.webui.keyword.WebUiBuiltInKeywords$verifyOptionSelectedByLabel$4.call(Unknown Source)
	at Admin - Manage Test - Quiz - Edit.run(Admin - Manage Test - Quiz - Edit:133)
	at com.kms.katalon.core.main.ScriptEngine.run(ScriptEngine.java:194)
	at com.kms.katalon.core.main.ScriptEngine.runScriptAsRawText(ScriptEngine.java:119)
	at com.kms.katalon.core.main.TestCaseExecutor.runScript(TestCaseExecutor.java:337)
	at com.kms.katalon.core.main.TestCaseExecutor.doExecute(TestCaseExecutor.java:328)
	at com.kms.katalon.core.main.TestCaseExecutor.processExecutionPhase(TestCaseExecutor.java:307)
	at com.kms.katalon.core.main.TestCaseExecutor.accessMainPhase(TestCaseExecutor.java:299)
	at com.kms.katalon.core.main.TestCaseExecutor.execute(TestCaseExecutor.java:233)
	at com.kms.katalon.core.main.TestSuiteExecutor.accessTestCaseMainPhase(TestSuiteExecutor.java:169)
	at com.kms.katalon.core.main.TestSuiteExecutor.accessTestSuiteMainPhase(TestSuiteExecutor.java:142)
	at com.kms.katalon.core.main.TestSuiteExecutor.execute(TestSuiteExecutor.java:91)
	at com.kms.katalon.core.main.TestCaseMain.startTestSuite(TestCaseMain.java:157)
	at com.kms.katalon.core.main.TestCaseMain$startTestSuite$0.call(Unknown Source)
	at TempTestSuite1591340854447.run(TempTestSuite1591340854447.groovy:36)
Caused by: com.kms.katalon.core.exception.StepFailedException: Only 0 in 1 option(s) with label 'SALES' is/are selected in object 'Object Repository/Rizka/Admin/Admin - Manage Test - Quiz - Edit/inputJobFunction_v3' 
	at com.kms.katalon.core.webui.keyword.internal.WebUIKeywordMain.stepFailed(WebUIKeywordMain.groovy:64)
	at com.kms.katalon.core.webui.keyword.builtin.VerifyOptionSelectedByLabelKeyword$_verifyOptionSelectedByLabel_closure1.doCall(VerifyOptionSelectedByLabelKeyword.groovy:94)
	at com.kms.katalon.core.webui.keyword.builtin.VerifyOptionSelectedByLabelKeyword$_verifyOptionSelectedByLabel_closure1.call(VerifyOptionSelectedByLabelKeyword.groovy)
	at com.kms.katalon.core.webui.keyword.internal.WebUIKeywordMain.runKeyword(WebUIKeywordMain.groovy:20)
	... 19 more


2020-06-05 14:07:54 - [TEST_STEP][PASSED] - callTestCase(findTestCase("Rizka/Admin/AdminMainLogin"), [:], STOP_ON_FAILURE): Call Test Case 'Test Cases/Rizka/Admin/AdminMainLogin' successfully

2020-06-05 14:07:54 - [TEST_CASE][PASSED] - Test Cases/Rizka/Admin/AdminMainLogin: Test Cases/Rizka/Admin/AdminMainLogin

2020-06-05 14:07:55 - [TEST_STEP][PASSED] - openBrowser("https://appsrv1.deltadatamandiri.com/ACC_LMS_WEB/#/admNLmn"): Browser is opened with url: 'https://appsrv1.deltadatamandiri.com/ACC_LMS_WEB/#/admNLmn'

2020-06-05 14:07:56 - [MESSAGE][INFO] - Starting 'Chrome' driver

2020-06-05 14:07:56 - [MESSAGE][INFO] - Action delay is set to 0 seconds

2020-06-05 14:09:31 - [MESSAGE][PASSED] - Browser is opened with url: 'https://appsrv1.deltadatamandiri.com/ACC_LMS_WEB/#/admNLmn'

2020-06-05 14:09:31 - [TEST_STEP][PASSED] - maximizeWindow(): Current window maximized

2020-06-05 14:09:32 - [MESSAGE][PASSED] - Current window maximized

2020-06-05 14:09:32 - [TEST_STEP][PASSED] - delay(15): Delayed 15 second(s)

2020-06-05 14:09:47 - [MESSAGE][PASSED] - Delayed 15 second(s)

2020-06-05 14:09:47 - [TEST_STEP][PASSED] - click(findTestObject("Rizka/Admin/Admin - Login/btnLogin")): Object: 'Object Repository/Rizka/Admin/Admin - Login/btnLogin' is clicked on

2020-06-05 14:09:48 - [MESSAGE][PASSED] - Object: 'Object Repository/Rizka/Admin/Admin - Login/btnLogin' is clicked on

2020-06-05 14:09:48 - [TEST_STEP][PASSED] - setText(findTestObject("Rizka/Admin/Admin - Login/txtUsername"), "11666"): Text '11666' is set on object 'Object Repository/Rizka/Admin/Admin - Login/txtUsername'

2020-06-05 14:09:49 - [MESSAGE][PASSED] - Text '11666' is set on object 'Object Repository/Rizka/Admin/Admin - Login/txtUsername'

2020-06-05 14:09:49 - [TEST_STEP][PASSED] - setText(findTestObject("Rizka/Admin/Admin - Login/txtPassword"), "Password3"): Text 'Password3' is set on object 'Object Repository/Rizka/Admin/Admin - Login/txtPassword'

2020-06-05 14:09:49 - [MESSAGE][PASSED] - Text 'Password3' is set on object 'Object Repository/Rizka/Admin/Admin - Login/txtPassword'

2020-06-05 14:09:49 - [TEST_STEP][PASSED] - click(findTestObject("Rizka/Admin/Admin - Login/btnEyePass")): Object: 'Object Repository/Rizka/Admin/Admin - Login/btnEyePass' is clicked on

2020-06-05 14:09:50 - [MESSAGE][PASSED] - Object: 'Object Repository/Rizka/Admin/Admin - Login/btnEyePass' is clicked on

2020-06-05 14:09:50 - [TEST_STEP][PASSED] - click(findTestObject("Rizka/Admin/Admin - Login/checkboxRememberMe")): Object: 'Object Repository/Rizka/Admin/Admin - Login/checkboxRememberMe' is clicked on

2020-06-05 14:09:50 - [MESSAGE][PASSED] - Object: 'Object Repository/Rizka/Admin/Admin - Login/checkboxRememberMe' is clicked on

2020-06-05 14:09:50 - [TEST_STEP][PASSED] - click(findTestObject("Rizka/Admin/Admin - Login/btnLogin2")): Object: 'Object Repository/Rizka/Admin/Admin - Login/btnLogin2' is clicked on

2020-06-05 14:09:51 - [MESSAGE][PASSED] - Object: 'Object Repository/Rizka/Admin/Admin - Login/btnLogin2' is clicked on

2020-06-05 14:09:51 - [TEST_STEP][PASSED] - delay(15): Delayed 15 second(s)

2020-06-05 14:10:06 - [MESSAGE][PASSED] - Delayed 15 second(s)

2020-06-05 14:10:06 - [MESSAGE][PASSED] - Call Test Case 'Test Cases/Rizka/Admin/AdminMainLogin' successfully

2020-06-05 14:10:06 - [TEST_STEP][PASSED] - click(findTestObject("Rizka/Admin/Admin - Manage Test - Quiz - New Question/btnManageTest")): Object: 'Object Repository/Rizka/Admin/Admin - Manage Test - Quiz - New Question/btnManageTest' is clicked on

2020-06-05 14:10:07 - [MESSAGE][PASSED] - Object: 'Object Repository/Rizka/Admin/Admin - Manage Test - Quiz - New Question/btnManageTest' is clicked on

2020-06-05 14:10:07 - [TEST_STEP][PASSED] - delay(5): Delayed 5 second(s)

2020-06-05 14:10:12 - [MESSAGE][PASSED] - Delayed 5 second(s)

2020-06-05 14:10:12 - [TEST_STEP][PASSED] - click(findTestObject("Rizka/Admin/Admin - Manage Test - Quiz - New Question/btnQuiz")): Object: 'Object Repository/Rizka/Admin/Admin - Manage Test - Quiz - New Question/btnQuiz' is clicked on

2020-06-05 14:10:12 - [MESSAGE][PASSED] - Object: 'Object Repository/Rizka/Admin/Admin - Manage Test - Quiz - New Question/btnQuiz' is clicked on

2020-06-05 14:10:12 - [TEST_STEP][PASSED] - delay(5): Delayed 5 second(s)

2020-06-05 14:10:17 - [MESSAGE][PASSED] - Delayed 5 second(s)

2020-06-05 14:10:17 - [TEST_STEP][PASSED] - click(findTestObject("Rizka/Admin/Admin - Manage Test - Quiz - Edit/btnOptionsEditDelete")): Object: 'Object Repository/Rizka/Admin/Admin - Manage Test - Quiz - Edit/btnOptionsEditDelete' is clicked on

2020-06-05 14:10:30 - [MESSAGE][PASSED] - Object: 'Object Repository/Rizka/Admin/Admin - Manage Test - Quiz - Edit/btnOptionsEditDelete' is clicked on

2020-06-05 14:10:30 - [TEST_STEP][PASSED] - click(findTestObject("Rizka/Admin/Admin - Manage Test - Quiz - Edit/btnEdit")): Object: 'Object Repository/Rizka/Admin/Admin - Manage Test - Quiz - Edit/btnEdit' is clicked on

2020-06-05 14:10:30 - [MESSAGE][PASSED] - Object: 'Object Repository/Rizka/Admin/Admin - Manage Test - Quiz - Edit/btnEdit' is clicked on

2020-06-05 14:10:30 - [TEST_STEP][PASSED] - delay(5): Delayed 5 second(s)

2020-06-05 14:10:35 - [MESSAGE][PASSED] - Delayed 5 second(s)

2020-06-05 14:10:35 - [TEST_STEP][PASSED] - if (tipeSoal != ""): All options with label 'Pilihan Ganda' are selected in object 'Object Repository/Rizka/Admin/Admin - Manage Test - Quiz - Edit/inputTipeSoal_v3' 

2020-06-05 14:10:35 - [TEST_STEP][PASSED] - selectOptionByLabel(findTestObject("Rizka/Admin/Admin - Manage Test - Quiz - Edit/inputTipeSoal_v3"), tipeSoal, false): All options with label 'Pilihan Ganda' are selected in object 'Object Repository/Rizka/Admin/Admin - Manage Test - Quiz - Edit/inputTipeSoal_v3' 

2020-06-05 14:10:39 - [MESSAGE][PASSED] - All options with label 'Pilihan Ganda' are selected in object 'Object Repository/Rizka/Admin/Admin - Manage Test - Quiz - Edit/inputTipeSoal_v3' 

2020-06-05 14:10:39 - [TEST_STEP][PASSED] - if (jobFunction != ""): All options with label 'SALES' are selected in object 'Object Repository/Rizka/Admin/Admin - Manage Test - Quiz - Edit/inputJobFunction_v3' 

2020-06-05 14:10:39 - [TEST_STEP][PASSED] - selectOptionByLabel(findTestObject("Rizka/Admin/Admin - Manage Test - Quiz - Edit/inputJobFunction_v3"), jobFunction, false): All options with label 'SALES' are selected in object 'Object Repository/Rizka/Admin/Admin - Manage Test - Quiz - Edit/inputJobFunction_v3' 

2020-06-05 14:10:40 - [MESSAGE][PASSED] - All options with label 'SALES' are selected in object 'Object Repository/Rizka/Admin/Admin - Manage Test - Quiz - Edit/inputJobFunction_v3' 

2020-06-05 14:10:40 - [TEST_STEP][PASSED] - delay(5): Delayed 5 second(s)

2020-06-05 14:10:45 - [MESSAGE][PASSED] - Delayed 5 second(s)

2020-06-05 14:10:45 - [TEST_STEP][PASSED] - if (jobPosition != ""): All options with label 'SALES HEAD' are selected in object 'Object Repository/Rizka/Admin/Admin - Manage Test - Quiz - Edit/inputJobPosition_v3' 

2020-06-05 14:10:45 - [TEST_STEP][PASSED] - selectOptionByLabel(findTestObject("Rizka/Admin/Admin - Manage Test - Quiz - Edit/inputJobPosition_v3"), jobPosition, false): All options with label 'SALES HEAD' are selected in object 'Object Repository/Rizka/Admin/Admin - Manage Test - Quiz - Edit/inputJobPosition_v3' 

2020-06-05 14:10:46 - [MESSAGE][PASSED] - All options with label 'SALES HEAD' are selected in object 'Object Repository/Rizka/Admin/Admin - Manage Test - Quiz - Edit/inputJobPosition_v3' 

2020-06-05 14:10:46 - [TEST_STEP][PASSED] - if (module != ""): All options with label 'NEOP Sales' are selected in object 'Object Repository/Rizka/Admin/Admin - Manage Test - Quiz - Edit/inputModul_v3' 

2020-06-05 14:10:46 - [TEST_STEP][PASSED] - selectOptionByLabel(findTestObject("Rizka/Admin/Admin - Manage Test - Quiz - Edit/inputModul_v3"), module, false): All options with label 'NEOP Sales' are selected in object 'Object Repository/Rizka/Admin/Admin - Manage Test - Quiz - Edit/inputModul_v3' 

2020-06-05 14:10:47 - [MESSAGE][PASSED] - All options with label 'NEOP Sales' are selected in object 'Object Repository/Rizka/Admin/Admin - Manage Test - Quiz - Edit/inputModul_v3' 

2020-06-05 14:10:47 - [TEST_STEP][PASSED] - if (subModule != ""): All options with label '(Asuransi) Apa saja yang dijual?' are selected in object 'Object Repository/Rizka/Admin/Admin - Manage Test - Quiz - Edit/inputSubModul_v3' 

2020-06-05 14:10:47 - [TEST_STEP][PASSED] - selectOptionByLabel(findTestObject("Rizka/Admin/Admin - Manage Test - Quiz - Edit/inputSubModul_v3"), subModule, false): All options with label '(Asuransi) Apa saja yang dijual?' are selected in object 'Object Repository/Rizka/Admin/Admin - Manage Test - Quiz - Edit/inputSubModul_v3' 

2020-06-05 14:10:47 - [MESSAGE][PASSED] - All options with label '(Asuransi) Apa saja yang dijual?' are selected in object 'Object Repository/Rizka/Admin/Admin - Manage Test - Quiz - Edit/inputSubModul_v3' 

2020-06-05 14:10:47 - [TEST_STEP][PASSED] - if (technicalCompetence != ""): null

2020-06-05 14:10:47 - [TEST_STEP][PASSED] - if (levelCompetence != ""): null

2020-06-05 14:10:47 - [TEST_STEP][FAILED] - if (levelCompetence != "Alfabet"): Unable to verify option is selected by label 'SALES' in object 'Object Repository/Rizka/Admin/Admin - Manage Test - Quiz - Edit/inputJobFunction_v3'  (Root cause: com.kms.katalon.core.exception.StepFailedException: Unable to verify option is selected by label 'SALES' in object 'Object Repository/Rizka/Admin/Admin - Manage Test - Quiz - Edit/inputJobFunction_v3' 
	at com.kms.katalon.core.webui.keyword.internal.WebUIKeywordMain.stepFailed(WebUIKeywordMain.groovy:64)
	at com.kms.katalon.core.webui.keyword.internal.WebUIKeywordMain.runKeyword(WebUIKeywordMain.groovy:26)
	at com.kms.katalon.core.webui.keyword.builtin.VerifyOptionSelectedByLabelKeyword.verifyOptionSelectedByLabel(VerifyOptionSelectedByLabelKeyword.groovy:106)
	at com.kms.katalon.core.webui.keyword.builtin.VerifyOptionSelectedByLabelKeyword.execute(VerifyOptionSelectedByLabelKeyword.groovy:70)
	at com.kms.katalon.core.keyword.internal.KeywordExecutor.executeKeywordForPlatform(KeywordExecutor.groovy:72)
	at com.kms.katalon.core.webui.keyword.WebUiBuiltInKeywords.verifyOptionSelectedByLabel(WebUiBuiltInKeywords.groovy:2153)
	at com.kms.katalon.core.webui.keyword.WebUiBuiltInKeywords$verifyOptionSelectedByLabel$4.call(Unknown Source)
	at Admin - Manage Test - Quiz - Edit.run(Admin - Manage Test - Quiz - Edit:133)
	at com.kms.katalon.core.main.ScriptEngine.run(ScriptEngine.java:194)
	at com.kms.katalon.core.main.ScriptEngine.runScriptAsRawText(ScriptEngine.java:119)
	at com.kms.katalon.core.main.TestCaseExecutor.runScript(TestCaseExecutor.java:337)
	at com.kms.katalon.core.main.TestCaseExecutor.doExecute(TestCaseExecutor.java:328)
	at com.kms.katalon.core.main.TestCaseExecutor.processExecutionPhase(TestCaseExecutor.java:307)
	at com.kms.katalon.core.main.TestCaseExecutor.accessMainPhase(TestCaseExecutor.java:299)
	at com.kms.katalon.core.main.TestCaseExecutor.execute(TestCaseExecutor.java:233)
	at com.kms.katalon.core.main.TestSuiteExecutor.accessTestCaseMainPhase(TestSuiteExecutor.java:169)
	at com.kms.katalon.core.main.TestSuiteExecutor.accessTestSuiteMainPhase(TestSuiteExecutor.java:142)
	at com.kms.katalon.core.main.TestSuiteExecutor.execute(TestSuiteExecutor.java:91)
	at com.kms.katalon.core.main.TestCaseMain.startTestSuite(TestCaseMain.java:157)
	at com.kms.katalon.core.main.TestCaseMain$startTestSuite$0.call(Unknown Source)
	at TempTestSuite1591340854447.run(TempTestSuite1591340854447.groovy:36)
Caused by: com.kms.katalon.core.exception.StepFailedException: Only 0 in 1 option(s) with label 'SALES' is/are selected in object 'Object Repository/Rizka/Admin/Admin - Manage Test - Quiz - Edit/inputJobFunction_v3' 
	at com.kms.katalon.core.webui.keyword.internal.WebUIKeywordMain.stepFailed(WebUIKeywordMain.groovy:64)
	at com.kms.katalon.core.webui.keyword.builtin.VerifyOptionSelectedByLabelKeyword$_verifyOptionSelectedByLabel_closure1.doCall(VerifyOptionSelectedByLabelKeyword.groovy:94)
	at com.kms.katalon.core.webui.keyword.builtin.VerifyOptionSelectedByLabelKeyword$_verifyOptionSelectedByLabel_closure1.call(VerifyOptionSelectedByLabelKeyword.groovy)
	at com.kms.katalon.core.webui.keyword.internal.WebUIKeywordMain.runKeyword(WebUIKeywordMain.groovy:20)
	... 19 more
)

2020-06-05 14:10:47 - [TEST_STEP][PASSED] - if (soalQuestion != ""): Text 'Edit (1)' is set on object 'Object Repository/Rizka/Admin/Admin - Manage Test - Quiz - Edit/inputQuestion_v3'

2020-06-05 14:10:47 - [TEST_STEP][PASSED] - setText(findTestObject("Rizka/Admin/Admin - Manage Test - Quiz - Edit/inputQuestion_v3"), soalQuestion): Text 'Edit (1)' is set on object 'Object Repository/Rizka/Admin/Admin - Manage Test - Quiz - Edit/inputQuestion_v3'

2020-06-05 14:10:48 - [MESSAGE][PASSED] - Text 'Edit (1)' is set on object 'Object Repository/Rizka/Admin/Admin - Manage Test - Quiz - Edit/inputQuestion_v3'

2020-06-05 14:10:48 - [TEST_STEP][PASSED] - if (tipeSoal == "Pilihan Ganda"): All options with label 'A' are selected in object 'Object Repository/Rizka/Admin/Admin - Manage Test - Quiz - Edit/inputJawabanPilgan_v3' 

2020-06-05 14:10:48 - [TEST_STEP][PASSED] - if (jawabanA != ""): Text 'Mobil' is set on object 'Object Repository/Rizka/Admin/Admin - Manage Test - Quiz - Edit/jawabanA_v3'

2020-06-05 14:10:48 - [TEST_STEP][PASSED] - setText(findTestObject("Rizka/Admin/Admin - Manage Test - Quiz - Edit/jawabanA_v3"), jawabanA): Text 'Mobil' is set on object 'Object Repository/Rizka/Admin/Admin - Manage Test - Quiz - Edit/jawabanA_v3'

2020-06-05 14:10:48 - [MESSAGE][PASSED] - Text 'Mobil' is set on object 'Object Repository/Rizka/Admin/Admin - Manage Test - Quiz - Edit/jawabanA_v3'

2020-06-05 14:10:48 - [TEST_STEP][PASSED] - if (jawabanB != ""): Text 'Motor' is set on object 'Object Repository/Rizka/Admin/Admin - Manage Test - Quiz - Edit/jawabanB_v3'

2020-06-05 14:10:48 - [TEST_STEP][PASSED] - setText(findTestObject("Rizka/Admin/Admin - Manage Test - Quiz - Edit/jawabanB_v3"), jawabanB): Text 'Motor' is set on object 'Object Repository/Rizka/Admin/Admin - Manage Test - Quiz - Edit/jawabanB_v3'

2020-06-05 14:10:49 - [MESSAGE][PASSED] - Text 'Motor' is set on object 'Object Repository/Rizka/Admin/Admin - Manage Test - Quiz - Edit/jawabanB_v3'

2020-06-05 14:10:49 - [TEST_STEP][PASSED] - if (jawabanC != ""): Text 'Truk' is set on object 'Object Repository/Rizka/Admin/Admin - Manage Test - Quiz - Edit/jawabanC_v3'

2020-06-05 14:10:49 - [TEST_STEP][PASSED] - setText(findTestObject("Rizka/Admin/Admin - Manage Test - Quiz - Edit/jawabanC_v3"), jawabanC): Text 'Truk' is set on object 'Object Repository/Rizka/Admin/Admin - Manage Test - Quiz - Edit/jawabanC_v3'

2020-06-05 14:10:50 - [MESSAGE][PASSED] - Text 'Truk' is set on object 'Object Repository/Rizka/Admin/Admin - Manage Test - Quiz - Edit/jawabanC_v3'

2020-06-05 14:10:50 - [TEST_STEP][PASSED] - if (jawabanD != ""): Text 'Kelapa Sawit' is set on object 'Object Repository/Rizka/Admin/Admin - Manage Test - Quiz - Edit/jawabanD_v3'

2020-06-05 14:10:50 - [TEST_STEP][PASSED] - setText(findTestObject("Rizka/Admin/Admin - Manage Test - Quiz - Edit/jawabanD_v3"), jawabanD): Text 'Kelapa Sawit' is set on object 'Object Repository/Rizka/Admin/Admin - Manage Test - Quiz - Edit/jawabanD_v3'

2020-06-05 14:10:50 - [MESSAGE][PASSED] - Text 'Kelapa Sawit' is set on object 'Object Repository/Rizka/Admin/Admin - Manage Test - Quiz - Edit/jawabanD_v3'

2020-06-05 14:10:50 - [TEST_STEP][PASSED] - if (kunciJawabanPilgan != ""): All options with label 'A' are selected in object 'Object Repository/Rizka/Admin/Admin - Manage Test - Quiz - Edit/inputJawabanPilgan_v3' 

2020-06-05 14:10:50 - [TEST_STEP][PASSED] - selectOptionByLabel(findTestObject("Rizka/Admin/Admin - Manage Test - Quiz - Edit/inputJawabanPilgan_v3"), kunciJawabanPilgan, false): All options with label 'A' are selected in object 'Object Repository/Rizka/Admin/Admin - Manage Test - Quiz - Edit/inputJawabanPilgan_v3' 

2020-06-05 14:10:51 - [MESSAGE][PASSED] - All options with label 'A' are selected in object 'Object Repository/Rizka/Admin/Admin - Manage Test - Quiz - Edit/inputJawabanPilgan_v3' 

2020-06-05 14:10:51 - [TEST_STEP][PASSED] - click(findTestObject("Rizka/Admin/Admin - Manage Test - Quiz - Edit/btnSubmit")): Object: 'Object Repository/Rizka/Admin/Admin - Manage Test - Quiz - Edit/btnSubmit' is clicked on

2020-06-05 14:10:52 - [MESSAGE][PASSED] - Object: 'Object Repository/Rizka/Admin/Admin - Manage Test - Quiz - Edit/btnSubmit' is clicked on

2020-06-05 14:10:52 - [TEST_STEP][PASSED] - delay(5): Delayed 5 second(s)

2020-06-05 14:10:57 - [MESSAGE][PASSED] - Delayed 5 second(s)

2020-06-05 14:10:57 - [TEST_STEP][FAILED] - if (condition == "passed"): Unable to verify option is selected by label 'SALES' in object 'Object Repository/Rizka/Admin/Admin - Manage Test - Quiz - Edit/inputJobFunction_v3'  (Root cause: com.kms.katalon.core.exception.StepFailedException: Unable to verify option is selected by label 'SALES' in object 'Object Repository/Rizka/Admin/Admin - Manage Test - Quiz - Edit/inputJobFunction_v3' 
	at com.kms.katalon.core.webui.keyword.internal.WebUIKeywordMain.stepFailed(WebUIKeywordMain.groovy:64)
	at com.kms.katalon.core.webui.keyword.internal.WebUIKeywordMain.runKeyword(WebUIKeywordMain.groovy:26)
	at com.kms.katalon.core.webui.keyword.builtin.VerifyOptionSelectedByLabelKeyword.verifyOptionSelectedByLabel(VerifyOptionSelectedByLabelKeyword.groovy:106)
	at com.kms.katalon.core.webui.keyword.builtin.VerifyOptionSelectedByLabelKeyword.execute(VerifyOptionSelectedByLabelKeyword.groovy:70)
	at com.kms.katalon.core.keyword.internal.KeywordExecutor.executeKeywordForPlatform(KeywordExecutor.groovy:72)
	at com.kms.katalon.core.webui.keyword.WebUiBuiltInKeywords.verifyOptionSelectedByLabel(WebUiBuiltInKeywords.groovy:2153)
	at com.kms.katalon.core.webui.keyword.WebUiBuiltInKeywords$verifyOptionSelectedByLabel$4.call(Unknown Source)
	at Admin - Manage Test - Quiz - Edit.run(Admin - Manage Test - Quiz - Edit:133)
	at com.kms.katalon.core.main.ScriptEngine.run(ScriptEngine.java:194)
	at com.kms.katalon.core.main.ScriptEngine.runScriptAsRawText(ScriptEngine.java:119)
	at com.kms.katalon.core.main.TestCaseExecutor.runScript(TestCaseExecutor.java:337)
	at com.kms.katalon.core.main.TestCaseExecutor.doExecute(TestCaseExecutor.java:328)
	at com.kms.katalon.core.main.TestCaseExecutor.processExecutionPhase(TestCaseExecutor.java:307)
	at com.kms.katalon.core.main.TestCaseExecutor.accessMainPhase(TestCaseExecutor.java:299)
	at com.kms.katalon.core.main.TestCaseExecutor.execute(TestCaseExecutor.java:233)
	at com.kms.katalon.core.main.TestSuiteExecutor.accessTestCaseMainPhase(TestSuiteExecutor.java:169)
	at com.kms.katalon.core.main.TestSuiteExecutor.accessTestSuiteMainPhase(TestSuiteExecutor.java:142)
	at com.kms.katalon.core.main.TestSuiteExecutor.execute(TestSuiteExecutor.java:91)
	at com.kms.katalon.core.main.TestCaseMain.startTestSuite(TestCaseMain.java:157)
	at com.kms.katalon.core.main.TestCaseMain$startTestSuite$0.call(Unknown Source)
	at TempTestSuite1591340854447.run(TempTestSuite1591340854447.groovy:36)
Caused by: com.kms.katalon.core.exception.StepFailedException: Only 0 in 1 option(s) with label 'SALES' is/are selected in object 'Object Repository/Rizka/Admin/Admin - Manage Test - Quiz - Edit/inputJobFunction_v3' 
	at com.kms.katalon.core.webui.keyword.internal.WebUIKeywordMain.stepFailed(WebUIKeywordMain.groovy:64)
	at com.kms.katalon.core.webui.keyword.builtin.VerifyOptionSelectedByLabelKeyword$_verifyOptionSelectedByLabel_closure1.doCall(VerifyOptionSelectedByLabelKeyword.groovy:94)
	at com.kms.katalon.core.webui.keyword.builtin.VerifyOptionSelectedByLabelKeyword$_verifyOptionSelectedByLabel_closure1.call(VerifyOptionSelectedByLabelKeyword.groovy)
	at com.kms.katalon.core.webui.keyword.internal.WebUIKeywordMain.runKeyword(WebUIKeywordMain.groovy:20)
	... 19 more
)

2020-06-05 14:10:57 - [TEST_STEP][PASSED] - click(findTestObject("Rizka/Admin/Admin - Manage Test - Quiz - Edit/btnOptionsEditDelete")): Object: 'Object Repository/Rizka/Admin/Admin - Manage Test - Quiz - Edit/btnOptionsEditDelete' is clicked on

2020-06-05 14:11:07 - [MESSAGE][PASSED] - Object: 'Object Repository/Rizka/Admin/Admin - Manage Test - Quiz - Edit/btnOptionsEditDelete' is clicked on

2020-06-05 14:11:07 - [TEST_STEP][PASSED] - delay(5): Delayed 5 second(s)

2020-06-05 14:11:12 - [MESSAGE][PASSED] - Delayed 5 second(s)

2020-06-05 14:11:12 - [TEST_STEP][PASSED] - click(findTestObject("Rizka/Admin/Admin - Manage Test - Quiz - Edit/btnEdit")): Object: 'Object Repository/Rizka/Admin/Admin - Manage Test - Quiz - Edit/btnEdit' is clicked on

2020-06-05 14:11:12 - [MESSAGE][PASSED] - Object: 'Object Repository/Rizka/Admin/Admin - Manage Test - Quiz - Edit/btnEdit' is clicked on

2020-06-05 14:11:12 - [TEST_STEP][PASSED] - delay(5): Delayed 5 second(s)

2020-06-05 14:11:17 - [MESSAGE][PASSED] - Delayed 5 second(s)

2020-06-05 14:11:17 - [TEST_STEP][PASSED] - if (tipeSoal != ""): All options with label 'Pilihan Ganda' are selected in object 'Object Repository/Rizka/Admin/Admin - Manage Test - Quiz - Edit/inputTipeSoal_v3' 

2020-06-05 14:11:17 - [TEST_STEP][PASSED] - verifyOptionSelectedByLabel(findTestObject("Rizka/Admin/Admin - Manage Test - Quiz - Edit/inputTipeSoal_v3"), tipeSoal, false, 0): All options with label 'Pilihan Ganda' are selected in object 'Object Repository/Rizka/Admin/Admin - Manage Test - Quiz - Edit/inputTipeSoal_v3' 

2020-06-05 14:11:17 - [MESSAGE][WARNING] - Timeout '0' is invalid. Using default page load timeout: '30'

2020-06-05 14:11:22 - [MESSAGE][PASSED] - All options with label 'Pilihan Ganda' are selected in object 'Object Repository/Rizka/Admin/Admin - Manage Test - Quiz - Edit/inputTipeSoal_v3' 

2020-06-05 14:11:22 - [TEST_STEP][FAILED] - if (jobFunction != ""): Unable to verify option is selected by label 'SALES' in object 'Object Repository/Rizka/Admin/Admin - Manage Test - Quiz - Edit/inputJobFunction_v3'  (Root cause: com.kms.katalon.core.exception.StepFailedException: Unable to verify option is selected by label 'SALES' in object 'Object Repository/Rizka/Admin/Admin - Manage Test - Quiz - Edit/inputJobFunction_v3' 
	at com.kms.katalon.core.webui.keyword.internal.WebUIKeywordMain.stepFailed(WebUIKeywordMain.groovy:64)
	at com.kms.katalon.core.webui.keyword.internal.WebUIKeywordMain.runKeyword(WebUIKeywordMain.groovy:26)
	at com.kms.katalon.core.webui.keyword.builtin.VerifyOptionSelectedByLabelKeyword.verifyOptionSelectedByLabel(VerifyOptionSelectedByLabelKeyword.groovy:106)
	at com.kms.katalon.core.webui.keyword.builtin.VerifyOptionSelectedByLabelKeyword.execute(VerifyOptionSelectedByLabelKeyword.groovy:70)
	at com.kms.katalon.core.keyword.internal.KeywordExecutor.executeKeywordForPlatform(KeywordExecutor.groovy:72)
	at com.kms.katalon.core.webui.keyword.WebUiBuiltInKeywords.verifyOptionSelectedByLabel(WebUiBuiltInKeywords.groovy:2153)
	at com.kms.katalon.core.webui.keyword.WebUiBuiltInKeywords$verifyOptionSelectedByLabel$4.call(Unknown Source)
	at Admin - Manage Test - Quiz - Edit.run(Admin - Manage Test - Quiz - Edit:133)
	at com.kms.katalon.core.main.ScriptEngine.run(ScriptEngine.java:194)
	at com.kms.katalon.core.main.ScriptEngine.runScriptAsRawText(ScriptEngine.java:119)
	at com.kms.katalon.core.main.TestCaseExecutor.runScript(TestCaseExecutor.java:337)
	at com.kms.katalon.core.main.TestCaseExecutor.doExecute(TestCaseExecutor.java:328)
	at com.kms.katalon.core.main.TestCaseExecutor.processExecutionPhase(TestCaseExecutor.java:307)
	at com.kms.katalon.core.main.TestCaseExecutor.accessMainPhase(TestCaseExecutor.java:299)
	at com.kms.katalon.core.main.TestCaseExecutor.execute(TestCaseExecutor.java:233)
	at com.kms.katalon.core.main.TestSuiteExecutor.accessTestCaseMainPhase(TestSuiteExecutor.java:169)
	at com.kms.katalon.core.main.TestSuiteExecutor.accessTestSuiteMainPhase(TestSuiteExecutor.java:142)
	at com.kms.katalon.core.main.TestSuiteExecutor.execute(TestSuiteExecutor.java:91)
	at com.kms.katalon.core.main.TestCaseMain.startTestSuite(TestCaseMain.java:157)
	at com.kms.katalon.core.main.TestCaseMain$startTestSuite$0.call(Unknown Source)
	at TempTestSuite1591340854447.run(TempTestSuite1591340854447.groovy:36)
Caused by: com.kms.katalon.core.exception.StepFailedException: Only 0 in 1 option(s) with label 'SALES' is/are selected in object 'Object Repository/Rizka/Admin/Admin - Manage Test - Quiz - Edit/inputJobFunction_v3' 
	at com.kms.katalon.core.webui.keyword.internal.WebUIKeywordMain.stepFailed(WebUIKeywordMain.groovy:64)
	at com.kms.katalon.core.webui.keyword.builtin.VerifyOptionSelectedByLabelKeyword$_verifyOptionSelectedByLabel_closure1.doCall(VerifyOptionSelectedByLabelKeyword.groovy:94)
	at com.kms.katalon.core.webui.keyword.builtin.VerifyOptionSelectedByLabelKeyword$_verifyOptionSelectedByLabel_closure1.call(VerifyOptionSelectedByLabelKeyword.groovy)
	at com.kms.katalon.core.webui.keyword.internal.WebUIKeywordMain.runKeyword(WebUIKeywordMain.groovy:20)
	... 19 more
)

2020-06-05 14:11:22 - [TEST_STEP][FAILED] - verifyOptionSelectedByLabel(findTestObject("Rizka/Admin/Admin - Manage Test - Quiz - Edit/inputJobFunction_v3"), jobFunction, false, 0): Unable to verify option is selected by label 'SALES' in object 'Object Repository/Rizka/Admin/Admin - Manage Test - Quiz - Edit/inputJobFunction_v3'  (Root cause: com.kms.katalon.core.exception.StepFailedException: Unable to verify option is selected by label 'SALES' in object 'Object Repository/Rizka/Admin/Admin - Manage Test - Quiz - Edit/inputJobFunction_v3' 
	at com.kms.katalon.core.webui.keyword.internal.WebUIKeywordMain.stepFailed(WebUIKeywordMain.groovy:64)
	at com.kms.katalon.core.webui.keyword.internal.WebUIKeywordMain.runKeyword(WebUIKeywordMain.groovy:26)
	at com.kms.katalon.core.webui.keyword.builtin.VerifyOptionSelectedByLabelKeyword.verifyOptionSelectedByLabel(VerifyOptionSelectedByLabelKeyword.groovy:106)
	at com.kms.katalon.core.webui.keyword.builtin.VerifyOptionSelectedByLabelKeyword.execute(VerifyOptionSelectedByLabelKeyword.groovy:70)
	at com.kms.katalon.core.keyword.internal.KeywordExecutor.executeKeywordForPlatform(KeywordExecutor.groovy:72)
	at com.kms.katalon.core.webui.keyword.WebUiBuiltInKeywords.verifyOptionSelectedByLabel(WebUiBuiltInKeywords.groovy:2153)
	at com.kms.katalon.core.webui.keyword.WebUiBuiltInKeywords$verifyOptionSelectedByLabel$4.call(Unknown Source)
	at Admin - Manage Test - Quiz - Edit.run(Admin - Manage Test - Quiz - Edit:133)
	at com.kms.katalon.core.main.ScriptEngine.run(ScriptEngine.java:194)
	at com.kms.katalon.core.main.ScriptEngine.runScriptAsRawText(ScriptEngine.java:119)
	at com.kms.katalon.core.main.TestCaseExecutor.runScript(TestCaseExecutor.java:337)
	at com.kms.katalon.core.main.TestCaseExecutor.doExecute(TestCaseExecutor.java:328)
	at com.kms.katalon.core.main.TestCaseExecutor.processExecutionPhase(TestCaseExecutor.java:307)
	at com.kms.katalon.core.main.TestCaseExecutor.accessMainPhase(TestCaseExecutor.java:299)
	at com.kms.katalon.core.main.TestCaseExecutor.execute(TestCaseExecutor.java:233)
	at com.kms.katalon.core.main.TestSuiteExecutor.accessTestCaseMainPhase(TestSuiteExecutor.java:169)
	at com.kms.katalon.core.main.TestSuiteExecutor.accessTestSuiteMainPhase(TestSuiteExecutor.java:142)
	at com.kms.katalon.core.main.TestSuiteExecutor.execute(TestSuiteExecutor.java:91)
	at com.kms.katalon.core.main.TestCaseMain.startTestSuite(TestCaseMain.java:157)
	at com.kms.katalon.core.main.TestCaseMain$startTestSuite$0.call(Unknown Source)
	at TempTestSuite1591340854447.run(TempTestSuite1591340854447.groovy:36)
Caused by: com.kms.katalon.core.exception.StepFailedException: Only 0 in 1 option(s) with label 'SALES' is/are selected in object 'Object Repository/Rizka/Admin/Admin - Manage Test - Quiz - Edit/inputJobFunction_v3' 
	at com.kms.katalon.core.webui.keyword.internal.WebUIKeywordMain.stepFailed(WebUIKeywordMain.groovy:64)
	at com.kms.katalon.core.webui.keyword.builtin.VerifyOptionSelectedByLabelKeyword$_verifyOptionSelectedByLabel_closure1.doCall(VerifyOptionSelectedByLabelKeyword.groovy:94)
	at com.kms.katalon.core.webui.keyword.builtin.VerifyOptionSelectedByLabelKeyword$_verifyOptionSelectedByLabel_closure1.call(VerifyOptionSelectedByLabelKeyword.groovy)
	at com.kms.katalon.core.webui.keyword.internal.WebUIKeywordMain.runKeyword(WebUIKeywordMain.groovy:20)
	... 19 more
)

2020-06-05 14:11:22 - [MESSAGE][WARNING] - Timeout '0' is invalid. Using default page load timeout: '30'

2020-06-05 14:11:23 - [MESSAGE][FAILED] - Only 0 in 1 option(s) with label 'SALES' is/are selected in object 'Object Repository/Rizka/Admin/Admin - Manage Test - Quiz - Edit/inputJobFunction_v3'  (Root cause: com.kms.katalon.core.exception.StepFailedException: Only 0 in 1 option(s) with label 'SALES' is/are selected in object 'Object Repository/Rizka/Admin/Admin - Manage Test - Quiz - Edit/inputJobFunction_v3' 
	at com.kms.katalon.core.webui.keyword.internal.WebUIKeywordMain.stepFailed(WebUIKeywordMain.groovy:64)
	at com.kms.katalon.core.webui.keyword.builtin.VerifyOptionSelectedByLabelKeyword$_verifyOptionSelectedByLabel_closure1.doCall(VerifyOptionSelectedByLabelKeyword.groovy:94)
	at com.kms.katalon.core.webui.keyword.builtin.VerifyOptionSelectedByLabelKeyword$_verifyOptionSelectedByLabel_closure1.call(VerifyOptionSelectedByLabelKeyword.groovy)
	at com.kms.katalon.core.webui.keyword.internal.WebUIKeywordMain.runKeyword(WebUIKeywordMain.groovy:20)
	at com.kms.katalon.core.webui.keyword.builtin.VerifyOptionSelectedByLabelKeyword.verifyOptionSelectedByLabel(VerifyOptionSelectedByLabelKeyword.groovy:106)
	at com.kms.katalon.core.webui.keyword.builtin.VerifyOptionSelectedByLabelKeyword.execute(VerifyOptionSelectedByLabelKeyword.groovy:70)
	at com.kms.katalon.core.keyword.internal.KeywordExecutor.executeKeywordForPlatform(KeywordExecutor.groovy:72)
	at com.kms.katalon.core.webui.keyword.WebUiBuiltInKeywords.verifyOptionSelectedByLabel(WebUiBuiltInKeywords.groovy:2153)
	at com.kms.katalon.core.webui.keyword.WebUiBuiltInKeywords$verifyOptionSelectedByLabel$4.call(Unknown Source)
	at Admin - Manage Test - Quiz - Edit.run(Admin - Manage Test - Quiz - Edit:133)
	at com.kms.katalon.core.main.ScriptEngine.run(ScriptEngine.java:194)
	at com.kms.katalon.core.main.ScriptEngine.runScriptAsRawText(ScriptEngine.java:119)
	at com.kms.katalon.core.main.TestCaseExecutor.runScript(TestCaseExecutor.java:337)
	at com.kms.katalon.core.main.TestCaseExecutor.doExecute(TestCaseExecutor.java:328)
	at com.kms.katalon.core.main.TestCaseExecutor.processExecutionPhase(TestCaseExecutor.java:307)
	at com.kms.katalon.core.main.TestCaseExecutor.accessMainPhase(TestCaseExecutor.java:299)
	at com.kms.katalon.core.main.TestCaseExecutor.execute(TestCaseExecutor.java:233)
	at com.kms.katalon.core.main.TestSuiteExecutor.accessTestCaseMainPhase(TestSuiteExecutor.java:169)
	at com.kms.katalon.core.main.TestSuiteExecutor.accessTestSuiteMainPhase(TestSuiteExecutor.java:142)
	at com.kms.katalon.core.main.TestSuiteExecutor.execute(TestSuiteExecutor.java:91)
	at com.kms.katalon.core.main.TestCaseMain.startTestSuite(TestCaseMain.java:157)
	at com.kms.katalon.core.main.TestCaseMain$startTestSuite$0.call(Unknown Source)
	at TempTestSuite1591340854447.run(TempTestSuite1591340854447.groovy:36)
)
[[ATTACHMENT|D:\\MY WORLD\\WORKS (TUGAS)\\LearningManagementWeb\\Reports\\20200605_140734\\Rizka\\Admin\\Admin - Manage Test - Quiz\\20200605_140734\\1591341083533.png]]

2020-06-05 14:11:24 - [MESSAGE][FAILED] - Unable to verify option is selected by label 'SALES' in object 'Object Repository/Rizka/Admin/Admin - Manage Test - Quiz - Edit/inputJobFunction_v3'  (Root cause: com.kms.katalon.core.exception.StepFailedException: Unable to verify option is selected by label 'SALES' in object 'Object Repository/Rizka/Admin/Admin - Manage Test - Quiz - Edit/inputJobFunction_v3' 
	at com.kms.katalon.core.webui.keyword.internal.WebUIKeywordMain.stepFailed(WebUIKeywordMain.groovy:64)
	at com.kms.katalon.core.webui.keyword.internal.WebUIKeywordMain.runKeyword(WebUIKeywordMain.groovy:26)
	at com.kms.katalon.core.webui.keyword.builtin.VerifyOptionSelectedByLabelKeyword.verifyOptionSelectedByLabel(VerifyOptionSelectedByLabelKeyword.groovy:106)
	at com.kms.katalon.core.webui.keyword.builtin.VerifyOptionSelectedByLabelKeyword.execute(VerifyOptionSelectedByLabelKeyword.groovy:70)
	at com.kms.katalon.core.keyword.internal.KeywordExecutor.executeKeywordForPlatform(KeywordExecutor.groovy:72)
	at com.kms.katalon.core.webui.keyword.WebUiBuiltInKeywords.verifyOptionSelectedByLabel(WebUiBuiltInKeywords.groovy:2153)
	at com.kms.katalon.core.webui.keyword.WebUiBuiltInKeywords$verifyOptionSelectedByLabel$4.call(Unknown Source)
	at Admin - Manage Test - Quiz - Edit.run(Admin - Manage Test - Quiz - Edit:133)
	at com.kms.katalon.core.main.ScriptEngine.run(ScriptEngine.java:194)
	at com.kms.katalon.core.main.ScriptEngine.runScriptAsRawText(ScriptEngine.java:119)
	at com.kms.katalon.core.main.TestCaseExecutor.runScript(TestCaseExecutor.java:337)
	at com.kms.katalon.core.main.TestCaseExecutor.doExecute(TestCaseExecutor.java:328)
	at com.kms.katalon.core.main.TestCaseExecutor.processExecutionPhase(TestCaseExecutor.java:307)
	at com.kms.katalon.core.main.TestCaseExecutor.accessMainPhase(TestCaseExecutor.java:299)
	at com.kms.katalon.core.main.TestCaseExecutor.execute(TestCaseExecutor.java:233)
	at com.kms.katalon.core.main.TestSuiteExecutor.accessTestCaseMainPhase(TestSuiteExecutor.java:169)
	at com.kms.katalon.core.main.TestSuiteExecutor.accessTestSuiteMainPhase(TestSuiteExecutor.java:142)
	at com.kms.katalon.core.main.TestSuiteExecutor.execute(TestSuiteExecutor.java:91)
	at com.kms.katalon.core.main.TestCaseMain.startTestSuite(TestCaseMain.java:157)
	at com.kms.katalon.core.main.TestCaseMain$startTestSuite$0.call(Unknown Source)
	at TempTestSuite1591340854447.run(TempTestSuite1591340854447.groovy:36)
Caused by: com.kms.katalon.core.exception.StepFailedException: Only 0 in 1 option(s) with label 'SALES' is/are selected in object 'Object Repository/Rizka/Admin/Admin - Manage Test - Quiz - Edit/inputJobFunction_v3' 
	at com.kms.katalon.core.webui.keyword.internal.WebUIKeywordMain.stepFailed(WebUIKeywordMain.groovy:64)
	at com.kms.katalon.core.webui.keyword.builtin.VerifyOptionSelectedByLabelKeyword$_verifyOptionSelectedByLabel_closure1.doCall(VerifyOptionSelectedByLabelKeyword.groovy:94)
	at com.kms.katalon.core.webui.keyword.builtin.VerifyOptionSelectedByLabelKeyword$_verifyOptionSelectedByLabel_closure1.call(VerifyOptionSelectedByLabelKeyword.groovy)
	at com.kms.katalon.core.webui.keyword.internal.WebUIKeywordMain.runKeyword(WebUIKeywordMain.groovy:20)
	... 19 more
)
[[ATTACHMENT|D:\\MY WORLD\\WORKS (TUGAS)\\LearningManagementWeb\\Reports\\20200605_140734\\Rizka\\Admin\\Admin - Manage Test - Quiz\\20200605_140734\\1591341083943.png]]]]></system-out>
         <system-err><![CDATA[2020-06-05 14:07:51 - [TEST_CASE][FAILED] - Test Cases/Rizka/Admin/Manage Test/Admin - Manage Test - Quiz - Edit: Test Cases/Rizka/Admin/Manage Test/Admin - Manage Test - Quiz - Edit FAILED.
Reason:
com.kms.katalon.core.exception.StepFailedException: Unable to verify option is selected by label 'SALES' in object 'Object Repository/Rizka/Admin/Admin - Manage Test - Quiz - Edit/inputJobFunction_v3' 
	at com.kms.katalon.core.webui.keyword.internal.WebUIKeywordMain.stepFailed(WebUIKeywordMain.groovy:64)
	at com.kms.katalon.core.webui.keyword.internal.WebUIKeywordMain.runKeyword(WebUIKeywordMain.groovy:26)
	at com.kms.katalon.core.webui.keyword.builtin.VerifyOptionSelectedByLabelKeyword.verifyOptionSelectedByLabel(VerifyOptionSelectedByLabelKeyword.groovy:106)
	at com.kms.katalon.core.webui.keyword.builtin.VerifyOptionSelectedByLabelKeyword.execute(VerifyOptionSelectedByLabelKeyword.groovy:70)
	at com.kms.katalon.core.keyword.internal.KeywordExecutor.executeKeywordForPlatform(KeywordExecutor.groovy:72)
	at com.kms.katalon.core.webui.keyword.WebUiBuiltInKeywords.verifyOptionSelectedByLabel(WebUiBuiltInKeywords.groovy:2153)
	at com.kms.katalon.core.webui.keyword.WebUiBuiltInKeywords$verifyOptionSelectedByLabel$4.call(Unknown Source)
	at Admin - Manage Test - Quiz - Edit.run(Admin - Manage Test - Quiz - Edit:133)
	at com.kms.katalon.core.main.ScriptEngine.run(ScriptEngine.java:194)
	at com.kms.katalon.core.main.ScriptEngine.runScriptAsRawText(ScriptEngine.java:119)
	at com.kms.katalon.core.main.TestCaseExecutor.runScript(TestCaseExecutor.java:337)
	at com.kms.katalon.core.main.TestCaseExecutor.doExecute(TestCaseExecutor.java:328)
	at com.kms.katalon.core.main.TestCaseExecutor.processExecutionPhase(TestCaseExecutor.java:307)
	at com.kms.katalon.core.main.TestCaseExecutor.accessMainPhase(TestCaseExecutor.java:299)
	at com.kms.katalon.core.main.TestCaseExecutor.execute(TestCaseExecutor.java:233)
	at com.kms.katalon.core.main.TestSuiteExecutor.accessTestCaseMainPhase(TestSuiteExecutor.java:169)
	at com.kms.katalon.core.main.TestSuiteExecutor.accessTestSuiteMainPhase(TestSuiteExecutor.java:142)
	at com.kms.katalon.core.main.TestSuiteExecutor.execute(TestSuiteExecutor.java:91)
	at com.kms.katalon.core.main.TestCaseMain.startTestSuite(TestCaseMain.java:157)
	at com.kms.katalon.core.main.TestCaseMain$startTestSuite$0.call(Unknown Source)
	at TempTestSuite1591340854447.run(TempTestSuite1591340854447.groovy:36)
Caused by: com.kms.katalon.core.exception.StepFailedException: Only 0 in 1 option(s) with label 'SALES' is/are selected in object 'Object Repository/Rizka/Admin/Admin - Manage Test - Quiz - Edit/inputJobFunction_v3' 
	at com.kms.katalon.core.webui.keyword.internal.WebUIKeywordMain.stepFailed(WebUIKeywordMain.groovy:64)
	at com.kms.katalon.core.webui.keyword.builtin.VerifyOptionSelectedByLabelKeyword$_verifyOptionSelectedByLabel_closure1.doCall(VerifyOptionSelectedByLabelKeyword.groovy:94)
	at com.kms.katalon.core.webui.keyword.builtin.VerifyOptionSelectedByLabelKeyword$_verifyOptionSelectedByLabel_closure1.call(VerifyOptionSelectedByLabelKeyword.groovy)
	at com.kms.katalon.core.webui.keyword.internal.WebUIKeywordMain.runKeyword(WebUIKeywordMain.groovy:20)
	... 19 more]]></system-err>
      </testcase>
      <system-out><![CDATA[2020-06-05 14:07:49 - [TEST_SUITE][FAILED] - Admin - Manage Test - Quiz: Test Cases/Rizka/Admin/Manage Test/Admin - Manage Test - Quiz - Edit FAILED.
Reason:
com.kms.katalon.core.exception.StepFailedException: Unable to verify option is selected by label 'SALES' in object 'Object Repository/Rizka/Admin/Admin - Manage Test - Quiz - Edit/inputJobFunction_v3' 
	at com.kms.katalon.core.webui.keyword.internal.WebUIKeywordMain.stepFailed(WebUIKeywordMain.groovy:64)
	at com.kms.katalon.core.webui.keyword.internal.WebUIKeywordMain.runKeyword(WebUIKeywordMain.groovy:26)
	at com.kms.katalon.core.webui.keyword.builtin.VerifyOptionSelectedByLabelKeyword.verifyOptionSelectedByLabel(VerifyOptionSelectedByLabelKeyword.groovy:106)
	at com.kms.katalon.core.webui.keyword.builtin.VerifyOptionSelectedByLabelKeyword.execute(VerifyOptionSelectedByLabelKeyword.groovy:70)
	at com.kms.katalon.core.keyword.internal.KeywordExecutor.executeKeywordForPlatform(KeywordExecutor.groovy:72)
	at com.kms.katalon.core.webui.keyword.WebUiBuiltInKeywords.verifyOptionSelectedByLabel(WebUiBuiltInKeywords.groovy:2153)
	at com.kms.katalon.core.webui.keyword.WebUiBuiltInKeywords$verifyOptionSelectedByLabel$4.call(Unknown Source)
	at Admin - Manage Test - Quiz - Edit.run(Admin - Manage Test - Quiz - Edit:133)
	at com.kms.katalon.core.main.ScriptEngine.run(ScriptEngine.java:194)
	at com.kms.katalon.core.main.ScriptEngine.runScriptAsRawText(ScriptEngine.java:119)
	at com.kms.katalon.core.main.TestCaseExecutor.runScript(TestCaseExecutor.java:337)
	at com.kms.katalon.core.main.TestCaseExecutor.doExecute(TestCaseExecutor.java:328)
	at com.kms.katalon.core.main.TestCaseExecutor.processExecutionPhase(TestCaseExecutor.java:307)
	at com.kms.katalon.core.main.TestCaseExecutor.accessMainPhase(TestCaseExecutor.java:299)
	at com.kms.katalon.core.main.TestCaseExecutor.execute(TestCaseExecutor.java:233)
	at com.kms.katalon.core.main.TestSuiteExecutor.accessTestCaseMainPhase(TestSuiteExecutor.java:169)
	at com.kms.katalon.core.main.TestSuiteExecutor.accessTestSuiteMainPhase(TestSuiteExecutor.java:142)
	at com.kms.katalon.core.main.TestSuiteExecutor.execute(TestSuiteExecutor.java:91)
	at com.kms.katalon.core.main.TestCaseMain.startTestSuite(TestCaseMain.java:157)
	at com.kms.katalon.core.main.TestCaseMain$startTestSuite$0.call(Unknown Source)
	at TempTestSuite1591340854447.run(TempTestSuite1591340854447.groovy:36)
Caused by: com.kms.katalon.core.exception.StepFailedException: Only 0 in 1 option(s) with label 'SALES' is/are selected in object 'Object Repository/Rizka/Admin/Admin - Manage Test - Quiz - Edit/inputJobFunction_v3' 
	at com.kms.katalon.core.webui.keyword.internal.WebUIKeywordMain.stepFailed(WebUIKeywordMain.groovy:64)
	at com.kms.katalon.core.webui.keyword.builtin.VerifyOptionSelectedByLabelKeyword$_verifyOptionSelectedByLabel_closure1.doCall(VerifyOptionSelectedByLabelKeyword.groovy:94)
	at com.kms.katalon.core.webui.keyword.builtin.VerifyOptionSelectedByLabelKeyword$_verifyOptionSelectedByLabel_closure1.call(VerifyOptionSelectedByLabelKeyword.groovy)
	at com.kms.katalon.core.webui.keyword.internal.WebUIKeywordMain.runKeyword(WebUIKeywordMain.groovy:20)
	... 19 more]]></system-out>
      <system-err><![CDATA[2020-06-05 14:07:49 - [TEST_SUITE][FAILED] - Admin - Manage Test - Quiz: Test Cases/Rizka/Admin/Manage Test/Admin - Manage Test - Quiz - Edit FAILED.
Reason:
com.kms.katalon.core.exception.StepFailedException: Unable to verify option is selected by label 'SALES' in object 'Object Repository/Rizka/Admin/Admin - Manage Test - Quiz - Edit/inputJobFunction_v3' 
	at com.kms.katalon.core.webui.keyword.internal.WebUIKeywordMain.stepFailed(WebUIKeywordMain.groovy:64)
	at com.kms.katalon.core.webui.keyword.internal.WebUIKeywordMain.runKeyword(WebUIKeywordMain.groovy:26)
	at com.kms.katalon.core.webui.keyword.builtin.VerifyOptionSelectedByLabelKeyword.verifyOptionSelectedByLabel(VerifyOptionSelectedByLabelKeyword.groovy:106)
	at com.kms.katalon.core.webui.keyword.builtin.VerifyOptionSelectedByLabelKeyword.execute(VerifyOptionSelectedByLabelKeyword.groovy:70)
	at com.kms.katalon.core.keyword.internal.KeywordExecutor.executeKeywordForPlatform(KeywordExecutor.groovy:72)
	at com.kms.katalon.core.webui.keyword.WebUiBuiltInKeywords.verifyOptionSelectedByLabel(WebUiBuiltInKeywords.groovy:2153)
	at com.kms.katalon.core.webui.keyword.WebUiBuiltInKeywords$verifyOptionSelectedByLabel$4.call(Unknown Source)
	at Admin - Manage Test - Quiz - Edit.run(Admin - Manage Test - Quiz - Edit:133)
	at com.kms.katalon.core.main.ScriptEngine.run(ScriptEngine.java:194)
	at com.kms.katalon.core.main.ScriptEngine.runScriptAsRawText(ScriptEngine.java:119)
	at com.kms.katalon.core.main.TestCaseExecutor.runScript(TestCaseExecutor.java:337)
	at com.kms.katalon.core.main.TestCaseExecutor.doExecute(TestCaseExecutor.java:328)
	at com.kms.katalon.core.main.TestCaseExecutor.processExecutionPhase(TestCaseExecutor.java:307)
	at com.kms.katalon.core.main.TestCaseExecutor.accessMainPhase(TestCaseExecutor.java:299)
	at com.kms.katalon.core.main.TestCaseExecutor.execute(TestCaseExecutor.java:233)
	at com.kms.katalon.core.main.TestSuiteExecutor.accessTestCaseMainPhase(TestSuiteExecutor.java:169)
	at com.kms.katalon.core.main.TestSuiteExecutor.accessTestSuiteMainPhase(TestSuiteExecutor.java:142)
	at com.kms.katalon.core.main.TestSuiteExecutor.execute(TestSuiteExecutor.java:91)
	at com.kms.katalon.core.main.TestCaseMain.startTestSuite(TestCaseMain.java:157)
	at com.kms.katalon.core.main.TestCaseMain$startTestSuite$0.call(Unknown Source)
	at TempTestSuite1591340854447.run(TempTestSuite1591340854447.groovy:36)
Caused by: com.kms.katalon.core.exception.StepFailedException: Only 0 in 1 option(s) with label 'SALES' is/are selected in object 'Object Repository/Rizka/Admin/Admin - Manage Test - Quiz - Edit/inputJobFunction_v3' 
	at com.kms.katalon.core.webui.keyword.internal.WebUIKeywordMain.stepFailed(WebUIKeywordMain.groovy:64)
	at com.kms.katalon.core.webui.keyword.builtin.VerifyOptionSelectedByLabelKeyword$_verifyOptionSelectedByLabel_closure1.doCall(VerifyOptionSelectedByLabelKeyword.groovy:94)
	at com.kms.katalon.core.webui.keyword.builtin.VerifyOptionSelectedByLabelKeyword$_verifyOptionSelectedByLabel_closure1.call(VerifyOptionSelectedByLabelKeyword.groovy)
	at com.kms.katalon.core.webui.keyword.internal.WebUIKeywordMain.runKeyword(WebUIKeywordMain.groovy:20)
	... 19 more]]></system-err>
   </testsuite>
</testsuites>
